[16:16:11.187]     INFO: *** Welcome to pxar ***
[16:16:11.187]     INFO: *** Today: 2016/02/25
[16:16:11.189]     INFO: *** Version: 
[16:16:11.189]     INFO: readRocDacs: ./dacParameters_C0.dat .. ./dacParameters_C15.dat
[16:16:11.190]     INFO: readTbmDacs: ./tbmParameters_C0a.dat .. ./tbmParameters_C0b.dat
[16:16:11.190]     INFO: readMaskFile: ./defaultMaskFile.dat
[16:16:11.190]     INFO: readTrimFile: ./trimParameters_C0.dat .. ./trimParameters_C15.dat
[16:16:11.262]     INFO:         clk: 4
[16:16:11.262]     INFO:         ctr: 4
[16:16:11.262]     INFO:         sda: 19
[16:16:11.262]     INFO:         tin: 9
[16:16:11.262]     INFO:         level: 15
[16:16:11.262]     INFO:         triggerdelay: 0
[16:16:11.262]    QUIET: Instanciating API for pxar v2.6.1+43~g6e62df2
[16:16:11.263]     INFO: Log level: INFO
[16:16:11.278]    QUIET: Connection to board DTB_WRE7QJ opened.
[16:16:11.282]     INFO: DTB startup information
--- DTB info------------------------------------------
Board id:    24
HW version:  DTB1.2
FW version:  4.2
SW version:  4.5
USB id:      DTB_WRE7QJ
MAC address: 40D855118018
Hostname:    pixelDTB024
Comment:     
------------------------------------------------------
[16:16:11.284]     INFO: RPC call hashes of host and DTB match: 398089610
[16:16:12.839]     INFO: DUT info: 
[16:16:12.839]     INFO: The DUT currently contains the following objects:
[16:16:12.839]     INFO:  2 TBM Cores tbm08c (2 ON)
[16:16:12.839]     INFO: 	TBM Core alpha (0): 7 registers set
[16:16:12.839]     INFO: 	TBM Core beta  (1): 7 registers set
[16:16:12.839]     INFO: 16 ROCs psi46digv21respin (16 ON) with 4160 pixelConfigs
[16:16:12.839]     INFO: 	ROC 0: 19 DACs set, Pixels: 0 masked, 0 active.
[16:16:12.839]     INFO: 	ROC 1: 19 DACs set, Pixels: 0 masked, 0 active.
[16:16:12.839]     INFO: 	ROC 2: 19 DACs set, Pixels: 0 masked, 0 active.
[16:16:12.839]     INFO: 	ROC 3: 19 DACs set, Pixels: 0 masked, 0 active.
[16:16:12.839]     INFO: 	ROC 4: 19 DACs set, Pixels: 0 masked, 0 active.
[16:16:12.839]     INFO: 	ROC 5: 19 DACs set, Pixels: 0 masked, 0 active.
[16:16:12.839]     INFO: 	ROC 6: 19 DACs set, Pixels: 0 masked, 0 active.
[16:16:12.839]     INFO: 	ROC 7: 19 DACs set, Pixels: 0 masked, 0 active.
[16:16:12.840]     INFO: 	ROC 8: 19 DACs set, Pixels: 0 masked, 0 active.
[16:16:12.840]     INFO: 	ROC 9: 19 DACs set, Pixels: 0 masked, 0 active.
[16:16:12.840]     INFO: 	ROC 10: 19 DACs set, Pixels: 0 masked, 0 active.
[16:16:12.840]     INFO: 	ROC 11: 19 DACs set, Pixels: 0 masked, 0 active.
[16:16:12.840]     INFO: 	ROC 12: 19 DACs set, Pixels: 0 masked, 0 active.
[16:16:12.840]     INFO: 	ROC 13: 19 DACs set, Pixels: 0 masked, 0 active.
[16:16:12.840]     INFO: 	ROC 14: 19 DACs set, Pixels: 0 masked, 0 active.
[16:16:12.840]     INFO: 	ROC 15: 19 DACs set, Pixels: 0 masked, 0 active.
[16:16:13.381]     INFO: PixTestCmd::init()
[16:16:13.399]     INFO: readGainPedestalParameters ./phCalibrationFitErr_C0.dat .. ./phCalibrationFitErr_C15.dat
[16:16:13.399]    ERROR: <ConfigParameters.cc/readGainPedestalParameters:L983> cannot open ./phCalibrationFitErr_C0.dat for reading PH calibration constants
[16:16:13.425]     INFO: readReadbackCal: ./readbackCal_C0.dat .. ./readbackCal_C15.dat
[16:16:13.425]     INFO: readGainPedestalParameters ./phCalibrationFitErr_C0.dat .. ./phCalibrationFitErr_C15.dat
[16:16:13.425]    ERROR: <ConfigParameters.cc/readGainPedestalParameters:L983> cannot open ./phCalibrationFitErr_C0.dat for reading PH calibration constants
[16:16:13.448]     INFO: readGainPedestalParameters ./phCalibrationFitErr_C0.dat .. ./phCalibrationFitErr_C15.dat
[16:16:13.448]    ERROR: <ConfigParameters.cc/readGainPedestalParameters:L983> cannot open ./phCalibrationFitErr_C0.dat for reading PH calibration constants
[16:16:32.767]     INFO: ######################################################################
[16:16:32.767]     INFO: PixTestPretest::doTest()
[16:16:32.767]     INFO: ######################################################################
[16:16:32.771]     INFO:    ----------------------------------------------------------------------
[16:16:32.771]     INFO:    PixTestPretest::programROC() 
[16:16:32.771]     INFO:    ----------------------------------------------------------------------
[16:16:50.842]     INFO: PixTestPretest::programROC() done: ROCs are all programmable
[16:16:50.842]     INFO: IA differences per ROC:  38.5 17.6 19.3 20.1 16.0 16.8 20.1 18.4 16.8 19.3 21.7 21.7 17.6 24.9 16.8 20.1
[16:16:50.936]     INFO:    ----------------------------------------------------------------------
[16:16:50.936]     INFO:    PixTestPretest::setVana() target Ia = 24 mA/ROC
[16:16:50.936]     INFO:    ----------------------------------------------------------------------
[16:17:00.584]     INFO: PixTestPretest::setVana() done, Module Ia 369.8 mA = 23.1125 mA/ROC
[16:17:00.584]     INFO: i(loss) [mA/ROC]:     ->0.0<-  18.5  20.1  18.5  19.3  20.1  19.3  18.5  19.3  19.3  19.3  20.1  18.5  19.3  19.3  19.3
[16:17:00.616]     INFO: ######################################################################
[16:17:00.616]     INFO: ERROR: turning off some ROCs lead to less I(ana) current drop than expected;  stop
[16:17:00.616]     INFO: ######################################################################
[16:17:16.359]     INFO:    ----------------------------------------------------------------------
[16:17:16.359]     INFO:    PixTestPretest::setVana() target Ia = 24 mA/ROC
[16:17:16.359]     INFO:    ----------------------------------------------------------------------
[16:17:23.891]     INFO: PixTestPretest::setVana() done, Module Ia 419.6 mA = 26.225 mA/ROC
[16:17:23.891]     INFO: i(loss) [mA/ROC]:     47.4  19.3  20.1  20.1  19.3  20.1  19.3  19.3  19.3  19.3  19.3  20.1  19.3  20.1  19.3  18.5
[16:17:23.926]     INFO:    ----------------------------------------------------------------------
[16:17:23.926]     INFO:    PixTestPreTest::setTimings()
[16:17:23.926]     INFO:    ----------------------------------------------------------------------
[16:17:26.181]     INFO:    ----------------------------------------------------------------------
[16:17:26.181]     INFO:    Current timings are good. No timing scan needed.
[16:17:26.181]     INFO:    ----------------------------------------------------------------------
[16:17:26.181]     INFO: Test took 2255 ms.
[16:17:26.181]     INFO: PixTestPretest::setTimings() done.
[16:17:27.063]     INFO:    ----------------------------------------------------------------------
[16:17:27.063]     INFO:    PixTestPretest::findWorkingPixel()
[16:17:27.063]     INFO:    ----------------------------------------------------------------------
[16:17:27.199]     INFO: Expecting 231680 events.
[16:17:35.512]     INFO: 231680 events read in total (7597ms).
[16:17:35.516]     INFO: Test took 8450ms.
[16:17:35.857]     INFO: fwp_c12_r22_C0 does not pass: vthrComp = -51 Delta(CalDel) = 0, trying another
[16:17:35.994]     INFO: Expecting 231680 events.
[16:17:44.233]     INFO: 231680 events read in total (7524ms).
[16:17:44.237]     INFO: Test took 8376ms.
[16:17:44.585]     INFO: fwp_c5_r5_C0 does not pass: vthrComp = -51 Delta(CalDel) = 0, trying another
[16:17:44.721]     INFO: Expecting 231680 events.
[16:17:53.004]     INFO: 231680 events read in total (7568ms).
[16:17:53.008]     INFO: Test took 8420ms.
[16:17:53.349]     INFO: fwp_c15_r26_C0 does not pass: vthrComp = -48 Delta(CalDel) = 74, trying another
[16:17:53.485]     INFO: Expecting 231680 events.
[16:18:01.780]     INFO: 231680 events read in total (7580ms).
[16:18:01.785]     INFO: Test took 8433ms.
[16:18:02.125]     INFO: fwp_c20_r32_C0 does not pass: vthrComp = -35 Delta(CalDel) = 65, trying another
[16:18:02.261]     INFO: Expecting 231680 events.
[16:18:10.538]     INFO: 231680 events read in total (7561ms).
[16:18:10.544]     INFO: Test took 8416ms.
[16:18:10.885]     INFO: fwp_c25_r36_C0 does not pass: vthrComp = -29 Delta(CalDel) = 67, trying another
[16:18:11.020]     INFO: Expecting 231680 events.
[16:18:19.287]     INFO: 231680 events read in total (7552ms).
[16:18:19.292]     INFO: Test took 8405ms.
[16:18:19.637]     INFO: fwp_c30_r42_C0 does not pass: vthrComp = -26 Delta(CalDel) = 68, trying another
[16:18:19.773]     INFO: Expecting 231680 events.
[16:18:28.032]     INFO: 231680 events read in total (7544ms).
[16:18:28.037]     INFO: Test took 8397ms.
[16:18:28.379]     INFO: fwp_c35_r50_C0 does not pass: vthrComp = -24 Delta(CalDel) = 67, trying another
[16:18:28.515]     INFO: Expecting 231680 events.
[16:18:36.781]     INFO: 231680 events read in total (7551ms).
[16:18:36.787]     INFO: Test took 8405ms.
[16:18:37.128]     INFO: fwp_c40_r60_C0 does not pass: vthrComp = -23 Delta(CalDel) = 74, trying another
[16:18:37.264]     INFO: Expecting 231680 events.
[16:18:45.459]     INFO: 231680 events read in total (7480ms).
[16:18:45.464]     INFO: Test took 8333ms.
[16:18:45.808]     INFO: fwp_c45_r70_C0 does not pass: vthrComp = -25 Delta(CalDel) = 73, trying another
[16:18:45.944]     INFO: Expecting 231680 events.
