[17:08:37.471]     INFO: *** Welcome to pxar ***
[17:08:37.471]     INFO: *** Today: 2016/02/12
[17:08:37.486]     INFO: *** Version: prod-12-105-g46f2
[17:08:37.486]     INFO: readRocDacs: ./data/mj220/dacParameters35_C0.dat .. ./data/mj220/dacParameters35_C15.dat
[17:08:37.487]     INFO: readTbmDacs: ./data/mj220/tbmParameters_C0a.dat .. ./data/mj220/tbmParameters_C0b.dat
[17:08:37.487]     INFO: readMaskFile: ./data/mj220/defaultMaskFile.dat
[17:08:37.488]     INFO: MASKED Roc 10 col/row: 22 11
[17:08:37.488]     INFO: MASKED Roc 10 col/row: 22 19
[17:08:37.488]     INFO: MASKED Roc 10 col/row: 22 23
[17:08:37.488]     INFO: MASKED Roc 10 col/row: 22 27
[17:08:37.488]     INFO: MASKED Roc 10 col/row: 22 32
[17:08:37.488]     INFO: MASKED Roc 10 col/row: 22 42
[17:08:37.488]     INFO: MASKED Roc 10 col/row: 22 45
[17:08:37.488]     INFO: MASKED Roc 10 col/row: 22 46
[17:08:37.488]     INFO: MASKED Roc 10 col/row: 22 47
[17:08:37.488]     INFO: MASKED Roc 10 col/row: 22 48
[17:08:37.488]     INFO: MASKED Roc 10 col/row: 22 49
[17:08:37.488]     INFO: MASKED Roc 10 col/row: 22 57
[17:08:37.488]     INFO: MASKED Roc 10 col/row: 22 61
[17:08:37.488]     INFO: MASKED Roc 10 col/row: 22 65
[17:08:37.488]     INFO: MASKED Roc 10 col/row: 22 66
[17:08:37.488]     INFO: MASKED Roc 10 col/row: 22 69
[17:08:37.488]     INFO: MASKED Roc 10 col/row: 22 77
[17:08:37.488]     INFO: MASKED Roc 14 col/row: 0 22
[17:08:37.488]     INFO: MASKED Roc 14 col/row: 0 35
[17:08:37.488]     INFO: MASKED Roc 14 col/row: 0 37
[17:08:37.488]     INFO: MASKED Roc 14 col/row: 0 42
[17:08:37.488]     INFO: MASKED Roc 14 col/row: 0 45
[17:08:37.488]     INFO: MASKED Roc 14 col/row: 0 46
[17:08:37.488]     INFO: MASKED Roc 14 col/row: 0 52
[17:08:37.488]     INFO: MASKED Roc 14 col/row: 0 54
[17:08:37.488]     INFO: MASKED Roc 14 col/row: 0 76
[17:08:37.488]     INFO: MASKED Roc 14 col/row: 1 49
[17:08:37.488]     INFO: MASKED Roc 14 col/row: 2 66
[17:08:37.488]     INFO: MASKED Roc 14 col/row: 3 55
[17:08:37.488]     INFO: MASKED Roc 14 col/row: 3 62
[17:08:37.488]     INFO: MASKED Roc 14 col/row: 4 79
[17:08:37.488]     INFO: MASKED Roc 14 col/row: 5 58
[17:08:37.488]     INFO: MASKED Roc 14 col/row: 5 62
[17:08:37.488]     INFO: MASKED Roc 14 col/row: 5 68
[17:08:37.488]     INFO: MASKED Roc 14 col/row: 6 52
[17:08:37.488]     INFO: MASKED Roc 14 col/row: 6 77
[17:08:37.488]     INFO: MASKED Roc 14 col/row: 8 43
[17:08:37.488]     INFO: MASKED Roc 14 col/row: 8 73
[17:08:37.488]     INFO: MASKED Roc 14 col/row: 9 48
[17:08:37.488]     INFO: MASKED Roc 14 col/row: 9 79
[17:08:37.488]     INFO: MASKED Roc 14 col/row: 10 57
[17:08:37.488]     INFO: MASKED Roc 14 col/row: 11 48
[17:08:37.488]     INFO: MASKED Roc 14 col/row: 11 79
[17:08:37.488]     INFO: MASKED Roc 14 col/row: 12 58
[17:08:37.488]     INFO: MASKED Roc 14 col/row: 13 52
[17:08:37.488]     INFO: MASKED Roc 14 col/row: 15 54
[17:08:37.488]     INFO: MASKED Roc 14 col/row: 15 56
[17:08:37.488]     INFO: MASKED Roc 14 col/row: 16 57
[17:08:37.488]     INFO: MASKED Roc 14 col/row: 26 79
[17:08:37.488]     INFO: MASKED Roc 14 col/row: 31 44
[17:08:37.488]     INFO: MASKED Roc 14 col/row: 32 57
[17:08:37.488]     INFO: MASKED Roc 14 col/row: 38 35
[17:08:37.488]     INFO: MASKED Roc 14 col/row: 38 42
[17:08:37.488]     INFO: MASKED Roc 14 col/row: 39 57
[17:08:37.488]     INFO: MASKED Roc 14 col/row: 43 71
[17:08:37.488]     INFO: MASKED Roc 14 col/row: 46 46
[17:08:37.488]     INFO: MASKED Roc 14 col/row: 47 74
[17:08:37.488]     INFO: MASKED Roc 14 col/row: 48 34
[17:08:37.488]     INFO: MASKED Roc 14 col/row: 48 47
[17:08:37.488]     INFO: MASKED Roc 14 col/row: 48 51
[17:08:37.488]     INFO: MASKED Roc 14 col/row: 50 39
[17:08:37.488]     INFO: MASKED Roc 14 col/row: 50 44
[17:08:37.488]     INFO: MASKED Roc 14 col/row: 50 72
[17:08:37.488]     INFO: readTrimFile: ./data/mj220/trimParameters35_C0.dat .. ./data/mj220/trimParameters35_C15.dat
[17:08:37.584]     INFO:   masking Roc 10 col/row: 22 11
[17:08:37.584]     INFO:   masking Roc 10 col/row: 22 19
[17:08:37.584]     INFO:   masking Roc 10 col/row: 22 23
[17:08:37.584]     INFO:   masking Roc 10 col/row: 22 27
[17:08:37.584]     INFO:   masking Roc 10 col/row: 22 32
[17:08:37.584]     INFO:   masking Roc 10 col/row: 22 42
[17:08:37.584]     INFO:   masking Roc 10 col/row: 22 45
[17:08:37.584]     INFO:   masking Roc 10 col/row: 22 46
[17:08:37.584]     INFO:   masking Roc 10 col/row: 22 47
[17:08:37.584]     INFO:   masking Roc 10 col/row: 22 48
[17:08:37.584]     INFO:   masking Roc 10 col/row: 22 49
[17:08:37.584]     INFO:   masking Roc 10 col/row: 22 57
[17:08:37.584]     INFO:   masking Roc 10 col/row: 22 61
[17:08:37.584]     INFO:   masking Roc 10 col/row: 22 65
[17:08:37.584]     INFO:   masking Roc 10 col/row: 22 66
[17:08:37.584]     INFO:   masking Roc 10 col/row: 22 69
[17:08:37.584]     INFO:   masking Roc 10 col/row: 22 77
[17:08:37.622]     INFO:   masking Roc 14 col/row: 0 22
[17:08:37.622]     INFO:   masking Roc 14 col/row: 0 35
[17:08:37.622]     INFO:   masking Roc 14 col/row: 0 37
[17:08:37.622]     INFO:   masking Roc 14 col/row: 0 42
[17:08:37.622]     INFO:   masking Roc 14 col/row: 0 45
[17:08:37.622]     INFO:   masking Roc 14 col/row: 0 46
[17:08:37.622]     INFO:   masking Roc 14 col/row: 0 52
[17:08:37.622]     INFO:   masking Roc 14 col/row: 0 54
[17:08:37.622]     INFO:   masking Roc 14 col/row: 0 76
[17:08:37.622]     INFO:   masking Roc 14 col/row: 1 49
[17:08:37.622]     INFO:   masking Roc 14 col/row: 2 66
[17:08:37.622]     INFO:   masking Roc 14 col/row: 3 55
[17:08:37.622]     INFO:   masking Roc 14 col/row: 3 62
[17:08:37.622]     INFO:   masking Roc 14 col/row: 4 79
[17:08:37.622]     INFO:   masking Roc 14 col/row: 5 58
[17:08:37.622]     INFO:   masking Roc 14 col/row: 5 62
[17:08:37.622]     INFO:   masking Roc 14 col/row: 5 68
[17:08:37.622]     INFO:   masking Roc 14 col/row: 6 52
[17:08:37.622]     INFO:   masking Roc 14 col/row: 6 77
[17:08:37.622]     INFO:   masking Roc 14 col/row: 8 43
[17:08:37.622]     INFO:   masking Roc 14 col/row: 8 73
[17:08:37.622]     INFO:   masking Roc 14 col/row: 9 48
[17:08:37.622]     INFO:   masking Roc 14 col/row: 9 79
[17:08:37.622]     INFO:   masking Roc 14 col/row: 10 57
[17:08:37.622]     INFO:   masking Roc 14 col/row: 11 48
[17:08:37.622]     INFO:   masking Roc 14 col/row: 11 79
[17:08:37.622]     INFO:   masking Roc 14 col/row: 12 58
[17:08:37.622]     INFO:   masking Roc 14 col/row: 13 52
[17:08:37.622]     INFO:   masking Roc 14 col/row: 15 54
[17:08:37.622]     INFO:   masking Roc 14 col/row: 15 56
[17:08:37.622]     INFO:   masking Roc 14 col/row: 16 57
[17:08:37.623]     INFO:   masking Roc 14 col/row: 26 79
[17:08:37.623]     INFO:   masking Roc 14 col/row: 31 44
[17:08:37.623]     INFO:   masking Roc 14 col/row: 32 57
[17:08:37.623]     INFO:   masking Roc 14 col/row: 38 35
[17:08:37.623]     INFO:   masking Roc 14 col/row: 38 42
[17:08:37.623]     INFO:   masking Roc 14 col/row: 39 57
[17:08:37.623]     INFO:   masking Roc 14 col/row: 43 71
[17:08:37.623]     INFO:   masking Roc 14 col/row: 46 46
[17:08:37.623]     INFO:   masking Roc 14 col/row: 47 74
[17:08:37.623]     INFO:   masking Roc 14 col/row: 48 34
[17:08:37.623]     INFO:   masking Roc 14 col/row: 48 47
[17:08:37.623]     INFO:   masking Roc 14 col/row: 48 51
[17:08:37.623]     INFO:   masking Roc 14 col/row: 50 39
[17:08:37.623]     INFO:   masking Roc 14 col/row: 50 44
[17:08:37.623]     INFO:   masking Roc 14 col/row: 50 72
[17:08:37.642]     INFO:         clk: 4
[17:08:37.642]     INFO:         ctr: 4
[17:08:37.642]     INFO:         sda: 19
[17:08:37.642]     INFO:         tin: 9
[17:08:37.642]     INFO:         level: 15
[17:08:37.642]     INFO:         triggerdelay: 0
[17:08:37.642]    QUIET: Instanciating API for pxar prod-12
[17:08:37.642]     INFO: Log level: DEBUG
[17:08:37.653]    QUIET: Connection to board DTB_WRPRHI opened.
[17:08:37.656]     INFO: DTB startup information
--- DTB info------------------------------------------
Board id:    58
HW version:  DTB1.2
FW version:  4.2
SW version:  4.5
USB id:      DTB_WRPRHI
MAC address: 40D85511803A
Hostname:    pixelDTB058
Comment:     
------------------------------------------------------
[17:08:37.659]     INFO: RPC call hashes of host and DTB match: 398089610
[17:08:39.259]     INFO: DUT info: 
[17:08:39.259]     INFO: The DUT currently contains the following objects:
[17:08:39.259]     INFO:  2 TBM Cores tbm08c (2 ON)
[17:08:39.259]     INFO: 	TBM Core alpha (0): 7 registers set
[17:08:39.259]     INFO: 	TBM Core beta  (1): 7 registers set
[17:08:39.259]     INFO: 16 ROCs psi46digv21respin (16 ON) with 4160 pixelConfigs
[17:08:39.259]     INFO: 	ROC 0: 19 DACs set, Pixels: 0 masked, 0 active.
[17:08:39.259]     INFO: 	ROC 1: 19 DACs set, Pixels: 0 masked, 0 active.
[17:08:39.259]     INFO: 	ROC 2: 19 DACs set, Pixels: 0 masked, 0 active.
[17:08:39.259]     INFO: 	ROC 3: 19 DACs set, Pixels: 0 masked, 0 active.
[17:08:39.259]     INFO: 	ROC 4: 19 DACs set, Pixels: 0 masked, 0 active.
[17:08:39.259]     INFO: 	ROC 5: 19 DACs set, Pixels: 0 masked, 0 active.
[17:08:39.259]     INFO: 	ROC 6: 19 DACs set, Pixels: 0 masked, 0 active.
[17:08:39.259]     INFO: 	ROC 7: 19 DACs set, Pixels: 0 masked, 0 active.
[17:08:39.259]     INFO: 	ROC 8: 19 DACs set, Pixels: 0 masked, 0 active.
[17:08:39.259]     INFO: 	ROC 9: 19 DACs set, Pixels: 0 masked, 0 active.
[17:08:39.259]     INFO: 	ROC 10: 19 DACs set, Pixels: 17 masked, 0 active.
[17:08:39.259]     INFO: 	ROC 11: 19 DACs set, Pixels: 0 masked, 0 active.
[17:08:39.259]     INFO: 	ROC 12: 19 DACs set, Pixels: 0 masked, 0 active.
[17:08:39.259]     INFO: 	ROC 13: 19 DACs set, Pixels: 0 masked, 0 active.
[17:08:39.259]     INFO: 	ROC 14: 19 DACs set, Pixels: 46 masked, 0 active.
[17:08:39.259]     INFO: 	ROC 15: 19 DACs set, Pixels: 0 masked, 0 active.
[17:08:39.260]    DEBUG: <PixTestParameters.cc/dump:L104> PixTestParameters: ->BB<-
[17:08:39.260]    DEBUG: <PixTestParameters.cc/dump:L107>   dumpall: checkbox(0)
[17:08:39.260]    DEBUG: <PixTestParameters.cc/dump:L107>   dumpproblematic: checkbox(0)
[17:08:39.260]    DEBUG: <PixTestParameters.cc/dump:L107>   ntrig: 5
[17:08:39.260]    DEBUG: <PixTestParameters.cc/dump:L107>   vcals: 250
[17:08:39.260]    DEBUG: <PixTestParameters.cc/dump:L104> PixTestParameters: ->BB2<-
[17:08:39.260]    DEBUG: <PixTestParameters.cc/dump:L107>   ntrig: 10
[17:08:39.260]    DEBUG: <PixTestParameters.cc/dump:L107>   vcals: 222
[17:08:39.260]    DEBUG: <PixTestParameters.cc/dump:L107>   plwidth: 35
[17:08:39.260]    DEBUG: <PixTestParameters.cc/dump:L107>   pix: 11,20
[17:08:39.260]    DEBUG: <PixTestParameters.cc/dump:L107>   targetia: 24
[17:08:39.260]    DEBUG: <PixTestParameters.cc/dump:L104> PixTestParameters: ->BB3<-
[17:08:39.260]    DEBUG: <PixTestParameters.cc/dump:L107>   dumpall: checkbox(0)
[17:08:39.260]    DEBUG: <PixTestParameters.cc/dump:L107>   dumpproblematic: checkbox(0)
[17:08:39.260]    DEBUG: <PixTestParameters.cc/dump:L107>   ntrig: 5
[17:08:39.260]    DEBUG: <PixTestParameters.cc/dump:L107>   vcals: 250
[17:08:39.260]    DEBUG: <PixTestParameters.cc/dump:L104> PixTestParameters: ->BB4<-
[17:08:39.260]    DEBUG: <PixTestParameters.cc/dump:L107>   savecaldelscan: checkbox(0)
[17:08:39.260]    DEBUG: <PixTestParameters.cc/dump:L107>   ntrig: 100
[17:08:39.260]    DEBUG: <PixTestParameters.cc/dump:L107>   cals: 1
[17:08:39.260]    DEBUG: <PixTestParameters.cc/dump:L107>   caldello: 80
[17:08:39.260]    DEBUG: <PixTestParameters.cc/dump:L107>   caldelhi: 200
[17:08:39.260]    DEBUG: <PixTestParameters.cc/dump:L107>   caldelstep: 10
[17:08:39.260]    DEBUG: <PixTestParameters.cc/dump:L107>   vthrcomplo: 70
[17:08:39.260]    DEBUG: <PixTestParameters.cc/dump:L107>   vthrcomphi: 130
[17:08:39.260]    DEBUG: <PixTestParameters.cc/dump:L107>   vthrcompstep: 5
[17:08:39.260]    DEBUG: <PixTestParameters.cc/dump:L107>   noisypixels: 10
[17:08:39.260]    DEBUG: <PixTestParameters.cc/dump:L107>   vcal: 255
[17:08:39.260]    DEBUG: <PixTestParameters.cc/dump:L107>   cut: 0.5
[17:08:39.260]    DEBUG: <PixTestParameters.cc/dump:L104> PixTestParameters: ->Cmd<-
[17:08:39.260]    DEBUG: <PixTestParameters.cc/dump:L104> PixTestParameters: ->DAQ<-
[17:08:39.260]    DEBUG: <PixTestParameters.cc/dump:L107>   delaytbm: checkbox
[17:08:39.260]    DEBUG: <PixTestParameters.cc/dump:L107>   filltree: checkbox
[17:08:39.260]    DEBUG: <PixTestParameters.cc/dump:L107>   trgfrequency(khz): 100
[17:08:39.260]    DEBUG: <PixTestParameters.cc/dump:L107>   maskhotpixels: button
[17:08:39.260]    DEBUG: <PixTestParameters.cc/dump:L107>   trgnumber: 5
[17:08:39.260]    DEBUG: <PixTestParameters.cc/dump:L107>   iterations: 10
[17:08:39.260]    DEBUG: <PixTestParameters.cc/dump:L107>   rundaqtrg: button
[17:08:39.260]    DEBUG: <PixTestParameters.cc/dump:L107>   daqseconds: 5
[17:08:39.260]    DEBUG: <PixTestParameters.cc/dump:L107>   rundaqseconds: button
[17:08:39.260]    DEBUG: <PixTestParameters.cc/dump:L104> PixTestParameters: ->DacDacScan<-
[17:08:39.260]    DEBUG: <PixTestParameters.cc/dump:L107>   phmap: checkbox
[17:08:39.260]    DEBUG: <PixTestParameters.cc/dump:L107>   ntrig: 10
[17:08:39.260]    DEBUG: <PixTestParameters.cc/dump:L107>   dac1: caldel
[17:08:39.260]    DEBUG: <PixTestParameters.cc/dump:L107>   dac1lo: 0
[17:08:39.260]    DEBUG: <PixTestParameters.cc/dump:L107>   dac1hi: 255
[17:08:39.260]    DEBUG: <PixTestParameters.cc/dump:L107>   dac2: vthrcomp
[17:08:39.260]    DEBUG: <PixTestParameters.cc/dump:L107>   dac2lo: 0
[17:08:39.260]    DEBUG: <PixTestParameters.cc/dump:L107>   dac2hi: 255
[17:08:39.260]    DEBUG: <PixTestParameters.cc/dump:L107>   pix: 11,20
[17:08:39.260]    DEBUG: <PixTestParameters.cc/dump:L104> PixTestParameters: ->DacScan<-
[17:08:39.260]    DEBUG: <PixTestParameters.cc/dump:L107>   phmap: checkbox(1)
[17:08:39.260]    DEBUG: <PixTestParameters.cc/dump:L107>   allpixels: checkbox(0)
[17:08:39.260]    DEBUG: <PixTestParameters.cc/dump:L107>   unmasked: checkbox(0)
[17:08:39.260]    DEBUG: <PixTestParameters.cc/dump:L107>   ntrig: 10
[17:08:39.260]    DEBUG: <PixTestParameters.cc/dump:L107>   dac: vcal
[17:08:39.260]    DEBUG: <PixTestParameters.cc/dump:L107>   daclo: 0
[17:08:39.260]    DEBUG: <PixTestParameters.cc/dump:L107>   dachi: 255
[17:08:39.260]    DEBUG: <PixTestParameters.cc/dump:L107>   pix: 11,20
[17:08:39.260]    DEBUG: <PixTestParameters.cc/dump:L104> PixTestParameters: ->GainPedestal<-
[17:08:39.260]    DEBUG: <PixTestParameters.cc/dump:L107>   showfits: checkbox(0)
[17:08:39.260]    DEBUG: <PixTestParameters.cc/dump:L107>   extended: checkbox(0)
[17:08:39.260]    DEBUG: <PixTestParameters.cc/dump:L107>   dumphists: checkbox(0)
[17:08:39.260]    DEBUG: <PixTestParameters.cc/dump:L107>   ntrig: 10
[17:08:39.260]    DEBUG: <PixTestParameters.cc/dump:L107>   vcalstep: 10
[17:08:39.260]    DEBUG: <PixTestParameters.cc/dump:L107>   measure: button
[17:08:39.261]    DEBUG: <PixTestParameters.cc/dump:L107>   fit: button
[17:08:39.261]    DEBUG: <PixTestParameters.cc/dump:L107>   save: button
[17:08:39.261]    DEBUG: <PixTestParameters.cc/dump:L104> PixTestParameters: ->HighRate<-
[17:08:39.261]    DEBUG: <PixTestParameters.cc/dump:L107>   pix: 11,20
[17:08:39.261]    DEBUG: <PixTestParameters.cc/dump:L107>   trimhotpixels: button
[17:08:39.261]    DEBUG: <PixTestParameters.cc/dump:L107>   trimhotpixelthr: 200
[17:08:39.261]    DEBUG: <PixTestParameters.cc/dump:L107>   runsecondshotpixels: 10
[17:08:39.261]    DEBUG: <PixTestParameters.cc/dump:L107>   savetrimbits: checkbox(1)
[17:08:39.261]    DEBUG: <PixTestParameters.cc/dump:L107>   maskuntrimmable: checkbox(1)
[17:08:39.261]    DEBUG: <PixTestParameters.cc/dump:L107>   maskhotpixels: button
[17:08:39.261]    DEBUG: <PixTestParameters.cc/dump:L107>   savemaskfile: checkbox(0)
[17:08:39.261]    DEBUG: <PixTestParameters.cc/dump:L107>   maskfilename: default
[17:08:39.261]    DEBUG: <PixTestParameters.cc/dump:L107>   caldelscan: button
[17:08:39.261]    DEBUG: <PixTestParameters.cc/dump:L107>   xpixelalive: button
[17:08:39.261]    DEBUG: <PixTestParameters.cc/dump:L107>   ntrig: 50
[17:08:39.261]    DEBUG: <PixTestParameters.cc/dump:L107>   vcal: 200
[17:08:39.261]    DEBUG: <PixTestParameters.cc/dump:L107>   xnoisemaps: button
[17:08:39.261]    DEBUG: <PixTestParameters.cc/dump:L107>   daclo: 0
[17:08:39.261]    DEBUG: <PixTestParameters.cc/dump:L107>   dachi: 100
[17:08:39.261]    DEBUG: <PixTestParameters.cc/dump:L107>   dacs/step: 20
[17:08:39.261]    DEBUG: <PixTestParameters.cc/dump:L107>   rundaq: button
[17:08:39.261]    DEBUG: <PixTestParameters.cc/dump:L107>   trgfrequency(khz): 20
[17:08:39.261]    DEBUG: <PixTestParameters.cc/dump:L107>   runseconds: 2
[17:08:39.261]    DEBUG: <PixTestParameters.cc/dump:L107>   triggerdelay: 20
[17:08:39.261]    DEBUG: <PixTestParameters.cc/dump:L107>   delaytbm: checkbox
[17:08:39.261]    DEBUG: <PixTestParameters.cc/dump:L107>   filltree: checkbox
[17:08:39.261]    DEBUG: <PixTestParameters.cc/dump:L104> PixTestParameters: ->IV<-
[17:08:39.261]    DEBUG: <PixTestParameters.cc/dump:L107>   port: /dev/FIXME
[17:08:39.261]    DEBUG: <PixTestParameters.cc/dump:L107>   voltagestart: 0
[17:08:39.261]    DEBUG: <PixTestParameters.cc/dump:L107>   voltagestop: 600
[17:08:39.261]    DEBUG: <PixTestParameters.cc/dump:L107>   voltagestep: 5
[17:08:39.261]    DEBUG: <PixTestParameters.cc/dump:L107>   delay: 1
[17:08:39.261]    DEBUG: <PixTestParameters.cc/dump:L107>   compliance(ua): 100
[17:08:39.261]    DEBUG: <PixTestParameters.cc/dump:L104> PixTestParameters: ->PhOptimization<-
[17:08:39.261]    DEBUG: <PixTestParameters.cc/dump:L107>   ntrig: 10
[17:08:39.261]    DEBUG: <PixTestParameters.cc/dump:L107>   safetymarginlow: 20
[17:08:39.261]    DEBUG: <PixTestParameters.cc/dump:L107>   saturationvcal: 100
[17:08:39.261]    DEBUG: <PixTestParameters.cc/dump:L107>   quantilesaturation: 0.98
[17:08:39.261]    DEBUG: <PixTestParameters.cc/dump:L104> PixTestParameters: ->PixelAlive<-
[17:08:39.261]    DEBUG: <PixTestParameters.cc/dump:L107>   ntrig: 10
[17:08:39.261]    DEBUG: <PixTestParameters.cc/dump:L107>   vcal: 200
[17:08:39.261]    DEBUG: <PixTestParameters.cc/dump:L107>   alivetest: button
[17:08:39.261]    DEBUG: <PixTestParameters.cc/dump:L107>   masktest: button
[17:08:39.261]    DEBUG: <PixTestParameters.cc/dump:L107>   addressdecodingtest: button
[17:08:39.261]    DEBUG: <PixTestParameters.cc/dump:L104> PixTestParameters: ->Pretest<-
[17:08:39.261]    DEBUG: <PixTestParameters.cc/dump:L107>   programroc: button
[17:08:39.261]    DEBUG: <PixTestParameters.cc/dump:L107>   targetia: 24
[17:08:39.261]    DEBUG: <PixTestParameters.cc/dump:L107>   setvana: button
[17:08:39.261]    DEBUG: <PixTestParameters.cc/dump:L107>   iterations: 100
[17:08:39.261]    DEBUG: <PixTestParameters.cc/dump:L107>   settimings: button
[17:08:39.261]    DEBUG: <PixTestParameters.cc/dump:L107>   findtiming: button
[17:08:39.261]    DEBUG: <PixTestParameters.cc/dump:L107>   findworkingpixel: button
[17:08:39.261]    DEBUG: <PixTestParameters.cc/dump:L107>   setvthrcompcaldel: button
[17:08:39.261]    DEBUG: <PixTestParameters.cc/dump:L107>   pix: 11,20
[17:08:39.261]    DEBUG: <PixTestParameters.cc/dump:L107>   vcal: 250
[17:08:39.261]    DEBUG: <PixTestParameters.cc/dump:L107>   deltavthrcomp: 50
[17:08:39.261]    DEBUG: <PixTestParameters.cc/dump:L107>   fraccaldel: 0.5
[17:08:39.261]    DEBUG: <PixTestParameters.cc/dump:L107>   ntrig: 5
[17:08:39.261]    DEBUG: <PixTestParameters.cc/dump:L107>   savedacs: button
[17:08:39.261]    DEBUG: <PixTestParameters.cc/dump:L104> PixTestParameters: ->Readback<-
[17:08:39.261]    DEBUG: <PixTestParameters.cc/dump:L107>   calibratevd: button
[17:08:39.261]    DEBUG: <PixTestParameters.cc/dump:L107>   calibrateva: button
[17:08:39.261]    DEBUG: <PixTestParameters.cc/dump:L107>   calibrateia: button
[17:08:39.261]    DEBUG: <PixTestParameters.cc/dump:L107>   readbackvbg: button
[17:08:39.261]    DEBUG: <PixTestParameters.cc/dump:L107>   getcalibratedvbg: button
[17:08:39.261]    DEBUG: <PixTestParameters.cc/dump:L107>   usecalvd: checkbox(1)
[17:08:39.261]    DEBUG: <PixTestParameters.cc/dump:L107>   usecalva: checkbox(0)
[17:08:39.261]    DEBUG: <PixTestParameters.cc/dump:L107>   setvana: button
[17:08:39.261]    DEBUG: <PixTestParameters.cc/dump:L104> PixTestParameters: ->Scurves<-
[17:08:39.261]    DEBUG: <PixTestParameters.cc/dump:L107>   adjustvcal: checkbox(0)
[17:08:39.261]    DEBUG: <PixTestParameters.cc/dump:L107>   dumpall: checkbox(0)
[17:08:39.261]    DEBUG: <PixTestParameters.cc/dump:L107>   dumpproblematic: checkbox(0)
[17:08:39.261]    DEBUG: <PixTestParameters.cc/dump:L107>   dumpoutputfile: checkbox(0)
[17:08:39.261]    DEBUG: <PixTestParameters.cc/dump:L107>   ntrig: 50
[17:08:39.261]    DEBUG: <PixTestParameters.cc/dump:L107>   dac: Vcal
[17:08:39.261]    DEBUG: <PixTestParameters.cc/dump:L107>   daclo: 0
[17:08:39.261]    DEBUG: <PixTestParameters.cc/dump:L107>   dachi: 200
[17:08:39.261]    DEBUG: <PixTestParameters.cc/dump:L107>   dacs/step: -1
[17:08:39.262]    DEBUG: <PixTestParameters.cc/dump:L107>   ntrig/step: -1
[17:08:39.262]    DEBUG: <PixTestParameters.cc/dump:L107>   scurves: button
[17:08:39.262]    DEBUG: <PixTestParameters.cc/dump:L104> PixTestParameters: ->Timing<-
[17:08:39.262]    DEBUG: <PixTestParameters.cc/dump:L107>   targetclk: 4
[17:08:39.262]    DEBUG: <PixTestParameters.cc/dump:L107>   ntrig: 10
[17:08:39.262]    DEBUG: <PixTestParameters.cc/dump:L107>   clocksdascan: button
[17:08:39.262]    DEBUG: <PixTestParameters.cc/dump:L107>   notokenpass: checkbox(0)
[17:08:39.262]    DEBUG: <PixTestParameters.cc/dump:L107>   phasescan: button
[17:08:39.262]    DEBUG: <PixTestParameters.cc/dump:L107>   levelscan: button
[17:08:39.262]    DEBUG: <PixTestParameters.cc/dump:L107>   tbmphasescan: button
[17:08:39.262]    DEBUG: <PixTestParameters.cc/dump:L107>   rocdelayscan: button
[17:08:39.262]    DEBUG: <PixTestParameters.cc/dump:L107>   timingtest: button
[17:08:39.262]    DEBUG: <PixTestParameters.cc/dump:L107>   saveparameters: button
[17:08:39.262]    DEBUG: <PixTestParameters.cc/dump:L104> PixTestParameters: ->Trim<-
[17:08:39.262]    DEBUG: <PixTestParameters.cc/dump:L107>   trim: button
[17:08:39.262]    DEBUG: <PixTestParameters.cc/dump:L107>   ntrig: 8
[17:08:39.262]    DEBUG: <PixTestParameters.cc/dump:L107>   vcal: 35
[17:08:39.262]    DEBUG: <PixTestParameters.cc/dump:L107>   trimbits: button
[17:08:39.262]    DEBUG: <PixTestParameters.cc/dump:L104> PixTestParameters: ->Xray<-
[17:08:39.262]    DEBUG: <PixTestParameters.cc/dump:L107>   maskhotpixels: button
[17:08:39.262]    DEBUG: <PixTestParameters.cc/dump:L107>   savemaskfile: checkbox(0)
[17:08:39.262]    DEBUG: <PixTestParameters.cc/dump:L107>   maskfilename: default
[17:08:39.262]    DEBUG: <PixTestParameters.cc/dump:L107>   source: Ag
[17:08:39.262]    DEBUG: <PixTestParameters.cc/dump:L107>   phrun: button
[17:08:39.262]    DEBUG: <PixTestParameters.cc/dump:L107>   runseconds: 100
[17:08:39.262]    DEBUG: <PixTestParameters.cc/dump:L107>   trgfrequency(khz): 100
[17:08:39.262]    DEBUG: <PixTestParameters.cc/dump:L107>   ratescan: button
[17:08:39.262]    DEBUG: <PixTestParameters.cc/dump:L107>   vthrcompmin: 10
[17:08:39.262]    DEBUG: <PixTestParameters.cc/dump:L107>   vthrcompmax: 80
[17:08:39.262]    DEBUG: <PixTestParameters.cc/dump:L107>   stepseconds: 5
[17:08:39.262]    DEBUG: <PixTestParameters.cc/dump:L107>   delaytbm: checkbox
[17:08:39.262]    DEBUG: <PixTestParameters.cc/dump:L107>   filltree: checkbox
[17:08:39.264]    DEBUG: <PixSetup.cc/init:L81> PixSetup init start; getCurrentRSS() = 32731136
[17:08:39.264]    DEBUG: <PixSetup.cc/init:L87> fPixTestParameters = 0x1fc48b0
[17:08:39.264]    DEBUG: <PixSetup.cc/init:L88>  fConfigParameters = 0x1d9ac40
[17:08:39.264]    DEBUG: <PixSetup.cc/init:L89>        fPxarMemory = 0x7f5f99d94010
[17:08:39.264]    DEBUG: <PixSetup.cc/init:L90>         fPxarMemHi = 0x7f5f9ffff510
[17:08:39.264]    DEBUG: <PixSetup.cc/init:L106> PixSetup init done;  getCurrentRSS() = 32739328 fPxarMemory = 0x7f5f99d94010
[17:08:39.265]    DEBUG: <pXar.cc/main:L223> Initial Analog Current: 388.3mA
[17:08:39.267]    DEBUG: <pXar.cc/main:L224> Initial Digital Current: 628.7mA
[17:08:39.267]    DEBUG: <pXar.cc/main:L225> Initial Module Temperature: -0.2 C
[17:08:39.754]    DEBUG: <PixGui.cc/hvOn:L460> HV set On: 0x23e35b0
[17:08:39.813]    DEBUG: <PixTestFactory.cc/PixTestFactory:L53> PixTestFactory::PixTestFactory()
[17:08:39.813]    DEBUG: <PixTestBBMap.cc/init:L79> PixTestBBMap::init()
[17:08:39.813]    DEBUG: <PixTestBBMap.cc/PixTestBBMap:L27> PixTestBBMap ctor(PixSetup &a, string, TGTab *)
[17:08:39.818]    DEBUG: <PixTestBB2Map.cc/setParameter:L58> setting fTargetIa    = 24 mA/ROC
[17:08:39.819]    DEBUG: <PixTestBB2Map.cc/init:L97> PixTestBB2Map::init()
[17:08:39.819]    DEBUG: <PixTestBB2Map.cc/PixTestBB2Map:L29> PixTestBB2Map ctor(PixSetup &a, string, TGTab *)
[17:08:39.826]    DEBUG: <PixTestBB3Map.cc/init:L81> PixTestBB3Map::init()
[17:08:39.826]    DEBUG: <PixTestBB3Map.cc/PixTestBB3Map:L29> PixTestBB3Map ctor(PixSetup &a, string, TGTab *)
[17:08:39.834]    DEBUG: <PixTestBB4Map.cc/init:L93> PixTestBB4Map::init()
[17:08:39.834]    DEBUG: <PixTestBB4Map.cc/PixTestBB4Map:L26> PixTestMapeff ctor(PixSetup &a, string, TGTab *)
[17:08:39.855]     INFO: PixTestCmd::init()
[17:08:39.864]    DEBUG: <PixTestDaq.cc/init:L44> PixTestDaq::init()
[17:08:39.864]    DEBUG: <PixTestDaq.cc/PixTestDaq:L22> PixTestDaq ctor(PixSetup &a, string, TGTab *)
[17:08:39.864]     INFO: readGainPedestalParameters ./data/mj220/phCalibrationFitErr35_C0.dat .. ./data/mj220/phCalibrationFitErr35_C15.dat
[17:08:40.102]    DEBUG: <PixTestDacDacScan.cc/init:L103> PixTestDacDacScan::init()
[17:08:40.102]    DEBUG: <PixTestDacDacScan.cc/PixTestDacDacScan:L22> PixTestDacDacScan ctor(PixSetup &a, string, TGTab *)
[17:08:40.115]    DEBUG: <PixTestGainPedestal.cc/setParameter:L83> PixTestGainPedestal::PixTest() fVcalStep = 10
[17:08:40.121]    DEBUG: <PixTestHighRate.cc/setParameter:L68>   setting fParTriggerFrequency -> 20
[17:08:40.121]    DEBUG: <PixTestHighRate.cc/init:L198> PixTestHighRate::init()
[17:08:40.122]    DEBUG: <PixTestHighRate.cc/PixTestHighRate:L31> PixTestHighRate ctor(PixSetup &a, string, TGTab *)
[17:08:40.143]    DEBUG: <PixTest.cc/setTestParameter:L637>  setting  ntrig to new value 10
[17:08:40.143]    DEBUG: <PixTestPhOptimization.cc/setParameter:L37>   setting fParNtrig  ->10<- from sval = 10
[17:08:40.143]    DEBUG: <PixTestPhOptimization.cc/setParameter:L42>   setting fSafetyMarginLow  ->20<- from sval = 20
[17:08:40.143]    DEBUG: <PixTestPhOptimization.cc/setParameter:L48>   setting fVcalMax  ->100<- from sval = 100
[17:08:40.143]    DEBUG: <PixTestPhOptimization.cc/setParameter:L53>   setting fQuantMax  ->0.98<- from sval = 0.98
[17:08:40.148]    DEBUG: <PixTestAlive.cc/init:L77> PixTestAlive::init()
[17:08:40.148]    DEBUG: <PixTestAlive.cc/PixTestAlive:L21> PixTestAlive ctor(PixSetup &a, string, TGTab *)
[17:08:40.160]    DEBUG: <PixTestReadback.cc/setParameter:L172> fCalwVd set to 1
[17:08:40.160]    DEBUG: <PixTestReadback.cc/init:L95> PixTestReadback::init()
[17:08:40.160]    DEBUG: <PixTestReadback.cc/PixTestReadback:L22> PixTestReadback ctor(PixSetup &a, string, TGTab *)
[17:08:40.160]     INFO: readReadbackCal: ./data/mj220/readbackCal_C0.dat .. ./data/mj220/readbackCal_C15.dat
[17:08:40.175]    DEBUG: <PixTestScurves.cc/setParameter:L93> set fOutputFilename = 
[17:08:40.183]    DEBUG: <PixTestTiming.cc/setParameter:L60> PixTestTiming::PixTest() targetclk = 4
[17:08:40.183]    DEBUG: <PixTestTiming.cc/setParameter:L64> PixTestTiming::PixTest() ntrig = 10
[17:08:40.183]    DEBUG: <PixTestTiming.cc/setParameter:L48> fNoTokenPass: 0
[17:08:40.183]    DEBUG: <PixTestTiming.cc/init:L74> PixTestTiming::init()
[17:08:40.194]    DEBUG: <PixTestXray.cc/init:L134> PixTestXray::init()
[17:08:40.194]    DEBUG: <PixTestXray.cc/PixTestXray:L28> PixTestXray ctor(PixSetup &a, string, TGTab *)
[17:08:44.088]    DEBUG: <PixTab.cc/buttonClicked:L308> xxxPressed():  caldelscan
[17:08:44.088]    DEBUG: <PixTestHighRate.cc/runCommand:L157> running command: caldelscan
[17:08:44.088]     INFO:    ----------------------------------------------------------------------
[17:08:44.088]     INFO:    PixTestHighRate::calDelScan() ntrig = 10, vcal = 200
[17:08:44.088]     INFO:    ----------------------------------------------------------------------
[17:08:44.228]     INFO: Expecting 768 events.
[17:08:45.365]     INFO: 768 events read in total (418ms).
[17:08:45.554]     INFO: Test took 1460ms.
[17:08:45.557]     INFO: ROC 10 masking pixel 22/11
[17:08:45.557]     INFO: ROC 10 masking pixel 22/19
[17:08:45.557]     INFO: ROC 10 masking pixel 22/23
[17:08:45.557]     INFO: ROC 10 masking pixel 22/27
[17:08:45.557]     INFO: ROC 10 masking pixel 22/32
[17:08:45.557]     INFO: ROC 10 masking pixel 22/42
[17:08:45.557]     INFO: ROC 10 masking pixel 22/45
[17:08:45.557]     INFO: ROC 10 masking pixel 22/46
[17:08:45.557]     INFO: ROC 10 masking pixel 22/47
[17:08:45.557]     INFO: ROC 10 masking pixel 22/48
[17:08:45.557]     INFO: ROC 10 masking pixel 22/49
[17:08:45.557]     INFO: ROC 10 masking pixel 22/57
[17:08:45.557]     INFO: ROC 10 masking pixel 22/61
[17:08:45.557]     INFO: ROC 10 masking pixel 22/65
[17:08:45.557]     INFO: ROC 10 masking pixel 22/66
[17:08:45.557]     INFO: ROC 10 masking pixel 22/69
[17:08:45.557]     INFO: ROC 10 masking pixel 22/77
[17:08:45.557]     INFO: ROC 14 masking pixel 0/22
[17:08:45.557]     INFO: ROC 14 masking pixel 0/35
[17:08:45.557]     INFO: ROC 14 masking pixel 0/37
[17:08:45.557]     INFO: ROC 14 masking pixel 0/42
[17:08:45.557]     INFO: ROC 14 masking pixel 0/45
[17:08:45.557]     INFO: ROC 14 masking pixel 0/46
[17:08:45.557]     INFO: ROC 14 masking pixel 0/52
[17:08:45.557]     INFO: ROC 14 masking pixel 0/54
[17:08:45.557]     INFO: ROC 14 masking pixel 0/76
[17:08:45.557]     INFO: ROC 14 masking pixel 1/49
[17:08:45.557]     INFO: ROC 14 masking pixel 2/66
[17:08:45.557]     INFO: ROC 14 masking pixel 3/55
[17:08:45.557]     INFO: ROC 14 masking pixel 3/62
[17:08:45.557]     INFO: ROC 14 masking pixel 4/79
[17:08:45.557]     INFO: ROC 14 masking pixel 5/58
[17:08:45.557]     INFO: ROC 14 masking pixel 5/62
[17:08:45.557]     INFO: ROC 14 masking pixel 5/68
[17:08:45.557]     INFO: ROC 14 masking pixel 6/52
[17:08:45.558]     INFO: ROC 14 masking pixel 6/77
[17:08:45.558]     INFO: ROC 14 masking pixel 8/43
[17:08:45.558]     INFO: ROC 14 masking pixel 8/73
[17:08:45.558]     INFO: ROC 14 masking pixel 9/48
[17:08:45.558]     INFO: ROC 14 masking pixel 9/79
[17:08:45.558]     INFO: ROC 14 masking pixel 10/57
[17:08:45.558]     INFO: ROC 14 masking pixel 11/48
[17:08:45.558]     INFO: ROC 14 masking pixel 11/79
[17:08:45.558]     INFO: ROC 14 masking pixel 12/58
[17:08:45.558]     INFO: ROC 14 masking pixel 13/52
[17:08:45.558]     INFO: ROC 14 masking pixel 15/54
[17:08:45.558]     INFO: ROC 14 masking pixel 15/56
[17:08:45.558]     INFO: ROC 14 masking pixel 16/57
[17:08:45.558]     INFO: ROC 14 masking pixel 26/79
[17:08:45.558]     INFO: ROC 14 masking pixel 31/44
[17:08:45.558]     INFO: ROC 14 masking pixel 32/57
[17:08:45.558]     INFO: ROC 14 masking pixel 38/35
[17:08:45.558]     INFO: ROC 14 masking pixel 38/42
[17:08:45.558]     INFO: ROC 14 masking pixel 39/57
[17:08:45.558]     INFO: ROC 14 masking pixel 43/71
[17:08:45.558]     INFO: ROC 14 masking pixel 46/46
[17:08:45.558]     INFO: ROC 14 masking pixel 47/74
[17:08:45.558]     INFO: ROC 14 masking pixel 48/34
[17:08:45.558]     INFO: ROC 14 masking pixel 48/47
[17:08:45.558]     INFO: ROC 14 masking pixel 48/51
[17:08:45.558]     INFO: ROC 14 masking pixel 50/39
[17:08:45.558]     INFO: ROC 14 masking pixel 50/44
[17:08:45.558]     INFO: ROC 14 masking pixel 50/72
[17:08:45.561]    DEBUG: <PixTest.cc/efficiencyMaps:L396>       attempt #0
[17:08:46.227]     INFO: Expecting 41600 events.
[17:08:49.476]     INFO: 41600 events read in total (2723ms).
[17:08:49.479]     INFO: Test took 3918ms.
[17:08:49.556]     INFO: Fetched DAQ statistics. Counters are being reset now.
[17:08:49.556]    DEBUG: <PixTest.cc/efficiencyMaps:L407>  eff result size = 457009
[17:08:49.556]    DEBUG: <PixTest.cc/efficiencyMaps:L412> Create hists HR_xeff_CalDelScan_step0_C0 .. HR_xeff_CalDelScan_step0_C15
[17:08:49.556]    DEBUG: <PixTest.cc/efficiencyMaps:L426> booking xray maps for unmasked detector
[17:08:49.594]    DEBUG: <PixTest.cc/efficiencyMaps:L396>       attempt #0
[17:08:50.258]     INFO: Expecting 41600 events.
[17:08:53.607]     INFO: 41600 events read in total (2822ms).
[17:08:53.611]     INFO: Test took 4017ms.
[17:08:53.691]     INFO: Fetched DAQ statistics. Counters are being reset now.
[17:08:53.692]    DEBUG: <PixTest.cc/efficiencyMaps:L407>  eff result size = 465278
[17:08:53.692]    DEBUG: <PixTest.cc/efficiencyMaps:L412> Create hists HR_xeff_CalDelScan_step1_C0 .. HR_xeff_CalDelScan_step1_C15
[17:08:53.692]    DEBUG: <PixTest.cc/efficiencyMaps:L426> booking xray maps for unmasked detector
[17:08:53.730]    DEBUG: <PixTest.cc/efficiencyMaps:L396>       attempt #0
[17:08:54.397]     INFO: Expecting 41600 events.
[17:08:57.793]     INFO: 41600 events read in total (2869ms).
[17:08:57.796]     INFO: Test took 4066ms.
[17:08:57.873]     INFO: Fetched DAQ statistics. Counters are being reset now.
[17:08:57.873]    DEBUG: <PixTest.cc/efficiencyMaps:L407>  eff result size = 468157
[17:08:57.873]    DEBUG: <PixTest.cc/efficiencyMaps:L412> Create hists HR_xeff_CalDelScan_step2_C0 .. HR_xeff_CalDelScan_step2_C15
[17:08:57.874]    DEBUG: <PixTest.cc/efficiencyMaps:L426> booking xray maps for unmasked detector
[17:08:57.912]    DEBUG: <PixTest.cc/efficiencyMaps:L396>       attempt #0
[17:08:58.577]     INFO: Expecting 41600 events.
[17:09:01.962]     INFO: 41600 events read in total (2858ms).
[17:09:01.965]     INFO: Test took 4052ms.
[17:09:02.042]     INFO: Fetched DAQ statistics. Counters are being reset now.
[17:09:02.042]    DEBUG: <PixTest.cc/efficiencyMaps:L407>  eff result size = 467347
[17:09:02.042]    DEBUG: <PixTest.cc/efficiencyMaps:L412> Create hists HR_xeff_CalDelScan_step3_C0 .. HR_xeff_CalDelScan_step3_C15
[17:09:02.043]    DEBUG: <PixTest.cc/efficiencyMaps:L426> booking xray maps for unmasked detector
[17:09:02.082]    DEBUG: <PixTest.cc/efficiencyMaps:L396>       attempt #0
[17:09:02.747]     INFO: Expecting 41600 events.
[17:09:06.131]     INFO: 41600 events read in total (2857ms).
[17:09:06.135]     INFO: Test took 4053ms.
[17:09:06.213]     INFO: Fetched DAQ statistics. Counters are being reset now.
[17:09:06.213]    DEBUG: <PixTest.cc/efficiencyMaps:L407>  eff result size = 469428
[17:09:06.213]    DEBUG: <PixTest.cc/efficiencyMaps:L412> Create hists HR_xeff_CalDelScan_step4_C0 .. HR_xeff_CalDelScan_step4_C15
[17:09:06.213]    DEBUG: <PixTest.cc/efficiencyMaps:L426> booking xray maps for unmasked detector
[17:09:06.252]    DEBUG: <PixTest.cc/efficiencyMaps:L396>       attempt #0
[17:09:06.917]     INFO: Expecting 41600 events.
[17:09:10.334]     INFO: 41600 events read in total (2890ms).
[17:09:10.338]     INFO: Test took 4086ms.
[17:09:10.415]     INFO: Fetched DAQ statistics. Counters are being reset now.
[17:09:10.415]    DEBUG: <PixTest.cc/efficiencyMaps:L407>  eff result size = 467176
[17:09:10.415]    DEBUG: <PixTest.cc/efficiencyMaps:L412> Create hists HR_xeff_CalDelScan_step5_C0 .. HR_xeff_CalDelScan_step5_C15
[17:09:10.415]    DEBUG: <PixTest.cc/efficiencyMaps:L426> booking xray maps for unmasked detector
[17:09:10.454]    DEBUG: <PixTest.cc/efficiencyMaps:L396>       attempt #0
[17:09:11.119]     INFO: Expecting 41600 events.
[17:09:14.525]     INFO: 41600 events read in total (2880ms).
[17:09:14.529]     INFO: Test took 4075ms.
[17:09:14.607]     INFO: Fetched DAQ statistics. Counters are being reset now.
[17:09:14.607]    DEBUG: <PixTest.cc/efficiencyMaps:L407>  eff result size = 470362
[17:09:14.607]    DEBUG: <PixTest.cc/efficiencyMaps:L412> Create hists HR_xeff_CalDelScan_step6_C0 .. HR_xeff_CalDelScan_step6_C15
[17:09:14.607]    DEBUG: <PixTest.cc/efficiencyMaps:L426> booking xray maps for unmasked detector
[17:09:14.647]    DEBUG: <PixTest.cc/efficiencyMaps:L396>       attempt #0
[17:09:15.312]     INFO: Expecting 41600 events.
[17:09:18.720]     INFO: 41600 events read in total (2881ms).
[17:09:18.723]     INFO: Test took 4076ms.
[17:09:18.802]     INFO: Fetched DAQ statistics. Counters are being reset now.
[17:09:18.802]    DEBUG: <PixTest.cc/efficiencyMaps:L407>  eff result size = 469278
[17:09:18.802]    DEBUG: <PixTest.cc/efficiencyMaps:L412> Create hists HR_xeff_CalDelScan_step7_C0 .. HR_xeff_CalDelScan_step7_C15
[17:09:18.802]    DEBUG: <PixTest.cc/efficiencyMaps:L426> booking xray maps for unmasked detector
[17:09:18.841]    DEBUG: <PixTest.cc/efficiencyMaps:L396>       attempt #0
[17:09:19.506]     INFO: Expecting 41600 events.
[17:09:22.917]     INFO: 41600 events read in total (2884ms).
[17:09:22.920]     INFO: Test took 4079ms.
[17:09:22.997]     INFO: Fetched DAQ statistics. Counters are being reset now.
[17:09:22.997]    DEBUG: <PixTest.cc/efficiencyMaps:L407>  eff result size = 469489
[17:09:22.997]    DEBUG: <PixTest.cc/efficiencyMaps:L412> Create hists HR_xeff_CalDelScan_step8_C0 .. HR_xeff_CalDelScan_step8_C15
[17:09:22.997]    DEBUG: <PixTest.cc/efficiencyMaps:L426> booking xray maps for unmasked detector
[17:09:23.037]    DEBUG: <PixTest.cc/efficiencyMaps:L396>       attempt #0
[17:09:23.702]     INFO: Expecting 41600 events.
[17:09:27.112]     INFO: 41600 events read in total (2884ms).
[17:09:27.115]     INFO: Test took 4078ms.
[17:09:27.193]     INFO: Fetched DAQ statistics. Counters are being reset now.
[17:09:27.193]    DEBUG: <PixTest.cc/efficiencyMaps:L407>  eff result size = 469302
[17:09:27.193]    DEBUG: <PixTest.cc/efficiencyMaps:L412> Create hists HR_xeff_CalDelScan_step9_C0 .. HR_xeff_CalDelScan_step9_C15
[17:09:27.193]    DEBUG: <PixTest.cc/efficiencyMaps:L426> booking xray maps for unmasked detector
[17:09:27.232]    DEBUG: <PixTest.cc/efficiencyMaps:L396>       attempt #0
[17:09:27.897]     INFO: Expecting 41600 events.
[17:09:31.314]     INFO: 41600 events read in total (2891ms).
[17:09:31.318]     INFO: Test took 4086ms.
[17:09:31.396]     INFO: Fetched DAQ statistics. Counters are being reset now.
[17:09:31.396]    DEBUG: <PixTest.cc/efficiencyMaps:L407>  eff result size = 469681
[17:09:31.396]    DEBUG: <PixTest.cc/efficiencyMaps:L412> Create hists HR_xeff_CalDelScan_step10_C0 .. HR_xeff_CalDelScan_step10_C15
[17:09:31.396]    DEBUG: <PixTest.cc/efficiencyMaps:L426> booking xray maps for unmasked detector
[17:09:31.435]    DEBUG: <PixTest.cc/efficiencyMaps:L396>       attempt #0
[17:09:32.100]     INFO: Expecting 41600 events.
[17:09:35.509]     INFO: 41600 events read in total (2882ms).
[17:09:35.513]     INFO: Test took 4078ms.
[17:09:35.590]     INFO: Fetched DAQ statistics. Counters are being reset now.
[17:09:35.590]    DEBUG: <PixTest.cc/efficiencyMaps:L407>  eff result size = 470379
[17:09:35.590]    DEBUG: <PixTest.cc/efficiencyMaps:L412> Create hists HR_xeff_CalDelScan_step11_C0 .. HR_xeff_CalDelScan_step11_C15
[17:09:35.590]    DEBUG: <PixTest.cc/efficiencyMaps:L426> booking xray maps for unmasked detector
[17:09:35.630]    DEBUG: <PixTest.cc/efficiencyMaps:L396>       attempt #0
[17:09:36.295]     INFO: Expecting 41600 events.
[17:09:39.710]     INFO: 41600 events read in total (2888ms).
[17:09:39.713]     INFO: Test took 4083ms.
[17:09:39.790]     INFO: Fetched DAQ statistics. Counters are being reset now.
[17:09:39.790]    DEBUG: <PixTest.cc/efficiencyMaps:L407>  eff result size = 469486
[17:09:39.790]    DEBUG: <PixTest.cc/efficiencyMaps:L412> Create hists HR_xeff_CalDelScan_step12_C0 .. HR_xeff_CalDelScan_step12_C15
[17:09:39.790]    DEBUG: <PixTest.cc/efficiencyMaps:L426> booking xray maps for unmasked detector
[17:09:39.829]    DEBUG: <PixTest.cc/efficiencyMaps:L396>       attempt #0
[17:09:40.495]     INFO: Expecting 41600 events.
[17:09:43.918]     INFO: 41600 events read in total (2897ms).
[17:09:43.922]     INFO: Test took 4093ms.
[17:09:43.999]     INFO: Fetched DAQ statistics. Counters are being reset now.
[17:09:43.999]    DEBUG: <PixTest.cc/efficiencyMaps:L407>  eff result size = 468113
[17:09:43.999]    DEBUG: <PixTest.cc/efficiencyMaps:L412> Create hists HR_xeff_CalDelScan_step13_C0 .. HR_xeff_CalDelScan_step13_C15
[17:09:43.999]    DEBUG: <PixTest.cc/efficiencyMaps:L426> booking xray maps for unmasked detector
[17:09:44.038]    DEBUG: <PixTest.cc/efficiencyMaps:L396>       attempt #0
[17:09:44.703]     INFO: Expecting 41600 events.
[17:09:48.113]     INFO: 41600 events read in total (2883ms).
[17:09:48.116]     INFO: Test took 4078ms.
[17:09:48.192]     INFO: Fetched DAQ statistics. Counters are being reset now.
[17:09:48.193]    DEBUG: <PixTest.cc/efficiencyMaps:L407>  eff result size = 468279
[17:09:48.193]    DEBUG: <PixTest.cc/efficiencyMaps:L412> Create hists HR_xeff_CalDelScan_step14_C0 .. HR_xeff_CalDelScan_step14_C15
[17:09:48.193]    DEBUG: <PixTest.cc/efficiencyMaps:L426> booking xray maps for unmasked detector
[17:09:48.232]    DEBUG: <PixTest.cc/efficiencyMaps:L396>       attempt #0
[17:09:48.897]     INFO: Expecting 41600 events.
[17:09:52.303]     INFO: 41600 events read in total (2879ms).
[17:09:52.307]     INFO: Test took 4075ms.
[17:09:52.383]     INFO: Fetched DAQ statistics. Counters are being reset now.
[17:09:52.383]    DEBUG: <PixTest.cc/efficiencyMaps:L407>  eff result size = 468307
[17:09:52.383]    DEBUG: <PixTest.cc/efficiencyMaps:L412> Create hists HR_xeff_CalDelScan_step15_C0 .. HR_xeff_CalDelScan_step15_C15
[17:09:52.384]    DEBUG: <PixTest.cc/efficiencyMaps:L426> booking xray maps for unmasked detector
[17:09:52.423]    DEBUG: <PixTest.cc/efficiencyMaps:L396>       attempt #0
[17:09:53.088]     INFO: Expecting 41600 events.
[17:09:56.502]     INFO: 41600 events read in total (2887ms).
[17:09:56.505]     INFO: Test took 4082ms.
[17:09:56.583]     INFO: Fetched DAQ statistics. Counters are being reset now.
[17:09:56.583]    DEBUG: <PixTest.cc/efficiencyMaps:L407>  eff result size = 468301
[17:09:56.583]    DEBUG: <PixTest.cc/efficiencyMaps:L412> Create hists HR_xeff_CalDelScan_step16_C0 .. HR_xeff_CalDelScan_step16_C15
[17:09:56.584]    DEBUG: <PixTest.cc/efficiencyMaps:L426> booking xray maps for unmasked detector
[17:09:56.623]    DEBUG: <PixTest.cc/efficiencyMaps:L396>       attempt #0
[17:09:57.288]     INFO: Expecting 41600 events.
[17:10:00.690]     INFO: 41600 events read in total (2875ms).
[17:10:00.694]     INFO: Test took 4071ms.
[17:10:00.772]     INFO: Fetched DAQ statistics. Counters are being reset now.
[17:10:00.772]    DEBUG: <PixTest.cc/efficiencyMaps:L407>  eff result size = 468406
[17:10:00.772]    DEBUG: <PixTest.cc/efficiencyMaps:L412> Create hists HR_xeff_CalDelScan_step17_C0 .. HR_xeff_CalDelScan_step17_C15
[17:10:00.773]    DEBUG: <PixTest.cc/efficiencyMaps:L426> booking xray maps for unmasked detector
[17:10:00.812]    DEBUG: <PixTest.cc/efficiencyMaps:L396>       attempt #0
[17:10:01.477]     INFO: Expecting 41600 events.
[17:10:04.859]     INFO: 41600 events read in total (2856ms).
[17:10:04.863]     INFO: Test took 4051ms.
[17:10:04.940]     INFO: Fetched DAQ statistics. Counters are being reset now.
[17:10:04.940]    DEBUG: <PixTest.cc/efficiencyMaps:L407>  eff result size = 468814
[17:10:04.940]    DEBUG: <PixTest.cc/efficiencyMaps:L412> Create hists HR_xeff_CalDelScan_step18_C0 .. HR_xeff_CalDelScan_step18_C15
[17:10:04.941]    DEBUG: <PixTest.cc/efficiencyMaps:L426> booking xray maps for unmasked detector
[17:10:04.980]    DEBUG: <PixTest.cc/efficiencyMaps:L396>       attempt #0
[17:10:05.645]     INFO: Expecting 41600 events.
[17:10:08.892]     INFO: 41600 events read in total (2720ms).
[17:10:08.895]     INFO: Test took 3915ms.
[17:10:08.971]     INFO: Fetched DAQ statistics. Counters are being reset now.
[17:10:08.971]    DEBUG: <PixTest.cc/efficiencyMaps:L407>  eff result size = 459760
[17:10:08.972]    DEBUG: <PixTest.cc/efficiencyMaps:L412> Create hists HR_xeff_CalDelScan_step19_C0 .. HR_xeff_CalDelScan_step19_C15
[17:10:08.972]    DEBUG: <PixTest.cc/efficiencyMaps:L426> booking xray maps for unmasked detector
[17:10:09.231]    DEBUG: <PixTestHighRate.cc/doCalDelScan:L422> roc  0: caldel = 157 eff = 0.999663
[17:10:09.232]    DEBUG: <PixTestHighRate.cc/doCalDelScan:L422> roc  1: caldel = 158 eff = 0.999712
[17:10:09.232]    DEBUG: <PixTestHighRate.cc/doCalDelScan:L422> roc  2: caldel = 158 eff = 0.999351
[17:10:09.232]    DEBUG: <PixTestHighRate.cc/doCalDelScan:L422> roc  3: caldel = 125 eff = 0.961707
[17:10:09.232]    DEBUG: <PixTestHighRate.cc/doCalDelScan:L422> roc  4: caldel = 161 eff = 0.998846
[17:10:09.232]    DEBUG: <PixTestHighRate.cc/doCalDelScan:L422> roc  5: caldel = 158 eff = 0.998894
[17:10:09.232]    DEBUG: <PixTestHighRate.cc/doCalDelScan:L422> roc  6: caldel = 167 eff = 0.998846
[17:10:09.233]    DEBUG: <PixTestHighRate.cc/doCalDelScan:L422> roc  7: caldel = 150 eff = 0.997764
[17:10:09.233]    DEBUG: <PixTestHighRate.cc/doCalDelScan:L422> roc  8: caldel = 131 eff = 0.997668
[17:10:09.233]    DEBUG: <PixTestHighRate.cc/doCalDelScan:L422> roc  9: caldel = 158 eff = 0.997308
[17:10:09.233]    DEBUG: <PixTestHighRate.cc/doCalDelScan:L422> roc 10: caldel = 135 eff = 0.969303
[17:10:09.233]    DEBUG: <PixTestHighRate.cc/doCalDelScan:L422> roc 11: caldel = 163 eff = 0.997644
[17:10:09.233]    DEBUG: <PixTestHighRate.cc/doCalDelScan:L422> roc 12: caldel = 154 eff = 0.997284
[17:10:09.234]    DEBUG: <PixTestHighRate.cc/doCalDelScan:L422> roc 13: caldel = 152 eff = 0.997861
[17:10:09.234]    DEBUG: <PixTestHighRate.cc/doCalDelScan:L422> roc 14: caldel = 157 eff = 0.933558
[17:10:09.234]    DEBUG: <PixTestHighRate.cc/doCalDelScan:L422> roc 15: caldel = 155 eff = 0.998293
[17:10:13.504]    DEBUG: <PixTab.cc/buttonClicked:L308> xxxPressed():  xpixelalive
[17:10:13.504]    DEBUG: <PixTestHighRate.cc/runCommand:L157> running command: xpixelalive
[17:10:13.504]     INFO:    ----------------------------------------------------------------------
[17:10:13.504]     INFO:    PixTestHighRate::xPixelAlive() ntrig = 50, vcal = 200
[17:10:13.504]     INFO:    ----------------------------------------------------------------------
[17:10:13.504]    DEBUG: <PixTestHighRate.cc/doXPixelAlive:L451>  old set: clk: 4
[17:10:13.504]    DEBUG: <PixTestHighRate.cc/doXPixelAlive:L451>  old set: ctr: 4
[17:10:13.504]    DEBUG: <PixTestHighRate.cc/doXPixelAlive:L451>  old set: sda: 19
[17:10:13.504]    DEBUG: <PixTestHighRate.cc/doXPixelAlive:L451>  old set: tin: 9
[17:10:13.504]    DEBUG: <PixTestHighRate.cc/doXPixelAlive:L451>  old set: level: 15
[17:10:13.504]    DEBUG: <PixTestHighRate.cc/doXPixelAlive:L451>  old set: triggerdelay: 0
[17:10:13.504]    DEBUG: <PixTestHighRate.cc/doXPixelAlive:L467>  setting: clk: 4
[17:10:13.504]    DEBUG: <PixTestHighRate.cc/doXPixelAlive:L467>  setting: ctr: 4
[17:10:13.504]    DEBUG: <PixTestHighRate.cc/doXPixelAlive:L467>  setting: sda: 19
[17:10:13.504]    DEBUG: <PixTestHighRate.cc/doXPixelAlive:L467>  setting: tin: 9
[17:10:13.504]    DEBUG: <PixTestHighRate.cc/doXPixelAlive:L467>  setting: level: 15
[17:10:13.504]    DEBUG: <PixTestHighRate.cc/doXPixelAlive:L467>  setting: triggerdelay: 20
[17:10:13.534]     INFO: ROC 10 masking pixel 22/11
[17:10:13.534]     INFO: ROC 10 masking pixel 22/19
[17:10:13.534]     INFO: ROC 10 masking pixel 22/23
[17:10:13.534]     INFO: ROC 10 masking pixel 22/27
[17:10:13.534]     INFO: ROC 10 masking pixel 22/32
[17:10:13.534]     INFO: ROC 10 masking pixel 22/42
[17:10:13.535]     INFO: ROC 10 masking pixel 22/45
[17:10:13.535]     INFO: ROC 10 masking pixel 22/46
[17:10:13.535]     INFO: ROC 10 masking pixel 22/47
[17:10:13.535]     INFO: ROC 10 masking pixel 22/48
[17:10:13.535]     INFO: ROC 10 masking pixel 22/49
[17:10:13.535]     INFO: ROC 10 masking pixel 22/57
[17:10:13.535]     INFO: ROC 10 masking pixel 22/61
[17:10:13.535]     INFO: ROC 10 masking pixel 22/65
[17:10:13.535]     INFO: ROC 10 masking pixel 22/66
[17:10:13.535]     INFO: ROC 10 masking pixel 22/69
[17:10:13.535]     INFO: ROC 10 masking pixel 22/77
[17:10:13.535]     INFO: ROC 14 masking pixel 0/22
[17:10:13.535]     INFO: ROC 14 masking pixel 0/35
[17:10:13.535]     INFO: ROC 14 masking pixel 0/37
[17:10:13.535]     INFO: ROC 14 masking pixel 0/42
[17:10:13.535]     INFO: ROC 14 masking pixel 0/45
[17:10:13.535]     INFO: ROC 14 masking pixel 0/46
[17:10:13.535]     INFO: ROC 14 masking pixel 0/52
[17:10:13.535]     INFO: ROC 14 masking pixel 0/54
[17:10:13.535]     INFO: ROC 14 masking pixel 0/76
[17:10:13.535]     INFO: ROC 14 masking pixel 1/49
[17:10:13.535]     INFO: ROC 14 masking pixel 2/66
[17:10:13.535]     INFO: ROC 14 masking pixel 3/55
[17:10:13.535]     INFO: ROC 14 masking pixel 3/62
[17:10:13.535]     INFO: ROC 14 masking pixel 4/79
[17:10:13.535]     INFO: ROC 14 masking pixel 5/58
[17:10:13.535]     INFO: ROC 14 masking pixel 5/62
[17:10:13.535]     INFO: ROC 14 masking pixel 5/68
[17:10:13.535]     INFO: ROC 14 masking pixel 6/52
[17:10:13.535]     INFO: ROC 14 masking pixel 6/77
[17:10:13.535]     INFO: ROC 14 masking pixel 8/43
[17:10:13.535]     INFO: ROC 14 masking pixel 8/73
[17:10:13.535]     INFO: ROC 14 masking pixel 9/48
[17:10:13.535]     INFO: ROC 14 masking pixel 9/79
[17:10:13.535]     INFO: ROC 14 masking pixel 10/57
[17:10:13.535]     INFO: ROC 14 masking pixel 11/48
[17:10:13.535]     INFO: ROC 14 masking pixel 11/79
[17:10:13.535]     INFO: ROC 14 masking pixel 12/58
[17:10:13.535]     INFO: ROC 14 masking pixel 13/52
[17:10:13.535]     INFO: ROC 14 masking pixel 15/54
[17:10:13.535]     INFO: ROC 14 masking pixel 15/56
[17:10:13.535]     INFO: ROC 14 masking pixel 16/57
[17:10:13.535]     INFO: ROC 14 masking pixel 26/79
[17:10:13.535]     INFO: ROC 14 masking pixel 31/44
[17:10:13.535]     INFO: ROC 14 masking pixel 32/57
[17:10:13.535]     INFO: ROC 14 masking pixel 38/35
[17:10:13.535]     INFO: ROC 14 masking pixel 38/42
[17:10:13.535]     INFO: ROC 14 masking pixel 39/57
[17:10:13.535]     INFO: ROC 14 masking pixel 43/71
[17:10:13.535]     INFO: ROC 14 masking pixel 46/46
[17:10:13.535]     INFO: ROC 14 masking pixel 47/74
[17:10:13.535]     INFO: ROC 14 masking pixel 48/34
[17:10:13.535]     INFO: ROC 14 masking pixel 48/47
[17:10:13.535]     INFO: ROC 14 masking pixel 48/51
[17:10:13.535]     INFO: ROC 14 masking pixel 50/39
[17:10:13.535]     INFO: ROC 14 masking pixel 50/44
[17:10:13.535]     INFO: ROC 14 masking pixel 50/72
[17:10:13.536]    DEBUG: <PixTest.cc/efficiencyMaps:L396>       attempt #0
[17:10:14.201]     INFO: Expecting 208000 events.
[17:10:27.140]     INFO: 208000 events read in total (12412ms).
[17:10:27.152]     INFO: Test took 13616ms.
[17:10:27.501]     INFO: Fetched DAQ statistics. Counters are being reset now.
[17:10:27.501]    DEBUG: <PixTest.cc/efficiencyMaps:L407>  eff result size = 2049969
[17:10:27.502]    DEBUG: <PixTest.cc/efficiencyMaps:L412> Create hists highRate_C0 .. highRate_C15
[17:10:27.502]    DEBUG: <PixTest.cc/efficiencyMaps:L426> booking xray maps for unmasked detector
[17:10:27.869]     INFO: number of dead pixels (per ROC):     0    0    0  133    0    0    0    5    0    0  122    0    0    0  205    0
[17:10:27.869]     INFO: number of red-efficiency pixels:   150  105  166  490  271  285  257  263  252  277  177  292  277  176  962  115
[17:10:27.869]     INFO: number of X-ray hits detected:    84844 65488 107903 134364 168755 170178 168960 137866 149372 177418 21973 165120 168345 107828 71757 83703
[17:10:27.869]     INFO: number of triggers sent (total per ROC):  208000 208000 208000 208000 208000 208000 208000 208000 208000 208000 208000 208000 208000 208000 208000 208000
[17:10:27.869]     INFO: number of Vcal hits detected:  207846 207894 207828 200038 207720 207703 207736 207459 207738 207710 201840 207699 207712 207816 196922 207883
[17:10:27.869]     INFO: Vcal hit fiducial efficiency (%):  99.9 100.0 99.9 99.3 99.9 99.9 99.9 99.9 99.9 99.9 100.0 99.9 99.9 99.9 99.6 99.9
[17:10:27.869]     INFO: Vcal hit overall efficiency (%):  99.9 99.9 99.9 96.2 99.9 99.9 99.9 99.7 99.9 99.9 97.0 99.9 99.9 99.9 94.7 99.9
[17:10:27.869]     INFO: X-ray hit rate [MHz/cm2]:  24.9 19.2 31.6 39.4 49.5 49.9 49.5 40.4 43.8 52.0 6.4 48.4 49.3 31.6 21.0 24.5
[17:10:27.869]     INFO: PixTestHighRate::doXPixelAlive() done
[17:10:27.915]    DEBUG: <PixTestHighRate.cc/doXPixelAlive:L586>  resetting: clk: 4
[17:10:27.915]    DEBUG: <PixTestHighRate.cc/doXPixelAlive:L586>  resetting: ctr: 4
[17:10:27.915]    DEBUG: <PixTestHighRate.cc/doXPixelAlive:L586>  resetting: sda: 19
[17:10:27.915]    DEBUG: <PixTestHighRate.cc/doXPixelAlive:L586>  resetting: tin: 9
[17:10:27.915]    DEBUG: <PixTestHighRate.cc/doXPixelAlive:L586>  resetting: level: 15
[17:10:27.915]    DEBUG: <PixTestHighRate.cc/doXPixelAlive:L586>  resetting: triggerdelay: 0
[17:10:27.915]     INFO: PixTest::       pg_setup set to default.
[17:10:33.328]    DEBUG: <PixGui.cc/handleButtons:L396> PixGui::exit called
[17:10:33.329]    DEBUG: <PixGui.cc/CloseWindow:L335> Final Analog Current: 390.7mA
[17:10:33.329]    DEBUG: <PixGui.cc/CloseWindow:L336> Final Digital Current: 627.1mA
[17:10:33.329]    DEBUG: <PixGui.cc/CloseWindow:L337> Final Module Temperature: -0.4 C
[17:10:33.330]    DEBUG: <PixTestBBMap.cc/~PixTestBBMap:L97> PixTestBBMap dtor
[17:10:33.330]    DEBUG: <PixTestBB2Map.cc/~PixTestBB2Map:L115> PixTestBB2Map dtor
[17:10:33.330]    DEBUG: <PixTestBB3Map.cc/~PixTestBB3Map:L99> PixTestBB3Map dtor
[17:10:33.330]    DEBUG: <PixTestBB4Map.cc/~PixTestBB4Map:L118> PixTestBB4Map dtor
[17:10:33.330]    DEBUG: <PixTestCmd.cc/~PixTestCmd:L78> PixTestCmd dtor
[17:10:33.330]    DEBUG: <PixTestDaq.cc/~PixTestDaq:L37> PixTestDaq dtor
[17:10:33.330]    DEBUG: <PixTestDacDacScan.cc/~PixTestDacDacScan:L136> PixTestDacDacScan dtor
[17:10:33.330]    DEBUG: <PixTestDacScan.cc/~PixTestDacScan:L129> PixTestDacScan dtor
[17:10:33.330]    DEBUG: <PixTestGainPedestal.cc/~PixTestGainPedestal:L125> PixTestGainPedestal dtor
[17:10:33.330]    DEBUG: <PixTestHighRate.cc/~PixTestHighRate:L245> PixTestHighRate dtor
[17:10:33.409]    DEBUG: <PixTestIV.cc/~PixTestIV:L96> PixTestIV dtor
[17:10:33.409]    DEBUG: <PixTestAlive.cc/~PixTestAlive:L109> PixTestAlive dtor
[17:10:33.409]    DEBUG: <PixTestPretest.cc/~PixTestPretest:L136> PixTestPretest dtor
[17:10:33.409]    DEBUG: <PixTestReadback.cc/~PixTestReadback:L89> PixTestReadback dtor, saving tree ... 
[17:10:33.409]    DEBUG: <PixTestScurves.cc/~PixTestScurves:L142> PixTestScurves dtor
[17:10:33.409]    DEBUG: <PixTestTiming.cc/~PixTestTiming:L97> PixTestTiming dtor
[17:10:33.409]    DEBUG: <PixTestTrim.cc/~PixTestTrim:L103> PixTestTrim dtor
[17:10:33.409]    DEBUG: <PixTestXray.cc/~PixTestXray:L217> PixTestXray dtor
[17:10:33.412]    QUIET: Connection to board 58 closed.
[17:10:33.491]    DEBUG: <PixMonitor.cc/dumpSummaries:L39> PixMonitor::dumpSummaries
