[16:08:30.999]     INFO: *** Welcome to pxar ***
[16:08:30.999]     INFO: *** Today: 2016/02/11
[16:08:31.016]     INFO: *** Version: prod-12-105-g46f2
[16:08:31.016]     INFO: readRocDacs: ./data/mj220/dacParameters35_C0.dat .. ./data/mj220/dacParameters35_C15.dat
[16:08:31.017]     INFO: readTbmDacs: ./data/mj220/tbmParameters_C0a.dat .. ./data/mj220/tbmParameters_C0b.dat
[16:08:31.017]     INFO: readMaskFile: ./data/mj220/defaultMaskFile.dat
[16:08:31.017]     INFO: readTrimFile: ./data/mj220/trimParameters35_C0.dat .. ./data/mj220/trimParameters35_C15.dat
[16:08:31.173]     INFO:         clk: 4
[16:08:31.173]     INFO:         ctr: 4
[16:08:31.173]     INFO:         sda: 19
[16:08:31.173]     INFO:         tin: 9
[16:08:31.173]     INFO:         level: 15
[16:08:31.173]     INFO:         triggerdelay: 0
[16:08:31.173]    QUIET: Instanciating API for pxar prod-12
[16:08:31.173]     INFO: Log level: DEBUG
[16:08:31.184]    QUIET: Connection to board DTB_WRPRHI opened.
[16:08:31.187]     INFO: DTB startup information
--- DTB info------------------------------------------
Board id:    58
HW version:  DTB1.2
FW version:  4.2
SW version:  4.5
USB id:      DTB_WRPRHI
MAC address: 40D85511803A
Hostname:    pixelDTB058
Comment:     
------------------------------------------------------
[16:08:31.190]     INFO: RPC call hashes of host and DTB match: 398089610
[16:08:32.793]     INFO: DUT info: 
[16:08:32.793]     INFO: The DUT currently contains the following objects:
[16:08:32.793]     INFO:  2 TBM Cores tbm08c (2 ON)
[16:08:32.793]     INFO: 	TBM Core alpha (0): 7 registers set
[16:08:32.793]     INFO: 	TBM Core beta  (1): 7 registers set
[16:08:32.793]     INFO: 16 ROCs psi46digv21respin (16 ON) with 4160 pixelConfigs
[16:08:32.793]     INFO: 	ROC 0: 19 DACs set, Pixels: 0 masked, 0 active.
[16:08:32.793]     INFO: 	ROC 1: 19 DACs set, Pixels: 0 masked, 0 active.
[16:08:32.793]     INFO: 	ROC 2: 19 DACs set, Pixels: 0 masked, 0 active.
[16:08:32.793]     INFO: 	ROC 3: 19 DACs set, Pixels: 0 masked, 0 active.
[16:08:32.793]     INFO: 	ROC 4: 19 DACs set, Pixels: 0 masked, 0 active.
[16:08:32.793]     INFO: 	ROC 5: 19 DACs set, Pixels: 0 masked, 0 active.
[16:08:32.793]     INFO: 	ROC 6: 19 DACs set, Pixels: 0 masked, 0 active.
[16:08:32.793]     INFO: 	ROC 7: 19 DACs set, Pixels: 0 masked, 0 active.
[16:08:32.793]     INFO: 	ROC 8: 19 DACs set, Pixels: 0 masked, 0 active.
[16:08:32.793]     INFO: 	ROC 9: 19 DACs set, Pixels: 0 masked, 0 active.
[16:08:32.793]     INFO: 	ROC 10: 19 DACs set, Pixels: 0 masked, 0 active.
[16:08:32.793]     INFO: 	ROC 11: 19 DACs set, Pixels: 0 masked, 0 active.
[16:08:32.793]     INFO: 	ROC 12: 19 DACs set, Pixels: 0 masked, 0 active.
[16:08:32.793]     INFO: 	ROC 13: 19 DACs set, Pixels: 0 masked, 0 active.
[16:08:32.793]     INFO: 	ROC 14: 19 DACs set, Pixels: 0 masked, 0 active.
[16:08:32.793]     INFO: 	ROC 15: 19 DACs set, Pixels: 0 masked, 0 active.
[16:08:32.794]    DEBUG: <PixTestParameters.cc/dump:L104> PixTestParameters: ->BB<-
[16:08:32.794]    DEBUG: <PixTestParameters.cc/dump:L107>   dumpall: checkbox(0)
[16:08:32.794]    DEBUG: <PixTestParameters.cc/dump:L107>   dumpproblematic: checkbox(0)
[16:08:32.794]    DEBUG: <PixTestParameters.cc/dump:L107>   ntrig: 5
[16:08:32.794]    DEBUG: <PixTestParameters.cc/dump:L107>   vcals: 250
[16:08:32.794]    DEBUG: <PixTestParameters.cc/dump:L104> PixTestParameters: ->BB2<-
[16:08:32.794]    DEBUG: <PixTestParameters.cc/dump:L107>   ntrig: 10
[16:08:32.794]    DEBUG: <PixTestParameters.cc/dump:L107>   vcals: 222
[16:08:32.794]    DEBUG: <PixTestParameters.cc/dump:L107>   plwidth: 35
[16:08:32.794]    DEBUG: <PixTestParameters.cc/dump:L107>   pix: 11,20
[16:08:32.794]    DEBUG: <PixTestParameters.cc/dump:L107>   targetia: 24
[16:08:32.794]    DEBUG: <PixTestParameters.cc/dump:L104> PixTestParameters: ->BB3<-
[16:08:32.794]    DEBUG: <PixTestParameters.cc/dump:L107>   dumpall: checkbox(0)
[16:08:32.794]    DEBUG: <PixTestParameters.cc/dump:L107>   dumpproblematic: checkbox(0)
[16:08:32.794]    DEBUG: <PixTestParameters.cc/dump:L107>   ntrig: 5
[16:08:32.794]    DEBUG: <PixTestParameters.cc/dump:L107>   vcals: 250
[16:08:32.794]    DEBUG: <PixTestParameters.cc/dump:L104> PixTestParameters: ->BB4<-
[16:08:32.794]    DEBUG: <PixTestParameters.cc/dump:L107>   savecaldelscan: checkbox(0)
[16:08:32.794]    DEBUG: <PixTestParameters.cc/dump:L107>   ntrig: 100
[16:08:32.794]    DEBUG: <PixTestParameters.cc/dump:L107>   cals: 1
[16:08:32.794]    DEBUG: <PixTestParameters.cc/dump:L107>   caldello: 80
[16:08:32.794]    DEBUG: <PixTestParameters.cc/dump:L107>   caldelhi: 200
[16:08:32.794]    DEBUG: <PixTestParameters.cc/dump:L107>   caldelstep: 10
[16:08:32.794]    DEBUG: <PixTestParameters.cc/dump:L107>   vthrcomplo: 70
[16:08:32.794]    DEBUG: <PixTestParameters.cc/dump:L107>   vthrcomphi: 130
[16:08:32.794]    DEBUG: <PixTestParameters.cc/dump:L107>   vthrcompstep: 5
[16:08:32.794]    DEBUG: <PixTestParameters.cc/dump:L107>   noisypixels: 10
[16:08:32.794]    DEBUG: <PixTestParameters.cc/dump:L107>   vcal: 255
[16:08:32.794]    DEBUG: <PixTestParameters.cc/dump:L107>   cut: 0.5
[16:08:32.794]    DEBUG: <PixTestParameters.cc/dump:L104> PixTestParameters: ->Cmd<-
[16:08:32.794]    DEBUG: <PixTestParameters.cc/dump:L104> PixTestParameters: ->DAQ<-
[16:08:32.794]    DEBUG: <PixTestParameters.cc/dump:L107>   delaytbm: checkbox
[16:08:32.794]    DEBUG: <PixTestParameters.cc/dump:L107>   filltree: checkbox
[16:08:32.794]    DEBUG: <PixTestParameters.cc/dump:L107>   trgfrequency(khz): 100
[16:08:32.794]    DEBUG: <PixTestParameters.cc/dump:L107>   maskhotpixels: button
[16:08:32.795]    DEBUG: <PixTestParameters.cc/dump:L107>   trgnumber: 5
[16:08:32.795]    DEBUG: <PixTestParameters.cc/dump:L107>   iterations: 10
[16:08:32.795]    DEBUG: <PixTestParameters.cc/dump:L107>   rundaqtrg: button
[16:08:32.795]    DEBUG: <PixTestParameters.cc/dump:L107>   daqseconds: 5
[16:08:32.795]    DEBUG: <PixTestParameters.cc/dump:L107>   rundaqseconds: button
[16:08:32.795]    DEBUG: <PixTestParameters.cc/dump:L104> PixTestParameters: ->DacDacScan<-
[16:08:32.795]    DEBUG: <PixTestParameters.cc/dump:L107>   phmap: checkbox
[16:08:32.795]    DEBUG: <PixTestParameters.cc/dump:L107>   ntrig: 10
[16:08:32.795]    DEBUG: <PixTestParameters.cc/dump:L107>   dac1: caldel
[16:08:32.795]    DEBUG: <PixTestParameters.cc/dump:L107>   dac1lo: 0
[16:08:32.795]    DEBUG: <PixTestParameters.cc/dump:L107>   dac1hi: 255
[16:08:32.795]    DEBUG: <PixTestParameters.cc/dump:L107>   dac2: vthrcomp
[16:08:32.795]    DEBUG: <PixTestParameters.cc/dump:L107>   dac2lo: 0
[16:08:32.795]    DEBUG: <PixTestParameters.cc/dump:L107>   dac2hi: 255
[16:08:32.795]    DEBUG: <PixTestParameters.cc/dump:L107>   pix: 11,20
[16:08:32.795]    DEBUG: <PixTestParameters.cc/dump:L104> PixTestParameters: ->DacScan<-
[16:08:32.795]    DEBUG: <PixTestParameters.cc/dump:L107>   phmap: checkbox(1)
[16:08:32.795]    DEBUG: <PixTestParameters.cc/dump:L107>   allpixels: checkbox(0)
[16:08:32.795]    DEBUG: <PixTestParameters.cc/dump:L107>   unmasked: checkbox(0)
[16:08:32.795]    DEBUG: <PixTestParameters.cc/dump:L107>   ntrig: 10
[16:08:32.795]    DEBUG: <PixTestParameters.cc/dump:L107>   dac: vcal
[16:08:32.795]    DEBUG: <PixTestParameters.cc/dump:L107>   daclo: 0
[16:08:32.795]    DEBUG: <PixTestParameters.cc/dump:L107>   dachi: 255
[16:08:32.795]    DEBUG: <PixTestParameters.cc/dump:L107>   pix: 11,20
[16:08:32.795]    DEBUG: <PixTestParameters.cc/dump:L104> PixTestParameters: ->GainPedestal<-
[16:08:32.795]    DEBUG: <PixTestParameters.cc/dump:L107>   showfits: checkbox(0)
[16:08:32.795]    DEBUG: <PixTestParameters.cc/dump:L107>   extended: checkbox(0)
[16:08:32.795]    DEBUG: <PixTestParameters.cc/dump:L107>   dumphists: checkbox(0)
[16:08:32.795]    DEBUG: <PixTestParameters.cc/dump:L107>   ntrig: 10
[16:08:32.795]    DEBUG: <PixTestParameters.cc/dump:L107>   vcalstep: 10
[16:08:32.795]    DEBUG: <PixTestParameters.cc/dump:L107>   measure: button
[16:08:32.795]    DEBUG: <PixTestParameters.cc/dump:L107>   fit: button
[16:08:32.795]    DEBUG: <PixTestParameters.cc/dump:L107>   save: button
[16:08:32.795]    DEBUG: <PixTestParameters.cc/dump:L104> PixTestParameters: ->HighRate<-
[16:08:32.795]    DEBUG: <PixTestParameters.cc/dump:L107>   pix: 11,20
[16:08:32.795]    DEBUG: <PixTestParameters.cc/dump:L107>   trimhotpixels: button
[16:08:32.795]    DEBUG: <PixTestParameters.cc/dump:L107>   trimhotpixelthr: 200
[16:08:32.795]    DEBUG: <PixTestParameters.cc/dump:L107>   runsecondshotpixels: 10
[16:08:32.795]    DEBUG: <PixTestParameters.cc/dump:L107>   savetrimbits: checkbox(1)
[16:08:32.795]    DEBUG: <PixTestParameters.cc/dump:L107>   maskuntrimmable: checkbox(1)
[16:08:32.795]    DEBUG: <PixTestParameters.cc/dump:L107>   maskhotpixels: button
[16:08:32.795]    DEBUG: <PixTestParameters.cc/dump:L107>   savemaskfile: checkbox(0)
[16:08:32.795]    DEBUG: <PixTestParameters.cc/dump:L107>   maskfilename: default
[16:08:32.795]    DEBUG: <PixTestParameters.cc/dump:L107>   caldelscan: button
[16:08:32.795]    DEBUG: <PixTestParameters.cc/dump:L107>   xpixelalive: button
[16:08:32.795]    DEBUG: <PixTestParameters.cc/dump:L107>   ntrig: 50
[16:08:32.795]    DEBUG: <PixTestParameters.cc/dump:L107>   vcal: 200
[16:08:32.795]    DEBUG: <PixTestParameters.cc/dump:L107>   xnoisemaps: button
[16:08:32.795]    DEBUG: <PixTestParameters.cc/dump:L107>   daclo: 0
[16:08:32.795]    DEBUG: <PixTestParameters.cc/dump:L107>   dachi: 100
[16:08:32.795]    DEBUG: <PixTestParameters.cc/dump:L107>   dacs/step: 20
[16:08:32.795]    DEBUG: <PixTestParameters.cc/dump:L107>   rundaq: button
[16:08:32.795]    DEBUG: <PixTestParameters.cc/dump:L107>   trgfrequency(khz): 20
[16:08:32.795]    DEBUG: <PixTestParameters.cc/dump:L107>   runseconds: 2
[16:08:32.795]    DEBUG: <PixTestParameters.cc/dump:L107>   triggerdelay: 20
[16:08:32.795]    DEBUG: <PixTestParameters.cc/dump:L107>   delaytbm: checkbox
[16:08:32.795]    DEBUG: <PixTestParameters.cc/dump:L107>   filltree: checkbox
[16:08:32.795]    DEBUG: <PixTestParameters.cc/dump:L104> PixTestParameters: ->IV<-
[16:08:32.795]    DEBUG: <PixTestParameters.cc/dump:L107>   port: /dev/FIXME
[16:08:32.796]    DEBUG: <PixTestParameters.cc/dump:L107>   voltagestart: 0
[16:08:32.796]    DEBUG: <PixTestParameters.cc/dump:L107>   voltagestop: 600
[16:08:32.796]    DEBUG: <PixTestParameters.cc/dump:L107>   voltagestep: 5
[16:08:32.796]    DEBUG: <PixTestParameters.cc/dump:L107>   delay: 1
[16:08:32.796]    DEBUG: <PixTestParameters.cc/dump:L107>   compliance(ua): 100
[16:08:32.796]    DEBUG: <PixTestParameters.cc/dump:L104> PixTestParameters: ->PhOptimization<-
[16:08:32.796]    DEBUG: <PixTestParameters.cc/dump:L107>   ntrig: 10
[16:08:32.796]    DEBUG: <PixTestParameters.cc/dump:L107>   safetymarginlow: 20
[16:08:32.796]    DEBUG: <PixTestParameters.cc/dump:L107>   saturationvcal: 100
[16:08:32.796]    DEBUG: <PixTestParameters.cc/dump:L107>   quantilesaturation: 0.98
[16:08:32.796]    DEBUG: <PixTestParameters.cc/dump:L104> PixTestParameters: ->PixelAlive<-
[16:08:32.796]    DEBUG: <PixTestParameters.cc/dump:L107>   ntrig: 10
[16:08:32.796]    DEBUG: <PixTestParameters.cc/dump:L107>   vcal: 200
[16:08:32.796]    DEBUG: <PixTestParameters.cc/dump:L107>   alivetest: button
[16:08:32.796]    DEBUG: <PixTestParameters.cc/dump:L107>   masktest: button
[16:08:32.796]    DEBUG: <PixTestParameters.cc/dump:L107>   addressdecodingtest: button
[16:08:32.796]    DEBUG: <PixTestParameters.cc/dump:L104> PixTestParameters: ->Pretest<-
[16:08:32.796]    DEBUG: <PixTestParameters.cc/dump:L107>   programroc: button
[16:08:32.796]    DEBUG: <PixTestParameters.cc/dump:L107>   targetia: 24
[16:08:32.796]    DEBUG: <PixTestParameters.cc/dump:L107>   setvana: button
[16:08:32.796]    DEBUG: <PixTestParameters.cc/dump:L107>   iterations: 100
[16:08:32.796]    DEBUG: <PixTestParameters.cc/dump:L107>   settimings: button
[16:08:32.796]    DEBUG: <PixTestParameters.cc/dump:L107>   findtiming: button
[16:08:32.796]    DEBUG: <PixTestParameters.cc/dump:L107>   findworkingpixel: button
[16:08:32.796]    DEBUG: <PixTestParameters.cc/dump:L107>   setvthrcompcaldel: button
[16:08:32.796]    DEBUG: <PixTestParameters.cc/dump:L107>   pix: 11,20
[16:08:32.796]    DEBUG: <PixTestParameters.cc/dump:L107>   vcal: 250
[16:08:32.796]    DEBUG: <PixTestParameters.cc/dump:L107>   deltavthrcomp: 50
[16:08:32.796]    DEBUG: <PixTestParameters.cc/dump:L107>   fraccaldel: 0.5
[16:08:32.796]    DEBUG: <PixTestParameters.cc/dump:L107>   ntrig: 5
[16:08:32.796]    DEBUG: <PixTestParameters.cc/dump:L107>   savedacs: button
[16:08:32.796]    DEBUG: <PixTestParameters.cc/dump:L104> PixTestParameters: ->Readback<-
[16:08:32.796]    DEBUG: <PixTestParameters.cc/dump:L107>   calibratevd: button
[16:08:32.796]    DEBUG: <PixTestParameters.cc/dump:L107>   calibrateva: button
[16:08:32.796]    DEBUG: <PixTestParameters.cc/dump:L107>   calibrateia: button
[16:08:32.796]    DEBUG: <PixTestParameters.cc/dump:L107>   readbackvbg: button
[16:08:32.796]    DEBUG: <PixTestParameters.cc/dump:L107>   getcalibratedvbg: button
[16:08:32.796]    DEBUG: <PixTestParameters.cc/dump:L107>   usecalvd: checkbox(1)
[16:08:32.796]    DEBUG: <PixTestParameters.cc/dump:L107>   usecalva: checkbox(0)
[16:08:32.796]    DEBUG: <PixTestParameters.cc/dump:L107>   setvana: button
[16:08:32.796]    DEBUG: <PixTestParameters.cc/dump:L104> PixTestParameters: ->Scurves<-
[16:08:32.796]    DEBUG: <PixTestParameters.cc/dump:L107>   adjustvcal: checkbox(0)
[16:08:32.796]    DEBUG: <PixTestParameters.cc/dump:L107>   dumpall: checkbox(0)
[16:08:32.796]    DEBUG: <PixTestParameters.cc/dump:L107>   dumpproblematic: checkbox(0)
[16:08:32.796]    DEBUG: <PixTestParameters.cc/dump:L107>   dumpoutputfile: checkbox(0)
[16:08:32.796]    DEBUG: <PixTestParameters.cc/dump:L107>   ntrig: 50
[16:08:32.796]    DEBUG: <PixTestParameters.cc/dump:L107>   dac: Vcal
[16:08:32.796]    DEBUG: <PixTestParameters.cc/dump:L107>   daclo: 0
[16:08:32.796]    DEBUG: <PixTestParameters.cc/dump:L107>   dachi: 200
[16:08:32.796]    DEBUG: <PixTestParameters.cc/dump:L107>   dacs/step: -1
[16:08:32.796]    DEBUG: <PixTestParameters.cc/dump:L107>   ntrig/step: -1
[16:08:32.796]    DEBUG: <PixTestParameters.cc/dump:L107>   scurves: button
[16:08:32.796]    DEBUG: <PixTestParameters.cc/dump:L104> PixTestParameters: ->Timing<-
[16:08:32.796]    DEBUG: <PixTestParameters.cc/dump:L107>   targetclk: 4
[16:08:32.796]    DEBUG: <PixTestParameters.cc/dump:L107>   ntrig: 10
[16:08:32.796]    DEBUG: <PixTestParameters.cc/dump:L107>   clocksdascan: button
[16:08:32.796]    DEBUG: <PixTestParameters.cc/dump:L107>   notokenpass: checkbox(0)
[16:08:32.796]    DEBUG: <PixTestParameters.cc/dump:L107>   phasescan: button
[16:08:32.797]    DEBUG: <PixTestParameters.cc/dump:L107>   levelscan: button
[16:08:32.797]    DEBUG: <PixTestParameters.cc/dump:L107>   tbmphasescan: button
[16:08:32.797]    DEBUG: <PixTestParameters.cc/dump:L107>   rocdelayscan: button
[16:08:32.797]    DEBUG: <PixTestParameters.cc/dump:L107>   timingtest: button
[16:08:32.797]    DEBUG: <PixTestParameters.cc/dump:L107>   saveparameters: button
[16:08:32.797]    DEBUG: <PixTestParameters.cc/dump:L104> PixTestParameters: ->Trim<-
[16:08:32.797]    DEBUG: <PixTestParameters.cc/dump:L107>   trim: button
[16:08:32.797]    DEBUG: <PixTestParameters.cc/dump:L107>   ntrig: 8
[16:08:32.797]    DEBUG: <PixTestParameters.cc/dump:L107>   vcal: 35
[16:08:32.797]    DEBUG: <PixTestParameters.cc/dump:L107>   trimbits: button
[16:08:32.797]    DEBUG: <PixTestParameters.cc/dump:L104> PixTestParameters: ->Xray<-
[16:08:32.797]    DEBUG: <PixTestParameters.cc/dump:L107>   maskhotpixels: button
[16:08:32.797]    DEBUG: <PixTestParameters.cc/dump:L107>   savemaskfile: checkbox(0)
[16:08:32.797]    DEBUG: <PixTestParameters.cc/dump:L107>   maskfilename: default
[16:08:32.797]    DEBUG: <PixTestParameters.cc/dump:L107>   source: Ag
[16:08:32.797]    DEBUG: <PixTestParameters.cc/dump:L107>   phrun: button
[16:08:32.797]    DEBUG: <PixTestParameters.cc/dump:L107>   runseconds: 100
[16:08:32.797]    DEBUG: <PixTestParameters.cc/dump:L107>   trgfrequency(khz): 100
[16:08:32.797]    DEBUG: <PixTestParameters.cc/dump:L107>   ratescan: button
[16:08:32.797]    DEBUG: <PixTestParameters.cc/dump:L107>   vthrcompmin: 10
[16:08:32.797]    DEBUG: <PixTestParameters.cc/dump:L107>   vthrcompmax: 80
[16:08:32.797]    DEBUG: <PixTestParameters.cc/dump:L107>   stepseconds: 5
[16:08:32.797]    DEBUG: <PixTestParameters.cc/dump:L107>   delaytbm: checkbox
[16:08:32.797]    DEBUG: <PixTestParameters.cc/dump:L107>   filltree: checkbox
[16:08:32.799]    DEBUG: <PixSetup.cc/init:L81> PixSetup init start; getCurrentRSS() = 31395840
[16:08:32.799]    DEBUG: <PixSetup.cc/init:L87> fPixTestParameters = 0x21ef7c0
[16:08:32.799]    DEBUG: <PixSetup.cc/init:L88>  fConfigParameters = 0x217dc40
[16:08:32.799]    DEBUG: <PixSetup.cc/init:L89>        fPxarMemory = 0x7fd265d94010
[16:08:32.799]    DEBUG: <PixSetup.cc/init:L90>         fPxarMemHi = 0x7fd26bfff510
[16:08:32.799]    DEBUG: <PixSetup.cc/init:L106> PixSetup init done;  getCurrentRSS() = 31404032 fPxarMemory = 0x7fd265d94010
[16:08:32.800]    DEBUG: <pXar.cc/main:L223> Initial Analog Current: 387.5mA
[16:08:32.802]    DEBUG: <pXar.cc/main:L224> Initial Digital Current: 627.1mA
[16:08:32.802]    DEBUG: <pXar.cc/main:L225> Initial Module Temperature: -1.5 C
[16:08:33.324]    DEBUG: <PixGui.cc/hvOn:L460> HV set On: 0x27c63c0
[16:08:33.388]    DEBUG: <PixTestFactory.cc/PixTestFactory:L53> PixTestFactory::PixTestFactory()
[16:08:33.388]    DEBUG: <PixTestBBMap.cc/init:L79> PixTestBBMap::init()
[16:08:33.388]    DEBUG: <PixTestBBMap.cc/PixTestBBMap:L27> PixTestBBMap ctor(PixSetup &a, string, TGTab *)
[16:08:33.394]    DEBUG: <PixTestBB2Map.cc/setParameter:L58> setting fTargetIa    = 24 mA/ROC
[16:08:33.394]    DEBUG: <PixTestBB2Map.cc/init:L97> PixTestBB2Map::init()
[16:08:33.394]    DEBUG: <PixTestBB2Map.cc/PixTestBB2Map:L29> PixTestBB2Map ctor(PixSetup &a, string, TGTab *)
[16:08:33.403]    DEBUG: <PixTestBB3Map.cc/init:L81> PixTestBB3Map::init()
[16:08:33.403]    DEBUG: <PixTestBB3Map.cc/PixTestBB3Map:L29> PixTestBB3Map ctor(PixSetup &a, string, TGTab *)
[16:08:33.415]    DEBUG: <PixTestBB4Map.cc/init:L93> PixTestBB4Map::init()
[16:08:33.415]    DEBUG: <PixTestBB4Map.cc/PixTestBB4Map:L26> PixTestMapeff ctor(PixSetup &a, string, TGTab *)
[16:08:33.439]     INFO: PixTestCmd::init()
[16:08:33.460]    DEBUG: <PixTestDaq.cc/init:L44> PixTestDaq::init()
[16:08:33.460]    DEBUG: <PixTestDaq.cc/PixTestDaq:L22> PixTestDaq ctor(PixSetup &a, string, TGTab *)
[16:08:33.460]     INFO: readGainPedestalParameters ./data/mj220/phCalibrationFitErr35_C0.dat .. ./data/mj220/phCalibrationFitErr35_C15.dat
[16:08:33.701]    DEBUG: <PixTestDacDacScan.cc/init:L103> PixTestDacDacScan::init()
[16:08:33.701]    DEBUG: <PixTestDacDacScan.cc/PixTestDacDacScan:L22> PixTestDacDacScan ctor(PixSetup &a, string, TGTab *)
[16:08:33.718]    DEBUG: <PixTestGainPedestal.cc/setParameter:L83> PixTestGainPedestal::PixTest() fVcalStep = 10
[16:08:33.724]    DEBUG: <PixTestHighRate.cc/setParameter:L68>   setting fParTriggerFrequency -> 20
[16:08:33.724]    DEBUG: <PixTestHighRate.cc/init:L198> PixTestHighRate::init()
[16:08:33.724]    DEBUG: <PixTestHighRate.cc/PixTestHighRate:L31> PixTestHighRate ctor(PixSetup &a, string, TGTab *)
[16:08:33.749]    DEBUG: <PixTest.cc/setTestParameter:L637>  setting  ntrig to new value 10
[16:08:33.749]    DEBUG: <PixTestPhOptimization.cc/setParameter:L37>   setting fParNtrig  ->10<- from sval = 10
[16:08:33.749]    DEBUG: <PixTestPhOptimization.cc/setParameter:L42>   setting fSafetyMarginLow  ->20<- from sval = 20
[16:08:33.749]    DEBUG: <PixTestPhOptimization.cc/setParameter:L48>   setting fVcalMax  ->100<- from sval = 100
[16:08:33.749]    DEBUG: <PixTestPhOptimization.cc/setParameter:L53>   setting fQuantMax  ->0.98<- from sval = 0.98
[16:08:33.756]    DEBUG: <PixTestAlive.cc/init:L77> PixTestAlive::init()
[16:08:33.756]    DEBUG: <PixTestAlive.cc/PixTestAlive:L21> PixTestAlive ctor(PixSetup &a, string, TGTab *)
[16:08:33.774]    DEBUG: <PixTestReadback.cc/setParameter:L172> fCalwVd set to 1
[16:08:33.774]    DEBUG: <PixTestReadback.cc/init:L95> PixTestReadback::init()
[16:08:33.774]    DEBUG: <PixTestReadback.cc/PixTestReadback:L22> PixTestReadback ctor(PixSetup &a, string, TGTab *)
[16:08:33.775]     INFO: readReadbackCal: ./data/mj220/readbackCal_C0.dat .. ./data/mj220/readbackCal_C15.dat
[16:08:33.784]    DEBUG: <PixTestScurves.cc/setParameter:L93> set fOutputFilename = 
[16:08:33.792]    DEBUG: <PixTestTiming.cc/setParameter:L60> PixTestTiming::PixTest() targetclk = 4
[16:08:33.792]    DEBUG: <PixTestTiming.cc/setParameter:L64> PixTestTiming::PixTest() ntrig = 10
[16:08:33.792]    DEBUG: <PixTestTiming.cc/setParameter:L48> fNoTokenPass: 0
[16:08:33.792]    DEBUG: <PixTestTiming.cc/init:L74> PixTestTiming::init()
[16:08:33.812]    DEBUG: <PixTestXray.cc/init:L134> PixTestXray::init()
[16:08:33.812]    DEBUG: <PixTestXray.cc/PixTestXray:L28> PixTestXray ctor(PixSetup &a, string, TGTab *)
[16:08:38.064]     INFO: ######################################################################
[16:08:38.064]     INFO: PixTestAlive::doTest()
[16:08:38.064]     INFO: ######################################################################
[16:08:38.068]     INFO:    ----------------------------------------------------------------------
[16:08:38.068]     INFO:    PixTestAlive::aliveTest() ntrig = 10, vcal = 200 (ctrlreg = 0 0 0 0 0 0 0 0 0 0 0 0 0 0 0 0)
[16:08:38.068]     INFO:    ----------------------------------------------------------------------
[16:08:38.070]    DEBUG: <PixTest.cc/efficiencyMaps:L396>       attempt #0
[16:08:38.448]     INFO: Expecting 41600 events.
[16:08:42.793]     INFO: 41600 events read in total (3626ms).
[16:08:42.942]     INFO: Test took 4872ms.
[16:08:42.954]     INFO: Fetched DAQ statistics. Counters are being reset now.
[16:08:42.954]    DEBUG: <PixTest.cc/efficiencyMaps:L407>  eff result size = 62114
[16:08:42.954]    DEBUG: <PixTest.cc/efficiencyMaps:L412> Create hists PixelAlive_C0 .. PixelAlive_C15
[16:08:43.227]     INFO: PixTestAlive::aliveTest() done
[16:08:43.227]     INFO: number of dead pixels (per ROC):     0    0    0  147    0    0    0    5    0    0 4134    0    0    0  160    0
[16:08:43.227]    DEBUG: <PixTestAlive.cc/aliveTest:L188> number of red-efficiency pixels:     0    0    0  152    0    0    0    5    0    0 4158    0    0    0  160    0
[16:08:43.253]     INFO:    ----------------------------------------------------------------------
[16:08:43.253]     INFO:    PixTestAlive::maskTest() ntrig = 10, vcal = 200 (ctrlreg = 0 0 0 0 0 0 0 0 0 0 0 0 0 0 0 0)
[16:08:43.253]     INFO:    ----------------------------------------------------------------------
[16:08:43.255]    DEBUG: <PixTest.cc/efficiencyMaps:L396>       attempt #0
[16:08:43.629]     INFO: Expecting 41600 events.
[16:08:46.748]     INFO: 41600 events read in total (2404ms).
[16:08:46.748]     INFO: Test took 3493ms.
[16:08:46.748]     INFO: Fetched DAQ statistics. Counters are being reset now.
[16:08:46.748]    DEBUG: <PixTest.cc/efficiencyMaps:L407>  eff result size = 0
[16:08:46.748]    DEBUG: <PixTest.cc/efficiencyMaps:L412> Create hists MaskTest_C0 .. MaskTest_C15
[16:08:46.749]     INFO: mask vs. old pixelAlive PixelAlive_C0_V0 ..  PixelAlive_C15_V0
[16:08:47.172]     INFO: PixTestAlive::maskTest() done
[16:08:47.172]     INFO: number of mask-defect pixels (per ROC):     0    0    0    0    0    0    0    0    0    0    0    0    0    0    0    0
[16:08:47.192]     INFO:    ----------------------------------------------------------------------
[16:08:47.192]     INFO:    PixTestAlive::addressDecodingTest() ntrig = 10, vcal = 200 (ctrlreg = 0 0 0 0 0 0 0 0 0 0 0 0 0 0 0 0)
[16:08:47.192]     INFO:    ----------------------------------------------------------------------
[16:08:47.195]    DEBUG: <PixTest.cc/efficiencyMaps:L396>       attempt #0
[16:08:47.572]     INFO: Expecting 41600 events.
[16:08:51.910]     INFO: 41600 events read in total (3623ms).
[16:08:51.912]     INFO: Test took 4717ms.
[16:08:51.921]     INFO: Fetched DAQ statistics. Counters are being reset now.
[16:08:51.921]    DEBUG: <PixTest.cc/efficiencyMaps:L407>  eff result size = 62112
[16:08:51.921]    DEBUG: <PixTest.cc/efficiencyMaps:L412> Create hists AddressDecodingTest_C0 .. AddressDecodingTest_C15
[16:08:52.293]     INFO: PixTestAlive::addressDecodingTest() done
[16:08:52.293]     INFO: number of address-decoding pixels (per ROC):     0    0    0    0    0    0    0    0    0    0    0    0    0    0    0    0
[16:08:52.293]     INFO: PixTestAlive::doTest() done, duration: 14 seconds
[16:08:58.733]    DEBUG: <PixTest.cc/moduleMap:L1029> moduleMap histname: what
[16:08:58.733]    DEBUG: <PixTest.cc/moduleMap:L1039> h1->GetName() = AddressDecodingTest_C12_V0 -> AddressDecodingTest_mod
[16:09:02.181]    DEBUG: <PixTest.cc/moduleMap:L1029> moduleMap histname: what
[16:09:02.181]    DEBUG: <PixTest.cc/moduleMap:L1039> h1->GetName() = PixelAlive_C5_V0 -> PixelAlive_mod
[16:10:01.133]    DEBUG: <PixTab.cc/boxChecked:L317> xxxPressed():  savemaskfile
[16:10:01.581]    DEBUG: <PixTab.cc/buttonClicked:L308> xxxPressed():  maskhotpixels
[16:10:01.581]    DEBUG: <PixTestXray.cc/runCommand:L108> running command: maskhotpixels
[16:10:01.585]     INFO:    ----------------------------------------------------------------------
[16:10:01.585]     INFO:    PixTest::maskHotPixels() running for 10 seconds with 100 kHz trigger rate
[16:10:01.585]     INFO:    ----------------------------------------------------------------------
[16:10:02.544]     INFO: PixTestHighRate::maskHotPixels start TriggerLoop with period 404 and duration 10 seconds and trigger rate 100 kHz
[16:10:11.586]     INFO: Done with hot pixel readout
[16:10:26.742]     INFO: PixTest::       pg_setup set to default.
[16:10:26.742]    DEBUG: <PixTest.cc/maskHotPixels:L2355> hot pixel determination with THR = 10
[16:10:26.743]    DEBUG: <PixTest.cc/maskHotPixels:L2365> ROC 10 with hot pixel 22/11,  hits = 21199
[16:10:26.743]    DEBUG: <PixTest.cc/maskHotPixels:L2365> ROC 10 with hot pixel 22/19,  hits = 4251
[16:10:26.743]    DEBUG: <PixTest.cc/maskHotPixels:L2365> ROC 10 with hot pixel 22/23,  hits = 98
[16:10:26.743]    DEBUG: <PixTest.cc/maskHotPixels:L2365> ROC 10 with hot pixel 22/27,  hits = 1947
[16:10:26.743]    DEBUG: <PixTest.cc/maskHotPixels:L2365> ROC 10 with hot pixel 22/32,  hits = 298
[16:10:26.743]    DEBUG: <PixTest.cc/maskHotPixels:L2365> ROC 10 with hot pixel 22/42,  hits = 21887
[16:10:26.743]    DEBUG: <PixTest.cc/maskHotPixels:L2365> ROC 10 with hot pixel 22/45,  hits = 1270
[16:10:26.743]    DEBUG: <PixTest.cc/maskHotPixels:L2365> ROC 10 with hot pixel 22/46,  hits = 1498
[16:10:26.743]    DEBUG: <PixTest.cc/maskHotPixels:L2365> ROC 10 with hot pixel 22/47,  hits = 466
[16:10:26.743]    DEBUG: <PixTest.cc/maskHotPixels:L2365> ROC 10 with hot pixel 22/48,  hits = 318
[16:10:26.743]    DEBUG: <PixTest.cc/maskHotPixels:L2365> ROC 10 with hot pixel 22/49,  hits = 14803
[16:10:26.743]    DEBUG: <PixTest.cc/maskHotPixels:L2365> ROC 10 with hot pixel 22/57,  hits = 13955
[16:10:26.743]    DEBUG: <PixTest.cc/maskHotPixels:L2365> ROC 10 with hot pixel 22/61,  hits = 12606
[16:10:26.743]    DEBUG: <PixTest.cc/maskHotPixels:L2365> ROC 10 with hot pixel 22/65,  hits = 1413
[16:10:26.743]    DEBUG: <PixTest.cc/maskHotPixels:L2365> ROC 10 with hot pixel 22/66,  hits = 21732
[16:10:26.743]    DEBUG: <PixTest.cc/maskHotPixels:L2365> ROC 10 with hot pixel 22/69,  hits = 21620
[16:10:26.743]    DEBUG: <PixTest.cc/maskHotPixels:L2365> ROC 10 with hot pixel 22/77,  hits = 19047
[16:10:26.743]    DEBUG: <PixTest.cc/maskHotPixels:L2365> ROC 14 with hot pixel 0/22,  hits = 11
[16:10:26.743]    DEBUG: <PixTest.cc/maskHotPixels:L2365> ROC 14 with hot pixel 0/35,  hits = 45
[16:10:26.743]    DEBUG: <PixTest.cc/maskHotPixels:L2365> ROC 14 with hot pixel 0/37,  hits = 52
[16:10:26.743]    DEBUG: <PixTest.cc/maskHotPixels:L2365> ROC 14 with hot pixel 0/42,  hits = 24
[16:10:26.743]    DEBUG: <PixTest.cc/maskHotPixels:L2365> ROC 14 with hot pixel 0/45,  hits = 66
[16:10:26.743]    DEBUG: <PixTest.cc/maskHotPixels:L2365> ROC 14 with hot pixel 0/46,  hits = 161
[16:10:26.743]    DEBUG: <PixTest.cc/maskHotPixels:L2365> ROC 14 with hot pixel 0/52,  hits = 61
[16:10:26.743]    DEBUG: <PixTest.cc/maskHotPixels:L2365> ROC 14 with hot pixel 0/54,  hits = 104
[16:10:26.743]    DEBUG: <PixTest.cc/maskHotPixels:L2365> ROC 14 with hot pixel 0/76,  hits = 151
[16:10:26.743]    DEBUG: <PixTest.cc/maskHotPixels:L2365> ROC 14 with hot pixel 1/49,  hits = 20
[16:10:26.743]    DEBUG: <PixTest.cc/maskHotPixels:L2365> ROC 14 with hot pixel 2/66,  hits = 17
[16:10:26.743]    DEBUG: <PixTest.cc/maskHotPixels:L2365> ROC 14 with hot pixel 3/55,  hits = 23
[16:10:26.743]    DEBUG: <PixTest.cc/maskHotPixels:L2365> ROC 14 with hot pixel 3/62,  hits = 14
[16:10:26.743]    DEBUG: <PixTest.cc/maskHotPixels:L2365> ROC 14 with hot pixel 4/79,  hits = 102
[16:10:26.744]    DEBUG: <PixTest.cc/maskHotPixels:L2365> ROC 14 with hot pixel 5/58,  hits = 12
[16:10:26.744]    DEBUG: <PixTest.cc/maskHotPixels:L2365> ROC 14 with hot pixel 5/62,  hits = 14
[16:10:26.744]    DEBUG: <PixTest.cc/maskHotPixels:L2365> ROC 14 with hot pixel 5/68,  hits = 42
[16:10:26.744]    DEBUG: <PixTest.cc/maskHotPixels:L2365> ROC 14 with hot pixel 6/52,  hits = 32
[16:10:26.744]    DEBUG: <PixTest.cc/maskHotPixels:L2365> ROC 14 with hot pixel 6/77,  hits = 19
[16:10:26.744]    DEBUG: <PixTest.cc/maskHotPixels:L2365> ROC 14 with hot pixel 8/43,  hits = 13
[16:10:26.744]    DEBUG: <PixTest.cc/maskHotPixels:L2365> ROC 14 with hot pixel 8/73,  hits = 42
[16:10:26.744]    DEBUG: <PixTest.cc/maskHotPixels:L2365> ROC 14 with hot pixel 9/48,  hits = 12
[16:10:26.744]    DEBUG: <PixTest.cc/maskHotPixels:L2365> ROC 14 with hot pixel 9/79,  hits = 13
[16:10:26.744]    DEBUG: <PixTest.cc/maskHotPixels:L2365> ROC 14 with hot pixel 10/57,  hits = 14
[16:10:26.744]    DEBUG: <PixTest.cc/maskHotPixels:L2365> ROC 14 with hot pixel 11/48,  hits = 56
[16:10:26.744]    DEBUG: <PixTest.cc/maskHotPixels:L2365> ROC 14 with hot pixel 11/79,  hits = 56
[16:10:26.744]    DEBUG: <PixTest.cc/maskHotPixels:L2365> ROC 14 with hot pixel 12/58,  hits = 14
[16:10:26.744]    DEBUG: <PixTest.cc/maskHotPixels:L2365> ROC 14 with hot pixel 13/52,  hits = 25
[16:10:26.744]    DEBUG: <PixTest.cc/maskHotPixels:L2365> ROC 14 with hot pixel 15/54,  hits = 21
[16:10:26.744]    DEBUG: <PixTest.cc/maskHotPixels:L2365> ROC 14 with hot pixel 15/56,  hits = 15
[16:10:26.744]    DEBUG: <PixTest.cc/maskHotPixels:L2365> ROC 14 with hot pixel 16/57,  hits = 32
[16:10:26.744]    DEBUG: <PixTest.cc/maskHotPixels:L2365> ROC 14 with hot pixel 26/79,  hits = 12
[16:10:26.744]    DEBUG: <PixTest.cc/maskHotPixels:L2365> ROC 14 with hot pixel 31/44,  hits = 11
[16:10:26.744]    DEBUG: <PixTest.cc/maskHotPixels:L2365> ROC 14 with hot pixel 32/57,  hits = 12
[16:10:26.744]    DEBUG: <PixTest.cc/maskHotPixels:L2365> ROC 14 with hot pixel 38/35,  hits = 13
[16:10:26.744]    DEBUG: <PixTest.cc/maskHotPixels:L2365> ROC 14 with hot pixel 38/42,  hits = 77
[16:10:26.744]    DEBUG: <PixTest.cc/maskHotPixels:L2365> ROC 14 with hot pixel 39/57,  hits = 14
[16:10:26.744]    DEBUG: <PixTest.cc/maskHotPixels:L2365> ROC 14 with hot pixel 43/71,  hits = 58
[16:10:26.744]    DEBUG: <PixTest.cc/maskHotPixels:L2365> ROC 14 with hot pixel 46/46,  hits = 32
[16:10:26.744]    DEBUG: <PixTest.cc/maskHotPixels:L2365> ROC 14 with hot pixel 47/74,  hits = 60
[16:10:26.744]    DEBUG: <PixTest.cc/maskHotPixels:L2365> ROC 14 with hot pixel 48/34,  hits = 153
[16:10:26.744]    DEBUG: <PixTest.cc/maskHotPixels:L2365> ROC 14 with hot pixel 48/47,  hits = 15
[16:10:26.744]    DEBUG: <PixTest.cc/maskHotPixels:L2365> ROC 14 with hot pixel 48/51,  hits = 255
[16:10:26.744]    DEBUG: <PixTest.cc/maskHotPixels:L2365> ROC 14 with hot pixel 50/39,  hits = 174
[16:10:26.744]    DEBUG: <PixTest.cc/maskHotPixels:L2365> ROC 14 with hot pixel 50/44,  hits = 12
[16:10:26.744]    DEBUG: <PixTest.cc/maskHotPixels:L2365> ROC 14 with hot pixel 50/72,  hits = 51
[16:10:26.744]     INFO: 63 hot pixels found!
[16:10:26.744]     INFO: PixTest::maskHotPixels() done
[16:10:26.762]     INFO: write masked pixels into ./data/mj220/defaultMaskFile.dat
[16:10:54.365]    DEBUG: <PixTest.cc/moduleMap:L1029> moduleMap histname: what
[16:11:02.301]    DEBUG: <PixGui.cc/handleButtons:L396> PixGui::exit called
[16:11:02.302]    DEBUG: <PixGui.cc/CloseWindow:L335> Final Analog Current: 390.7mA
[16:11:02.303]    DEBUG: <PixGui.cc/CloseWindow:L336> Final Digital Current: 625.5mA
[16:11:02.303]    DEBUG: <PixGui.cc/CloseWindow:L337> Final Module Temperature: -0.2 C
[16:11:02.303]    DEBUG: <PixTestBBMap.cc/~PixTestBBMap:L97> PixTestBBMap dtor
[16:11:02.303]    DEBUG: <PixTestBB2Map.cc/~PixTestBB2Map:L115> PixTestBB2Map dtor
[16:11:02.303]    DEBUG: <PixTestBB3Map.cc/~PixTestBB3Map:L99> PixTestBB3Map dtor
[16:11:02.303]    DEBUG: <PixTestBB4Map.cc/~PixTestBB4Map:L118> PixTestBB4Map dtor
[16:11:02.303]    DEBUG: <PixTestCmd.cc/~PixTestCmd:L78> PixTestCmd dtor
[16:11:02.303]    DEBUG: <PixTestDaq.cc/~PixTestDaq:L37> PixTestDaq dtor
[16:11:02.303]    DEBUG: <PixTestDacDacScan.cc/~PixTestDacDacScan:L136> PixTestDacDacScan dtor
[16:11:02.303]    DEBUG: <PixTestDacScan.cc/~PixTestDacScan:L129> PixTestDacScan dtor
[16:11:02.303]    DEBUG: <PixTestGainPedestal.cc/~PixTestGainPedestal:L125> PixTestGainPedestal dtor
[16:11:02.303]    DEBUG: <PixTestHighRate.cc/~PixTestHighRate:L245> PixTestHighRate dtor
[16:11:02.303]    DEBUG: <PixTestIV.cc/~PixTestIV:L96> PixTestIV dtor
[16:11:02.304]    DEBUG: <PixTestAlive.cc/~PixTestAlive:L109> PixTestAlive dtor
[16:11:02.361]    DEBUG: <PixTestPretest.cc/~PixTestPretest:L136> PixTestPretest dtor
[16:11:02.361]    DEBUG: <PixTestReadback.cc/~PixTestReadback:L89> PixTestReadback dtor, saving tree ... 
[16:11:02.361]    DEBUG: <PixTestScurves.cc/~PixTestScurves:L142> PixTestScurves dtor
[16:11:02.361]    DEBUG: <PixTestTiming.cc/~PixTestTiming:L97> PixTestTiming dtor
[16:11:02.361]    DEBUG: <PixTestTrim.cc/~PixTestTrim:L103> PixTestTrim dtor
[16:11:02.361]    DEBUG: <PixTestXray.cc/~PixTestXray:L217> PixTestXray dtor
[16:11:02.368]    QUIET: Connection to board 58 closed.
[16:11:02.448]    DEBUG: <PixMonitor.cc/dumpSummaries:L39> PixMonitor::dumpSummaries
