#
#--------LOG from Fri 04 Mar 2016 at 14h:09m:15s ---------
#
WARNING: cannot upload data since no all needed options are defined: section 'Transfer', options: 'host,'port','user','destination'
Subserver is running.

Setting up agente psiAgente ...
	- Testboard 1 at address DTB_WRECOM with Module M-H-2-47 reading configuration from Module_Production 
	- Testboard 2 at address DTB_WWXLHF with Module M-G-3-24 reading configuration from Module_Production 
	- Testboard 3 at address DTB_WRE7QJ with Module M-I-4-46 reading configuration from Module_Production 
Setting up agente highVoltageAgente ...
Setting up agente watchDogAgente ...
Setting up agente analysisAgente ...
Setting up agente coolingBoxAgente ...

Checking whether clients are runnning ...
using default xterm config parameters
Starting psiClient ...
highVoltageAgente: Starting keithleyClient..."xterm  -T 'HighVoltage' +sb -geometry 80x25+1200+1300 -fs 10 -fa 'Mono' -e ../..//elComandante/keithleyClient//keithleyClient.py -d /dev/ttyUSB0 -dir ../..//allTestResults//logfiles/ -ts 1457122155 -iV -150.0" 
Starting coolingBoxClient ...
Command: 'xterm -T 'CoolingBox' +sb -geometry 120x25+1200+0 -fs 10 -fa 'Mono' -e '../..//elComandante/coolingBox//coolingBoxClient.py -d /dev/ttyUSB1  -dir ../..//allTestResults/logfiles''

Checking subscriptions of the clients ...
	/jumo is answering.
	/psi is answering.
	/keithley is answering.
	/el_agente is answering.
	/analysis is answering.
	/jumo is answering.
----------------

The following testboards with modules were found:

	- Testboard 1 at address DTB_WRECOM with module M-H-2-47
	- Testboard 2 at address DTB_WWXLHF with module M-G-3-24
	- Testboard 3 at address DTB_WRE7QJ with module M-I-4-46

The following tests will be executed:

	- FPIXTest@17
	- IV_1@17
	- IV_2@17
	- IV_3@17
----------------

Test 1/4: FPIXTest@17

Preparing test FPIXTest@17 ...
Setting up the directory: /home/silpix5/allTestResults/M-H-2-47_FPIXTest-17C-Nebraska-160304-1409_2016-03-04_14h09m_1457122155//000_FPIXTest_p17/
... with Parameters from: /home/silpix5/ShareTestResults/DefaultConfig/Module_Production
Setting up the directory: /home/silpix5/allTestResults/M-G-3-24_FPIXTest-17C-Nebraska-160304-1409_2016-03-04_14h09m_1457122155//000_FPIXTest_p17/
... with Parameters from: /home/silpix5/ShareTestResults/DefaultConfig/Module_Production
Setting up the directory: /home/silpix5/allTestResults/M-I-4-46_FPIXTest-17C-Nebraska-160304-1409_2016-03-04_14h09m_1457122155//000_FPIXTest_p17/
... with Parameters from: /home/silpix5/ShareTestResults/DefaultConfig/Module_Production
coolingBoxAgente: Setting temperature to 17.0
coolingBoxAgente: Temperature stable at 1457122352
Preparation took 91 seconds (1 min 31 sec)

Executing test FPIXTest@17 ...

Test took 4524 seconds (75 min 24 sec)
Cleaning up after test FPIXTest@17 ...
----------------

Test 2/4: IV_1@17

Preparing test IV_1@17 ...
Setting up the directory: /home/silpix5/allTestResults/M-H-2-47_FPIXTest-17C-Nebraska-160304-1409_2016-03-04_14h09m_1457122155//001_IV_p17/
... with Parameters from: /home/silpix5/ShareTestResults/DefaultConfig/Module_Production
psiAgente: Opening Testboard 1 ...
coolingBoxAgente: Setting temperature to 17.0
coolingBoxAgente: Temperature stable at 1457126878
Preparation took 3 seconds (0 min 3 sec)

Executing test IV_1@17 ...
	--> IV-Curve FINISHED

Test took 310 seconds (5 min 10 sec)
Cleaning up after test IV_1@17 ...
psiAgente: Closing Testboard 1 ...
----------------

Test 3/4: IV_2@17

Preparing test IV_2@17 ...
Setting up the directory: /home/silpix5/allTestResults/M-G-3-24_FPIXTest-17C-Nebraska-160304-1409_2016-03-04_14h09m_1457122155//001_IV_p17/
... with Parameters from: /home/silpix5/ShareTestResults/DefaultConfig/Module_Production
psiAgente: Opening Testboard 2 ...
coolingBoxAgente: Setting temperature to 17.0
coolingBoxAgente: Temperature stable at 1457127193
Preparation took 3 seconds (0 min 3 sec)

Executing test IV_2@17 ...
	--> IV-Curve FINISHED

Test took 335 seconds (5 min 35 sec)
Cleaning up after test IV_2@17 ...
psiAgente: Closing Testboard 2 ...
----------------

Test 4/4: IV_3@17

Preparing test IV_3@17 ...
Setting up the directory: /home/silpix5/allTestResults/M-I-4-46_FPIXTest-17C-Nebraska-160304-1409_2016-03-04_14h09m_1457122155//001_IV_p17/
... with Parameters from: /home/silpix5/ShareTestResults/DefaultConfig/Module_Production
psiAgente: Opening Testboard 3 ...
coolingBoxAgente: Setting temperature to 17.0
coolingBoxAgente: Temperature stable at 1457127531
Preparation took 4 seconds (0 min 4 sec)

Executing test IV_3@17 ...
	--> IV-Curve FINISHED

Test took 347 seconds (5 min 47 sec)
Cleaning up after test IV_3@17 ...
psiAgente: Closing Testboard 3 ...
----------------

Final cleanup after all tests ...
coolingBoxAgente: Temperature stable at 1457127984
Press ENTER when instructed to do so by the twiki
----------------

Finished all tests. Summary of test durations:
    FPIXTest@17                      76 min 56 sec
    IV_1@17                           5 min 13 sec
    IV_2@17                           5 min 38 sec
    IV_3@17                           5 min 51 sec
  --------------------------------------------------
    total                            93 min 39 sec
Press ENTER to terminate the clients. 
Asking clients to quit ...
Subsystem connection closed.
... ...
----------------

