[15:20:43.933]     INFO: *** Welcome to pxar ***
[15:20:43.933]     INFO: *** Today: 2015/12/29
[15:20:43.942]     INFO: *** Version: prod-12
[15:20:43.943]     INFO: readRocDacs: data/mh113//dacParameters35_C0.dat .. data/mh113//dacParameters35_C15.dat
[15:20:43.944]     INFO: readTbmDacs: data/mh113//tbmParameters_C0a.dat .. data/mh113//tbmParameters_C0b.dat
[15:20:43.944]     INFO: readMaskFile: data/mh113//defaultMaskFile.dat
[15:20:43.944]     INFO: readTrimFile: data/mh113//trimParameters35_C0.dat .. data/mh113//trimParameters35_C15.dat
[15:20:44.096]     INFO:         clk: 4
[15:20:44.096]     INFO:         ctr: 4
[15:20:44.096]     INFO:         sda: 19
[15:20:44.096]     INFO:         tin: 9
[15:20:44.096]     INFO:         level: 15
[15:20:44.096]     INFO:         triggerdelay: 0
[15:20:44.096]    QUIET: Instanciating API for pxar prod-12
[15:20:44.096]     INFO: Log level: DEBUG
[15:20:44.107]    QUIET: Connection to board DTB_WRPRHI opened.
[15:20:44.110]     INFO: DTB startup information
--- DTB info------------------------------------------
Board id:    58
HW version:  DTB1.2
FW version:  4.2
SW version:  4.5
USB id:      DTB_WRPRHI
MAC address: 40D85511803A
Hostname:    pixelDTB058
Comment:     
------------------------------------------------------
[15:20:44.113]     INFO: RPC call hashes of host and DTB match: 398089610
[15:20:45.715]     INFO: DUT info: 
[15:20:45.715]     INFO: The DUT currently contains the following objects:
[15:20:45.715]     INFO:  2 TBM Cores tbm08c (2 ON)
[15:20:45.715]     INFO: 	TBM Core alpha (0): 7 registers set
[15:20:45.715]     INFO: 	TBM Core beta  (1): 7 registers set
[15:20:45.715]     INFO: 16 ROCs psi46digv21respin (16 ON) with 4160 pixelConfigs
[15:20:45.715]     INFO: 	ROC 0: 19 DACs set, Pixels: 0 masked, 0 active.
[15:20:45.715]     INFO: 	ROC 1: 19 DACs set, Pixels: 0 masked, 0 active.
[15:20:45.715]     INFO: 	ROC 2: 19 DACs set, Pixels: 0 masked, 0 active.
[15:20:45.715]     INFO: 	ROC 3: 19 DACs set, Pixels: 0 masked, 0 active.
[15:20:45.715]     INFO: 	ROC 4: 19 DACs set, Pixels: 0 masked, 0 active.
[15:20:45.715]     INFO: 	ROC 5: 19 DACs set, Pixels: 0 masked, 0 active.
[15:20:45.715]     INFO: 	ROC 6: 19 DACs set, Pixels: 0 masked, 0 active.
[15:20:45.715]     INFO: 	ROC 7: 19 DACs set, Pixels: 0 masked, 0 active.
[15:20:45.715]     INFO: 	ROC 8: 19 DACs set, Pixels: 0 masked, 0 active.
[15:20:45.715]     INFO: 	ROC 9: 19 DACs set, Pixels: 0 masked, 0 active.
[15:20:45.715]     INFO: 	ROC 10: 19 DACs set, Pixels: 0 masked, 0 active.
[15:20:45.715]     INFO: 	ROC 11: 19 DACs set, Pixels: 0 masked, 0 active.
[15:20:45.716]     INFO: 	ROC 12: 19 DACs set, Pixels: 0 masked, 0 active.
[15:20:45.716]     INFO: 	ROC 13: 19 DACs set, Pixels: 0 masked, 0 active.
[15:20:45.716]     INFO: 	ROC 14: 19 DACs set, Pixels: 0 masked, 0 active.
[15:20:45.716]     INFO: 	ROC 15: 19 DACs set, Pixels: 0 masked, 0 active.
[15:20:45.716]    DEBUG: <PixTestParameters.cc/dump:L104> PixTestParameters: ->BB<-
[15:20:45.716]    DEBUG: <PixTestParameters.cc/dump:L107>   dumpall: checkbox(0)
[15:20:45.716]    DEBUG: <PixTestParameters.cc/dump:L107>   dumpproblematic: checkbox(0)
[15:20:45.716]    DEBUG: <PixTestParameters.cc/dump:L107>   ntrig: 5
[15:20:45.716]    DEBUG: <PixTestParameters.cc/dump:L107>   vcals: 250
[15:20:45.716]    DEBUG: <PixTestParameters.cc/dump:L104> PixTestParameters: ->BB2<-
[15:20:45.716]    DEBUG: <PixTestParameters.cc/dump:L107>   ntrig: 10
[15:20:45.716]    DEBUG: <PixTestParameters.cc/dump:L107>   vcals: 222
[15:20:45.716]    DEBUG: <PixTestParameters.cc/dump:L107>   plwidth: 35
[15:20:45.716]    DEBUG: <PixTestParameters.cc/dump:L107>   pix: 11,20
[15:20:45.716]    DEBUG: <PixTestParameters.cc/dump:L107>   targetia: 24
[15:20:45.716]    DEBUG: <PixTestParameters.cc/dump:L104> PixTestParameters: ->BB3<-
[15:20:45.716]    DEBUG: <PixTestParameters.cc/dump:L107>   dumpall: checkbox(0)
[15:20:45.716]    DEBUG: <PixTestParameters.cc/dump:L107>   dumpproblematic: checkbox(0)
[15:20:45.716]    DEBUG: <PixTestParameters.cc/dump:L107>   ntrig: 5
[15:20:45.716]    DEBUG: <PixTestParameters.cc/dump:L107>   vcals: 250
[15:20:45.716]    DEBUG: <PixTestParameters.cc/dump:L104> PixTestParameters: ->BB4<-
[15:20:45.716]    DEBUG: <PixTestParameters.cc/dump:L107>   savecaldelscan: checkbox(0)
[15:20:45.716]    DEBUG: <PixTestParameters.cc/dump:L107>   ntrig: 100
[15:20:45.716]    DEBUG: <PixTestParameters.cc/dump:L107>   cals: 1
[15:20:45.716]    DEBUG: <PixTestParameters.cc/dump:L107>   caldello: 80
[15:20:45.716]    DEBUG: <PixTestParameters.cc/dump:L107>   caldelhi: 200
[15:20:45.716]    DEBUG: <PixTestParameters.cc/dump:L107>   caldelstep: 10
[15:20:45.716]    DEBUG: <PixTestParameters.cc/dump:L107>   vthrcomplo: 70
[15:20:45.716]    DEBUG: <PixTestParameters.cc/dump:L107>   vthrcomphi: 130
[15:20:45.716]    DEBUG: <PixTestParameters.cc/dump:L107>   vthrcompstep: 5
[15:20:45.716]    DEBUG: <PixTestParameters.cc/dump:L107>   noisypixels: 10
[15:20:45.716]    DEBUG: <PixTestParameters.cc/dump:L107>   vcal: 255
[15:20:45.717]    DEBUG: <PixTestParameters.cc/dump:L107>   cut: 0.5
[15:20:45.717]    DEBUG: <PixTestParameters.cc/dump:L104> PixTestParameters: ->Cmd<-
[15:20:45.717]    DEBUG: <PixTestParameters.cc/dump:L104> PixTestParameters: ->DAQ<-
[15:20:45.717]    DEBUG: <PixTestParameters.cc/dump:L107>   delaytbm: checkbox
[15:20:45.717]    DEBUG: <PixTestParameters.cc/dump:L107>   filltree: checkbox
[15:20:45.717]    DEBUG: <PixTestParameters.cc/dump:L107>   trgfrequency(khz): 100
[15:20:45.717]    DEBUG: <PixTestParameters.cc/dump:L107>   maskhotpixels: button
[15:20:45.717]    DEBUG: <PixTestParameters.cc/dump:L107>   trgnumber: 5
[15:20:45.717]    DEBUG: <PixTestParameters.cc/dump:L107>   iterations: 10
[15:20:45.717]    DEBUG: <PixTestParameters.cc/dump:L107>   rundaqtrg: button
[15:20:45.717]    DEBUG: <PixTestParameters.cc/dump:L107>   daqseconds: 5
[15:20:45.717]    DEBUG: <PixTestParameters.cc/dump:L107>   rundaqseconds: button
[15:20:45.717]    DEBUG: <PixTestParameters.cc/dump:L104> PixTestParameters: ->DacDacScan<-
[15:20:45.717]    DEBUG: <PixTestParameters.cc/dump:L107>   phmap: checkbox
[15:20:45.717]    DEBUG: <PixTestParameters.cc/dump:L107>   ntrig: 10
[15:20:45.717]    DEBUG: <PixTestParameters.cc/dump:L107>   dac1: caldel
[15:20:45.717]    DEBUG: <PixTestParameters.cc/dump:L107>   dac1lo: 0
[15:20:45.717]    DEBUG: <PixTestParameters.cc/dump:L107>   dac1hi: 255
[15:20:45.717]    DEBUG: <PixTestParameters.cc/dump:L107>   dac2: vthrcomp
[15:20:45.717]    DEBUG: <PixTestParameters.cc/dump:L107>   dac2lo: 0
[15:20:45.717]    DEBUG: <PixTestParameters.cc/dump:L107>   dac2hi: 255
[15:20:45.717]    DEBUG: <PixTestParameters.cc/dump:L107>   pix: 11,20
[15:20:45.717]    DEBUG: <PixTestParameters.cc/dump:L104> PixTestParameters: ->DacScan<-
[15:20:45.717]    DEBUG: <PixTestParameters.cc/dump:L107>   phmap: checkbox(1)
[15:20:45.717]    DEBUG: <PixTestParameters.cc/dump:L107>   allpixels: checkbox(0)
[15:20:45.717]    DEBUG: <PixTestParameters.cc/dump:L107>   unmasked: checkbox(0)
[15:20:45.717]    DEBUG: <PixTestParameters.cc/dump:L107>   ntrig: 10
[15:20:45.717]    DEBUG: <PixTestParameters.cc/dump:L107>   dac: vcal
[15:20:45.717]    DEBUG: <PixTestParameters.cc/dump:L107>   daclo: 0
[15:20:45.717]    DEBUG: <PixTestParameters.cc/dump:L107>   dachi: 255
[15:20:45.717]    DEBUG: <PixTestParameters.cc/dump:L107>   pix: 11,20
[15:20:45.717]    DEBUG: <PixTestParameters.cc/dump:L104> PixTestParameters: ->GainPedestal<-
[15:20:45.717]    DEBUG: <PixTestParameters.cc/dump:L107>   showfits: checkbox(0)
[15:20:45.717]    DEBUG: <PixTestParameters.cc/dump:L107>   extended: checkbox(0)
[15:20:45.717]    DEBUG: <PixTestParameters.cc/dump:L107>   dumphists: checkbox(0)
[15:20:45.717]    DEBUG: <PixTestParameters.cc/dump:L107>   ntrig: 10
[15:20:45.717]    DEBUG: <PixTestParameters.cc/dump:L107>   vcalstep: 10
[15:20:45.717]    DEBUG: <PixTestParameters.cc/dump:L107>   measure: button
[15:20:45.717]    DEBUG: <PixTestParameters.cc/dump:L107>   fit: button
[15:20:45.717]    DEBUG: <PixTestParameters.cc/dump:L107>   save: button
[15:20:45.717]    DEBUG: <PixTestParameters.cc/dump:L104> PixTestParameters: ->HighRate<-
[15:20:45.717]    DEBUG: <PixTestParameters.cc/dump:L107>   pix: 11,20
[15:20:45.717]    DEBUG: <PixTestParameters.cc/dump:L107>   trimhotpixels: button
[15:20:45.717]    DEBUG: <PixTestParameters.cc/dump:L107>   trimhotpixelthr: 200
[15:20:45.717]    DEBUG: <PixTestParameters.cc/dump:L107>   runsecondshotpixels: 10
[15:20:45.717]    DEBUG: <PixTestParameters.cc/dump:L107>   savetrimbits: checkbox(1)
[15:20:45.717]    DEBUG: <PixTestParameters.cc/dump:L107>   maskuntrimmable: checkbox(1)
[15:20:45.717]    DEBUG: <PixTestParameters.cc/dump:L107>   maskhotpixels: button
[15:20:45.717]    DEBUG: <PixTestParameters.cc/dump:L107>   savemaskfile: checkbox(0)
[15:20:45.717]    DEBUG: <PixTestParameters.cc/dump:L107>   maskfilename: default
[15:20:45.717]    DEBUG: <PixTestParameters.cc/dump:L107>   caldelscan: button
[15:20:45.717]    DEBUG: <PixTestParameters.cc/dump:L107>   xpixelalive: button
[15:20:45.717]    DEBUG: <PixTestParameters.cc/dump:L107>   ntrig: 50
[15:20:45.717]    DEBUG: <PixTestParameters.cc/dump:L107>   vcal: 200
[15:20:45.717]    DEBUG: <PixTestParameters.cc/dump:L107>   xnoisemaps: button
[15:20:45.717]    DEBUG: <PixTestParameters.cc/dump:L107>   daclo: 0
[15:20:45.717]    DEBUG: <PixTestParameters.cc/dump:L107>   dachi: 100
[15:20:45.718]    DEBUG: <PixTestParameters.cc/dump:L107>   dacs/step: 20
[15:20:45.718]    DEBUG: <PixTestParameters.cc/dump:L107>   rundaq: button
[15:20:45.718]    DEBUG: <PixTestParameters.cc/dump:L107>   trgfrequency(khz): 20
[15:20:45.718]    DEBUG: <PixTestParameters.cc/dump:L107>   runseconds: 5
[15:20:45.718]    DEBUG: <PixTestParameters.cc/dump:L107>   triggerdelay: 20
[15:20:45.718]    DEBUG: <PixTestParameters.cc/dump:L107>   delaytbm: checkbox
[15:20:45.718]    DEBUG: <PixTestParameters.cc/dump:L107>   filltree: checkbox
[15:20:45.718]    DEBUG: <PixTestParameters.cc/dump:L104> PixTestParameters: ->IV<-
[15:20:45.718]    DEBUG: <PixTestParameters.cc/dump:L107>   port: /dev/ttyS0
[15:20:45.718]    DEBUG: <PixTestParameters.cc/dump:L107>   voltagestart: 0
[15:20:45.718]    DEBUG: <PixTestParameters.cc/dump:L107>   voltagestop: 600
[15:20:45.718]    DEBUG: <PixTestParameters.cc/dump:L107>   voltagestep: 5
[15:20:45.718]    DEBUG: <PixTestParameters.cc/dump:L107>   delay: 1
[15:20:45.718]    DEBUG: <PixTestParameters.cc/dump:L107>   compliance(ua): 100
[15:20:45.718]    DEBUG: <PixTestParameters.cc/dump:L104> PixTestParameters: ->PhOptimization<-
[15:20:45.718]    DEBUG: <PixTestParameters.cc/dump:L107>   ntrig: 10
[15:20:45.718]    DEBUG: <PixTestParameters.cc/dump:L107>   safetymarginlow: 20
[15:20:45.718]    DEBUG: <PixTestParameters.cc/dump:L107>   saturationvcal: 100
[15:20:45.718]    DEBUG: <PixTestParameters.cc/dump:L107>   quantilesaturation: 0.98
[15:20:45.718]    DEBUG: <PixTestParameters.cc/dump:L104> PixTestParameters: ->PixelAlive<-
[15:20:45.718]    DEBUG: <PixTestParameters.cc/dump:L107>   ntrig: 10
[15:20:45.718]    DEBUG: <PixTestParameters.cc/dump:L107>   vcal: 200
[15:20:45.718]    DEBUG: <PixTestParameters.cc/dump:L107>   alivetest: button
[15:20:45.718]    DEBUG: <PixTestParameters.cc/dump:L107>   masktest: button
[15:20:45.718]    DEBUG: <PixTestParameters.cc/dump:L107>   addressdecodingtest: button
[15:20:45.718]    DEBUG: <PixTestParameters.cc/dump:L104> PixTestParameters: ->Pretest<-
[15:20:45.718]    DEBUG: <PixTestParameters.cc/dump:L107>   programroc: button
[15:20:45.718]    DEBUG: <PixTestParameters.cc/dump:L107>   targetia: 24
[15:20:45.718]    DEBUG: <PixTestParameters.cc/dump:L107>   setvana: button
[15:20:45.718]    DEBUG: <PixTestParameters.cc/dump:L107>   iterations: 100
[15:20:45.718]    DEBUG: <PixTestParameters.cc/dump:L107>   settimings: button
[15:20:45.718]    DEBUG: <PixTestParameters.cc/dump:L107>   findtiming: button
[15:20:45.718]    DEBUG: <PixTestParameters.cc/dump:L107>   findworkingpixel: button
[15:20:45.718]    DEBUG: <PixTestParameters.cc/dump:L107>   setvthrcompcaldel: button
[15:20:45.718]    DEBUG: <PixTestParameters.cc/dump:L107>   pix: 11,20
[15:20:45.718]    DEBUG: <PixTestParameters.cc/dump:L107>   vcal: 250
[15:20:45.718]    DEBUG: <PixTestParameters.cc/dump:L107>   deltavthrcomp: 50
[15:20:45.718]    DEBUG: <PixTestParameters.cc/dump:L107>   fraccaldel: 0.5
[15:20:45.718]    DEBUG: <PixTestParameters.cc/dump:L107>   ntrig: 5
[15:20:45.718]    DEBUG: <PixTestParameters.cc/dump:L107>   savedacs: button
[15:20:45.718]    DEBUG: <PixTestParameters.cc/dump:L104> PixTestParameters: ->Readback<-
[15:20:45.718]    DEBUG: <PixTestParameters.cc/dump:L107>   calibratevd: button
[15:20:45.718]    DEBUG: <PixTestParameters.cc/dump:L107>   calibrateva: button
[15:20:45.718]    DEBUG: <PixTestParameters.cc/dump:L107>   calibrateia: button
[15:20:45.718]    DEBUG: <PixTestParameters.cc/dump:L107>   readbackvbg: button
[15:20:45.718]    DEBUG: <PixTestParameters.cc/dump:L107>   getcalibratedvbg: button
[15:20:45.718]    DEBUG: <PixTestParameters.cc/dump:L107>   usecalvd: checkbox(1)
[15:20:45.718]    DEBUG: <PixTestParameters.cc/dump:L107>   usecalva: checkbox(0)
[15:20:45.718]    DEBUG: <PixTestParameters.cc/dump:L107>   setvana: button
[15:20:45.718]    DEBUG: <PixTestParameters.cc/dump:L104> PixTestParameters: ->Scurves<-
[15:20:45.718]    DEBUG: <PixTestParameters.cc/dump:L107>   adjustvcal: checkbox(0)
[15:20:45.718]    DEBUG: <PixTestParameters.cc/dump:L107>   dumpall: checkbox(0)
[15:20:45.718]    DEBUG: <PixTestParameters.cc/dump:L107>   dumpproblematic: checkbox(0)
[15:20:45.718]    DEBUG: <PixTestParameters.cc/dump:L107>   dumpoutputfile: checkbox(0)
[15:20:45.718]    DEBUG: <PixTestParameters.cc/dump:L107>   ntrig: 50
[15:20:45.718]    DEBUG: <PixTestParameters.cc/dump:L107>   dac: Vcal
[15:20:45.718]    DEBUG: <PixTestParameters.cc/dump:L107>   daclo: 05
[15:20:45.718]    DEBUG: <PixTestParameters.cc/dump:L107>   dachi: 75
[15:20:45.718]    DEBUG: <PixTestParameters.cc/dump:L107>   dacs/step: -1
[15:20:45.718]    DEBUG: <PixTestParameters.cc/dump:L107>   ntrig/step: -1
[15:20:45.718]    DEBUG: <PixTestParameters.cc/dump:L107>   scurves: button
[15:20:45.718]    DEBUG: <PixTestParameters.cc/dump:L104> PixTestParameters: ->Timing<-
[15:20:45.718]    DEBUG: <PixTestParameters.cc/dump:L107>   targetclk: 4
[15:20:45.718]    DEBUG: <PixTestParameters.cc/dump:L107>   ntrig: 10000
[15:20:45.718]    DEBUG: <PixTestParameters.cc/dump:L107>   notokenpass: checkbox(0)
[15:20:45.719]    DEBUG: <PixTestParameters.cc/dump:L107>   ignorereadback: checkbox(0)
[15:20:45.719]    DEBUG: <PixTestParameters.cc/dump:L107>   clocksdascan: button
[15:20:45.719]    DEBUG: <PixTestParameters.cc/dump:L107>   phasescan: button
[15:20:45.719]    DEBUG: <PixTestParameters.cc/dump:L107>   levelscan: button
[15:20:45.719]    DEBUG: <PixTestParameters.cc/dump:L107>   tbmphasescan: button
[15:20:45.719]    DEBUG: <PixTestParameters.cc/dump:L107>   rocdelayscan: button
[15:20:45.719]    DEBUG: <PixTestParameters.cc/dump:L107>   timingtest: button
[15:20:45.719]    DEBUG: <PixTestParameters.cc/dump:L107>   saveparameters: button
[15:20:45.719]    DEBUG: <PixTestParameters.cc/dump:L104> PixTestParameters: ->Trim<-
[15:20:45.719]    DEBUG: <PixTestParameters.cc/dump:L107>   trim: button
[15:20:45.719]    DEBUG: <PixTestParameters.cc/dump:L107>   ntrig: 8
[15:20:45.719]    DEBUG: <PixTestParameters.cc/dump:L107>   vcal: 35
[15:20:45.719]    DEBUG: <PixTestParameters.cc/dump:L107>   trimbits: button
[15:20:45.719]    DEBUG: <PixTestParameters.cc/dump:L104> PixTestParameters: ->Xray<-
[15:20:45.719]    DEBUG: <PixTestParameters.cc/dump:L107>   maskhotpixels: button
[15:20:45.719]    DEBUG: <PixTestParameters.cc/dump:L107>   savemaskfile: checkbox(0)
[15:20:45.719]    DEBUG: <PixTestParameters.cc/dump:L107>   maskfilename: default
[15:20:45.719]    DEBUG: <PixTestParameters.cc/dump:L107>   source: Ag
[15:20:45.719]    DEBUG: <PixTestParameters.cc/dump:L107>   phrun: button
[15:20:45.719]    DEBUG: <PixTestParameters.cc/dump:L107>   runseconds: 240
[15:20:45.719]    DEBUG: <PixTestParameters.cc/dump:L107>   trgfrequency(khz): 100
[15:20:45.719]    DEBUG: <PixTestParameters.cc/dump:L107>   ratescan: button
[15:20:45.719]    DEBUG: <PixTestParameters.cc/dump:L107>   vthrcompmin: 10
[15:20:45.719]    DEBUG: <PixTestParameters.cc/dump:L107>   vthrcompmax: 80
[15:20:45.719]    DEBUG: <PixTestParameters.cc/dump:L107>   stepseconds: 5
[15:20:45.719]    DEBUG: <PixTestParameters.cc/dump:L107>   delaytbm: checkbox
[15:20:45.719]    DEBUG: <PixTestParameters.cc/dump:L107>   filltree: checkbox
[15:20:45.721]    DEBUG: <PixSetup.cc/init:L81> PixSetup init start; getCurrentRSS() = 31367168
[15:20:45.721]    DEBUG: <PixSetup.cc/init:L87> fPixTestParameters = 0x1adee20
[15:20:45.721]    DEBUG: <PixSetup.cc/init:L88>  fConfigParameters = 0x1a6d100
[15:20:45.721]    DEBUG: <PixSetup.cc/init:L89>        fPxarMemory = 0x7fc6a1d94010
[15:20:45.721]    DEBUG: <PixSetup.cc/init:L90>         fPxarMemHi = 0x7fc6a7fff510
[15:20:45.721]    DEBUG: <PixSetup.cc/init:L106> PixSetup init done;  getCurrentRSS() = 31375360 fPxarMemory = 0x7fc6a1d94010
[15:20:45.722]    DEBUG: <pXar.cc/main:L223> Initial Analog Current: 377mA
[15:20:45.724]    DEBUG: <pXar.cc/main:L224> Initial Digital Current: 741.2mA
[15:20:45.724]    DEBUG: <pXar.cc/main:L225> Initial Module Temperature: 3.7 C
[15:20:46.219]    DEBUG: <PixGui.cc/hvOn:L460> HV set On: 0x20b5770
[15:20:46.283]    DEBUG: <PixTestFactory.cc/PixTestFactory:L53> PixTestFactory::PixTestFactory()
[15:20:46.283]    DEBUG: <PixTestBBMap.cc/init:L79> PixTestBBMap::init()
[15:20:46.283]    DEBUG: <PixTestBBMap.cc/PixTestBBMap:L27> PixTestBBMap ctor(PixSetup &a, string, TGTab *)
[15:20:46.289]    DEBUG: <PixTestBB2Map.cc/setParameter:L58> setting fTargetIa    = 24 mA/ROC
[15:20:46.289]    DEBUG: <PixTestBB2Map.cc/init:L97> PixTestBB2Map::init()
[15:20:46.289]    DEBUG: <PixTestBB2Map.cc/PixTestBB2Map:L29> PixTestBB2Map ctor(PixSetup &a, string, TGTab *)
[15:20:46.298]    DEBUG: <PixTestBB3Map.cc/init:L81> PixTestBB3Map::init()
[15:20:46.298]    DEBUG: <PixTestBB3Map.cc/PixTestBB3Map:L29> PixTestBB3Map ctor(PixSetup &a, string, TGTab *)
[15:20:46.306]    DEBUG: <PixTestBB4Map.cc/init:L93> PixTestBB4Map::init()
[15:20:46.306]    DEBUG: <PixTestBB4Map.cc/PixTestBB4Map:L26> PixTestMapeff ctor(PixSetup &a, string, TGTab *)
[15:20:46.328]     INFO: PixTestCmd::init()
[15:20:46.342]    DEBUG: <PixTestDaq.cc/init:L44> PixTestDaq::init()
[15:20:46.342]    DEBUG: <PixTestDaq.cc/PixTestDaq:L22> PixTestDaq ctor(PixSetup &a, string, TGTab *)
[15:20:46.342]     INFO: readGainPedestalParameters data/mh113//phCalibrationFitErr35_C0.dat .. data/mh113//phCalibrationFitErr35_C15.dat
[15:20:46.581]    DEBUG: <PixTestDacDacScan.cc/init:L103> PixTestDacDacScan::init()
[15:20:46.581]    DEBUG: <PixTestDacDacScan.cc/PixTestDacDacScan:L22> PixTestDacDacScan ctor(PixSetup &a, string, TGTab *)
[15:20:46.594]    DEBUG: <PixTestGainPedestal.cc/setParameter:L83> PixTestGainPedestal::PixTest() fVcalStep = 10
[15:20:46.601]    DEBUG: <PixTestHighRate.cc/setParameter:L68>   setting fParTriggerFrequency -> 20
[15:20:46.601]    DEBUG: <PixTestHighRate.cc/init:L198> PixTestHighRate::init()
[15:20:46.601]    DEBUG: <PixTestHighRate.cc/PixTestHighRate:L31> PixTestHighRate ctor(PixSetup &a, string, TGTab *)
[15:20:46.625]    DEBUG: <PixTest.cc/setTestParameter:L637>  setting  ntrig to new value 10
[15:20:46.625]    DEBUG: <PixTestPhOptimization.cc/setParameter:L37>   setting fParNtrig  ->10<- from sval = 10
[15:20:46.625]    DEBUG: <PixTestPhOptimization.cc/setParameter:L42>   setting fSafetyMarginLow  ->20<- from sval = 20
[15:20:46.625]    DEBUG: <PixTestPhOptimization.cc/setParameter:L48>   setting fVcalMax  ->100<- from sval = 100
[15:20:46.625]    DEBUG: <PixTestPhOptimization.cc/setParameter:L53>   setting fQuantMax  ->0.98<- from sval = 0.98
[15:20:46.631]    DEBUG: <PixTestAlive.cc/init:L77> PixTestAlive::init()
[15:20:46.631]    DEBUG: <PixTestAlive.cc/PixTestAlive:L21> PixTestAlive ctor(PixSetup &a, string, TGTab *)
[15:20:46.649]    DEBUG: <PixTestReadback.cc/setParameter:L172> fCalwVd set to 1
[15:20:46.649]    DEBUG: <PixTestReadback.cc/init:L95> PixTestReadback::init()
[15:20:46.649]    DEBUG: <PixTestReadback.cc/PixTestReadback:L22> PixTestReadback ctor(PixSetup &a, string, TGTab *)
[15:20:46.649]     INFO: readReadbackCal: data/mh113//readbackCal_C0.dat .. data/mh113//readbackCal_C15.dat
[15:20:46.660]    DEBUG: <PixTestScurves.cc/setParameter:L93> set fOutputFilename = 
[15:20:46.669]    DEBUG: <PixTestTiming.cc/setParameter:L60> PixTestTiming::PixTest() targetclk = 4
[15:20:46.669]    DEBUG: <PixTestTiming.cc/setParameter:L64> PixTestTiming::PixTest() ntrig = 10000
[15:20:46.669]    DEBUG: <PixTestTiming.cc/setParameter:L48> fNoTokenPass: 0
[15:20:46.669]    DEBUG: <PixTestTiming.cc/setParameter:L55> fIgnoreReadBack: 0
[15:20:46.669]    DEBUG: <PixTestTiming.cc/init:L74> PixTestTiming::init()
[15:20:46.688]    DEBUG: <PixTestXray.cc/init:L134> PixTestXray::init()
[15:20:46.688]    DEBUG: <PixTestXray.cc/PixTestXray:L28> PixTestXray ctor(PixSetup &a, string, TGTab *)
[15:20:51.498]    DEBUG: <PixTab.cc/setParameter:L391> xxxPressed():  ID = 1 -> source to value Cu
[15:20:53.274]     INFO: ######################################################################
[15:20:53.274]     INFO: PixTestXray::doTest()
[15:20:53.274]     INFO: ######################################################################
[15:20:53.274]     INFO:    ----------------------------------------------------------------------
[15:20:53.274]     INFO:    PixTestXray::doPhRun() fParRunSeconds = 240
[15:20:53.274]     INFO:    ----------------------------------------------------------------------
[15:20:54.247]     INFO: PixTestXray::doPhRun start TriggerLoop with trigger frequency 100 kHz, period 405 and duration 240 seconds,  fEventsMax = 24000000
[15:21:11.260]     INFO: run duration 16 seconds, buffer almost full (81%), pausing triggers.
[15:21:11.264]    DEBUG: <PixTestXray.cc/processData:L739> Getting Event Buffer
[15:21:38.733]    DEBUG: <PixTestXray.cc/processData:L757> Processing Data: 1676166 events.
[15:21:38.851]    DEBUG: <PixTestXray.cc/processData:L808>  # events read: 1676166, pixels seen in all events: 137540
[15:21:38.910]     INFO: Resuming triggers.
[15:21:55.918]     INFO: run duration 33 seconds, buffer almost full (81%), pausing triggers.
[15:21:55.941]    DEBUG: <PixTestXray.cc/processData:L739> Getting Event Buffer
[15:22:23.454]    DEBUG: <PixTestXray.cc/processData:L757> Processing Data: 1675547 events.
[15:22:23.575]    DEBUG: <PixTestXray.cc/processData:L808>  # events read: 1675547, pixels seen in all events: 144314
[15:22:23.621]     INFO: Resuming triggers.
[15:22:40.626]     INFO: run duration 50 seconds, buffer almost full (81%), pausing triggers.
[15:22:40.652]    DEBUG: <PixTestXray.cc/processData:L739> Getting Event Buffer
[15:23:08.174]    DEBUG: <PixTestXray.cc/processData:L757> Processing Data: 1675350 events.
[15:23:08.297]    DEBUG: <PixTestXray.cc/processData:L808>  # events read: 1675350, pixels seen in all events: 146853
[15:23:08.344]     INFO: Resuming triggers.
[15:23:25.351]     INFO: run duration 67 seconds, buffer almost full (81%), pausing triggers.
[15:23:25.376]    DEBUG: <PixTestXray.cc/processData:L739> Getting Event Buffer
[15:23:52.783]    DEBUG: <PixTestXray.cc/processData:L757> Processing Data: 1675423 events.
[15:23:52.907]    DEBUG: <PixTestXray.cc/processData:L808>  # events read: 1675423, pixels seen in all events: 145672
[15:23:52.953]     INFO: Resuming triggers.
[15:24:09.959]     INFO: run duration 84 seconds, buffer almost full (81%), pausing triggers.
[15:24:09.987]    DEBUG: <PixTestXray.cc/processData:L739> Getting Event Buffer
[15:24:37.399]    DEBUG: <PixTestXray.cc/processData:L757> Processing Data: 1675399 events.
[15:24:37.525]    DEBUG: <PixTestXray.cc/processData:L808>  # events read: 1675399, pixels seen in all events: 146088
[15:24:37.583]     INFO: Resuming triggers.
[15:24:54.588]     INFO: run duration 101 seconds, buffer almost full (81%), pausing triggers.
[15:24:54.617]    DEBUG: <PixTestXray.cc/processData:L739> Getting Event Buffer
[15:25:22.167]    DEBUG: <PixTestXray.cc/processData:L757> Processing Data: 1675239 events.
[15:25:22.295]    DEBUG: <PixTestXray.cc/processData:L808>  # events read: 1675239, pixels seen in all events: 147932
[15:25:22.352]     INFO: Resuming triggers.
[15:25:39.357]     INFO: run duration 118 seconds, buffer almost full (81%), pausing triggers.
[15:25:39.386]    DEBUG: <PixTestXray.cc/processData:L739> Getting Event Buffer
[15:26:06.790]    DEBUG: <PixTestXray.cc/processData:L757> Processing Data: 1675324 events.
[15:26:06.913]    DEBUG: <PixTestXray.cc/processData:L808>  # events read: 1675324, pixels seen in all events: 147107
[15:26:06.963]     INFO: Resuming triggers.
[15:26:23.969]     INFO: run duration 135 seconds, buffer almost full (81%), pausing triggers.
[15:26:24.009]    DEBUG: <PixTestXray.cc/processData:L739> Getting Event Buffer
[15:26:51.587]    DEBUG: <PixTestXray.cc/processData:L757> Processing Data: 1675387 events.
[15:26:51.711]    DEBUG: <PixTestXray.cc/processData:L808>  # events read: 1675387, pixels seen in all events: 146311
[15:26:51.759]     INFO: Resuming triggers.
[15:27:08.764]     INFO: run duration 152 seconds, buffer almost full (81%), pausing triggers.
[15:27:08.793]    DEBUG: <PixTestXray.cc/processData:L739> Getting Event Buffer
[15:27:36.298]    DEBUG: <PixTestXray.cc/processData:L757> Processing Data: 1675287 events.
[15:27:36.422]    DEBUG: <PixTestXray.cc/processData:L808>  # events read: 1675287, pixels seen in all events: 147236
[15:27:36.472]     INFO: Resuming triggers.
[15:27:53.478]     INFO: run duration 169 seconds, buffer almost full (81%), pausing triggers.
[15:27:53.507]    DEBUG: <PixTestXray.cc/processData:L739> Getting Event Buffer
[15:28:20.993]    DEBUG: <PixTestXray.cc/processData:L757> Processing Data: 1675324 events.
[15:28:21.116]    DEBUG: <PixTestXray.cc/processData:L808>  # events read: 1675324, pixels seen in all events: 146919
[15:28:21.172]     INFO: Resuming triggers.
[15:28:38.178]     INFO: run duration 186 seconds, buffer almost full (81%), pausing triggers.
[15:28:38.207]    DEBUG: <PixTestXray.cc/processData:L739> Getting Event Buffer
[15:29:05.705]    DEBUG: <PixTestXray.cc/processData:L757> Processing Data: 1675336 events.
[15:29:05.829]    DEBUG: <PixTestXray.cc/processData:L808>  # events read: 1675336, pixels seen in all events: 146754
[15:29:05.888]     INFO: Resuming triggers.
[15:29:22.893]     INFO: run duration 203 seconds, buffer almost full (81%), pausing triggers.
[15:29:22.921]    DEBUG: <PixTestXray.cc/processData:L739> Getting Event Buffer
[15:29:50.315]    DEBUG: <PixTestXray.cc/processData:L757> Processing Data: 1675321 events.
[15:29:50.440]    DEBUG: <PixTestXray.cc/processData:L808>  # events read: 1675321, pixels seen in all events: 147168
[15:29:50.488]     INFO: Resuming triggers.
[15:30:07.494]     INFO: run duration 220 seconds, buffer almost full (81%), pausing triggers.
[15:30:07.523]    DEBUG: <PixTestXray.cc/processData:L739> Getting Event Buffer
[15:30:35.035]    DEBUG: <PixTestXray.cc/processData:L757> Processing Data: 1675388 events.
[15:30:35.158]    DEBUG: <PixTestXray.cc/processData:L808>  # events read: 1675388, pixels seen in all events: 146385
[15:30:35.219]     INFO: Resuming triggers.
[15:30:52.223]     INFO: run duration 237 seconds, buffer almost full (81%), pausing triggers.
[15:30:52.253]    DEBUG: <PixTestXray.cc/processData:L739> Getting Event Buffer
[15:31:19.809]    DEBUG: <PixTestXray.cc/processData:L757> Processing Data: 1675223 events.
[15:31:19.936]    DEBUG: <PixTestXray.cc/processData:L808>  # events read: 1675223, pixels seen in all events: 148308
[15:31:19.991]     INFO: Resuming triggers.
[15:31:22.233]     INFO: data taking finished, elapsed time: 240 seconds.
[15:31:22.429]    DEBUG: <PixTestXray.cc/processData:L739> Getting Event Buffer
[15:31:26.194]    DEBUG: <PixTestXray.cc/processData:L757> Processing Data: 220853 events.
[15:31:26.211]    DEBUG: <PixTestXray.cc/processData:L808>  # events read: 220853, pixels seen in all events: 19461
[15:31:26.380]     INFO: PixTest::       pg_setup set to default.
[15:31:26.423]     INFO: PixTestXray::doPhRun() done
[15:31:26.423]     INFO: PixTestXray::doTest() done 
[15:32:19.962]    DEBUG: <PixTest.cc/moduleMap:L1029> moduleMap histname: what
[15:32:19.962]    DEBUG: <PixTest.cc/moduleMap:L1039> h1->GetName() = phMap_Cu_C1_V0 -> phMap_Cu_mod
[15:32:32.770]    DEBUG: <PixTest.cc/moduleMap:L1029> moduleMap histname: what
[15:32:32.770]    DEBUG: <PixTest.cc/moduleMap:L1039> h1->GetName() = hMap_Cu_C0_V0 -> hMap_Cu_mod
[15:33:26.186]    DEBUG: <PixTab.cc/setParameter:L391> xxxPressed():  ID = 1 -> source to value Ag
[15:33:27.378]     INFO: ######################################################################
[15:33:27.378]     INFO: PixTestXray::doTest()
[15:33:27.378]     INFO: ######################################################################
[15:33:27.378]     INFO:    ----------------------------------------------------------------------
[15:33:27.378]     INFO:    PixTestXray::doPhRun() fParRunSeconds = 240
[15:33:27.378]     INFO:    ----------------------------------------------------------------------
[15:33:27.463]    DEBUG: <PixTestXray.cc/doPhRun:L270> booking new histograms as source name has changed
[15:33:28.426]     INFO: PixTestXray::doPhRun start TriggerLoop with trigger frequency 100 kHz, period 405 and duration 240 seconds,  fEventsMax = 24000000
[15:33:45.444]     INFO: run duration 16 seconds, buffer almost full (81%), pausing triggers.
[15:33:45.526]    DEBUG: <PixTestXray.cc/processData:L739> Getting Event Buffer
[15:34:13.089]    DEBUG: <PixTestXray.cc/processData:L757> Processing Data: 1676603 events.
[15:34:13.193]    DEBUG: <PixTestXray.cc/processData:L808>  # events read: 1676603, pixels seen in all events: 131890
[15:34:13.236]     INFO: Resuming triggers.
[15:34:30.250]     INFO: run duration 33 seconds, buffer almost full (81%), pausing triggers.
[15:34:30.268]    DEBUG: <PixTestXray.cc/processData:L739> Getting Event Buffer
[15:34:57.765]    DEBUG: <PixTestXray.cc/processData:L757> Processing Data: 1676188 events.
[15:34:57.876]    DEBUG: <PixTestXray.cc/processData:L808>  # events read: 1676188, pixels seen in all events: 136471
[15:34:57.921]     INFO: Resuming triggers.
[15:35:14.928]     INFO: run duration 50 seconds, buffer almost full (81%), pausing triggers.
[15:35:14.950]    DEBUG: <PixTestXray.cc/processData:L739> Getting Event Buffer
[15:35:42.342]    DEBUG: <PixTestXray.cc/processData:L757> Processing Data: 1675457 events.
[15:35:42.464]    DEBUG: <PixTestXray.cc/processData:L808>  # events read: 1675457, pixels seen in all events: 145629
[15:35:42.510]     INFO: Resuming triggers.
[15:35:59.516]     INFO: run duration 67 seconds, buffer almost full (81%), pausing triggers.
[15:35:59.540]    DEBUG: <PixTestXray.cc/processData:L739> Getting Event Buffer
[15:36:27.131]    DEBUG: <PixTestXray.cc/processData:L757> Processing Data: 1675437 events.
[15:36:27.250]    DEBUG: <PixTestXray.cc/processData:L808>  # events read: 1675437, pixels seen in all events: 145519
[15:36:27.293]     INFO: Resuming triggers.
[15:36:44.306]     INFO: run duration 84 seconds, buffer almost full (81%), pausing triggers.
[15:36:44.330]    DEBUG: <PixTestXray.cc/processData:L739> Getting Event Buffer
[15:37:11.884]    DEBUG: <PixTestXray.cc/processData:L757> Processing Data: 1676005 events.
[15:37:12.004]    DEBUG: <PixTestXray.cc/processData:L808>  # events read: 1676005, pixels seen in all events: 146416
[15:37:12.053]     INFO: Resuming triggers.
[15:37:29.060]     INFO: run duration 101 seconds, buffer almost full (81%), pausing triggers.
[15:37:29.086]    DEBUG: <PixTestXray.cc/processData:L739> Getting Event Buffer
[15:37:56.523]    DEBUG: <PixTestXray.cc/processData:L757> Processing Data: 1675484 events.
[15:37:56.641]    DEBUG: <PixTestXray.cc/processData:L808>  # events read: 1675484, pixels seen in all events: 144980
[15:37:56.694]     INFO: Resuming triggers.
[15:38:13.700]     INFO: run duration 118 seconds, buffer almost full (81%), pausing triggers.
[15:38:13.728]    DEBUG: <PixTestXray.cc/processData:L739> Getting Event Buffer
[15:38:41.207]    DEBUG: <PixTestXray.cc/processData:L757> Processing Data: 1675372 events.
[15:38:41.328]    DEBUG: <PixTestXray.cc/processData:L808>  # events read: 1675372, pixels seen in all events: 146580
[15:38:41.376]     INFO: Resuming triggers.
[15:38:58.382]     INFO: run duration 135 seconds, buffer almost full (81%), pausing triggers.
[15:38:58.408]    DEBUG: <PixTestXray.cc/processData:L739> Getting Event Buffer
[15:39:25.908]    DEBUG: <PixTestXray.cc/processData:L757> Processing Data: 1675362 events.
[15:39:26.028]    DEBUG: <PixTestXray.cc/processData:L808>  # events read: 1675362, pixels seen in all events: 146252
[15:39:26.077]     INFO: Resuming triggers.
[15:39:43.084]     INFO: run duration 152 seconds, buffer almost full (81%), pausing triggers.
[15:39:43.110]    DEBUG: <PixTestXray.cc/processData:L739> Getting Event Buffer
[15:40:10.615]    DEBUG: <PixTestXray.cc/processData:L757> Processing Data: 1675568 events.
[15:40:10.735]    DEBUG: <PixTestXray.cc/processData:L808>  # events read: 1675568, pixels seen in all events: 144231
[15:40:10.783]     INFO: Resuming triggers.
[15:40:27.790]     INFO: run duration 169 seconds, buffer almost full (81%), pausing triggers.
[15:40:27.821]    DEBUG: <PixTestXray.cc/processData:L739> Getting Event Buffer
[15:40:55.334]    DEBUG: <PixTestXray.cc/processData:L757> Processing Data: 1675498 events.
[15:40:55.454]    DEBUG: <PixTestXray.cc/processData:L808>  # events read: 1675498, pixels seen in all events: 144609
[15:40:55.503]     INFO: Resuming triggers.
[15:41:12.510]     INFO: run duration 186 seconds, buffer almost full (81%), pausing triggers.
[15:41:12.541]    DEBUG: <PixTestXray.cc/processData:L739> Getting Event Buffer
[15:41:40.051]    DEBUG: <PixTestXray.cc/processData:L757> Processing Data: 1675461 events.
[15:41:40.170]    DEBUG: <PixTestXray.cc/processData:L808>  # events read: 1675461, pixels seen in all events: 145367
[15:41:40.230]     INFO: Resuming triggers.
[15:41:57.236]     INFO: run duration 203 seconds, buffer almost full (81%), pausing triggers.
[15:41:57.268]    DEBUG: <PixTestXray.cc/processData:L739> Getting Event Buffer
[15:42:24.805]    DEBUG: <PixTestXray.cc/processData:L757> Processing Data: 1675423 events.
[15:42:24.925]    DEBUG: <PixTestXray.cc/processData:L808>  # events read: 1675423, pixels seen in all events: 145995
[15:42:24.984]     INFO: Resuming triggers.
[15:42:41.991]     INFO: run duration 220 seconds, buffer almost full (81%), pausing triggers.
[15:42:42.021]    DEBUG: <PixTestXray.cc/processData:L739> Getting Event Buffer
[15:43:09.562]    DEBUG: <PixTestXray.cc/processData:L757> Processing Data: 1675448 events.
[15:43:09.680]    DEBUG: <PixTestXray.cc/processData:L808>  # events read: 1675448, pixels seen in all events: 145727
[15:43:09.744]     INFO: Resuming triggers.
[15:43:26.750]     INFO: run duration 237 seconds, buffer almost full (81%), pausing triggers.
[15:43:26.792]    DEBUG: <PixTestXray.cc/processData:L739> Getting Event Buffer
[15:43:54.262]    DEBUG: <PixTestXray.cc/processData:L757> Processing Data: 1675411 events.
[15:43:54.381]    DEBUG: <PixTestXray.cc/processData:L808>  # events read: 1675411, pixels seen in all events: 145823
[15:43:54.444]     INFO: Resuming triggers.
[15:43:56.650]     INFO: data taking finished, elapsed time: 240 seconds.
[15:43:56.846]    DEBUG: <PixTestXray.cc/processData:L739> Getting Event Buffer
[15:44:00.580]    DEBUG: <PixTestXray.cc/processData:L757> Processing Data: 217297 events.
[15:44:00.596]    DEBUG: <PixTestXray.cc/processData:L808>  # events read: 217297, pixels seen in all events: 19235
[15:44:00.766]     INFO: PixTest::       pg_setup set to default.
[15:44:00.786]     INFO: PixTestXray::doPhRun() done
[15:44:00.786]     INFO: PixTestXray::doTest() done 
[15:45:28.266]    DEBUG: <PixTab.cc/setParameter:L391> xxxPressed():  ID = 1 -> source to value Sn
[15:45:30.354]     INFO: ######################################################################
[15:45:30.354]     INFO: PixTestXray::doTest()
[15:45:30.354]     INFO: ######################################################################
[15:45:30.354]     INFO:    ----------------------------------------------------------------------
[15:45:30.354]     INFO:    PixTestXray::doPhRun() fParRunSeconds = 240
[15:45:30.354]     INFO:    ----------------------------------------------------------------------
[15:45:30.374]    DEBUG: <PixTestXray.cc/doPhRun:L270> booking new histograms as source name has changed
[15:45:31.337]     INFO: PixTestXray::doPhRun start TriggerLoop with trigger frequency 100 kHz, period 405 and duration 240 seconds,  fEventsMax = 24000000
[15:45:48.355]     INFO: run duration 16 seconds, buffer almost full (81%), pausing triggers.
[15:45:48.375]    DEBUG: <PixTestXray.cc/processData:L739> Getting Event Buffer
[15:46:15.771]    DEBUG: <PixTestXray.cc/processData:L757> Processing Data: 1676651 events.
[15:46:15.871]    DEBUG: <PixTestXray.cc/processData:L808>  # events read: 1676651, pixels seen in all events: 131258
[15:46:15.918]     INFO: Resuming triggers.
[15:46:32.938]     INFO: run duration 33 seconds, buffer almost full (81%), pausing triggers.
[15:46:32.956]    DEBUG: <PixTestXray.cc/processData:L739> Getting Event Buffer
[15:47:00.492]    DEBUG: <PixTestXray.cc/processData:L757> Processing Data: 1676702 events.
[15:47:00.591]    DEBUG: <PixTestXray.cc/processData:L808>  # events read: 1676702, pixels seen in all events: 130488
[15:47:00.638]     INFO: Resuming triggers.
[15:47:17.656]     INFO: run duration 50 seconds, buffer almost full (81%), pausing triggers.
[15:47:17.675]    DEBUG: <PixTestXray.cc/processData:L739> Getting Event Buffer
[15:47:45.186]    DEBUG: <PixTestXray.cc/processData:L757> Processing Data: 1676567 events.
[15:47:45.289]    DEBUG: <PixTestXray.cc/processData:L808>  # events read: 1676567, pixels seen in all events: 131801
[15:47:45.333]     INFO: Resuming triggers.
[15:48:02.351]     INFO: run duration 67 seconds, buffer almost full (81%), pausing triggers.
[15:48:02.368]    DEBUG: <PixTestXray.cc/processData:L739> Getting Event Buffer
[15:48:29.881]    DEBUG: <PixTestXray.cc/processData:L757> Processing Data: 1676629 events.
[15:48:29.981]    DEBUG: <PixTestXray.cc/processData:L808>  # events read: 1676629, pixels seen in all events: 131265
[15:48:30.029]     INFO: Resuming triggers.
[15:48:47.047]     INFO: run duration 84 seconds, buffer almost full (81%), pausing triggers.
[15:48:47.066]    DEBUG: <PixTestXray.cc/processData:L739> Getting Event Buffer
[15:49:14.584]    DEBUG: <PixTestXray.cc/processData:L757> Processing Data: 1676567 events.
[15:49:14.687]    DEBUG: <PixTestXray.cc/processData:L808>  # events read: 1676567, pixels seen in all events: 131855
[15:49:14.732]     INFO: Resuming triggers.
[15:49:31.750]     INFO: run duration 101 seconds, buffer almost full (81%), pausing triggers.
[15:49:31.768]    DEBUG: <PixTestXray.cc/processData:L739> Getting Event Buffer
[15:49:59.242]    DEBUG: <PixTestXray.cc/processData:L757> Processing Data: 1676580 events.
[15:49:59.343]    DEBUG: <PixTestXray.cc/processData:L808>  # events read: 1676580, pixels seen in all events: 132135
[15:49:59.388]     INFO: Resuming triggers.
[15:50:16.407]     INFO: run duration 118 seconds, buffer almost full (81%), pausing triggers.
[15:50:16.425]    DEBUG: <PixTestXray.cc/processData:L739> Getting Event Buffer
[15:50:43.900]    DEBUG: <PixTestXray.cc/processData:L757> Processing Data: 1676667 events.
[15:50:44.000]    DEBUG: <PixTestXray.cc/processData:L808>  # events read: 1676667, pixels seen in all events: 130756
[15:50:44.046]     INFO: Resuming triggers.
[15:51:01.066]     INFO: run duration 135 seconds, buffer almost full (81%), pausing triggers.
[15:51:01.084]    DEBUG: <PixTestXray.cc/processData:L739> Getting Event Buffer
[15:51:28.535]    DEBUG: <PixTestXray.cc/processData:L757> Processing Data: 1676692 events.
[15:51:28.634]    DEBUG: <PixTestXray.cc/processData:L808>  # events read: 1676692, pixels seen in all events: 130263
[15:51:28.681]     INFO: Resuming triggers.
[15:51:45.700]     INFO: run duration 152 seconds, buffer almost full (81%), pausing triggers.
[15:51:45.719]    DEBUG: <PixTestXray.cc/processData:L739> Getting Event Buffer
[15:52:13.217]    DEBUG: <PixTestXray.cc/processData:L757> Processing Data: 1676704 events.
[15:52:13.316]    DEBUG: <PixTestXray.cc/processData:L808>  # events read: 1676704, pixels seen in all events: 130428
[15:52:13.366]     INFO: Resuming triggers.
[15:52:30.386]     INFO: run duration 169 seconds, buffer almost full (81%), pausing triggers.
[15:52:30.404]    DEBUG: <PixTestXray.cc/processData:L739> Getting Event Buffer
[15:52:57.871]    DEBUG: <PixTestXray.cc/processData:L757> Processing Data: 1676789 events.
[15:52:57.970]    DEBUG: <PixTestXray.cc/processData:L808>  # events read: 1676789, pixels seen in all events: 129257
[15:52:58.018]     INFO: Resuming triggers.
[15:52:58.024]    DEBUG: <PixTab.cc/handleButtons:L291> Tab Xray closed
[15:52:58.024]    DEBUG: <PixParTab.cc/updateParameters:L646> PixParTab::updateParameters: 
[15:53:15.023]     INFO: run duration 186 seconds, buffer almost full (81%), pausing triggers.
[15:53:36.850]    DEBUG: <PixGui.cc/handleButtons:L396> PixGui::exit called
[15:53:36.851]    DEBUG: <PixGui.cc/CloseWindow:L335> Final Analog Current: 382.7mA
[15:53:36.852]    DEBUG: <PixGui.cc/CloseWindow:L336> Final Digital Current: 762.9mA
[15:53:36.852]    DEBUG: <PixGui.cc/CloseWindow:L337> Final Module Temperature: 27.5 C
[15:53:36.852]    DEBUG: <PixTestBBMap.cc/~PixTestBBMap:L97> PixTestBBMap dtor
[15:53:36.852]    DEBUG: <PixTestBB2Map.cc/~PixTestBB2Map:L115> PixTestBB2Map dtor
[15:53:36.852]    DEBUG: <PixTestBB3Map.cc/~PixTestBB3Map:L99> PixTestBB3Map dtor
[15:53:36.852]    DEBUG: <PixTestBB4Map.cc/~PixTestBB4Map:L118> PixTestBB4Map dtor
[15:53:36.852]    DEBUG: <PixTestCmd.cc/~PixTestCmd:L78> PixTestCmd dtor
[15:53:36.853]    DEBUG: <PixTestDaq.cc/~PixTestDaq:L37> PixTestDaq dtor
[15:53:36.853]    DEBUG: <PixTestDacDacScan.cc/~PixTestDacDacScan:L136> PixTestDacDacScan dtor
[15:53:36.853]    DEBUG: <PixTestDacScan.cc/~PixTestDacScan:L129> PixTestDacScan dtor
[15:53:36.853]    DEBUG: <PixTestGainPedestal.cc/~PixTestGainPedestal:L125> PixTestGainPedestal dtor
[15:53:36.853]    DEBUG: <PixTestHighRate.cc/~PixTestHighRate:L245> PixTestHighRate dtor
[15:53:36.853]    DEBUG: <PixTestIV.cc/~PixTestIV:L96> PixTestIV dtor
[15:53:36.853]    DEBUG: <PixTestAlive.cc/~PixTestAlive:L109> PixTestAlive dtor
[15:53:36.853]    DEBUG: <PixTestPretest.cc/~PixTestPretest:L136> PixTestPretest dtor
[15:53:36.853]    DEBUG: <PixTestReadback.cc/~PixTestReadback:L89> PixTestReadback dtor, saving tree ... 
[15:53:36.853]    DEBUG: <PixTestScurves.cc/~PixTestScurves:L142> PixTestScurves dtor
[15:53:36.853]    DEBUG: <PixTestTiming.cc/~PixTestTiming:L97> PixTestTiming dtor
[15:53:36.853]    DEBUG: <PixTestTrim.cc/~PixTestTrim:L103> PixTestTrim dtor
[15:53:36.854]    DEBUG: <PixTestXray.cc/~PixTestXray:L217> PixTestXray dtor
[15:53:37.271]    QUIET: Connection to board 58 closed.
[15:53:37.352]    DEBUG: <PixMonitor.cc/dumpSummaries:L39> PixMonitor::dumpSummaries
