[13:56:02.526]     INFO: *** Welcome to pxar ***
[13:56:02.526]     INFO: *** Today: 2015/12/29
[13:56:02.536]     INFO: *** Version: prod-12
[13:56:02.536]     INFO: readRocDacs: data/mh113//dacParameters_C0.dat .. data/mh113//dacParameters_C15.dat
[13:56:02.538]     INFO: readTbmDacs: data/mh113//tbmParameters_C0a.dat .. data/mh113//tbmParameters_C0b.dat
[13:56:02.538]     INFO: readMaskFile: data/mh113//defaultMaskFile.dat
[13:56:02.538]     INFO: readTrimFile: data/mh113//trimParameters_C0.dat .. data/mh113//trimParameters_C15.dat
[13:56:02.690]     INFO:         clk: 4
[13:56:02.690]     INFO:         ctr: 4
[13:56:02.690]     INFO:         sda: 19
[13:56:02.690]     INFO:         tin: 9
[13:56:02.690]     INFO:         level: 15
[13:56:02.690]     INFO:         triggerdelay: 0
[13:56:02.690]    QUIET: Instanciating API for pxar prod-12
[13:56:02.690]     INFO: Log level: DEBUG
[13:56:02.702]    QUIET: Connection to board DTB_WRPRHI opened.
[13:56:02.705]     INFO: DTB startup information
--- DTB info------------------------------------------
Board id:    58
HW version:  DTB1.2
FW version:  4.2
SW version:  4.5
USB id:      DTB_WRPRHI
MAC address: 40D85511803A
Hostname:    pixelDTB058
Comment:     
------------------------------------------------------
[13:56:02.708]     INFO: RPC call hashes of host and DTB match: 398089610
[13:56:04.311]     INFO: DUT info: 
[13:56:04.311]     INFO: The DUT currently contains the following objects:
[13:56:04.311]     INFO:  2 TBM Cores tbm08c (2 ON)
[13:56:04.311]     INFO: 	TBM Core alpha (0): 7 registers set
[13:56:04.311]     INFO: 	TBM Core beta  (1): 7 registers set
[13:56:04.311]     INFO: 16 ROCs psi46digv21respin (16 ON) with 4160 pixelConfigs
[13:56:04.311]     INFO: 	ROC 0: 19 DACs set, Pixels: 0 masked, 0 active.
[13:56:04.311]     INFO: 	ROC 1: 19 DACs set, Pixels: 0 masked, 0 active.
[13:56:04.311]     INFO: 	ROC 2: 19 DACs set, Pixels: 0 masked, 0 active.
[13:56:04.311]     INFO: 	ROC 3: 19 DACs set, Pixels: 0 masked, 0 active.
[13:56:04.311]     INFO: 	ROC 4: 19 DACs set, Pixels: 0 masked, 0 active.
[13:56:04.311]     INFO: 	ROC 5: 19 DACs set, Pixels: 0 masked, 0 active.
[13:56:04.311]     INFO: 	ROC 6: 19 DACs set, Pixels: 0 masked, 0 active.
[13:56:04.311]     INFO: 	ROC 7: 19 DACs set, Pixels: 0 masked, 0 active.
[13:56:04.311]     INFO: 	ROC 8: 19 DACs set, Pixels: 0 masked, 0 active.
[13:56:04.311]     INFO: 	ROC 9: 19 DACs set, Pixels: 0 masked, 0 active.
[13:56:04.311]     INFO: 	ROC 10: 19 DACs set, Pixels: 0 masked, 0 active.
[13:56:04.312]     INFO: 	ROC 11: 19 DACs set, Pixels: 0 masked, 0 active.
[13:56:04.312]     INFO: 	ROC 12: 19 DACs set, Pixels: 0 masked, 0 active.
[13:56:04.312]     INFO: 	ROC 13: 19 DACs set, Pixels: 0 masked, 0 active.
[13:56:04.312]     INFO: 	ROC 14: 19 DACs set, Pixels: 0 masked, 0 active.
[13:56:04.312]     INFO: 	ROC 15: 19 DACs set, Pixels: 0 masked, 0 active.
[13:56:04.312]    DEBUG: <PixTestParameters.cc/dump:L104> PixTestParameters: ->BB<-
[13:56:04.312]    DEBUG: <PixTestParameters.cc/dump:L107>   dumpall: checkbox(0)
[13:56:04.312]    DEBUG: <PixTestParameters.cc/dump:L107>   dumpproblematic: checkbox(0)
[13:56:04.312]    DEBUG: <PixTestParameters.cc/dump:L107>   ntrig: 5
[13:56:04.312]    DEBUG: <PixTestParameters.cc/dump:L107>   vcals: 250
[13:56:04.312]    DEBUG: <PixTestParameters.cc/dump:L104> PixTestParameters: ->BB2<-
[13:56:04.312]    DEBUG: <PixTestParameters.cc/dump:L107>   ntrig: 10
[13:56:04.312]    DEBUG: <PixTestParameters.cc/dump:L107>   vcals: 222
[13:56:04.312]    DEBUG: <PixTestParameters.cc/dump:L107>   plwidth: 35
[13:56:04.312]    DEBUG: <PixTestParameters.cc/dump:L107>   pix: 11,20
[13:56:04.312]    DEBUG: <PixTestParameters.cc/dump:L107>   targetia: 24
[13:56:04.312]    DEBUG: <PixTestParameters.cc/dump:L104> PixTestParameters: ->BB3<-
[13:56:04.312]    DEBUG: <PixTestParameters.cc/dump:L107>   dumpall: checkbox(0)
[13:56:04.312]    DEBUG: <PixTestParameters.cc/dump:L107>   dumpproblematic: checkbox(0)
[13:56:04.312]    DEBUG: <PixTestParameters.cc/dump:L107>   ntrig: 5
[13:56:04.312]    DEBUG: <PixTestParameters.cc/dump:L107>   vcals: 250
[13:56:04.312]    DEBUG: <PixTestParameters.cc/dump:L104> PixTestParameters: ->BB4<-
[13:56:04.312]    DEBUG: <PixTestParameters.cc/dump:L107>   savecaldelscan: checkbox(0)
[13:56:04.312]    DEBUG: <PixTestParameters.cc/dump:L107>   ntrig: 100
[13:56:04.312]    DEBUG: <PixTestParameters.cc/dump:L107>   cals: 1
[13:56:04.312]    DEBUG: <PixTestParameters.cc/dump:L107>   caldello: 80
[13:56:04.312]    DEBUG: <PixTestParameters.cc/dump:L107>   caldelhi: 200
[13:56:04.312]    DEBUG: <PixTestParameters.cc/dump:L107>   caldelstep: 10
[13:56:04.312]    DEBUG: <PixTestParameters.cc/dump:L107>   vthrcomplo: 70
[13:56:04.312]    DEBUG: <PixTestParameters.cc/dump:L107>   vthrcomphi: 130
[13:56:04.312]    DEBUG: <PixTestParameters.cc/dump:L107>   vthrcompstep: 5
[13:56:04.313]    DEBUG: <PixTestParameters.cc/dump:L107>   noisypixels: 10
[13:56:04.313]    DEBUG: <PixTestParameters.cc/dump:L107>   vcal: 255
[13:56:04.313]    DEBUG: <PixTestParameters.cc/dump:L107>   cut: 0.5
[13:56:04.313]    DEBUG: <PixTestParameters.cc/dump:L104> PixTestParameters: ->Cmd<-
[13:56:04.313]    DEBUG: <PixTestParameters.cc/dump:L104> PixTestParameters: ->DAQ<-
[13:56:04.313]    DEBUG: <PixTestParameters.cc/dump:L107>   delaytbm: checkbox
[13:56:04.313]    DEBUG: <PixTestParameters.cc/dump:L107>   filltree: checkbox
[13:56:04.313]    DEBUG: <PixTestParameters.cc/dump:L107>   trgfrequency(khz): 100
[13:56:04.313]    DEBUG: <PixTestParameters.cc/dump:L107>   maskhotpixels: button
[13:56:04.313]    DEBUG: <PixTestParameters.cc/dump:L107>   trgnumber: 5
[13:56:04.313]    DEBUG: <PixTestParameters.cc/dump:L107>   iterations: 10
[13:56:04.313]    DEBUG: <PixTestParameters.cc/dump:L107>   rundaqtrg: button
[13:56:04.313]    DEBUG: <PixTestParameters.cc/dump:L107>   daqseconds: 5
[13:56:04.313]    DEBUG: <PixTestParameters.cc/dump:L107>   rundaqseconds: button
[13:56:04.313]    DEBUG: <PixTestParameters.cc/dump:L104> PixTestParameters: ->DacDacScan<-
[13:56:04.313]    DEBUG: <PixTestParameters.cc/dump:L107>   phmap: checkbox
[13:56:04.313]    DEBUG: <PixTestParameters.cc/dump:L107>   ntrig: 10
[13:56:04.313]    DEBUG: <PixTestParameters.cc/dump:L107>   dac1: caldel
[13:56:04.313]    DEBUG: <PixTestParameters.cc/dump:L107>   dac1lo: 0
[13:56:04.313]    DEBUG: <PixTestParameters.cc/dump:L107>   dac1hi: 255
[13:56:04.313]    DEBUG: <PixTestParameters.cc/dump:L107>   dac2: vthrcomp
[13:56:04.313]    DEBUG: <PixTestParameters.cc/dump:L107>   dac2lo: 0
[13:56:04.313]    DEBUG: <PixTestParameters.cc/dump:L107>   dac2hi: 255
[13:56:04.313]    DEBUG: <PixTestParameters.cc/dump:L107>   pix: 11,20
[13:56:04.313]    DEBUG: <PixTestParameters.cc/dump:L104> PixTestParameters: ->DacScan<-
[13:56:04.313]    DEBUG: <PixTestParameters.cc/dump:L107>   phmap: checkbox(1)
[13:56:04.313]    DEBUG: <PixTestParameters.cc/dump:L107>   allpixels: checkbox(0)
[13:56:04.313]    DEBUG: <PixTestParameters.cc/dump:L107>   unmasked: checkbox(0)
[13:56:04.313]    DEBUG: <PixTestParameters.cc/dump:L107>   ntrig: 10
[13:56:04.313]    DEBUG: <PixTestParameters.cc/dump:L107>   dac: vcal
[13:56:04.313]    DEBUG: <PixTestParameters.cc/dump:L107>   daclo: 0
[13:56:04.313]    DEBUG: <PixTestParameters.cc/dump:L107>   dachi: 255
[13:56:04.313]    DEBUG: <PixTestParameters.cc/dump:L107>   pix: 11,20
[13:56:04.313]    DEBUG: <PixTestParameters.cc/dump:L104> PixTestParameters: ->GainPedestal<-
[13:56:04.313]    DEBUG: <PixTestParameters.cc/dump:L107>   showfits: checkbox(0)
[13:56:04.313]    DEBUG: <PixTestParameters.cc/dump:L107>   extended: checkbox(0)
[13:56:04.313]    DEBUG: <PixTestParameters.cc/dump:L107>   dumphists: checkbox(0)
[13:56:04.313]    DEBUG: <PixTestParameters.cc/dump:L107>   ntrig: 10
[13:56:04.313]    DEBUG: <PixTestParameters.cc/dump:L107>   vcalstep: 10
[13:56:04.313]    DEBUG: <PixTestParameters.cc/dump:L107>   measure: button
[13:56:04.313]    DEBUG: <PixTestParameters.cc/dump:L107>   fit: button
[13:56:04.313]    DEBUG: <PixTestParameters.cc/dump:L107>   save: button
[13:56:04.313]    DEBUG: <PixTestParameters.cc/dump:L104> PixTestParameters: ->HighRate<-
[13:56:04.313]    DEBUG: <PixTestParameters.cc/dump:L107>   pix: 11,20
[13:56:04.313]    DEBUG: <PixTestParameters.cc/dump:L107>   trimhotpixels: button
[13:56:04.313]    DEBUG: <PixTestParameters.cc/dump:L107>   trimhotpixelthr: 200
[13:56:04.313]    DEBUG: <PixTestParameters.cc/dump:L107>   runsecondshotpixels: 10
[13:56:04.313]    DEBUG: <PixTestParameters.cc/dump:L107>   savetrimbits: checkbox(1)
[13:56:04.313]    DEBUG: <PixTestParameters.cc/dump:L107>   maskuntrimmable: checkbox(1)
[13:56:04.313]    DEBUG: <PixTestParameters.cc/dump:L107>   maskhotpixels: button
[13:56:04.313]    DEBUG: <PixTestParameters.cc/dump:L107>   savemaskfile: checkbox(0)
[13:56:04.313]    DEBUG: <PixTestParameters.cc/dump:L107>   maskfilename: default
[13:56:04.313]    DEBUG: <PixTestParameters.cc/dump:L107>   caldelscan: button
[13:56:04.313]    DEBUG: <PixTestParameters.cc/dump:L107>   xpixelalive: button
[13:56:04.313]    DEBUG: <PixTestParameters.cc/dump:L107>   ntrig: 50
[13:56:04.313]    DEBUG: <PixTestParameters.cc/dump:L107>   vcal: 200
[13:56:04.313]    DEBUG: <PixTestParameters.cc/dump:L107>   xnoisemaps: button
[13:56:04.313]    DEBUG: <PixTestParameters.cc/dump:L107>   daclo: 0
[13:56:04.313]    DEBUG: <PixTestParameters.cc/dump:L107>   dachi: 100
[13:56:04.314]    DEBUG: <PixTestParameters.cc/dump:L107>   dacs/step: 20
[13:56:04.314]    DEBUG: <PixTestParameters.cc/dump:L107>   rundaq: button
[13:56:04.314]    DEBUG: <PixTestParameters.cc/dump:L107>   trgfrequency(khz): 20
[13:56:04.314]    DEBUG: <PixTestParameters.cc/dump:L107>   runseconds: 5
[13:56:04.314]    DEBUG: <PixTestParameters.cc/dump:L107>   triggerdelay: 20
[13:56:04.314]    DEBUG: <PixTestParameters.cc/dump:L107>   delaytbm: checkbox
[13:56:04.314]    DEBUG: <PixTestParameters.cc/dump:L107>   filltree: checkbox
[13:56:04.314]    DEBUG: <PixTestParameters.cc/dump:L104> PixTestParameters: ->IV<-
[13:56:04.314]    DEBUG: <PixTestParameters.cc/dump:L107>   port: /dev/ttyS0
[13:56:04.314]    DEBUG: <PixTestParameters.cc/dump:L107>   voltagestart: 0
[13:56:04.314]    DEBUG: <PixTestParameters.cc/dump:L107>   voltagestop: 600
[13:56:04.314]    DEBUG: <PixTestParameters.cc/dump:L107>   voltagestep: 5
[13:56:04.314]    DEBUG: <PixTestParameters.cc/dump:L107>   delay: 1
[13:56:04.314]    DEBUG: <PixTestParameters.cc/dump:L107>   compliance(ua): 100
[13:56:04.314]    DEBUG: <PixTestParameters.cc/dump:L104> PixTestParameters: ->PhOptimization<-
[13:56:04.314]    DEBUG: <PixTestParameters.cc/dump:L107>   ntrig: 10
[13:56:04.314]    DEBUG: <PixTestParameters.cc/dump:L107>   safetymarginlow: 20
[13:56:04.314]    DEBUG: <PixTestParameters.cc/dump:L107>   saturationvcal: 100
[13:56:04.314]    DEBUG: <PixTestParameters.cc/dump:L107>   quantilesaturation: 0.98
[13:56:04.314]    DEBUG: <PixTestParameters.cc/dump:L104> PixTestParameters: ->PixelAlive<-
[13:56:04.314]    DEBUG: <PixTestParameters.cc/dump:L107>   ntrig: 10
[13:56:04.314]    DEBUG: <PixTestParameters.cc/dump:L107>   vcal: 200
[13:56:04.314]    DEBUG: <PixTestParameters.cc/dump:L107>   alivetest: button
[13:56:04.314]    DEBUG: <PixTestParameters.cc/dump:L107>   masktest: button
[13:56:04.314]    DEBUG: <PixTestParameters.cc/dump:L107>   addressdecodingtest: button
[13:56:04.314]    DEBUG: <PixTestParameters.cc/dump:L104> PixTestParameters: ->Pretest<-
[13:56:04.314]    DEBUG: <PixTestParameters.cc/dump:L107>   programroc: button
[13:56:04.314]    DEBUG: <PixTestParameters.cc/dump:L107>   targetia: 24
[13:56:04.314]    DEBUG: <PixTestParameters.cc/dump:L107>   setvana: button
[13:56:04.314]    DEBUG: <PixTestParameters.cc/dump:L107>   iterations: 100
[13:56:04.314]    DEBUG: <PixTestParameters.cc/dump:L107>   settimings: button
[13:56:04.314]    DEBUG: <PixTestParameters.cc/dump:L107>   findtiming: button
[13:56:04.314]    DEBUG: <PixTestParameters.cc/dump:L107>   findworkingpixel: button
[13:56:04.314]    DEBUG: <PixTestParameters.cc/dump:L107>   setvthrcompcaldel: button
[13:56:04.314]    DEBUG: <PixTestParameters.cc/dump:L107>   pix: 11,20
[13:56:04.314]    DEBUG: <PixTestParameters.cc/dump:L107>   vcal: 250
[13:56:04.314]    DEBUG: <PixTestParameters.cc/dump:L107>   deltavthrcomp: 50
[13:56:04.314]    DEBUG: <PixTestParameters.cc/dump:L107>   fraccaldel: 0.5
[13:56:04.314]    DEBUG: <PixTestParameters.cc/dump:L107>   ntrig: 5
[13:56:04.314]    DEBUG: <PixTestParameters.cc/dump:L107>   savedacs: button
[13:56:04.314]    DEBUG: <PixTestParameters.cc/dump:L104> PixTestParameters: ->Readback<-
[13:56:04.314]    DEBUG: <PixTestParameters.cc/dump:L107>   calibratevd: button
[13:56:04.314]    DEBUG: <PixTestParameters.cc/dump:L107>   calibrateva: button
[13:56:04.314]    DEBUG: <PixTestParameters.cc/dump:L107>   calibrateia: button
[13:56:04.314]    DEBUG: <PixTestParameters.cc/dump:L107>   readbackvbg: button
[13:56:04.314]    DEBUG: <PixTestParameters.cc/dump:L107>   getcalibratedvbg: button
[13:56:04.314]    DEBUG: <PixTestParameters.cc/dump:L107>   usecalvd: checkbox(1)
[13:56:04.314]    DEBUG: <PixTestParameters.cc/dump:L107>   usecalva: checkbox(0)
[13:56:04.314]    DEBUG: <PixTestParameters.cc/dump:L107>   setvana: button
[13:56:04.314]    DEBUG: <PixTestParameters.cc/dump:L104> PixTestParameters: ->Scurves<-
[13:56:04.314]    DEBUG: <PixTestParameters.cc/dump:L107>   adjustvcal: checkbox(0)
[13:56:04.314]    DEBUG: <PixTestParameters.cc/dump:L107>   dumpall: checkbox(0)
[13:56:04.314]    DEBUG: <PixTestParameters.cc/dump:L107>   dumpproblematic: checkbox(0)
[13:56:04.314]    DEBUG: <PixTestParameters.cc/dump:L107>   dumpoutputfile: checkbox(0)
[13:56:04.314]    DEBUG: <PixTestParameters.cc/dump:L107>   ntrig: 50
[13:56:04.314]    DEBUG: <PixTestParameters.cc/dump:L107>   dac: Vcal
[13:56:04.314]    DEBUG: <PixTestParameters.cc/dump:L107>   daclo: 05
[13:56:04.314]    DEBUG: <PixTestParameters.cc/dump:L107>   dachi: 75
[13:56:04.314]    DEBUG: <PixTestParameters.cc/dump:L107>   dacs/step: -1
[13:56:04.315]    DEBUG: <PixTestParameters.cc/dump:L107>   ntrig/step: -1
[13:56:04.315]    DEBUG: <PixTestParameters.cc/dump:L107>   scurves: button
[13:56:04.315]    DEBUG: <PixTestParameters.cc/dump:L104> PixTestParameters: ->Timing<-
[13:56:04.315]    DEBUG: <PixTestParameters.cc/dump:L107>   targetclk: 4
[13:56:04.315]    DEBUG: <PixTestParameters.cc/dump:L107>   ntrig: 10000
[13:56:04.315]    DEBUG: <PixTestParameters.cc/dump:L107>   notokenpass: checkbox(0)
[13:56:04.315]    DEBUG: <PixTestParameters.cc/dump:L107>   ignorereadback: checkbox(0)
[13:56:04.315]    DEBUG: <PixTestParameters.cc/dump:L107>   clocksdascan: button
[13:56:04.315]    DEBUG: <PixTestParameters.cc/dump:L107>   phasescan: button
[13:56:04.315]    DEBUG: <PixTestParameters.cc/dump:L107>   levelscan: button
[13:56:04.315]    DEBUG: <PixTestParameters.cc/dump:L107>   tbmphasescan: button
[13:56:04.315]    DEBUG: <PixTestParameters.cc/dump:L107>   rocdelayscan: button
[13:56:04.315]    DEBUG: <PixTestParameters.cc/dump:L107>   timingtest: button
[13:56:04.315]    DEBUG: <PixTestParameters.cc/dump:L107>   saveparameters: button
[13:56:04.315]    DEBUG: <PixTestParameters.cc/dump:L104> PixTestParameters: ->Trim<-
[13:56:04.315]    DEBUG: <PixTestParameters.cc/dump:L107>   trim: button
[13:56:04.315]    DEBUG: <PixTestParameters.cc/dump:L107>   ntrig: 8
[13:56:04.315]    DEBUG: <PixTestParameters.cc/dump:L107>   vcal: 35
[13:56:04.315]    DEBUG: <PixTestParameters.cc/dump:L107>   trimbits: button
[13:56:04.315]    DEBUG: <PixTestParameters.cc/dump:L104> PixTestParameters: ->Xray<-
[13:56:04.315]    DEBUG: <PixTestParameters.cc/dump:L107>   maskhotpixels: button
[13:56:04.315]    DEBUG: <PixTestParameters.cc/dump:L107>   savemaskfile: checkbox(0)
[13:56:04.315]    DEBUG: <PixTestParameters.cc/dump:L107>   maskfilename: default
[13:56:04.315]    DEBUG: <PixTestParameters.cc/dump:L107>   source: Ag
[13:56:04.315]    DEBUG: <PixTestParameters.cc/dump:L107>   phrun: button
[13:56:04.315]    DEBUG: <PixTestParameters.cc/dump:L107>   runseconds: 240
[13:56:04.315]    DEBUG: <PixTestParameters.cc/dump:L107>   trgfrequency(khz): 100
[13:56:04.315]    DEBUG: <PixTestParameters.cc/dump:L107>   ratescan: button
[13:56:04.315]    DEBUG: <PixTestParameters.cc/dump:L107>   vthrcompmin: 10
[13:56:04.315]    DEBUG: <PixTestParameters.cc/dump:L107>   vthrcompmax: 80
[13:56:04.315]    DEBUG: <PixTestParameters.cc/dump:L107>   stepseconds: 5
[13:56:04.315]    DEBUG: <PixTestParameters.cc/dump:L107>   delaytbm: checkbox
[13:56:04.315]    DEBUG: <PixTestParameters.cc/dump:L107>   filltree: checkbox
[13:56:04.317]    DEBUG: <PixSetup.cc/init:L81> PixSetup init start; getCurrentRSS() = 35241984
[13:56:04.317]    DEBUG: <PixSetup.cc/init:L87> fPixTestParameters = 0x16a58d0
[13:56:04.317]    DEBUG: <PixSetup.cc/init:L88>  fConfigParameters = 0x16340d0
[13:56:04.317]    DEBUG: <PixSetup.cc/init:L89>        fPxarMemory = 0x7fe391d94010
[13:56:04.317]    DEBUG: <PixSetup.cc/init:L90>         fPxarMemHi = 0x7fe397fff510
[13:56:04.317]    DEBUG: <PixSetup.cc/init:L106> PixSetup init done;  getCurrentRSS() = 35250176 fPxarMemory = 0x7fe391d94010
[13:56:04.319]    DEBUG: <pXar.cc/main:L223> Initial Analog Current: 379.4mA
[13:56:04.320]    DEBUG: <pXar.cc/main:L224> Initial Digital Current: 706.7mA
[13:56:04.320]    DEBUG: <pXar.cc/main:L225> Initial Module Temperature: 24.6 C
[13:56:04.815]    DEBUG: <PixGui.cc/hvOn:L460> HV set On: 0x1c7c750
[13:56:04.875]    DEBUG: <PixTestFactory.cc/PixTestFactory:L53> PixTestFactory::PixTestFactory()
[13:56:04.875]    DEBUG: <PixTestBBMap.cc/init:L79> PixTestBBMap::init()
[13:56:04.875]    DEBUG: <PixTestBBMap.cc/PixTestBBMap:L27> PixTestBBMap ctor(PixSetup &a, string, TGTab *)
[13:56:04.881]    DEBUG: <PixTestBB2Map.cc/setParameter:L58> setting fTargetIa    = 24 mA/ROC
[13:56:04.881]    DEBUG: <PixTestBB2Map.cc/init:L97> PixTestBB2Map::init()
[13:56:04.881]    DEBUG: <PixTestBB2Map.cc/PixTestBB2Map:L29> PixTestBB2Map ctor(PixSetup &a, string, TGTab *)
[13:56:04.890]    DEBUG: <PixTestBB3Map.cc/init:L81> PixTestBB3Map::init()
[13:56:04.890]    DEBUG: <PixTestBB3Map.cc/PixTestBB3Map:L29> PixTestBB3Map ctor(PixSetup &a, string, TGTab *)
[13:56:04.908]    DEBUG: <PixTestBB4Map.cc/init:L93> PixTestBB4Map::init()
[13:56:04.908]    DEBUG: <PixTestBB4Map.cc/PixTestBB4Map:L26> PixTestMapeff ctor(PixSetup &a, string, TGTab *)
[13:56:04.917]     INFO: PixTestCmd::init()
[13:56:04.927]    DEBUG: <PixTestDaq.cc/init:L44> PixTestDaq::init()
[13:56:04.927]    DEBUG: <PixTestDaq.cc/PixTestDaq:L22> PixTestDaq ctor(PixSetup &a, string, TGTab *)
[13:56:04.927]     INFO: readGainPedestalParameters data/mh113//phCalibrationFitErr_C0.dat .. data/mh113//phCalibrationFitErr_C15.dat
[13:56:05.168]    DEBUG: <PixTestDacDacScan.cc/init:L103> PixTestDacDacScan::init()
[13:56:05.168]    DEBUG: <PixTestDacDacScan.cc/PixTestDacDacScan:L22> PixTestDacDacScan ctor(PixSetup &a, string, TGTab *)
[13:56:05.181]    DEBUG: <PixTestGainPedestal.cc/setParameter:L83> PixTestGainPedestal::PixTest() fVcalStep = 10
[13:56:05.190]    DEBUG: <PixTestHighRate.cc/setParameter:L68>   setting fParTriggerFrequency -> 20
[13:56:05.190]    DEBUG: <PixTestHighRate.cc/init:L198> PixTestHighRate::init()
[13:56:05.190]    DEBUG: <PixTestHighRate.cc/PixTestHighRate:L31> PixTestHighRate ctor(PixSetup &a, string, TGTab *)
[13:56:05.214]    DEBUG: <PixTest.cc/setTestParameter:L637>  setting  ntrig to new value 10
[13:56:05.214]    DEBUG: <PixTestPhOptimization.cc/setParameter:L37>   setting fParNtrig  ->10<- from sval = 10
[13:56:05.214]    DEBUG: <PixTestPhOptimization.cc/setParameter:L42>   setting fSafetyMarginLow  ->20<- from sval = 20
[13:56:05.214]    DEBUG: <PixTestPhOptimization.cc/setParameter:L48>   setting fVcalMax  ->100<- from sval = 100
[13:56:05.214]    DEBUG: <PixTestPhOptimization.cc/setParameter:L53>   setting fQuantMax  ->0.98<- from sval = 0.98
[13:56:05.220]    DEBUG: <PixTestAlive.cc/init:L77> PixTestAlive::init()
[13:56:05.220]    DEBUG: <PixTestAlive.cc/PixTestAlive:L21> PixTestAlive ctor(PixSetup &a, string, TGTab *)
[13:56:05.240]    DEBUG: <PixTestReadback.cc/setParameter:L172> fCalwVd set to 1
[13:56:05.241]    DEBUG: <PixTestReadback.cc/init:L95> PixTestReadback::init()
[13:56:05.241]    DEBUG: <PixTestReadback.cc/PixTestReadback:L22> PixTestReadback ctor(PixSetup &a, string, TGTab *)
[13:56:05.241]     INFO: readReadbackCal: data/mh113//readbackCal_C0.dat .. data/mh113//readbackCal_C15.dat
[13:56:05.250]    DEBUG: <PixTestScurves.cc/setParameter:L93> set fOutputFilename = 
[13:56:05.257]    DEBUG: <PixTestTiming.cc/setParameter:L60> PixTestTiming::PixTest() targetclk = 4
[13:56:05.257]    DEBUG: <PixTestTiming.cc/setParameter:L64> PixTestTiming::PixTest() ntrig = 10000
[13:56:05.257]    DEBUG: <PixTestTiming.cc/setParameter:L48> fNoTokenPass: 0
[13:56:05.257]    DEBUG: <PixTestTiming.cc/setParameter:L55> fIgnoreReadBack: 0
[13:56:05.257]    DEBUG: <PixTestTiming.cc/init:L74> PixTestTiming::init()
[13:56:05.279]    DEBUG: <PixTestXray.cc/init:L134> PixTestXray::init()
[13:56:05.279]    DEBUG: <PixTestXray.cc/PixTestXray:L28> PixTestXray ctor(PixSetup &a, string, TGTab *)
[13:56:10.744]    DEBUG: <PixTab.cc/buttonClicked:L308> xxxPressed():  caldelscan
[13:56:10.745]    DEBUG: <PixTestHighRate.cc/runCommand:L157> running command: caldelscan
[13:56:10.745]     INFO:    ----------------------------------------------------------------------
[13:56:10.745]     INFO:    PixTestHighRate::calDelScan() ntrig = 10, vcal = 200
[13:56:10.745]     INFO:    ----------------------------------------------------------------------
[13:56:10.885]     INFO: Expecting 768 events.
[13:56:12.023]     INFO: 768 events read in total (420ms).
[13:56:12.212]     INFO: Test took 1462ms.
[13:56:12.218]    DEBUG: <PixTest.cc/efficiencyMaps:L396>       attempt #0
[13:56:12.886]     INFO: Expecting 41600 events.
[13:56:15.864]     INFO: 41600 events read in total (2452ms).
[13:56:15.867]     INFO: Test took 3649ms.
[13:56:15.901]     INFO: Fetched DAQ statistics. Counters are being reset now.
[13:56:15.901]    DEBUG: <PixTest.cc/efficiencyMaps:L407>  eff result size = 204532
[13:56:15.901]    DEBUG: <PixTest.cc/efficiencyMaps:L412> Create hists HR_xeff_CalDelScan_step0_C0 .. HR_xeff_CalDelScan_step0_C15
[13:56:15.901]    DEBUG: <PixTest.cc/efficiencyMaps:L426> booking xray maps for unmasked detector
[13:56:15.922]    DEBUG: <PixTest.cc/efficiencyMaps:L396>       attempt #0
[13:56:16.611]     INFO: Expecting 41600 events.
[13:56:19.737]     INFO: 41600 events read in total (2599ms).
[13:56:19.741]     INFO: Test took 3819ms.
[13:56:19.780]     INFO: Fetched DAQ statistics. Counters are being reset now.
[13:56:19.780]    DEBUG: <PixTest.cc/efficiencyMaps:L407>  eff result size = 215197
[13:56:19.780]    DEBUG: <PixTest.cc/efficiencyMaps:L412> Create hists HR_xeff_CalDelScan_step1_C0 .. HR_xeff_CalDelScan_step1_C15
[13:56:19.780]    DEBUG: <PixTest.cc/efficiencyMaps:L426> booking xray maps for unmasked detector
[13:56:19.802]    DEBUG: <PixTest.cc/efficiencyMaps:L396>       attempt #0
[13:56:20.479]     INFO: Expecting 41600 events.
[13:56:23.641]     INFO: 41600 events read in total (2635ms).
[13:56:23.643]     INFO: Test took 3841ms.
[13:56:23.680]     INFO: Fetched DAQ statistics. Counters are being reset now.
[13:56:23.680]    DEBUG: <PixTest.cc/efficiencyMaps:L407>  eff result size = 217031
[13:56:23.680]    DEBUG: <PixTest.cc/efficiencyMaps:L412> Create hists HR_xeff_CalDelScan_step2_C0 .. HR_xeff_CalDelScan_step2_C15
[13:56:23.680]    DEBUG: <PixTest.cc/efficiencyMaps:L426> booking xray maps for unmasked detector
[13:56:23.703]    DEBUG: <PixTest.cc/efficiencyMaps:L396>       attempt #0
[13:56:24.382]     INFO: Expecting 41600 events.
[13:56:27.552]     INFO: 41600 events read in total (2643ms).
[13:56:27.555]     INFO: Test took 3852ms.
[13:56:27.593]     INFO: Fetched DAQ statistics. Counters are being reset now.
[13:56:27.593]    DEBUG: <PixTest.cc/efficiencyMaps:L407>  eff result size = 217020
[13:56:27.593]    DEBUG: <PixTest.cc/efficiencyMaps:L412> Create hists HR_xeff_CalDelScan_step3_C0 .. HR_xeff_CalDelScan_step3_C15
[13:56:27.593]    DEBUG: <PixTest.cc/efficiencyMaps:L426> booking xray maps for unmasked detector
[13:56:27.615]    DEBUG: <PixTest.cc/efficiencyMaps:L396>       attempt #0
[13:56:28.294]     INFO: Expecting 41600 events.
[13:56:31.468]     INFO: 41600 events read in total (2648ms).
[13:56:31.471]     INFO: Test took 3856ms.
[13:56:31.507]     INFO: Fetched DAQ statistics. Counters are being reset now.
[13:56:31.507]    DEBUG: <PixTest.cc/efficiencyMaps:L407>  eff result size = 217490
[13:56:31.507]    DEBUG: <PixTest.cc/efficiencyMaps:L412> Create hists HR_xeff_CalDelScan_step4_C0 .. HR_xeff_CalDelScan_step4_C15
[13:56:31.507]    DEBUG: <PixTest.cc/efficiencyMaps:L426> booking xray maps for unmasked detector
[13:56:31.531]    DEBUG: <PixTest.cc/efficiencyMaps:L396>       attempt #0
[13:56:32.209]     INFO: Expecting 41600 events.
[13:56:35.385]     INFO: 41600 events read in total (2649ms).
[13:56:35.387]     INFO: Test took 3856ms.
[13:56:35.423]     INFO: Fetched DAQ statistics. Counters are being reset now.
[13:56:35.423]    DEBUG: <PixTest.cc/efficiencyMaps:L407>  eff result size = 217251
[13:56:35.423]    DEBUG: <PixTest.cc/efficiencyMaps:L412> Create hists HR_xeff_CalDelScan_step5_C0 .. HR_xeff_CalDelScan_step5_C15
[13:56:35.423]    DEBUG: <PixTest.cc/efficiencyMaps:L426> booking xray maps for unmasked detector
[13:56:35.447]    DEBUG: <PixTest.cc/efficiencyMaps:L396>       attempt #0
[13:56:36.125]     INFO: Expecting 41600 events.
[13:56:39.306]     INFO: 41600 events read in total (2654ms).
[13:56:39.308]     INFO: Test took 3861ms.
[13:56:39.346]     INFO: Fetched DAQ statistics. Counters are being reset now.
[13:56:39.346]    DEBUG: <PixTest.cc/efficiencyMaps:L407>  eff result size = 217337
[13:56:39.346]    DEBUG: <PixTest.cc/efficiencyMaps:L412> Create hists HR_xeff_CalDelScan_step6_C0 .. HR_xeff_CalDelScan_step6_C15
[13:56:39.346]    DEBUG: <PixTest.cc/efficiencyMaps:L426> booking xray maps for unmasked detector
[13:56:39.369]    DEBUG: <PixTest.cc/efficiencyMaps:L396>       attempt #0
[13:56:40.047]     INFO: Expecting 41600 events.
[13:56:43.228]     INFO: 41600 events read in total (2655ms).
[13:56:43.230]     INFO: Test took 3861ms.
[13:56:43.267]     INFO: Fetched DAQ statistics. Counters are being reset now.
[13:56:43.267]    DEBUG: <PixTest.cc/efficiencyMaps:L407>  eff result size = 217701
[13:56:43.267]    DEBUG: <PixTest.cc/efficiencyMaps:L412> Create hists HR_xeff_CalDelScan_step7_C0 .. HR_xeff_CalDelScan_step7_C15
[13:56:43.267]    DEBUG: <PixTest.cc/efficiencyMaps:L426> booking xray maps for unmasked detector
[13:56:43.290]    DEBUG: <PixTest.cc/efficiencyMaps:L396>       attempt #0
[13:56:43.969]     INFO: Expecting 41600 events.
[13:56:47.145]     INFO: 41600 events read in total (2649ms).
[13:56:47.147]     INFO: Test took 3857ms.
[13:56:47.183]     INFO: Fetched DAQ statistics. Counters are being reset now.
[13:56:47.183]    DEBUG: <PixTest.cc/efficiencyMaps:L407>  eff result size = 216500
[13:56:47.183]    DEBUG: <PixTest.cc/efficiencyMaps:L412> Create hists HR_xeff_CalDelScan_step8_C0 .. HR_xeff_CalDelScan_step8_C15
[13:56:47.183]    DEBUG: <PixTest.cc/efficiencyMaps:L426> booking xray maps for unmasked detector
[13:56:47.205]    DEBUG: <PixTest.cc/efficiencyMaps:L396>       attempt #0
[13:56:47.885]     INFO: Expecting 41600 events.
[13:56:51.063]     INFO: 41600 events read in total (2651ms).
[13:56:51.066]     INFO: Test took 3861ms.
[13:56:51.102]     INFO: Fetched DAQ statistics. Counters are being reset now.
[13:56:51.102]    DEBUG: <PixTest.cc/efficiencyMaps:L407>  eff result size = 217087
[13:56:51.102]    DEBUG: <PixTest.cc/efficiencyMaps:L412> Create hists HR_xeff_CalDelScan_step9_C0 .. HR_xeff_CalDelScan_step9_C15
[13:56:51.102]    DEBUG: <PixTest.cc/efficiencyMaps:L426> booking xray maps for unmasked detector
[13:56:51.125]    DEBUG: <PixTest.cc/efficiencyMaps:L396>       attempt #0
[13:56:51.804]     INFO: Expecting 41600 events.
[13:56:54.978]     INFO: 41600 events read in total (2648ms).
[13:56:54.980]     INFO: Test took 3855ms.
[13:56:55.016]     INFO: Fetched DAQ statistics. Counters are being reset now.
[13:56:55.016]    DEBUG: <PixTest.cc/efficiencyMaps:L407>  eff result size = 217570
[13:56:55.016]    DEBUG: <PixTest.cc/efficiencyMaps:L412> Create hists HR_xeff_CalDelScan_step10_C0 .. HR_xeff_CalDelScan_step10_C15
[13:56:55.017]    DEBUG: <PixTest.cc/efficiencyMaps:L426> booking xray maps for unmasked detector
[13:56:55.039]    DEBUG: <PixTest.cc/efficiencyMaps:L396>       attempt #0
[13:56:55.719]     INFO: Expecting 41600 events.
[13:56:58.896]     INFO: 41600 events read in total (2650ms).
[13:56:58.899]     INFO: Test took 3860ms.
[13:56:58.936]     INFO: Fetched DAQ statistics. Counters are being reset now.
[13:56:58.936]    DEBUG: <PixTest.cc/efficiencyMaps:L407>  eff result size = 217646
[13:56:58.936]    DEBUG: <PixTest.cc/efficiencyMaps:L412> Create hists HR_xeff_CalDelScan_step11_C0 .. HR_xeff_CalDelScan_step11_C15
[13:56:58.936]    DEBUG: <PixTest.cc/efficiencyMaps:L426> booking xray maps for unmasked detector
[13:56:58.959]    DEBUG: <PixTest.cc/efficiencyMaps:L396>       attempt #0
[13:56:59.637]     INFO: Expecting 41600 events.
[13:57:02.814]     INFO: 41600 events read in total (2650ms).
[13:57:02.816]     INFO: Test took 3857ms.
[13:57:02.853]     INFO: Fetched DAQ statistics. Counters are being reset now.
[13:57:02.853]    DEBUG: <PixTest.cc/efficiencyMaps:L407>  eff result size = 216885
[13:57:02.853]    DEBUG: <PixTest.cc/efficiencyMaps:L412> Create hists HR_xeff_CalDelScan_step12_C0 .. HR_xeff_CalDelScan_step12_C15
[13:57:02.853]    DEBUG: <PixTest.cc/efficiencyMaps:L426> booking xray maps for unmasked detector
[13:57:02.877]    DEBUG: <PixTest.cc/efficiencyMaps:L396>       attempt #0
[13:57:03.555]     INFO: Expecting 41600 events.
[13:57:06.734]     INFO: 41600 events read in total (2653ms).
[13:57:06.737]     INFO: Test took 3860ms.
[13:57:06.773]     INFO: Fetched DAQ statistics. Counters are being reset now.
[13:57:06.773]    DEBUG: <PixTest.cc/efficiencyMaps:L407>  eff result size = 216784
[13:57:06.773]    DEBUG: <PixTest.cc/efficiencyMaps:L412> Create hists HR_xeff_CalDelScan_step13_C0 .. HR_xeff_CalDelScan_step13_C15
[13:57:06.773]    DEBUG: <PixTest.cc/efficiencyMaps:L426> booking xray maps for unmasked detector
[13:57:06.796]    DEBUG: <PixTest.cc/efficiencyMaps:L396>       attempt #0
[13:57:07.475]     INFO: Expecting 41600 events.
[13:57:10.653]     INFO: 41600 events read in total (2651ms).
[13:57:10.656]     INFO: Test took 3860ms.
[13:57:10.692]     INFO: Fetched DAQ statistics. Counters are being reset now.
[13:57:10.692]    DEBUG: <PixTest.cc/efficiencyMaps:L407>  eff result size = 217492
[13:57:10.692]    DEBUG: <PixTest.cc/efficiencyMaps:L412> Create hists HR_xeff_CalDelScan_step14_C0 .. HR_xeff_CalDelScan_step14_C15
[13:57:10.692]    DEBUG: <PixTest.cc/efficiencyMaps:L426> booking xray maps for unmasked detector
[13:57:10.716]    DEBUG: <PixTest.cc/efficiencyMaps:L396>       attempt #0
[13:57:11.393]     INFO: Expecting 41600 events.
[13:57:14.573]     INFO: 41600 events read in total (2653ms).
[13:57:14.576]     INFO: Test took 3860ms.
[13:57:14.612]     INFO: Fetched DAQ statistics. Counters are being reset now.
[13:57:14.612]    DEBUG: <PixTest.cc/efficiencyMaps:L407>  eff result size = 217008
[13:57:14.612]    DEBUG: <PixTest.cc/efficiencyMaps:L412> Create hists HR_xeff_CalDelScan_step15_C0 .. HR_xeff_CalDelScan_step15_C15
[13:57:14.612]    DEBUG: <PixTest.cc/efficiencyMaps:L426> booking xray maps for unmasked detector
[13:57:14.635]    DEBUG: <PixTest.cc/efficiencyMaps:L396>       attempt #0
[13:57:15.315]     INFO: Expecting 41600 events.
[13:57:18.495]     INFO: 41600 events read in total (2653ms).
[13:57:18.497]     INFO: Test took 3862ms.
[13:57:18.535]     INFO: Fetched DAQ statistics. Counters are being reset now.
[13:57:18.535]    DEBUG: <PixTest.cc/efficiencyMaps:L407>  eff result size = 217028
[13:57:18.535]    DEBUG: <PixTest.cc/efficiencyMaps:L412> Create hists HR_xeff_CalDelScan_step16_C0 .. HR_xeff_CalDelScan_step16_C15
[13:57:18.536]    DEBUG: <PixTest.cc/efficiencyMaps:L426> booking xray maps for unmasked detector
[13:57:18.559]    DEBUG: <PixTest.cc/efficiencyMaps:L396>       attempt #0
[13:57:19.236]     INFO: Expecting 41600 events.
[13:57:22.417]     INFO: 41600 events read in total (2654ms).
[13:57:22.419]     INFO: Test took 3860ms.
[13:57:22.456]     INFO: Fetched DAQ statistics. Counters are being reset now.
[13:57:22.456]    DEBUG: <PixTest.cc/efficiencyMaps:L407>  eff result size = 216802
[13:57:22.456]    DEBUG: <PixTest.cc/efficiencyMaps:L412> Create hists HR_xeff_CalDelScan_step17_C0 .. HR_xeff_CalDelScan_step17_C15
[13:57:22.456]    DEBUG: <PixTest.cc/efficiencyMaps:L426> booking xray maps for unmasked detector
[13:57:22.479]    DEBUG: <PixTest.cc/efficiencyMaps:L396>       attempt #0
[13:57:23.159]     INFO: Expecting 41600 events.
[13:57:26.315]     INFO: 41600 events read in total (2630ms).
[13:57:26.317]     INFO: Test took 3838ms.
[13:57:26.353]     INFO: Fetched DAQ statistics. Counters are being reset now.
[13:57:26.354]    DEBUG: <PixTest.cc/efficiencyMaps:L407>  eff result size = 215300
[13:57:26.354]    DEBUG: <PixTest.cc/efficiencyMaps:L412> Create hists HR_xeff_CalDelScan_step18_C0 .. HR_xeff_CalDelScan_step18_C15
[13:57:26.354]    DEBUG: <PixTest.cc/efficiencyMaps:L426> booking xray maps for unmasked detector
[13:57:26.376]    DEBUG: <PixTest.cc/efficiencyMaps:L396>       attempt #0
[13:57:27.056]     INFO: Expecting 41600 events.
[13:57:30.108]     INFO: 41600 events read in total (2525ms).
[13:57:30.111]     INFO: Test took 3735ms.
[13:57:30.148]     INFO: Fetched DAQ statistics. Counters are being reset now.
[13:57:30.149]    DEBUG: <PixTest.cc/efficiencyMaps:L407>  eff result size = 210787
[13:57:30.149]    DEBUG: <PixTest.cc/efficiencyMaps:L412> Create hists HR_xeff_CalDelScan_step19_C0 .. HR_xeff_CalDelScan_step19_C15
[13:57:30.149]    DEBUG: <PixTest.cc/efficiencyMaps:L426> booking xray maps for unmasked detector
[13:57:30.459]    DEBUG: <PixTestHighRate.cc/doCalDelScan:L422> roc  0: caldel = 160 eff = 0.999928
[13:57:30.460]    DEBUG: <PixTestHighRate.cc/doCalDelScan:L422> roc  1: caldel = 168 eff = 0.999399
[13:57:30.460]    DEBUG: <PixTestHighRate.cc/doCalDelScan:L422> roc  2: caldel = 255 eff = 0
[13:57:30.460]    DEBUG: <PixTestHighRate.cc/doCalDelScan:L422> roc  3: caldel = 155 eff = 0.999784
[13:57:30.460]    DEBUG: <PixTestHighRate.cc/doCalDelScan:L422> roc  4: caldel = 152 eff = 0.999808
[13:57:30.461]    DEBUG: <PixTestHighRate.cc/doCalDelScan:L422> roc  5: caldel = 146 eff = 0.999808
[13:57:30.461]    DEBUG: <PixTestHighRate.cc/doCalDelScan:L422> roc  6: caldel = 128 eff = 0.999784
[13:57:30.461]    DEBUG: <PixTestHighRate.cc/doCalDelScan:L422> roc  7: caldel = 129 eff = 0.999639
[13:57:30.461]    DEBUG: <PixTestHighRate.cc/doCalDelScan:L422> roc  8: caldel = 128 eff = 0.999832
[13:57:30.461]    DEBUG: <PixTestHighRate.cc/doCalDelScan:L422> roc  9: caldel = 155 eff = 0.999784
[13:57:30.461]    DEBUG: <PixTestHighRate.cc/doCalDelScan:L422> roc 10: caldel = 140 eff = 0.999808
[13:57:30.462]    DEBUG: <PixTestHighRate.cc/doCalDelScan:L422> roc 11: caldel = 154 eff = 0.99988
[13:57:30.462]    DEBUG: <PixTestHighRate.cc/doCalDelScan:L422> roc 12: caldel = 151 eff = 0.998822
[13:57:30.462]    DEBUG: <PixTestHighRate.cc/doCalDelScan:L422> roc 13: caldel = 128 eff = 0.999615
[13:57:30.462]    DEBUG: <PixTestHighRate.cc/doCalDelScan:L422> roc 14: caldel = 113 eff = 0.999904
[13:57:30.462]    DEBUG: <PixTestHighRate.cc/doCalDelScan:L422> roc 15: caldel = 132 eff = 0.999928
[13:57:44.840]    DEBUG: <PixTab.cc/buttonClicked:L308> xxxPressed():  xpixelalive
[13:57:44.841]    DEBUG: <PixTestHighRate.cc/runCommand:L157> running command: xpixelalive
[13:57:44.841]     INFO:    ----------------------------------------------------------------------
[13:57:44.841]     INFO:    PixTestHighRate::xPixelAlive() ntrig = 50, vcal = 200
[13:57:44.841]     INFO:    ----------------------------------------------------------------------
[13:57:44.841]    DEBUG: <PixTestHighRate.cc/doXPixelAlive:L451>  old set: clk: 4
[13:57:44.841]    DEBUG: <PixTestHighRate.cc/doXPixelAlive:L451>  old set: ctr: 4
[13:57:44.841]    DEBUG: <PixTestHighRate.cc/doXPixelAlive:L451>  old set: sda: 19
[13:57:44.841]    DEBUG: <PixTestHighRate.cc/doXPixelAlive:L451>  old set: tin: 9
[13:57:44.841]    DEBUG: <PixTestHighRate.cc/doXPixelAlive:L451>  old set: level: 15
[13:57:44.841]    DEBUG: <PixTestHighRate.cc/doXPixelAlive:L451>  old set: triggerdelay: 0
[13:57:44.841]    DEBUG: <PixTestHighRate.cc/doXPixelAlive:L467>  setting: clk: 4
[13:57:44.841]    DEBUG: <PixTestHighRate.cc/doXPixelAlive:L467>  setting: ctr: 4
[13:57:44.841]    DEBUG: <PixTestHighRate.cc/doXPixelAlive:L467>  setting: sda: 19
[13:57:44.841]    DEBUG: <PixTestHighRate.cc/doXPixelAlive:L467>  setting: tin: 9
[13:57:44.841]    DEBUG: <PixTestHighRate.cc/doXPixelAlive:L467>  setting: level: 15
[13:57:44.841]    DEBUG: <PixTestHighRate.cc/doXPixelAlive:L467>  setting: triggerdelay: 20
[13:57:44.885]    DEBUG: <PixTest.cc/efficiencyMaps:L396>       attempt #0
[13:57:45.554]     INFO: Expecting 208000 events.
[13:57:56.989]     INFO: 208000 events read in total (10909ms).
[13:57:56.994]     INFO: Test took 12109ms.
[13:57:57.136]     INFO: Fetched DAQ statistics. Counters are being reset now.
[13:57:57.136]    DEBUG: <PixTest.cc/efficiencyMaps:L407>  eff result size = 833441
[13:57:57.137]    DEBUG: <PixTest.cc/efficiencyMaps:L412> Create hists highRate_C0 .. highRate_C15
[13:57:57.137]    DEBUG: <PixTest.cc/efficiencyMaps:L426> booking xray maps for unmasked detector
[13:57:57.429]     INFO: number of dead pixels (per ROC):     0    2 4160    0    0    0    0    0    0    0    0    0    4    1    0    0
[13:57:57.429]     INFO: number of red-efficiency pixels:    34   25 4160   75   75   72   75   54   55   57   72   63   71   41   26   41
[13:57:57.429]     INFO: number of X-ray hits detected:    36798 29748    0 67917 66695 72557 61495 34711 50313 61997 68994 45602 69755 42314 22197 39955
[13:57:57.429]     INFO: number of triggers sent (total per ROC):  208000 208000 208000 208000 208000 208000 208000 208000 208000 208000 208000 208000 208000 208000 208000 208000
[13:57:57.429]     INFO: number of Vcal hits detected:  207966 207877    0 207924 207924 207928 207925 207912 207945 207941 207926 207936 207733 207910 207973 207959
[13:57:57.430]     INFO: Vcal hit fiducial efficiency (%):  100.0 100.0 -nan 100.0 100.0 100.0 100.0 100.0 100.0 100.0 100.0 100.0 100.0 100.0 100.0 100.0
[13:57:57.430]     INFO: Vcal hit overall efficiency (%):  100.0 99.9 0.0 100.0 100.0 100.0 100.0 100.0 100.0 100.0 100.0 100.0 99.9 100.0 100.0 100.0
[13:57:57.430]     INFO: X-ray hit rate [MHz/cm2]:  10.8 8.7 0.0 19.9 19.5 21.3 18.0 10.2 14.7 18.2 20.2 13.4 20.4 12.4 6.5 11.7
[13:57:57.430]     INFO: PixTestHighRate::doXPixelAlive() done
[13:57:57.475]    DEBUG: <PixTestHighRate.cc/doXPixelAlive:L586>  resetting: clk: 4
[13:57:57.475]    DEBUG: <PixTestHighRate.cc/doXPixelAlive:L586>  resetting: ctr: 4
[13:57:57.475]    DEBUG: <PixTestHighRate.cc/doXPixelAlive:L586>  resetting: sda: 19
[13:57:57.475]    DEBUG: <PixTestHighRate.cc/doXPixelAlive:L586>  resetting: tin: 9
[13:57:57.475]    DEBUG: <PixTestHighRate.cc/doXPixelAlive:L586>  resetting: level: 15
[13:57:57.475]    DEBUG: <PixTestHighRate.cc/doXPixelAlive:L586>  resetting: triggerdelay: 0
[13:57:57.475]     INFO: PixTest::       pg_setup set to default.
[13:58:33.576]    DEBUG: <PixTest.cc/moduleMap:L1029> moduleMap histname: what
[13:58:33.577]    DEBUG: <PixTest.cc/moduleMap:L1039> h1->GetName() = highRate_xraymap_C12_V0 -> highRate_xraymap_mod
[13:58:37.408]    DEBUG: <PixGui.cc/handleButtons:L396> PixGui::exit called
[13:58:37.409]    DEBUG: <PixGui.cc/CloseWindow:L335> Final Analog Current: 383.5mA
[13:58:37.410]    DEBUG: <PixGui.cc/CloseWindow:L336> Final Digital Current: 705.1mA
[13:58:37.410]    DEBUG: <PixGui.cc/CloseWindow:L337> Final Module Temperature: 25.4 C
[13:58:37.410]    DEBUG: <PixTestBBMap.cc/~PixTestBBMap:L97> PixTestBBMap dtor
[13:58:37.410]    DEBUG: <PixTestBB2Map.cc/~PixTestBB2Map:L115> PixTestBB2Map dtor
[13:58:37.410]    DEBUG: <PixTestBB3Map.cc/~PixTestBB3Map:L99> PixTestBB3Map dtor
[13:58:37.410]    DEBUG: <PixTestBB4Map.cc/~PixTestBB4Map:L118> PixTestBB4Map dtor
[13:58:37.410]    DEBUG: <PixTestCmd.cc/~PixTestCmd:L78> PixTestCmd dtor
[13:58:37.411]    DEBUG: <PixTestDaq.cc/~PixTestDaq:L37> PixTestDaq dtor
[13:58:37.411]    DEBUG: <PixTestDacDacScan.cc/~PixTestDacDacScan:L136> PixTestDacDacScan dtor
[13:58:37.411]    DEBUG: <PixTestDacScan.cc/~PixTestDacScan:L129> PixTestDacScan dtor
[13:58:37.411]    DEBUG: <PixTestGainPedestal.cc/~PixTestGainPedestal:L125> PixTestGainPedestal dtor
[13:58:37.411]    DEBUG: <PixTestHighRate.cc/~PixTestHighRate:L245> PixTestHighRate dtor
[13:58:37.503]    DEBUG: <PixTestIV.cc/~PixTestIV:L96> PixTestIV dtor
[13:58:37.503]    DEBUG: <PixTestAlive.cc/~PixTestAlive:L109> PixTestAlive dtor
[13:58:37.503]    DEBUG: <PixTestPretest.cc/~PixTestPretest:L136> PixTestPretest dtor
[13:58:37.503]    DEBUG: <PixTestReadback.cc/~PixTestReadback:L89> PixTestReadback dtor, saving tree ... 
[13:58:37.503]    DEBUG: <PixTestScurves.cc/~PixTestScurves:L142> PixTestScurves dtor
[13:58:37.503]    DEBUG: <PixTestTiming.cc/~PixTestTiming:L97> PixTestTiming dtor
[13:58:37.504]    DEBUG: <PixTestTrim.cc/~PixTestTrim:L103> PixTestTrim dtor
[13:58:37.504]    DEBUG: <PixTestXray.cc/~PixTestXray:L217> PixTestXray dtor
[13:58:37.506]    QUIET: Connection to board 58 closed.
[13:58:37.587]    DEBUG: <PixMonitor.cc/dumpSummaries:L39> PixMonitor::dumpSummaries
