[13:53:47.888]     INFO: *** Welcome to pxar ***
[13:53:47.888]     INFO: *** Today: 2015/12/29
[13:53:47.897]     INFO: *** Version: prod-12
[13:53:47.897]     INFO: readRocDacs: data/mh113//dacParameters_C0.dat .. data/mh113//dacParameters_C15.dat
[13:53:47.898]     INFO: readTbmDacs: data/mh113//tbmParameters_C0a.dat .. data/mh113//tbmParameters_C0b.dat
[13:53:47.898]     INFO: readMaskFile: data/mh113//defaultMaskFile.dat
[13:53:47.898]     INFO: readTrimFile: data/mh113//trimParameters_C0.dat .. data/mh113//trimParameters_C15.dat
[13:53:48.046]     INFO:         clk: 4
[13:53:48.047]     INFO:         ctr: 4
[13:53:48.047]     INFO:         sda: 19
[13:53:48.047]     INFO:         tin: 9
[13:53:48.047]     INFO:         level: 15
[13:53:48.047]     INFO:         triggerdelay: 0
[13:53:48.047]    QUIET: Instanciating API for pxar prod-12
[13:53:48.047]     INFO: Log level: DEBUG
[13:53:48.057]    QUIET: Connection to board DTB_WRPRHI opened.
[13:53:48.061]     INFO: DTB startup information
--- DTB info------------------------------------------
Board id:    58
HW version:  DTB1.2
FW version:  4.2
SW version:  4.5
USB id:      DTB_WRPRHI
MAC address: 40D85511803A
Hostname:    pixelDTB058
Comment:     
------------------------------------------------------
[13:53:48.063]     INFO: RPC call hashes of host and DTB match: 398089610
[13:53:49.666]     INFO: DUT info: 
[13:53:49.666]     INFO: The DUT currently contains the following objects:
[13:53:49.666]     INFO:  2 TBM Cores tbm08c (2 ON)
[13:53:49.666]     INFO: 	TBM Core alpha (0): 7 registers set
[13:53:49.666]     INFO: 	TBM Core beta  (1): 7 registers set
[13:53:49.666]     INFO: 16 ROCs psi46digv21respin (16 ON) with 4160 pixelConfigs
[13:53:49.666]     INFO: 	ROC 0: 19 DACs set, Pixels: 0 masked, 0 active.
[13:53:49.666]     INFO: 	ROC 1: 19 DACs set, Pixels: 0 masked, 0 active.
[13:53:49.666]     INFO: 	ROC 2: 19 DACs set, Pixels: 0 masked, 0 active.
[13:53:49.666]     INFO: 	ROC 3: 19 DACs set, Pixels: 0 masked, 0 active.
[13:53:49.666]     INFO: 	ROC 4: 19 DACs set, Pixels: 0 masked, 0 active.
[13:53:49.666]     INFO: 	ROC 5: 19 DACs set, Pixels: 0 masked, 0 active.
[13:53:49.666]     INFO: 	ROC 6: 19 DACs set, Pixels: 0 masked, 0 active.
[13:53:49.666]     INFO: 	ROC 7: 19 DACs set, Pixels: 0 masked, 0 active.
[13:53:49.666]     INFO: 	ROC 8: 19 DACs set, Pixels: 0 masked, 0 active.
[13:53:49.666]     INFO: 	ROC 9: 19 DACs set, Pixels: 0 masked, 0 active.
[13:53:49.666]     INFO: 	ROC 10: 19 DACs set, Pixels: 0 masked, 0 active.
[13:53:49.666]     INFO: 	ROC 11: 19 DACs set, Pixels: 0 masked, 0 active.
[13:53:49.666]     INFO: 	ROC 12: 19 DACs set, Pixels: 0 masked, 0 active.
[13:53:49.666]     INFO: 	ROC 13: 19 DACs set, Pixels: 0 masked, 0 active.
[13:53:49.666]     INFO: 	ROC 14: 19 DACs set, Pixels: 0 masked, 0 active.
[13:53:49.667]     INFO: 	ROC 15: 19 DACs set, Pixels: 0 masked, 0 active.
[13:53:49.667]    DEBUG: <PixTestParameters.cc/dump:L104> PixTestParameters: ->BB<-
[13:53:49.667]    DEBUG: <PixTestParameters.cc/dump:L107>   dumpall: checkbox(0)
[13:53:49.667]    DEBUG: <PixTestParameters.cc/dump:L107>   dumpproblematic: checkbox(0)
[13:53:49.667]    DEBUG: <PixTestParameters.cc/dump:L107>   ntrig: 5
[13:53:49.667]    DEBUG: <PixTestParameters.cc/dump:L107>   vcals: 250
[13:53:49.667]    DEBUG: <PixTestParameters.cc/dump:L104> PixTestParameters: ->BB2<-
[13:53:49.667]    DEBUG: <PixTestParameters.cc/dump:L107>   ntrig: 10
[13:53:49.667]    DEBUG: <PixTestParameters.cc/dump:L107>   vcals: 222
[13:53:49.667]    DEBUG: <PixTestParameters.cc/dump:L107>   plwidth: 35
[13:53:49.667]    DEBUG: <PixTestParameters.cc/dump:L107>   pix: 11,20
[13:53:49.667]    DEBUG: <PixTestParameters.cc/dump:L107>   targetia: 24
[13:53:49.667]    DEBUG: <PixTestParameters.cc/dump:L104> PixTestParameters: ->BB3<-
[13:53:49.667]    DEBUG: <PixTestParameters.cc/dump:L107>   dumpall: checkbox(0)
[13:53:49.667]    DEBUG: <PixTestParameters.cc/dump:L107>   dumpproblematic: checkbox(0)
[13:53:49.667]    DEBUG: <PixTestParameters.cc/dump:L107>   ntrig: 5
[13:53:49.667]    DEBUG: <PixTestParameters.cc/dump:L107>   vcals: 250
[13:53:49.667]    DEBUG: <PixTestParameters.cc/dump:L104> PixTestParameters: ->BB4<-
[13:53:49.667]    DEBUG: <PixTestParameters.cc/dump:L107>   savecaldelscan: checkbox(0)
[13:53:49.667]    DEBUG: <PixTestParameters.cc/dump:L107>   ntrig: 100
[13:53:49.667]    DEBUG: <PixTestParameters.cc/dump:L107>   cals: 1
[13:53:49.667]    DEBUG: <PixTestParameters.cc/dump:L107>   caldello: 80
[13:53:49.667]    DEBUG: <PixTestParameters.cc/dump:L107>   caldelhi: 200
[13:53:49.667]    DEBUG: <PixTestParameters.cc/dump:L107>   caldelstep: 10
[13:53:49.667]    DEBUG: <PixTestParameters.cc/dump:L107>   vthrcomplo: 70
[13:53:49.667]    DEBUG: <PixTestParameters.cc/dump:L107>   vthrcomphi: 130
[13:53:49.667]    DEBUG: <PixTestParameters.cc/dump:L107>   vthrcompstep: 5
[13:53:49.667]    DEBUG: <PixTestParameters.cc/dump:L107>   noisypixels: 10
[13:53:49.667]    DEBUG: <PixTestParameters.cc/dump:L107>   vcal: 255
[13:53:49.667]    DEBUG: <PixTestParameters.cc/dump:L107>   cut: 0.5
[13:53:49.667]    DEBUG: <PixTestParameters.cc/dump:L104> PixTestParameters: ->Cmd<-
[13:53:49.667]    DEBUG: <PixTestParameters.cc/dump:L104> PixTestParameters: ->DAQ<-
[13:53:49.667]    DEBUG: <PixTestParameters.cc/dump:L107>   delaytbm: checkbox
[13:53:49.667]    DEBUG: <PixTestParameters.cc/dump:L107>   filltree: checkbox
[13:53:49.667]    DEBUG: <PixTestParameters.cc/dump:L107>   trgfrequency(khz): 100
[13:53:49.667]    DEBUG: <PixTestParameters.cc/dump:L107>   maskhotpixels: button
[13:53:49.668]    DEBUG: <PixTestParameters.cc/dump:L107>   trgnumber: 5
[13:53:49.668]    DEBUG: <PixTestParameters.cc/dump:L107>   iterations: 10
[13:53:49.668]    DEBUG: <PixTestParameters.cc/dump:L107>   rundaqtrg: button
[13:53:49.668]    DEBUG: <PixTestParameters.cc/dump:L107>   daqseconds: 5
[13:53:49.668]    DEBUG: <PixTestParameters.cc/dump:L107>   rundaqseconds: button
[13:53:49.668]    DEBUG: <PixTestParameters.cc/dump:L104> PixTestParameters: ->DacDacScan<-
[13:53:49.668]    DEBUG: <PixTestParameters.cc/dump:L107>   phmap: checkbox
[13:53:49.668]    DEBUG: <PixTestParameters.cc/dump:L107>   ntrig: 10
[13:53:49.668]    DEBUG: <PixTestParameters.cc/dump:L107>   dac1: caldel
[13:53:49.668]    DEBUG: <PixTestParameters.cc/dump:L107>   dac1lo: 0
[13:53:49.668]    DEBUG: <PixTestParameters.cc/dump:L107>   dac1hi: 255
[13:53:49.668]    DEBUG: <PixTestParameters.cc/dump:L107>   dac2: vthrcomp
[13:53:49.668]    DEBUG: <PixTestParameters.cc/dump:L107>   dac2lo: 0
[13:53:49.668]    DEBUG: <PixTestParameters.cc/dump:L107>   dac2hi: 255
[13:53:49.668]    DEBUG: <PixTestParameters.cc/dump:L107>   pix: 11,20
[13:53:49.668]    DEBUG: <PixTestParameters.cc/dump:L104> PixTestParameters: ->DacScan<-
[13:53:49.668]    DEBUG: <PixTestParameters.cc/dump:L107>   phmap: checkbox(1)
[13:53:49.668]    DEBUG: <PixTestParameters.cc/dump:L107>   allpixels: checkbox(0)
[13:53:49.668]    DEBUG: <PixTestParameters.cc/dump:L107>   unmasked: checkbox(0)
[13:53:49.668]    DEBUG: <PixTestParameters.cc/dump:L107>   ntrig: 10
[13:53:49.668]    DEBUG: <PixTestParameters.cc/dump:L107>   dac: vcal
[13:53:49.668]    DEBUG: <PixTestParameters.cc/dump:L107>   daclo: 0
[13:53:49.668]    DEBUG: <PixTestParameters.cc/dump:L107>   dachi: 255
[13:53:49.668]    DEBUG: <PixTestParameters.cc/dump:L107>   pix: 11,20
[13:53:49.668]    DEBUG: <PixTestParameters.cc/dump:L104> PixTestParameters: ->GainPedestal<-
[13:53:49.668]    DEBUG: <PixTestParameters.cc/dump:L107>   showfits: checkbox(0)
[13:53:49.668]    DEBUG: <PixTestParameters.cc/dump:L107>   extended: checkbox(0)
[13:53:49.668]    DEBUG: <PixTestParameters.cc/dump:L107>   dumphists: checkbox(0)
[13:53:49.668]    DEBUG: <PixTestParameters.cc/dump:L107>   ntrig: 10
[13:53:49.668]    DEBUG: <PixTestParameters.cc/dump:L107>   vcalstep: 10
[13:53:49.668]    DEBUG: <PixTestParameters.cc/dump:L107>   measure: button
[13:53:49.668]    DEBUG: <PixTestParameters.cc/dump:L107>   fit: button
[13:53:49.668]    DEBUG: <PixTestParameters.cc/dump:L107>   save: button
[13:53:49.668]    DEBUG: <PixTestParameters.cc/dump:L104> PixTestParameters: ->HighRate<-
[13:53:49.668]    DEBUG: <PixTestParameters.cc/dump:L107>   pix: 11,20
[13:53:49.668]    DEBUG: <PixTestParameters.cc/dump:L107>   trimhotpixels: button
[13:53:49.668]    DEBUG: <PixTestParameters.cc/dump:L107>   trimhotpixelthr: 200
[13:53:49.668]    DEBUG: <PixTestParameters.cc/dump:L107>   runsecondshotpixels: 10
[13:53:49.668]    DEBUG: <PixTestParameters.cc/dump:L107>   savetrimbits: checkbox(1)
[13:53:49.668]    DEBUG: <PixTestParameters.cc/dump:L107>   maskuntrimmable: checkbox(1)
[13:53:49.668]    DEBUG: <PixTestParameters.cc/dump:L107>   maskhotpixels: button
[13:53:49.668]    DEBUG: <PixTestParameters.cc/dump:L107>   savemaskfile: checkbox(0)
[13:53:49.668]    DEBUG: <PixTestParameters.cc/dump:L107>   maskfilename: default
[13:53:49.668]    DEBUG: <PixTestParameters.cc/dump:L107>   caldelscan: button
[13:53:49.668]    DEBUG: <PixTestParameters.cc/dump:L107>   xpixelalive: button
[13:53:49.668]    DEBUG: <PixTestParameters.cc/dump:L107>   ntrig: 50
[13:53:49.668]    DEBUG: <PixTestParameters.cc/dump:L107>   vcal: 200
[13:53:49.668]    DEBUG: <PixTestParameters.cc/dump:L107>   xnoisemaps: button
[13:53:49.668]    DEBUG: <PixTestParameters.cc/dump:L107>   daclo: 0
[13:53:49.668]    DEBUG: <PixTestParameters.cc/dump:L107>   dachi: 100
[13:53:49.668]    DEBUG: <PixTestParameters.cc/dump:L107>   dacs/step: 20
[13:53:49.668]    DEBUG: <PixTestParameters.cc/dump:L107>   rundaq: button
[13:53:49.668]    DEBUG: <PixTestParameters.cc/dump:L107>   trgfrequency(khz): 20
[13:53:49.668]    DEBUG: <PixTestParameters.cc/dump:L107>   runseconds: 5
[13:53:49.668]    DEBUG: <PixTestParameters.cc/dump:L107>   triggerdelay: 20
[13:53:49.668]    DEBUG: <PixTestParameters.cc/dump:L107>   delaytbm: checkbox
[13:53:49.668]    DEBUG: <PixTestParameters.cc/dump:L107>   filltree: checkbox
[13:53:49.668]    DEBUG: <PixTestParameters.cc/dump:L104> PixTestParameters: ->IV<-
[13:53:49.668]    DEBUG: <PixTestParameters.cc/dump:L107>   port: /dev/ttyS0
[13:53:49.668]    DEBUG: <PixTestParameters.cc/dump:L107>   voltagestart: 0
[13:53:49.669]    DEBUG: <PixTestParameters.cc/dump:L107>   voltagestop: 600
[13:53:49.669]    DEBUG: <PixTestParameters.cc/dump:L107>   voltagestep: 5
[13:53:49.669]    DEBUG: <PixTestParameters.cc/dump:L107>   delay: 1
[13:53:49.669]    DEBUG: <PixTestParameters.cc/dump:L107>   compliance(ua): 100
[13:53:49.669]    DEBUG: <PixTestParameters.cc/dump:L104> PixTestParameters: ->PhOptimization<-
[13:53:49.669]    DEBUG: <PixTestParameters.cc/dump:L107>   ntrig: 10
[13:53:49.669]    DEBUG: <PixTestParameters.cc/dump:L107>   safetymarginlow: 20
[13:53:49.669]    DEBUG: <PixTestParameters.cc/dump:L107>   saturationvcal: 100
[13:53:49.669]    DEBUG: <PixTestParameters.cc/dump:L107>   quantilesaturation: 0.98
[13:53:49.669]    DEBUG: <PixTestParameters.cc/dump:L104> PixTestParameters: ->PixelAlive<-
[13:53:49.669]    DEBUG: <PixTestParameters.cc/dump:L107>   ntrig: 10
[13:53:49.669]    DEBUG: <PixTestParameters.cc/dump:L107>   vcal: 200
[13:53:49.669]    DEBUG: <PixTestParameters.cc/dump:L107>   alivetest: button
[13:53:49.669]    DEBUG: <PixTestParameters.cc/dump:L107>   masktest: button
[13:53:49.669]    DEBUG: <PixTestParameters.cc/dump:L107>   addressdecodingtest: button
[13:53:49.669]    DEBUG: <PixTestParameters.cc/dump:L104> PixTestParameters: ->Pretest<-
[13:53:49.669]    DEBUG: <PixTestParameters.cc/dump:L107>   programroc: button
[13:53:49.669]    DEBUG: <PixTestParameters.cc/dump:L107>   targetia: 24
[13:53:49.669]    DEBUG: <PixTestParameters.cc/dump:L107>   setvana: button
[13:53:49.669]    DEBUG: <PixTestParameters.cc/dump:L107>   iterations: 100
[13:53:49.669]    DEBUG: <PixTestParameters.cc/dump:L107>   settimings: button
[13:53:49.669]    DEBUG: <PixTestParameters.cc/dump:L107>   findtiming: button
[13:53:49.669]    DEBUG: <PixTestParameters.cc/dump:L107>   findworkingpixel: button
[13:53:49.669]    DEBUG: <PixTestParameters.cc/dump:L107>   setvthrcompcaldel: button
[13:53:49.669]    DEBUG: <PixTestParameters.cc/dump:L107>   pix: 11,20
[13:53:49.669]    DEBUG: <PixTestParameters.cc/dump:L107>   vcal: 250
[13:53:49.669]    DEBUG: <PixTestParameters.cc/dump:L107>   deltavthrcomp: 50
[13:53:49.669]    DEBUG: <PixTestParameters.cc/dump:L107>   fraccaldel: 0.5
[13:53:49.669]    DEBUG: <PixTestParameters.cc/dump:L107>   ntrig: 5
[13:53:49.669]    DEBUG: <PixTestParameters.cc/dump:L107>   savedacs: button
[13:53:49.669]    DEBUG: <PixTestParameters.cc/dump:L104> PixTestParameters: ->Readback<-
[13:53:49.669]    DEBUG: <PixTestParameters.cc/dump:L107>   calibratevd: button
[13:53:49.669]    DEBUG: <PixTestParameters.cc/dump:L107>   calibrateva: button
[13:53:49.669]    DEBUG: <PixTestParameters.cc/dump:L107>   calibrateia: button
[13:53:49.669]    DEBUG: <PixTestParameters.cc/dump:L107>   readbackvbg: button
[13:53:49.669]    DEBUG: <PixTestParameters.cc/dump:L107>   getcalibratedvbg: button
[13:53:49.669]    DEBUG: <PixTestParameters.cc/dump:L107>   usecalvd: checkbox(1)
[13:53:49.669]    DEBUG: <PixTestParameters.cc/dump:L107>   usecalva: checkbox(0)
[13:53:49.669]    DEBUG: <PixTestParameters.cc/dump:L107>   setvana: button
[13:53:49.669]    DEBUG: <PixTestParameters.cc/dump:L104> PixTestParameters: ->Scurves<-
[13:53:49.669]    DEBUG: <PixTestParameters.cc/dump:L107>   adjustvcal: checkbox(0)
[13:53:49.669]    DEBUG: <PixTestParameters.cc/dump:L107>   dumpall: checkbox(0)
[13:53:49.669]    DEBUG: <PixTestParameters.cc/dump:L107>   dumpproblematic: checkbox(0)
[13:53:49.669]    DEBUG: <PixTestParameters.cc/dump:L107>   dumpoutputfile: checkbox(0)
[13:53:49.669]    DEBUG: <PixTestParameters.cc/dump:L107>   ntrig: 50
[13:53:49.669]    DEBUG: <PixTestParameters.cc/dump:L107>   dac: Vcal
[13:53:49.669]    DEBUG: <PixTestParameters.cc/dump:L107>   daclo: 05
[13:53:49.669]    DEBUG: <PixTestParameters.cc/dump:L107>   dachi: 75
[13:53:49.669]    DEBUG: <PixTestParameters.cc/dump:L107>   dacs/step: -1
[13:53:49.669]    DEBUG: <PixTestParameters.cc/dump:L107>   ntrig/step: -1
[13:53:49.669]    DEBUG: <PixTestParameters.cc/dump:L107>   scurves: button
[13:53:49.669]    DEBUG: <PixTestParameters.cc/dump:L104> PixTestParameters: ->Timing<-
[13:53:49.669]    DEBUG: <PixTestParameters.cc/dump:L107>   targetclk: 4
[13:53:49.669]    DEBUG: <PixTestParameters.cc/dump:L107>   ntrig: 10000
[13:53:49.669]    DEBUG: <PixTestParameters.cc/dump:L107>   notokenpass: checkbox(0)
[13:53:49.669]    DEBUG: <PixTestParameters.cc/dump:L107>   ignorereadback: checkbox(0)
[13:53:49.669]    DEBUG: <PixTestParameters.cc/dump:L107>   clocksdascan: button
[13:53:49.669]    DEBUG: <PixTestParameters.cc/dump:L107>   phasescan: button
[13:53:49.669]    DEBUG: <PixTestParameters.cc/dump:L107>   levelscan: button
[13:53:49.669]    DEBUG: <PixTestParameters.cc/dump:L107>   tbmphasescan: button
[13:53:49.669]    DEBUG: <PixTestParameters.cc/dump:L107>   rocdelayscan: button
[13:53:49.669]    DEBUG: <PixTestParameters.cc/dump:L107>   timingtest: button
[13:53:49.669]    DEBUG: <PixTestParameters.cc/dump:L107>   saveparameters: button
[13:53:49.669]    DEBUG: <PixTestParameters.cc/dump:L104> PixTestParameters: ->Trim<-
[13:53:49.669]    DEBUG: <PixTestParameters.cc/dump:L107>   trim: button
[13:53:49.669]    DEBUG: <PixTestParameters.cc/dump:L107>   ntrig: 8
[13:53:49.669]    DEBUG: <PixTestParameters.cc/dump:L107>   vcal: 35
[13:53:49.669]    DEBUG: <PixTestParameters.cc/dump:L107>   trimbits: button
[13:53:49.669]    DEBUG: <PixTestParameters.cc/dump:L104> PixTestParameters: ->Xray<-
[13:53:49.669]    DEBUG: <PixTestParameters.cc/dump:L107>   maskhotpixels: button
[13:53:49.669]    DEBUG: <PixTestParameters.cc/dump:L107>   savemaskfile: checkbox(0)
[13:53:49.669]    DEBUG: <PixTestParameters.cc/dump:L107>   maskfilename: default
[13:53:49.669]    DEBUG: <PixTestParameters.cc/dump:L107>   source: Ag
[13:53:49.669]    DEBUG: <PixTestParameters.cc/dump:L107>   phrun: button
[13:53:49.669]    DEBUG: <PixTestParameters.cc/dump:L107>   runseconds: 240
[13:53:49.669]    DEBUG: <PixTestParameters.cc/dump:L107>   trgfrequency(khz): 100
[13:53:49.669]    DEBUG: <PixTestParameters.cc/dump:L107>   ratescan: button
[13:53:49.669]    DEBUG: <PixTestParameters.cc/dump:L107>   vthrcompmin: 10
[13:53:49.669]    DEBUG: <PixTestParameters.cc/dump:L107>   vthrcompmax: 80
[13:53:49.670]    DEBUG: <PixTestParameters.cc/dump:L107>   stepseconds: 5
[13:53:49.670]    DEBUG: <PixTestParameters.cc/dump:L107>   delaytbm: checkbox
[13:53:49.670]    DEBUG: <PixTestParameters.cc/dump:L107>   filltree: checkbox
[13:53:49.672]    DEBUG: <PixSetup.cc/init:L81> PixSetup init start; getCurrentRSS() = 31363072
[13:53:49.672]    DEBUG: <PixSetup.cc/init:L87> fPixTestParameters = 0x194a8d0
[13:53:49.672]    DEBUG: <PixSetup.cc/init:L88>  fConfigParameters = 0x18d90d0
[13:53:49.672]    DEBUG: <PixSetup.cc/init:L89>        fPxarMemory = 0x7f6fddd94010
[13:53:49.672]    DEBUG: <PixSetup.cc/init:L90>         fPxarMemHi = 0x7f6fe3fff510
[13:53:49.672]    DEBUG: <PixSetup.cc/init:L106> PixSetup init done;  getCurrentRSS() = 31371264 fPxarMemory = 0x7f6fddd94010
[13:53:49.673]    DEBUG: <pXar.cc/main:L223> Initial Analog Current: 378.6mA
[13:53:49.674]    DEBUG: <pXar.cc/main:L224> Initial Digital Current: 705.9mA
[13:53:49.674]    DEBUG: <pXar.cc/main:L225> Initial Module Temperature: 24.6 C
[13:53:50.171]    DEBUG: <PixGui.cc/hvOn:L460> HV set On: 0x1f216e0
[13:53:50.238]    DEBUG: <PixTestFactory.cc/PixTestFactory:L53> PixTestFactory::PixTestFactory()
[13:53:50.239]    DEBUG: <PixTestBBMap.cc/init:L79> PixTestBBMap::init()
[13:53:50.239]    DEBUG: <PixTestBBMap.cc/PixTestBBMap:L27> PixTestBBMap ctor(PixSetup &a, string, TGTab *)
[13:53:50.244]    DEBUG: <PixTestBB2Map.cc/setParameter:L58> setting fTargetIa    = 24 mA/ROC
[13:53:50.244]    DEBUG: <PixTestBB2Map.cc/init:L97> PixTestBB2Map::init()
[13:53:50.245]    DEBUG: <PixTestBB2Map.cc/PixTestBB2Map:L29> PixTestBB2Map ctor(PixSetup &a, string, TGTab *)
[13:53:50.259]    DEBUG: <PixTestBB3Map.cc/init:L81> PixTestBB3Map::init()
[13:53:50.259]    DEBUG: <PixTestBB3Map.cc/PixTestBB3Map:L29> PixTestBB3Map ctor(PixSetup &a, string, TGTab *)
[13:53:50.275]    DEBUG: <PixTestBB4Map.cc/init:L93> PixTestBB4Map::init()
[13:53:50.275]    DEBUG: <PixTestBB4Map.cc/PixTestBB4Map:L26> PixTestMapeff ctor(PixSetup &a, string, TGTab *)
[13:53:50.286]     INFO: PixTestCmd::init()
[13:53:50.295]    DEBUG: <PixTestDaq.cc/init:L44> PixTestDaq::init()
[13:53:50.295]    DEBUG: <PixTestDaq.cc/PixTestDaq:L22> PixTestDaq ctor(PixSetup &a, string, TGTab *)
[13:53:50.295]     INFO: readGainPedestalParameters data/mh113//phCalibrationFitErr_C0.dat .. data/mh113//phCalibrationFitErr_C15.dat
[13:53:50.532]    DEBUG: <PixTestDacDacScan.cc/init:L103> PixTestDacDacScan::init()
[13:53:50.532]    DEBUG: <PixTestDacDacScan.cc/PixTestDacDacScan:L22> PixTestDacDacScan ctor(PixSetup &a, string, TGTab *)
[13:53:50.548]    DEBUG: <PixTestGainPedestal.cc/setParameter:L83> PixTestGainPedestal::PixTest() fVcalStep = 10
[13:53:50.555]    DEBUG: <PixTestHighRate.cc/setParameter:L68>   setting fParTriggerFrequency -> 20
[13:53:50.555]    DEBUG: <PixTestHighRate.cc/init:L198> PixTestHighRate::init()
[13:53:50.555]    DEBUG: <PixTestHighRate.cc/PixTestHighRate:L31> PixTestHighRate ctor(PixSetup &a, string, TGTab *)
[13:53:50.576]    DEBUG: <PixTest.cc/setTestParameter:L637>  setting  ntrig to new value 10
[13:53:50.577]    DEBUG: <PixTestPhOptimization.cc/setParameter:L37>   setting fParNtrig  ->10<- from sval = 10
[13:53:50.577]    DEBUG: <PixTestPhOptimization.cc/setParameter:L42>   setting fSafetyMarginLow  ->20<- from sval = 20
[13:53:50.577]    DEBUG: <PixTestPhOptimization.cc/setParameter:L48>   setting fVcalMax  ->100<- from sval = 100
[13:53:50.577]    DEBUG: <PixTestPhOptimization.cc/setParameter:L53>   setting fQuantMax  ->0.98<- from sval = 0.98
[13:53:50.583]    DEBUG: <PixTestAlive.cc/init:L77> PixTestAlive::init()
[13:53:50.583]    DEBUG: <PixTestAlive.cc/PixTestAlive:L21> PixTestAlive ctor(PixSetup &a, string, TGTab *)
[13:53:50.597]    DEBUG: <PixTestReadback.cc/setParameter:L172> fCalwVd set to 1
[13:53:50.598]    DEBUG: <PixTestReadback.cc/init:L95> PixTestReadback::init()
[13:53:50.598]    DEBUG: <PixTestReadback.cc/PixTestReadback:L22> PixTestReadback ctor(PixSetup &a, string, TGTab *)
[13:53:50.598]     INFO: readReadbackCal: data/mh113//readbackCal_C0.dat .. data/mh113//readbackCal_C15.dat
[13:53:50.613]    DEBUG: <PixTestScurves.cc/setParameter:L93> set fOutputFilename = 
[13:53:50.621]    DEBUG: <PixTestTiming.cc/setParameter:L60> PixTestTiming::PixTest() targetclk = 4
[13:53:50.621]    DEBUG: <PixTestTiming.cc/setParameter:L64> PixTestTiming::PixTest() ntrig = 10000
[13:53:50.621]    DEBUG: <PixTestTiming.cc/setParameter:L48> fNoTokenPass: 0
[13:53:50.621]    DEBUG: <PixTestTiming.cc/setParameter:L55> fIgnoreReadBack: 0
[13:53:50.621]    DEBUG: <PixTestTiming.cc/init:L74> PixTestTiming::init()
[13:53:50.641]    DEBUG: <PixTestXray.cc/init:L134> PixTestXray::init()
[13:53:50.641]    DEBUG: <PixTestXray.cc/PixTestXray:L28> PixTestXray ctor(PixSetup &a, string, TGTab *)
[13:53:55.360]    DEBUG: <PixTab.cc/buttonClicked:L308> xxxPressed():  caldelscan
[13:53:55.360]    DEBUG: <PixTestHighRate.cc/runCommand:L157> running command: caldelscan
[13:53:55.360]     INFO:    ----------------------------------------------------------------------
[13:53:55.361]     INFO:    PixTestHighRate::calDelScan() ntrig = 10, vcal = 200
[13:53:55.361]     INFO:    ----------------------------------------------------------------------
[13:53:55.502]     INFO: Expecting 768 events.
[13:53:56.640]     INFO: 768 events read in total (420ms).
[13:53:56.829]     INFO: Test took 1463ms.
[13:53:56.835]    DEBUG: <PixTest.cc/efficiencyMaps:L396>       attempt #0
[13:53:57.504]     INFO: Expecting 41600 events.
[13:54:00.536]     INFO: 41600 events read in total (2505ms).
[13:54:00.539]     INFO: Test took 3704ms.
[13:54:00.590]     INFO: Fetched DAQ statistics. Counters are being reset now.
[13:54:00.590]    DEBUG: <PixTest.cc/efficiencyMaps:L407>  eff result size = 285740
[13:54:00.590]    DEBUG: <PixTest.cc/efficiencyMaps:L412> Create hists HR_xeff_CalDelScan_step0_C0 .. HR_xeff_CalDelScan_step0_C15
[13:54:00.590]    DEBUG: <PixTest.cc/efficiencyMaps:L426> booking xray maps for unmasked detector
[13:54:00.616]    DEBUG: <PixTest.cc/efficiencyMaps:L396>       attempt #0
[13:54:01.281]     INFO: Expecting 41600 events.
[13:54:04.466]     INFO: 41600 events read in total (2658ms).
[13:54:04.469]     INFO: Test took 3853ms.
[13:54:04.520]     INFO: Fetched DAQ statistics. Counters are being reset now.
[13:54:04.520]    DEBUG: <PixTest.cc/efficiencyMaps:L407>  eff result size = 297547
[13:54:04.520]    DEBUG: <PixTest.cc/efficiencyMaps:L412> Create hists HR_xeff_CalDelScan_step1_C0 .. HR_xeff_CalDelScan_step1_C15
[13:54:04.521]    DEBUG: <PixTest.cc/efficiencyMaps:L426> booking xray maps for unmasked detector
[13:54:04.547]    DEBUG: <PixTest.cc/efficiencyMaps:L396>       attempt #0
[13:54:05.214]     INFO: Expecting 41600 events.
[13:54:08.451]     INFO: 41600 events read in total (2711ms).
[13:54:08.454]     INFO: Test took 3907ms.
[13:54:08.504]     INFO: Fetched DAQ statistics. Counters are being reset now.
[13:54:08.504]    DEBUG: <PixTest.cc/efficiencyMaps:L407>  eff result size = 299553
[13:54:08.504]    DEBUG: <PixTest.cc/efficiencyMaps:L412> Create hists HR_xeff_CalDelScan_step2_C0 .. HR_xeff_CalDelScan_step2_C15
[13:54:08.504]    DEBUG: <PixTest.cc/efficiencyMaps:L426> booking xray maps for unmasked detector
[13:54:08.532]    DEBUG: <PixTest.cc/efficiencyMaps:L396>       attempt #0
[13:54:09.197]     INFO: Expecting 41600 events.
[13:54:12.454]     INFO: 41600 events read in total (2731ms).
[13:54:12.457]     INFO: Test took 3925ms.
[13:54:12.507]     INFO: Fetched DAQ statistics. Counters are being reset now.
[13:54:12.507]    DEBUG: <PixTest.cc/efficiencyMaps:L407>  eff result size = 300226
[13:54:12.507]    DEBUG: <PixTest.cc/efficiencyMaps:L412> Create hists HR_xeff_CalDelScan_step3_C0 .. HR_xeff_CalDelScan_step3_C15
[13:54:12.508]    DEBUG: <PixTest.cc/efficiencyMaps:L426> booking xray maps for unmasked detector
[13:54:12.535]    DEBUG: <PixTest.cc/efficiencyMaps:L396>       attempt #0
[13:54:13.200]     INFO: Expecting 41600 events.
[13:54:16.447]     INFO: 41600 events read in total (2720ms).
[13:54:16.450]     INFO: Test took 3915ms.
[13:54:16.500]     INFO: Fetched DAQ statistics. Counters are being reset now.
[13:54:16.500]    DEBUG: <PixTest.cc/efficiencyMaps:L407>  eff result size = 299385
[13:54:16.500]    DEBUG: <PixTest.cc/efficiencyMaps:L412> Create hists HR_xeff_CalDelScan_step4_C0 .. HR_xeff_CalDelScan_step4_C15
[13:54:16.501]    DEBUG: <PixTest.cc/efficiencyMaps:L426> booking xray maps for unmasked detector
[13:54:16.528]    DEBUG: <PixTest.cc/efficiencyMaps:L396>       attempt #0
[13:54:17.193]     INFO: Expecting 41600 events.
[13:54:20.432]     INFO: 41600 events read in total (2713ms).
[13:54:20.435]     INFO: Test took 3907ms.
[13:54:20.486]     INFO: Fetched DAQ statistics. Counters are being reset now.
[13:54:20.486]    DEBUG: <PixTest.cc/efficiencyMaps:L407>  eff result size = 300110
[13:54:20.486]    DEBUG: <PixTest.cc/efficiencyMaps:L412> Create hists HR_xeff_CalDelScan_step5_C0 .. HR_xeff_CalDelScan_step5_C15
[13:54:20.486]    DEBUG: <PixTest.cc/efficiencyMaps:L426> booking xray maps for unmasked detector
[13:54:20.513]    DEBUG: <PixTest.cc/efficiencyMaps:L396>       attempt #0
[13:54:21.178]     INFO: Expecting 41600 events.
[13:54:24.435]     INFO: 41600 events read in total (2730ms).
[13:54:24.438]     INFO: Test took 3925ms.
[13:54:24.488]     INFO: Fetched DAQ statistics. Counters are being reset now.
[13:54:24.488]    DEBUG: <PixTest.cc/efficiencyMaps:L407>  eff result size = 301085
[13:54:24.488]    DEBUG: <PixTest.cc/efficiencyMaps:L412> Create hists HR_xeff_CalDelScan_step6_C0 .. HR_xeff_CalDelScan_step6_C15
[13:54:24.489]    DEBUG: <PixTest.cc/efficiencyMaps:L426> booking xray maps for unmasked detector
[13:54:24.517]    DEBUG: <PixTest.cc/efficiencyMaps:L396>       attempt #0
[13:54:25.182]     INFO: Expecting 41600 events.
[13:54:28.436]     INFO: 41600 events read in total (2728ms).
[13:54:28.439]     INFO: Test took 3922ms.
[13:54:28.489]     INFO: Fetched DAQ statistics. Counters are being reset now.
[13:54:28.489]    DEBUG: <PixTest.cc/efficiencyMaps:L407>  eff result size = 300179
[13:54:28.489]    DEBUG: <PixTest.cc/efficiencyMaps:L412> Create hists HR_xeff_CalDelScan_step7_C0 .. HR_xeff_CalDelScan_step7_C15
[13:54:28.490]    DEBUG: <PixTest.cc/efficiencyMaps:L426> booking xray maps for unmasked detector
[13:54:28.517]    DEBUG: <PixTest.cc/efficiencyMaps:L396>       attempt #0
[13:54:29.184]     INFO: Expecting 41600 events.
[13:54:32.455]     INFO: 41600 events read in total (2745ms).
[13:54:32.458]     INFO: Test took 3941ms.
[13:54:32.508]     INFO: Fetched DAQ statistics. Counters are being reset now.
[13:54:32.508]    DEBUG: <PixTest.cc/efficiencyMaps:L407>  eff result size = 300406
[13:54:32.508]    DEBUG: <PixTest.cc/efficiencyMaps:L412> Create hists HR_xeff_CalDelScan_step8_C0 .. HR_xeff_CalDelScan_step8_C15
[13:54:32.508]    DEBUG: <PixTest.cc/efficiencyMaps:L426> booking xray maps for unmasked detector
[13:54:32.536]    DEBUG: <PixTest.cc/efficiencyMaps:L396>       attempt #0
[13:54:33.204]     INFO: Expecting 41600 events.
[13:54:36.449]     INFO: 41600 events read in total (2718ms).
[13:54:36.452]     INFO: Test took 3915ms.
[13:54:36.502]     INFO: Fetched DAQ statistics. Counters are being reset now.
[13:54:36.502]    DEBUG: <PixTest.cc/efficiencyMaps:L407>  eff result size = 300529
[13:54:36.502]    DEBUG: <PixTest.cc/efficiencyMaps:L412> Create hists HR_xeff_CalDelScan_step9_C0 .. HR_xeff_CalDelScan_step9_C15
[13:54:36.503]    DEBUG: <PixTest.cc/efficiencyMaps:L426> booking xray maps for unmasked detector
[13:54:36.531]    DEBUG: <PixTest.cc/efficiencyMaps:L396>       attempt #0
[13:54:37.196]     INFO: Expecting 41600 events.
[13:54:40.465]     INFO: 41600 events read in total (2743ms).
[13:54:40.467]     INFO: Test took 3936ms.
[13:54:40.517]     INFO: Fetched DAQ statistics. Counters are being reset now.
[13:54:40.517]    DEBUG: <PixTest.cc/efficiencyMaps:L407>  eff result size = 299757
[13:54:40.517]    DEBUG: <PixTest.cc/efficiencyMaps:L412> Create hists HR_xeff_CalDelScan_step10_C0 .. HR_xeff_CalDelScan_step10_C15
[13:54:40.518]    DEBUG: <PixTest.cc/efficiencyMaps:L426> booking xray maps for unmasked detector
[13:54:40.546]    DEBUG: <PixTest.cc/efficiencyMaps:L396>       attempt #0
[13:54:41.211]     INFO: Expecting 41600 events.
[13:54:44.476]     INFO: 41600 events read in total (2739ms).
[13:54:44.479]     INFO: Test took 3933ms.
[13:54:44.529]     INFO: Fetched DAQ statistics. Counters are being reset now.
[13:54:44.529]    DEBUG: <PixTest.cc/efficiencyMaps:L407>  eff result size = 300669
[13:54:44.529]    DEBUG: <PixTest.cc/efficiencyMaps:L412> Create hists HR_xeff_CalDelScan_step11_C0 .. HR_xeff_CalDelScan_step11_C15
[13:54:44.529]    DEBUG: <PixTest.cc/efficiencyMaps:L426> booking xray maps for unmasked detector
[13:54:44.558]    DEBUG: <PixTest.cc/efficiencyMaps:L396>       attempt #0
[13:54:45.223]     INFO: Expecting 41600 events.
[13:54:48.490]     INFO: 41600 events read in total (2741ms).
[13:54:48.492]     INFO: Test took 3934ms.
[13:54:48.544]     INFO: Fetched DAQ statistics. Counters are being reset now.
[13:54:48.544]    DEBUG: <PixTest.cc/efficiencyMaps:L407>  eff result size = 299650
[13:54:48.544]    DEBUG: <PixTest.cc/efficiencyMaps:L412> Create hists HR_xeff_CalDelScan_step12_C0 .. HR_xeff_CalDelScan_step12_C15
[13:54:48.544]    DEBUG: <PixTest.cc/efficiencyMaps:L426> booking xray maps for unmasked detector
[13:54:48.572]    DEBUG: <PixTest.cc/efficiencyMaps:L396>       attempt #0
[13:54:49.237]     INFO: Expecting 41600 events.
[13:54:52.506]     INFO: 41600 events read in total (2742ms).
[13:54:52.508]     INFO: Test took 3936ms.
[13:54:52.558]     INFO: Fetched DAQ statistics. Counters are being reset now.
[13:54:52.558]    DEBUG: <PixTest.cc/efficiencyMaps:L407>  eff result size = 300686
[13:54:52.558]    DEBUG: <PixTest.cc/efficiencyMaps:L412> Create hists HR_xeff_CalDelScan_step13_C0 .. HR_xeff_CalDelScan_step13_C15
[13:54:52.559]    DEBUG: <PixTest.cc/efficiencyMaps:L426> booking xray maps for unmasked detector
[13:54:52.587]    DEBUG: <PixTest.cc/efficiencyMaps:L396>       attempt #0
[13:54:53.252]     INFO: Expecting 41600 events.
[13:54:56.488]     INFO: 41600 events read in total (2711ms).
[13:54:56.491]     INFO: Test took 3904ms.
[13:54:56.542]     INFO: Fetched DAQ statistics. Counters are being reset now.
[13:54:56.542]    DEBUG: <PixTest.cc/efficiencyMaps:L407>  eff result size = 299630
[13:54:56.542]    DEBUG: <PixTest.cc/efficiencyMaps:L412> Create hists HR_xeff_CalDelScan_step14_C0 .. HR_xeff_CalDelScan_step14_C15
[13:54:56.542]    DEBUG: <PixTest.cc/efficiencyMaps:L426> booking xray maps for unmasked detector
[13:54:56.570]    DEBUG: <PixTest.cc/efficiencyMaps:L396>       attempt #0
[13:54:57.235]     INFO: Expecting 41600 events.
[13:55:00.509]     INFO: 41600 events read in total (2747ms).
[13:55:00.512]     INFO: Test took 3942ms.
[13:55:00.563]     INFO: Fetched DAQ statistics. Counters are being reset now.
[13:55:00.563]    DEBUG: <PixTest.cc/efficiencyMaps:L407>  eff result size = 300283
[13:55:00.563]    DEBUG: <PixTest.cc/efficiencyMaps:L412> Create hists HR_xeff_CalDelScan_step15_C0 .. HR_xeff_CalDelScan_step15_C15
[13:55:00.563]    DEBUG: <PixTest.cc/efficiencyMaps:L426> booking xray maps for unmasked detector
[13:55:00.591]    DEBUG: <PixTest.cc/efficiencyMaps:L396>       attempt #0
[13:55:01.256]     INFO: Expecting 41600 events.
[13:55:04.516]     INFO: 41600 events read in total (2733ms).
[13:55:04.518]     INFO: Test took 3926ms.
[13:55:04.569]     INFO: Fetched DAQ statistics. Counters are being reset now.
[13:55:04.569]    DEBUG: <PixTest.cc/efficiencyMaps:L407>  eff result size = 300451
[13:55:04.569]    DEBUG: <PixTest.cc/efficiencyMaps:L412> Create hists HR_xeff_CalDelScan_step16_C0 .. HR_xeff_CalDelScan_step16_C15
[13:55:04.569]    DEBUG: <PixTest.cc/efficiencyMaps:L426> booking xray maps for unmasked detector
[13:55:04.597]    DEBUG: <PixTest.cc/efficiencyMaps:L396>       attempt #0
[13:55:05.262]     INFO: Expecting 41600 events.
[13:55:08.503]     INFO: 41600 events read in total (2714ms).
[13:55:08.505]     INFO: Test took 3908ms.
[13:55:08.556]     INFO: Fetched DAQ statistics. Counters are being reset now.
[13:55:08.556]    DEBUG: <PixTest.cc/efficiencyMaps:L407>  eff result size = 299924
[13:55:08.556]    DEBUG: <PixTest.cc/efficiencyMaps:L412> Create hists HR_xeff_CalDelScan_step17_C0 .. HR_xeff_CalDelScan_step17_C15
[13:55:08.556]    DEBUG: <PixTest.cc/efficiencyMaps:L426> booking xray maps for unmasked detector
[13:55:08.584]    DEBUG: <PixTest.cc/efficiencyMaps:L396>       attempt #0
[13:55:09.249]     INFO: Expecting 41600 events.
[13:55:12.464]     INFO: 41600 events read in total (2688ms).
[13:55:12.467]     INFO: Test took 3883ms.
[13:55:12.517]     INFO: Fetched DAQ statistics. Counters are being reset now.
[13:55:12.517]    DEBUG: <PixTest.cc/efficiencyMaps:L407>  eff result size = 299496
[13:55:12.517]    DEBUG: <PixTest.cc/efficiencyMaps:L412> Create hists HR_xeff_CalDelScan_step18_C0 .. HR_xeff_CalDelScan_step18_C15
[13:55:12.518]    DEBUG: <PixTest.cc/efficiencyMaps:L426> booking xray maps for unmasked detector
[13:55:12.546]    DEBUG: <PixTest.cc/efficiencyMaps:L396>       attempt #0
[13:55:13.211]     INFO: Expecting 41600 events.
[13:55:16.329]     INFO: 41600 events read in total (2591ms).
[13:55:16.332]     INFO: Test took 3786ms.
[13:55:16.381]     INFO: Fetched DAQ statistics. Counters are being reset now.
[13:55:16.381]    DEBUG: <PixTest.cc/efficiencyMaps:L407>  eff result size = 291859
[13:55:16.381]    DEBUG: <PixTest.cc/efficiencyMaps:L412> Create hists HR_xeff_CalDelScan_step19_C0 .. HR_xeff_CalDelScan_step19_C15
[13:55:16.382]    DEBUG: <PixTest.cc/efficiencyMaps:L426> booking xray maps for unmasked detector
[13:55:16.671]    DEBUG: <PixTestHighRate.cc/doCalDelScan:L422> roc  0: caldel = 173 eff = 0.99988
[13:55:16.671]    DEBUG: <PixTestHighRate.cc/doCalDelScan:L422> roc  1: caldel = 151 eff = 0.999351
[13:55:16.671]    DEBUG: <PixTestHighRate.cc/doCalDelScan:L422> roc  2: caldel = 255 eff = 0
[13:55:16.671]    DEBUG: <PixTestHighRate.cc/doCalDelScan:L422> roc  3: caldel = 134 eff = 0.999543
[13:55:16.672]    DEBUG: <PixTestHighRate.cc/doCalDelScan:L422> roc  4: caldel = 161 eff = 0.999639
[13:55:16.672]    DEBUG: <PixTestHighRate.cc/doCalDelScan:L422> roc  5: caldel = 146 eff = 0.999495
[13:55:16.672]    DEBUG: <PixTestHighRate.cc/doCalDelScan:L422> roc  6: caldel = 144 eff = 0.999615
[13:55:16.672]    DEBUG: <PixTestHighRate.cc/doCalDelScan:L422> roc  7: caldel = 129 eff = 0.999447
[13:55:16.672]    DEBUG: <PixTestHighRate.cc/doCalDelScan:L422> roc  8: caldel = 132 eff = 0.999688
[13:55:16.672]    DEBUG: <PixTestHighRate.cc/doCalDelScan:L422> roc  9: caldel = 131 eff = 0.999615
[13:55:16.672]    DEBUG: <PixTestHighRate.cc/doCalDelScan:L422> roc 10: caldel = 146 eff = 0.999663
[13:55:16.673]    DEBUG: <PixTestHighRate.cc/doCalDelScan:L422> roc 11: caldel = 164 eff = 0.999808
[13:55:16.673]    DEBUG: <PixTestHighRate.cc/doCalDelScan:L422> roc 12: caldel = 139 eff = 0.998606
[13:55:16.673]    DEBUG: <PixTestHighRate.cc/doCalDelScan:L422> roc 13: caldel = 130 eff = 0.999567
[13:55:16.673]    DEBUG: <PixTestHighRate.cc/doCalDelScan:L422> roc 14: caldel = 121 eff = 0.999904
[13:55:16.673]    DEBUG: <PixTestHighRate.cc/doCalDelScan:L422> roc 15: caldel = 142 eff = 0.999832
[13:55:31.064]    DEBUG: <PixTab.cc/buttonClicked:L308> xxxPressed():  xpixelalive
[13:55:31.064]    DEBUG: <PixTestHighRate.cc/runCommand:L157> running command: xpixelalive
[13:55:31.065]     INFO:    ----------------------------------------------------------------------
[13:55:31.065]     INFO:    PixTestHighRate::xPixelAlive() ntrig = 50, vcal = 200
[13:55:31.065]     INFO:    ----------------------------------------------------------------------
[13:55:31.065]    DEBUG: <PixTestHighRate.cc/doXPixelAlive:L451>  old set: clk: 4
[13:55:31.065]    DEBUG: <PixTestHighRate.cc/doXPixelAlive:L451>  old set: ctr: 4
[13:55:31.065]    DEBUG: <PixTestHighRate.cc/doXPixelAlive:L451>  old set: sda: 19
[13:55:31.065]    DEBUG: <PixTestHighRate.cc/doXPixelAlive:L451>  old set: tin: 9
[13:55:31.065]    DEBUG: <PixTestHighRate.cc/doXPixelAlive:L451>  old set: level: 15
[13:55:31.065]    DEBUG: <PixTestHighRate.cc/doXPixelAlive:L451>  old set: triggerdelay: 0
[13:55:31.065]    DEBUG: <PixTestHighRate.cc/doXPixelAlive:L467>  setting: clk: 4
[13:55:31.065]    DEBUG: <PixTestHighRate.cc/doXPixelAlive:L467>  setting: ctr: 4
[13:55:31.065]    DEBUG: <PixTestHighRate.cc/doXPixelAlive:L467>  setting: sda: 19
[13:55:31.065]    DEBUG: <PixTestHighRate.cc/doXPixelAlive:L467>  setting: tin: 9
[13:55:31.065]    DEBUG: <PixTestHighRate.cc/doXPixelAlive:L467>  setting: level: 15
[13:55:31.065]    DEBUG: <PixTestHighRate.cc/doXPixelAlive:L467>  setting: triggerdelay: 20
[13:55:31.110]    DEBUG: <PixTest.cc/efficiencyMaps:L396>       attempt #0
[13:55:31.777]     INFO: Expecting 208000 events.
[13:55:43.766]     INFO: 208000 events read in total (11462ms).
[13:55:43.774]     INFO: Test took 12664ms.
[13:55:43.993]     INFO: Fetched DAQ statistics. Counters are being reset now.
[13:55:43.993]    DEBUG: <PixTest.cc/efficiencyMaps:L407>  eff result size = 1245843
[13:55:43.993]    DEBUG: <PixTest.cc/efficiencyMaps:L412> Create hists highRate_C0 .. highRate_C15
[13:55:43.994]    DEBUG: <PixTest.cc/efficiencyMaps:L426> booking xray maps for unmasked detector
[13:55:44.316]     INFO: number of dead pixels (per ROC):     0    2 4160    0    0    0    0    0    0    0    0    0    4    1    0    0
[13:55:44.316]     INFO: number of red-efficiency pixels:    48   62 4160  126   99  107  129   91   93  128  114   66  119   85   38   68
[13:55:44.316]     INFO: number of X-ray hits detected:    56961 45916    0 104306 102072 111354 94727 52650 76891 95440 105260 70021 106642 65223 34801 61186
[13:55:44.316]     INFO: number of triggers sent (total per ROC):  208000 208000 208000 208000 208000 208000 208000 208000 208000 208000 208000 208000 208000 208000 208000 208000
[13:55:44.316]     INFO: number of Vcal hits detected:  207952 207839    0 207872 207898 207893 207870 207869 207905 207867 207886 207933 207682 207864 207962 207931
[13:55:44.316]     INFO: Vcal hit fiducial efficiency (%):  100.0 100.0 -nan 99.9 100.0 99.9 99.9 99.9 100.0 99.9 99.9 100.0 99.9 100.0 100.0 100.0
[13:55:44.316]     INFO: Vcal hit overall efficiency (%):  100.0 99.9 0.0 99.9 100.0 99.9 99.9 99.9 100.0 99.9 99.9 100.0 99.8 99.9 100.0 100.0
[13:55:44.316]     INFO: X-ray hit rate [MHz/cm2]:  16.7 13.5 0.0 30.6 29.9 32.6 27.8 15.4 22.5 28.0 30.9 20.5 31.3 19.1 10.2 17.9
[13:55:44.316]     INFO: PixTestHighRate::doXPixelAlive() done
[13:55:44.362]    DEBUG: <PixTestHighRate.cc/doXPixelAlive:L586>  resetting: clk: 4
[13:55:44.362]    DEBUG: <PixTestHighRate.cc/doXPixelAlive:L586>  resetting: ctr: 4
[13:55:44.362]    DEBUG: <PixTestHighRate.cc/doXPixelAlive:L586>  resetting: sda: 19
[13:55:44.362]    DEBUG: <PixTestHighRate.cc/doXPixelAlive:L586>  resetting: tin: 9
[13:55:44.362]    DEBUG: <PixTestHighRate.cc/doXPixelAlive:L586>  resetting: level: 15
[13:55:44.362]    DEBUG: <PixTestHighRate.cc/doXPixelAlive:L586>  resetting: triggerdelay: 0
[13:55:44.362]     INFO: PixTest::       pg_setup set to default.
[13:55:49.808]    DEBUG: <PixTest.cc/moduleMap:L1029> moduleMap histname: what
[13:55:49.809]    DEBUG: <PixTest.cc/moduleMap:L1039> h1->GetName() = highRate_xraymap_C12_V0 -> highRate_xraymap_mod
[13:55:51.600]    DEBUG: <PixGui.cc/handleButtons:L396> PixGui::exit called
[13:55:51.601]    DEBUG: <PixGui.cc/CloseWindow:L335> Final Analog Current: 383.5mA
[13:55:51.602]    DEBUG: <PixGui.cc/CloseWindow:L336> Final Digital Current: 705.1mA
[13:55:51.602]    DEBUG: <PixGui.cc/CloseWindow:L337> Final Module Temperature: 26.1 C
[13:55:51.602]    DEBUG: <PixTestBBMap.cc/~PixTestBBMap:L97> PixTestBBMap dtor
[13:55:51.602]    DEBUG: <PixTestBB2Map.cc/~PixTestBB2Map:L115> PixTestBB2Map dtor
[13:55:51.602]    DEBUG: <PixTestBB3Map.cc/~PixTestBB3Map:L99> PixTestBB3Map dtor
[13:55:51.602]    DEBUG: <PixTestBB4Map.cc/~PixTestBB4Map:L118> PixTestBB4Map dtor
[13:55:51.602]    DEBUG: <PixTestCmd.cc/~PixTestCmd:L78> PixTestCmd dtor
[13:55:51.603]    DEBUG: <PixTestDaq.cc/~PixTestDaq:L37> PixTestDaq dtor
[13:55:51.603]    DEBUG: <PixTestDacDacScan.cc/~PixTestDacDacScan:L136> PixTestDacDacScan dtor
[13:55:51.603]    DEBUG: <PixTestDacScan.cc/~PixTestDacScan:L129> PixTestDacScan dtor
[13:55:51.603]    DEBUG: <PixTestGainPedestal.cc/~PixTestGainPedestal:L125> PixTestGainPedestal dtor
[13:55:51.603]    DEBUG: <PixTestHighRate.cc/~PixTestHighRate:L245> PixTestHighRate dtor
[13:55:51.690]    DEBUG: <PixTestIV.cc/~PixTestIV:L96> PixTestIV dtor
[13:55:51.691]    DEBUG: <PixTestAlive.cc/~PixTestAlive:L109> PixTestAlive dtor
[13:55:51.691]    DEBUG: <PixTestPretest.cc/~PixTestPretest:L136> PixTestPretest dtor
[13:55:51.691]    DEBUG: <PixTestReadback.cc/~PixTestReadback:L89> PixTestReadback dtor, saving tree ... 
[13:55:51.691]    DEBUG: <PixTestScurves.cc/~PixTestScurves:L142> PixTestScurves dtor
[13:55:51.691]    DEBUG: <PixTestTiming.cc/~PixTestTiming:L97> PixTestTiming dtor
[13:55:51.691]    DEBUG: <PixTestTrim.cc/~PixTestTrim:L103> PixTestTrim dtor
[13:55:51.691]    DEBUG: <PixTestXray.cc/~PixTestXray:L217> PixTestXray dtor
[13:55:51.693]    QUIET: Connection to board 58 closed.
[13:55:51.773]    DEBUG: <PixMonitor.cc/dumpSummaries:L39> PixMonitor::dumpSummaries
