[13:26:04.777]     INFO: *** Welcome to pxar ***
[13:26:04.777]     INFO: *** Today: 2015/12/29
[13:26:04.786]     INFO: *** Version: prod-12
[13:26:04.786]     INFO: readRocDacs: data/mh113//dacParameters_C0.dat .. data/mh113//dacParameters_C15.dat
[13:26:04.787]     INFO: readTbmDacs: data/mh113//tbmParameters_C0a.dat .. data/mh113//tbmParameters_C0b.dat
[13:26:04.787]     INFO: readMaskFile: data/mh113//defaultMaskFile.dat
[13:26:04.787]     INFO: readTrimFile: data/mh113//trimParameters_C0.dat .. data/mh113//trimParameters_C15.dat
[13:26:04.935]     INFO:         clk: 4
[13:26:04.935]     INFO:         ctr: 4
[13:26:04.935]     INFO:         sda: 19
[13:26:04.935]     INFO:         tin: 9
[13:26:04.935]     INFO:         level: 15
[13:26:04.935]     INFO:         triggerdelay: 0
[13:26:04.935]    QUIET: Instanciating API for pxar prod-12
[13:26:04.935]     INFO: Log level: DEBUG
[13:26:04.947]    QUIET: Connection to board DTB_WRPRHI opened.
[13:26:04.950]     INFO: DTB startup information
--- DTB info------------------------------------------
Board id:    58
HW version:  DTB1.2
FW version:  4.2
SW version:  4.5
USB id:      DTB_WRPRHI
MAC address: 40D85511803A
Hostname:    pixelDTB058
Comment:     
------------------------------------------------------
[13:26:04.953]     INFO: RPC call hashes of host and DTB match: 398089610
[13:26:06.555]     INFO: DUT info: 
[13:26:06.555]     INFO: The DUT currently contains the following objects:
[13:26:06.555]     INFO:  2 TBM Cores tbm08c (2 ON)
[13:26:06.555]     INFO: 	TBM Core alpha (0): 7 registers set
[13:26:06.555]     INFO: 	TBM Core beta  (1): 7 registers set
[13:26:06.555]     INFO: 16 ROCs psi46digv21respin (16 ON) with 4160 pixelConfigs
[13:26:06.555]     INFO: 	ROC 0: 19 DACs set, Pixels: 0 masked, 0 active.
[13:26:06.555]     INFO: 	ROC 1: 19 DACs set, Pixels: 0 masked, 0 active.
[13:26:06.555]     INFO: 	ROC 2: 19 DACs set, Pixels: 0 masked, 0 active.
[13:26:06.555]     INFO: 	ROC 3: 19 DACs set, Pixels: 0 masked, 0 active.
[13:26:06.555]     INFO: 	ROC 4: 19 DACs set, Pixels: 0 masked, 0 active.
[13:26:06.556]     INFO: 	ROC 5: 19 DACs set, Pixels: 0 masked, 0 active.
[13:26:06.556]     INFO: 	ROC 6: 19 DACs set, Pixels: 0 masked, 0 active.
[13:26:06.556]     INFO: 	ROC 7: 19 DACs set, Pixels: 0 masked, 0 active.
[13:26:06.556]     INFO: 	ROC 8: 19 DACs set, Pixels: 0 masked, 0 active.
[13:26:06.556]     INFO: 	ROC 9: 19 DACs set, Pixels: 0 masked, 0 active.
[13:26:06.556]     INFO: 	ROC 10: 19 DACs set, Pixels: 0 masked, 0 active.
[13:26:06.556]     INFO: 	ROC 11: 19 DACs set, Pixels: 0 masked, 0 active.
[13:26:06.556]     INFO: 	ROC 12: 19 DACs set, Pixels: 0 masked, 0 active.
[13:26:06.556]     INFO: 	ROC 13: 19 DACs set, Pixels: 0 masked, 0 active.
[13:26:06.556]     INFO: 	ROC 14: 19 DACs set, Pixels: 0 masked, 0 active.
[13:26:06.556]     INFO: 	ROC 15: 19 DACs set, Pixels: 0 masked, 0 active.
[13:26:06.556]    DEBUG: <PixTestParameters.cc/dump:L104> PixTestParameters: ->BB<-
[13:26:06.556]    DEBUG: <PixTestParameters.cc/dump:L107>   dumpall: checkbox(0)
[13:26:06.556]    DEBUG: <PixTestParameters.cc/dump:L107>   dumpproblematic: checkbox(0)
[13:26:06.556]    DEBUG: <PixTestParameters.cc/dump:L107>   ntrig: 5
[13:26:06.556]    DEBUG: <PixTestParameters.cc/dump:L107>   vcals: 250
[13:26:06.556]    DEBUG: <PixTestParameters.cc/dump:L104> PixTestParameters: ->BB2<-
[13:26:06.556]    DEBUG: <PixTestParameters.cc/dump:L107>   ntrig: 10
[13:26:06.556]    DEBUG: <PixTestParameters.cc/dump:L107>   vcals: 222
[13:26:06.556]    DEBUG: <PixTestParameters.cc/dump:L107>   plwidth: 35
[13:26:06.556]    DEBUG: <PixTestParameters.cc/dump:L107>   pix: 11,20
[13:26:06.556]    DEBUG: <PixTestParameters.cc/dump:L107>   targetia: 24
[13:26:06.556]    DEBUG: <PixTestParameters.cc/dump:L104> PixTestParameters: ->BB3<-
[13:26:06.556]    DEBUG: <PixTestParameters.cc/dump:L107>   dumpall: checkbox(0)
[13:26:06.556]    DEBUG: <PixTestParameters.cc/dump:L107>   dumpproblematic: checkbox(0)
[13:26:06.556]    DEBUG: <PixTestParameters.cc/dump:L107>   ntrig: 5
[13:26:06.556]    DEBUG: <PixTestParameters.cc/dump:L107>   vcals: 250
[13:26:06.556]    DEBUG: <PixTestParameters.cc/dump:L104> PixTestParameters: ->BB4<-
[13:26:06.557]    DEBUG: <PixTestParameters.cc/dump:L107>   savecaldelscan: checkbox(0)
[13:26:06.557]    DEBUG: <PixTestParameters.cc/dump:L107>   ntrig: 100
[13:26:06.557]    DEBUG: <PixTestParameters.cc/dump:L107>   cals: 1
[13:26:06.557]    DEBUG: <PixTestParameters.cc/dump:L107>   caldello: 80
[13:26:06.557]    DEBUG: <PixTestParameters.cc/dump:L107>   caldelhi: 200
[13:26:06.557]    DEBUG: <PixTestParameters.cc/dump:L107>   caldelstep: 10
[13:26:06.557]    DEBUG: <PixTestParameters.cc/dump:L107>   vthrcomplo: 70
[13:26:06.557]    DEBUG: <PixTestParameters.cc/dump:L107>   vthrcomphi: 130
[13:26:06.557]    DEBUG: <PixTestParameters.cc/dump:L107>   vthrcompstep: 5
[13:26:06.557]    DEBUG: <PixTestParameters.cc/dump:L107>   noisypixels: 10
[13:26:06.557]    DEBUG: <PixTestParameters.cc/dump:L107>   vcal: 255
[13:26:06.557]    DEBUG: <PixTestParameters.cc/dump:L107>   cut: 0.5
[13:26:06.557]    DEBUG: <PixTestParameters.cc/dump:L104> PixTestParameters: ->Cmd<-
[13:26:06.557]    DEBUG: <PixTestParameters.cc/dump:L104> PixTestParameters: ->DAQ<-
[13:26:06.557]    DEBUG: <PixTestParameters.cc/dump:L107>   delaytbm: checkbox
[13:26:06.557]    DEBUG: <PixTestParameters.cc/dump:L107>   filltree: checkbox
[13:26:06.557]    DEBUG: <PixTestParameters.cc/dump:L107>   trgfrequency(khz): 100
[13:26:06.557]    DEBUG: <PixTestParameters.cc/dump:L107>   maskhotpixels: button
[13:26:06.557]    DEBUG: <PixTestParameters.cc/dump:L107>   trgnumber: 5
[13:26:06.557]    DEBUG: <PixTestParameters.cc/dump:L107>   iterations: 10
[13:26:06.557]    DEBUG: <PixTestParameters.cc/dump:L107>   rundaqtrg: button
[13:26:06.557]    DEBUG: <PixTestParameters.cc/dump:L107>   daqseconds: 5
[13:26:06.557]    DEBUG: <PixTestParameters.cc/dump:L107>   rundaqseconds: button
[13:26:06.557]    DEBUG: <PixTestParameters.cc/dump:L104> PixTestParameters: ->DacDacScan<-
[13:26:06.557]    DEBUG: <PixTestParameters.cc/dump:L107>   phmap: checkbox
[13:26:06.557]    DEBUG: <PixTestParameters.cc/dump:L107>   ntrig: 10
[13:26:06.557]    DEBUG: <PixTestParameters.cc/dump:L107>   dac1: caldel
[13:26:06.557]    DEBUG: <PixTestParameters.cc/dump:L107>   dac1lo: 0
[13:26:06.557]    DEBUG: <PixTestParameters.cc/dump:L107>   dac1hi: 255
[13:26:06.557]    DEBUG: <PixTestParameters.cc/dump:L107>   dac2: vthrcomp
[13:26:06.557]    DEBUG: <PixTestParameters.cc/dump:L107>   dac2lo: 0
[13:26:06.557]    DEBUG: <PixTestParameters.cc/dump:L107>   dac2hi: 255
[13:26:06.557]    DEBUG: <PixTestParameters.cc/dump:L107>   pix: 11,20
[13:26:06.557]    DEBUG: <PixTestParameters.cc/dump:L104> PixTestParameters: ->DacScan<-
[13:26:06.557]    DEBUG: <PixTestParameters.cc/dump:L107>   phmap: checkbox(1)
[13:26:06.557]    DEBUG: <PixTestParameters.cc/dump:L107>   allpixels: checkbox(0)
[13:26:06.557]    DEBUG: <PixTestParameters.cc/dump:L107>   unmasked: checkbox(0)
[13:26:06.557]    DEBUG: <PixTestParameters.cc/dump:L107>   ntrig: 10
[13:26:06.557]    DEBUG: <PixTestParameters.cc/dump:L107>   dac: vcal
[13:26:06.557]    DEBUG: <PixTestParameters.cc/dump:L107>   daclo: 0
[13:26:06.557]    DEBUG: <PixTestParameters.cc/dump:L107>   dachi: 255
[13:26:06.557]    DEBUG: <PixTestParameters.cc/dump:L107>   pix: 11,20
[13:26:06.557]    DEBUG: <PixTestParameters.cc/dump:L104> PixTestParameters: ->GainPedestal<-
[13:26:06.557]    DEBUG: <PixTestParameters.cc/dump:L107>   showfits: checkbox(0)
[13:26:06.557]    DEBUG: <PixTestParameters.cc/dump:L107>   extended: checkbox(0)
[13:26:06.557]    DEBUG: <PixTestParameters.cc/dump:L107>   dumphists: checkbox(0)
[13:26:06.557]    DEBUG: <PixTestParameters.cc/dump:L107>   ntrig: 10
[13:26:06.557]    DEBUG: <PixTestParameters.cc/dump:L107>   vcalstep: 10
[13:26:06.557]    DEBUG: <PixTestParameters.cc/dump:L107>   measure: button
[13:26:06.557]    DEBUG: <PixTestParameters.cc/dump:L107>   fit: button
[13:26:06.557]    DEBUG: <PixTestParameters.cc/dump:L107>   save: button
[13:26:06.557]    DEBUG: <PixTestParameters.cc/dump:L104> PixTestParameters: ->HighRate<-
[13:26:06.557]    DEBUG: <PixTestParameters.cc/dump:L107>   pix: 11,20
[13:26:06.557]    DEBUG: <PixTestParameters.cc/dump:L107>   trimhotpixels: button
[13:26:06.557]    DEBUG: <PixTestParameters.cc/dump:L107>   trimhotpixelthr: 200
[13:26:06.557]    DEBUG: <PixTestParameters.cc/dump:L107>   runsecondshotpixels: 10
[13:26:06.557]    DEBUG: <PixTestParameters.cc/dump:L107>   savetrimbits: checkbox(1)
[13:26:06.557]    DEBUG: <PixTestParameters.cc/dump:L107>   maskuntrimmable: checkbox(1)
[13:26:06.558]    DEBUG: <PixTestParameters.cc/dump:L107>   maskhotpixels: button
[13:26:06.558]    DEBUG: <PixTestParameters.cc/dump:L107>   savemaskfile: checkbox(0)
[13:26:06.558]    DEBUG: <PixTestParameters.cc/dump:L107>   maskfilename: default
[13:26:06.558]    DEBUG: <PixTestParameters.cc/dump:L107>   caldelscan: button
[13:26:06.558]    DEBUG: <PixTestParameters.cc/dump:L107>   xpixelalive: button
[13:26:06.558]    DEBUG: <PixTestParameters.cc/dump:L107>   ntrig: 50
[13:26:06.558]    DEBUG: <PixTestParameters.cc/dump:L107>   vcal: 200
[13:26:06.558]    DEBUG: <PixTestParameters.cc/dump:L107>   xnoisemaps: button
[13:26:06.558]    DEBUG: <PixTestParameters.cc/dump:L107>   daclo: 0
[13:26:06.558]    DEBUG: <PixTestParameters.cc/dump:L107>   dachi: 100
[13:26:06.558]    DEBUG: <PixTestParameters.cc/dump:L107>   dacs/step: 20
[13:26:06.558]    DEBUG: <PixTestParameters.cc/dump:L107>   rundaq: button
[13:26:06.558]    DEBUG: <PixTestParameters.cc/dump:L107>   trgfrequency(khz): 20
[13:26:06.558]    DEBUG: <PixTestParameters.cc/dump:L107>   runseconds: 5
[13:26:06.558]    DEBUG: <PixTestParameters.cc/dump:L107>   triggerdelay: 20
[13:26:06.558]    DEBUG: <PixTestParameters.cc/dump:L107>   delaytbm: checkbox
[13:26:06.558]    DEBUG: <PixTestParameters.cc/dump:L107>   filltree: checkbox
[13:26:06.558]    DEBUG: <PixTestParameters.cc/dump:L104> PixTestParameters: ->IV<-
[13:26:06.558]    DEBUG: <PixTestParameters.cc/dump:L107>   port: /dev/ttyS0
[13:26:06.558]    DEBUG: <PixTestParameters.cc/dump:L107>   voltagestart: 0
[13:26:06.558]    DEBUG: <PixTestParameters.cc/dump:L107>   voltagestop: 600
[13:26:06.558]    DEBUG: <PixTestParameters.cc/dump:L107>   voltagestep: 5
[13:26:06.558]    DEBUG: <PixTestParameters.cc/dump:L107>   delay: 1
[13:26:06.558]    DEBUG: <PixTestParameters.cc/dump:L107>   compliance(ua): 100
[13:26:06.558]    DEBUG: <PixTestParameters.cc/dump:L104> PixTestParameters: ->PhOptimization<-
[13:26:06.558]    DEBUG: <PixTestParameters.cc/dump:L107>   ntrig: 10
[13:26:06.558]    DEBUG: <PixTestParameters.cc/dump:L107>   safetymarginlow: 20
[13:26:06.558]    DEBUG: <PixTestParameters.cc/dump:L107>   saturationvcal: 100
[13:26:06.558]    DEBUG: <PixTestParameters.cc/dump:L107>   quantilesaturation: 0.98
[13:26:06.558]    DEBUG: <PixTestParameters.cc/dump:L104> PixTestParameters: ->PixelAlive<-
[13:26:06.558]    DEBUG: <PixTestParameters.cc/dump:L107>   ntrig: 10
[13:26:06.558]    DEBUG: <PixTestParameters.cc/dump:L107>   vcal: 200
[13:26:06.558]    DEBUG: <PixTestParameters.cc/dump:L107>   alivetest: button
[13:26:06.558]    DEBUG: <PixTestParameters.cc/dump:L107>   masktest: button
[13:26:06.558]    DEBUG: <PixTestParameters.cc/dump:L107>   addressdecodingtest: button
[13:26:06.558]    DEBUG: <PixTestParameters.cc/dump:L104> PixTestParameters: ->Pretest<-
[13:26:06.558]    DEBUG: <PixTestParameters.cc/dump:L107>   programroc: button
[13:26:06.558]    DEBUG: <PixTestParameters.cc/dump:L107>   targetia: 24
[13:26:06.558]    DEBUG: <PixTestParameters.cc/dump:L107>   setvana: button
[13:26:06.558]    DEBUG: <PixTestParameters.cc/dump:L107>   iterations: 100
[13:26:06.558]    DEBUG: <PixTestParameters.cc/dump:L107>   settimings: button
[13:26:06.558]    DEBUG: <PixTestParameters.cc/dump:L107>   findtiming: button
[13:26:06.558]    DEBUG: <PixTestParameters.cc/dump:L107>   findworkingpixel: button
[13:26:06.558]    DEBUG: <PixTestParameters.cc/dump:L107>   setvthrcompcaldel: button
[13:26:06.558]    DEBUG: <PixTestParameters.cc/dump:L107>   pix: 11,20
[13:26:06.558]    DEBUG: <PixTestParameters.cc/dump:L107>   vcal: 250
[13:26:06.558]    DEBUG: <PixTestParameters.cc/dump:L107>   deltavthrcomp: 50
[13:26:06.558]    DEBUG: <PixTestParameters.cc/dump:L107>   fraccaldel: 0.5
[13:26:06.558]    DEBUG: <PixTestParameters.cc/dump:L107>   ntrig: 5
[13:26:06.558]    DEBUG: <PixTestParameters.cc/dump:L107>   savedacs: button
[13:26:06.558]    DEBUG: <PixTestParameters.cc/dump:L104> PixTestParameters: ->Readback<-
[13:26:06.558]    DEBUG: <PixTestParameters.cc/dump:L107>   calibratevd: button
[13:26:06.558]    DEBUG: <PixTestParameters.cc/dump:L107>   calibrateva: button
[13:26:06.558]    DEBUG: <PixTestParameters.cc/dump:L107>   calibrateia: button
[13:26:06.558]    DEBUG: <PixTestParameters.cc/dump:L107>   readbackvbg: button
[13:26:06.558]    DEBUG: <PixTestParameters.cc/dump:L107>   getcalibratedvbg: button
[13:26:06.558]    DEBUG: <PixTestParameters.cc/dump:L107>   usecalvd: checkbox(1)
[13:26:06.558]    DEBUG: <PixTestParameters.cc/dump:L107>   usecalva: checkbox(0)
[13:26:06.558]    DEBUG: <PixTestParameters.cc/dump:L107>   setvana: button
[13:26:06.558]    DEBUG: <PixTestParameters.cc/dump:L104> PixTestParameters: ->Scurves<-
[13:26:06.558]    DEBUG: <PixTestParameters.cc/dump:L107>   adjustvcal: checkbox(0)
[13:26:06.558]    DEBUG: <PixTestParameters.cc/dump:L107>   dumpall: checkbox(0)
[13:26:06.558]    DEBUG: <PixTestParameters.cc/dump:L107>   dumpproblematic: checkbox(0)
[13:26:06.558]    DEBUG: <PixTestParameters.cc/dump:L107>   dumpoutputfile: checkbox(0)
[13:26:06.559]    DEBUG: <PixTestParameters.cc/dump:L107>   ntrig: 50
[13:26:06.559]    DEBUG: <PixTestParameters.cc/dump:L107>   dac: Vcal
[13:26:06.559]    DEBUG: <PixTestParameters.cc/dump:L107>   daclo: 05
[13:26:06.559]    DEBUG: <PixTestParameters.cc/dump:L107>   dachi: 75
[13:26:06.559]    DEBUG: <PixTestParameters.cc/dump:L107>   dacs/step: -1
[13:26:06.559]    DEBUG: <PixTestParameters.cc/dump:L107>   ntrig/step: -1
[13:26:06.559]    DEBUG: <PixTestParameters.cc/dump:L107>   scurves: button
[13:26:06.559]    DEBUG: <PixTestParameters.cc/dump:L104> PixTestParameters: ->Timing<-
[13:26:06.559]    DEBUG: <PixTestParameters.cc/dump:L107>   targetclk: 4
[13:26:06.559]    DEBUG: <PixTestParameters.cc/dump:L107>   ntrig: 10000
[13:26:06.559]    DEBUG: <PixTestParameters.cc/dump:L107>   notokenpass: checkbox(0)
[13:26:06.559]    DEBUG: <PixTestParameters.cc/dump:L107>   ignorereadback: checkbox(0)
[13:26:06.559]    DEBUG: <PixTestParameters.cc/dump:L107>   clocksdascan: button
[13:26:06.559]    DEBUG: <PixTestParameters.cc/dump:L107>   phasescan: button
[13:26:06.559]    DEBUG: <PixTestParameters.cc/dump:L107>   levelscan: button
[13:26:06.559]    DEBUG: <PixTestParameters.cc/dump:L107>   tbmphasescan: button
[13:26:06.559]    DEBUG: <PixTestParameters.cc/dump:L107>   rocdelayscan: button
[13:26:06.559]    DEBUG: <PixTestParameters.cc/dump:L107>   timingtest: button
[13:26:06.559]    DEBUG: <PixTestParameters.cc/dump:L107>   saveparameters: button
[13:26:06.559]    DEBUG: <PixTestParameters.cc/dump:L104> PixTestParameters: ->Trim<-
[13:26:06.559]    DEBUG: <PixTestParameters.cc/dump:L107>   trim: button
[13:26:06.559]    DEBUG: <PixTestParameters.cc/dump:L107>   ntrig: 8
[13:26:06.559]    DEBUG: <PixTestParameters.cc/dump:L107>   vcal: 35
[13:26:06.559]    DEBUG: <PixTestParameters.cc/dump:L107>   trimbits: button
[13:26:06.559]    DEBUG: <PixTestParameters.cc/dump:L104> PixTestParameters: ->Xray<-
[13:26:06.559]    DEBUG: <PixTestParameters.cc/dump:L107>   maskhotpixels: button
[13:26:06.559]    DEBUG: <PixTestParameters.cc/dump:L107>   savemaskfile: checkbox(0)
[13:26:06.559]    DEBUG: <PixTestParameters.cc/dump:L107>   maskfilename: default
[13:26:06.559]    DEBUG: <PixTestParameters.cc/dump:L107>   source: Ag
[13:26:06.559]    DEBUG: <PixTestParameters.cc/dump:L107>   phrun: button
[13:26:06.559]    DEBUG: <PixTestParameters.cc/dump:L107>   runseconds: 240
[13:26:06.559]    DEBUG: <PixTestParameters.cc/dump:L107>   trgfrequency(khz): 100
[13:26:06.559]    DEBUG: <PixTestParameters.cc/dump:L107>   ratescan: button
[13:26:06.559]    DEBUG: <PixTestParameters.cc/dump:L107>   vthrcompmin: 10
[13:26:06.559]    DEBUG: <PixTestParameters.cc/dump:L107>   vthrcompmax: 80
[13:26:06.559]    DEBUG: <PixTestParameters.cc/dump:L107>   stepseconds: 5
[13:26:06.559]    DEBUG: <PixTestParameters.cc/dump:L107>   delaytbm: checkbox
[13:26:06.559]    DEBUG: <PixTestParameters.cc/dump:L107>   filltree: checkbox
[13:26:06.561]    DEBUG: <PixSetup.cc/init:L81> PixSetup init start; getCurrentRSS() = 33267712
[13:26:06.561]    DEBUG: <PixSetup.cc/init:L87> fPixTestParameters = 0x22d29d0
[13:26:06.561]    DEBUG: <PixSetup.cc/init:L88>  fConfigParameters = 0x22610d0
[13:26:06.561]    DEBUG: <PixSetup.cc/init:L89>        fPxarMemory = 0x7f5db9d94010
[13:26:06.561]    DEBUG: <PixSetup.cc/init:L90>         fPxarMemHi = 0x7f5dbffff510
[13:26:06.561]    DEBUG: <PixSetup.cc/init:L106> PixSetup init done;  getCurrentRSS() = 33275904 fPxarMemory = 0x7f5db9d94010
[13:26:06.562]    DEBUG: <pXar.cc/main:L223> Initial Analog Current: 377.8mA
[13:26:06.564]    DEBUG: <pXar.cc/main:L224> Initial Digital Current: 706.7mA
[13:26:06.564]    DEBUG: <pXar.cc/main:L225> Initial Module Temperature: 20.0 C
[13:26:07.057]    DEBUG: <PixGui.cc/hvOn:L460> HV set On: 0x28a9770
[13:26:07.118]    DEBUG: <PixTestFactory.cc/PixTestFactory:L53> PixTestFactory::PixTestFactory()
[13:26:07.118]    DEBUG: <PixTestBBMap.cc/init:L79> PixTestBBMap::init()
[13:26:07.118]    DEBUG: <PixTestBBMap.cc/PixTestBBMap:L27> PixTestBBMap ctor(PixSetup &a, string, TGTab *)
[13:26:07.124]    DEBUG: <PixTestBB2Map.cc/setParameter:L58> setting fTargetIa    = 24 mA/ROC
[13:26:07.124]    DEBUG: <PixTestBB2Map.cc/init:L97> PixTestBB2Map::init()
[13:26:07.124]    DEBUG: <PixTestBB2Map.cc/PixTestBB2Map:L29> PixTestBB2Map ctor(PixSetup &a, string, TGTab *)
[13:26:07.134]    DEBUG: <PixTestBB3Map.cc/init:L81> PixTestBB3Map::init()
[13:26:07.134]    DEBUG: <PixTestBB3Map.cc/PixTestBB3Map:L29> PixTestBB3Map ctor(PixSetup &a, string, TGTab *)
[13:26:07.154]    DEBUG: <PixTestBB4Map.cc/init:L93> PixTestBB4Map::init()
[13:26:07.155]    DEBUG: <PixTestBB4Map.cc/PixTestBB4Map:L26> PixTestMapeff ctor(PixSetup &a, string, TGTab *)
[13:26:07.165]     INFO: PixTestCmd::init()
[13:26:07.175]    DEBUG: <PixTestDaq.cc/init:L44> PixTestDaq::init()
[13:26:07.175]    DEBUG: <PixTestDaq.cc/PixTestDaq:L22> PixTestDaq ctor(PixSetup &a, string, TGTab *)
[13:26:07.175]     INFO: readGainPedestalParameters data/mh113//phCalibrationFitErr_C0.dat .. data/mh113//phCalibrationFitErr_C15.dat
[13:26:07.415]    DEBUG: <PixTestDacDacScan.cc/init:L103> PixTestDacDacScan::init()
[13:26:07.415]    DEBUG: <PixTestDacDacScan.cc/PixTestDacDacScan:L22> PixTestDacDacScan ctor(PixSetup &a, string, TGTab *)
[13:26:07.429]    DEBUG: <PixTestGainPedestal.cc/setParameter:L83> PixTestGainPedestal::PixTest() fVcalStep = 10
[13:26:07.435]    DEBUG: <PixTestHighRate.cc/setParameter:L68>   setting fParTriggerFrequency -> 20
[13:26:07.435]    DEBUG: <PixTestHighRate.cc/init:L198> PixTestHighRate::init()
[13:26:07.435]    DEBUG: <PixTestHighRate.cc/PixTestHighRate:L31> PixTestHighRate ctor(PixSetup &a, string, TGTab *)
[13:26:07.458]    DEBUG: <PixTest.cc/setTestParameter:L637>  setting  ntrig to new value 10
[13:26:07.458]    DEBUG: <PixTestPhOptimization.cc/setParameter:L37>   setting fParNtrig  ->10<- from sval = 10
[13:26:07.458]    DEBUG: <PixTestPhOptimization.cc/setParameter:L42>   setting fSafetyMarginLow  ->20<- from sval = 20
[13:26:07.458]    DEBUG: <PixTestPhOptimization.cc/setParameter:L48>   setting fVcalMax  ->100<- from sval = 100
[13:26:07.458]    DEBUG: <PixTestPhOptimization.cc/setParameter:L53>   setting fQuantMax  ->0.98<- from sval = 0.98
[13:26:07.465]    DEBUG: <PixTestAlive.cc/init:L77> PixTestAlive::init()
[13:26:07.465]    DEBUG: <PixTestAlive.cc/PixTestAlive:L21> PixTestAlive ctor(PixSetup &a, string, TGTab *)
[13:26:07.487]    DEBUG: <PixTestReadback.cc/setParameter:L172> fCalwVd set to 1
[13:26:07.487]    DEBUG: <PixTestReadback.cc/init:L95> PixTestReadback::init()
[13:26:07.487]    DEBUG: <PixTestReadback.cc/PixTestReadback:L22> PixTestReadback ctor(PixSetup &a, string, TGTab *)
[13:26:07.487]     INFO: readReadbackCal: data/mh113//readbackCal_C0.dat .. data/mh113//readbackCal_C15.dat
[13:26:07.496]    DEBUG: <PixTestScurves.cc/setParameter:L93> set fOutputFilename = 
[13:26:07.505]    DEBUG: <PixTestTiming.cc/setParameter:L60> PixTestTiming::PixTest() targetclk = 4
[13:26:07.505]    DEBUG: <PixTestTiming.cc/setParameter:L64> PixTestTiming::PixTest() ntrig = 10000
[13:26:07.505]    DEBUG: <PixTestTiming.cc/setParameter:L48> fNoTokenPass: 0
[13:26:07.505]    DEBUG: <PixTestTiming.cc/setParameter:L55> fIgnoreReadBack: 0
[13:26:07.505]    DEBUG: <PixTestTiming.cc/init:L74> PixTestTiming::init()
[13:26:07.525]    DEBUG: <PixTestXray.cc/init:L134> PixTestXray::init()
[13:26:07.525]    DEBUG: <PixTestXray.cc/PixTestXray:L28> PixTestXray ctor(PixSetup &a, string, TGTab *)
[13:26:11.939]     INFO: ######################################################################
[13:26:11.940]     INFO: PixTestBB3Map::doTest() Ntrig = 5, VcalS = 250 (high range)
[13:26:11.940]     INFO: ######################################################################
[13:26:11.944]     INFO: ---> dac: VthrComp name: calSMap ntrig: 5 dacrange: 0 .. 149 (-1/-1) hits flags = 514 (plus default)
[13:26:11.976]     INFO:   dacScan split into 1 runs with ntrig = 5
[13:26:11.977]     INFO:     run 1 of 1
[13:26:11.977]    DEBUG: <PixTest.cc/dacScan:L1587>       attempt #0
[13:26:12.353]     INFO: Expecting 3120000 events.
[13:27:08.774]     INFO: 1270825 events read in total (55703ms).
[13:28:04.223]     INFO: 2527760 events read in total (111152ms).
[13:28:30.482]     INFO: 3120000 events read in total (137411ms).
[13:28:30.568]     INFO: Test took 138591ms.
[13:28:30.692]     INFO: Fetched DAQ statistics. Counters are being reset now.
[13:28:31.112]    DEBUG: <PixTest.cc/scurveAna:L1650> analyzing ROC 0
[13:28:33.951]    DEBUG: <PixTest.cc/scurveAna:L1650> analyzing ROC 1
[13:28:36.689]    DEBUG: <PixTest.cc/scurveAna:L1650> analyzing ROC 2
[13:28:36.691]    DEBUG: <PixTest.cc/scurveAna:L1650> analyzing ROC 3
[13:28:39.620]    DEBUG: <PixTest.cc/scurveAna:L1650> analyzing ROC 4
[13:28:42.564]    DEBUG: <PixTest.cc/scurveAna:L1650> analyzing ROC 5
[13:28:45.487]    DEBUG: <PixTest.cc/scurveAna:L1650> analyzing ROC 6
[13:28:48.383]    DEBUG: <PixTest.cc/scurveAna:L1650> analyzing ROC 7
[13:28:51.188]    DEBUG: <PixTest.cc/scurveAna:L1650> analyzing ROC 8
[13:28:54.121]    DEBUG: <PixTest.cc/scurveAna:L1650> analyzing ROC 9
[13:28:57.091]    DEBUG: <PixTest.cc/scurveAna:L1650> analyzing ROC 10
[13:28:59.963]    DEBUG: <PixTest.cc/scurveAna:L1650> analyzing ROC 11
[13:29:02.833]    DEBUG: <PixTest.cc/scurveAna:L1650> analyzing ROC 12
[13:29:05.640]    DEBUG: <PixTest.cc/scurveAna:L1650> analyzing ROC 13
[13:29:08.464]    DEBUG: <PixTest.cc/scurveAna:L1650> analyzing ROC 14
[13:29:11.228]    DEBUG: <PixTest.cc/scurveAna:L1650> analyzing ROC 15
[13:29:13.996]    DEBUG: <PixTest.cc/scurveMaps:L316> PixTest::scurveMaps end: getCurrentRSS() = 279965696
[13:29:14.050]    DEBUG: <PixTestBB3Map.cc/doTest:L227> found 1 peaks in dist_thr_calSMap_VthrComp_EvenCol_C0_V0
[13:29:14.050]    DEBUG: <PixTestBB3Map.cc/doTest:L229>   best peak: mean = 98.5228, RMS = 5.70932
[13:29:14.050]    DEBUG: <PixTestBB3Map.cc/doTest:L230>     cut value = 128
[13:29:14.050]    DEBUG: <PixTestBB3Map.cc/doTest:L242> found 1 peaks in dist_thr_calSMap_VthrComp_OddCol_C0_V0
[13:29:14.050]    DEBUG: <PixTestBB3Map.cc/doTest:L244>   best peak: mean = 96.3645, RMS = 5.14778
[13:29:14.050]    DEBUG: <PixTestBB3Map.cc/doTest:L245>     cut value = 123
[13:29:14.053]    DEBUG: <PixTestBB3Map.cc/doTest:L227> found 1 peaks in dist_thr_calSMap_VthrComp_EvenCol_C1_V0
[13:29:14.053]    DEBUG: <PixTestBB3Map.cc/doTest:L229>   best peak: mean = 87.5995, RMS = 4.87433
[13:29:14.053]    DEBUG: <PixTestBB3Map.cc/doTest:L230>     cut value = 112
[13:29:14.053]    DEBUG: <PixTestBB3Map.cc/doTest:L242> found 1 peaks in dist_thr_calSMap_VthrComp_OddCol_C1_V0
[13:29:14.053]    DEBUG: <PixTestBB3Map.cc/doTest:L244>   best peak: mean = 87.6603, RMS = 5.04036
[13:29:14.053]    DEBUG: <PixTestBB3Map.cc/doTest:L245>     cut value = 113
[13:29:14.053]    DEBUG: <PixTestBB3Map.cc/doTest:L227> found 0 peaks in dist_thr_calSMap_VthrComp_EvenCol_C2_V0
[13:29:14.053]    DEBUG: <PixTestBB3Map.cc/doTest:L239>  fit failed, ignoring plot
[13:29:14.053]    DEBUG: <PixTestBB3Map.cc/doTest:L242> found 0 peaks in dist_thr_calSMap_VthrComp_OddCol_C2_V0
[13:29:14.053]    DEBUG: <PixTestBB3Map.cc/doTest:L254>  fit failed, ignoring plot
[13:29:14.056]    DEBUG: <PixTestBB3Map.cc/doTest:L227> found 1 peaks in dist_thr_calSMap_VthrComp_EvenCol_C3_V0
[13:29:14.056]    DEBUG: <PixTestBB3Map.cc/doTest:L229>   best peak: mean = 93.4235, RMS = 5.6194
[13:29:14.056]    DEBUG: <PixTestBB3Map.cc/doTest:L230>     cut value = 122
[13:29:14.056]    DEBUG: <PixTestBB3Map.cc/doTest:L242> found 1 peaks in dist_thr_calSMap_VthrComp_OddCol_C3_V0
[13:29:14.056]    DEBUG: <PixTestBB3Map.cc/doTest:L244>   best peak: mean = 89.4543, RMS = 5.2481
[13:29:14.056]    DEBUG: <PixTestBB3Map.cc/doTest:L245>     cut value = 116
[13:29:14.059]    DEBUG: <PixTestBB3Map.cc/doTest:L227> found 1 peaks in dist_thr_calSMap_VthrComp_EvenCol_C4_V0
[13:29:14.059]    DEBUG: <PixTestBB3Map.cc/doTest:L229>   best peak: mean = 99.2144, RMS = 5.26981
[13:29:14.059]    DEBUG: <PixTestBB3Map.cc/doTest:L230>     cut value = 126
[13:29:14.059]    DEBUG: <PixTestBB3Map.cc/doTest:L242> found 1 peaks in dist_thr_calSMap_VthrComp_OddCol_C4_V0
[13:29:14.059]    DEBUG: <PixTestBB3Map.cc/doTest:L244>   best peak: mean = 94.7469, RMS = 4.96825
[13:29:14.059]    DEBUG: <PixTestBB3Map.cc/doTest:L245>     cut value = 120
[13:29:14.061]    DEBUG: <PixTestBB3Map.cc/doTest:L227> found 1 peaks in dist_thr_calSMap_VthrComp_EvenCol_C5_V0
[13:29:14.061]    DEBUG: <PixTestBB3Map.cc/doTest:L229>   best peak: mean = 92.7661, RMS = 4.96278
[13:29:14.061]    DEBUG: <PixTestBB3Map.cc/doTest:L230>     cut value = 118
[13:29:14.061]    DEBUG: <PixTestBB3Map.cc/doTest:L242> found 1 peaks in dist_thr_calSMap_VthrComp_OddCol_C5_V0
[13:29:14.061]    DEBUG: <PixTestBB3Map.cc/doTest:L244>   best peak: mean = 90.5393, RMS = 4.79955
[13:29:14.061]    DEBUG: <PixTestBB3Map.cc/doTest:L245>     cut value = 115
[13:29:14.064]    DEBUG: <PixTestBB3Map.cc/doTest:L227> found 1 peaks in dist_thr_calSMap_VthrComp_EvenCol_C6_V0
[13:29:14.064]    DEBUG: <PixTestBB3Map.cc/doTest:L229>   best peak: mean = 101.641, RMS = 5.3957
[13:29:14.064]    DEBUG: <PixTestBB3Map.cc/doTest:L230>     cut value = 129
[13:29:14.064]    DEBUG: <PixTestBB3Map.cc/doTest:L242> found 1 peaks in dist_thr_calSMap_VthrComp_OddCol_C6_V0
[13:29:14.064]    DEBUG: <PixTestBB3Map.cc/doTest:L244>   best peak: mean = 99.1112, RMS = 5.14098
[13:29:14.064]    DEBUG: <PixTestBB3Map.cc/doTest:L245>     cut value = 125
[13:29:14.066]    DEBUG: <PixTestBB3Map.cc/doTest:L227> found 1 peaks in dist_thr_calSMap_VthrComp_EvenCol_C7_V0
[13:29:14.066]    DEBUG: <PixTestBB3Map.cc/doTest:L229>   best peak: mean = 108.088, RMS = 6.5293
[13:29:14.066]    DEBUG: <PixTestBB3Map.cc/doTest:L230>     cut value = 141
[13:29:14.066]    DEBUG: <PixTestBB3Map.cc/doTest:L242> found 1 peaks in dist_thr_calSMap_VthrComp_OddCol_C7_V0
[13:29:14.066]    DEBUG: <PixTestBB3Map.cc/doTest:L244>   best peak: mean = 108.167, RMS = 6.02928
[13:29:14.066]    DEBUG: <PixTestBB3Map.cc/doTest:L245>     cut value = 139
[13:29:14.069]    DEBUG: <PixTestBB3Map.cc/doTest:L227> found 1 peaks in dist_thr_calSMap_VthrComp_EvenCol_C8_V0
[13:29:14.069]    DEBUG: <PixTestBB3Map.cc/doTest:L229>   best peak: mean = 105.09, RMS = 5.86101
[13:29:14.069]    DEBUG: <PixTestBB3Map.cc/doTest:L230>     cut value = 135
[13:29:14.069]    DEBUG: <PixTestBB3Map.cc/doTest:L242> found 1 peaks in dist_thr_calSMap_VthrComp_OddCol_C8_V0
[13:29:14.069]    DEBUG: <PixTestBB3Map.cc/doTest:L244>   best peak: mean = 103.044, RMS = 5.69615
[13:29:14.069]    DEBUG: <PixTestBB3Map.cc/doTest:L245>     cut value = 132
[13:29:14.071]    DEBUG: <PixTestBB3Map.cc/doTest:L227> found 1 peaks in dist_thr_calSMap_VthrComp_EvenCol_C9_V0
[13:29:14.071]    DEBUG: <PixTestBB3Map.cc/doTest:L229>   best peak: mean = 103.123, RMS = 5.91223
[13:29:14.071]    DEBUG: <PixTestBB3Map.cc/doTest:L230>     cut value = 133
[13:29:14.071]    DEBUG: <PixTestBB3Map.cc/doTest:L242> found 1 peaks in dist_thr_calSMap_VthrComp_OddCol_C9_V0
[13:29:14.071]    DEBUG: <PixTestBB3Map.cc/doTest:L244>   best peak: mean = 99.3824, RMS = 5.65365
[13:29:14.071]    DEBUG: <PixTestBB3Map.cc/doTest:L245>     cut value = 128
[13:29:14.073]    DEBUG: <PixTestBB3Map.cc/doTest:L227> found 1 peaks in dist_thr_calSMap_VthrComp_EvenCol_C10_V0
[13:29:14.073]    DEBUG: <PixTestBB3Map.cc/doTest:L229>   best peak: mean = 97.603, RMS = 5.28297
[13:29:14.073]    DEBUG: <PixTestBB3Map.cc/doTest:L230>     cut value = 125
[13:29:14.073]    DEBUG: <PixTestBB3Map.cc/doTest:L242> found 1 peaks in dist_thr_calSMap_VthrComp_OddCol_C10_V0
[13:29:14.073]    DEBUG: <PixTestBB3Map.cc/doTest:L244>   best peak: mean = 92.5223, RMS = 5.01119
[13:29:14.073]    DEBUG: <PixTestBB3Map.cc/doTest:L245>     cut value = 118
[13:29:14.075]    DEBUG: <PixTestBB3Map.cc/doTest:L227> found 1 peaks in dist_thr_calSMap_VthrComp_EvenCol_C11_V0
[13:29:14.075]    DEBUG: <PixTestBB3Map.cc/doTest:L229>   best peak: mean = 107.725, RMS = 5.3699
[13:29:14.075]    DEBUG: <PixTestBB3Map.cc/doTest:L230>     cut value = 135
[13:29:14.075]    DEBUG: <PixTestBB3Map.cc/doTest:L242> found 1 peaks in dist_thr_calSMap_VthrComp_OddCol_C11_V0
[13:29:14.075]    DEBUG: <PixTestBB3Map.cc/doTest:L244>   best peak: mean = 104.565, RMS = 5.25339
[13:29:14.075]    DEBUG: <PixTestBB3Map.cc/doTest:L245>     cut value = 131
[13:29:14.077]    DEBUG: <PixTestBB3Map.cc/doTest:L227> found 1 peaks in dist_thr_calSMap_VthrComp_EvenCol_C12_V0
[13:29:14.077]    DEBUG: <PixTestBB3Map.cc/doTest:L229>   best peak: mean = 90.3516, RMS = 4.90056
[13:29:14.077]    DEBUG: <PixTestBB3Map.cc/doTest:L230>     cut value = 115
[13:29:14.077]    DEBUG: <PixTestBB3Map.cc/doTest:L242> found 1 peaks in dist_thr_calSMap_VthrComp_OddCol_C12_V0
[13:29:14.077]    DEBUG: <PixTestBB3Map.cc/doTest:L244>   best peak: mean = 88.2533, RMS = 4.7063
[13:29:14.077]    DEBUG: <PixTestBB3Map.cc/doTest:L245>     cut value = 112
[13:29:14.079]    DEBUG: <PixTestBB3Map.cc/doTest:L227> found 1 peaks in dist_thr_calSMap_VthrComp_EvenCol_C13_V0
[13:29:14.079]    DEBUG: <PixTestBB3Map.cc/doTest:L229>   best peak: mean = 98.3051, RMS = 5.28455
[13:29:14.079]    DEBUG: <PixTestBB3Map.cc/doTest:L230>     cut value = 125
[13:29:14.079]    DEBUG: <PixTestBB3Map.cc/doTest:L242> found 1 peaks in dist_thr_calSMap_VthrComp_OddCol_C13_V0
[13:29:14.079]    DEBUG: <PixTestBB3Map.cc/doTest:L244>   best peak: mean = 95.1466, RMS = 5.17355
[13:29:14.079]    DEBUG: <PixTestBB3Map.cc/doTest:L245>     cut value = 122
[13:29:14.081]    DEBUG: <PixTestBB3Map.cc/doTest:L227> found 1 peaks in dist_thr_calSMap_VthrComp_EvenCol_C14_V0
[13:29:14.081]    DEBUG: <PixTestBB3Map.cc/doTest:L229>   best peak: mean = 104.919, RMS = 5.02292
[13:29:14.081]    DEBUG: <PixTestBB3Map.cc/doTest:L230>     cut value = 131
[13:29:14.081]    DEBUG: <PixTestBB3Map.cc/doTest:L242> found 1 peaks in dist_thr_calSMap_VthrComp_OddCol_C14_V0
[13:29:14.081]    DEBUG: <PixTestBB3Map.cc/doTest:L244>   best peak: mean = 102.386, RMS = 5.12911
[13:29:14.081]    DEBUG: <PixTestBB3Map.cc/doTest:L245>     cut value = 129
[13:29:14.083]    DEBUG: <PixTestBB3Map.cc/doTest:L227> found 1 peaks in dist_thr_calSMap_VthrComp_EvenCol_C15_V0
[13:29:14.083]    DEBUG: <PixTestBB3Map.cc/doTest:L229>   best peak: mean = 87.3508, RMS = 4.48119
[13:29:14.083]    DEBUG: <PixTestBB3Map.cc/doTest:L230>     cut value = 110
[13:29:14.083]    DEBUG: <PixTestBB3Map.cc/doTest:L242> found 1 peaks in dist_thr_calSMap_VthrComp_OddCol_C15_V0
[13:29:14.083]    DEBUG: <PixTestBB3Map.cc/doTest:L244>   best peak: mean = 86.01, RMS = 4.87846
[13:29:14.083]    DEBUG: <PixTestBB3Map.cc/doTest:L245>     cut value = 111
[13:29:14.149]     INFO: PixTestBB3Map::doTest() done, duration: 182 seconds
[13:29:14.149]     INFO: number of dead bumps (per ROC):     0    1    0    0    0    0    0    4    0    0    0    0    1    0    0    0
[13:32:16.280]    DEBUG: <PixTest.cc/moduleMap:L1029> moduleMap histname: what
[13:32:16.280]    DEBUG: <PixTest.cc/moduleMap:L1039> h1->GetName() = rescaledThr_C15_V0 -> rescaledThr_mod
[13:37:29.976]    DEBUG: <PixTest.cc/moduleMap:L1029> moduleMap histname: what
[13:37:29.976]    DEBUG: <PixTest.cc/moduleMap:L1039> h1->GetName() = thr_calSMap_VthrComp_C0_V0 -> thr_calSMap_VthrComp_mod
[13:37:34.432]    DEBUG: <PixTest.cc/moduleMap:L1029> moduleMap histname: what
[13:37:34.432]    DEBUG: <PixTest.cc/moduleMap:L1039> h1->GetName() = thr_calSMap_VthrComp_C1_V0 -> thr_calSMap_VthrComp_mod
[13:37:50.851]     INFO: ######################################################################
[13:37:50.851]     INFO: PixTestScurves::doTest() ntrig = 50
[13:37:50.851]     INFO: ######################################################################
[13:37:50.852]     INFO:    ----------------------------------------------------------------------
[13:37:50.852]     INFO:    PixTestScurves::scurves(Vcal), ntrig = 50, dacs/step = -1, ntrig/step = -1
[13:37:50.852]     INFO:    ----------------------------------------------------------------------
[13:37:50.852]     INFO: ---> dac: Vcal name: scurveVcal ntrig: 50 dacrange: 5 .. 75 (-1/-1) hits flags = 528 (plus default)
[13:37:50.876]     INFO:   dacScan split into 1 runs with ntrig = 50
[13:37:50.876]     INFO:     run 1 of 1
[13:37:50.876]    DEBUG: <PixTest.cc/dacScan:L1587>       attempt #0
[13:37:51.253]     INFO: Expecting 14768000 events.
[13:38:34.679]     INFO: 1770500 events read in total (42711ms).
[13:39:17.397]     INFO: 3540800 events read in total (85429ms).
[13:40:00.162]     INFO: 5311250 events read in total (128194ms).
[13:40:42.889]     INFO: 7081850 events read in total (170921ms).
[13:41:25.512]     INFO: 8851100 events read in total (213544ms).
[13:42:08.313]     INFO: 10620450 events read in total (256345ms).
[13:42:51.220]     INFO: 12388950 events read in total (299252ms).
[13:43:34.067]     INFO: 14158500 events read in total (342099ms).
[13:43:49.116]     INFO: 14768000 events read in total (357148ms).
[13:43:49.123]     INFO: Test took 358247ms.
[13:43:49.129]     INFO: Fetched DAQ statistics. Counters are being reset now.
[13:43:49.130]    DEBUG: <PixTest.cc/scurveAna:L1650> analyzing ROC 0
[13:43:49.132]    DEBUG: <PixTest.cc/scurveAna:L1650> analyzing ROC 1
[13:43:49.292]    DEBUG: <PixTest.cc/scurveAna:L1650> analyzing ROC 2
[13:43:49.294]    DEBUG: <PixTest.cc/scurveAna:L1650> analyzing ROC 3
[13:43:49.299]    DEBUG: <PixTest.cc/scurveAna:L1650> analyzing ROC 4
[13:43:49.301]    DEBUG: <PixTest.cc/scurveAna:L1650> analyzing ROC 5
[13:43:49.309]    DEBUG: <PixTest.cc/scurveAna:L1650> analyzing ROC 6
[13:43:49.311]    DEBUG: <PixTest.cc/scurveAna:L1650> analyzing ROC 7
[13:43:49.313]    DEBUG: <PixTest.cc/scurveAna:L1650> analyzing ROC 8
[13:43:49.315]    DEBUG: <PixTest.cc/scurveAna:L1650> analyzing ROC 9
[13:43:49.318]    DEBUG: <PixTest.cc/scurveAna:L1650> analyzing ROC 10
[13:43:49.327]    DEBUG: <PixTest.cc/scurveAna:L1650> analyzing ROC 11
[13:43:49.329]    DEBUG: <PixTest.cc/scurveAna:L1650> analyzing ROC 12
[13:43:49.436]    DEBUG: <PixTest.cc/scurveAna:L1650> analyzing ROC 13
[13:43:49.440]    DEBUG: <PixTest.cc/scurveAna:L1650> analyzing ROC 14
[13:43:49.442]    DEBUG: <PixTest.cc/scurveAna:L1650> analyzing ROC 15
[13:43:49.938]    DEBUG: <PixTest.cc/scurveMaps:L316> PixTest::scurveMaps end: getCurrentRSS() = 335634432
[13:43:50.021]     INFO: PixTestScurves::scurves() done 
[13:43:50.021]     INFO: Vcal mean:   0.00   4.49   0.00   0.09   0.01   0.09   0.00   0.00   0.00   0.02   0.16   0.00   3.03   0.08   0.00  13.53 
[13:43:50.021]     INFO: Vcal RMS:    0.00  13.08   0.00   2.16   0.55   1.74   0.00   0.00   0.00   0.76   2.49   0.00  11.38   1.81   0.00  20.62 
[13:44:20.136]    DEBUG: <PixTest.cc/moduleMap:L1029> moduleMap histname: what
[13:44:20.136]    DEBUG: <PixTest.cc/moduleMap:L1039> h1->GetName() = thr_scurveVcal_Vcal_C15_V0 -> thr_scurveVcal_Vcal_mod
[13:44:28.032]    DEBUG: <PixTest.cc/moduleMap:L1029> moduleMap histname: what
[13:44:28.032]    DEBUG: <PixTest.cc/moduleMap:L1039> h1->GetName() = sig_scurveVcal_Vcal_C15_V0 -> sig_scurveVcal_Vcal_mod
[13:44:33.632]    DEBUG: <PixTest.cc/moduleMap:L1029> moduleMap histname: what
[13:44:33.632]    DEBUG: <PixTest.cc/moduleMap:L1039> h1->GetName() = thn_scurveVcal_Vcal_C15_V0 -> thn_scurveVcal_Vcal_mod
[13:45:00.480]    DEBUG: <PixGui.cc/handleButtons:L396> PixGui::exit called
[13:45:00.481]    DEBUG: <PixGui.cc/CloseWindow:L335> Final Analog Current: 384.3mA
[13:45:00.482]    DEBUG: <PixGui.cc/CloseWindow:L336> Final Digital Current: 705.9mA
[13:45:00.482]    DEBUG: <PixGui.cc/CloseWindow:L337> Final Module Temperature: 26.3 C
[13:45:00.482]    DEBUG: <PixTestBBMap.cc/~PixTestBBMap:L97> PixTestBBMap dtor
[13:45:00.482]    DEBUG: <PixTestBB2Map.cc/~PixTestBB2Map:L115> PixTestBB2Map dtor
[13:45:00.482]    DEBUG: <PixTestBB3Map.cc/~PixTestBB3Map:L99> PixTestBB3Map dtor
[13:45:00.663]    DEBUG: <PixTestBB4Map.cc/~PixTestBB4Map:L118> PixTestBB4Map dtor
[13:45:00.663]    DEBUG: <PixTestCmd.cc/~PixTestCmd:L78> PixTestCmd dtor
[13:45:00.663]    DEBUG: <PixTestDaq.cc/~PixTestDaq:L37> PixTestDaq dtor
[13:45:00.663]    DEBUG: <PixTestDacDacScan.cc/~PixTestDacDacScan:L136> PixTestDacDacScan dtor
[13:45:00.663]    DEBUG: <PixTestDacScan.cc/~PixTestDacScan:L129> PixTestDacScan dtor
[13:45:00.663]    DEBUG: <PixTestGainPedestal.cc/~PixTestGainPedestal:L125> PixTestGainPedestal dtor
[13:45:00.663]    DEBUG: <PixTestHighRate.cc/~PixTestHighRate:L245> PixTestHighRate dtor
[13:45:00.663]    DEBUG: <PixTestIV.cc/~PixTestIV:L96> PixTestIV dtor
[13:45:00.664]    DEBUG: <PixTestAlive.cc/~PixTestAlive:L109> PixTestAlive dtor
[13:45:00.664]    DEBUG: <PixTestPretest.cc/~PixTestPretest:L136> PixTestPretest dtor
[13:45:00.664]    DEBUG: <PixTestReadback.cc/~PixTestReadback:L89> PixTestReadback dtor, saving tree ... 
[13:45:00.664]    DEBUG: <PixTestScurves.cc/~PixTestScurves:L142> PixTestScurves dtor
[13:45:00.755]    DEBUG: <PixTestTiming.cc/~PixTestTiming:L97> PixTestTiming dtor
[13:45:00.755]    DEBUG: <PixTestTrim.cc/~PixTestTrim:L103> PixTestTrim dtor
[13:45:00.755]    DEBUG: <PixTestXray.cc/~PixTestXray:L217> PixTestXray dtor
[13:45:00.757]    QUIET: Connection to board 58 closed.
[13:45:00.837]    DEBUG: <PixMonitor.cc/dumpSummaries:L39> PixMonitor::dumpSummaries
