[15:03:07.158]     INFO: *** Welcome to pxar ***
[15:03:07.158]     INFO: *** Today: 2015/12/29
[15:03:07.168]     INFO: *** Version: prod-12
[15:03:07.169]     INFO: readRocDacs: data/mh113//dacParameters35_C0.dat .. data/mh113//dacParameters35_C15.dat
[15:03:07.170]     INFO: readTbmDacs: data/mh113//tbmParameters_C0a.dat .. data/mh113//tbmParameters_C0b.dat
[15:03:07.170]     INFO: readMaskFile: data/mh113//defaultMaskFile.dat
[15:03:07.170]     INFO: readTrimFile: data/mh113//trimParameters35_C0.dat .. data/mh113//trimParameters35_C15.dat
[15:03:07.325]     INFO:         clk: 4
[15:03:07.325]     INFO:         ctr: 4
[15:03:07.325]     INFO:         sda: 19
[15:03:07.325]     INFO:         tin: 9
[15:03:07.325]     INFO:         level: 15
[15:03:07.325]     INFO:         triggerdelay: 0
[15:03:07.325]    QUIET: Instanciating API for pxar prod-12
[15:03:07.325]     INFO: Log level: DEBUG
[15:03:07.336]    QUIET: Connection to board DTB_WRPRHI opened.
[15:03:07.339]     INFO: DTB startup information
--- DTB info------------------------------------------
Board id:    58
HW version:  DTB1.2
FW version:  4.2
SW version:  4.5
USB id:      DTB_WRPRHI
MAC address: 40D85511803A
Hostname:    pixelDTB058
Comment:     
------------------------------------------------------
[15:03:07.342]     INFO: RPC call hashes of host and DTB match: 398089610
[15:03:08.944]     INFO: DUT info: 
[15:03:08.944]     INFO: The DUT currently contains the following objects:
[15:03:08.944]     INFO:  2 TBM Cores tbm08c (2 ON)
[15:03:08.944]     INFO: 	TBM Core alpha (0): 7 registers set
[15:03:08.944]     INFO: 	TBM Core beta  (1): 7 registers set
[15:03:08.944]     INFO: 16 ROCs psi46digv21respin (16 ON) with 4160 pixelConfigs
[15:03:08.944]     INFO: 	ROC 0: 19 DACs set, Pixels: 0 masked, 0 active.
[15:03:08.944]     INFO: 	ROC 1: 19 DACs set, Pixels: 0 masked, 0 active.
[15:03:08.944]     INFO: 	ROC 2: 19 DACs set, Pixels: 0 masked, 0 active.
[15:03:08.944]     INFO: 	ROC 3: 19 DACs set, Pixels: 0 masked, 0 active.
[15:03:08.944]     INFO: 	ROC 4: 19 DACs set, Pixels: 0 masked, 0 active.
[15:03:08.944]     INFO: 	ROC 5: 19 DACs set, Pixels: 0 masked, 0 active.
[15:03:08.944]     INFO: 	ROC 6: 19 DACs set, Pixels: 0 masked, 0 active.
[15:03:08.944]     INFO: 	ROC 7: 19 DACs set, Pixels: 0 masked, 0 active.
[15:03:08.944]     INFO: 	ROC 8: 19 DACs set, Pixels: 0 masked, 0 active.
[15:03:08.944]     INFO: 	ROC 9: 19 DACs set, Pixels: 0 masked, 0 active.
[15:03:08.944]     INFO: 	ROC 10: 19 DACs set, Pixels: 0 masked, 0 active.
[15:03:08.945]     INFO: 	ROC 11: 19 DACs set, Pixels: 0 masked, 0 active.
[15:03:08.945]     INFO: 	ROC 12: 19 DACs set, Pixels: 0 masked, 0 active.
[15:03:08.945]     INFO: 	ROC 13: 19 DACs set, Pixels: 0 masked, 0 active.
[15:03:08.945]     INFO: 	ROC 14: 19 DACs set, Pixels: 0 masked, 0 active.
[15:03:08.945]     INFO: 	ROC 15: 19 DACs set, Pixels: 0 masked, 0 active.
[15:03:08.945]    DEBUG: <PixTestParameters.cc/dump:L104> PixTestParameters: ->BB<-
[15:03:08.945]    DEBUG: <PixTestParameters.cc/dump:L107>   dumpall: checkbox(0)
[15:03:08.945]    DEBUG: <PixTestParameters.cc/dump:L107>   dumpproblematic: checkbox(0)
[15:03:08.945]    DEBUG: <PixTestParameters.cc/dump:L107>   ntrig: 5
[15:03:08.945]    DEBUG: <PixTestParameters.cc/dump:L107>   vcals: 250
[15:03:08.945]    DEBUG: <PixTestParameters.cc/dump:L104> PixTestParameters: ->BB2<-
[15:03:08.945]    DEBUG: <PixTestParameters.cc/dump:L107>   ntrig: 10
[15:03:08.945]    DEBUG: <PixTestParameters.cc/dump:L107>   vcals: 222
[15:03:08.945]    DEBUG: <PixTestParameters.cc/dump:L107>   plwidth: 35
[15:03:08.945]    DEBUG: <PixTestParameters.cc/dump:L107>   pix: 11,20
[15:03:08.945]    DEBUG: <PixTestParameters.cc/dump:L107>   targetia: 24
[15:03:08.945]    DEBUG: <PixTestParameters.cc/dump:L104> PixTestParameters: ->BB3<-
[15:03:08.945]    DEBUG: <PixTestParameters.cc/dump:L107>   dumpall: checkbox(0)
[15:03:08.945]    DEBUG: <PixTestParameters.cc/dump:L107>   dumpproblematic: checkbox(0)
[15:03:08.945]    DEBUG: <PixTestParameters.cc/dump:L107>   ntrig: 5
[15:03:08.945]    DEBUG: <PixTestParameters.cc/dump:L107>   vcals: 250
[15:03:08.945]    DEBUG: <PixTestParameters.cc/dump:L104> PixTestParameters: ->BB4<-
[15:03:08.945]    DEBUG: <PixTestParameters.cc/dump:L107>   savecaldelscan: checkbox(0)
[15:03:08.945]    DEBUG: <PixTestParameters.cc/dump:L107>   ntrig: 100
[15:03:08.945]    DEBUG: <PixTestParameters.cc/dump:L107>   cals: 1
[15:03:08.945]    DEBUG: <PixTestParameters.cc/dump:L107>   caldello: 80
[15:03:08.945]    DEBUG: <PixTestParameters.cc/dump:L107>   caldelhi: 200
[15:03:08.945]    DEBUG: <PixTestParameters.cc/dump:L107>   caldelstep: 10
[15:03:08.945]    DEBUG: <PixTestParameters.cc/dump:L107>   vthrcomplo: 70
[15:03:08.945]    DEBUG: <PixTestParameters.cc/dump:L107>   vthrcomphi: 130
[15:03:08.945]    DEBUG: <PixTestParameters.cc/dump:L107>   vthrcompstep: 5
[15:03:08.945]    DEBUG: <PixTestParameters.cc/dump:L107>   noisypixels: 10
[15:03:08.946]    DEBUG: <PixTestParameters.cc/dump:L107>   vcal: 255
[15:03:08.946]    DEBUG: <PixTestParameters.cc/dump:L107>   cut: 0.5
[15:03:08.946]    DEBUG: <PixTestParameters.cc/dump:L104> PixTestParameters: ->Cmd<-
[15:03:08.946]    DEBUG: <PixTestParameters.cc/dump:L104> PixTestParameters: ->DAQ<-
[15:03:08.946]    DEBUG: <PixTestParameters.cc/dump:L107>   delaytbm: checkbox
[15:03:08.946]    DEBUG: <PixTestParameters.cc/dump:L107>   filltree: checkbox
[15:03:08.946]    DEBUG: <PixTestParameters.cc/dump:L107>   trgfrequency(khz): 100
[15:03:08.946]    DEBUG: <PixTestParameters.cc/dump:L107>   maskhotpixels: button
[15:03:08.946]    DEBUG: <PixTestParameters.cc/dump:L107>   trgnumber: 5
[15:03:08.946]    DEBUG: <PixTestParameters.cc/dump:L107>   iterations: 10
[15:03:08.946]    DEBUG: <PixTestParameters.cc/dump:L107>   rundaqtrg: button
[15:03:08.946]    DEBUG: <PixTestParameters.cc/dump:L107>   daqseconds: 5
[15:03:08.946]    DEBUG: <PixTestParameters.cc/dump:L107>   rundaqseconds: button
[15:03:08.946]    DEBUG: <PixTestParameters.cc/dump:L104> PixTestParameters: ->DacDacScan<-
[15:03:08.946]    DEBUG: <PixTestParameters.cc/dump:L107>   phmap: checkbox
[15:03:08.946]    DEBUG: <PixTestParameters.cc/dump:L107>   ntrig: 10
[15:03:08.946]    DEBUG: <PixTestParameters.cc/dump:L107>   dac1: caldel
[15:03:08.946]    DEBUG: <PixTestParameters.cc/dump:L107>   dac1lo: 0
[15:03:08.946]    DEBUG: <PixTestParameters.cc/dump:L107>   dac1hi: 255
[15:03:08.946]    DEBUG: <PixTestParameters.cc/dump:L107>   dac2: vthrcomp
[15:03:08.946]    DEBUG: <PixTestParameters.cc/dump:L107>   dac2lo: 0
[15:03:08.946]    DEBUG: <PixTestParameters.cc/dump:L107>   dac2hi: 255
[15:03:08.946]    DEBUG: <PixTestParameters.cc/dump:L107>   pix: 11,20
[15:03:08.946]    DEBUG: <PixTestParameters.cc/dump:L104> PixTestParameters: ->DacScan<-
[15:03:08.946]    DEBUG: <PixTestParameters.cc/dump:L107>   phmap: checkbox(1)
[15:03:08.946]    DEBUG: <PixTestParameters.cc/dump:L107>   allpixels: checkbox(0)
[15:03:08.946]    DEBUG: <PixTestParameters.cc/dump:L107>   unmasked: checkbox(0)
[15:03:08.946]    DEBUG: <PixTestParameters.cc/dump:L107>   ntrig: 10
[15:03:08.946]    DEBUG: <PixTestParameters.cc/dump:L107>   dac: vcal
[15:03:08.946]    DEBUG: <PixTestParameters.cc/dump:L107>   daclo: 0
[15:03:08.946]    DEBUG: <PixTestParameters.cc/dump:L107>   dachi: 255
[15:03:08.946]    DEBUG: <PixTestParameters.cc/dump:L107>   pix: 11,20
[15:03:08.946]    DEBUG: <PixTestParameters.cc/dump:L104> PixTestParameters: ->GainPedestal<-
[15:03:08.946]    DEBUG: <PixTestParameters.cc/dump:L107>   showfits: checkbox(0)
[15:03:08.946]    DEBUG: <PixTestParameters.cc/dump:L107>   extended: checkbox(0)
[15:03:08.946]    DEBUG: <PixTestParameters.cc/dump:L107>   dumphists: checkbox(0)
[15:03:08.946]    DEBUG: <PixTestParameters.cc/dump:L107>   ntrig: 10
[15:03:08.946]    DEBUG: <PixTestParameters.cc/dump:L107>   vcalstep: 10
[15:03:08.946]    DEBUG: <PixTestParameters.cc/dump:L107>   measure: button
[15:03:08.946]    DEBUG: <PixTestParameters.cc/dump:L107>   fit: button
[15:03:08.946]    DEBUG: <PixTestParameters.cc/dump:L107>   save: button
[15:03:08.946]    DEBUG: <PixTestParameters.cc/dump:L104> PixTestParameters: ->HighRate<-
[15:03:08.946]    DEBUG: <PixTestParameters.cc/dump:L107>   pix: 11,20
[15:03:08.946]    DEBUG: <PixTestParameters.cc/dump:L107>   trimhotpixels: button
[15:03:08.946]    DEBUG: <PixTestParameters.cc/dump:L107>   trimhotpixelthr: 200
[15:03:08.946]    DEBUG: <PixTestParameters.cc/dump:L107>   runsecondshotpixels: 10
[15:03:08.946]    DEBUG: <PixTestParameters.cc/dump:L107>   savetrimbits: checkbox(1)
[15:03:08.946]    DEBUG: <PixTestParameters.cc/dump:L107>   maskuntrimmable: checkbox(1)
[15:03:08.946]    DEBUG: <PixTestParameters.cc/dump:L107>   maskhotpixels: button
[15:03:08.946]    DEBUG: <PixTestParameters.cc/dump:L107>   savemaskfile: checkbox(0)
[15:03:08.946]    DEBUG: <PixTestParameters.cc/dump:L107>   maskfilename: default
[15:03:08.946]    DEBUG: <PixTestParameters.cc/dump:L107>   caldelscan: button
[15:03:08.946]    DEBUG: <PixTestParameters.cc/dump:L107>   xpixelalive: button
[15:03:08.946]    DEBUG: <PixTestParameters.cc/dump:L107>   ntrig: 50
[15:03:08.946]    DEBUG: <PixTestParameters.cc/dump:L107>   vcal: 200
[15:03:08.946]    DEBUG: <PixTestParameters.cc/dump:L107>   xnoisemaps: button
[15:03:08.946]    DEBUG: <PixTestParameters.cc/dump:L107>   daclo: 0
[15:03:08.946]    DEBUG: <PixTestParameters.cc/dump:L107>   dachi: 100
[15:03:08.947]    DEBUG: <PixTestParameters.cc/dump:L107>   dacs/step: 20
[15:03:08.947]    DEBUG: <PixTestParameters.cc/dump:L107>   rundaq: button
[15:03:08.947]    DEBUG: <PixTestParameters.cc/dump:L107>   trgfrequency(khz): 20
[15:03:08.947]    DEBUG: <PixTestParameters.cc/dump:L107>   runseconds: 5
[15:03:08.947]    DEBUG: <PixTestParameters.cc/dump:L107>   triggerdelay: 20
[15:03:08.947]    DEBUG: <PixTestParameters.cc/dump:L107>   delaytbm: checkbox
[15:03:08.947]    DEBUG: <PixTestParameters.cc/dump:L107>   filltree: checkbox
[15:03:08.947]    DEBUG: <PixTestParameters.cc/dump:L104> PixTestParameters: ->IV<-
[15:03:08.947]    DEBUG: <PixTestParameters.cc/dump:L107>   port: /dev/ttyS0
[15:03:08.947]    DEBUG: <PixTestParameters.cc/dump:L107>   voltagestart: 0
[15:03:08.947]    DEBUG: <PixTestParameters.cc/dump:L107>   voltagestop: 600
[15:03:08.947]    DEBUG: <PixTestParameters.cc/dump:L107>   voltagestep: 5
[15:03:08.947]    DEBUG: <PixTestParameters.cc/dump:L107>   delay: 1
[15:03:08.947]    DEBUG: <PixTestParameters.cc/dump:L107>   compliance(ua): 100
[15:03:08.947]    DEBUG: <PixTestParameters.cc/dump:L104> PixTestParameters: ->PhOptimization<-
[15:03:08.947]    DEBUG: <PixTestParameters.cc/dump:L107>   ntrig: 10
[15:03:08.947]    DEBUG: <PixTestParameters.cc/dump:L107>   safetymarginlow: 20
[15:03:08.947]    DEBUG: <PixTestParameters.cc/dump:L107>   saturationvcal: 100
[15:03:08.947]    DEBUG: <PixTestParameters.cc/dump:L107>   quantilesaturation: 0.98
[15:03:08.947]    DEBUG: <PixTestParameters.cc/dump:L104> PixTestParameters: ->PixelAlive<-
[15:03:08.947]    DEBUG: <PixTestParameters.cc/dump:L107>   ntrig: 10
[15:03:08.947]    DEBUG: <PixTestParameters.cc/dump:L107>   vcal: 200
[15:03:08.947]    DEBUG: <PixTestParameters.cc/dump:L107>   alivetest: button
[15:03:08.947]    DEBUG: <PixTestParameters.cc/dump:L107>   masktest: button
[15:03:08.947]    DEBUG: <PixTestParameters.cc/dump:L107>   addressdecodingtest: button
[15:03:08.947]    DEBUG: <PixTestParameters.cc/dump:L104> PixTestParameters: ->Pretest<-
[15:03:08.947]    DEBUG: <PixTestParameters.cc/dump:L107>   programroc: button
[15:03:08.947]    DEBUG: <PixTestParameters.cc/dump:L107>   targetia: 24
[15:03:08.947]    DEBUG: <PixTestParameters.cc/dump:L107>   setvana: button
[15:03:08.947]    DEBUG: <PixTestParameters.cc/dump:L107>   iterations: 100
[15:03:08.947]    DEBUG: <PixTestParameters.cc/dump:L107>   settimings: button
[15:03:08.947]    DEBUG: <PixTestParameters.cc/dump:L107>   findtiming: button
[15:03:08.947]    DEBUG: <PixTestParameters.cc/dump:L107>   findworkingpixel: button
[15:03:08.947]    DEBUG: <PixTestParameters.cc/dump:L107>   setvthrcompcaldel: button
[15:03:08.947]    DEBUG: <PixTestParameters.cc/dump:L107>   pix: 11,20
[15:03:08.947]    DEBUG: <PixTestParameters.cc/dump:L107>   vcal: 250
[15:03:08.947]    DEBUG: <PixTestParameters.cc/dump:L107>   deltavthrcomp: 50
[15:03:08.947]    DEBUG: <PixTestParameters.cc/dump:L107>   fraccaldel: 0.5
[15:03:08.947]    DEBUG: <PixTestParameters.cc/dump:L107>   ntrig: 5
[15:03:08.947]    DEBUG: <PixTestParameters.cc/dump:L107>   savedacs: button
[15:03:08.947]    DEBUG: <PixTestParameters.cc/dump:L104> PixTestParameters: ->Readback<-
[15:03:08.947]    DEBUG: <PixTestParameters.cc/dump:L107>   calibratevd: button
[15:03:08.947]    DEBUG: <PixTestParameters.cc/dump:L107>   calibrateva: button
[15:03:08.947]    DEBUG: <PixTestParameters.cc/dump:L107>   calibrateia: button
[15:03:08.947]    DEBUG: <PixTestParameters.cc/dump:L107>   readbackvbg: button
[15:03:08.947]    DEBUG: <PixTestParameters.cc/dump:L107>   getcalibratedvbg: button
[15:03:08.947]    DEBUG: <PixTestParameters.cc/dump:L107>   usecalvd: checkbox(1)
[15:03:08.947]    DEBUG: <PixTestParameters.cc/dump:L107>   usecalva: checkbox(0)
[15:03:08.947]    DEBUG: <PixTestParameters.cc/dump:L107>   setvana: button
[15:03:08.947]    DEBUG: <PixTestParameters.cc/dump:L104> PixTestParameters: ->Scurves<-
[15:03:08.947]    DEBUG: <PixTestParameters.cc/dump:L107>   adjustvcal: checkbox(0)
[15:03:08.947]    DEBUG: <PixTestParameters.cc/dump:L107>   dumpall: checkbox(0)
[15:03:08.947]    DEBUG: <PixTestParameters.cc/dump:L107>   dumpproblematic: checkbox(0)
[15:03:08.947]    DEBUG: <PixTestParameters.cc/dump:L107>   dumpoutputfile: checkbox(0)
[15:03:08.947]    DEBUG: <PixTestParameters.cc/dump:L107>   ntrig: 50
[15:03:08.947]    DEBUG: <PixTestParameters.cc/dump:L107>   dac: Vcal
[15:03:08.947]    DEBUG: <PixTestParameters.cc/dump:L107>   daclo: 05
[15:03:08.948]    DEBUG: <PixTestParameters.cc/dump:L107>   dachi: 75
[15:03:08.948]    DEBUG: <PixTestParameters.cc/dump:L107>   dacs/step: -1
[15:03:08.948]    DEBUG: <PixTestParameters.cc/dump:L107>   ntrig/step: -1
[15:03:08.948]    DEBUG: <PixTestParameters.cc/dump:L107>   scurves: button
[15:03:08.948]    DEBUG: <PixTestParameters.cc/dump:L104> PixTestParameters: ->Timing<-
[15:03:08.948]    DEBUG: <PixTestParameters.cc/dump:L107>   targetclk: 4
[15:03:08.948]    DEBUG: <PixTestParameters.cc/dump:L107>   ntrig: 10000
[15:03:08.948]    DEBUG: <PixTestParameters.cc/dump:L107>   notokenpass: checkbox(0)
[15:03:08.948]    DEBUG: <PixTestParameters.cc/dump:L107>   ignorereadback: checkbox(0)
[15:03:08.948]    DEBUG: <PixTestParameters.cc/dump:L107>   clocksdascan: button
[15:03:08.948]    DEBUG: <PixTestParameters.cc/dump:L107>   phasescan: button
[15:03:08.948]    DEBUG: <PixTestParameters.cc/dump:L107>   levelscan: button
[15:03:08.948]    DEBUG: <PixTestParameters.cc/dump:L107>   tbmphasescan: button
[15:03:08.948]    DEBUG: <PixTestParameters.cc/dump:L107>   rocdelayscan: button
[15:03:08.948]    DEBUG: <PixTestParameters.cc/dump:L107>   timingtest: button
[15:03:08.948]    DEBUG: <PixTestParameters.cc/dump:L107>   saveparameters: button
[15:03:08.948]    DEBUG: <PixTestParameters.cc/dump:L104> PixTestParameters: ->Trim<-
[15:03:08.948]    DEBUG: <PixTestParameters.cc/dump:L107>   trim: button
[15:03:08.948]    DEBUG: <PixTestParameters.cc/dump:L107>   ntrig: 8
[15:03:08.948]    DEBUG: <PixTestParameters.cc/dump:L107>   vcal: 35
[15:03:08.948]    DEBUG: <PixTestParameters.cc/dump:L107>   trimbits: button
[15:03:08.948]    DEBUG: <PixTestParameters.cc/dump:L104> PixTestParameters: ->Xray<-
[15:03:08.948]    DEBUG: <PixTestParameters.cc/dump:L107>   maskhotpixels: button
[15:03:08.948]    DEBUG: <PixTestParameters.cc/dump:L107>   savemaskfile: checkbox(0)
[15:03:08.948]    DEBUG: <PixTestParameters.cc/dump:L107>   maskfilename: default
[15:03:08.948]    DEBUG: <PixTestParameters.cc/dump:L107>   source: Ag
[15:03:08.948]    DEBUG: <PixTestParameters.cc/dump:L107>   phrun: button
[15:03:08.948]    DEBUG: <PixTestParameters.cc/dump:L107>   runseconds: 240
[15:03:08.948]    DEBUG: <PixTestParameters.cc/dump:L107>   trgfrequency(khz): 100
[15:03:08.948]    DEBUG: <PixTestParameters.cc/dump:L107>   ratescan: button
[15:03:08.948]    DEBUG: <PixTestParameters.cc/dump:L107>   vthrcompmin: 10
[15:03:08.948]    DEBUG: <PixTestParameters.cc/dump:L107>   vthrcompmax: 80
[15:03:08.948]    DEBUG: <PixTestParameters.cc/dump:L107>   stepseconds: 5
[15:03:08.948]    DEBUG: <PixTestParameters.cc/dump:L107>   delaytbm: checkbox
[15:03:08.948]    DEBUG: <PixTestParameters.cc/dump:L107>   filltree: checkbox
[15:03:08.950]    DEBUG: <PixSetup.cc/init:L81> PixSetup init start; getCurrentRSS() = 32739328
[15:03:08.950]    DEBUG: <PixSetup.cc/init:L87> fPixTestParameters = 0x17a5ac0
[15:03:08.950]    DEBUG: <PixSetup.cc/init:L88>  fConfigParameters = 0x1734100
[15:03:08.950]    DEBUG: <PixSetup.cc/init:L89>        fPxarMemory = 0x7f7cb9d94010
[15:03:08.950]    DEBUG: <PixSetup.cc/init:L90>         fPxarMemHi = 0x7f7cbffff510
[15:03:08.950]    DEBUG: <PixSetup.cc/init:L106> PixSetup init done;  getCurrentRSS() = 32747520 fPxarMemory = 0x7f7cb9d94010
[15:03:08.952]    DEBUG: <pXar.cc/main:L223> Initial Analog Current: 377.8mA
[15:03:08.953]    DEBUG: <pXar.cc/main:L224> Initial Digital Current: 741.2mA
[15:03:08.953]    DEBUG: <pXar.cc/main:L225> Initial Module Temperature: 24.6 C
[15:03:09.447]    DEBUG: <PixGui.cc/hvOn:L460> HV set On: 0x1d7c630
[15:03:09.510]    DEBUG: <PixTestFactory.cc/PixTestFactory:L53> PixTestFactory::PixTestFactory()
[15:03:09.510]    DEBUG: <PixTestBBMap.cc/init:L79> PixTestBBMap::init()
[15:03:09.510]    DEBUG: <PixTestBBMap.cc/PixTestBBMap:L27> PixTestBBMap ctor(PixSetup &a, string, TGTab *)
[15:03:09.515]    DEBUG: <PixTestBB2Map.cc/setParameter:L58> setting fTargetIa    = 24 mA/ROC
[15:03:09.516]    DEBUG: <PixTestBB2Map.cc/init:L97> PixTestBB2Map::init()
[15:03:09.516]    DEBUG: <PixTestBB2Map.cc/PixTestBB2Map:L29> PixTestBB2Map ctor(PixSetup &a, string, TGTab *)
[15:03:09.525]    DEBUG: <PixTestBB3Map.cc/init:L81> PixTestBB3Map::init()
[15:03:09.526]    DEBUG: <PixTestBB3Map.cc/PixTestBB3Map:L29> PixTestBB3Map ctor(PixSetup &a, string, TGTab *)
[15:03:09.534]    DEBUG: <PixTestBB4Map.cc/init:L93> PixTestBB4Map::init()
[15:03:09.534]    DEBUG: <PixTestBB4Map.cc/PixTestBB4Map:L26> PixTestMapeff ctor(PixSetup &a, string, TGTab *)
[15:03:09.561]     INFO: PixTestCmd::init()
[15:03:09.566]    DEBUG: <PixTestDaq.cc/init:L44> PixTestDaq::init()
[15:03:09.566]    DEBUG: <PixTestDaq.cc/PixTestDaq:L22> PixTestDaq ctor(PixSetup &a, string, TGTab *)
[15:03:09.566]     INFO: readGainPedestalParameters data/mh113//phCalibrationFitErr35_C0.dat .. data/mh113//phCalibrationFitErr35_C15.dat
[15:03:09.810]    DEBUG: <PixTestDacDacScan.cc/init:L103> PixTestDacDacScan::init()
[15:03:09.810]    DEBUG: <PixTestDacDacScan.cc/PixTestDacDacScan:L22> PixTestDacDacScan ctor(PixSetup &a, string, TGTab *)
[15:03:09.824]    DEBUG: <PixTestGainPedestal.cc/setParameter:L83> PixTestGainPedestal::PixTest() fVcalStep = 10
[15:03:09.831]    DEBUG: <PixTestHighRate.cc/setParameter:L68>   setting fParTriggerFrequency -> 20
[15:03:09.831]    DEBUG: <PixTestHighRate.cc/init:L198> PixTestHighRate::init()
[15:03:09.831]    DEBUG: <PixTestHighRate.cc/PixTestHighRate:L31> PixTestHighRate ctor(PixSetup &a, string, TGTab *)
[15:03:09.859]    DEBUG: <PixTest.cc/setTestParameter:L637>  setting  ntrig to new value 10
[15:03:09.859]    DEBUG: <PixTestPhOptimization.cc/setParameter:L37>   setting fParNtrig  ->10<- from sval = 10
[15:03:09.859]    DEBUG: <PixTestPhOptimization.cc/setParameter:L42>   setting fSafetyMarginLow  ->20<- from sval = 20
[15:03:09.859]    DEBUG: <PixTestPhOptimization.cc/setParameter:L48>   setting fVcalMax  ->100<- from sval = 100
[15:03:09.859]    DEBUG: <PixTestPhOptimization.cc/setParameter:L53>   setting fQuantMax  ->0.98<- from sval = 0.98
[15:03:09.865]    DEBUG: <PixTestAlive.cc/init:L77> PixTestAlive::init()
[15:03:09.865]    DEBUG: <PixTestAlive.cc/PixTestAlive:L21> PixTestAlive ctor(PixSetup &a, string, TGTab *)
[15:03:09.885]    DEBUG: <PixTestReadback.cc/setParameter:L172> fCalwVd set to 1
[15:03:09.885]    DEBUG: <PixTestReadback.cc/init:L95> PixTestReadback::init()
[15:03:09.885]    DEBUG: <PixTestReadback.cc/PixTestReadback:L22> PixTestReadback ctor(PixSetup &a, string, TGTab *)
[15:03:09.885]     INFO: readReadbackCal: data/mh113//readbackCal_C0.dat .. data/mh113//readbackCal_C15.dat
[15:03:09.894]    DEBUG: <PixTestScurves.cc/setParameter:L93> set fOutputFilename = 
[15:03:09.902]    DEBUG: <PixTestTiming.cc/setParameter:L60> PixTestTiming::PixTest() targetclk = 4
[15:03:09.902]    DEBUG: <PixTestTiming.cc/setParameter:L64> PixTestTiming::PixTest() ntrig = 10000
[15:03:09.902]    DEBUG: <PixTestTiming.cc/setParameter:L48> fNoTokenPass: 0
[15:03:09.905]    DEBUG: <PixTestTiming.cc/setParameter:L55> fIgnoreReadBack: 0
[15:03:09.905]    DEBUG: <PixTestTiming.cc/init:L74> PixTestTiming::init()
[15:03:09.924]    DEBUG: <PixTestXray.cc/init:L134> PixTestXray::init()
[15:03:09.924]    DEBUG: <PixTestXray.cc/PixTestXray:L28> PixTestXray ctor(PixSetup &a, string, TGTab *)
[15:03:14.644]     INFO: ######################################################################
[15:03:14.644]     INFO: PixTestScurves::doTest() ntrig = 50
[15:03:14.645]     INFO: ######################################################################
[15:03:14.645]     INFO:    ----------------------------------------------------------------------
[15:03:14.645]     INFO:    PixTestScurves::scurves(Vcal), ntrig = 50, dacs/step = -1, ntrig/step = -1
[15:03:14.645]     INFO:    ----------------------------------------------------------------------
[15:03:14.645]     INFO: ---> dac: Vcal name: scurveVcal ntrig: 50 dacrange: 5 .. 75 (-1/-1) hits flags = 528 (plus default)
[15:03:14.682]     INFO:   dacScan split into 1 runs with ntrig = 50
[15:03:14.682]     INFO:     run 1 of 1
[15:03:14.683]    DEBUG: <PixTest.cc/dacScan:L1587>       attempt #0
[15:03:15.064]     INFO: Expecting 14768000 events.
[15:03:49.810]     INFO: 1009900 events read in total (34028ms).
[15:04:23.824]     INFO: 2019350 events read in total (68042ms).
[15:04:57.975]     INFO: 3029650 events read in total (102193ms).
[15:05:32.167]     INFO: 4039600 events read in total (136385ms).
[15:06:06.371]     INFO: 5050500 events read in total (170589ms).
[15:06:40.564]     INFO: 6061400 events read in total (204782ms).
[15:07:14.752]     INFO: 7071500 events read in total (238970ms).
[15:07:48.860]     INFO: 8082600 events read in total (273078ms).
[15:08:23.117]     INFO: 9093800 events read in total (307335ms).
[15:08:57.306]     INFO: 10104450 events read in total (341524ms).
[15:09:31.492]     INFO: 11114900 events read in total (375710ms).
[15:10:05.626]     INFO: 12126000 events read in total (409844ms).
[15:10:39.793]     INFO: 13137050 events read in total (444011ms).
[15:11:13.982]     INFO: 14146900 events read in total (478200ms).
[15:11:35.203]     INFO: 14768000 events read in total (499421ms).
[15:11:35.260]     INFO: Test took 500577ms.
[15:11:35.353]     INFO: Fetched DAQ statistics. Counters are being reset now.
[15:11:35.732]    DEBUG: <PixTest.cc/scurveAna:L1650> analyzing ROC 0
[15:11:37.550]    DEBUG: <PixTest.cc/scurveAna:L1650> analyzing ROC 1
[15:11:39.366]    DEBUG: <PixTest.cc/scurveAna:L1650> analyzing ROC 2
[15:11:39.368]    DEBUG: <PixTest.cc/scurveAna:L1650> analyzing ROC 3
[15:11:41.167]    DEBUG: <PixTest.cc/scurveAna:L1650> analyzing ROC 4
[15:11:42.978]    DEBUG: <PixTest.cc/scurveAna:L1650> analyzing ROC 5
[15:11:44.794]    DEBUG: <PixTest.cc/scurveAna:L1650> analyzing ROC 6
[15:11:46.606]    DEBUG: <PixTest.cc/scurveAna:L1650> analyzing ROC 7
[15:11:48.460]    DEBUG: <PixTest.cc/scurveAna:L1650> analyzing ROC 8
[15:11:50.256]    DEBUG: <PixTest.cc/scurveAna:L1650> analyzing ROC 9
[15:11:52.063]    DEBUG: <PixTest.cc/scurveAna:L1650> analyzing ROC 10
[15:11:53.858]    DEBUG: <PixTest.cc/scurveAna:L1650> analyzing ROC 11
[15:11:55.649]    DEBUG: <PixTest.cc/scurveAna:L1650> analyzing ROC 12
[15:11:57.457]    DEBUG: <PixTest.cc/scurveAna:L1650> analyzing ROC 13
[15:11:59.240]    DEBUG: <PixTest.cc/scurveAna:L1650> analyzing ROC 14
[15:12:01.036]    DEBUG: <PixTest.cc/scurveAna:L1650> analyzing ROC 15
[15:12:02.873]    DEBUG: <PixTest.cc/scurveMaps:L316> PixTest::scurveMaps end: getCurrentRSS() = 481648640
[15:12:02.962]     INFO: PixTestScurves::scurves() done 
[15:12:02.962]     INFO: Vcal mean:  34.73  34.88   0.00  34.83  35.06  34.83  34.76  34.38  35.02  34.82  34.75  34.84  34.82  34.86  34.86  35.01 
[15:12:02.962]     INFO: Vcal RMS:    0.71   0.99   0.00   0.67   0.65   0.74   0.64   4.93   0.70   0.65   1.25   0.66   1.26   0.89   0.73   0.64 
[15:13:21.954]    DEBUG: <PixTest.cc/moduleMap:L1029> moduleMap histname: what
[15:13:21.954]    DEBUG: <PixTest.cc/moduleMap:L1039> h1->GetName() = thr_scurveVcal_Vcal_C15_V0 -> thr_scurveVcal_Vcal_mod
[15:13:26.978]    DEBUG: <PixTest.cc/moduleMap:L1029> moduleMap histname: what
[15:13:26.978]    DEBUG: <PixTest.cc/moduleMap:L1039> h1->GetName() = sig_scurveVcal_Vcal_C15_V0 -> sig_scurveVcal_Vcal_mod
[15:13:33.466]    DEBUG: <PixTest.cc/moduleMap:L1029> moduleMap histname: what
[15:13:33.466]    DEBUG: <PixTest.cc/moduleMap:L1039> h1->GetName() = thn_scurveVcal_Vcal_C15_V0 -> thn_scurveVcal_Vcal_mod
[15:13:39.346]    DEBUG: <PixGui.cc/handleButtons:L396> PixGui::exit called
[15:13:39.346]    DEBUG: <PixGui.cc/CloseWindow:L335> Final Analog Current: 382.7mA
[15:13:39.347]    DEBUG: <PixGui.cc/CloseWindow:L336> Final Digital Current: 739.6mA
[15:13:39.347]    DEBUG: <PixGui.cc/CloseWindow:L337> Final Module Temperature: 27.0 C
[15:13:39.347]    DEBUG: <PixTestBBMap.cc/~PixTestBBMap:L97> PixTestBBMap dtor
[15:13:39.347]    DEBUG: <PixTestBB2Map.cc/~PixTestBB2Map:L115> PixTestBB2Map dtor
[15:13:39.347]    DEBUG: <PixTestBB3Map.cc/~PixTestBB3Map:L99> PixTestBB3Map dtor
[15:13:39.348]    DEBUG: <PixTestBB4Map.cc/~PixTestBB4Map:L118> PixTestBB4Map dtor
[15:13:39.348]    DEBUG: <PixTestCmd.cc/~PixTestCmd:L78> PixTestCmd dtor
[15:13:39.348]    DEBUG: <PixTestDaq.cc/~PixTestDaq:L37> PixTestDaq dtor
[15:13:39.348]    DEBUG: <PixTestDacDacScan.cc/~PixTestDacDacScan:L136> PixTestDacDacScan dtor
[15:13:39.348]    DEBUG: <PixTestDacScan.cc/~PixTestDacScan:L129> PixTestDacScan dtor
[15:13:39.348]    DEBUG: <PixTestGainPedestal.cc/~PixTestGainPedestal:L125> PixTestGainPedestal dtor
[15:13:39.348]    DEBUG: <PixTestHighRate.cc/~PixTestHighRate:L245> PixTestHighRate dtor
[15:13:39.348]    DEBUG: <PixTestIV.cc/~PixTestIV:L96> PixTestIV dtor
[15:13:39.349]    DEBUG: <PixTestAlive.cc/~PixTestAlive:L109> PixTestAlive dtor
[15:13:39.349]    DEBUG: <PixTestPretest.cc/~PixTestPretest:L136> PixTestPretest dtor
[15:13:39.349]    DEBUG: <PixTestReadback.cc/~PixTestReadback:L89> PixTestReadback dtor, saving tree ... 
[15:13:39.349]    DEBUG: <PixTestScurves.cc/~PixTestScurves:L142> PixTestScurves dtor
[15:13:39.527]    DEBUG: <PixTestTiming.cc/~PixTestTiming:L97> PixTestTiming dtor
[15:13:39.527]    DEBUG: <PixTestTrim.cc/~PixTestTrim:L103> PixTestTrim dtor
[15:13:39.527]    DEBUG: <PixTestXray.cc/~PixTestXray:L217> PixTestXray dtor
[15:13:39.530]    QUIET: Connection to board 58 closed.
[15:13:40.446]    DEBUG: <PixMonitor.cc/dumpSummaries:L39> PixMonitor::dumpSummaries
