[14:47:59.554]     INFO: *** Welcome to pxar ***
[14:47:59.554]     INFO: *** Today: 2015/12/29
[14:47:59.563]     INFO: *** Version: prod-12
[14:47:59.563]     INFO: readRocDacs: data/mh113//dacParameters35_C0.dat .. data/mh113//dacParameters35_C15.dat
[14:47:59.564]     INFO: readTbmDacs: data/mh113//tbmParameters_C0a.dat .. data/mh113//tbmParameters_C0b.dat
[14:47:59.564]     INFO: readMaskFile: data/mh113//defaultMaskFile.dat
[14:47:59.564]     INFO: readTrimFile: data/mh113//trimParameters35_C0.dat .. data/mh113//trimParameters35_C15.dat
[14:47:59.717]     INFO:         clk: 4
[14:47:59.717]     INFO:         ctr: 4
[14:47:59.717]     INFO:         sda: 19
[14:47:59.717]     INFO:         tin: 9
[14:47:59.717]     INFO:         level: 15
[14:47:59.717]     INFO:         triggerdelay: 0
[14:47:59.717]    QUIET: Instanciating API for pxar prod-12
[14:47:59.717]     INFO: Log level: DEBUG
[14:47:59.728]    QUIET: Connection to board DTB_WRPRHI opened.
[14:47:59.732]     INFO: DTB startup information
--- DTB info------------------------------------------
Board id:    58
HW version:  DTB1.2
FW version:  4.2
SW version:  4.5
USB id:      DTB_WRPRHI
MAC address: 40D85511803A
Hostname:    pixelDTB058
Comment:     
------------------------------------------------------
[14:47:59.734]     INFO: RPC call hashes of host and DTB match: 398089610
[14:48:01.336]     INFO: DUT info: 
[14:48:01.336]     INFO: The DUT currently contains the following objects:
[14:48:01.336]     INFO:  2 TBM Cores tbm08c (2 ON)
[14:48:01.336]     INFO: 	TBM Core alpha (0): 7 registers set
[14:48:01.336]     INFO: 	TBM Core beta  (1): 7 registers set
[14:48:01.336]     INFO: 16 ROCs psi46digv21respin (16 ON) with 4160 pixelConfigs
[14:48:01.336]     INFO: 	ROC 0: 19 DACs set, Pixels: 0 masked, 0 active.
[14:48:01.336]     INFO: 	ROC 1: 19 DACs set, Pixels: 0 masked, 0 active.
[14:48:01.336]     INFO: 	ROC 2: 19 DACs set, Pixels: 0 masked, 0 active.
[14:48:01.336]     INFO: 	ROC 3: 19 DACs set, Pixels: 0 masked, 0 active.
[14:48:01.336]     INFO: 	ROC 4: 19 DACs set, Pixels: 0 masked, 0 active.
[14:48:01.336]     INFO: 	ROC 5: 19 DACs set, Pixels: 0 masked, 0 active.
[14:48:01.336]     INFO: 	ROC 6: 19 DACs set, Pixels: 0 masked, 0 active.
[14:48:01.336]     INFO: 	ROC 7: 19 DACs set, Pixels: 0 masked, 0 active.
[14:48:01.336]     INFO: 	ROC 8: 19 DACs set, Pixels: 0 masked, 0 active.
[14:48:01.336]     INFO: 	ROC 9: 19 DACs set, Pixels: 0 masked, 0 active.
[14:48:01.336]     INFO: 	ROC 10: 19 DACs set, Pixels: 0 masked, 0 active.
[14:48:01.336]     INFO: 	ROC 11: 19 DACs set, Pixels: 0 masked, 0 active.
[14:48:01.336]     INFO: 	ROC 12: 19 DACs set, Pixels: 0 masked, 0 active.
[14:48:01.336]     INFO: 	ROC 13: 19 DACs set, Pixels: 0 masked, 0 active.
[14:48:01.336]     INFO: 	ROC 14: 19 DACs set, Pixels: 0 masked, 0 active.
[14:48:01.337]     INFO: 	ROC 15: 19 DACs set, Pixels: 0 masked, 0 active.
[14:48:01.337]    DEBUG: <PixTestParameters.cc/dump:L104> PixTestParameters: ->BB<-
[14:48:01.337]    DEBUG: <PixTestParameters.cc/dump:L107>   dumpall: checkbox(0)
[14:48:01.337]    DEBUG: <PixTestParameters.cc/dump:L107>   dumpproblematic: checkbox(0)
[14:48:01.337]    DEBUG: <PixTestParameters.cc/dump:L107>   ntrig: 5
[14:48:01.337]    DEBUG: <PixTestParameters.cc/dump:L107>   vcals: 250
[14:48:01.337]    DEBUG: <PixTestParameters.cc/dump:L104> PixTestParameters: ->BB2<-
[14:48:01.337]    DEBUG: <PixTestParameters.cc/dump:L107>   ntrig: 10
[14:48:01.337]    DEBUG: <PixTestParameters.cc/dump:L107>   vcals: 222
[14:48:01.337]    DEBUG: <PixTestParameters.cc/dump:L107>   plwidth: 35
[14:48:01.337]    DEBUG: <PixTestParameters.cc/dump:L107>   pix: 11,20
[14:48:01.337]    DEBUG: <PixTestParameters.cc/dump:L107>   targetia: 24
[14:48:01.337]    DEBUG: <PixTestParameters.cc/dump:L104> PixTestParameters: ->BB3<-
[14:48:01.337]    DEBUG: <PixTestParameters.cc/dump:L107>   dumpall: checkbox(0)
[14:48:01.337]    DEBUG: <PixTestParameters.cc/dump:L107>   dumpproblematic: checkbox(0)
[14:48:01.337]    DEBUG: <PixTestParameters.cc/dump:L107>   ntrig: 5
[14:48:01.337]    DEBUG: <PixTestParameters.cc/dump:L107>   vcals: 250
[14:48:01.337]    DEBUG: <PixTestParameters.cc/dump:L104> PixTestParameters: ->BB4<-
[14:48:01.337]    DEBUG: <PixTestParameters.cc/dump:L107>   savecaldelscan: checkbox(0)
[14:48:01.337]    DEBUG: <PixTestParameters.cc/dump:L107>   ntrig: 100
[14:48:01.337]    DEBUG: <PixTestParameters.cc/dump:L107>   cals: 1
[14:48:01.337]    DEBUG: <PixTestParameters.cc/dump:L107>   caldello: 80
[14:48:01.337]    DEBUG: <PixTestParameters.cc/dump:L107>   caldelhi: 200
[14:48:01.337]    DEBUG: <PixTestParameters.cc/dump:L107>   caldelstep: 10
[14:48:01.337]    DEBUG: <PixTestParameters.cc/dump:L107>   vthrcomplo: 70
[14:48:01.337]    DEBUG: <PixTestParameters.cc/dump:L107>   vthrcomphi: 130
[14:48:01.337]    DEBUG: <PixTestParameters.cc/dump:L107>   vthrcompstep: 5
[14:48:01.337]    DEBUG: <PixTestParameters.cc/dump:L107>   noisypixels: 10
[14:48:01.337]    DEBUG: <PixTestParameters.cc/dump:L107>   vcal: 255
[14:48:01.337]    DEBUG: <PixTestParameters.cc/dump:L107>   cut: 0.5
[14:48:01.337]    DEBUG: <PixTestParameters.cc/dump:L104> PixTestParameters: ->Cmd<-
[14:48:01.337]    DEBUG: <PixTestParameters.cc/dump:L104> PixTestParameters: ->DAQ<-
[14:48:01.337]    DEBUG: <PixTestParameters.cc/dump:L107>   delaytbm: checkbox
[14:48:01.337]    DEBUG: <PixTestParameters.cc/dump:L107>   filltree: checkbox
[14:48:01.337]    DEBUG: <PixTestParameters.cc/dump:L107>   trgfrequency(khz): 100
[14:48:01.338]    DEBUG: <PixTestParameters.cc/dump:L107>   maskhotpixels: button
[14:48:01.338]    DEBUG: <PixTestParameters.cc/dump:L107>   trgnumber: 5
[14:48:01.338]    DEBUG: <PixTestParameters.cc/dump:L107>   iterations: 10
[14:48:01.338]    DEBUG: <PixTestParameters.cc/dump:L107>   rundaqtrg: button
[14:48:01.338]    DEBUG: <PixTestParameters.cc/dump:L107>   daqseconds: 5
[14:48:01.338]    DEBUG: <PixTestParameters.cc/dump:L107>   rundaqseconds: button
[14:48:01.338]    DEBUG: <PixTestParameters.cc/dump:L104> PixTestParameters: ->DacDacScan<-
[14:48:01.338]    DEBUG: <PixTestParameters.cc/dump:L107>   phmap: checkbox
[14:48:01.338]    DEBUG: <PixTestParameters.cc/dump:L107>   ntrig: 10
[14:48:01.338]    DEBUG: <PixTestParameters.cc/dump:L107>   dac1: caldel
[14:48:01.338]    DEBUG: <PixTestParameters.cc/dump:L107>   dac1lo: 0
[14:48:01.338]    DEBUG: <PixTestParameters.cc/dump:L107>   dac1hi: 255
[14:48:01.338]    DEBUG: <PixTestParameters.cc/dump:L107>   dac2: vthrcomp
[14:48:01.338]    DEBUG: <PixTestParameters.cc/dump:L107>   dac2lo: 0
[14:48:01.338]    DEBUG: <PixTestParameters.cc/dump:L107>   dac2hi: 255
[14:48:01.338]    DEBUG: <PixTestParameters.cc/dump:L107>   pix: 11,20
[14:48:01.338]    DEBUG: <PixTestParameters.cc/dump:L104> PixTestParameters: ->DacScan<-
[14:48:01.338]    DEBUG: <PixTestParameters.cc/dump:L107>   phmap: checkbox(1)
[14:48:01.338]    DEBUG: <PixTestParameters.cc/dump:L107>   allpixels: checkbox(0)
[14:48:01.338]    DEBUG: <PixTestParameters.cc/dump:L107>   unmasked: checkbox(0)
[14:48:01.338]    DEBUG: <PixTestParameters.cc/dump:L107>   ntrig: 10
[14:48:01.338]    DEBUG: <PixTestParameters.cc/dump:L107>   dac: vcal
[14:48:01.338]    DEBUG: <PixTestParameters.cc/dump:L107>   daclo: 0
[14:48:01.338]    DEBUG: <PixTestParameters.cc/dump:L107>   dachi: 255
[14:48:01.338]    DEBUG: <PixTestParameters.cc/dump:L107>   pix: 11,20
[14:48:01.338]    DEBUG: <PixTestParameters.cc/dump:L104> PixTestParameters: ->GainPedestal<-
[14:48:01.338]    DEBUG: <PixTestParameters.cc/dump:L107>   showfits: checkbox(0)
[14:48:01.338]    DEBUG: <PixTestParameters.cc/dump:L107>   extended: checkbox(0)
[14:48:01.338]    DEBUG: <PixTestParameters.cc/dump:L107>   dumphists: checkbox(0)
[14:48:01.338]    DEBUG: <PixTestParameters.cc/dump:L107>   ntrig: 10
[14:48:01.338]    DEBUG: <PixTestParameters.cc/dump:L107>   vcalstep: 10
[14:48:01.338]    DEBUG: <PixTestParameters.cc/dump:L107>   measure: button
[14:48:01.338]    DEBUG: <PixTestParameters.cc/dump:L107>   fit: button
[14:48:01.338]    DEBUG: <PixTestParameters.cc/dump:L107>   save: button
[14:48:01.338]    DEBUG: <PixTestParameters.cc/dump:L104> PixTestParameters: ->HighRate<-
[14:48:01.338]    DEBUG: <PixTestParameters.cc/dump:L107>   pix: 11,20
[14:48:01.338]    DEBUG: <PixTestParameters.cc/dump:L107>   trimhotpixels: button
[14:48:01.338]    DEBUG: <PixTestParameters.cc/dump:L107>   trimhotpixelthr: 200
[14:48:01.338]    DEBUG: <PixTestParameters.cc/dump:L107>   runsecondshotpixels: 10
[14:48:01.338]    DEBUG: <PixTestParameters.cc/dump:L107>   savetrimbits: checkbox(1)
[14:48:01.338]    DEBUG: <PixTestParameters.cc/dump:L107>   maskuntrimmable: checkbox(1)
[14:48:01.338]    DEBUG: <PixTestParameters.cc/dump:L107>   maskhotpixels: button
[14:48:01.338]    DEBUG: <PixTestParameters.cc/dump:L107>   savemaskfile: checkbox(0)
[14:48:01.338]    DEBUG: <PixTestParameters.cc/dump:L107>   maskfilename: default
[14:48:01.338]    DEBUG: <PixTestParameters.cc/dump:L107>   caldelscan: button
[14:48:01.338]    DEBUG: <PixTestParameters.cc/dump:L107>   xpixelalive: button
[14:48:01.338]    DEBUG: <PixTestParameters.cc/dump:L107>   ntrig: 50
[14:48:01.338]    DEBUG: <PixTestParameters.cc/dump:L107>   vcal: 200
[14:48:01.338]    DEBUG: <PixTestParameters.cc/dump:L107>   xnoisemaps: button
[14:48:01.338]    DEBUG: <PixTestParameters.cc/dump:L107>   daclo: 0
[14:48:01.338]    DEBUG: <PixTestParameters.cc/dump:L107>   dachi: 100
[14:48:01.338]    DEBUG: <PixTestParameters.cc/dump:L107>   dacs/step: 20
[14:48:01.338]    DEBUG: <PixTestParameters.cc/dump:L107>   rundaq: button
[14:48:01.338]    DEBUG: <PixTestParameters.cc/dump:L107>   trgfrequency(khz): 20
[14:48:01.338]    DEBUG: <PixTestParameters.cc/dump:L107>   runseconds: 5
[14:48:01.338]    DEBUG: <PixTestParameters.cc/dump:L107>   triggerdelay: 20
[14:48:01.338]    DEBUG: <PixTestParameters.cc/dump:L107>   delaytbm: checkbox
[14:48:01.338]    DEBUG: <PixTestParameters.cc/dump:L107>   filltree: checkbox
[14:48:01.338]    DEBUG: <PixTestParameters.cc/dump:L104> PixTestParameters: ->IV<-
[14:48:01.338]    DEBUG: <PixTestParameters.cc/dump:L107>   port: /dev/ttyS0
[14:48:01.338]    DEBUG: <PixTestParameters.cc/dump:L107>   voltagestart: 0
[14:48:01.338]    DEBUG: <PixTestParameters.cc/dump:L107>   voltagestop: 600
[14:48:01.338]    DEBUG: <PixTestParameters.cc/dump:L107>   voltagestep: 5
[14:48:01.339]    DEBUG: <PixTestParameters.cc/dump:L107>   delay: 1
[14:48:01.339]    DEBUG: <PixTestParameters.cc/dump:L107>   compliance(ua): 100
[14:48:01.339]    DEBUG: <PixTestParameters.cc/dump:L104> PixTestParameters: ->PhOptimization<-
[14:48:01.339]    DEBUG: <PixTestParameters.cc/dump:L107>   ntrig: 10
[14:48:01.339]    DEBUG: <PixTestParameters.cc/dump:L107>   safetymarginlow: 20
[14:48:01.339]    DEBUG: <PixTestParameters.cc/dump:L107>   saturationvcal: 100
[14:48:01.339]    DEBUG: <PixTestParameters.cc/dump:L107>   quantilesaturation: 0.98
[14:48:01.339]    DEBUG: <PixTestParameters.cc/dump:L104> PixTestParameters: ->PixelAlive<-
[14:48:01.339]    DEBUG: <PixTestParameters.cc/dump:L107>   ntrig: 10
[14:48:01.339]    DEBUG: <PixTestParameters.cc/dump:L107>   vcal: 200
[14:48:01.339]    DEBUG: <PixTestParameters.cc/dump:L107>   alivetest: button
[14:48:01.339]    DEBUG: <PixTestParameters.cc/dump:L107>   masktest: button
[14:48:01.339]    DEBUG: <PixTestParameters.cc/dump:L107>   addressdecodingtest: button
[14:48:01.339]    DEBUG: <PixTestParameters.cc/dump:L104> PixTestParameters: ->Pretest<-
[14:48:01.339]    DEBUG: <PixTestParameters.cc/dump:L107>   programroc: button
[14:48:01.339]    DEBUG: <PixTestParameters.cc/dump:L107>   targetia: 24
[14:48:01.339]    DEBUG: <PixTestParameters.cc/dump:L107>   setvana: button
[14:48:01.339]    DEBUG: <PixTestParameters.cc/dump:L107>   iterations: 100
[14:48:01.339]    DEBUG: <PixTestParameters.cc/dump:L107>   settimings: button
[14:48:01.339]    DEBUG: <PixTestParameters.cc/dump:L107>   findtiming: button
[14:48:01.339]    DEBUG: <PixTestParameters.cc/dump:L107>   findworkingpixel: button
[14:48:01.339]    DEBUG: <PixTestParameters.cc/dump:L107>   setvthrcompcaldel: button
[14:48:01.339]    DEBUG: <PixTestParameters.cc/dump:L107>   pix: 11,20
[14:48:01.339]    DEBUG: <PixTestParameters.cc/dump:L107>   vcal: 250
[14:48:01.339]    DEBUG: <PixTestParameters.cc/dump:L107>   deltavthrcomp: 50
[14:48:01.339]    DEBUG: <PixTestParameters.cc/dump:L107>   fraccaldel: 0.5
[14:48:01.339]    DEBUG: <PixTestParameters.cc/dump:L107>   ntrig: 5
[14:48:01.339]    DEBUG: <PixTestParameters.cc/dump:L107>   savedacs: button
[14:48:01.339]    DEBUG: <PixTestParameters.cc/dump:L104> PixTestParameters: ->Readback<-
[14:48:01.339]    DEBUG: <PixTestParameters.cc/dump:L107>   calibratevd: button
[14:48:01.339]    DEBUG: <PixTestParameters.cc/dump:L107>   calibrateva: button
[14:48:01.339]    DEBUG: <PixTestParameters.cc/dump:L107>   calibrateia: button
[14:48:01.339]    DEBUG: <PixTestParameters.cc/dump:L107>   readbackvbg: button
[14:48:01.339]    DEBUG: <PixTestParameters.cc/dump:L107>   getcalibratedvbg: button
[14:48:01.339]    DEBUG: <PixTestParameters.cc/dump:L107>   usecalvd: checkbox(1)
[14:48:01.339]    DEBUG: <PixTestParameters.cc/dump:L107>   usecalva: checkbox(0)
[14:48:01.339]    DEBUG: <PixTestParameters.cc/dump:L107>   setvana: button
[14:48:01.339]    DEBUG: <PixTestParameters.cc/dump:L104> PixTestParameters: ->Scurves<-
[14:48:01.339]    DEBUG: <PixTestParameters.cc/dump:L107>   adjustvcal: checkbox(0)
[14:48:01.339]    DEBUG: <PixTestParameters.cc/dump:L107>   dumpall: checkbox(0)
[14:48:01.339]    DEBUG: <PixTestParameters.cc/dump:L107>   dumpproblematic: checkbox(0)
[14:48:01.339]    DEBUG: <PixTestParameters.cc/dump:L107>   dumpoutputfile: checkbox(0)
[14:48:01.339]    DEBUG: <PixTestParameters.cc/dump:L107>   ntrig: 50
[14:48:01.339]    DEBUG: <PixTestParameters.cc/dump:L107>   dac: Vcal
[14:48:01.339]    DEBUG: <PixTestParameters.cc/dump:L107>   daclo: 05
[14:48:01.339]    DEBUG: <PixTestParameters.cc/dump:L107>   dachi: 75
[14:48:01.339]    DEBUG: <PixTestParameters.cc/dump:L107>   dacs/step: -1
[14:48:01.339]    DEBUG: <PixTestParameters.cc/dump:L107>   ntrig/step: -1
[14:48:01.339]    DEBUG: <PixTestParameters.cc/dump:L107>   scurves: button
[14:48:01.339]    DEBUG: <PixTestParameters.cc/dump:L104> PixTestParameters: ->Timing<-
[14:48:01.339]    DEBUG: <PixTestParameters.cc/dump:L107>   targetclk: 4
[14:48:01.339]    DEBUG: <PixTestParameters.cc/dump:L107>   ntrig: 10000
[14:48:01.339]    DEBUG: <PixTestParameters.cc/dump:L107>   notokenpass: checkbox(0)
[14:48:01.339]    DEBUG: <PixTestParameters.cc/dump:L107>   ignorereadback: checkbox(0)
[14:48:01.339]    DEBUG: <PixTestParameters.cc/dump:L107>   clocksdascan: button
[14:48:01.339]    DEBUG: <PixTestParameters.cc/dump:L107>   phasescan: button
[14:48:01.339]    DEBUG: <PixTestParameters.cc/dump:L107>   levelscan: button
[14:48:01.339]    DEBUG: <PixTestParameters.cc/dump:L107>   tbmphasescan: button
[14:48:01.339]    DEBUG: <PixTestParameters.cc/dump:L107>   rocdelayscan: button
[14:48:01.339]    DEBUG: <PixTestParameters.cc/dump:L107>   timingtest: button
[14:48:01.339]    DEBUG: <PixTestParameters.cc/dump:L107>   saveparameters: button
[14:48:01.339]    DEBUG: <PixTestParameters.cc/dump:L104> PixTestParameters: ->Trim<-
[14:48:01.339]    DEBUG: <PixTestParameters.cc/dump:L107>   trim: button
[14:48:01.339]    DEBUG: <PixTestParameters.cc/dump:L107>   ntrig: 8
[14:48:01.339]    DEBUG: <PixTestParameters.cc/dump:L107>   vcal: 35
[14:48:01.339]    DEBUG: <PixTestParameters.cc/dump:L107>   trimbits: button
[14:48:01.339]    DEBUG: <PixTestParameters.cc/dump:L104> PixTestParameters: ->Xray<-
[14:48:01.339]    DEBUG: <PixTestParameters.cc/dump:L107>   maskhotpixels: button
[14:48:01.339]    DEBUG: <PixTestParameters.cc/dump:L107>   savemaskfile: checkbox(0)
[14:48:01.339]    DEBUG: <PixTestParameters.cc/dump:L107>   maskfilename: default
[14:48:01.339]    DEBUG: <PixTestParameters.cc/dump:L107>   source: Ag
[14:48:01.339]    DEBUG: <PixTestParameters.cc/dump:L107>   phrun: button
[14:48:01.339]    DEBUG: <PixTestParameters.cc/dump:L107>   runseconds: 240
[14:48:01.339]    DEBUG: <PixTestParameters.cc/dump:L107>   trgfrequency(khz): 100
[14:48:01.339]    DEBUG: <PixTestParameters.cc/dump:L107>   ratescan: button
[14:48:01.339]    DEBUG: <PixTestParameters.cc/dump:L107>   vthrcompmin: 10
[14:48:01.340]    DEBUG: <PixTestParameters.cc/dump:L107>   vthrcompmax: 80
[14:48:01.340]    DEBUG: <PixTestParameters.cc/dump:L107>   stepseconds: 5
[14:48:01.340]    DEBUG: <PixTestParameters.cc/dump:L107>   delaytbm: checkbox
[14:48:01.340]    DEBUG: <PixTestParameters.cc/dump:L107>   filltree: checkbox
[14:48:01.342]    DEBUG: <PixSetup.cc/init:L81> PixSetup init start; getCurrentRSS() = 33595392
[14:48:01.342]    DEBUG: <PixSetup.cc/init:L87> fPixTestParameters = 0x2495a00
[14:48:01.342]    DEBUG: <PixSetup.cc/init:L88>  fConfigParameters = 0x2424100
[14:48:01.342]    DEBUG: <PixSetup.cc/init:L89>        fPxarMemory = 0x7f9179d94010
[14:48:01.342]    DEBUG: <PixSetup.cc/init:L90>         fPxarMemHi = 0x7f917ffff510
[14:48:01.342]    DEBUG: <PixSetup.cc/init:L106> PixSetup init done;  getCurrentRSS() = 33603584 fPxarMemory = 0x7f9179d94010
[14:48:01.343]    DEBUG: <pXar.cc/main:L223> Initial Analog Current: 377.8mA
[14:48:01.344]    DEBUG: <pXar.cc/main:L224> Initial Digital Current: 739.6mA
[14:48:01.344]    DEBUG: <pXar.cc/main:L225> Initial Module Temperature: 25.4 C
[14:48:01.843]    DEBUG: <PixGui.cc/hvOn:L460> HV set On: 0x2a6c7b0
[14:48:01.904]    DEBUG: <PixTestFactory.cc/PixTestFactory:L53> PixTestFactory::PixTestFactory()
[14:48:01.904]    DEBUG: <PixTestBBMap.cc/init:L79> PixTestBBMap::init()
[14:48:01.904]    DEBUG: <PixTestBBMap.cc/PixTestBBMap:L27> PixTestBBMap ctor(PixSetup &a, string, TGTab *)
[14:48:01.910]    DEBUG: <PixTestBB2Map.cc/setParameter:L58> setting fTargetIa    = 24 mA/ROC
[14:48:01.910]    DEBUG: <PixTestBB2Map.cc/init:L97> PixTestBB2Map::init()
[14:48:01.910]    DEBUG: <PixTestBB2Map.cc/PixTestBB2Map:L29> PixTestBB2Map ctor(PixSetup &a, string, TGTab *)
[14:48:01.922]    DEBUG: <PixTestBB3Map.cc/init:L81> PixTestBB3Map::init()
[14:48:01.922]    DEBUG: <PixTestBB3Map.cc/PixTestBB3Map:L29> PixTestBB3Map ctor(PixSetup &a, string, TGTab *)
[14:48:01.931]    DEBUG: <PixTestBB4Map.cc/init:L93> PixTestBB4Map::init()
[14:48:01.931]    DEBUG: <PixTestBB4Map.cc/PixTestBB4Map:L26> PixTestMapeff ctor(PixSetup &a, string, TGTab *)
[14:48:01.953]     INFO: PixTestCmd::init()
[14:48:01.961]    DEBUG: <PixTestDaq.cc/init:L44> PixTestDaq::init()
[14:48:01.961]    DEBUG: <PixTestDaq.cc/PixTestDaq:L22> PixTestDaq ctor(PixSetup &a, string, TGTab *)
[14:48:01.961]     INFO: readGainPedestalParameters data/mh113//phCalibrationFitErr35_C0.dat .. data/mh113//phCalibrationFitErr35_C15.dat
[14:48:02.202]    DEBUG: <PixTestDacDacScan.cc/init:L103> PixTestDacDacScan::init()
[14:48:02.202]    DEBUG: <PixTestDacDacScan.cc/PixTestDacDacScan:L22> PixTestDacDacScan ctor(PixSetup &a, string, TGTab *)
[14:48:02.218]    DEBUG: <PixTestGainPedestal.cc/setParameter:L83> PixTestGainPedestal::PixTest() fVcalStep = 10
[14:48:02.223]    DEBUG: <PixTestHighRate.cc/setParameter:L68>   setting fParTriggerFrequency -> 20
[14:48:02.223]    DEBUG: <PixTestHighRate.cc/init:L198> PixTestHighRate::init()
[14:48:02.223]    DEBUG: <PixTestHighRate.cc/PixTestHighRate:L31> PixTestHighRate ctor(PixSetup &a, string, TGTab *)
[14:48:02.245]    DEBUG: <PixTest.cc/setTestParameter:L637>  setting  ntrig to new value 10
[14:48:02.245]    DEBUG: <PixTestPhOptimization.cc/setParameter:L37>   setting fParNtrig  ->10<- from sval = 10
[14:48:02.245]    DEBUG: <PixTestPhOptimization.cc/setParameter:L42>   setting fSafetyMarginLow  ->20<- from sval = 20
[14:48:02.245]    DEBUG: <PixTestPhOptimization.cc/setParameter:L48>   setting fVcalMax  ->100<- from sval = 100
[14:48:02.245]    DEBUG: <PixTestPhOptimization.cc/setParameter:L53>   setting fQuantMax  ->0.98<- from sval = 0.98
[14:48:02.252]    DEBUG: <PixTestAlive.cc/init:L77> PixTestAlive::init()
[14:48:02.252]    DEBUG: <PixTestAlive.cc/PixTestAlive:L21> PixTestAlive ctor(PixSetup &a, string, TGTab *)
[14:48:02.266]    DEBUG: <PixTestReadback.cc/setParameter:L172> fCalwVd set to 1
[14:48:02.266]    DEBUG: <PixTestReadback.cc/init:L95> PixTestReadback::init()
[14:48:02.269]    DEBUG: <PixTestReadback.cc/PixTestReadback:L22> PixTestReadback ctor(PixSetup &a, string, TGTab *)
[14:48:02.269]     INFO: readReadbackCal: data/mh113//readbackCal_C0.dat .. data/mh113//readbackCal_C15.dat
[14:48:02.282]    DEBUG: <PixTestScurves.cc/setParameter:L93> set fOutputFilename = 
[14:48:02.289]    DEBUG: <PixTestTiming.cc/setParameter:L60> PixTestTiming::PixTest() targetclk = 4
[14:48:02.289]    DEBUG: <PixTestTiming.cc/setParameter:L64> PixTestTiming::PixTest() ntrig = 10000
[14:48:02.289]    DEBUG: <PixTestTiming.cc/setParameter:L48> fNoTokenPass: 0
[14:48:02.289]    DEBUG: <PixTestTiming.cc/setParameter:L55> fIgnoreReadBack: 0
[14:48:02.289]    DEBUG: <PixTestTiming.cc/init:L74> PixTestTiming::init()
[14:48:02.306]    DEBUG: <PixTestXray.cc/init:L134> PixTestXray::init()
[14:48:02.306]    DEBUG: <PixTestXray.cc/PixTestXray:L28> PixTestXray ctor(PixSetup &a, string, TGTab *)
[14:48:07.713]    DEBUG: <PixTab.cc/buttonClicked:L308> xxxPressed():  caldelscan
[14:48:07.713]    DEBUG: <PixTestHighRate.cc/runCommand:L157> running command: caldelscan
[14:48:07.713]     INFO:    ----------------------------------------------------------------------
[14:48:07.713]     INFO:    PixTestHighRate::calDelScan() ntrig = 10, vcal = 200
[14:48:07.713]     INFO:    ----------------------------------------------------------------------
[14:48:07.854]     INFO: Expecting 768 events.
[14:48:08.991]     INFO: 768 events read in total (420ms).
[14:48:09.180]     INFO: Test took 1461ms.
[14:48:09.186]    DEBUG: <PixTest.cc/efficiencyMaps:L396>       attempt #0
[14:48:09.855]     INFO: Expecting 41600 events.
[14:48:13.284]     INFO: 41600 events read in total (2903ms).
[14:48:13.288]     INFO: Test took 4102ms.
[14:48:13.390]     INFO: Fetched DAQ statistics. Counters are being reset now.
[14:48:13.390]    DEBUG: <PixTest.cc/efficiencyMaps:L407>  eff result size = 585275
[14:48:13.390]    DEBUG: <PixTest.cc/efficiencyMaps:L412> Create hists HR_xeff_CalDelScan_step0_C0 .. HR_xeff_CalDelScan_step0_C15
[14:48:13.390]    DEBUG: <PixTest.cc/efficiencyMaps:L426> booking xray maps for unmasked detector
[14:48:13.438]    DEBUG: <PixTest.cc/efficiencyMaps:L396>       attempt #0
[14:48:14.104]     INFO: Expecting 41600 events.
[14:48:17.690]     INFO: 41600 events read in total (3059ms).
[14:48:17.696]     INFO: Test took 4258ms.
[14:48:17.797]     INFO: Fetched DAQ statistics. Counters are being reset now.
[14:48:17.797]    DEBUG: <PixTest.cc/efficiencyMaps:L407>  eff result size = 597957
[14:48:17.797]    DEBUG: <PixTest.cc/efficiencyMaps:L412> Create hists HR_xeff_CalDelScan_step1_C0 .. HR_xeff_CalDelScan_step1_C15
[14:48:17.797]    DEBUG: <PixTest.cc/efficiencyMaps:L426> booking xray maps for unmasked detector
[14:48:17.844]    DEBUG: <PixTest.cc/efficiencyMaps:L396>       attempt #0
[14:48:18.509]     INFO: Expecting 41600 events.
[14:48:22.109]     INFO: 41600 events read in total (3074ms).
[14:48:22.115]     INFO: Test took 4270ms.
[14:48:22.218]     INFO: Fetched DAQ statistics. Counters are being reset now.
[14:48:22.218]    DEBUG: <PixTest.cc/efficiencyMaps:L407>  eff result size = 597136
[14:48:22.218]    DEBUG: <PixTest.cc/efficiencyMaps:L412> Create hists HR_xeff_CalDelScan_step2_C0 .. HR_xeff_CalDelScan_step2_C15
[14:48:22.218]    DEBUG: <PixTest.cc/efficiencyMaps:L426> booking xray maps for unmasked detector
[14:48:22.265]    DEBUG: <PixTest.cc/efficiencyMaps:L396>       attempt #0
[14:48:22.930]     INFO: Expecting 41600 events.
[14:48:26.537]     INFO: 41600 events read in total (3081ms).
[14:48:26.543]     INFO: Test took 4278ms.
[14:48:26.648]     INFO: Fetched DAQ statistics. Counters are being reset now.
[14:48:26.648]    DEBUG: <PixTest.cc/efficiencyMaps:L407>  eff result size = 597648
[14:48:26.648]    DEBUG: <PixTest.cc/efficiencyMaps:L412> Create hists HR_xeff_CalDelScan_step3_C0 .. HR_xeff_CalDelScan_step3_C15
[14:48:26.649]    DEBUG: <PixTest.cc/efficiencyMaps:L426> booking xray maps for unmasked detector
[14:48:26.697]    DEBUG: <PixTest.cc/efficiencyMaps:L396>       attempt #0
[14:48:27.364]     INFO: Expecting 41600 events.
[14:48:30.975]     INFO: 41600 events read in total (3084ms).
[14:48:30.981]     INFO: Test took 4284ms.
[14:48:31.084]     INFO: Fetched DAQ statistics. Counters are being reset now.
[14:48:31.084]    DEBUG: <PixTest.cc/efficiencyMaps:L407>  eff result size = 596790
[14:48:31.084]    DEBUG: <PixTest.cc/efficiencyMaps:L412> Create hists HR_xeff_CalDelScan_step4_C0 .. HR_xeff_CalDelScan_step4_C15
[14:48:31.084]    DEBUG: <PixTest.cc/efficiencyMaps:L426> booking xray maps for unmasked detector
[14:48:31.131]    DEBUG: <PixTest.cc/efficiencyMaps:L396>       attempt #0
[14:48:31.796]     INFO: Expecting 41600 events.
[14:48:35.421]     INFO: 41600 events read in total (3098ms).
[14:48:35.427]     INFO: Test took 4296ms.
[14:48:35.529]     INFO: Fetched DAQ statistics. Counters are being reset now.
[14:48:35.529]    DEBUG: <PixTest.cc/efficiencyMaps:L407>  eff result size = 597208
[14:48:35.529]    DEBUG: <PixTest.cc/efficiencyMaps:L412> Create hists HR_xeff_CalDelScan_step5_C0 .. HR_xeff_CalDelScan_step5_C15
[14:48:35.530]    DEBUG: <PixTest.cc/efficiencyMaps:L426> booking xray maps for unmasked detector
[14:48:35.576]    DEBUG: <PixTest.cc/efficiencyMaps:L396>       attempt #0
[14:48:36.241]     INFO: Expecting 41600 events.
[14:48:39.843]     INFO: 41600 events read in total (3075ms).
[14:48:39.847]     INFO: Test took 4270ms.
[14:48:39.948]     INFO: Fetched DAQ statistics. Counters are being reset now.
[14:48:39.948]    DEBUG: <PixTest.cc/efficiencyMaps:L407>  eff result size = 596505
[14:48:39.948]    DEBUG: <PixTest.cc/efficiencyMaps:L412> Create hists HR_xeff_CalDelScan_step6_C0 .. HR_xeff_CalDelScan_step6_C15
[14:48:39.949]    DEBUG: <PixTest.cc/efficiencyMaps:L426> booking xray maps for unmasked detector
[14:48:39.995]    DEBUG: <PixTest.cc/efficiencyMaps:L396>       attempt #0
[14:48:40.660]     INFO: Expecting 41600 events.
[14:48:44.255]     INFO: 41600 events read in total (3068ms).
[14:48:44.259]     INFO: Test took 4263ms.
[14:48:44.360]     INFO: Fetched DAQ statistics. Counters are being reset now.
[14:48:44.360]    DEBUG: <PixTest.cc/efficiencyMaps:L407>  eff result size = 598193
[14:48:44.360]    DEBUG: <PixTest.cc/efficiencyMaps:L412> Create hists HR_xeff_CalDelScan_step7_C0 .. HR_xeff_CalDelScan_step7_C15
[14:48:44.360]    DEBUG: <PixTest.cc/efficiencyMaps:L426> booking xray maps for unmasked detector
[14:48:44.408]    DEBUG: <PixTest.cc/efficiencyMaps:L396>       attempt #0
[14:48:45.072]     INFO: Expecting 41600 events.
[14:48:48.688]     INFO: 41600 events read in total (3089ms).
[14:48:48.692]     INFO: Test took 4284ms.
[14:48:48.793]     INFO: Fetched DAQ statistics. Counters are being reset now.
[14:48:48.793]    DEBUG: <PixTest.cc/efficiencyMaps:L407>  eff result size = 598096
[14:48:48.793]    DEBUG: <PixTest.cc/efficiencyMaps:L412> Create hists HR_xeff_CalDelScan_step8_C0 .. HR_xeff_CalDelScan_step8_C15
[14:48:48.793]    DEBUG: <PixTest.cc/efficiencyMaps:L426> booking xray maps for unmasked detector
[14:48:48.841]    DEBUG: <PixTest.cc/efficiencyMaps:L396>       attempt #0
[14:48:49.506]     INFO: Expecting 41600 events.
[14:48:53.128]     INFO: 41600 events read in total (3096ms).
[14:48:53.133]     INFO: Test took 4292ms.
[14:48:53.235]     INFO: Fetched DAQ statistics. Counters are being reset now.
[14:48:53.235]    DEBUG: <PixTest.cc/efficiencyMaps:L407>  eff result size = 599255
[14:48:53.235]    DEBUG: <PixTest.cc/efficiencyMaps:L412> Create hists HR_xeff_CalDelScan_step9_C0 .. HR_xeff_CalDelScan_step9_C15
[14:48:53.235]    DEBUG: <PixTest.cc/efficiencyMaps:L426> booking xray maps for unmasked detector
[14:48:53.284]    DEBUG: <PixTest.cc/efficiencyMaps:L396>       attempt #0
[14:48:53.951]     INFO: Expecting 41600 events.
[14:48:57.585]     INFO: 41600 events read in total (3107ms).
[14:48:57.589]     INFO: Test took 4305ms.
[14:48:57.691]     INFO: Fetched DAQ statistics. Counters are being reset now.
[14:48:57.691]    DEBUG: <PixTest.cc/efficiencyMaps:L407>  eff result size = 598144
[14:48:57.691]    DEBUG: <PixTest.cc/efficiencyMaps:L412> Create hists HR_xeff_CalDelScan_step10_C0 .. HR_xeff_CalDelScan_step10_C15
[14:48:57.691]    DEBUG: <PixTest.cc/efficiencyMaps:L426> booking xray maps for unmasked detector
[14:48:57.739]    DEBUG: <PixTest.cc/efficiencyMaps:L396>       attempt #0
[14:48:58.404]     INFO: Expecting 41600 events.
[14:49:02.037]     INFO: 41600 events read in total (3107ms).
[14:49:02.041]     INFO: Test took 4302ms.
[14:49:02.142]     INFO: Fetched DAQ statistics. Counters are being reset now.
[14:49:02.142]    DEBUG: <PixTest.cc/efficiencyMaps:L407>  eff result size = 598553
[14:49:02.142]    DEBUG: <PixTest.cc/efficiencyMaps:L412> Create hists HR_xeff_CalDelScan_step11_C0 .. HR_xeff_CalDelScan_step11_C15
[14:49:02.143]    DEBUG: <PixTest.cc/efficiencyMaps:L426> booking xray maps for unmasked detector
[14:49:02.190]    DEBUG: <PixTest.cc/efficiencyMaps:L396>       attempt #0
[14:49:02.855]     INFO: Expecting 41600 events.
[14:49:06.487]     INFO: 41600 events read in total (3105ms).
[14:49:06.491]     INFO: Test took 4301ms.
[14:49:06.595]     INFO: Fetched DAQ statistics. Counters are being reset now.
[14:49:06.595]    DEBUG: <PixTest.cc/efficiencyMaps:L407>  eff result size = 598733
[14:49:06.595]    DEBUG: <PixTest.cc/efficiencyMaps:L412> Create hists HR_xeff_CalDelScan_step12_C0 .. HR_xeff_CalDelScan_step12_C15
[14:49:06.596]    DEBUG: <PixTest.cc/efficiencyMaps:L426> booking xray maps for unmasked detector
[14:49:06.645]    DEBUG: <PixTest.cc/efficiencyMaps:L396>       attempt #0
[14:49:07.312]     INFO: Expecting 41600 events.
[14:49:10.943]     INFO: 41600 events read in total (3105ms).
[14:49:10.947]     INFO: Test took 4302ms.
[14:49:11.048]     INFO: Fetched DAQ statistics. Counters are being reset now.
[14:49:11.048]    DEBUG: <PixTest.cc/efficiencyMaps:L407>  eff result size = 596770
[14:49:11.048]    DEBUG: <PixTest.cc/efficiencyMaps:L412> Create hists HR_xeff_CalDelScan_step13_C0 .. HR_xeff_CalDelScan_step13_C15
[14:49:11.048]    DEBUG: <PixTest.cc/efficiencyMaps:L426> booking xray maps for unmasked detector
[14:49:11.095]    DEBUG: <PixTest.cc/efficiencyMaps:L396>       attempt #0
[14:49:11.760]     INFO: Expecting 41600 events.
[14:49:15.390]     INFO: 41600 events read in total (3103ms).
[14:49:15.394]     INFO: Test took 4299ms.
[14:49:15.497]     INFO: Fetched DAQ statistics. Counters are being reset now.
[14:49:15.497]    DEBUG: <PixTest.cc/efficiencyMaps:L407>  eff result size = 597227
[14:49:15.497]    DEBUG: <PixTest.cc/efficiencyMaps:L412> Create hists HR_xeff_CalDelScan_step14_C0 .. HR_xeff_CalDelScan_step14_C15
[14:49:15.498]    DEBUG: <PixTest.cc/efficiencyMaps:L426> booking xray maps for unmasked detector
[14:49:15.547]    DEBUG: <PixTest.cc/efficiencyMaps:L396>       attempt #0
[14:49:16.214]     INFO: Expecting 41600 events.
[14:49:19.839]     INFO: 41600 events read in total (3098ms).
[14:49:19.843]     INFO: Test took 4296ms.
[14:49:19.943]     INFO: Fetched DAQ statistics. Counters are being reset now.
[14:49:19.943]    DEBUG: <PixTest.cc/efficiencyMaps:L407>  eff result size = 597422
[14:49:19.943]    DEBUG: <PixTest.cc/efficiencyMaps:L412> Create hists HR_xeff_CalDelScan_step15_C0 .. HR_xeff_CalDelScan_step15_C15
[14:49:19.944]    DEBUG: <PixTest.cc/efficiencyMaps:L426> booking xray maps for unmasked detector
[14:49:19.991]    DEBUG: <PixTest.cc/efficiencyMaps:L396>       attempt #0
[14:49:20.656]     INFO: Expecting 41600 events.
[14:49:24.287]     INFO: 41600 events read in total (3104ms).
[14:49:24.291]     INFO: Test took 4300ms.
[14:49:24.392]     INFO: Fetched DAQ statistics. Counters are being reset now.
[14:49:24.392]    DEBUG: <PixTest.cc/efficiencyMaps:L407>  eff result size = 598179
[14:49:24.392]    DEBUG: <PixTest.cc/efficiencyMaps:L412> Create hists HR_xeff_CalDelScan_step16_C0 .. HR_xeff_CalDelScan_step16_C15
[14:49:24.392]    DEBUG: <PixTest.cc/efficiencyMaps:L426> booking xray maps for unmasked detector
[14:49:24.439]    DEBUG: <PixTest.cc/efficiencyMaps:L396>       attempt #0
[14:49:25.104]     INFO: Expecting 41600 events.
[14:49:28.727]     INFO: 41600 events read in total (3096ms).
[14:49:28.731]     INFO: Test took 4292ms.
[14:49:28.833]     INFO: Fetched DAQ statistics. Counters are being reset now.
[14:49:28.833]    DEBUG: <PixTest.cc/efficiencyMaps:L407>  eff result size = 599183
[14:49:28.833]    DEBUG: <PixTest.cc/efficiencyMaps:L412> Create hists HR_xeff_CalDelScan_step17_C0 .. HR_xeff_CalDelScan_step17_C15
[14:49:28.834]    DEBUG: <PixTest.cc/efficiencyMaps:L426> booking xray maps for unmasked detector
[14:49:28.884]    DEBUG: <PixTest.cc/efficiencyMaps:L396>       attempt #0
[14:49:29.551]     INFO: Expecting 41600 events.
[14:49:33.159]     INFO: 41600 events read in total (3082ms).
[14:49:33.164]     INFO: Test took 4280ms.
[14:49:33.269]     INFO: Fetched DAQ statistics. Counters are being reset now.
[14:49:33.269]    DEBUG: <PixTest.cc/efficiencyMaps:L407>  eff result size = 596727
[14:49:33.269]    DEBUG: <PixTest.cc/efficiencyMaps:L412> Create hists HR_xeff_CalDelScan_step18_C0 .. HR_xeff_CalDelScan_step18_C15
[14:49:33.270]    DEBUG: <PixTest.cc/efficiencyMaps:L426> booking xray maps for unmasked detector
[14:49:33.319]    DEBUG: <PixTest.cc/efficiencyMaps:L396>       attempt #0
[14:49:33.986]     INFO: Expecting 41600 events.
[14:49:37.469]     INFO: 41600 events read in total (2957ms).
[14:49:37.473]     INFO: Test took 4154ms.
[14:49:37.573]     INFO: Fetched DAQ statistics. Counters are being reset now.
[14:49:37.573]    DEBUG: <PixTest.cc/efficiencyMaps:L407>  eff result size = 592238
[14:49:37.573]    DEBUG: <PixTest.cc/efficiencyMaps:L412> Create hists HR_xeff_CalDelScan_step19_C0 .. HR_xeff_CalDelScan_step19_C15
[14:49:37.573]    DEBUG: <PixTest.cc/efficiencyMaps:L426> booking xray maps for unmasked detector
[14:49:37.843]    DEBUG: <PixTestHighRate.cc/doCalDelScan:L422> roc  0: caldel = 183 eff = 0.999255
[14:49:37.844]    DEBUG: <PixTestHighRate.cc/doCalDelScan:L422> roc  1: caldel = 174 eff = 0.99899
[14:49:37.844]    DEBUG: <PixTestHighRate.cc/doCalDelScan:L422> roc  2: caldel = 255 eff = 0
[14:49:37.844]    DEBUG: <PixTestHighRate.cc/doCalDelScan:L422> roc  3: caldel = 166 eff = 0.998053
[14:49:37.844]    DEBUG: <PixTestHighRate.cc/doCalDelScan:L422> roc  4: caldel = 175 eff = 0.998486
[14:49:37.845]    DEBUG: <PixTestHighRate.cc/doCalDelScan:L422> roc  5: caldel = 159 eff = 0.998173
[14:49:37.845]    DEBUG: <PixTestHighRate.cc/doCalDelScan:L422> roc  6: caldel = 169 eff = 0.998221
[14:49:37.845]    DEBUG: <PixTestHighRate.cc/doCalDelScan:L422> roc  7: caldel = 146 eff = 0.998798
[14:49:37.845]    DEBUG: <PixTestHighRate.cc/doCalDelScan:L422> roc  8: caldel = 168 eff = 0.998942
[14:49:37.846]    DEBUG: <PixTestHighRate.cc/doCalDelScan:L422> roc  9: caldel = 168 eff = 0.998125
[14:49:37.846]    DEBUG: <PixTestHighRate.cc/doCalDelScan:L422> roc 10: caldel = 158 eff = 0.997716
[14:49:37.846]    DEBUG: <PixTestHighRate.cc/doCalDelScan:L422> roc 11: caldel = 176 eff = 0.998245
[14:49:37.846]    DEBUG: <PixTestHighRate.cc/doCalDelScan:L422> roc 12: caldel = 164 eff = 0.997019
[14:49:37.846]    DEBUG: <PixTestHighRate.cc/doCalDelScan:L422> roc 13: caldel = 162 eff = 0.998702
[14:49:37.847]    DEBUG: <PixTestHighRate.cc/doCalDelScan:L422> roc 14: caldel = 148 eff = 0.999663
[14:49:37.847]    DEBUG: <PixTestHighRate.cc/doCalDelScan:L422> roc 15: caldel = 164 eff = 0.999495
[14:50:52.553]    DEBUG: <PixTab.cc/buttonClicked:L308> xxxPressed():  xpixelalive
[14:50:52.553]    DEBUG: <PixTestHighRate.cc/runCommand:L157> running command: xpixelalive
[14:50:52.553]     INFO:    ----------------------------------------------------------------------
[14:50:52.553]     INFO:    PixTestHighRate::xPixelAlive() ntrig = 50, vcal = 200
[14:50:52.553]     INFO:    ----------------------------------------------------------------------
[14:50:52.554]    DEBUG: <PixTestHighRate.cc/doXPixelAlive:L451>  old set: clk: 4
[14:50:52.554]    DEBUG: <PixTestHighRate.cc/doXPixelAlive:L451>  old set: ctr: 4
[14:50:52.554]    DEBUG: <PixTestHighRate.cc/doXPixelAlive:L451>  old set: sda: 19
[14:50:52.554]    DEBUG: <PixTestHighRate.cc/doXPixelAlive:L451>  old set: tin: 9
[14:50:52.554]    DEBUG: <PixTestHighRate.cc/doXPixelAlive:L451>  old set: level: 15
[14:50:52.554]    DEBUG: <PixTestHighRate.cc/doXPixelAlive:L451>  old set: triggerdelay: 0
[14:50:52.554]    DEBUG: <PixTestHighRate.cc/doXPixelAlive:L467>  setting: clk: 4
[14:50:52.554]    DEBUG: <PixTestHighRate.cc/doXPixelAlive:L467>  setting: ctr: 4
[14:50:52.554]    DEBUG: <PixTestHighRate.cc/doXPixelAlive:L467>  setting: sda: 19
[14:50:52.554]    DEBUG: <PixTestHighRate.cc/doXPixelAlive:L467>  setting: tin: 9
[14:50:52.554]    DEBUG: <PixTestHighRate.cc/doXPixelAlive:L467>  setting: level: 15
[14:50:52.554]    DEBUG: <PixTestHighRate.cc/doXPixelAlive:L467>  setting: triggerdelay: 20
[14:50:52.599]    DEBUG: <PixTest.cc/efficiencyMaps:L396>       attempt #0
[14:50:53.266]     INFO: Expecting 208000 events.
[14:51:07.503]     INFO: 208000 events read in total (13710ms).
[14:51:07.517]     INFO: Test took 14918ms.
[14:51:07.987]     INFO: Fetched DAQ statistics. Counters are being reset now.
[14:51:07.987]    DEBUG: <PixTest.cc/efficiencyMaps:L407>  eff result size = 2711137
[14:51:07.987]    DEBUG: <PixTest.cc/efficiencyMaps:L412> Create hists highRate_C0 .. highRate_C15
[14:51:07.988]    DEBUG: <PixTest.cc/efficiencyMaps:L426> booking xray maps for unmasked detector
[14:51:08.399]     INFO: number of dead pixels (per ROC):     0    2 4160    0    0    0    0    0    0    0    1    0    4    1    0    0
[14:51:08.399]     INFO: number of red-efficiency pixels:   210  136 4160  373  395  406  447  323  245  432  392  406  428  256  108  143
[14:51:08.399]     INFO: number of X-ray hits detected:    134422 87508    0 218344 227958 226375 224531 144275 148145 234184 233776 214783 219019 144422 84543 106460
[14:51:08.399]     INFO: number of triggers sent (total per ROC):  208000 208000 208000 208000 208000 208000 208000 208000 208000 208000 208000 208000 208000 208000 208000 208000
[14:51:08.399]     INFO: number of Vcal hits detected:  207788 207763    0 207601 207570 207571 207527 207655 207738 207530 207498 207567 207351 207686 207885 207856
[14:51:08.399]     INFO: Vcal hit fiducial efficiency (%):  99.9 99.9 -nan 99.8 99.8 99.8 99.8 99.8 99.9 99.8 99.8 99.8 99.8 99.9 99.9 99.9
[14:51:08.399]     INFO: Vcal hit overall efficiency (%):  99.9 99.9 0.0 99.8 99.8 99.8 99.8 99.8 99.9 99.8 99.8 99.8 99.7 99.8 99.9 99.9
[14:51:08.399]     INFO: X-ray hit rate [MHz/cm2]:  39.4 25.6 0.0 64.0 66.8 66.4 65.8 42.3 43.4 68.6 68.5 63.0 64.2 42.3 24.8 31.2
[14:51:08.399]     INFO: PixTestHighRate::doXPixelAlive() done
[14:51:08.445]    DEBUG: <PixTestHighRate.cc/doXPixelAlive:L586>  resetting: clk: 4
[14:51:08.445]    DEBUG: <PixTestHighRate.cc/doXPixelAlive:L586>  resetting: ctr: 4
[14:51:08.445]    DEBUG: <PixTestHighRate.cc/doXPixelAlive:L586>  resetting: sda: 19
[14:51:08.445]    DEBUG: <PixTestHighRate.cc/doXPixelAlive:L586>  resetting: tin: 9
[14:51:08.445]    DEBUG: <PixTestHighRate.cc/doXPixelAlive:L586>  resetting: level: 15
[14:51:08.445]    DEBUG: <PixTestHighRate.cc/doXPixelAlive:L586>  resetting: triggerdelay: 0
[14:51:08.445]     INFO: PixTest::       pg_setup set to default.
[14:51:28.457]    DEBUG: <PixTest.cc/moduleMap:L1029> moduleMap histname: what
[14:51:28.457]    DEBUG: <PixTest.cc/moduleMap:L1039> h1->GetName() = highRate_xraymap_C11_V0 -> highRate_xraymap_mod
[14:51:30.713]    DEBUG: <PixGui.cc/handleButtons:L396> PixGui::exit called
[14:51:30.714]    DEBUG: <PixGui.cc/CloseWindow:L335> Final Analog Current: 382.7mA
[14:51:30.715]    DEBUG: <PixGui.cc/CloseWindow:L336> Final Digital Current: 740.4mA
[14:51:30.715]    DEBUG: <PixGui.cc/CloseWindow:L337> Final Module Temperature: 26.8 C
[14:51:30.715]    DEBUG: <PixTestBBMap.cc/~PixTestBBMap:L97> PixTestBBMap dtor
[14:51:30.715]    DEBUG: <PixTestBB2Map.cc/~PixTestBB2Map:L115> PixTestBB2Map dtor
[14:51:30.715]    DEBUG: <PixTestBB3Map.cc/~PixTestBB3Map:L99> PixTestBB3Map dtor
[14:51:30.715]    DEBUG: <PixTestBB4Map.cc/~PixTestBB4Map:L118> PixTestBB4Map dtor
[14:51:30.715]    DEBUG: <PixTestCmd.cc/~PixTestCmd:L78> PixTestCmd dtor
[14:51:30.715]    DEBUG: <PixTestDaq.cc/~PixTestDaq:L37> PixTestDaq dtor
[14:51:30.716]    DEBUG: <PixTestDacDacScan.cc/~PixTestDacDacScan:L136> PixTestDacDacScan dtor
[14:51:30.716]    DEBUG: <PixTestDacScan.cc/~PixTestDacScan:L129> PixTestDacScan dtor
[14:51:30.716]    DEBUG: <PixTestGainPedestal.cc/~PixTestGainPedestal:L125> PixTestGainPedestal dtor
[14:51:30.716]    DEBUG: <PixTestHighRate.cc/~PixTestHighRate:L245> PixTestHighRate dtor
[14:51:30.808]    DEBUG: <PixTestIV.cc/~PixTestIV:L96> PixTestIV dtor
[14:51:30.808]    DEBUG: <PixTestAlive.cc/~PixTestAlive:L109> PixTestAlive dtor
[14:51:30.808]    DEBUG: <PixTestPretest.cc/~PixTestPretest:L136> PixTestPretest dtor
[14:51:30.808]    DEBUG: <PixTestReadback.cc/~PixTestReadback:L89> PixTestReadback dtor, saving tree ... 
[14:51:30.809]    DEBUG: <PixTestScurves.cc/~PixTestScurves:L142> PixTestScurves dtor
[14:51:30.809]    DEBUG: <PixTestTiming.cc/~PixTestTiming:L97> PixTestTiming dtor
[14:51:30.809]    DEBUG: <PixTestTrim.cc/~PixTestTrim:L103> PixTestTrim dtor
[14:51:30.809]    DEBUG: <PixTestXray.cc/~PixTestXray:L217> PixTestXray dtor
[14:51:30.811]    QUIET: Connection to board 58 closed.
[14:51:30.891]    DEBUG: <PixMonitor.cc/dumpSummaries:L39> PixMonitor::dumpSummaries
