[14:51:44.361]     INFO: *** Welcome to pxar ***
[14:51:44.361]     INFO: *** Today: 2015/12/29
[14:51:44.370]     INFO: *** Version: prod-12
[14:51:44.370]     INFO: readRocDacs: data/mh113//dacParameters35_C0.dat .. data/mh113//dacParameters35_C15.dat
[14:51:44.371]     INFO: readTbmDacs: data/mh113//tbmParameters_C0a.dat .. data/mh113//tbmParameters_C0b.dat
[14:51:44.371]     INFO: readMaskFile: data/mh113//defaultMaskFile.dat
[14:51:44.371]     INFO: readTrimFile: data/mh113//trimParameters35_C0.dat .. data/mh113//trimParameters35_C15.dat
[14:51:44.522]     INFO:         clk: 4
[14:51:44.522]     INFO:         ctr: 4
[14:51:44.522]     INFO:         sda: 19
[14:51:44.522]     INFO:         tin: 9
[14:51:44.522]     INFO:         level: 15
[14:51:44.522]     INFO:         triggerdelay: 0
[14:51:44.522]    QUIET: Instanciating API for pxar prod-12
[14:51:44.522]     INFO: Log level: DEBUG
[14:51:44.533]    QUIET: Connection to board DTB_WRPRHI opened.
[14:51:44.537]     INFO: DTB startup information
--- DTB info------------------------------------------
Board id:    58
HW version:  DTB1.2
FW version:  4.2
SW version:  4.5
USB id:      DTB_WRPRHI
MAC address: 40D85511803A
Hostname:    pixelDTB058
Comment:     
------------------------------------------------------
[14:51:44.539]     INFO: RPC call hashes of host and DTB match: 398089610
[14:51:46.142]     INFO: DUT info: 
[14:51:46.142]     INFO: The DUT currently contains the following objects:
[14:51:46.142]     INFO:  2 TBM Cores tbm08c (2 ON)
[14:51:46.142]     INFO: 	TBM Core alpha (0): 7 registers set
[14:51:46.142]     INFO: 	TBM Core beta  (1): 7 registers set
[14:51:46.142]     INFO: 16 ROCs psi46digv21respin (16 ON) with 4160 pixelConfigs
[14:51:46.142]     INFO: 	ROC 0: 19 DACs set, Pixels: 0 masked, 0 active.
[14:51:46.142]     INFO: 	ROC 1: 19 DACs set, Pixels: 0 masked, 0 active.
[14:51:46.143]     INFO: 	ROC 2: 19 DACs set, Pixels: 0 masked, 0 active.
[14:51:46.143]     INFO: 	ROC 3: 19 DACs set, Pixels: 0 masked, 0 active.
[14:51:46.143]     INFO: 	ROC 4: 19 DACs set, Pixels: 0 masked, 0 active.
[14:51:46.143]     INFO: 	ROC 5: 19 DACs set, Pixels: 0 masked, 0 active.
[14:51:46.143]     INFO: 	ROC 6: 19 DACs set, Pixels: 0 masked, 0 active.
[14:51:46.143]     INFO: 	ROC 7: 19 DACs set, Pixels: 0 masked, 0 active.
[14:51:46.143]     INFO: 	ROC 8: 19 DACs set, Pixels: 0 masked, 0 active.
[14:51:46.143]     INFO: 	ROC 9: 19 DACs set, Pixels: 0 masked, 0 active.
[14:51:46.143]     INFO: 	ROC 10: 19 DACs set, Pixels: 0 masked, 0 active.
[14:51:46.143]     INFO: 	ROC 11: 19 DACs set, Pixels: 0 masked, 0 active.
[14:51:46.143]     INFO: 	ROC 12: 19 DACs set, Pixels: 0 masked, 0 active.
[14:51:46.143]     INFO: 	ROC 13: 19 DACs set, Pixels: 0 masked, 0 active.
[14:51:46.143]     INFO: 	ROC 14: 19 DACs set, Pixels: 0 masked, 0 active.
[14:51:46.143]     INFO: 	ROC 15: 19 DACs set, Pixels: 0 masked, 0 active.
[14:51:46.143]    DEBUG: <PixTestParameters.cc/dump:L104> PixTestParameters: ->BB<-
[14:51:46.143]    DEBUG: <PixTestParameters.cc/dump:L107>   dumpall: checkbox(0)
[14:51:46.143]    DEBUG: <PixTestParameters.cc/dump:L107>   dumpproblematic: checkbox(0)
[14:51:46.143]    DEBUG: <PixTestParameters.cc/dump:L107>   ntrig: 5
[14:51:46.143]    DEBUG: <PixTestParameters.cc/dump:L107>   vcals: 250
[14:51:46.143]    DEBUG: <PixTestParameters.cc/dump:L104> PixTestParameters: ->BB2<-
[14:51:46.143]    DEBUG: <PixTestParameters.cc/dump:L107>   ntrig: 10
[14:51:46.143]    DEBUG: <PixTestParameters.cc/dump:L107>   vcals: 222
[14:51:46.143]    DEBUG: <PixTestParameters.cc/dump:L107>   plwidth: 35
[14:51:46.143]    DEBUG: <PixTestParameters.cc/dump:L107>   pix: 11,20
[14:51:46.143]    DEBUG: <PixTestParameters.cc/dump:L107>   targetia: 24
[14:51:46.143]    DEBUG: <PixTestParameters.cc/dump:L104> PixTestParameters: ->BB3<-
[14:51:46.144]    DEBUG: <PixTestParameters.cc/dump:L107>   dumpall: checkbox(0)
[14:51:46.144]    DEBUG: <PixTestParameters.cc/dump:L107>   dumpproblematic: checkbox(0)
[14:51:46.144]    DEBUG: <PixTestParameters.cc/dump:L107>   ntrig: 5
[14:51:46.144]    DEBUG: <PixTestParameters.cc/dump:L107>   vcals: 250
[14:51:46.144]    DEBUG: <PixTestParameters.cc/dump:L104> PixTestParameters: ->BB4<-
[14:51:46.144]    DEBUG: <PixTestParameters.cc/dump:L107>   savecaldelscan: checkbox(0)
[14:51:46.144]    DEBUG: <PixTestParameters.cc/dump:L107>   ntrig: 100
[14:51:46.144]    DEBUG: <PixTestParameters.cc/dump:L107>   cals: 1
[14:51:46.144]    DEBUG: <PixTestParameters.cc/dump:L107>   caldello: 80
[14:51:46.144]    DEBUG: <PixTestParameters.cc/dump:L107>   caldelhi: 200
[14:51:46.144]    DEBUG: <PixTestParameters.cc/dump:L107>   caldelstep: 10
[14:51:46.144]    DEBUG: <PixTestParameters.cc/dump:L107>   vthrcomplo: 70
[14:51:46.144]    DEBUG: <PixTestParameters.cc/dump:L107>   vthrcomphi: 130
[14:51:46.144]    DEBUG: <PixTestParameters.cc/dump:L107>   vthrcompstep: 5
[14:51:46.144]    DEBUG: <PixTestParameters.cc/dump:L107>   noisypixels: 10
[14:51:46.144]    DEBUG: <PixTestParameters.cc/dump:L107>   vcal: 255
[14:51:46.144]    DEBUG: <PixTestParameters.cc/dump:L107>   cut: 0.5
[14:51:46.144]    DEBUG: <PixTestParameters.cc/dump:L104> PixTestParameters: ->Cmd<-
[14:51:46.144]    DEBUG: <PixTestParameters.cc/dump:L104> PixTestParameters: ->DAQ<-
[14:51:46.144]    DEBUG: <PixTestParameters.cc/dump:L107>   delaytbm: checkbox
[14:51:46.144]    DEBUG: <PixTestParameters.cc/dump:L107>   filltree: checkbox
[14:51:46.144]    DEBUG: <PixTestParameters.cc/dump:L107>   trgfrequency(khz): 100
[14:51:46.144]    DEBUG: <PixTestParameters.cc/dump:L107>   maskhotpixels: button
[14:51:46.144]    DEBUG: <PixTestParameters.cc/dump:L107>   trgnumber: 5
[14:51:46.144]    DEBUG: <PixTestParameters.cc/dump:L107>   iterations: 10
[14:51:46.144]    DEBUG: <PixTestParameters.cc/dump:L107>   rundaqtrg: button
[14:51:46.144]    DEBUG: <PixTestParameters.cc/dump:L107>   daqseconds: 5
[14:51:46.144]    DEBUG: <PixTestParameters.cc/dump:L107>   rundaqseconds: button
[14:51:46.144]    DEBUG: <PixTestParameters.cc/dump:L104> PixTestParameters: ->DacDacScan<-
[14:51:46.144]    DEBUG: <PixTestParameters.cc/dump:L107>   phmap: checkbox
[14:51:46.144]    DEBUG: <PixTestParameters.cc/dump:L107>   ntrig: 10
[14:51:46.144]    DEBUG: <PixTestParameters.cc/dump:L107>   dac1: caldel
[14:51:46.144]    DEBUG: <PixTestParameters.cc/dump:L107>   dac1lo: 0
[14:51:46.144]    DEBUG: <PixTestParameters.cc/dump:L107>   dac1hi: 255
[14:51:46.144]    DEBUG: <PixTestParameters.cc/dump:L107>   dac2: vthrcomp
[14:51:46.144]    DEBUG: <PixTestParameters.cc/dump:L107>   dac2lo: 0
[14:51:46.144]    DEBUG: <PixTestParameters.cc/dump:L107>   dac2hi: 255
[14:51:46.144]    DEBUG: <PixTestParameters.cc/dump:L107>   pix: 11,20
[14:51:46.144]    DEBUG: <PixTestParameters.cc/dump:L104> PixTestParameters: ->DacScan<-
[14:51:46.144]    DEBUG: <PixTestParameters.cc/dump:L107>   phmap: checkbox(1)
[14:51:46.144]    DEBUG: <PixTestParameters.cc/dump:L107>   allpixels: checkbox(0)
[14:51:46.144]    DEBUG: <PixTestParameters.cc/dump:L107>   unmasked: checkbox(0)
[14:51:46.144]    DEBUG: <PixTestParameters.cc/dump:L107>   ntrig: 10
[14:51:46.144]    DEBUG: <PixTestParameters.cc/dump:L107>   dac: vcal
[14:51:46.144]    DEBUG: <PixTestParameters.cc/dump:L107>   daclo: 0
[14:51:46.144]    DEBUG: <PixTestParameters.cc/dump:L107>   dachi: 255
[14:51:46.144]    DEBUG: <PixTestParameters.cc/dump:L107>   pix: 11,20
[14:51:46.144]    DEBUG: <PixTestParameters.cc/dump:L104> PixTestParameters: ->GainPedestal<-
[14:51:46.144]    DEBUG: <PixTestParameters.cc/dump:L107>   showfits: checkbox(0)
[14:51:46.144]    DEBUG: <PixTestParameters.cc/dump:L107>   extended: checkbox(0)
[14:51:46.144]    DEBUG: <PixTestParameters.cc/dump:L107>   dumphists: checkbox(0)
[14:51:46.144]    DEBUG: <PixTestParameters.cc/dump:L107>   ntrig: 10
[14:51:46.144]    DEBUG: <PixTestParameters.cc/dump:L107>   vcalstep: 10
[14:51:46.144]    DEBUG: <PixTestParameters.cc/dump:L107>   measure: button
[14:51:46.144]    DEBUG: <PixTestParameters.cc/dump:L107>   fit: button
[14:51:46.144]    DEBUG: <PixTestParameters.cc/dump:L107>   save: button
[14:51:46.145]    DEBUG: <PixTestParameters.cc/dump:L104> PixTestParameters: ->HighRate<-
[14:51:46.145]    DEBUG: <PixTestParameters.cc/dump:L107>   pix: 11,20
[14:51:46.145]    DEBUG: <PixTestParameters.cc/dump:L107>   trimhotpixels: button
[14:51:46.145]    DEBUG: <PixTestParameters.cc/dump:L107>   trimhotpixelthr: 200
[14:51:46.145]    DEBUG: <PixTestParameters.cc/dump:L107>   runsecondshotpixels: 10
[14:51:46.145]    DEBUG: <PixTestParameters.cc/dump:L107>   savetrimbits: checkbox(1)
[14:51:46.145]    DEBUG: <PixTestParameters.cc/dump:L107>   maskuntrimmable: checkbox(1)
[14:51:46.145]    DEBUG: <PixTestParameters.cc/dump:L107>   maskhotpixels: button
[14:51:46.145]    DEBUG: <PixTestParameters.cc/dump:L107>   savemaskfile: checkbox(0)
[14:51:46.145]    DEBUG: <PixTestParameters.cc/dump:L107>   maskfilename: default
[14:51:46.145]    DEBUG: <PixTestParameters.cc/dump:L107>   caldelscan: button
[14:51:46.145]    DEBUG: <PixTestParameters.cc/dump:L107>   xpixelalive: button
[14:51:46.145]    DEBUG: <PixTestParameters.cc/dump:L107>   ntrig: 50
[14:51:46.145]    DEBUG: <PixTestParameters.cc/dump:L107>   vcal: 200
[14:51:46.145]    DEBUG: <PixTestParameters.cc/dump:L107>   xnoisemaps: button
[14:51:46.145]    DEBUG: <PixTestParameters.cc/dump:L107>   daclo: 0
[14:51:46.145]    DEBUG: <PixTestParameters.cc/dump:L107>   dachi: 100
[14:51:46.145]    DEBUG: <PixTestParameters.cc/dump:L107>   dacs/step: 20
[14:51:46.145]    DEBUG: <PixTestParameters.cc/dump:L107>   rundaq: button
[14:51:46.145]    DEBUG: <PixTestParameters.cc/dump:L107>   trgfrequency(khz): 20
[14:51:46.145]    DEBUG: <PixTestParameters.cc/dump:L107>   runseconds: 5
[14:51:46.145]    DEBUG: <PixTestParameters.cc/dump:L107>   triggerdelay: 20
[14:51:46.145]    DEBUG: <PixTestParameters.cc/dump:L107>   delaytbm: checkbox
[14:51:46.145]    DEBUG: <PixTestParameters.cc/dump:L107>   filltree: checkbox
[14:51:46.145]    DEBUG: <PixTestParameters.cc/dump:L104> PixTestParameters: ->IV<-
[14:51:46.145]    DEBUG: <PixTestParameters.cc/dump:L107>   port: /dev/ttyS0
[14:51:46.145]    DEBUG: <PixTestParameters.cc/dump:L107>   voltagestart: 0
[14:51:46.145]    DEBUG: <PixTestParameters.cc/dump:L107>   voltagestop: 600
[14:51:46.145]    DEBUG: <PixTestParameters.cc/dump:L107>   voltagestep: 5
[14:51:46.145]    DEBUG: <PixTestParameters.cc/dump:L107>   delay: 1
[14:51:46.145]    DEBUG: <PixTestParameters.cc/dump:L107>   compliance(ua): 100
[14:51:46.145]    DEBUG: <PixTestParameters.cc/dump:L104> PixTestParameters: ->PhOptimization<-
[14:51:46.145]    DEBUG: <PixTestParameters.cc/dump:L107>   ntrig: 10
[14:51:46.145]    DEBUG: <PixTestParameters.cc/dump:L107>   safetymarginlow: 20
[14:51:46.145]    DEBUG: <PixTestParameters.cc/dump:L107>   saturationvcal: 100
[14:51:46.145]    DEBUG: <PixTestParameters.cc/dump:L107>   quantilesaturation: 0.98
[14:51:46.145]    DEBUG: <PixTestParameters.cc/dump:L104> PixTestParameters: ->PixelAlive<-
[14:51:46.145]    DEBUG: <PixTestParameters.cc/dump:L107>   ntrig: 10
[14:51:46.145]    DEBUG: <PixTestParameters.cc/dump:L107>   vcal: 200
[14:51:46.145]    DEBUG: <PixTestParameters.cc/dump:L107>   alivetest: button
[14:51:46.145]    DEBUG: <PixTestParameters.cc/dump:L107>   masktest: button
[14:51:46.145]    DEBUG: <PixTestParameters.cc/dump:L107>   addressdecodingtest: button
[14:51:46.145]    DEBUG: <PixTestParameters.cc/dump:L104> PixTestParameters: ->Pretest<-
[14:51:46.145]    DEBUG: <PixTestParameters.cc/dump:L107>   programroc: button
[14:51:46.145]    DEBUG: <PixTestParameters.cc/dump:L107>   targetia: 24
[14:51:46.145]    DEBUG: <PixTestParameters.cc/dump:L107>   setvana: button
[14:51:46.145]    DEBUG: <PixTestParameters.cc/dump:L107>   iterations: 100
[14:51:46.145]    DEBUG: <PixTestParameters.cc/dump:L107>   settimings: button
[14:51:46.145]    DEBUG: <PixTestParameters.cc/dump:L107>   findtiming: button
[14:51:46.145]    DEBUG: <PixTestParameters.cc/dump:L107>   findworkingpixel: button
[14:51:46.145]    DEBUG: <PixTestParameters.cc/dump:L107>   setvthrcompcaldel: button
[14:51:46.145]    DEBUG: <PixTestParameters.cc/dump:L107>   pix: 11,20
[14:51:46.145]    DEBUG: <PixTestParameters.cc/dump:L107>   vcal: 250
[14:51:46.145]    DEBUG: <PixTestParameters.cc/dump:L107>   deltavthrcomp: 50
[14:51:46.145]    DEBUG: <PixTestParameters.cc/dump:L107>   fraccaldel: 0.5
[14:51:46.145]    DEBUG: <PixTestParameters.cc/dump:L107>   ntrig: 5
[14:51:46.145]    DEBUG: <PixTestParameters.cc/dump:L107>   savedacs: button
[14:51:46.145]    DEBUG: <PixTestParameters.cc/dump:L104> PixTestParameters: ->Readback<-
[14:51:46.146]    DEBUG: <PixTestParameters.cc/dump:L107>   calibratevd: button
[14:51:46.146]    DEBUG: <PixTestParameters.cc/dump:L107>   calibrateva: button
[14:51:46.146]    DEBUG: <PixTestParameters.cc/dump:L107>   calibrateia: button
[14:51:46.146]    DEBUG: <PixTestParameters.cc/dump:L107>   readbackvbg: button
[14:51:46.146]    DEBUG: <PixTestParameters.cc/dump:L107>   getcalibratedvbg: button
[14:51:46.146]    DEBUG: <PixTestParameters.cc/dump:L107>   usecalvd: checkbox(1)
[14:51:46.146]    DEBUG: <PixTestParameters.cc/dump:L107>   usecalva: checkbox(0)
[14:51:46.146]    DEBUG: <PixTestParameters.cc/dump:L107>   setvana: button
[14:51:46.146]    DEBUG: <PixTestParameters.cc/dump:L104> PixTestParameters: ->Scurves<-
[14:51:46.146]    DEBUG: <PixTestParameters.cc/dump:L107>   adjustvcal: checkbox(0)
[14:51:46.146]    DEBUG: <PixTestParameters.cc/dump:L107>   dumpall: checkbox(0)
[14:51:46.146]    DEBUG: <PixTestParameters.cc/dump:L107>   dumpproblematic: checkbox(0)
[14:51:46.146]    DEBUG: <PixTestParameters.cc/dump:L107>   dumpoutputfile: checkbox(0)
[14:51:46.146]    DEBUG: <PixTestParameters.cc/dump:L107>   ntrig: 50
[14:51:46.146]    DEBUG: <PixTestParameters.cc/dump:L107>   dac: Vcal
[14:51:46.146]    DEBUG: <PixTestParameters.cc/dump:L107>   daclo: 05
[14:51:46.146]    DEBUG: <PixTestParameters.cc/dump:L107>   dachi: 75
[14:51:46.146]    DEBUG: <PixTestParameters.cc/dump:L107>   dacs/step: -1
[14:51:46.146]    DEBUG: <PixTestParameters.cc/dump:L107>   ntrig/step: -1
[14:51:46.146]    DEBUG: <PixTestParameters.cc/dump:L107>   scurves: button
[14:51:46.146]    DEBUG: <PixTestParameters.cc/dump:L104> PixTestParameters: ->Timing<-
[14:51:46.146]    DEBUG: <PixTestParameters.cc/dump:L107>   targetclk: 4
[14:51:46.146]    DEBUG: <PixTestParameters.cc/dump:L107>   ntrig: 10000
[14:51:46.146]    DEBUG: <PixTestParameters.cc/dump:L107>   notokenpass: checkbox(0)
[14:51:46.146]    DEBUG: <PixTestParameters.cc/dump:L107>   ignorereadback: checkbox(0)
[14:51:46.146]    DEBUG: <PixTestParameters.cc/dump:L107>   clocksdascan: button
[14:51:46.146]    DEBUG: <PixTestParameters.cc/dump:L107>   phasescan: button
[14:51:46.146]    DEBUG: <PixTestParameters.cc/dump:L107>   levelscan: button
[14:51:46.146]    DEBUG: <PixTestParameters.cc/dump:L107>   tbmphasescan: button
[14:51:46.146]    DEBUG: <PixTestParameters.cc/dump:L107>   rocdelayscan: button
[14:51:46.146]    DEBUG: <PixTestParameters.cc/dump:L107>   timingtest: button
[14:51:46.146]    DEBUG: <PixTestParameters.cc/dump:L107>   saveparameters: button
[14:51:46.146]    DEBUG: <PixTestParameters.cc/dump:L104> PixTestParameters: ->Trim<-
[14:51:46.146]    DEBUG: <PixTestParameters.cc/dump:L107>   trim: button
[14:51:46.146]    DEBUG: <PixTestParameters.cc/dump:L107>   ntrig: 8
[14:51:46.146]    DEBUG: <PixTestParameters.cc/dump:L107>   vcal: 35
[14:51:46.146]    DEBUG: <PixTestParameters.cc/dump:L107>   trimbits: button
[14:51:46.146]    DEBUG: <PixTestParameters.cc/dump:L104> PixTestParameters: ->Xray<-
[14:51:46.146]    DEBUG: <PixTestParameters.cc/dump:L107>   maskhotpixels: button
[14:51:46.146]    DEBUG: <PixTestParameters.cc/dump:L107>   savemaskfile: checkbox(0)
[14:51:46.146]    DEBUG: <PixTestParameters.cc/dump:L107>   maskfilename: default
[14:51:46.146]    DEBUG: <PixTestParameters.cc/dump:L107>   source: Ag
[14:51:46.146]    DEBUG: <PixTestParameters.cc/dump:L107>   phrun: button
[14:51:46.146]    DEBUG: <PixTestParameters.cc/dump:L107>   runseconds: 240
[14:51:46.146]    DEBUG: <PixTestParameters.cc/dump:L107>   trgfrequency(khz): 100
[14:51:46.146]    DEBUG: <PixTestParameters.cc/dump:L107>   ratescan: button
[14:51:46.146]    DEBUG: <PixTestParameters.cc/dump:L107>   vthrcompmin: 10
[14:51:46.146]    DEBUG: <PixTestParameters.cc/dump:L107>   vthrcompmax: 80
[14:51:46.146]    DEBUG: <PixTestParameters.cc/dump:L107>   stepseconds: 5
[14:51:46.146]    DEBUG: <PixTestParameters.cc/dump:L107>   delaytbm: checkbox
[14:51:46.146]    DEBUG: <PixTestParameters.cc/dump:L107>   filltree: checkbox
[14:51:46.148]    DEBUG: <PixSetup.cc/init:L81> PixSetup init start; getCurrentRSS() = 31391744
[14:51:46.149]    DEBUG: <PixSetup.cc/init:L87> fPixTestParameters = 0x27a2a00
[14:51:46.149]    DEBUG: <PixSetup.cc/init:L88>  fConfigParameters = 0x2731100
[14:51:46.149]    DEBUG: <PixSetup.cc/init:L89>        fPxarMemory = 0x7ff7bdd94010
[14:51:46.149]    DEBUG: <PixSetup.cc/init:L90>         fPxarMemHi = 0x7ff7c3fff510
[14:51:46.149]    DEBUG: <PixSetup.cc/init:L106> PixSetup init done;  getCurrentRSS() = 31399936 fPxarMemory = 0x7ff7bdd94010
[14:51:46.150]    DEBUG: <pXar.cc/main:L223> Initial Analog Current: 377.8mA
[14:51:46.151]    DEBUG: <pXar.cc/main:L224> Initial Digital Current: 740.4mA
[14:51:46.151]    DEBUG: <pXar.cc/main:L225> Initial Module Temperature: 25.4 C
[14:51:46.646]    DEBUG: <PixGui.cc/hvOn:L460> HV set On: 0x2d796e0
[14:51:46.705]    DEBUG: <PixTestFactory.cc/PixTestFactory:L53> PixTestFactory::PixTestFactory()
[14:51:46.706]    DEBUG: <PixTestBBMap.cc/init:L79> PixTestBBMap::init()
[14:51:46.706]    DEBUG: <PixTestBBMap.cc/PixTestBBMap:L27> PixTestBBMap ctor(PixSetup &a, string, TGTab *)
[14:51:46.711]    DEBUG: <PixTestBB2Map.cc/setParameter:L58> setting fTargetIa    = 24 mA/ROC
[14:51:46.711]    DEBUG: <PixTestBB2Map.cc/init:L97> PixTestBB2Map::init()
[14:51:46.711]    DEBUG: <PixTestBB2Map.cc/PixTestBB2Map:L29> PixTestBB2Map ctor(PixSetup &a, string, TGTab *)
[14:51:46.722]    DEBUG: <PixTestBB3Map.cc/init:L81> PixTestBB3Map::init()
[14:51:46.722]    DEBUG: <PixTestBB3Map.cc/PixTestBB3Map:L29> PixTestBB3Map ctor(PixSetup &a, string, TGTab *)
[14:51:46.744]    DEBUG: <PixTestBB4Map.cc/init:L93> PixTestBB4Map::init()
[14:51:46.744]    DEBUG: <PixTestBB4Map.cc/PixTestBB4Map:L26> PixTestMapeff ctor(PixSetup &a, string, TGTab *)
[14:51:46.753]     INFO: PixTestCmd::init()
[14:51:46.759]    DEBUG: <PixTestDaq.cc/init:L44> PixTestDaq::init()
[14:51:46.759]    DEBUG: <PixTestDaq.cc/PixTestDaq:L22> PixTestDaq ctor(PixSetup &a, string, TGTab *)
[14:51:46.759]     INFO: readGainPedestalParameters data/mh113//phCalibrationFitErr35_C0.dat .. data/mh113//phCalibrationFitErr35_C15.dat
[14:51:47.007]    DEBUG: <PixTestDacDacScan.cc/init:L103> PixTestDacDacScan::init()
[14:51:47.007]    DEBUG: <PixTestDacDacScan.cc/PixTestDacDacScan:L22> PixTestDacDacScan ctor(PixSetup &a, string, TGTab *)
[14:51:47.021]    DEBUG: <PixTestGainPedestal.cc/setParameter:L83> PixTestGainPedestal::PixTest() fVcalStep = 10
[14:51:47.026]    DEBUG: <PixTestHighRate.cc/setParameter:L68>   setting fParTriggerFrequency -> 20
[14:51:47.026]    DEBUG: <PixTestHighRate.cc/init:L198> PixTestHighRate::init()
[14:51:47.026]    DEBUG: <PixTestHighRate.cc/PixTestHighRate:L31> PixTestHighRate ctor(PixSetup &a, string, TGTab *)
[14:51:47.050]    DEBUG: <PixTest.cc/setTestParameter:L637>  setting  ntrig to new value 10
[14:51:47.050]    DEBUG: <PixTestPhOptimization.cc/setParameter:L37>   setting fParNtrig  ->10<- from sval = 10
[14:51:47.050]    DEBUG: <PixTestPhOptimization.cc/setParameter:L42>   setting fSafetyMarginLow  ->20<- from sval = 20
[14:51:47.050]    DEBUG: <PixTestPhOptimization.cc/setParameter:L48>   setting fVcalMax  ->100<- from sval = 100
[14:51:47.050]    DEBUG: <PixTestPhOptimization.cc/setParameter:L53>   setting fQuantMax  ->0.98<- from sval = 0.98
[14:51:47.056]    DEBUG: <PixTestAlive.cc/init:L77> PixTestAlive::init()
[14:51:47.056]    DEBUG: <PixTestAlive.cc/PixTestAlive:L21> PixTestAlive ctor(PixSetup &a, string, TGTab *)
[14:51:47.082]    DEBUG: <PixTestReadback.cc/setParameter:L172> fCalwVd set to 1
[14:51:47.082]    DEBUG: <PixTestReadback.cc/init:L95> PixTestReadback::init()
[14:51:47.082]    DEBUG: <PixTestReadback.cc/PixTestReadback:L22> PixTestReadback ctor(PixSetup &a, string, TGTab *)
[14:51:47.082]     INFO: readReadbackCal: data/mh113//readbackCal_C0.dat .. data/mh113//readbackCal_C15.dat
[14:51:47.091]    DEBUG: <PixTestScurves.cc/setParameter:L93> set fOutputFilename = 
[14:51:47.098]    DEBUG: <PixTestTiming.cc/setParameter:L60> PixTestTiming::PixTest() targetclk = 4
[14:51:47.098]    DEBUG: <PixTestTiming.cc/setParameter:L64> PixTestTiming::PixTest() ntrig = 10000
[14:51:47.098]    DEBUG: <PixTestTiming.cc/setParameter:L48> fNoTokenPass: 0
[14:51:47.098]    DEBUG: <PixTestTiming.cc/setParameter:L55> fIgnoreReadBack: 0
[14:51:47.098]    DEBUG: <PixTestTiming.cc/init:L74> PixTestTiming::init()
[14:51:47.119]    DEBUG: <PixTestXray.cc/init:L134> PixTestXray::init()
[14:51:47.119]    DEBUG: <PixTestXray.cc/PixTestXray:L28> PixTestXray ctor(PixSetup &a, string, TGTab *)
[14:51:54.897]    DEBUG: <PixTab.cc/buttonClicked:L308> xxxPressed():  caldelscan
[14:51:54.897]    DEBUG: <PixTestHighRate.cc/runCommand:L157> running command: caldelscan
[14:51:54.897]     INFO:    ----------------------------------------------------------------------
[14:51:54.897]     INFO:    PixTestHighRate::calDelScan() ntrig = 10, vcal = 200
[14:51:54.897]     INFO:    ----------------------------------------------------------------------
[14:51:55.038]     INFO: Expecting 768 events.
[14:51:56.175]     INFO: 768 events read in total (419ms).
[14:51:56.364]     INFO: Test took 1461ms.
[14:51:56.370]    DEBUG: <PixTest.cc/efficiencyMaps:L396>       attempt #0
[14:51:57.038]     INFO: Expecting 41600 events.
[14:52:00.221]     INFO: 41600 events read in total (2656ms).
[14:52:00.225]     INFO: Test took 3855ms.
[14:52:00.292]     INFO: Fetched DAQ statistics. Counters are being reset now.
[14:52:00.292]    DEBUG: <PixTest.cc/efficiencyMaps:L407>  eff result size = 383528
[14:52:00.292]    DEBUG: <PixTest.cc/efficiencyMaps:L412> Create hists HR_xeff_CalDelScan_step0_C0 .. HR_xeff_CalDelScan_step0_C15
[14:52:00.292]    DEBUG: <PixTest.cc/efficiencyMaps:L426> booking xray maps for unmasked detector
[14:52:00.325]    DEBUG: <PixTest.cc/efficiencyMaps:L396>       attempt #0
[14:52:00.990]     INFO: Expecting 41600 events.
[14:52:04.329]     INFO: 41600 events read in total (2813ms).
[14:52:04.333]     INFO: Test took 4008ms.
[14:52:04.397]     INFO: Fetched DAQ statistics. Counters are being reset now.
[14:52:04.398]    DEBUG: <PixTest.cc/efficiencyMaps:L407>  eff result size = 392062
[14:52:04.398]    DEBUG: <PixTest.cc/efficiencyMaps:L412> Create hists HR_xeff_CalDelScan_step1_C0 .. HR_xeff_CalDelScan_step1_C15
[14:52:04.398]    DEBUG: <PixTest.cc/efficiencyMaps:L426> booking xray maps for unmasked detector
[14:52:04.432]    DEBUG: <PixTest.cc/efficiencyMaps:L396>       attempt #0
[14:52:05.098]     INFO: Expecting 41600 events.
[14:52:08.465]     INFO: 41600 events read in total (2840ms).
[14:52:08.468]     INFO: Test took 4036ms.
[14:52:08.534]     INFO: Fetched DAQ statistics. Counters are being reset now.
[14:52:08.534]    DEBUG: <PixTest.cc/efficiencyMaps:L407>  eff result size = 393487
[14:52:08.534]    DEBUG: <PixTest.cc/efficiencyMaps:L412> Create hists HR_xeff_CalDelScan_step2_C0 .. HR_xeff_CalDelScan_step2_C15
[14:52:08.535]    DEBUG: <PixTest.cc/efficiencyMaps:L426> booking xray maps for unmasked detector
[14:52:08.570]    DEBUG: <PixTest.cc/efficiencyMaps:L396>       attempt #0
[14:52:09.237]     INFO: Expecting 41600 events.
[14:52:12.598]     INFO: 41600 events read in total (2835ms).
[14:52:12.601]     INFO: Test took 4031ms.
[14:52:12.665]     INFO: Fetched DAQ statistics. Counters are being reset now.
[14:52:12.665]    DEBUG: <PixTest.cc/efficiencyMaps:L407>  eff result size = 393582
[14:52:12.665]    DEBUG: <PixTest.cc/efficiencyMaps:L412> Create hists HR_xeff_CalDelScan_step3_C0 .. HR_xeff_CalDelScan_step3_C15
[14:52:12.665]    DEBUG: <PixTest.cc/efficiencyMaps:L426> booking xray maps for unmasked detector
[14:52:12.699]    DEBUG: <PixTest.cc/efficiencyMaps:L396>       attempt #0
[14:52:13.364]     INFO: Expecting 41600 events.
[14:52:16.735]     INFO: 41600 events read in total (2844ms).
[14:52:16.739]     INFO: Test took 4040ms.
[14:52:16.803]     INFO: Fetched DAQ statistics. Counters are being reset now.
[14:52:16.804]    DEBUG: <PixTest.cc/efficiencyMaps:L407>  eff result size = 393798
[14:52:16.804]    DEBUG: <PixTest.cc/efficiencyMaps:L412> Create hists HR_xeff_CalDelScan_step4_C0 .. HR_xeff_CalDelScan_step4_C15
[14:52:16.804]    DEBUG: <PixTest.cc/efficiencyMaps:L426> booking xray maps for unmasked detector
[14:52:16.838]    DEBUG: <PixTest.cc/efficiencyMaps:L396>       attempt #0
[14:52:17.503]     INFO: Expecting 41600 events.
[14:52:20.872]     INFO: 41600 events read in total (2842ms).
[14:52:20.875]     INFO: Test took 4037ms.
[14:52:20.942]     INFO: Fetched DAQ statistics. Counters are being reset now.
[14:52:20.942]    DEBUG: <PixTest.cc/efficiencyMaps:L407>  eff result size = 393608
[14:52:20.943]    DEBUG: <PixTest.cc/efficiencyMaps:L412> Create hists HR_xeff_CalDelScan_step5_C0 .. HR_xeff_CalDelScan_step5_C15
[14:52:20.943]    DEBUG: <PixTest.cc/efficiencyMaps:L426> booking xray maps for unmasked detector
[14:52:20.979]    DEBUG: <PixTest.cc/efficiencyMaps:L396>       attempt #0
[14:52:21.645]     INFO: Expecting 41600 events.
[14:52:25.019]     INFO: 41600 events read in total (2847ms).
[14:52:25.022]     INFO: Test took 4043ms.
[14:52:25.087]     INFO: Fetched DAQ statistics. Counters are being reset now.
[14:52:25.087]    DEBUG: <PixTest.cc/efficiencyMaps:L407>  eff result size = 392418
[14:52:25.087]    DEBUG: <PixTest.cc/efficiencyMaps:L412> Create hists HR_xeff_CalDelScan_step6_C0 .. HR_xeff_CalDelScan_step6_C15
[14:52:25.088]    DEBUG: <PixTest.cc/efficiencyMaps:L426> booking xray maps for unmasked detector
[14:52:25.122]    DEBUG: <PixTest.cc/efficiencyMaps:L396>       attempt #0
[14:52:25.787]     INFO: Expecting 41600 events.
[14:52:29.160]     INFO: 41600 events read in total (2846ms).
[14:52:29.163]     INFO: Test took 4041ms.
[14:52:29.229]     INFO: Fetched DAQ statistics. Counters are being reset now.
[14:52:29.229]    DEBUG: <PixTest.cc/efficiencyMaps:L407>  eff result size = 393318
[14:52:29.229]    DEBUG: <PixTest.cc/efficiencyMaps:L412> Create hists HR_xeff_CalDelScan_step7_C0 .. HR_xeff_CalDelScan_step7_C15
[14:52:29.229]    DEBUG: <PixTest.cc/efficiencyMaps:L426> booking xray maps for unmasked detector
[14:52:29.263]    DEBUG: <PixTest.cc/efficiencyMaps:L396>       attempt #0
[14:52:29.928]     INFO: Expecting 41600 events.
[14:52:33.292]     INFO: 41600 events read in total (2838ms).
[14:52:33.295]     INFO: Test took 4032ms.
[14:52:33.360]     INFO: Fetched DAQ statistics. Counters are being reset now.
[14:52:33.360]    DEBUG: <PixTest.cc/efficiencyMaps:L407>  eff result size = 394733
[14:52:33.360]    DEBUG: <PixTest.cc/efficiencyMaps:L412> Create hists HR_xeff_CalDelScan_step8_C0 .. HR_xeff_CalDelScan_step8_C15
[14:52:33.360]    DEBUG: <PixTest.cc/efficiencyMaps:L426> booking xray maps for unmasked detector
[14:52:33.394]    DEBUG: <PixTest.cc/efficiencyMaps:L396>       attempt #0
[14:52:34.059]     INFO: Expecting 41600 events.
[14:52:37.431]     INFO: 41600 events read in total (2845ms).
[14:52:37.435]     INFO: Test took 4041ms.
[14:52:37.501]     INFO: Fetched DAQ statistics. Counters are being reset now.
[14:52:37.501]    DEBUG: <PixTest.cc/efficiencyMaps:L407>  eff result size = 393658
[14:52:37.501]    DEBUG: <PixTest.cc/efficiencyMaps:L412> Create hists HR_xeff_CalDelScan_step9_C0 .. HR_xeff_CalDelScan_step9_C15
[14:52:37.502]    DEBUG: <PixTest.cc/efficiencyMaps:L426> booking xray maps for unmasked detector
[14:52:37.537]    DEBUG: <PixTest.cc/efficiencyMaps:L396>       attempt #0
[14:52:38.205]     INFO: Expecting 41600 events.
[14:52:41.590]     INFO: 41600 events read in total (2858ms).
[14:52:41.593]     INFO: Test took 4056ms.
[14:52:41.659]     INFO: Fetched DAQ statistics. Counters are being reset now.
[14:52:41.659]    DEBUG: <PixTest.cc/efficiencyMaps:L407>  eff result size = 393539
[14:52:41.659]    DEBUG: <PixTest.cc/efficiencyMaps:L412> Create hists HR_xeff_CalDelScan_step10_C0 .. HR_xeff_CalDelScan_step10_C15
[14:52:41.660]    DEBUG: <PixTest.cc/efficiencyMaps:L426> booking xray maps for unmasked detector
[14:52:41.695]    DEBUG: <PixTest.cc/efficiencyMaps:L396>       attempt #0
[14:52:42.362]     INFO: Expecting 41600 events.
[14:52:45.747]     INFO: 41600 events read in total (2858ms).
[14:52:45.750]     INFO: Test took 4055ms.
[14:52:45.817]     INFO: Fetched DAQ statistics. Counters are being reset now.
[14:52:45.817]    DEBUG: <PixTest.cc/efficiencyMaps:L407>  eff result size = 392398
[14:52:45.817]    DEBUG: <PixTest.cc/efficiencyMaps:L412> Create hists HR_xeff_CalDelScan_step11_C0 .. HR_xeff_CalDelScan_step11_C15
[14:52:45.817]    DEBUG: <PixTest.cc/efficiencyMaps:L426> booking xray maps for unmasked detector
[14:52:45.853]    DEBUG: <PixTest.cc/efficiencyMaps:L396>       attempt #0
[14:52:46.520]     INFO: Expecting 41600 events.
[14:52:49.903]     INFO: 41600 events read in total (2856ms).
[14:52:49.906]     INFO: Test took 4053ms.
[14:52:49.970]     INFO: Fetched DAQ statistics. Counters are being reset now.
[14:52:49.970]    DEBUG: <PixTest.cc/efficiencyMaps:L407>  eff result size = 393415
[14:52:49.970]    DEBUG: <PixTest.cc/efficiencyMaps:L412> Create hists HR_xeff_CalDelScan_step12_C0 .. HR_xeff_CalDelScan_step12_C15
[14:52:49.971]    DEBUG: <PixTest.cc/efficiencyMaps:L426> booking xray maps for unmasked detector
[14:52:50.005]    DEBUG: <PixTest.cc/efficiencyMaps:L396>       attempt #0
[14:52:50.670]     INFO: Expecting 41600 events.
[14:52:54.052]     INFO: 41600 events read in total (2855ms).
[14:52:54.055]     INFO: Test took 4050ms.
[14:52:54.120]     INFO: Fetched DAQ statistics. Counters are being reset now.
[14:52:54.120]    DEBUG: <PixTest.cc/efficiencyMaps:L407>  eff result size = 393650
[14:52:54.120]    DEBUG: <PixTest.cc/efficiencyMaps:L412> Create hists HR_xeff_CalDelScan_step13_C0 .. HR_xeff_CalDelScan_step13_C15
[14:52:54.120]    DEBUG: <PixTest.cc/efficiencyMaps:L426> booking xray maps for unmasked detector
[14:52:54.155]    DEBUG: <PixTest.cc/efficiencyMaps:L396>       attempt #0
[14:52:54.820]     INFO: Expecting 41600 events.
[14:52:58.199]     INFO: 41600 events read in total (2852ms).
[14:52:58.202]     INFO: Test took 4047ms.
[14:52:58.273]     INFO: Fetched DAQ statistics. Counters are being reset now.
[14:52:58.273]    DEBUG: <PixTest.cc/efficiencyMaps:L407>  eff result size = 392728
[14:52:58.273]    DEBUG: <PixTest.cc/efficiencyMaps:L412> Create hists HR_xeff_CalDelScan_step14_C0 .. HR_xeff_CalDelScan_step14_C15
[14:52:58.274]    DEBUG: <PixTest.cc/efficiencyMaps:L426> booking xray maps for unmasked detector
[14:52:58.308]    DEBUG: <PixTest.cc/efficiencyMaps:L396>       attempt #0
[14:52:58.973]     INFO: Expecting 41600 events.
[14:53:02.348]     INFO: 41600 events read in total (2848ms).
[14:53:02.351]     INFO: Test took 4043ms.
[14:53:02.416]     INFO: Fetched DAQ statistics. Counters are being reset now.
[14:53:02.416]    DEBUG: <PixTest.cc/efficiencyMaps:L407>  eff result size = 392747
[14:53:02.416]    DEBUG: <PixTest.cc/efficiencyMaps:L412> Create hists HR_xeff_CalDelScan_step15_C0 .. HR_xeff_CalDelScan_step15_C15
[14:53:02.417]    DEBUG: <PixTest.cc/efficiencyMaps:L426> booking xray maps for unmasked detector
[14:53:02.451]    DEBUG: <PixTest.cc/efficiencyMaps:L396>       attempt #0
[14:53:03.116]     INFO: Expecting 41600 events.
[14:53:06.492]     INFO: 41600 events read in total (2850ms).
[14:53:06.495]     INFO: Test took 4044ms.
[14:53:06.559]     INFO: Fetched DAQ statistics. Counters are being reset now.
[14:53:06.559]    DEBUG: <PixTest.cc/efficiencyMaps:L407>  eff result size = 391938
[14:53:06.559]    DEBUG: <PixTest.cc/efficiencyMaps:L412> Create hists HR_xeff_CalDelScan_step16_C0 .. HR_xeff_CalDelScan_step16_C15
[14:53:06.560]    DEBUG: <PixTest.cc/efficiencyMaps:L426> booking xray maps for unmasked detector
[14:53:06.594]    DEBUG: <PixTest.cc/efficiencyMaps:L396>       attempt #0
[14:53:07.261]     INFO: Expecting 41600 events.
[14:53:10.623]     INFO: 41600 events read in total (2836ms).
[14:53:10.626]     INFO: Test took 4032ms.
[14:53:10.691]     INFO: Fetched DAQ statistics. Counters are being reset now.
[14:53:10.691]    DEBUG: <PixTest.cc/efficiencyMaps:L407>  eff result size = 392955
[14:53:10.691]    DEBUG: <PixTest.cc/efficiencyMaps:L412> Create hists HR_xeff_CalDelScan_step17_C0 .. HR_xeff_CalDelScan_step17_C15
[14:53:10.692]    DEBUG: <PixTest.cc/efficiencyMaps:L426> booking xray maps for unmasked detector
[14:53:10.726]    DEBUG: <PixTest.cc/efficiencyMaps:L396>       attempt #0
[14:53:11.391]     INFO: Expecting 41600 events.
[14:53:14.760]     INFO: 41600 events read in total (2843ms).
[14:53:14.763]     INFO: Test took 4037ms.
[14:53:14.827]     INFO: Fetched DAQ statistics. Counters are being reset now.
[14:53:14.827]    DEBUG: <PixTest.cc/efficiencyMaps:L407>  eff result size = 392648
[14:53:14.828]    DEBUG: <PixTest.cc/efficiencyMaps:L412> Create hists HR_xeff_CalDelScan_step18_C0 .. HR_xeff_CalDelScan_step18_C15
[14:53:14.828]    DEBUG: <PixTest.cc/efficiencyMaps:L426> booking xray maps for unmasked detector
[14:53:14.862]    DEBUG: <PixTest.cc/efficiencyMaps:L396>       attempt #0
[14:53:15.527]     INFO: Expecting 41600 events.
[14:53:18.788]     INFO: 41600 events read in total (2734ms).
[14:53:18.792]     INFO: Test took 3930ms.
[14:53:18.858]     INFO: Fetched DAQ statistics. Counters are being reset now.
[14:53:18.858]    DEBUG: <PixTest.cc/efficiencyMaps:L407>  eff result size = 388810
[14:53:18.858]    DEBUG: <PixTest.cc/efficiencyMaps:L412> Create hists HR_xeff_CalDelScan_step19_C0 .. HR_xeff_CalDelScan_step19_C15
[14:53:18.858]    DEBUG: <PixTest.cc/efficiencyMaps:L426> booking xray maps for unmasked detector
[14:53:19.117]    DEBUG: <PixTestHighRate.cc/doCalDelScan:L422> roc  0: caldel = 184 eff = 0.999808
[14:53:19.117]    DEBUG: <PixTestHighRate.cc/doCalDelScan:L422> roc  1: caldel = 184 eff = 0.999231
[14:53:19.118]    DEBUG: <PixTestHighRate.cc/doCalDelScan:L422> roc  2: caldel = 255 eff = 0
[14:53:19.118]    DEBUG: <PixTestHighRate.cc/doCalDelScan:L422> roc  3: caldel = 169 eff = 0.999303
[14:53:19.118]    DEBUG: <PixTestHighRate.cc/doCalDelScan:L422> roc  4: caldel = 169 eff = 0.999087
[14:53:19.118]    DEBUG: <PixTestHighRate.cc/doCalDelScan:L422> roc  5: caldel = 153 eff = 0.999279
[14:53:19.118]    DEBUG: <PixTestHighRate.cc/doCalDelScan:L422> roc  6: caldel = 163 eff = 0.999207
[14:53:19.118]    DEBUG: <PixTestHighRate.cc/doCalDelScan:L422> roc  7: caldel = 157 eff = 0.999591
[14:53:19.118]    DEBUG: <PixTestHighRate.cc/doCalDelScan:L422> roc  8: caldel = 167 eff = 0.999471
[14:53:19.119]    DEBUG: <PixTestHighRate.cc/doCalDelScan:L422> roc  9: caldel = 171 eff = 0.999038
[14:53:19.119]    DEBUG: <PixTestHighRate.cc/doCalDelScan:L422> roc 10: caldel = 149 eff = 0.998702
[14:53:19.119]    DEBUG: <PixTestHighRate.cc/doCalDelScan:L422> roc 11: caldel = 176 eff = 0.999303
[14:53:19.119]    DEBUG: <PixTestHighRate.cc/doCalDelScan:L422> roc 12: caldel = 161 eff = 0.998317
[14:53:19.119]    DEBUG: <PixTestHighRate.cc/doCalDelScan:L422> roc 13: caldel = 153 eff = 0.999327
[14:53:19.119]    DEBUG: <PixTestHighRate.cc/doCalDelScan:L422> roc 14: caldel = 134 eff = 0.999736
[14:53:19.119]    DEBUG: <PixTestHighRate.cc/doCalDelScan:L422> roc 15: caldel = 152 eff = 0.999736
[14:53:26.201]    DEBUG: <PixTab.cc/buttonClicked:L308> xxxPressed():  xpixelalive
[14:53:26.201]    DEBUG: <PixTestHighRate.cc/runCommand:L157> running command: xpixelalive
[14:53:26.201]     INFO:    ----------------------------------------------------------------------
[14:53:26.201]     INFO:    PixTestHighRate::xPixelAlive() ntrig = 50, vcal = 200
[14:53:26.201]     INFO:    ----------------------------------------------------------------------
[14:53:26.202]    DEBUG: <PixTestHighRate.cc/doXPixelAlive:L451>  old set: clk: 4
[14:53:26.202]    DEBUG: <PixTestHighRate.cc/doXPixelAlive:L451>  old set: ctr: 4
[14:53:26.202]    DEBUG: <PixTestHighRate.cc/doXPixelAlive:L451>  old set: sda: 19
[14:53:26.202]    DEBUG: <PixTestHighRate.cc/doXPixelAlive:L451>  old set: tin: 9
[14:53:26.202]    DEBUG: <PixTestHighRate.cc/doXPixelAlive:L451>  old set: level: 15
[14:53:26.202]    DEBUG: <PixTestHighRate.cc/doXPixelAlive:L451>  old set: triggerdelay: 0
[14:53:26.202]    DEBUG: <PixTestHighRate.cc/doXPixelAlive:L467>  setting: clk: 4
[14:53:26.202]    DEBUG: <PixTestHighRate.cc/doXPixelAlive:L467>  setting: ctr: 4
[14:53:26.202]    DEBUG: <PixTestHighRate.cc/doXPixelAlive:L467>  setting: sda: 19
[14:53:26.202]    DEBUG: <PixTestHighRate.cc/doXPixelAlive:L467>  setting: tin: 9
[14:53:26.202]    DEBUG: <PixTestHighRate.cc/doXPixelAlive:L467>  setting: level: 15
[14:53:26.202]    DEBUG: <PixTestHighRate.cc/doXPixelAlive:L467>  setting: triggerdelay: 20
[14:53:26.247]    DEBUG: <PixTest.cc/efficiencyMaps:L396>       attempt #0
[14:53:26.915]     INFO: Expecting 208000 events.
[14:53:39.543]     INFO: 208000 events read in total (12102ms).
[14:53:39.551]     INFO: Test took 13304ms.
[14:53:39.840]     INFO: Fetched DAQ statistics. Counters are being reset now.
[14:53:39.840]    DEBUG: <PixTest.cc/efficiencyMaps:L407>  eff result size = 1696810
[14:53:39.840]    DEBUG: <PixTest.cc/efficiencyMaps:L412> Create hists highRate_C0 .. highRate_C15
[14:53:39.840]    DEBUG: <PixTest.cc/efficiencyMaps:L426> booking xray maps for unmasked detector
[14:53:40.186]     INFO: number of dead pixels (per ROC):     0    2 4160    0    0    0    0    0    0    0    1    0    4    1    0    0
[14:53:40.186]     INFO: number of red-efficiency pixels:   119   66 4160  192  219  209  188  148  116  209  238  191  192  125   60   84
[14:53:40.186]     INFO: number of X-ray hits detected:    83274 53126    0 133434 140184 138976 139283 88952 90966 144537 146831 131639 135567 89532 52388 65729
[14:53:40.186]     INFO: number of triggers sent (total per ROC):  208000 208000 208000 208000 208000 208000 208000 208000 208000 208000 208000 208000 208000 208000 208000 208000
[14:53:40.186]     INFO: number of Vcal hits detected:  207877 207835    0 207801 207775 207786 207806 207846 207882 207786 207654 207804 207609 207821 207937 207916
[14:53:40.186]     INFO: Vcal hit fiducial efficiency (%):  99.9 100.0 -nan 99.9 99.9 99.9 99.9 99.9 99.9 99.9 99.9 99.9 99.9 99.9 100.0 100.0
[14:53:40.186]     INFO: Vcal hit overall efficiency (%):  99.9 99.9 0.0 99.9 99.9 99.9 99.9 99.9 99.9 99.9 99.8 99.9 99.8 99.9 100.0 100.0
[14:53:40.186]     INFO: X-ray hit rate [MHz/cm2]:  24.4 15.6 0.0 39.1 41.1 40.7 40.8 26.1 26.7 42.4 43.0 38.6 39.7 26.2 15.4 19.3
[14:53:40.186]     INFO: PixTestHighRate::doXPixelAlive() done
[14:53:40.231]    DEBUG: <PixTestHighRate.cc/doXPixelAlive:L586>  resetting: clk: 4
[14:53:40.231]    DEBUG: <PixTestHighRate.cc/doXPixelAlive:L586>  resetting: ctr: 4
[14:53:40.231]    DEBUG: <PixTestHighRate.cc/doXPixelAlive:L586>  resetting: sda: 19
[14:53:40.231]    DEBUG: <PixTestHighRate.cc/doXPixelAlive:L586>  resetting: tin: 9
[14:53:40.231]    DEBUG: <PixTestHighRate.cc/doXPixelAlive:L586>  resetting: level: 15
[14:53:40.231]    DEBUG: <PixTestHighRate.cc/doXPixelAlive:L586>  resetting: triggerdelay: 0
[14:53:40.231]     INFO: PixTest::       pg_setup set to default.
[14:53:45.121]    DEBUG: <PixTest.cc/moduleMap:L1029> moduleMap histname: what
[14:53:45.122]    DEBUG: <PixTest.cc/moduleMap:L1039> h1->GetName() = highRate_xraymap_C12_V0 -> highRate_xraymap_mod
[14:53:46.753]    DEBUG: <PixGui.cc/handleButtons:L396> PixGui::exit called
[14:53:46.754]    DEBUG: <PixGui.cc/CloseWindow:L335> Final Analog Current: 382.7mA
[14:53:46.755]    DEBUG: <PixGui.cc/CloseWindow:L336> Final Digital Current: 739.6mA
[14:53:46.755]    DEBUG: <PixGui.cc/CloseWindow:L337> Final Module Temperature: 26.6 C
[14:53:46.755]    DEBUG: <PixTestBBMap.cc/~PixTestBBMap:L97> PixTestBBMap dtor
[14:53:46.755]    DEBUG: <PixTestBB2Map.cc/~PixTestBB2Map:L115> PixTestBB2Map dtor
[14:53:46.755]    DEBUG: <PixTestBB3Map.cc/~PixTestBB3Map:L99> PixTestBB3Map dtor
[14:53:46.755]    DEBUG: <PixTestBB4Map.cc/~PixTestBB4Map:L118> PixTestBB4Map dtor
[14:53:46.755]    DEBUG: <PixTestCmd.cc/~PixTestCmd:L78> PixTestCmd dtor
[14:53:46.755]    DEBUG: <PixTestDaq.cc/~PixTestDaq:L37> PixTestDaq dtor
[14:53:46.755]    DEBUG: <PixTestDacDacScan.cc/~PixTestDacDacScan:L136> PixTestDacDacScan dtor
[14:53:46.755]    DEBUG: <PixTestDacScan.cc/~PixTestDacScan:L129> PixTestDacScan dtor
[14:53:46.755]    DEBUG: <PixTestGainPedestal.cc/~PixTestGainPedestal:L125> PixTestGainPedestal dtor
[14:53:46.755]    DEBUG: <PixTestHighRate.cc/~PixTestHighRate:L245> PixTestHighRate dtor
[14:53:46.846]    DEBUG: <PixTestIV.cc/~PixTestIV:L96> PixTestIV dtor
[14:53:46.846]    DEBUG: <PixTestAlive.cc/~PixTestAlive:L109> PixTestAlive dtor
[14:53:46.846]    DEBUG: <PixTestPretest.cc/~PixTestPretest:L136> PixTestPretest dtor
[14:53:46.846]    DEBUG: <PixTestReadback.cc/~PixTestReadback:L89> PixTestReadback dtor, saving tree ... 
[14:53:46.846]    DEBUG: <PixTestScurves.cc/~PixTestScurves:L142> PixTestScurves dtor
[14:53:46.846]    DEBUG: <PixTestTiming.cc/~PixTestTiming:L97> PixTestTiming dtor
[14:53:46.846]    DEBUG: <PixTestTrim.cc/~PixTestTrim:L103> PixTestTrim dtor
[14:53:46.846]    DEBUG: <PixTestXray.cc/~PixTestXray:L217> PixTestXray dtor
[14:53:46.848]    QUIET: Connection to board 58 closed.
[14:53:46.928]    DEBUG: <PixMonitor.cc/dumpSummaries:L39> PixMonitor::dumpSummaries
