[14:53:56.932]     INFO: *** Welcome to pxar ***
[14:53:56.932]     INFO: *** Today: 2015/12/29
[14:53:56.943]     INFO: *** Version: prod-12
[14:53:56.943]     INFO: readRocDacs: data/mh113//dacParameters35_C0.dat .. data/mh113//dacParameters35_C15.dat
[14:53:56.944]     INFO: readTbmDacs: data/mh113//tbmParameters_C0a.dat .. data/mh113//tbmParameters_C0b.dat
[14:53:56.944]     INFO: readMaskFile: data/mh113//defaultMaskFile.dat
[14:53:56.945]     INFO: readTrimFile: data/mh113//trimParameters35_C0.dat .. data/mh113//trimParameters35_C15.dat
[14:53:57.098]     INFO:         clk: 4
[14:53:57.098]     INFO:         ctr: 4
[14:53:57.098]     INFO:         sda: 19
[14:53:57.098]     INFO:         tin: 9
[14:53:57.098]     INFO:         level: 15
[14:53:57.098]     INFO:         triggerdelay: 0
[14:53:57.098]    QUIET: Instanciating API for pxar prod-12
[14:53:57.098]     INFO: Log level: DEBUG
[14:53:57.110]    QUIET: Connection to board DTB_WRPRHI opened.
[14:53:57.114]     INFO: DTB startup information
--- DTB info------------------------------------------
Board id:    58
HW version:  DTB1.2
FW version:  4.2
SW version:  4.5
USB id:      DTB_WRPRHI
MAC address: 40D85511803A
Hostname:    pixelDTB058
Comment:     
------------------------------------------------------
[14:53:57.116]     INFO: RPC call hashes of host and DTB match: 398089610
[14:53:58.720]     INFO: DUT info: 
[14:53:58.720]     INFO: The DUT currently contains the following objects:
[14:53:58.720]     INFO:  2 TBM Cores tbm08c (2 ON)
[14:53:58.721]     INFO: 	TBM Core alpha (0): 7 registers set
[14:53:58.721]     INFO: 	TBM Core beta  (1): 7 registers set
[14:53:58.721]     INFO: 16 ROCs psi46digv21respin (16 ON) with 4160 pixelConfigs
[14:53:58.721]     INFO: 	ROC 0: 19 DACs set, Pixels: 0 masked, 0 active.
[14:53:58.721]     INFO: 	ROC 1: 19 DACs set, Pixels: 0 masked, 0 active.
[14:53:58.721]     INFO: 	ROC 2: 19 DACs set, Pixels: 0 masked, 0 active.
[14:53:58.721]     INFO: 	ROC 3: 19 DACs set, Pixels: 0 masked, 0 active.
[14:53:58.721]     INFO: 	ROC 4: 19 DACs set, Pixels: 0 masked, 0 active.
[14:53:58.721]     INFO: 	ROC 5: 19 DACs set, Pixels: 0 masked, 0 active.
[14:53:58.721]     INFO: 	ROC 6: 19 DACs set, Pixels: 0 masked, 0 active.
[14:53:58.721]     INFO: 	ROC 7: 19 DACs set, Pixels: 0 masked, 0 active.
[14:53:58.721]     INFO: 	ROC 8: 19 DACs set, Pixels: 0 masked, 0 active.
[14:53:58.721]     INFO: 	ROC 9: 19 DACs set, Pixels: 0 masked, 0 active.
[14:53:58.721]     INFO: 	ROC 10: 19 DACs set, Pixels: 0 masked, 0 active.
[14:53:58.721]     INFO: 	ROC 11: 19 DACs set, Pixels: 0 masked, 0 active.
[14:53:58.721]     INFO: 	ROC 12: 19 DACs set, Pixels: 0 masked, 0 active.
[14:53:58.721]     INFO: 	ROC 13: 19 DACs set, Pixels: 0 masked, 0 active.
[14:53:58.721]     INFO: 	ROC 14: 19 DACs set, Pixels: 0 masked, 0 active.
[14:53:58.721]     INFO: 	ROC 15: 19 DACs set, Pixels: 0 masked, 0 active.
[14:53:58.721]    DEBUG: <PixTestParameters.cc/dump:L104> PixTestParameters: ->BB<-
[14:53:58.721]    DEBUG: <PixTestParameters.cc/dump:L107>   dumpall: checkbox(0)
[14:53:58.721]    DEBUG: <PixTestParameters.cc/dump:L107>   dumpproblematic: checkbox(0)
[14:53:58.722]    DEBUG: <PixTestParameters.cc/dump:L107>   ntrig: 5
[14:53:58.722]    DEBUG: <PixTestParameters.cc/dump:L107>   vcals: 250
[14:53:58.722]    DEBUG: <PixTestParameters.cc/dump:L104> PixTestParameters: ->BB2<-
[14:53:58.722]    DEBUG: <PixTestParameters.cc/dump:L107>   ntrig: 10
[14:53:58.722]    DEBUG: <PixTestParameters.cc/dump:L107>   vcals: 222
[14:53:58.722]    DEBUG: <PixTestParameters.cc/dump:L107>   plwidth: 35
[14:53:58.722]    DEBUG: <PixTestParameters.cc/dump:L107>   pix: 11,20
[14:53:58.722]    DEBUG: <PixTestParameters.cc/dump:L107>   targetia: 24
[14:53:58.722]    DEBUG: <PixTestParameters.cc/dump:L104> PixTestParameters: ->BB3<-
[14:53:58.722]    DEBUG: <PixTestParameters.cc/dump:L107>   dumpall: checkbox(0)
[14:53:58.722]    DEBUG: <PixTestParameters.cc/dump:L107>   dumpproblematic: checkbox(0)
[14:53:58.722]    DEBUG: <PixTestParameters.cc/dump:L107>   ntrig: 5
[14:53:58.722]    DEBUG: <PixTestParameters.cc/dump:L107>   vcals: 250
[14:53:58.722]    DEBUG: <PixTestParameters.cc/dump:L104> PixTestParameters: ->BB4<-
[14:53:58.722]    DEBUG: <PixTestParameters.cc/dump:L107>   savecaldelscan: checkbox(0)
[14:53:58.722]    DEBUG: <PixTestParameters.cc/dump:L107>   ntrig: 100
[14:53:58.722]    DEBUG: <PixTestParameters.cc/dump:L107>   cals: 1
[14:53:58.722]    DEBUG: <PixTestParameters.cc/dump:L107>   caldello: 80
[14:53:58.722]    DEBUG: <PixTestParameters.cc/dump:L107>   caldelhi: 200
[14:53:58.722]    DEBUG: <PixTestParameters.cc/dump:L107>   caldelstep: 10
[14:53:58.722]    DEBUG: <PixTestParameters.cc/dump:L107>   vthrcomplo: 70
[14:53:58.722]    DEBUG: <PixTestParameters.cc/dump:L107>   vthrcomphi: 130
[14:53:58.722]    DEBUG: <PixTestParameters.cc/dump:L107>   vthrcompstep: 5
[14:53:58.722]    DEBUG: <PixTestParameters.cc/dump:L107>   noisypixels: 10
[14:53:58.722]    DEBUG: <PixTestParameters.cc/dump:L107>   vcal: 255
[14:53:58.722]    DEBUG: <PixTestParameters.cc/dump:L107>   cut: 0.5
[14:53:58.722]    DEBUG: <PixTestParameters.cc/dump:L104> PixTestParameters: ->Cmd<-
[14:53:58.722]    DEBUG: <PixTestParameters.cc/dump:L104> PixTestParameters: ->DAQ<-
[14:53:58.722]    DEBUG: <PixTestParameters.cc/dump:L107>   delaytbm: checkbox
[14:53:58.722]    DEBUG: <PixTestParameters.cc/dump:L107>   filltree: checkbox
[14:53:58.722]    DEBUG: <PixTestParameters.cc/dump:L107>   trgfrequency(khz): 100
[14:53:58.722]    DEBUG: <PixTestParameters.cc/dump:L107>   maskhotpixels: button
[14:53:58.722]    DEBUG: <PixTestParameters.cc/dump:L107>   trgnumber: 5
[14:53:58.722]    DEBUG: <PixTestParameters.cc/dump:L107>   iterations: 10
[14:53:58.722]    DEBUG: <PixTestParameters.cc/dump:L107>   rundaqtrg: button
[14:53:58.722]    DEBUG: <PixTestParameters.cc/dump:L107>   daqseconds: 5
[14:53:58.722]    DEBUG: <PixTestParameters.cc/dump:L107>   rundaqseconds: button
[14:53:58.722]    DEBUG: <PixTestParameters.cc/dump:L104> PixTestParameters: ->DacDacScan<-
[14:53:58.722]    DEBUG: <PixTestParameters.cc/dump:L107>   phmap: checkbox
[14:53:58.722]    DEBUG: <PixTestParameters.cc/dump:L107>   ntrig: 10
[14:53:58.722]    DEBUG: <PixTestParameters.cc/dump:L107>   dac1: caldel
[14:53:58.722]    DEBUG: <PixTestParameters.cc/dump:L107>   dac1lo: 0
[14:53:58.722]    DEBUG: <PixTestParameters.cc/dump:L107>   dac1hi: 255
[14:53:58.722]    DEBUG: <PixTestParameters.cc/dump:L107>   dac2: vthrcomp
[14:53:58.722]    DEBUG: <PixTestParameters.cc/dump:L107>   dac2lo: 0
[14:53:58.722]    DEBUG: <PixTestParameters.cc/dump:L107>   dac2hi: 255
[14:53:58.722]    DEBUG: <PixTestParameters.cc/dump:L107>   pix: 11,20
[14:53:58.722]    DEBUG: <PixTestParameters.cc/dump:L104> PixTestParameters: ->DacScan<-
[14:53:58.722]    DEBUG: <PixTestParameters.cc/dump:L107>   phmap: checkbox(1)
[14:53:58.722]    DEBUG: <PixTestParameters.cc/dump:L107>   allpixels: checkbox(0)
[14:53:58.722]    DEBUG: <PixTestParameters.cc/dump:L107>   unmasked: checkbox(0)
[14:53:58.722]    DEBUG: <PixTestParameters.cc/dump:L107>   ntrig: 10
[14:53:58.722]    DEBUG: <PixTestParameters.cc/dump:L107>   dac: vcal
[14:53:58.722]    DEBUG: <PixTestParameters.cc/dump:L107>   daclo: 0
[14:53:58.722]    DEBUG: <PixTestParameters.cc/dump:L107>   dachi: 255
[14:53:58.722]    DEBUG: <PixTestParameters.cc/dump:L107>   pix: 11,20
[14:53:58.722]    DEBUG: <PixTestParameters.cc/dump:L104> PixTestParameters: ->GainPedestal<-
[14:53:58.722]    DEBUG: <PixTestParameters.cc/dump:L107>   showfits: checkbox(0)
[14:53:58.723]    DEBUG: <PixTestParameters.cc/dump:L107>   extended: checkbox(0)
[14:53:58.723]    DEBUG: <PixTestParameters.cc/dump:L107>   dumphists: checkbox(0)
[14:53:58.723]    DEBUG: <PixTestParameters.cc/dump:L107>   ntrig: 10
[14:53:58.723]    DEBUG: <PixTestParameters.cc/dump:L107>   vcalstep: 10
[14:53:58.723]    DEBUG: <PixTestParameters.cc/dump:L107>   measure: button
[14:53:58.723]    DEBUG: <PixTestParameters.cc/dump:L107>   fit: button
[14:53:58.723]    DEBUG: <PixTestParameters.cc/dump:L107>   save: button
[14:53:58.723]    DEBUG: <PixTestParameters.cc/dump:L104> PixTestParameters: ->HighRate<-
[14:53:58.723]    DEBUG: <PixTestParameters.cc/dump:L107>   pix: 11,20
[14:53:58.723]    DEBUG: <PixTestParameters.cc/dump:L107>   trimhotpixels: button
[14:53:58.723]    DEBUG: <PixTestParameters.cc/dump:L107>   trimhotpixelthr: 200
[14:53:58.723]    DEBUG: <PixTestParameters.cc/dump:L107>   runsecondshotpixels: 10
[14:53:58.723]    DEBUG: <PixTestParameters.cc/dump:L107>   savetrimbits: checkbox(1)
[14:53:58.723]    DEBUG: <PixTestParameters.cc/dump:L107>   maskuntrimmable: checkbox(1)
[14:53:58.723]    DEBUG: <PixTestParameters.cc/dump:L107>   maskhotpixels: button
[14:53:58.723]    DEBUG: <PixTestParameters.cc/dump:L107>   savemaskfile: checkbox(0)
[14:53:58.723]    DEBUG: <PixTestParameters.cc/dump:L107>   maskfilename: default
[14:53:58.723]    DEBUG: <PixTestParameters.cc/dump:L107>   caldelscan: button
[14:53:58.723]    DEBUG: <PixTestParameters.cc/dump:L107>   xpixelalive: button
[14:53:58.723]    DEBUG: <PixTestParameters.cc/dump:L107>   ntrig: 50
[14:53:58.723]    DEBUG: <PixTestParameters.cc/dump:L107>   vcal: 200
[14:53:58.723]    DEBUG: <PixTestParameters.cc/dump:L107>   xnoisemaps: button
[14:53:58.723]    DEBUG: <PixTestParameters.cc/dump:L107>   daclo: 0
[14:53:58.723]    DEBUG: <PixTestParameters.cc/dump:L107>   dachi: 100
[14:53:58.723]    DEBUG: <PixTestParameters.cc/dump:L107>   dacs/step: 20
[14:53:58.723]    DEBUG: <PixTestParameters.cc/dump:L107>   rundaq: button
[14:53:58.723]    DEBUG: <PixTestParameters.cc/dump:L107>   trgfrequency(khz): 20
[14:53:58.723]    DEBUG: <PixTestParameters.cc/dump:L107>   runseconds: 5
[14:53:58.723]    DEBUG: <PixTestParameters.cc/dump:L107>   triggerdelay: 20
[14:53:58.723]    DEBUG: <PixTestParameters.cc/dump:L107>   delaytbm: checkbox
[14:53:58.723]    DEBUG: <PixTestParameters.cc/dump:L107>   filltree: checkbox
[14:53:58.723]    DEBUG: <PixTestParameters.cc/dump:L104> PixTestParameters: ->IV<-
[14:53:58.723]    DEBUG: <PixTestParameters.cc/dump:L107>   port: /dev/ttyS0
[14:53:58.723]    DEBUG: <PixTestParameters.cc/dump:L107>   voltagestart: 0
[14:53:58.723]    DEBUG: <PixTestParameters.cc/dump:L107>   voltagestop: 600
[14:53:58.723]    DEBUG: <PixTestParameters.cc/dump:L107>   voltagestep: 5
[14:53:58.723]    DEBUG: <PixTestParameters.cc/dump:L107>   delay: 1
[14:53:58.723]    DEBUG: <PixTestParameters.cc/dump:L107>   compliance(ua): 100
[14:53:58.723]    DEBUG: <PixTestParameters.cc/dump:L104> PixTestParameters: ->PhOptimization<-
[14:53:58.723]    DEBUG: <PixTestParameters.cc/dump:L107>   ntrig: 10
[14:53:58.723]    DEBUG: <PixTestParameters.cc/dump:L107>   safetymarginlow: 20
[14:53:58.723]    DEBUG: <PixTestParameters.cc/dump:L107>   saturationvcal: 100
[14:53:58.723]    DEBUG: <PixTestParameters.cc/dump:L107>   quantilesaturation: 0.98
[14:53:58.723]    DEBUG: <PixTestParameters.cc/dump:L104> PixTestParameters: ->PixelAlive<-
[14:53:58.723]    DEBUG: <PixTestParameters.cc/dump:L107>   ntrig: 10
[14:53:58.723]    DEBUG: <PixTestParameters.cc/dump:L107>   vcal: 200
[14:53:58.723]    DEBUG: <PixTestParameters.cc/dump:L107>   alivetest: button
[14:53:58.723]    DEBUG: <PixTestParameters.cc/dump:L107>   masktest: button
[14:53:58.723]    DEBUG: <PixTestParameters.cc/dump:L107>   addressdecodingtest: button
[14:53:58.723]    DEBUG: <PixTestParameters.cc/dump:L104> PixTestParameters: ->Pretest<-
[14:53:58.723]    DEBUG: <PixTestParameters.cc/dump:L107>   programroc: button
[14:53:58.723]    DEBUG: <PixTestParameters.cc/dump:L107>   targetia: 24
[14:53:58.723]    DEBUG: <PixTestParameters.cc/dump:L107>   setvana: button
[14:53:58.723]    DEBUG: <PixTestParameters.cc/dump:L107>   iterations: 100
[14:53:58.723]    DEBUG: <PixTestParameters.cc/dump:L107>   settimings: button
[14:53:58.723]    DEBUG: <PixTestParameters.cc/dump:L107>   findtiming: button
[14:53:58.723]    DEBUG: <PixTestParameters.cc/dump:L107>   findworkingpixel: button
[14:53:58.723]    DEBUG: <PixTestParameters.cc/dump:L107>   setvthrcompcaldel: button
[14:53:58.724]    DEBUG: <PixTestParameters.cc/dump:L107>   pix: 11,20
[14:53:58.724]    DEBUG: <PixTestParameters.cc/dump:L107>   vcal: 250
[14:53:58.724]    DEBUG: <PixTestParameters.cc/dump:L107>   deltavthrcomp: 50
[14:53:58.724]    DEBUG: <PixTestParameters.cc/dump:L107>   fraccaldel: 0.5
[14:53:58.724]    DEBUG: <PixTestParameters.cc/dump:L107>   ntrig: 5
[14:53:58.724]    DEBUG: <PixTestParameters.cc/dump:L107>   savedacs: button
[14:53:58.724]    DEBUG: <PixTestParameters.cc/dump:L104> PixTestParameters: ->Readback<-
[14:53:58.724]    DEBUG: <PixTestParameters.cc/dump:L107>   calibratevd: button
[14:53:58.724]    DEBUG: <PixTestParameters.cc/dump:L107>   calibrateva: button
[14:53:58.724]    DEBUG: <PixTestParameters.cc/dump:L107>   calibrateia: button
[14:53:58.724]    DEBUG: <PixTestParameters.cc/dump:L107>   readbackvbg: button
[14:53:58.724]    DEBUG: <PixTestParameters.cc/dump:L107>   getcalibratedvbg: button
[14:53:58.724]    DEBUG: <PixTestParameters.cc/dump:L107>   usecalvd: checkbox(1)
[14:53:58.724]    DEBUG: <PixTestParameters.cc/dump:L107>   usecalva: checkbox(0)
[14:53:58.724]    DEBUG: <PixTestParameters.cc/dump:L107>   setvana: button
[14:53:58.724]    DEBUG: <PixTestParameters.cc/dump:L104> PixTestParameters: ->Scurves<-
[14:53:58.724]    DEBUG: <PixTestParameters.cc/dump:L107>   adjustvcal: checkbox(0)
[14:53:58.724]    DEBUG: <PixTestParameters.cc/dump:L107>   dumpall: checkbox(0)
[14:53:58.724]    DEBUG: <PixTestParameters.cc/dump:L107>   dumpproblematic: checkbox(0)
[14:53:58.724]    DEBUG: <PixTestParameters.cc/dump:L107>   dumpoutputfile: checkbox(0)
[14:53:58.724]    DEBUG: <PixTestParameters.cc/dump:L107>   ntrig: 50
[14:53:58.724]    DEBUG: <PixTestParameters.cc/dump:L107>   dac: Vcal
[14:53:58.724]    DEBUG: <PixTestParameters.cc/dump:L107>   daclo: 05
[14:53:58.724]    DEBUG: <PixTestParameters.cc/dump:L107>   dachi: 75
[14:53:58.724]    DEBUG: <PixTestParameters.cc/dump:L107>   dacs/step: -1
[14:53:58.724]    DEBUG: <PixTestParameters.cc/dump:L107>   ntrig/step: -1
[14:53:58.724]    DEBUG: <PixTestParameters.cc/dump:L107>   scurves: button
[14:53:58.724]    DEBUG: <PixTestParameters.cc/dump:L104> PixTestParameters: ->Timing<-
[14:53:58.724]    DEBUG: <PixTestParameters.cc/dump:L107>   targetclk: 4
[14:53:58.724]    DEBUG: <PixTestParameters.cc/dump:L107>   ntrig: 10000
[14:53:58.724]    DEBUG: <PixTestParameters.cc/dump:L107>   notokenpass: checkbox(0)
[14:53:58.724]    DEBUG: <PixTestParameters.cc/dump:L107>   ignorereadback: checkbox(0)
[14:53:58.724]    DEBUG: <PixTestParameters.cc/dump:L107>   clocksdascan: button
[14:53:58.724]    DEBUG: <PixTestParameters.cc/dump:L107>   phasescan: button
[14:53:58.724]    DEBUG: <PixTestParameters.cc/dump:L107>   levelscan: button
[14:53:58.724]    DEBUG: <PixTestParameters.cc/dump:L107>   tbmphasescan: button
[14:53:58.724]    DEBUG: <PixTestParameters.cc/dump:L107>   rocdelayscan: button
[14:53:58.724]    DEBUG: <PixTestParameters.cc/dump:L107>   timingtest: button
[14:53:58.724]    DEBUG: <PixTestParameters.cc/dump:L107>   saveparameters: button
[14:53:58.724]    DEBUG: <PixTestParameters.cc/dump:L104> PixTestParameters: ->Trim<-
[14:53:58.724]    DEBUG: <PixTestParameters.cc/dump:L107>   trim: button
[14:53:58.724]    DEBUG: <PixTestParameters.cc/dump:L107>   ntrig: 8
[14:53:58.724]    DEBUG: <PixTestParameters.cc/dump:L107>   vcal: 35
[14:53:58.724]    DEBUG: <PixTestParameters.cc/dump:L107>   trimbits: button
[14:53:58.724]    DEBUG: <PixTestParameters.cc/dump:L104> PixTestParameters: ->Xray<-
[14:53:58.724]    DEBUG: <PixTestParameters.cc/dump:L107>   maskhotpixels: button
[14:53:58.724]    DEBUG: <PixTestParameters.cc/dump:L107>   savemaskfile: checkbox(0)
[14:53:58.724]    DEBUG: <PixTestParameters.cc/dump:L107>   maskfilename: default
[14:53:58.724]    DEBUG: <PixTestParameters.cc/dump:L107>   source: Ag
[14:53:58.724]    DEBUG: <PixTestParameters.cc/dump:L107>   phrun: button
[14:53:58.724]    DEBUG: <PixTestParameters.cc/dump:L107>   runseconds: 240
[14:53:58.724]    DEBUG: <PixTestParameters.cc/dump:L107>   trgfrequency(khz): 100
[14:53:58.724]    DEBUG: <PixTestParameters.cc/dump:L107>   ratescan: button
[14:53:58.724]    DEBUG: <PixTestParameters.cc/dump:L107>   vthrcompmin: 10
[14:53:58.724]    DEBUG: <PixTestParameters.cc/dump:L107>   vthrcompmax: 80
[14:53:58.724]    DEBUG: <PixTestParameters.cc/dump:L107>   stepseconds: 5
[14:53:58.724]    DEBUG: <PixTestParameters.cc/dump:L107>   delaytbm: checkbox
[14:53:58.724]    DEBUG: <PixTestParameters.cc/dump:L107>   filltree: checkbox
[14:53:58.727]    DEBUG: <PixSetup.cc/init:L81> PixSetup init start; getCurrentRSS() = 36925440
[14:53:58.727]    DEBUG: <PixSetup.cc/init:L87> fPixTestParameters = 0x29dea00
[14:53:58.727]    DEBUG: <PixSetup.cc/init:L88>  fConfigParameters = 0x296d100
[14:53:58.727]    DEBUG: <PixSetup.cc/init:L89>        fPxarMemory = 0x7feb05393010
[14:53:58.727]    DEBUG: <PixSetup.cc/init:L90>         fPxarMemHi = 0x7feb0b5fe510
[14:53:58.727]    DEBUG: <PixSetup.cc/init:L106> PixSetup init done;  getCurrentRSS() = 36933632 fPxarMemory = 0x7feb05393010
[14:53:58.728]    DEBUG: <pXar.cc/main:L223> Initial Analog Current: 377.8mA
[14:53:58.729]    DEBUG: <pXar.cc/main:L224> Initial Digital Current: 740.4mA
[14:53:58.729]    DEBUG: <pXar.cc/main:L225> Initial Module Temperature: 25.3 C
[14:53:59.226]    DEBUG: <PixGui.cc/hvOn:L460> HV set On: 0x2fb5750
[14:53:59.289]    DEBUG: <PixTestFactory.cc/PixTestFactory:L53> PixTestFactory::PixTestFactory()
[14:53:59.289]    DEBUG: <PixTestBBMap.cc/init:L79> PixTestBBMap::init()
[14:53:59.289]    DEBUG: <PixTestBBMap.cc/PixTestBBMap:L27> PixTestBBMap ctor(PixSetup &a, string, TGTab *)
[14:53:59.295]    DEBUG: <PixTestBB2Map.cc/setParameter:L58> setting fTargetIa    = 24 mA/ROC
[14:53:59.295]    DEBUG: <PixTestBB2Map.cc/init:L97> PixTestBB2Map::init()
[14:53:59.295]    DEBUG: <PixTestBB2Map.cc/PixTestBB2Map:L29> PixTestBB2Map ctor(PixSetup &a, string, TGTab *)
[14:53:59.307]    DEBUG: <PixTestBB3Map.cc/init:L81> PixTestBB3Map::init()
[14:53:59.307]    DEBUG: <PixTestBB3Map.cc/PixTestBB3Map:L29> PixTestBB3Map ctor(PixSetup &a, string, TGTab *)
[14:53:59.327]    DEBUG: <PixTestBB4Map.cc/init:L93> PixTestBB4Map::init()
[14:53:59.327]    DEBUG: <PixTestBB4Map.cc/PixTestBB4Map:L26> PixTestMapeff ctor(PixSetup &a, string, TGTab *)
[14:53:59.341]     INFO: PixTestCmd::init()
[14:53:59.359]    DEBUG: <PixTestDaq.cc/init:L44> PixTestDaq::init()
[14:53:59.359]    DEBUG: <PixTestDaq.cc/PixTestDaq:L22> PixTestDaq ctor(PixSetup &a, string, TGTab *)
[14:53:59.360]     INFO: readGainPedestalParameters data/mh113//phCalibrationFitErr35_C0.dat .. data/mh113//phCalibrationFitErr35_C15.dat
[14:53:59.600]    DEBUG: <PixTestDacDacScan.cc/init:L103> PixTestDacDacScan::init()
[14:53:59.600]    DEBUG: <PixTestDacDacScan.cc/PixTestDacDacScan:L22> PixTestDacDacScan ctor(PixSetup &a, string, TGTab *)
[14:53:59.614]    DEBUG: <PixTestGainPedestal.cc/setParameter:L83> PixTestGainPedestal::PixTest() fVcalStep = 10
[14:53:59.620]    DEBUG: <PixTestHighRate.cc/setParameter:L68>   setting fParTriggerFrequency -> 20
[14:53:59.620]    DEBUG: <PixTestHighRate.cc/init:L198> PixTestHighRate::init()
[14:53:59.620]    DEBUG: <PixTestHighRate.cc/PixTestHighRate:L31> PixTestHighRate ctor(PixSetup &a, string, TGTab *)
[14:53:59.645]    DEBUG: <PixTest.cc/setTestParameter:L637>  setting  ntrig to new value 10
[14:53:59.645]    DEBUG: <PixTestPhOptimization.cc/setParameter:L37>   setting fParNtrig  ->10<- from sval = 10
[14:53:59.645]    DEBUG: <PixTestPhOptimization.cc/setParameter:L42>   setting fSafetyMarginLow  ->20<- from sval = 20
[14:53:59.645]    DEBUG: <PixTestPhOptimization.cc/setParameter:L48>   setting fVcalMax  ->100<- from sval = 100
[14:53:59.645]    DEBUG: <PixTestPhOptimization.cc/setParameter:L53>   setting fQuantMax  ->0.98<- from sval = 0.98
[14:53:59.651]    DEBUG: <PixTestAlive.cc/init:L77> PixTestAlive::init()
[14:53:59.651]    DEBUG: <PixTestAlive.cc/PixTestAlive:L21> PixTestAlive ctor(PixSetup &a, string, TGTab *)
[14:53:59.673]    DEBUG: <PixTestReadback.cc/setParameter:L172> fCalwVd set to 1
[14:53:59.673]    DEBUG: <PixTestReadback.cc/init:L95> PixTestReadback::init()
[14:53:59.673]    DEBUG: <PixTestReadback.cc/PixTestReadback:L22> PixTestReadback ctor(PixSetup &a, string, TGTab *)
[14:53:59.673]     INFO: readReadbackCal: data/mh113//readbackCal_C0.dat .. data/mh113//readbackCal_C15.dat
[14:53:59.682]    DEBUG: <PixTestScurves.cc/setParameter:L93> set fOutputFilename = 
[14:53:59.690]    DEBUG: <PixTestTiming.cc/setParameter:L60> PixTestTiming::PixTest() targetclk = 4
[14:53:59.690]    DEBUG: <PixTestTiming.cc/setParameter:L64> PixTestTiming::PixTest() ntrig = 10000
[14:53:59.690]    DEBUG: <PixTestTiming.cc/setParameter:L48> fNoTokenPass: 0
[14:53:59.690]    DEBUG: <PixTestTiming.cc/setParameter:L55> fIgnoreReadBack: 0
[14:53:59.690]    DEBUG: <PixTestTiming.cc/init:L74> PixTestTiming::init()
[14:53:59.711]    DEBUG: <PixTestXray.cc/init:L134> PixTestXray::init()
[14:53:59.711]    DEBUG: <PixTestXray.cc/PixTestXray:L28> PixTestXray ctor(PixSetup &a, string, TGTab *)
[14:54:10.993]    DEBUG: <PixTab.cc/buttonClicked:L308> xxxPressed():  caldelscan
[14:54:10.993]    DEBUG: <PixTestHighRate.cc/runCommand:L157> running command: caldelscan
[14:54:10.993]     INFO:    ----------------------------------------------------------------------
[14:54:10.993]     INFO:    PixTestHighRate::calDelScan() ntrig = 10, vcal = 200
[14:54:10.993]     INFO:    ----------------------------------------------------------------------
[14:54:11.135]     INFO: Expecting 768 events.
[14:54:12.273]     INFO: 768 events read in total (420ms).
[14:54:12.462]     INFO: Test took 1463ms.
[14:54:12.468]    DEBUG: <PixTest.cc/efficiencyMaps:L396>       attempt #0
[14:54:13.136]     INFO: Expecting 41600 events.
[14:54:16.187]     INFO: 41600 events read in total (2525ms).
[14:54:16.190]     INFO: Test took 3722ms.
[14:54:16.231]     INFO: Fetched DAQ statistics. Counters are being reset now.
[14:54:16.231]    DEBUG: <PixTest.cc/efficiencyMaps:L407>  eff result size = 244074
[14:54:16.231]    DEBUG: <PixTest.cc/efficiencyMaps:L412> Create hists HR_xeff_CalDelScan_step0_C0 .. HR_xeff_CalDelScan_step0_C15
[14:54:16.232]    DEBUG: <PixTest.cc/efficiencyMaps:L426> booking xray maps for unmasked detector
[14:54:16.255]    DEBUG: <PixTest.cc/efficiencyMaps:L396>       attempt #0
[14:54:16.928]     INFO: Expecting 41600 events.
[14:54:20.110]     INFO: 41600 events read in total (2655ms).
[14:54:20.113]     INFO: Test took 3858ms.
[14:54:20.155]     INFO: Fetched DAQ statistics. Counters are being reset now.
[14:54:20.155]    DEBUG: <PixTest.cc/efficiencyMaps:L407>  eff result size = 251695
[14:54:20.155]    DEBUG: <PixTest.cc/efficiencyMaps:L412> Create hists HR_xeff_CalDelScan_step1_C0 .. HR_xeff_CalDelScan_step1_C15
[14:54:20.155]    DEBUG: <PixTest.cc/efficiencyMaps:L426> booking xray maps for unmasked detector
[14:54:20.180]    DEBUG: <PixTest.cc/efficiencyMaps:L396>       attempt #0
[14:54:20.847]     INFO: Expecting 41600 events.
[14:54:24.043]     INFO: 41600 events read in total (2669ms).
[14:54:24.046]     INFO: Test took 3866ms.
[14:54:24.088]     INFO: Fetched DAQ statistics. Counters are being reset now.
[14:54:24.088]    DEBUG: <PixTest.cc/efficiencyMaps:L407>  eff result size = 252389
[14:54:24.088]    DEBUG: <PixTest.cc/efficiencyMaps:L412> Create hists HR_xeff_CalDelScan_step2_C0 .. HR_xeff_CalDelScan_step2_C15
[14:54:24.088]    DEBUG: <PixTest.cc/efficiencyMaps:L426> booking xray maps for unmasked detector
[14:54:24.112]    DEBUG: <PixTest.cc/efficiencyMaps:L396>       attempt #0
[14:54:24.779]     INFO: Expecting 41600 events.
[14:54:27.985]     INFO: 41600 events read in total (2680ms).
[14:54:27.987]     INFO: Test took 3875ms.
[14:54:28.029]     INFO: Fetched DAQ statistics. Counters are being reset now.
[14:54:28.029]    DEBUG: <PixTest.cc/efficiencyMaps:L407>  eff result size = 251591
[14:54:28.029]    DEBUG: <PixTest.cc/efficiencyMaps:L412> Create hists HR_xeff_CalDelScan_step3_C0 .. HR_xeff_CalDelScan_step3_C15
[14:54:28.029]    DEBUG: <PixTest.cc/efficiencyMaps:L426> booking xray maps for unmasked detector
[14:54:28.054]    DEBUG: <PixTest.cc/efficiencyMaps:L396>       attempt #0
[14:54:28.720]     INFO: Expecting 41600 events.
[14:54:31.925]     INFO: 41600 events read in total (2678ms).
[14:54:31.927]     INFO: Test took 3873ms.
[14:54:31.971]     INFO: Fetched DAQ statistics. Counters are being reset now.
[14:54:31.971]    DEBUG: <PixTest.cc/efficiencyMaps:L407>  eff result size = 251908
[14:54:31.971]    DEBUG: <PixTest.cc/efficiencyMaps:L412> Create hists HR_xeff_CalDelScan_step4_C0 .. HR_xeff_CalDelScan_step4_C15
[14:54:31.971]    DEBUG: <PixTest.cc/efficiencyMaps:L426> booking xray maps for unmasked detector
[14:54:31.997]    DEBUG: <PixTest.cc/efficiencyMaps:L396>       attempt #0
[14:54:32.664]     INFO: Expecting 41600 events.
[14:54:35.867]     INFO: 41600 events read in total (2676ms).
[14:54:35.869]     INFO: Test took 3872ms.
[14:54:35.911]     INFO: Fetched DAQ statistics. Counters are being reset now.
[14:54:35.911]    DEBUG: <PixTest.cc/efficiencyMaps:L407>  eff result size = 252493
[14:54:35.911]    DEBUG: <PixTest.cc/efficiencyMaps:L412> Create hists HR_xeff_CalDelScan_step5_C0 .. HR_xeff_CalDelScan_step5_C15
[14:54:35.911]    DEBUG: <PixTest.cc/efficiencyMaps:L426> booking xray maps for unmasked detector
[14:54:35.936]    DEBUG: <PixTest.cc/efficiencyMaps:L396>       attempt #0
[14:54:36.603]     INFO: Expecting 41600 events.
[14:54:39.809]     INFO: 41600 events read in total (2679ms).
[14:54:39.812]     INFO: Test took 3876ms.
[14:54:39.855]     INFO: Fetched DAQ statistics. Counters are being reset now.
[14:54:39.856]    DEBUG: <PixTest.cc/efficiencyMaps:L407>  eff result size = 252869
[14:54:39.856]    DEBUG: <PixTest.cc/efficiencyMaps:L412> Create hists HR_xeff_CalDelScan_step6_C0 .. HR_xeff_CalDelScan_step6_C15
[14:54:39.856]    DEBUG: <PixTest.cc/efficiencyMaps:L426> booking xray maps for unmasked detector
[14:54:39.882]    DEBUG: <PixTest.cc/efficiencyMaps:L396>       attempt #0
[14:54:40.549]     INFO: Expecting 41600 events.
[14:54:43.754]     INFO: 41600 events read in total (2678ms).
[14:54:43.756]     INFO: Test took 3875ms.
[14:54:43.799]     INFO: Fetched DAQ statistics. Counters are being reset now.
[14:54:43.799]    DEBUG: <PixTest.cc/efficiencyMaps:L407>  eff result size = 252885
[14:54:43.799]    DEBUG: <PixTest.cc/efficiencyMaps:L412> Create hists HR_xeff_CalDelScan_step7_C0 .. HR_xeff_CalDelScan_step7_C15
[14:54:43.799]    DEBUG: <PixTest.cc/efficiencyMaps:L426> booking xray maps for unmasked detector
[14:54:43.824]    DEBUG: <PixTest.cc/efficiencyMaps:L396>       attempt #0
[14:54:44.490]     INFO: Expecting 41600 events.
[14:54:47.696]     INFO: 41600 events read in total (2679ms).
[14:54:47.698]     INFO: Test took 3874ms.
[14:54:47.739]     INFO: Fetched DAQ statistics. Counters are being reset now.
[14:54:47.739]    DEBUG: <PixTest.cc/efficiencyMaps:L407>  eff result size = 252238
[14:54:47.739]    DEBUG: <PixTest.cc/efficiencyMaps:L412> Create hists HR_xeff_CalDelScan_step8_C0 .. HR_xeff_CalDelScan_step8_C15
[14:54:47.740]    DEBUG: <PixTest.cc/efficiencyMaps:L426> booking xray maps for unmasked detector
[14:54:47.765]    DEBUG: <PixTest.cc/efficiencyMaps:L396>       attempt #0
[14:54:48.431]     INFO: Expecting 41600 events.
[14:54:51.633]     INFO: 41600 events read in total (2676ms).
[14:54:51.636]     INFO: Test took 3871ms.
[14:54:51.677]     INFO: Fetched DAQ statistics. Counters are being reset now.
[14:54:51.677]    DEBUG: <PixTest.cc/efficiencyMaps:L407>  eff result size = 251484
[14:54:51.677]    DEBUG: <PixTest.cc/efficiencyMaps:L412> Create hists HR_xeff_CalDelScan_step9_C0 .. HR_xeff_CalDelScan_step9_C15
[14:54:51.677]    DEBUG: <PixTest.cc/efficiencyMaps:L426> booking xray maps for unmasked detector
[14:54:51.702]    DEBUG: <PixTest.cc/efficiencyMaps:L396>       attempt #0
[14:54:52.370]     INFO: Expecting 41600 events.
[14:54:55.573]     INFO: 41600 events read in total (2677ms).
[14:54:55.576]     INFO: Test took 3874ms.
[14:54:55.618]     INFO: Fetched DAQ statistics. Counters are being reset now.
[14:54:55.618]    DEBUG: <PixTest.cc/efficiencyMaps:L407>  eff result size = 252386
[14:54:55.618]    DEBUG: <PixTest.cc/efficiencyMaps:L412> Create hists HR_xeff_CalDelScan_step10_C0 .. HR_xeff_CalDelScan_step10_C15
[14:54:55.618]    DEBUG: <PixTest.cc/efficiencyMaps:L426> booking xray maps for unmasked detector
[14:54:55.643]    DEBUG: <PixTest.cc/efficiencyMaps:L396>       attempt #0
[14:54:56.309]     INFO: Expecting 41600 events.
[14:54:59.515]     INFO: 41600 events read in total (2679ms).
[14:54:59.518]     INFO: Test took 3875ms.
[14:54:59.560]     INFO: Fetched DAQ statistics. Counters are being reset now.
[14:54:59.560]    DEBUG: <PixTest.cc/efficiencyMaps:L407>  eff result size = 252551
[14:54:59.560]    DEBUG: <PixTest.cc/efficiencyMaps:L412> Create hists HR_xeff_CalDelScan_step11_C0 .. HR_xeff_CalDelScan_step11_C15
[14:54:59.561]    DEBUG: <PixTest.cc/efficiencyMaps:L426> booking xray maps for unmasked detector
[14:54:59.585]    DEBUG: <PixTest.cc/efficiencyMaps:L396>       attempt #0
[14:55:00.251]     INFO: Expecting 41600 events.
[14:55:03.453]     INFO: 41600 events read in total (2675ms).
[14:55:03.455]     INFO: Test took 3870ms.
[14:55:03.499]     INFO: Fetched DAQ statistics. Counters are being reset now.
[14:55:03.499]    DEBUG: <PixTest.cc/efficiencyMaps:L407>  eff result size = 252013
[14:55:03.499]    DEBUG: <PixTest.cc/efficiencyMaps:L412> Create hists HR_xeff_CalDelScan_step12_C0 .. HR_xeff_CalDelScan_step12_C15
[14:55:03.499]    DEBUG: <PixTest.cc/efficiencyMaps:L426> booking xray maps for unmasked detector
[14:55:03.526]    DEBUG: <PixTest.cc/efficiencyMaps:L396>       attempt #0
[14:55:04.193]     INFO: Expecting 41600 events.
[14:55:07.394]     INFO: 41600 events read in total (2675ms).
[14:55:07.397]     INFO: Test took 3871ms.
[14:55:07.440]     INFO: Fetched DAQ statistics. Counters are being reset now.
[14:55:07.440]    DEBUG: <PixTest.cc/efficiencyMaps:L407>  eff result size = 252676
[14:55:07.440]    DEBUG: <PixTest.cc/efficiencyMaps:L412> Create hists HR_xeff_CalDelScan_step13_C0 .. HR_xeff_CalDelScan_step13_C15
[14:55:07.440]    DEBUG: <PixTest.cc/efficiencyMaps:L426> booking xray maps for unmasked detector
[14:55:07.467]    DEBUG: <PixTest.cc/efficiencyMaps:L396>       attempt #0
[14:55:08.134]     INFO: Expecting 41600 events.
[14:55:11.340]     INFO: 41600 events read in total (2679ms).
[14:55:11.342]     INFO: Test took 3875ms.
[14:55:11.384]     INFO: Fetched DAQ statistics. Counters are being reset now.
[14:55:11.384]    DEBUG: <PixTest.cc/efficiencyMaps:L407>  eff result size = 251617
[14:55:11.384]    DEBUG: <PixTest.cc/efficiencyMaps:L412> Create hists HR_xeff_CalDelScan_step14_C0 .. HR_xeff_CalDelScan_step14_C15
[14:55:11.385]    DEBUG: <PixTest.cc/efficiencyMaps:L426> booking xray maps for unmasked detector
[14:55:11.409]    DEBUG: <PixTest.cc/efficiencyMaps:L396>       attempt #0
[14:55:12.077]     INFO: Expecting 41600 events.
[14:55:15.284]     INFO: 41600 events read in total (2681ms).
[14:55:15.287]     INFO: Test took 3878ms.
[14:55:15.329]     INFO: Fetched DAQ statistics. Counters are being reset now.
[14:55:15.329]    DEBUG: <PixTest.cc/efficiencyMaps:L407>  eff result size = 252151
[14:55:15.329]    DEBUG: <PixTest.cc/efficiencyMaps:L412> Create hists HR_xeff_CalDelScan_step15_C0 .. HR_xeff_CalDelScan_step15_C15
[14:55:15.329]    DEBUG: <PixTest.cc/efficiencyMaps:L426> booking xray maps for unmasked detector
[14:55:15.354]    DEBUG: <PixTest.cc/efficiencyMaps:L396>       attempt #0
[14:55:16.020]     INFO: Expecting 41600 events.
[14:55:19.221]     INFO: 41600 events read in total (2674ms).
[14:55:19.224]     INFO: Test took 3870ms.
[14:55:19.266]     INFO: Fetched DAQ statistics. Counters are being reset now.
[14:55:19.266]    DEBUG: <PixTest.cc/efficiencyMaps:L407>  eff result size = 251961
[14:55:19.266]    DEBUG: <PixTest.cc/efficiencyMaps:L412> Create hists HR_xeff_CalDelScan_step16_C0 .. HR_xeff_CalDelScan_step16_C15
[14:55:19.267]    DEBUG: <PixTest.cc/efficiencyMaps:L426> booking xray maps for unmasked detector
[14:55:19.292]    DEBUG: <PixTest.cc/efficiencyMaps:L396>       attempt #0
[14:55:19.959]     INFO: Expecting 41600 events.
[14:55:23.160]     INFO: 41600 events read in total (2674ms).
[14:55:23.162]     INFO: Test took 3870ms.
[14:55:23.204]     INFO: Fetched DAQ statistics. Counters are being reset now.
[14:55:23.204]    DEBUG: <PixTest.cc/efficiencyMaps:L407>  eff result size = 251501
[14:55:23.205]    DEBUG: <PixTest.cc/efficiencyMaps:L412> Create hists HR_xeff_CalDelScan_step17_C0 .. HR_xeff_CalDelScan_step17_C15
[14:55:23.205]    DEBUG: <PixTest.cc/efficiencyMaps:L426> booking xray maps for unmasked detector
[14:55:23.230]    DEBUG: <PixTest.cc/efficiencyMaps:L396>       attempt #0
[14:55:23.897]     INFO: Expecting 41600 events.
[14:55:27.101]     INFO: 41600 events read in total (2677ms).
[14:55:27.104]     INFO: Test took 3874ms.
[14:55:27.146]     INFO: Fetched DAQ statistics. Counters are being reset now.
[14:55:27.146]    DEBUG: <PixTest.cc/efficiencyMaps:L407>  eff result size = 252082
[14:55:27.146]    DEBUG: <PixTest.cc/efficiencyMaps:L412> Create hists HR_xeff_CalDelScan_step18_C0 .. HR_xeff_CalDelScan_step18_C15
[14:55:27.147]    DEBUG: <PixTest.cc/efficiencyMaps:L426> booking xray maps for unmasked detector
[14:55:27.172]    DEBUG: <PixTest.cc/efficiencyMaps:L396>       attempt #0
[14:55:27.839]     INFO: Expecting 41600 events.
[14:55:30.926]     INFO: 41600 events read in total (2561ms).
[14:55:30.929]     INFO: Test took 3757ms.
[14:55:30.970]     INFO: Fetched DAQ statistics. Counters are being reset now.
[14:55:30.970]    DEBUG: <PixTest.cc/efficiencyMaps:L407>  eff result size = 248590
[14:55:30.971]    DEBUG: <PixTest.cc/efficiencyMaps:L412> Create hists HR_xeff_CalDelScan_step19_C0 .. HR_xeff_CalDelScan_step19_C15
[14:55:30.971]    DEBUG: <PixTest.cc/efficiencyMaps:L426> booking xray maps for unmasked detector
[14:55:31.272]    DEBUG: <PixTestHighRate.cc/doCalDelScan:L422> roc  0: caldel = 190 eff = 0.99988
[14:55:31.272]    DEBUG: <PixTestHighRate.cc/doCalDelScan:L422> roc  1: caldel = 174 eff = 0.999447
[14:55:31.273]    DEBUG: <PixTestHighRate.cc/doCalDelScan:L422> roc  2: caldel = 255 eff = 0
[14:55:31.273]    DEBUG: <PixTestHighRate.cc/doCalDelScan:L422> roc  3: caldel = 165 eff = 0.999663
[14:55:31.273]    DEBUG: <PixTestHighRate.cc/doCalDelScan:L422> roc  4: caldel = 156 eff = 0.999567
[14:55:31.273]    DEBUG: <PixTestHighRate.cc/doCalDelScan:L422> roc  5: caldel = 135 eff = 0.999567
[14:55:31.273]    DEBUG: <PixTestHighRate.cc/doCalDelScan:L422> roc  6: caldel = 166 eff = 0.999663
[14:55:31.273]    DEBUG: <PixTestHighRate.cc/doCalDelScan:L422> roc  7: caldel = 148 eff = 0.999736
[14:55:31.274]    DEBUG: <PixTestHighRate.cc/doCalDelScan:L422> roc  8: caldel = 170 eff = 0.99976
[14:55:31.274]    DEBUG: <PixTestHighRate.cc/doCalDelScan:L422> roc  9: caldel = 168 eff = 0.999567
[14:55:31.274]    DEBUG: <PixTestHighRate.cc/doCalDelScan:L422> roc 10: caldel = 140 eff = 0.999135
[14:55:31.274]    DEBUG: <PixTestHighRate.cc/doCalDelScan:L422> roc 11: caldel = 169 eff = 0.999663
[14:55:31.274]    DEBUG: <PixTestHighRate.cc/doCalDelScan:L422> roc 12: caldel = 163 eff = 0.998654
[14:55:31.274]    DEBUG: <PixTestHighRate.cc/doCalDelScan:L422> roc 13: caldel = 135 eff = 0.999519
[14:55:31.274]    DEBUG: <PixTestHighRate.cc/doCalDelScan:L422> roc 14: caldel = 128 eff = 0.999904
[14:55:31.275]    DEBUG: <PixTestHighRate.cc/doCalDelScan:L422> roc 15: caldel = 145 eff = 0.999928
[14:55:34.217]    DEBUG: <PixTab.cc/buttonClicked:L308> xxxPressed():  xpixelalive
[14:55:34.217]    DEBUG: <PixTestHighRate.cc/runCommand:L157> running command: xpixelalive
[14:55:34.217]     INFO:    ----------------------------------------------------------------------
[14:55:34.217]     INFO:    PixTestHighRate::xPixelAlive() ntrig = 50, vcal = 200
[14:55:34.217]     INFO:    ----------------------------------------------------------------------
[14:55:34.218]    DEBUG: <PixTestHighRate.cc/doXPixelAlive:L451>  old set: clk: 4
[14:55:34.218]    DEBUG: <PixTestHighRate.cc/doXPixelAlive:L451>  old set: ctr: 4
[14:55:34.218]    DEBUG: <PixTestHighRate.cc/doXPixelAlive:L451>  old set: sda: 19
[14:55:34.218]    DEBUG: <PixTestHighRate.cc/doXPixelAlive:L451>  old set: tin: 9
[14:55:34.218]    DEBUG: <PixTestHighRate.cc/doXPixelAlive:L451>  old set: level: 15
[14:55:34.218]    DEBUG: <PixTestHighRate.cc/doXPixelAlive:L451>  old set: triggerdelay: 0
[14:55:34.218]    DEBUG: <PixTestHighRate.cc/doXPixelAlive:L467>  setting: clk: 4
[14:55:34.218]    DEBUG: <PixTestHighRate.cc/doXPixelAlive:L467>  setting: ctr: 4
[14:55:34.218]    DEBUG: <PixTestHighRate.cc/doXPixelAlive:L467>  setting: sda: 19
[14:55:34.218]    DEBUG: <PixTestHighRate.cc/doXPixelAlive:L467>  setting: tin: 9
[14:55:34.218]    DEBUG: <PixTestHighRate.cc/doXPixelAlive:L467>  setting: level: 15
[14:55:34.218]    DEBUG: <PixTestHighRate.cc/doXPixelAlive:L467>  setting: triggerdelay: 20
[14:55:34.262]    DEBUG: <PixTest.cc/efficiencyMaps:L396>       attempt #0
[14:55:34.933]     INFO: Expecting 208000 events.
[14:55:46.655]     INFO: 208000 events read in total (11195ms).
[14:55:46.661]     INFO: Test took 12399ms.
[14:55:46.826]     INFO: Fetched DAQ statistics. Counters are being reset now.
[14:55:46.826]    DEBUG: <PixTest.cc/efficiencyMaps:L407>  eff result size = 996947
[14:55:46.826]    DEBUG: <PixTest.cc/efficiencyMaps:L412> Create hists highRate_C0 .. highRate_C15
[14:55:46.826]    DEBUG: <PixTest.cc/efficiencyMaps:L426> booking xray maps for unmasked detector
[14:55:47.128]     INFO: number of dead pixels (per ROC):     0    2 4160    0    0    0    0    0    0    0    1    0    4    1    0    0
[14:55:47.128]     INFO: number of red-efficiency pixels:    46   39 4160   90   93  120   99   74   59  116  128   93  101   79   33   45
[14:55:47.128]     INFO: number of X-ray hits detected:    47313 30430    0 76091 79863 79421 79005 50808 52322 81728 86934 75035 77542 50699 29748 37616
[14:55:47.128]     INFO: number of triggers sent (total per ROC):  208000 208000 208000 208000 208000 208000 208000 208000 208000 208000 208000 208000 208000 208000 208000 208000
[14:55:47.128]     INFO: number of Vcal hits detected:  207954 207862    0 207909 207906 207875 207899 207925 207936 207883 207746 207905 207703 207869 207967 207955
[14:55:47.128]     INFO: Vcal hit fiducial efficiency (%):  100.0 100.0 -nan 100.0 100.0 99.9 100.0 100.0 100.0 99.9 99.9 100.0 100.0 100.0 100.0 100.0
[14:55:47.128]     INFO: Vcal hit overall efficiency (%):  100.0 99.9 0.0 100.0 100.0 99.9 100.0 100.0 100.0 99.9 99.9 100.0 99.9 99.9 100.0 100.0
[14:55:47.128]     INFO: X-ray hit rate [MHz/cm2]:  13.9 8.9 0.0 22.3 23.4 23.3 23.2 14.9 15.3 24.0 25.5 22.0 22.7 14.9 8.7 11.0
[14:55:47.128]     INFO: PixTestHighRate::doXPixelAlive() done
[14:55:47.175]    DEBUG: <PixTestHighRate.cc/doXPixelAlive:L586>  resetting: clk: 4
[14:55:47.175]    DEBUG: <PixTestHighRate.cc/doXPixelAlive:L586>  resetting: ctr: 4
[14:55:47.175]    DEBUG: <PixTestHighRate.cc/doXPixelAlive:L586>  resetting: sda: 19
[14:55:47.175]    DEBUG: <PixTestHighRate.cc/doXPixelAlive:L586>  resetting: tin: 9
[14:55:47.175]    DEBUG: <PixTestHighRate.cc/doXPixelAlive:L586>  resetting: level: 15
[14:55:47.175]    DEBUG: <PixTestHighRate.cc/doXPixelAlive:L586>  resetting: triggerdelay: 0
[14:55:47.175]     INFO: PixTest::       pg_setup set to default.
[14:55:51.193]    DEBUG: <PixTest.cc/moduleMap:L1029> moduleMap histname: what
[14:55:51.193]    DEBUG: <PixTest.cc/moduleMap:L1039> h1->GetName() = highRate_xraymap_C12_V0 -> highRate_xraymap_mod
[14:55:56.257]    DEBUG: <PixGui.cc/handleButtons:L396> PixGui::exit called
[14:55:56.258]    DEBUG: <PixGui.cc/CloseWindow:L335> Final Analog Current: 382.7mA
[14:55:56.259]    DEBUG: <PixGui.cc/CloseWindow:L336> Final Digital Current: 739.6mA
[14:55:56.259]    DEBUG: <PixGui.cc/CloseWindow:L337> Final Module Temperature: 26.8 C
[14:55:56.259]    DEBUG: <PixTestBBMap.cc/~PixTestBBMap:L97> PixTestBBMap dtor
[14:55:56.259]    DEBUG: <PixTestBB2Map.cc/~PixTestBB2Map:L115> PixTestBB2Map dtor
[14:55:56.259]    DEBUG: <PixTestBB3Map.cc/~PixTestBB3Map:L99> PixTestBB3Map dtor
[14:55:56.259]    DEBUG: <PixTestBB4Map.cc/~PixTestBB4Map:L118> PixTestBB4Map dtor
[14:55:56.259]    DEBUG: <PixTestCmd.cc/~PixTestCmd:L78> PixTestCmd dtor
[14:55:56.260]    DEBUG: <PixTestDaq.cc/~PixTestDaq:L37> PixTestDaq dtor
[14:55:56.260]    DEBUG: <PixTestDacDacScan.cc/~PixTestDacDacScan:L136> PixTestDacDacScan dtor
[14:55:56.260]    DEBUG: <PixTestDacScan.cc/~PixTestDacScan:L129> PixTestDacScan dtor
[14:55:56.260]    DEBUG: <PixTestGainPedestal.cc/~PixTestGainPedestal:L125> PixTestGainPedestal dtor
[14:55:56.260]    DEBUG: <PixTestHighRate.cc/~PixTestHighRate:L245> PixTestHighRate dtor
[14:55:56.350]    DEBUG: <PixTestIV.cc/~PixTestIV:L96> PixTestIV dtor
[14:55:56.350]    DEBUG: <PixTestAlive.cc/~PixTestAlive:L109> PixTestAlive dtor
[14:55:56.350]    DEBUG: <PixTestPretest.cc/~PixTestPretest:L136> PixTestPretest dtor
[14:55:56.350]    DEBUG: <PixTestReadback.cc/~PixTestReadback:L89> PixTestReadback dtor, saving tree ... 
[14:55:56.350]    DEBUG: <PixTestScurves.cc/~PixTestScurves:L142> PixTestScurves dtor
[14:55:56.350]    DEBUG: <PixTestTiming.cc/~PixTestTiming:L97> PixTestTiming dtor
[14:55:56.350]    DEBUG: <PixTestTrim.cc/~PixTestTrim:L103> PixTestTrim dtor
[14:55:56.350]    DEBUG: <PixTestXray.cc/~PixTestXray:L217> PixTestXray dtor
[14:55:56.353]    QUIET: Connection to board 58 closed.
[14:55:56.434]    DEBUG: <PixMonitor.cc/dumpSummaries:L39> PixMonitor::dumpSummaries
