[14:37:40.617]     INFO: *** Welcome to pxar ***
[14:37:40.617]     INFO: *** Today: 2015/12/29
[14:37:40.627]     INFO: *** Version: prod-12
[14:37:40.627]     INFO: readRocDacs: data/mh113//dacParameters35_C0.dat .. data/mh113//dacParameters35_C15.dat
[14:37:40.628]     INFO: readTbmDacs: data/mh113//tbmParameters_C0a.dat .. data/mh113//tbmParameters_C0b.dat
[14:37:40.629]     INFO: readMaskFile: data/mh113//defaultMaskFile.dat
[14:37:40.629]     INFO: readTrimFile: data/mh113//trimParameters35_C0.dat .. data/mh113//trimParameters35_C15.dat
[14:37:40.785]     INFO:         clk: 4
[14:37:40.786]     INFO:         ctr: 4
[14:37:40.786]     INFO:         sda: 19
[14:37:40.786]     INFO:         tin: 9
[14:37:40.786]     INFO:         level: 15
[14:37:40.786]     INFO:         triggerdelay: 0
[14:37:40.786]    QUIET: Instanciating API for pxar prod-12
[14:37:40.786]     INFO: Log level: DEBUG
[14:37:40.797]    QUIET: Connection to board DTB_WRPRHI opened.
[14:37:40.800]     INFO: DTB startup information
--- DTB info------------------------------------------
Board id:    58
HW version:  DTB1.2
FW version:  4.2
SW version:  4.5
USB id:      DTB_WRPRHI
MAC address: 40D85511803A
Hostname:    pixelDTB058
Comment:     
------------------------------------------------------
[14:37:40.803]     INFO: RPC call hashes of host and DTB match: 398089610
[14:37:42.405]     INFO: DUT info: 
[14:37:42.405]     INFO: The DUT currently contains the following objects:
[14:37:42.406]     INFO:  2 TBM Cores tbm08c (2 ON)
[14:37:42.406]     INFO: 	TBM Core alpha (0): 7 registers set
[14:37:42.406]     INFO: 	TBM Core beta  (1): 7 registers set
[14:37:42.406]     INFO: 16 ROCs psi46digv21respin (16 ON) with 4160 pixelConfigs
[14:37:42.406]     INFO: 	ROC 0: 19 DACs set, Pixels: 0 masked, 0 active.
[14:37:42.406]     INFO: 	ROC 1: 19 DACs set, Pixels: 0 masked, 0 active.
[14:37:42.406]     INFO: 	ROC 2: 19 DACs set, Pixels: 0 masked, 0 active.
[14:37:42.406]     INFO: 	ROC 3: 19 DACs set, Pixels: 0 masked, 0 active.
[14:37:42.406]     INFO: 	ROC 4: 19 DACs set, Pixels: 0 masked, 0 active.
[14:37:42.406]     INFO: 	ROC 5: 19 DACs set, Pixels: 0 masked, 0 active.
[14:37:42.406]     INFO: 	ROC 6: 19 DACs set, Pixels: 0 masked, 0 active.
[14:37:42.406]     INFO: 	ROC 7: 19 DACs set, Pixels: 0 masked, 0 active.
[14:37:42.406]     INFO: 	ROC 8: 19 DACs set, Pixels: 0 masked, 0 active.
[14:37:42.406]     INFO: 	ROC 9: 19 DACs set, Pixels: 0 masked, 0 active.
[14:37:42.406]     INFO: 	ROC 10: 19 DACs set, Pixels: 0 masked, 0 active.
[14:37:42.406]     INFO: 	ROC 11: 19 DACs set, Pixels: 0 masked, 0 active.
[14:37:42.406]     INFO: 	ROC 12: 19 DACs set, Pixels: 0 masked, 0 active.
[14:37:42.406]     INFO: 	ROC 13: 19 DACs set, Pixels: 0 masked, 0 active.
[14:37:42.406]     INFO: 	ROC 14: 19 DACs set, Pixels: 0 masked, 0 active.
[14:37:42.406]     INFO: 	ROC 15: 19 DACs set, Pixels: 0 masked, 0 active.
[14:37:42.406]    DEBUG: <PixTestParameters.cc/dump:L104> PixTestParameters: ->BB<-
[14:37:42.406]    DEBUG: <PixTestParameters.cc/dump:L107>   dumpall: checkbox(0)
[14:37:42.406]    DEBUG: <PixTestParameters.cc/dump:L107>   dumpproblematic: checkbox(0)
[14:37:42.407]    DEBUG: <PixTestParameters.cc/dump:L107>   ntrig: 5
[14:37:42.407]    DEBUG: <PixTestParameters.cc/dump:L107>   vcals: 250
[14:37:42.407]    DEBUG: <PixTestParameters.cc/dump:L104> PixTestParameters: ->BB2<-
[14:37:42.407]    DEBUG: <PixTestParameters.cc/dump:L107>   ntrig: 10
[14:37:42.407]    DEBUG: <PixTestParameters.cc/dump:L107>   vcals: 222
[14:37:42.407]    DEBUG: <PixTestParameters.cc/dump:L107>   plwidth: 35
[14:37:42.407]    DEBUG: <PixTestParameters.cc/dump:L107>   pix: 11,20
[14:37:42.407]    DEBUG: <PixTestParameters.cc/dump:L107>   targetia: 24
[14:37:42.407]    DEBUG: <PixTestParameters.cc/dump:L104> PixTestParameters: ->BB3<-
[14:37:42.407]    DEBUG: <PixTestParameters.cc/dump:L107>   dumpall: checkbox(0)
[14:37:42.407]    DEBUG: <PixTestParameters.cc/dump:L107>   dumpproblematic: checkbox(0)
[14:37:42.407]    DEBUG: <PixTestParameters.cc/dump:L107>   ntrig: 5
[14:37:42.407]    DEBUG: <PixTestParameters.cc/dump:L107>   vcals: 250
[14:37:42.407]    DEBUG: <PixTestParameters.cc/dump:L104> PixTestParameters: ->BB4<-
[14:37:42.407]    DEBUG: <PixTestParameters.cc/dump:L107>   savecaldelscan: checkbox(0)
[14:37:42.407]    DEBUG: <PixTestParameters.cc/dump:L107>   ntrig: 100
[14:37:42.407]    DEBUG: <PixTestParameters.cc/dump:L107>   cals: 1
[14:37:42.407]    DEBUG: <PixTestParameters.cc/dump:L107>   caldello: 80
[14:37:42.407]    DEBUG: <PixTestParameters.cc/dump:L107>   caldelhi: 200
[14:37:42.407]    DEBUG: <PixTestParameters.cc/dump:L107>   caldelstep: 10
[14:37:42.407]    DEBUG: <PixTestParameters.cc/dump:L107>   vthrcomplo: 70
[14:37:42.407]    DEBUG: <PixTestParameters.cc/dump:L107>   vthrcomphi: 130
[14:37:42.407]    DEBUG: <PixTestParameters.cc/dump:L107>   vthrcompstep: 5
[14:37:42.407]    DEBUG: <PixTestParameters.cc/dump:L107>   noisypixels: 10
[14:37:42.407]    DEBUG: <PixTestParameters.cc/dump:L107>   vcal: 255
[14:37:42.407]    DEBUG: <PixTestParameters.cc/dump:L107>   cut: 0.5
[14:37:42.407]    DEBUG: <PixTestParameters.cc/dump:L104> PixTestParameters: ->Cmd<-
[14:37:42.407]    DEBUG: <PixTestParameters.cc/dump:L104> PixTestParameters: ->DAQ<-
[14:37:42.407]    DEBUG: <PixTestParameters.cc/dump:L107>   delaytbm: checkbox
[14:37:42.407]    DEBUG: <PixTestParameters.cc/dump:L107>   filltree: checkbox
[14:37:42.407]    DEBUG: <PixTestParameters.cc/dump:L107>   trgfrequency(khz): 100
[14:37:42.407]    DEBUG: <PixTestParameters.cc/dump:L107>   maskhotpixels: button
[14:37:42.407]    DEBUG: <PixTestParameters.cc/dump:L107>   trgnumber: 5
[14:37:42.407]    DEBUG: <PixTestParameters.cc/dump:L107>   iterations: 10
[14:37:42.407]    DEBUG: <PixTestParameters.cc/dump:L107>   rundaqtrg: button
[14:37:42.407]    DEBUG: <PixTestParameters.cc/dump:L107>   daqseconds: 5
[14:37:42.407]    DEBUG: <PixTestParameters.cc/dump:L107>   rundaqseconds: button
[14:37:42.407]    DEBUG: <PixTestParameters.cc/dump:L104> PixTestParameters: ->DacDacScan<-
[14:37:42.407]    DEBUG: <PixTestParameters.cc/dump:L107>   phmap: checkbox
[14:37:42.407]    DEBUG: <PixTestParameters.cc/dump:L107>   ntrig: 10
[14:37:42.407]    DEBUG: <PixTestParameters.cc/dump:L107>   dac1: caldel
[14:37:42.407]    DEBUG: <PixTestParameters.cc/dump:L107>   dac1lo: 0
[14:37:42.407]    DEBUG: <PixTestParameters.cc/dump:L107>   dac1hi: 255
[14:37:42.407]    DEBUG: <PixTestParameters.cc/dump:L107>   dac2: vthrcomp
[14:37:42.407]    DEBUG: <PixTestParameters.cc/dump:L107>   dac2lo: 0
[14:37:42.407]    DEBUG: <PixTestParameters.cc/dump:L107>   dac2hi: 255
[14:37:42.407]    DEBUG: <PixTestParameters.cc/dump:L107>   pix: 11,20
[14:37:42.407]    DEBUG: <PixTestParameters.cc/dump:L104> PixTestParameters: ->DacScan<-
[14:37:42.407]    DEBUG: <PixTestParameters.cc/dump:L107>   phmap: checkbox(1)
[14:37:42.407]    DEBUG: <PixTestParameters.cc/dump:L107>   allpixels: checkbox(0)
[14:37:42.407]    DEBUG: <PixTestParameters.cc/dump:L107>   unmasked: checkbox(0)
[14:37:42.407]    DEBUG: <PixTestParameters.cc/dump:L107>   ntrig: 10
[14:37:42.407]    DEBUG: <PixTestParameters.cc/dump:L107>   dac: vcal
[14:37:42.407]    DEBUG: <PixTestParameters.cc/dump:L107>   daclo: 0
[14:37:42.407]    DEBUG: <PixTestParameters.cc/dump:L107>   dachi: 255
[14:37:42.407]    DEBUG: <PixTestParameters.cc/dump:L107>   pix: 11,20
[14:37:42.408]    DEBUG: <PixTestParameters.cc/dump:L104> PixTestParameters: ->GainPedestal<-
[14:37:42.408]    DEBUG: <PixTestParameters.cc/dump:L107>   showfits: checkbox(0)
[14:37:42.408]    DEBUG: <PixTestParameters.cc/dump:L107>   extended: checkbox(0)
[14:37:42.408]    DEBUG: <PixTestParameters.cc/dump:L107>   dumphists: checkbox(0)
[14:37:42.408]    DEBUG: <PixTestParameters.cc/dump:L107>   ntrig: 10
[14:37:42.408]    DEBUG: <PixTestParameters.cc/dump:L107>   vcalstep: 10
[14:37:42.408]    DEBUG: <PixTestParameters.cc/dump:L107>   measure: button
[14:37:42.408]    DEBUG: <PixTestParameters.cc/dump:L107>   fit: button
[14:37:42.408]    DEBUG: <PixTestParameters.cc/dump:L107>   save: button
[14:37:42.408]    DEBUG: <PixTestParameters.cc/dump:L104> PixTestParameters: ->HighRate<-
[14:37:42.408]    DEBUG: <PixTestParameters.cc/dump:L107>   pix: 11,20
[14:37:42.408]    DEBUG: <PixTestParameters.cc/dump:L107>   trimhotpixels: button
[14:37:42.408]    DEBUG: <PixTestParameters.cc/dump:L107>   trimhotpixelthr: 200
[14:37:42.408]    DEBUG: <PixTestParameters.cc/dump:L107>   runsecondshotpixels: 10
[14:37:42.408]    DEBUG: <PixTestParameters.cc/dump:L107>   savetrimbits: checkbox(1)
[14:37:42.408]    DEBUG: <PixTestParameters.cc/dump:L107>   maskuntrimmable: checkbox(1)
[14:37:42.408]    DEBUG: <PixTestParameters.cc/dump:L107>   maskhotpixels: button
[14:37:42.408]    DEBUG: <PixTestParameters.cc/dump:L107>   savemaskfile: checkbox(0)
[14:37:42.408]    DEBUG: <PixTestParameters.cc/dump:L107>   maskfilename: default
[14:37:42.408]    DEBUG: <PixTestParameters.cc/dump:L107>   caldelscan: button
[14:37:42.408]    DEBUG: <PixTestParameters.cc/dump:L107>   xpixelalive: button
[14:37:42.408]    DEBUG: <PixTestParameters.cc/dump:L107>   ntrig: 50
[14:37:42.408]    DEBUG: <PixTestParameters.cc/dump:L107>   vcal: 200
[14:37:42.408]    DEBUG: <PixTestParameters.cc/dump:L107>   xnoisemaps: button
[14:37:42.408]    DEBUG: <PixTestParameters.cc/dump:L107>   daclo: 0
[14:37:42.408]    DEBUG: <PixTestParameters.cc/dump:L107>   dachi: 100
[14:37:42.408]    DEBUG: <PixTestParameters.cc/dump:L107>   dacs/step: 20
[14:37:42.408]    DEBUG: <PixTestParameters.cc/dump:L107>   rundaq: button
[14:37:42.408]    DEBUG: <PixTestParameters.cc/dump:L107>   trgfrequency(khz): 20
[14:37:42.408]    DEBUG: <PixTestParameters.cc/dump:L107>   runseconds: 5
[14:37:42.408]    DEBUG: <PixTestParameters.cc/dump:L107>   triggerdelay: 20
[14:37:42.408]    DEBUG: <PixTestParameters.cc/dump:L107>   delaytbm: checkbox
[14:37:42.408]    DEBUG: <PixTestParameters.cc/dump:L107>   filltree: checkbox
[14:37:42.408]    DEBUG: <PixTestParameters.cc/dump:L104> PixTestParameters: ->IV<-
[14:37:42.408]    DEBUG: <PixTestParameters.cc/dump:L107>   port: /dev/ttyS0
[14:37:42.408]    DEBUG: <PixTestParameters.cc/dump:L107>   voltagestart: 0
[14:37:42.408]    DEBUG: <PixTestParameters.cc/dump:L107>   voltagestop: 600
[14:37:42.408]    DEBUG: <PixTestParameters.cc/dump:L107>   voltagestep: 5
[14:37:42.408]    DEBUG: <PixTestParameters.cc/dump:L107>   delay: 1
[14:37:42.408]    DEBUG: <PixTestParameters.cc/dump:L107>   compliance(ua): 100
[14:37:42.408]    DEBUG: <PixTestParameters.cc/dump:L104> PixTestParameters: ->PhOptimization<-
[14:37:42.408]    DEBUG: <PixTestParameters.cc/dump:L107>   ntrig: 10
[14:37:42.408]    DEBUG: <PixTestParameters.cc/dump:L107>   safetymarginlow: 20
[14:37:42.408]    DEBUG: <PixTestParameters.cc/dump:L107>   saturationvcal: 100
[14:37:42.408]    DEBUG: <PixTestParameters.cc/dump:L107>   quantilesaturation: 0.98
[14:37:42.408]    DEBUG: <PixTestParameters.cc/dump:L104> PixTestParameters: ->PixelAlive<-
[14:37:42.408]    DEBUG: <PixTestParameters.cc/dump:L107>   ntrig: 10
[14:37:42.408]    DEBUG: <PixTestParameters.cc/dump:L107>   vcal: 200
[14:37:42.408]    DEBUG: <PixTestParameters.cc/dump:L107>   alivetest: button
[14:37:42.408]    DEBUG: <PixTestParameters.cc/dump:L107>   masktest: button
[14:37:42.408]    DEBUG: <PixTestParameters.cc/dump:L107>   addressdecodingtest: button
[14:37:42.408]    DEBUG: <PixTestParameters.cc/dump:L104> PixTestParameters: ->Pretest<-
[14:37:42.408]    DEBUG: <PixTestParameters.cc/dump:L107>   programroc: button
[14:37:42.408]    DEBUG: <PixTestParameters.cc/dump:L107>   targetia: 24
[14:37:42.408]    DEBUG: <PixTestParameters.cc/dump:L107>   setvana: button
[14:37:42.408]    DEBUG: <PixTestParameters.cc/dump:L107>   iterations: 100
[14:37:42.409]    DEBUG: <PixTestParameters.cc/dump:L107>   settimings: button
[14:37:42.409]    DEBUG: <PixTestParameters.cc/dump:L107>   findtiming: button
[14:37:42.409]    DEBUG: <PixTestParameters.cc/dump:L107>   findworkingpixel: button
[14:37:42.409]    DEBUG: <PixTestParameters.cc/dump:L107>   setvthrcompcaldel: button
[14:37:42.409]    DEBUG: <PixTestParameters.cc/dump:L107>   pix: 11,20
[14:37:42.409]    DEBUG: <PixTestParameters.cc/dump:L107>   vcal: 250
[14:37:42.409]    DEBUG: <PixTestParameters.cc/dump:L107>   deltavthrcomp: 50
[14:37:42.409]    DEBUG: <PixTestParameters.cc/dump:L107>   fraccaldel: 0.5
[14:37:42.409]    DEBUG: <PixTestParameters.cc/dump:L107>   ntrig: 5
[14:37:42.409]    DEBUG: <PixTestParameters.cc/dump:L107>   savedacs: button
[14:37:42.409]    DEBUG: <PixTestParameters.cc/dump:L104> PixTestParameters: ->Readback<-
[14:37:42.409]    DEBUG: <PixTestParameters.cc/dump:L107>   calibratevd: button
[14:37:42.409]    DEBUG: <PixTestParameters.cc/dump:L107>   calibrateva: button
[14:37:42.409]    DEBUG: <PixTestParameters.cc/dump:L107>   calibrateia: button
[14:37:42.409]    DEBUG: <PixTestParameters.cc/dump:L107>   readbackvbg: button
[14:37:42.409]    DEBUG: <PixTestParameters.cc/dump:L107>   getcalibratedvbg: button
[14:37:42.409]    DEBUG: <PixTestParameters.cc/dump:L107>   usecalvd: checkbox(1)
[14:37:42.409]    DEBUG: <PixTestParameters.cc/dump:L107>   usecalva: checkbox(0)
[14:37:42.409]    DEBUG: <PixTestParameters.cc/dump:L107>   setvana: button
[14:37:42.409]    DEBUG: <PixTestParameters.cc/dump:L104> PixTestParameters: ->Scurves<-
[14:37:42.409]    DEBUG: <PixTestParameters.cc/dump:L107>   adjustvcal: checkbox(0)
[14:37:42.409]    DEBUG: <PixTestParameters.cc/dump:L107>   dumpall: checkbox(0)
[14:37:42.409]    DEBUG: <PixTestParameters.cc/dump:L107>   dumpproblematic: checkbox(0)
[14:37:42.409]    DEBUG: <PixTestParameters.cc/dump:L107>   dumpoutputfile: checkbox(0)
[14:37:42.409]    DEBUG: <PixTestParameters.cc/dump:L107>   ntrig: 50
[14:37:42.409]    DEBUG: <PixTestParameters.cc/dump:L107>   dac: Vcal
[14:37:42.409]    DEBUG: <PixTestParameters.cc/dump:L107>   daclo: 05
[14:37:42.409]    DEBUG: <PixTestParameters.cc/dump:L107>   dachi: 75
[14:37:42.409]    DEBUG: <PixTestParameters.cc/dump:L107>   dacs/step: -1
[14:37:42.409]    DEBUG: <PixTestParameters.cc/dump:L107>   ntrig/step: -1
[14:37:42.409]    DEBUG: <PixTestParameters.cc/dump:L107>   scurves: button
[14:37:42.409]    DEBUG: <PixTestParameters.cc/dump:L104> PixTestParameters: ->Timing<-
[14:37:42.409]    DEBUG: <PixTestParameters.cc/dump:L107>   targetclk: 4
[14:37:42.409]    DEBUG: <PixTestParameters.cc/dump:L107>   ntrig: 10000
[14:37:42.409]    DEBUG: <PixTestParameters.cc/dump:L107>   notokenpass: checkbox(0)
[14:37:42.409]    DEBUG: <PixTestParameters.cc/dump:L107>   ignorereadback: checkbox(0)
[14:37:42.409]    DEBUG: <PixTestParameters.cc/dump:L107>   clocksdascan: button
[14:37:42.409]    DEBUG: <PixTestParameters.cc/dump:L107>   phasescan: button
[14:37:42.409]    DEBUG: <PixTestParameters.cc/dump:L107>   levelscan: button
[14:37:42.409]    DEBUG: <PixTestParameters.cc/dump:L107>   tbmphasescan: button
[14:37:42.409]    DEBUG: <PixTestParameters.cc/dump:L107>   rocdelayscan: button
[14:37:42.409]    DEBUG: <PixTestParameters.cc/dump:L107>   timingtest: button
[14:37:42.409]    DEBUG: <PixTestParameters.cc/dump:L107>   saveparameters: button
[14:37:42.409]    DEBUG: <PixTestParameters.cc/dump:L104> PixTestParameters: ->Trim<-
[14:37:42.409]    DEBUG: <PixTestParameters.cc/dump:L107>   trim: button
[14:37:42.409]    DEBUG: <PixTestParameters.cc/dump:L107>   ntrig: 8
[14:37:42.409]    DEBUG: <PixTestParameters.cc/dump:L107>   vcal: 35
[14:37:42.409]    DEBUG: <PixTestParameters.cc/dump:L107>   trimbits: button
[14:37:42.409]    DEBUG: <PixTestParameters.cc/dump:L104> PixTestParameters: ->Xray<-
[14:37:42.409]    DEBUG: <PixTestParameters.cc/dump:L107>   maskhotpixels: button
[14:37:42.409]    DEBUG: <PixTestParameters.cc/dump:L107>   savemaskfile: checkbox(0)
[14:37:42.409]    DEBUG: <PixTestParameters.cc/dump:L107>   maskfilename: default
[14:37:42.409]    DEBUG: <PixTestParameters.cc/dump:L107>   source: Ag
[14:37:42.409]    DEBUG: <PixTestParameters.cc/dump:L107>   phrun: button
[14:37:42.409]    DEBUG: <PixTestParameters.cc/dump:L107>   runseconds: 240
[14:37:42.409]    DEBUG: <PixTestParameters.cc/dump:L107>   trgfrequency(khz): 100
[14:37:42.409]    DEBUG: <PixTestParameters.cc/dump:L107>   ratescan: button
[14:37:42.410]    DEBUG: <PixTestParameters.cc/dump:L107>   vthrcompmin: 10
[14:37:42.410]    DEBUG: <PixTestParameters.cc/dump:L107>   vthrcompmax: 80
[14:37:42.410]    DEBUG: <PixTestParameters.cc/dump:L107>   stepseconds: 5
[14:37:42.410]    DEBUG: <PixTestParameters.cc/dump:L107>   delaytbm: checkbox
[14:37:42.410]    DEBUG: <PixTestParameters.cc/dump:L107>   filltree: checkbox
[14:37:42.412]    DEBUG: <PixSetup.cc/init:L81> PixSetup init start; getCurrentRSS() = 33574912
[14:37:42.412]    DEBUG: <PixSetup.cc/init:L87> fPixTestParameters = 0x248ea00
[14:37:42.412]    DEBUG: <PixSetup.cc/init:L88>  fConfigParameters = 0x241d100
[14:37:42.412]    DEBUG: <PixSetup.cc/init:L89>        fPxarMemory = 0x7ff589d94010
[14:37:42.412]    DEBUG: <PixSetup.cc/init:L90>         fPxarMemHi = 0x7ff58ffff510
[14:37:42.412]    DEBUG: <PixSetup.cc/init:L106> PixSetup init done;  getCurrentRSS() = 33583104 fPxarMemory = 0x7ff589d94010
[14:37:42.413]    DEBUG: <pXar.cc/main:L223> Initial Analog Current: 377mA
[14:37:42.414]    DEBUG: <pXar.cc/main:L224> Initial Digital Current: 739.6mA
[14:37:42.414]    DEBUG: <pXar.cc/main:L225> Initial Module Temperature: 4.6 C
[14:37:42.911]    DEBUG: <PixGui.cc/hvOn:L460> HV set On: 0x2a656e0
[14:37:42.972]    DEBUG: <PixTestFactory.cc/PixTestFactory:L53> PixTestFactory::PixTestFactory()
[14:37:42.972]    DEBUG: <PixTestBBMap.cc/init:L79> PixTestBBMap::init()
[14:37:42.973]    DEBUG: <PixTestBBMap.cc/PixTestBBMap:L27> PixTestBBMap ctor(PixSetup &a, string, TGTab *)
[14:37:42.978]    DEBUG: <PixTestBB2Map.cc/setParameter:L58> setting fTargetIa    = 24 mA/ROC
[14:37:42.978]    DEBUG: <PixTestBB2Map.cc/init:L97> PixTestBB2Map::init()
[14:37:42.978]    DEBUG: <PixTestBB2Map.cc/PixTestBB2Map:L29> PixTestBB2Map ctor(PixSetup &a, string, TGTab *)
[14:37:42.991]    DEBUG: <PixTestBB3Map.cc/init:L81> PixTestBB3Map::init()
[14:37:42.992]    DEBUG: <PixTestBB3Map.cc/PixTestBB3Map:L29> PixTestBB3Map ctor(PixSetup &a, string, TGTab *)
[14:37:43.008]    DEBUG: <PixTestBB4Map.cc/init:L93> PixTestBB4Map::init()
[14:37:43.008]    DEBUG: <PixTestBB4Map.cc/PixTestBB4Map:L26> PixTestMapeff ctor(PixSetup &a, string, TGTab *)
[14:37:43.025]     INFO: PixTestCmd::init()
[14:37:43.035]    DEBUG: <PixTestDaq.cc/init:L44> PixTestDaq::init()
[14:37:43.035]    DEBUG: <PixTestDaq.cc/PixTestDaq:L22> PixTestDaq ctor(PixSetup &a, string, TGTab *)
[14:37:43.035]     INFO: readGainPedestalParameters data/mh113//phCalibrationFitErr35_C0.dat .. data/mh113//phCalibrationFitErr35_C15.dat
[14:37:43.276]    DEBUG: <PixTestDacDacScan.cc/init:L103> PixTestDacDacScan::init()
[14:37:43.276]    DEBUG: <PixTestDacDacScan.cc/PixTestDacDacScan:L22> PixTestDacDacScan ctor(PixSetup &a, string, TGTab *)
[14:37:43.290]    DEBUG: <PixTestGainPedestal.cc/setParameter:L83> PixTestGainPedestal::PixTest() fVcalStep = 10
[14:37:43.296]    DEBUG: <PixTestHighRate.cc/setParameter:L68>   setting fParTriggerFrequency -> 20
[14:37:43.296]    DEBUG: <PixTestHighRate.cc/init:L198> PixTestHighRate::init()
[14:37:43.296]    DEBUG: <PixTestHighRate.cc/PixTestHighRate:L31> PixTestHighRate ctor(PixSetup &a, string, TGTab *)
[14:37:43.322]    DEBUG: <PixTest.cc/setTestParameter:L637>  setting  ntrig to new value 10
[14:37:43.322]    DEBUG: <PixTestPhOptimization.cc/setParameter:L37>   setting fParNtrig  ->10<- from sval = 10
[14:37:43.322]    DEBUG: <PixTestPhOptimization.cc/setParameter:L42>   setting fSafetyMarginLow  ->20<- from sval = 20
[14:37:43.322]    DEBUG: <PixTestPhOptimization.cc/setParameter:L48>   setting fVcalMax  ->100<- from sval = 100
[14:37:43.322]    DEBUG: <PixTestPhOptimization.cc/setParameter:L53>   setting fQuantMax  ->0.98<- from sval = 0.98
[14:37:43.328]    DEBUG: <PixTestAlive.cc/init:L77> PixTestAlive::init()
[14:37:43.328]    DEBUG: <PixTestAlive.cc/PixTestAlive:L21> PixTestAlive ctor(PixSetup &a, string, TGTab *)
[14:37:43.346]    DEBUG: <PixTestReadback.cc/setParameter:L172> fCalwVd set to 1
[14:37:43.346]    DEBUG: <PixTestReadback.cc/init:L95> PixTestReadback::init()
[14:37:43.346]    DEBUG: <PixTestReadback.cc/PixTestReadback:L22> PixTestReadback ctor(PixSetup &a, string, TGTab *)
[14:37:43.346]     INFO: readReadbackCal: data/mh113//readbackCal_C0.dat .. data/mh113//readbackCal_C15.dat
[14:37:43.356]    DEBUG: <PixTestScurves.cc/setParameter:L93> set fOutputFilename = 
[14:37:43.363]    DEBUG: <PixTestTiming.cc/setParameter:L60> PixTestTiming::PixTest() targetclk = 4
[14:37:43.363]    DEBUG: <PixTestTiming.cc/setParameter:L64> PixTestTiming::PixTest() ntrig = 10000
[14:37:43.363]    DEBUG: <PixTestTiming.cc/setParameter:L48> fNoTokenPass: 0
[14:37:43.363]    DEBUG: <PixTestTiming.cc/setParameter:L55> fIgnoreReadBack: 0
[14:37:43.363]    DEBUG: <PixTestTiming.cc/init:L74> PixTestTiming::init()
[14:37:43.383]    DEBUG: <PixTestXray.cc/init:L134> PixTestXray::init()
[14:37:43.383]    DEBUG: <PixTestXray.cc/PixTestXray:L28> PixTestXray ctor(PixSetup &a, string, TGTab *)
[14:38:33.785]    DEBUG: <PixTab.cc/buttonClicked:L308> xxxPressed():  caldelscan
[14:38:33.785]    DEBUG: <PixTestHighRate.cc/runCommand:L157> running command: caldelscan
[14:38:33.785]     INFO:    ----------------------------------------------------------------------
[14:38:33.785]     INFO:    PixTestHighRate::calDelScan() ntrig = 10, vcal = 200
[14:38:33.785]     INFO:    ----------------------------------------------------------------------
[14:38:33.926]     INFO: Expecting 768 events.
[14:38:35.063]     INFO: 768 events read in total (419ms).
[14:38:35.252]     INFO: Test took 1461ms.
[14:38:35.258]    DEBUG: <PixTest.cc/efficiencyMaps:L396>       attempt #0
[14:38:35.927]     INFO: Expecting 41600 events.
[14:38:39.952]     INFO: 41600 events read in total (3499ms).
[14:38:39.959]     INFO: Test took 4701ms.
[14:38:40.136]     INFO: Fetched DAQ statistics. Counters are being reset now.
[14:38:40.136]    DEBUG: <PixTest.cc/efficiencyMaps:L407>  eff result size = 1031216
[14:38:40.136]    DEBUG: <PixTest.cc/efficiencyMaps:L412> Create hists HR_xeff_CalDelScan_step0_C0 .. HR_xeff_CalDelScan_step0_C15
[14:38:40.136]    DEBUG: <PixTest.cc/efficiencyMaps:L426> booking xray maps for unmasked detector
[14:38:40.209]    DEBUG: <PixTest.cc/efficiencyMaps:L396>       attempt #0
[14:38:40.874]     INFO: Expecting 41600 events.
[14:38:45.002]     INFO: 41600 events read in total (3602ms).
[14:38:45.010]     INFO: Test took 4801ms.
[14:38:45.178]     INFO: Fetched DAQ statistics. Counters are being reset now.
[14:38:45.178]    DEBUG: <PixTest.cc/efficiencyMaps:L407>  eff result size = 1040276
[14:38:45.178]    DEBUG: <PixTest.cc/efficiencyMaps:L412> Create hists HR_xeff_CalDelScan_step1_C0 .. HR_xeff_CalDelScan_step1_C15
[14:38:45.178]    DEBUG: <PixTest.cc/efficiencyMaps:L426> booking xray maps for unmasked detector
[14:38:45.257]    DEBUG: <PixTest.cc/efficiencyMaps:L396>       attempt #0
[14:38:45.923]     INFO: Expecting 41600 events.
[14:38:50.085]     INFO: 41600 events read in total (3635ms).
[14:38:50.092]     INFO: Test took 4835ms.
[14:38:50.264]     INFO: Fetched DAQ statistics. Counters are being reset now.
[14:38:50.264]    DEBUG: <PixTest.cc/efficiencyMaps:L407>  eff result size = 1042077
[14:38:50.264]    DEBUG: <PixTest.cc/efficiencyMaps:L412> Create hists HR_xeff_CalDelScan_step2_C0 .. HR_xeff_CalDelScan_step2_C15
[14:38:50.264]    DEBUG: <PixTest.cc/efficiencyMaps:L426> booking xray maps for unmasked detector
[14:38:50.340]    DEBUG: <PixTest.cc/efficiencyMaps:L396>       attempt #0
[14:38:51.004]     INFO: Expecting 41600 events.
[14:38:55.167]     INFO: 41600 events read in total (3636ms).
[14:38:55.175]     INFO: Test took 4835ms.
[14:38:55.347]     INFO: Fetched DAQ statistics. Counters are being reset now.
[14:38:55.347]    DEBUG: <PixTest.cc/efficiencyMaps:L407>  eff result size = 1042645
[14:38:55.347]    DEBUG: <PixTest.cc/efficiencyMaps:L412> Create hists HR_xeff_CalDelScan_step3_C0 .. HR_xeff_CalDelScan_step3_C15
[14:38:55.348]    DEBUG: <PixTest.cc/efficiencyMaps:L426> booking xray maps for unmasked detector
[14:38:55.425]    DEBUG: <PixTest.cc/efficiencyMaps:L396>       attempt #0
[14:38:56.092]     INFO: Expecting 41600 events.
[14:39:00.258]     INFO: 41600 events read in total (3639ms).
[14:39:00.265]     INFO: Test took 4840ms.
[14:39:00.434]     INFO: Fetched DAQ statistics. Counters are being reset now.
[14:39:00.434]    DEBUG: <PixTest.cc/efficiencyMaps:L407>  eff result size = 1041950
[14:39:00.434]    DEBUG: <PixTest.cc/efficiencyMaps:L412> Create hists HR_xeff_CalDelScan_step4_C0 .. HR_xeff_CalDelScan_step4_C15
[14:39:00.435]    DEBUG: <PixTest.cc/efficiencyMaps:L426> booking xray maps for unmasked detector
[14:39:00.512]    DEBUG: <PixTest.cc/efficiencyMaps:L396>       attempt #0
[14:39:01.179]     INFO: Expecting 41600 events.
[14:39:05.358]     INFO: 41600 events read in total (3652ms).
[14:39:05.365]     INFO: Test took 4853ms.
[14:39:05.538]     INFO: Fetched DAQ statistics. Counters are being reset now.
[14:39:05.538]    DEBUG: <PixTest.cc/efficiencyMaps:L407>  eff result size = 1043426
[14:39:05.538]    DEBUG: <PixTest.cc/efficiencyMaps:L412> Create hists HR_xeff_CalDelScan_step5_C0 .. HR_xeff_CalDelScan_step5_C15
[14:39:05.538]    DEBUG: <PixTest.cc/efficiencyMaps:L426> booking xray maps for unmasked detector
[14:39:05.614]    DEBUG: <PixTest.cc/efficiencyMaps:L396>       attempt #0
[14:39:06.279]     INFO: Expecting 41600 events.
[14:39:10.470]     INFO: 41600 events read in total (3664ms).
[14:39:10.477]     INFO: Test took 4863ms.
[14:39:10.651]     INFO: Fetched DAQ statistics. Counters are being reset now.
[14:39:10.651]    DEBUG: <PixTest.cc/efficiencyMaps:L407>  eff result size = 1041299
[14:39:10.651]    DEBUG: <PixTest.cc/efficiencyMaps:L412> Create hists HR_xeff_CalDelScan_step6_C0 .. HR_xeff_CalDelScan_step6_C15
[14:39:10.652]    DEBUG: <PixTest.cc/efficiencyMaps:L426> booking xray maps for unmasked detector
[14:39:10.728]    DEBUG: <PixTest.cc/efficiencyMaps:L396>       attempt #0
[14:39:11.395]     INFO: Expecting 41600 events.
[14:39:15.593]     INFO: 41600 events read in total (3671ms).
[14:39:15.600]     INFO: Test took 4872ms.
[14:39:15.769]     INFO: Fetched DAQ statistics. Counters are being reset now.
[14:39:15.769]    DEBUG: <PixTest.cc/efficiencyMaps:L407>  eff result size = 1043642
[14:39:15.769]    DEBUG: <PixTest.cc/efficiencyMaps:L412> Create hists HR_xeff_CalDelScan_step7_C0 .. HR_xeff_CalDelScan_step7_C15
[14:39:15.769]    DEBUG: <PixTest.cc/efficiencyMaps:L426> booking xray maps for unmasked detector
[14:39:15.845]    DEBUG: <PixTest.cc/efficiencyMaps:L396>       attempt #0
[14:39:16.509]     INFO: Expecting 41600 events.
[14:39:20.708]     INFO: 41600 events read in total (3672ms).
[14:39:20.715]     INFO: Test took 4870ms.
[14:39:20.887]     INFO: Fetched DAQ statistics. Counters are being reset now.
[14:39:20.887]    DEBUG: <PixTest.cc/efficiencyMaps:L407>  eff result size = 1042789
[14:39:20.887]    DEBUG: <PixTest.cc/efficiencyMaps:L412> Create hists HR_xeff_CalDelScan_step8_C0 .. HR_xeff_CalDelScan_step8_C15
[14:39:20.887]    DEBUG: <PixTest.cc/efficiencyMaps:L426> booking xray maps for unmasked detector
[14:39:20.963]    DEBUG: <PixTest.cc/efficiencyMaps:L396>       attempt #0
[14:39:21.627]     INFO: Expecting 41600 events.
[14:39:25.819]     INFO: 41600 events read in total (3665ms).
[14:39:25.826]     INFO: Test took 4863ms.
[14:39:25.997]     INFO: Fetched DAQ statistics. Counters are being reset now.
[14:39:25.997]    DEBUG: <PixTest.cc/efficiencyMaps:L407>  eff result size = 1044142
[14:39:25.997]    DEBUG: <PixTest.cc/efficiencyMaps:L412> Create hists HR_xeff_CalDelScan_step9_C0 .. HR_xeff_CalDelScan_step9_C15
[14:39:25.997]    DEBUG: <PixTest.cc/efficiencyMaps:L426> booking xray maps for unmasked detector
[14:39:26.073]    DEBUG: <PixTest.cc/efficiencyMaps:L396>       attempt #0
[14:39:26.738]     INFO: Expecting 41600 events.
[14:39:30.916]     INFO: 41600 events read in total (3651ms).
[14:39:30.924]     INFO: Test took 4851ms.
[14:39:31.094]     INFO: Fetched DAQ statistics. Counters are being reset now.
[14:39:31.094]    DEBUG: <PixTest.cc/efficiencyMaps:L407>  eff result size = 1044040
[14:39:31.094]    DEBUG: <PixTest.cc/efficiencyMaps:L412> Create hists HR_xeff_CalDelScan_step10_C0 .. HR_xeff_CalDelScan_step10_C15
[14:39:31.095]    DEBUG: <PixTest.cc/efficiencyMaps:L426> booking xray maps for unmasked detector
[14:39:31.170]    DEBUG: <PixTest.cc/efficiencyMaps:L396>       attempt #0
[14:39:31.835]     INFO: Expecting 41600 events.
[14:39:36.029]     INFO: 41600 events read in total (3667ms).
[14:39:36.037]     INFO: Test took 4867ms.
[14:39:36.209]     INFO: Fetched DAQ statistics. Counters are being reset now.
[14:39:36.209]    DEBUG: <PixTest.cc/efficiencyMaps:L407>  eff result size = 1044722
[14:39:36.209]    DEBUG: <PixTest.cc/efficiencyMaps:L412> Create hists HR_xeff_CalDelScan_step11_C0 .. HR_xeff_CalDelScan_step11_C15
[14:39:36.210]    DEBUG: <PixTest.cc/efficiencyMaps:L426> booking xray maps for unmasked detector
[14:39:36.287]    DEBUG: <PixTest.cc/efficiencyMaps:L396>       attempt #0
[14:39:36.954]     INFO: Expecting 41600 events.
[14:39:41.135]     INFO: 41600 events read in total (3654ms).
[14:39:41.142]     INFO: Test took 4855ms.
[14:39:41.315]     INFO: Fetched DAQ statistics. Counters are being reset now.
[14:39:41.315]    DEBUG: <PixTest.cc/efficiencyMaps:L407>  eff result size = 1040662
[14:39:41.315]    DEBUG: <PixTest.cc/efficiencyMaps:L412> Create hists HR_xeff_CalDelScan_step12_C0 .. HR_xeff_CalDelScan_step12_C15
[14:39:41.316]    DEBUG: <PixTest.cc/efficiencyMaps:L426> booking xray maps for unmasked detector
[14:39:41.391]    DEBUG: <PixTest.cc/efficiencyMaps:L396>       attempt #0
[14:39:42.056]     INFO: Expecting 41600 events.
[14:39:46.239]     INFO: 41600 events read in total (3656ms).
[14:39:46.246]     INFO: Test took 4855ms.
[14:39:46.416]     INFO: Fetched DAQ statistics. Counters are being reset now.
[14:39:46.416]    DEBUG: <PixTest.cc/efficiencyMaps:L407>  eff result size = 1042332
[14:39:46.416]    DEBUG: <PixTest.cc/efficiencyMaps:L412> Create hists HR_xeff_CalDelScan_step13_C0 .. HR_xeff_CalDelScan_step13_C15
[14:39:46.416]    DEBUG: <PixTest.cc/efficiencyMaps:L426> booking xray maps for unmasked detector
[14:39:46.492]    DEBUG: <PixTest.cc/efficiencyMaps:L396>       attempt #0
[14:39:47.157]     INFO: Expecting 41600 events.
[14:39:51.347]     INFO: 41600 events read in total (3663ms).
[14:39:51.355]     INFO: Test took 4863ms.
[14:39:51.525]     INFO: Fetched DAQ statistics. Counters are being reset now.
[14:39:51.526]    DEBUG: <PixTest.cc/efficiencyMaps:L407>  eff result size = 1041308
[14:39:51.526]    DEBUG: <PixTest.cc/efficiencyMaps:L412> Create hists HR_xeff_CalDelScan_step14_C0 .. HR_xeff_CalDelScan_step14_C15
[14:39:51.526]    DEBUG: <PixTest.cc/efficiencyMaps:L426> booking xray maps for unmasked detector
[14:39:51.603]    DEBUG: <PixTest.cc/efficiencyMaps:L396>       attempt #0
[14:39:52.270]     INFO: Expecting 41600 events.
[14:39:56.457]     INFO: 41600 events read in total (3660ms).
[14:39:56.464]     INFO: Test took 4861ms.
[14:39:56.636]     INFO: Fetched DAQ statistics. Counters are being reset now.
[14:39:56.636]    DEBUG: <PixTest.cc/efficiencyMaps:L407>  eff result size = 1043528
[14:39:56.636]    DEBUG: <PixTest.cc/efficiencyMaps:L412> Create hists HR_xeff_CalDelScan_step15_C0 .. HR_xeff_CalDelScan_step15_C15
[14:39:56.636]    DEBUG: <PixTest.cc/efficiencyMaps:L426> booking xray maps for unmasked detector
[14:39:56.715]    DEBUG: <PixTest.cc/efficiencyMaps:L396>       attempt #0
[14:39:57.381]     INFO: Expecting 41600 events.
[14:40:01.578]     INFO: 41600 events read in total (3670ms).
[14:40:01.585]     INFO: Test took 4870ms.
[14:40:01.757]     INFO: Fetched DAQ statistics. Counters are being reset now.
[14:40:01.757]    DEBUG: <PixTest.cc/efficiencyMaps:L407>  eff result size = 1044057
[14:40:01.757]    DEBUG: <PixTest.cc/efficiencyMaps:L412> Create hists HR_xeff_CalDelScan_step16_C0 .. HR_xeff_CalDelScan_step16_C15
[14:40:01.757]    DEBUG: <PixTest.cc/efficiencyMaps:L426> booking xray maps for unmasked detector
[14:40:01.834]    DEBUG: <PixTest.cc/efficiencyMaps:L396>       attempt #0
[14:40:02.498]     INFO: Expecting 41600 events.
[14:40:06.685]     INFO: 41600 events read in total (3660ms).
[14:40:06.693]     INFO: Test took 4859ms.
[14:40:06.863]     INFO: Fetched DAQ statistics. Counters are being reset now.
[14:40:06.863]    DEBUG: <PixTest.cc/efficiencyMaps:L407>  eff result size = 1043712
[14:40:06.864]    DEBUG: <PixTest.cc/efficiencyMaps:L412> Create hists HR_xeff_CalDelScan_step17_C0 .. HR_xeff_CalDelScan_step17_C15
[14:40:06.864]    DEBUG: <PixTest.cc/efficiencyMaps:L426> booking xray maps for unmasked detector
[14:40:06.940]    DEBUG: <PixTest.cc/efficiencyMaps:L396>       attempt #0
[14:40:07.605]     INFO: Expecting 41600 events.
[14:40:11.775]     INFO: 41600 events read in total (3643ms).
[14:40:11.782]     INFO: Test took 4842ms.
[14:40:11.955]     INFO: Fetched DAQ statistics. Counters are being reset now.
[14:40:11.955]    DEBUG: <PixTest.cc/efficiencyMaps:L407>  eff result size = 1042199
[14:40:11.955]    DEBUG: <PixTest.cc/efficiencyMaps:L412> Create hists HR_xeff_CalDelScan_step18_C0 .. HR_xeff_CalDelScan_step18_C15
[14:40:11.955]    DEBUG: <PixTest.cc/efficiencyMaps:L426> booking xray maps for unmasked detector
[14:40:12.030]    DEBUG: <PixTest.cc/efficiencyMaps:L396>       attempt #0
[14:40:12.695]     INFO: Expecting 41600 events.
[14:40:16.716]     INFO: 41600 events read in total (3495ms).
[14:40:16.722]     INFO: Test took 4692ms.
[14:40:16.895]     INFO: Fetched DAQ statistics. Counters are being reset now.
[14:40:16.895]    DEBUG: <PixTest.cc/efficiencyMaps:L407>  eff result size = 1036181
[14:40:16.895]    DEBUG: <PixTest.cc/efficiencyMaps:L412> Create hists HR_xeff_CalDelScan_step19_C0 .. HR_xeff_CalDelScan_step19_C15
[14:40:16.896]    DEBUG: <PixTest.cc/efficiencyMaps:L426> booking xray maps for unmasked detector
[14:40:17.193]    DEBUG: <PixTestHighRate.cc/doCalDelScan:L422> roc  0: caldel = 197 eff = 0.997692
[14:40:17.194]    DEBUG: <PixTestHighRate.cc/doCalDelScan:L422> roc  1: caldel = 196 eff = 0.998221
[14:40:17.194]    DEBUG: <PixTestHighRate.cc/doCalDelScan:L422> roc  2: caldel = 255 eff = 0
[14:40:17.194]    DEBUG: <PixTestHighRate.cc/doCalDelScan:L422> roc  3: caldel = 172 eff = 0.992548
[14:40:17.194]    DEBUG: <PixTestHighRate.cc/doCalDelScan:L422> roc  4: caldel = 176 eff = 0.991346
[14:40:17.195]    DEBUG: <PixTestHighRate.cc/doCalDelScan:L422> roc  5: caldel = 159 eff = 0.99137
[14:40:17.195]    DEBUG: <PixTestHighRate.cc/doCalDelScan:L422> roc  6: caldel = 167 eff = 0.991563
[14:40:17.195]    DEBUG: <PixTestHighRate.cc/doCalDelScan:L422> roc  7: caldel = 164 eff = 0.993101
[14:40:17.195]    DEBUG: <PixTestHighRate.cc/doCalDelScan:L422> roc  8: caldel = 171 eff = 0.994111
[14:40:17.196]    DEBUG: <PixTestHighRate.cc/doCalDelScan:L422> roc  9: caldel = 171 eff = 0.990721
[14:40:17.196]    DEBUG: <PixTestHighRate.cc/doCalDelScan:L422> roc 10: caldel = 161 eff = 0.990553
[14:40:17.196]    DEBUG: <PixTestHighRate.cc/doCalDelScan:L422> roc 11: caldel = 176 eff = 0.990817
[14:40:17.196]    DEBUG: <PixTestHighRate.cc/doCalDelScan:L422> roc 12: caldel = 163 eff = 0.99012
[14:40:17.196]    DEBUG: <PixTestHighRate.cc/doCalDelScan:L422> roc 13: caldel = 161 eff = 0.994639
[14:40:17.196]    DEBUG: <PixTestHighRate.cc/doCalDelScan:L422> roc 14: caldel = 148 eff = 0.997788
[14:40:17.197]    DEBUG: <PixTestHighRate.cc/doCalDelScan:L422> roc 15: caldel = 167 eff = 0.997644
[14:40:34.105]    DEBUG: <PixTab.cc/buttonClicked:L308> xxxPressed():  xpixelalive
[14:40:34.105]    DEBUG: <PixTestHighRate.cc/runCommand:L157> running command: xpixelalive
[14:40:34.105]     INFO:    ----------------------------------------------------------------------
[14:40:34.105]     INFO:    PixTestHighRate::xPixelAlive() ntrig = 50, vcal = 200
[14:40:34.105]     INFO:    ----------------------------------------------------------------------
[14:40:34.106]    DEBUG: <PixTestHighRate.cc/doXPixelAlive:L451>  old set: clk: 4
[14:40:34.106]    DEBUG: <PixTestHighRate.cc/doXPixelAlive:L451>  old set: ctr: 4
[14:40:34.106]    DEBUG: <PixTestHighRate.cc/doXPixelAlive:L451>  old set: sda: 19
[14:40:34.106]    DEBUG: <PixTestHighRate.cc/doXPixelAlive:L451>  old set: tin: 9
[14:40:34.106]    DEBUG: <PixTestHighRate.cc/doXPixelAlive:L451>  old set: level: 15
[14:40:34.106]    DEBUG: <PixTestHighRate.cc/doXPixelAlive:L451>  old set: triggerdelay: 0
[14:40:34.106]    DEBUG: <PixTestHighRate.cc/doXPixelAlive:L467>  setting: clk: 4
[14:40:34.106]    DEBUG: <PixTestHighRate.cc/doXPixelAlive:L467>  setting: ctr: 4
[14:40:34.106]    DEBUG: <PixTestHighRate.cc/doXPixelAlive:L467>  setting: sda: 19
[14:40:34.106]    DEBUG: <PixTestHighRate.cc/doXPixelAlive:L467>  setting: tin: 9
[14:40:34.106]    DEBUG: <PixTestHighRate.cc/doXPixelAlive:L467>  setting: level: 15
[14:40:34.106]    DEBUG: <PixTestHighRate.cc/doXPixelAlive:L467>  setting: triggerdelay: 20
[14:40:34.150]    DEBUG: <PixTest.cc/efficiencyMaps:L396>       attempt #0
[14:40:34.817]     INFO: Expecting 208000 events.
[14:40:53.064]     INFO: 208000 events read in total (17721ms).
[14:40:53.088]     INFO: Test took 18938ms.
[14:40:53.952]     INFO: Fetched DAQ statistics. Counters are being reset now.
[14:40:53.952]    DEBUG: <PixTest.cc/efficiencyMaps:L407>  eff result size = 4888352
[14:40:53.952]    DEBUG: <PixTest.cc/efficiencyMaps:L412> Create hists highRate_C0 .. highRate_C15
[14:40:53.952]    DEBUG: <PixTest.cc/efficiencyMaps:L426> booking xray maps for unmasked detector
[14:40:54.505]     INFO: number of dead pixels (per ROC):     0    2 4160    0    0    0    0    0    0    0    1    0    4    1    0    0
[14:40:54.505]     INFO: number of red-efficiency pixels:   522  311 4160 1215 1384 1317 1343  961  815 1431 1374 1224 1225  692  276  340
[14:40:54.505]     INFO: number of X-ray hits detected:    246104 159003    0 397331 414115 411285 411320 264826 272039 425599 420036 389179 400988 264008 154823 195304
[14:40:54.505]     INFO: number of triggers sent (total per ROC):  208000 208000 208000 208000 208000 208000 208000 208000 208000 208000 208000 208000 208000 208000 208000 208000
[14:40:54.505]     INFO: number of Vcal hits detected:  207397 207545    0 206355 206208 206255 206273 206479 206866 206068 206122 206370 206219 207086 207699 207638
[14:40:54.505]     INFO: Vcal hit fiducial efficiency (%):  99.7 99.8 -nan 99.3 99.2 99.2 99.2 99.3 99.5 99.2 99.2 99.3 99.3 99.6 99.9 99.8
[14:40:54.505]     INFO: Vcal hit overall efficiency (%):  99.7 99.8 0.0 99.2 99.1 99.2 99.2 99.3 99.5 99.1 99.1 99.2 99.1 99.6 99.9 99.8
[14:40:54.505]     INFO: X-ray hit rate [MHz/cm2]:  72.1 46.6 0.0 116.5 121.4 120.6 120.6 77.6 79.7 124.7 123.1 114.1 117.5 77.4 45.4 57.2
[14:40:54.505]     INFO: PixTestHighRate::doXPixelAlive() done
[14:40:54.553]    DEBUG: <PixTestHighRate.cc/doXPixelAlive:L586>  resetting: clk: 4
[14:40:54.553]    DEBUG: <PixTestHighRate.cc/doXPixelAlive:L586>  resetting: ctr: 4
[14:40:54.553]    DEBUG: <PixTestHighRate.cc/doXPixelAlive:L586>  resetting: sda: 19
[14:40:54.553]    DEBUG: <PixTestHighRate.cc/doXPixelAlive:L586>  resetting: tin: 9
[14:40:54.553]    DEBUG: <PixTestHighRate.cc/doXPixelAlive:L586>  resetting: level: 15
[14:40:54.553]    DEBUG: <PixTestHighRate.cc/doXPixelAlive:L586>  resetting: triggerdelay: 0
[14:40:54.553]     INFO: PixTest::       pg_setup set to default.
[14:41:13.337]    DEBUG: <PixTest.cc/moduleMap:L1029> moduleMap histname: what
[14:41:13.337]    DEBUG: <PixTest.cc/moduleMap:L1039> h1->GetName() = highRate_xraymap_C14_V0 -> highRate_xraymap_mod
[14:41:24.921]    DEBUG: <PixGui.cc/handleButtons:L396> PixGui::exit called
[14:41:24.922]    DEBUG: <PixGui.cc/CloseWindow:L335> Final Analog Current: 382.7mA
[14:41:24.923]    DEBUG: <PixGui.cc/CloseWindow:L336> Final Digital Current: 740.4mA
[14:41:24.923]    DEBUG: <PixGui.cc/CloseWindow:L337> Final Module Temperature: 25.9 C
[14:41:24.923]    DEBUG: <PixTestBBMap.cc/~PixTestBBMap:L97> PixTestBBMap dtor
[14:41:24.923]    DEBUG: <PixTestBB2Map.cc/~PixTestBB2Map:L115> PixTestBB2Map dtor
[14:41:24.923]    DEBUG: <PixTestBB3Map.cc/~PixTestBB3Map:L99> PixTestBB3Map dtor
[14:41:24.923]    DEBUG: <PixTestBB4Map.cc/~PixTestBB4Map:L118> PixTestBB4Map dtor
[14:41:24.923]    DEBUG: <PixTestCmd.cc/~PixTestCmd:L78> PixTestCmd dtor
[14:41:24.923]    DEBUG: <PixTestDaq.cc/~PixTestDaq:L37> PixTestDaq dtor
[14:41:24.923]    DEBUG: <PixTestDacDacScan.cc/~PixTestDacDacScan:L136> PixTestDacDacScan dtor
[14:41:24.923]    DEBUG: <PixTestDacScan.cc/~PixTestDacScan:L129> PixTestDacScan dtor
[14:41:24.923]    DEBUG: <PixTestGainPedestal.cc/~PixTestGainPedestal:L125> PixTestGainPedestal dtor
[14:41:24.923]    DEBUG: <PixTestHighRate.cc/~PixTestHighRate:L245> PixTestHighRate dtor
[14:41:25.020]    DEBUG: <PixTestIV.cc/~PixTestIV:L96> PixTestIV dtor
[14:41:25.020]    DEBUG: <PixTestAlive.cc/~PixTestAlive:L109> PixTestAlive dtor
[14:41:25.020]    DEBUG: <PixTestPretest.cc/~PixTestPretest:L136> PixTestPretest dtor
[14:41:25.020]    DEBUG: <PixTestReadback.cc/~PixTestReadback:L89> PixTestReadback dtor, saving tree ... 
[14:41:25.020]    DEBUG: <PixTestScurves.cc/~PixTestScurves:L142> PixTestScurves dtor
[14:41:25.020]    DEBUG: <PixTestTiming.cc/~PixTestTiming:L97> PixTestTiming dtor
[14:41:25.020]    DEBUG: <PixTestTrim.cc/~PixTestTrim:L103> PixTestTrim dtor
[14:41:25.020]    DEBUG: <PixTestXray.cc/~PixTestXray:L217> PixTestXray dtor
[14:41:25.023]    QUIET: Connection to board 58 closed.
[14:41:25.102]    DEBUG: <PixMonitor.cc/dumpSummaries:L39> PixMonitor::dumpSummaries
