High Rate Efficency Log File Module: mh113

Double Column's with Efficency < 90 % 
Roc: 2 dc: 0 nPixelsDC: 156 rate: 0 eff: 0
Roc: 2 dc: 1 nPixelsDC: 156 rate: 0 eff: 0
Roc: 2 dc: 2 nPixelsDC: 156 rate: 0 eff: 0
Roc: 2 dc: 3 nPixelsDC: 156 rate: 0 eff: 0
Roc: 2 dc: 4 nPixelsDC: 156 rate: 0 eff: 0
Roc: 2 dc: 5 nPixelsDC: 156 rate: 0 eff: 0
Roc: 2 dc: 6 nPixelsDC: 156 rate: 0 eff: 0
Roc: 2 dc: 7 nPixelsDC: 156 rate: 0 eff: 0
Roc: 2 dc: 8 nPixelsDC: 156 rate: 0 eff: 0
Roc: 2 dc: 9 nPixelsDC: 156 rate: 0 eff: 0
Roc: 2 dc: 10 nPixelsDC: 156 rate: 0 eff: 0
Roc: 2 dc: 11 nPixelsDC: 156 rate: 0 eff: 0
Roc: 2 dc: 12 nPixelsDC: 156 rate: 0 eff: 0
Roc: 2 dc: 13 nPixelsDC: 156 rate: 0 eff: 0
Roc: 2 dc: 14 nPixelsDC: 156 rate: 0 eff: 0
Roc: 2 dc: 15 nPixelsDC: 156 rate: 0 eff: 0
Roc: 2 dc: 16 nPixelsDC: 156 rate: 0 eff: 0
Roc: 2 dc: 17 nPixelsDC: 156 rate: 0 eff: 0
Roc: 2 dc: 18 nPixelsDC: 156 rate: 0 eff: 0
Roc: 2 dc: 19 nPixelsDC: 156 rate: 0 eff: 0
Roc: 2 dc: 20 nPixelsDC: 156 rate: 0 eff: 0
Roc: 2 dc: 21 nPixelsDC: 156 rate: 0 eff: 0
Roc: 2 dc: 22 nPixelsDC: 156 rate: 0 eff: 0
Roc: 2 dc: 23 nPixelsDC: 156 rate: 0 eff: 0
Roc: 2 dc: 24 nPixelsDC: 156 rate: 0 eff: 0
Roc: 2 dc: 0 nPixelsDC: 156 rate: 0 eff: 0
Roc: 2 dc: 1 nPixelsDC: 156 rate: 0 eff: 0
Roc: 2 dc: 2 nPixelsDC: 156 rate: 0 eff: 0
Roc: 2 dc: 3 nPixelsDC: 156 rate: 0 eff: 0
Roc: 2 dc: 4 nPixelsDC: 156 rate: 0 eff: 0
Roc: 2 dc: 5 nPixelsDC: 156 rate: 0 eff: 0
Roc: 2 dc: 6 nPixelsDC: 156 rate: 0 eff: 0
Roc: 2 dc: 7 nPixelsDC: 156 rate: 0 eff: 0
Roc: 2 dc: 8 nPixelsDC: 156 rate: 0 eff: 0
Roc: 2 dc: 9 nPixelsDC: 156 rate: 0 eff: 0
Roc: 2 dc: 10 nPixelsDC: 156 rate: 0 eff: 0
Roc: 2 dc: 11 nPixelsDC: 156 rate: 0 eff: 0
Roc: 2 dc: 12 nPixelsDC: 156 rate: 0 eff: 0
Roc: 2 dc: 13 nPixelsDC: 156 rate: 0 eff: 0
Roc: 2 dc: 14 nPixelsDC: 156 rate: 0 eff: 0
Roc: 2 dc: 15 nPixelsDC: 156 rate: 0 eff: 0
Roc: 2 dc: 16 nPixelsDC: 156 rate: 0 eff: 0
Roc: 2 dc: 17 nPixelsDC: 156 rate: 0 eff: 0
Roc: 2 dc: 18 nPixelsDC: 156 rate: 0 eff: 0
Roc: 2 dc: 19 nPixelsDC: 156 rate: 0 eff: 0
Roc: 2 dc: 20 nPixelsDC: 156 rate: 0 eff: 0
Roc: 2 dc: 21 nPixelsDC: 156 rate: 0 eff: 0
Roc: 2 dc: 22 nPixelsDC: 156 rate: 0 eff: 0
Roc: 2 dc: 23 nPixelsDC: 156 rate: 0 eff: 0
Roc: 2 dc: 24 nPixelsDC: 156 rate: 0 eff: 0
Roc: 2 dc: 0 nPixelsDC: 156 rate: 0 eff: 0
Roc: 2 dc: 1 nPixelsDC: 156 rate: 0 eff: 0
Roc: 2 dc: 2 nPixelsDC: 156 rate: 0 eff: 0
Roc: 2 dc: 3 nPixelsDC: 156 rate: 0 eff: 0
Roc: 2 dc: 4 nPixelsDC: 156 rate: 0 eff: 0
Roc: 2 dc: 5 nPixelsDC: 156 rate: 0 eff: 0
Roc: 2 dc: 6 nPixelsDC: 156 rate: 0 eff: 0
Roc: 2 dc: 7 nPixelsDC: 156 rate: 0 eff: 0
Roc: 2 dc: 8 nPixelsDC: 156 rate: 0 eff: 0
Roc: 2 dc: 9 nPixelsDC: 156 rate: 0 eff: 0
Roc: 2 dc: 10 nPixelsDC: 156 rate: 0 eff: 0
Roc: 2 dc: 11 nPixelsDC: 156 rate: 0 eff: 0
Roc: 2 dc: 12 nPixelsDC: 156 rate: 0 eff: 0
Roc: 2 dc: 13 nPixelsDC: 156 rate: 0 eff: 0
Roc: 2 dc: 14 nPixelsDC: 156 rate: 0 eff: 0
Roc: 2 dc: 15 nPixelsDC: 156 rate: 0 eff: 0
Roc: 2 dc: 16 nPixelsDC: 156 rate: 0 eff: 0
Roc: 2 dc: 17 nPixelsDC: 156 rate: 0 eff: 0
Roc: 2 dc: 18 nPixelsDC: 156 rate: 0 eff: 0
Roc: 2 dc: 19 nPixelsDC: 156 rate: 0 eff: 0
Roc: 2 dc: 20 nPixelsDC: 156 rate: 0 eff: 0
Roc: 2 dc: 21 nPixelsDC: 156 rate: 0 eff: 0
Roc: 2 dc: 22 nPixelsDC: 156 rate: 0 eff: 0
Roc: 2 dc: 23 nPixelsDC: 156 rate: 0 eff: 0
Roc: 2 dc: 24 nPixelsDC: 156 rate: 0 eff: 0
Roc: 2 dc: 0 nPixelsDC: 156 rate: 0 eff: 0
Roc: 2 dc: 1 nPixelsDC: 156 rate: 0 eff: 0
Roc: 2 dc: 2 nPixelsDC: 156 rate: 0 eff: 0
Roc: 2 dc: 3 nPixelsDC: 156 rate: 0 eff: 0
Roc: 2 dc: 4 nPixelsDC: 156 rate: 0 eff: 0
Roc: 2 dc: 5 nPixelsDC: 156 rate: 0 eff: 0
Roc: 2 dc: 6 nPixelsDC: 156 rate: 0 eff: 0
Roc: 2 dc: 7 nPixelsDC: 156 rate: 0 eff: 0
Roc: 2 dc: 8 nPixelsDC: 156 rate: 0 eff: 0
Roc: 2 dc: 9 nPixelsDC: 156 rate: 0 eff: 0
Roc: 2 dc: 10 nPixelsDC: 156 rate: 0 eff: 0
Roc: 2 dc: 11 nPixelsDC: 156 rate: 0 eff: 0
Roc: 2 dc: 12 nPixelsDC: 156 rate: 0 eff: 0
Roc: 2 dc: 13 nPixelsDC: 156 rate: 0 eff: 0
Roc: 2 dc: 14 nPixelsDC: 156 rate: 0 eff: 0
Roc: 2 dc: 15 nPixelsDC: 156 rate: 0 eff: 0
Roc: 2 dc: 16 nPixelsDC: 156 rate: 0 eff: 0
Roc: 2 dc: 17 nPixelsDC: 156 rate: 0 eff: 0
Roc: 2 dc: 18 nPixelsDC: 156 rate: 0 eff: 0
Roc: 2 dc: 19 nPixelsDC: 156 rate: 0 eff: 0
Roc: 2 dc: 20 nPixelsDC: 156 rate: 0 eff: 0
Roc: 2 dc: 21 nPixelsDC: 156 rate: 0 eff: 0
Roc: 2 dc: 22 nPixelsDC: 156 rate: 0 eff: 0
Roc: 2 dc: 23 nPixelsDC: 156 rate: 0 eff: 0
Roc: 2 dc: 24 nPixelsDC: 156 rate: 0 eff: 0
Roc: 2 dc: 0 nPixelsDC: 156 rate: 0 eff: 0
Roc: 2 dc: 1 nPixelsDC: 156 rate: 0 eff: 0
Roc: 2 dc: 2 nPixelsDC: 156 rate: 0 eff: 0
Roc: 2 dc: 3 nPixelsDC: 156 rate: 0 eff: 0
Roc: 2 dc: 4 nPixelsDC: 156 rate: 0 eff: 0
Roc: 2 dc: 5 nPixelsDC: 156 rate: 0 eff: 0
Roc: 2 dc: 6 nPixelsDC: 156 rate: 0 eff: 0
Roc: 2 dc: 7 nPixelsDC: 156 rate: 0 eff: 0
Roc: 2 dc: 8 nPixelsDC: 156 rate: 0 eff: 0
Roc: 2 dc: 9 nPixelsDC: 156 rate: 0 eff: 0
Roc: 2 dc: 10 nPixelsDC: 156 rate: 0 eff: 0
Roc: 2 dc: 11 nPixelsDC: 156 rate: 0 eff: 0
Roc: 2 dc: 12 nPixelsDC: 156 rate: 0 eff: 0
Roc: 2 dc: 13 nPixelsDC: 156 rate: 0 eff: 0
Roc: 2 dc: 14 nPixelsDC: 156 rate: 0 eff: 0
Roc: 2 dc: 15 nPixelsDC: 156 rate: 0 eff: 0
Roc: 2 dc: 16 nPixelsDC: 156 rate: 0 eff: 0
Roc: 2 dc: 17 nPixelsDC: 156 rate: 0 eff: 0
Roc: 2 dc: 18 nPixelsDC: 156 rate: 0 eff: 0
Roc: 2 dc: 19 nPixelsDC: 156 rate: 0 eff: 0
Roc: 2 dc: 20 nPixelsDC: 156 rate: 0 eff: 0
Roc: 2 dc: 21 nPixelsDC: 156 rate: 0 eff: 0
Roc: 2 dc: 22 nPixelsDC: 156 rate: 0 eff: 0
Roc: 2 dc: 23 nPixelsDC: 156 rate: 0 eff: 0
Roc: 2 dc: 24 nPixelsDC: 156 rate: 0 eff: 0
Eff at 120MHz/cm^2 : ROC : 0 Eff: 0.991601 +/- 0.00202178
Eff at 120MHz/cm^2 : ROC : 1 Eff: 0.994234 +/- 0.00163436
Eff at 120MHz/cm^2 : ROC : 2 Eff: 0.99136 +/- 0
Eff at 120MHz/cm^2 : ROC : 3 Eff: 0.993308 +/- 0.000460982
Eff at 120MHz/cm^2 : ROC : 4 Eff: 0.993488 +/- 0.000418057
Eff at 120MHz/cm^2 : ROC : 5 Eff: 0.993573 +/- 0.000399021
Eff at 120MHz/cm^2 : ROC : 6 Eff: 0.993584 +/- 0.000382529
Eff at 120MHz/cm^2 : ROC : 7 Eff: 0.991304 +/- 0.000585923
Eff at 120MHz/cm^2 : ROC : 8 Eff: 0.993543 +/- 0.000508199
Eff at 120MHz/cm^2 : ROC : 9 Eff: 0.993645 +/- 0.00034006
Eff at 120MHz/cm^2 : ROC : 10 Eff: 0.993769 +/- 0.000384697
Eff at 120MHz/cm^2 : ROC : 11 Eff: 0.993536 +/- 0.000407684
Eff at 120MHz/cm^2 : ROC : 12 Eff: 0.99369 +/- 0.000384383
Eff at 120MHz/cm^2 : ROC : 13 Eff: 0.993599 +/- 0.000579318
Eff at 120MHz/cm^2 : ROC : 14 Eff: 0.948437 +/- 0.0794232
Eff at 120MHz/cm^2 : ROC : 15 Eff: 0.99329 +/- 0.00354026
High Rate Run: thr
Efficency at 120MHz/cm^2 : mh113 Eff: 0.993419 +/- 0.000125712
