[15:27:12.418]     INFO: *** Welcome to pxar ***
[15:27:12.418]     INFO: *** Today: 2016/02/12
[15:27:12.434]     INFO: *** Version: prod-12-105-g46f2
[15:27:12.434]     INFO: readRocDacs: ./data/mj302/dacParameters35_C0.dat .. ./data/mj302/dacParameters35_C15.dat
[15:27:12.435]     INFO: readTbmDacs: ./data/mj302/tbmParameters_C0a.dat .. ./data/mj302/tbmParameters_C0b.dat
[15:27:12.435]     INFO: readMaskFile: ./data/mj302/defaultMaskFile.dat
[15:27:12.435]     INFO: readTrimFile: ./data/mj302/trimParameters35_C0.dat .. ./data/mj302/trimParameters35_C15.dat
[15:27:12.585]     INFO:         clk: 4
[15:27:12.585]     INFO:         ctr: 4
[15:27:12.585]     INFO:         sda: 19
[15:27:12.585]     INFO:         tin: 9
[15:27:12.585]     INFO:         level: 15
[15:27:12.585]     INFO:         triggerdelay: 0
[15:27:12.585]    QUIET: Instanciating API for pxar prod-12
[15:27:12.585]     INFO: Log level: DEBUG
[15:27:12.597]    QUIET: Connection to board DTB_WRPRHI opened.
[15:27:12.600]     INFO: DTB startup information
--- DTB info------------------------------------------
Board id:    58
HW version:  DTB1.2
FW version:  4.2
SW version:  4.5
USB id:      DTB_WRPRHI
MAC address: 40D85511803A
Hostname:    pixelDTB058
Comment:     
------------------------------------------------------
[15:27:12.603]     INFO: RPC call hashes of host and DTB match: 398089610
[15:27:14.202]     INFO: DUT info: 
[15:27:14.202]     INFO: The DUT currently contains the following objects:
[15:27:14.202]     INFO:  2 TBM Cores tbm08c (2 ON)
[15:27:14.202]     INFO: 	TBM Core alpha (0): 7 registers set
[15:27:14.203]     INFO: 	TBM Core beta  (1): 7 registers set
[15:27:14.203]     INFO: 16 ROCs psi46digv21respin (16 ON) with 4160 pixelConfigs
[15:27:14.203]     INFO: 	ROC 0: 19 DACs set, Pixels: 0 masked, 0 active.
[15:27:14.203]     INFO: 	ROC 1: 19 DACs set, Pixels: 0 masked, 0 active.
[15:27:14.203]     INFO: 	ROC 2: 19 DACs set, Pixels: 0 masked, 0 active.
[15:27:14.203]     INFO: 	ROC 3: 19 DACs set, Pixels: 0 masked, 0 active.
[15:27:14.203]     INFO: 	ROC 4: 19 DACs set, Pixels: 0 masked, 0 active.
[15:27:14.203]     INFO: 	ROC 5: 19 DACs set, Pixels: 0 masked, 0 active.
[15:27:14.203]     INFO: 	ROC 6: 19 DACs set, Pixels: 0 masked, 0 active.
[15:27:14.203]     INFO: 	ROC 7: 19 DACs set, Pixels: 0 masked, 0 active.
[15:27:14.203]     INFO: 	ROC 8: 19 DACs set, Pixels: 0 masked, 0 active.
[15:27:14.203]     INFO: 	ROC 9: 19 DACs set, Pixels: 0 masked, 0 active.
[15:27:14.203]     INFO: 	ROC 10: 19 DACs set, Pixels: 0 masked, 0 active.
[15:27:14.203]     INFO: 	ROC 11: 19 DACs set, Pixels: 0 masked, 0 active.
[15:27:14.203]     INFO: 	ROC 12: 19 DACs set, Pixels: 0 masked, 0 active.
[15:27:14.203]     INFO: 	ROC 13: 19 DACs set, Pixels: 0 masked, 0 active.
[15:27:14.203]     INFO: 	ROC 14: 19 DACs set, Pixels: 0 masked, 0 active.
[15:27:14.203]     INFO: 	ROC 15: 19 DACs set, Pixels: 0 masked, 0 active.
[15:27:14.203]    DEBUG: <PixTestParameters.cc/dump:L104> PixTestParameters: ->BB<-
[15:27:14.203]    DEBUG: <PixTestParameters.cc/dump:L107>   dumpall: checkbox(0)
[15:27:14.203]    DEBUG: <PixTestParameters.cc/dump:L107>   dumpproblematic: checkbox(0)
[15:27:14.203]    DEBUG: <PixTestParameters.cc/dump:L107>   ntrig: 5
[15:27:14.203]    DEBUG: <PixTestParameters.cc/dump:L107>   vcals: 250
[15:27:14.203]    DEBUG: <PixTestParameters.cc/dump:L104> PixTestParameters: ->BB2<-
[15:27:14.203]    DEBUG: <PixTestParameters.cc/dump:L107>   ntrig: 10
[15:27:14.203]    DEBUG: <PixTestParameters.cc/dump:L107>   vcals: 222
[15:27:14.203]    DEBUG: <PixTestParameters.cc/dump:L107>   plwidth: 35
[15:27:14.203]    DEBUG: <PixTestParameters.cc/dump:L107>   pix: 11,20
[15:27:14.203]    DEBUG: <PixTestParameters.cc/dump:L107>   targetia: 24
[15:27:14.203]    DEBUG: <PixTestParameters.cc/dump:L104> PixTestParameters: ->BB3<-
[15:27:14.203]    DEBUG: <PixTestParameters.cc/dump:L107>   dumpall: checkbox(0)
[15:27:14.203]    DEBUG: <PixTestParameters.cc/dump:L107>   dumpproblematic: checkbox(0)
[15:27:14.203]    DEBUG: <PixTestParameters.cc/dump:L107>   ntrig: 5
[15:27:14.203]    DEBUG: <PixTestParameters.cc/dump:L107>   vcals: 250
[15:27:14.203]    DEBUG: <PixTestParameters.cc/dump:L104> PixTestParameters: ->BB4<-
[15:27:14.203]    DEBUG: <PixTestParameters.cc/dump:L107>   savecaldelscan: checkbox(0)
[15:27:14.203]    DEBUG: <PixTestParameters.cc/dump:L107>   ntrig: 100
[15:27:14.203]    DEBUG: <PixTestParameters.cc/dump:L107>   cals: 1
[15:27:14.203]    DEBUG: <PixTestParameters.cc/dump:L107>   caldello: 80
[15:27:14.203]    DEBUG: <PixTestParameters.cc/dump:L107>   caldelhi: 200
[15:27:14.203]    DEBUG: <PixTestParameters.cc/dump:L107>   caldelstep: 10
[15:27:14.203]    DEBUG: <PixTestParameters.cc/dump:L107>   vthrcomplo: 70
[15:27:14.204]    DEBUG: <PixTestParameters.cc/dump:L107>   vthrcomphi: 130
[15:27:14.204]    DEBUG: <PixTestParameters.cc/dump:L107>   vthrcompstep: 5
[15:27:14.204]    DEBUG: <PixTestParameters.cc/dump:L107>   noisypixels: 10
[15:27:14.204]    DEBUG: <PixTestParameters.cc/dump:L107>   vcal: 255
[15:27:14.204]    DEBUG: <PixTestParameters.cc/dump:L107>   cut: 0.5
[15:27:14.204]    DEBUG: <PixTestParameters.cc/dump:L104> PixTestParameters: ->Cmd<-
[15:27:14.204]    DEBUG: <PixTestParameters.cc/dump:L104> PixTestParameters: ->DAQ<-
[15:27:14.204]    DEBUG: <PixTestParameters.cc/dump:L107>   delaytbm: checkbox
[15:27:14.204]    DEBUG: <PixTestParameters.cc/dump:L107>   filltree: checkbox
[15:27:14.204]    DEBUG: <PixTestParameters.cc/dump:L107>   trgfrequency(khz): 100
[15:27:14.204]    DEBUG: <PixTestParameters.cc/dump:L107>   maskhotpixels: button
[15:27:14.204]    DEBUG: <PixTestParameters.cc/dump:L107>   trgnumber: 5
[15:27:14.204]    DEBUG: <PixTestParameters.cc/dump:L107>   iterations: 10
[15:27:14.204]    DEBUG: <PixTestParameters.cc/dump:L107>   rundaqtrg: button
[15:27:14.204]    DEBUG: <PixTestParameters.cc/dump:L107>   daqseconds: 5
[15:27:14.204]    DEBUG: <PixTestParameters.cc/dump:L107>   rundaqseconds: button
[15:27:14.204]    DEBUG: <PixTestParameters.cc/dump:L104> PixTestParameters: ->DacDacScan<-
[15:27:14.204]    DEBUG: <PixTestParameters.cc/dump:L107>   phmap: checkbox
[15:27:14.204]    DEBUG: <PixTestParameters.cc/dump:L107>   ntrig: 10
[15:27:14.204]    DEBUG: <PixTestParameters.cc/dump:L107>   dac1: caldel
[15:27:14.204]    DEBUG: <PixTestParameters.cc/dump:L107>   dac1lo: 0
[15:27:14.204]    DEBUG: <PixTestParameters.cc/dump:L107>   dac1hi: 255
[15:27:14.204]    DEBUG: <PixTestParameters.cc/dump:L107>   dac2: vthrcomp
[15:27:14.204]    DEBUG: <PixTestParameters.cc/dump:L107>   dac2lo: 0
[15:27:14.204]    DEBUG: <PixTestParameters.cc/dump:L107>   dac2hi: 255
[15:27:14.204]    DEBUG: <PixTestParameters.cc/dump:L107>   pix: 11,20
[15:27:14.204]    DEBUG: <PixTestParameters.cc/dump:L104> PixTestParameters: ->DacScan<-
[15:27:14.204]    DEBUG: <PixTestParameters.cc/dump:L107>   phmap: checkbox(1)
[15:27:14.204]    DEBUG: <PixTestParameters.cc/dump:L107>   allpixels: checkbox(0)
[15:27:14.204]    DEBUG: <PixTestParameters.cc/dump:L107>   unmasked: checkbox(0)
[15:27:14.204]    DEBUG: <PixTestParameters.cc/dump:L107>   ntrig: 10
[15:27:14.204]    DEBUG: <PixTestParameters.cc/dump:L107>   dac: vcal
[15:27:14.204]    DEBUG: <PixTestParameters.cc/dump:L107>   daclo: 0
[15:27:14.204]    DEBUG: <PixTestParameters.cc/dump:L107>   dachi: 255
[15:27:14.204]    DEBUG: <PixTestParameters.cc/dump:L107>   pix: 11,20
[15:27:14.204]    DEBUG: <PixTestParameters.cc/dump:L104> PixTestParameters: ->GainPedestal<-
[15:27:14.204]    DEBUG: <PixTestParameters.cc/dump:L107>   showfits: checkbox(0)
[15:27:14.204]    DEBUG: <PixTestParameters.cc/dump:L107>   extended: checkbox(0)
[15:27:14.204]    DEBUG: <PixTestParameters.cc/dump:L107>   dumphists: checkbox(0)
[15:27:14.204]    DEBUG: <PixTestParameters.cc/dump:L107>   ntrig: 10
[15:27:14.204]    DEBUG: <PixTestParameters.cc/dump:L107>   vcalstep: 10
[15:27:14.204]    DEBUG: <PixTestParameters.cc/dump:L107>   measure: button
[15:27:14.204]    DEBUG: <PixTestParameters.cc/dump:L107>   fit: button
[15:27:14.204]    DEBUG: <PixTestParameters.cc/dump:L107>   save: button
[15:27:14.204]    DEBUG: <PixTestParameters.cc/dump:L104> PixTestParameters: ->HighRate<-
[15:27:14.204]    DEBUG: <PixTestParameters.cc/dump:L107>   pix: 11,20
[15:27:14.204]    DEBUG: <PixTestParameters.cc/dump:L107>   trimhotpixels: button
[15:27:14.204]    DEBUG: <PixTestParameters.cc/dump:L107>   trimhotpixelthr: 200
[15:27:14.204]    DEBUG: <PixTestParameters.cc/dump:L107>   runsecondshotpixels: 10
[15:27:14.204]    DEBUG: <PixTestParameters.cc/dump:L107>   savetrimbits: checkbox(1)
[15:27:14.204]    DEBUG: <PixTestParameters.cc/dump:L107>   maskuntrimmable: checkbox(1)
[15:27:14.204]    DEBUG: <PixTestParameters.cc/dump:L107>   maskhotpixels: button
[15:27:14.204]    DEBUG: <PixTestParameters.cc/dump:L107>   savemaskfile: checkbox(0)
[15:27:14.204]    DEBUG: <PixTestParameters.cc/dump:L107>   maskfilename: default
[15:27:14.204]    DEBUG: <PixTestParameters.cc/dump:L107>   caldelscan: button
[15:27:14.204]    DEBUG: <PixTestParameters.cc/dump:L107>   xpixelalive: button
[15:27:14.204]    DEBUG: <PixTestParameters.cc/dump:L107>   ntrig: 50
[15:27:14.204]    DEBUG: <PixTestParameters.cc/dump:L107>   vcal: 200
[15:27:14.204]    DEBUG: <PixTestParameters.cc/dump:L107>   xnoisemaps: button
[15:27:14.204]    DEBUG: <PixTestParameters.cc/dump:L107>   daclo: 0
[15:27:14.204]    DEBUG: <PixTestParameters.cc/dump:L107>   dachi: 100
[15:27:14.204]    DEBUG: <PixTestParameters.cc/dump:L107>   dacs/step: 20
[15:27:14.204]    DEBUG: <PixTestParameters.cc/dump:L107>   rundaq: button
[15:27:14.204]    DEBUG: <PixTestParameters.cc/dump:L107>   trgfrequency(khz): 20
[15:27:14.204]    DEBUG: <PixTestParameters.cc/dump:L107>   runseconds: 2
[15:27:14.204]    DEBUG: <PixTestParameters.cc/dump:L107>   triggerdelay: 20
[15:27:14.204]    DEBUG: <PixTestParameters.cc/dump:L107>   delaytbm: checkbox
[15:27:14.204]    DEBUG: <PixTestParameters.cc/dump:L107>   filltree: checkbox
[15:27:14.204]    DEBUG: <PixTestParameters.cc/dump:L104> PixTestParameters: ->IV<-
[15:27:14.204]    DEBUG: <PixTestParameters.cc/dump:L107>   port: /dev/FIXME
[15:27:14.204]    DEBUG: <PixTestParameters.cc/dump:L107>   voltagestart: 0
[15:27:14.204]    DEBUG: <PixTestParameters.cc/dump:L107>   voltagestop: 600
[15:27:14.204]    DEBUG: <PixTestParameters.cc/dump:L107>   voltagestep: 5
[15:27:14.204]    DEBUG: <PixTestParameters.cc/dump:L107>   delay: 1
[15:27:14.204]    DEBUG: <PixTestParameters.cc/dump:L107>   compliance(ua): 100
[15:27:14.204]    DEBUG: <PixTestParameters.cc/dump:L104> PixTestParameters: ->PhOptimization<-
[15:27:14.204]    DEBUG: <PixTestParameters.cc/dump:L107>   ntrig: 10
[15:27:14.205]    DEBUG: <PixTestParameters.cc/dump:L107>   safetymarginlow: 20
[15:27:14.205]    DEBUG: <PixTestParameters.cc/dump:L107>   saturationvcal: 100
[15:27:14.205]    DEBUG: <PixTestParameters.cc/dump:L107>   quantilesaturation: 0.98
[15:27:14.205]    DEBUG: <PixTestParameters.cc/dump:L104> PixTestParameters: ->PixelAlive<-
[15:27:14.205]    DEBUG: <PixTestParameters.cc/dump:L107>   ntrig: 10
[15:27:14.205]    DEBUG: <PixTestParameters.cc/dump:L107>   vcal: 200
[15:27:14.205]    DEBUG: <PixTestParameters.cc/dump:L107>   alivetest: button
[15:27:14.205]    DEBUG: <PixTestParameters.cc/dump:L107>   masktest: button
[15:27:14.205]    DEBUG: <PixTestParameters.cc/dump:L107>   addressdecodingtest: button
[15:27:14.205]    DEBUG: <PixTestParameters.cc/dump:L104> PixTestParameters: ->Pretest<-
[15:27:14.205]    DEBUG: <PixTestParameters.cc/dump:L107>   programroc: button
[15:27:14.205]    DEBUG: <PixTestParameters.cc/dump:L107>   targetia: 24
[15:27:14.205]    DEBUG: <PixTestParameters.cc/dump:L107>   setvana: button
[15:27:14.205]    DEBUG: <PixTestParameters.cc/dump:L107>   iterations: 100
[15:27:14.205]    DEBUG: <PixTestParameters.cc/dump:L107>   settimings: button
[15:27:14.205]    DEBUG: <PixTestParameters.cc/dump:L107>   findtiming: button
[15:27:14.205]    DEBUG: <PixTestParameters.cc/dump:L107>   findworkingpixel: button
[15:27:14.205]    DEBUG: <PixTestParameters.cc/dump:L107>   setvthrcompcaldel: button
[15:27:14.205]    DEBUG: <PixTestParameters.cc/dump:L107>   pix: 11,20
[15:27:14.205]    DEBUG: <PixTestParameters.cc/dump:L107>   vcal: 250
[15:27:14.205]    DEBUG: <PixTestParameters.cc/dump:L107>   deltavthrcomp: 50
[15:27:14.205]    DEBUG: <PixTestParameters.cc/dump:L107>   fraccaldel: 0.5
[15:27:14.205]    DEBUG: <PixTestParameters.cc/dump:L107>   ntrig: 5
[15:27:14.205]    DEBUG: <PixTestParameters.cc/dump:L107>   savedacs: button
[15:27:14.205]    DEBUG: <PixTestParameters.cc/dump:L104> PixTestParameters: ->Readback<-
[15:27:14.205]    DEBUG: <PixTestParameters.cc/dump:L107>   calibratevd: button
[15:27:14.205]    DEBUG: <PixTestParameters.cc/dump:L107>   calibrateva: button
[15:27:14.205]    DEBUG: <PixTestParameters.cc/dump:L107>   calibrateia: button
[15:27:14.205]    DEBUG: <PixTestParameters.cc/dump:L107>   readbackvbg: button
[15:27:14.205]    DEBUG: <PixTestParameters.cc/dump:L107>   getcalibratedvbg: button
[15:27:14.205]    DEBUG: <PixTestParameters.cc/dump:L107>   usecalvd: checkbox(1)
[15:27:14.205]    DEBUG: <PixTestParameters.cc/dump:L107>   usecalva: checkbox(0)
[15:27:14.205]    DEBUG: <PixTestParameters.cc/dump:L107>   setvana: button
[15:27:14.205]    DEBUG: <PixTestParameters.cc/dump:L104> PixTestParameters: ->Scurves<-
[15:27:14.205]    DEBUG: <PixTestParameters.cc/dump:L107>   adjustvcal: checkbox(0)
[15:27:14.205]    DEBUG: <PixTestParameters.cc/dump:L107>   dumpall: checkbox(0)
[15:27:14.205]    DEBUG: <PixTestParameters.cc/dump:L107>   dumpproblematic: checkbox(0)
[15:27:14.205]    DEBUG: <PixTestParameters.cc/dump:L107>   dumpoutputfile: checkbox(0)
[15:27:14.205]    DEBUG: <PixTestParameters.cc/dump:L107>   ntrig: 50
[15:27:14.205]    DEBUG: <PixTestParameters.cc/dump:L107>   dac: Vcal
[15:27:14.205]    DEBUG: <PixTestParameters.cc/dump:L107>   daclo: 0
[15:27:14.205]    DEBUG: <PixTestParameters.cc/dump:L107>   dachi: 200
[15:27:14.205]    DEBUG: <PixTestParameters.cc/dump:L107>   dacs/step: -1
[15:27:14.205]    DEBUG: <PixTestParameters.cc/dump:L107>   ntrig/step: -1
[15:27:14.205]    DEBUG: <PixTestParameters.cc/dump:L107>   scurves: button
[15:27:14.205]    DEBUG: <PixTestParameters.cc/dump:L104> PixTestParameters: ->Timing<-
[15:27:14.205]    DEBUG: <PixTestParameters.cc/dump:L107>   targetclk: 4
[15:27:14.205]    DEBUG: <PixTestParameters.cc/dump:L107>   ntrig: 10
[15:27:14.205]    DEBUG: <PixTestParameters.cc/dump:L107>   clocksdascan: button
[15:27:14.205]    DEBUG: <PixTestParameters.cc/dump:L107>   notokenpass: checkbox(0)
[15:27:14.205]    DEBUG: <PixTestParameters.cc/dump:L107>   phasescan: button
[15:27:14.205]    DEBUG: <PixTestParameters.cc/dump:L107>   levelscan: button
[15:27:14.205]    DEBUG: <PixTestParameters.cc/dump:L107>   tbmphasescan: button
[15:27:14.205]    DEBUG: <PixTestParameters.cc/dump:L107>   rocdelayscan: button
[15:27:14.205]    DEBUG: <PixTestParameters.cc/dump:L107>   timingtest: button
[15:27:14.205]    DEBUG: <PixTestParameters.cc/dump:L107>   saveparameters: button
[15:27:14.205]    DEBUG: <PixTestParameters.cc/dump:L104> PixTestParameters: ->Trim<-
[15:27:14.205]    DEBUG: <PixTestParameters.cc/dump:L107>   trim: button
[15:27:14.205]    DEBUG: <PixTestParameters.cc/dump:L107>   ntrig: 8
[15:27:14.205]    DEBUG: <PixTestParameters.cc/dump:L107>   vcal: 35
[15:27:14.205]    DEBUG: <PixTestParameters.cc/dump:L107>   trimbits: button
[15:27:14.205]    DEBUG: <PixTestParameters.cc/dump:L104> PixTestParameters: ->Xray<-
[15:27:14.205]    DEBUG: <PixTestParameters.cc/dump:L107>   maskhotpixels: button
[15:27:14.205]    DEBUG: <PixTestParameters.cc/dump:L107>   savemaskfile: checkbox(0)
[15:27:14.205]    DEBUG: <PixTestParameters.cc/dump:L107>   maskfilename: default
[15:27:14.205]    DEBUG: <PixTestParameters.cc/dump:L107>   source: Ag
[15:27:14.205]    DEBUG: <PixTestParameters.cc/dump:L107>   phrun: button
[15:27:14.205]    DEBUG: <PixTestParameters.cc/dump:L107>   runseconds: 100
[15:27:14.205]    DEBUG: <PixTestParameters.cc/dump:L107>   trgfrequency(khz): 100
[15:27:14.205]    DEBUG: <PixTestParameters.cc/dump:L107>   ratescan: button
[15:27:14.205]    DEBUG: <PixTestParameters.cc/dump:L107>   vthrcompmin: 10
[15:27:14.205]    DEBUG: <PixTestParameters.cc/dump:L107>   vthrcompmax: 80
[15:27:14.205]    DEBUG: <PixTestParameters.cc/dump:L107>   stepseconds: 5
[15:27:14.205]    DEBUG: <PixTestParameters.cc/dump:L107>   delaytbm: checkbox
[15:27:14.205]    DEBUG: <PixTestParameters.cc/dump:L107>   filltree: checkbox
[15:27:14.208]    DEBUG: <PixSetup.cc/init:L81> PixSetup init start; getCurrentRSS() = 33480704
[15:27:14.208]    DEBUG: <PixSetup.cc/init:L87> fPixTestParameters = 0xd667a0
[15:27:14.208]    DEBUG: <PixSetup.cc/init:L88>  fConfigParameters = 0xcf4c40
[15:27:14.208]    DEBUG: <PixSetup.cc/init:L89>        fPxarMemory = 0x7fcb99d94010
[15:27:14.208]    DEBUG: <PixSetup.cc/init:L90>         fPxarMemHi = 0x7fcb9ffff510
[15:27:14.208]    DEBUG: <PixSetup.cc/init:L106> PixSetup init done;  getCurrentRSS() = 33488896 fPxarMemory = 0x7fcb99d94010
[15:27:14.209]    DEBUG: <pXar.cc/main:L223> Initial Analog Current: 387.5mA
[15:27:14.210]    DEBUG: <pXar.cc/main:L224> Initial Digital Current: 569.2mA
[15:27:14.210]    DEBUG: <pXar.cc/main:L225> Initial Module Temperature: -0.2 C
[15:27:14.701]    DEBUG: <PixGui.cc/hvOn:L460> HV set On: 0x133d520
[15:27:14.762]    DEBUG: <PixTestFactory.cc/PixTestFactory:L53> PixTestFactory::PixTestFactory()
[15:27:14.762]    DEBUG: <PixTestBBMap.cc/init:L79> PixTestBBMap::init()
[15:27:14.762]    DEBUG: <PixTestBBMap.cc/PixTestBBMap:L27> PixTestBBMap ctor(PixSetup &a, string, TGTab *)
[15:27:14.768]    DEBUG: <PixTestBB2Map.cc/setParameter:L58> setting fTargetIa    = 24 mA/ROC
[15:27:14.768]    DEBUG: <PixTestBB2Map.cc/init:L97> PixTestBB2Map::init()
[15:27:14.768]    DEBUG: <PixTestBB2Map.cc/PixTestBB2Map:L29> PixTestBB2Map ctor(PixSetup &a, string, TGTab *)
[15:27:14.777]    DEBUG: <PixTestBB3Map.cc/init:L81> PixTestBB3Map::init()
[15:27:14.777]    DEBUG: <PixTestBB3Map.cc/PixTestBB3Map:L29> PixTestBB3Map ctor(PixSetup &a, string, TGTab *)
[15:27:14.790]    DEBUG: <PixTestBB4Map.cc/init:L93> PixTestBB4Map::init()
[15:27:14.790]    DEBUG: <PixTestBB4Map.cc/PixTestBB4Map:L26> PixTestMapeff ctor(PixSetup &a, string, TGTab *)
[15:27:14.804]     INFO: PixTestCmd::init()
[15:27:14.807]    DEBUG: <PixTestDaq.cc/init:L44> PixTestDaq::init()
[15:27:14.808]    DEBUG: <PixTestDaq.cc/PixTestDaq:L22> PixTestDaq ctor(PixSetup &a, string, TGTab *)
[15:27:14.808]     INFO: readGainPedestalParameters ./data/mj302/phCalibrationFitErr35_C0.dat .. ./data/mj302/phCalibrationFitErr35_C15.dat
[15:27:15.047]    DEBUG: <PixTestDacDacScan.cc/init:L103> PixTestDacDacScan::init()
[15:27:15.047]    DEBUG: <PixTestDacDacScan.cc/PixTestDacDacScan:L22> PixTestDacDacScan ctor(PixSetup &a, string, TGTab *)
[15:27:15.058]    DEBUG: <PixTestGainPedestal.cc/setParameter:L83> PixTestGainPedestal::PixTest() fVcalStep = 10
[15:27:15.064]    DEBUG: <PixTestHighRate.cc/setParameter:L68>   setting fParTriggerFrequency -> 20
[15:27:15.064]    DEBUG: <PixTestHighRate.cc/init:L198> PixTestHighRate::init()
[15:27:15.064]    DEBUG: <PixTestHighRate.cc/PixTestHighRate:L31> PixTestHighRate ctor(PixSetup &a, string, TGTab *)
[15:27:15.086]    DEBUG: <PixTest.cc/setTestParameter:L637>  setting  ntrig to new value 10
[15:27:15.086]    DEBUG: <PixTestPhOptimization.cc/setParameter:L37>   setting fParNtrig  ->10<- from sval = 10
[15:27:15.086]    DEBUG: <PixTestPhOptimization.cc/setParameter:L42>   setting fSafetyMarginLow  ->20<- from sval = 20
[15:27:15.086]    DEBUG: <PixTestPhOptimization.cc/setParameter:L48>   setting fVcalMax  ->100<- from sval = 100
[15:27:15.086]    DEBUG: <PixTestPhOptimization.cc/setParameter:L53>   setting fQuantMax  ->0.98<- from sval = 0.98
[15:27:15.091]    DEBUG: <PixTestAlive.cc/init:L77> PixTestAlive::init()
[15:27:15.091]    DEBUG: <PixTestAlive.cc/PixTestAlive:L21> PixTestAlive ctor(PixSetup &a, string, TGTab *)
[15:27:15.104]    DEBUG: <PixTestReadback.cc/setParameter:L172> fCalwVd set to 1
[15:27:15.104]    DEBUG: <PixTestReadback.cc/init:L95> PixTestReadback::init()
[15:27:15.104]    DEBUG: <PixTestReadback.cc/PixTestReadback:L22> PixTestReadback ctor(PixSetup &a, string, TGTab *)
[15:27:15.104]     INFO: readReadbackCal: ./data/mj302/readbackCal_C0.dat .. ./data/mj302/readbackCal_C15.dat
[15:27:15.118]    DEBUG: <PixTestScurves.cc/setParameter:L93> set fOutputFilename = 
[15:27:15.125]    DEBUG: <PixTestTiming.cc/setParameter:L60> PixTestTiming::PixTest() targetclk = 4
[15:27:15.125]    DEBUG: <PixTestTiming.cc/setParameter:L64> PixTestTiming::PixTest() ntrig = 10
[15:27:15.125]    DEBUG: <PixTestTiming.cc/setParameter:L48> fNoTokenPass: 0
[15:27:15.125]    DEBUG: <PixTestTiming.cc/init:L74> PixTestTiming::init()
[15:27:15.136]    DEBUG: <PixTestXray.cc/init:L134> PixTestXray::init()
[15:27:15.136]    DEBUG: <PixTestXray.cc/PixTestXray:L28> PixTestXray ctor(PixSetup &a, string, TGTab *)
[15:27:18.702]    DEBUG: <PixTab.cc/buttonClicked:L308> xxxPressed():  caldelscan
[15:27:18.702]    DEBUG: <PixTestHighRate.cc/runCommand:L157> running command: caldelscan
[15:27:18.702]     INFO:    ----------------------------------------------------------------------
[15:27:18.702]     INFO:    PixTestHighRate::calDelScan() ntrig = 10, vcal = 200
[15:27:18.702]     INFO:    ----------------------------------------------------------------------
[15:27:18.843]     INFO: Expecting 768 events.
[15:27:19.979]     INFO: 768 events read in total (418ms).
[15:27:20.168]     INFO: Test took 1460ms.
[15:27:20.174]    DEBUG: <PixTest.cc/efficiencyMaps:L396>       attempt #0
[15:27:20.840]     INFO: Expecting 41600 events.
[15:27:24.971]     INFO: 41600 events read in total (3604ms).
[15:27:24.979]     INFO: Test took 4805ms.
[15:27:25.189]     INFO: Fetched DAQ statistics. Counters are being reset now.
[15:27:25.189]    DEBUG: <PixTest.cc/efficiencyMaps:L407>  eff result size = 1205816
[15:27:25.189]    DEBUG: <PixTest.cc/efficiencyMaps:L412> Create hists HR_xeff_CalDelScan_step0_C0 .. HR_xeff_CalDelScan_step0_C15
[15:27:25.189]    DEBUG: <PixTest.cc/efficiencyMaps:L426> booking xray maps for unmasked detector
[15:27:25.276]    DEBUG: <PixTest.cc/efficiencyMaps:L396>       attempt #0
[15:27:25.942]     INFO: Expecting 41600 events.
[15:27:30.162]     INFO: 41600 events read in total (3693ms).
[15:27:30.168]     INFO: Test took 4892ms.
[15:27:30.367]     INFO: Fetched DAQ statistics. Counters are being reset now.
[15:27:30.367]    DEBUG: <PixTest.cc/efficiencyMaps:L407>  eff result size = 1209902
[15:27:30.367]    DEBUG: <PixTest.cc/efficiencyMaps:L412> Create hists HR_xeff_CalDelScan_step1_C0 .. HR_xeff_CalDelScan_step1_C15
[15:27:30.368]    DEBUG: <PixTest.cc/efficiencyMaps:L426> booking xray maps for unmasked detector
[15:27:30.455]    DEBUG: <PixTest.cc/efficiencyMaps:L396>       attempt #0
[15:27:31.120]     INFO: Expecting 41600 events.
[15:27:35.352]     INFO: 41600 events read in total (3705ms).
[15:27:35.360]     INFO: Test took 4905ms.
[15:27:35.560]     INFO: Fetched DAQ statistics. Counters are being reset now.
[15:27:35.560]    DEBUG: <PixTest.cc/efficiencyMaps:L407>  eff result size = 1212909
[15:27:35.560]    DEBUG: <PixTest.cc/efficiencyMaps:L412> Create hists HR_xeff_CalDelScan_step2_C0 .. HR_xeff_CalDelScan_step2_C15
[15:27:35.561]    DEBUG: <PixTest.cc/efficiencyMaps:L426> booking xray maps for unmasked detector
[15:27:35.649]    DEBUG: <PixTest.cc/efficiencyMaps:L396>       attempt #0
[15:27:36.315]     INFO: Expecting 41600 events.
[15:27:40.539]     INFO: 41600 events read in total (3698ms).
[15:27:40.546]     INFO: Test took 4896ms.
[15:27:40.747]     INFO: Fetched DAQ statistics. Counters are being reset now.
[15:27:40.747]    DEBUG: <PixTest.cc/efficiencyMaps:L407>  eff result size = 1214707
[15:27:40.747]    DEBUG: <PixTest.cc/efficiencyMaps:L412> Create hists HR_xeff_CalDelScan_step3_C0 .. HR_xeff_CalDelScan_step3_C15
[15:27:40.747]    DEBUG: <PixTest.cc/efficiencyMaps:L426> booking xray maps for unmasked detector
[15:27:40.836]    DEBUG: <PixTest.cc/efficiencyMaps:L396>       attempt #0
[15:27:41.502]     INFO: Expecting 41600 events.
[15:27:45.724]     INFO: 41600 events read in total (3695ms).
[15:27:45.731]     INFO: Test took 4895ms.
[15:27:45.930]     INFO: Fetched DAQ statistics. Counters are being reset now.
[15:27:45.930]    DEBUG: <PixTest.cc/efficiencyMaps:L407>  eff result size = 1213857
[15:27:45.931]    DEBUG: <PixTest.cc/efficiencyMaps:L412> Create hists HR_xeff_CalDelScan_step4_C0 .. HR_xeff_CalDelScan_step4_C15
[15:27:45.931]    DEBUG: <PixTest.cc/efficiencyMaps:L426> booking xray maps for unmasked detector
[15:27:46.022]    DEBUG: <PixTest.cc/efficiencyMaps:L396>       attempt #0
[15:27:46.688]     INFO: Expecting 41600 events.
[15:27:50.944]     INFO: 41600 events read in total (3729ms).
[15:27:50.950]     INFO: Test took 4928ms.
[15:27:51.150]     INFO: Fetched DAQ statistics. Counters are being reset now.
[15:27:51.150]    DEBUG: <PixTest.cc/efficiencyMaps:L407>  eff result size = 1215293
[15:27:51.150]    DEBUG: <PixTest.cc/efficiencyMaps:L412> Create hists HR_xeff_CalDelScan_step5_C0 .. HR_xeff_CalDelScan_step5_C15
[15:27:51.150]    DEBUG: <PixTest.cc/efficiencyMaps:L426> booking xray maps for unmasked detector
[15:27:51.238]    DEBUG: <PixTest.cc/efficiencyMaps:L396>       attempt #0
[15:27:51.903]     INFO: Expecting 41600 events.
[15:27:56.166]     INFO: 41600 events read in total (3737ms).
[15:27:56.173]     INFO: Test took 4935ms.
[15:27:56.375]     INFO: Fetched DAQ statistics. Counters are being reset now.
[15:27:56.375]    DEBUG: <PixTest.cc/efficiencyMaps:L407>  eff result size = 1215776
[15:27:56.375]    DEBUG: <PixTest.cc/efficiencyMaps:L412> Create hists HR_xeff_CalDelScan_step6_C0 .. HR_xeff_CalDelScan_step6_C15
[15:27:56.375]    DEBUG: <PixTest.cc/efficiencyMaps:L426> booking xray maps for unmasked detector
[15:27:56.464]    DEBUG: <PixTest.cc/efficiencyMaps:L396>       attempt #0
[15:27:57.131]     INFO: Expecting 41600 events.
[15:28:01.398]     INFO: 41600 events read in total (3741ms).
[15:28:01.404]     INFO: Test took 4939ms.
[15:28:01.604]     INFO: Fetched DAQ statistics. Counters are being reset now.
[15:28:01.604]    DEBUG: <PixTest.cc/efficiencyMaps:L407>  eff result size = 1214547
[15:28:01.604]    DEBUG: <PixTest.cc/efficiencyMaps:L412> Create hists HR_xeff_CalDelScan_step7_C0 .. HR_xeff_CalDelScan_step7_C15
[15:28:01.604]    DEBUG: <PixTest.cc/efficiencyMaps:L426> booking xray maps for unmasked detector
[15:28:01.692]    DEBUG: <PixTest.cc/efficiencyMaps:L396>       attempt #0
[15:28:02.357]     INFO: Expecting 41600 events.
[15:28:06.627]     INFO: 41600 events read in total (3744ms).
[15:28:06.633]     INFO: Test took 4941ms.
[15:28:06.835]     INFO: Fetched DAQ statistics. Counters are being reset now.
[15:28:06.835]    DEBUG: <PixTest.cc/efficiencyMaps:L407>  eff result size = 1215104
[15:28:06.835]    DEBUG: <PixTest.cc/efficiencyMaps:L412> Create hists HR_xeff_CalDelScan_step8_C0 .. HR_xeff_CalDelScan_step8_C15
[15:28:06.835]    DEBUG: <PixTest.cc/efficiencyMaps:L426> booking xray maps for unmasked detector
[15:28:06.924]    DEBUG: <PixTest.cc/efficiencyMaps:L396>       attempt #0
[15:28:07.591]     INFO: Expecting 41600 events.
[15:28:11.849]     INFO: 41600 events read in total (3732ms).
[15:28:11.856]     INFO: Test took 4932ms.
[15:28:12.055]     INFO: Fetched DAQ statistics. Counters are being reset now.
[15:28:12.055]    DEBUG: <PixTest.cc/efficiencyMaps:L407>  eff result size = 1218096
[15:28:12.055]    DEBUG: <PixTest.cc/efficiencyMaps:L412> Create hists HR_xeff_CalDelScan_step9_C0 .. HR_xeff_CalDelScan_step9_C15
[15:28:12.056]    DEBUG: <PixTest.cc/efficiencyMaps:L426> booking xray maps for unmasked detector
[15:28:12.146]    DEBUG: <PixTest.cc/efficiencyMaps:L396>       attempt #0
[15:28:12.813]     INFO: Expecting 41600 events.
[15:28:17.067]     INFO: 41600 events read in total (3728ms).
[15:28:17.073]     INFO: Test took 4927ms.
[15:28:17.276]     INFO: Fetched DAQ statistics. Counters are being reset now.
[15:28:17.276]    DEBUG: <PixTest.cc/efficiencyMaps:L407>  eff result size = 1213798
[15:28:17.276]    DEBUG: <PixTest.cc/efficiencyMaps:L412> Create hists HR_xeff_CalDelScan_step10_C0 .. HR_xeff_CalDelScan_step10_C15
[15:28:17.276]    DEBUG: <PixTest.cc/efficiencyMaps:L426> booking xray maps for unmasked detector
[15:28:17.365]    DEBUG: <PixTest.cc/efficiencyMaps:L396>       attempt #0
[15:28:18.031]     INFO: Expecting 41600 events.
[15:28:22.283]     INFO: 41600 events read in total (3725ms).
[15:28:22.290]     INFO: Test took 4925ms.
[15:28:22.492]     INFO: Fetched DAQ statistics. Counters are being reset now.
[15:28:22.492]    DEBUG: <PixTest.cc/efficiencyMaps:L407>  eff result size = 1212569
[15:28:22.492]    DEBUG: <PixTest.cc/efficiencyMaps:L412> Create hists HR_xeff_CalDelScan_step11_C0 .. HR_xeff_CalDelScan_step11_C15
[15:28:22.492]    DEBUG: <PixTest.cc/efficiencyMaps:L426> booking xray maps for unmasked detector
[15:28:22.582]    DEBUG: <PixTest.cc/efficiencyMaps:L396>       attempt #0
[15:28:23.248]     INFO: Expecting 41600 events.
[15:28:27.518]     INFO: 41600 events read in total (3743ms).
[15:28:27.524]     INFO: Test took 4942ms.
[15:28:27.725]     INFO: Fetched DAQ statistics. Counters are being reset now.
[15:28:27.725]    DEBUG: <PixTest.cc/efficiencyMaps:L407>  eff result size = 1214258
[15:28:27.725]    DEBUG: <PixTest.cc/efficiencyMaps:L412> Create hists HR_xeff_CalDelScan_step12_C0 .. HR_xeff_CalDelScan_step12_C15
[15:28:27.726]    DEBUG: <PixTest.cc/efficiencyMaps:L426> booking xray maps for unmasked detector
[15:28:27.815]    DEBUG: <PixTest.cc/efficiencyMaps:L396>       attempt #0
[15:28:28.481]     INFO: Expecting 41600 events.
[15:28:32.743]     INFO: 41600 events read in total (3735ms).
[15:28:32.750]     INFO: Test took 4935ms.
[15:28:32.949]     INFO: Fetched DAQ statistics. Counters are being reset now.
[15:28:32.949]    DEBUG: <PixTest.cc/efficiencyMaps:L407>  eff result size = 1214373
[15:28:32.949]    DEBUG: <PixTest.cc/efficiencyMaps:L412> Create hists HR_xeff_CalDelScan_step13_C0 .. HR_xeff_CalDelScan_step13_C15
[15:28:32.950]    DEBUG: <PixTest.cc/efficiencyMaps:L426> booking xray maps for unmasked detector
[15:28:33.039]    DEBUG: <PixTest.cc/efficiencyMaps:L396>       attempt #0
[15:28:33.706]     INFO: Expecting 41600 events.
[15:28:37.962]     INFO: 41600 events read in total (3730ms).
[15:28:37.969]     INFO: Test took 4930ms.
[15:28:38.168]     INFO: Fetched DAQ statistics. Counters are being reset now.
[15:28:38.168]    DEBUG: <PixTest.cc/efficiencyMaps:L407>  eff result size = 1215292
[15:28:38.168]    DEBUG: <PixTest.cc/efficiencyMaps:L412> Create hists HR_xeff_CalDelScan_step14_C0 .. HR_xeff_CalDelScan_step14_C15
[15:28:38.168]    DEBUG: <PixTest.cc/efficiencyMaps:L426> booking xray maps for unmasked detector
[15:28:38.257]    DEBUG: <PixTest.cc/efficiencyMaps:L396>       attempt #0
[15:28:38.924]     INFO: Expecting 41600 events.
[15:28:43.181]     INFO: 41600 events read in total (3731ms).
[15:28:43.188]     INFO: Test took 4931ms.
[15:28:43.385]     INFO: Fetched DAQ statistics. Counters are being reset now.
[15:28:43.385]    DEBUG: <PixTest.cc/efficiencyMaps:L407>  eff result size = 1215485
[15:28:43.385]    DEBUG: <PixTest.cc/efficiencyMaps:L412> Create hists HR_xeff_CalDelScan_step15_C0 .. HR_xeff_CalDelScan_step15_C15
[15:28:43.386]    DEBUG: <PixTest.cc/efficiencyMaps:L426> booking xray maps for unmasked detector
[15:28:43.475]    DEBUG: <PixTest.cc/efficiencyMaps:L396>       attempt #0
[15:28:44.140]     INFO: Expecting 41600 events.
[15:28:48.398]     INFO: 41600 events read in total (3732ms).
[15:28:48.405]     INFO: Test took 4930ms.
[15:28:48.601]     INFO: Fetched DAQ statistics. Counters are being reset now.
[15:28:48.601]    DEBUG: <PixTest.cc/efficiencyMaps:L407>  eff result size = 1215552
[15:28:48.601]    DEBUG: <PixTest.cc/efficiencyMaps:L412> Create hists HR_xeff_CalDelScan_step16_C0 .. HR_xeff_CalDelScan_step16_C15
[15:28:48.602]    DEBUG: <PixTest.cc/efficiencyMaps:L426> booking xray maps for unmasked detector
[15:28:48.691]    DEBUG: <PixTest.cc/efficiencyMaps:L396>       attempt #0
[15:28:49.356]     INFO: Expecting 41600 events.
[15:28:53.609]     INFO: 41600 events read in total (3726ms).
[15:28:53.616]     INFO: Test took 4925ms.
[15:28:53.815]     INFO: Fetched DAQ statistics. Counters are being reset now.
[15:28:53.815]    DEBUG: <PixTest.cc/efficiencyMaps:L407>  eff result size = 1213976
[15:28:53.815]    DEBUG: <PixTest.cc/efficiencyMaps:L412> Create hists HR_xeff_CalDelScan_step17_C0 .. HR_xeff_CalDelScan_step17_C15
[15:28:53.816]    DEBUG: <PixTest.cc/efficiencyMaps:L426> booking xray maps for unmasked detector
[15:28:53.904]    DEBUG: <PixTest.cc/efficiencyMaps:L396>       attempt #0
[15:28:54.569]     INFO: Expecting 41600 events.
[15:28:58.777]     INFO: 41600 events read in total (3682ms).
[15:28:58.784]     INFO: Test took 4880ms.
[15:28:58.986]     INFO: Fetched DAQ statistics. Counters are being reset now.
[15:28:58.987]    DEBUG: <PixTest.cc/efficiencyMaps:L407>  eff result size = 1214983
[15:28:58.987]    DEBUG: <PixTest.cc/efficiencyMaps:L412> Create hists HR_xeff_CalDelScan_step18_C0 .. HR_xeff_CalDelScan_step18_C15
[15:28:58.987]    DEBUG: <PixTest.cc/efficiencyMaps:L426> booking xray maps for unmasked detector
[15:28:59.075]    DEBUG: <PixTest.cc/efficiencyMaps:L396>       attempt #0
[15:28:59.740]     INFO: Expecting 41600 events.
[15:29:03.785]     INFO: 41600 events read in total (3519ms).
[15:29:03.792]     INFO: Test took 4717ms.
[15:29:03.993]     INFO: Fetched DAQ statistics. Counters are being reset now.
[15:29:03.993]    DEBUG: <PixTest.cc/efficiencyMaps:L407>  eff result size = 1205749
[15:29:03.993]    DEBUG: <PixTest.cc/efficiencyMaps:L412> Create hists HR_xeff_CalDelScan_step19_C0 .. HR_xeff_CalDelScan_step19_C15
[15:29:03.993]    DEBUG: <PixTest.cc/efficiencyMaps:L426> booking xray maps for unmasked detector
[15:29:04.301]    DEBUG: <PixTestHighRate.cc/doCalDelScan:L422> roc  0: caldel = 168 eff = 0.993654
[15:29:04.301]    DEBUG: <PixTestHighRate.cc/doCalDelScan:L422> roc  1: caldel = 153 eff = 0.996587
[15:29:04.301]    DEBUG: <PixTestHighRate.cc/doCalDelScan:L422> roc  2: caldel = 155 eff = 0.992332
[15:29:04.301]    DEBUG: <PixTestHighRate.cc/doCalDelScan:L422> roc  3: caldel = 157 eff = 0.987957
[15:29:04.302]    DEBUG: <PixTestHighRate.cc/doCalDelScan:L422> roc  4: caldel = 148 eff = 0.986226
[15:29:04.302]    DEBUG: <PixTestHighRate.cc/doCalDelScan:L422> roc  5: caldel = 161 eff = 0.987163
[15:29:04.302]    DEBUG: <PixTestHighRate.cc/doCalDelScan:L422> roc  6: caldel = 141 eff = 0.984207
[15:29:04.302]    DEBUG: <PixTestHighRate.cc/doCalDelScan:L422> roc  7: caldel = 151 eff = 0.914976
[15:29:04.302]    DEBUG: <PixTestHighRate.cc/doCalDelScan:L422> roc  8: caldel = 176 eff = 0.98137
[15:29:04.302]    DEBUG: <PixTestHighRate.cc/doCalDelScan:L422> roc  9: caldel = 182 eff = 0.980433
[15:29:04.303]    DEBUG: <PixTestHighRate.cc/doCalDelScan:L422> roc 10: caldel = 143 eff = 0.981178
[15:29:04.303]    DEBUG: <PixTestHighRate.cc/doCalDelScan:L422> roc 11: caldel = 195 eff = 0.98238
[15:29:04.303]    DEBUG: <PixTestHighRate.cc/doCalDelScan:L422> roc 12: caldel = 154 eff = 0.982596
[15:29:04.303]    DEBUG: <PixTestHighRate.cc/doCalDelScan:L422> roc 13: caldel = 147 eff = 0.988077
[15:29:04.303]    DEBUG: <PixTestHighRate.cc/doCalDelScan:L422> roc 14: caldel = 168 eff = 0.992043
[15:29:04.303]    DEBUG: <PixTestHighRate.cc/doCalDelScan:L422> roc 15: caldel = 161 eff = 0.991683
[15:29:08.310]    DEBUG: <PixTab.cc/buttonClicked:L308> xxxPressed():  xpixelalive
[15:29:08.310]    DEBUG: <PixTestHighRate.cc/runCommand:L157> running command: xpixelalive
[15:29:08.310]     INFO:    ----------------------------------------------------------------------
[15:29:08.310]     INFO:    PixTestHighRate::xPixelAlive() ntrig = 50, vcal = 200
[15:29:08.310]     INFO:    ----------------------------------------------------------------------
[15:29:08.311]    DEBUG: <PixTestHighRate.cc/doXPixelAlive:L451>  old set: clk: 4
[15:29:08.311]    DEBUG: <PixTestHighRate.cc/doXPixelAlive:L451>  old set: ctr: 4
[15:29:08.311]    DEBUG: <PixTestHighRate.cc/doXPixelAlive:L451>  old set: sda: 19
[15:29:08.311]    DEBUG: <PixTestHighRate.cc/doXPixelAlive:L451>  old set: tin: 9
[15:29:08.311]    DEBUG: <PixTestHighRate.cc/doXPixelAlive:L451>  old set: level: 15
[15:29:08.311]    DEBUG: <PixTestHighRate.cc/doXPixelAlive:L451>  old set: triggerdelay: 0
[15:29:08.311]    DEBUG: <PixTestHighRate.cc/doXPixelAlive:L467>  setting: clk: 4
[15:29:08.311]    DEBUG: <PixTestHighRate.cc/doXPixelAlive:L467>  setting: ctr: 4
[15:29:08.311]    DEBUG: <PixTestHighRate.cc/doXPixelAlive:L467>  setting: sda: 19
[15:29:08.311]    DEBUG: <PixTestHighRate.cc/doXPixelAlive:L467>  setting: tin: 9
[15:29:08.311]    DEBUG: <PixTestHighRate.cc/doXPixelAlive:L467>  setting: level: 15
[15:29:08.311]    DEBUG: <PixTestHighRate.cc/doXPixelAlive:L467>  setting: triggerdelay: 20
[15:29:08.342]    DEBUG: <PixTest.cc/efficiencyMaps:L396>       attempt #0
[15:29:09.007]     INFO: Expecting 208000 events.
[15:29:28.041]     INFO: 208000 events read in total (18507ms).
[15:29:28.068]     INFO: Test took 19726ms.
[15:29:29.063]     INFO: Fetched DAQ statistics. Counters are being reset now.
[15:29:29.063]    DEBUG: <PixTest.cc/efficiencyMaps:L407>  eff result size = 5746006
[15:29:29.063]    DEBUG: <PixTest.cc/efficiencyMaps:L412> Create hists highRate_C0 .. highRate_C15
[15:29:29.063]    DEBUG: <PixTest.cc/efficiencyMaps:L426> booking xray maps for unmasked detector
[15:29:29.657]     INFO: number of dead pixels (per ROC):     9    0    0    0    0    0    0  317    0    0    0    1    0    0    0    0
[15:29:29.658]     INFO: number of red-efficiency pixels:   424  316  790 1489 1675 1597 1823 1333 1745 1857 1668 1588 1525  845  312  525
[15:29:29.658]     INFO: number of X-ray hits detected:    195989 171253 281082 425181 451719 448998 449486 303015 463819 475067 454713 448892 438235 292042 174037 206245
[15:29:29.658]     INFO: number of triggers sent (total per ROC):  208000 208000 208000 208000 208000 208000 208000 208000 208000 208000 208000 208000 208000 208000 208000 208000
[15:29:29.658]     INFO: number of Vcal hits detected:  207105 207653 206927 205958 205603 205754 205279 190779 205489 205176 205548 205670 205907 206873 207655 207423
[15:29:29.658]     INFO: Vcal hit fiducial efficiency (%):  99.8 99.8 99.5 99.1 98.9 99.0 98.8 99.3 98.8 98.8 98.9 99.0 99.1 99.5 99.8 99.7
[15:29:29.658]     INFO: Vcal hit overall efficiency (%):  99.6 99.8 99.5 99.0 98.8 98.9 98.7 91.7 98.8 98.6 98.8 98.9 99.0 99.5 99.8 99.7
[15:29:29.658]     INFO: X-ray hit rate [MHz/cm2]:  57.4 50.2 82.4 124.6 132.4 131.6 131.7 88.8 135.9 139.2 133.3 131.6 128.4 85.6 51.0 60.5
[15:29:29.658]     INFO: PixTestHighRate::doXPixelAlive() done
[15:29:29.705]    DEBUG: <PixTestHighRate.cc/doXPixelAlive:L586>  resetting: clk: 4
[15:29:29.705]    DEBUG: <PixTestHighRate.cc/doXPixelAlive:L586>  resetting: ctr: 4
[15:29:29.705]    DEBUG: <PixTestHighRate.cc/doXPixelAlive:L586>  resetting: sda: 19
[15:29:29.705]    DEBUG: <PixTestHighRate.cc/doXPixelAlive:L586>  resetting: tin: 9
[15:29:29.705]    DEBUG: <PixTestHighRate.cc/doXPixelAlive:L586>  resetting: level: 15
[15:29:29.705]    DEBUG: <PixTestHighRate.cc/doXPixelAlive:L586>  resetting: triggerdelay: 0
[15:29:29.705]     INFO: PixTest::       pg_setup set to default.
[15:29:42.166]    DEBUG: <PixGui.cc/handleButtons:L396> PixGui::exit called
[15:29:42.167]    DEBUG: <PixGui.cc/CloseWindow:L335> Final Analog Current: 388.3mA
[15:29:42.168]    DEBUG: <PixGui.cc/CloseWindow:L336> Final Digital Current: 570mA
[15:29:42.168]    DEBUG: <PixGui.cc/CloseWindow:L337> Final Module Temperature: -0.2 C
[15:29:42.168]    DEBUG: <PixTestBBMap.cc/~PixTestBBMap:L97> PixTestBBMap dtor
[15:29:42.168]    DEBUG: <PixTestBB2Map.cc/~PixTestBB2Map:L115> PixTestBB2Map dtor
[15:29:42.168]    DEBUG: <PixTestBB3Map.cc/~PixTestBB3Map:L99> PixTestBB3Map dtor
[15:29:42.168]    DEBUG: <PixTestBB4Map.cc/~PixTestBB4Map:L118> PixTestBB4Map dtor
[15:29:42.168]    DEBUG: <PixTestCmd.cc/~PixTestCmd:L78> PixTestCmd dtor
[15:29:42.168]    DEBUG: <PixTestDaq.cc/~PixTestDaq:L37> PixTestDaq dtor
[15:29:42.168]    DEBUG: <PixTestDacDacScan.cc/~PixTestDacDacScan:L136> PixTestDacDacScan dtor
[15:29:42.168]    DEBUG: <PixTestDacScan.cc/~PixTestDacScan:L129> PixTestDacScan dtor
[15:29:42.168]    DEBUG: <PixTestGainPedestal.cc/~PixTestGainPedestal:L125> PixTestGainPedestal dtor
[15:29:42.168]    DEBUG: <PixTestHighRate.cc/~PixTestHighRate:L245> PixTestHighRate dtor
[15:29:42.250]    DEBUG: <PixTestIV.cc/~PixTestIV:L96> PixTestIV dtor
[15:29:42.250]    DEBUG: <PixTestAlive.cc/~PixTestAlive:L109> PixTestAlive dtor
[15:29:42.250]    DEBUG: <PixTestPretest.cc/~PixTestPretest:L136> PixTestPretest dtor
[15:29:42.250]    DEBUG: <PixTestReadback.cc/~PixTestReadback:L89> PixTestReadback dtor, saving tree ... 
[15:29:42.250]    DEBUG: <PixTestScurves.cc/~PixTestScurves:L142> PixTestScurves dtor
[15:29:42.250]    DEBUG: <PixTestTiming.cc/~PixTestTiming:L97> PixTestTiming dtor
[15:29:42.250]    DEBUG: <PixTestTrim.cc/~PixTestTrim:L103> PixTestTrim dtor
[15:29:42.250]    DEBUG: <PixTestXray.cc/~PixTestXray:L217> PixTestXray dtor
[15:29:42.253]    QUIET: Connection to board 58 closed.
[15:29:42.333]    DEBUG: <PixMonitor.cc/dumpSummaries:L39> PixMonitor::dumpSummaries
