High Rate Efficency Log File Module: mj302

Double Column's with Efficency < 90 % 
Roc: 3 dc: 0 nPixelsDC: 156 rate: 202.63 eff: 0.97359
Roc: 4 dc: 0 nPixelsDC: 156 rate: 219.675 eff: 0.965513
Roc: 5 dc: 0 nPixelsDC: 156 rate: 227.86 eff: 0.958846
Roc: 6 dc: 0 nPixelsDC: 156 rate: 195.085 eff: 0.970256
Roc: 6 dc: 22 nPixelsDC: 156 rate: 158.383 eff: 0.978462
Roc: 7 dc: 3 nPixelsDC: 156 rate: 0.879356 eff: 0.000384615
Roc: 7 dc: 4 nPixelsDC: 156 rate: 0.739645 eff: 0
Roc: 9 dc: 0 nPixelsDC: 156 rate: 237.574 eff: 0.949744
Roc: 10 dc: 0 nPixelsDC: 156 rate: 186.719 eff: 0.975128
Roc: 11 dc: 0 nPixelsDC: 156 rate: 234.467 eff: 0.962051
Roc: 12 dc: 0 nPixelsDC: 156 rate: 224.285 eff: 0.960513
Roc: 13 dc: 0 nPixelsDC: 156 rate: 220.061 eff: 0.967564
Roc: 7 dc: 3 nPixelsDC: 156 rate: 0.731427 eff: 0.000384615
Roc: 7 dc: 4 nPixelsDC: 156 rate: 0.583498 eff: 0.000128205
Roc: 9 dc: 0 nPixelsDC: 156 rate: 183.629 eff: 0.978718
Roc: 7 dc: 3 nPixelsDC: 156 rate: 0.583498 eff: 0.00025641
Roc: 7 dc: 4 nPixelsDC: 156 rate: 0.583498 eff: 0
Roc: 7 dc: 3 nPixelsDC: 156 rate: 0.361604 eff: 0.000128205
Roc: 7 dc: 4 nPixelsDC: 156 rate: 0.304076 eff: 0.000128205
Roc: 7 dc: 3 nPixelsDC: 156 rate: 0.172584 eff: 0.000128205
Roc: 7 dc: 4 nPixelsDC: 156 rate: 0.230112 eff: 0
Eff at 120MHz/cm^2 : ROC : 0 Eff: 0.9312 +/- 0.0845746
Eff at 120MHz/cm^2 : ROC : 1 Eff: 0.992361 +/- 0.00230316
Eff at 120MHz/cm^2 : ROC : 2 Eff: 0.993555 +/- 0.000505844
Eff at 120MHz/cm^2 : ROC : 3 Eff: 0.992712 +/- 0.00041411
Eff at 120MHz/cm^2 : ROC : 4 Eff: 0.993177 +/- 0.000354375
Eff at 120MHz/cm^2 : ROC : 5 Eff: 0.993499 +/- 0.000333826
Eff at 120MHz/cm^2 : ROC : 6 Eff: 0.992734 +/- 0.000359987
Eff at 120MHz/cm^2 : ROC : 7 Eff: 0.991185 +/- 0.000598657
Eff at 120MHz/cm^2 : ROC : 8 Eff: 0.992898 +/- 0.000357564
Eff at 120MHz/cm^2 : ROC : 9 Eff: 0.993249 +/- 0.000289828
Eff at 120MHz/cm^2 : ROC : 10 Eff: 0.993109 +/- 0.000324715
Eff at 120MHz/cm^2 : ROC : 11 Eff: 0.993576 +/- 0.000333737
Eff at 120MHz/cm^2 : ROC : 12 Eff: 0.993514 +/- 0.000346384
Eff at 120MHz/cm^2 : ROC : 13 Eff: 0.993435 +/- 0.000444598
Eff at 120MHz/cm^2 : ROC : 14 Eff: 0.987401 +/- 0.0116256
Eff at 120MHz/cm^2 : ROC : 15 Eff: 0.992187 +/- 0.00247813
High Rate Run: hr
Efficency at 120MHz/cm^2 : mj302 Eff: 0.992731 +/- 0.000103326
