[11:04:12.031]     INFO: *** Welcome to pxar ***
[11:04:12.031]     INFO: *** Today: 2016/02/12
[11:04:12.046]     INFO: *** Version: prod-12-105-g46f2
[11:04:12.046]     INFO: readRocDacs: data/mj302/dacParameters35_C0.dat .. data/mj302/dacParameters35_C15.dat
[11:04:12.047]     INFO: readTbmDacs: data/mj302/tbmParameters_C0a.dat .. data/mj302/tbmParameters_C0b.dat
[11:04:12.048]     INFO: readMaskFile: data/mj302/defaultMaskFile.dat
[11:04:12.048]     INFO: readTrimFile: data/mj302/trimParameters35_C0.dat .. data/mj302/trimParameters35_C15.dat
[11:04:12.198]     INFO:         clk: 4
[11:04:12.198]     INFO:         ctr: 4
[11:04:12.198]     INFO:         sda: 19
[11:04:12.198]     INFO:         tin: 9
[11:04:12.198]     INFO:         level: 15
[11:04:12.198]     INFO:         triggerdelay: 0
[11:04:12.198]    QUIET: Instanciating API for pxar prod-12
[11:04:12.198]     INFO: Log level: INFO
[11:04:12.209]    QUIET: Connection to board DTB_WRPRHI opened.
[11:04:12.212]     INFO: DTB startup information
--- DTB info------------------------------------------
Board id:    58
HW version:  DTB1.2
FW version:  4.2
SW version:  4.5
USB id:      DTB_WRPRHI
MAC address: 40D85511803A
Hostname:    pixelDTB058
Comment:     
------------------------------------------------------
[11:04:12.215]     INFO: RPC call hashes of host and DTB match: 398089610
[11:04:13.819]     INFO: DUT info: 
[11:04:13.819]     INFO: The DUT currently contains the following objects:
[11:04:13.819]     INFO:  2 TBM Cores tbm08c (2 ON)
[11:04:13.819]     INFO: 	TBM Core alpha (0): 7 registers set
[11:04:13.819]     INFO: 	TBM Core beta  (1): 7 registers set
[11:04:13.819]     INFO: 16 ROCs psi46digv21respin (16 ON) with 4160 pixelConfigs
[11:04:13.819]     INFO: 	ROC 0: 19 DACs set, Pixels: 0 masked, 0 active.
[11:04:13.819]     INFO: 	ROC 1: 19 DACs set, Pixels: 0 masked, 0 active.
[11:04:13.819]     INFO: 	ROC 2: 19 DACs set, Pixels: 0 masked, 0 active.
[11:04:13.819]     INFO: 	ROC 3: 19 DACs set, Pixels: 0 masked, 0 active.
[11:04:13.819]     INFO: 	ROC 4: 19 DACs set, Pixels: 0 masked, 0 active.
[11:04:13.819]     INFO: 	ROC 5: 19 DACs set, Pixels: 0 masked, 0 active.
[11:04:13.819]     INFO: 	ROC 6: 19 DACs set, Pixels: 0 masked, 0 active.
[11:04:13.819]     INFO: 	ROC 7: 19 DACs set, Pixels: 0 masked, 0 active.
[11:04:13.819]     INFO: 	ROC 8: 19 DACs set, Pixels: 0 masked, 0 active.
[11:04:13.819]     INFO: 	ROC 9: 19 DACs set, Pixels: 0 masked, 0 active.
[11:04:13.819]     INFO: 	ROC 10: 19 DACs set, Pixels: 0 masked, 0 active.
[11:04:13.819]     INFO: 	ROC 11: 19 DACs set, Pixels: 0 masked, 0 active.
[11:04:13.819]     INFO: 	ROC 12: 19 DACs set, Pixels: 0 masked, 0 active.
[11:04:13.819]     INFO: 	ROC 13: 19 DACs set, Pixels: 0 masked, 0 active.
[11:04:13.819]     INFO: 	ROC 14: 19 DACs set, Pixels: 0 masked, 0 active.
[11:04:13.820]     INFO: 	ROC 15: 19 DACs set, Pixels: 0 masked, 0 active.
[11:04:14.427]     INFO: PixTestCmd::init()
[11:04:14.436]     INFO: readGainPedestalParameters data/mj302/phCalibrationFitErr35_C0.dat .. data/mj302/phCalibrationFitErr35_C15.dat
[11:04:14.746]     INFO: readReadbackCal: data/mj302/readbackCal_C0.dat .. data/mj302/readbackCal_C15.dat
[11:04:38.378]     INFO:    ----------------------------------------------------------------------
[11:04:38.378]     INFO:    PixTestAlive::aliveTest() ntrig = 10, vcal = 200 (ctrlreg = 0 0 0 0 0 0 0 0 0 0 0 0 0 0 0 0)
[11:04:38.378]     INFO:    ----------------------------------------------------------------------
[11:04:38.760]     INFO: Expecting 41600 events.
[11:04:43.159]     INFO: 41600 events read in total (3681ms).
[11:04:43.305]     INFO: Test took 4924ms.
[11:04:43.315]     INFO: Fetched DAQ statistics. Counters are being reset now.
[11:04:43.592]     INFO: PixTestAlive::aliveTest() done
[11:04:43.592]     INFO: number of dead pixels (per ROC):     9    0    0    0    0    0    0  320    0    0    0    1    0    0    0    0
[11:06:12.242]     INFO:    ----------------------------------------------------------------------
[11:06:12.242]     INFO:    PixTest::maskHotPixels() running for 10 seconds with 100 kHz trigger rate
[11:06:12.242]     INFO:    ----------------------------------------------------------------------
[11:06:13.200]     INFO: PixTestHighRate::maskHotPixels start TriggerLoop with period 404 and duration 10 seconds and trigger rate 100 kHz
[11:06:22.243]     INFO: Done with hot pixel readout
[11:06:36.976]     INFO: PixTest::       pg_setup set to default.
[11:06:36.977]     INFO: no hot pixel found!
[11:06:36.977]     INFO: PixTest::maskHotPixels() done
[11:06:53.324]     INFO:    ----------------------------------------------------------------------
[11:06:53.324]     INFO:    PixTest::maskHotPixels() running for 10 seconds with 100 kHz trigger rate
[11:06:53.324]     INFO:    ----------------------------------------------------------------------
[11:06:54.280]     INFO: PixTestHighRate::maskHotPixels start TriggerLoop with period 404 and duration 10 seconds and trigger rate 100 kHz
[11:07:03.325]     INFO: Done with hot pixel readout
[11:07:18.001]     INFO: PixTest::       pg_setup set to default.
[11:07:18.002]     INFO: no hot pixel found!
[11:07:18.002]     INFO: PixTest::maskHotPixels() done
[11:07:18.007]     INFO: write masked pixels into data/mj302/defaultMaskFile.dat
[11:07:56.421]    QUIET: Connection to board 58 closed.
