[16:20:42.826]     INFO: *** Welcome to pxar ***
[16:20:42.826]     INFO: *** Today: 2016/02/04
[16:20:42.843]     INFO: *** Version: prod-12-105-g46f2
[16:20:42.843]     INFO: readRocDacs: data/mh143/dacParameters35_C0.dat .. data/mh143/dacParameters35_C15.dat
[16:20:42.844]     INFO: readTbmDacs: data/mh143/tbmParameters_C0a.dat .. data/mh143/tbmParameters_C0b.dat
[16:20:42.844]     INFO: readMaskFile: data/mh143/defaultMaskFile.dat
[16:20:42.845]     INFO: MASKED Roc 0 col/row: 6 79
[16:20:42.845]     INFO: MASKED Roc 0 col/row: 10 72
[16:20:42.845]     INFO: MASKED Roc 0 col/row: 10 76
[16:20:42.845]     INFO: MASKED Roc 0 col/row: 26 64
[16:20:42.845]     INFO: MASKED Roc 0 col/row: 51 25
[16:20:42.845]     INFO: MASKED Roc 0 col/row: 51 38
[16:20:42.845]     INFO: MASKED Roc 0 col/row: 51 51
[16:20:42.845]     INFO: MASKED Roc 0 col/row: 51 60
[16:20:42.845]     INFO: MASKED Roc 0 col/row: 51 63
[16:20:42.845]     INFO: MASKED Roc 0 col/row: 51 66
[16:20:42.845]     INFO: MASKED Roc 0 col/row: 51 68
[16:20:42.845]     INFO: MASKED Roc 0 col/row: 51 79
[16:20:42.845]     INFO: MASKED Roc 1 col/row: 0 13
[16:20:42.845]     INFO: MASKED Roc 1 col/row: 0 18
[16:20:42.845]     INFO: MASKED Roc 1 col/row: 0 20
[16:20:42.845]     INFO: MASKED Roc 1 col/row: 0 21
[16:20:42.845]     INFO: MASKED Roc 1 col/row: 0 22
[16:20:42.845]     INFO: MASKED Roc 1 col/row: 0 24
[16:20:42.845]     INFO: MASKED Roc 1 col/row: 0 26
[16:20:42.845]     INFO: MASKED Roc 1 col/row: 0 27
[16:20:42.845]     INFO: MASKED Roc 1 col/row: 0 28
[16:20:42.845]     INFO: MASKED Roc 1 col/row: 0 34
[16:20:42.845]     INFO: MASKED Roc 1 col/row: 0 36
[16:20:42.845]     INFO: MASKED Roc 1 col/row: 0 37
[16:20:42.845]     INFO: MASKED Roc 1 col/row: 0 38
[16:20:42.845]     INFO: MASKED Roc 1 col/row: 0 39
[16:20:42.845]     INFO: MASKED Roc 1 col/row: 0 41
[16:20:42.845]     INFO: MASKED Roc 1 col/row: 0 44
[16:20:42.845]     INFO: MASKED Roc 1 col/row: 0 50
[16:20:42.845]     INFO: MASKED Roc 1 col/row: 0 51
[16:20:42.845]     INFO: MASKED Roc 1 col/row: 0 52
[16:20:42.845]     INFO: MASKED Roc 1 col/row: 0 53
[16:20:42.845]     INFO: MASKED Roc 1 col/row: 0 54
[16:20:42.845]     INFO: MASKED Roc 1 col/row: 0 56
[16:20:42.845]     INFO: MASKED Roc 1 col/row: 0 59
[16:20:42.845]     INFO: MASKED Roc 1 col/row: 0 62
[16:20:42.845]     INFO: MASKED Roc 1 col/row: 0 64
[16:20:42.845]     INFO: MASKED Roc 1 col/row: 0 65
[16:20:42.845]     INFO: MASKED Roc 1 col/row: 0 66
[16:20:42.845]     INFO: MASKED Roc 1 col/row: 0 67
[16:20:42.846]     INFO: MASKED Roc 1 col/row: 0 68
[16:20:42.846]     INFO: MASKED Roc 1 col/row: 0 70
[16:20:42.846]     INFO: MASKED Roc 1 col/row: 0 72
[16:20:42.846]     INFO: MASKED Roc 1 col/row: 0 73
[16:20:42.846]     INFO: MASKED Roc 1 col/row: 0 74
[16:20:42.846]     INFO: MASKED Roc 1 col/row: 0 75
[16:20:42.846]     INFO: MASKED Roc 1 col/row: 0 78
[16:20:42.846]     INFO: MASKED Roc 1 col/row: 0 79
[16:20:42.846]     INFO: MASKED Roc 1 col/row: 1 79
[16:20:42.846]     INFO: MASKED Roc 1 col/row: 3 71
[16:20:42.846]     INFO: MASKED Roc 1 col/row: 3 79
[16:20:42.846]     INFO: MASKED Roc 1 col/row: 4 75
[16:20:42.846]     INFO: MASKED Roc 1 col/row: 4 77
[16:20:42.846]     INFO: MASKED Roc 1 col/row: 4 79
[16:20:42.846]     INFO: MASKED Roc 1 col/row: 5 57
[16:20:42.846]     INFO: MASKED Roc 1 col/row: 5 72
[16:20:42.846]     INFO: MASKED Roc 1 col/row: 6 47
[16:20:42.846]     INFO: MASKED Roc 1 col/row: 6 79
[16:20:42.846]     INFO: MASKED Roc 1 col/row: 7 77
[16:20:42.846]     INFO: MASKED Roc 1 col/row: 8 66
[16:20:42.846]     INFO: MASKED Roc 1 col/row: 8 75
[16:20:42.846]     INFO: MASKED Roc 1 col/row: 8 79
[16:20:42.846]     INFO: MASKED Roc 1 col/row: 9 79
[16:20:42.846]     INFO: MASKED Roc 1 col/row: 11 75
[16:20:42.846]     INFO: MASKED Roc 1 col/row: 12 48
[16:20:42.846]     INFO: MASKED Roc 1 col/row: 12 79
[16:20:42.846]     INFO: MASKED Roc 1 col/row: 13 79
[16:20:42.846]     INFO: MASKED Roc 1 col/row: 14 64
[16:20:42.846]     INFO: MASKED Roc 1 col/row: 16 48
[16:20:42.846]     INFO: MASKED Roc 1 col/row: 16 79
[16:20:42.846]     INFO: MASKED Roc 1 col/row: 17 79
[16:20:42.846]     INFO: MASKED Roc 1 col/row: 25 56
[16:20:42.846]     INFO: MASKED Roc 1 col/row: 28 78
[16:20:42.846]     INFO: MASKED Roc 1 col/row: 29 79
[16:20:42.846]     INFO: MASKED Roc 1 col/row: 30 79
[16:20:42.846]     INFO: MASKED Roc 1 col/row: 32 79
[16:20:42.846]     INFO: MASKED Roc 1 col/row: 34 79
[16:20:42.846]     INFO: MASKED Roc 1 col/row: 38 65
[16:20:42.846]     INFO: MASKED Roc 1 col/row: 39 56
[16:20:42.846]     INFO: MASKED Roc 1 col/row: 40 68
[16:20:42.846]     INFO: MASKED Roc 1 col/row: 44 58
[16:20:42.846]     INFO: MASKED Roc 1 col/row: 47 40
[16:20:42.846]     INFO: MASKED Roc 1 col/row: 47 66
[16:20:42.846]     INFO: MASKED Roc 1 col/row: 49 68
[16:20:42.846]     INFO: MASKED Roc 1 col/row: 49 79
[16:20:42.846]     INFO: MASKED Roc 1 col/row: 50 61
[16:20:42.846]     INFO: MASKED Roc 1 col/row: 51 38
[16:20:42.846]     INFO: MASKED Roc 1 col/row: 51 41
[16:20:42.846]     INFO: MASKED Roc 1 col/row: 51 45
[16:20:42.846]     INFO: MASKED Roc 1 col/row: 51 50
[16:20:42.846]     INFO: MASKED Roc 1 col/row: 51 53
[16:20:42.846]     INFO: MASKED Roc 1 col/row: 51 57
[16:20:42.846]     INFO: MASKED Roc 1 col/row: 51 59
[16:20:42.846]     INFO: MASKED Roc 1 col/row: 51 60
[16:20:42.846]     INFO: MASKED Roc 1 col/row: 51 65
[16:20:42.846]     INFO: MASKED Roc 1 col/row: 51 67
[16:20:42.846]     INFO: MASKED Roc 1 col/row: 51 68
[16:20:42.846]     INFO: MASKED Roc 1 col/row: 51 70
[16:20:42.846]     INFO: MASKED Roc 1 col/row: 51 72
[16:20:42.846]     INFO: MASKED Roc 1 col/row: 51 74
[16:20:42.846]     INFO: MASKED Roc 1 col/row: 51 75
[16:20:42.846]     INFO: MASKED Roc 1 col/row: 51 76
[16:20:42.846]     INFO: MASKED Roc 1 col/row: 51 77
[16:20:42.846]     INFO: MASKED Roc 1 col/row: 51 78
[16:20:42.846]     INFO: MASKED Roc 1 col/row: 51 79
[16:20:42.846]     INFO: MASKED Roc 2 col/row: 0 42
[16:20:42.846]     INFO: MASKED Roc 2 col/row: 0 44
[16:20:42.846]     INFO: MASKED Roc 2 col/row: 0 57
[16:20:42.846]     INFO: MASKED Roc 2 col/row: 0 64
[16:20:42.846]     INFO: MASKED Roc 2 col/row: 0 73
[16:20:42.846]     INFO: MASKED Roc 2 col/row: 0 75
[16:20:42.846]     INFO: MASKED Roc 2 col/row: 0 79
[16:20:42.846]     INFO: MASKED Roc 2 col/row: 8 42
[16:20:42.846]     INFO: MASKED Roc 2 col/row: 51 79
[16:20:42.846]     INFO: MASKED Roc 3 col/row: 0 9
[16:20:42.846]     INFO: MASKED Roc 3 col/row: 0 11
[16:20:42.846]     INFO: MASKED Roc 3 col/row: 0 13
[16:20:42.846]     INFO: MASKED Roc 3 col/row: 0 16
[16:20:42.846]     INFO: MASKED Roc 3 col/row: 0 17
[16:20:42.847]     INFO: MASKED Roc 3 col/row: 0 18
[16:20:42.847]     INFO: MASKED Roc 3 col/row: 0 20
[16:20:42.847]     INFO: MASKED Roc 3 col/row: 0 22
[16:20:42.847]     INFO: MASKED Roc 3 col/row: 0 25
[16:20:42.847]     INFO: MASKED Roc 3 col/row: 0 26
[16:20:42.847]     INFO: MASKED Roc 3 col/row: 0 27
[16:20:42.847]     INFO: MASKED Roc 3 col/row: 0 28
[16:20:42.847]     INFO: MASKED Roc 3 col/row: 0 31
[16:20:42.847]     INFO: MASKED Roc 3 col/row: 0 33
[16:20:42.847]     INFO: MASKED Roc 3 col/row: 0 34
[16:20:42.847]     INFO: MASKED Roc 3 col/row: 0 36
[16:20:42.847]     INFO: MASKED Roc 3 col/row: 0 40
[16:20:42.847]     INFO: MASKED Roc 3 col/row: 0 43
[16:20:42.847]     INFO: MASKED Roc 3 col/row: 0 57
[16:20:42.847]     INFO: MASKED Roc 3 col/row: 0 58
[16:20:42.847]     INFO: MASKED Roc 3 col/row: 0 59
[16:20:42.847]     INFO: MASKED Roc 3 col/row: 0 61
[16:20:42.847]     INFO: MASKED Roc 3 col/row: 0 62
[16:20:42.847]     INFO: MASKED Roc 3 col/row: 0 63
[16:20:42.847]     INFO: MASKED Roc 3 col/row: 0 74
[16:20:42.847]     INFO: MASKED Roc 3 col/row: 0 76
[16:20:42.847]     INFO: MASKED Roc 3 col/row: 0 77
[16:20:42.847]     INFO: MASKED Roc 3 col/row: 0 79
[16:20:42.847]     INFO: MASKED Roc 3 col/row: 1 79
[16:20:42.847]     INFO: MASKED Roc 3 col/row: 4 79
[16:20:42.847]     INFO: MASKED Roc 3 col/row: 5 79
[16:20:42.847]     INFO: MASKED Roc 3 col/row: 10 65
[16:20:42.847]     INFO: MASKED Roc 3 col/row: 12 79
[16:20:42.847]     INFO: MASKED Roc 3 col/row: 18 79
[16:20:42.847]     INFO: MASKED Roc 3 col/row: 21 79
[16:20:42.847]     INFO: MASKED Roc 3 col/row: 24 71
[16:20:42.847]     INFO: MASKED Roc 3 col/row: 45 79
[16:20:42.847]     INFO: MASKED Roc 3 col/row: 51 9
[16:20:42.847]     INFO: MASKED Roc 3 col/row: 51 13
[16:20:42.847]     INFO: MASKED Roc 3 col/row: 51 14
[16:20:42.847]     INFO: MASKED Roc 3 col/row: 51 17
[16:20:42.847]     INFO: MASKED Roc 3 col/row: 51 19
[16:20:42.847]     INFO: MASKED Roc 3 col/row: 51 20
[16:20:42.847]     INFO: MASKED Roc 3 col/row: 51 21
[16:20:42.847]     INFO: MASKED Roc 3 col/row: 51 22
[16:20:42.847]     INFO: MASKED Roc 3 col/row: 51 23
[16:20:42.847]     INFO: MASKED Roc 3 col/row: 51 24
[16:20:42.847]     INFO: MASKED Roc 3 col/row: 51 25
[16:20:42.847]     INFO: MASKED Roc 3 col/row: 51 26
[16:20:42.847]     INFO: MASKED Roc 3 col/row: 51 27
[16:20:42.847]     INFO: MASKED Roc 3 col/row: 51 28
[16:20:42.847]     INFO: MASKED Roc 3 col/row: 51 29
[16:20:42.847]     INFO: MASKED Roc 3 col/row: 51 30
[16:20:42.847]     INFO: MASKED Roc 3 col/row: 51 31
[16:20:42.847]     INFO: MASKED Roc 3 col/row: 51 32
[16:20:42.847]     INFO: MASKED Roc 3 col/row: 51 33
[16:20:42.847]     INFO: MASKED Roc 3 col/row: 51 34
[16:20:42.847]     INFO: MASKED Roc 3 col/row: 51 35
[16:20:42.847]     INFO: MASKED Roc 3 col/row: 51 36
[16:20:42.847]     INFO: MASKED Roc 3 col/row: 51 37
[16:20:42.847]     INFO: MASKED Roc 3 col/row: 51 38
[16:20:42.847]     INFO: MASKED Roc 3 col/row: 51 39
[16:20:42.847]     INFO: MASKED Roc 3 col/row: 51 40
[16:20:42.847]     INFO: MASKED Roc 3 col/row: 51 41
[16:20:42.847]     INFO: MASKED Roc 3 col/row: 51 45
[16:20:42.847]     INFO: MASKED Roc 3 col/row: 51 47
[16:20:42.847]     INFO: MASKED Roc 3 col/row: 51 50
[16:20:42.847]     INFO: MASKED Roc 3 col/row: 51 52
[16:20:42.847]     INFO: MASKED Roc 3 col/row: 51 67
[16:20:42.847]     INFO: MASKED Roc 3 col/row: 51 68
[16:20:42.847]     INFO: MASKED Roc 3 col/row: 51 69
[16:20:42.847]     INFO: MASKED Roc 3 col/row: 51 70
[16:20:42.847]     INFO: MASKED Roc 3 col/row: 51 71
[16:20:42.847]     INFO: MASKED Roc 3 col/row: 51 72
[16:20:42.847]     INFO: MASKED Roc 3 col/row: 51 73
[16:20:42.847]     INFO: MASKED Roc 3 col/row: 51 74
[16:20:42.847]     INFO: MASKED Roc 3 col/row: 51 75
[16:20:42.847]     INFO: MASKED Roc 3 col/row: 51 76
[16:20:42.847]     INFO: MASKED Roc 3 col/row: 51 78
[16:20:42.847]     INFO: MASKED Roc 3 col/row: 51 79
[16:20:42.847]     INFO: MASKED Roc 6 col/row: 0 62
[16:20:42.847]     INFO: MASKED Roc 6 col/row: 0 64
[16:20:42.847]     INFO: MASKED Roc 6 col/row: 0 74
[16:20:42.847]     INFO: MASKED Roc 6 col/row: 0 75
[16:20:42.847]     INFO: MASKED Roc 6 col/row: 0 79
[16:20:42.847]     INFO: MASKED Roc 6 col/row: 51 42
[16:20:42.848]     INFO: MASKED Roc 6 col/row: 51 73
[16:20:42.848]     INFO: MASKED Roc 6 col/row: 51 79
[16:20:42.848]     INFO: MASKED Roc 7 col/row: 0 71
[16:20:42.848]     INFO: MASKED Roc 7 col/row: 0 79
[16:20:42.848]     INFO: MASKED Roc 9 col/row: 51 52
[16:20:42.848]     INFO: MASKED Roc 10 col/row: 0 78
[16:20:42.848]     INFO: MASKED Roc 10 col/row: 0 79
[16:20:42.848]     INFO: MASKED Roc 11 col/row: 0 23
[16:20:42.848]     INFO: MASKED Roc 11 col/row: 0 34
[16:20:42.848]     INFO: MASKED Roc 11 col/row: 0 35
[16:20:42.848]     INFO: MASKED Roc 11 col/row: 0 40
[16:20:42.848]     INFO: MASKED Roc 11 col/row: 0 69
[16:20:42.848]     INFO: MASKED Roc 11 col/row: 0 77
[16:20:42.848]     INFO: MASKED Roc 11 col/row: 0 79
[16:20:42.848]     INFO: MASKED Roc 11 col/row: 9 57
[16:20:42.848]     INFO: MASKED Roc 11 col/row: 44 68
[16:20:42.848]     INFO: MASKED Roc 11 col/row: 51 28
[16:20:42.848]     INFO: MASKED Roc 11 col/row: 51 31
[16:20:42.848]     INFO: MASKED Roc 11 col/row: 51 37
[16:20:42.848]     INFO: MASKED Roc 11 col/row: 51 53
[16:20:42.848]     INFO: MASKED Roc 11 col/row: 51 56
[16:20:42.848]     INFO: MASKED Roc 11 col/row: 51 58
[16:20:42.848]     INFO: MASKED Roc 11 col/row: 51 60
[16:20:42.848]     INFO: MASKED Roc 11 col/row: 51 79
[16:20:42.848]     INFO: MASKED Roc 12 col/row: 0 13
[16:20:42.848]     INFO: MASKED Roc 12 col/row: 0 17
[16:20:42.848]     INFO: MASKED Roc 12 col/row: 0 24
[16:20:42.848]     INFO: MASKED Roc 12 col/row: 0 26
[16:20:42.848]     INFO: MASKED Roc 12 col/row: 0 28
[16:20:42.848]     INFO: MASKED Roc 12 col/row: 0 30
[16:20:42.848]     INFO: MASKED Roc 12 col/row: 0 32
[16:20:42.848]     INFO: MASKED Roc 12 col/row: 0 33
[16:20:42.848]     INFO: MASKED Roc 12 col/row: 0 35
[16:20:42.848]     INFO: MASKED Roc 12 col/row: 0 39
[16:20:42.848]     INFO: MASKED Roc 12 col/row: 0 41
[16:20:42.848]     INFO: MASKED Roc 12 col/row: 0 46
[16:20:42.848]     INFO: MASKED Roc 12 col/row: 0 51
[16:20:42.848]     INFO: MASKED Roc 12 col/row: 0 54
[16:20:42.848]     INFO: MASKED Roc 12 col/row: 0 55
[16:20:42.848]     INFO: MASKED Roc 12 col/row: 0 57
[16:20:42.848]     INFO: MASKED Roc 12 col/row: 0 58
[16:20:42.848]     INFO: MASKED Roc 12 col/row: 0 60
[16:20:42.848]     INFO: MASKED Roc 12 col/row: 0 63
[16:20:42.848]     INFO: MASKED Roc 12 col/row: 0 68
[16:20:42.848]     INFO: MASKED Roc 12 col/row: 0 69
[16:20:42.848]     INFO: MASKED Roc 12 col/row: 3 34
[16:20:42.848]     INFO: MASKED Roc 12 col/row: 39 62
[16:20:42.848]     INFO: MASKED Roc 12 col/row: 45 61
[16:20:42.848]     INFO: MASKED Roc 12 col/row: 50 45
[16:20:42.848]     INFO: MASKED Roc 12 col/row: 51 11
[16:20:42.848]     INFO: MASKED Roc 12 col/row: 51 12
[16:20:42.848]     INFO: MASKED Roc 12 col/row: 51 15
[16:20:42.848]     INFO: MASKED Roc 12 col/row: 51 17
[16:20:42.848]     INFO: MASKED Roc 12 col/row: 51 20
[16:20:42.848]     INFO: MASKED Roc 12 col/row: 51 21
[16:20:42.848]     INFO: MASKED Roc 12 col/row: 51 23
[16:20:42.848]     INFO: MASKED Roc 12 col/row: 51 25
[16:20:42.848]     INFO: MASKED Roc 12 col/row: 51 29
[16:20:42.848]     INFO: MASKED Roc 12 col/row: 51 31
[16:20:42.848]     INFO: MASKED Roc 12 col/row: 51 33
[16:20:42.848]     INFO: MASKED Roc 12 col/row: 51 34
[16:20:42.848]     INFO: MASKED Roc 12 col/row: 51 35
[16:20:42.848]     INFO: MASKED Roc 12 col/row: 51 36
[16:20:42.848]     INFO: MASKED Roc 12 col/row: 51 37
[16:20:42.849]     INFO: MASKED Roc 12 col/row: 51 38
[16:20:42.849]     INFO: MASKED Roc 12 col/row: 51 39
[16:20:42.849]     INFO: MASKED Roc 12 col/row: 51 40
[16:20:42.849]     INFO: MASKED Roc 12 col/row: 51 41
[16:20:42.849]     INFO: MASKED Roc 12 col/row: 51 43
[16:20:42.849]     INFO: MASKED Roc 12 col/row: 51 45
[16:20:42.849]     INFO: MASKED Roc 12 col/row: 51 47
[16:20:42.849]     INFO: MASKED Roc 12 col/row: 51 50
[16:20:42.849]     INFO: MASKED Roc 12 col/row: 51 51
[16:20:42.849]     INFO: MASKED Roc 12 col/row: 51 58
[16:20:42.849]     INFO: MASKED Roc 12 col/row: 51 79
[16:20:42.849]     INFO: MASKED Roc 13 col/row: 0 10
[16:20:42.849]     INFO: MASKED Roc 13 col/row: 0 11
[16:20:42.849]     INFO: MASKED Roc 13 col/row: 0 13
[16:20:42.849]     INFO: MASKED Roc 13 col/row: 0 15
[16:20:42.849]     INFO: MASKED Roc 13 col/row: 0 17
[16:20:42.849]     INFO: MASKED Roc 13 col/row: 0 19
[16:20:42.849]     INFO: MASKED Roc 13 col/row: 0 20
[16:20:42.849]     INFO: MASKED Roc 13 col/row: 0 21
[16:20:42.849]     INFO: MASKED Roc 13 col/row: 0 23
[16:20:42.849]     INFO: MASKED Roc 13 col/row: 0 24
[16:20:42.849]     INFO: MASKED Roc 13 col/row: 0 25
[16:20:42.849]     INFO: MASKED Roc 13 col/row: 0 26
[16:20:42.849]     INFO: MASKED Roc 13 col/row: 0 27
[16:20:42.849]     INFO: MASKED Roc 13 col/row: 0 28
[16:20:42.849]     INFO: MASKED Roc 13 col/row: 0 32
[16:20:42.849]     INFO: MASKED Roc 13 col/row: 0 33
[16:20:42.849]     INFO: MASKED Roc 13 col/row: 0 34
[16:20:42.849]     INFO: MASKED Roc 13 col/row: 0 35
[16:20:42.849]     INFO: MASKED Roc 13 col/row: 0 36
[16:20:42.849]     INFO: MASKED Roc 13 col/row: 0 37
[16:20:42.849]     INFO: MASKED Roc 13 col/row: 0 38
[16:20:42.849]     INFO: MASKED Roc 13 col/row: 0 41
[16:20:42.849]     INFO: MASKED Roc 13 col/row: 0 42
[16:20:42.849]     INFO: MASKED Roc 13 col/row: 0 43
[16:20:42.849]     INFO: MASKED Roc 13 col/row: 0 44
[16:20:42.849]     INFO: MASKED Roc 13 col/row: 0 46
[16:20:42.849]     INFO: MASKED Roc 13 col/row: 0 50
[16:20:42.849]     INFO: MASKED Roc 13 col/row: 0 51
[16:20:42.849]     INFO: MASKED Roc 13 col/row: 0 52
[16:20:42.849]     INFO: MASKED Roc 13 col/row: 0 54
[16:20:42.849]     INFO: MASKED Roc 13 col/row: 0 60
[16:20:42.849]     INFO: MASKED Roc 13 col/row: 0 64
[16:20:42.849]     INFO: MASKED Roc 13 col/row: 0 65
[16:20:42.849]     INFO: MASKED Roc 13 col/row: 0 66
[16:20:42.849]     INFO: MASKED Roc 13 col/row: 0 69
[16:20:42.849]     INFO: MASKED Roc 13 col/row: 0 78
[16:20:42.849]     INFO: MASKED Roc 13 col/row: 0 79
[16:20:42.849]     INFO: MASKED Roc 13 col/row: 1 79
[16:20:42.849]     INFO: MASKED Roc 13 col/row: 2 79
[16:20:42.849]     INFO: MASKED Roc 13 col/row: 4 79
[16:20:42.849]     INFO: MASKED Roc 13 col/row: 34 58
[16:20:42.849]     INFO: MASKED Roc 13 col/row: 39 79
[16:20:42.849]     INFO: MASKED Roc 13 col/row: 51 9
[16:20:42.849]     INFO: MASKED Roc 13 col/row: 51 14
[16:20:42.849]     INFO: MASKED Roc 13 col/row: 51 16
[16:20:42.849]     INFO: MASKED Roc 13 col/row: 51 26
[16:20:42.849]     INFO: MASKED Roc 13 col/row: 51 29
[16:20:42.849]     INFO: MASKED Roc 13 col/row: 51 36
[16:20:42.849]     INFO: MASKED Roc 13 col/row: 51 40
[16:20:42.849]     INFO: MASKED Roc 13 col/row: 51 43
[16:20:42.849]     INFO: MASKED Roc 13 col/row: 51 53
[16:20:42.849]     INFO: MASKED Roc 13 col/row: 51 56
[16:20:42.849]     INFO: MASKED Roc 13 col/row: 51 58
[16:20:42.849]     INFO: MASKED Roc 13 col/row: 51 59
[16:20:42.849]     INFO: MASKED Roc 13 col/row: 51 64
[16:20:42.849]     INFO: MASKED Roc 13 col/row: 51 79
[16:20:42.849]     INFO: MASKED Roc 14 col/row: 0 11
[16:20:42.849]     INFO: MASKED Roc 14 col/row: 0 14
[16:20:42.849]     INFO: MASKED Roc 14 col/row: 0 17
[16:20:42.849]     INFO: MASKED Roc 14 col/row: 0 18
[16:20:42.849]     INFO: MASKED Roc 14 col/row: 0 21
[16:20:42.849]     INFO: MASKED Roc 14 col/row: 0 25
[16:20:42.850]     INFO: MASKED Roc 14 col/row: 0 30
[16:20:42.850]     INFO: MASKED Roc 14 col/row: 0 32
[16:20:42.850]     INFO: MASKED Roc 14 col/row: 0 33
[16:20:42.850]     INFO: MASKED Roc 14 col/row: 0 34
[16:20:42.850]     INFO: MASKED Roc 14 col/row: 0 38
[16:20:42.850]     INFO: MASKED Roc 14 col/row: 0 40
[16:20:42.850]     INFO: MASKED Roc 14 col/row: 0 41
[16:20:42.850]     INFO: MASKED Roc 14 col/row: 0 42
[16:20:42.850]     INFO: MASKED Roc 14 col/row: 0 43
[16:20:42.850]     INFO: MASKED Roc 14 col/row: 0 45
[16:20:42.850]     INFO: MASKED Roc 14 col/row: 0 47
[16:20:42.850]     INFO: MASKED Roc 14 col/row: 0 48
[16:20:42.850]     INFO: MASKED Roc 14 col/row: 0 49
[16:20:42.850]     INFO: MASKED Roc 14 col/row: 0 50
[16:20:42.850]     INFO: MASKED Roc 14 col/row: 0 52
[16:20:42.850]     INFO: MASKED Roc 14 col/row: 0 53
[16:20:42.850]     INFO: MASKED Roc 14 col/row: 0 55
[16:20:42.850]     INFO: MASKED Roc 14 col/row: 0 56
[16:20:42.850]     INFO: MASKED Roc 14 col/row: 0 57
[16:20:42.850]     INFO: MASKED Roc 14 col/row: 0 58
[16:20:42.850]     INFO: MASKED Roc 14 col/row: 0 59
[16:20:42.850]     INFO: MASKED Roc 14 col/row: 0 62
[16:20:42.850]     INFO: MASKED Roc 14 col/row: 0 66
[16:20:42.850]     INFO: MASKED Roc 14 col/row: 1 54
[16:20:42.850]     INFO: MASKED Roc 14 col/row: 1 59
[16:20:42.850]     INFO: MASKED Roc 14 col/row: 6 57
[16:20:42.850]     INFO: MASKED Roc 14 col/row: 9 79
[16:20:42.850]     INFO: MASKED Roc 14 col/row: 12 47
[16:20:42.850]     INFO: MASKED Roc 14 col/row: 14 49
[16:20:42.850]     INFO: MASKED Roc 14 col/row: 14 78
[16:20:42.850]     INFO: MASKED Roc 14 col/row: 25 33
[16:20:42.850]     INFO: MASKED Roc 14 col/row: 30 67
[16:20:42.850]     INFO: MASKED Roc 14 col/row: 31 64
[16:20:42.850]     INFO: MASKED Roc 14 col/row: 32 38
[16:20:42.850]     INFO: MASKED Roc 14 col/row: 33 74
[16:20:42.850]     INFO: MASKED Roc 14 col/row: 34 79
[16:20:42.850]     INFO: MASKED Roc 14 col/row: 37 60
[16:20:42.850]     INFO: MASKED Roc 14 col/row: 39 68
[16:20:42.850]     INFO: MASKED Roc 14 col/row: 39 70
[16:20:42.850]     INFO: MASKED Roc 14 col/row: 39 79
[16:20:42.850]     INFO: MASKED Roc 14 col/row: 41 42
[16:20:42.850]     INFO: MASKED Roc 14 col/row: 41 60
[16:20:42.850]     INFO: MASKED Roc 14 col/row: 45 36
[16:20:42.850]     INFO: MASKED Roc 14 col/row: 46 72
[16:20:42.850]     INFO: MASKED Roc 14 col/row: 47 76
[16:20:42.850]     INFO: MASKED Roc 14 col/row: 48 79
[16:20:42.850]     INFO: MASKED Roc 14 col/row: 49 66
[16:20:42.850]     INFO: MASKED Roc 14 col/row: 50 27
[16:20:42.850]     INFO: MASKED Roc 14 col/row: 50 60
[16:20:42.850]     INFO: MASKED Roc 14 col/row: 51 11
[16:20:42.850]     INFO: MASKED Roc 14 col/row: 51 12
[16:20:42.850]     INFO: MASKED Roc 14 col/row: 51 16
[16:20:42.850]     INFO: MASKED Roc 14 col/row: 51 20
[16:20:42.850]     INFO: MASKED Roc 14 col/row: 51 22
[16:20:42.850]     INFO: MASKED Roc 14 col/row: 51 29
[16:20:42.850]     INFO: MASKED Roc 14 col/row: 51 32
[16:20:42.850]     INFO: MASKED Roc 14 col/row: 51 34
[16:20:42.850]     INFO: MASKED Roc 14 col/row: 51 35
[16:20:42.850]     INFO: MASKED Roc 14 col/row: 51 36
[16:20:42.850]     INFO: MASKED Roc 14 col/row: 51 37
[16:20:42.850]     INFO: MASKED Roc 14 col/row: 51 38
[16:20:42.851]     INFO: MASKED Roc 14 col/row: 51 39
[16:20:42.851]     INFO: MASKED Roc 14 col/row: 51 44
[16:20:42.851]     INFO: MASKED Roc 14 col/row: 51 45
[16:20:42.851]     INFO: MASKED Roc 14 col/row: 51 46
[16:20:42.851]     INFO: MASKED Roc 14 col/row: 51 50
[16:20:42.851]     INFO: MASKED Roc 14 col/row: 51 54
[16:20:42.851]     INFO: MASKED Roc 14 col/row: 51 57
[16:20:42.851]     INFO: MASKED Roc 14 col/row: 51 59
[16:20:42.851]     INFO: MASKED Roc 14 col/row: 51 63
[16:20:42.851]     INFO: MASKED Roc 14 col/row: 51 69
[16:20:42.851]     INFO: MASKED Roc 14 col/row: 51 73
[16:20:42.851]     INFO: MASKED Roc 14 col/row: 51 76
[16:20:42.851]     INFO: MASKED Roc 14 col/row: 51 78
[16:20:42.851]     INFO: MASKED Roc 14 col/row: 51 79
[16:20:42.851]     INFO: MASKED Roc 15 col/row: 0 24
[16:20:42.851]     INFO: MASKED Roc 15 col/row: 0 27
[16:20:42.851]     INFO: MASKED Roc 15 col/row: 0 31
[16:20:42.851]     INFO: MASKED Roc 15 col/row: 0 32
[16:20:42.851]     INFO: MASKED Roc 15 col/row: 0 37
[16:20:42.851]     INFO: MASKED Roc 15 col/row: 0 40
[16:20:42.851]     INFO: MASKED Roc 15 col/row: 0 44
[16:20:42.851]     INFO: MASKED Roc 15 col/row: 0 48
[16:20:42.851]     INFO: MASKED Roc 15 col/row: 0 49
[16:20:42.851]     INFO: MASKED Roc 15 col/row: 0 51
[16:20:42.851]     INFO: MASKED Roc 15 col/row: 0 52
[16:20:42.851]     INFO: MASKED Roc 15 col/row: 0 60
[16:20:42.851]     INFO: MASKED Roc 15 col/row: 0 62
[16:20:42.851]     INFO: MASKED Roc 15 col/row: 0 71
[16:20:42.851]     INFO: MASKED Roc 15 col/row: 0 79
[16:20:42.851]     INFO: MASKED Roc 15 col/row: 3 55
[16:20:42.851]     INFO: MASKED Roc 15 col/row: 6 79
[16:20:42.851]     INFO: MASKED Roc 15 col/row: 8 79
[16:20:42.851]     INFO: MASKED Roc 15 col/row: 9 57
[16:20:42.851]     INFO: MASKED Roc 15 col/row: 14 37
[16:20:42.851]     INFO: MASKED Roc 15 col/row: 35 79
[16:20:42.851]     INFO: MASKED Roc 15 col/row: 38 31
[16:20:42.851]     INFO: readTrimFile: data/mh143/trimParameters35_C0.dat .. data/mh143/trimParameters35_C15.dat
[16:20:42.851]     INFO:   masking Roc 0 col/row: 6 79
[16:20:42.851]     INFO:   masking Roc 0 col/row: 10 72
[16:20:42.851]     INFO:   masking Roc 0 col/row: 10 76
[16:20:42.851]     INFO:   masking Roc 0 col/row: 26 64
[16:20:42.852]     INFO:   masking Roc 0 col/row: 51 25
[16:20:42.852]     INFO:   masking Roc 0 col/row: 51 38
[16:20:42.852]     INFO:   masking Roc 0 col/row: 51 51
[16:20:42.852]     INFO:   masking Roc 0 col/row: 51 60
[16:20:42.852]     INFO:   masking Roc 0 col/row: 51 63
[16:20:42.852]     INFO:   masking Roc 0 col/row: 51 66
[16:20:42.852]     INFO:   masking Roc 0 col/row: 51 68
[16:20:42.852]     INFO:   masking Roc 0 col/row: 51 79
[16:20:42.861]     INFO:   masking Roc 1 col/row: 0 13
[16:20:42.861]     INFO:   masking Roc 1 col/row: 0 18
[16:20:42.861]     INFO:   masking Roc 1 col/row: 0 20
[16:20:42.861]     INFO:   masking Roc 1 col/row: 0 21
[16:20:42.861]     INFO:   masking Roc 1 col/row: 0 22
[16:20:42.861]     INFO:   masking Roc 1 col/row: 0 24
[16:20:42.861]     INFO:   masking Roc 1 col/row: 0 26
[16:20:42.861]     INFO:   masking Roc 1 col/row: 0 27
[16:20:42.861]     INFO:   masking Roc 1 col/row: 0 28
[16:20:42.861]     INFO:   masking Roc 1 col/row: 0 34
[16:20:42.861]     INFO:   masking Roc 1 col/row: 0 36
[16:20:42.861]     INFO:   masking Roc 1 col/row: 0 37
[16:20:42.861]     INFO:   masking Roc 1 col/row: 0 38
[16:20:42.861]     INFO:   masking Roc 1 col/row: 0 39
[16:20:42.862]     INFO:   masking Roc 1 col/row: 0 41
[16:20:42.862]     INFO:   masking Roc 1 col/row: 0 44
[16:20:42.862]     INFO:   masking Roc 1 col/row: 0 50
[16:20:42.862]     INFO:   masking Roc 1 col/row: 0 51
[16:20:42.862]     INFO:   masking Roc 1 col/row: 0 52
[16:20:42.862]     INFO:   masking Roc 1 col/row: 0 53
[16:20:42.862]     INFO:   masking Roc 1 col/row: 0 54
[16:20:42.862]     INFO:   masking Roc 1 col/row: 0 56
[16:20:42.862]     INFO:   masking Roc 1 col/row: 0 59
[16:20:42.862]     INFO:   masking Roc 1 col/row: 0 62
[16:20:42.862]     INFO:   masking Roc 1 col/row: 0 64
[16:20:42.862]     INFO:   masking Roc 1 col/row: 0 65
[16:20:42.862]     INFO:   masking Roc 1 col/row: 0 66
[16:20:42.862]     INFO:   masking Roc 1 col/row: 0 67
[16:20:42.862]     INFO:   masking Roc 1 col/row: 0 68
[16:20:42.862]     INFO:   masking Roc 1 col/row: 0 70
[16:20:42.862]     INFO:   masking Roc 1 col/row: 0 72
[16:20:42.862]     INFO:   masking Roc 1 col/row: 0 73
[16:20:42.862]     INFO:   masking Roc 1 col/row: 0 74
[16:20:42.862]     INFO:   masking Roc 1 col/row: 0 75
[16:20:42.862]     INFO:   masking Roc 1 col/row: 0 78
[16:20:42.862]     INFO:   masking Roc 1 col/row: 0 79
[16:20:42.862]     INFO:   masking Roc 1 col/row: 1 79
[16:20:42.862]     INFO:   masking Roc 1 col/row: 3 71
[16:20:42.862]     INFO:   masking Roc 1 col/row: 3 79
[16:20:42.862]     INFO:   masking Roc 1 col/row: 4 75
[16:20:42.862]     INFO:   masking Roc 1 col/row: 4 77
[16:20:42.862]     INFO:   masking Roc 1 col/row: 4 79
[16:20:42.862]     INFO:   masking Roc 1 col/row: 5 57
[16:20:42.862]     INFO:   masking Roc 1 col/row: 5 72
[16:20:42.862]     INFO:   masking Roc 1 col/row: 6 47
[16:20:42.862]     INFO:   masking Roc 1 col/row: 6 79
[16:20:42.862]     INFO:   masking Roc 1 col/row: 7 77
[16:20:42.862]     INFO:   masking Roc 1 col/row: 8 66
[16:20:42.862]     INFO:   masking Roc 1 col/row: 8 75
[16:20:42.862]     INFO:   masking Roc 1 col/row: 8 79
[16:20:42.862]     INFO:   masking Roc 1 col/row: 9 79
[16:20:42.862]     INFO:   masking Roc 1 col/row: 11 75
[16:20:42.862]     INFO:   masking Roc 1 col/row: 12 48
[16:20:42.862]     INFO:   masking Roc 1 col/row: 12 79
[16:20:42.862]     INFO:   masking Roc 1 col/row: 13 79
[16:20:42.862]     INFO:   masking Roc 1 col/row: 14 64
[16:20:42.862]     INFO:   masking Roc 1 col/row: 16 48
[16:20:42.862]     INFO:   masking Roc 1 col/row: 16 79
[16:20:42.863]     INFO:   masking Roc 1 col/row: 17 79
[16:20:42.863]     INFO:   masking Roc 1 col/row: 25 56
[16:20:42.863]     INFO:   masking Roc 1 col/row: 28 78
[16:20:42.863]     INFO:   masking Roc 1 col/row: 29 79
[16:20:42.863]     INFO:   masking Roc 1 col/row: 30 79
[16:20:42.863]     INFO:   masking Roc 1 col/row: 32 79
[16:20:42.863]     INFO:   masking Roc 1 col/row: 34 79
[16:20:42.863]     INFO:   masking Roc 1 col/row: 38 65
[16:20:42.863]     INFO:   masking Roc 1 col/row: 39 56
[16:20:42.863]     INFO:   masking Roc 1 col/row: 40 68
[16:20:42.863]     INFO:   masking Roc 1 col/row: 44 58
[16:20:42.863]     INFO:   masking Roc 1 col/row: 47 40
[16:20:42.863]     INFO:   masking Roc 1 col/row: 47 66
[16:20:42.863]     INFO:   masking Roc 1 col/row: 49 68
[16:20:42.863]     INFO:   masking Roc 1 col/row: 49 79
[16:20:42.863]     INFO:   masking Roc 1 col/row: 50 61
[16:20:42.864]     INFO:   masking Roc 1 col/row: 51 38
[16:20:42.864]     INFO:   masking Roc 1 col/row: 51 41
[16:20:42.864]     INFO:   masking Roc 1 col/row: 51 45
[16:20:42.864]     INFO:   masking Roc 1 col/row: 51 50
[16:20:42.864]     INFO:   masking Roc 1 col/row: 51 53
[16:20:42.864]     INFO:   masking Roc 1 col/row: 51 57
[16:20:42.864]     INFO:   masking Roc 1 col/row: 51 59
[16:20:42.864]     INFO:   masking Roc 1 col/row: 51 60
[16:20:42.864]     INFO:   masking Roc 1 col/row: 51 65
[16:20:42.864]     INFO:   masking Roc 1 col/row: 51 67
[16:20:42.864]     INFO:   masking Roc 1 col/row: 51 68
[16:20:42.864]     INFO:   masking Roc 1 col/row: 51 70
[16:20:42.864]     INFO:   masking Roc 1 col/row: 51 72
[16:20:42.864]     INFO:   masking Roc 1 col/row: 51 74
[16:20:42.864]     INFO:   masking Roc 1 col/row: 51 75
[16:20:42.864]     INFO:   masking Roc 1 col/row: 51 76
[16:20:42.864]     INFO:   masking Roc 1 col/row: 51 77
[16:20:42.864]     INFO:   masking Roc 1 col/row: 51 78
[16:20:42.864]     INFO:   masking Roc 1 col/row: 51 79
[16:20:42.873]     INFO:   masking Roc 2 col/row: 0 42
[16:20:42.873]     INFO:   masking Roc 2 col/row: 0 44
[16:20:42.873]     INFO:   masking Roc 2 col/row: 0 57
[16:20:42.873]     INFO:   masking Roc 2 col/row: 0 64
[16:20:42.873]     INFO:   masking Roc 2 col/row: 0 73
[16:20:42.873]     INFO:   masking Roc 2 col/row: 0 75
[16:20:42.873]     INFO:   masking Roc 2 col/row: 0 79
[16:20:42.873]     INFO:   masking Roc 2 col/row: 8 42
[16:20:42.874]     INFO:   masking Roc 2 col/row: 51 79
[16:20:42.883]     INFO:   masking Roc 3 col/row: 0 9
[16:20:42.883]     INFO:   masking Roc 3 col/row: 0 11
[16:20:42.883]     INFO:   masking Roc 3 col/row: 0 13
[16:20:42.883]     INFO:   masking Roc 3 col/row: 0 16
[16:20:42.883]     INFO:   masking Roc 3 col/row: 0 17
[16:20:42.884]     INFO:   masking Roc 3 col/row: 0 18
[16:20:42.884]     INFO:   masking Roc 3 col/row: 0 20
[16:20:42.884]     INFO:   masking Roc 3 col/row: 0 22
[16:20:42.884]     INFO:   masking Roc 3 col/row: 0 25
[16:20:42.884]     INFO:   masking Roc 3 col/row: 0 26
[16:20:42.884]     INFO:   masking Roc 3 col/row: 0 27
[16:20:42.884]     INFO:   masking Roc 3 col/row: 0 28
[16:20:42.884]     INFO:   masking Roc 3 col/row: 0 31
[16:20:42.884]     INFO:   masking Roc 3 col/row: 0 33
[16:20:42.884]     INFO:   masking Roc 3 col/row: 0 34
[16:20:42.884]     INFO:   masking Roc 3 col/row: 0 36
[16:20:42.884]     INFO:   masking Roc 3 col/row: 0 40
[16:20:42.884]     INFO:   masking Roc 3 col/row: 0 43
[16:20:42.884]     INFO:   masking Roc 3 col/row: 0 57
[16:20:42.884]     INFO:   masking Roc 3 col/row: 0 58
[16:20:42.884]     INFO:   masking Roc 3 col/row: 0 59
[16:20:42.884]     INFO:   masking Roc 3 col/row: 0 61
[16:20:42.884]     INFO:   masking Roc 3 col/row: 0 62
[16:20:42.884]     INFO:   masking Roc 3 col/row: 0 63
[16:20:42.884]     INFO:   masking Roc 3 col/row: 0 74
[16:20:42.884]     INFO:   masking Roc 3 col/row: 0 76
[16:20:42.884]     INFO:   masking Roc 3 col/row: 0 77
[16:20:42.884]     INFO:   masking Roc 3 col/row: 0 79
[16:20:42.884]     INFO:   masking Roc 3 col/row: 1 79
[16:20:42.884]     INFO:   masking Roc 3 col/row: 4 79
[16:20:42.884]     INFO:   masking Roc 3 col/row: 5 79
[16:20:42.884]     INFO:   masking Roc 3 col/row: 10 65
[16:20:42.884]     INFO:   masking Roc 3 col/row: 12 79
[16:20:42.884]     INFO:   masking Roc 3 col/row: 18 79
[16:20:42.884]     INFO:   masking Roc 3 col/row: 21 79
[16:20:42.884]     INFO:   masking Roc 3 col/row: 24 71
[16:20:42.885]     INFO:   masking Roc 3 col/row: 45 79
[16:20:42.885]     INFO:   masking Roc 3 col/row: 51 9
[16:20:42.885]     INFO:   masking Roc 3 col/row: 51 13
[16:20:42.885]     INFO:   masking Roc 3 col/row: 51 14
[16:20:42.885]     INFO:   masking Roc 3 col/row: 51 17
[16:20:42.885]     INFO:   masking Roc 3 col/row: 51 19
[16:20:42.885]     INFO:   masking Roc 3 col/row: 51 20
[16:20:42.885]     INFO:   masking Roc 3 col/row: 51 21
[16:20:42.885]     INFO:   masking Roc 3 col/row: 51 22
[16:20:42.885]     INFO:   masking Roc 3 col/row: 51 23
[16:20:42.885]     INFO:   masking Roc 3 col/row: 51 24
[16:20:42.885]     INFO:   masking Roc 3 col/row: 51 25
[16:20:42.885]     INFO:   masking Roc 3 col/row: 51 26
[16:20:42.885]     INFO:   masking Roc 3 col/row: 51 27
[16:20:42.885]     INFO:   masking Roc 3 col/row: 51 28
[16:20:42.885]     INFO:   masking Roc 3 col/row: 51 29
[16:20:42.885]     INFO:   masking Roc 3 col/row: 51 30
[16:20:42.885]     INFO:   masking Roc 3 col/row: 51 31
[16:20:42.885]     INFO:   masking Roc 3 col/row: 51 32
[16:20:42.885]     INFO:   masking Roc 3 col/row: 51 33
[16:20:42.885]     INFO:   masking Roc 3 col/row: 51 34
[16:20:42.885]     INFO:   masking Roc 3 col/row: 51 35
[16:20:42.885]     INFO:   masking Roc 3 col/row: 51 36
[16:20:42.885]     INFO:   masking Roc 3 col/row: 51 37
[16:20:42.885]     INFO:   masking Roc 3 col/row: 51 38
[16:20:42.885]     INFO:   masking Roc 3 col/row: 51 39
[16:20:42.885]     INFO:   masking Roc 3 col/row: 51 40
[16:20:42.885]     INFO:   masking Roc 3 col/row: 51 41
[16:20:42.886]     INFO:   masking Roc 3 col/row: 51 45
[16:20:42.886]     INFO:   masking Roc 3 col/row: 51 47
[16:20:42.886]     INFO:   masking Roc 3 col/row: 51 50
[16:20:42.886]     INFO:   masking Roc 3 col/row: 51 52
[16:20:42.886]     INFO:   masking Roc 3 col/row: 51 67
[16:20:42.886]     INFO:   masking Roc 3 col/row: 51 68
[16:20:42.886]     INFO:   masking Roc 3 col/row: 51 69
[16:20:42.886]     INFO:   masking Roc 3 col/row: 51 70
[16:20:42.886]     INFO:   masking Roc 3 col/row: 51 71
[16:20:42.886]     INFO:   masking Roc 3 col/row: 51 72
[16:20:42.886]     INFO:   masking Roc 3 col/row: 51 73
[16:20:42.886]     INFO:   masking Roc 3 col/row: 51 74
[16:20:42.886]     INFO:   masking Roc 3 col/row: 51 75
[16:20:42.886]     INFO:   masking Roc 3 col/row: 51 76
[16:20:42.886]     INFO:   masking Roc 3 col/row: 51 78
[16:20:42.886]     INFO:   masking Roc 3 col/row: 51 79
[16:20:42.914]     INFO:   masking Roc 6 col/row: 0 62
[16:20:42.914]     INFO:   masking Roc 6 col/row: 0 64
[16:20:42.914]     INFO:   masking Roc 6 col/row: 0 74
[16:20:42.914]     INFO:   masking Roc 6 col/row: 0 75
[16:20:42.914]     INFO:   masking Roc 6 col/row: 0 79
[16:20:42.915]     INFO:   masking Roc 6 col/row: 51 42
[16:20:42.915]     INFO:   masking Roc 6 col/row: 51 73
[16:20:42.915]     INFO:   masking Roc 6 col/row: 51 79
[16:20:42.924]     INFO:   masking Roc 7 col/row: 0 71
[16:20:42.924]     INFO:   masking Roc 7 col/row: 0 79
[16:20:42.944]     INFO:   masking Roc 9 col/row: 51 52
[16:20:42.954]     INFO:   masking Roc 10 col/row: 0 78
[16:20:42.954]     INFO:   masking Roc 10 col/row: 0 79
[16:20:42.964]     INFO:   masking Roc 11 col/row: 0 23
[16:20:42.964]     INFO:   masking Roc 11 col/row: 0 34
[16:20:42.964]     INFO:   masking Roc 11 col/row: 0 35
[16:20:42.964]     INFO:   masking Roc 11 col/row: 0 40
[16:20:42.964]     INFO:   masking Roc 11 col/row: 0 69
[16:20:42.964]     INFO:   masking Roc 11 col/row: 0 77
[16:20:42.964]     INFO:   masking Roc 11 col/row: 0 79
[16:20:42.964]     INFO:   masking Roc 11 col/row: 9 57
[16:20:42.964]     INFO:   masking Roc 11 col/row: 44 68
[16:20:42.964]     INFO:   masking Roc 11 col/row: 51 28
[16:20:42.964]     INFO:   masking Roc 11 col/row: 51 31
[16:20:42.964]     INFO:   masking Roc 11 col/row: 51 37
[16:20:42.964]     INFO:   masking Roc 11 col/row: 51 53
[16:20:42.964]     INFO:   masking Roc 11 col/row: 51 56
[16:20:42.964]     INFO:   masking Roc 11 col/row: 51 58
[16:20:42.964]     INFO:   masking Roc 11 col/row: 51 60
[16:20:42.965]     INFO:   masking Roc 11 col/row: 51 79
[16:20:42.974]     INFO:   masking Roc 12 col/row: 0 13
[16:20:42.974]     INFO:   masking Roc 12 col/row: 0 17
[16:20:42.974]     INFO:   masking Roc 12 col/row: 0 24
[16:20:42.974]     INFO:   masking Roc 12 col/row: 0 26
[16:20:42.974]     INFO:   masking Roc 12 col/row: 0 28
[16:20:42.974]     INFO:   masking Roc 12 col/row: 0 30
[16:20:42.974]     INFO:   masking Roc 12 col/row: 0 32
[16:20:42.974]     INFO:   masking Roc 12 col/row: 0 33
[16:20:42.974]     INFO:   masking Roc 12 col/row: 0 35
[16:20:42.974]     INFO:   masking Roc 12 col/row: 0 39
[16:20:42.974]     INFO:   masking Roc 12 col/row: 0 41
[16:20:42.974]     INFO:   masking Roc 12 col/row: 0 46
[16:20:42.974]     INFO:   masking Roc 12 col/row: 0 51
[16:20:42.974]     INFO:   masking Roc 12 col/row: 0 54
[16:20:42.974]     INFO:   masking Roc 12 col/row: 0 55
[16:20:42.974]     INFO:   masking Roc 12 col/row: 0 57
[16:20:42.974]     INFO:   masking Roc 12 col/row: 0 58
[16:20:42.974]     INFO:   masking Roc 12 col/row: 0 60
[16:20:42.974]     INFO:   masking Roc 12 col/row: 0 63
[16:20:42.974]     INFO:   masking Roc 12 col/row: 0 68
[16:20:42.974]     INFO:   masking Roc 12 col/row: 0 69
[16:20:42.974]     INFO:   masking Roc 12 col/row: 3 34
[16:20:42.975]     INFO:   masking Roc 12 col/row: 39 62
[16:20:42.975]     INFO:   masking Roc 12 col/row: 45 61
[16:20:42.975]     INFO:   masking Roc 12 col/row: 50 45
[16:20:42.975]     INFO:   masking Roc 12 col/row: 51 11
[16:20:42.975]     INFO:   masking Roc 12 col/row: 51 12
[16:20:42.975]     INFO:   masking Roc 12 col/row: 51 15
[16:20:42.975]     INFO:   masking Roc 12 col/row: 51 17
[16:20:42.975]     INFO:   masking Roc 12 col/row: 51 20
[16:20:42.975]     INFO:   masking Roc 12 col/row: 51 21
[16:20:42.975]     INFO:   masking Roc 12 col/row: 51 23
[16:20:42.975]     INFO:   masking Roc 12 col/row: 51 25
[16:20:42.975]     INFO:   masking Roc 12 col/row: 51 29
[16:20:42.975]     INFO:   masking Roc 12 col/row: 51 31
[16:20:42.975]     INFO:   masking Roc 12 col/row: 51 33
[16:20:42.975]     INFO:   masking Roc 12 col/row: 51 34
[16:20:42.975]     INFO:   masking Roc 12 col/row: 51 35
[16:20:42.975]     INFO:   masking Roc 12 col/row: 51 36
[16:20:42.975]     INFO:   masking Roc 12 col/row: 51 37
[16:20:42.975]     INFO:   masking Roc 12 col/row: 51 38
[16:20:42.975]     INFO:   masking Roc 12 col/row: 51 39
[16:20:42.975]     INFO:   masking Roc 12 col/row: 51 40
[16:20:42.976]     INFO:   masking Roc 12 col/row: 51 41
[16:20:42.976]     INFO:   masking Roc 12 col/row: 51 43
[16:20:42.976]     INFO:   masking Roc 12 col/row: 51 45
[16:20:42.976]     INFO:   masking Roc 12 col/row: 51 47
[16:20:42.976]     INFO:   masking Roc 12 col/row: 51 50
[16:20:42.976]     INFO:   masking Roc 12 col/row: 51 51
[16:20:42.976]     INFO:   masking Roc 12 col/row: 51 58
[16:20:42.976]     INFO:   masking Roc 12 col/row: 51 79
[16:20:42.985]     INFO:   masking Roc 13 col/row: 0 10
[16:20:42.985]     INFO:   masking Roc 13 col/row: 0 11
[16:20:42.985]     INFO:   masking Roc 13 col/row: 0 13
[16:20:42.985]     INFO:   masking Roc 13 col/row: 0 15
[16:20:42.985]     INFO:   masking Roc 13 col/row: 0 17
[16:20:42.985]     INFO:   masking Roc 13 col/row: 0 19
[16:20:42.985]     INFO:   masking Roc 13 col/row: 0 20
[16:20:42.985]     INFO:   masking Roc 13 col/row: 0 21
[16:20:42.985]     INFO:   masking Roc 13 col/row: 0 23
[16:20:42.985]     INFO:   masking Roc 13 col/row: 0 24
[16:20:42.985]     INFO:   masking Roc 13 col/row: 0 25
[16:20:42.985]     INFO:   masking Roc 13 col/row: 0 26
[16:20:42.985]     INFO:   masking Roc 13 col/row: 0 27
[16:20:42.985]     INFO:   masking Roc 13 col/row: 0 28
[16:20:42.985]     INFO:   masking Roc 13 col/row: 0 32
[16:20:42.985]     INFO:   masking Roc 13 col/row: 0 33
[16:20:42.985]     INFO:   masking Roc 13 col/row: 0 34
[16:20:42.985]     INFO:   masking Roc 13 col/row: 0 35
[16:20:42.985]     INFO:   masking Roc 13 col/row: 0 36
[16:20:42.985]     INFO:   masking Roc 13 col/row: 0 37
[16:20:42.985]     INFO:   masking Roc 13 col/row: 0 38
[16:20:42.985]     INFO:   masking Roc 13 col/row: 0 41
[16:20:42.985]     INFO:   masking Roc 13 col/row: 0 42
[16:20:42.985]     INFO:   masking Roc 13 col/row: 0 43
[16:20:42.985]     INFO:   masking Roc 13 col/row: 0 44
[16:20:42.985]     INFO:   masking Roc 13 col/row: 0 46
[16:20:42.985]     INFO:   masking Roc 13 col/row: 0 50
[16:20:42.985]     INFO:   masking Roc 13 col/row: 0 51
[16:20:42.985]     INFO:   masking Roc 13 col/row: 0 52
[16:20:42.985]     INFO:   masking Roc 13 col/row: 0 54
[16:20:42.985]     INFO:   masking Roc 13 col/row: 0 60
[16:20:42.985]     INFO:   masking Roc 13 col/row: 0 64
[16:20:42.986]     INFO:   masking Roc 13 col/row: 0 65
[16:20:42.986]     INFO:   masking Roc 13 col/row: 0 66
[16:20:42.986]     INFO:   masking Roc 13 col/row: 0 69
[16:20:42.986]     INFO:   masking Roc 13 col/row: 0 78
[16:20:42.986]     INFO:   masking Roc 13 col/row: 0 79
[16:20:42.986]     INFO:   masking Roc 13 col/row: 1 79
[16:20:42.986]     INFO:   masking Roc 13 col/row: 2 79
[16:20:42.986]     INFO:   masking Roc 13 col/row: 4 79
[16:20:42.986]     INFO:   masking Roc 13 col/row: 34 58
[16:20:42.986]     INFO:   masking Roc 13 col/row: 39 79
[16:20:42.987]     INFO:   masking Roc 13 col/row: 51 9
[16:20:42.987]     INFO:   masking Roc 13 col/row: 51 14
[16:20:42.987]     INFO:   masking Roc 13 col/row: 51 16
[16:20:42.987]     INFO:   masking Roc 13 col/row: 51 26
[16:20:42.987]     INFO:   masking Roc 13 col/row: 51 29
[16:20:42.987]     INFO:   masking Roc 13 col/row: 51 36
[16:20:42.987]     INFO:   masking Roc 13 col/row: 51 40
[16:20:42.987]     INFO:   masking Roc 13 col/row: 51 43
[16:20:42.987]     INFO:   masking Roc 13 col/row: 51 53
[16:20:42.987]     INFO:   masking Roc 13 col/row: 51 56
[16:20:42.987]     INFO:   masking Roc 13 col/row: 51 58
[16:20:42.987]     INFO:   masking Roc 13 col/row: 51 59
[16:20:42.987]     INFO:   masking Roc 13 col/row: 51 64
[16:20:42.987]     INFO:   masking Roc 13 col/row: 51 79
[16:20:42.996]     INFO:   masking Roc 14 col/row: 0 11
[16:20:42.996]     INFO:   masking Roc 14 col/row: 0 14
[16:20:42.996]     INFO:   masking Roc 14 col/row: 0 17
[16:20:42.996]     INFO:   masking Roc 14 col/row: 0 18
[16:20:42.996]     INFO:   masking Roc 14 col/row: 0 21
[16:20:42.996]     INFO:   masking Roc 14 col/row: 0 25
[16:20:42.996]     INFO:   masking Roc 14 col/row: 0 30
[16:20:42.996]     INFO:   masking Roc 14 col/row: 0 32
[16:20:42.996]     INFO:   masking Roc 14 col/row: 0 33
[16:20:42.996]     INFO:   masking Roc 14 col/row: 0 34
[16:20:42.996]     INFO:   masking Roc 14 col/row: 0 38
[16:20:42.996]     INFO:   masking Roc 14 col/row: 0 40
[16:20:42.996]     INFO:   masking Roc 14 col/row: 0 41
[16:20:42.996]     INFO:   masking Roc 14 col/row: 0 42
[16:20:42.996]     INFO:   masking Roc 14 col/row: 0 43
[16:20:42.997]     INFO:   masking Roc 14 col/row: 0 45
[16:20:42.997]     INFO:   masking Roc 14 col/row: 0 47
[16:20:42.997]     INFO:   masking Roc 14 col/row: 0 48
[16:20:42.997]     INFO:   masking Roc 14 col/row: 0 49
[16:20:42.997]     INFO:   masking Roc 14 col/row: 0 50
[16:20:42.997]     INFO:   masking Roc 14 col/row: 0 52
[16:20:42.997]     INFO:   masking Roc 14 col/row: 0 53
[16:20:42.997]     INFO:   masking Roc 14 col/row: 0 55
[16:20:42.997]     INFO:   masking Roc 14 col/row: 0 56
[16:20:42.997]     INFO:   masking Roc 14 col/row: 0 57
[16:20:42.997]     INFO:   masking Roc 14 col/row: 0 58
[16:20:42.997]     INFO:   masking Roc 14 col/row: 0 59
[16:20:42.997]     INFO:   masking Roc 14 col/row: 0 62
[16:20:42.997]     INFO:   masking Roc 14 col/row: 0 66
[16:20:42.997]     INFO:   masking Roc 14 col/row: 1 54
[16:20:42.997]     INFO:   masking Roc 14 col/row: 1 59
[16:20:42.997]     INFO:   masking Roc 14 col/row: 6 57
[16:20:42.997]     INFO:   masking Roc 14 col/row: 9 79
[16:20:42.997]     INFO:   masking Roc 14 col/row: 12 47
[16:20:42.997]     INFO:   masking Roc 14 col/row: 14 49
[16:20:42.997]     INFO:   masking Roc 14 col/row: 14 78
[16:20:42.997]     INFO:   masking Roc 14 col/row: 25 33
[16:20:42.997]     INFO:   masking Roc 14 col/row: 30 67
[16:20:42.998]     INFO:   masking Roc 14 col/row: 31 64
[16:20:42.998]     INFO:   masking Roc 14 col/row: 32 38
[16:20:42.998]     INFO:   masking Roc 14 col/row: 33 74
[16:20:42.998]     INFO:   masking Roc 14 col/row: 34 79
[16:20:42.998]     INFO:   masking Roc 14 col/row: 37 60
[16:20:42.998]     INFO:   masking Roc 14 col/row: 39 68
[16:20:42.998]     INFO:   masking Roc 14 col/row: 39 70
[16:20:42.998]     INFO:   masking Roc 14 col/row: 39 79
[16:20:42.998]     INFO:   masking Roc 14 col/row: 41 42
[16:20:42.998]     INFO:   masking Roc 14 col/row: 41 60
[16:20:42.998]     INFO:   masking Roc 14 col/row: 45 36
[16:20:42.998]     INFO:   masking Roc 14 col/row: 46 72
[16:20:42.998]     INFO:   masking Roc 14 col/row: 47 76
[16:20:42.998]     INFO:   masking Roc 14 col/row: 48 79
[16:20:42.998]     INFO:   masking Roc 14 col/row: 49 66
[16:20:42.998]     INFO:   masking Roc 14 col/row: 50 27
[16:20:42.998]     INFO:   masking Roc 14 col/row: 50 60
[16:20:42.998]     INFO:   masking Roc 14 col/row: 51 11
[16:20:42.998]     INFO:   masking Roc 14 col/row: 51 12
[16:20:42.998]     INFO:   masking Roc 14 col/row: 51 16
[16:20:42.998]     INFO:   masking Roc 14 col/row: 51 20
[16:20:42.998]     INFO:   masking Roc 14 col/row: 51 22
[16:20:42.998]     INFO:   masking Roc 14 col/row: 51 29
[16:20:42.998]     INFO:   masking Roc 14 col/row: 51 32
[16:20:42.998]     INFO:   masking Roc 14 col/row: 51 34
[16:20:42.998]     INFO:   masking Roc 14 col/row: 51 35
[16:20:42.998]     INFO:   masking Roc 14 col/row: 51 36
[16:20:42.998]     INFO:   masking Roc 14 col/row: 51 37
[16:20:42.998]     INFO:   masking Roc 14 col/row: 51 38
[16:20:42.998]     INFO:   masking Roc 14 col/row: 51 39
[16:20:42.998]     INFO:   masking Roc 14 col/row: 51 44
[16:20:42.998]     INFO:   masking Roc 14 col/row: 51 45
[16:20:42.998]     INFO:   masking Roc 14 col/row: 51 46
[16:20:42.998]     INFO:   masking Roc 14 col/row: 51 50
[16:20:42.998]     INFO:   masking Roc 14 col/row: 51 54
[16:20:42.998]     INFO:   masking Roc 14 col/row: 51 57
[16:20:42.998]     INFO:   masking Roc 14 col/row: 51 59
[16:20:42.998]     INFO:   masking Roc 14 col/row: 51 63
[16:20:42.998]     INFO:   masking Roc 14 col/row: 51 69
[16:20:42.998]     INFO:   masking Roc 14 col/row: 51 73
[16:20:42.998]     INFO:   masking Roc 14 col/row: 51 76
[16:20:42.998]     INFO:   masking Roc 14 col/row: 51 78
[16:20:42.999]     INFO:   masking Roc 14 col/row: 51 79
[16:20:43.008]     INFO:   masking Roc 15 col/row: 0 24
[16:20:43.008]     INFO:   masking Roc 15 col/row: 0 27
[16:20:43.008]     INFO:   masking Roc 15 col/row: 0 31
[16:20:43.008]     INFO:   masking Roc 15 col/row: 0 32
[16:20:43.008]     INFO:   masking Roc 15 col/row: 0 37
[16:20:43.008]     INFO:   masking Roc 15 col/row: 0 40
[16:20:43.008]     INFO:   masking Roc 15 col/row: 0 44
[16:20:43.008]     INFO:   masking Roc 15 col/row: 0 48
[16:20:43.008]     INFO:   masking Roc 15 col/row: 0 49
[16:20:43.008]     INFO:   masking Roc 15 col/row: 0 51
[16:20:43.008]     INFO:   masking Roc 15 col/row: 0 52
[16:20:43.008]     INFO:   masking Roc 15 col/row: 0 60
[16:20:43.008]     INFO:   masking Roc 15 col/row: 0 62
[16:20:43.008]     INFO:   masking Roc 15 col/row: 0 71
[16:20:43.008]     INFO:   masking Roc 15 col/row: 0 79
[16:20:43.008]     INFO:   masking Roc 15 col/row: 3 55
[16:20:43.008]     INFO:   masking Roc 15 col/row: 6 79
[16:20:43.008]     INFO:   masking Roc 15 col/row: 8 79
[16:20:43.008]     INFO:   masking Roc 15 col/row: 9 57
[16:20:43.008]     INFO:   masking Roc 15 col/row: 14 37
[16:20:43.009]     INFO:   masking Roc 15 col/row: 35 79
[16:20:43.009]     INFO:   masking Roc 15 col/row: 38 31
[16:20:43.019]     INFO:         clk: 4
[16:20:43.019]     INFO:         ctr: 4
[16:20:43.019]     INFO:         sda: 19
[16:20:43.019]     INFO:         tin: 9
[16:20:43.019]     INFO:         level: 15
[16:20:43.019]     INFO:         triggerdelay: 0
[16:20:43.019]    QUIET: Instanciating API for pxar prod-12
[16:20:43.019]     INFO: Log level: DEBUG
[16:20:43.029]    QUIET: Connection to board DTB_WRPRHI opened.
[16:20:43.033]     INFO: DTB startup information
--- DTB info------------------------------------------
Board id:    58
HW version:  DTB1.2
FW version:  4.2
SW version:  4.5
USB id:      DTB_WRPRHI
MAC address: 40D85511803A
Hostname:    pixelDTB058
Comment:     
------------------------------------------------------
[16:20:43.035]     INFO: RPC call hashes of host and DTB match: 398089610
[16:20:44.640]     INFO: DUT info: 
[16:20:44.640]     INFO: The DUT currently contains the following objects:
[16:20:44.640]     INFO:  2 TBM Cores tbm08c (2 ON)
[16:20:44.640]     INFO: 	TBM Core alpha (0): 7 registers set
[16:20:44.640]     INFO: 	TBM Core beta  (1): 7 registers set
[16:20:44.640]     INFO: 16 ROCs psi46digv21respin (16 ON) with 4160 pixelConfigs
[16:20:44.640]     INFO: 	ROC 0: 19 DACs set, Pixels: 12 masked, 0 active.
[16:20:44.640]     INFO: 	ROC 1: 19 DACs set, Pixels: 93 masked, 0 active.
[16:20:44.640]     INFO: 	ROC 2: 19 DACs set, Pixels: 9 masked, 0 active.
[16:20:44.640]     INFO: 	ROC 3: 19 DACs set, Pixels: 80 masked, 0 active.
[16:20:44.640]     INFO: 	ROC 4: 19 DACs set, Pixels: 0 masked, 0 active.
[16:20:44.640]     INFO: 	ROC 5: 19 DACs set, Pixels: 0 masked, 0 active.
[16:20:44.640]     INFO: 	ROC 6: 19 DACs set, Pixels: 8 masked, 0 active.
[16:20:44.640]     INFO: 	ROC 7: 19 DACs set, Pixels: 2 masked, 0 active.
[16:20:44.640]     INFO: 	ROC 8: 19 DACs set, Pixels: 0 masked, 0 active.
[16:20:44.640]     INFO: 	ROC 9: 19 DACs set, Pixels: 1 masked, 0 active.
[16:20:44.640]     INFO: 	ROC 10: 19 DACs set, Pixels: 2 masked, 0 active.
[16:20:44.640]     INFO: 	ROC 11: 19 DACs set, Pixels: 17 masked, 0 active.
[16:20:44.640]     INFO: 	ROC 12: 19 DACs set, Pixels: 51 masked, 0 active.
[16:20:44.640]     INFO: 	ROC 13: 19 DACs set, Pixels: 56 masked, 0 active.
[16:20:44.640]     INFO: 	ROC 14: 19 DACs set, Pixels: 81 masked, 0 active.
[16:20:44.640]     INFO: 	ROC 15: 19 DACs set, Pixels: 22 masked, 0 active.
[16:20:44.641]    DEBUG: <PixTestParameters.cc/dump:L104> PixTestParameters: ->BB<-
[16:20:44.641]    DEBUG: <PixTestParameters.cc/dump:L107>   dumpall: checkbox(0)
[16:20:44.641]    DEBUG: <PixTestParameters.cc/dump:L107>   dumpproblematic: checkbox(0)
[16:20:44.641]    DEBUG: <PixTestParameters.cc/dump:L107>   ntrig: 5
[16:20:44.641]    DEBUG: <PixTestParameters.cc/dump:L107>   vcals: 250
[16:20:44.641]    DEBUG: <PixTestParameters.cc/dump:L104> PixTestParameters: ->BB2<-
[16:20:44.641]    DEBUG: <PixTestParameters.cc/dump:L107>   ntrig: 10
[16:20:44.641]    DEBUG: <PixTestParameters.cc/dump:L107>   vcals: 222
[16:20:44.641]    DEBUG: <PixTestParameters.cc/dump:L107>   plwidth: 35
[16:20:44.641]    DEBUG: <PixTestParameters.cc/dump:L107>   pix: 11,20
[16:20:44.641]    DEBUG: <PixTestParameters.cc/dump:L107>   targetia: 24
[16:20:44.641]    DEBUG: <PixTestParameters.cc/dump:L104> PixTestParameters: ->BB3<-
[16:20:44.641]    DEBUG: <PixTestParameters.cc/dump:L107>   dumpall: checkbox(0)
[16:20:44.641]    DEBUG: <PixTestParameters.cc/dump:L107>   dumpproblematic: checkbox(0)
[16:20:44.641]    DEBUG: <PixTestParameters.cc/dump:L107>   ntrig: 5
[16:20:44.641]    DEBUG: <PixTestParameters.cc/dump:L107>   vcals: 250
[16:20:44.641]    DEBUG: <PixTestParameters.cc/dump:L104> PixTestParameters: ->BB4<-
[16:20:44.641]    DEBUG: <PixTestParameters.cc/dump:L107>   savecaldelscan: checkbox(0)
[16:20:44.641]    DEBUG: <PixTestParameters.cc/dump:L107>   ntrig: 100
[16:20:44.641]    DEBUG: <PixTestParameters.cc/dump:L107>   cals: 1
[16:20:44.641]    DEBUG: <PixTestParameters.cc/dump:L107>   caldello: 80
[16:20:44.641]    DEBUG: <PixTestParameters.cc/dump:L107>   caldelhi: 200
[16:20:44.641]    DEBUG: <PixTestParameters.cc/dump:L107>   caldelstep: 10
[16:20:44.641]    DEBUG: <PixTestParameters.cc/dump:L107>   vthrcomplo: 70
[16:20:44.641]    DEBUG: <PixTestParameters.cc/dump:L107>   vthrcomphi: 130
[16:20:44.641]    DEBUG: <PixTestParameters.cc/dump:L107>   vthrcompstep: 5
[16:20:44.641]    DEBUG: <PixTestParameters.cc/dump:L107>   noisypixels: 10
[16:20:44.641]    DEBUG: <PixTestParameters.cc/dump:L107>   vcal: 255
[16:20:44.641]    DEBUG: <PixTestParameters.cc/dump:L107>   cut: 0.5
[16:20:44.641]    DEBUG: <PixTestParameters.cc/dump:L104> PixTestParameters: ->Cmd<-
[16:20:44.641]    DEBUG: <PixTestParameters.cc/dump:L104> PixTestParameters: ->DAQ<-
[16:20:44.641]    DEBUG: <PixTestParameters.cc/dump:L107>   delaytbm: checkbox
[16:20:44.641]    DEBUG: <PixTestParameters.cc/dump:L107>   filltree: checkbox
[16:20:44.641]    DEBUG: <PixTestParameters.cc/dump:L107>   trgfrequency(khz): 100
[16:20:44.641]    DEBUG: <PixTestParameters.cc/dump:L107>   maskhotpixels: button
[16:20:44.641]    DEBUG: <PixTestParameters.cc/dump:L107>   trgnumber: 5
[16:20:44.641]    DEBUG: <PixTestParameters.cc/dump:L107>   iterations: 10
[16:20:44.641]    DEBUG: <PixTestParameters.cc/dump:L107>   rundaqtrg: button
[16:20:44.641]    DEBUG: <PixTestParameters.cc/dump:L107>   daqseconds: 5
[16:20:44.641]    DEBUG: <PixTestParameters.cc/dump:L107>   rundaqseconds: button
[16:20:44.641]    DEBUG: <PixTestParameters.cc/dump:L104> PixTestParameters: ->DacDacScan<-
[16:20:44.641]    DEBUG: <PixTestParameters.cc/dump:L107>   phmap: checkbox
[16:20:44.641]    DEBUG: <PixTestParameters.cc/dump:L107>   ntrig: 10
[16:20:44.641]    DEBUG: <PixTestParameters.cc/dump:L107>   dac1: caldel
[16:20:44.641]    DEBUG: <PixTestParameters.cc/dump:L107>   dac1lo: 0
[16:20:44.641]    DEBUG: <PixTestParameters.cc/dump:L107>   dac1hi: 255
[16:20:44.641]    DEBUG: <PixTestParameters.cc/dump:L107>   dac2: vthrcomp
[16:20:44.641]    DEBUG: <PixTestParameters.cc/dump:L107>   dac2lo: 0
[16:20:44.641]    DEBUG: <PixTestParameters.cc/dump:L107>   dac2hi: 255
[16:20:44.641]    DEBUG: <PixTestParameters.cc/dump:L107>   pix: 11,20
[16:20:44.642]    DEBUG: <PixTestParameters.cc/dump:L104> PixTestParameters: ->DacScan<-
[16:20:44.642]    DEBUG: <PixTestParameters.cc/dump:L107>   phmap: checkbox(1)
[16:20:44.642]    DEBUG: <PixTestParameters.cc/dump:L107>   allpixels: checkbox(0)
[16:20:44.642]    DEBUG: <PixTestParameters.cc/dump:L107>   unmasked: checkbox(0)
[16:20:44.642]    DEBUG: <PixTestParameters.cc/dump:L107>   ntrig: 10
[16:20:44.642]    DEBUG: <PixTestParameters.cc/dump:L107>   dac: vcal
[16:20:44.642]    DEBUG: <PixTestParameters.cc/dump:L107>   daclo: 0
[16:20:44.642]    DEBUG: <PixTestParameters.cc/dump:L107>   dachi: 255
[16:20:44.642]    DEBUG: <PixTestParameters.cc/dump:L107>   pix: 11,20
[16:20:44.642]    DEBUG: <PixTestParameters.cc/dump:L104> PixTestParameters: ->GainPedestal<-
[16:20:44.642]    DEBUG: <PixTestParameters.cc/dump:L107>   showfits: checkbox(0)
[16:20:44.642]    DEBUG: <PixTestParameters.cc/dump:L107>   extended: checkbox(0)
[16:20:44.642]    DEBUG: <PixTestParameters.cc/dump:L107>   dumphists: checkbox(0)
[16:20:44.642]    DEBUG: <PixTestParameters.cc/dump:L107>   ntrig: 10
[16:20:44.642]    DEBUG: <PixTestParameters.cc/dump:L107>   vcalstep: 10
[16:20:44.642]    DEBUG: <PixTestParameters.cc/dump:L107>   measure: button
[16:20:44.642]    DEBUG: <PixTestParameters.cc/dump:L107>   fit: button
[16:20:44.642]    DEBUG: <PixTestParameters.cc/dump:L107>   save: button
[16:20:44.642]    DEBUG: <PixTestParameters.cc/dump:L104> PixTestParameters: ->HighRate<-
[16:20:44.642]    DEBUG: <PixTestParameters.cc/dump:L107>   pix: 11,20
[16:20:44.642]    DEBUG: <PixTestParameters.cc/dump:L107>   trimhotpixels: button
[16:20:44.642]    DEBUG: <PixTestParameters.cc/dump:L107>   trimhotpixelthr: 200
[16:20:44.642]    DEBUG: <PixTestParameters.cc/dump:L107>   runsecondshotpixels: 10
[16:20:44.642]    DEBUG: <PixTestParameters.cc/dump:L107>   savetrimbits: checkbox(1)
[16:20:44.642]    DEBUG: <PixTestParameters.cc/dump:L107>   maskuntrimmable: checkbox(1)
[16:20:44.642]    DEBUG: <PixTestParameters.cc/dump:L107>   maskhotpixels: button
[16:20:44.642]    DEBUG: <PixTestParameters.cc/dump:L107>   savemaskfile: checkbox(0)
[16:20:44.642]    DEBUG: <PixTestParameters.cc/dump:L107>   maskfilename: default
[16:20:44.642]    DEBUG: <PixTestParameters.cc/dump:L107>   caldelscan: button
[16:20:44.642]    DEBUG: <PixTestParameters.cc/dump:L107>   xpixelalive: button
[16:20:44.642]    DEBUG: <PixTestParameters.cc/dump:L107>   ntrig: 50
[16:20:44.642]    DEBUG: <PixTestParameters.cc/dump:L107>   vcal: 200
[16:20:44.642]    DEBUG: <PixTestParameters.cc/dump:L107>   xnoisemaps: button
[16:20:44.642]    DEBUG: <PixTestParameters.cc/dump:L107>   daclo: 0
[16:20:44.642]    DEBUG: <PixTestParameters.cc/dump:L107>   dachi: 100
[16:20:44.642]    DEBUG: <PixTestParameters.cc/dump:L107>   dacs/step: 20
[16:20:44.642]    DEBUG: <PixTestParameters.cc/dump:L107>   rundaq: button
[16:20:44.642]    DEBUG: <PixTestParameters.cc/dump:L107>   trgfrequency(khz): 20
[16:20:44.642]    DEBUG: <PixTestParameters.cc/dump:L107>   runseconds: 2
[16:20:44.642]    DEBUG: <PixTestParameters.cc/dump:L107>   triggerdelay: 20
[16:20:44.642]    DEBUG: <PixTestParameters.cc/dump:L107>   delaytbm: checkbox
[16:20:44.642]    DEBUG: <PixTestParameters.cc/dump:L107>   filltree: checkbox
[16:20:44.642]    DEBUG: <PixTestParameters.cc/dump:L104> PixTestParameters: ->IV<-
[16:20:44.642]    DEBUG: <PixTestParameters.cc/dump:L107>   port: /dev/FIXME
[16:20:44.642]    DEBUG: <PixTestParameters.cc/dump:L107>   voltagestart: 0
[16:20:44.642]    DEBUG: <PixTestParameters.cc/dump:L107>   voltagestop: 600
[16:20:44.642]    DEBUG: <PixTestParameters.cc/dump:L107>   voltagestep: 5
[16:20:44.642]    DEBUG: <PixTestParameters.cc/dump:L107>   delay: 1
[16:20:44.642]    DEBUG: <PixTestParameters.cc/dump:L107>   compliance(ua): 100
[16:20:44.642]    DEBUG: <PixTestParameters.cc/dump:L104> PixTestParameters: ->PhOptimization<-
[16:20:44.642]    DEBUG: <PixTestParameters.cc/dump:L107>   ntrig: 10
[16:20:44.642]    DEBUG: <PixTestParameters.cc/dump:L107>   safetymarginlow: 20
[16:20:44.642]    DEBUG: <PixTestParameters.cc/dump:L107>   saturationvcal: 100
[16:20:44.642]    DEBUG: <PixTestParameters.cc/dump:L107>   quantilesaturation: 0.98
[16:20:44.642]    DEBUG: <PixTestParameters.cc/dump:L104> PixTestParameters: ->PixelAlive<-
[16:20:44.642]    DEBUG: <PixTestParameters.cc/dump:L107>   ntrig: 10
[16:20:44.642]    DEBUG: <PixTestParameters.cc/dump:L107>   vcal: 200
[16:20:44.642]    DEBUG: <PixTestParameters.cc/dump:L107>   alivetest: button
[16:20:44.642]    DEBUG: <PixTestParameters.cc/dump:L107>   masktest: button
[16:20:44.643]    DEBUG: <PixTestParameters.cc/dump:L107>   addressdecodingtest: button
[16:20:44.643]    DEBUG: <PixTestParameters.cc/dump:L104> PixTestParameters: ->Pretest<-
[16:20:44.643]    DEBUG: <PixTestParameters.cc/dump:L107>   programroc: button
[16:20:44.643]    DEBUG: <PixTestParameters.cc/dump:L107>   targetia: 24
[16:20:44.643]    DEBUG: <PixTestParameters.cc/dump:L107>   setvana: button
[16:20:44.643]    DEBUG: <PixTestParameters.cc/dump:L107>   iterations: 100
[16:20:44.643]    DEBUG: <PixTestParameters.cc/dump:L107>   settimings: button
[16:20:44.643]    DEBUG: <PixTestParameters.cc/dump:L107>   findtiming: button
[16:20:44.643]    DEBUG: <PixTestParameters.cc/dump:L107>   findworkingpixel: button
[16:20:44.643]    DEBUG: <PixTestParameters.cc/dump:L107>   setvthrcompcaldel: button
[16:20:44.643]    DEBUG: <PixTestParameters.cc/dump:L107>   pix: 11,20
[16:20:44.643]    DEBUG: <PixTestParameters.cc/dump:L107>   vcal: 250
[16:20:44.643]    DEBUG: <PixTestParameters.cc/dump:L107>   deltavthrcomp: 50
[16:20:44.643]    DEBUG: <PixTestParameters.cc/dump:L107>   fraccaldel: 0.5
[16:20:44.643]    DEBUG: <PixTestParameters.cc/dump:L107>   ntrig: 5
[16:20:44.643]    DEBUG: <PixTestParameters.cc/dump:L107>   savedacs: button
[16:20:44.643]    DEBUG: <PixTestParameters.cc/dump:L104> PixTestParameters: ->Readback<-
[16:20:44.643]    DEBUG: <PixTestParameters.cc/dump:L107>   calibratevd: button
[16:20:44.643]    DEBUG: <PixTestParameters.cc/dump:L107>   calibrateva: button
[16:20:44.643]    DEBUG: <PixTestParameters.cc/dump:L107>   calibrateia: button
[16:20:44.643]    DEBUG: <PixTestParameters.cc/dump:L107>   readbackvbg: button
[16:20:44.643]    DEBUG: <PixTestParameters.cc/dump:L107>   getcalibratedvbg: button
[16:20:44.643]    DEBUG: <PixTestParameters.cc/dump:L107>   usecalvd: checkbox(1)
[16:20:44.643]    DEBUG: <PixTestParameters.cc/dump:L107>   usecalva: checkbox(0)
[16:20:44.643]    DEBUG: <PixTestParameters.cc/dump:L107>   setvana: button
[16:20:44.643]    DEBUG: <PixTestParameters.cc/dump:L104> PixTestParameters: ->Scurves<-
[16:20:44.643]    DEBUG: <PixTestParameters.cc/dump:L107>   adjustvcal: checkbox(0)
[16:20:44.643]    DEBUG: <PixTestParameters.cc/dump:L107>   dumpall: checkbox(0)
[16:20:44.643]    DEBUG: <PixTestParameters.cc/dump:L107>   dumpproblematic: checkbox(0)
[16:20:44.643]    DEBUG: <PixTestParameters.cc/dump:L107>   dumpoutputfile: checkbox(0)
[16:20:44.643]    DEBUG: <PixTestParameters.cc/dump:L107>   ntrig: 50
[16:20:44.643]    DEBUG: <PixTestParameters.cc/dump:L107>   dac: Vcal
[16:20:44.643]    DEBUG: <PixTestParameters.cc/dump:L107>   daclo: 0
[16:20:44.643]    DEBUG: <PixTestParameters.cc/dump:L107>   dachi: 200
[16:20:44.643]    DEBUG: <PixTestParameters.cc/dump:L107>   dacs/step: -1
[16:20:44.643]    DEBUG: <PixTestParameters.cc/dump:L107>   ntrig/step: -1
[16:20:44.643]    DEBUG: <PixTestParameters.cc/dump:L107>   scurves: button
[16:20:44.643]    DEBUG: <PixTestParameters.cc/dump:L104> PixTestParameters: ->Timing<-
[16:20:44.643]    DEBUG: <PixTestParameters.cc/dump:L107>   targetclk: 4
[16:20:44.643]    DEBUG: <PixTestParameters.cc/dump:L107>   ntrig: 10
[16:20:44.643]    DEBUG: <PixTestParameters.cc/dump:L107>   clocksdascan: button
[16:20:44.643]    DEBUG: <PixTestParameters.cc/dump:L107>   notokenpass: checkbox(0)
[16:20:44.643]    DEBUG: <PixTestParameters.cc/dump:L107>   phasescan: button
[16:20:44.643]    DEBUG: <PixTestParameters.cc/dump:L107>   levelscan: button
[16:20:44.643]    DEBUG: <PixTestParameters.cc/dump:L107>   tbmphasescan: button
[16:20:44.643]    DEBUG: <PixTestParameters.cc/dump:L107>   rocdelayscan: button
[16:20:44.643]    DEBUG: <PixTestParameters.cc/dump:L107>   timingtest: button
[16:20:44.643]    DEBUG: <PixTestParameters.cc/dump:L107>   saveparameters: button
[16:20:44.643]    DEBUG: <PixTestParameters.cc/dump:L104> PixTestParameters: ->Trim<-
[16:20:44.643]    DEBUG: <PixTestParameters.cc/dump:L107>   trim: button
[16:20:44.643]    DEBUG: <PixTestParameters.cc/dump:L107>   ntrig: 8
[16:20:44.643]    DEBUG: <PixTestParameters.cc/dump:L107>   vcal: 35
[16:20:44.643]    DEBUG: <PixTestParameters.cc/dump:L107>   trimbits: button
[16:20:44.643]    DEBUG: <PixTestParameters.cc/dump:L104> PixTestParameters: ->Xray<-
[16:20:44.643]    DEBUG: <PixTestParameters.cc/dump:L107>   maskhotpixels: button
[16:20:44.643]    DEBUG: <PixTestParameters.cc/dump:L107>   savemaskfile: checkbox(0)
[16:20:44.643]    DEBUG: <PixTestParameters.cc/dump:L107>   maskfilename: default
[16:20:44.643]    DEBUG: <PixTestParameters.cc/dump:L107>   source: Ag
[16:20:44.644]    DEBUG: <PixTestParameters.cc/dump:L107>   phrun: button
[16:20:44.644]    DEBUG: <PixTestParameters.cc/dump:L107>   runseconds: 100
[16:20:44.644]    DEBUG: <PixTestParameters.cc/dump:L107>   trgfrequency(khz): 100
[16:20:44.644]    DEBUG: <PixTestParameters.cc/dump:L107>   ratescan: button
[16:20:44.644]    DEBUG: <PixTestParameters.cc/dump:L107>   vthrcompmin: 10
[16:20:44.644]    DEBUG: <PixTestParameters.cc/dump:L107>   vthrcompmax: 80
[16:20:44.644]    DEBUG: <PixTestParameters.cc/dump:L107>   stepseconds: 5
[16:20:44.644]    DEBUG: <PixTestParameters.cc/dump:L107>   delaytbm: checkbox
[16:20:44.644]    DEBUG: <PixTestParameters.cc/dump:L107>   filltree: checkbox
[16:20:44.646]    DEBUG: <PixSetup.cc/init:L81> PixSetup init start; getCurrentRSS() = 33251328
[16:20:44.646]    DEBUG: <PixSetup.cc/init:L87> fPixTestParameters = 0xf842e0
[16:20:44.646]    DEBUG: <PixSetup.cc/init:L88>  fConfigParameters = 0xd25c40
[16:20:44.646]    DEBUG: <PixSetup.cc/init:L89>        fPxarMemory = 0x7f0efdd94010
[16:20:44.646]    DEBUG: <PixSetup.cc/init:L90>         fPxarMemHi = 0x7f0f03fff510
[16:20:44.646]    DEBUG: <PixSetup.cc/init:L106> PixSetup init done;  getCurrentRSS() = 33259520 fPxarMemory = 0x7f0efdd94010
[16:20:44.647]    DEBUG: <pXar.cc/main:L223> Initial Analog Current: 378.6mA
[16:20:44.648]    DEBUG: <pXar.cc/main:L224> Initial Digital Current: 474.3mA
[16:20:44.648]    DEBUG: <pXar.cc/main:L225> Initial Module Temperature: 20.0 C
[16:20:45.144]    DEBUG: <PixGui.cc/hvOn:L460> HV set On: 0x136f090
[16:20:45.204]    DEBUG: <PixTestFactory.cc/PixTestFactory:L53> PixTestFactory::PixTestFactory()
[16:20:45.205]    DEBUG: <PixTestBBMap.cc/init:L79> PixTestBBMap::init()
[16:20:45.205]    DEBUG: <PixTestBBMap.cc/PixTestBBMap:L27> PixTestBBMap ctor(PixSetup &a, string, TGTab *)
[16:20:45.210]    DEBUG: <PixTestBB2Map.cc/setParameter:L58> setting fTargetIa    = 24 mA/ROC
[16:20:45.211]    DEBUG: <PixTestBB2Map.cc/init:L97> PixTestBB2Map::init()
[16:20:45.211]    DEBUG: <PixTestBB2Map.cc/PixTestBB2Map:L29> PixTestBB2Map ctor(PixSetup &a, string, TGTab *)
[16:20:45.222]    DEBUG: <PixTestBB3Map.cc/init:L81> PixTestBB3Map::init()
[16:20:45.222]    DEBUG: <PixTestBB3Map.cc/PixTestBB3Map:L29> PixTestBB3Map ctor(PixSetup &a, string, TGTab *)
[16:20:45.241]    DEBUG: <PixTestBB4Map.cc/init:L93> PixTestBB4Map::init()
[16:20:45.241]    DEBUG: <PixTestBB4Map.cc/PixTestBB4Map:L26> PixTestMapeff ctor(PixSetup &a, string, TGTab *)
[16:20:45.257]     INFO: PixTestCmd::init()
[16:20:45.265]    DEBUG: <PixTestDaq.cc/init:L44> PixTestDaq::init()
[16:20:45.265]    DEBUG: <PixTestDaq.cc/PixTestDaq:L22> PixTestDaq ctor(PixSetup &a, string, TGTab *)
[16:20:45.265]     INFO: readGainPedestalParameters data/mh143/phCalibrationFitErr35_C0.dat .. data/mh143/phCalibrationFitErr35_C15.dat
[16:20:45.523]    DEBUG: <PixTestDacDacScan.cc/init:L103> PixTestDacDacScan::init()
[16:20:45.523]    DEBUG: <PixTestDacDacScan.cc/PixTestDacDacScan:L22> PixTestDacDacScan ctor(PixSetup &a, string, TGTab *)
[16:20:45.537]    DEBUG: <PixTestGainPedestal.cc/setParameter:L83> PixTestGainPedestal::PixTest() fVcalStep = 10
[16:20:45.543]    DEBUG: <PixTestHighRate.cc/setParameter:L68>   setting fParTriggerFrequency -> 20
[16:20:45.543]    DEBUG: <PixTestHighRate.cc/init:L198> PixTestHighRate::init()
[16:20:45.543]    DEBUG: <PixTestHighRate.cc/PixTestHighRate:L31> PixTestHighRate ctor(PixSetup &a, string, TGTab *)
[16:20:45.569]    DEBUG: <PixTest.cc/setTestParameter:L637>  setting  ntrig to new value 10
[16:20:45.569]    DEBUG: <PixTestPhOptimization.cc/setParameter:L37>   setting fParNtrig  ->10<- from sval = 10
[16:20:45.569]    DEBUG: <PixTestPhOptimization.cc/setParameter:L42>   setting fSafetyMarginLow  ->20<- from sval = 20
[16:20:45.569]    DEBUG: <PixTestPhOptimization.cc/setParameter:L48>   setting fVcalMax  ->100<- from sval = 100
[16:20:45.569]    DEBUG: <PixTestPhOptimization.cc/setParameter:L53>   setting fQuantMax  ->0.98<- from sval = 0.98
[16:20:45.575]    DEBUG: <PixTestAlive.cc/init:L77> PixTestAlive::init()
[16:20:45.575]    DEBUG: <PixTestAlive.cc/PixTestAlive:L21> PixTestAlive ctor(PixSetup &a, string, TGTab *)
[16:20:45.598]    DEBUG: <PixTestReadback.cc/setParameter:L172> fCalwVd set to 1
[16:20:45.598]    DEBUG: <PixTestReadback.cc/init:L95> PixTestReadback::init()
[16:20:45.598]    DEBUG: <PixTestReadback.cc/PixTestReadback:L22> PixTestReadback ctor(PixSetup &a, string, TGTab *)
[16:20:45.598]     INFO: readReadbackCal: data/mh143/readbackCal_C0.dat .. data/mh143/readbackCal_C15.dat
[16:20:45.613]    DEBUG: <PixTestScurves.cc/setParameter:L93> set fOutputFilename = 
[16:20:45.628]    DEBUG: <PixTestTiming.cc/setParameter:L60> PixTestTiming::PixTest() targetclk = 4
[16:20:45.628]    DEBUG: <PixTestTiming.cc/setParameter:L64> PixTestTiming::PixTest() ntrig = 10
[16:20:45.628]    DEBUG: <PixTestTiming.cc/setParameter:L48> fNoTokenPass: 0
[16:20:45.628]    DEBUG: <PixTestTiming.cc/init:L74> PixTestTiming::init()
[16:20:45.644]    DEBUG: <PixTestXray.cc/init:L134> PixTestXray::init()
[16:20:45.644]    DEBUG: <PixTestXray.cc/PixTestXray:L28> PixTestXray ctor(PixSetup &a, string, TGTab *)
[16:20:50.015]    DEBUG: <PixTab.cc/setParameter:L391> xxxPressed():  ID = 2 -> runseconds to value 160
[16:20:51.487]     INFO: ######################################################################
[16:20:51.487]     INFO: PixTestXray::doTest()
[16:20:51.487]     INFO: ######################################################################
[16:20:51.487]     INFO:    ----------------------------------------------------------------------
[16:20:51.487]     INFO:    PixTestXray::doPhRun() fParRunSeconds = 160
[16:20:51.487]     INFO:    ----------------------------------------------------------------------
[16:20:51.491]     INFO: ROC 0 masking pixel 6/79
[16:20:51.491]     INFO: ROC 0 masking pixel 10/72
[16:20:51.491]     INFO: ROC 0 masking pixel 10/76
[16:20:51.491]     INFO: ROC 0 masking pixel 26/64
[16:20:51.491]     INFO: ROC 0 masking pixel 51/25
[16:20:51.491]     INFO: ROC 0 masking pixel 51/38
[16:20:51.491]     INFO: ROC 0 masking pixel 51/51
[16:20:51.491]     INFO: ROC 0 masking pixel 51/60
[16:20:51.491]     INFO: ROC 0 masking pixel 51/63
[16:20:51.491]     INFO: ROC 0 masking pixel 51/66
[16:20:51.491]     INFO: ROC 0 masking pixel 51/68
[16:20:51.491]     INFO: ROC 0 masking pixel 51/79
[16:20:51.491]     INFO: ROC 1 masking pixel 0/13
[16:20:51.491]     INFO: ROC 1 masking pixel 0/18
[16:20:51.491]     INFO: ROC 1 masking pixel 0/20
[16:20:51.491]     INFO: ROC 1 masking pixel 0/21
[16:20:51.491]     INFO: ROC 1 masking pixel 0/22
[16:20:51.491]     INFO: ROC 1 masking pixel 0/24
[16:20:51.491]     INFO: ROC 1 masking pixel 0/26
[16:20:51.491]     INFO: ROC 1 masking pixel 0/27
[16:20:51.491]     INFO: ROC 1 masking pixel 0/28
[16:20:51.491]     INFO: ROC 1 masking pixel 0/34
[16:20:51.491]     INFO: ROC 1 masking pixel 0/36
[16:20:51.491]     INFO: ROC 1 masking pixel 0/37
[16:20:51.491]     INFO: ROC 1 masking pixel 0/38
[16:20:51.491]     INFO: ROC 1 masking pixel 0/39
[16:20:51.491]     INFO: ROC 1 masking pixel 0/41
[16:20:51.491]     INFO: ROC 1 masking pixel 0/44
[16:20:51.491]     INFO: ROC 1 masking pixel 0/50
[16:20:51.491]     INFO: ROC 1 masking pixel 0/51
[16:20:51.491]     INFO: ROC 1 masking pixel 0/52
[16:20:51.491]     INFO: ROC 1 masking pixel 0/53
[16:20:51.491]     INFO: ROC 1 masking pixel 0/54
[16:20:51.491]     INFO: ROC 1 masking pixel 0/56
[16:20:51.491]     INFO: ROC 1 masking pixel 0/59
[16:20:51.491]     INFO: ROC 1 masking pixel 0/62
[16:20:51.491]     INFO: ROC 1 masking pixel 0/64
[16:20:51.491]     INFO: ROC 1 masking pixel 0/65
[16:20:51.491]     INFO: ROC 1 masking pixel 0/66
[16:20:51.491]     INFO: ROC 1 masking pixel 0/67
[16:20:51.491]     INFO: ROC 1 masking pixel 0/68
[16:20:51.491]     INFO: ROC 1 masking pixel 0/70
[16:20:51.491]     INFO: ROC 1 masking pixel 0/72
[16:20:51.491]     INFO: ROC 1 masking pixel 0/73
[16:20:51.492]     INFO: ROC 1 masking pixel 0/74
[16:20:51.492]     INFO: ROC 1 masking pixel 0/75
[16:20:51.492]     INFO: ROC 1 masking pixel 0/78
[16:20:51.492]     INFO: ROC 1 masking pixel 0/79
[16:20:51.492]     INFO: ROC 1 masking pixel 1/79
[16:20:51.492]     INFO: ROC 1 masking pixel 3/71
[16:20:51.492]     INFO: ROC 1 masking pixel 3/79
[16:20:51.492]     INFO: ROC 1 masking pixel 4/75
[16:20:51.492]     INFO: ROC 1 masking pixel 4/77
[16:20:51.492]     INFO: ROC 1 masking pixel 4/79
[16:20:51.492]     INFO: ROC 1 masking pixel 5/57
[16:20:51.492]     INFO: ROC 1 masking pixel 5/72
[16:20:51.492]     INFO: ROC 1 masking pixel 6/47
[16:20:51.492]     INFO: ROC 1 masking pixel 6/79
[16:20:51.492]     INFO: ROC 1 masking pixel 7/77
[16:20:51.492]     INFO: ROC 1 masking pixel 8/66
[16:20:51.492]     INFO: ROC 1 masking pixel 8/75
[16:20:51.492]     INFO: ROC 1 masking pixel 8/79
[16:20:51.492]     INFO: ROC 1 masking pixel 9/79
[16:20:51.492]     INFO: ROC 1 masking pixel 11/75
[16:20:51.492]     INFO: ROC 1 masking pixel 12/48
[16:20:51.492]     INFO: ROC 1 masking pixel 12/79
[16:20:51.492]     INFO: ROC 1 masking pixel 13/79
[16:20:51.492]     INFO: ROC 1 masking pixel 14/64
[16:20:51.492]     INFO: ROC 1 masking pixel 16/48
[16:20:51.492]     INFO: ROC 1 masking pixel 16/79
[16:20:51.492]     INFO: ROC 1 masking pixel 17/79
[16:20:51.492]     INFO: ROC 1 masking pixel 25/56
[16:20:51.492]     INFO: ROC 1 masking pixel 28/78
[16:20:51.492]     INFO: ROC 1 masking pixel 29/79
[16:20:51.492]     INFO: ROC 1 masking pixel 30/79
[16:20:51.492]     INFO: ROC 1 masking pixel 32/79
[16:20:51.492]     INFO: ROC 1 masking pixel 34/79
[16:20:51.492]     INFO: ROC 1 masking pixel 38/65
[16:20:51.492]     INFO: ROC 1 masking pixel 39/56
[16:20:51.492]     INFO: ROC 1 masking pixel 40/68
[16:20:51.492]     INFO: ROC 1 masking pixel 44/58
[16:20:51.492]     INFO: ROC 1 masking pixel 47/40
[16:20:51.492]     INFO: ROC 1 masking pixel 47/66
[16:20:51.492]     INFO: ROC 1 masking pixel 49/68
[16:20:51.492]     INFO: ROC 1 masking pixel 49/79
[16:20:51.492]     INFO: ROC 1 masking pixel 50/61
[16:20:51.492]     INFO: ROC 1 masking pixel 51/38
[16:20:51.492]     INFO: ROC 1 masking pixel 51/41
[16:20:51.492]     INFO: ROC 1 masking pixel 51/45
[16:20:51.492]     INFO: ROC 1 masking pixel 51/50
[16:20:51.492]     INFO: ROC 1 masking pixel 51/53
[16:20:51.492]     INFO: ROC 1 masking pixel 51/57
[16:20:51.492]     INFO: ROC 1 masking pixel 51/59
[16:20:51.492]     INFO: ROC 1 masking pixel 51/60
[16:20:51.492]     INFO: ROC 1 masking pixel 51/65
[16:20:51.492]     INFO: ROC 1 masking pixel 51/67
[16:20:51.493]     INFO: ROC 1 masking pixel 51/68
[16:20:51.493]     INFO: ROC 1 masking pixel 51/70
[16:20:51.493]     INFO: ROC 1 masking pixel 51/72
[16:20:51.493]     INFO: ROC 1 masking pixel 51/74
[16:20:51.493]     INFO: ROC 1 masking pixel 51/75
[16:20:51.493]     INFO: ROC 1 masking pixel 51/76
[16:20:51.493]     INFO: ROC 1 masking pixel 51/77
[16:20:51.493]     INFO: ROC 1 masking pixel 51/78
[16:20:51.493]     INFO: ROC 1 masking pixel 51/79
[16:20:51.493]     INFO: ROC 2 masking pixel 0/42
[16:20:51.493]     INFO: ROC 2 masking pixel 0/44
[16:20:51.493]     INFO: ROC 2 masking pixel 0/57
[16:20:51.493]     INFO: ROC 2 masking pixel 0/64
[16:20:51.493]     INFO: ROC 2 masking pixel 0/73
[16:20:51.493]     INFO: ROC 2 masking pixel 0/75
[16:20:51.493]     INFO: ROC 2 masking pixel 0/79
[16:20:51.493]     INFO: ROC 2 masking pixel 8/42
[16:20:51.493]     INFO: ROC 2 masking pixel 51/79
[16:20:51.493]     INFO: ROC 3 masking pixel 0/9
[16:20:51.493]     INFO: ROC 3 masking pixel 0/11
[16:20:51.493]     INFO: ROC 3 masking pixel 0/13
[16:20:51.493]     INFO: ROC 3 masking pixel 0/16
[16:20:51.493]     INFO: ROC 3 masking pixel 0/17
[16:20:51.493]     INFO: ROC 3 masking pixel 0/18
[16:20:51.493]     INFO: ROC 3 masking pixel 0/20
[16:20:51.493]     INFO: ROC 3 masking pixel 0/22
[16:20:51.493]     INFO: ROC 3 masking pixel 0/25
[16:20:51.493]     INFO: ROC 3 masking pixel 0/26
[16:20:51.493]     INFO: ROC 3 masking pixel 0/27
[16:20:51.493]     INFO: ROC 3 masking pixel 0/28
[16:20:51.493]     INFO: ROC 3 masking pixel 0/31
[16:20:51.493]     INFO: ROC 3 masking pixel 0/33
[16:20:51.493]     INFO: ROC 3 masking pixel 0/34
[16:20:51.493]     INFO: ROC 3 masking pixel 0/36
[16:20:51.493]     INFO: ROC 3 masking pixel 0/40
[16:20:51.493]     INFO: ROC 3 masking pixel 0/43
[16:20:51.493]     INFO: ROC 3 masking pixel 0/57
[16:20:51.493]     INFO: ROC 3 masking pixel 0/58
[16:20:51.493]     INFO: ROC 3 masking pixel 0/59
[16:20:51.493]     INFO: ROC 3 masking pixel 0/61
[16:20:51.493]     INFO: ROC 3 masking pixel 0/62
[16:20:51.493]     INFO: ROC 3 masking pixel 0/63
[16:20:51.493]     INFO: ROC 3 masking pixel 0/74
[16:20:51.493]     INFO: ROC 3 masking pixel 0/76
[16:20:51.493]     INFO: ROC 3 masking pixel 0/77
[16:20:51.493]     INFO: ROC 3 masking pixel 0/79
[16:20:51.493]     INFO: ROC 3 masking pixel 1/79
[16:20:51.493]     INFO: ROC 3 masking pixel 4/79
[16:20:51.493]     INFO: ROC 3 masking pixel 5/79
[16:20:51.493]     INFO: ROC 3 masking pixel 10/65
[16:20:51.493]     INFO: ROC 3 masking pixel 12/79
[16:20:51.493]     INFO: ROC 3 masking pixel 18/79
[16:20:51.493]     INFO: ROC 3 masking pixel 21/79
[16:20:51.493]     INFO: ROC 3 masking pixel 24/71
[16:20:51.493]     INFO: ROC 3 masking pixel 45/79
[16:20:51.494]     INFO: ROC 3 masking pixel 51/9
[16:20:51.494]     INFO: ROC 3 masking pixel 51/13
[16:20:51.494]     INFO: ROC 3 masking pixel 51/14
[16:20:51.494]     INFO: ROC 3 masking pixel 51/17
[16:20:51.494]     INFO: ROC 3 masking pixel 51/19
[16:20:51.494]     INFO: ROC 3 masking pixel 51/20
[16:20:51.494]     INFO: ROC 3 masking pixel 51/21
[16:20:51.494]     INFO: ROC 3 masking pixel 51/22
[16:20:51.494]     INFO: ROC 3 masking pixel 51/23
[16:20:51.494]     INFO: ROC 3 masking pixel 51/24
[16:20:51.494]     INFO: ROC 3 masking pixel 51/25
[16:20:51.494]     INFO: ROC 3 masking pixel 51/26
[16:20:51.494]     INFO: ROC 3 masking pixel 51/27
[16:20:51.494]     INFO: ROC 3 masking pixel 51/28
[16:20:51.494]     INFO: ROC 3 masking pixel 51/29
[16:20:51.494]     INFO: ROC 3 masking pixel 51/30
[16:20:51.494]     INFO: ROC 3 masking pixel 51/31
[16:20:51.494]     INFO: ROC 3 masking pixel 51/32
[16:20:51.494]     INFO: ROC 3 masking pixel 51/33
[16:20:51.494]     INFO: ROC 3 masking pixel 51/34
[16:20:51.494]     INFO: ROC 3 masking pixel 51/35
[16:20:51.494]     INFO: ROC 3 masking pixel 51/36
[16:20:51.494]     INFO: ROC 3 masking pixel 51/37
[16:20:51.494]     INFO: ROC 3 masking pixel 51/38
[16:20:51.494]     INFO: ROC 3 masking pixel 51/39
[16:20:51.494]     INFO: ROC 3 masking pixel 51/40
[16:20:51.494]     INFO: ROC 3 masking pixel 51/41
[16:20:51.494]     INFO: ROC 3 masking pixel 51/45
[16:20:51.494]     INFO: ROC 3 masking pixel 51/47
[16:20:51.494]     INFO: ROC 3 masking pixel 51/50
[16:20:51.494]     INFO: ROC 3 masking pixel 51/52
[16:20:51.494]     INFO: ROC 3 masking pixel 51/67
[16:20:51.494]     INFO: ROC 3 masking pixel 51/68
[16:20:51.494]     INFO: ROC 3 masking pixel 51/69
[16:20:51.494]     INFO: ROC 3 masking pixel 51/70
[16:20:51.494]     INFO: ROC 3 masking pixel 51/71
[16:20:51.494]     INFO: ROC 3 masking pixel 51/72
[16:20:51.494]     INFO: ROC 3 masking pixel 51/73
[16:20:51.494]     INFO: ROC 3 masking pixel 51/74
[16:20:51.494]     INFO: ROC 3 masking pixel 51/75
[16:20:51.494]     INFO: ROC 3 masking pixel 51/76
[16:20:51.494]     INFO: ROC 3 masking pixel 51/78
[16:20:51.494]     INFO: ROC 3 masking pixel 51/79
[16:20:51.494]     INFO: ROC 6 masking pixel 0/62
[16:20:51.494]     INFO: ROC 6 masking pixel 0/64
[16:20:51.494]     INFO: ROC 6 masking pixel 0/74
[16:20:51.494]     INFO: ROC 6 masking pixel 0/75
[16:20:51.495]     INFO: ROC 6 masking pixel 0/79
[16:20:51.495]     INFO: ROC 6 masking pixel 51/42
[16:20:51.495]     INFO: ROC 6 masking pixel 51/73
[16:20:51.495]     INFO: ROC 6 masking pixel 51/79
[16:20:51.495]     INFO: ROC 7 masking pixel 0/71
[16:20:51.495]     INFO: ROC 7 masking pixel 0/79
[16:20:51.495]     INFO: ROC 9 masking pixel 51/52
[16:20:51.495]     INFO: ROC 10 masking pixel 0/78
[16:20:51.495]     INFO: ROC 10 masking pixel 0/79
[16:20:51.495]     INFO: ROC 11 masking pixel 0/23
[16:20:51.495]     INFO: ROC 11 masking pixel 0/34
[16:20:51.495]     INFO: ROC 11 masking pixel 0/35
[16:20:51.495]     INFO: ROC 11 masking pixel 0/40
[16:20:51.495]     INFO: ROC 11 masking pixel 0/69
[16:20:51.495]     INFO: ROC 11 masking pixel 0/77
[16:20:51.495]     INFO: ROC 11 masking pixel 0/79
[16:20:51.495]     INFO: ROC 11 masking pixel 9/57
[16:20:51.495]     INFO: ROC 11 masking pixel 44/68
[16:20:51.495]     INFO: ROC 11 masking pixel 51/28
[16:20:51.495]     INFO: ROC 11 masking pixel 51/31
[16:20:51.495]     INFO: ROC 11 masking pixel 51/37
[16:20:51.495]     INFO: ROC 11 masking pixel 51/53
[16:20:51.495]     INFO: ROC 11 masking pixel 51/56
[16:20:51.495]     INFO: ROC 11 masking pixel 51/58
[16:20:51.495]     INFO: ROC 11 masking pixel 51/60
[16:20:51.495]     INFO: ROC 11 masking pixel 51/79
[16:20:51.495]     INFO: ROC 12 masking pixel 0/13
[16:20:51.495]     INFO: ROC 12 masking pixel 0/17
[16:20:51.495]     INFO: ROC 12 masking pixel 0/24
[16:20:51.495]     INFO: ROC 12 masking pixel 0/26
[16:20:51.495]     INFO: ROC 12 masking pixel 0/28
[16:20:51.495]     INFO: ROC 12 masking pixel 0/30
[16:20:51.495]     INFO: ROC 12 masking pixel 0/32
[16:20:51.495]     INFO: ROC 12 masking pixel 0/33
[16:20:51.495]     INFO: ROC 12 masking pixel 0/35
[16:20:51.495]     INFO: ROC 12 masking pixel 0/39
[16:20:51.495]     INFO: ROC 12 masking pixel 0/41
[16:20:51.495]     INFO: ROC 12 masking pixel 0/46
[16:20:51.495]     INFO: ROC 12 masking pixel 0/51
[16:20:51.495]     INFO: ROC 12 masking pixel 0/54
[16:20:51.495]     INFO: ROC 12 masking pixel 0/55
[16:20:51.495]     INFO: ROC 12 masking pixel 0/57
[16:20:51.495]     INFO: ROC 12 masking pixel 0/58
[16:20:51.495]     INFO: ROC 12 masking pixel 0/60
[16:20:51.495]     INFO: ROC 12 masking pixel 0/63
[16:20:51.495]     INFO: ROC 12 masking pixel 0/68
[16:20:51.495]     INFO: ROC 12 masking pixel 0/69
[16:20:51.495]     INFO: ROC 12 masking pixel 3/34
[16:20:51.495]     INFO: ROC 12 masking pixel 39/62
[16:20:51.495]     INFO: ROC 12 masking pixel 45/61
[16:20:51.495]     INFO: ROC 12 masking pixel 50/45
[16:20:51.495]     INFO: ROC 12 masking pixel 51/11
[16:20:51.495]     INFO: ROC 12 masking pixel 51/12
[16:20:51.496]     INFO: ROC 12 masking pixel 51/15
[16:20:51.496]     INFO: ROC 12 masking pixel 51/17
[16:20:51.496]     INFO: ROC 12 masking pixel 51/20
[16:20:51.496]     INFO: ROC 12 masking pixel 51/21
[16:20:51.496]     INFO: ROC 12 masking pixel 51/23
[16:20:51.496]     INFO: ROC 12 masking pixel 51/25
[16:20:51.496]     INFO: ROC 12 masking pixel 51/29
[16:20:51.496]     INFO: ROC 12 masking pixel 51/31
[16:20:51.496]     INFO: ROC 12 masking pixel 51/33
[16:20:51.496]     INFO: ROC 12 masking pixel 51/34
[16:20:51.496]     INFO: ROC 12 masking pixel 51/35
[16:20:51.496]     INFO: ROC 12 masking pixel 51/36
[16:20:51.496]     INFO: ROC 12 masking pixel 51/37
[16:20:51.496]     INFO: ROC 12 masking pixel 51/38
[16:20:51.496]     INFO: ROC 12 masking pixel 51/39
[16:20:51.496]     INFO: ROC 12 masking pixel 51/40
[16:20:51.496]     INFO: ROC 12 masking pixel 51/41
[16:20:51.496]     INFO: ROC 12 masking pixel 51/43
[16:20:51.496]     INFO: ROC 12 masking pixel 51/45
[16:20:51.496]     INFO: ROC 12 masking pixel 51/47
[16:20:51.496]     INFO: ROC 12 masking pixel 51/50
[16:20:51.496]     INFO: ROC 12 masking pixel 51/51
[16:20:51.496]     INFO: ROC 12 masking pixel 51/58
[16:20:51.496]     INFO: ROC 12 masking pixel 51/79
[16:20:51.496]     INFO: ROC 13 masking pixel 0/10
[16:20:51.496]     INFO: ROC 13 masking pixel 0/11
[16:20:51.496]     INFO: ROC 13 masking pixel 0/13
[16:20:51.496]     INFO: ROC 13 masking pixel 0/15
[16:20:51.496]     INFO: ROC 13 masking pixel 0/17
[16:20:51.496]     INFO: ROC 13 masking pixel 0/19
[16:20:51.496]     INFO: ROC 13 masking pixel 0/20
[16:20:51.496]     INFO: ROC 13 masking pixel 0/21
[16:20:51.496]     INFO: ROC 13 masking pixel 0/23
[16:20:51.496]     INFO: ROC 13 masking pixel 0/24
[16:20:51.496]     INFO: ROC 13 masking pixel 0/25
[16:20:51.496]     INFO: ROC 13 masking pixel 0/26
[16:20:51.496]     INFO: ROC 13 masking pixel 0/27
[16:20:51.496]     INFO: ROC 13 masking pixel 0/28
[16:20:51.496]     INFO: ROC 13 masking pixel 0/32
[16:20:51.496]     INFO: ROC 13 masking pixel 0/33
[16:20:51.496]     INFO: ROC 13 masking pixel 0/34
[16:20:51.496]     INFO: ROC 13 masking pixel 0/35
[16:20:51.496]     INFO: ROC 13 masking pixel 0/36
[16:20:51.496]     INFO: ROC 13 masking pixel 0/37
[16:20:51.496]     INFO: ROC 13 masking pixel 0/38
[16:20:51.496]     INFO: ROC 13 masking pixel 0/41
[16:20:51.496]     INFO: ROC 13 masking pixel 0/42
[16:20:51.496]     INFO: ROC 13 masking pixel 0/43
[16:20:51.496]     INFO: ROC 13 masking pixel 0/44
[16:20:51.496]     INFO: ROC 13 masking pixel 0/46
[16:20:51.496]     INFO: ROC 13 masking pixel 0/50
[16:20:51.496]     INFO: ROC 13 masking pixel 0/51
[16:20:51.497]     INFO: ROC 13 masking pixel 0/52
[16:20:51.497]     INFO: ROC 13 masking pixel 0/54
[16:20:51.497]     INFO: ROC 13 masking pixel 0/60
[16:20:51.497]     INFO: ROC 13 masking pixel 0/64
[16:20:51.497]     INFO: ROC 13 masking pixel 0/65
[16:20:51.497]     INFO: ROC 13 masking pixel 0/66
[16:20:51.497]     INFO: ROC 13 masking pixel 0/69
[16:20:51.497]     INFO: ROC 13 masking pixel 0/78
[16:20:51.497]     INFO: ROC 13 masking pixel 0/79
[16:20:51.497]     INFO: ROC 13 masking pixel 1/79
[16:20:51.497]     INFO: ROC 13 masking pixel 2/79
[16:20:51.497]     INFO: ROC 13 masking pixel 4/79
[16:20:51.497]     INFO: ROC 13 masking pixel 34/58
[16:20:51.497]     INFO: ROC 13 masking pixel 39/79
[16:20:51.497]     INFO: ROC 13 masking pixel 51/9
[16:20:51.497]     INFO: ROC 13 masking pixel 51/14
[16:20:51.497]     INFO: ROC 13 masking pixel 51/16
[16:20:51.497]     INFO: ROC 13 masking pixel 51/26
[16:20:51.497]     INFO: ROC 13 masking pixel 51/29
[16:20:51.497]     INFO: ROC 13 masking pixel 51/36
[16:20:51.497]     INFO: ROC 13 masking pixel 51/40
[16:20:51.497]     INFO: ROC 13 masking pixel 51/43
[16:20:51.497]     INFO: ROC 13 masking pixel 51/53
[16:20:51.497]     INFO: ROC 13 masking pixel 51/56
[16:20:51.497]     INFO: ROC 13 masking pixel 51/58
[16:20:51.497]     INFO: ROC 13 masking pixel 51/59
[16:20:51.497]     INFO: ROC 13 masking pixel 51/64
[16:20:51.497]     INFO: ROC 13 masking pixel 51/79
[16:20:51.497]     INFO: ROC 14 masking pixel 0/11
[16:20:51.497]     INFO: ROC 14 masking pixel 0/14
[16:20:51.497]     INFO: ROC 14 masking pixel 0/17
[16:20:51.497]     INFO: ROC 14 masking pixel 0/18
[16:20:51.497]     INFO: ROC 14 masking pixel 0/21
[16:20:51.497]     INFO: ROC 14 masking pixel 0/25
[16:20:51.497]     INFO: ROC 14 masking pixel 0/30
[16:20:51.497]     INFO: ROC 14 masking pixel 0/32
[16:20:51.497]     INFO: ROC 14 masking pixel 0/33
[16:20:51.497]     INFO: ROC 14 masking pixel 0/34
[16:20:51.497]     INFO: ROC 14 masking pixel 0/38
[16:20:51.497]     INFO: ROC 14 masking pixel 0/40
[16:20:51.497]     INFO: ROC 14 masking pixel 0/41
[16:20:51.497]     INFO: ROC 14 masking pixel 0/42
[16:20:51.497]     INFO: ROC 14 masking pixel 0/43
[16:20:51.497]     INFO: ROC 14 masking pixel 0/45
[16:20:51.497]     INFO: ROC 14 masking pixel 0/47
[16:20:51.497]     INFO: ROC 14 masking pixel 0/48
[16:20:51.497]     INFO: ROC 14 masking pixel 0/49
[16:20:51.497]     INFO: ROC 14 masking pixel 0/50
[16:20:51.497]     INFO: ROC 14 masking pixel 0/52
[16:20:51.497]     INFO: ROC 14 masking pixel 0/53
[16:20:51.497]     INFO: ROC 14 masking pixel 0/55
[16:20:51.497]     INFO: ROC 14 masking pixel 0/56
[16:20:51.497]     INFO: ROC 14 masking pixel 0/57
[16:20:51.498]     INFO: ROC 14 masking pixel 0/58
[16:20:51.498]     INFO: ROC 14 masking pixel 0/59
[16:20:51.498]     INFO: ROC 14 masking pixel 0/62
[16:20:51.498]     INFO: ROC 14 masking pixel 0/66
[16:20:51.498]     INFO: ROC 14 masking pixel 1/54
[16:20:51.498]     INFO: ROC 14 masking pixel 1/59
[16:20:51.498]     INFO: ROC 14 masking pixel 6/57
[16:20:51.498]     INFO: ROC 14 masking pixel 9/79
[16:20:51.498]     INFO: ROC 14 masking pixel 12/47
[16:20:51.498]     INFO: ROC 14 masking pixel 14/49
[16:20:51.498]     INFO: ROC 14 masking pixel 14/78
[16:20:51.498]     INFO: ROC 14 masking pixel 25/33
[16:20:51.498]     INFO: ROC 14 masking pixel 30/67
[16:20:51.498]     INFO: ROC 14 masking pixel 31/64
[16:20:51.498]     INFO: ROC 14 masking pixel 32/38
[16:20:51.498]     INFO: ROC 14 masking pixel 33/74
[16:20:51.498]     INFO: ROC 14 masking pixel 34/79
[16:20:51.498]     INFO: ROC 14 masking pixel 37/60
[16:20:51.498]     INFO: ROC 14 masking pixel 39/68
[16:20:51.498]     INFO: ROC 14 masking pixel 39/70
[16:20:51.498]     INFO: ROC 14 masking pixel 39/79
[16:20:51.498]     INFO: ROC 14 masking pixel 41/42
[16:20:51.498]     INFO: ROC 14 masking pixel 41/60
[16:20:51.498]     INFO: ROC 14 masking pixel 45/36
[16:20:51.498]     INFO: ROC 14 masking pixel 46/72
[16:20:51.498]     INFO: ROC 14 masking pixel 47/76
[16:20:51.498]     INFO: ROC 14 masking pixel 48/79
[16:20:51.498]     INFO: ROC 14 masking pixel 49/66
[16:20:51.498]     INFO: ROC 14 masking pixel 50/27
[16:20:51.498]     INFO: ROC 14 masking pixel 50/60
[16:20:51.498]     INFO: ROC 14 masking pixel 51/11
[16:20:51.498]     INFO: ROC 14 masking pixel 51/12
[16:20:51.498]     INFO: ROC 14 masking pixel 51/16
[16:20:51.498]     INFO: ROC 14 masking pixel 51/20
[16:20:51.498]     INFO: ROC 14 masking pixel 51/22
[16:20:51.498]     INFO: ROC 14 masking pixel 51/29
[16:20:51.498]     INFO: ROC 14 masking pixel 51/32
[16:20:51.498]     INFO: ROC 14 masking pixel 51/34
[16:20:51.498]     INFO: ROC 14 masking pixel 51/35
[16:20:51.498]     INFO: ROC 14 masking pixel 51/36
[16:20:51.498]     INFO: ROC 14 masking pixel 51/37
[16:20:51.498]     INFO: ROC 14 masking pixel 51/38
[16:20:51.498]     INFO: ROC 14 masking pixel 51/39
[16:20:51.498]     INFO: ROC 14 masking pixel 51/44
[16:20:51.498]     INFO: ROC 14 masking pixel 51/45
[16:20:51.498]     INFO: ROC 14 masking pixel 51/46
[16:20:51.498]     INFO: ROC 14 masking pixel 51/50
[16:20:51.498]     INFO: ROC 14 masking pixel 51/54
[16:20:51.498]     INFO: ROC 14 masking pixel 51/57
[16:20:51.499]     INFO: ROC 14 masking pixel 51/59
[16:20:51.499]     INFO: ROC 14 masking pixel 51/63
[16:20:51.499]     INFO: ROC 14 masking pixel 51/69
[16:20:51.499]     INFO: ROC 14 masking pixel 51/73
[16:20:51.499]     INFO: ROC 14 masking pixel 51/76
[16:20:51.499]     INFO: ROC 14 masking pixel 51/78
[16:20:51.499]     INFO: ROC 14 masking pixel 51/79
[16:20:51.499]     INFO: ROC 15 masking pixel 0/24
[16:20:51.499]     INFO: ROC 15 masking pixel 0/27
[16:20:51.499]     INFO: ROC 15 masking pixel 0/31
[16:20:51.499]     INFO: ROC 15 masking pixel 0/32
[16:20:51.499]     INFO: ROC 15 masking pixel 0/37
[16:20:51.499]     INFO: ROC 15 masking pixel 0/40
[16:20:51.499]     INFO: ROC 15 masking pixel 0/44
[16:20:51.499]     INFO: ROC 15 masking pixel 0/48
[16:20:51.499]     INFO: ROC 15 masking pixel 0/49
[16:20:51.499]     INFO: ROC 15 masking pixel 0/51
[16:20:51.499]     INFO: ROC 15 masking pixel 0/52
[16:20:51.499]     INFO: ROC 15 masking pixel 0/60
[16:20:51.499]     INFO: ROC 15 masking pixel 0/62
[16:20:51.499]     INFO: ROC 15 masking pixel 0/71
[16:20:51.499]     INFO: ROC 15 masking pixel 0/79
[16:20:51.499]     INFO: ROC 15 masking pixel 3/55
[16:20:51.499]     INFO: ROC 15 masking pixel 6/79
[16:20:51.499]     INFO: ROC 15 masking pixel 8/79
[16:20:51.499]     INFO: ROC 15 masking pixel 9/57
[16:20:51.499]     INFO: ROC 15 masking pixel 14/37
[16:20:51.499]     INFO: ROC 15 masking pixel 35/79
[16:20:51.499]     INFO: ROC 15 masking pixel 38/31
[16:20:52.470]     INFO: PixTestXray::doPhRun start TriggerLoop with trigger frequency 100 kHz, period 405 and duration 160 seconds,  fEventsMax = 16000000
[16:21:09.472]     INFO: run duration 16 seconds, buffer almost full (81%), pausing triggers.
[16:21:09.476]    DEBUG: <PixTestXray.cc/processData:L739> Getting Event Buffer
[16:21:37.105]    DEBUG: <PixTestXray.cc/processData:L757> Processing Data: 1675147 events.
[16:21:37.268]    DEBUG: <PixTestXray.cc/processData:L808>  # events read: 1675147, pixels seen in all events: 149539
[16:21:37.327]     INFO: Resuming triggers.
[16:21:54.274]     INFO: run duration 33 seconds, buffer almost full (81%), pausing triggers.
[16:21:54.302]    DEBUG: <PixTestXray.cc/processData:L739> Getting Event Buffer
[16:22:21.900]    DEBUG: <PixTestXray.cc/processData:L757> Processing Data: 1669493 events.
[16:22:22.128]    DEBUG: <PixTestXray.cc/processData:L808>  # events read: 1669493, pixels seen in all events: 216937
[16:22:22.178]     INFO: Resuming triggers.
[16:22:39.098]     INFO: run duration 50 seconds, buffer almost full (81%), pausing triggers.
[16:22:39.126]    DEBUG: <PixTestXray.cc/processData:L739> Getting Event Buffer
[16:23:06.900]    DEBUG: <PixTestXray.cc/processData:L757> Processing Data: 1666855 events.
[16:23:07.156]    DEBUG: <PixTestXray.cc/processData:L808>  # events read: 1666855, pixels seen in all events: 248697
[16:23:07.212]     INFO: Resuming triggers.
[16:23:24.124]     INFO: run duration 67 seconds, buffer almost full (81%), pausing triggers.
[16:23:24.153]    DEBUG: <PixTestXray.cc/processData:L739> Getting Event Buffer
[16:23:51.737]    DEBUG: <PixTestXray.cc/processData:L757> Processing Data: 1666142 events.
[16:23:52.003]    DEBUG: <PixTestXray.cc/processData:L808>  # events read: 1666142, pixels seen in all events: 257320
[16:23:52.058]     INFO: Resuming triggers.
[16:24:08.962]     INFO: run duration 84 seconds, buffer almost full (81%), pausing triggers.
[16:24:08.989]    DEBUG: <PixTestXray.cc/processData:L739> Getting Event Buffer
[16:24:36.602]    DEBUG: <PixTestXray.cc/processData:L757> Processing Data: 1665377 events.
[16:24:36.876]    DEBUG: <PixTestXray.cc/processData:L808>  # events read: 1665377, pixels seen in all events: 266525
[16:24:36.942]     INFO: Resuming triggers.
[16:24:53.849]     INFO: run duration 101 seconds, buffer almost full (81%), pausing triggers.
[16:24:53.876]    DEBUG: <PixTestXray.cc/processData:L739> Getting Event Buffer
[16:25:21.319]    DEBUG: <PixTestXray.cc/processData:L757> Processing Data: 1665637 events.
[16:25:21.595]    DEBUG: <PixTestXray.cc/processData:L808>  # events read: 1665637, pixels seen in all events: 263069
[16:25:21.650]     INFO: Resuming triggers.
[16:25:38.561]     INFO: run duration 118 seconds, buffer almost full (81%), pausing triggers.
[16:25:38.590]    DEBUG: <PixTestXray.cc/processData:L739> Getting Event Buffer
[16:26:06.282]    DEBUG: <PixTestXray.cc/processData:L757> Processing Data: 1665992 events.
[16:26:06.550]    DEBUG: <PixTestXray.cc/processData:L808>  # events read: 1665992, pixels seen in all events: 259168
[16:26:06.604]     INFO: Resuming triggers.
[16:26:23.517]     INFO: run duration 135 seconds, buffer almost full (81%), pausing triggers.
[16:26:23.547]    DEBUG: <PixTestXray.cc/processData:L739> Getting Event Buffer
[16:26:51.152]    DEBUG: <PixTestXray.cc/processData:L757> Processing Data: 1666252 events.
[16:26:51.417]    DEBUG: <PixTestXray.cc/processData:L808>  # events read: 1666252, pixels seen in all events: 255943
[16:26:51.474]     INFO: Resuming triggers.
[16:27:08.386]     INFO: run duration 152 seconds, buffer almost full (81%), pausing triggers.
[16:27:08.411]    DEBUG: <PixTestXray.cc/processData:L739> Getting Event Buffer
[16:27:36.219]    DEBUG: <PixTestXray.cc/processData:L757> Processing Data: 1666180 events.
[16:27:36.483]    DEBUG: <PixTestXray.cc/processData:L808>  # events read: 1666180, pixels seen in all events: 256870
[16:27:36.550]     INFO: Resuming triggers.
[16:27:44.423]     INFO: data taking finished, elapsed time: 160 seconds.
[16:27:44.619]    DEBUG: <PixTestXray.cc/processData:L739> Getting Event Buffer
[16:27:57.501]    DEBUG: <PixTestXray.cc/processData:L757> Processing Data: 775526 events.
[16:27:57.626]    DEBUG: <PixTestXray.cc/processData:L808>  # events read: 775526, pixels seen in all events: 120047
[16:27:57.676]     INFO: PixTest::       pg_setup set to default.
[16:27:57.721]     INFO: PixTestXray::doPhRun() done
[16:27:57.722]     INFO: PixTestXray::doTest() done 
[16:28:36.023]    DEBUG: <PixGui.cc/handleButtons:L396> PixGui::exit called
[16:28:36.024]    DEBUG: <PixGui.cc/CloseWindow:L335> Final Analog Current: 379.4mA
[16:28:36.025]    DEBUG: <PixGui.cc/CloseWindow:L336> Final Digital Current: 472.7mA
[16:28:36.025]    DEBUG: <PixGui.cc/CloseWindow:L337> Final Module Temperature: 21.9 C
[16:28:36.025]    DEBUG: <PixTestBBMap.cc/~PixTestBBMap:L97> PixTestBBMap dtor
[16:28:36.025]    DEBUG: <PixTestBB2Map.cc/~PixTestBB2Map:L115> PixTestBB2Map dtor
[16:28:36.025]    DEBUG: <PixTestBB3Map.cc/~PixTestBB3Map:L99> PixTestBB3Map dtor
[16:28:36.025]    DEBUG: <PixTestBB4Map.cc/~PixTestBB4Map:L118> PixTestBB4Map dtor
[16:28:36.025]    DEBUG: <PixTestCmd.cc/~PixTestCmd:L78> PixTestCmd dtor
[16:28:36.025]    DEBUG: <PixTestDaq.cc/~PixTestDaq:L37> PixTestDaq dtor
[16:28:36.026]    DEBUG: <PixTestDacDacScan.cc/~PixTestDacDacScan:L136> PixTestDacDacScan dtor
[16:28:36.026]    DEBUG: <PixTestDacScan.cc/~PixTestDacScan:L129> PixTestDacScan dtor
[16:28:36.026]    DEBUG: <PixTestGainPedestal.cc/~PixTestGainPedestal:L125> PixTestGainPedestal dtor
[16:28:36.026]    DEBUG: <PixTestHighRate.cc/~PixTestHighRate:L245> PixTestHighRate dtor
[16:28:36.026]    DEBUG: <PixTestIV.cc/~PixTestIV:L96> PixTestIV dtor
[16:28:36.026]    DEBUG: <PixTestAlive.cc/~PixTestAlive:L109> PixTestAlive dtor
[16:28:36.026]    DEBUG: <PixTestPretest.cc/~PixTestPretest:L136> PixTestPretest dtor
[16:28:36.026]    DEBUG: <PixTestReadback.cc/~PixTestReadback:L89> PixTestReadback dtor, saving tree ... 
[16:28:36.026]    DEBUG: <PixTestScurves.cc/~PixTestScurves:L142> PixTestScurves dtor
[16:28:36.026]    DEBUG: <PixTestTiming.cc/~PixTestTiming:L97> PixTestTiming dtor
[16:28:36.026]    DEBUG: <PixTestTrim.cc/~PixTestTrim:L103> PixTestTrim dtor
[16:28:36.026]    DEBUG: <PixTestXray.cc/~PixTestXray:L217> PixTestXray dtor
[16:28:36.250]    QUIET: Connection to board 58 closed.
[16:28:36.331]    DEBUG: <PixMonitor.cc/dumpSummaries:L39> PixMonitor::dumpSummaries
