[11:08:16.216]     INFO: *** Welcome to pxar ***
[11:08:16.216]     INFO: *** Today: 2016/02/05
[11:08:16.233]     INFO: *** Version: prod-12-105-g46f2
[11:08:16.233]     INFO: readRocDacs: ./data/mh143/dacParameters35_C0.dat .. ./data/mh143/dacParameters35_C15.dat
[11:08:16.234]     INFO: readTbmDacs: ./data/mh143/tbmParameters_C0a.dat .. ./data/mh143/tbmParameters_C0b.dat
[11:08:16.234]     INFO: readMaskFile: ./data/mh143/defaultMaskFile.dat
[11:08:16.234]     INFO: readTrimFile: ./data/mh143/trimParameters35_C0.dat .. ./data/mh143/trimParameters35_C15.dat
[11:08:16.388]     INFO:         clk: 4
[11:08:16.388]     INFO:         ctr: 4
[11:08:16.388]     INFO:         sda: 19
[11:08:16.388]     INFO:         tin: 9
[11:08:16.388]     INFO:         level: 15
[11:08:16.388]     INFO:         triggerdelay: 0
[11:08:16.388]    QUIET: Instanciating API for pxar prod-12
[11:08:16.388]     INFO: Log level: INFO
[11:08:16.398]    QUIET: Connection to board DTB_WRPRHI opened.
[11:08:16.402]     INFO: DTB startup information
--- DTB info------------------------------------------
Board id:    58
HW version:  DTB1.2
FW version:  4.2
SW version:  4.5
USB id:      DTB_WRPRHI
MAC address: 40D85511803A
Hostname:    pixelDTB058
Comment:     
------------------------------------------------------
[11:08:16.404]     INFO: RPC call hashes of host and DTB match: 398089610
[11:08:18.009]     INFO: DUT info: 
[11:08:18.009]     INFO: The DUT currently contains the following objects:
[11:08:18.009]     INFO:  2 TBM Cores tbm08c (2 ON)
[11:08:18.009]     INFO: 	TBM Core alpha (0): 7 registers set
[11:08:18.009]     INFO: 	TBM Core beta  (1): 7 registers set
[11:08:18.009]     INFO: 16 ROCs psi46digv21respin (16 ON) with 4160 pixelConfigs
[11:08:18.009]     INFO: 	ROC 0: 19 DACs set, Pixels: 0 masked, 0 active.
[11:08:18.009]     INFO: 	ROC 1: 19 DACs set, Pixels: 0 masked, 0 active.
[11:08:18.009]     INFO: 	ROC 2: 19 DACs set, Pixels: 0 masked, 0 active.
[11:08:18.009]     INFO: 	ROC 3: 19 DACs set, Pixels: 0 masked, 0 active.
[11:08:18.009]     INFO: 	ROC 4: 19 DACs set, Pixels: 0 masked, 0 active.
[11:08:18.009]     INFO: 	ROC 5: 19 DACs set, Pixels: 0 masked, 0 active.
[11:08:18.009]     INFO: 	ROC 6: 19 DACs set, Pixels: 0 masked, 0 active.
[11:08:18.009]     INFO: 	ROC 7: 19 DACs set, Pixels: 0 masked, 0 active.
[11:08:18.009]     INFO: 	ROC 8: 19 DACs set, Pixels: 0 masked, 0 active.
[11:08:18.009]     INFO: 	ROC 9: 19 DACs set, Pixels: 0 masked, 0 active.
[11:08:18.009]     INFO: 	ROC 10: 19 DACs set, Pixels: 0 masked, 0 active.
[11:08:18.009]     INFO: 	ROC 11: 19 DACs set, Pixels: 0 masked, 0 active.
[11:08:18.009]     INFO: 	ROC 12: 19 DACs set, Pixels: 0 masked, 0 active.
[11:08:18.009]     INFO: 	ROC 13: 19 DACs set, Pixels: 0 masked, 0 active.
[11:08:18.009]     INFO: 	ROC 14: 19 DACs set, Pixels: 0 masked, 0 active.
[11:08:18.009]     INFO: 	ROC 15: 19 DACs set, Pixels: 0 masked, 0 active.
[11:08:18.609]     INFO: PixTestCmd::init()
[11:08:18.615]     INFO: readGainPedestalParameters ./data/mh143/phCalibrationFitErr35_C0.dat .. ./data/mh143/phCalibrationFitErr35_C15.dat
[11:08:18.918]     INFO: readReadbackCal: ./data/mh143/readbackCal_C0.dat .. ./data/mh143/readbackCal_C15.dat
[11:08:21.740]     INFO: ######################################################################
[11:08:21.740]     INFO: PixTestAlive::doTest()
[11:08:21.740]     INFO: ######################################################################
[11:08:21.744]     INFO:    ----------------------------------------------------------------------
[11:08:21.744]     INFO:    PixTestAlive::aliveTest() ntrig = 10, vcal = 200 (ctrlreg = 0 0 0 0 0 0 0 0 0 0 0 0 0 0 0 0)
[11:08:21.744]     INFO:    ----------------------------------------------------------------------
[11:08:22.126]     INFO: Expecting 41600 events.
[11:08:26.501]     INFO: 41600 events read in total (3657ms).
[11:08:26.649]     INFO: Test took 4903ms.
[11:08:26.660]     INFO: Fetched DAQ statistics. Counters are being reset now.
[11:08:26.937]     INFO: PixTestAlive::aliveTest() done
[11:08:26.937]     INFO: number of dead pixels (per ROC):   136   60   54   57   54   54   54  131  133   48   54   54   56   56   71  185
[11:08:26.966]     INFO:    ----------------------------------------------------------------------
[11:08:26.966]     INFO:    PixTestAlive::maskTest() ntrig = 10, vcal = 200 (ctrlreg = 0 0 0 0 0 0 0 0 0 0 0 0 0 0 0 0)
[11:08:26.967]     INFO:    ----------------------------------------------------------------------
[11:08:27.348]     INFO: Expecting 41600 events.
[11:08:30.459]     INFO: 41600 events read in total (2396ms).
[11:08:30.459]     INFO: Test took 3490ms.
[11:08:30.459]     INFO: Fetched DAQ statistics. Counters are being reset now.
[11:08:30.460]     INFO: mask vs. old pixelAlive PixelAlive_C0_V0 ..  PixelAlive_C15_V0
[11:08:30.882]     INFO: PixTestAlive::maskTest() done
[11:08:30.882]     INFO: number of mask-defect pixels (per ROC):     0    0    0    0    0    0    0    0    0    0    0    0    0    0    0    0
[11:08:30.906]     INFO:    ----------------------------------------------------------------------
[11:08:30.906]     INFO:    PixTestAlive::addressDecodingTest() ntrig = 10, vcal = 200 (ctrlreg = 0 0 0 0 0 0 0 0 0 0 0 0 0 0 0 0)
[11:08:30.906]     INFO:    ----------------------------------------------------------------------
[11:08:31.285]     INFO: Expecting 41600 events.
[11:08:35.644]     INFO: 41600 events read in total (3644ms).
[11:08:35.645]     INFO: Test took 4737ms.
[11:08:35.656]     INFO: Fetched DAQ statistics. Counters are being reset now.
[11:08:36.028]     INFO: PixTestAlive::addressDecodingTest() done
[11:08:36.028]     INFO: number of address-decoding pixels (per ROC):     0    0    0    0    0    0    0    0    0    0    0    0    0    0    0    0
[11:08:36.028]     INFO: PixTestAlive::doTest() done, duration: 14 seconds
[11:13:54.625]     INFO: ######################################################################
[11:13:54.625]     INFO: PixTestXray::doTest()
[11:13:54.625]     INFO: ######################################################################
[11:13:54.625]     INFO:    ----------------------------------------------------------------------
[11:13:54.625]     INFO:    PixTestXray::doPhRun() fParRunSeconds = 119
[11:13:54.625]     INFO:    ----------------------------------------------------------------------
[11:13:55.595]     INFO: PixTestXray::doPhRun start TriggerLoop with trigger frequency 100 kHz, period 405 and duration 119 seconds,  fEventsMax = 11900000
[11:14:11.746]     INFO: run duration 16 seconds, buffer almost full (81%), pausing triggers.
[11:14:40.493]     INFO: Resuming triggers.
[11:14:56.650]     INFO: run duration 32 seconds, buffer almost full (81%), pausing triggers.
[11:15:25.512]     INFO: Resuming triggers.
[11:15:41.701]     INFO: run duration 48 seconds, buffer almost full (81%), pausing triggers.
[11:16:10.491]     INFO: Resuming triggers.
[11:16:26.670]     INFO: run duration 64 seconds, buffer almost full (81%), pausing triggers.
[11:16:55.413]     INFO: Resuming triggers.
[11:17:11.599]     INFO: run duration 80 seconds, buffer almost full (81%), pausing triggers.
[11:17:40.274]     INFO: Resuming triggers.
[11:17:56.471]     INFO: run duration 96 seconds, buffer almost full (81%), pausing triggers.
[11:18:25.319]     INFO: Resuming triggers.
[11:18:41.535]     INFO: run duration 113 seconds, buffer almost full (81%), pausing triggers.
[11:19:10.376]     INFO: Resuming triggers.
[11:19:16.257]     INFO: data taking finished, elapsed time: 119 seconds.
[11:19:27.036]     INFO: PixTest::       pg_setup set to default.
[11:19:27.056]     INFO: PixTestXray::doPhRun() done
[11:19:27.056]     INFO: PixTestXray::doTest() done 
[11:23:52.873]     INFO: ######################################################################
[11:23:52.873]     INFO: PixTestXray::doTest()
[11:23:52.873]     INFO: ######################################################################
[11:23:52.873]     INFO:    ----------------------------------------------------------------------
[11:23:52.873]     INFO:    PixTestXray::doPhRun() fParRunSeconds = 150
[11:23:52.873]     INFO:    ----------------------------------------------------------------------
[11:23:53.851]     INFO: PixTestXray::doPhRun start TriggerLoop with trigger frequency 100 kHz, period 405 and duration 150 seconds,  fEventsMax = 15000000
[11:24:10.157]     INFO: run duration 16 seconds, buffer almost full (81%), pausing triggers.
[11:24:38.936]     INFO: Resuming triggers.
[11:24:55.248]     INFO: run duration 32 seconds, buffer almost full (81%), pausing triggers.
[11:25:23.794]     INFO: Resuming triggers.
[11:25:40.107]     INFO: run duration 48 seconds, buffer almost full (81%), pausing triggers.
[11:26:08.813]     INFO: Resuming triggers.
[11:26:25.121]     INFO: run duration 65 seconds, buffer almost full (81%), pausing triggers.
[11:26:53.675]     INFO: Resuming triggers.
[11:27:10.006]     INFO: run duration 81 seconds, buffer almost full (81%), pausing triggers.
[11:27:38.536]     INFO: Resuming triggers.
[11:27:54.862]     INFO: run duration 97 seconds, buffer almost full (81%), pausing triggers.
[11:28:23.422]     INFO: Resuming triggers.
[11:28:39.753]     INFO: run duration 114 seconds, buffer almost full (81%), pausing triggers.
[11:29:08.274]     INFO: Resuming triggers.
[11:29:24.622]     INFO: run duration 130 seconds, buffer almost full (81%), pausing triggers.
[11:29:53.095]     INFO: Resuming triggers.
[11:30:09.435]     INFO: run duration 146 seconds, buffer almost full (81%), pausing triggers.
