[15:41:15.235]     INFO: *** Welcome to pxar ***
[15:41:15.235]     INFO: *** Today: 2016/02/04
[15:41:15.253]     INFO: *** Version: prod-12-105-g46f2
[15:41:15.253]     INFO: readRocDacs: data/mh143/dacParameters_C0.dat .. data/mh143/dacParameters_C15.dat
[15:41:15.254]     INFO: readTbmDacs: data/mh143/tbmParameters_C0a.dat .. data/mh143/tbmParameters_C0b.dat
[15:41:15.254]     INFO: readMaskFile: data/mh143/defaultMaskFile.dat
[15:41:15.254]     INFO: readTrimFile: data/mh143/trimParameters_C0.dat .. data/mh143/trimParameters_C15.dat
[15:41:15.403]     INFO:         clk: 4
[15:41:15.403]     INFO:         ctr: 4
[15:41:15.403]     INFO:         sda: 19
[15:41:15.403]     INFO:         tin: 9
[15:41:15.403]     INFO:         level: 15
[15:41:15.403]     INFO:         triggerdelay: 0
[15:41:15.403]    QUIET: Instanciating API for pxar prod-12
[15:41:15.403]     INFO: Log level: DEBUG
[15:41:15.415]    QUIET: Connection to board DTB_WRPRHI opened.
[15:41:15.418]     INFO: DTB startup information
--- DTB info------------------------------------------
Board id:    58
HW version:  DTB1.2
FW version:  4.2
SW version:  4.5
USB id:      DTB_WRPRHI
MAC address: 40D85511803A
Hostname:    pixelDTB058
Comment:     
------------------------------------------------------
[15:41:15.421]     INFO: RPC call hashes of host and DTB match: 398089610
[15:41:17.023]     INFO: DUT info: 
[15:41:17.023]     INFO: The DUT currently contains the following objects:
[15:41:17.023]     INFO:  2 TBM Cores tbm08c (2 ON)
[15:41:17.023]     INFO: 	TBM Core alpha (0): 7 registers set
[15:41:17.023]     INFO: 	TBM Core beta  (1): 7 registers set
[15:41:17.023]     INFO: 16 ROCs psi46digv21respin (16 ON) with 4160 pixelConfigs
[15:41:17.023]     INFO: 	ROC 0: 19 DACs set, Pixels: 0 masked, 0 active.
[15:41:17.023]     INFO: 	ROC 1: 19 DACs set, Pixels: 0 masked, 0 active.
[15:41:17.023]     INFO: 	ROC 2: 19 DACs set, Pixels: 0 masked, 0 active.
[15:41:17.024]     INFO: 	ROC 3: 19 DACs set, Pixels: 0 masked, 0 active.
[15:41:17.024]     INFO: 	ROC 4: 19 DACs set, Pixels: 0 masked, 0 active.
[15:41:17.024]     INFO: 	ROC 5: 19 DACs set, Pixels: 0 masked, 0 active.
[15:41:17.024]     INFO: 	ROC 6: 19 DACs set, Pixels: 0 masked, 0 active.
[15:41:17.024]     INFO: 	ROC 7: 19 DACs set, Pixels: 0 masked, 0 active.
[15:41:17.024]     INFO: 	ROC 8: 19 DACs set, Pixels: 0 masked, 0 active.
[15:41:17.024]     INFO: 	ROC 9: 19 DACs set, Pixels: 0 masked, 0 active.
[15:41:17.024]     INFO: 	ROC 10: 19 DACs set, Pixels: 0 masked, 0 active.
[15:41:17.024]     INFO: 	ROC 11: 19 DACs set, Pixels: 0 masked, 0 active.
[15:41:17.024]     INFO: 	ROC 12: 19 DACs set, Pixels: 0 masked, 0 active.
[15:41:17.024]     INFO: 	ROC 13: 19 DACs set, Pixels: 0 masked, 0 active.
[15:41:17.024]     INFO: 	ROC 14: 19 DACs set, Pixels: 0 masked, 0 active.
[15:41:17.024]     INFO: 	ROC 15: 19 DACs set, Pixels: 0 masked, 0 active.
[15:41:17.024]    DEBUG: <PixTestParameters.cc/dump:L104> PixTestParameters: ->BB<-
[15:41:17.024]    DEBUG: <PixTestParameters.cc/dump:L107>   dumpall: checkbox(0)
[15:41:17.024]    DEBUG: <PixTestParameters.cc/dump:L107>   dumpproblematic: checkbox(0)
[15:41:17.024]    DEBUG: <PixTestParameters.cc/dump:L107>   ntrig: 5
[15:41:17.024]    DEBUG: <PixTestParameters.cc/dump:L107>   vcals: 250
[15:41:17.024]    DEBUG: <PixTestParameters.cc/dump:L104> PixTestParameters: ->BB2<-
[15:41:17.024]    DEBUG: <PixTestParameters.cc/dump:L107>   ntrig: 10
[15:41:17.024]    DEBUG: <PixTestParameters.cc/dump:L107>   vcals: 222
[15:41:17.024]    DEBUG: <PixTestParameters.cc/dump:L107>   plwidth: 35
[15:41:17.024]    DEBUG: <PixTestParameters.cc/dump:L107>   pix: 11,20
[15:41:17.024]    DEBUG: <PixTestParameters.cc/dump:L107>   targetia: 24
[15:41:17.024]    DEBUG: <PixTestParameters.cc/dump:L104> PixTestParameters: ->BB3<-
[15:41:17.024]    DEBUG: <PixTestParameters.cc/dump:L107>   dumpall: checkbox(0)
[15:41:17.025]    DEBUG: <PixTestParameters.cc/dump:L107>   dumpproblematic: checkbox(0)
[15:41:17.025]    DEBUG: <PixTestParameters.cc/dump:L107>   ntrig: 5
[15:41:17.025]    DEBUG: <PixTestParameters.cc/dump:L107>   vcals: 250
[15:41:17.025]    DEBUG: <PixTestParameters.cc/dump:L104> PixTestParameters: ->BB4<-
[15:41:17.025]    DEBUG: <PixTestParameters.cc/dump:L107>   savecaldelscan: checkbox(0)
[15:41:17.025]    DEBUG: <PixTestParameters.cc/dump:L107>   ntrig: 100
[15:41:17.025]    DEBUG: <PixTestParameters.cc/dump:L107>   cals: 1
[15:41:17.025]    DEBUG: <PixTestParameters.cc/dump:L107>   caldello: 80
[15:41:17.025]    DEBUG: <PixTestParameters.cc/dump:L107>   caldelhi: 200
[15:41:17.025]    DEBUG: <PixTestParameters.cc/dump:L107>   caldelstep: 10
[15:41:17.025]    DEBUG: <PixTestParameters.cc/dump:L107>   vthrcomplo: 70
[15:41:17.025]    DEBUG: <PixTestParameters.cc/dump:L107>   vthrcomphi: 130
[15:41:17.025]    DEBUG: <PixTestParameters.cc/dump:L107>   vthrcompstep: 5
[15:41:17.025]    DEBUG: <PixTestParameters.cc/dump:L107>   noisypixels: 10
[15:41:17.025]    DEBUG: <PixTestParameters.cc/dump:L107>   vcal: 255
[15:41:17.025]    DEBUG: <PixTestParameters.cc/dump:L107>   cut: 0.5
[15:41:17.025]    DEBUG: <PixTestParameters.cc/dump:L104> PixTestParameters: ->Cmd<-
[15:41:17.025]    DEBUG: <PixTestParameters.cc/dump:L104> PixTestParameters: ->DAQ<-
[15:41:17.025]    DEBUG: <PixTestParameters.cc/dump:L107>   delaytbm: checkbox
[15:41:17.025]    DEBUG: <PixTestParameters.cc/dump:L107>   filltree: checkbox
[15:41:17.025]    DEBUG: <PixTestParameters.cc/dump:L107>   trgfrequency(khz): 100
[15:41:17.025]    DEBUG: <PixTestParameters.cc/dump:L107>   maskhotpixels: button
[15:41:17.025]    DEBUG: <PixTestParameters.cc/dump:L107>   trgnumber: 5
[15:41:17.025]    DEBUG: <PixTestParameters.cc/dump:L107>   iterations: 10
[15:41:17.025]    DEBUG: <PixTestParameters.cc/dump:L107>   rundaqtrg: button
[15:41:17.025]    DEBUG: <PixTestParameters.cc/dump:L107>   daqseconds: 5
[15:41:17.025]    DEBUG: <PixTestParameters.cc/dump:L107>   rundaqseconds: button
[15:41:17.025]    DEBUG: <PixTestParameters.cc/dump:L104> PixTestParameters: ->DacDacScan<-
[15:41:17.025]    DEBUG: <PixTestParameters.cc/dump:L107>   phmap: checkbox
[15:41:17.025]    DEBUG: <PixTestParameters.cc/dump:L107>   ntrig: 10
[15:41:17.025]    DEBUG: <PixTestParameters.cc/dump:L107>   dac1: caldel
[15:41:17.025]    DEBUG: <PixTestParameters.cc/dump:L107>   dac1lo: 0
[15:41:17.025]    DEBUG: <PixTestParameters.cc/dump:L107>   dac1hi: 255
[15:41:17.025]    DEBUG: <PixTestParameters.cc/dump:L107>   dac2: vthrcomp
[15:41:17.025]    DEBUG: <PixTestParameters.cc/dump:L107>   dac2lo: 0
[15:41:17.025]    DEBUG: <PixTestParameters.cc/dump:L107>   dac2hi: 255
[15:41:17.025]    DEBUG: <PixTestParameters.cc/dump:L107>   pix: 11,20
[15:41:17.025]    DEBUG: <PixTestParameters.cc/dump:L104> PixTestParameters: ->DacScan<-
[15:41:17.025]    DEBUG: <PixTestParameters.cc/dump:L107>   phmap: checkbox(1)
[15:41:17.025]    DEBUG: <PixTestParameters.cc/dump:L107>   allpixels: checkbox(0)
[15:41:17.025]    DEBUG: <PixTestParameters.cc/dump:L107>   unmasked: checkbox(0)
[15:41:17.025]    DEBUG: <PixTestParameters.cc/dump:L107>   ntrig: 10
[15:41:17.025]    DEBUG: <PixTestParameters.cc/dump:L107>   dac: vcal
[15:41:17.025]    DEBUG: <PixTestParameters.cc/dump:L107>   daclo: 0
[15:41:17.025]    DEBUG: <PixTestParameters.cc/dump:L107>   dachi: 255
[15:41:17.025]    DEBUG: <PixTestParameters.cc/dump:L107>   pix: 11,20
[15:41:17.025]    DEBUG: <PixTestParameters.cc/dump:L104> PixTestParameters: ->GainPedestal<-
[15:41:17.025]    DEBUG: <PixTestParameters.cc/dump:L107>   showfits: checkbox(0)
[15:41:17.025]    DEBUG: <PixTestParameters.cc/dump:L107>   extended: checkbox(0)
[15:41:17.025]    DEBUG: <PixTestParameters.cc/dump:L107>   dumphists: checkbox(0)
[15:41:17.025]    DEBUG: <PixTestParameters.cc/dump:L107>   ntrig: 10
[15:41:17.025]    DEBUG: <PixTestParameters.cc/dump:L107>   vcalstep: 10
[15:41:17.025]    DEBUG: <PixTestParameters.cc/dump:L107>   measure: button
[15:41:17.025]    DEBUG: <PixTestParameters.cc/dump:L107>   fit: button
[15:41:17.025]    DEBUG: <PixTestParameters.cc/dump:L107>   save: button
[15:41:17.025]    DEBUG: <PixTestParameters.cc/dump:L104> PixTestParameters: ->HighRate<-
[15:41:17.025]    DEBUG: <PixTestParameters.cc/dump:L107>   pix: 11,20
[15:41:17.025]    DEBUG: <PixTestParameters.cc/dump:L107>   trimhotpixels: button
[15:41:17.026]    DEBUG: <PixTestParameters.cc/dump:L107>   trimhotpixelthr: 200
[15:41:17.026]    DEBUG: <PixTestParameters.cc/dump:L107>   runsecondshotpixels: 10
[15:41:17.026]    DEBUG: <PixTestParameters.cc/dump:L107>   savetrimbits: checkbox(1)
[15:41:17.026]    DEBUG: <PixTestParameters.cc/dump:L107>   maskuntrimmable: checkbox(1)
[15:41:17.026]    DEBUG: <PixTestParameters.cc/dump:L107>   maskhotpixels: button
[15:41:17.026]    DEBUG: <PixTestParameters.cc/dump:L107>   savemaskfile: checkbox(0)
[15:41:17.026]    DEBUG: <PixTestParameters.cc/dump:L107>   maskfilename: default
[15:41:17.026]    DEBUG: <PixTestParameters.cc/dump:L107>   caldelscan: button
[15:41:17.026]    DEBUG: <PixTestParameters.cc/dump:L107>   xpixelalive: button
[15:41:17.026]    DEBUG: <PixTestParameters.cc/dump:L107>   ntrig: 50
[15:41:17.026]    DEBUG: <PixTestParameters.cc/dump:L107>   vcal: 200
[15:41:17.026]    DEBUG: <PixTestParameters.cc/dump:L107>   xnoisemaps: button
[15:41:17.026]    DEBUG: <PixTestParameters.cc/dump:L107>   daclo: 0
[15:41:17.026]    DEBUG: <PixTestParameters.cc/dump:L107>   dachi: 100
[15:41:17.026]    DEBUG: <PixTestParameters.cc/dump:L107>   dacs/step: 20
[15:41:17.026]    DEBUG: <PixTestParameters.cc/dump:L107>   rundaq: button
[15:41:17.026]    DEBUG: <PixTestParameters.cc/dump:L107>   trgfrequency(khz): 20
[15:41:17.026]    DEBUG: <PixTestParameters.cc/dump:L107>   runseconds: 2
[15:41:17.026]    DEBUG: <PixTestParameters.cc/dump:L107>   triggerdelay: 20
[15:41:17.026]    DEBUG: <PixTestParameters.cc/dump:L107>   delaytbm: checkbox
[15:41:17.026]    DEBUG: <PixTestParameters.cc/dump:L107>   filltree: checkbox
[15:41:17.026]    DEBUG: <PixTestParameters.cc/dump:L104> PixTestParameters: ->IV<-
[15:41:17.026]    DEBUG: <PixTestParameters.cc/dump:L107>   port: /dev/FIXME
[15:41:17.026]    DEBUG: <PixTestParameters.cc/dump:L107>   voltagestart: 0
[15:41:17.026]    DEBUG: <PixTestParameters.cc/dump:L107>   voltagestop: 600
[15:41:17.026]    DEBUG: <PixTestParameters.cc/dump:L107>   voltagestep: 5
[15:41:17.026]    DEBUG: <PixTestParameters.cc/dump:L107>   delay: 1
[15:41:17.026]    DEBUG: <PixTestParameters.cc/dump:L107>   compliance(ua): 100
[15:41:17.026]    DEBUG: <PixTestParameters.cc/dump:L104> PixTestParameters: ->PhOptimization<-
[15:41:17.026]    DEBUG: <PixTestParameters.cc/dump:L107>   ntrig: 10
[15:41:17.026]    DEBUG: <PixTestParameters.cc/dump:L107>   safetymarginlow: 20
[15:41:17.026]    DEBUG: <PixTestParameters.cc/dump:L107>   saturationvcal: 100
[15:41:17.026]    DEBUG: <PixTestParameters.cc/dump:L107>   quantilesaturation: 0.98
[15:41:17.026]    DEBUG: <PixTestParameters.cc/dump:L104> PixTestParameters: ->PixelAlive<-
[15:41:17.026]    DEBUG: <PixTestParameters.cc/dump:L107>   ntrig: 10
[15:41:17.026]    DEBUG: <PixTestParameters.cc/dump:L107>   vcal: 200
[15:41:17.026]    DEBUG: <PixTestParameters.cc/dump:L107>   alivetest: button
[15:41:17.026]    DEBUG: <PixTestParameters.cc/dump:L107>   masktest: button
[15:41:17.026]    DEBUG: <PixTestParameters.cc/dump:L107>   addressdecodingtest: button
[15:41:17.026]    DEBUG: <PixTestParameters.cc/dump:L104> PixTestParameters: ->Pretest<-
[15:41:17.026]    DEBUG: <PixTestParameters.cc/dump:L107>   programroc: button
[15:41:17.026]    DEBUG: <PixTestParameters.cc/dump:L107>   targetia: 24
[15:41:17.026]    DEBUG: <PixTestParameters.cc/dump:L107>   setvana: button
[15:41:17.026]    DEBUG: <PixTestParameters.cc/dump:L107>   iterations: 100
[15:41:17.026]    DEBUG: <PixTestParameters.cc/dump:L107>   settimings: button
[15:41:17.026]    DEBUG: <PixTestParameters.cc/dump:L107>   findtiming: button
[15:41:17.026]    DEBUG: <PixTestParameters.cc/dump:L107>   findworkingpixel: button
[15:41:17.026]    DEBUG: <PixTestParameters.cc/dump:L107>   setvthrcompcaldel: button
[15:41:17.026]    DEBUG: <PixTestParameters.cc/dump:L107>   pix: 11,20
[15:41:17.026]    DEBUG: <PixTestParameters.cc/dump:L107>   vcal: 250
[15:41:17.026]    DEBUG: <PixTestParameters.cc/dump:L107>   deltavthrcomp: 50
[15:41:17.026]    DEBUG: <PixTestParameters.cc/dump:L107>   fraccaldel: 0.5
[15:41:17.026]    DEBUG: <PixTestParameters.cc/dump:L107>   ntrig: 5
[15:41:17.026]    DEBUG: <PixTestParameters.cc/dump:L107>   savedacs: button
[15:41:17.027]    DEBUG: <PixTestParameters.cc/dump:L104> PixTestParameters: ->Readback<-
[15:41:17.027]    DEBUG: <PixTestParameters.cc/dump:L107>   calibratevd: button
[15:41:17.027]    DEBUG: <PixTestParameters.cc/dump:L107>   calibrateva: button
[15:41:17.027]    DEBUG: <PixTestParameters.cc/dump:L107>   calibrateia: button
[15:41:17.027]    DEBUG: <PixTestParameters.cc/dump:L107>   readbackvbg: button
[15:41:17.027]    DEBUG: <PixTestParameters.cc/dump:L107>   getcalibratedvbg: button
[15:41:17.027]    DEBUG: <PixTestParameters.cc/dump:L107>   usecalvd: checkbox(1)
[15:41:17.027]    DEBUG: <PixTestParameters.cc/dump:L107>   usecalva: checkbox(0)
[15:41:17.027]    DEBUG: <PixTestParameters.cc/dump:L107>   setvana: button
[15:41:17.027]    DEBUG: <PixTestParameters.cc/dump:L104> PixTestParameters: ->Scurves<-
[15:41:17.027]    DEBUG: <PixTestParameters.cc/dump:L107>   adjustvcal: checkbox(0)
[15:41:17.027]    DEBUG: <PixTestParameters.cc/dump:L107>   dumpall: checkbox(0)
[15:41:17.027]    DEBUG: <PixTestParameters.cc/dump:L107>   dumpproblematic: checkbox(0)
[15:41:17.027]    DEBUG: <PixTestParameters.cc/dump:L107>   dumpoutputfile: checkbox(0)
[15:41:17.027]    DEBUG: <PixTestParameters.cc/dump:L107>   ntrig: 50
[15:41:17.027]    DEBUG: <PixTestParameters.cc/dump:L107>   dac: Vcal
[15:41:17.027]    DEBUG: <PixTestParameters.cc/dump:L107>   daclo: 0
[15:41:17.027]    DEBUG: <PixTestParameters.cc/dump:L107>   dachi: 200
[15:41:17.027]    DEBUG: <PixTestParameters.cc/dump:L107>   dacs/step: -1
[15:41:17.027]    DEBUG: <PixTestParameters.cc/dump:L107>   ntrig/step: -1
[15:41:17.027]    DEBUG: <PixTestParameters.cc/dump:L107>   scurves: button
[15:41:17.027]    DEBUG: <PixTestParameters.cc/dump:L104> PixTestParameters: ->Timing<-
[15:41:17.027]    DEBUG: <PixTestParameters.cc/dump:L107>   targetclk: 4
[15:41:17.027]    DEBUG: <PixTestParameters.cc/dump:L107>   ntrig: 10
[15:41:17.027]    DEBUG: <PixTestParameters.cc/dump:L107>   clocksdascan: button
[15:41:17.027]    DEBUG: <PixTestParameters.cc/dump:L107>   notokenpass: checkbox(0)
[15:41:17.027]    DEBUG: <PixTestParameters.cc/dump:L107>   phasescan: button
[15:41:17.027]    DEBUG: <PixTestParameters.cc/dump:L107>   levelscan: button
[15:41:17.027]    DEBUG: <PixTestParameters.cc/dump:L107>   tbmphasescan: button
[15:41:17.027]    DEBUG: <PixTestParameters.cc/dump:L107>   rocdelayscan: button
[15:41:17.027]    DEBUG: <PixTestParameters.cc/dump:L107>   timingtest: button
[15:41:17.027]    DEBUG: <PixTestParameters.cc/dump:L107>   saveparameters: button
[15:41:17.027]    DEBUG: <PixTestParameters.cc/dump:L104> PixTestParameters: ->Trim<-
[15:41:17.027]    DEBUG: <PixTestParameters.cc/dump:L107>   trim: button
[15:41:17.027]    DEBUG: <PixTestParameters.cc/dump:L107>   ntrig: 8
[15:41:17.027]    DEBUG: <PixTestParameters.cc/dump:L107>   vcal: 35
[15:41:17.027]    DEBUG: <PixTestParameters.cc/dump:L107>   trimbits: button
[15:41:17.027]    DEBUG: <PixTestParameters.cc/dump:L104> PixTestParameters: ->Xray<-
[15:41:17.027]    DEBUG: <PixTestParameters.cc/dump:L107>   maskhotpixels: button
[15:41:17.027]    DEBUG: <PixTestParameters.cc/dump:L107>   savemaskfile: checkbox(0)
[15:41:17.027]    DEBUG: <PixTestParameters.cc/dump:L107>   maskfilename: default
[15:41:17.027]    DEBUG: <PixTestParameters.cc/dump:L107>   source: Ag
[15:41:17.027]    DEBUG: <PixTestParameters.cc/dump:L107>   phrun: button
[15:41:17.027]    DEBUG: <PixTestParameters.cc/dump:L107>   runseconds: 100
[15:41:17.027]    DEBUG: <PixTestParameters.cc/dump:L107>   trgfrequency(khz): 100
[15:41:17.027]    DEBUG: <PixTestParameters.cc/dump:L107>   ratescan: button
[15:41:17.027]    DEBUG: <PixTestParameters.cc/dump:L107>   vthrcompmin: 10
[15:41:17.027]    DEBUG: <PixTestParameters.cc/dump:L107>   vthrcompmax: 80
[15:41:17.027]    DEBUG: <PixTestParameters.cc/dump:L107>   stepseconds: 5
[15:41:17.027]    DEBUG: <PixTestParameters.cc/dump:L107>   delaytbm: checkbox
[15:41:17.027]    DEBUG: <PixTestParameters.cc/dump:L107>   filltree: checkbox
[15:41:17.029]    DEBUG: <PixSetup.cc/init:L81> PixSetup init start; getCurrentRSS() = 31383552
[15:41:17.030]    DEBUG: <PixSetup.cc/init:L87> fPixTestParameters = 0x264ef70
[15:41:17.030]    DEBUG: <PixSetup.cc/init:L88>  fConfigParameters = 0x23f1c10
[15:41:17.030]    DEBUG: <PixSetup.cc/init:L89>        fPxarMemory = 0x7f1bd1d94010
[15:41:17.030]    DEBUG: <PixSetup.cc/init:L90>         fPxarMemHi = 0x7f1bd7fff510
[15:41:17.030]    DEBUG: <PixSetup.cc/init:L106> PixSetup init done;  getCurrentRSS() = 31391744 fPxarMemory = 0x7f1bd1d94010
[15:41:17.031]    DEBUG: <pXar.cc/main:L223> Initial Analog Current: 379.4mA
[15:41:17.032]    DEBUG: <pXar.cc/main:L224> Initial Digital Current: 451.8mA
[15:41:17.032]    DEBUG: <pXar.cc/main:L225> Initial Module Temperature: 19.7 C
[15:41:17.525]    DEBUG: <PixGui.cc/hvOn:L460> HV set On: 0x2a3a330
[15:41:17.586]    DEBUG: <PixTestFactory.cc/PixTestFactory:L53> PixTestFactory::PixTestFactory()
[15:41:17.586]    DEBUG: <PixTestBBMap.cc/init:L79> PixTestBBMap::init()
[15:41:17.586]    DEBUG: <PixTestBBMap.cc/PixTestBBMap:L27> PixTestBBMap ctor(PixSetup &a, string, TGTab *)
[15:41:17.592]    DEBUG: <PixTestBB2Map.cc/setParameter:L58> setting fTargetIa    = 24 mA/ROC
[15:41:17.592]    DEBUG: <PixTestBB2Map.cc/init:L97> PixTestBB2Map::init()
[15:41:17.592]    DEBUG: <PixTestBB2Map.cc/PixTestBB2Map:L29> PixTestBB2Map ctor(PixSetup &a, string, TGTab *)
[15:41:17.602]    DEBUG: <PixTestBB3Map.cc/init:L81> PixTestBB3Map::init()
[15:41:17.602]    DEBUG: <PixTestBB3Map.cc/PixTestBB3Map:L29> PixTestBB3Map ctor(PixSetup &a, string, TGTab *)
[15:41:17.615]    DEBUG: <PixTestBB4Map.cc/init:L93> PixTestBB4Map::init()
[15:41:17.615]    DEBUG: <PixTestBB4Map.cc/PixTestBB4Map:L26> PixTestMapeff ctor(PixSetup &a, string, TGTab *)
[15:41:17.625]     INFO: PixTestCmd::init()
[15:41:17.637]    DEBUG: <PixTestDaq.cc/init:L44> PixTestDaq::init()
[15:41:17.637]    DEBUG: <PixTestDaq.cc/PixTestDaq:L22> PixTestDaq ctor(PixSetup &a, string, TGTab *)
[15:41:17.637]     INFO: readGainPedestalParameters data/mh143/phCalibrationFitErr_C0.dat .. data/mh143/phCalibrationFitErr_C15.dat
[15:41:17.637]    ERROR: <ConfigParameters.cc/readGainPedestalParameters:L983> cannot open data/mh143/phCalibrationFitErr_C0.dat for reading PH calibration constants
[15:41:17.644]    DEBUG: <PixTestDacDacScan.cc/init:L103> PixTestDacDacScan::init()
[15:41:17.644]    DEBUG: <PixTestDacDacScan.cc/PixTestDacDacScan:L22> PixTestDacDacScan ctor(PixSetup &a, string, TGTab *)
[15:41:17.669]    DEBUG: <PixTestGainPedestal.cc/setParameter:L83> PixTestGainPedestal::PixTest() fVcalStep = 10
[15:41:17.684]    DEBUG: <PixTestHighRate.cc/setParameter:L68>   setting fParTriggerFrequency -> 20
[15:41:17.684]    DEBUG: <PixTestHighRate.cc/init:L198> PixTestHighRate::init()
[15:41:17.684]    DEBUG: <PixTestHighRate.cc/PixTestHighRate:L31> PixTestHighRate ctor(PixSetup &a, string, TGTab *)
[15:41:17.684]     INFO: readGainPedestalParameters data/mh143/phCalibrationFitErr_C0.dat .. data/mh143/phCalibrationFitErr_C15.dat
[15:41:17.684]    ERROR: <ConfigParameters.cc/readGainPedestalParameters:L983> cannot open data/mh143/phCalibrationFitErr_C0.dat for reading PH calibration constants
[15:41:17.708]    DEBUG: <PixTest.cc/setTestParameter:L637>  setting  ntrig to new value 10
[15:41:17.708]    DEBUG: <PixTestPhOptimization.cc/setParameter:L37>   setting fParNtrig  ->10<- from sval = 10
[15:41:17.708]    DEBUG: <PixTestPhOptimization.cc/setParameter:L42>   setting fSafetyMarginLow  ->20<- from sval = 20
[15:41:17.708]    DEBUG: <PixTestPhOptimization.cc/setParameter:L48>   setting fVcalMax  ->100<- from sval = 100
[15:41:17.708]    DEBUG: <PixTestPhOptimization.cc/setParameter:L53>   setting fQuantMax  ->0.98<- from sval = 0.98
[15:41:17.723]    DEBUG: <PixTestAlive.cc/init:L77> PixTestAlive::init()
[15:41:17.723]    DEBUG: <PixTestAlive.cc/PixTestAlive:L21> PixTestAlive ctor(PixSetup &a, string, TGTab *)
[15:41:17.737]    DEBUG: <PixTestReadback.cc/setParameter:L172> fCalwVd set to 1
[15:41:17.738]    DEBUG: <PixTestReadback.cc/init:L95> PixTestReadback::init()
[15:41:17.738]    DEBUG: <PixTestReadback.cc/PixTestReadback:L22> PixTestReadback ctor(PixSetup &a, string, TGTab *)
[15:41:17.738]     INFO: readReadbackCal: data/mh143/readbackCal_C0.dat .. data/mh143/readbackCal_C15.dat
[15:41:17.739]     INFO: readGainPedestalParameters data/mh143/phCalibrationFitErr_C0.dat .. data/mh143/phCalibrationFitErr_C15.dat
[15:41:17.739]    ERROR: <ConfigParameters.cc/readGainPedestalParameters:L983> cannot open data/mh143/phCalibrationFitErr_C0.dat for reading PH calibration constants
[15:41:17.753]    DEBUG: <PixTestScurves.cc/setParameter:L93> set fOutputFilename = 
[15:41:17.760]    DEBUG: <PixTestTiming.cc/setParameter:L60> PixTestTiming::PixTest() targetclk = 4
[15:41:17.760]    DEBUG: <PixTestTiming.cc/setParameter:L64> PixTestTiming::PixTest() ntrig = 10
[15:41:17.760]    DEBUG: <PixTestTiming.cc/setParameter:L48> fNoTokenPass: 0
[15:41:17.760]    DEBUG: <PixTestTiming.cc/init:L74> PixTestTiming::init()
[15:41:17.783]    DEBUG: <PixTestXray.cc/init:L134> PixTestXray::init()
[15:41:17.783]    DEBUG: <PixTestXray.cc/PixTestXray:L28> PixTestXray ctor(PixSetup &a, string, TGTab *)
[15:41:17.783]     INFO: readGainPedestalParameters data/mh143/phCalibrationFitErr_C0.dat .. data/mh143/phCalibrationFitErr_C15.dat
[15:41:17.783]    ERROR: <ConfigParameters.cc/readGainPedestalParameters:L983> cannot open data/mh143/phCalibrationFitErr_C0.dat for reading PH calibration constants
[15:41:20.066]     INFO: ######################################################################
[15:41:20.066]     INFO: PixTestAlive::doTest()
[15:41:20.066]     INFO: ######################################################################
[15:41:20.069]     INFO:    ----------------------------------------------------------------------
[15:41:20.070]     INFO:    PixTestAlive::aliveTest() ntrig = 10, vcal = 200 (ctrlreg = 0 0 0 0 0 0 0 0 0 0 0 0 0 0 0 0)
[15:41:20.070]     INFO:    ----------------------------------------------------------------------
[15:41:20.072]    DEBUG: <PixTest.cc/efficiencyMaps:L396>       attempt #0
[15:41:20.452]     INFO: Expecting 41600 events.
[15:41:24.810]     INFO: 41600 events read in total (3640ms).
[15:41:24.958]     INFO: Test took 4886ms.
[15:41:24.971]     INFO: Fetched DAQ statistics. Counters are being reset now.
[15:41:24.971]    DEBUG: <PixTest.cc/efficiencyMaps:L407>  eff result size = 64583
[15:41:24.971]    DEBUG: <PixTest.cc/efficiencyMaps:L412> Create hists PixelAlive_C0 .. PixelAlive_C15
[15:41:25.249]     INFO: PixTestAlive::aliveTest() done
[15:41:25.249]     INFO: number of dead pixels (per ROC):   183  106  106  106  104  106   76  182  165   77  106  106  108  107  107  232
[15:41:25.249]    DEBUG: <PixTestAlive.cc/aliveTest:L188> number of red-efficiency pixels:   196  106  106  107  104  107   85  183  180   91  106  106  108  107  110  289
[15:41:25.277]     INFO:    ----------------------------------------------------------------------
[15:41:25.277]     INFO:    PixTestAlive::maskTest() ntrig = 10, vcal = 200 (ctrlreg = 0 0 0 0 0 0 0 0 0 0 0 0 0 0 0 0)
[15:41:25.277]     INFO:    ----------------------------------------------------------------------
[15:41:25.279]    DEBUG: <PixTest.cc/efficiencyMaps:L396>       attempt #0
[15:41:25.659]     INFO: Expecting 41600 events.
[15:41:28.788]     INFO: 41600 events read in total (2414ms).
[15:41:28.789]     INFO: Test took 3510ms.
[15:41:28.789]     INFO: Fetched DAQ statistics. Counters are being reset now.
[15:41:28.789]    DEBUG: <PixTest.cc/efficiencyMaps:L407>  eff result size = 0
[15:41:28.789]    DEBUG: <PixTest.cc/efficiencyMaps:L412> Create hists MaskTest_C0 .. MaskTest_C15
[15:41:28.790]     INFO: mask vs. old pixelAlive PixelAlive_C0_V0 ..  PixelAlive_C15_V0
[15:41:29.211]     INFO: PixTestAlive::maskTest() done
[15:41:29.211]     INFO: number of mask-defect pixels (per ROC):     0    0    0    0    0    0    0    0    0    0    0    0    0    0    0    0
[15:41:29.235]     INFO:    ----------------------------------------------------------------------
[15:41:29.235]     INFO:    PixTestAlive::addressDecodingTest() ntrig = 10, vcal = 200 (ctrlreg = 0 0 0 0 0 0 0 0 0 0 0 0 0 0 0 0)
[15:41:29.235]     INFO:    ----------------------------------------------------------------------
[15:41:29.237]    DEBUG: <PixTest.cc/efficiencyMaps:L396>       attempt #0
[15:41:29.615]     INFO: Expecting 41600 events.
[15:41:33.963]     INFO: 41600 events read in total (3633ms).
[15:41:33.965]     INFO: Test took 4728ms.
[15:41:33.975]     INFO: Fetched DAQ statistics. Counters are being reset now.
[15:41:33.975]    DEBUG: <PixTest.cc/efficiencyMaps:L407>  eff result size = 64604
[15:41:33.975]    DEBUG: <PixTest.cc/efficiencyMaps:L412> Create hists AddressDecodingTest_C0 .. AddressDecodingTest_C15
[15:41:34.344]     INFO: PixTestAlive::addressDecodingTest() done
[15:41:34.344]     INFO: number of address-decoding pixels (per ROC):     0    0    0    0    0    0    0    0    0    0    0    0    0    0    0    0
[15:41:34.345]     INFO: PixTestAlive::doTest() done, duration: 14 seconds
[15:41:40.391]    DEBUG: <PixTest.cc/moduleMap:L1029> moduleMap histname: what
[15:41:40.391]    DEBUG: <PixTest.cc/moduleMap:L1039> h1->GetName() = AddressDecodingTest_C12_V0 -> AddressDecodingTest_mod
[15:41:44.583]    DEBUG: <PixTest.cc/moduleMap:L1029> moduleMap histname: what
[15:41:44.583]    DEBUG: <PixTest.cc/moduleMap:L1039> h1->GetName() = PixelAlive_C4_V0 -> PixelAlive_mod
[15:41:58.655]    DEBUG: <PixGui.cc/handleButtons:L396> PixGui::exit called
[15:41:58.655]    DEBUG: <PixGui.cc/CloseWindow:L335> Final Analog Current: 380.2mA
[15:41:58.656]    DEBUG: <PixGui.cc/CloseWindow:L336> Final Digital Current: 448.6mA
[15:41:58.656]    DEBUG: <PixGui.cc/CloseWindow:L337> Final Module Temperature: 20.5 C
[15:41:58.656]    DEBUG: <PixTestBBMap.cc/~PixTestBBMap:L97> PixTestBBMap dtor
[15:41:58.656]    DEBUG: <PixTestBB2Map.cc/~PixTestBB2Map:L115> PixTestBB2Map dtor
[15:41:58.656]    DEBUG: <PixTestBB3Map.cc/~PixTestBB3Map:L99> PixTestBB3Map dtor
[15:41:58.657]    DEBUG: <PixTestBB4Map.cc/~PixTestBB4Map:L118> PixTestBB4Map dtor
[15:41:58.657]    DEBUG: <PixTestCmd.cc/~PixTestCmd:L78> PixTestCmd dtor
[15:41:58.657]    DEBUG: <PixTestDaq.cc/~PixTestDaq:L37> PixTestDaq dtor
[15:41:58.657]    DEBUG: <PixTestDacDacScan.cc/~PixTestDacDacScan:L136> PixTestDacDacScan dtor
[15:41:58.657]    DEBUG: <PixTestDacScan.cc/~PixTestDacScan:L129> PixTestDacScan dtor
[15:41:58.657]    DEBUG: <PixTestGainPedestal.cc/~PixTestGainPedestal:L125> PixTestGainPedestal dtor
[15:41:58.657]    DEBUG: <PixTestHighRate.cc/~PixTestHighRate:L245> PixTestHighRate dtor
[15:41:58.657]    DEBUG: <PixTestIV.cc/~PixTestIV:L96> PixTestIV dtor
[15:41:58.657]    DEBUG: <PixTestAlive.cc/~PixTestAlive:L109> PixTestAlive dtor
[15:41:58.721]    DEBUG: <PixTestPretest.cc/~PixTestPretest:L136> PixTestPretest dtor
[15:41:58.721]    DEBUG: <PixTestReadback.cc/~PixTestReadback:L89> PixTestReadback dtor, saving tree ... 
[15:41:58.721]    DEBUG: <PixTestScurves.cc/~PixTestScurves:L142> PixTestScurves dtor
[15:41:58.721]    DEBUG: <PixTestTiming.cc/~PixTestTiming:L97> PixTestTiming dtor
[15:41:58.721]    DEBUG: <PixTestTrim.cc/~PixTestTrim:L103> PixTestTrim dtor
[15:41:58.722]    DEBUG: <PixTestXray.cc/~PixTestXray:L217> PixTestXray dtor
[15:41:58.724]    QUIET: Connection to board 58 closed.
[15:41:58.804]    DEBUG: <PixMonitor.cc/dumpSummaries:L39> PixMonitor::dumpSummaries
