High Rate Efficency Log File Module: mh143

Double Column's with Efficency < 90 % 
Roc: 0 dc: 0 nPixelsDC: 156 rate: 0.00821828 eff: 0.466795
Roc: 1 dc: 0 nPixelsDC: 55 rate: 4.96503 eff: 0.909091
Roc: 2 dc: 0 nPixelsDC: 72 rate: 2.93803 eff: 0.958333
Roc: 3 dc: 0 nPixelsDC: 48 rate: 6.00962 eff: 0.916667
Roc: 3 dc: 1 nPixelsDC: 85 rate: 4.75113 eff: 0.976471
Roc: 3 dc: 2 nPixelsDC: 96 rate: 5.9562 eff: 0.978958
Roc: 3 dc: 3 nPixelsDC: 98 rate: 4.86656 eff: 0.979388
Roc: 3 dc: 4 nPixelsDC: 92 rate: 5.85284 eff: 0.978261
Roc: 3 dc: 5 nPixelsDC: 91 rate: 5.33953 eff: 0.978022
Roc: 3 dc: 8 nPixelsDC: 100 rate: 5.16667 eff: 0.9798
Roc: 3 dc: 22 nPixelsDC: 99 rate: 4.95985 eff: 0.979596
Roc: 3 dc: 24 nPixelsDC: 91 rate: 5.48042 eff: 0.978022
Roc: 4 dc: 0 nPixelsDC: 122 rate: 3.42581 eff: 0.975082
Roc: 5 dc: 0 nPixelsDC: 123 rate: 4.26308 eff: 0.975447
Roc: 6 dc: 0 nPixelsDC: 100 rate: 4.20513 eff: 0.9698
Roc: 7 dc: 0 nPixelsDC: 106 rate: 3.42283 eff: 0.971698
Roc: 8 dc: 0 nPixelsDC: 156 rate: 0.0410914 eff: 0.487179
Roc: 9 dc: 0 nPixelsDC: 117 rate: 3.37497 eff: 0.973846
Roc: 10 dc: 0 nPixelsDC: 108 rate: 2.45726 eff: 0.962407
Roc: 11 dc: 0 nPixelsDC: 87 rate: 3.18302 eff: 0.965517
Roc: 12 dc: 0 nPixelsDC: 81 rate: 3.03894 eff: 0.962716
Roc: 12 dc: 24 nPixelsDC: 145 rate: 3.02387 eff: 0.97931
Roc: 13 dc: 0 nPixelsDC: 76 rate: 3.69433 eff: 0.960526
Roc: 14 dc: 0 nPixelsDC: 82 rate: 2.32958 eff: 0.963415
Roc: 15 dc: 0 nPixelsDC: 91 rate: 2.84587 eff: 0.945055
Roc: 15 dc: 15 nPixelsDC: 154 rate: 1.05728 eff: 0.977792
Roc: 15 dc: 21 nPixelsDC: 150 rate: 1.41026 eff: 0.973333
Roc: 15 dc: 22 nPixelsDC: 151 rate: 1.29054 eff: 0.973245
Roc: 15 dc: 23 nPixelsDC: 153 rate: 0.494386 eff: 0.973856
Roc: 15 dc: 24 nPixelsDC: 156 rate: 0.0575279 eff: 0.974103
Roc: 0 dc: 0 nPixelsDC: 156 rate: 0 eff: 0.474231
Roc: 1 dc: 0 nPixelsDC: 55 rate: 4.31235 eff: 0.912364
Roc: 2 dc: 0 nPixelsDC: 72 rate: 2.67094 eff: 0.958333
Roc: 3 dc: 0 nPixelsDC: 48 rate: 4.32692 eff: 0.91625
Roc: 3 dc: 1 nPixelsDC: 85 rate: 4.53997 eff: 0.976471
Roc: 3 dc: 2 nPixelsDC: 96 rate: 5.71581 eff: 0.978958
Roc: 3 dc: 3 nPixelsDC: 98 rate: 5.02355 eff: 0.979592
Roc: 3 dc: 4 nPixelsDC: 92 rate: 5.42085 eff: 0.978261
Roc: 3 dc: 5 nPixelsDC: 91 rate: 5.07185 eff: 0.978022
Roc: 3 dc: 8 nPixelsDC: 100 rate: 4.88462 eff: 0.9798
Roc: 3 dc: 22 nPixelsDC: 99 rate: 5.1023 eff: 0.979798
Roc: 3 dc: 24 nPixelsDC: 91 rate: 5.91716 eff: 0.978022
Roc: 4 dc: 0 nPixelsDC: 122 rate: 3.37327 eff: 0.97541
Roc: 5 dc: 0 nPixelsDC: 123 rate: 4.55493 eff: 0.97561
Roc: 6 dc: 0 nPixelsDC: 100 rate: 3.75641 eff: 0.97
Roc: 7 dc: 0 nPixelsDC: 106 rate: 3.2777 eff: 0.971698
Roc: 8 dc: 0 nPixelsDC: 156 rate: 0.0164366 eff: 0.487179
Roc: 9 dc: 0 nPixelsDC: 117 rate: 3.57221 eff: 0.974359
Roc: 10 dc: 0 nPixelsDC: 108 rate: 3.52564 eff: 0.962963
Roc: 11 dc: 0 nPixelsDC: 87 rate: 3.66932 eff: 0.965287
Roc: 12 dc: 0 nPixelsDC: 81 rate: 3.68788 eff: 0.962963
Roc: 12 dc: 24 nPixelsDC: 145 rate: 2.81167 eff: 0.97931
Roc: 13 dc: 0 nPixelsDC: 76 rate: 3.59312 eff: 0.96
Roc: 14 dc: 0 nPixelsDC: 82 rate: 1.93871 eff: 0.963415
Roc: 15 dc: 0 nPixelsDC: 91 rate: 3.11355 eff: 0.955165
Roc: 15 dc: 21 nPixelsDC: 150 rate: 1.35897 eff: 0.974133
Roc: 15 dc: 22 nPixelsDC: 151 rate: 1.3245 eff: 0.97351
Roc: 15 dc: 23 nPixelsDC: 153 rate: 0.586559 eff: 0.973856
Roc: 15 dc: 24 nPixelsDC: 156 rate: 0.0575279 eff: 0.974359
Roc: 0 dc: 0 nPixelsDC: 156 rate: 0 eff: 0.474359
Roc: 1 dc: 0 nPixelsDC: 55 rate: 4.10256 eff: 0.927273
Roc: 2 dc: 0 nPixelsDC: 72 rate: 2.51068 eff: 0.958333
Roc: 3 dc: 0 nPixelsDC: 48 rate: 4.05983 eff: 0.916667
Roc: 3 dc: 1 nPixelsDC: 85 rate: 4.99246 eff: 0.976471
Roc: 3 dc: 2 nPixelsDC: 96 rate: 5.78259 eff: 0.978333
Roc: 3 dc: 3 nPixelsDC: 98 rate: 5.62533 eff: 0.979592
Roc: 3 dc: 4 nPixelsDC: 92 rate: 5.42085 eff: 0.977609
Roc: 3 dc: 5 nPixelsDC: 91 rate: 5.69174 eff: 0.978022
Roc: 3 dc: 22 nPixelsDC: 99 rate: 5.01165 eff: 0.979798
Roc: 3 dc: 24 nPixelsDC: 91 rate: 5.70583 eff: 0.978022
Roc: 4 dc: 0 nPixelsDC: 122 rate: 4.77091 eff: 0.975082
Roc: 5 dc: 0 nPixelsDC: 123 rate: 5.78487 eff: 0.97561
Roc: 6 dc: 0 nPixelsDC: 100 rate: 5.01282 eff: 0.9694
Roc: 7 dc: 0 nPixelsDC: 106 rate: 4.11224 eff: 0.971698
Roc: 8 dc: 0 nPixelsDC: 156 rate: 0.0493097 eff: 0.487179
Roc: 9 dc: 0 nPixelsDC: 117 rate: 4.39404 eff: 0.974017
Roc: 10 dc: 0 nPixelsDC: 108 rate: 3.95299 eff: 0.972222
Roc: 11 dc: 0 nPixelsDC: 87 rate: 3.71353 eff: 0.965057
Roc: 12 dc: 0 nPixelsDC: 81 rate: 3.43463 eff: 0.962963
Roc: 12 dc: 24 nPixelsDC: 145 rate: 3.20071 eff: 0.979172
Roc: 13 dc: 0 nPixelsDC: 76 rate: 3.98111 eff: 0.960263
Roc: 14 dc: 0 nPixelsDC: 82 rate: 2.34522 eff: 0.963415
Roc: 15 dc: 0 nPixelsDC: 91 rate: 2.83178 eff: 0.967033
Roc: 15 dc: 24 nPixelsDC: 156 rate: 0.0575279 eff: 0.974359
Roc: 0 dc: 0 nPixelsDC: 156 rate: 0.0164366 eff: 0.487179
Roc: 1 dc: 0 nPixelsDC: 55 rate: 4.10256 eff: 0.931273
Roc: 2 dc: 0 nPixelsDC: 72 rate: 3.02707 eff: 0.958333
Roc: 3 dc: 0 nPixelsDC: 48 rate: 5.1282 eff: 0.91625
Roc: 3 dc: 1 nPixelsDC: 85 rate: 5.59578 eff: 0.976471
Roc: 3 dc: 2 nPixelsDC: 96 rate: 7.31838 eff: 0.978958
Roc: 3 dc: 3 nPixelsDC: 98 rate: 5.74307 eff: 0.978776
Roc: 3 dc: 4 nPixelsDC: 92 rate: 6.64716 eff: 0.978261
Roc: 3 dc: 5 nPixelsDC: 91 rate: 6.04396 eff: 0.977802
Roc: 3 dc: 8 nPixelsDC: 100 rate: 5.60256 eff: 0.9798
Roc: 3 dc: 22 nPixelsDC: 99 rate: 5.55556 eff: 0.979798
Roc: 3 dc: 24 nPixelsDC: 91 rate: 6.1144 eff: 0.978022
Roc: 4 dc: 0 nPixelsDC: 122 rate: 6.45229 eff: 0.97541
Roc: 5 dc: 0 nPixelsDC: 123 rate: 7.87992 eff: 0.975447
Roc: 6 dc: 0 nPixelsDC: 100 rate: 6.35897 eff: 0.9696
Roc: 7 dc: 0 nPixelsDC: 106 rate: 5.72085 eff: 0.971509
Roc: 8 dc: 0 nPixelsDC: 156 rate: 0.0164366 eff: 0.49359
Roc: 9 dc: 0 nPixelsDC: 117 rate: 5.95003 eff: 0.974188
Roc: 10 dc: 0 nPixelsDC: 108 rate: 4.77208 eff: 0.971296
Roc: 11 dc: 0 nPixelsDC: 87 rate: 4.2293 eff: 0.965517
Roc: 12 dc: 0 nPixelsDC: 81 rate: 4.03609 eff: 0.962963
Roc: 12 dc: 24 nPixelsDC: 145 rate: 3.45712 eff: 0.97931
Roc: 13 dc: 0 nPixelsDC: 76 rate: 4.52092 eff: 0.960526
Roc: 14 dc: 0 nPixelsDC: 82 rate: 2.29831 eff: 0.963171
Roc: 15 dc: 0 nPixelsDC: 91 rate: 3.46576 eff: 0.967033
Roc: 0 dc: 0 nPixelsDC: 156 rate: 0.00821828 eff: 0.487179
Roc: 1 dc: 0 nPixelsDC: 55 rate: 5.5711 eff: 0.945455
Roc: 2 dc: 0 nPixelsDC: 72 rate: 2.72436 eff: 0.958333
Roc: 3 dc: 0 nPixelsDC: 48 rate: 5.34188 eff: 0.916667
Roc: 3 dc: 1 nPixelsDC: 85 rate: 7.11915 eff: 0.976471
Roc: 3 dc: 2 nPixelsDC: 96 rate: 7.58547 eff: 0.978542
Roc: 3 dc: 3 nPixelsDC: 98 rate: 7.35217 eff: 0.979388
Roc: 3 dc: 4 nPixelsDC: 92 rate: 6.73077 eff: 0.977174
Roc: 3 dc: 5 nPixelsDC: 91 rate: 7.73457 eff: 0.978022
Roc: 3 dc: 8 nPixelsDC: 100 rate: 5.9359 eff: 0.9792
Roc: 3 dc: 22 nPixelsDC: 99 rate: 6.61746 eff: 0.978586
Roc: 3 dc: 23 nPixelsDC: 101 rate: 6.98147 eff: 0.979604
Roc: 3 dc: 24 nPixelsDC: 91 rate: 7.32601 eff: 0.977582
Roc: 4 dc: 0 nPixelsDC: 122 rate: 7.63976 eff: 0.975246
Roc: 5 dc: 0 nPixelsDC: 123 rate: 9.40171 eff: 0.972358
Roc: 6 dc: 0 nPixelsDC: 100 rate: 7.48718 eff: 0.9702
Roc: 8 dc: 0 nPixelsDC: 156 rate: 0.0493097 eff: 0.49359
Roc: 10 dc: 0 nPixelsDC: 108 rate: 5.81671 eff: 0.971852
Roc: 11 dc: 0 nPixelsDC: 87 rate: 4.73033 eff: 0.966207
Roc: 12 dc: 0 nPixelsDC: 81 rate: 5.53973 eff: 0.962716
Roc: 12 dc: 24 nPixelsDC: 145 rate: 4.5977 eff: 0.979172
Roc: 13 dc: 0 nPixelsDC: 76 rate: 4.2004 eff: 0.960263
Roc: 14 dc: 0 nPixelsDC: 82 rate: 1.86054 eff: 0.963415
Roc: 15 dc: 0 nPixelsDC: 91 rate: 3.71936 eff: 0.967033
Eff at 120MHz/cm^2 : ROC : 0 Eff: 0.99136 +/- 0
Eff at 120MHz/cm^2 : ROC : 1 Eff: 0.99136 +/- 0
Eff at 120MHz/cm^2 : ROC : 2 Eff: 0.99136 +/- 0
Eff at 120MHz/cm^2 : ROC : 3 Eff: 0.99136 +/- 0
Eff at 120MHz/cm^2 : ROC : 4 Eff: 0.99136 +/- 0
Eff at 120MHz/cm^2 : ROC : 5 Eff: 0.99136 +/- 0
Eff at 120MHz/cm^2 : ROC : 6 Eff: 0.99136 +/- 0
Eff at 120MHz/cm^2 : ROC : 7 Eff: 0.99136 +/- 0
Eff at 120MHz/cm^2 : ROC : 8 Eff: 0.99136 +/- 0
Eff at 120MHz/cm^2 : ROC : 9 Eff: 0.99136 +/- 0
Eff at 120MHz/cm^2 : ROC : 10 Eff: 0.99136 +/- 0
Eff at 120MHz/cm^2 : ROC : 11 Eff: 0.99136 +/- 0
Eff at 120MHz/cm^2 : ROC : 12 Eff: 0.99136 +/- 0
Eff at 120MHz/cm^2 : ROC : 13 Eff: 0.99136 +/- 0
Eff at 120MHz/cm^2 : ROC : 14 Eff: 0.99136 +/- 0
Eff at 120MHz/cm^2 : ROC : 15 Eff: 0.99136 +/- 0
High Rate Run: hr
Efficency at 120MHz/cm^2 : mh143 Eff: 0.99136 +/- 0
