[15:37:08.916]     INFO: *** Welcome to pxar ***
[15:37:08.916]     INFO: *** Today: 2016/01/06
[15:37:08.926]     INFO: *** Version: prod-12
[15:37:08.926]     INFO: readRocDacs: data/mh207/M-H-2-07_ElComandanteTest_2016-01-04_12h15m_1451931316/000_FPIXTest_p17/dacParameters35_C0.dat .. data/mh207/M-H-2-07_ElComandanteTest_2016-01-04_12h15m_1451931316/000_FPIXTest_p17/dacParameters35_C15.dat
[15:37:08.928]     INFO: readTbmDacs: data/mh207/M-H-2-07_ElComandanteTest_2016-01-04_12h15m_1451931316/000_FPIXTest_p17/tbmParameters_C0a.dat .. data/mh207/M-H-2-07_ElComandanteTest_2016-01-04_12h15m_1451931316/000_FPIXTest_p17/tbmParameters_C0b.dat
[15:37:08.928]     INFO: readMaskFile: data/mh207/M-H-2-07_ElComandanteTest_2016-01-04_12h15m_1451931316/000_FPIXTest_p17/defaultMaskFile.dat
[15:37:08.928]     INFO: readTrimFile: data/mh207/M-H-2-07_ElComandanteTest_2016-01-04_12h15m_1451931316/000_FPIXTest_p17/trimParameters35_C0.dat .. data/mh207/M-H-2-07_ElComandanteTest_2016-01-04_12h15m_1451931316/000_FPIXTest_p17/trimParameters35_C15.dat
[15:37:09.083]     INFO:         clk: 4
[15:37:09.083]     INFO:         ctr: 4
[15:37:09.083]     INFO:         sda: 19
[15:37:09.083]     INFO:         tin: 9
[15:37:09.083]     INFO:         level: 15
[15:37:09.083]     INFO:         triggerdelay: 0
[15:37:09.083]    QUIET: Instanciating API for pxar prod-12
[15:37:09.083]     INFO: Log level: DEBUG
[15:37:09.096]    QUIET: Connection to board DTB_WRPRHI opened.
[15:37:09.099]     INFO: DTB startup information
--- DTB info------------------------------------------
Board id:    58
HW version:  DTB1.2
FW version:  4.2
SW version:  4.5
USB id:      DTB_WRPRHI
MAC address: 40D85511803A
Hostname:    pixelDTB058
Comment:     
------------------------------------------------------
[15:37:09.102]     INFO: RPC call hashes of host and DTB match: 398089610
[15:37:10.704]     INFO: DUT info: 
[15:37:10.704]     INFO: The DUT currently contains the following objects:
[15:37:10.704]     INFO:  2 TBM Cores tbm08c (2 ON)
[15:37:10.704]     INFO: 	TBM Core alpha (0): 7 registers set
[15:37:10.704]     INFO: 	TBM Core beta  (1): 7 registers set
[15:37:10.704]     INFO: 16 ROCs psi46digv21respin (16 ON) with 4160 pixelConfigs
[15:37:10.704]     INFO: 	ROC 0: 19 DACs set, Pixels: 0 masked, 0 active.
[15:37:10.704]     INFO: 	ROC 1: 19 DACs set, Pixels: 0 masked, 0 active.
[15:37:10.704]     INFO: 	ROC 2: 19 DACs set, Pixels: 0 masked, 0 active.
[15:37:10.705]     INFO: 	ROC 3: 19 DACs set, Pixels: 0 masked, 0 active.
[15:37:10.705]     INFO: 	ROC 4: 19 DACs set, Pixels: 0 masked, 0 active.
[15:37:10.705]     INFO: 	ROC 5: 19 DACs set, Pixels: 0 masked, 0 active.
[15:37:10.705]     INFO: 	ROC 6: 19 DACs set, Pixels: 0 masked, 0 active.
[15:37:10.705]     INFO: 	ROC 7: 19 DACs set, Pixels: 0 masked, 0 active.
[15:37:10.705]     INFO: 	ROC 8: 19 DACs set, Pixels: 0 masked, 0 active.
[15:37:10.705]     INFO: 	ROC 9: 19 DACs set, Pixels: 0 masked, 0 active.
[15:37:10.705]     INFO: 	ROC 10: 19 DACs set, Pixels: 0 masked, 0 active.
[15:37:10.705]     INFO: 	ROC 11: 19 DACs set, Pixels: 0 masked, 0 active.
[15:37:10.705]     INFO: 	ROC 12: 19 DACs set, Pixels: 0 masked, 0 active.
[15:37:10.705]     INFO: 	ROC 13: 19 DACs set, Pixels: 0 masked, 0 active.
[15:37:10.705]     INFO: 	ROC 14: 19 DACs set, Pixels: 0 masked, 0 active.
[15:37:10.705]     INFO: 	ROC 15: 19 DACs set, Pixels: 0 masked, 0 active.
[15:37:10.705]    DEBUG: <PixTestParameters.cc/dump:L104> PixTestParameters: ->BB<-
[15:37:10.705]    DEBUG: <PixTestParameters.cc/dump:L107>   dumpall: checkbox(0)
[15:37:10.705]    DEBUG: <PixTestParameters.cc/dump:L107>   dumpproblematic: checkbox(0)
[15:37:10.705]    DEBUG: <PixTestParameters.cc/dump:L107>   ntrig: 5
[15:37:10.705]    DEBUG: <PixTestParameters.cc/dump:L107>   vcals: 250
[15:37:10.705]    DEBUG: <PixTestParameters.cc/dump:L104> PixTestParameters: ->BB2<-
[15:37:10.705]    DEBUG: <PixTestParameters.cc/dump:L107>   ntrig: 10
[15:37:10.705]    DEBUG: <PixTestParameters.cc/dump:L107>   vcals: 222
[15:37:10.705]    DEBUG: <PixTestParameters.cc/dump:L107>   plwidth: 35
[15:37:10.705]    DEBUG: <PixTestParameters.cc/dump:L107>   pix: 11,20
[15:37:10.705]    DEBUG: <PixTestParameters.cc/dump:L107>   targetia: 24
[15:37:10.705]    DEBUG: <PixTestParameters.cc/dump:L104> PixTestParameters: ->BB3<-
[15:37:10.705]    DEBUG: <PixTestParameters.cc/dump:L107>   dumpall: checkbox(0)
[15:37:10.706]    DEBUG: <PixTestParameters.cc/dump:L107>   dumpproblematic: checkbox(0)
[15:37:10.706]    DEBUG: <PixTestParameters.cc/dump:L107>   ntrig: 5
[15:37:10.706]    DEBUG: <PixTestParameters.cc/dump:L107>   vcals: 250
[15:37:10.706]    DEBUG: <PixTestParameters.cc/dump:L104> PixTestParameters: ->BB4<-
[15:37:10.706]    DEBUG: <PixTestParameters.cc/dump:L107>   savecaldelscan: checkbox(0)
[15:37:10.706]    DEBUG: <PixTestParameters.cc/dump:L107>   ntrig: 100
[15:37:10.706]    DEBUG: <PixTestParameters.cc/dump:L107>   cals: 1
[15:37:10.706]    DEBUG: <PixTestParameters.cc/dump:L107>   caldello: 80
[15:37:10.706]    DEBUG: <PixTestParameters.cc/dump:L107>   caldelhi: 200
[15:37:10.706]    DEBUG: <PixTestParameters.cc/dump:L107>   caldelstep: 10
[15:37:10.706]    DEBUG: <PixTestParameters.cc/dump:L107>   vthrcomplo: 70
[15:37:10.706]    DEBUG: <PixTestParameters.cc/dump:L107>   vthrcomphi: 130
[15:37:10.706]    DEBUG: <PixTestParameters.cc/dump:L107>   vthrcompstep: 5
[15:37:10.706]    DEBUG: <PixTestParameters.cc/dump:L107>   noisypixels: 10
[15:37:10.706]    DEBUG: <PixTestParameters.cc/dump:L107>   vcal: 255
[15:37:10.706]    DEBUG: <PixTestParameters.cc/dump:L107>   cut: 0.5
[15:37:10.706]    DEBUG: <PixTestParameters.cc/dump:L104> PixTestParameters: ->Cmd<-
[15:37:10.706]    DEBUG: <PixTestParameters.cc/dump:L104> PixTestParameters: ->DAQ<-
[15:37:10.706]    DEBUG: <PixTestParameters.cc/dump:L107>   delaytbm: checkbox
[15:37:10.706]    DEBUG: <PixTestParameters.cc/dump:L107>   filltree: checkbox
[15:37:10.706]    DEBUG: <PixTestParameters.cc/dump:L107>   trgfrequency(khz): 100
[15:37:10.706]    DEBUG: <PixTestParameters.cc/dump:L107>   maskhotpixels: button
[15:37:10.706]    DEBUG: <PixTestParameters.cc/dump:L107>   trgnumber: 5
[15:37:10.706]    DEBUG: <PixTestParameters.cc/dump:L107>   iterations: 10
[15:37:10.706]    DEBUG: <PixTestParameters.cc/dump:L107>   rundaqtrg: button
[15:37:10.706]    DEBUG: <PixTestParameters.cc/dump:L107>   daqseconds: 5
[15:37:10.706]    DEBUG: <PixTestParameters.cc/dump:L107>   rundaqseconds: button
[15:37:10.706]    DEBUG: <PixTestParameters.cc/dump:L104> PixTestParameters: ->DacDacScan<-
[15:37:10.706]    DEBUG: <PixTestParameters.cc/dump:L107>   phmap: checkbox
[15:37:10.706]    DEBUG: <PixTestParameters.cc/dump:L107>   ntrig: 10
[15:37:10.706]    DEBUG: <PixTestParameters.cc/dump:L107>   dac1: caldel
[15:37:10.706]    DEBUG: <PixTestParameters.cc/dump:L107>   dac1lo: 0
[15:37:10.706]    DEBUG: <PixTestParameters.cc/dump:L107>   dac1hi: 255
[15:37:10.706]    DEBUG: <PixTestParameters.cc/dump:L107>   dac2: vthrcomp
[15:37:10.706]    DEBUG: <PixTestParameters.cc/dump:L107>   dac2lo: 0
[15:37:10.706]    DEBUG: <PixTestParameters.cc/dump:L107>   dac2hi: 255
[15:37:10.706]    DEBUG: <PixTestParameters.cc/dump:L107>   pix: 11,20
[15:37:10.706]    DEBUG: <PixTestParameters.cc/dump:L104> PixTestParameters: ->DacScan<-
[15:37:10.706]    DEBUG: <PixTestParameters.cc/dump:L107>   phmap: checkbox(1)
[15:37:10.706]    DEBUG: <PixTestParameters.cc/dump:L107>   allpixels: checkbox(0)
[15:37:10.706]    DEBUG: <PixTestParameters.cc/dump:L107>   unmasked: checkbox(0)
[15:37:10.706]    DEBUG: <PixTestParameters.cc/dump:L107>   ntrig: 10
[15:37:10.706]    DEBUG: <PixTestParameters.cc/dump:L107>   dac: vcal
[15:37:10.706]    DEBUG: <PixTestParameters.cc/dump:L107>   daclo: 0
[15:37:10.706]    DEBUG: <PixTestParameters.cc/dump:L107>   dachi: 255
[15:37:10.706]    DEBUG: <PixTestParameters.cc/dump:L107>   pix: 11,20
[15:37:10.706]    DEBUG: <PixTestParameters.cc/dump:L104> PixTestParameters: ->GainPedestal<-
[15:37:10.706]    DEBUG: <PixTestParameters.cc/dump:L107>   showfits: checkbox(0)
[15:37:10.706]    DEBUG: <PixTestParameters.cc/dump:L107>   extended: checkbox(0)
[15:37:10.706]    DEBUG: <PixTestParameters.cc/dump:L107>   dumphists: checkbox(0)
[15:37:10.706]    DEBUG: <PixTestParameters.cc/dump:L107>   ntrig: 10
[15:37:10.706]    DEBUG: <PixTestParameters.cc/dump:L107>   vcalstep: 10
[15:37:10.706]    DEBUG: <PixTestParameters.cc/dump:L107>   measure: button
[15:37:10.706]    DEBUG: <PixTestParameters.cc/dump:L107>   fit: button
[15:37:10.706]    DEBUG: <PixTestParameters.cc/dump:L107>   save: button
[15:37:10.706]    DEBUG: <PixTestParameters.cc/dump:L104> PixTestParameters: ->HighRate<-
[15:37:10.706]    DEBUG: <PixTestParameters.cc/dump:L107>   pix: 11,20
[15:37:10.707]    DEBUG: <PixTestParameters.cc/dump:L107>   trimhotpixels: button
[15:37:10.707]    DEBUG: <PixTestParameters.cc/dump:L107>   trimhotpixelthr: 200
[15:37:10.707]    DEBUG: <PixTestParameters.cc/dump:L107>   runsecondshotpixels: 10
[15:37:10.707]    DEBUG: <PixTestParameters.cc/dump:L107>   savetrimbits: checkbox(1)
[15:37:10.707]    DEBUG: <PixTestParameters.cc/dump:L107>   maskuntrimmable: checkbox(1)
[15:37:10.707]    DEBUG: <PixTestParameters.cc/dump:L107>   maskhotpixels: button
[15:37:10.707]    DEBUG: <PixTestParameters.cc/dump:L107>   savemaskfile: checkbox(0)
[15:37:10.707]    DEBUG: <PixTestParameters.cc/dump:L107>   maskfilename: default
[15:37:10.707]    DEBUG: <PixTestParameters.cc/dump:L107>   caldelscan: button
[15:37:10.707]    DEBUG: <PixTestParameters.cc/dump:L107>   xpixelalive: button
[15:37:10.707]    DEBUG: <PixTestParameters.cc/dump:L107>   ntrig: 50
[15:37:10.707]    DEBUG: <PixTestParameters.cc/dump:L107>   vcal: 200
[15:37:10.707]    DEBUG: <PixTestParameters.cc/dump:L107>   xnoisemaps: button
[15:37:10.707]    DEBUG: <PixTestParameters.cc/dump:L107>   daclo: 0
[15:37:10.707]    DEBUG: <PixTestParameters.cc/dump:L107>   dachi: 100
[15:37:10.707]    DEBUG: <PixTestParameters.cc/dump:L107>   dacs/step: 20
[15:37:10.707]    DEBUG: <PixTestParameters.cc/dump:L107>   rundaq: button
[15:37:10.707]    DEBUG: <PixTestParameters.cc/dump:L107>   trgfrequency(khz): 20
[15:37:10.707]    DEBUG: <PixTestParameters.cc/dump:L107>   runseconds: 2
[15:37:10.707]    DEBUG: <PixTestParameters.cc/dump:L107>   triggerdelay: 20
[15:37:10.707]    DEBUG: <PixTestParameters.cc/dump:L107>   delaytbm: checkbox
[15:37:10.707]    DEBUG: <PixTestParameters.cc/dump:L107>   filltree: checkbox
[15:37:10.707]    DEBUG: <PixTestParameters.cc/dump:L104> PixTestParameters: ->IV<-
[15:37:10.707]    DEBUG: <PixTestParameters.cc/dump:L107>   port: /dev/FIXME
[15:37:10.707]    DEBUG: <PixTestParameters.cc/dump:L107>   voltagestart: 0
[15:37:10.707]    DEBUG: <PixTestParameters.cc/dump:L107>   voltagestop: 600
[15:37:10.707]    DEBUG: <PixTestParameters.cc/dump:L107>   voltagestep: 5
[15:37:10.707]    DEBUG: <PixTestParameters.cc/dump:L107>   delay: 1
[15:37:10.707]    DEBUG: <PixTestParameters.cc/dump:L107>   compliance(ua): 100
[15:37:10.707]    DEBUG: <PixTestParameters.cc/dump:L104> PixTestParameters: ->PhOptimization<-
[15:37:10.707]    DEBUG: <PixTestParameters.cc/dump:L107>   ntrig: 10
[15:37:10.707]    DEBUG: <PixTestParameters.cc/dump:L107>   safetymarginlow: 20
[15:37:10.707]    DEBUG: <PixTestParameters.cc/dump:L107>   saturationvcal: 100
[15:37:10.707]    DEBUG: <PixTestParameters.cc/dump:L107>   quantilesaturation: 0.98
[15:37:10.707]    DEBUG: <PixTestParameters.cc/dump:L104> PixTestParameters: ->PixelAlive<-
[15:37:10.707]    DEBUG: <PixTestParameters.cc/dump:L107>   ntrig: 10
[15:37:10.707]    DEBUG: <PixTestParameters.cc/dump:L107>   vcal: 200
[15:37:10.707]    DEBUG: <PixTestParameters.cc/dump:L107>   alivetest: button
[15:37:10.707]    DEBUG: <PixTestParameters.cc/dump:L107>   masktest: button
[15:37:10.707]    DEBUG: <PixTestParameters.cc/dump:L107>   addressdecodingtest: button
[15:37:10.707]    DEBUG: <PixTestParameters.cc/dump:L104> PixTestParameters: ->Pretest<-
[15:37:10.707]    DEBUG: <PixTestParameters.cc/dump:L107>   programroc: button
[15:37:10.707]    DEBUG: <PixTestParameters.cc/dump:L107>   targetia: 24
[15:37:10.707]    DEBUG: <PixTestParameters.cc/dump:L107>   setvana: button
[15:37:10.707]    DEBUG: <PixTestParameters.cc/dump:L107>   iterations: 100
[15:37:10.707]    DEBUG: <PixTestParameters.cc/dump:L107>   settimings: button
[15:37:10.707]    DEBUG: <PixTestParameters.cc/dump:L107>   findtiming: button
[15:37:10.707]    DEBUG: <PixTestParameters.cc/dump:L107>   findworkingpixel: button
[15:37:10.707]    DEBUG: <PixTestParameters.cc/dump:L107>   setvthrcompcaldel: button
[15:37:10.707]    DEBUG: <PixTestParameters.cc/dump:L107>   pix: 11,20
[15:37:10.707]    DEBUG: <PixTestParameters.cc/dump:L107>   vcal: 250
[15:37:10.707]    DEBUG: <PixTestParameters.cc/dump:L107>   deltavthrcomp: 50
[15:37:10.707]    DEBUG: <PixTestParameters.cc/dump:L107>   fraccaldel: 0.5
[15:37:10.707]    DEBUG: <PixTestParameters.cc/dump:L107>   ntrig: 5
[15:37:10.707]    DEBUG: <PixTestParameters.cc/dump:L107>   savedacs: button
[15:37:10.707]    DEBUG: <PixTestParameters.cc/dump:L104> PixTestParameters: ->Readback<-
[15:37:10.707]    DEBUG: <PixTestParameters.cc/dump:L107>   calibratevd: button
[15:37:10.707]    DEBUG: <PixTestParameters.cc/dump:L107>   calibrateva: button
[15:37:10.708]    DEBUG: <PixTestParameters.cc/dump:L107>   calibrateia: button
[15:37:10.708]    DEBUG: <PixTestParameters.cc/dump:L107>   readbackvbg: button
[15:37:10.708]    DEBUG: <PixTestParameters.cc/dump:L107>   getcalibratedvbg: button
[15:37:10.708]    DEBUG: <PixTestParameters.cc/dump:L107>   usecalvd: checkbox(1)
[15:37:10.708]    DEBUG: <PixTestParameters.cc/dump:L107>   usecalva: checkbox(0)
[15:37:10.708]    DEBUG: <PixTestParameters.cc/dump:L107>   setvana: button
[15:37:10.708]    DEBUG: <PixTestParameters.cc/dump:L104> PixTestParameters: ->Scurves<-
[15:37:10.708]    DEBUG: <PixTestParameters.cc/dump:L107>   adjustvcal: checkbox(0)
[15:37:10.708]    DEBUG: <PixTestParameters.cc/dump:L107>   dumpall: checkbox(0)
[15:37:10.708]    DEBUG: <PixTestParameters.cc/dump:L107>   dumpproblematic: checkbox(0)
[15:37:10.708]    DEBUG: <PixTestParameters.cc/dump:L107>   dumpoutputfile: checkbox(0)
[15:37:10.708]    DEBUG: <PixTestParameters.cc/dump:L107>   ntrig: 50
[15:37:10.708]    DEBUG: <PixTestParameters.cc/dump:L107>   dac: Vcal
[15:37:10.708]    DEBUG: <PixTestParameters.cc/dump:L107>   daclo: 0
[15:37:10.708]    DEBUG: <PixTestParameters.cc/dump:L107>   dachi: 200
[15:37:10.708]    DEBUG: <PixTestParameters.cc/dump:L107>   dacs/step: -1
[15:37:10.708]    DEBUG: <PixTestParameters.cc/dump:L107>   ntrig/step: -1
[15:37:10.708]    DEBUG: <PixTestParameters.cc/dump:L107>   scurves: button
[15:37:10.708]    DEBUG: <PixTestParameters.cc/dump:L104> PixTestParameters: ->Timing<-
[15:37:10.708]    DEBUG: <PixTestParameters.cc/dump:L107>   targetclk: 4
[15:37:10.708]    DEBUG: <PixTestParameters.cc/dump:L107>   ntrig: 10
[15:37:10.708]    DEBUG: <PixTestParameters.cc/dump:L107>   clocksdascan: button
[15:37:10.708]    DEBUG: <PixTestParameters.cc/dump:L107>   notokenpass: checkbox(0)
[15:37:10.708]    DEBUG: <PixTestParameters.cc/dump:L107>   phasescan: button
[15:37:10.708]    DEBUG: <PixTestParameters.cc/dump:L107>   levelscan: button
[15:37:10.708]    DEBUG: <PixTestParameters.cc/dump:L107>   tbmphasescan: button
[15:37:10.708]    DEBUG: <PixTestParameters.cc/dump:L107>   rocdelayscan: button
[15:37:10.708]    DEBUG: <PixTestParameters.cc/dump:L107>   timingtest: button
[15:37:10.708]    DEBUG: <PixTestParameters.cc/dump:L107>   saveparameters: button
[15:37:10.708]    DEBUG: <PixTestParameters.cc/dump:L104> PixTestParameters: ->Trim<-
[15:37:10.708]    DEBUG: <PixTestParameters.cc/dump:L107>   trim: button
[15:37:10.708]    DEBUG: <PixTestParameters.cc/dump:L107>   ntrig: 8
[15:37:10.708]    DEBUG: <PixTestParameters.cc/dump:L107>   vcal: 35
[15:37:10.708]    DEBUG: <PixTestParameters.cc/dump:L107>   trimbits: button
[15:37:10.708]    DEBUG: <PixTestParameters.cc/dump:L104> PixTestParameters: ->Xray<-
[15:37:10.708]    DEBUG: <PixTestParameters.cc/dump:L107>   maskhotpixels: button
[15:37:10.708]    DEBUG: <PixTestParameters.cc/dump:L107>   savemaskfile: checkbox(0)
[15:37:10.708]    DEBUG: <PixTestParameters.cc/dump:L107>   maskfilename: default
[15:37:10.708]    DEBUG: <PixTestParameters.cc/dump:L107>   source: Ag
[15:37:10.708]    DEBUG: <PixTestParameters.cc/dump:L107>   phrun: button
[15:37:10.708]    DEBUG: <PixTestParameters.cc/dump:L107>   runseconds: 180
[15:37:10.708]    DEBUG: <PixTestParameters.cc/dump:L107>   trgfrequency(khz): 100
[15:37:10.708]    DEBUG: <PixTestParameters.cc/dump:L107>   ratescan: button
[15:37:10.708]    DEBUG: <PixTestParameters.cc/dump:L107>   vthrcompmin: 10
[15:37:10.708]    DEBUG: <PixTestParameters.cc/dump:L107>   vthrcompmax: 80
[15:37:10.708]    DEBUG: <PixTestParameters.cc/dump:L107>   stepseconds: 5
[15:37:10.708]    DEBUG: <PixTestParameters.cc/dump:L107>   delaytbm: checkbox
[15:37:10.708]    DEBUG: <PixTestParameters.cc/dump:L107>   filltree: checkbox
[15:37:10.710]    DEBUG: <PixSetup.cc/init:L81> PixSetup init start; getCurrentRSS() = 37429248
[15:37:10.711]    DEBUG: <PixSetup.cc/init:L87> fPixTestParameters = 0x19d8380
[15:37:10.711]    DEBUG: <PixSetup.cc/init:L88>  fConfigParameters = 0x194dc10
[15:37:10.711]    DEBUG: <PixSetup.cc/init:L89>        fPxarMemory = 0x7f5369393010
[15:37:10.711]    DEBUG: <PixSetup.cc/init:L90>         fPxarMemHi = 0x7f536f5fe510
[15:37:10.711]    DEBUG: <PixSetup.cc/init:L106> PixSetup init done;  getCurrentRSS() = 37437440 fPxarMemory = 0x7f5369393010
[15:37:10.712]    DEBUG: <pXar.cc/main:L223> Initial Analog Current: 386.7mA
[15:37:10.713]    DEBUG: <pXar.cc/main:L224> Initial Digital Current: 475.9mA
[15:37:10.713]    DEBUG: <pXar.cc/main:L225> Initial Module Temperature: 26.5 C
[15:37:11.218]    DEBUG: <PixGui.cc/hvOn:L460> HV set On: 0x1f96630
[15:37:11.284]    DEBUG: <PixTestFactory.cc/PixTestFactory:L53> PixTestFactory::PixTestFactory()
[15:37:11.284]    DEBUG: <PixTestBBMap.cc/init:L79> PixTestBBMap::init()
[15:37:11.285]    DEBUG: <PixTestBBMap.cc/PixTestBBMap:L27> PixTestBBMap ctor(PixSetup &a, string, TGTab *)
[15:37:11.290]    DEBUG: <PixTestBB2Map.cc/setParameter:L58> setting fTargetIa    = 24 mA/ROC
[15:37:11.290]    DEBUG: <PixTestBB2Map.cc/init:L97> PixTestBB2Map::init()
[15:37:11.290]    DEBUG: <PixTestBB2Map.cc/PixTestBB2Map:L29> PixTestBB2Map ctor(PixSetup &a, string, TGTab *)
[15:37:11.301]    DEBUG: <PixTestBB3Map.cc/init:L81> PixTestBB3Map::init()
[15:37:11.301]    DEBUG: <PixTestBB3Map.cc/PixTestBB3Map:L29> PixTestBB3Map ctor(PixSetup &a, string, TGTab *)
[15:37:11.318]    DEBUG: <PixTestBB4Map.cc/init:L93> PixTestBB4Map::init()
[15:37:11.318]    DEBUG: <PixTestBB4Map.cc/PixTestBB4Map:L26> PixTestMapeff ctor(PixSetup &a, string, TGTab *)
[15:37:11.333]     INFO: PixTestCmd::init()
[15:37:11.347]    DEBUG: <PixTestDaq.cc/init:L44> PixTestDaq::init()
[15:37:11.347]    DEBUG: <PixTestDaq.cc/PixTestDaq:L22> PixTestDaq ctor(PixSetup &a, string, TGTab *)
[15:37:11.347]     INFO: readGainPedestalParameters data/mh207/M-H-2-07_ElComandanteTest_2016-01-04_12h15m_1451931316/000_FPIXTest_p17/phCalibrationFitErr35_C0.dat .. data/mh207/M-H-2-07_ElComandanteTest_2016-01-04_12h15m_1451931316/000_FPIXTest_p17/phCalibrationFitErr35_C15.dat
[15:37:11.591]    DEBUG: <PixTestDacDacScan.cc/init:L103> PixTestDacDacScan::init()
[15:37:11.591]    DEBUG: <PixTestDacDacScan.cc/PixTestDacDacScan:L22> PixTestDacDacScan ctor(PixSetup &a, string, TGTab *)
[15:37:11.606]    DEBUG: <PixTestGainPedestal.cc/setParameter:L83> PixTestGainPedestal::PixTest() fVcalStep = 10
[15:37:11.613]    DEBUG: <PixTestHighRate.cc/setParameter:L68>   setting fParTriggerFrequency -> 20
[15:37:11.613]    DEBUG: <PixTestHighRate.cc/init:L198> PixTestHighRate::init()
[15:37:11.613]    DEBUG: <PixTestHighRate.cc/PixTestHighRate:L31> PixTestHighRate ctor(PixSetup &a, string, TGTab *)
[15:37:11.637]    DEBUG: <PixTest.cc/setTestParameter:L637>  setting  ntrig to new value 10
[15:37:11.637]    DEBUG: <PixTestPhOptimization.cc/setParameter:L37>   setting fParNtrig  ->10<- from sval = 10
[15:37:11.637]    DEBUG: <PixTestPhOptimization.cc/setParameter:L42>   setting fSafetyMarginLow  ->20<- from sval = 20
[15:37:11.637]    DEBUG: <PixTestPhOptimization.cc/setParameter:L48>   setting fVcalMax  ->100<- from sval = 100
[15:37:11.637]    DEBUG: <PixTestPhOptimization.cc/setParameter:L53>   setting fQuantMax  ->0.98<- from sval = 0.98
[15:37:11.643]    DEBUG: <PixTestAlive.cc/init:L77> PixTestAlive::init()
[15:37:11.643]    DEBUG: <PixTestAlive.cc/PixTestAlive:L21> PixTestAlive ctor(PixSetup &a, string, TGTab *)
[15:37:11.663]    DEBUG: <PixTestReadback.cc/setParameter:L172> fCalwVd set to 1
[15:37:11.664]    DEBUG: <PixTestReadback.cc/init:L95> PixTestReadback::init()
[15:37:11.664]    DEBUG: <PixTestReadback.cc/PixTestReadback:L22> PixTestReadback ctor(PixSetup &a, string, TGTab *)
[15:37:11.664]     INFO: readReadbackCal: data/mh207/M-H-2-07_ElComandanteTest_2016-01-04_12h15m_1451931316/000_FPIXTest_p17/readbackCal_C0.dat .. data/mh207/M-H-2-07_ElComandanteTest_2016-01-04_12h15m_1451931316/000_FPIXTest_p17/readbackCal_C15.dat
[15:37:11.673]    DEBUG: <PixTestScurves.cc/setParameter:L93> set fOutputFilename = 
[15:37:11.680]    DEBUG: <PixTestTiming.cc/setParameter:L60> PixTestTiming::PixTest() targetclk = 4
[15:37:11.680]    DEBUG: <PixTestTiming.cc/setParameter:L64> PixTestTiming::PixTest() ntrig = 10
[15:37:11.680]    DEBUG: <PixTestTiming.cc/setParameter:L48> fNoTokenPass: 0
[15:37:11.680]    DEBUG: <PixTestTiming.cc/init:L74> PixTestTiming::init()
[15:37:11.699]    DEBUG: <PixTestXray.cc/init:L134> PixTestXray::init()
[15:37:11.699]    DEBUG: <PixTestXray.cc/PixTestXray:L28> PixTestXray ctor(PixSetup &a, string, TGTab *)
[15:37:17.583]    DEBUG: <PixTab.cc/buttonClicked:L308> xxxPressed():  caldelscan
[15:37:17.583]    DEBUG: <PixTestHighRate.cc/runCommand:L157> running command: caldelscan
[15:37:17.583]     INFO:    ----------------------------------------------------------------------
[15:37:17.583]     INFO:    PixTestHighRate::calDelScan() ntrig = 10, vcal = 200
[15:37:17.583]     INFO:    ----------------------------------------------------------------------
[15:37:17.723]     INFO: Expecting 768 events.
[15:37:18.861]     INFO: 768 events read in total (420ms).
[15:37:19.050]     INFO: Test took 1462ms.
[15:37:19.056]    DEBUG: <PixTest.cc/efficiencyMaps:L396>       attempt #0
[15:37:19.727]     INFO: Expecting 41600 events.
[15:37:22.863]     INFO: 41600 events read in total (2609ms).
[15:37:22.866]     INFO: Test took 3810ms.
[15:37:22.915]     INFO: Fetched DAQ statistics. Counters are being reset now.
[15:37:22.915]    DEBUG: <PixTest.cc/efficiencyMaps:L407>  eff result size = 265164
[15:37:22.915]    DEBUG: <PixTest.cc/efficiencyMaps:L412> Create hists HR_xeff_CalDelScan_step0_C0 .. HR_xeff_CalDelScan_step0_C15
[15:37:22.915]    DEBUG: <PixTest.cc/efficiencyMaps:L426> booking xray maps for unmasked detector
[15:37:22.942]    DEBUG: <PixTest.cc/efficiencyMaps:L396>       attempt #0
[15:37:23.609]     INFO: Expecting 41600 events.
[15:37:26.841]     INFO: 41600 events read in total (2705ms).
[15:37:26.844]     INFO: Test took 3902ms.
[15:37:26.893]     INFO: Fetched DAQ statistics. Counters are being reset now.
[15:37:26.893]    DEBUG: <PixTest.cc/efficiencyMaps:L407>  eff result size = 273216
[15:37:26.893]    DEBUG: <PixTest.cc/efficiencyMaps:L412> Create hists HR_xeff_CalDelScan_step1_C0 .. HR_xeff_CalDelScan_step1_C15
[15:37:26.893]    DEBUG: <PixTest.cc/efficiencyMaps:L426> booking xray maps for unmasked detector
[15:37:26.921]    DEBUG: <PixTest.cc/efficiencyMaps:L396>       attempt #0
[15:37:27.588]     INFO: Expecting 41600 events.
[15:37:30.871]     INFO: 41600 events read in total (2757ms).
[15:37:30.873]     INFO: Test took 3952ms.
[15:37:30.922]     INFO: Fetched DAQ statistics. Counters are being reset now.
[15:37:30.922]    DEBUG: <PixTest.cc/efficiencyMaps:L407>  eff result size = 275188
[15:37:30.922]    DEBUG: <PixTest.cc/efficiencyMaps:L412> Create hists HR_xeff_CalDelScan_step2_C0 .. HR_xeff_CalDelScan_step2_C15
[15:37:30.922]    DEBUG: <PixTest.cc/efficiencyMaps:L426> booking xray maps for unmasked detector
[15:37:30.950]    DEBUG: <PixTest.cc/efficiencyMaps:L396>       attempt #0
[15:37:31.616]     INFO: Expecting 41600 events.
[15:37:34.373]    ERROR: <datapipe.cc/CheckEventValidity:L480> Channel 0 has NoTokenPass but 8 ROCs were found
[15:37:34.373]  WARNING: Channel 1 ROC 7: Readback start marker after 6 readouts!
[15:37:34.373]    ERROR: <datapipe.cc/Read:L164> Dumping the flawed event +- 3 events:
[15:37:34.373]    ERROR: <datapipe.cc/Read:L166> ====== 0 ====== a035 80c0 43c8 6c9 2280 43c8 6c9 2281 43c8 6c9 2283 43c8 6c9 226c 715 2245 43c8 48 2424 6c9 228d 43c8 6c9 2281 43c8 6c9 22a9 43c8 6c9 22a5 80d 2484 e002 c000 
[15:37:34.373]    ERROR: <datapipe.cc/Read:L166> ====== 0 ====== a02f 8040 438a 6c9 2282 438b 6c9 2281 438b 6c9 2285 438a 6c9 226b 4388 6c9 228d 438a 4c1 2841 6c9 22a1 4388 6c9 228f 438b 480 242f 6c9 22a5 e002 c000 
[15:37:34.373]    ERROR: <datapipe.cc/Read:L166> ====== 0 ====== a030 80b1 4388 6c9 226f 4388 6c9 226f 4388 6c9 2286 4388 6c9 226e 852 242c 84b 2246 4389 6c9 2283 4388 6c9 2289 4388 6c9 2289 4388 45a 2a66 50c 2425 6c9 228f e002 c000 
[15:37:34.373]    ERROR: <datapipe.cc/Read:L166> ====== 0 ====== a031 80c0 4388 6c9 2282 4388 6c9 2281 4388 6c9 2285 4388 6c9 226f 4388 6c9 2287 4389 549 284c 6c9 228c 4388 6c9 2287 4389 6c9 228b e002 c000 
[15:37:34.373]    ERROR: <datapipe.cc/Read:L166> ====== 2 ====== a032 8000 4388 6c9 2282 4388 6c9 2283 4389 6c9 2285 4389 6c9 226a 4388 6c9 2289 4388 4d0 2269 6c9 22a2 4389 20a 2a4f 458 286d 16c9 228d 43c8 fff 2ffd ffe 2020 ff 2fff fff 2fff fff 2fff fff 2fff fff 2fff fff 2fff fff 2fff fff 2fff fff 2fff fff 2fff fff 2fff fff 2fff fff 2fff fff 2fff fff 2fff fff 2fff fff 2fff fff 2fff fff 2fff fff 2fff fff 2fff fff 2fff fff 
[15:37:34.373]    ERROR: <datapipe.cc/Read:L166> ====== 0 ====== a033 8040 43c8 50 2a64 6c9 2282 43c9 6c9 2281 43c8 6c9 2285 43c9 6c9 226e 43c8 695 2480 6c9 228d 43c9 6c9 2288 43c8 6c9 228d 43c9 6c9 228d e002 c000 
[15:37:34.373]    ERROR: <datapipe.cc/Read:L166> ====== 0 ====== a034 80b1 43c8 6c9 2282 84b 2469 43c8 6c9 2280 43c8 6c9 2288 43c8 6c9 2281 43c8 a2 2641 6c9 2288 43c8 6c9 228c 43c8 511 2861 603 2041 43c8 6c9 228f e002 c000 
[15:37:34.373]    ERROR: <datapipe.cc/Read:L164> Dumping the flawed event +- 3 events:
[15:37:34.373]    ERROR: <datapipe.cc/Read:L166> ====== 0 ====== a135 80c0 43c8 6c9 226d 43c8 6c9 2283 43c8 491 2a46 6c9 226f 43c8 354 264d 6c9 228c 43c8 6c9 228d 43c8 6c9 2285 43c8 6c9 228f 43c8 6c9 226f e002 c000 
[15:37:34.373]    ERROR: <datapipe.cc/Read:L166> ====== 0 ====== a12f 8040 438a 6c9 2284 438a 44a 2046 6c9 2285 438b 6c9 226c 701 2649 851 2046 4389 6c9 2285 438a 6c9 2282 438b 6c9 228f 438b 6c9 228d 4389 6c9 228b e002 c000 
[15:37:34.373]    ERROR: <datapipe.cc/Read:L166> ====== 0 ====== a130 80b1 4389 658 2240 6c9 226f 4389 6c9 2282 4389 6c9 2281 4389 298 204c 4c9 2849 6c9 2269 4389 118 282f 6c9 22a2 4389 6c9 2288 4389 6c9 2285 4389 6c9 226f e002 c000 
[15:37:34.373]    ERROR: <datapipe.cc/Read:L166> ====== 0 ====== a131 80c0 4388 699 262f 699 2a2f 6c9 2285 4388 6c9 2283 4388 6c9 226f 4388 659 2425 6c9 2282 4389 6c9 228f 4389 314 204d 30c 2245 6c9 228d 4389 6c9 228e 4388 6c9 2287 e002 c000 
[15:37:34.373]    ERROR: <datapipe.cc/Read:L166> ====== 0 ====== a132 8000 4388 6c9 2288 4388 6c9 2284 4389 551 204f 65c 2845 6c9 2281 4388 6c9 226a 4388 150 2427 6c9 228c 4388 6c9 228d 43c9 6c9 228f 43cb 29 2ab3 1 2a48 e002 c000 
[15:37:34.373]    ERROR: <datapipe.cc/Read:L166> ====== 0 ====== a133 8040 43c8 48c 2824 6c9 226b 43c9 6c9 2283 43c8 6c9 2285 43c8 6c9 2280 43c8 6c9 228d 43c9 6c9 228c 43c8 160 264a 6c9 228f 43c8 6c9 2289 e002 c000 
[15:37:34.373]    ERROR: <datapipe.cc/Read:L166> ====== 0 ====== a134 80b1 43c8 6c9 228f 43c8 c2 2a42 6c9 2287 43c8 6c9 226f 43c8 698 2a4a 6c9 2284 43c8 258 2a27 55d 2843 6c9 2285 43c8 6c9 2287 43c8 6c9 228f 43c8 6c9 2283 e002 c000 
[15:37:34.373]  WARNING: Channel 1 ROC 7: Readback start marker after 10 readouts!
[15:37:34.374]    ERROR: <datapipe.cc/Read:L164> Dumping the flawed event +- 3 events:
[15:37:34.374]    ERROR: <datapipe.cc/Read:L166> ====== 0 ====== a13f 8040 43ca 6c8 2a6c 43ca 6c8 2a81 43cb d 242f 49 204d 6c8 2a81 841 262c 43c9 55d 2060 6c8 2a85 43ca 2cc 2245 6c8 2a8a 43cb 6c8 2a88 43cb 152 2a2f 6c8 2a85 43c9 6c8 2a83 e002 c000 
[15:37:34.374]    ERROR: <datapipe.cc/Read:L166> ====== 0 ====== a139 80c0 43c8 6a0 204f 6c8 2a84 43c9 6c8 2a83 43c8 6c8 2a81 43c9 6c8 2a81 43c9 6c8 2a8c 43c8 6c8 2aa5 43c9 6c8 2a84 43c9 6c8 2a8a e002 c000 
[15:37:34.374]    ERROR: <datapipe.cc/Read:L166> ====== 0 ====== a13a 8000 43c8 6c8 2a6f 43c9 458 2642 6c8 2a82 43c8 6c8 2a6c 43c8 12 204d 6c8 2a88 43c9 6c8 2a8f 822 224e 43c8 6c8 2a8b 43c9 6c8 2a85 43c9 6c8 2a81 e002 c000 
[15:37:34.374]    ERROR: <datapipe.cc/Read:L166> ====== 0 ====== a13b 8040 43c8 2c9 2a45 6c8 2a82 43c8 6c8 2a6f 43c8 645 2045 6c8 2a81 43c9 6c8 2a81 43c9 6c8 2a8e 43c8 6c8 2a8c 43c9 690 242f 6c8 2a85 43c9 6c8 2a82 e002 c000 
[15:37:34.374]    ERROR: <datapipe.cc/Read:L166> ====== 0 ====== a13c 80b1 43c9 6c8 2a6c 43c9 6c8 2a6e 81a 2a6a 43c9 6c8 2a65 43ca 6c8 2a68 43c9 289 2229 315 224f 315 2667 6c8 2aa1 43c8 6c8 2a8c 43c9 6c8 2a82 43cb 6c8 2a85 e002 c000 
[15:37:34.374]    ERROR: <datapipe.cc/Read:L166> ====== 0 ====== a13d 80c0 43c9 6c8 2a88 43c8 6c8 2a6d 43c8 6c8 2a6c 43c9 6c8 2a6d 43c9 6c8 2a85 43c8 6c8 2a8d 43c8 6c8 2a81 43c9 6c8 2a85 e002 c000 
[15:37:34.374]    ERROR: <datapipe.cc/Read:L166> ====== 0 ====== a13e 8000 43c9 6c8 2a6d 43c9 214 2427 6c8 2a6d 43c8 6c8 2a6f 43c8 50d 2261 6c8 2a6f 43c8 6c8 2a89 43c9 6c8 2a8d 43c9 6c8 2a81 43c9 6c8 2a81 e002 c000 
[15:37:34.885]     INFO: 41600 events read in total (2741ms).
[15:37:34.887]     INFO: Test took 3937ms.
[15:37:34.933]     INFO: Fetched DAQ statistics. Counters are being reset now.
[15:37:34.933]    DEBUG: <PixTest.cc/efficiencyMaps:L407>  eff result size = 274735
[15:37:34.934]    DEBUG: <PixTest.cc/efficiencyMaps:L412> Create hists HR_xeff_CalDelScan_step3_C0 .. HR_xeff_CalDelScan_step3_C15
[15:37:34.934]    DEBUG: <PixTest.cc/efficiencyMaps:L426> booking xray maps for unmasked detector
[15:37:34.960]    DEBUG: <PixTest.cc/efficiencyMaps:L396>       attempt #0
[15:37:35.626]     INFO: Expecting 41600 events.
[15:37:38.905]     INFO: 41600 events read in total (2753ms).
[15:37:38.908]     INFO: Test took 3947ms.
[15:37:38.954]     INFO: Fetched DAQ statistics. Counters are being reset now.
[15:37:38.954]    DEBUG: <PixTest.cc/efficiencyMaps:L407>  eff result size = 273588
[15:37:38.954]    DEBUG: <PixTest.cc/efficiencyMaps:L412> Create hists HR_xeff_CalDelScan_step4_C0 .. HR_xeff_CalDelScan_step4_C15
[15:37:38.954]    DEBUG: <PixTest.cc/efficiencyMaps:L426> booking xray maps for unmasked detector
[15:37:38.981]    DEBUG: <PixTest.cc/efficiencyMaps:L396>       attempt #0
[15:37:39.646]     INFO: Expecting 41600 events.
[15:37:42.928]     INFO: 41600 events read in total (2755ms).
[15:37:42.930]     INFO: Test took 3949ms.
[15:37:42.976]     INFO: Fetched DAQ statistics. Counters are being reset now.
[15:37:42.976]    DEBUG: <PixTest.cc/efficiencyMaps:L407>  eff result size = 273902
[15:37:42.976]    DEBUG: <PixTest.cc/efficiencyMaps:L412> Create hists HR_xeff_CalDelScan_step5_C0 .. HR_xeff_CalDelScan_step5_C15
[15:37:42.976]    DEBUG: <PixTest.cc/efficiencyMaps:L426> booking xray maps for unmasked detector
[15:37:43.003]    DEBUG: <PixTest.cc/efficiencyMaps:L396>       attempt #0
[15:37:43.668]     INFO: Expecting 41600 events.
[15:37:46.948]     INFO: 41600 events read in total (2753ms).
[15:37:46.951]     INFO: Test took 3948ms.
[15:37:46.998]     INFO: Fetched DAQ statistics. Counters are being reset now.
[15:37:46.998]    DEBUG: <PixTest.cc/efficiencyMaps:L407>  eff result size = 275475
[15:37:46.998]    DEBUG: <PixTest.cc/efficiencyMaps:L412> Create hists HR_xeff_CalDelScan_step6_C0 .. HR_xeff_CalDelScan_step6_C15
[15:37:46.999]    DEBUG: <PixTest.cc/efficiencyMaps:L426> booking xray maps for unmasked detector
[15:37:47.027]    DEBUG: <PixTest.cc/efficiencyMaps:L396>       attempt #0
[15:37:47.692]     INFO: Expecting 41600 events.
[15:37:50.991]     INFO: 41600 events read in total (2773ms).
[15:37:50.994]     INFO: Test took 3967ms.
[15:37:51.042]     INFO: Fetched DAQ statistics. Counters are being reset now.
[15:37:51.042]    DEBUG: <PixTest.cc/efficiencyMaps:L407>  eff result size = 274657
[15:37:51.042]    DEBUG: <PixTest.cc/efficiencyMaps:L412> Create hists HR_xeff_CalDelScan_step7_C0 .. HR_xeff_CalDelScan_step7_C15
[15:37:51.042]    DEBUG: <PixTest.cc/efficiencyMaps:L426> booking xray maps for unmasked detector
[15:37:51.070]    DEBUG: <PixTest.cc/efficiencyMaps:L396>       attempt #0
[15:37:51.737]     INFO: Expecting 41600 events.
[15:37:55.002]     INFO: 41600 events read in total (2738ms).
[15:37:55.005]     INFO: Test took 3935ms.
[15:37:55.051]     INFO: Fetched DAQ statistics. Counters are being reset now.
[15:37:55.051]    DEBUG: <PixTest.cc/efficiencyMaps:L407>  eff result size = 275075
[15:37:55.051]    DEBUG: <PixTest.cc/efficiencyMaps:L412> Create hists HR_xeff_CalDelScan_step8_C0 .. HR_xeff_CalDelScan_step8_C15
[15:37:55.051]    DEBUG: <PixTest.cc/efficiencyMaps:L426> booking xray maps for unmasked detector
[15:37:55.078]    DEBUG: <PixTest.cc/efficiencyMaps:L396>       attempt #0
[15:37:55.743]     INFO: Expecting 41600 events.
[15:37:59.036]     INFO: 41600 events read in total (2766ms).
[15:37:59.038]     INFO: Test took 3960ms.
[15:37:59.086]     INFO: Fetched DAQ statistics. Counters are being reset now.
[15:37:59.086]    DEBUG: <PixTest.cc/efficiencyMaps:L407>  eff result size = 275703
[15:37:59.086]    DEBUG: <PixTest.cc/efficiencyMaps:L412> Create hists HR_xeff_CalDelScan_step9_C0 .. HR_xeff_CalDelScan_step9_C15
[15:37:59.087]    DEBUG: <PixTest.cc/efficiencyMaps:L426> booking xray maps for unmasked detector
[15:37:59.115]    DEBUG: <PixTest.cc/efficiencyMaps:L396>       attempt #0
[15:37:59.782]     INFO: Expecting 41600 events.
[15:38:03.063]     INFO: 41600 events read in total (2755ms).
[15:38:03.066]     INFO: Test took 3951ms.
[15:38:03.112]     INFO: Fetched DAQ statistics. Counters are being reset now.
[15:38:03.112]    DEBUG: <PixTest.cc/efficiencyMaps:L407>  eff result size = 274654
[15:38:03.112]    DEBUG: <PixTest.cc/efficiencyMaps:L412> Create hists HR_xeff_CalDelScan_step10_C0 .. HR_xeff_CalDelScan_step10_C15
[15:38:03.112]    DEBUG: <PixTest.cc/efficiencyMaps:L426> booking xray maps for unmasked detector
[15:38:03.139]    DEBUG: <PixTest.cc/efficiencyMaps:L396>       attempt #0
[15:38:03.805]     INFO: Expecting 41600 events.
[15:38:07.096]     INFO: 41600 events read in total (2764ms).
[15:38:07.099]     INFO: Test took 3960ms.
[15:38:07.146]     INFO: Fetched DAQ statistics. Counters are being reset now.
[15:38:07.146]    DEBUG: <PixTest.cc/efficiencyMaps:L407>  eff result size = 274355
[15:38:07.146]    DEBUG: <PixTest.cc/efficiencyMaps:L412> Create hists HR_xeff_CalDelScan_step11_C0 .. HR_xeff_CalDelScan_step11_C15
[15:38:07.147]    DEBUG: <PixTest.cc/efficiencyMaps:L426> booking xray maps for unmasked detector
[15:38:07.175]    DEBUG: <PixTest.cc/efficiencyMaps:L396>       attempt #0
[15:38:07.841]     INFO: Expecting 41600 events.
[15:38:11.128]     INFO: 41600 events read in total (2760ms).
[15:38:11.130]     INFO: Test took 3955ms.
[15:38:11.176]     INFO: Fetched DAQ statistics. Counters are being reset now.
[15:38:11.176]    DEBUG: <PixTest.cc/efficiencyMaps:L407>  eff result size = 273836
[15:38:11.176]    DEBUG: <PixTest.cc/efficiencyMaps:L412> Create hists HR_xeff_CalDelScan_step12_C0 .. HR_xeff_CalDelScan_step12_C15
[15:38:11.176]    DEBUG: <PixTest.cc/efficiencyMaps:L426> booking xray maps for unmasked detector
[15:38:11.203]    DEBUG: <PixTest.cc/efficiencyMaps:L396>       attempt #0
[15:38:11.868]     INFO: Expecting 41600 events.
[15:38:15.167]     INFO: 41600 events read in total (2772ms).
[15:38:15.169]     INFO: Test took 3966ms.
[15:38:15.217]     INFO: Fetched DAQ statistics. Counters are being reset now.
[15:38:15.217]    DEBUG: <PixTest.cc/efficiencyMaps:L407>  eff result size = 274738
[15:38:15.217]    DEBUG: <PixTest.cc/efficiencyMaps:L412> Create hists HR_xeff_CalDelScan_step13_C0 .. HR_xeff_CalDelScan_step13_C15
[15:38:15.217]    DEBUG: <PixTest.cc/efficiencyMaps:L426> booking xray maps for unmasked detector
[15:38:15.246]    DEBUG: <PixTest.cc/efficiencyMaps:L396>       attempt #0
[15:38:15.913]     INFO: Expecting 41600 events.
[15:38:19.207]     INFO: 41600 events read in total (2768ms).
[15:38:19.210]     INFO: Test took 3964ms.
[15:38:19.257]     INFO: Fetched DAQ statistics. Counters are being reset now.
[15:38:19.257]    DEBUG: <PixTest.cc/efficiencyMaps:L407>  eff result size = 274587
[15:38:19.257]    DEBUG: <PixTest.cc/efficiencyMaps:L412> Create hists HR_xeff_CalDelScan_step14_C0 .. HR_xeff_CalDelScan_step14_C15
[15:38:19.258]    DEBUG: <PixTest.cc/efficiencyMaps:L426> booking xray maps for unmasked detector
[15:38:19.286]    DEBUG: <PixTest.cc/efficiencyMaps:L396>       attempt #0
[15:38:19.952]     INFO: Expecting 41600 events.
[15:38:23.234]     INFO: 41600 events read in total (2754ms).
[15:38:23.236]     INFO: Test took 3950ms.
[15:38:23.283]     INFO: Fetched DAQ statistics. Counters are being reset now.
[15:38:23.283]    DEBUG: <PixTest.cc/efficiencyMaps:L407>  eff result size = 275293
[15:38:23.283]    DEBUG: <PixTest.cc/efficiencyMaps:L412> Create hists HR_xeff_CalDelScan_step15_C0 .. HR_xeff_CalDelScan_step15_C15
[15:38:23.283]    DEBUG: <PixTest.cc/efficiencyMaps:L426> booking xray maps for unmasked detector
[15:38:23.309]    DEBUG: <PixTest.cc/efficiencyMaps:L396>       attempt #0
[15:38:23.974]     INFO: Expecting 41600 events.
[15:38:27.254]     INFO: 41600 events read in total (2753ms).
[15:38:27.257]     INFO: Test took 3948ms.
[15:38:27.304]     INFO: Fetched DAQ statistics. Counters are being reset now.
[15:38:27.304]    DEBUG: <PixTest.cc/efficiencyMaps:L407>  eff result size = 273395
[15:38:27.304]    DEBUG: <PixTest.cc/efficiencyMaps:L412> Create hists HR_xeff_CalDelScan_step16_C0 .. HR_xeff_CalDelScan_step16_C15
[15:38:27.305]    DEBUG: <PixTest.cc/efficiencyMaps:L426> booking xray maps for unmasked detector
[15:38:27.332]    DEBUG: <PixTest.cc/efficiencyMaps:L396>       attempt #0
[15:38:27.999]     INFO: Expecting 41600 events.
[15:38:31.277]     INFO: 41600 events read in total (2751ms).
[15:38:31.280]     INFO: Test took 3948ms.
[15:38:31.328]     INFO: Fetched DAQ statistics. Counters are being reset now.
[15:38:31.328]    DEBUG: <PixTest.cc/efficiencyMaps:L407>  eff result size = 274775
[15:38:31.328]    DEBUG: <PixTest.cc/efficiencyMaps:L412> Create hists HR_xeff_CalDelScan_step17_C0 .. HR_xeff_CalDelScan_step17_C15
[15:38:31.328]    DEBUG: <PixTest.cc/efficiencyMaps:L426> booking xray maps for unmasked detector
[15:38:31.356]    DEBUG: <PixTest.cc/efficiencyMaps:L396>       attempt #0
[15:38:32.023]     INFO: Expecting 41600 events.
[15:38:35.290]     INFO: 41600 events read in total (2741ms).
[15:38:35.293]     INFO: Test took 3937ms.
[15:38:35.339]     INFO: Fetched DAQ statistics. Counters are being reset now.
[15:38:35.339]    DEBUG: <PixTest.cc/efficiencyMaps:L407>  eff result size = 274016
[15:38:35.339]    DEBUG: <PixTest.cc/efficiencyMaps:L412> Create hists HR_xeff_CalDelScan_step18_C0 .. HR_xeff_CalDelScan_step18_C15
[15:38:35.340]    DEBUG: <PixTest.cc/efficiencyMaps:L426> booking xray maps for unmasked detector
[15:38:35.366]    DEBUG: <PixTest.cc/efficiencyMaps:L396>       attempt #0
[15:38:36.031]     INFO: Expecting 41600 events.
[15:38:39.099]     INFO: 41600 events read in total (2542ms).
[15:38:39.103]     INFO: Test took 3737ms.
[15:38:39.150]     INFO: Fetched DAQ statistics. Counters are being reset now.
[15:38:39.150]    DEBUG: <PixTest.cc/efficiencyMaps:L407>  eff result size = 266446
[15:38:39.150]    DEBUG: <PixTest.cc/efficiencyMaps:L412> Create hists HR_xeff_CalDelScan_step19_C0 .. HR_xeff_CalDelScan_step19_C15
[15:38:39.150]    DEBUG: <PixTest.cc/efficiencyMaps:L426> booking xray maps for unmasked detector
[15:38:39.444]    DEBUG: <PixTestHighRate.cc/doCalDelScan:L422> roc  0: caldel = 142 eff = 0.998918
[15:38:39.444]    DEBUG: <PixTestHighRate.cc/doCalDelScan:L422> roc  1: caldel = 174 eff = 0.999952
[15:38:39.444]    DEBUG: <PixTestHighRate.cc/doCalDelScan:L422> roc  2: caldel = 158 eff = 0.999856
[15:38:39.444]    DEBUG: <PixTestHighRate.cc/doCalDelScan:L422> roc  3: caldel = 141 eff = 0.999688
[15:38:39.444]    DEBUG: <PixTestHighRate.cc/doCalDelScan:L422> roc  4: caldel = 170 eff = 0.999519
[15:38:39.445]    DEBUG: <PixTestHighRate.cc/doCalDelScan:L422> roc  5: caldel = 156 eff = 0.999471
[15:38:39.445]    DEBUG: <PixTestHighRate.cc/doCalDelScan:L422> roc  6: caldel = 166 eff = 0.999639
[15:38:39.445]    DEBUG: <PixTestHighRate.cc/doCalDelScan:L422> roc  7: caldel = 158 eff = 0.999615
[15:38:39.445]    DEBUG: <PixTestHighRate.cc/doCalDelScan:L422> roc  8: caldel = 180 eff = 0.999615
[15:38:39.446]    DEBUG: <PixTestHighRate.cc/doCalDelScan:L422> roc  9: caldel = 144 eff = 0.999615
[15:38:39.446]    DEBUG: <PixTestHighRate.cc/doCalDelScan:L422> roc 10: caldel = 172 eff = 0.999327
[15:38:39.446]    DEBUG: <PixTestHighRate.cc/doCalDelScan:L422> roc 11: caldel = 140 eff = 0.999615
[15:38:39.446]    DEBUG: <PixTestHighRate.cc/doCalDelScan:L422> roc 12: caldel = 159 eff = 0.999399
[15:38:39.447]    DEBUG: <PixTestHighRate.cc/doCalDelScan:L422> roc 13: caldel = 167 eff = 0.999808
[15:38:39.447]    DEBUG: <PixTestHighRate.cc/doCalDelScan:L422> roc 14: caldel = 139 eff = 0.99988
[15:38:39.447]    DEBUG: <PixTestHighRate.cc/doCalDelScan:L422> roc 15: caldel = 172 eff = 0.99988
[15:38:43.287]    DEBUG: <PixTab.cc/buttonClicked:L308> xxxPressed():  xpixelalive
[15:38:43.287]    DEBUG: <PixTestHighRate.cc/runCommand:L157> running command: xpixelalive
[15:38:43.287]     INFO:    ----------------------------------------------------------------------
[15:38:43.287]     INFO:    PixTestHighRate::xPixelAlive() ntrig = 50, vcal = 200
[15:38:43.287]     INFO:    ----------------------------------------------------------------------
[15:38:43.287]    DEBUG: <PixTestHighRate.cc/doXPixelAlive:L451>  old set: clk: 4
[15:38:43.287]    DEBUG: <PixTestHighRate.cc/doXPixelAlive:L451>  old set: ctr: 4
[15:38:43.287]    DEBUG: <PixTestHighRate.cc/doXPixelAlive:L451>  old set: sda: 19
[15:38:43.287]    DEBUG: <PixTestHighRate.cc/doXPixelAlive:L451>  old set: tin: 9
[15:38:43.287]    DEBUG: <PixTestHighRate.cc/doXPixelAlive:L451>  old set: level: 15
[15:38:43.287]    DEBUG: <PixTestHighRate.cc/doXPixelAlive:L451>  old set: triggerdelay: 0
[15:38:43.287]    DEBUG: <PixTestHighRate.cc/doXPixelAlive:L467>  setting: clk: 4
[15:38:43.287]    DEBUG: <PixTestHighRate.cc/doXPixelAlive:L467>  setting: ctr: 4
[15:38:43.287]    DEBUG: <PixTestHighRate.cc/doXPixelAlive:L467>  setting: sda: 19
[15:38:43.287]    DEBUG: <PixTestHighRate.cc/doXPixelAlive:L467>  setting: tin: 9
[15:38:43.287]    DEBUG: <PixTestHighRate.cc/doXPixelAlive:L467>  setting: level: 15
[15:38:43.287]    DEBUG: <PixTestHighRate.cc/doXPixelAlive:L467>  setting: triggerdelay: 20
[15:38:43.336]    DEBUG: <PixTest.cc/efficiencyMaps:L396>       attempt #0
[15:38:44.004]     INFO: Expecting 208000 events.
[15:38:56.091]     INFO: 208000 events read in total (11560ms).
[15:38:56.097]     INFO: Test took 12761ms.
[15:38:56.286]     INFO: Fetched DAQ statistics. Counters are being reset now.
[15:38:56.286]    DEBUG: <PixTest.cc/efficiencyMaps:L407>  eff result size = 1104071
[15:38:56.286]    DEBUG: <PixTest.cc/efficiencyMaps:L412> Create hists highRate_C0 .. highRate_C15
[15:38:56.286]    DEBUG: <PixTest.cc/efficiencyMaps:L426> booking xray maps for unmasked detector
[15:38:56.592]     INFO: number of dead pixels (per ROC):     4    0    0    0    0    0    0    0    0    0    1    0    1    0    0    0
[15:38:56.592]     INFO: number of red-efficiency pixels:    68   45   73  101  114  123  108  101  129  100  131  106  101   77   53   49
[15:38:56.592]     INFO: number of X-ray hits detected:    40857 31154 50454 75204 79692 80179 81742 73787 82183 82900 82964 76875 77266 52933 30880 38447
[15:38:56.592]     INFO: number of triggers sent (total per ROC):  208000 208000 208000 208000 208000 208000 208000 208000 208000 208000 208000 208000 208000 208000 208000 208000
[15:38:56.592]     INFO: number of Vcal hits detected:  207736 207955 207926 207896 207885 207871 207891 207896 207871 207899 207818 207889 207842 207922 207947 207951
[15:38:56.592]     INFO: Vcal hit fiducial efficiency (%):  100.0 100.0 100.0 100.0 99.9 99.9 100.0 100.0 99.9 100.0 99.9 100.0 100.0 100.0 100.0 100.0
[15:38:56.592]     INFO: Vcal hit overall efficiency (%):  99.9 100.0 100.0 100.0 99.9 99.9 99.9 100.0 99.9 100.0 99.9 99.9 99.9 100.0 100.0 100.0
[15:38:56.592]     INFO: X-ray hit rate [MHz/cm2]:  12.0 9.1 14.8 22.0 23.4 23.5 24.0 21.6 24.1 24.3 24.3 22.5 22.6 15.5 9.1 11.3
[15:38:56.592]     INFO: PixTestHighRate::doXPixelAlive() done
[15:38:56.637]    DEBUG: <PixTestHighRate.cc/doXPixelAlive:L586>  resetting: clk: 4
[15:38:56.637]    DEBUG: <PixTestHighRate.cc/doXPixelAlive:L586>  resetting: ctr: 4
[15:38:56.637]    DEBUG: <PixTestHighRate.cc/doXPixelAlive:L586>  resetting: sda: 19
[15:38:56.637]    DEBUG: <PixTestHighRate.cc/doXPixelAlive:L586>  resetting: tin: 9
[15:38:56.637]    DEBUG: <PixTestHighRate.cc/doXPixelAlive:L586>  resetting: level: 15
[15:38:56.637]    DEBUG: <PixTestHighRate.cc/doXPixelAlive:L586>  resetting: triggerdelay: 0
[15:38:56.637]     INFO: PixTest::       pg_setup set to default.
[15:39:02.455]    DEBUG: <PixTest.cc/moduleMap:L1029> moduleMap histname: what
[15:39:02.455]    DEBUG: <PixTest.cc/moduleMap:L1039> h1->GetName() = highRate_xraymap_C14_V0 -> highRate_xraymap_mod
[15:39:04.559]    DEBUG: <PixGui.cc/handleButtons:L396> PixGui::exit called
[15:39:04.559]    DEBUG: <PixGui.cc/CloseWindow:L335> Final Analog Current: 387.5mA
[15:39:04.560]    DEBUG: <PixGui.cc/CloseWindow:L336> Final Digital Current: 475.9mA
[15:39:04.560]    DEBUG: <PixGui.cc/CloseWindow:L337> Final Module Temperature: 27.5 C
[15:39:04.560]    DEBUG: <PixTestBBMap.cc/~PixTestBBMap:L97> PixTestBBMap dtor
[15:39:04.560]    DEBUG: <PixTestBB2Map.cc/~PixTestBB2Map:L115> PixTestBB2Map dtor
[15:39:04.560]    DEBUG: <PixTestBB3Map.cc/~PixTestBB3Map:L99> PixTestBB3Map dtor
[15:39:04.560]    DEBUG: <PixTestBB4Map.cc/~PixTestBB4Map:L118> PixTestBB4Map dtor
[15:39:04.561]    DEBUG: <PixTestCmd.cc/~PixTestCmd:L78> PixTestCmd dtor
[15:39:04.561]    DEBUG: <PixTestDaq.cc/~PixTestDaq:L37> PixTestDaq dtor
[15:39:04.561]    DEBUG: <PixTestDacDacScan.cc/~PixTestDacDacScan:L136> PixTestDacDacScan dtor
[15:39:04.561]    DEBUG: <PixTestDacScan.cc/~PixTestDacScan:L129> PixTestDacScan dtor
[15:39:04.561]    DEBUG: <PixTestGainPedestal.cc/~PixTestGainPedestal:L125> PixTestGainPedestal dtor
[15:39:04.561]    DEBUG: <PixTestHighRate.cc/~PixTestHighRate:L245> PixTestHighRate dtor
[15:39:04.651]    DEBUG: <PixTestIV.cc/~PixTestIV:L96> PixTestIV dtor
[15:39:04.651]    DEBUG: <PixTestAlive.cc/~PixTestAlive:L109> PixTestAlive dtor
[15:39:04.651]    DEBUG: <PixTestPretest.cc/~PixTestPretest:L136> PixTestPretest dtor
[15:39:04.651]    DEBUG: <PixTestReadback.cc/~PixTestReadback:L89> PixTestReadback dtor, saving tree ... 
[15:39:04.652]    DEBUG: <PixTestScurves.cc/~PixTestScurves:L142> PixTestScurves dtor
[15:39:04.652]    DEBUG: <PixTestTiming.cc/~PixTestTiming:L97> PixTestTiming dtor
[15:39:04.652]    DEBUG: <PixTestTrim.cc/~PixTestTrim:L103> PixTestTrim dtor
[15:39:04.652]    DEBUG: <PixTestXray.cc/~PixTestXray:L217> PixTestXray dtor
[15:39:04.654]    QUIET: Connection to board 58 closed.
[15:39:04.734]    DEBUG: <PixMonitor.cc/dumpSummaries:L39> PixMonitor::dumpSummaries
