High Rate Efficency Log File Module: mh207

Double Column's with Efficency < 90 % 
Eff at 120MHz/cm^2 : ROC : 0 Eff: 0.931158 +/- 0.0597388
Eff at 120MHz/cm^2 : ROC : 1 Eff: 0.993158 +/- 0.00161568
Eff at 120MHz/cm^2 : ROC : 2 Eff: 0.993286 +/- 0.000550816
Eff at 120MHz/cm^2 : ROC : 3 Eff: 0.993245 +/- 0.000417428
Eff at 120MHz/cm^2 : ROC : 4 Eff: 0.992842 +/- 0.000382222
Eff at 120MHz/cm^2 : ROC : 5 Eff: 0.993092 +/- 0.000391036
Eff at 120MHz/cm^2 : ROC : 6 Eff: 0.992822 +/- 0.00040807
Eff at 120MHz/cm^2 : ROC : 7 Eff: 0.992871 +/- 0.000382078
Eff at 120MHz/cm^2 : ROC : 8 Eff: 0.992946 +/- 0.00034993
Eff at 120MHz/cm^2 : ROC : 9 Eff: 0.993127 +/- 0.000358744
Eff at 120MHz/cm^2 : ROC : 10 Eff: 0.993112 +/- 0.000332827
Eff at 120MHz/cm^2 : ROC : 11 Eff: 0.992804 +/- 0.000409983
Eff at 120MHz/cm^2 : ROC : 12 Eff: 0.993158 +/- 0.00039549
Eff at 120MHz/cm^2 : ROC : 13 Eff: 0.993097 +/- 0.000523398
Eff at 120MHz/cm^2 : ROC : 14 Eff: 0.989573 +/- 0.0160359
Eff at 120MHz/cm^2 : ROC : 15 Eff: 0.989995 +/- 0.00450623
High Rate Run: hr
Efficency at 120MHz/cm^2 : mh207 Eff: 0.993005 +/- 0.000111705
