[16:07:41.421]     INFO: *** Welcome to pxar ***
[16:07:41.421]     INFO: *** Today: 2016/01/06
[16:07:41.430]     INFO: *** Version: prod-12
[16:07:41.430]     INFO: readRocDacs: data/mh207/M-H-2-07_ElComandanteTest_2016-01-04_12h15m_1451931316/000_FPIXTest_p17/dacParameters35_C0.dat .. data/mh207/M-H-2-07_ElComandanteTest_2016-01-04_12h15m_1451931316/000_FPIXTest_p17/dacParameters35_C15.dat
[16:07:41.431]     INFO: readTbmDacs: data/mh207/M-H-2-07_ElComandanteTest_2016-01-04_12h15m_1451931316/000_FPIXTest_p17/tbmParameters_C0a.dat .. data/mh207/M-H-2-07_ElComandanteTest_2016-01-04_12h15m_1451931316/000_FPIXTest_p17/tbmParameters_C0b.dat
[16:07:41.431]     INFO: readMaskFile: data/mh207/M-H-2-07_ElComandanteTest_2016-01-04_12h15m_1451931316/000_FPIXTest_p17/defaultMaskFile.dat
[16:07:41.431]     INFO: readTrimFile: data/mh207/M-H-2-07_ElComandanteTest_2016-01-04_12h15m_1451931316/000_FPIXTest_p17/trimParameters35_C0.dat .. data/mh207/M-H-2-07_ElComandanteTest_2016-01-04_12h15m_1451931316/000_FPIXTest_p17/trimParameters35_C15.dat
[16:07:41.586]     INFO:         clk: 4
[16:07:41.586]     INFO:         ctr: 4
[16:07:41.586]     INFO:         sda: 19
[16:07:41.586]     INFO:         tin: 9
[16:07:41.586]     INFO:         level: 15
[16:07:41.586]     INFO:         triggerdelay: 0
[16:07:41.586]    QUIET: Instanciating API for pxar prod-12
[16:07:41.586]     INFO: Log level: DEBUG
[16:07:41.597]    QUIET: Connection to board DTB_WRPRHI opened.
[16:07:41.600]     INFO: DTB startup information
--- DTB info------------------------------------------
Board id:    58
HW version:  DTB1.2
FW version:  4.2
SW version:  4.5
USB id:      DTB_WRPRHI
MAC address: 40D85511803A
Hostname:    pixelDTB058
Comment:     
------------------------------------------------------
[16:07:41.603]     INFO: RPC call hashes of host and DTB match: 398089610
[16:07:43.206]     INFO: DUT info: 
[16:07:43.206]     INFO: The DUT currently contains the following objects:
[16:07:43.206]     INFO:  2 TBM Cores tbm08c (2 ON)
[16:07:43.206]     INFO: 	TBM Core alpha (0): 7 registers set
[16:07:43.206]     INFO: 	TBM Core beta  (1): 7 registers set
[16:07:43.206]     INFO: 16 ROCs psi46digv21respin (16 ON) with 4160 pixelConfigs
[16:07:43.206]     INFO: 	ROC 0: 19 DACs set, Pixels: 0 masked, 0 active.
[16:07:43.206]     INFO: 	ROC 1: 19 DACs set, Pixels: 0 masked, 0 active.
[16:07:43.206]     INFO: 	ROC 2: 19 DACs set, Pixels: 0 masked, 0 active.
[16:07:43.206]     INFO: 	ROC 3: 19 DACs set, Pixels: 0 masked, 0 active.
[16:07:43.206]     INFO: 	ROC 4: 19 DACs set, Pixels: 0 masked, 0 active.
[16:07:43.206]     INFO: 	ROC 5: 19 DACs set, Pixels: 0 masked, 0 active.
[16:07:43.206]     INFO: 	ROC 6: 19 DACs set, Pixels: 0 masked, 0 active.
[16:07:43.206]     INFO: 	ROC 7: 19 DACs set, Pixels: 0 masked, 0 active.
[16:07:43.207]     INFO: 	ROC 8: 19 DACs set, Pixels: 0 masked, 0 active.
[16:07:43.207]     INFO: 	ROC 9: 19 DACs set, Pixels: 0 masked, 0 active.
[16:07:43.207]     INFO: 	ROC 10: 19 DACs set, Pixels: 0 masked, 0 active.
[16:07:43.207]     INFO: 	ROC 11: 19 DACs set, Pixels: 0 masked, 0 active.
[16:07:43.207]     INFO: 	ROC 12: 19 DACs set, Pixels: 0 masked, 0 active.
[16:07:43.207]     INFO: 	ROC 13: 19 DACs set, Pixels: 0 masked, 0 active.
[16:07:43.207]     INFO: 	ROC 14: 19 DACs set, Pixels: 0 masked, 0 active.
[16:07:43.207]     INFO: 	ROC 15: 19 DACs set, Pixels: 0 masked, 0 active.
[16:07:43.207]    DEBUG: <PixTestParameters.cc/dump:L104> PixTestParameters: ->BB<-
[16:07:43.207]    DEBUG: <PixTestParameters.cc/dump:L107>   dumpall: checkbox(0)
[16:07:43.207]    DEBUG: <PixTestParameters.cc/dump:L107>   dumpproblematic: checkbox(0)
[16:07:43.207]    DEBUG: <PixTestParameters.cc/dump:L107>   ntrig: 5
[16:07:43.207]    DEBUG: <PixTestParameters.cc/dump:L107>   vcals: 250
[16:07:43.207]    DEBUG: <PixTestParameters.cc/dump:L104> PixTestParameters: ->BB2<-
[16:07:43.207]    DEBUG: <PixTestParameters.cc/dump:L107>   ntrig: 10
[16:07:43.207]    DEBUG: <PixTestParameters.cc/dump:L107>   vcals: 222
[16:07:43.207]    DEBUG: <PixTestParameters.cc/dump:L107>   plwidth: 35
[16:07:43.207]    DEBUG: <PixTestParameters.cc/dump:L107>   pix: 11,20
[16:07:43.207]    DEBUG: <PixTestParameters.cc/dump:L107>   targetia: 24
[16:07:43.207]    DEBUG: <PixTestParameters.cc/dump:L104> PixTestParameters: ->BB3<-
[16:07:43.207]    DEBUG: <PixTestParameters.cc/dump:L107>   dumpall: checkbox(0)
[16:07:43.207]    DEBUG: <PixTestParameters.cc/dump:L107>   dumpproblematic: checkbox(0)
[16:07:43.207]    DEBUG: <PixTestParameters.cc/dump:L107>   ntrig: 5
[16:07:43.207]    DEBUG: <PixTestParameters.cc/dump:L107>   vcals: 250
[16:07:43.207]    DEBUG: <PixTestParameters.cc/dump:L104> PixTestParameters: ->BB4<-
[16:07:43.207]    DEBUG: <PixTestParameters.cc/dump:L107>   savecaldelscan: checkbox(0)
[16:07:43.207]    DEBUG: <PixTestParameters.cc/dump:L107>   ntrig: 100
[16:07:43.207]    DEBUG: <PixTestParameters.cc/dump:L107>   cals: 1
[16:07:43.207]    DEBUG: <PixTestParameters.cc/dump:L107>   caldello: 80
[16:07:43.207]    DEBUG: <PixTestParameters.cc/dump:L107>   caldelhi: 200
[16:07:43.208]    DEBUG: <PixTestParameters.cc/dump:L107>   caldelstep: 10
[16:07:43.208]    DEBUG: <PixTestParameters.cc/dump:L107>   vthrcomplo: 70
[16:07:43.208]    DEBUG: <PixTestParameters.cc/dump:L107>   vthrcomphi: 130
[16:07:43.208]    DEBUG: <PixTestParameters.cc/dump:L107>   vthrcompstep: 5
[16:07:43.208]    DEBUG: <PixTestParameters.cc/dump:L107>   noisypixels: 10
[16:07:43.208]    DEBUG: <PixTestParameters.cc/dump:L107>   vcal: 255
[16:07:43.208]    DEBUG: <PixTestParameters.cc/dump:L107>   cut: 0.5
[16:07:43.208]    DEBUG: <PixTestParameters.cc/dump:L104> PixTestParameters: ->Cmd<-
[16:07:43.208]    DEBUG: <PixTestParameters.cc/dump:L104> PixTestParameters: ->DAQ<-
[16:07:43.208]    DEBUG: <PixTestParameters.cc/dump:L107>   delaytbm: checkbox
[16:07:43.208]    DEBUG: <PixTestParameters.cc/dump:L107>   filltree: checkbox
[16:07:43.208]    DEBUG: <PixTestParameters.cc/dump:L107>   trgfrequency(khz): 100
[16:07:43.208]    DEBUG: <PixTestParameters.cc/dump:L107>   maskhotpixels: button
[16:07:43.208]    DEBUG: <PixTestParameters.cc/dump:L107>   trgnumber: 5
[16:07:43.208]    DEBUG: <PixTestParameters.cc/dump:L107>   iterations: 10
[16:07:43.208]    DEBUG: <PixTestParameters.cc/dump:L107>   rundaqtrg: button
[16:07:43.208]    DEBUG: <PixTestParameters.cc/dump:L107>   daqseconds: 5
[16:07:43.208]    DEBUG: <PixTestParameters.cc/dump:L107>   rundaqseconds: button
[16:07:43.208]    DEBUG: <PixTestParameters.cc/dump:L104> PixTestParameters: ->DacDacScan<-
[16:07:43.208]    DEBUG: <PixTestParameters.cc/dump:L107>   phmap: checkbox
[16:07:43.208]    DEBUG: <PixTestParameters.cc/dump:L107>   ntrig: 10
[16:07:43.208]    DEBUG: <PixTestParameters.cc/dump:L107>   dac1: caldel
[16:07:43.208]    DEBUG: <PixTestParameters.cc/dump:L107>   dac1lo: 0
[16:07:43.208]    DEBUG: <PixTestParameters.cc/dump:L107>   dac1hi: 255
[16:07:43.208]    DEBUG: <PixTestParameters.cc/dump:L107>   dac2: vthrcomp
[16:07:43.208]    DEBUG: <PixTestParameters.cc/dump:L107>   dac2lo: 0
[16:07:43.208]    DEBUG: <PixTestParameters.cc/dump:L107>   dac2hi: 255
[16:07:43.208]    DEBUG: <PixTestParameters.cc/dump:L107>   pix: 11,20
[16:07:43.208]    DEBUG: <PixTestParameters.cc/dump:L104> PixTestParameters: ->DacScan<-
[16:07:43.208]    DEBUG: <PixTestParameters.cc/dump:L107>   phmap: checkbox(1)
[16:07:43.208]    DEBUG: <PixTestParameters.cc/dump:L107>   allpixels: checkbox(0)
[16:07:43.208]    DEBUG: <PixTestParameters.cc/dump:L107>   unmasked: checkbox(0)
[16:07:43.208]    DEBUG: <PixTestParameters.cc/dump:L107>   ntrig: 10
[16:07:43.208]    DEBUG: <PixTestParameters.cc/dump:L107>   dac: vcal
[16:07:43.208]    DEBUG: <PixTestParameters.cc/dump:L107>   daclo: 0
[16:07:43.208]    DEBUG: <PixTestParameters.cc/dump:L107>   dachi: 255
[16:07:43.208]    DEBUG: <PixTestParameters.cc/dump:L107>   pix: 11,20
[16:07:43.208]    DEBUG: <PixTestParameters.cc/dump:L104> PixTestParameters: ->GainPedestal<-
[16:07:43.208]    DEBUG: <PixTestParameters.cc/dump:L107>   showfits: checkbox(0)
[16:07:43.208]    DEBUG: <PixTestParameters.cc/dump:L107>   extended: checkbox(0)
[16:07:43.208]    DEBUG: <PixTestParameters.cc/dump:L107>   dumphists: checkbox(0)
[16:07:43.208]    DEBUG: <PixTestParameters.cc/dump:L107>   ntrig: 10
[16:07:43.208]    DEBUG: <PixTestParameters.cc/dump:L107>   vcalstep: 10
[16:07:43.208]    DEBUG: <PixTestParameters.cc/dump:L107>   measure: button
[16:07:43.208]    DEBUG: <PixTestParameters.cc/dump:L107>   fit: button
[16:07:43.208]    DEBUG: <PixTestParameters.cc/dump:L107>   save: button
[16:07:43.208]    DEBUG: <PixTestParameters.cc/dump:L104> PixTestParameters: ->HighRate<-
[16:07:43.208]    DEBUG: <PixTestParameters.cc/dump:L107>   pix: 11,20
[16:07:43.208]    DEBUG: <PixTestParameters.cc/dump:L107>   trimhotpixels: button
[16:07:43.208]    DEBUG: <PixTestParameters.cc/dump:L107>   trimhotpixelthr: 200
[16:07:43.208]    DEBUG: <PixTestParameters.cc/dump:L107>   runsecondshotpixels: 10
[16:07:43.208]    DEBUG: <PixTestParameters.cc/dump:L107>   savetrimbits: checkbox(1)
[16:07:43.208]    DEBUG: <PixTestParameters.cc/dump:L107>   maskuntrimmable: checkbox(1)
[16:07:43.208]    DEBUG: <PixTestParameters.cc/dump:L107>   maskhotpixels: button
[16:07:43.208]    DEBUG: <PixTestParameters.cc/dump:L107>   savemaskfile: checkbox(0)
[16:07:43.208]    DEBUG: <PixTestParameters.cc/dump:L107>   maskfilename: default
[16:07:43.208]    DEBUG: <PixTestParameters.cc/dump:L107>   caldelscan: button
[16:07:43.208]    DEBUG: <PixTestParameters.cc/dump:L107>   xpixelalive: button
[16:07:43.208]    DEBUG: <PixTestParameters.cc/dump:L107>   ntrig: 50
[16:07:43.208]    DEBUG: <PixTestParameters.cc/dump:L107>   vcal: 200
[16:07:43.208]    DEBUG: <PixTestParameters.cc/dump:L107>   xnoisemaps: button
[16:07:43.208]    DEBUG: <PixTestParameters.cc/dump:L107>   daclo: 0
[16:07:43.208]    DEBUG: <PixTestParameters.cc/dump:L107>   dachi: 100
[16:07:43.209]    DEBUG: <PixTestParameters.cc/dump:L107>   dacs/step: 20
[16:07:43.209]    DEBUG: <PixTestParameters.cc/dump:L107>   rundaq: button
[16:07:43.209]    DEBUG: <PixTestParameters.cc/dump:L107>   trgfrequency(khz): 20
[16:07:43.209]    DEBUG: <PixTestParameters.cc/dump:L107>   runseconds: 2
[16:07:43.209]    DEBUG: <PixTestParameters.cc/dump:L107>   triggerdelay: 20
[16:07:43.209]    DEBUG: <PixTestParameters.cc/dump:L107>   delaytbm: checkbox
[16:07:43.209]    DEBUG: <PixTestParameters.cc/dump:L107>   filltree: checkbox
[16:07:43.209]    DEBUG: <PixTestParameters.cc/dump:L104> PixTestParameters: ->IV<-
[16:07:43.209]    DEBUG: <PixTestParameters.cc/dump:L107>   port: /dev/FIXME
[16:07:43.209]    DEBUG: <PixTestParameters.cc/dump:L107>   voltagestart: 0
[16:07:43.209]    DEBUG: <PixTestParameters.cc/dump:L107>   voltagestop: 600
[16:07:43.209]    DEBUG: <PixTestParameters.cc/dump:L107>   voltagestep: 5
[16:07:43.209]    DEBUG: <PixTestParameters.cc/dump:L107>   delay: 1
[16:07:43.209]    DEBUG: <PixTestParameters.cc/dump:L107>   compliance(ua): 100
[16:07:43.209]    DEBUG: <PixTestParameters.cc/dump:L104> PixTestParameters: ->PhOptimization<-
[16:07:43.209]    DEBUG: <PixTestParameters.cc/dump:L107>   ntrig: 10
[16:07:43.209]    DEBUG: <PixTestParameters.cc/dump:L107>   safetymarginlow: 20
[16:07:43.209]    DEBUG: <PixTestParameters.cc/dump:L107>   saturationvcal: 100
[16:07:43.209]    DEBUG: <PixTestParameters.cc/dump:L107>   quantilesaturation: 0.98
[16:07:43.209]    DEBUG: <PixTestParameters.cc/dump:L104> PixTestParameters: ->PixelAlive<-
[16:07:43.209]    DEBUG: <PixTestParameters.cc/dump:L107>   ntrig: 10
[16:07:43.209]    DEBUG: <PixTestParameters.cc/dump:L107>   vcal: 200
[16:07:43.209]    DEBUG: <PixTestParameters.cc/dump:L107>   alivetest: button
[16:07:43.209]    DEBUG: <PixTestParameters.cc/dump:L107>   masktest: button
[16:07:43.209]    DEBUG: <PixTestParameters.cc/dump:L107>   addressdecodingtest: button
[16:07:43.209]    DEBUG: <PixTestParameters.cc/dump:L104> PixTestParameters: ->Pretest<-
[16:07:43.209]    DEBUG: <PixTestParameters.cc/dump:L107>   programroc: button
[16:07:43.209]    DEBUG: <PixTestParameters.cc/dump:L107>   targetia: 24
[16:07:43.209]    DEBUG: <PixTestParameters.cc/dump:L107>   setvana: button
[16:07:43.209]    DEBUG: <PixTestParameters.cc/dump:L107>   iterations: 100
[16:07:43.209]    DEBUG: <PixTestParameters.cc/dump:L107>   settimings: button
[16:07:43.209]    DEBUG: <PixTestParameters.cc/dump:L107>   findtiming: button
[16:07:43.209]    DEBUG: <PixTestParameters.cc/dump:L107>   findworkingpixel: button
[16:07:43.209]    DEBUG: <PixTestParameters.cc/dump:L107>   setvthrcompcaldel: button
[16:07:43.209]    DEBUG: <PixTestParameters.cc/dump:L107>   pix: 11,20
[16:07:43.209]    DEBUG: <PixTestParameters.cc/dump:L107>   vcal: 250
[16:07:43.209]    DEBUG: <PixTestParameters.cc/dump:L107>   deltavthrcomp: 50
[16:07:43.209]    DEBUG: <PixTestParameters.cc/dump:L107>   fraccaldel: 0.5
[16:07:43.209]    DEBUG: <PixTestParameters.cc/dump:L107>   ntrig: 5
[16:07:43.209]    DEBUG: <PixTestParameters.cc/dump:L107>   savedacs: button
[16:07:43.209]    DEBUG: <PixTestParameters.cc/dump:L104> PixTestParameters: ->Readback<-
[16:07:43.209]    DEBUG: <PixTestParameters.cc/dump:L107>   calibratevd: button
[16:07:43.209]    DEBUG: <PixTestParameters.cc/dump:L107>   calibrateva: button
[16:07:43.209]    DEBUG: <PixTestParameters.cc/dump:L107>   calibrateia: button
[16:07:43.209]    DEBUG: <PixTestParameters.cc/dump:L107>   readbackvbg: button
[16:07:43.209]    DEBUG: <PixTestParameters.cc/dump:L107>   getcalibratedvbg: button
[16:07:43.209]    DEBUG: <PixTestParameters.cc/dump:L107>   usecalvd: checkbox(1)
[16:07:43.209]    DEBUG: <PixTestParameters.cc/dump:L107>   usecalva: checkbox(0)
[16:07:43.209]    DEBUG: <PixTestParameters.cc/dump:L107>   setvana: button
[16:07:43.209]    DEBUG: <PixTestParameters.cc/dump:L104> PixTestParameters: ->Scurves<-
[16:07:43.209]    DEBUG: <PixTestParameters.cc/dump:L107>   adjustvcal: checkbox(0)
[16:07:43.209]    DEBUG: <PixTestParameters.cc/dump:L107>   dumpall: checkbox(0)
[16:07:43.209]    DEBUG: <PixTestParameters.cc/dump:L107>   dumpproblematic: checkbox(0)
[16:07:43.209]    DEBUG: <PixTestParameters.cc/dump:L107>   dumpoutputfile: checkbox(0)
[16:07:43.209]    DEBUG: <PixTestParameters.cc/dump:L107>   ntrig: 50
[16:07:43.209]    DEBUG: <PixTestParameters.cc/dump:L107>   dac: Vcal
[16:07:43.209]    DEBUG: <PixTestParameters.cc/dump:L107>   daclo: 0
[16:07:43.209]    DEBUG: <PixTestParameters.cc/dump:L107>   dachi: 200
[16:07:43.209]    DEBUG: <PixTestParameters.cc/dump:L107>   dacs/step: -1
[16:07:43.209]    DEBUG: <PixTestParameters.cc/dump:L107>   ntrig/step: -1
[16:07:43.209]    DEBUG: <PixTestParameters.cc/dump:L107>   scurves: button
[16:07:43.209]    DEBUG: <PixTestParameters.cc/dump:L104> PixTestParameters: ->Timing<-
[16:07:43.209]    DEBUG: <PixTestParameters.cc/dump:L107>   targetclk: 4
[16:07:43.209]    DEBUG: <PixTestParameters.cc/dump:L107>   ntrig: 10
[16:07:43.209]    DEBUG: <PixTestParameters.cc/dump:L107>   clocksdascan: button
[16:07:43.209]    DEBUG: <PixTestParameters.cc/dump:L107>   notokenpass: checkbox(0)
[16:07:43.209]    DEBUG: <PixTestParameters.cc/dump:L107>   phasescan: button
[16:07:43.209]    DEBUG: <PixTestParameters.cc/dump:L107>   levelscan: button
[16:07:43.209]    DEBUG: <PixTestParameters.cc/dump:L107>   tbmphasescan: button
[16:07:43.209]    DEBUG: <PixTestParameters.cc/dump:L107>   rocdelayscan: button
[16:07:43.209]    DEBUG: <PixTestParameters.cc/dump:L107>   timingtest: button
[16:07:43.209]    DEBUG: <PixTestParameters.cc/dump:L107>   saveparameters: button
[16:07:43.209]    DEBUG: <PixTestParameters.cc/dump:L104> PixTestParameters: ->Trim<-
[16:07:43.209]    DEBUG: <PixTestParameters.cc/dump:L107>   trim: button
[16:07:43.209]    DEBUG: <PixTestParameters.cc/dump:L107>   ntrig: 8
[16:07:43.209]    DEBUG: <PixTestParameters.cc/dump:L107>   vcal: 35
[16:07:43.209]    DEBUG: <PixTestParameters.cc/dump:L107>   trimbits: button
[16:07:43.210]    DEBUG: <PixTestParameters.cc/dump:L104> PixTestParameters: ->Xray<-
[16:07:43.210]    DEBUG: <PixTestParameters.cc/dump:L107>   maskhotpixels: button
[16:07:43.210]    DEBUG: <PixTestParameters.cc/dump:L107>   savemaskfile: checkbox(0)
[16:07:43.210]    DEBUG: <PixTestParameters.cc/dump:L107>   maskfilename: default
[16:07:43.210]    DEBUG: <PixTestParameters.cc/dump:L107>   source: Ag
[16:07:43.210]    DEBUG: <PixTestParameters.cc/dump:L107>   phrun: button
[16:07:43.210]    DEBUG: <PixTestParameters.cc/dump:L107>   runseconds: 180
[16:07:43.210]    DEBUG: <PixTestParameters.cc/dump:L107>   trgfrequency(khz): 100
[16:07:43.210]    DEBUG: <PixTestParameters.cc/dump:L107>   ratescan: button
[16:07:43.210]    DEBUG: <PixTestParameters.cc/dump:L107>   vthrcompmin: 10
[16:07:43.210]    DEBUG: <PixTestParameters.cc/dump:L107>   vthrcompmax: 80
[16:07:43.210]    DEBUG: <PixTestParameters.cc/dump:L107>   stepseconds: 5
[16:07:43.210]    DEBUG: <PixTestParameters.cc/dump:L107>   delaytbm: checkbox
[16:07:43.210]    DEBUG: <PixTestParameters.cc/dump:L107>   filltree: checkbox
[16:07:43.212]    DEBUG: <PixSetup.cc/init:L81> PixSetup init start; getCurrentRSS() = 33525760
[16:07:43.212]    DEBUG: <PixSetup.cc/init:L87> fPixTestParameters = 0x22f8380
[16:07:43.212]    DEBUG: <PixSetup.cc/init:L88>  fConfigParameters = 0x226dc10
[16:07:43.212]    DEBUG: <PixSetup.cc/init:L89>        fPxarMemory = 0x7fa0d9d94010
[16:07:43.212]    DEBUG: <PixSetup.cc/init:L90>         fPxarMemHi = 0x7fa0dffff510
[16:07:43.212]    DEBUG: <PixSetup.cc/init:L106> PixSetup init done;  getCurrentRSS() = 33533952 fPxarMemory = 0x7fa0d9d94010
[16:07:43.213]    DEBUG: <pXar.cc/main:L223> Initial Analog Current: 385.9mA
[16:07:43.214]    DEBUG: <pXar.cc/main:L224> Initial Digital Current: 475.1mA
[16:07:43.215]    DEBUG: <pXar.cc/main:L225> Initial Module Temperature: 4.0 C
[16:07:43.713]    DEBUG: <PixGui.cc/hvOn:L460> HV set On: 0x28b6610
[16:07:43.780]    DEBUG: <PixTestFactory.cc/PixTestFactory:L53> PixTestFactory::PixTestFactory()
[16:07:43.781]    DEBUG: <PixTestBBMap.cc/init:L79> PixTestBBMap::init()
[16:07:43.781]    DEBUG: <PixTestBBMap.cc/PixTestBBMap:L27> PixTestBBMap ctor(PixSetup &a, string, TGTab *)
[16:07:43.786]    DEBUG: <PixTestBB2Map.cc/setParameter:L58> setting fTargetIa    = 24 mA/ROC
[16:07:43.786]    DEBUG: <PixTestBB2Map.cc/init:L97> PixTestBB2Map::init()
[16:07:43.786]    DEBUG: <PixTestBB2Map.cc/PixTestBB2Map:L29> PixTestBB2Map ctor(PixSetup &a, string, TGTab *)
[16:07:43.797]    DEBUG: <PixTestBB3Map.cc/init:L81> PixTestBB3Map::init()
[16:07:43.797]    DEBUG: <PixTestBB3Map.cc/PixTestBB3Map:L29> PixTestBB3Map ctor(PixSetup &a, string, TGTab *)
[16:07:43.823]    DEBUG: <PixTestBB4Map.cc/init:L93> PixTestBB4Map::init()
[16:07:43.823]    DEBUG: <PixTestBB4Map.cc/PixTestBB4Map:L26> PixTestMapeff ctor(PixSetup &a, string, TGTab *)
[16:07:43.838]     INFO: PixTestCmd::init()
[16:07:43.854]    DEBUG: <PixTestDaq.cc/init:L44> PixTestDaq::init()
[16:07:43.854]    DEBUG: <PixTestDaq.cc/PixTestDaq:L22> PixTestDaq ctor(PixSetup &a, string, TGTab *)
[16:07:43.854]     INFO: readGainPedestalParameters data/mh207/M-H-2-07_ElComandanteTest_2016-01-04_12h15m_1451931316/000_FPIXTest_p17/phCalibrationFitErr35_C0.dat .. data/mh207/M-H-2-07_ElComandanteTest_2016-01-04_12h15m_1451931316/000_FPIXTest_p17/phCalibrationFitErr35_C15.dat
[16:07:44.097]    DEBUG: <PixTestDacDacScan.cc/init:L103> PixTestDacDacScan::init()
[16:07:44.097]    DEBUG: <PixTestDacDacScan.cc/PixTestDacDacScan:L22> PixTestDacDacScan ctor(PixSetup &a, string, TGTab *)
[16:07:44.111]    DEBUG: <PixTestGainPedestal.cc/setParameter:L83> PixTestGainPedestal::PixTest() fVcalStep = 10
[16:07:44.116]    DEBUG: <PixTestHighRate.cc/setParameter:L68>   setting fParTriggerFrequency -> 20
[16:07:44.116]    DEBUG: <PixTestHighRate.cc/init:L198> PixTestHighRate::init()
[16:07:44.117]    DEBUG: <PixTestHighRate.cc/PixTestHighRate:L31> PixTestHighRate ctor(PixSetup &a, string, TGTab *)
[16:07:44.141]    DEBUG: <PixTest.cc/setTestParameter:L637>  setting  ntrig to new value 10
[16:07:44.141]    DEBUG: <PixTestPhOptimization.cc/setParameter:L37>   setting fParNtrig  ->10<- from sval = 10
[16:07:44.141]    DEBUG: <PixTestPhOptimization.cc/setParameter:L42>   setting fSafetyMarginLow  ->20<- from sval = 20
[16:07:44.141]    DEBUG: <PixTestPhOptimization.cc/setParameter:L48>   setting fVcalMax  ->100<- from sval = 100
[16:07:44.141]    DEBUG: <PixTestPhOptimization.cc/setParameter:L53>   setting fQuantMax  ->0.98<- from sval = 0.98
[16:07:44.147]    DEBUG: <PixTestAlive.cc/init:L77> PixTestAlive::init()
[16:07:44.147]    DEBUG: <PixTestAlive.cc/PixTestAlive:L21> PixTestAlive ctor(PixSetup &a, string, TGTab *)
[16:07:44.164]    DEBUG: <PixTestReadback.cc/setParameter:L172> fCalwVd set to 1
[16:07:44.164]    DEBUG: <PixTestReadback.cc/init:L95> PixTestReadback::init()
[16:07:44.164]    DEBUG: <PixTestReadback.cc/PixTestReadback:L22> PixTestReadback ctor(PixSetup &a, string, TGTab *)
[16:07:44.164]     INFO: readReadbackCal: data/mh207/M-H-2-07_ElComandanteTest_2016-01-04_12h15m_1451931316/000_FPIXTest_p17/readbackCal_C0.dat .. data/mh207/M-H-2-07_ElComandanteTest_2016-01-04_12h15m_1451931316/000_FPIXTest_p17/readbackCal_C15.dat
[16:07:44.175]    DEBUG: <PixTestScurves.cc/setParameter:L93> set fOutputFilename = 
[16:07:44.185]    DEBUG: <PixTestTiming.cc/setParameter:L60> PixTestTiming::PixTest() targetclk = 4
[16:07:44.185]    DEBUG: <PixTestTiming.cc/setParameter:L64> PixTestTiming::PixTest() ntrig = 10
[16:07:44.185]    DEBUG: <PixTestTiming.cc/setParameter:L48> fNoTokenPass: 0
[16:07:44.185]    DEBUG: <PixTestTiming.cc/init:L74> PixTestTiming::init()
[16:07:44.202]    DEBUG: <PixTestXray.cc/init:L134> PixTestXray::init()
[16:07:44.202]    DEBUG: <PixTestXray.cc/PixTestXray:L28> PixTestXray ctor(PixSetup &a, string, TGTab *)
[16:07:48.874]     INFO: ######################################################################
[16:07:48.874]     INFO: PixTestScurves::doTest() ntrig = 50
[16:07:48.874]     INFO: ######################################################################
[16:07:48.875]     INFO:    ----------------------------------------------------------------------
[16:07:48.875]     INFO:    PixTestScurves::scurves(Vcal), ntrig = 50, dacs/step = -1, ntrig/step = -1
[16:07:48.875]     INFO:    ----------------------------------------------------------------------
[16:07:48.875]     INFO: ---> dac: Vcal name: scurveVcal ntrig: 50 dacrange: 0 .. 200 (-1/-1) hits flags = 528 (plus default)
[16:07:48.959]     INFO:   dacScan split into 1 runs with ntrig = 50
[16:07:48.959]     INFO:     run 1 of 1
[16:07:48.959]    DEBUG: <PixTest.cc/dacScan:L1587>       attempt #0
[16:07:49.336]     INFO: Expecting 41808000 events.
[16:08:23.488]     INFO: 847250 events read in total (33434ms).
[16:08:56.676]     INFO: 1693650 events read in total (66622ms).
[16:09:29.998]     INFO: 2540250 events read in total (99944ms).
[16:10:03.280]     INFO: 3387200 events read in total (133226ms).
[16:10:36.668]     INFO: 4234850 events read in total (166614ms).
[16:11:10.209]     INFO: 5081900 events read in total (200155ms).
[16:11:43.501]     INFO: 5928950 events read in total (233447ms).
[16:12:16.887]     INFO: 6777150 events read in total (266833ms).
[16:12:28.036]  WARNING: Channel 0 ROC 5: Readback start marker after 7 readouts!
[16:12:28.036]    ERROR: <datapipe.cc/CheckEventValidity:L480> Channel 0 has NoTokenPass but 6 ROCs were found
[16:12:28.036]  WARNING: Channel 1 ROC 6: Readback start marker after 7 readouts!
[16:12:28.037]    ERROR: <datapipe.cc/CheckEventValidity:L480> Channel 1 has NoTokenPass but 7 ROCs were found
[16:12:28.037]    ERROR: <datapipe.cc/Read:L164> Dumping the flawed event +- 3 events:
[16:12:28.037]    ERROR: <datapipe.cc/Read:L166> ====== 0 ====== a029 80c0 4388 10c 2425 4388 10c 2425 4389 10c 2424 4388 10c 2424 4389 10c 2421 4388 10c 240f 4389 10c 2409 4388 e022 c000 
[16:12:28.037]    ERROR: <datapipe.cc/Read:L166> ====== 0 ====== a023 8040 43c8 10c 2425 43c9 10c 2424 43c8 43c9 10c 2424 43c8 10c 2421 43c9 10c 240f 43c8 10c 240c 43c9 10c 2424 e022 c000 
[16:12:28.037]    ERROR: <datapipe.cc/Read:L166> ====== 0 ====== a024 80b1 43c8 10c 2424 43c8 10c 2424 43c8 10c 2422 43c8 43c8 43c8 10c 240f 43c8 10c 2408 43c8 e022 c000 
[16:12:28.037]    ERROR: <datapipe.cc/Read:L166> ====== 0 ====== a025 80c0 43c8 10c 2424 43c8 43c8 10c 2421 43c8 10c 2423 43c8 10c 2421 43c8 10c 240f 43c8 10c 240c 43c8 10c 2424 e022 c000 
[16:12:28.037]    ERROR: <datapipe.cc/Read:L166> ====== 2 ====== a026 8000 43c8 10c 2424 43c8 10c 2425 43c8 43c8 10c 2424 5388 10c 2422 538a 451 3d43 c40 2555 550 2e2d 7d5 2144 3e 2220 ff 2fff fff 2fff fff 2fff fff 2fff fff 2fff fff 2fff fff 2fff fff 2fff fff 2fff fff 2fff fff 2fff fff 2fff fff 2fff fff 2fff fff 2fff fff 2fff fff 2fff fff 2fff fff 2fff fff 2fff fff 2fff fff 2fff fff 2fff fff 2fff fff 2fff fff 2fff fff 
[16:12:28.037]    ERROR: <datapipe.cc/Read:L166> ====== 0 ====== a027 8040 4388 4388 10c 2424 4388 10c 2422 4388 10c 2424 4388 4388 10c 240f 4388 10c 240a 4388 10c 2424 e022 c000 
[16:12:28.037]    ERROR: <datapipe.cc/Read:L166> ====== 0 ====== a028 80b1 4388 4388 10c 2425 4388 10c 2422 4388 4388 10c 2421 4388 10c 240f 4388 10c 2409 4388 10c 2422 e022 c000 
[16:12:28.037]    ERROR: <datapipe.cc/Read:L164> Dumping the flawed event +- 3 events:
[16:12:28.037]    ERROR: <datapipe.cc/Read:L166> ====== 0 ====== a129 80c0 4388 4388 4388 10c 240f 4388 10c 240d 4388 10c 2422 4388 10c 2440 4388 10c 242c 4388 e022 c000 
[16:12:28.037]    ERROR: <datapipe.cc/Read:L166> ====== 0 ====== a123 8040 43c8 43c9 10c 240f 43c8 10c 240e 43c9 10c 240f 43c8 10c 2422 43c9 10c 2440 43c8 10c 242c 43c8 e022 c000 
[16:12:28.037]    ERROR: <datapipe.cc/Read:L166> ====== 0 ====== a124 80b1 43c8 43c8 10c 2422 43c8 10c 240e 43c8 10c 240d 43c8 43c8 43c8 10c 242c 43c8 10c 2422 e022 c000 
[16:12:28.037]    ERROR: <datapipe.cc/Read:L166> ====== 0 ====== a125 80c0 43c8 10c 240e 43c8 10c 2422 43c8 10c 240f 43c8 10c 240e 43c8 10c 2424 43c8 43c8 10c 242a 43c8 10c 240f e022 c000 
[16:12:28.037]    ERROR: <datapipe.cc/Read:L166> ====== 2 ====== a126 8000 43c8 10c 240d 43c8 43c8 10c 240e 43c8 10c 240c 5388 4388 10c 3445 902 382a 438a 28a8 a 28c2 a80 2422 57f 2fff fff 2fff fff 2fff fff 2fff fff 2fff fff 2fff fff 2fff fff 2fff fff 2fff fff 2fff fff 2fff fff 2fff fff 2fff fff 2fff fff 2fff fff 2fff fff 2fff fff 2fff fff 2fff fff 2fff fff 2fff fff 2fff fff 2fff fff 2fff fff 2fff fff 2fff fff 2fff fff 
[16:12:28.037]    ERROR: <datapipe.cc/Read:L166> ====== 0 ====== a127 8040 4388 10c 240e 4388 10c 2421 4388 10c 240f 4388 10c 240e 4388 10c 2424 4388 10c 2441 4388 10c 242c 4388 e022 c000 
[16:12:28.037]    ERROR: <datapipe.cc/Read:L166> ====== 0 ====== a128 80b1 4388 10c 240e 4388 10c 2422 4388 10c 240e 4388 10c 240d 4388 10c 2425 4388 10c 2440 4388 10c 242c 4389 10c 2422 e022 c000 
[16:12:31.014]  WARNING: Channel 0 ROC 7: Readback start marker after 9 readouts!
[16:12:31.014]    ERROR: <datapipe.cc/CheckEventValidity:L480> Channel 0 has NoTokenPass but 8 ROCs were found
[16:12:31.014]    ERROR: <datapipe.cc/CheckEventValidity:L480> Channel 1 has NoTokenPass but 8 ROCs were found
[16:12:31.014]    ERROR: <datapipe.cc/Read:L164> Dumping the flawed event +- 3 events:
[16:12:31.014]    ERROR: <datapipe.cc/Read:L166> ====== 0 ====== a03b 8040 43c8 109 246f 43c8 109 246e 43c9 109 246e 43c8 109 246e 43c9 109 2468 43c8 109 246d 43c9 109 2465 43c8 109 2487 e022 c000 
[16:12:31.014]    ERROR: <datapipe.cc/Read:L166> ====== 0 ====== a035 80c0 4388 109 246e 4388 109 246d 4388 109 246e 4388 109 246c 4388 109 2469 4388 109 246e 4388 109 2465 4388 109 2485 e022 c000 
[16:12:31.014]    ERROR: <datapipe.cc/Read:L166> ====== 0 ====== a036 8000 4388 109 246f 4388 109 246f 4388 109 246f 4388 109 246c 4388 109 2468 4388 109 246e 4388 109 2465 4388 109 2485 e022 c000 
[16:12:31.014]    ERROR: <datapipe.cc/Read:L166> ====== 0 ====== a037 8040 4388 109 246f 4388 109 246c 4389 109 246c 4388 109 246c 4389 109 246c 4388 109 246d 4389 109 2466 4388 109 2485 e022 c000 
[16:12:31.014]    ERROR: <datapipe.cc/Read:L166> ====== 2 ====== a038 80b1 4389 109 246f 4389 109 246e 4388 109 246b 4389 109 246c 4388 109 2469 4389 109 246f 43c8 1109 2464 43cb fff 2f60 ffe 2220 ff 2fff fff 2fff fff 2fff fff 2fff fff 2fff fff 2fff fff 2fff fff 2fff fff 2fff fff 2fff fff 2fff fff 2fff fff 2fff fff 2fff fff 2fff fff 2fff fff 2fff fff 2fff fff 2fff fff 2fff fff 2fff fff 2fff fff 2fff fff 2fff fff 2fff fff 
[16:12:31.014]    ERROR: <datapipe.cc/Read:L166> ====== 0 ====== a039 80c0 43c8 109 246f 43c8 109 246d 43c9 109 246e 43c8 109 246d 43c9 109 246a 43c8 109 246d 43c9 109 2464 43c8 109 2485 e022 c000 
[16:12:31.014]    ERROR: <datapipe.cc/Read:L166> ====== 0 ====== a03a 8000 43c9 109 246f 43c9 109 246c 43c8 109 246c 43c9 109 246d 43c8 109 2469 43c9 109 246e 43c8 109 2465 43c9 109 2483 e022 c000 
[16:12:31.014]    ERROR: <datapipe.cc/Read:L164> Dumping the flawed event +- 3 events:
[16:12:31.014]    ERROR: <datapipe.cc/Read:L166> ====== 0 ====== a13b 8040 43c8 109 246a 43c8 109 246a 43c8 109 246a 43c8 109 2461 43c8 109 2468 43c8 109 246f 43c8 109 2480 43c8 109 246a e022 c000 
[16:12:31.014]    ERROR: <datapipe.cc/Read:L166> ====== 0 ====== a135 80c0 4388 109 246c 4388 109 246c 4388 109 246a 4388 109 244f 4388 109 2469 4388 109 246f 4388 109 246f 4388 109 246c e022 c000 
[16:12:31.015]    ERROR: <datapipe.cc/Read:L166> ====== 0 ====== a136 8000 4388 109 246a 4388 109 246c 4388 109 246c 4388 109 244f 4388 109 2469 4388 109 2480 4388 109 2482 4389 109 246e e022 c000 
[16:12:31.015]    ERROR: <datapipe.cc/Read:L166> ====== 0 ====== a137 8040 4388 109 246a 4388 109 246c 4388 109 246a 4388 109 244f 4388 109 2469 4388 109 2480 4388 109 2481 4388 109 246d e022 c000 
[16:12:31.015]    ERROR: <datapipe.cc/Read:L166> ====== 2 ====== a138 80b1 4389 109 246c 4389 109 246d 4389 109 246c 4389 109 2461 4389 109 2469 4389 109 2481 43c9 109 346f 43c9 de9 26ea e 2220 ff 2fff fff 2fff fff 2fff fff 2fff fff 2fff fff 2fff fff 2fff fff 2fff fff 2fff fff 2fff fff 2fff fff 2fff fff 2fff fff 2fff fff 2fff fff 2fff fff 2fff fff 2fff fff 2fff fff 2fff fff 2fff fff 2fff fff 2fff fff 2fff fff 2fff fff 
[16:12:31.015]    ERROR: <datapipe.cc/Read:L166> ====== 0 ====== a139 80c0 43c8 109 246c 43c8 109 246a 43c8 109 246a 43c8 109 2461 43c8 109 246a 43c8 109 246f 43c8 109 2480 43c8 109 246d e022 c000 
[16:12:31.015]    ERROR: <datapipe.cc/Read:L166> ====== 0 ====== a13a 8000 43c9 109 246a 43c9 109 246a 43c9 109 246b 43c9 109 2462 43c9 109 2465 43c9 109 2481 43c9 109 246f 43c9 109 246a e022 c000 
[16:12:42.603]    ERROR: <datapipe.cc/CheckEventValidity:L480> Channel 0 has NoTokenPass but 4 ROCs were found
[16:12:42.603]    ERROR: <datapipe.cc/CheckEventValidity:L491> Channel 1 Number of ROCs (6) != Token Chain Length (8)
[16:12:42.603]    ERROR: <datapipe.cc/Read:L164> Dumping the flawed event +- 3 events:
[16:12:42.603]    ERROR: <datapipe.cc/Read:L166> ====== 0 ====== a0b3 8040 43c8 43c9 43c8 43c9 43c8 43c9 43c8 43c9 e022 c000 
[16:12:42.603]    ERROR: <datapipe.cc/Read:L166> ====== 0 ====== a0ad 80c0 4388 4388 4389 4388 4389 4388 4389 4388 e022 c000 
[16:12:42.603]    ERROR: <datapipe.cc/Read:L166> ====== 0 ====== a0ae 8000 4389 4389 438b 4389 438b 4389 438b 4389 e022 c000 
[16:12:42.603]    ERROR: <datapipe.cc/Read:L166> ====== 0 ====== a0af 8040 438b 438b 4388 438b 4388 438b 4388 438b e022 c000 
[16:12:42.603]    ERROR: <datapipe.cc/Read:L166> ====== 0 ====== a0b0 80b1 4388 4388 43c8 43c8 43c9 c009 
[16:12:42.603]    ERROR: <datapipe.cc/Read:L166> ====== 0 ====== a0b1 80c0 43c8 43c8 43c9 43c8 43c8 43c9 43c9 43c9 e022 c000 
[16:12:42.603]    ERROR: <datapipe.cc/Read:L166> ====== 0 ====== a0b2 8000 43c8 43c8 43c8 43c9 43c8 43c8 43c8 43c9 e022 c000 
[16:12:42.603]    ERROR: <datapipe.cc/Read:L164> Dumping the flawed event +- 3 events:
[16:12:42.603]    ERROR: <datapipe.cc/Read:L166> ====== 0 ====== a1b3 8040 43c8 43c9 43c8 43c9 43c8 43c9 43c8 43c8 e022 c000 
[16:12:42.603]    ERROR: <datapipe.cc/Read:L166> ====== 0 ====== a1ad 80c0 4388 4388 4388 4388 4388 4388 4388 438b e022 c000 
[16:12:42.603]    ERROR: <datapipe.cc/Read:L166> ====== 0 ====== a1ae 8000 4389 4389 4389 4389 4389 4389 4389 4389 e022 c000 
[16:12:42.603]    ERROR: <datapipe.cc/Read:L166> ====== 0 ====== a1af 8040 438b 438b 438b 438b 438b 438b 438b 4389 e022 c000 
[16:12:42.603]    ERROR: <datapipe.cc/Read:L166> ====== 0 ====== a1b0 80b1 4389 4389 43c9 43c9 43c9 43cb 9 43c9 e022 c000 
[16:12:42.603]    ERROR: <datapipe.cc/Read:L166> ====== 0 ====== a1b1 80c0 43c8 43c8 43c8 43c8 43c9 43c9 43c9 43c9 e022 c000 
[16:12:42.603]    ERROR: <datapipe.cc/Read:L166> ====== 0 ====== a1b2 8000 43c8 43c8 43c9 43c9 43c8 43c8 43c9 43c8 e022 c000 
[16:12:46.851]    ERROR: <datapipe.cc/CheckEventValidity:L480> Channel 0 has NoTokenPass but 8 ROCs were found
[16:12:46.852]    ERROR: <datapipe.cc/CheckEventValidity:L480> Channel 1 has NoTokenPass but 8 ROCs were found
[16:12:46.852]    ERROR: <datapipe.cc/Read:L164> Dumping the flawed event +- 3 events:
[16:12:46.852]    ERROR: <datapipe.cc/Read:L166> ====== 0 ====== a05c 80b1 43c9 115 2280 43c9 115 2286 43c9 115 2289 43c9 115 226f 43c9 115 2282 43c9 115 2281 43c9 115 226e 43c9 115 2289 e022 c000 
[16:12:46.852]    ERROR: <datapipe.cc/Read:L166> ====== 0 ====== a056 8000 4388 115 2280 4388 115 2289 4388 115 2288 4388 115 226f 4388 115 2281 4388 115 2280 4388 115 226c 4388 115 228d e022 c000 
[16:12:46.852]    ERROR: <datapipe.cc/Read:L166> ====== 0 ====== a057 8040 4388 115 2280 4388 115 2288 4389 115 2286 4388 115 226f 4389 115 2282 4388 115 2282 4389 115 226c 4388 115 2289 e022 c000 
[16:12:46.852]    ERROR: <datapipe.cc/Read:L166> ====== 0 ====== a058 80b1 4389 115 2284 4389 115 2288 4388 115 2288 4389 115 226f 4388 115 2284 4389 115 2280 4388 115 226d 4389 115 228a e022 c000 
[16:12:46.852]    ERROR: <datapipe.cc/Read:L166> ====== 2 ====== a059 80c0 4388 115 2281 4388 115 2289 4389 115 2287 4388 115 226f 4389 115 2284 4388 115 2281 4389 115 226d 53c8 115 228d 7ff 2fff fff 2fff fff 2fff fff 2fff fff 2fff fff 2fff fff 2fff fff 2fff fff 2fff fff 2fff fff 2fff fff 2fff fff 2fff fff 2fff fff 2fff fff 2fff fff 2fff fff 2fff fff 2fff fff 2fff fff 2fff fff 2fff fff 2fff fff 2fff fff 2fff fff 2fff fff 
[16:12:46.852]    ERROR: <datapipe.cc/Read:L166> ====== 0 ====== a05a 8000 43c9 115 226f 43c9 115 2285 43c9 115 2286 43c9 115 226f 43c9 115 2281 43c9 115 226f 43c9 115 226d 43c9 115 2289 e022 c000 
[16:12:46.852]    ERROR: <datapipe.cc/Read:L166> ====== 0 ====== a05b 8040 43c9 115 2282 43c9 115 2286 43c9 115 2288 43c9 115 226f 43c9 115 2282 43c9 115 226f 43c9 115 226d 43c9 115 228a e022 c000 
[16:12:46.852]    ERROR: <datapipe.cc/Read:L164> Dumping the flawed event +- 3 events:
[16:12:46.852]    ERROR: <datapipe.cc/Read:L166> ====== 0 ====== a15c 80b1 43c9 115 2282 43c9 115 2284 43c9 115 2284 43c9 115 226c 43c9 115 2281 43c9 115 22a1 43c9 115 228a 43c9 115 226e e022 c000 
[16:12:46.852]    ERROR: <datapipe.cc/Read:L166> ====== 0 ====== a156 8000 4388 115 2284 4388 115 2285 4388 115 2281 4388 115 226c 4388 115 2282 4388 115 228e 4388 115 228c 4389 115 226f e022 c000 
[16:12:46.852]    ERROR: <datapipe.cc/Read:L166> ====== 0 ====== a157 8040 4388 115 2284 4388 115 2288 4388 115 2284 4388 115 2269 4388 115 2280 4388 115 228e 4388 115 228c 4388 115 226e e022 c000 
[16:12:46.852]    ERROR: <datapipe.cc/Read:L166> ====== 0 ====== a158 80b1 4389 115 2282 4389 115 2285 4389 115 2285 4389 115 226c 4389 115 2281 4389 115 228f 4389 115 228c 4389 115 226f e022 c000 
[16:12:46.852]    ERROR: <datapipe.cc/Read:L166> ====== 2 ====== a159 80c0 4388 115 2283 4388 115 2282 4388 115 2286 4388 115 2268 4388 115 2284 4388 115 228d 4388 115 228c 53c9 115 226f 7ff 2aaf eab 2fff fff 2fff fff 2fff fff 2fff fff 2fff fff 2fff fff 2fff fff 2fff fff 2fff fff 2fff fff 2fff fff 2fff fff 2fff fff 2fff fff 2fff fff 2fff fff 2fff fff 2fff fff 2fff fff 2fff fff 2fff fff 2fff fff 2fff fff 2fff fff 2fff fff 
[16:12:46.852]    ERROR: <datapipe.cc/Read:L166> ====== 0 ====== a15a 8000 43c9 115 2284 43c9 115 2285 43c9 115 2282 43c9 115 226b 43c9 115 2281 43c9 115 228f 43c9 115 228d 43c9 115 226e e022 c000 
[16:12:46.852]    ERROR: <datapipe.cc/Read:L166> ====== 0 ====== a15b 8040 43c9 115 2284 43c9 115 2286 43c9 115 2282 43c9 115 2269 43c9 115 2282 43c9 115 228e 43c9 115 228c 43c9 115 226f e022 c000 
[16:12:49.390]    ERROR: <datapipe.cc/CheckEventValidity:L480> Channel 0 has NoTokenPass but 1 ROCs were found
[16:12:49.390]    ERROR: <datapipe.cc/CheckEventValidity:L491> Channel 1 Number of ROCs (6) != Token Chain Length (8)
[16:12:49.390]    ERROR: <datapipe.cc/CheckEventID:L463> Channel 0 Event ID mismatch:  local ID (76) !=  TBM ID (8)
[16:12:49.390]    ERROR: <datapipe.cc/CheckEventValidity:L491> Channel 0 Number of ROCs (5) != Token Chain Length (8)
[16:12:49.390]    ERROR: <datapipe.cc/CheckEventID:L463> Channel 0 Event ID mismatch:  local ID (9) !=  TBM ID (76)
[16:12:49.390]    ERROR: <datapipe.cc/Read:L164> Dumping the flawed event +- 3 events:
[16:12:49.390]    ERROR: <datapipe.cc/Read:L166> ====== 0 ====== a14e 8000 43c9 112 222a 43c9 112 2229 43c9 112 222c 43c9 112 220f 43c9 112 2225 43c9 112 2245 43c9 112 2242 43c9 112 222c e022 c000 
[16:12:49.390]    ERROR: <datapipe.cc/Read:L166> ====== 0 ====== a148 80b1 4388 112 2228 4388 112 2227 4388 112 222d 4388 112 220f 4388 112 2224 4388 112 2244 4388 112 2241 4389 112 222a e022 c000 
[16:12:49.390]    ERROR: <datapipe.cc/Read:L166> ====== 0 ====== a149 80c0 4388 112 2229 4388 112 2228 4388 112 222a 4388 112 2221 4388 112 2224 4388 112 2245 4388 112 2240 4389 112 222c e022 c000 
[16:12:49.390]    ERROR: <datapipe.cc/Read:L166> ====== 0 ====== a14a 8000 4389 112 2228 4389 112 2229 4389 112 222a 4389 112 220f 4389 112 2225 4389 112 2245 4389 112 2241 4388 112 2229 e022 c000 
[16:12:49.390]    ERROR: <datapipe.cc/Read:L166> ====== 0 ====== a14b 8040 4389 112 222c 43c9 112 2229 9 2112 22c 43c9 112 220f 43c9 112 2225 43c9 112 2244 43c9 112 2242 43c8 112 222a e022 c000 
[16:12:49.390]    ERROR: <datapipe.cc/Read:L166> ====== 0 ====== a14c 80b1 43c8 112 222a 43c8 112 2228 43c8 112 222c 43c8 112 2221 43c8 112 2225 43c8 112 2245 43c8 112 2244 43c9 112 2229 e022 c000 
[16:12:49.390]    ERROR: <datapipe.cc/Read:L166> ====== 0 ====== a14d 80c0 43c8 112 2229 43c8 112 2228 43c8 112 222c 43c8 112 2221 43c8 112 2225 43c8 112 2242 43c8 112 2241 43ca 112 222a e022 c000 
[16:12:49.390]    ERROR: <datapipe.cc/Read:L164> Dumping the flawed event +- 3 events:
[16:12:49.390]    ERROR: <datapipe.cc/Read:L166> ====== 0 ====== a04f 8040 43ca 112 2229 43ca 112 222e 43c8 112 222c 43ca 112 222c 43c8 112 2224 43ca 112 222a 43c8 112 220f 43ca 112 222f e022 c000 
[16:12:49.390]    ERROR: <datapipe.cc/Read:L166> ====== 0 ====== a04a 8000 4389 112 2228 4389 112 222e 4389 112 222c 4389 112 222c 4389 112 2221 4389 112 222c 4389 112 220f 4389 112 222f e022 c000 
[16:12:49.390]    ERROR: <datapipe.cc/Read:L166> ====== 2 ====== a04b 8040 4389 112 2228 43c9 112 
[16:12:49.390]    ERROR: <datapipe.cc/Read:L166> ====== 0 ====== a008 8091 43c9 2220 891 43c8 112 2224 43c9 112 222a 43c8 112 220f 43c9 112 222f e022 c000 
[16:12:49.390]    ERROR: <datapipe.cc/Read:L166> ====== 0 ====== a04c 80b1 43c8 112 2228 43c8 112 222e 43c8 112 222c 43c8 112 222c 43c8 112 2223 43c8 112 222a 43c8 112 220f 43c8 112 222f e022 c000 
[16:12:49.390]    ERROR: <datapipe.cc/Read:L166> ====== 0 ====== a04d 80c0 43c8 112 2226 43c8 112 222d 43c9 112 222c 43c8 112 222a 43c9 112 2224 43c8 112 2229 43c9 112 220f 43c8 112 222f e022 c000 
[16:12:49.390]    ERROR: <datapipe.cc/Read:L166> ====== 0 ====== a04e 8000 43c9 112 2228 43c9 112 222d 43ca 112 222a 43c9 112 222a 43ca 112 2225 43c9 112 2229 43ca 112 220f 43c9 112 222f e022 c000 
[16:12:50.107] CRITICAL: <hal.cc/condenseTriggers:L1899> Data size does not correspond to 50 triggers! Aborting data processing!
[16:12:50.191]     INFO: 6777150 events read in total (300137ms).
[16:13:03.577]    ERROR: <datapipe.cc/CheckEventValidity:L491> Channel 0 Number of ROCs (6) != Token Chain Length (8)
[16:13:03.577]    ERROR: <datapipe.cc/CheckEventValidity:L491> Channel 1 Number of ROCs (6) != Token Chain Length (8)
[16:13:03.577]    ERROR: <datapipe.cc/Read:L164> Dumping the flawed event +- 3 events:
[16:13:03.577]    ERROR: <datapipe.cc/Read:L166> ====== 0 ====== a08c 80b1 43c9 108 2a66 43c9 108 2a6e 43c8 108 2a67 43c9 108 2a61 43c8 108 2a62 43c9 108 2a64 43c8 108 2a47 43c9 108 2a6e e022 c000 
[16:13:03.577]    ERROR: <datapipe.cc/Read:L166> ====== 0 ====== a086 8000 4388 108 2a68 4388 108 2a6f 4388 108 2a68 4388 108 2a61 4388 108 2a64 4388 108 2a65 4388 108 2a44 4388 108 2a6f e022 c000 
[16:13:03.577]    ERROR: <datapipe.cc/Read:L166> ====== 0 ====== a087 8040 4388 108 2a68 4388 108 2a6e 4389 108 2a65 4388 108 2a62 4389 108 2a63 4388 108 2a64 4389 108 2a47 4388 108 2a6e e022 c000 
[16:13:03.577]    ERROR: <datapipe.cc/Read:L166> ====== 0 ====== a088 80b1 4389 108 2a68 4389 108 2a6f 4388 108 2a65 4389 108 2a63 4388 108 2a64 4389 108 2a65 4388 108 2a47 4389 108 2a6f e022 c000 
[16:13:03.577]    ERROR: <datapipe.cc/Read:L166> ====== 0 ====== a089 80c0 4388 108 2a66 4388 108 2a6f 43c9 108 2a7f ff8 2108 a65 43c9 108 2a64 43c8 108 2a65 43c9 108 2a47 43c8 108 2a6d e022 c000 
[16:13:03.577]    ERROR: <datapipe.cc/Read:L166> ====== 0 ====== a08a 8000 43c9 108 2a66 43c9 108 2a6f 43c8 108 2a67 43c9 108 2a62 43c8 108 2a62 43c9 108 2a66 43c8 108 2a45 43c9 108 2a6e e022 c000 
[16:13:03.577]    ERROR: <datapipe.cc/Read:L166> ====== 0 ====== a08b 8040 43c8 108 2a66 43c8 108 2a6e 43c9 108 2a66 43c8 108 2a63 43c9 108 2a63 43c8 108 2a65 43c9 108 2a47 43c8 108 2a6f e022 c000 
[16:13:03.577]    ERROR: <datapipe.cc/Read:L164> Dumping the flawed event +- 3 events:
[16:13:03.577]    ERROR: <datapipe.cc/Read:L166> ====== 0 ====== a18c 80b1 43c9 108 2a4f 43c9 108 2a60 43c9 108 2a68 43c9 108 2a4f 43c9 108 2a65 43c9 108 2a81 43c9 108 2a81 43c9 108 2a66 e022 c000 
[16:13:03.577]    ERROR: <datapipe.cc/Read:L166> ====== 0 ====== a186 8000 4388 108 2a60 4388 108 2a4f 4388 108 2a67 4388 108 2a4d 4388 108 2a68 4388 108 2a81 4388 108 2a81 4389 108 2a65 e022 c000 
[16:13:03.577]    ERROR: <datapipe.cc/Read:L166> ====== 0 ====== a187 8040 4388 108 2a60 4388 108 2a4f 4388 108 2a68 4388 108 2a4f 4388 108 2a69 4388 108 2a85 4388 108 2a80 4388 108 2a62 e022 c000 
[16:13:03.577]    ERROR: <datapipe.cc/Read:L166> ====== 0 ====== a188 80b1 4389 108 2a4f 4389 108 2a60 4389 108 2a68 4389 108 2a4d 4389 108 2a66 4389 108 2a82 4389 108 2a6f 4389 108 2a66 e022 c000 
[16:13:03.577]    ERROR: <datapipe.cc/Read:L166> ====== 0 ====== a189 80c0 4388 108 2a4f 4388 108 3a4f 43c8 108 2a70 8 2108 a4e 43c8 108 2a67 43c8 108 2a84 43c8 108 2a80 43c8 108 2a66 e022 c000 
[16:13:03.577]    ERROR: <datapipe.cc/Read:L166> ====== 0 ====== a18a 8000 43c9 108 2a62 43c9 108 2a4f 43c9 108 2a65 43c9 108 2a4d 43c9 108 2a65 43c9 108 2a84 43c9 108 2a6f 43c9 108 2a65 e022 c000 
[16:13:03.577]    ERROR: <datapipe.cc/Read:L166> ====== 0 ====== a18b 8040 43c8 108 2a62 43c8 108 2a4f 43c8 108 2a66 43c8 108 2a4c 43c8 108 2a68 43c8 108 2a85 43c8 108 2a6f 43c8 108 2a65 e022 c000 
[16:13:03.975]    ERROR: <datapipe.cc/CheckEventValidity:L491> Channel 0 Number of ROCs (6) != Token Chain Length (8)
[16:13:03.975]    ERROR: <datapipe.cc/CheckEventValidity:L491> Channel 1 Number of ROCs (6) != Token Chain Length (8)
[16:13:03.975]    ERROR: <datapipe.cc/Read:L164> Dumping the flawed event +- 3 events:
[16:13:03.975]    ERROR: <datapipe.cc/Read:L166> ====== 0 ====== a0ba 8000 4389 108 2224 4389 108 2225 4388 108 2227 4389 108 2228 4388 108 2221 4389 108 2223 4388 108 220e 4389 108 2224 e022 c000 
[16:13:03.975]    ERROR: <datapipe.cc/Read:L166> ====== 0 ====== a0b4 80b1 43c8 108 2224 43c8 108 2226 43c8 108 2226 43c8 108 2226 43c8 108 2223 43c8 108 2224 43c8 108 220d 43c8 108 2225 e022 c000 
[16:13:03.975]    ERROR: <datapipe.cc/Read:L166> ====== 0 ====== a0b5 80c0 43c8 108 2224 43c8 108 2224 43c8 108 2225 43c8 108 2224 43c8 108 2221 43c8 108 2224 43c8 108 220d 43c8 108 2225 e022 c000 
[16:13:03.975]    ERROR: <datapipe.cc/Read:L166> ====== 0 ====== a0b6 8000 43c8 108 2224 43c8 108 2226 43c8 108 2228 43c8 108 2226 43c8 108 2221 43c8 108 2224 43c8 108 220e 43c8 108 2225 e022 c000 
[16:13:03.975]    ERROR: <datapipe.cc/Read:L166> ====== 0 ====== a0b7 8040 43c8 108 3224 4388 101 255f ff8 2108 226 4388 108 2226 4388 108 2223 4388 108 2224 4388 108 220f 4388 108 2226 e022 c000 
[16:13:03.975]    ERROR: <datapipe.cc/Read:L166> ====== 0 ====== a0b8 80b1 4388 108 2225 4388 108 2225 4388 108 2224 4388 108 2226 4388 108 220f 4388 108 2223 4388 108 220d 4388 108 2224 e022 c000 
[16:13:03.975]    ERROR: <datapipe.cc/Read:L166> ====== 0 ====== a0b9 80c0 4388 108 2224 4388 108 2226 4389 108 2225 4388 108 2228 4389 108 2221 4388 108 2221 4389 108 220f 4388 108 2225 e022 c000 
[16:13:03.975]    ERROR: <datapipe.cc/Read:L164> Dumping the flawed event +- 3 events:
[16:13:03.975]    ERROR: <datapipe.cc/Read:L166> ====== 0 ====== a1ba 8000 4389 108 220e 4389 108 2224 4389 108 2223 4389 108 220d 4389 108 220f 4389 108 2243 4389 108 222f 4389 108 2222 e022 c000 
[16:13:03.975]    ERROR: <datapipe.cc/Read:L166> ====== 0 ====== a1b4 80b1 43c8 108 220e 43c8 108 2224 43c8 108 2222 43c8 108 220d 43c8 108 2221 43c8 108 2242 43c8 108 222e 43c8 108 220f e022 c000 
[16:13:03.975]    ERROR: <datapipe.cc/Read:L166> ====== 0 ====== a1b5 80c0 43c8 108 220e 43c8 108 2225 43c8 108 2225 43c8 108 220d 43c8 108 2222 43c8 108 2244 43c8 108 222f 43c8 108 2224 e022 c000 
[16:13:03.975]    ERROR: <datapipe.cc/Read:L166> ====== 0 ====== a1b6 8000 43c8 108 220e 43c8 108 2225 43c8 108 2224 43c8 108 220c 43c8 108 2221 43c8 108 2244 43c8 108 222e 43c8 108 2221 e022 c000 
[16:13:03.975]    ERROR: <datapipe.cc/Read:L166> ====== 0 ====== a1b7 8040 4388 108 320e 4388 102 2aa0 8 2108 224 4388 108 220d 4388 108 2221 4388 108 2242 4388 108 222f 4388 108 2221 e022 c000 
[16:13:03.975]    ERROR: <datapipe.cc/Read:L166> ====== 0 ====== a1b8 80b1 4388 108 220f 4388 108 2225 4388 108 2222 4388 108 2209 4388 108 2222 4388 108 2242 4388 108 222f 4389 108 2221 e022 c000 
[16:13:03.975]    ERROR: <datapipe.cc/Read:L166> ====== 0 ====== a1b9 80c0 4388 108 220e 4388 108 2225 4388 108 2223 4388 108 220c 4388 108 2224 4388 108 2241 4388 108 222d 4388 108 220f e022 c000 
[16:13:05.730]    ERROR: <datapipe.cc/CheckEventValidity:L480> Channel 0 has NoTokenPass but 6 ROCs were found
[16:13:05.730]    ERROR: <datapipe.cc/CheckEventValidity:L491> Channel 1 Number of ROCs (7) != Token Chain Length (8)
[16:13:05.730]    ERROR: <datapipe.cc/CheckEventID:L463> Channel 0 Event ID mismatch:  local ID (24) !=  TBM ID (8)
[16:13:05.731]    ERROR: <datapipe.cc/CheckEventValidity:L491> Channel 0 Number of ROCs (0) != Token Chain Length (8)
[16:13:05.731]    ERROR: <datapipe.cc/CheckEventID:L463> Channel 0 Event ID mismatch:  local ID (9) !=  TBM ID (24)
[16:13:05.731]    ERROR: <datapipe.cc/Read:L164> Dumping the flawed event +- 3 events:
[16:13:05.731]    ERROR: <datapipe.cc/Read:L166> ====== 0 ====== a11a 8000 43c8 104 264f 43c8 104 264a 43c8 104 264d 43c8 104 2643 43c8 104 264d 43c8 104 266f 43c8 104 2663 43c9 104 264f e022 c000 
[16:13:05.731]    ERROR: <datapipe.cc/Read:L166> ====== 0 ====== a114 80b1 4388 104 264f 4388 104 264a 4388 104 264e 4388 104 2642 4388 104 264d 4388 104 266d 4388 104 264f 4388 104 264f e022 c000 
[16:13:05.731]    ERROR: <datapipe.cc/Read:L166> ====== 0 ====== a115 80c0 4388 104 264f 4388 104 264a 4388 104 264f 4388 104 2644 4388 104 264d 4388 104 266d 4388 104 2662 4388 104 264f e022 c000 
[16:13:05.731]    ERROR: <datapipe.cc/Read:L166> ====== 0 ====== a116 8000 4388 104 264e 4388 104 264a 4388 104 264d 4388 104 2645 4388 104 264d 4388 104 266e 4388 104 2661 4389 104 264d e022 c000 
[16:13:05.731]    ERROR: <datapipe.cc/Read:L166> ====== 0 ====== a117 8040 4388 104 264e 4388 104 264a 4388 104 264e 4388 104 2644 4388 104 264d 43c8 104 266d 43c8 1f7 207f 38 2104 64f e022 c000 
[16:13:05.731]    ERROR: <datapipe.cc/Read:L166> ====== 0 ====== a118 80b1 43c9 104 264e 43c9 104 2649 43c9 104 264d 43c9 104 2644 43c9 104 264d 43c9 104 266d 43c9 104 2664 43c8 104 264f e022 c000 
[16:13:05.731]    ERROR: <datapipe.cc/Read:L166> ====== 0 ====== a119 80c0 43c8 104 264f 43c8 104 264a 43c8 104 264d 43c8 104 2644 43c8 104 264d 43c8 104 266c 43c8 104 2663 43c9 104 264e e022 c000 
[16:13:05.731]    ERROR: <datapipe.cc/Read:L164> Dumping the flawed event +- 3 events:
[16:13:05.731]    ERROR: <datapipe.cc/Read:L166> ====== 0 ====== a01b 8040 43c9 104 2662 43c9 104 264f 43c9 104 2665 43c9 104 264f 43c9 104 264f 43c9 104 264e 43c9 104 2645 43c9 104 2664 e022 c000 
[16:13:05.731]    ERROR: <datapipe.cc/Read:L166> ====== 0 ====== a016 8000 4388 104 264f 4388 104 2664 4388 104 2662 4388 104 2660 4388 104 264f 4388 104 264f 4388 104 2647 4388 104 2669 e022 c000 
[16:13:05.731]    ERROR: <datapipe.cc/Read:L166> ====== 2 ====== a017 8040 4388 104 264f 4388 104 264f 4389 104 2664 4388 104 264f 4389 104 264f 43c8 104 264f 43c9 3ff 
[16:13:05.731]    ERROR: <datapipe.cc/Read:L166> ====== 0 ====== a008 8023 e022 c000 
[16:13:05.731]    ERROR: <datapipe.cc/Read:L166> ====== 0 ====== a018 80b1 43c9 104 264f 43c9 104 264f 43c8 104 2663 43c9 104 264f 43c8 104 264f 43c9 104 264f 43c8 104 2646 43c9 104 2668 e022 c000 
[16:13:05.731]    ERROR: <datapipe.cc/Read:L166> ====== 0 ====== a019 80c0 43c8 104 2660 43c8 104 2663 43c8 104 2661 43c8 104 264f 43c8 104 2661 43c8 104 264f 43c8 104 2645 43c8 104 2665 e022 c000 
[16:13:05.731]    ERROR: <datapipe.cc/Read:L166> ====== 0 ====== a01a 8000 43c8 104 2660 43c8 104 264f 43c9 104 2662 43c8 104 264f 43c9 104 2660 43c8 104 264f 43c9 104 2645 43c8 104 2665 e022 c000 
[16:13:09.924]  WARNING: Channel 1 ROC 7: Readback start marker after 5 readouts!
[16:13:09.924]    ERROR: <datapipe.cc/CheckEventValidity:L480> Channel 1 has NoTokenPass but 8 ROCs were found
[16:13:09.924]  WARNING: Channel 0 ROC 7: Readback start marker after 3 readouts!
[16:13:09.925]    ERROR: <datapipe.cc/CheckEventValidity:L480> Channel 0 has NoTokenPass but 8 ROCs were found
[16:13:09.925]    ERROR: <datapipe.cc/Read:L164> Dumping the flawed event +- 3 events:
[16:13:09.925]    ERROR: <datapipe.cc/Read:L166> ====== 0 ====== a165 80c0 4388 162 244e 4388 162 2468 4388 162 246c 4388 162 246d 4388 162 2468 4388 162 246f 4388 162 246c 4388 162 2482 e022 c000 
[16:13:09.925]    ERROR: <datapipe.cc/Read:L166> ====== 0 ====== a15f 8040 43cb 162 244f 43cb 162 2468 43cb 162 246e 43cb 162 2469 43cb 162 2468 43cb 162 246d 43cb 162 246c 43c9 162 2482 e022 c000 
[16:13:09.925]    ERROR: <datapipe.cc/Read:L166> ====== 0 ====== a160 80b1 43c9 162 244f 43c9 162 2469 43c9 162 246a 43c9 162 246a 43c9 162 2465 43c9 162 246f 43c9 162 246c 43c9 162 2484 e022 c000 
[16:13:09.925]    ERROR: <datapipe.cc/Read:L166> ====== 0 ====== a161 80c0 43c8 162 244f 43c8 162 2468 43c8 162 246c 43c8 162 246c 43c9 162 2469 43c9 162 246f 43c9 162 246a 43c9 162 2484 e022 c000 
[16:13:09.925]    ERROR: <datapipe.cc/Read:L166> ====== 2 ====== a162 8000 43c8 162 244e 43c8 162 2468 43c9 162 2469 43c9 162 246a 43c8 162 2465 43c8 162 246e 5389 1162 246a 438a aaa 2a41 aae 2220 ff 2fff fff 2fff fff 2fff fff 2fff fff 2fff fff 2fff fff 2fff fff 2fff fff 2fff fff 2fff fff 2fff fff 2fff fff 2fff fff 2fff fff 2fff fff 2fff fff 2fff fff 2fff fff 2fff fff 2fff fff 2fff fff 2fff fff 2fff fff 2fff fff 2fff fff 
[16:13:09.925]    ERROR: <datapipe.cc/Read:L166> ====== 0 ====== a163 8040 4388 162 244f 4389 162 2465 4388 162 246a 4389 162 246c 4388 162 2467 4389 162 246d 4388 162 246c 4388 162 2482 e022 c000 
[16:13:09.925]    ERROR: <datapipe.cc/Read:L166> ====== 0 ====== a164 80b1 4388 162 244e 4388 162 2468 4388 162 246a 4388 162 246d 4388 162 2468 4388 162 246f 4388 162 2469 4388 162 2484 e022 c000 
[16:13:09.925]    ERROR: <datapipe.cc/Read:L164> Dumping the flawed event +- 3 events:
[16:13:09.925]    ERROR: <datapipe.cc/Read:L166> ====== 0 ====== a065 80c0 4388 162 246e 4388 162 244f 4388 162 244f 4388 162 2464 4388 162 2461 4388 162 244f 4388 162 2483 4388 162 246c e022 c000 
[16:13:09.925]    ERROR: <datapipe.cc/Read:L166> ====== 0 ====== a05f 8040 43cb 162 2480 43cb 162 244f 43c8 162 244f 43cb 162 2465 43c8 162 244f 43cb 162 2461 43c8 162 2481 43cb 162 2469 e022 c000 
[16:13:09.925]    ERROR: <datapipe.cc/Read:L166> ====== 0 ====== a060 80b1 43c8 162 2484 43c8 162 244f 43c8 162 244f 43c8 162 2468 43c9 162 244f 43c8 162 2461 43c9 162 2485 43c8 162 246b e022 c000 
[16:13:09.925]    ERROR: <datapipe.cc/Read:L166> ====== 0 ====== a061 80c0 43c8 162 246f 43c8 162 244f 43c9 162 244f 43c8 162 2466 43c8 162 2462 43c9 162 2461 43c9 162 2481 43c9 162 246a e022 c000 
[16:13:09.925]    ERROR: <datapipe.cc/Read:L166> ====== 2 ====== a062 8000 43c8 162 2480 43c8 162 2461 43c8 162 244f 43c9 162 2466 43c8 162 2464 43c8 162 244f 5388 1162 2483 438a 7c5 2fbe ffe 2220 ff 2fff fff 2fff fff 2fff fff 2fff fff 2fff fff 2fff fff 2fff fff 2fff fff 2fff fff 2fff fff 2fff fff 2fff fff 2fff fff 2fff fff 2fff fff 2fff fff 2fff fff 2fff fff 2fff fff 2fff fff 2fff fff 2fff fff 2fff fff 2fff fff 2fff fff 
[16:13:09.925]    ERROR: <datapipe.cc/Read:L166> ====== 0 ====== a063 8040 4388 162 2482 4389 162 244f 4388 162 244d 4389 162 2465 4388 162 244f 4389 162 2462 4388 162 2484 4389 162 2467 e022 c000 
[16:13:09.925]    ERROR: <datapipe.cc/Read:L166> ====== 0 ====== a064 80b1 4388 162 246e 4388 162 2461 4388 162 244f 4388 162 2466 4388 162 2461 4388 162 244f 4388 162 2485 4388 162 2469 e022 c000 
[16:13:12.991]    ERROR: <datapipe.cc/CheckEventID:L463> Channel 1 Event ID mismatch:  local ID (69) !=  TBM ID (70)
[16:13:12.991]    ERROR: <datapipe.cc/CheckEventID:L463> Channel 0 Event ID mismatch:  local ID (69) !=  TBM ID (70)
[16:13:12.991]    ERROR: <datapipe.cc/Read:L164> Dumping the flawed event +- 3 events:
[16:13:12.991]    ERROR: <datapipe.cc/Read:L166> ====== 0 ====== a149 80c0 43c8 15d 202c 43c8 15d 2040 43c8 15d 2047 43c8 15d 2049 43c8 15d 2041 43c8 15d 204f 43c8 15d 2048 43c9 15d 204c e022 c000 
[16:13:12.991]    ERROR: <datapipe.cc/Read:L166> ====== 0 ====== a142 8000 4388 15d 202c 4388 15d 2040 4389 15d 2047 4389 15d 2047 4388 15d 2040 4388 15d 204f 4389 15d 2047 4388 15d 2049 e022 c000 
[16:13:12.991]    ERROR: <datapipe.cc/Read:L166> ====== 0 ====== a143 8040 4388 15d 202c 4389 15d 2041 4388 15d 2048 4389 15d 2047 4388 15d 2041 4389 15d 204f 4388 15d 2046 4388 15d 2049 e022 c000 
[16:13:12.991]    ERROR: <datapipe.cc/Read:L166> ====== 0 ====== a144 80b1 4388 15d 202c 4388 15d 2041 4388 15d 2046 4388 15d 2048 4388 15d 202f 4388 15d 204f 4388 15d 2049 4388 15d 204a e022 c000 
[16:13:12.991]    ERROR: <datapipe.cc/Read:L166> ====== 0 ====== a146 8000 43c8 15d 202c 43c8 15d 2041 43c8 15d 2048 43c8 15d 2046 43c8 15d 2040 43c8 15d 2061 43c8 15d 2049 43c8 15d 204a e022 c000 
[16:13:12.991]    ERROR: <datapipe.cc/Read:L166> ====== 0 ====== a147 8040 43c8 15d 202e 43c8 15d 2040 43c8 15d 2046 43c8 15d 2045 43c8 15d 202f 43c8 15d 2060 43c8 15d 2046 43c8 15d 204a e022 c000 
[16:13:12.991]    ERROR: <datapipe.cc/Read:L166> ====== 0 ====== a148 80b1 43c8 15d 202c 43c8 15d 2040 43c8 15d 2045 43c8 15d 2047 43c8 15d 202f 43c8 15d 204f 43c8 15d 2046 43c9 15d 204e e022 c000 
[16:13:12.991]    ERROR: <datapipe.cc/Read:L164> Dumping the flawed event +- 3 events:
[16:13:12.991]    ERROR: <datapipe.cc/Read:L166> ====== 0 ====== a049 80c0 43c8 15d 2040 43c8 15d 2044 43c9 15d 2027 43c8 15d 2044 43c9 15d 202f 43c8 15d 202c 43c9 15d 204f 43c8 15d 2049 e022 c000 
[16:13:12.991]    ERROR: <datapipe.cc/Read:L166> ====== 0 ====== a042 8000 4388 15d 2042 4388 15d 2042 4388 15d 2026 4389 15d 2047 4388 15d 202c 4388 15d 202c 4388 15d 204f 4389 15d 2046 e022 c000 
[16:13:12.991]    ERROR: <datapipe.cc/Read:L166> ====== 0 ====== a043 8040 4388 15d 2040 4389 15d 2041 4388 15d 2028 4389 15d 2046 4388 15d 202d 4389 15d 2029 4388 15d 204f 4389 15d 2049 e022 c000 
[16:13:12.991]    ERROR: <datapipe.cc/Read:L166> ====== 0 ====== a044 80b1 4388 15d 2042 4388 15d 2044 4388 15d 2029 4388 15d 2045 4388 15d 202e 4388 15d 202c 4388 15d 204f 4388 15d 2049 e022 c000 
[16:13:12.991]    ERROR: <datapipe.cc/Read:L166> ====== 0 ====== a046 8000 43c8 15d 2044 43c8 15d 2043 43c8 15d 2029 43c8 15d 2044 43c8 15d 202c 43c8 15d 202c 43c8 15d 204f 43c8 15d 2048 e022 c000 
[16:13:12.991]    ERROR: <datapipe.cc/Read:L166> ====== 0 ====== a047 8040 43c8 15d 2040 43c8 15d 2044 43c8 15d 2029 43c8 15d 2044 43c8 15d 202e 43c8 15d 202c 43c8 15d 204e 43c8 15d 2048 e022 c000 
[16:13:12.991]    ERROR: <datapipe.cc/Read:L166> ====== 0 ====== a048 80b1 43c8 15d 2040 43c8 15d 2046 43c8 15d 2029 43c8 15d 2046 43c8 15d 202d 43c8 15d 2029 43c8 15d 204f 43c8 15d 204a e022 c000 
[16:13:12.992]  WARNING: Channel 1 ROC 7: Readback start marker after 15 readouts!
[16:13:12.992]  WARNING: Channel 0 ROC 7: Readback start marker after 15 readouts!
[16:13:12.992]    ERROR: <datapipe.cc/Read:L164> Dumping the flawed event +- 3 events:
[16:13:12.992]    ERROR: <datapipe.cc/Read:L166> ====== 0 ====== a150 80b1 43c9 15d 202c 43c9 15d 2041 43c9 15d 2045 43c9 15d 2046 43c9 15d 202f 43c9 15d 204d 43c9 15d 2046 43c9 15d 204a e022 c000 
[16:13:12.992]    ERROR: <datapipe.cc/Read:L166> ====== 0 ====== a14a 8000 43c9 15d 202c 43c9 15d 2040 43c9 15d 2047 43c9 15d 2049 43c9 15d 2042 43c9 15d 204f 43c9 15d 2048 43c9 15d 204d e022 c000 
[16:13:12.992]    ERROR: <datapipe.cc/Read:L166> ====== 0 ====== a14b 8040 43c9 15d 202a 43c9 15d 2041 43c9 15d 2045 43c9 15d 2047 43c9 15d 202f 43c9 15d 204f 43c9 15d 2048 43c8 15d 204a e022 c000 
[16:13:12.992]    ERROR: <datapipe.cc/Read:L166> ====== 0 ====== a14c 80b1 43c9 15d 202c 43c9 15d 2040 43c9 15d 2045 43c9 15d 2049 43c9 15d 2040 43c9 15d 204f 43c9 15d 2046 43c8 15d 204c e022 c000 
[16:13:12.992]    ERROR: <datapipe.cc/Read:L166> ====== 0 ====== a14d 80c0 43c8 15d 202c 43c8 15d 2040 43c8 15d 204a 43c8 15d 2049 43c8 15d 2040 43c8 15d 204f 43c8 15d 2046 43cb 15d 204c e022 c000 
[16:13:12.992]    ERROR: <datapipe.cc/Read:L166> ====== 0 ====== a14e 8000 43c8 15d 202e 43c8 15d 2040 43c8 15d 2046 43c8 15d 2049 43c8 15d 2040 43c8 15d 204f 43c8 15d 2049 43c9 15d 204d e022 c000 
[16:13:12.992]    ERROR: <datapipe.cc/Read:L166> ====== 0 ====== a14f 8040 43cb 15d 202c 43cb 15d 2040 43cb 15d 2047 43cb 15d 2046 43cb 15d 202f 43cb 15d 2060 43cb 15d 2047 43c9 15d 204d e022 c000 
[16:13:12.992]    ERROR: <datapipe.cc/Read:L164> Dumping the flawed event +- 3 events:
[16:13:12.992]    ERROR: <datapipe.cc/Read:L166> ====== 0 ====== a052 8000 43c8 15d 2040 43c8 15d 2042 43c8 15d 2025 43c9 15d 2045 43c8 15d 202e 43c8 15d 202c 43c8 15d 204f 43c9 15d 204a e022 c000 
[16:13:12.992]    ERROR: <datapipe.cc/Read:L166> ====== 0 ====== a04c 80b1 43c9 15d 2044 43c9 15d 2042 43c8 15d 2028 43c9 15d 2045 43c8 15d 202e 43c9 15d 202c 43c8 15d 204e 43c9 15d 2049 e022 c000 
[16:13:12.992]    ERROR: <datapipe.cc/Read:L166> ====== 0 ====== a04d 80c0 43c8 15d 2041 43c8 15d 2041 43c8 15d 2028 43c8 15d 2045 43c8 15d 202d 43c8 15d 202c 43c8 15d 204f 43c8 15d 2048 e022 c000 
[16:13:12.992]    ERROR: <datapipe.cc/Read:L166> ====== 0 ====== a04e 8000 43c8 15d 2042 43c8 15d 2042 43cb 15d 2025 43c8 15d 2046 43cb 15d 202d 43c8 15d 202a 43cb 15d 204f 43c8 15d 2049 e022 c000 
[16:13:12.992]    ERROR: <datapipe.cc/Read:L166> ====== 0 ====== a04f 8040 43cb 15d 2042 43cb 15d 2041 43c8 15d 202c 43cb 15d 2045 43c8 15d 202e 43cb 15d 202c 43c8 15d 204f 43cb 15d 2049 e022 c000 
[16:13:12.992]    ERROR: <datapipe.cc/Read:L166> ====== 0 ====== a050 80b1 43c8 15d 2042 43c8 15d 2045 43c8 15d 2027 43c8 15d 2047 43c9 15d 202d 43c8 15d 202c 43c9 15d 204f 43c8 15d 2049 e022 c000 
[16:13:12.992]    ERROR: <datapipe.cc/Read:L166> ====== 0 ====== a051 80c0 43c8 15d 2042 43c8 15d 2044 43c9 15d 2027 43c8 15d 2046 43c8 15d 202d 43c9 15d 202d 43c9 15d 204f 43c9 15d 2049 e022 c000 
[16:13:13.409]    ERROR: <datapipe.cc/Read:L164> Dumping the flawed event +- 3 events:
[16:13:13.409]    ERROR: <datapipe.cc/Read:L166> ====== 0 ====== a17e 8000 4388 15c 284e 4388 15c 2866 4388 15c 2862 4388 15c 2864 4388 15c 284f 4388 15c 286d 4388 15c 2865 4389 15c 286c e022 c000 
[16:13:13.409]    ERROR: <datapipe.cc/Read:L166> ====== 0 ====== a178 80b1 43c9 15c 284c 43c9 15c 2866 43c9 15c 2862 43c9 15c 2864 43c9 15c 284f 43c9 15c 286d 43c9 15c 2864 43c8 15c 286a e022 c000 
[16:13:13.409]    ERROR: <datapipe.cc/Read:L166> ====== 0 ====== a179 80c0 43c8 15c 284c 43c8 15c 2865 43c8 15c 2862 43c8 15c 2865 43c8 15c 284f 43c8 15c 286d 43c8 15c 2864 43c8 15c 286c e022 c000 
[16:13:13.409]    ERROR: <datapipe.cc/Read:L166> ====== 0 ====== a17a 8000 43c8 15c 284c 43c8 15c 2867 43c8 15c 2862 43c8 15c 2864 43c8 15c 284f 43c8 15c 286b 43c8 15c 2864 43c8 15c 286a e022 c000 
[16:13:13.409]    ERROR: <datapipe.cc/Read:L166> ====== 0 ====== a17b 8040 43c8 15c 284c 43c8 15c 2865 43c8 15c 2864 43c8 15c 2862 43c8 15c 284f 43c8 15c 286c 43c8 15c 2862 43c9 115c 286b e022 c00a 
[16:13:13.409]    ERROR: <datapipe.cc/Read:L166> ====== 0 ====== a17c 80b1 4388 15c 284e 4388 15c 2867 4388 15c 2862 4388 15c 2865 4388 15c 284f 4388 15c 286d 4388 15c 2865 4388 15c 286d e022 c000 
[16:13:13.409]    ERROR: <datapipe.cc/Read:L166> ====== 0 ====== a17d 80c0 4389 15c 284c 4389 15c 2865 4389 15c 2864 4389 15c 2865 4389 15c 284f 4389 15c 286e 4389 15c 2866 438b 15c 286a e022 c000 
[16:13:13.409]    ERROR: <datapipe.cc/Read:L164> Dumping the flawed event +- 3 events:
[16:13:13.409]    ERROR: <datapipe.cc/Read:L166> ====== 0 ====== a07e 8000 4388 15c 284f 4388 15c 2862 438b 15c 2846 4388 15c 2868 438b 15c 284e 4388 15c 284e 438b 15c 286c 4388 15c 2862 e022 c000 
[16:13:13.409]    ERROR: <datapipe.cc/Read:L166> ====== 0 ====== a078 80b1 43c9 15c 284f 43c9 15c 2864 43c8 15c 2848 43c9 15c 2865 43c8 15c 284f 43c9 15c 284e 43c8 15c 286c 43c9 15c 2864 e022 c000 
[16:13:13.409]    ERROR: <datapipe.cc/Read:L166> ====== 0 ====== a079 80c0 43c8 15c 284f 43c8 15c 2862 43c8 15c 2848 43c8 15c 2866 43c8 15c 284e 43c8 15c 284d 43c8 15c 286c 43c8 15c 2862 e022 c000 
[16:13:13.409]    ERROR: <datapipe.cc/Read:L166> ====== 0 ====== a07a 8000 43c8 15c 284f 43c8 15c 2862 43c8 15c 2848 43c8 15c 2868 43c8 15c 284f 43c8 15c 284e 43c8 15c 286a 43c8 15c 2864 e022 c000 
[16:13:13.409]    ERROR: <datapipe.cc/Read:L166> ====== 0 ====== a07b 8040 43c8 15c 284f 43c8 15c 2864 43c8 15c 2848 43c8 15c 2865 43c8 15c 284e 43c8 15c 284d 43c8 15c 286d 43c8 115c 3863 e022 c005 
[16:13:13.409]    ERROR: <datapipe.cc/Read:L166> ====== 0 ====== a07c 80b1 4388 15c 2860 4388 15c 2862 4389 15c 2849 4388 15c 2868 4389 15c 284d 4388 15c 284d 4389 15c 286d 4388 15c 2862 e022 c000 
[16:13:13.409]    ERROR: <datapipe.cc/Read:L166> ====== 0 ====== a07d 80c0 4389 15c 2862 4389 15c 284f 4388 15c 2849 4389 15c 2865 4388 15c 284f 4389 15c 284d 4388 15c 286d 4389 15c 2862 e022 c000 
[16:13:14.665]    ERROR: <datapipe.cc/CheckEventValidity:L491> Channel 1 Number of ROCs (7) != Token Chain Length (8)
[16:13:14.665]    ERROR: <datapipe.cc/CheckEventValidity:L491> Channel 0 Number of ROCs (7) != Token Chain Length (8)
[16:13:14.665]    ERROR: <datapipe.cc/Read:L164> Dumping the flawed event +- 3 events:
[16:13:14.665]    ERROR: <datapipe.cc/Read:L166> ====== 0 ====== a1de 8000 43c8 15b 246f 43c8 15b 2486 43c8 15b 2486 43c8 15b 2488 43c8 15b 2481 43c8 15b 24a1 43c8 15b 2487 43c9 15b 248c e022 c000 
[16:13:14.665]    ERROR: <datapipe.cc/Read:L166> ====== 0 ====== a1d8 80b1 4389 15b 2480 4389 15b 2485 4389 15b 2486 4389 15b 2489 4389 15b 246f 4389 15b 248e 4389 15b 2487 4389 15b 248d e022 c000 
[16:13:14.665]    ERROR: <datapipe.cc/Read:L166> ====== 0 ====== a1d9 80c0 4388 15b 2481 4388 15b 2486 4388 15b 2488 4388 15b 2489 4388 15b 246f 4388 15b 248f 4388 15b 248a 4388 15b 248d e022 c000 
[16:13:14.665]    ERROR: <datapipe.cc/Read:L166> ====== 0 ====== a1da 8000 4389 15b 246e 4389 15b 2487 4389 15b 2489 4389 15b 2489 4389 15b 246f 4389 15b 248f 4389 15b 2489 4388 15b 248d e022 c000 
[16:13:14.665]    ERROR: <datapipe.cc/Read:L166> ====== 0 ====== a1db 8040 4388 15b 246f 4388 15b 2487 4388 15b 2489 4388 15b 248c 4388 15b 246f 4388 15b 248f 43c8 15b 2487 554 215b 48d e022 c000 
[16:13:14.665]    ERROR: <datapipe.cc/Read:L166> ====== 0 ====== a1dc 80b1 43c8 15b 246f 43c8 15b 2486 43c8 15b 2486 43c8 15b 248c 43c8 15b 246f 43c8 15b 248f 43c8 15b 2488 43c8 15b 248d e022 c000 
[16:13:14.666]    ERROR: <datapipe.cc/Read:L166> ====== 0 ====== a1dd 80c0 43c8 15b 2480 43c8 15b 2488 43c8 15b 2486 43c8 15b 2489 43c8 15b 246f 43c8 15b 248f 43c8 15b 2489 43ca 15b 248d e022 c000 
[16:13:14.666]    ERROR: <datapipe.cc/Read:L164> Dumping the flawed event +- 3 events:
[16:13:14.666]    ERROR: <datapipe.cc/Read:L166> ====== 0 ====== a0de 8000 43c8 15b 248c 43c8 15b 2480 43ca 15b 246d 43c8 15b 2486 43ca 15b 2480 43c8 15b 246c 43ca 15b 248e 43c8 15b 2485 e022 c000 
[16:13:14.666]    ERROR: <datapipe.cc/Read:L166> ====== 0 ====== a0d8 80b1 4389 15b 248a 4389 15b 2480 4388 15b 246c 4389 15b 2487 4388 15b 2480 4389 15b 246f 4388 15b 248e 4389 15b 2485 e022 c000 
[16:13:14.666]    ERROR: <datapipe.cc/Read:L166> ====== 0 ====== a0d9 80c0 4388 15b 2489 4388 15b 2482 4389 15b 246a 4388 15b 2489 4389 15b 246f 4388 15b 246f 4389 15b 248f 4388 15b 2486 e022 c000 
[16:13:14.666]    ERROR: <datapipe.cc/Read:L166> ====== 0 ====== a0da 8000 4389 15b 248c 4389 15b 246f 4388 15b 246c 4389 15b 2486 4388 15b 246e 4389 15b 246d 4388 15b 248f 4389 15b 2482 e022 c000 
[16:13:14.666]    ERROR: <datapipe.cc/Read:L166> ====== 0 ====== a0db 8040 4388 15b 248c 4388 15b 246f 4388 15b 2469 4388 15b 2485 4388 15b 2481 4388 15b 246c 43c8 15b 248e 554 215b 486 e022 c000 
[16:13:14.666]    ERROR: <datapipe.cc/Read:L166> ====== 0 ====== a0dc 80b1 43c8 15b 248c 43c8 15b 246f 43c8 15b 246c 43c8 15b 2486 43c8 15b 2480 43c8 15b 246f 43c8 15b 248f 43c8 15b 2486 e022 c000 
[16:13:14.666]    ERROR: <datapipe.cc/Read:L166> ====== 0 ====== a0dd 80c0 43c8 15b 248c 43c8 15b 2480 43c8 15b 246a 43c8 15b 2486 43c8 15b 2480 43c8 15b 246d 43c8 15b 248e 43c8 15b 2485 e022 c000 
[16:13:23.641]     INFO: 7624650 events read in total (333587ms).
[16:13:36.561]    ERROR: <datapipe.cc/CheckEventValidity:L491> Channel 0 Number of ROCs (6) != Token Chain Length (8)
[16:13:36.562]    ERROR: <datapipe.cc/CheckEventValidity:L491> Channel 1 Number of ROCs (6) != Token Chain Length (8)
[16:13:36.562]    ERROR: <datapipe.cc/Read:L164> Dumping the flawed event +- 3 events:
[16:13:36.562]    ERROR: <datapipe.cc/Read:L166> ====== 0 ====== a0f0 80b1 43c8 145 2866 43c8 145 284f 43c8 145 284c 43c8 145 2865 43c9 145 2861 43c8 145 284d 43c9 145 286f 43c8 145 2864 e022 c000 
[16:13:36.562]    ERROR: <datapipe.cc/Read:L166> ====== 0 ====== a0ea 8000 4388 145 2866 4388 145 284f 4388 145 2849 4388 145 2869 4388 145 2862 4388 145 284c 4388 145 286f 4388 145 2865 e022 c000 
[16:13:36.562]    ERROR: <datapipe.cc/Read:L166> ====== 0 ====== a0eb 8040 4388 145 2868 4388 145 2862 4389 145 284c 4388 145 2866 4389 145 2861 4388 145 284c 4389 145 286e 4388 145 2865 e022 c000 
[16:13:36.562]    ERROR: <datapipe.cc/Read:L166> ====== 0 ====== a0ec 80b1 4389 145 2868 4389 145 2861 4388 145 284c 4389 145 2868 4388 145 2861 4389 145 284c 4388 145 286e 4389 145 2864 e022 c000 
[16:13:36.562]    ERROR: <datapipe.cc/Read:L166> ====== 0 ====== a0ed 80c0 4388 145 2866 4388 145 2861 53c8 145 284d 7ff 2fff fff 2ff8 145 2862 43c8 145 284c 43c8 145 286f 43c8 145 2865 e022 c000 
[16:13:36.562]    ERROR: <datapipe.cc/Read:L166> ====== 0 ====== a0ee 8000 43c8 145 2869 43c8 145 284f 43ca 145 284c 43c8 145 2865 43ca 145 2861 43c8 145 284d 43ca 145 286f 43c8 145 286a e022 c000 
[16:13:36.562]    ERROR: <datapipe.cc/Read:L166> ====== 0 ====== a0ef 8040 43ca 145 2868 43ca 145 284f 43c8 145 284c 43ca 145 2866 43c8 145 2861 43ca 145 284c 43c8 145 286f 43ca 145 2867 e022 c000 
[16:13:36.562]    ERROR: <datapipe.cc/Read:L164> Dumping the flawed event +- 3 events:
[16:13:36.562]    ERROR: <datapipe.cc/Read:L166> ====== 0 ====== a1f0 80b1 43c9 145 2848 43c9 145 2865 43c9 145 2868 43c9 145 2864 43c9 145 284d 43c9 145 286c 43c9 145 286c 43c9 145 286c e022 c000 
[16:13:36.562]    ERROR: <datapipe.cc/Read:L166> ====== 0 ====== a1ea 8000 4388 145 2849 4388 145 2864 4388 145 2869 4388 145 2866 4388 145 284c 4388 145 286c 4388 145 286a 4389 145 286a e022 c000 
[16:13:36.562]    ERROR: <datapipe.cc/Read:L166> ====== 0 ====== a1eb 8040 4388 145 2848 4388 145 2863 4388 145 2868 4388 145 2865 4388 145 284e 4388 145 286d 4388 145 286c 4388 145 286c e022 c000 
[16:13:36.562]    ERROR: <datapipe.cc/Read:L166> ====== 0 ====== a1ec 80b1 4389 145 2848 4389 145 2864 4389 145 2868 4389 145 2868 4389 145 284c 4389 145 286c 4389 145 286a 4388 145 286d e022 c000 
[16:13:36.562]    ERROR: <datapipe.cc/Read:L166> ====== 0 ====== a1ed 80c0 4388 145 2848 4388 145 2865 43c8 145 386a 7ff 2d74 300 2008 145 284d 43c8 145 286f 43c8 145 286b 43ca 145 286c e022 c000 
[16:13:36.562]    ERROR: <datapipe.cc/Read:L166> ====== 0 ====== a1ee 8000 43c8 145 2849 43c8 145 2864 43c8 145 286a 43c8 145 2868 43c8 145 284d 43c8 145 286c 43c8 145 2868 43c9 145 286c e022 c000 
[16:13:36.562]    ERROR: <datapipe.cc/Read:L166> ====== 0 ====== a1ef 8040 43ca 145 284a 43ca 145 2867 43ca 145 286a 43ca 145 2868 43ca 145 284d 43ca 145 286e 43ca 145 286a 43c9 145 286c e022 c000 
[16:13:38.276]    ERROR: <datapipe.cc/CheckEventValidity:L491> Channel 0 Number of ROCs (6) != Token Chain Length (8)
[16:13:38.276]    ERROR: <datapipe.cc/CheckEventValidity:L491> Channel 1 Number of ROCs (6) != Token Chain Length (8)
[16:13:38.276]    ERROR: <datapipe.cc/Read:L164> Dumping the flawed event +- 3 events:
[16:13:38.276]    ERROR: <datapipe.cc/Read:L166> ====== 0 ====== a0a5 80c0 4388 143 282e 4388 4388 143 2829 4388 143 282e 4388 143 2829 4388 143 282c 4388 143 284d 4388 143 282e e022 c000 
[16:13:38.276]    ERROR: <datapipe.cc/Read:L166> ====== 0 ====== a09f 8040 43ca 143 282e 43ca 143 2828 43c8 143 2829 43ca 143 282f 43c8 143 2827 43ca 143 2829 43c8 143 284d 43ca 143 282e e022 c000 
[16:13:38.276]    ERROR: <datapipe.cc/Read:L166> ====== 0 ====== a0a0 80b1 43c8 143 282e 43c8 143 282a 43c8 143 2829 43c8 43c9 143 2828 43c8 143 2829 43c9 43c8 143 282f e022 c000 
[16:13:38.276]    ERROR: <datapipe.cc/Read:L166> ====== 0 ====== a0a1 80c0 43c8 143 282f 43c8 143 2829 43c9 143 2826 43c8 143 282f 43c8 143 2828 43c9 143 282c 43c9 43c9 143 282d e022 c000 
[16:13:38.276]    ERROR: <datapipe.cc/Read:L166> ====== 0 ====== a0a2 8000 43c8 143 282e 43c8 143 2829 4388 143 281d 579 2143 82f 4388 143 282a 4388 143 282c 4388 143 284d 4389 143 282f e022 c000 
[16:13:38.276]    ERROR: <datapipe.cc/Read:L166> ====== 0 ====== a0a3 8040 4388 143 282e 4389 143 2829 4388 4389 143 282f 4388 143 2827 4389 143 2829 4388 4389 143 282d e022 c000 
[16:13:38.276]    ERROR: <datapipe.cc/Read:L166> ====== 0 ====== a0a4 80b1 4388 143 2840 4388 4388 143 2825 4388 143 282e 4388 143 2828 4388 143 282c 4388 143 284c 4388 e022 c000 
[16:13:38.276]    ERROR: <datapipe.cc/Read:L164> Dumping the flawed event +- 3 events:
[16:13:38.276]    ERROR: <datapipe.cc/Read:L166> ====== 0 ====== a1a5 80c0 4388 143 282c 4388 4388 143 2842 4388 143 282f 4388 143 2823 4388 143 2845 4388 4388 143 2845 e022 c000 
[16:13:38.276]    ERROR: <datapipe.cc/Read:L166> ====== 0 ====== a19f 8040 43ca 143 282c 43ca 143 2840 43ca 143 2842 43ca 43ca 43ca 143 2844 43ca 143 2842 43c9 143 2846 e022 c000 
[16:13:38.276]    ERROR: <datapipe.cc/Read:L166> ====== 0 ====== a1a0 80b1 43c9 43c9 143 2840 43c9 143 2841 43c9 143 2841 43c9 143 2824 43c9 143 2845 43c9 143 2842 43c9 143 2845 e022 c000 
[16:13:38.276]    ERROR: <datapipe.cc/Read:L166> ====== 0 ====== a1a1 80c0 43c8 143 282c 43c8 143 282e 43c8 143 2842 43c8 43c9 143 2824 43c9 143 2844 43c9 143 2840 43c9 143 2845 e022 c000 
[16:13:38.276]    ERROR: <datapipe.cc/Read:L166> ====== 0 ====== a1a2 8000 43c8 143 282c 43c8 143 282f 4389 143 2862 ab9 2143 841 4388 143 2825 4388 143 2845 4389 143 2841 4388 e022 c000 
[16:13:38.276]    ERROR: <datapipe.cc/Read:L166> ====== 0 ====== a1a3 8040 4388 143 282e 4389 143 282f 4388 143 2840 4389 4388 143 2822 4389 143 2847 4388 143 2841 4388 143 2845 e022 c000 
[16:13:38.276]    ERROR: <datapipe.cc/Read:L166> ====== 0 ====== a1a4 80b1 4388 143 282c 4388 143 2841 4388 143 2840 4388 143 282f 4388 143 2824 4388 143 2845 4388 143 2841 4388 e022 c000 
[16:13:56.834]     INFO: 8473050 events read in total (366780ms).
[16:14:30.191]     INFO: 9320500 events read in total (400137ms).
[16:15:03.495]     INFO: 10169000 events read in total (433441ms).
[16:15:36.790]     INFO: 11016700 events read in total (466736ms).
[16:16:10.121]     INFO: 11864400 events read in total (500067ms).
[16:16:43.388]     INFO: 12713100 events read in total (533334ms).
[16:17:16.690]     INFO: 13560800 events read in total (566636ms).
[16:17:50.070]     INFO: 14408750 events read in total (600016ms).
[16:18:23.437]     INFO: 15257400 events read in total (633383ms).
[16:18:56.900]     INFO: 16105100 events read in total (666846ms).
[16:19:30.480]     INFO: 16954100 events read in total (700426ms).
[16:20:03.816]     INFO: 17801800 events read in total (733762ms).
[16:20:37.132]     INFO: 18649600 events read in total (767078ms).
[16:21:10.536]     INFO: 19498350 events read in total (800482ms).
[16:21:44.081]     INFO: 20346200 events read in total (834027ms).
[16:22:17.559]     INFO: 21195150 events read in total (867505ms).
[16:22:51.087]     INFO: 22043000 events read in total (901034ms).
[16:23:24.437]     INFO: 22890900 events read in total (934383ms).
[16:23:57.809]     INFO: 23739750 events read in total (967755ms).
[16:24:31.253]     INFO: 24588050 events read in total (1001199ms).
[16:25:04.665]     INFO: 25437150 events read in total (1034611ms).
[16:25:38.161]     INFO: 26285000 events read in total (1068107ms).
[16:26:11.550]     INFO: 27133950 events read in total (1101496ms).
[16:26:44.967]     INFO: 27982050 events read in total (1134914ms).
[16:27:18.351]     INFO: 28830050 events read in total (1168297ms).
[16:27:51.624]     INFO: 29679150 events read in total (1201570ms).
[16:28:25.122]     INFO: 30527350 events read in total (1235068ms).
[16:28:58.463]     INFO: 31376400 events read in total (1268409ms).
[16:29:31.727]     INFO: 32224300 events read in total (1301673ms).
[16:30:05.235]     INFO: 33073350 events read in total (1335182ms).
[16:30:38.529]     INFO: 33921550 events read in total (1368475ms).
[16:31:11.829]     INFO: 34769500 events read in total (1401775ms).
[16:31:45.170]     INFO: 35618600 events read in total (1435116ms).
[16:32:18.520]     INFO: 36466850 events read in total (1468466ms).
[16:32:51.697]     INFO: 37316150 events read in total (1501643ms).
[16:33:24.886]     INFO: 38164250 events read in total (1534832ms).
[16:33:58.239]     INFO: 39013200 events read in total (1568185ms).
[16:34:31.605]     INFO: 39861350 events read in total (1601551ms).
[16:35:04.891]     INFO: 40709600 events read in total (1634837ms).
[16:35:15.034]     INFO: 40960600 events read in total (1644980ms).
[16:35:15.037] CRITICAL: <hal.cc/MultiRocAllPixelsDacScan:L958> Incomplete DAQ data readout! Missing 16948 Events.
[16:35:15.147]    DEBUG: <PixTest.cc/dacScan:L1587>       attempt #1
[16:35:15.555]     INFO: Expecting 41808000 events.
[16:35:49.406]     INFO: 849550 events read in total (33118ms).
[16:36:22.615]     INFO: 1697900 events read in total (66327ms).
[16:36:55.816]     INFO: 2547300 events read in total (99528ms).
[16:37:29.022]     INFO: 3395650 events read in total (132734ms).
[16:38:02.252]     INFO: 4244850 events read in total (165964ms).
[16:38:35.648]     INFO: 5093150 events read in total (199360ms).
[16:39:08.967]     INFO: 5942400 events read in total (232679ms).
[16:39:42.403]     INFO: 6790600 events read in total (266115ms).
[16:40:15.829]     INFO: 7640000 events read in total (299541ms).
[16:40:49.098]     INFO: 8488350 events read in total (332810ms).
[16:41:22.951]     INFO: 9336850 events read in total (366663ms).
[16:41:56.775]     INFO: 10185900 events read in total (400487ms).
[16:42:30.548]     INFO: 11034250 events read in total (434260ms).
[16:43:04.367]     INFO: 11883550 events read in total (468079ms).
[16:43:37.972]     INFO: 12731900 events read in total (501684ms).
[16:44:11.904]     INFO: 13581300 events read in total (535616ms).
[16:44:45.842]     INFO: 14429550 events read in total (569554ms).
[16:45:19.558]     INFO: 15278850 events read in total (603270ms).
[16:45:53.359]     INFO: 16127000 events read in total (637071ms).
[16:46:26.564]     INFO: 16975900 events read in total (670276ms).
[16:47:00.115]     INFO: 17824350 events read in total (703827ms).
[16:47:33.433]     INFO: 18672400 events read in total (737145ms).
[16:48:07.031]     INFO: 19521550 events read in total (770743ms).
[16:48:40.536]     INFO: 20369550 events read in total (804248ms).
[16:49:13.928]     INFO: 21218750 events read in total (837640ms).
[16:49:47.255]     INFO: 22066900 events read in total (870967ms).
[16:50:20.526]     INFO: 22916050 events read in total (904239ms).
[16:50:53.652]     INFO: 23764150 events read in total (937364ms).
[16:51:26.861]     INFO: 24612400 events read in total (970573ms).
[16:52:00.066]     INFO: 25462050 events read in total (1003778ms).
[16:52:33.410]     INFO: 26310250 events read in total (1037122ms).
[16:53:06.590]     INFO: 27159350 events read in total (1070302ms).
[16:53:39.761]     INFO: 28007450 events read in total (1103473ms).
[16:54:12.887]     INFO: 28856800 events read in total (1136599ms).
[16:54:46.046]     INFO: 29705050 events read in total (1169758ms).
[16:55:19.233]     INFO: 30554300 events read in total (1202945ms).
[16:55:52.469]     INFO: 31402550 events read in total (1236181ms).
[16:56:25.602]     INFO: 32250750 events read in total (1269314ms).
[16:56:58.746]     INFO: 33099650 events read in total (1302458ms).
[16:57:32.001]     INFO: 33947700 events read in total (1335713ms).
[16:58:05.282]     INFO: 34796950 events read in total (1368994ms).
[16:58:38.476]     INFO: 35645000 events read in total (1402188ms).
[16:59:11.659]     INFO: 36494200 events read in total (1435371ms).
[16:59:44.900]     INFO: 37342450 events read in total (1468612ms).
[17:00:18.061]     INFO: 38191450 events read in total (1501773ms).
[17:00:51.349]     INFO: 39039900 events read in total (1535061ms).
[17:01:24.688]     INFO: 39887900 events read in total (1568400ms).
[17:01:57.897]     INFO: 40737100 events read in total (1601609ms).
[17:02:31.162]     INFO: 41585300 events read in total (1634874ms).
[17:02:40.148]     INFO: 41808000 events read in total (1643861ms).
[17:02:40.353]     INFO: Test took 1645174ms.
[17:02:40.757]     INFO: Fetched DAQ statistics. Counters are being reset now.
[17:02:42.304]    DEBUG: <PixTest.cc/scurveAna:L1650> analyzing ROC 0
[17:02:45.221]    DEBUG: <PixTest.cc/scurveAna:L1650> analyzing ROC 1
[17:02:48.111]    DEBUG: <PixTest.cc/scurveAna:L1650> analyzing ROC 2
[17:02:51.014]    DEBUG: <PixTest.cc/scurveAna:L1650> analyzing ROC 3
[17:02:53.894]    DEBUG: <PixTest.cc/scurveAna:L1650> analyzing ROC 4
[17:02:56.657]    DEBUG: <PixTest.cc/scurveAna:L1650> analyzing ROC 5
[17:02:59.593]    DEBUG: <PixTest.cc/scurveAna:L1650> analyzing ROC 6
[17:03:02.678]    DEBUG: <PixTest.cc/scurveAna:L1650> analyzing ROC 7
[17:03:05.729]    DEBUG: <PixTest.cc/scurveAna:L1650> analyzing ROC 8
[17:03:08.631]    DEBUG: <PixTest.cc/scurveAna:L1650> analyzing ROC 9
[17:03:11.477]    DEBUG: <PixTest.cc/scurveAna:L1650> analyzing ROC 10
[17:03:14.415]    DEBUG: <PixTest.cc/scurveAna:L1650> analyzing ROC 11
[17:03:17.266]    DEBUG: <PixTest.cc/scurveAna:L1650> analyzing ROC 12
[17:03:20.198]    DEBUG: <PixTest.cc/scurveAna:L1650> analyzing ROC 13
[17:03:23.266]    DEBUG: <PixTest.cc/scurveAna:L1650> analyzing ROC 14
[17:03:26.171]    DEBUG: <PixTest.cc/scurveAna:L1650> analyzing ROC 15
[17:03:29.176]    DEBUG: <PixTest.cc/scurveMaps:L316> PixTest::scurveMaps end: getCurrentRSS() = 598622208
[17:03:29.262]     INFO: PixTestScurves::scurves() done 
[17:03:29.262]     INFO: Vcal mean:  36.15  35.59  36.13  36.33  35.91  36.81  36.71  36.83  36.56  36.27  36.14  35.53  36.38  36.20  35.91  36.13 
[17:03:29.262]     INFO: Vcal RMS:    1.36   0.74   0.78   0.78   0.72   0.77   0.90   0.82   0.79   0.79   1.00   0.82   0.99   0.91   0.78   0.82 
[17:04:43.184]    DEBUG: <PixTest.cc/moduleMap:L1029> moduleMap histname: what
[17:04:43.184]    DEBUG: <PixTest.cc/moduleMap:L1039> h1->GetName() = thn_scurveVcal_Vcal_C14_V0 -> thn_scurveVcal_Vcal_mod
[17:04:50.064]    DEBUG: <PixTest.cc/moduleMap:L1029> moduleMap histname: what
[17:04:50.064]    DEBUG: <PixTest.cc/moduleMap:L1039> h1->GetName() = sig_scurveVcal_Vcal_C15_V0 -> sig_scurveVcal_Vcal_mod
[17:04:55.808]    DEBUG: <PixTest.cc/moduleMap:L1029> moduleMap histname: what
[17:04:55.808]    DEBUG: <PixTest.cc/moduleMap:L1039> h1->GetName() = thr_scurveVcal_Vcal_C15_V0 -> thr_scurveVcal_Vcal_mod
[17:05:44.592]    DEBUG: <PixGui.cc/handleButtons:L396> PixGui::exit called
[17:05:44.593]    DEBUG: <PixGui.cc/CloseWindow:L335> Final Analog Current: 389.9mA
[17:05:44.594]    DEBUG: <PixGui.cc/CloseWindow:L336> Final Digital Current: 476.7mA
[17:05:44.594]    DEBUG: <PixGui.cc/CloseWindow:L337> Final Module Temperature: 27.3 C
[17:05:44.594]    DEBUG: <PixTestBBMap.cc/~PixTestBBMap:L97> PixTestBBMap dtor
[17:05:44.594]    DEBUG: <PixTestBB2Map.cc/~PixTestBB2Map:L115> PixTestBB2Map dtor
[17:05:44.594]    DEBUG: <PixTestBB3Map.cc/~PixTestBB3Map:L99> PixTestBB3Map dtor
[17:05:44.594]    DEBUG: <PixTestBB4Map.cc/~PixTestBB4Map:L118> PixTestBB4Map dtor
[17:05:44.594]    DEBUG: <PixTestCmd.cc/~PixTestCmd:L78> PixTestCmd dtor
[17:05:44.594]    DEBUG: <PixTestDaq.cc/~PixTestDaq:L37> PixTestDaq dtor
[17:05:44.594]    DEBUG: <PixTestDacDacScan.cc/~PixTestDacDacScan:L136> PixTestDacDacScan dtor
[17:05:44.594]    DEBUG: <PixTestDacScan.cc/~PixTestDacScan:L129> PixTestDacScan dtor
[17:05:44.594]    DEBUG: <PixTestGainPedestal.cc/~PixTestGainPedestal:L125> PixTestGainPedestal dtor
[17:05:44.594]    DEBUG: <PixTestHighRate.cc/~PixTestHighRate:L245> PixTestHighRate dtor
[17:05:44.594]    DEBUG: <PixTestIV.cc/~PixTestIV:L96> PixTestIV dtor
[17:05:44.595]    DEBUG: <PixTestAlive.cc/~PixTestAlive:L109> PixTestAlive dtor
[17:05:44.595]    DEBUG: <PixTestPretest.cc/~PixTestPretest:L136> PixTestPretest dtor
[17:05:44.595]    DEBUG: <PixTestReadback.cc/~PixTestReadback:L89> PixTestReadback dtor, saving tree ... 
[17:05:44.595]    DEBUG: <PixTestScurves.cc/~PixTestScurves:L142> PixTestScurves dtor
[17:05:44.812]    DEBUG: <PixTestTiming.cc/~PixTestTiming:L97> PixTestTiming dtor
[17:05:44.812]    DEBUG: <PixTestTrim.cc/~PixTestTrim:L103> PixTestTrim dtor
[17:05:44.812]    DEBUG: <PixTestXray.cc/~PixTestXray:L217> PixTestXray dtor
[17:05:44.815]    QUIET: Connection to board 58 closed.
[17:05:44.914]    DEBUG: <PixMonitor.cc/dumpSummaries:L39> PixMonitor::dumpSummaries
