[16:01:54.816]     INFO: *** Welcome to pxar ***
[16:01:54.816]     INFO: *** Today: 2016/01/11
[16:01:54.827]     INFO: *** Version: prod-12
[16:01:54.827]     INFO: readRocDacs: data/mh116/M-H-1-16_ElComandanteTest_2016-01-07_15h43m_1452203009/000_FPIXTest_p17/dacParameters35_C0.dat .. data/mh116/M-H-1-16_ElComandanteTest_2016-01-07_15h43m_1452203009/000_FPIXTest_p17/dacParameters35_C15.dat
[16:01:54.829]     INFO: readTbmDacs: data/mh116/M-H-1-16_ElComandanteTest_2016-01-07_15h43m_1452203009/000_FPIXTest_p17/tbmParameters_C0a.dat .. data/mh116/M-H-1-16_ElComandanteTest_2016-01-07_15h43m_1452203009/000_FPIXTest_p17/tbmParameters_C0b.dat
[16:01:54.829]     INFO: readMaskFile: data/mh116/M-H-1-16_ElComandanteTest_2016-01-07_15h43m_1452203009/000_FPIXTest_p17/defaultMaskFile.dat
[16:01:54.829]     INFO: readTrimFile: data/mh116/M-H-1-16_ElComandanteTest_2016-01-07_15h43m_1452203009/000_FPIXTest_p17/trimParameters35_C0.dat .. data/mh116/M-H-1-16_ElComandanteTest_2016-01-07_15h43m_1452203009/000_FPIXTest_p17/trimParameters35_C15.dat
[16:01:54.982]     INFO:         clk: 4
[16:01:54.982]     INFO:         ctr: 4
[16:01:54.982]     INFO:         sda: 19
[16:01:54.982]     INFO:         tin: 9
[16:01:54.982]     INFO:         level: 15
[16:01:54.982]     INFO:         triggerdelay: 0
[16:01:54.982]    QUIET: Instanciating API for pxar prod-12
[16:01:54.982]     INFO: Log level: DEBUG
[16:01:54.993]    QUIET: Connection to board DTB_WRPRHI opened.
[16:01:54.997]     INFO: DTB startup information
--- DTB info------------------------------------------
Board id:    58
HW version:  DTB1.2
FW version:  4.2
SW version:  4.5
USB id:      DTB_WRPRHI
MAC address: 40D85511803A
Hostname:    pixelDTB058
Comment:     
------------------------------------------------------
[16:01:54.999]     INFO: RPC call hashes of host and DTB match: 398089610
[16:01:56.600]     INFO: DUT info: 
[16:01:56.600]     INFO: The DUT currently contains the following objects:
[16:01:56.600]     INFO:  2 TBM Cores tbm08c (2 ON)
[16:01:56.600]     INFO: 	TBM Core alpha (0): 7 registers set
[16:01:56.600]     INFO: 	TBM Core beta  (1): 7 registers set
[16:01:56.600]     INFO: 16 ROCs psi46digv21respin (16 ON) with 4160 pixelConfigs
[16:01:56.600]     INFO: 	ROC 0: 19 DACs set, Pixels: 0 masked, 0 active.
[16:01:56.600]     INFO: 	ROC 1: 19 DACs set, Pixels: 0 masked, 0 active.
[16:01:56.600]     INFO: 	ROC 2: 19 DACs set, Pixels: 0 masked, 0 active.
[16:01:56.600]     INFO: 	ROC 3: 19 DACs set, Pixels: 0 masked, 0 active.
[16:01:56.600]     INFO: 	ROC 4: 19 DACs set, Pixels: 0 masked, 0 active.
[16:01:56.600]     INFO: 	ROC 5: 19 DACs set, Pixels: 0 masked, 0 active.
[16:01:56.600]     INFO: 	ROC 6: 19 DACs set, Pixels: 0 masked, 0 active.
[16:01:56.600]     INFO: 	ROC 7: 19 DACs set, Pixels: 0 masked, 0 active.
[16:01:56.600]     INFO: 	ROC 8: 19 DACs set, Pixels: 0 masked, 0 active.
[16:01:56.600]     INFO: 	ROC 9: 19 DACs set, Pixels: 0 masked, 0 active.
[16:01:56.600]     INFO: 	ROC 10: 19 DACs set, Pixels: 0 masked, 0 active.
[16:01:56.600]     INFO: 	ROC 11: 19 DACs set, Pixels: 0 masked, 0 active.
[16:01:56.600]     INFO: 	ROC 12: 19 DACs set, Pixels: 0 masked, 0 active.
[16:01:56.600]     INFO: 	ROC 13: 19 DACs set, Pixels: 0 masked, 0 active.
[16:01:56.600]     INFO: 	ROC 14: 19 DACs set, Pixels: 0 masked, 0 active.
[16:01:56.601]     INFO: 	ROC 15: 19 DACs set, Pixels: 0 masked, 0 active.
[16:01:56.601]    DEBUG: <PixTestParameters.cc/dump:L104> PixTestParameters: ->BB<-
[16:01:56.601]    DEBUG: <PixTestParameters.cc/dump:L107>   dumpall: checkbox(0)
[16:01:56.601]    DEBUG: <PixTestParameters.cc/dump:L107>   dumpproblematic: checkbox(0)
[16:01:56.601]    DEBUG: <PixTestParameters.cc/dump:L107>   ntrig: 5
[16:01:56.601]    DEBUG: <PixTestParameters.cc/dump:L107>   vcals: 250
[16:01:56.601]    DEBUG: <PixTestParameters.cc/dump:L104> PixTestParameters: ->BB2<-
[16:01:56.601]    DEBUG: <PixTestParameters.cc/dump:L107>   ntrig: 10
[16:01:56.601]    DEBUG: <PixTestParameters.cc/dump:L107>   vcals: 222
[16:01:56.601]    DEBUG: <PixTestParameters.cc/dump:L107>   plwidth: 35
[16:01:56.601]    DEBUG: <PixTestParameters.cc/dump:L107>   pix: 11,20
[16:01:56.601]    DEBUG: <PixTestParameters.cc/dump:L107>   targetia: 24
[16:01:56.601]    DEBUG: <PixTestParameters.cc/dump:L104> PixTestParameters: ->BB3<-
[16:01:56.601]    DEBUG: <PixTestParameters.cc/dump:L107>   dumpall: checkbox(0)
[16:01:56.601]    DEBUG: <PixTestParameters.cc/dump:L107>   dumpproblematic: checkbox(0)
[16:01:56.601]    DEBUG: <PixTestParameters.cc/dump:L107>   ntrig: 5
[16:01:56.601]    DEBUG: <PixTestParameters.cc/dump:L107>   vcals: 250
[16:01:56.601]    DEBUG: <PixTestParameters.cc/dump:L104> PixTestParameters: ->BB4<-
[16:01:56.601]    DEBUG: <PixTestParameters.cc/dump:L107>   savecaldelscan: checkbox(0)
[16:01:56.601]    DEBUG: <PixTestParameters.cc/dump:L107>   ntrig: 100
[16:01:56.601]    DEBUG: <PixTestParameters.cc/dump:L107>   cals: 1
[16:01:56.601]    DEBUG: <PixTestParameters.cc/dump:L107>   caldello: 80
[16:01:56.601]    DEBUG: <PixTestParameters.cc/dump:L107>   caldelhi: 200
[16:01:56.601]    DEBUG: <PixTestParameters.cc/dump:L107>   caldelstep: 10
[16:01:56.601]    DEBUG: <PixTestParameters.cc/dump:L107>   vthrcomplo: 70
[16:01:56.601]    DEBUG: <PixTestParameters.cc/dump:L107>   vthrcomphi: 130
[16:01:56.601]    DEBUG: <PixTestParameters.cc/dump:L107>   vthrcompstep: 5
[16:01:56.601]    DEBUG: <PixTestParameters.cc/dump:L107>   noisypixels: 10
[16:01:56.601]    DEBUG: <PixTestParameters.cc/dump:L107>   vcal: 255
[16:01:56.601]    DEBUG: <PixTestParameters.cc/dump:L107>   cut: 0.5
[16:01:56.601]    DEBUG: <PixTestParameters.cc/dump:L104> PixTestParameters: ->Cmd<-
[16:01:56.601]    DEBUG: <PixTestParameters.cc/dump:L104> PixTestParameters: ->DAQ<-
[16:01:56.601]    DEBUG: <PixTestParameters.cc/dump:L107>   delaytbm: checkbox
[16:01:56.601]    DEBUG: <PixTestParameters.cc/dump:L107>   filltree: checkbox
[16:01:56.601]    DEBUG: <PixTestParameters.cc/dump:L107>   trgfrequency(khz): 100
[16:01:56.602]    DEBUG: <PixTestParameters.cc/dump:L107>   maskhotpixels: button
[16:01:56.602]    DEBUG: <PixTestParameters.cc/dump:L107>   trgnumber: 5
[16:01:56.602]    DEBUG: <PixTestParameters.cc/dump:L107>   iterations: 10
[16:01:56.602]    DEBUG: <PixTestParameters.cc/dump:L107>   rundaqtrg: button
[16:01:56.602]    DEBUG: <PixTestParameters.cc/dump:L107>   daqseconds: 5
[16:01:56.602]    DEBUG: <PixTestParameters.cc/dump:L107>   rundaqseconds: button
[16:01:56.602]    DEBUG: <PixTestParameters.cc/dump:L104> PixTestParameters: ->DacDacScan<-
[16:01:56.602]    DEBUG: <PixTestParameters.cc/dump:L107>   phmap: checkbox
[16:01:56.602]    DEBUG: <PixTestParameters.cc/dump:L107>   ntrig: 10
[16:01:56.602]    DEBUG: <PixTestParameters.cc/dump:L107>   dac1: caldel
[16:01:56.602]    DEBUG: <PixTestParameters.cc/dump:L107>   dac1lo: 0
[16:01:56.602]    DEBUG: <PixTestParameters.cc/dump:L107>   dac1hi: 255
[16:01:56.602]    DEBUG: <PixTestParameters.cc/dump:L107>   dac2: vthrcomp
[16:01:56.602]    DEBUG: <PixTestParameters.cc/dump:L107>   dac2lo: 0
[16:01:56.602]    DEBUG: <PixTestParameters.cc/dump:L107>   dac2hi: 255
[16:01:56.602]    DEBUG: <PixTestParameters.cc/dump:L107>   pix: 11,20
[16:01:56.602]    DEBUG: <PixTestParameters.cc/dump:L104> PixTestParameters: ->DacScan<-
[16:01:56.602]    DEBUG: <PixTestParameters.cc/dump:L107>   phmap: checkbox(1)
[16:01:56.602]    DEBUG: <PixTestParameters.cc/dump:L107>   allpixels: checkbox(0)
[16:01:56.602]    DEBUG: <PixTestParameters.cc/dump:L107>   unmasked: checkbox(0)
[16:01:56.602]    DEBUG: <PixTestParameters.cc/dump:L107>   ntrig: 10
[16:01:56.602]    DEBUG: <PixTestParameters.cc/dump:L107>   dac: vcal
[16:01:56.602]    DEBUG: <PixTestParameters.cc/dump:L107>   daclo: 0
[16:01:56.602]    DEBUG: <PixTestParameters.cc/dump:L107>   dachi: 255
[16:01:56.602]    DEBUG: <PixTestParameters.cc/dump:L107>   pix: 11,20
[16:01:56.602]    DEBUG: <PixTestParameters.cc/dump:L104> PixTestParameters: ->GainPedestal<-
[16:01:56.602]    DEBUG: <PixTestParameters.cc/dump:L107>   showfits: checkbox(0)
[16:01:56.602]    DEBUG: <PixTestParameters.cc/dump:L107>   extended: checkbox(0)
[16:01:56.602]    DEBUG: <PixTestParameters.cc/dump:L107>   dumphists: checkbox(0)
[16:01:56.602]    DEBUG: <PixTestParameters.cc/dump:L107>   ntrig: 10
[16:01:56.602]    DEBUG: <PixTestParameters.cc/dump:L107>   vcalstep: 10
[16:01:56.602]    DEBUG: <PixTestParameters.cc/dump:L107>   measure: button
[16:01:56.602]    DEBUG: <PixTestParameters.cc/dump:L107>   fit: button
[16:01:56.602]    DEBUG: <PixTestParameters.cc/dump:L107>   save: button
[16:01:56.602]    DEBUG: <PixTestParameters.cc/dump:L104> PixTestParameters: ->HighRate<-
[16:01:56.602]    DEBUG: <PixTestParameters.cc/dump:L107>   pix: 11,20
[16:01:56.602]    DEBUG: <PixTestParameters.cc/dump:L107>   trimhotpixels: button
[16:01:56.602]    DEBUG: <PixTestParameters.cc/dump:L107>   trimhotpixelthr: 200
[16:01:56.602]    DEBUG: <PixTestParameters.cc/dump:L107>   runsecondshotpixels: 10
[16:01:56.602]    DEBUG: <PixTestParameters.cc/dump:L107>   savetrimbits: checkbox(1)
[16:01:56.602]    DEBUG: <PixTestParameters.cc/dump:L107>   maskuntrimmable: checkbox(1)
[16:01:56.602]    DEBUG: <PixTestParameters.cc/dump:L107>   maskhotpixels: button
[16:01:56.602]    DEBUG: <PixTestParameters.cc/dump:L107>   savemaskfile: checkbox(0)
[16:01:56.602]    DEBUG: <PixTestParameters.cc/dump:L107>   maskfilename: default
[16:01:56.602]    DEBUG: <PixTestParameters.cc/dump:L107>   caldelscan: button
[16:01:56.602]    DEBUG: <PixTestParameters.cc/dump:L107>   xpixelalive: button
[16:01:56.602]    DEBUG: <PixTestParameters.cc/dump:L107>   ntrig: 50
[16:01:56.602]    DEBUG: <PixTestParameters.cc/dump:L107>   vcal: 200
[16:01:56.602]    DEBUG: <PixTestParameters.cc/dump:L107>   xnoisemaps: button
[16:01:56.602]    DEBUG: <PixTestParameters.cc/dump:L107>   daclo: 0
[16:01:56.602]    DEBUG: <PixTestParameters.cc/dump:L107>   dachi: 100
[16:01:56.602]    DEBUG: <PixTestParameters.cc/dump:L107>   dacs/step: 20
[16:01:56.602]    DEBUG: <PixTestParameters.cc/dump:L107>   rundaq: button
[16:01:56.602]    DEBUG: <PixTestParameters.cc/dump:L107>   trgfrequency(khz): 20
[16:01:56.602]    DEBUG: <PixTestParameters.cc/dump:L107>   runseconds: 2
[16:01:56.602]    DEBUG: <PixTestParameters.cc/dump:L107>   triggerdelay: 20
[16:01:56.602]    DEBUG: <PixTestParameters.cc/dump:L107>   delaytbm: checkbox
[16:01:56.602]    DEBUG: <PixTestParameters.cc/dump:L107>   filltree: checkbox
[16:01:56.603]    DEBUG: <PixTestParameters.cc/dump:L104> PixTestParameters: ->IV<-
[16:01:56.603]    DEBUG: <PixTestParameters.cc/dump:L107>   port: /dev/FIXME
[16:01:56.603]    DEBUG: <PixTestParameters.cc/dump:L107>   voltagestart: 0
[16:01:56.603]    DEBUG: <PixTestParameters.cc/dump:L107>   voltagestop: 600
[16:01:56.603]    DEBUG: <PixTestParameters.cc/dump:L107>   voltagestep: 5
[16:01:56.603]    DEBUG: <PixTestParameters.cc/dump:L107>   delay: 1
[16:01:56.603]    DEBUG: <PixTestParameters.cc/dump:L107>   compliance(ua): 100
[16:01:56.603]    DEBUG: <PixTestParameters.cc/dump:L104> PixTestParameters: ->PhOptimization<-
[16:01:56.603]    DEBUG: <PixTestParameters.cc/dump:L107>   ntrig: 10
[16:01:56.603]    DEBUG: <PixTestParameters.cc/dump:L107>   safetymarginlow: 20
[16:01:56.603]    DEBUG: <PixTestParameters.cc/dump:L107>   saturationvcal: 100
[16:01:56.603]    DEBUG: <PixTestParameters.cc/dump:L107>   quantilesaturation: 0.98
[16:01:56.603]    DEBUG: <PixTestParameters.cc/dump:L104> PixTestParameters: ->PixelAlive<-
[16:01:56.603]    DEBUG: <PixTestParameters.cc/dump:L107>   ntrig: 10
[16:01:56.603]    DEBUG: <PixTestParameters.cc/dump:L107>   vcal: 200
[16:01:56.603]    DEBUG: <PixTestParameters.cc/dump:L107>   alivetest: button
[16:01:56.603]    DEBUG: <PixTestParameters.cc/dump:L107>   masktest: button
[16:01:56.603]    DEBUG: <PixTestParameters.cc/dump:L107>   addressdecodingtest: button
[16:01:56.603]    DEBUG: <PixTestParameters.cc/dump:L104> PixTestParameters: ->Pretest<-
[16:01:56.603]    DEBUG: <PixTestParameters.cc/dump:L107>   programroc: button
[16:01:56.603]    DEBUG: <PixTestParameters.cc/dump:L107>   targetia: 24
[16:01:56.603]    DEBUG: <PixTestParameters.cc/dump:L107>   setvana: button
[16:01:56.603]    DEBUG: <PixTestParameters.cc/dump:L107>   iterations: 100
[16:01:56.603]    DEBUG: <PixTestParameters.cc/dump:L107>   settimings: button
[16:01:56.603]    DEBUG: <PixTestParameters.cc/dump:L107>   findtiming: button
[16:01:56.603]    DEBUG: <PixTestParameters.cc/dump:L107>   findworkingpixel: button
[16:01:56.603]    DEBUG: <PixTestParameters.cc/dump:L107>   setvthrcompcaldel: button
[16:01:56.603]    DEBUG: <PixTestParameters.cc/dump:L107>   pix: 11,20
[16:01:56.603]    DEBUG: <PixTestParameters.cc/dump:L107>   vcal: 250
[16:01:56.603]    DEBUG: <PixTestParameters.cc/dump:L107>   deltavthrcomp: 50
[16:01:56.603]    DEBUG: <PixTestParameters.cc/dump:L107>   fraccaldel: 0.5
[16:01:56.603]    DEBUG: <PixTestParameters.cc/dump:L107>   ntrig: 5
[16:01:56.603]    DEBUG: <PixTestParameters.cc/dump:L107>   savedacs: button
[16:01:56.603]    DEBUG: <PixTestParameters.cc/dump:L104> PixTestParameters: ->Readback<-
[16:01:56.603]    DEBUG: <PixTestParameters.cc/dump:L107>   calibratevd: button
[16:01:56.603]    DEBUG: <PixTestParameters.cc/dump:L107>   calibrateva: button
[16:01:56.603]    DEBUG: <PixTestParameters.cc/dump:L107>   calibrateia: button
[16:01:56.603]    DEBUG: <PixTestParameters.cc/dump:L107>   readbackvbg: button
[16:01:56.603]    DEBUG: <PixTestParameters.cc/dump:L107>   getcalibratedvbg: button
[16:01:56.603]    DEBUG: <PixTestParameters.cc/dump:L107>   usecalvd: checkbox(1)
[16:01:56.603]    DEBUG: <PixTestParameters.cc/dump:L107>   usecalva: checkbox(0)
[16:01:56.603]    DEBUG: <PixTestParameters.cc/dump:L107>   setvana: button
[16:01:56.603]    DEBUG: <PixTestParameters.cc/dump:L104> PixTestParameters: ->Scurves<-
[16:01:56.603]    DEBUG: <PixTestParameters.cc/dump:L107>   adjustvcal: checkbox(0)
[16:01:56.603]    DEBUG: <PixTestParameters.cc/dump:L107>   dumpall: checkbox(0)
[16:01:56.603]    DEBUG: <PixTestParameters.cc/dump:L107>   dumpproblematic: checkbox(0)
[16:01:56.603]    DEBUG: <PixTestParameters.cc/dump:L107>   dumpoutputfile: checkbox(0)
[16:01:56.603]    DEBUG: <PixTestParameters.cc/dump:L107>   ntrig: 50
[16:01:56.603]    DEBUG: <PixTestParameters.cc/dump:L107>   dac: Vcal
[16:01:56.603]    DEBUG: <PixTestParameters.cc/dump:L107>   daclo: 0
[16:01:56.603]    DEBUG: <PixTestParameters.cc/dump:L107>   dachi: 200
[16:01:56.603]    DEBUG: <PixTestParameters.cc/dump:L107>   dacs/step: -1
[16:01:56.603]    DEBUG: <PixTestParameters.cc/dump:L107>   ntrig/step: -1
[16:01:56.603]    DEBUG: <PixTestParameters.cc/dump:L107>   scurves: button
[16:01:56.603]    DEBUG: <PixTestParameters.cc/dump:L104> PixTestParameters: ->Timing<-
[16:01:56.603]    DEBUG: <PixTestParameters.cc/dump:L107>   targetclk: 4
[16:01:56.603]    DEBUG: <PixTestParameters.cc/dump:L107>   ntrig: 10
[16:01:56.603]    DEBUG: <PixTestParameters.cc/dump:L107>   clocksdascan: button
[16:01:56.604]    DEBUG: <PixTestParameters.cc/dump:L107>   notokenpass: checkbox(0)
[16:01:56.604]    DEBUG: <PixTestParameters.cc/dump:L107>   phasescan: button
[16:01:56.604]    DEBUG: <PixTestParameters.cc/dump:L107>   levelscan: button
[16:01:56.604]    DEBUG: <PixTestParameters.cc/dump:L107>   tbmphasescan: button
[16:01:56.604]    DEBUG: <PixTestParameters.cc/dump:L107>   rocdelayscan: button
[16:01:56.604]    DEBUG: <PixTestParameters.cc/dump:L107>   timingtest: button
[16:01:56.604]    DEBUG: <PixTestParameters.cc/dump:L107>   saveparameters: button
[16:01:56.604]    DEBUG: <PixTestParameters.cc/dump:L104> PixTestParameters: ->Trim<-
[16:01:56.604]    DEBUG: <PixTestParameters.cc/dump:L107>   trim: button
[16:01:56.604]    DEBUG: <PixTestParameters.cc/dump:L107>   ntrig: 8
[16:01:56.604]    DEBUG: <PixTestParameters.cc/dump:L107>   vcal: 35
[16:01:56.604]    DEBUG: <PixTestParameters.cc/dump:L107>   trimbits: button
[16:01:56.604]    DEBUG: <PixTestParameters.cc/dump:L104> PixTestParameters: ->Xray<-
[16:01:56.604]    DEBUG: <PixTestParameters.cc/dump:L107>   maskhotpixels: button
[16:01:56.604]    DEBUG: <PixTestParameters.cc/dump:L107>   savemaskfile: checkbox(0)
[16:01:56.604]    DEBUG: <PixTestParameters.cc/dump:L107>   maskfilename: default
[16:01:56.604]    DEBUG: <PixTestParameters.cc/dump:L107>   source: Ag
[16:01:56.604]    DEBUG: <PixTestParameters.cc/dump:L107>   phrun: button
[16:01:56.604]    DEBUG: <PixTestParameters.cc/dump:L107>   runseconds: 100
[16:01:56.604]    DEBUG: <PixTestParameters.cc/dump:L107>   trgfrequency(khz): 100
[16:01:56.604]    DEBUG: <PixTestParameters.cc/dump:L107>   ratescan: button
[16:01:56.604]    DEBUG: <PixTestParameters.cc/dump:L107>   vthrcompmin: 10
[16:01:56.604]    DEBUG: <PixTestParameters.cc/dump:L107>   vthrcompmax: 80
[16:01:56.604]    DEBUG: <PixTestParameters.cc/dump:L107>   stepseconds: 5
[16:01:56.604]    DEBUG: <PixTestParameters.cc/dump:L107>   delaytbm: checkbox
[16:01:56.604]    DEBUG: <PixTestParameters.cc/dump:L107>   filltree: checkbox
[16:01:56.606]    DEBUG: <PixSetup.cc/init:L81> PixSetup init start; getCurrentRSS() = 31444992
[16:01:56.606]    DEBUG: <PixSetup.cc/init:L87> fPixTestParameters = 0x2747380
[16:01:56.606]    DEBUG: <PixSetup.cc/init:L88>  fConfigParameters = 0x26bcc10
[16:01:56.606]    DEBUG: <PixSetup.cc/init:L89>        fPxarMemory = 0x7fb969d94010
[16:01:56.606]    DEBUG: <PixSetup.cc/init:L90>         fPxarMemHi = 0x7fb96ffff510
[16:01:56.606]    DEBUG: <PixSetup.cc/init:L106> PixSetup init done;  getCurrentRSS() = 31453184 fPxarMemory = 0x7fb969d94010
[16:01:56.607]    DEBUG: <pXar.cc/main:L223> Initial Analog Current: 385.1mA
[16:01:56.609]    DEBUG: <pXar.cc/main:L224> Initial Digital Current: 473.5mA
[16:01:56.609]    DEBUG: <pXar.cc/main:L225> Initial Module Temperature: 21.0 C
[16:01:57.104]    DEBUG: <PixGui.cc/hvOn:L460> HV set On: 0x2d05680
[16:01:57.169]    DEBUG: <PixTestFactory.cc/PixTestFactory:L53> PixTestFactory::PixTestFactory()
[16:01:57.170]    DEBUG: <PixTestBBMap.cc/init:L79> PixTestBBMap::init()
[16:01:57.170]    DEBUG: <PixTestBBMap.cc/PixTestBBMap:L27> PixTestBBMap ctor(PixSetup &a, string, TGTab *)
[16:01:57.176]    DEBUG: <PixTestBB2Map.cc/setParameter:L58> setting fTargetIa    = 24 mA/ROC
[16:01:57.176]    DEBUG: <PixTestBB2Map.cc/init:L97> PixTestBB2Map::init()
[16:01:57.177]    DEBUG: <PixTestBB2Map.cc/PixTestBB2Map:L29> PixTestBB2Map ctor(PixSetup &a, string, TGTab *)
[16:01:57.189]    DEBUG: <PixTestBB3Map.cc/init:L81> PixTestBB3Map::init()
[16:01:57.189]    DEBUG: <PixTestBB3Map.cc/PixTestBB3Map:L29> PixTestBB3Map ctor(PixSetup &a, string, TGTab *)
[16:01:57.212]    DEBUG: <PixTestBB4Map.cc/init:L93> PixTestBB4Map::init()
[16:01:57.212]    DEBUG: <PixTestBB4Map.cc/PixTestBB4Map:L26> PixTestMapeff ctor(PixSetup &a, string, TGTab *)
[16:01:57.222]     INFO: PixTestCmd::init()
[16:01:57.238]    DEBUG: <PixTestDaq.cc/init:L44> PixTestDaq::init()
[16:01:57.238]    DEBUG: <PixTestDaq.cc/PixTestDaq:L22> PixTestDaq ctor(PixSetup &a, string, TGTab *)
[16:01:57.238]     INFO: readGainPedestalParameters data/mh116/M-H-1-16_ElComandanteTest_2016-01-07_15h43m_1452203009/000_FPIXTest_p17/phCalibrationFitErr35_C0.dat .. data/mh116/M-H-1-16_ElComandanteTest_2016-01-07_15h43m_1452203009/000_FPIXTest_p17/phCalibrationFitErr35_C15.dat
[16:01:57.481]    DEBUG: <PixTestDacDacScan.cc/init:L103> PixTestDacDacScan::init()
[16:01:57.481]    DEBUG: <PixTestDacDacScan.cc/PixTestDacDacScan:L22> PixTestDacDacScan ctor(PixSetup &a, string, TGTab *)
[16:01:57.494]    DEBUG: <PixTestGainPedestal.cc/setParameter:L83> PixTestGainPedestal::PixTest() fVcalStep = 10
[16:01:57.500]    DEBUG: <PixTestHighRate.cc/setParameter:L68>   setting fParTriggerFrequency -> 20
[16:01:57.500]    DEBUG: <PixTestHighRate.cc/init:L198> PixTestHighRate::init()
[16:01:57.500]    DEBUG: <PixTestHighRate.cc/PixTestHighRate:L31> PixTestHighRate ctor(PixSetup &a, string, TGTab *)
[16:01:57.524]    DEBUG: <PixTest.cc/setTestParameter:L637>  setting  ntrig to new value 10
[16:01:57.524]    DEBUG: <PixTestPhOptimization.cc/setParameter:L37>   setting fParNtrig  ->10<- from sval = 10
[16:01:57.524]    DEBUG: <PixTestPhOptimization.cc/setParameter:L42>   setting fSafetyMarginLow  ->20<- from sval = 20
[16:01:57.524]    DEBUG: <PixTestPhOptimization.cc/setParameter:L48>   setting fVcalMax  ->100<- from sval = 100
[16:01:57.524]    DEBUG: <PixTestPhOptimization.cc/setParameter:L53>   setting fQuantMax  ->0.98<- from sval = 0.98
[16:01:57.532]    DEBUG: <PixTestAlive.cc/init:L77> PixTestAlive::init()
[16:01:57.532]    DEBUG: <PixTestAlive.cc/PixTestAlive:L21> PixTestAlive ctor(PixSetup &a, string, TGTab *)
[16:01:57.555]    DEBUG: <PixTestReadback.cc/setParameter:L172> fCalwVd set to 1
[16:01:57.556]    DEBUG: <PixTestReadback.cc/init:L95> PixTestReadback::init()
[16:01:57.556]    DEBUG: <PixTestReadback.cc/PixTestReadback:L22> PixTestReadback ctor(PixSetup &a, string, TGTab *)
[16:01:57.556]     INFO: readReadbackCal: data/mh116/M-H-1-16_ElComandanteTest_2016-01-07_15h43m_1452203009/000_FPIXTest_p17/readbackCal_C0.dat .. data/mh116/M-H-1-16_ElComandanteTest_2016-01-07_15h43m_1452203009/000_FPIXTest_p17/readbackCal_C15.dat
[16:01:57.565]    DEBUG: <PixTestScurves.cc/setParameter:L93> set fOutputFilename = 
[16:01:57.573]    DEBUG: <PixTestTiming.cc/setParameter:L60> PixTestTiming::PixTest() targetclk = 4
[16:01:57.573]    DEBUG: <PixTestTiming.cc/setParameter:L64> PixTestTiming::PixTest() ntrig = 10
[16:01:57.573]    DEBUG: <PixTestTiming.cc/setParameter:L48> fNoTokenPass: 0
[16:01:57.573]    DEBUG: <PixTestTiming.cc/init:L74> PixTestTiming::init()
[16:01:57.592]    DEBUG: <PixTestXray.cc/init:L134> PixTestXray::init()
[16:01:57.592]    DEBUG: <PixTestXray.cc/PixTestXray:L28> PixTestXray ctor(PixSetup &a, string, TGTab *)
[16:02:04.681]    DEBUG: <PixTab.cc/setParameter:L391> xxxPressed():  ID = 1 -> source to value Cu
[16:02:09.073]    DEBUG: <PixTab.cc/setParameter:L391> xxxPressed():  ID = 2 -> runseconds to value 140
[16:02:10.473]     INFO: ######################################################################
[16:02:10.473]     INFO: PixTestXray::doTest()
[16:02:10.473]     INFO: ######################################################################
[16:02:10.473]     INFO:    ----------------------------------------------------------------------
[16:02:10.473]     INFO:    PixTestXray::doPhRun() fParRunSeconds = 140
[16:02:10.473]     INFO:    ----------------------------------------------------------------------
[16:02:11.447]     INFO: PixTestXray::doPhRun start TriggerLoop with trigger frequency 100 kHz, period 405 and duration 140 seconds,  fEventsMax = 14000000
[16:02:28.576]     INFO: run duration 17 seconds, buffer almost full (81%), pausing triggers.
[16:02:28.580]    DEBUG: <PixTestXray.cc/processData:L739> Getting Event Buffer
[16:02:55.837]    DEBUG: <PixTestXray.cc/processData:L757> Processing Data: 1687623 events.
[16:02:55.846]    DEBUG: <PixTestXray.cc/processData:L808>  # events read: 1687623, pixels seen in all events:   0
[16:02:55.942]     INFO: Resuming triggers.
[16:03:13.072]     INFO: run duration 34 seconds, buffer almost full (81%), pausing triggers.
[16:03:13.091]    DEBUG: <PixTestXray.cc/processData:L739> Getting Event Buffer
[16:03:40.292]    DEBUG: <PixTestXray.cc/processData:L757> Processing Data: 1687569 events.
[16:03:40.300]    DEBUG: <PixTestXray.cc/processData:L808>  # events read: 1687569, pixels seen in all events:   0
[16:03:40.402]     INFO: Resuming triggers.
[16:03:57.518]     INFO: run duration 51 seconds, buffer almost full (81%), pausing triggers.
[16:03:57.537]    DEBUG: <PixTestXray.cc/processData:L739> Getting Event Buffer
[16:04:24.652]    DEBUG: <PixTestXray.cc/processData:L757> Processing Data: 1686226 events.
[16:04:24.682]    DEBUG: <PixTestXray.cc/processData:L808>  # events read: 1686226, pixels seen in all events: 16031
[16:04:24.799]     INFO: Resuming triggers.
[16:04:41.913]     INFO: run duration 68 seconds, buffer almost full (81%), pausing triggers.
[16:04:41.937]    DEBUG: <PixTestXray.cc/processData:L739> Getting Event Buffer
[16:05:09.153]    DEBUG: <PixTestXray.cc/processData:L757> Processing Data: 1686042 events.
[16:05:09.186]    DEBUG: <PixTestXray.cc/processData:L808>  # events read: 1686042, pixels seen in all events: 18261
[16:05:09.299]     INFO: Resuming triggers.
[16:05:26.414]     INFO: run duration 85 seconds, buffer almost full (81%), pausing triggers.
[16:05:26.438]    DEBUG: <PixTestXray.cc/processData:L739> Getting Event Buffer
[16:05:53.642]    DEBUG: <PixTestXray.cc/processData:L757> Processing Data: 1686066 events.
[16:05:53.676]    DEBUG: <PixTestXray.cc/processData:L808>  # events read: 1686066, pixels seen in all events: 18191
[16:05:53.789]     INFO: Resuming triggers.
[16:06:10.904]     INFO: run duration 102 seconds, buffer almost full (81%), pausing triggers.
[16:06:10.927]    DEBUG: <PixTestXray.cc/processData:L739> Getting Event Buffer
[16:06:38.189]    DEBUG: <PixTestXray.cc/processData:L757> Processing Data: 1686078 events.
[16:06:38.222]    DEBUG: <PixTestXray.cc/processData:L808>  # events read: 1686078, pixels seen in all events: 18149
[16:06:38.334]     INFO: Resuming triggers.
[16:06:55.448]     INFO: run duration 119 seconds, buffer almost full (81%), pausing triggers.
[16:06:55.475]    DEBUG: <PixTestXray.cc/processData:L739> Getting Event Buffer
[16:07:22.646]    DEBUG: <PixTestXray.cc/processData:L757> Processing Data: 1686030 events.
[16:07:22.679]    DEBUG: <PixTestXray.cc/processData:L808>  # events read: 1686030, pixels seen in all events: 18237
[16:07:22.793]     INFO: Resuming triggers.
[16:07:39.907]     INFO: run duration 136 seconds, buffer almost full (81%), pausing triggers.
[16:07:39.936]    DEBUG: <PixTestXray.cc/processData:L739> Getting Event Buffer
[16:08:07.327]    DEBUG: <PixTestXray.cc/processData:L757> Processing Data: 1686066 events.
[16:08:07.361]    DEBUG: <PixTestXray.cc/processData:L808>  # events read: 1686066, pixels seen in all events: 17961
[16:08:07.474]     INFO: Resuming triggers.
[16:08:10.687]     INFO: data taking finished, elapsed time: 140 seconds.
[16:08:10.883]    DEBUG: <PixTestXray.cc/processData:L739> Getting Event Buffer
[16:08:16.139]    DEBUG: <PixTestXray.cc/processData:L757> Processing Data: 316530 events.
[16:08:16.146]    DEBUG: <PixTestXray.cc/processData:L808>  # events read: 316530, pixels seen in all events: 3413
[16:08:16.325]     INFO: PixTest::       pg_setup set to default.
[16:08:16.366]     INFO: PixTestXray::doPhRun() done
[16:08:16.366]     INFO: PixTestXray::doTest() done 
[16:10:58.378]    DEBUG: <PixTab.cc/setParameter:L391> xxxPressed():  ID = 1 -> source to value Ag
[16:11:48.513]    DEBUG: <PixTab.cc/setParameter:L391> xxxPressed():  ID = 1 -> source to value Ag
[16:11:50.665]     INFO: ######################################################################
[16:11:50.666]     INFO: PixTestXray::doTest()
[16:11:50.666]     INFO: ######################################################################
[16:11:50.666]     INFO:    ----------------------------------------------------------------------
[16:11:50.666]     INFO:    PixTestXray::doPhRun() fParRunSeconds = 140
[16:11:50.666]     INFO:    ----------------------------------------------------------------------
[16:11:50.692]    DEBUG: <PixTestXray.cc/doPhRun:L270> booking new histograms as source name has changed
[16:11:51.654]     INFO: PixTestXray::doPhRun start TriggerLoop with trigger frequency 100 kHz, period 405 and duration 140 seconds,  fEventsMax = 14000000
[16:12:08.768]     INFO: run duration 17 seconds, buffer almost full (81%), pausing triggers.
[16:12:08.798]    DEBUG: <PixTestXray.cc/processData:L739> Getting Event Buffer
[16:12:35.905]    DEBUG: <PixTestXray.cc/processData:L757> Processing Data: 1686054 events.
[16:12:35.936]    DEBUG: <PixTestXray.cc/processData:L808>  # events read: 1686054, pixels seen in all events: 17993
[16:12:36.000]     INFO: Resuming triggers.
[16:12:53.115]     INFO: run duration 34 seconds, buffer almost full (81%), pausing triggers.
[16:12:53.140]    DEBUG: <PixTestXray.cc/processData:L739> Getting Event Buffer
[16:13:20.253]    DEBUG: <PixTestXray.cc/processData:L757> Processing Data: 1686103 events.
[16:13:20.286]    DEBUG: <PixTestXray.cc/processData:L808>  # events read: 1686103, pixels seen in all events: 17679
[16:13:20.364]     INFO: Resuming triggers.
[16:13:37.479]     INFO: run duration 51 seconds, buffer almost full (81%), pausing triggers.
[16:13:37.503]    DEBUG: <PixTestXray.cc/processData:L739> Getting Event Buffer
[16:14:04.689]    DEBUG: <PixTestXray.cc/processData:L757> Processing Data: 1686094 events.
[16:14:04.720]    DEBUG: <PixTestXray.cc/processData:L808>  # events read: 1686094, pixels seen in all events: 17776
[16:14:04.795]     INFO: Resuming triggers.
[16:14:21.910]     INFO: run duration 68 seconds, buffer almost full (81%), pausing triggers.
[16:14:21.974]    DEBUG: <PixTestXray.cc/processData:L739> Getting Event Buffer
[16:14:48.692]    DEBUG: <PixTestXray.cc/processData:L757> Processing Data: 1686092 events.
[16:14:48.724]    DEBUG: <PixTestXray.cc/processData:L808>  # events read: 1686092, pixels seen in all events: 17817
[16:14:48.833]     INFO: Resuming triggers.
[16:15:05.948]     INFO: run duration 85 seconds, buffer almost full (81%), pausing triggers.
[16:15:06.048]    DEBUG: <PixTestXray.cc/processData:L739> Getting Event Buffer
[16:15:33.278]    DEBUG: <PixTestXray.cc/processData:L757> Processing Data: 1686119 events.
[16:15:33.308]    DEBUG: <PixTestXray.cc/processData:L808>  # events read: 1686119, pixels seen in all events: 17584
[16:15:33.425]     INFO: Resuming triggers.
[16:15:50.540]     INFO: run duration 102 seconds, buffer almost full (81%), pausing triggers.
[16:15:50.569]    DEBUG: <PixTestXray.cc/processData:L739> Getting Event Buffer
[16:16:17.430]    DEBUG: <PixTestXray.cc/processData:L757> Processing Data: 1686103 events.
[16:16:17.462]    DEBUG: <PixTestXray.cc/processData:L808>  # events read: 1686103, pixels seen in all events: 17567
[16:16:17.573]     INFO: Resuming triggers.
[16:16:34.687]     INFO: run duration 119 seconds, buffer almost full (81%), pausing triggers.
[16:16:34.788]    DEBUG: <PixTestXray.cc/processData:L739> Getting Event Buffer
[16:17:02.000]    DEBUG: <PixTestXray.cc/processData:L757> Processing Data: 1686080 events.
[16:17:02.031]    DEBUG: <PixTestXray.cc/processData:L808>  # events read: 1686080, pixels seen in all events: 17703
[16:17:02.147]     INFO: Resuming triggers.
[16:17:19.262]     INFO: run duration 136 seconds, buffer almost full (81%), pausing triggers.
[16:17:19.288]    DEBUG: <PixTestXray.cc/processData:L739> Getting Event Buffer
[16:17:46.697]    DEBUG: <PixTestXray.cc/processData:L757> Processing Data: 1686115 events.
[16:17:46.727]    DEBUG: <PixTestXray.cc/processData:L808>  # events read: 1686115, pixels seen in all events: 17544
[16:17:46.843]     INFO: Resuming triggers.
[16:17:50.086]     INFO: data taking finished, elapsed time: 140 seconds.
[16:17:50.282]    DEBUG: <PixTestXray.cc/processData:L739> Getting Event Buffer
[16:17:55.608]    DEBUG: <PixTestXray.cc/processData:L757> Processing Data: 319426 events.
[16:17:55.614]    DEBUG: <PixTestXray.cc/processData:L808>  # events read: 319426, pixels seen in all events: 3477
[16:17:55.793]     INFO: PixTest::       pg_setup set to default.
[16:17:55.812]     INFO: PixTestXray::doPhRun() done
[16:17:55.812]     INFO: PixTestXray::doTest() done 
[16:19:02.538]    DEBUG: <PixTab.cc/setParameter:L391> xxxPressed():  ID = 1 -> source to value Sn
[16:19:09.762]    DEBUG: <PixTab.cc/setParameter:L391> xxxPressed():  ID = 1 -> source to value Sn
[16:19:54.594]     INFO: ######################################################################
[16:19:54.594]     INFO: PixTestXray::doTest()
[16:19:54.594]     INFO: ######################################################################
[16:19:54.594]     INFO:    ----------------------------------------------------------------------
[16:19:54.594]     INFO:    PixTestXray::doPhRun() fParRunSeconds = 140
[16:19:54.594]     INFO:    ----------------------------------------------------------------------
[16:19:54.622]    DEBUG: <PixTestXray.cc/doPhRun:L270> booking new histograms as source name has changed
[16:19:55.584]     INFO: PixTestXray::doPhRun start TriggerLoop with trigger frequency 100 kHz, period 405 and duration 140 seconds,  fEventsMax = 14000000
[16:20:12.700]     INFO: run duration 17 seconds, buffer almost full (81%), pausing triggers.
[16:20:12.741]    DEBUG: <PixTestXray.cc/processData:L739> Getting Event Buffer
[16:20:39.877]    DEBUG: <PixTestXray.cc/processData:L757> Processing Data: 1686288 events.
[16:20:39.906]    DEBUG: <PixTestXray.cc/processData:L808>  # events read: 1686288, pixels seen in all events: 15616
[16:20:39.967]     INFO: Resuming triggers.
[16:20:57.083]     INFO: run duration 34 seconds, buffer almost full (81%), pausing triggers.
[16:20:57.108]    DEBUG: <PixTestXray.cc/processData:L739> Getting Event Buffer
[16:21:24.345]    DEBUG: <PixTestXray.cc/processData:L757> Processing Data: 1686277 events.
[16:21:24.375]    DEBUG: <PixTestXray.cc/processData:L808>  # events read: 1686277, pixels seen in all events: 15253
[16:21:24.434]     INFO: Resuming triggers.
[16:21:41.552]     INFO: run duration 51 seconds, buffer almost full (81%), pausing triggers.
[16:21:41.610]    DEBUG: <PixTestXray.cc/processData:L739> Getting Event Buffer
[16:22:08.569]    DEBUG: <PixTestXray.cc/processData:L757> Processing Data: 1686289 events.
[16:22:08.597]    DEBUG: <PixTestXray.cc/processData:L808>  # events read: 1686289, pixels seen in all events: 15493
[16:22:08.668]     INFO: Resuming triggers.
[16:22:25.785]     INFO: run duration 68 seconds, buffer almost full (81%), pausing triggers.
[16:22:25.810]    DEBUG: <PixTestXray.cc/processData:L739> Getting Event Buffer
[16:22:53.075]    DEBUG: <PixTestXray.cc/processData:L757> Processing Data: 1686302 events.
[16:22:53.104]    DEBUG: <PixTestXray.cc/processData:L808>  # events read: 1686302, pixels seen in all events: 15225
[16:22:53.187]     INFO: Resuming triggers.
[16:23:10.304]     INFO: run duration 85 seconds, buffer almost full (81%), pausing triggers.
[16:23:10.330]    DEBUG: <PixTestXray.cc/processData:L739> Getting Event Buffer
[16:23:37.569]    DEBUG: <PixTestXray.cc/processData:L757> Processing Data: 1686276 events.
[16:23:37.597]    DEBUG: <PixTestXray.cc/processData:L808>  # events read: 1686276, pixels seen in all events: 15293
[16:23:37.681]     INFO: Resuming triggers.
[16:23:54.797]     INFO: run duration 102 seconds, buffer almost full (81%), pausing triggers.
[16:23:54.825]    DEBUG: <PixTestXray.cc/processData:L739> Getting Event Buffer
[16:24:22.109]    DEBUG: <PixTestXray.cc/processData:L757> Processing Data: 1686252 events.
[16:24:22.137]    DEBUG: <PixTestXray.cc/processData:L808>  # events read: 1686252, pixels seen in all events: 15642
[16:24:22.257]     INFO: Resuming triggers.
[16:24:39.374]     INFO: run duration 119 seconds, buffer almost full (81%), pausing triggers.
[16:24:39.402]    DEBUG: <PixTestXray.cc/processData:L739> Getting Event Buffer
[16:25:06.620]    DEBUG: <PixTestXray.cc/processData:L757> Processing Data: 1686300 events.
[16:25:06.647]    DEBUG: <PixTestXray.cc/processData:L808>  # events read: 1686300, pixels seen in all events: 15257
[16:25:06.767]     INFO: Resuming triggers.
[16:25:23.884]     INFO: run duration 136 seconds, buffer almost full (81%), pausing triggers.
[16:25:23.912]    DEBUG: <PixTestXray.cc/processData:L739> Getting Event Buffer
[16:25:51.177]    DEBUG: <PixTestXray.cc/processData:L757> Processing Data: 1686276 events.
[16:25:51.205]    DEBUG: <PixTestXray.cc/processData:L808>  # events read: 1686276, pixels seen in all events: 15512
[16:25:51.325]     INFO: Resuming triggers.
[16:25:54.551]     INFO: data taking finished, elapsed time: 140 seconds.
[16:25:54.746]    DEBUG: <PixTestXray.cc/processData:L739> Getting Event Buffer
[16:26:00.012]    DEBUG: <PixTestXray.cc/processData:L757> Processing Data: 317731 events.
[16:26:00.018]    DEBUG: <PixTestXray.cc/processData:L808>  # events read: 317731, pixels seen in all events: 2905
[16:26:00.198]     INFO: PixTest::       pg_setup set to default.
[16:26:00.213]     INFO: PixTestXray::doPhRun() done
[16:26:00.213]     INFO: PixTestXray::doTest() done 
[16:28:09.778]    DEBUG: <PixTab.cc/setParameter:L391> xxxPressed():  ID = 1 -> source to value In
[16:28:54.906]    DEBUG: <PixTab.cc/setParameter:L391> xxxPressed():  ID = 1 -> source to value In
[16:28:56.114]     INFO: ######################################################################
[16:28:56.114]     INFO: PixTestXray::doTest()
[16:28:56.114]     INFO: ######################################################################
[16:28:56.114]     INFO:    ----------------------------------------------------------------------
[16:28:56.114]     INFO:    PixTestXray::doPhRun() fParRunSeconds = 140
[16:28:56.114]     INFO:    ----------------------------------------------------------------------
[16:28:56.144]    DEBUG: <PixTestXray.cc/doPhRun:L270> booking new histograms as source name has changed
[16:28:57.105]     INFO: PixTestXray::doPhRun start TriggerLoop with trigger frequency 100 kHz, period 405 and duration 140 seconds,  fEventsMax = 14000000
[16:29:14.220]     INFO: run duration 17 seconds, buffer almost full (81%), pausing triggers.
[16:29:14.262]    DEBUG: <PixTestXray.cc/processData:L739> Getting Event Buffer
[16:29:41.485]    DEBUG: <PixTestXray.cc/processData:L757> Processing Data: 1686214 events.
[16:29:41.517]    DEBUG: <PixTestXray.cc/processData:L808>  # events read: 1686214, pixels seen in all events: 16222
[16:29:41.629]     INFO: Resuming triggers.
[16:29:58.745]     INFO: run duration 34 seconds, buffer almost full (81%), pausing triggers.
[16:29:58.792]    DEBUG: <PixTestXray.cc/processData:L739> Getting Event Buffer
[16:30:26.134]    DEBUG: <PixTestXray.cc/processData:L757> Processing Data: 1686198 events.
[16:30:26.164]    DEBUG: <PixTestXray.cc/processData:L808>  # events read: 1686198, pixels seen in all events: 16192
[16:30:26.281]     INFO: Resuming triggers.
[16:30:43.397]     INFO: run duration 51 seconds, buffer almost full (81%), pausing triggers.
[16:30:43.421]    DEBUG: <PixTestXray.cc/processData:L739> Getting Event Buffer
[16:30:44.119]    ERROR: <datapipe.cc/CheckEventValidity:L491> Channel 0 Number of ROCs (6) != Token Chain Length (8)
[16:30:44.119]    ERROR: <datapipe.cc/CheckEventValidity:L491> Channel 1 Number of ROCs (6) != Token Chain Length (8)
[16:30:44.119]    ERROR: <datapipe.cc/Read:L164> Dumping the flawed event +- 3 events:
[16:30:44.119]    ERROR: <datapipe.cc/Read:L166> ====== 0 ====== a084 80b1 4f88 4f88 4f88 4f88 4f88 4f88 4f88 4f88 e000 c000 
[16:30:44.119]    ERROR: <datapipe.cc/Read:L166> ====== 0 ====== a07e 8000 4f88 4f88 4f88 4f8a 4f8a 4f8a 4f8a 4f88 e000 c000 
[16:30:44.119]    ERROR: <datapipe.cc/Read:L166> ====== 0 ====== a07f 8040 4f8a 4f88 4f8a 4f88 4f88 4f88 4f88 4f8a e000 c000 
[16:30:44.119]    ERROR: <datapipe.cc/Read:L166> ====== 0 ====== a080 80b1 4f88 4f88 4f88 4f88 4f89 4f89 4f89 4f88 e000 c000 
[16:30:44.119]    ERROR: <datapipe.cc/Read:L166> ====== 0 ====== a081 80c0 3f8 4f89 4f88 4f89 4f88 4f88 4f89 4f89 e000 c000 
[16:30:44.119]    ERROR: <datapipe.cc/Read:L166> ====== 0 ====== a082 8000 4f88 4f88 4f89 4f89 4f88 4f89 4f88 4f89 e000 c000 
[16:30:44.119]    ERROR: <datapipe.cc/Read:L166> ====== 0 ====== a083 8040 4f88 4f88 4f88 4f88 4f88 4f88 4f88 4f89 e000 c000 
[16:30:44.119]    ERROR: <datapipe.cc/Read:L164> Dumping the flawed event +- 3 events:
[16:30:44.119]    ERROR: <datapipe.cc/Read:L166> ====== 0 ====== a184 80b1 4f88 4f88 4f88 4f88 4f88 4f88 4f88 4f88 e000 c000 
[16:30:44.119]    ERROR: <datapipe.cc/Read:L166> ====== 0 ====== a17e 8000 4f88 4f88 4f8a 4f88 4f88 4f88 4f88 4f88 e000 c000 
[16:30:44.119]    ERROR: <datapipe.cc/Read:L166> ====== 0 ====== a17f 8040 4f8a 4f8a 4f89 4f8a 4f8a 4f8a 4f8a 4f8a e000 c000 
[16:30:44.119]    ERROR: <datapipe.cc/Read:L166> ====== 0 ====== a180 80b1 4f89 4f89 4f88 4f89 4f89 4f89 4f89 4f89 e000 c000 
[16:30:44.119]    ERROR: <datapipe.cc/Read:L166> ====== 0 ====== a181 80c0 3f8 4f88 4f89 4f88 4f89 4f89 4f89 4f89 e000 c000 
[16:30:44.119]    ERROR: <datapipe.cc/Read:L166> ====== 0 ====== a182 8000 4f88 4f88 4f88 4f89 4f88 4f88 4f89 4f89 e000 c000 
[16:30:44.119]    ERROR: <datapipe.cc/Read:L166> ====== 0 ====== a183 8040 4f88 4f89 4f88 4f89 4f88 4f89 4f88 4f89 e000 c000 
[16:31:10.642]    DEBUG: <PixTestXray.cc/processData:L757> Processing Data: 1686215 events.
[16:31:10.671]    DEBUG: <PixTestXray.cc/processData:L808>  # events read: 1686215, pixels seen in all events: 15998
[16:31:10.733]     INFO: Resuming triggers.
[16:31:27.849]     INFO: run duration 68 seconds, buffer almost full (81%), pausing triggers.
[16:31:27.874]    DEBUG: <PixTestXray.cc/processData:L739> Getting Event Buffer
[16:31:55.046]    DEBUG: <PixTestXray.cc/processData:L757> Processing Data: 1686237 events.
[16:31:55.076]    DEBUG: <PixTestXray.cc/processData:L808>  # events read: 1686237, pixels seen in all events: 16093
[16:31:55.147]     INFO: Resuming triggers.
[16:32:12.263]     INFO: run duration 85 seconds, buffer almost full (81%), pausing triggers.
[16:32:12.289]    DEBUG: <PixTestXray.cc/processData:L739> Getting Event Buffer
[16:32:39.611]    DEBUG: <PixTestXray.cc/processData:L757> Processing Data: 1686240 events.
[16:32:39.641]    DEBUG: <PixTestXray.cc/processData:L808>  # events read: 1686240, pixels seen in all events: 16075
[16:32:39.761]     INFO: Resuming triggers.
[16:32:56.877]     INFO: run duration 102 seconds, buffer almost full (81%), pausing triggers.
[16:32:56.956]    DEBUG: <PixTestXray.cc/processData:L739> Getting Event Buffer
[16:33:24.504]    DEBUG: <PixTestXray.cc/processData:L757> Processing Data: 1686252 events.
[16:33:24.534]    DEBUG: <PixTestXray.cc/processData:L808>  # events read: 1686252, pixels seen in all events: 15925
[16:33:24.604]     INFO: Resuming triggers.
[16:33:41.720]     INFO: run duration 119 seconds, buffer almost full (81%), pausing triggers.
[16:33:41.747]    DEBUG: <PixTestXray.cc/processData:L739> Getting Event Buffer
[16:34:09.072]    DEBUG: <PixTestXray.cc/processData:L757> Processing Data: 1686250 events.
[16:34:09.101]    DEBUG: <PixTestXray.cc/processData:L808>  # events read: 1686250, pixels seen in all events: 15867
[16:34:09.186]     INFO: Resuming triggers.
[16:34:26.302]     INFO: run duration 136 seconds, buffer almost full (81%), pausing triggers.
[16:34:26.330]    DEBUG: <PixTestXray.cc/processData:L739> Getting Event Buffer
[16:34:53.605]    DEBUG: <PixTestXray.cc/processData:L757> Processing Data: 1686252 events.
[16:34:53.634]    DEBUG: <PixTestXray.cc/processData:L808>  # events read: 1686252, pixels seen in all events: 15956
[16:34:53.719]     INFO: Resuming triggers.
[16:34:56.952]     INFO: data taking finished, elapsed time: 140 seconds.
[16:34:57.148]    DEBUG: <PixTestXray.cc/processData:L739> Getting Event Buffer
[16:35:02.409]    DEBUG: <PixTestXray.cc/processData:L757> Processing Data: 318551 events.
[16:35:02.415]    DEBUG: <PixTestXray.cc/processData:L808>  # events read: 318551, pixels seen in all events: 3109
[16:35:02.595]     INFO: PixTest::       pg_setup set to default.
[16:35:02.614]     INFO: PixTestXray::doPhRun() done
[16:35:02.614]     INFO: PixTestXray::doTest() done 
[16:36:55.810]    DEBUG: <PixGui.cc/handleButtons:L396> PixGui::exit called
[16:36:55.811]    DEBUG: <PixGui.cc/CloseWindow:L335> Final Analog Current: 386.7mA
[16:36:55.811]    DEBUG: <PixGui.cc/CloseWindow:L336> Final Digital Current: 472.7mA
[16:36:55.812]    DEBUG: <PixGui.cc/CloseWindow:L337> Final Module Temperature: 22.7 C
[16:36:55.812]    DEBUG: <PixTestBBMap.cc/~PixTestBBMap:L97> PixTestBBMap dtor
[16:36:55.812]    DEBUG: <PixTestBB2Map.cc/~PixTestBB2Map:L115> PixTestBB2Map dtor
[16:36:55.812]    DEBUG: <PixTestBB3Map.cc/~PixTestBB3Map:L99> PixTestBB3Map dtor
[16:36:55.812]    DEBUG: <PixTestBB4Map.cc/~PixTestBB4Map:L118> PixTestBB4Map dtor
[16:36:55.812]    DEBUG: <PixTestCmd.cc/~PixTestCmd:L78> PixTestCmd dtor
[16:36:55.812]    DEBUG: <PixTestDaq.cc/~PixTestDaq:L37> PixTestDaq dtor
[16:36:55.812]    DEBUG: <PixTestDacDacScan.cc/~PixTestDacDacScan:L136> PixTestDacDacScan dtor
[16:36:55.812]    DEBUG: <PixTestDacScan.cc/~PixTestDacScan:L129> PixTestDacScan dtor
[16:36:55.812]    DEBUG: <PixTestGainPedestal.cc/~PixTestGainPedestal:L125> PixTestGainPedestal dtor
[16:36:55.812]    DEBUG: <PixTestHighRate.cc/~PixTestHighRate:L245> PixTestHighRate dtor
[16:36:55.812]    DEBUG: <PixTestIV.cc/~PixTestIV:L96> PixTestIV dtor
[16:36:55.812]    DEBUG: <PixTestAlive.cc/~PixTestAlive:L109> PixTestAlive dtor
[16:36:55.812]    DEBUG: <PixTestPretest.cc/~PixTestPretest:L136> PixTestPretest dtor
[16:36:55.812]    DEBUG: <PixTestReadback.cc/~PixTestReadback:L89> PixTestReadback dtor, saving tree ... 
[16:36:55.813]    DEBUG: <PixTestScurves.cc/~PixTestScurves:L142> PixTestScurves dtor
[16:36:55.813]    DEBUG: <PixTestTiming.cc/~PixTestTiming:L97> PixTestTiming dtor
[16:36:55.813]    DEBUG: <PixTestTrim.cc/~PixTestTrim:L103> PixTestTrim dtor
[16:36:55.813]    DEBUG: <PixTestXray.cc/~PixTestXray:L217> PixTestXray dtor
[16:36:56.383]    QUIET: Connection to board 58 closed.
[16:36:56.467]    DEBUG: <PixMonitor.cc/dumpSummaries:L39> PixMonitor::dumpSummaries
