[12:26:25.090]     INFO: *** Welcome to pxar ***
[12:26:25.090]     INFO: *** Today: 2016/01/12
[12:26:25.100]     INFO: *** Version: prod-12
[12:26:25.100]     INFO: readRocDacs: data/mh116/M-H-1-16_ElComandanteTest_2016-01-07_15h43m_1452203009/000_FPIXTest_p17/dacParameters35_C0.dat .. data/mh116/M-H-1-16_ElComandanteTest_2016-01-07_15h43m_1452203009/000_FPIXTest_p17/dacParameters35_C15.dat
[12:26:25.101]     INFO: readTbmDacs: data/mh116/M-H-1-16_ElComandanteTest_2016-01-07_15h43m_1452203009/000_FPIXTest_p17/tbmParameters_C0a.dat .. data/mh116/M-H-1-16_ElComandanteTest_2016-01-07_15h43m_1452203009/000_FPIXTest_p17/tbmParameters_C0b.dat
[12:26:25.101]     INFO: readMaskFile: data/mh116/M-H-1-16_ElComandanteTest_2016-01-07_15h43m_1452203009/000_FPIXTest_p17/defaultMaskFile.dat
[12:26:25.101]     INFO: readTrimFile: data/mh116/M-H-1-16_ElComandanteTest_2016-01-07_15h43m_1452203009/000_FPIXTest_p17/trimParameters35_C0.dat .. data/mh116/M-H-1-16_ElComandanteTest_2016-01-07_15h43m_1452203009/000_FPIXTest_p17/trimParameters35_C15.dat
[12:26:25.254]     INFO:         clk: 4
[12:26:25.254]     INFO:         ctr: 4
[12:26:25.254]     INFO:         sda: 19
[12:26:25.254]     INFO:         tin: 9
[12:26:25.254]     INFO:         level: 15
[12:26:25.254]     INFO:         triggerdelay: 0
[12:26:25.254]    QUIET: Instanciating API for pxar prod-12
[12:26:25.254]     INFO: Log level: DEBUG
[12:26:25.265]    QUIET: Connection to board DTB_WRPRHI opened.
[12:26:25.269]     INFO: DTB startup information
--- DTB info------------------------------------------
Board id:    58
HW version:  DTB1.2
FW version:  4.2
SW version:  4.5
USB id:      DTB_WRPRHI
MAC address: 40D85511803A
Hostname:    pixelDTB058
Comment:     
------------------------------------------------------
[12:26:25.271]     INFO: RPC call hashes of host and DTB match: 398089610
[12:26:26.880]     INFO: DUT info: 
[12:26:26.880]     INFO: The DUT currently contains the following objects:
[12:26:26.880]     INFO:  2 TBM Cores tbm08c (2 ON)
[12:26:26.880]     INFO: 	TBM Core alpha (0): 7 registers set
[12:26:26.880]     INFO: 	TBM Core beta  (1): 7 registers set
[12:26:26.880]     INFO: 16 ROCs psi46digv21respin (16 ON) with 4160 pixelConfigs
[12:26:26.880]     INFO: 	ROC 0: 19 DACs set, Pixels: 0 masked, 0 active.
[12:26:26.880]     INFO: 	ROC 1: 19 DACs set, Pixels: 0 masked, 0 active.
[12:26:26.880]     INFO: 	ROC 2: 19 DACs set, Pixels: 0 masked, 0 active.
[12:26:26.880]     INFO: 	ROC 3: 19 DACs set, Pixels: 0 masked, 0 active.
[12:26:26.880]     INFO: 	ROC 4: 19 DACs set, Pixels: 0 masked, 0 active.
[12:26:26.880]     INFO: 	ROC 5: 19 DACs set, Pixels: 0 masked, 0 active.
[12:26:26.880]     INFO: 	ROC 6: 19 DACs set, Pixels: 0 masked, 0 active.
[12:26:26.880]     INFO: 	ROC 7: 19 DACs set, Pixels: 0 masked, 0 active.
[12:26:26.880]     INFO: 	ROC 8: 19 DACs set, Pixels: 0 masked, 0 active.
[12:26:26.880]     INFO: 	ROC 9: 19 DACs set, Pixels: 0 masked, 0 active.
[12:26:26.880]     INFO: 	ROC 10: 19 DACs set, Pixels: 0 masked, 0 active.
[12:26:26.880]     INFO: 	ROC 11: 19 DACs set, Pixels: 0 masked, 0 active.
[12:26:26.880]     INFO: 	ROC 12: 19 DACs set, Pixels: 0 masked, 0 active.
[12:26:26.880]     INFO: 	ROC 13: 19 DACs set, Pixels: 0 masked, 0 active.
[12:26:26.880]     INFO: 	ROC 14: 19 DACs set, Pixels: 0 masked, 0 active.
[12:26:26.881]     INFO: 	ROC 15: 19 DACs set, Pixels: 0 masked, 0 active.
[12:26:26.881]    DEBUG: <PixTestParameters.cc/dump:L104> PixTestParameters: ->BB<-
[12:26:26.881]    DEBUG: <PixTestParameters.cc/dump:L107>   dumpall: checkbox(0)
[12:26:26.881]    DEBUG: <PixTestParameters.cc/dump:L107>   dumpproblematic: checkbox(0)
[12:26:26.881]    DEBUG: <PixTestParameters.cc/dump:L107>   ntrig: 5
[12:26:26.881]    DEBUG: <PixTestParameters.cc/dump:L107>   vcals: 250
[12:26:26.881]    DEBUG: <PixTestParameters.cc/dump:L104> PixTestParameters: ->BB2<-
[12:26:26.881]    DEBUG: <PixTestParameters.cc/dump:L107>   ntrig: 10
[12:26:26.881]    DEBUG: <PixTestParameters.cc/dump:L107>   vcals: 222
[12:26:26.881]    DEBUG: <PixTestParameters.cc/dump:L107>   plwidth: 35
[12:26:26.881]    DEBUG: <PixTestParameters.cc/dump:L107>   pix: 11,20
[12:26:26.881]    DEBUG: <PixTestParameters.cc/dump:L107>   targetia: 24
[12:26:26.881]    DEBUG: <PixTestParameters.cc/dump:L104> PixTestParameters: ->BB3<-
[12:26:26.881]    DEBUG: <PixTestParameters.cc/dump:L107>   dumpall: checkbox(0)
[12:26:26.881]    DEBUG: <PixTestParameters.cc/dump:L107>   dumpproblematic: checkbox(0)
[12:26:26.881]    DEBUG: <PixTestParameters.cc/dump:L107>   ntrig: 5
[12:26:26.881]    DEBUG: <PixTestParameters.cc/dump:L107>   vcals: 250
[12:26:26.881]    DEBUG: <PixTestParameters.cc/dump:L104> PixTestParameters: ->BB4<-
[12:26:26.881]    DEBUG: <PixTestParameters.cc/dump:L107>   savecaldelscan: checkbox(0)
[12:26:26.881]    DEBUG: <PixTestParameters.cc/dump:L107>   ntrig: 100
[12:26:26.881]    DEBUG: <PixTestParameters.cc/dump:L107>   cals: 1
[12:26:26.881]    DEBUG: <PixTestParameters.cc/dump:L107>   caldello: 80
[12:26:26.881]    DEBUG: <PixTestParameters.cc/dump:L107>   caldelhi: 200
[12:26:26.881]    DEBUG: <PixTestParameters.cc/dump:L107>   caldelstep: 10
[12:26:26.881]    DEBUG: <PixTestParameters.cc/dump:L107>   vthrcomplo: 70
[12:26:26.881]    DEBUG: <PixTestParameters.cc/dump:L107>   vthrcomphi: 130
[12:26:26.881]    DEBUG: <PixTestParameters.cc/dump:L107>   vthrcompstep: 5
[12:26:26.881]    DEBUG: <PixTestParameters.cc/dump:L107>   noisypixels: 10
[12:26:26.881]    DEBUG: <PixTestParameters.cc/dump:L107>   vcal: 255
[12:26:26.881]    DEBUG: <PixTestParameters.cc/dump:L107>   cut: 0.5
[12:26:26.882]    DEBUG: <PixTestParameters.cc/dump:L104> PixTestParameters: ->Cmd<-
[12:26:26.882]    DEBUG: <PixTestParameters.cc/dump:L104> PixTestParameters: ->DAQ<-
[12:26:26.882]    DEBUG: <PixTestParameters.cc/dump:L107>   delaytbm: checkbox
[12:26:26.882]    DEBUG: <PixTestParameters.cc/dump:L107>   filltree: checkbox
[12:26:26.882]    DEBUG: <PixTestParameters.cc/dump:L107>   trgfrequency(khz): 100
[12:26:26.882]    DEBUG: <PixTestParameters.cc/dump:L107>   maskhotpixels: button
[12:26:26.882]    DEBUG: <PixTestParameters.cc/dump:L107>   trgnumber: 5
[12:26:26.882]    DEBUG: <PixTestParameters.cc/dump:L107>   iterations: 10
[12:26:26.882]    DEBUG: <PixTestParameters.cc/dump:L107>   rundaqtrg: button
[12:26:26.882]    DEBUG: <PixTestParameters.cc/dump:L107>   daqseconds: 5
[12:26:26.882]    DEBUG: <PixTestParameters.cc/dump:L107>   rundaqseconds: button
[12:26:26.882]    DEBUG: <PixTestParameters.cc/dump:L104> PixTestParameters: ->DacDacScan<-
[12:26:26.882]    DEBUG: <PixTestParameters.cc/dump:L107>   phmap: checkbox
[12:26:26.882]    DEBUG: <PixTestParameters.cc/dump:L107>   ntrig: 10
[12:26:26.882]    DEBUG: <PixTestParameters.cc/dump:L107>   dac1: caldel
[12:26:26.882]    DEBUG: <PixTestParameters.cc/dump:L107>   dac1lo: 0
[12:26:26.882]    DEBUG: <PixTestParameters.cc/dump:L107>   dac1hi: 255
[12:26:26.882]    DEBUG: <PixTestParameters.cc/dump:L107>   dac2: vthrcomp
[12:26:26.882]    DEBUG: <PixTestParameters.cc/dump:L107>   dac2lo: 0
[12:26:26.882]    DEBUG: <PixTestParameters.cc/dump:L107>   dac2hi: 255
[12:26:26.882]    DEBUG: <PixTestParameters.cc/dump:L107>   pix: 11,20
[12:26:26.882]    DEBUG: <PixTestParameters.cc/dump:L104> PixTestParameters: ->DacScan<-
[12:26:26.882]    DEBUG: <PixTestParameters.cc/dump:L107>   phmap: checkbox(1)
[12:26:26.882]    DEBUG: <PixTestParameters.cc/dump:L107>   allpixels: checkbox(0)
[12:26:26.882]    DEBUG: <PixTestParameters.cc/dump:L107>   unmasked: checkbox(0)
[12:26:26.882]    DEBUG: <PixTestParameters.cc/dump:L107>   ntrig: 10
[12:26:26.882]    DEBUG: <PixTestParameters.cc/dump:L107>   dac: vcal
[12:26:26.882]    DEBUG: <PixTestParameters.cc/dump:L107>   daclo: 0
[12:26:26.882]    DEBUG: <PixTestParameters.cc/dump:L107>   dachi: 255
[12:26:26.882]    DEBUG: <PixTestParameters.cc/dump:L107>   pix: 11,20
[12:26:26.882]    DEBUG: <PixTestParameters.cc/dump:L104> PixTestParameters: ->GainPedestal<-
[12:26:26.882]    DEBUG: <PixTestParameters.cc/dump:L107>   showfits: checkbox(0)
[12:26:26.882]    DEBUG: <PixTestParameters.cc/dump:L107>   extended: checkbox(0)
[12:26:26.882]    DEBUG: <PixTestParameters.cc/dump:L107>   dumphists: checkbox(0)
[12:26:26.882]    DEBUG: <PixTestParameters.cc/dump:L107>   ntrig: 10
[12:26:26.882]    DEBUG: <PixTestParameters.cc/dump:L107>   vcalstep: 10
[12:26:26.882]    DEBUG: <PixTestParameters.cc/dump:L107>   measure: button
[12:26:26.882]    DEBUG: <PixTestParameters.cc/dump:L107>   fit: button
[12:26:26.882]    DEBUG: <PixTestParameters.cc/dump:L107>   save: button
[12:26:26.882]    DEBUG: <PixTestParameters.cc/dump:L104> PixTestParameters: ->HighRate<-
[12:26:26.882]    DEBUG: <PixTestParameters.cc/dump:L107>   pix: 11,20
[12:26:26.882]    DEBUG: <PixTestParameters.cc/dump:L107>   trimhotpixels: button
[12:26:26.882]    DEBUG: <PixTestParameters.cc/dump:L107>   trimhotpixelthr: 200
[12:26:26.882]    DEBUG: <PixTestParameters.cc/dump:L107>   runsecondshotpixels: 10
[12:26:26.882]    DEBUG: <PixTestParameters.cc/dump:L107>   savetrimbits: checkbox(1)
[12:26:26.882]    DEBUG: <PixTestParameters.cc/dump:L107>   maskuntrimmable: checkbox(1)
[12:26:26.882]    DEBUG: <PixTestParameters.cc/dump:L107>   maskhotpixels: button
[12:26:26.882]    DEBUG: <PixTestParameters.cc/dump:L107>   savemaskfile: checkbox(0)
[12:26:26.882]    DEBUG: <PixTestParameters.cc/dump:L107>   maskfilename: default
[12:26:26.882]    DEBUG: <PixTestParameters.cc/dump:L107>   caldelscan: button
[12:26:26.882]    DEBUG: <PixTestParameters.cc/dump:L107>   xpixelalive: button
[12:26:26.883]    DEBUG: <PixTestParameters.cc/dump:L107>   ntrig: 50
[12:26:26.883]    DEBUG: <PixTestParameters.cc/dump:L107>   vcal: 200
[12:26:26.883]    DEBUG: <PixTestParameters.cc/dump:L107>   xnoisemaps: button
[12:26:26.883]    DEBUG: <PixTestParameters.cc/dump:L107>   daclo: 0
[12:26:26.883]    DEBUG: <PixTestParameters.cc/dump:L107>   dachi: 100
[12:26:26.883]    DEBUG: <PixTestParameters.cc/dump:L107>   dacs/step: 20
[12:26:26.883]    DEBUG: <PixTestParameters.cc/dump:L107>   rundaq: button
[12:26:26.883]    DEBUG: <PixTestParameters.cc/dump:L107>   trgfrequency(khz): 20
[12:26:26.883]    DEBUG: <PixTestParameters.cc/dump:L107>   runseconds: 2
[12:26:26.883]    DEBUG: <PixTestParameters.cc/dump:L107>   triggerdelay: 20
[12:26:26.883]    DEBUG: <PixTestParameters.cc/dump:L107>   delaytbm: checkbox
[12:26:26.883]    DEBUG: <PixTestParameters.cc/dump:L107>   filltree: checkbox
[12:26:26.883]    DEBUG: <PixTestParameters.cc/dump:L104> PixTestParameters: ->IV<-
[12:26:26.883]    DEBUG: <PixTestParameters.cc/dump:L107>   port: /dev/FIXME
[12:26:26.883]    DEBUG: <PixTestParameters.cc/dump:L107>   voltagestart: 0
[12:26:26.883]    DEBUG: <PixTestParameters.cc/dump:L107>   voltagestop: 600
[12:26:26.883]    DEBUG: <PixTestParameters.cc/dump:L107>   voltagestep: 5
[12:26:26.883]    DEBUG: <PixTestParameters.cc/dump:L107>   delay: 1
[12:26:26.883]    DEBUG: <PixTestParameters.cc/dump:L107>   compliance(ua): 100
[12:26:26.883]    DEBUG: <PixTestParameters.cc/dump:L104> PixTestParameters: ->PhOptimization<-
[12:26:26.883]    DEBUG: <PixTestParameters.cc/dump:L107>   ntrig: 10
[12:26:26.883]    DEBUG: <PixTestParameters.cc/dump:L107>   safetymarginlow: 20
[12:26:26.883]    DEBUG: <PixTestParameters.cc/dump:L107>   saturationvcal: 100
[12:26:26.883]    DEBUG: <PixTestParameters.cc/dump:L107>   quantilesaturation: 0.98
[12:26:26.883]    DEBUG: <PixTestParameters.cc/dump:L104> PixTestParameters: ->PixelAlive<-
[12:26:26.883]    DEBUG: <PixTestParameters.cc/dump:L107>   ntrig: 10
[12:26:26.883]    DEBUG: <PixTestParameters.cc/dump:L107>   vcal: 200
[12:26:26.883]    DEBUG: <PixTestParameters.cc/dump:L107>   alivetest: button
[12:26:26.883]    DEBUG: <PixTestParameters.cc/dump:L107>   masktest: button
[12:26:26.883]    DEBUG: <PixTestParameters.cc/dump:L107>   addressdecodingtest: button
[12:26:26.883]    DEBUG: <PixTestParameters.cc/dump:L104> PixTestParameters: ->Pretest<-
[12:26:26.883]    DEBUG: <PixTestParameters.cc/dump:L107>   programroc: button
[12:26:26.883]    DEBUG: <PixTestParameters.cc/dump:L107>   targetia: 24
[12:26:26.883]    DEBUG: <PixTestParameters.cc/dump:L107>   setvana: button
[12:26:26.883]    DEBUG: <PixTestParameters.cc/dump:L107>   iterations: 100
[12:26:26.883]    DEBUG: <PixTestParameters.cc/dump:L107>   settimings: button
[12:26:26.883]    DEBUG: <PixTestParameters.cc/dump:L107>   findtiming: button
[12:26:26.883]    DEBUG: <PixTestParameters.cc/dump:L107>   findworkingpixel: button
[12:26:26.883]    DEBUG: <PixTestParameters.cc/dump:L107>   setvthrcompcaldel: button
[12:26:26.883]    DEBUG: <PixTestParameters.cc/dump:L107>   pix: 11,20
[12:26:26.883]    DEBUG: <PixTestParameters.cc/dump:L107>   vcal: 250
[12:26:26.883]    DEBUG: <PixTestParameters.cc/dump:L107>   deltavthrcomp: 50
[12:26:26.883]    DEBUG: <PixTestParameters.cc/dump:L107>   fraccaldel: 0.5
[12:26:26.883]    DEBUG: <PixTestParameters.cc/dump:L107>   ntrig: 5
[12:26:26.883]    DEBUG: <PixTestParameters.cc/dump:L107>   savedacs: button
[12:26:26.883]    DEBUG: <PixTestParameters.cc/dump:L104> PixTestParameters: ->Readback<-
[12:26:26.883]    DEBUG: <PixTestParameters.cc/dump:L107>   calibratevd: button
[12:26:26.883]    DEBUG: <PixTestParameters.cc/dump:L107>   calibrateva: button
[12:26:26.884]    DEBUG: <PixTestParameters.cc/dump:L107>   calibrateia: button
[12:26:26.884]    DEBUG: <PixTestParameters.cc/dump:L107>   readbackvbg: button
[12:26:26.884]    DEBUG: <PixTestParameters.cc/dump:L107>   getcalibratedvbg: button
[12:26:26.884]    DEBUG: <PixTestParameters.cc/dump:L107>   usecalvd: checkbox(1)
[12:26:26.884]    DEBUG: <PixTestParameters.cc/dump:L107>   usecalva: checkbox(0)
[12:26:26.884]    DEBUG: <PixTestParameters.cc/dump:L107>   setvana: button
[12:26:26.884]    DEBUG: <PixTestParameters.cc/dump:L104> PixTestParameters: ->Scurves<-
[12:26:26.884]    DEBUG: <PixTestParameters.cc/dump:L107>   adjustvcal: checkbox(0)
[12:26:26.884]    DEBUG: <PixTestParameters.cc/dump:L107>   dumpall: checkbox(0)
[12:26:26.884]    DEBUG: <PixTestParameters.cc/dump:L107>   dumpproblematic: checkbox(0)
[12:26:26.884]    DEBUG: <PixTestParameters.cc/dump:L107>   dumpoutputfile: checkbox(0)
[12:26:26.884]    DEBUG: <PixTestParameters.cc/dump:L107>   ntrig: 50
[12:26:26.884]    DEBUG: <PixTestParameters.cc/dump:L107>   dac: Vcal
[12:26:26.884]    DEBUG: <PixTestParameters.cc/dump:L107>   daclo: 0
[12:26:26.884]    DEBUG: <PixTestParameters.cc/dump:L107>   dachi: 200
[12:26:26.884]    DEBUG: <PixTestParameters.cc/dump:L107>   dacs/step: -1
[12:26:26.884]    DEBUG: <PixTestParameters.cc/dump:L107>   ntrig/step: -1
[12:26:26.884]    DEBUG: <PixTestParameters.cc/dump:L107>   scurves: button
[12:26:26.884]    DEBUG: <PixTestParameters.cc/dump:L104> PixTestParameters: ->Timing<-
[12:26:26.884]    DEBUG: <PixTestParameters.cc/dump:L107>   targetclk: 4
[12:26:26.884]    DEBUG: <PixTestParameters.cc/dump:L107>   ntrig: 10
[12:26:26.884]    DEBUG: <PixTestParameters.cc/dump:L107>   clocksdascan: button
[12:26:26.884]    DEBUG: <PixTestParameters.cc/dump:L107>   notokenpass: checkbox(0)
[12:26:26.884]    DEBUG: <PixTestParameters.cc/dump:L107>   phasescan: button
[12:26:26.884]    DEBUG: <PixTestParameters.cc/dump:L107>   levelscan: button
[12:26:26.884]    DEBUG: <PixTestParameters.cc/dump:L107>   tbmphasescan: button
[12:26:26.884]    DEBUG: <PixTestParameters.cc/dump:L107>   rocdelayscan: button
[12:26:26.884]    DEBUG: <PixTestParameters.cc/dump:L107>   timingtest: button
[12:26:26.884]    DEBUG: <PixTestParameters.cc/dump:L107>   saveparameters: button
[12:26:26.884]    DEBUG: <PixTestParameters.cc/dump:L104> PixTestParameters: ->Trim<-
[12:26:26.884]    DEBUG: <PixTestParameters.cc/dump:L107>   trim: button
[12:26:26.884]    DEBUG: <PixTestParameters.cc/dump:L107>   ntrig: 8
[12:26:26.884]    DEBUG: <PixTestParameters.cc/dump:L107>   vcal: 35
[12:26:26.884]    DEBUG: <PixTestParameters.cc/dump:L107>   trimbits: button
[12:26:26.884]    DEBUG: <PixTestParameters.cc/dump:L104> PixTestParameters: ->Xray<-
[12:26:26.884]    DEBUG: <PixTestParameters.cc/dump:L107>   maskhotpixels: button
[12:26:26.884]    DEBUG: <PixTestParameters.cc/dump:L107>   savemaskfile: checkbox(0)
[12:26:26.884]    DEBUG: <PixTestParameters.cc/dump:L107>   maskfilename: default
[12:26:26.884]    DEBUG: <PixTestParameters.cc/dump:L107>   source: Ag
[12:26:26.884]    DEBUG: <PixTestParameters.cc/dump:L107>   phrun: button
[12:26:26.884]    DEBUG: <PixTestParameters.cc/dump:L107>   runseconds: 100
[12:26:26.884]    DEBUG: <PixTestParameters.cc/dump:L107>   trgfrequency(khz): 100
[12:26:26.884]    DEBUG: <PixTestParameters.cc/dump:L107>   ratescan: button
[12:26:26.884]    DEBUG: <PixTestParameters.cc/dump:L107>   vthrcompmin: 10
[12:26:26.884]    DEBUG: <PixTestParameters.cc/dump:L107>   vthrcompmax: 80
[12:26:26.884]    DEBUG: <PixTestParameters.cc/dump:L107>   stepseconds: 5
[12:26:26.884]    DEBUG: <PixTestParameters.cc/dump:L107>   delaytbm: checkbox
[12:26:26.884]    DEBUG: <PixTestParameters.cc/dump:L107>   filltree: checkbox
[12:26:26.887]    DEBUG: <PixSetup.cc/init:L81> PixSetup init start; getCurrentRSS() = 33480704
[12:26:26.887]    DEBUG: <PixSetup.cc/init:L87> fPixTestParameters = 0x1c45380
[12:26:26.887]    DEBUG: <PixSetup.cc/init:L88>  fConfigParameters = 0x1bbac10
[12:26:26.887]    DEBUG: <PixSetup.cc/init:L89>        fPxarMemory = 0x7f4c29d94010
[12:26:26.887]    DEBUG: <PixSetup.cc/init:L90>         fPxarMemHi = 0x7f4c2ffff510
[12:26:26.887]    DEBUG: <PixSetup.cc/init:L106> PixSetup init done;  getCurrentRSS() = 33488896 fPxarMemory = 0x7f4c29d94010
[12:26:26.888]    DEBUG: <pXar.cc/main:L223> Initial Analog Current: 385.1mA
[12:26:26.889]    DEBUG: <pXar.cc/main:L224> Initial Digital Current: 473.5mA
[12:26:26.889]    DEBUG: <pXar.cc/main:L225> Initial Module Temperature: 19.8 C
[12:26:27.388]    DEBUG: <PixGui.cc/hvOn:L460> HV set On: 0x2203690
[12:26:27.453]    DEBUG: <PixTestFactory.cc/PixTestFactory:L53> PixTestFactory::PixTestFactory()
[12:26:27.454]    DEBUG: <PixTestBBMap.cc/init:L79> PixTestBBMap::init()
[12:26:27.454]    DEBUG: <PixTestBBMap.cc/PixTestBBMap:L27> PixTestBBMap ctor(PixSetup &a, string, TGTab *)
[12:26:27.460]    DEBUG: <PixTestBB2Map.cc/setParameter:L58> setting fTargetIa    = 24 mA/ROC
[12:26:27.460]    DEBUG: <PixTestBB2Map.cc/init:L97> PixTestBB2Map::init()
[12:26:27.460]    DEBUG: <PixTestBB2Map.cc/PixTestBB2Map:L29> PixTestBB2Map ctor(PixSetup &a, string, TGTab *)
[12:26:27.471]    DEBUG: <PixTestBB3Map.cc/init:L81> PixTestBB3Map::init()
[12:26:27.472]    DEBUG: <PixTestBB3Map.cc/PixTestBB3Map:L29> PixTestBB3Map ctor(PixSetup &a, string, TGTab *)
[12:26:27.492]    DEBUG: <PixTestBB4Map.cc/init:L93> PixTestBB4Map::init()
[12:26:27.492]    DEBUG: <PixTestBB4Map.cc/PixTestBB4Map:L26> PixTestMapeff ctor(PixSetup &a, string, TGTab *)
[12:26:27.504]     INFO: PixTestCmd::init()
[12:26:27.508]    DEBUG: <PixTestDaq.cc/init:L44> PixTestDaq::init()
[12:26:27.508]    DEBUG: <PixTestDaq.cc/PixTestDaq:L22> PixTestDaq ctor(PixSetup &a, string, TGTab *)
[12:26:27.508]     INFO: readGainPedestalParameters data/mh116/M-H-1-16_ElComandanteTest_2016-01-07_15h43m_1452203009/000_FPIXTest_p17/phCalibrationFitErr35_C0.dat .. data/mh116/M-H-1-16_ElComandanteTest_2016-01-07_15h43m_1452203009/000_FPIXTest_p17/phCalibrationFitErr35_C15.dat
[12:26:27.763]    DEBUG: <PixTestDacDacScan.cc/init:L103> PixTestDacDacScan::init()
[12:26:27.763]    DEBUG: <PixTestDacDacScan.cc/PixTestDacDacScan:L22> PixTestDacDacScan ctor(PixSetup &a, string, TGTab *)
[12:26:27.780]    DEBUG: <PixTestGainPedestal.cc/setParameter:L83> PixTestGainPedestal::PixTest() fVcalStep = 10
[12:26:27.785]    DEBUG: <PixTestHighRate.cc/setParameter:L68>   setting fParTriggerFrequency -> 20
[12:26:27.785]    DEBUG: <PixTestHighRate.cc/init:L198> PixTestHighRate::init()
[12:26:27.786]    DEBUG: <PixTestHighRate.cc/PixTestHighRate:L31> PixTestHighRate ctor(PixSetup &a, string, TGTab *)
[12:26:27.810]    DEBUG: <PixTest.cc/setTestParameter:L637>  setting  ntrig to new value 10
[12:26:27.810]    DEBUG: <PixTestPhOptimization.cc/setParameter:L37>   setting fParNtrig  ->10<- from sval = 10
[12:26:27.810]    DEBUG: <PixTestPhOptimization.cc/setParameter:L42>   setting fSafetyMarginLow  ->20<- from sval = 20
[12:26:27.810]    DEBUG: <PixTestPhOptimization.cc/setParameter:L48>   setting fVcalMax  ->100<- from sval = 100
[12:26:27.810]    DEBUG: <PixTestPhOptimization.cc/setParameter:L53>   setting fQuantMax  ->0.98<- from sval = 0.98
[12:26:27.816]    DEBUG: <PixTestAlive.cc/init:L77> PixTestAlive::init()
[12:26:27.816]    DEBUG: <PixTestAlive.cc/PixTestAlive:L21> PixTestAlive ctor(PixSetup &a, string, TGTab *)
[12:26:27.837]    DEBUG: <PixTestReadback.cc/setParameter:L172> fCalwVd set to 1
[12:26:27.838]    DEBUG: <PixTestReadback.cc/init:L95> PixTestReadback::init()
[12:26:27.838]    DEBUG: <PixTestReadback.cc/PixTestReadback:L22> PixTestReadback ctor(PixSetup &a, string, TGTab *)
[12:26:27.838]     INFO: readReadbackCal: data/mh116/M-H-1-16_ElComandanteTest_2016-01-07_15h43m_1452203009/000_FPIXTest_p17/readbackCal_C0.dat .. data/mh116/M-H-1-16_ElComandanteTest_2016-01-07_15h43m_1452203009/000_FPIXTest_p17/readbackCal_C15.dat
[12:26:27.847]    DEBUG: <PixTestScurves.cc/setParameter:L93> set fOutputFilename = 
[12:26:27.854]    DEBUG: <PixTestTiming.cc/setParameter:L60> PixTestTiming::PixTest() targetclk = 4
[12:26:27.854]    DEBUG: <PixTestTiming.cc/setParameter:L64> PixTestTiming::PixTest() ntrig = 10
[12:26:27.854]    DEBUG: <PixTestTiming.cc/setParameter:L48> fNoTokenPass: 0
[12:26:27.854]    DEBUG: <PixTestTiming.cc/init:L74> PixTestTiming::init()
[12:26:27.875]    DEBUG: <PixTestXray.cc/init:L134> PixTestXray::init()
[12:26:27.875]    DEBUG: <PixTestXray.cc/PixTestXray:L28> PixTestXray ctor(PixSetup &a, string, TGTab *)
[12:26:30.860]    DEBUG: <PixTab.cc/buttonClicked:L308> xxxPressed():  caldelscan
[12:26:30.861]    DEBUG: <PixTestHighRate.cc/runCommand:L157> running command: caldelscan
[12:26:30.861]     INFO:    ----------------------------------------------------------------------
[12:26:30.861]     INFO:    PixTestHighRate::calDelScan() ntrig = 10, vcal = 200
[12:26:30.861]     INFO:    ----------------------------------------------------------------------
[12:26:31.001]     INFO: Expecting 768 events.
[12:26:32.139]     INFO: 768 events read in total (420ms).
[12:26:32.328]     INFO: Test took 1462ms.
[12:26:32.334]    DEBUG: <PixTest.cc/efficiencyMaps:L396>       attempt #0
[12:26:33.004]     INFO: Expecting 41600 events.
[12:26:36.132]     INFO: 41600 events read in total (2602ms).
[12:26:36.135]     INFO: Test took 3800ms.
[12:26:36.185]     INFO: Fetched DAQ statistics. Counters are being reset now.
[12:26:36.185]    DEBUG: <PixTest.cc/efficiencyMaps:L407>  eff result size = 294088
[12:26:36.185]    DEBUG: <PixTest.cc/efficiencyMaps:L412> Create hists HR_xeff_CalDelScan_step0_C0 .. HR_xeff_CalDelScan_step0_C15
[12:26:36.185]    DEBUG: <PixTest.cc/efficiencyMaps:L426> booking xray maps for unmasked detector
[12:26:36.211]    DEBUG: <PixTest.cc/efficiencyMaps:L396>       attempt #0
[12:26:36.877]     INFO: Expecting 41600 events.
[12:26:40.129]     INFO: 41600 events read in total (2726ms).
[12:26:40.132]     INFO: Test took 3921ms.
[12:26:40.184]     INFO: Fetched DAQ statistics. Counters are being reset now.
[12:26:40.184]    DEBUG: <PixTest.cc/efficiencyMaps:L407>  eff result size = 300930
[12:26:40.184]    DEBUG: <PixTest.cc/efficiencyMaps:L412> Create hists HR_xeff_CalDelScan_step1_C0 .. HR_xeff_CalDelScan_step1_C15
[12:26:40.184]    DEBUG: <PixTest.cc/efficiencyMaps:L426> booking xray maps for unmasked detector
[12:26:40.213]    DEBUG: <PixTest.cc/efficiencyMaps:L396>       attempt #0
[12:26:40.879]     INFO: Expecting 41600 events.
[12:26:44.195]     INFO: 41600 events read in total (2789ms).
[12:26:44.197]     INFO: Test took 3984ms.
[12:26:44.249]     INFO: Fetched DAQ statistics. Counters are being reset now.
[12:26:44.249]    DEBUG: <PixTest.cc/efficiencyMaps:L407>  eff result size = 301499
[12:26:44.249]    DEBUG: <PixTest.cc/efficiencyMaps:L412> Create hists HR_xeff_CalDelScan_step2_C0 .. HR_xeff_CalDelScan_step2_C15
[12:26:44.249]    DEBUG: <PixTest.cc/efficiencyMaps:L426> booking xray maps for unmasked detector
[12:26:44.278]    DEBUG: <PixTest.cc/efficiencyMaps:L396>       attempt #0
[12:26:44.943]     INFO: Expecting 41600 events.
[12:26:48.232]     INFO: 41600 events read in total (2762ms).
[12:26:48.235]     INFO: Test took 3957ms.
[12:26:48.286]     INFO: Fetched DAQ statistics. Counters are being reset now.
[12:26:48.286]    DEBUG: <PixTest.cc/efficiencyMaps:L407>  eff result size = 303722
[12:26:48.286]    DEBUG: <PixTest.cc/efficiencyMaps:L412> Create hists HR_xeff_CalDelScan_step3_C0 .. HR_xeff_CalDelScan_step3_C15
[12:26:48.286]    DEBUG: <PixTest.cc/efficiencyMaps:L426> booking xray maps for unmasked detector
[12:26:48.314]    DEBUG: <PixTest.cc/efficiencyMaps:L396>       attempt #0
[12:26:48.979]     INFO: Expecting 41600 events.
[12:26:52.267]     INFO: 41600 events read in total (2760ms).
[12:26:52.270]     INFO: Test took 3956ms.
[12:26:52.320]     INFO: Fetched DAQ statistics. Counters are being reset now.
[12:26:52.320]    DEBUG: <PixTest.cc/efficiencyMaps:L407>  eff result size = 303243
[12:26:52.320]    DEBUG: <PixTest.cc/efficiencyMaps:L412> Create hists HR_xeff_CalDelScan_step4_C0 .. HR_xeff_CalDelScan_step4_C15
[12:26:52.321]    DEBUG: <PixTest.cc/efficiencyMaps:L426> booking xray maps for unmasked detector
[12:26:52.348]    DEBUG: <PixTest.cc/efficiencyMaps:L396>       attempt #0
[12:26:53.015]     INFO: Expecting 41600 events.
[12:26:56.326]     INFO: 41600 events read in total (2785ms).
[12:26:56.329]     INFO: Test took 3980ms.
[12:26:56.378]     INFO: Fetched DAQ statistics. Counters are being reset now.
[12:26:56.378]    DEBUG: <PixTest.cc/efficiencyMaps:L407>  eff result size = 302153
[12:26:56.378]    DEBUG: <PixTest.cc/efficiencyMaps:L412> Create hists HR_xeff_CalDelScan_step5_C0 .. HR_xeff_CalDelScan_step5_C15
[12:26:56.379]    DEBUG: <PixTest.cc/efficiencyMaps:L426> booking xray maps for unmasked detector
[12:26:56.407]    DEBUG: <PixTest.cc/efficiencyMaps:L396>       attempt #0
[12:26:57.072]     INFO: Expecting 41600 events.
[12:27:00.336]     INFO: 41600 events read in total (2738ms).
[12:27:00.339]     INFO: Test took 3932ms.
[12:27:00.389]     INFO: Fetched DAQ statistics. Counters are being reset now.
[12:27:00.389]    DEBUG: <PixTest.cc/efficiencyMaps:L407>  eff result size = 302120
[12:27:00.389]    DEBUG: <PixTest.cc/efficiencyMaps:L412> Create hists HR_xeff_CalDelScan_step6_C0 .. HR_xeff_CalDelScan_step6_C15
[12:27:00.390]    DEBUG: <PixTest.cc/efficiencyMaps:L426> booking xray maps for unmasked detector
[12:27:00.417]    DEBUG: <PixTest.cc/efficiencyMaps:L396>       attempt #0
[12:27:01.082]     INFO: Expecting 41600 events.
[12:27:04.368]     INFO: 41600 events read in total (2759ms).
[12:27:04.371]     INFO: Test took 3954ms.
[12:27:04.422]     INFO: Fetched DAQ statistics. Counters are being reset now.
[12:27:04.422]    DEBUG: <PixTest.cc/efficiencyMaps:L407>  eff result size = 302769
[12:27:04.422]    DEBUG: <PixTest.cc/efficiencyMaps:L412> Create hists HR_xeff_CalDelScan_step7_C0 .. HR_xeff_CalDelScan_step7_C15
[12:27:04.422]    DEBUG: <PixTest.cc/efficiencyMaps:L426> booking xray maps for unmasked detector
[12:27:04.450]    DEBUG: <PixTest.cc/efficiencyMaps:L396>       attempt #0
[12:27:05.115]     INFO: Expecting 41600 events.
[12:27:08.397]     INFO: 41600 events read in total (2755ms).
[12:27:08.400]     INFO: Test took 3950ms.
[12:27:08.451]     INFO: Fetched DAQ statistics. Counters are being reset now.
[12:27:08.451]    DEBUG: <PixTest.cc/efficiencyMaps:L407>  eff result size = 302063
[12:27:08.451]    DEBUG: <PixTest.cc/efficiencyMaps:L412> Create hists HR_xeff_CalDelScan_step8_C0 .. HR_xeff_CalDelScan_step8_C15
[12:27:08.451]    DEBUG: <PixTest.cc/efficiencyMaps:L426> booking xray maps for unmasked detector
[12:27:08.479]    DEBUG: <PixTest.cc/efficiencyMaps:L396>       attempt #0
[12:27:09.145]     INFO: Expecting 41600 events.
[12:27:12.464]     INFO: 41600 events read in total (2793ms).
[12:27:12.467]     INFO: Test took 3988ms.
[12:27:12.517]     INFO: Fetched DAQ statistics. Counters are being reset now.
[12:27:12.517]    DEBUG: <PixTest.cc/efficiencyMaps:L407>  eff result size = 301615
[12:27:12.517]    DEBUG: <PixTest.cc/efficiencyMaps:L412> Create hists HR_xeff_CalDelScan_step9_C0 .. HR_xeff_CalDelScan_step9_C15
[12:27:12.518]    DEBUG: <PixTest.cc/efficiencyMaps:L426> booking xray maps for unmasked detector
[12:27:12.545]    DEBUG: <PixTest.cc/efficiencyMaps:L396>       attempt #0
[12:27:13.210]     INFO: Expecting 41600 events.
[12:27:16.524]     INFO: 41600 events read in total (2788ms).
[12:27:16.527]     INFO: Test took 3982ms.
[12:27:16.577]     INFO: Fetched DAQ statistics. Counters are being reset now.
[12:27:16.578]    DEBUG: <PixTest.cc/efficiencyMaps:L407>  eff result size = 302074
[12:27:16.578]    DEBUG: <PixTest.cc/efficiencyMaps:L412> Create hists HR_xeff_CalDelScan_step10_C0 .. HR_xeff_CalDelScan_step10_C15
[12:27:16.578]    DEBUG: <PixTest.cc/efficiencyMaps:L426> booking xray maps for unmasked detector
[12:27:16.606]    DEBUG: <PixTest.cc/efficiencyMaps:L396>       attempt #0
[12:27:17.271]     INFO: Expecting 41600 events.
[12:27:20.581]     INFO: 41600 events read in total (2783ms).
[12:27:20.583]     INFO: Test took 3977ms.
[12:27:20.634]     INFO: Fetched DAQ statistics. Counters are being reset now.
[12:27:20.634]    DEBUG: <PixTest.cc/efficiencyMaps:L407>  eff result size = 302315
[12:27:20.634]    DEBUG: <PixTest.cc/efficiencyMaps:L412> Create hists HR_xeff_CalDelScan_step11_C0 .. HR_xeff_CalDelScan_step11_C15
[12:27:20.634]    DEBUG: <PixTest.cc/efficiencyMaps:L426> booking xray maps for unmasked detector
[12:27:20.663]    DEBUG: <PixTest.cc/efficiencyMaps:L396>       attempt #0
[12:27:21.329]     INFO: Expecting 41600 events.
[12:27:24.640]     INFO: 41600 events read in total (2785ms).
[12:27:24.643]     INFO: Test took 3980ms.
[12:27:24.694]     INFO: Fetched DAQ statistics. Counters are being reset now.
[12:27:24.694]    DEBUG: <PixTest.cc/efficiencyMaps:L407>  eff result size = 302679
[12:27:24.694]    DEBUG: <PixTest.cc/efficiencyMaps:L412> Create hists HR_xeff_CalDelScan_step12_C0 .. HR_xeff_CalDelScan_step12_C15
[12:27:24.695]    DEBUG: <PixTest.cc/efficiencyMaps:L426> booking xray maps for unmasked detector
[12:27:24.722]    DEBUG: <PixTest.cc/efficiencyMaps:L396>       attempt #0
[12:27:25.388]     INFO: Expecting 41600 events.
[12:27:28.690]     INFO: 41600 events read in total (2774ms).
[12:27:28.693]     INFO: Test took 3970ms.
[12:27:28.744]     INFO: Fetched DAQ statistics. Counters are being reset now.
[12:27:28.744]    DEBUG: <PixTest.cc/efficiencyMaps:L407>  eff result size = 302414
[12:27:28.745]    DEBUG: <PixTest.cc/efficiencyMaps:L412> Create hists HR_xeff_CalDelScan_step13_C0 .. HR_xeff_CalDelScan_step13_C15
[12:27:28.745]    DEBUG: <PixTest.cc/efficiencyMaps:L426> booking xray maps for unmasked detector
[12:27:28.774]    DEBUG: <PixTest.cc/efficiencyMaps:L396>       attempt #0
[12:27:29.439]     INFO: Expecting 41600 events.
[12:27:32.730]     INFO: 41600 events read in total (2764ms).
[12:27:32.733]     INFO: Test took 3959ms.
[12:27:32.784]     INFO: Fetched DAQ statistics. Counters are being reset now.
[12:27:32.784]    DEBUG: <PixTest.cc/efficiencyMaps:L407>  eff result size = 301713
[12:27:32.784]    DEBUG: <PixTest.cc/efficiencyMaps:L412> Create hists HR_xeff_CalDelScan_step14_C0 .. HR_xeff_CalDelScan_step14_C15
[12:27:32.784]    DEBUG: <PixTest.cc/efficiencyMaps:L426> booking xray maps for unmasked detector
[12:27:32.813]    DEBUG: <PixTest.cc/efficiencyMaps:L396>       attempt #0
[12:27:33.478]     INFO: Expecting 41600 events.
[12:27:36.786]     INFO: 41600 events read in total (2782ms).
[12:27:36.789]     INFO: Test took 3976ms.
[12:27:36.840]     INFO: Fetched DAQ statistics. Counters are being reset now.
[12:27:36.840]    DEBUG: <PixTest.cc/efficiencyMaps:L407>  eff result size = 303045
[12:27:36.840]    DEBUG: <PixTest.cc/efficiencyMaps:L412> Create hists HR_xeff_CalDelScan_step15_C0 .. HR_xeff_CalDelScan_step15_C15
[12:27:36.840]    DEBUG: <PixTest.cc/efficiencyMaps:L426> booking xray maps for unmasked detector
[12:27:36.868]    DEBUG: <PixTest.cc/efficiencyMaps:L396>       attempt #0
[12:27:37.533]     INFO: Expecting 41600 events.
[12:27:40.830]     INFO: 41600 events read in total (2769ms).
[12:27:40.833]     INFO: Test took 3965ms.
[12:27:40.884]     INFO: Fetched DAQ statistics. Counters are being reset now.
[12:27:40.884]    DEBUG: <PixTest.cc/efficiencyMaps:L407>  eff result size = 301949
[12:27:40.884]    DEBUG: <PixTest.cc/efficiencyMaps:L412> Create hists HR_xeff_CalDelScan_step16_C0 .. HR_xeff_CalDelScan_step16_C15
[12:27:40.884]    DEBUG: <PixTest.cc/efficiencyMaps:L426> booking xray maps for unmasked detector
[12:27:40.913]    DEBUG: <PixTest.cc/efficiencyMaps:L396>       attempt #0
[12:27:41.579]     INFO: Expecting 41600 events.
[12:27:44.866]     INFO: 41600 events read in total (2760ms).
[12:27:44.869]     INFO: Test took 3955ms.
[12:27:44.920]     INFO: Fetched DAQ statistics. Counters are being reset now.
[12:27:44.920]    DEBUG: <PixTest.cc/efficiencyMaps:L407>  eff result size = 303018
[12:27:44.920]    DEBUG: <PixTest.cc/efficiencyMaps:L412> Create hists HR_xeff_CalDelScan_step17_C0 .. HR_xeff_CalDelScan_step17_C15
[12:27:44.920]    DEBUG: <PixTest.cc/efficiencyMaps:L426> booking xray maps for unmasked detector
[12:27:44.949]    DEBUG: <PixTest.cc/efficiencyMaps:L396>       attempt #0
[12:27:45.614]     INFO: Expecting 41600 events.
[12:27:48.899]     INFO: 41600 events read in total (2759ms).
[12:27:48.901]     INFO: Test took 3952ms.
[12:27:48.952]     INFO: Fetched DAQ statistics. Counters are being reset now.
[12:27:48.952]    DEBUG: <PixTest.cc/efficiencyMaps:L407>  eff result size = 300132
[12:27:48.952]    DEBUG: <PixTest.cc/efficiencyMaps:L412> Create hists HR_xeff_CalDelScan_step18_C0 .. HR_xeff_CalDelScan_step18_C15
[12:27:48.953]    DEBUG: <PixTest.cc/efficiencyMaps:L426> booking xray maps for unmasked detector
[12:27:48.981]    DEBUG: <PixTest.cc/efficiencyMaps:L396>       attempt #0
[12:27:49.647]     INFO: Expecting 41600 events.
[12:27:52.796]     INFO: 41600 events read in total (2623ms).
[12:27:52.799]     INFO: Test took 3818ms.
[12:27:52.848]     INFO: Fetched DAQ statistics. Counters are being reset now.
[12:27:52.848]    DEBUG: <PixTest.cc/efficiencyMaps:L407>  eff result size = 294963
[12:27:52.848]    DEBUG: <PixTest.cc/efficiencyMaps:L412> Create hists HR_xeff_CalDelScan_step19_C0 .. HR_xeff_CalDelScan_step19_C15
[12:27:52.849]    DEBUG: <PixTest.cc/efficiencyMaps:L426> booking xray maps for unmasked detector
[12:27:53.137]    DEBUG: <PixTestHighRate.cc/doCalDelScan:L422> roc  0: caldel = 144 eff = 0.99976
[12:27:53.137]    DEBUG: <PixTestHighRate.cc/doCalDelScan:L422> roc  1: caldel = 165 eff = 0.999904
[12:27:53.138]    DEBUG: <PixTestHighRate.cc/doCalDelScan:L422> roc  2: caldel = 172 eff = 0.99976
[12:27:53.138]    DEBUG: <PixTestHighRate.cc/doCalDelScan:L422> roc  3: caldel = 159 eff = 0.999639
[12:27:53.138]    DEBUG: <PixTestHighRate.cc/doCalDelScan:L422> roc  4: caldel = 156 eff = 0.999543
[12:27:53.138]    DEBUG: <PixTestHighRate.cc/doCalDelScan:L422> roc  5: caldel = 150 eff = 0.999639
[12:27:53.139]    DEBUG: <PixTestHighRate.cc/doCalDelScan:L422> roc  6: caldel = 182 eff = 0.999688
[12:27:53.139]    DEBUG: <PixTestHighRate.cc/doCalDelScan:L422> roc  7: caldel = 168 eff = 0.999303
[12:27:53.139]    DEBUG: <PixTestHighRate.cc/doCalDelScan:L422> roc  8: caldel = 157 eff = 0.999543
[12:27:53.139]    DEBUG: <PixTestHighRate.cc/doCalDelScan:L422> roc  9: caldel = 167 eff = 0.999639
[12:27:53.140]    DEBUG: <PixTestHighRate.cc/doCalDelScan:L422> roc 10: caldel = 161 eff = 0.999471
[12:27:53.140]    DEBUG: <PixTestHighRate.cc/doCalDelScan:L422> roc 11: caldel = 151 eff = 0.999591
[12:27:53.140]    DEBUG: <PixTestHighRate.cc/doCalDelScan:L422> roc 12: caldel = 153 eff = 0.999615
[12:27:53.140]    DEBUG: <PixTestHighRate.cc/doCalDelScan:L422> roc 13: caldel = 190 eff = 0.999808
[12:27:53.141]    DEBUG: <PixTestHighRate.cc/doCalDelScan:L422> roc 14: caldel = 161 eff = 0.99988
[12:27:53.141]    DEBUG: <PixTestHighRate.cc/doCalDelScan:L422> roc 15: caldel = 174 eff = 0.999808
[12:28:19.309]    DEBUG: <PixTab.cc/buttonClicked:L308> xxxPressed():  xpixelalive
[12:28:19.309]    DEBUG: <PixTestHighRate.cc/runCommand:L157> running command: xpixelalive
[12:28:19.309]     INFO:    ----------------------------------------------------------------------
[12:28:19.309]     INFO:    PixTestHighRate::xPixelAlive() ntrig = 50, vcal = 200
[12:28:19.309]     INFO:    ----------------------------------------------------------------------
[12:28:19.309]    DEBUG: <PixTestHighRate.cc/doXPixelAlive:L451>  old set: clk: 4
[12:28:19.309]    DEBUG: <PixTestHighRate.cc/doXPixelAlive:L451>  old set: ctr: 4
[12:28:19.309]    DEBUG: <PixTestHighRate.cc/doXPixelAlive:L451>  old set: sda: 19
[12:28:19.309]    DEBUG: <PixTestHighRate.cc/doXPixelAlive:L451>  old set: tin: 9
[12:28:19.309]    DEBUG: <PixTestHighRate.cc/doXPixelAlive:L451>  old set: level: 15
[12:28:19.309]    DEBUG: <PixTestHighRate.cc/doXPixelAlive:L451>  old set: triggerdelay: 0
[12:28:19.309]    DEBUG: <PixTestHighRate.cc/doXPixelAlive:L467>  setting: clk: 4
[12:28:19.309]    DEBUG: <PixTestHighRate.cc/doXPixelAlive:L467>  setting: ctr: 4
[12:28:19.309]    DEBUG: <PixTestHighRate.cc/doXPixelAlive:L467>  setting: sda: 19
[12:28:19.309]    DEBUG: <PixTestHighRate.cc/doXPixelAlive:L467>  setting: tin: 9
[12:28:19.309]    DEBUG: <PixTestHighRate.cc/doXPixelAlive:L467>  setting: level: 15
[12:28:19.309]    DEBUG: <PixTestHighRate.cc/doXPixelAlive:L467>  setting: triggerdelay: 20
[12:28:19.346]    DEBUG: <PixTest.cc/efficiencyMaps:L396>       attempt #0
[12:28:20.014]     INFO: Expecting 208000 events.
[12:28:32.262]     INFO: 208000 events read in total (11721ms).
[12:28:32.270]     INFO: Test took 12924ms.
[12:28:32.485]     INFO: Fetched DAQ statistics. Counters are being reset now.
[12:28:32.485]    DEBUG: <PixTest.cc/efficiencyMaps:L407>  eff result size = 1239542
[12:28:32.485]    DEBUG: <PixTest.cc/efficiencyMaps:L412> Create hists highRate_C0 .. highRate_C15
[12:28:32.485]    DEBUG: <PixTest.cc/efficiencyMaps:L426> booking xray maps for unmasked detector
[12:28:32.805]     INFO: number of dead pixels (per ROC):     0    0    0    0    0    0    0    1    0    0    0    0    0    0    0    0
[12:28:32.805]     INFO: number of red-efficiency pixels:    48   46   76  128  160  157  103  132  126  131  122  128  130   45   43   53
[12:28:32.805]     INFO: number of X-ray hits detected:    46424 35636 56661 84486 92332 92591 90311 81121 93427 97257 93968 86973 86109 57536 34724 43427
[12:28:32.805]     INFO: number of triggers sent (total per ROC):  208000 208000 208000 208000 208000 208000 208000 208000 208000 208000 208000 208000 208000 208000 208000 208000
[12:28:32.805]     INFO: number of Vcal hits detected:  207952 207954 207923 207870 207837 207843 207874 207817 207872 207864 207875 207870 207869 207955 207956 207945
[12:28:32.805]     INFO: Vcal hit fiducial efficiency (%):  100.0 100.0 100.0 99.9 99.9 99.9 99.9 99.9 99.9 99.9 99.9 99.9 99.9 100.0 100.0 100.0
[12:28:32.805]     INFO: Vcal hit overall efficiency (%):  100.0 100.0 100.0 99.9 99.9 99.9 99.9 99.9 99.9 99.9 99.9 99.9 99.9 100.0 100.0 100.0
[12:28:32.805]     INFO: X-ray hit rate [MHz/cm2]:  13.6 10.4 16.6 24.8 27.1 27.1 26.5 23.8 27.4 28.5 27.5 25.5 25.2 16.9 10.2 12.7
[12:28:32.805]     INFO: PixTestHighRate::doXPixelAlive() done
[12:28:32.850]    DEBUG: <PixTestHighRate.cc/doXPixelAlive:L586>  resetting: clk: 4
[12:28:32.850]    DEBUG: <PixTestHighRate.cc/doXPixelAlive:L586>  resetting: ctr: 4
[12:28:32.850]    DEBUG: <PixTestHighRate.cc/doXPixelAlive:L586>  resetting: sda: 19
[12:28:32.850]    DEBUG: <PixTestHighRate.cc/doXPixelAlive:L586>  resetting: tin: 9
[12:28:32.850]    DEBUG: <PixTestHighRate.cc/doXPixelAlive:L586>  resetting: level: 15
[12:28:32.850]    DEBUG: <PixTestHighRate.cc/doXPixelAlive:L586>  resetting: triggerdelay: 0
[12:28:32.850]     INFO: PixTest::       pg_setup set to default.
[12:28:51.557]    DEBUG: <PixTest.cc/moduleMap:L1029> moduleMap histname: what
[12:28:51.557]    DEBUG: <PixTest.cc/moduleMap:L1039> h1->GetName() = highRate_xraymap_C13_V0 -> highRate_xraymap_mod
[12:28:53.525]    DEBUG: <PixGui.cc/handleButtons:L396> PixGui::exit called
[12:28:53.525]    DEBUG: <PixGui.cc/CloseWindow:L335> Final Analog Current: 386.7mA
[12:28:53.526]    DEBUG: <PixGui.cc/CloseWindow:L336> Final Digital Current: 473.5mA
[12:28:53.526]    DEBUG: <PixGui.cc/CloseWindow:L337> Final Module Temperature: 21.3 C
[12:28:53.526]    DEBUG: <PixTestBBMap.cc/~PixTestBBMap:L97> PixTestBBMap dtor
[12:28:53.526]    DEBUG: <PixTestBB2Map.cc/~PixTestBB2Map:L115> PixTestBB2Map dtor
[12:28:53.526]    DEBUG: <PixTestBB3Map.cc/~PixTestBB3Map:L99> PixTestBB3Map dtor
[12:28:53.526]    DEBUG: <PixTestBB4Map.cc/~PixTestBB4Map:L118> PixTestBB4Map dtor
[12:28:53.526]    DEBUG: <PixTestCmd.cc/~PixTestCmd:L78> PixTestCmd dtor
[12:28:53.527]    DEBUG: <PixTestDaq.cc/~PixTestDaq:L37> PixTestDaq dtor
[12:28:53.527]    DEBUG: <PixTestDacDacScan.cc/~PixTestDacDacScan:L136> PixTestDacDacScan dtor
[12:28:53.527]    DEBUG: <PixTestDacScan.cc/~PixTestDacScan:L129> PixTestDacScan dtor
[12:28:53.527]    DEBUG: <PixTestGainPedestal.cc/~PixTestGainPedestal:L125> PixTestGainPedestal dtor
[12:28:53.527]    DEBUG: <PixTestHighRate.cc/~PixTestHighRate:L245> PixTestHighRate dtor
[12:28:53.617]    DEBUG: <PixTestIV.cc/~PixTestIV:L96> PixTestIV dtor
[12:28:53.617]    DEBUG: <PixTestAlive.cc/~PixTestAlive:L109> PixTestAlive dtor
[12:28:53.617]    DEBUG: <PixTestPretest.cc/~PixTestPretest:L136> PixTestPretest dtor
[12:28:53.617]    DEBUG: <PixTestReadback.cc/~PixTestReadback:L89> PixTestReadback dtor, saving tree ... 
[12:28:53.617]    DEBUG: <PixTestScurves.cc/~PixTestScurves:L142> PixTestScurves dtor
[12:28:53.617]    DEBUG: <PixTestTiming.cc/~PixTestTiming:L97> PixTestTiming dtor
[12:28:53.617]    DEBUG: <PixTestTrim.cc/~PixTestTrim:L103> PixTestTrim dtor
[12:28:53.617]    DEBUG: <PixTestXray.cc/~PixTestXray:L217> PixTestXray dtor
[12:28:53.620]    QUIET: Connection to board 58 closed.
[12:28:53.700]    DEBUG: <PixMonitor.cc/dumpSummaries:L39> PixMonitor::dumpSummaries
