High Rate Efficency Log File Module: mh116

Double Column's with Efficency < 90 % 
Eff at 120MHz/cm^2 : ROC : 0 Eff: 0.929816 +/- 0.0674995
Eff at 120MHz/cm^2 : ROC : 1 Eff: 0.989781 +/- 0.00318943
Eff at 120MHz/cm^2 : ROC : 2 Eff: 0.993626 +/- 0.000657952
Eff at 120MHz/cm^2 : ROC : 3 Eff: 0.993209 +/- 0.000528565
Eff at 120MHz/cm^2 : ROC : 4 Eff: 0.993201 +/- 0.000415071
Eff at 120MHz/cm^2 : ROC : 5 Eff: 0.99321 +/- 0.00042425
Eff at 120MHz/cm^2 : ROC : 6 Eff: 0.993468 +/- 0.000431428
Eff at 120MHz/cm^2 : ROC : 7 Eff: 0.993235 +/- 0.000420538
Eff at 120MHz/cm^2 : ROC : 8 Eff: 0.993724 +/- 0.000347783
Eff at 120MHz/cm^2 : ROC : 9 Eff: 0.993658 +/- 0.000352905
Eff at 120MHz/cm^2 : ROC : 10 Eff: 0.993694 +/- 0.000340358
Eff at 120MHz/cm^2 : ROC : 11 Eff: 0.993358 +/- 0.000442195
Eff at 120MHz/cm^2 : ROC : 12 Eff: 0.993311 +/- 0.000462407
Eff at 120MHz/cm^2 : ROC : 13 Eff: 0.993559 +/- 0.000602716
Eff at 120MHz/cm^2 : ROC : 14 Eff: 0.932649 +/- 0.0432196
Eff at 120MHz/cm^2 : ROC : 15 Eff: 0.993151 +/- 0.00360714
High Rate Run: hr
Efficency at 120MHz/cm^2 : mh116 Eff: 0.993431 +/- 0.000121352
