[17:23:46.057]     INFO: *** Welcome to pxar ***
[17:23:46.057]     INFO: *** Today: 2016/02/11
[17:23:46.076]     INFO: *** Version: prod-12-105-g46f2
[17:23:46.076]     INFO: readRocDacs: ./data/mg202/dacParameters35_C0.dat .. ./data/mg202/dacParameters35_C15.dat
[17:23:46.078]     INFO: readTbmDacs: ./data/mg202/tbmParameters_C0a.dat .. ./data/mg202/tbmParameters_C0b.dat
[17:23:46.078]     INFO: readMaskFile: ./data/mg202/defaultMaskFile.dat
[17:23:46.078]     INFO: readTrimFile: ./data/mg202/trimParameters35_C0.dat .. ./data/mg202/trimParameters35_C15.dat
[17:23:46.238]     INFO:         clk: 4
[17:23:46.238]     INFO:         ctr: 4
[17:23:46.238]     INFO:         sda: 19
[17:23:46.238]     INFO:         tin: 9
[17:23:46.238]     INFO:         level: 15
[17:23:46.238]     INFO:         triggerdelay: 0
[17:23:46.238]    QUIET: Instanciating API for pxar prod-12
[17:23:46.238]     INFO: Log level: DEBUG
[17:23:46.249]    QUIET: Connection to board DTB_WRPRHI opened.
[17:23:46.252]     INFO: DTB startup information
--- DTB info------------------------------------------
Board id:    58
HW version:  DTB1.2
FW version:  4.2
SW version:  4.5
USB id:      DTB_WRPRHI
MAC address: 40D85511803A
Hostname:    pixelDTB058
Comment:     
------------------------------------------------------
[17:23:46.255]     INFO: RPC call hashes of host and DTB match: 398089610
[17:23:47.859]     INFO: DUT info: 
[17:23:47.859]     INFO: The DUT currently contains the following objects:
[17:23:47.859]     INFO:  2 TBM Cores tbm08c (2 ON)
[17:23:47.859]     INFO: 	TBM Core alpha (0): 7 registers set
[17:23:47.859]     INFO: 	TBM Core beta  (1): 7 registers set
[17:23:47.859]     INFO: 16 ROCs psi46digv21respin (16 ON) with 4160 pixelConfigs
[17:23:47.859]     INFO: 	ROC 0: 19 DACs set, Pixels: 0 masked, 0 active.
[17:23:47.859]     INFO: 	ROC 1: 19 DACs set, Pixels: 0 masked, 0 active.
[17:23:47.859]     INFO: 	ROC 2: 19 DACs set, Pixels: 0 masked, 0 active.
[17:23:47.859]     INFO: 	ROC 3: 19 DACs set, Pixels: 0 masked, 0 active.
[17:23:47.859]     INFO: 	ROC 4: 19 DACs set, Pixels: 0 masked, 0 active.
[17:23:47.859]     INFO: 	ROC 5: 19 DACs set, Pixels: 0 masked, 0 active.
[17:23:47.859]     INFO: 	ROC 6: 19 DACs set, Pixels: 0 masked, 0 active.
[17:23:47.859]     INFO: 	ROC 7: 19 DACs set, Pixels: 0 masked, 0 active.
[17:23:47.859]     INFO: 	ROC 8: 19 DACs set, Pixels: 0 masked, 0 active.
[17:23:47.859]     INFO: 	ROC 9: 19 DACs set, Pixels: 0 masked, 0 active.
[17:23:47.860]     INFO: 	ROC 10: 19 DACs set, Pixels: 0 masked, 0 active.
[17:23:47.860]     INFO: 	ROC 11: 19 DACs set, Pixels: 0 masked, 0 active.
[17:23:47.860]     INFO: 	ROC 12: 19 DACs set, Pixels: 0 masked, 0 active.
[17:23:47.860]     INFO: 	ROC 13: 19 DACs set, Pixels: 0 masked, 0 active.
[17:23:47.860]     INFO: 	ROC 14: 19 DACs set, Pixels: 0 masked, 0 active.
[17:23:47.860]     INFO: 	ROC 15: 19 DACs set, Pixels: 0 masked, 0 active.
[17:23:47.860]    DEBUG: <PixTestParameters.cc/dump:L104> PixTestParameters: ->BB<-
[17:23:47.860]    DEBUG: <PixTestParameters.cc/dump:L107>   dumpall: checkbox(0)
[17:23:47.860]    DEBUG: <PixTestParameters.cc/dump:L107>   dumpproblematic: checkbox(0)
[17:23:47.860]    DEBUG: <PixTestParameters.cc/dump:L107>   ntrig: 5
[17:23:47.860]    DEBUG: <PixTestParameters.cc/dump:L107>   vcals: 250
[17:23:47.860]    DEBUG: <PixTestParameters.cc/dump:L104> PixTestParameters: ->BB2<-
[17:23:47.860]    DEBUG: <PixTestParameters.cc/dump:L107>   ntrig: 10
[17:23:47.860]    DEBUG: <PixTestParameters.cc/dump:L107>   vcals: 222
[17:23:47.860]    DEBUG: <PixTestParameters.cc/dump:L107>   plwidth: 35
[17:23:47.860]    DEBUG: <PixTestParameters.cc/dump:L107>   pix: 11,20
[17:23:47.860]    DEBUG: <PixTestParameters.cc/dump:L107>   targetia: 24
[17:23:47.860]    DEBUG: <PixTestParameters.cc/dump:L104> PixTestParameters: ->BB3<-
[17:23:47.860]    DEBUG: <PixTestParameters.cc/dump:L107>   dumpall: checkbox(0)
[17:23:47.860]    DEBUG: <PixTestParameters.cc/dump:L107>   dumpproblematic: checkbox(0)
[17:23:47.860]    DEBUG: <PixTestParameters.cc/dump:L107>   ntrig: 5
[17:23:47.860]    DEBUG: <PixTestParameters.cc/dump:L107>   vcals: 250
[17:23:47.860]    DEBUG: <PixTestParameters.cc/dump:L104> PixTestParameters: ->BB4<-
[17:23:47.860]    DEBUG: <PixTestParameters.cc/dump:L107>   savecaldelscan: checkbox(0)
[17:23:47.860]    DEBUG: <PixTestParameters.cc/dump:L107>   ntrig: 100
[17:23:47.860]    DEBUG: <PixTestParameters.cc/dump:L107>   cals: 1
[17:23:47.860]    DEBUG: <PixTestParameters.cc/dump:L107>   caldello: 80
[17:23:47.860]    DEBUG: <PixTestParameters.cc/dump:L107>   caldelhi: 200
[17:23:47.860]    DEBUG: <PixTestParameters.cc/dump:L107>   caldelstep: 10
[17:23:47.860]    DEBUG: <PixTestParameters.cc/dump:L107>   vthrcomplo: 70
[17:23:47.860]    DEBUG: <PixTestParameters.cc/dump:L107>   vthrcomphi: 130
[17:23:47.861]    DEBUG: <PixTestParameters.cc/dump:L107>   vthrcompstep: 5
[17:23:47.861]    DEBUG: <PixTestParameters.cc/dump:L107>   noisypixels: 10
[17:23:47.861]    DEBUG: <PixTestParameters.cc/dump:L107>   vcal: 255
[17:23:47.861]    DEBUG: <PixTestParameters.cc/dump:L107>   cut: 0.5
[17:23:47.861]    DEBUG: <PixTestParameters.cc/dump:L104> PixTestParameters: ->Cmd<-
[17:23:47.861]    DEBUG: <PixTestParameters.cc/dump:L104> PixTestParameters: ->DAQ<-
[17:23:47.861]    DEBUG: <PixTestParameters.cc/dump:L107>   delaytbm: checkbox
[17:23:47.861]    DEBUG: <PixTestParameters.cc/dump:L107>   filltree: checkbox
[17:23:47.861]    DEBUG: <PixTestParameters.cc/dump:L107>   trgfrequency(khz): 100
[17:23:47.861]    DEBUG: <PixTestParameters.cc/dump:L107>   maskhotpixels: button
[17:23:47.861]    DEBUG: <PixTestParameters.cc/dump:L107>   trgnumber: 5
[17:23:47.861]    DEBUG: <PixTestParameters.cc/dump:L107>   iterations: 10
[17:23:47.861]    DEBUG: <PixTestParameters.cc/dump:L107>   rundaqtrg: button
[17:23:47.861]    DEBUG: <PixTestParameters.cc/dump:L107>   daqseconds: 5
[17:23:47.861]    DEBUG: <PixTestParameters.cc/dump:L107>   rundaqseconds: button
[17:23:47.861]    DEBUG: <PixTestParameters.cc/dump:L104> PixTestParameters: ->DacDacScan<-
[17:23:47.861]    DEBUG: <PixTestParameters.cc/dump:L107>   phmap: checkbox
[17:23:47.861]    DEBUG: <PixTestParameters.cc/dump:L107>   ntrig: 10
[17:23:47.861]    DEBUG: <PixTestParameters.cc/dump:L107>   dac1: caldel
[17:23:47.861]    DEBUG: <PixTestParameters.cc/dump:L107>   dac1lo: 0
[17:23:47.861]    DEBUG: <PixTestParameters.cc/dump:L107>   dac1hi: 255
[17:23:47.861]    DEBUG: <PixTestParameters.cc/dump:L107>   dac2: vthrcomp
[17:23:47.861]    DEBUG: <PixTestParameters.cc/dump:L107>   dac2lo: 0
[17:23:47.861]    DEBUG: <PixTestParameters.cc/dump:L107>   dac2hi: 255
[17:23:47.861]    DEBUG: <PixTestParameters.cc/dump:L107>   pix: 11,20
[17:23:47.861]    DEBUG: <PixTestParameters.cc/dump:L104> PixTestParameters: ->DacScan<-
[17:23:47.861]    DEBUG: <PixTestParameters.cc/dump:L107>   phmap: checkbox(1)
[17:23:47.861]    DEBUG: <PixTestParameters.cc/dump:L107>   allpixels: checkbox(0)
[17:23:47.861]    DEBUG: <PixTestParameters.cc/dump:L107>   unmasked: checkbox(0)
[17:23:47.861]    DEBUG: <PixTestParameters.cc/dump:L107>   ntrig: 10
[17:23:47.861]    DEBUG: <PixTestParameters.cc/dump:L107>   dac: vcal
[17:23:47.861]    DEBUG: <PixTestParameters.cc/dump:L107>   daclo: 0
[17:23:47.861]    DEBUG: <PixTestParameters.cc/dump:L107>   dachi: 255
[17:23:47.861]    DEBUG: <PixTestParameters.cc/dump:L107>   pix: 11,20
[17:23:47.861]    DEBUG: <PixTestParameters.cc/dump:L104> PixTestParameters: ->GainPedestal<-
[17:23:47.861]    DEBUG: <PixTestParameters.cc/dump:L107>   showfits: checkbox(0)
[17:23:47.861]    DEBUG: <PixTestParameters.cc/dump:L107>   extended: checkbox(0)
[17:23:47.861]    DEBUG: <PixTestParameters.cc/dump:L107>   dumphists: checkbox(0)
[17:23:47.861]    DEBUG: <PixTestParameters.cc/dump:L107>   ntrig: 10
[17:23:47.861]    DEBUG: <PixTestParameters.cc/dump:L107>   vcalstep: 10
[17:23:47.861]    DEBUG: <PixTestParameters.cc/dump:L107>   measure: button
[17:23:47.861]    DEBUG: <PixTestParameters.cc/dump:L107>   fit: button
[17:23:47.861]    DEBUG: <PixTestParameters.cc/dump:L107>   save: button
[17:23:47.861]    DEBUG: <PixTestParameters.cc/dump:L104> PixTestParameters: ->HighRate<-
[17:23:47.861]    DEBUG: <PixTestParameters.cc/dump:L107>   pix: 11,20
[17:23:47.861]    DEBUG: <PixTestParameters.cc/dump:L107>   trimhotpixels: button
[17:23:47.861]    DEBUG: <PixTestParameters.cc/dump:L107>   trimhotpixelthr: 200
[17:23:47.861]    DEBUG: <PixTestParameters.cc/dump:L107>   runsecondshotpixels: 10
[17:23:47.861]    DEBUG: <PixTestParameters.cc/dump:L107>   savetrimbits: checkbox(1)
[17:23:47.861]    DEBUG: <PixTestParameters.cc/dump:L107>   maskuntrimmable: checkbox(1)
[17:23:47.861]    DEBUG: <PixTestParameters.cc/dump:L107>   maskhotpixels: button
[17:23:47.861]    DEBUG: <PixTestParameters.cc/dump:L107>   savemaskfile: checkbox(0)
[17:23:47.861]    DEBUG: <PixTestParameters.cc/dump:L107>   maskfilename: default
[17:23:47.861]    DEBUG: <PixTestParameters.cc/dump:L107>   caldelscan: button
[17:23:47.861]    DEBUG: <PixTestParameters.cc/dump:L107>   xpixelalive: button
[17:23:47.861]    DEBUG: <PixTestParameters.cc/dump:L107>   ntrig: 50
[17:23:47.861]    DEBUG: <PixTestParameters.cc/dump:L107>   vcal: 200
[17:23:47.861]    DEBUG: <PixTestParameters.cc/dump:L107>   xnoisemaps: button
[17:23:47.861]    DEBUG: <PixTestParameters.cc/dump:L107>   daclo: 0
[17:23:47.862]    DEBUG: <PixTestParameters.cc/dump:L107>   dachi: 100
[17:23:47.862]    DEBUG: <PixTestParameters.cc/dump:L107>   dacs/step: 20
[17:23:47.862]    DEBUG: <PixTestParameters.cc/dump:L107>   rundaq: button
[17:23:47.862]    DEBUG: <PixTestParameters.cc/dump:L107>   trgfrequency(khz): 20
[17:23:47.862]    DEBUG: <PixTestParameters.cc/dump:L107>   runseconds: 2
[17:23:47.862]    DEBUG: <PixTestParameters.cc/dump:L107>   triggerdelay: 20
[17:23:47.862]    DEBUG: <PixTestParameters.cc/dump:L107>   delaytbm: checkbox
[17:23:47.862]    DEBUG: <PixTestParameters.cc/dump:L107>   filltree: checkbox
[17:23:47.862]    DEBUG: <PixTestParameters.cc/dump:L104> PixTestParameters: ->IV<-
[17:23:47.862]    DEBUG: <PixTestParameters.cc/dump:L107>   port: /dev/FIXME
[17:23:47.862]    DEBUG: <PixTestParameters.cc/dump:L107>   voltagestart: 0
[17:23:47.862]    DEBUG: <PixTestParameters.cc/dump:L107>   voltagestop: 600
[17:23:47.862]    DEBUG: <PixTestParameters.cc/dump:L107>   voltagestep: 5
[17:23:47.862]    DEBUG: <PixTestParameters.cc/dump:L107>   delay: 1
[17:23:47.862]    DEBUG: <PixTestParameters.cc/dump:L107>   compliance(ua): 100
[17:23:47.862]    DEBUG: <PixTestParameters.cc/dump:L104> PixTestParameters: ->PhOptimization<-
[17:23:47.862]    DEBUG: <PixTestParameters.cc/dump:L107>   ntrig: 10
[17:23:47.862]    DEBUG: <PixTestParameters.cc/dump:L107>   safetymarginlow: 20
[17:23:47.862]    DEBUG: <PixTestParameters.cc/dump:L107>   saturationvcal: 100
[17:23:47.862]    DEBUG: <PixTestParameters.cc/dump:L107>   quantilesaturation: 0.98
[17:23:47.862]    DEBUG: <PixTestParameters.cc/dump:L104> PixTestParameters: ->PixelAlive<-
[17:23:47.862]    DEBUG: <PixTestParameters.cc/dump:L107>   ntrig: 10
[17:23:47.862]    DEBUG: <PixTestParameters.cc/dump:L107>   vcal: 200
[17:23:47.862]    DEBUG: <PixTestParameters.cc/dump:L107>   alivetest: button
[17:23:47.862]    DEBUG: <PixTestParameters.cc/dump:L107>   masktest: button
[17:23:47.862]    DEBUG: <PixTestParameters.cc/dump:L107>   addressdecodingtest: button
[17:23:47.862]    DEBUG: <PixTestParameters.cc/dump:L104> PixTestParameters: ->Pretest<-
[17:23:47.862]    DEBUG: <PixTestParameters.cc/dump:L107>   programroc: button
[17:23:47.862]    DEBUG: <PixTestParameters.cc/dump:L107>   targetia: 24
[17:23:47.862]    DEBUG: <PixTestParameters.cc/dump:L107>   setvana: button
[17:23:47.862]    DEBUG: <PixTestParameters.cc/dump:L107>   iterations: 100
[17:23:47.862]    DEBUG: <PixTestParameters.cc/dump:L107>   settimings: button
[17:23:47.862]    DEBUG: <PixTestParameters.cc/dump:L107>   findtiming: button
[17:23:47.862]    DEBUG: <PixTestParameters.cc/dump:L107>   findworkingpixel: button
[17:23:47.862]    DEBUG: <PixTestParameters.cc/dump:L107>   setvthrcompcaldel: button
[17:23:47.862]    DEBUG: <PixTestParameters.cc/dump:L107>   pix: 11,20
[17:23:47.862]    DEBUG: <PixTestParameters.cc/dump:L107>   vcal: 250
[17:23:47.862]    DEBUG: <PixTestParameters.cc/dump:L107>   deltavthrcomp: 50
[17:23:47.862]    DEBUG: <PixTestParameters.cc/dump:L107>   fraccaldel: 0.5
[17:23:47.862]    DEBUG: <PixTestParameters.cc/dump:L107>   ntrig: 5
[17:23:47.862]    DEBUG: <PixTestParameters.cc/dump:L107>   savedacs: button
[17:23:47.862]    DEBUG: <PixTestParameters.cc/dump:L104> PixTestParameters: ->Readback<-
[17:23:47.862]    DEBUG: <PixTestParameters.cc/dump:L107>   calibratevd: button
[17:23:47.862]    DEBUG: <PixTestParameters.cc/dump:L107>   calibrateva: button
[17:23:47.862]    DEBUG: <PixTestParameters.cc/dump:L107>   calibrateia: button
[17:23:47.862]    DEBUG: <PixTestParameters.cc/dump:L107>   readbackvbg: button
[17:23:47.862]    DEBUG: <PixTestParameters.cc/dump:L107>   getcalibratedvbg: button
[17:23:47.862]    DEBUG: <PixTestParameters.cc/dump:L107>   usecalvd: checkbox(1)
[17:23:47.862]    DEBUG: <PixTestParameters.cc/dump:L107>   usecalva: checkbox(0)
[17:23:47.862]    DEBUG: <PixTestParameters.cc/dump:L107>   setvana: button
[17:23:47.862]    DEBUG: <PixTestParameters.cc/dump:L104> PixTestParameters: ->Scurves<-
[17:23:47.862]    DEBUG: <PixTestParameters.cc/dump:L107>   adjustvcal: checkbox(0)
[17:23:47.862]    DEBUG: <PixTestParameters.cc/dump:L107>   dumpall: checkbox(0)
[17:23:47.862]    DEBUG: <PixTestParameters.cc/dump:L107>   dumpproblematic: checkbox(0)
[17:23:47.862]    DEBUG: <PixTestParameters.cc/dump:L107>   dumpoutputfile: checkbox(0)
[17:23:47.862]    DEBUG: <PixTestParameters.cc/dump:L107>   ntrig: 50
[17:23:47.862]    DEBUG: <PixTestParameters.cc/dump:L107>   dac: Vcal
[17:23:47.862]    DEBUG: <PixTestParameters.cc/dump:L107>   daclo: 0
[17:23:47.863]    DEBUG: <PixTestParameters.cc/dump:L107>   dachi: 200
[17:23:47.863]    DEBUG: <PixTestParameters.cc/dump:L107>   dacs/step: -1
[17:23:47.863]    DEBUG: <PixTestParameters.cc/dump:L107>   ntrig/step: -1
[17:23:47.863]    DEBUG: <PixTestParameters.cc/dump:L107>   scurves: button
[17:23:47.863]    DEBUG: <PixTestParameters.cc/dump:L104> PixTestParameters: ->Timing<-
[17:23:47.863]    DEBUG: <PixTestParameters.cc/dump:L107>   targetclk: 4
[17:23:47.863]    DEBUG: <PixTestParameters.cc/dump:L107>   ntrig: 10
[17:23:47.863]    DEBUG: <PixTestParameters.cc/dump:L107>   clocksdascan: button
[17:23:47.863]    DEBUG: <PixTestParameters.cc/dump:L107>   notokenpass: checkbox(0)
[17:23:47.863]    DEBUG: <PixTestParameters.cc/dump:L107>   phasescan: button
[17:23:47.863]    DEBUG: <PixTestParameters.cc/dump:L107>   levelscan: button
[17:23:47.863]    DEBUG: <PixTestParameters.cc/dump:L107>   tbmphasescan: button
[17:23:47.863]    DEBUG: <PixTestParameters.cc/dump:L107>   rocdelayscan: button
[17:23:47.863]    DEBUG: <PixTestParameters.cc/dump:L107>   timingtest: button
[17:23:47.863]    DEBUG: <PixTestParameters.cc/dump:L107>   saveparameters: button
[17:23:47.863]    DEBUG: <PixTestParameters.cc/dump:L104> PixTestParameters: ->Trim<-
[17:23:47.863]    DEBUG: <PixTestParameters.cc/dump:L107>   trim: button
[17:23:47.863]    DEBUG: <PixTestParameters.cc/dump:L107>   ntrig: 8
[17:23:47.863]    DEBUG: <PixTestParameters.cc/dump:L107>   vcal: 35
[17:23:47.863]    DEBUG: <PixTestParameters.cc/dump:L107>   trimbits: button
[17:23:47.863]    DEBUG: <PixTestParameters.cc/dump:L104> PixTestParameters: ->Xray<-
[17:23:47.863]    DEBUG: <PixTestParameters.cc/dump:L107>   maskhotpixels: button
[17:23:47.863]    DEBUG: <PixTestParameters.cc/dump:L107>   savemaskfile: checkbox(0)
[17:23:47.863]    DEBUG: <PixTestParameters.cc/dump:L107>   maskfilename: default
[17:23:47.863]    DEBUG: <PixTestParameters.cc/dump:L107>   source: Ag
[17:23:47.863]    DEBUG: <PixTestParameters.cc/dump:L107>   phrun: button
[17:23:47.863]    DEBUG: <PixTestParameters.cc/dump:L107>   runseconds: 100
[17:23:47.863]    DEBUG: <PixTestParameters.cc/dump:L107>   trgfrequency(khz): 100
[17:23:47.863]    DEBUG: <PixTestParameters.cc/dump:L107>   ratescan: button
[17:23:47.863]    DEBUG: <PixTestParameters.cc/dump:L107>   vthrcompmin: 10
[17:23:47.863]    DEBUG: <PixTestParameters.cc/dump:L107>   vthrcompmax: 80
[17:23:47.863]    DEBUG: <PixTestParameters.cc/dump:L107>   stepseconds: 5
[17:23:47.863]    DEBUG: <PixTestParameters.cc/dump:L107>   delaytbm: checkbox
[17:23:47.863]    DEBUG: <PixTestParameters.cc/dump:L107>   filltree: checkbox
[17:23:47.865]    DEBUG: <PixSetup.cc/init:L81> PixSetup init start; getCurrentRSS() = 30355456
[17:23:47.865]    DEBUG: <PixSetup.cc/init:L87> fPixTestParameters = 0x210a7c0
[17:23:47.865]    DEBUG: <PixSetup.cc/init:L88>  fConfigParameters = 0x2098c40
[17:23:47.865]    DEBUG: <PixSetup.cc/init:L89>        fPxarMemory = 0x7f9ad9d94010
[17:23:47.865]    DEBUG: <PixSetup.cc/init:L90>         fPxarMemHi = 0x7f9adffff510
[17:23:47.865]    DEBUG: <PixSetup.cc/init:L106> PixSetup init done;  getCurrentRSS() = 30363648 fPxarMemory = 0x7f9ad9d94010
[17:23:47.867]    DEBUG: <pXar.cc/main:L223> Initial Analog Current: 380.2mA
[17:23:47.868]    DEBUG: <pXar.cc/main:L224> Initial Digital Current: 470.3mA
[17:23:47.868]    DEBUG: <pXar.cc/main:L225> Initial Module Temperature: -0.2 C
[17:23:48.364]    DEBUG: <PixGui.cc/hvOn:L460> HV set On: 0x26e13c0
[17:23:48.427]    DEBUG: <PixTestFactory.cc/PixTestFactory:L53> PixTestFactory::PixTestFactory()
[17:23:48.427]    DEBUG: <PixTestBBMap.cc/init:L79> PixTestBBMap::init()
[17:23:48.428]    DEBUG: <PixTestBBMap.cc/PixTestBBMap:L27> PixTestBBMap ctor(PixSetup &a, string, TGTab *)
[17:23:48.433]    DEBUG: <PixTestBB2Map.cc/setParameter:L58> setting fTargetIa    = 24 mA/ROC
[17:23:48.433]    DEBUG: <PixTestBB2Map.cc/init:L97> PixTestBB2Map::init()
[17:23:48.433]    DEBUG: <PixTestBB2Map.cc/PixTestBB2Map:L29> PixTestBB2Map ctor(PixSetup &a, string, TGTab *)
[17:23:48.445]    DEBUG: <PixTestBB3Map.cc/init:L81> PixTestBB3Map::init()
[17:23:48.445]    DEBUG: <PixTestBB3Map.cc/PixTestBB3Map:L29> PixTestBB3Map ctor(PixSetup &a, string, TGTab *)
[17:23:48.464]    DEBUG: <PixTestBB4Map.cc/init:L93> PixTestBB4Map::init()
[17:23:48.464]    DEBUG: <PixTestBB4Map.cc/PixTestBB4Map:L26> PixTestMapeff ctor(PixSetup &a, string, TGTab *)
[17:23:48.473]     INFO: PixTestCmd::init()
[17:23:48.479]    DEBUG: <PixTestDaq.cc/init:L44> PixTestDaq::init()
[17:23:48.479]    DEBUG: <PixTestDaq.cc/PixTestDaq:L22> PixTestDaq ctor(PixSetup &a, string, TGTab *)
[17:23:48.479]     INFO: readGainPedestalParameters ./data/mg202/phCalibrationFitErr35_C0.dat .. ./data/mg202/phCalibrationFitErr35_C15.dat
[17:23:48.724]    DEBUG: <PixTestDacDacScan.cc/init:L103> PixTestDacDacScan::init()
[17:23:48.724]    DEBUG: <PixTestDacDacScan.cc/PixTestDacDacScan:L22> PixTestDacDacScan ctor(PixSetup &a, string, TGTab *)
[17:23:48.739]    DEBUG: <PixTestGainPedestal.cc/setParameter:L83> PixTestGainPedestal::PixTest() fVcalStep = 10
[17:23:48.745]    DEBUG: <PixTestHighRate.cc/setParameter:L68>   setting fParTriggerFrequency -> 20
[17:23:48.745]    DEBUG: <PixTestHighRate.cc/init:L198> PixTestHighRate::init()
[17:23:48.745]    DEBUG: <PixTestHighRate.cc/PixTestHighRate:L31> PixTestHighRate ctor(PixSetup &a, string, TGTab *)
[17:23:48.769]    DEBUG: <PixTest.cc/setTestParameter:L637>  setting  ntrig to new value 10
[17:23:48.769]    DEBUG: <PixTestPhOptimization.cc/setParameter:L37>   setting fParNtrig  ->10<- from sval = 10
[17:23:48.769]    DEBUG: <PixTestPhOptimization.cc/setParameter:L42>   setting fSafetyMarginLow  ->20<- from sval = 20
[17:23:48.769]    DEBUG: <PixTestPhOptimization.cc/setParameter:L48>   setting fVcalMax  ->100<- from sval = 100
[17:23:48.769]    DEBUG: <PixTestPhOptimization.cc/setParameter:L53>   setting fQuantMax  ->0.98<- from sval = 0.98
[17:23:48.778]    DEBUG: <PixTestAlive.cc/init:L77> PixTestAlive::init()
[17:23:48.778]    DEBUG: <PixTestAlive.cc/PixTestAlive:L21> PixTestAlive ctor(PixSetup &a, string, TGTab *)
[17:23:48.798]    DEBUG: <PixTestReadback.cc/setParameter:L172> fCalwVd set to 1
[17:23:48.798]    DEBUG: <PixTestReadback.cc/init:L95> PixTestReadback::init()
[17:23:48.798]    DEBUG: <PixTestReadback.cc/PixTestReadback:L22> PixTestReadback ctor(PixSetup &a, string, TGTab *)
[17:23:48.798]     INFO: readReadbackCal: ./data/mg202/readbackCal_C0.dat .. ./data/mg202/readbackCal_C15.dat
[17:23:48.807]    DEBUG: <PixTestScurves.cc/setParameter:L93> set fOutputFilename = 
[17:23:48.815]    DEBUG: <PixTestTiming.cc/setParameter:L60> PixTestTiming::PixTest() targetclk = 4
[17:23:48.815]    DEBUG: <PixTestTiming.cc/setParameter:L64> PixTestTiming::PixTest() ntrig = 10
[17:23:48.815]    DEBUG: <PixTestTiming.cc/setParameter:L48> fNoTokenPass: 0
[17:23:48.816]    DEBUG: <PixTestTiming.cc/init:L74> PixTestTiming::init()
[17:23:48.834]    DEBUG: <PixTestXray.cc/init:L134> PixTestXray::init()
[17:23:48.834]    DEBUG: <PixTestXray.cc/PixTestXray:L28> PixTestXray ctor(PixSetup &a, string, TGTab *)
[17:23:56.134]    DEBUG: <PixTab.cc/setParameter:L391> xxxPressed():  ID = 1 -> source to value In
[17:23:59.534]    DEBUG: <PixTab.cc/setParameter:L391> xxxPressed():  ID = 2 -> runseconds to value 119
[17:24:00.854]     INFO: ######################################################################
[17:24:00.854]     INFO: PixTestXray::doTest()
[17:24:00.854]     INFO: ######################################################################
[17:24:00.854]     INFO:    ----------------------------------------------------------------------
[17:24:00.854]     INFO:    PixTestXray::doPhRun() fParRunSeconds = 119
[17:24:00.854]     INFO:    ----------------------------------------------------------------------
[17:24:01.829]     INFO: PixTestXray::doPhRun start TriggerLoop with trigger frequency 100 kHz, period 405 and duration 119 seconds,  fEventsMax = 11900000
[17:24:18.957]     INFO: run duration 17 seconds, buffer almost full (81%), pausing triggers.
[17:24:18.961]    DEBUG: <PixTestXray.cc/processData:L739> Getting Event Buffer
[17:24:46.421]    DEBUG: <PixTestXray.cc/processData:L757> Processing Data: 1687596 events.
[17:24:46.430]    DEBUG: <PixTestXray.cc/processData:L808>  # events read: 1687596, pixels seen in all events:   0
[17:24:46.516]     INFO: Resuming triggers.
[17:25:03.646]     INFO: run duration 34 seconds, buffer almost full (81%), pausing triggers.
[17:25:03.664]    DEBUG: <PixTestXray.cc/processData:L739> Getting Event Buffer
[17:25:31.033]    DEBUG: <PixTestXray.cc/processData:L757> Processing Data: 1687584 events.
[17:25:31.042]    DEBUG: <PixTestXray.cc/processData:L808>  # events read: 1687584, pixels seen in all events:   0
[17:25:31.179]     INFO: Resuming triggers.
[17:25:48.309]     INFO: run duration 51 seconds, buffer almost full (81%), pausing triggers.
[17:25:48.326]    DEBUG: <PixTestXray.cc/processData:L739> Getting Event Buffer
[17:26:15.753]    DEBUG: <PixTestXray.cc/processData:L757> Processing Data: 1687557 events.
[17:26:15.762]    DEBUG: <PixTestXray.cc/processData:L808>  # events read: 1687557, pixels seen in all events:   0
[17:26:15.901]     INFO: Resuming triggers.
[17:26:33.030]     INFO: run duration 68 seconds, buffer almost full (81%), pausing triggers.
[17:26:33.049]    DEBUG: <PixTestXray.cc/processData:L739> Getting Event Buffer
[17:27:00.454]    DEBUG: <PixTestXray.cc/processData:L757> Processing Data: 1687556 events.
[17:27:00.463]    DEBUG: <PixTestXray.cc/processData:L808>  # events read: 1687556, pixels seen in all events:   0
[17:27:00.602]     INFO: Resuming triggers.
[17:27:17.718]     INFO: run duration 85 seconds, buffer almost full (81%), pausing triggers.
[17:27:17.736]    DEBUG: <PixTestXray.cc/processData:L739> Getting Event Buffer
[17:27:45.194]    DEBUG: <PixTestXray.cc/processData:L757> Processing Data: 1686213 events.
[17:27:45.225]    DEBUG: <PixTestXray.cc/processData:L808>  # events read: 1686213, pixels seen in all events: 16322
[17:27:45.342]     INFO: Resuming triggers.
[17:28:02.458]     INFO: run duration 102 seconds, buffer almost full (81%), pausing triggers.
[17:28:02.482]    DEBUG: <PixTestXray.cc/processData:L739> Getting Event Buffer
[17:28:29.871]    DEBUG: <PixTestXray.cc/processData:L757> Processing Data: 1686239 events.
[17:28:29.903]    DEBUG: <PixTestXray.cc/processData:L808>  # events read: 1686239, pixels seen in all events: 16112
[17:28:30.019]     INFO: Resuming triggers.
[17:28:46.421]     INFO: data taking finished, elapsed time: 119 seconds.
[17:28:46.618]    DEBUG: <PixTestXray.cc/processData:L739> Getting Event Buffer
[17:29:12.634]    DEBUG: <PixTestXray.cc/processData:L757> Processing Data: 1615932 events.
[17:29:12.664]    DEBUG: <PixTestXray.cc/processData:L808>  # events read: 1615932, pixels seen in all events: 15917
[17:29:12.783]     INFO: PixTest::       pg_setup set to default.
[17:29:12.824]     INFO: PixTestXray::doPhRun() done
[17:29:12.824]     INFO: PixTestXray::doTest() done 
[17:29:22.766]     INFO: ######################################################################
[17:29:22.766]     INFO: PixTestXray::doTest()
[17:29:22.766]     INFO: ######################################################################
[17:29:22.766]     INFO:    ----------------------------------------------------------------------
[17:29:22.766]     INFO:    PixTestXray::doPhRun() fParRunSeconds = 119
[17:29:22.766]     INFO:    ----------------------------------------------------------------------
[17:29:23.764]     INFO: PixTestXray::doPhRun start TriggerLoop with trigger frequency 100 kHz, period 405 and duration 119 seconds,  fEventsMax = 11900000
[17:29:40.879]     INFO: run duration 17 seconds, buffer almost full (81%), pausing triggers.
[17:29:40.915]    DEBUG: <PixTestXray.cc/processData:L739> Getting Event Buffer
[17:30:08.419]    DEBUG: <PixTestXray.cc/processData:L757> Processing Data: 1686202 events.
[17:30:08.450]    DEBUG: <PixTestXray.cc/processData:L808>  # events read: 1686202, pixels seen in all events: 16423
[17:30:08.497]     INFO: Resuming triggers.
[17:30:25.613]     INFO: run duration 34 seconds, buffer almost full (81%), pausing triggers.
[17:30:25.640]    DEBUG: <PixTestXray.cc/processData:L739> Getting Event Buffer
[17:30:53.070]    DEBUG: <PixTestXray.cc/processData:L757> Processing Data: 1686200 events.
[17:30:53.100]    DEBUG: <PixTestXray.cc/processData:L808>  # events read: 1686200, pixels seen in all events: 16452
[17:30:53.156]     INFO: Resuming triggers.
[17:31:10.272]     INFO: run duration 51 seconds, buffer almost full (81%), pausing triggers.
[17:31:10.300]    DEBUG: <PixTestXray.cc/processData:L739> Getting Event Buffer
[17:31:37.810]    DEBUG: <PixTestXray.cc/processData:L757> Processing Data: 1686201 events.
[17:31:37.840]    DEBUG: <PixTestXray.cc/processData:L808>  # events read: 1686201, pixels seen in all events: 16347
[17:31:37.917]     INFO: Resuming triggers.
[17:31:55.032]     INFO: run duration 68 seconds, buffer almost full (81%), pausing triggers.
[17:31:55.061]    DEBUG: <PixTestXray.cc/processData:L739> Getting Event Buffer
[17:32:22.544]    DEBUG: <PixTestXray.cc/processData:L757> Processing Data: 1686189 events.
[17:32:22.574]    DEBUG: <PixTestXray.cc/processData:L808>  # events read: 1686189, pixels seen in all events: 16317
[17:32:22.646]     INFO: Resuming triggers.
[17:32:39.761]     INFO: run duration 85 seconds, buffer almost full (81%), pausing triggers.
[17:32:39.791]    DEBUG: <PixTestXray.cc/processData:L739> Getting Event Buffer
[17:33:07.177]    DEBUG: <PixTestXray.cc/processData:L757> Processing Data: 1686201 events.
[17:33:07.206]    DEBUG: <PixTestXray.cc/processData:L808>  # events read: 1686201, pixels seen in all events: 16251
[17:33:07.287]     INFO: Resuming triggers.
[17:33:24.403]     INFO: run duration 102 seconds, buffer almost full (81%), pausing triggers.
[17:33:24.432]    DEBUG: <PixTestXray.cc/processData:L739> Getting Event Buffer
[17:33:51.896]    DEBUG: <PixTestXray.cc/processData:L757> Processing Data: 1686226 events.
[17:33:51.924]    DEBUG: <PixTestXray.cc/processData:L808>  # events read: 1686226, pixels seen in all events: 16194
[17:33:52.042]     INFO: Resuming triggers.
[17:34:08.500]     INFO: data taking finished, elapsed time: 119 seconds.
[17:34:08.695]    DEBUG: <PixTestXray.cc/processData:L739> Getting Event Buffer
[17:34:35.141]    DEBUG: <PixTestXray.cc/processData:L757> Processing Data: 1621363 events.
[17:34:35.170]    DEBUG: <PixTestXray.cc/processData:L808>  # events read: 1621363, pixels seen in all events: 15728
[17:34:35.291]     INFO: PixTest::       pg_setup set to default.
[17:34:35.326]     INFO: PixTestXray::doPhRun() done
[17:34:35.326]     INFO: PixTestXray::doTest() done 
[17:35:54.598]    DEBUG: <PixTest.cc/moduleMap:L1029> moduleMap histname: what
[17:35:54.598]    DEBUG: <PixTest.cc/moduleMap:L1039> h1->GetName() = phMap_In_C1_V0 -> phMap_In_mod
[17:36:01.214]    DEBUG: <PixTab.cc/setParameter:L391> xxxPressed():  ID = 1 -> source to value Sn
[17:37:39.990]    DEBUG: <PixTab.cc/setParameter:L391> xxxPressed():  ID = 1 -> source to value Sn
[17:37:41.030]     INFO: ######################################################################
[17:37:41.030]     INFO: PixTestXray::doTest()
[17:37:41.030]     INFO: ######################################################################
[17:37:41.030]     INFO:    ----------------------------------------------------------------------
[17:37:41.030]     INFO:    PixTestXray::doPhRun() fParRunSeconds = 119
[17:37:41.030]     INFO:    ----------------------------------------------------------------------
[17:37:41.227]    DEBUG: <PixTestXray.cc/doPhRun:L270> booking new histograms as source name has changed
[17:37:42.189]     INFO: PixTestXray::doPhRun start TriggerLoop with trigger frequency 100 kHz, period 405 and duration 119 seconds,  fEventsMax = 11900000
[17:37:59.304]     INFO: run duration 17 seconds, buffer almost full (81%), pausing triggers.
[17:37:59.498]    DEBUG: <PixTestXray.cc/processData:L739> Getting Event Buffer
[17:38:27.049]    DEBUG: <PixTestXray.cc/processData:L757> Processing Data: 1686250 events.
[17:38:27.077]    DEBUG: <PixTestXray.cc/processData:L808>  # events read: 1686250, pixels seen in all events: 15615
[17:38:27.196]     INFO: Resuming triggers.
[17:38:44.313]     INFO: run duration 34 seconds, buffer almost full (81%), pausing triggers.
[17:38:44.337]    DEBUG: <PixTestXray.cc/processData:L739> Getting Event Buffer
[17:39:11.726]    DEBUG: <PixTestXray.cc/processData:L757> Processing Data: 1686277 events.
[17:39:11.756]    DEBUG: <PixTestXray.cc/processData:L808>  # events read: 1686277, pixels seen in all events: 15624
[17:39:11.873]     INFO: Resuming triggers.
[17:39:28.989]     INFO: run duration 51 seconds, buffer almost full (81%), pausing triggers.
[17:39:29.015]    DEBUG: <PixTestXray.cc/processData:L739> Getting Event Buffer
[17:39:56.496]    DEBUG: <PixTestXray.cc/processData:L757> Processing Data: 1686276 events.
[17:39:56.525]    DEBUG: <PixTestXray.cc/processData:L808>  # events read: 1686276, pixels seen in all events: 15278
[17:39:56.630]     INFO: Resuming triggers.
[17:40:13.746]     INFO: run duration 68 seconds, buffer almost full (81%), pausing triggers.
[17:40:13.769]    DEBUG: <PixTestXray.cc/processData:L739> Getting Event Buffer
[17:40:41.193]    DEBUG: <PixTestXray.cc/processData:L757> Processing Data: 1686251 events.
[17:40:41.223]    DEBUG: <PixTestXray.cc/processData:L808>  # events read: 1686251, pixels seen in all events: 15681
[17:40:41.342]     INFO: Resuming triggers.
[17:40:58.458]     INFO: run duration 85 seconds, buffer almost full (81%), pausing triggers.
[17:40:58.485]    DEBUG: <PixTestXray.cc/processData:L739> Getting Event Buffer
[17:41:25.743]    DEBUG: <PixTestXray.cc/processData:L757> Processing Data: 1686262 events.
[17:41:25.771]    DEBUG: <PixTestXray.cc/processData:L808>  # events read: 1686262, pixels seen in all events: 15496
[17:41:25.891]     INFO: Resuming triggers.
[17:41:43.008]     INFO: run duration 102 seconds, buffer almost full (81%), pausing triggers.
[17:41:43.037]    DEBUG: <PixTestXray.cc/processData:L739> Getting Event Buffer
[17:42:10.456]    DEBUG: <PixTestXray.cc/processData:L757> Processing Data: 1686263 events.
[17:42:10.484]    DEBUG: <PixTestXray.cc/processData:L808>  # events read: 1686263, pixels seen in all events: 15724
[17:42:10.603]     INFO: Resuming triggers.
[17:42:27.058]     INFO: data taking finished, elapsed time: 119 seconds.
[17:42:27.253]    DEBUG: <PixTestXray.cc/processData:L739> Getting Event Buffer
[17:42:53.714]    DEBUG: <PixTestXray.cc/processData:L757> Processing Data: 1621042 events.
[17:42:53.741]    DEBUG: <PixTestXray.cc/processData:L808>  # events read: 1621042, pixels seen in all events: 15193
[17:42:53.863]     INFO: PixTest::       pg_setup set to default.
[17:42:53.880]     INFO: PixTestXray::doPhRun() done
[17:42:53.881]     INFO: PixTestXray::doTest() done 
[17:49:32.326]    DEBUG: <PixTab.cc/setParameter:L391> xxxPressed():  ID = 1 -> source to value Ag
[17:50:25.655]    DEBUG: <PixTab.cc/setParameter:L391> xxxPressed():  ID = 1 -> source to value Ag
[17:50:26.839]     INFO: ######################################################################
[17:50:26.839]     INFO: PixTestXray::doTest()
[17:50:26.839]     INFO: ######################################################################
[17:50:26.839]     INFO:    ----------------------------------------------------------------------
[17:50:26.839]     INFO:    PixTestXray::doPhRun() fParRunSeconds = 119
[17:50:26.839]     INFO:    ----------------------------------------------------------------------
[17:50:26.881]    DEBUG: <PixTestXray.cc/doPhRun:L270> booking new histograms as source name has changed
[17:50:27.844]     INFO: PixTestXray::doPhRun start TriggerLoop with trigger frequency 100 kHz, period 405 and duration 119 seconds,  fEventsMax = 11900000
[17:50:44.958]     INFO: run duration 17 seconds, buffer almost full (81%), pausing triggers.
[17:50:44.992]    DEBUG: <PixTestXray.cc/processData:L739> Getting Event Buffer
[17:51:12.418]    DEBUG: <PixTestXray.cc/processData:L757> Processing Data: 1686078 events.
[17:51:12.449]    DEBUG: <PixTestXray.cc/processData:L808>  # events read: 1686078, pixels seen in all events: 18073
[17:51:12.502]     INFO: Resuming triggers.
[17:51:29.616]     INFO: run duration 34 seconds, buffer almost full (81%), pausing triggers.
[17:51:29.641]    DEBUG: <PixTestXray.cc/processData:L739> Getting Event Buffer
[17:51:56.941]    DEBUG: <PixTestXray.cc/processData:L757> Processing Data: 1686054 events.
[17:51:56.973]    DEBUG: <PixTestXray.cc/processData:L808>  # events read: 1686054, pixels seen in all events: 17977
[17:51:57.041]     INFO: Resuming triggers.
[17:52:14.155]     INFO: run duration 51 seconds, buffer almost full (81%), pausing triggers.
[17:52:14.179]    DEBUG: <PixTestXray.cc/processData:L739> Getting Event Buffer
[17:52:41.654]    DEBUG: <PixTestXray.cc/processData:L757> Processing Data: 1686066 events.
[17:52:41.686]    DEBUG: <PixTestXray.cc/processData:L808>  # events read: 1686066, pixels seen in all events: 18226
[17:52:41.750]     INFO: Resuming triggers.
[17:52:58.864]     INFO: run duration 68 seconds, buffer almost full (81%), pausing triggers.
[17:52:58.892]    DEBUG: <PixTestXray.cc/processData:L739> Getting Event Buffer
[17:53:26.352]    DEBUG: <PixTestXray.cc/processData:L757> Processing Data: 1686066 events.
[17:53:26.383]    DEBUG: <PixTestXray.cc/processData:L808>  # events read: 1686066, pixels seen in all events: 18138
[17:53:26.453]     INFO: Resuming triggers.
[17:53:43.567]     INFO: run duration 85 seconds, buffer almost full (81%), pausing triggers.
[17:53:43.596]    DEBUG: <PixTestXray.cc/processData:L739> Getting Event Buffer
[17:54:11.024]    DEBUG: <PixTestXray.cc/processData:L757> Processing Data: 1686040 events.
[17:54:11.056]    DEBUG: <PixTestXray.cc/processData:L808>  # events read: 1686040, pixels seen in all events: 18098
[17:54:11.135]     INFO: Resuming triggers.
[17:54:28.250]     INFO: run duration 102 seconds, buffer almost full (81%), pausing triggers.
[17:54:28.279]    DEBUG: <PixTestXray.cc/processData:L739> Getting Event Buffer
[17:54:55.616]    DEBUG: <PixTestXray.cc/processData:L757> Processing Data: 1686078 events.
[17:54:55.648]    DEBUG: <PixTestXray.cc/processData:L808>  # events read: 1686078, pixels seen in all events: 18095
[17:54:55.763]     INFO: Resuming triggers.
[17:55:12.230]     INFO: data taking finished, elapsed time: 119 seconds.
[17:55:12.426]    DEBUG: <PixTestXray.cc/processData:L739> Getting Event Buffer
[17:55:38.807]    DEBUG: <PixTestXray.cc/processData:L757> Processing Data: 1622248 events.
[17:55:38.838]    DEBUG: <PixTestXray.cc/processData:L808>  # events read: 1622248, pixels seen in all events: 17589
[17:55:38.957]     INFO: PixTest::       pg_setup set to default.
[17:55:38.976]     INFO: PixTestXray::doPhRun() done
[17:55:38.976]     INFO: PixTestXray::doTest() done 
[17:55:53.671]    DEBUG: <PixTab.cc/setParameter:L391> xxxPressed():  ID = 1 -> source to value Cu
[17:56:51.663]    DEBUG: <PixTab.cc/setParameter:L391> xxxPressed():  ID = 1 -> source to value Cu
[17:56:53.207]     INFO: ######################################################################
[17:56:53.207]     INFO: PixTestXray::doTest()
[17:56:53.207]     INFO: ######################################################################
[17:56:53.207]     INFO:    ----------------------------------------------------------------------
[17:56:53.207]     INFO:    PixTestXray::doPhRun() fParRunSeconds = 119
[17:56:53.207]     INFO:    ----------------------------------------------------------------------
[17:56:53.237]    DEBUG: <PixTestXray.cc/doPhRun:L270> booking new histograms as source name has changed
[17:56:54.198]     INFO: PixTestXray::doPhRun start TriggerLoop with trigger frequency 100 kHz, period 405 and duration 119 seconds,  fEventsMax = 11900000
[17:57:11.327]     INFO: run duration 17 seconds, buffer almost full (81%), pausing triggers.
[17:57:11.359]    DEBUG: <PixTestXray.cc/processData:L739> Getting Event Buffer
[17:57:38.714]    DEBUG: <PixTestXray.cc/processData:L757> Processing Data: 1687567 events.
[17:57:38.722]    DEBUG: <PixTestXray.cc/processData:L808>  # events read: 1687567, pixels seen in all events:   0
[17:57:38.862]     INFO: Resuming triggers.
[17:57:55.992]     INFO: run duration 34 seconds, buffer almost full (81%), pausing triggers.
[17:57:56.010]    DEBUG: <PixTestXray.cc/processData:L739> Getting Event Buffer
[17:58:23.228]    DEBUG: <PixTestXray.cc/processData:L757> Processing Data: 1687555 events.
[17:58:23.236]    DEBUG: <PixTestXray.cc/processData:L808>  # events read: 1687555, pixels seen in all events:   0
[17:58:23.377]     INFO: Resuming triggers.
[17:58:40.506]     INFO: run duration 51 seconds, buffer almost full (81%), pausing triggers.
[17:58:40.525]    DEBUG: <PixTestXray.cc/processData:L739> Getting Event Buffer
[17:59:07.885]    DEBUG: <PixTestXray.cc/processData:L757> Processing Data: 1687568 events.
[17:59:07.894]    DEBUG: <PixTestXray.cc/processData:L808>  # events read: 1687568, pixels seen in all events:   0
[17:59:08.035]     INFO: Resuming triggers.
[17:59:25.164]     INFO: run duration 68 seconds, buffer almost full (81%), pausing triggers.
[17:59:25.182]    DEBUG: <PixTestXray.cc/processData:L739> Getting Event Buffer
[17:59:52.540]    DEBUG: <PixTestXray.cc/processData:L757> Processing Data: 1687591 events.
[17:59:52.548]    DEBUG: <PixTestXray.cc/processData:L808>  # events read: 1687591, pixels seen in all events:   0
[17:59:52.690]     INFO: Resuming triggers.
[18:00:09.820]     INFO: run duration 85 seconds, buffer almost full (81%), pausing triggers.
[18:00:09.838]    DEBUG: <PixTestXray.cc/processData:L739> Getting Event Buffer
[18:00:37.325]    DEBUG: <PixTestXray.cc/processData:L757> Processing Data: 1687596 events.
[18:00:37.334]    DEBUG: <PixTestXray.cc/processData:L808>  # events read: 1687596, pixels seen in all events:   0
[18:00:37.475]     INFO: Resuming triggers.
[18:00:54.605]     INFO: run duration 102 seconds, buffer almost full (81%), pausing triggers.
[18:00:54.623]    DEBUG: <PixTestXray.cc/processData:L739> Getting Event Buffer
[18:01:21.775]    DEBUG: <PixTestXray.cc/processData:L757> Processing Data: 1687593 events.
[18:01:21.784]    DEBUG: <PixTestXray.cc/processData:L808>  # events read: 1687593, pixels seen in all events:   0
[18:01:21.925]     INFO: Resuming triggers.
[18:01:38.298]     INFO: data taking finished, elapsed time: 119 seconds.
[18:01:38.494]    DEBUG: <PixTestXray.cc/processData:L739> Getting Event Buffer
[18:02:04.555]    DEBUG: <PixTestXray.cc/processData:L757> Processing Data: 1613001 events.
[18:02:04.564]    DEBUG: <PixTestXray.cc/processData:L808>  # events read: 1613001, pixels seen in all events:   0
[18:02:04.708]     INFO: PixTest::       pg_setup set to default.
[18:02:04.723]     INFO: PixTestXray::doPhRun() done
[18:02:04.724]     INFO: PixTestXray::doTest() done 
[18:04:12.143]     INFO: ######################################################################
[18:04:12.143]     INFO: PixTestXray::doTest()
[18:04:12.143]     INFO: ######################################################################
[18:04:12.143]     INFO:    ----------------------------------------------------------------------
[18:04:12.143]     INFO:    PixTestXray::doPhRun() fParRunSeconds = 119
[18:04:12.143]     INFO:    ----------------------------------------------------------------------
[18:04:13.121]     INFO: PixTestXray::doPhRun start TriggerLoop with trigger frequency 100 kHz, period 405 and duration 119 seconds,  fEventsMax = 11900000
[18:04:30.234]     INFO: run duration 17 seconds, buffer almost full (81%), pausing triggers.
[18:04:30.252]    DEBUG: <PixTestXray.cc/processData:L739> Getting Event Buffer
[18:04:57.771]    DEBUG: <PixTestXray.cc/processData:L757> Processing Data: 1685999 events.
[18:04:57.804]    DEBUG: <PixTestXray.cc/processData:L808>  # events read: 1685999, pixels seen in all events: 18873
[18:04:57.850]     INFO: Resuming triggers.
[18:05:14.963]     INFO: run duration 34 seconds, buffer almost full (81%), pausing triggers.
[18:05:14.987]    DEBUG: <PixTestXray.cc/processData:L739> Getting Event Buffer
[18:05:42.462]    DEBUG: <PixTestXray.cc/processData:L757> Processing Data: 1685956 events.
[18:05:42.495]    DEBUG: <PixTestXray.cc/processData:L808>  # events read: 1685956, pixels seen in all events: 19278
[18:05:42.567]     INFO: Resuming triggers.
[18:05:59.681]     INFO: run duration 51 seconds, buffer almost full (81%), pausing triggers.
[18:05:59.705]    DEBUG: <PixTestXray.cc/processData:L739> Getting Event Buffer
[18:06:27.106]    DEBUG: <PixTestXray.cc/processData:L757> Processing Data: 1685964 events.
[18:06:27.138]    DEBUG: <PixTestXray.cc/processData:L808>  # events read: 1685964, pixels seen in all events: 19076
[18:06:27.204]     INFO: Resuming triggers.
[18:06:44.317]     INFO: run duration 68 seconds, buffer almost full (81%), pausing triggers.
[18:06:44.343]    DEBUG: <PixTestXray.cc/processData:L739> Getting Event Buffer
[18:07:11.738]    DEBUG: <PixTestXray.cc/processData:L757> Processing Data: 1685979 events.
[18:07:11.771]    DEBUG: <PixTestXray.cc/processData:L808>  # events read: 1685979, pixels seen in all events: 18947
[18:07:11.849]     INFO: Resuming triggers.
[18:07:28.962]     INFO: run duration 85 seconds, buffer almost full (81%), pausing triggers.
[18:07:28.989]    DEBUG: <PixTestXray.cc/processData:L739> Getting Event Buffer
[18:07:56.358]    DEBUG: <PixTestXray.cc/processData:L757> Processing Data: 1685968 events.
[18:07:56.390]    DEBUG: <PixTestXray.cc/processData:L808>  # events read: 1685968, pixels seen in all events: 18977
[18:07:56.471]     INFO: Resuming triggers.
[18:08:13.584]     INFO: run duration 102 seconds, buffer almost full (81%), pausing triggers.
[18:08:13.613]    DEBUG: <PixTestXray.cc/processData:L739> Getting Event Buffer
[18:08:41.019]    DEBUG: <PixTestXray.cc/processData:L757> Processing Data: 1686017 events.
[18:08:41.051]    DEBUG: <PixTestXray.cc/processData:L808>  # events read: 1686017, pixels seen in all events: 18921
[18:08:41.166]     INFO: Resuming triggers.
[18:08:57.638]     INFO: data taking finished, elapsed time: 119 seconds.
[18:08:57.833]    DEBUG: <PixTestXray.cc/processData:L739> Getting Event Buffer
[18:09:24.198]    DEBUG: <PixTestXray.cc/processData:L757> Processing Data: 1622728 events.
[18:09:24.230]    DEBUG: <PixTestXray.cc/processData:L808>  # events read: 1622728, pixels seen in all events: 18582
[18:09:24.348]     INFO: PixTest::       pg_setup set to default.
[18:09:24.370]     INFO: PixTestXray::doPhRun() done
[18:09:24.370]     INFO: PixTestXray::doTest() done 
[18:14:42.679]    DEBUG: <PixGui.cc/handleButtons:L396> PixGui::exit called
[18:14:42.680]    DEBUG: <PixGui.cc/CloseWindow:L335> Final Analog Current: 382.7mA
[18:14:42.681]    DEBUG: <PixGui.cc/CloseWindow:L336> Final Digital Current: 470.3mA
[18:14:42.681]    DEBUG: <PixGui.cc/CloseWindow:L337> Final Module Temperature: -0.2 C
[18:14:42.681]    DEBUG: <PixTestBBMap.cc/~PixTestBBMap:L97> PixTestBBMap dtor
[18:14:42.681]    DEBUG: <PixTestBB2Map.cc/~PixTestBB2Map:L115> PixTestBB2Map dtor
[18:14:42.681]    DEBUG: <PixTestBB3Map.cc/~PixTestBB3Map:L99> PixTestBB3Map dtor
[18:14:42.681]    DEBUG: <PixTestBB4Map.cc/~PixTestBB4Map:L118> PixTestBB4Map dtor
[18:14:42.681]    DEBUG: <PixTestCmd.cc/~PixTestCmd:L78> PixTestCmd dtor
[18:14:42.681]    DEBUG: <PixTestDaq.cc/~PixTestDaq:L37> PixTestDaq dtor
[18:14:42.681]    DEBUG: <PixTestDacDacScan.cc/~PixTestDacDacScan:L136> PixTestDacDacScan dtor
[18:14:42.681]    DEBUG: <PixTestDacScan.cc/~PixTestDacScan:L129> PixTestDacScan dtor
[18:14:42.681]    DEBUG: <PixTestGainPedestal.cc/~PixTestGainPedestal:L125> PixTestGainPedestal dtor
[18:14:42.681]    DEBUG: <PixTestHighRate.cc/~PixTestHighRate:L245> PixTestHighRate dtor
[18:14:42.681]    DEBUG: <PixTestIV.cc/~PixTestIV:L96> PixTestIV dtor
[18:14:42.681]    DEBUG: <PixTestAlive.cc/~PixTestAlive:L109> PixTestAlive dtor
[18:14:42.681]    DEBUG: <PixTestPretest.cc/~PixTestPretest:L136> PixTestPretest dtor
[18:14:42.682]    DEBUG: <PixTestReadback.cc/~PixTestReadback:L89> PixTestReadback dtor, saving tree ... 
[18:14:42.682]    DEBUG: <PixTestScurves.cc/~PixTestScurves:L142> PixTestScurves dtor
[18:14:42.682]    DEBUG: <PixTestTiming.cc/~PixTestTiming:L97> PixTestTiming dtor
[18:14:42.682]    DEBUG: <PixTestTrim.cc/~PixTestTrim:L103> PixTestTrim dtor
[18:14:42.682]    DEBUG: <PixTestXray.cc/~PixTestXray:L217> PixTestXray dtor
[18:14:43.271]    QUIET: Connection to board 58 closed.
[18:14:43.355]    DEBUG: <PixMonitor.cc/dumpSummaries:L39> PixMonitor::dumpSummaries
