[10:32:20.262]     INFO: *** Welcome to pxar ***
[10:32:20.262]     INFO: *** Today: 2016/02/15
[10:32:20.277]     INFO: *** Version: prod-12-105-g46f2
[10:32:20.277]     INFO: readRocDacs: ./data/mg202/dacParameters35_C0.dat .. ./data/mg202/dacParameters35_C15.dat
[10:32:20.278]     INFO: readTbmDacs: ./data/mg202/tbmParameters_C0a.dat .. ./data/mg202/tbmParameters_C0b.dat
[10:32:20.278]     INFO: readMaskFile: ./data/mg202/defaultMaskFile.dat
[10:32:20.278]     INFO: readTrimFile: ./data/mg202/trimParameters35_C0.dat .. ./data/mg202/trimParameters35_C15.dat
[10:32:20.428]     INFO:         clk: 4
[10:32:20.428]     INFO:         ctr: 4
[10:32:20.428]     INFO:         sda: 19
[10:32:20.428]     INFO:         tin: 9
[10:32:20.428]     INFO:         level: 15
[10:32:20.428]     INFO:         triggerdelay: 0
[10:32:20.428]    QUIET: Instanciating API for pxar prod-12
[10:32:20.428]     INFO: Log level: DEBUG
[10:32:20.440]    QUIET: Connection to board DTB_WRPRHI opened.
[10:32:20.443]     INFO: DTB startup information
--- DTB info------------------------------------------
Board id:    58
HW version:  DTB1.2
FW version:  4.2
SW version:  4.5
USB id:      DTB_WRPRHI
MAC address: 40D85511803A
Hostname:    pixelDTB058
Comment:     
------------------------------------------------------
[10:32:20.446]     INFO: RPC call hashes of host and DTB match: 398089610
[10:32:22.046]     INFO: DUT info: 
[10:32:22.046]     INFO: The DUT currently contains the following objects:
[10:32:22.046]     INFO:  2 TBM Cores tbm08c (2 ON)
[10:32:22.046]     INFO: 	TBM Core alpha (0): 7 registers set
[10:32:22.046]     INFO: 	TBM Core beta  (1): 7 registers set
[10:32:22.046]     INFO: 16 ROCs psi46digv21respin (16 ON) with 4160 pixelConfigs
[10:32:22.047]     INFO: 	ROC 0: 19 DACs set, Pixels: 0 masked, 0 active.
[10:32:22.047]     INFO: 	ROC 1: 19 DACs set, Pixels: 0 masked, 0 active.
[10:32:22.047]     INFO: 	ROC 2: 19 DACs set, Pixels: 0 masked, 0 active.
[10:32:22.047]     INFO: 	ROC 3: 19 DACs set, Pixels: 0 masked, 0 active.
[10:32:22.047]     INFO: 	ROC 4: 19 DACs set, Pixels: 0 masked, 0 active.
[10:32:22.047]     INFO: 	ROC 5: 19 DACs set, Pixels: 0 masked, 0 active.
[10:32:22.047]     INFO: 	ROC 6: 19 DACs set, Pixels: 0 masked, 0 active.
[10:32:22.047]     INFO: 	ROC 7: 19 DACs set, Pixels: 0 masked, 0 active.
[10:32:22.047]     INFO: 	ROC 8: 19 DACs set, Pixels: 0 masked, 0 active.
[10:32:22.047]     INFO: 	ROC 9: 19 DACs set, Pixels: 0 masked, 0 active.
[10:32:22.047]     INFO: 	ROC 10: 19 DACs set, Pixels: 0 masked, 0 active.
[10:32:22.047]     INFO: 	ROC 11: 19 DACs set, Pixels: 0 masked, 0 active.
[10:32:22.047]     INFO: 	ROC 12: 19 DACs set, Pixels: 0 masked, 0 active.
[10:32:22.047]     INFO: 	ROC 13: 19 DACs set, Pixels: 0 masked, 0 active.
[10:32:22.047]     INFO: 	ROC 14: 19 DACs set, Pixels: 0 masked, 0 active.
[10:32:22.047]     INFO: 	ROC 15: 19 DACs set, Pixels: 0 masked, 0 active.
[10:32:22.047]    DEBUG: <PixTestParameters.cc/dump:L104> PixTestParameters: ->BB<-
[10:32:22.047]    DEBUG: <PixTestParameters.cc/dump:L107>   dumpall: checkbox(0)
[10:32:22.047]    DEBUG: <PixTestParameters.cc/dump:L107>   dumpproblematic: checkbox(0)
[10:32:22.047]    DEBUG: <PixTestParameters.cc/dump:L107>   ntrig: 5
[10:32:22.047]    DEBUG: <PixTestParameters.cc/dump:L107>   vcals: 250
[10:32:22.047]    DEBUG: <PixTestParameters.cc/dump:L104> PixTestParameters: ->BB2<-
[10:32:22.047]    DEBUG: <PixTestParameters.cc/dump:L107>   ntrig: 10
[10:32:22.047]    DEBUG: <PixTestParameters.cc/dump:L107>   vcals: 222
[10:32:22.047]    DEBUG: <PixTestParameters.cc/dump:L107>   plwidth: 35
[10:32:22.047]    DEBUG: <PixTestParameters.cc/dump:L107>   pix: 11,20
[10:32:22.047]    DEBUG: <PixTestParameters.cc/dump:L107>   targetia: 24
[10:32:22.047]    DEBUG: <PixTestParameters.cc/dump:L104> PixTestParameters: ->BB3<-
[10:32:22.047]    DEBUG: <PixTestParameters.cc/dump:L107>   dumpall: checkbox(0)
[10:32:22.047]    DEBUG: <PixTestParameters.cc/dump:L107>   dumpproblematic: checkbox(0)
[10:32:22.047]    DEBUG: <PixTestParameters.cc/dump:L107>   ntrig: 5
[10:32:22.047]    DEBUG: <PixTestParameters.cc/dump:L107>   vcals: 250
[10:32:22.047]    DEBUG: <PixTestParameters.cc/dump:L104> PixTestParameters: ->BB4<-
[10:32:22.047]    DEBUG: <PixTestParameters.cc/dump:L107>   savecaldelscan: checkbox(0)
[10:32:22.047]    DEBUG: <PixTestParameters.cc/dump:L107>   ntrig: 100
[10:32:22.047]    DEBUG: <PixTestParameters.cc/dump:L107>   cals: 1
[10:32:22.047]    DEBUG: <PixTestParameters.cc/dump:L107>   caldello: 80
[10:32:22.048]    DEBUG: <PixTestParameters.cc/dump:L107>   caldelhi: 200
[10:32:22.048]    DEBUG: <PixTestParameters.cc/dump:L107>   caldelstep: 10
[10:32:22.048]    DEBUG: <PixTestParameters.cc/dump:L107>   vthrcomplo: 70
[10:32:22.048]    DEBUG: <PixTestParameters.cc/dump:L107>   vthrcomphi: 130
[10:32:22.048]    DEBUG: <PixTestParameters.cc/dump:L107>   vthrcompstep: 5
[10:32:22.048]    DEBUG: <PixTestParameters.cc/dump:L107>   noisypixels: 10
[10:32:22.048]    DEBUG: <PixTestParameters.cc/dump:L107>   vcal: 255
[10:32:22.048]    DEBUG: <PixTestParameters.cc/dump:L107>   cut: 0.5
[10:32:22.048]    DEBUG: <PixTestParameters.cc/dump:L104> PixTestParameters: ->Cmd<-
[10:32:22.048]    DEBUG: <PixTestParameters.cc/dump:L104> PixTestParameters: ->DAQ<-
[10:32:22.048]    DEBUG: <PixTestParameters.cc/dump:L107>   delaytbm: checkbox
[10:32:22.048]    DEBUG: <PixTestParameters.cc/dump:L107>   filltree: checkbox
[10:32:22.048]    DEBUG: <PixTestParameters.cc/dump:L107>   trgfrequency(khz): 100
[10:32:22.048]    DEBUG: <PixTestParameters.cc/dump:L107>   maskhotpixels: button
[10:32:22.048]    DEBUG: <PixTestParameters.cc/dump:L107>   trgnumber: 5
[10:32:22.048]    DEBUG: <PixTestParameters.cc/dump:L107>   iterations: 10
[10:32:22.048]    DEBUG: <PixTestParameters.cc/dump:L107>   rundaqtrg: button
[10:32:22.048]    DEBUG: <PixTestParameters.cc/dump:L107>   daqseconds: 5
[10:32:22.048]    DEBUG: <PixTestParameters.cc/dump:L107>   rundaqseconds: button
[10:32:22.048]    DEBUG: <PixTestParameters.cc/dump:L104> PixTestParameters: ->DacDacScan<-
[10:32:22.048]    DEBUG: <PixTestParameters.cc/dump:L107>   phmap: checkbox
[10:32:22.048]    DEBUG: <PixTestParameters.cc/dump:L107>   ntrig: 10
[10:32:22.048]    DEBUG: <PixTestParameters.cc/dump:L107>   dac1: caldel
[10:32:22.048]    DEBUG: <PixTestParameters.cc/dump:L107>   dac1lo: 0
[10:32:22.048]    DEBUG: <PixTestParameters.cc/dump:L107>   dac1hi: 255
[10:32:22.048]    DEBUG: <PixTestParameters.cc/dump:L107>   dac2: vthrcomp
[10:32:22.048]    DEBUG: <PixTestParameters.cc/dump:L107>   dac2lo: 0
[10:32:22.048]    DEBUG: <PixTestParameters.cc/dump:L107>   dac2hi: 255
[10:32:22.048]    DEBUG: <PixTestParameters.cc/dump:L107>   pix: 11,20
[10:32:22.048]    DEBUG: <PixTestParameters.cc/dump:L104> PixTestParameters: ->DacScan<-
[10:32:22.048]    DEBUG: <PixTestParameters.cc/dump:L107>   phmap: checkbox(1)
[10:32:22.048]    DEBUG: <PixTestParameters.cc/dump:L107>   allpixels: checkbox(0)
[10:32:22.048]    DEBUG: <PixTestParameters.cc/dump:L107>   unmasked: checkbox(0)
[10:32:22.048]    DEBUG: <PixTestParameters.cc/dump:L107>   ntrig: 10
[10:32:22.048]    DEBUG: <PixTestParameters.cc/dump:L107>   dac: vcal
[10:32:22.048]    DEBUG: <PixTestParameters.cc/dump:L107>   daclo: 0
[10:32:22.048]    DEBUG: <PixTestParameters.cc/dump:L107>   dachi: 255
[10:32:22.048]    DEBUG: <PixTestParameters.cc/dump:L107>   pix: 11,20
[10:32:22.048]    DEBUG: <PixTestParameters.cc/dump:L104> PixTestParameters: ->GainPedestal<-
[10:32:22.048]    DEBUG: <PixTestParameters.cc/dump:L107>   showfits: checkbox(0)
[10:32:22.048]    DEBUG: <PixTestParameters.cc/dump:L107>   extended: checkbox(0)
[10:32:22.048]    DEBUG: <PixTestParameters.cc/dump:L107>   dumphists: checkbox(0)
[10:32:22.048]    DEBUG: <PixTestParameters.cc/dump:L107>   ntrig: 10
[10:32:22.048]    DEBUG: <PixTestParameters.cc/dump:L107>   vcalstep: 10
[10:32:22.048]    DEBUG: <PixTestParameters.cc/dump:L107>   measure: button
[10:32:22.048]    DEBUG: <PixTestParameters.cc/dump:L107>   fit: button
[10:32:22.048]    DEBUG: <PixTestParameters.cc/dump:L107>   save: button
[10:32:22.048]    DEBUG: <PixTestParameters.cc/dump:L104> PixTestParameters: ->HighRate<-
[10:32:22.048]    DEBUG: <PixTestParameters.cc/dump:L107>   pix: 11,20
[10:32:22.048]    DEBUG: <PixTestParameters.cc/dump:L107>   trimhotpixels: button
[10:32:22.048]    DEBUG: <PixTestParameters.cc/dump:L107>   trimhotpixelthr: 200
[10:32:22.048]    DEBUG: <PixTestParameters.cc/dump:L107>   runsecondshotpixels: 10
[10:32:22.048]    DEBUG: <PixTestParameters.cc/dump:L107>   savetrimbits: checkbox(1)
[10:32:22.048]    DEBUG: <PixTestParameters.cc/dump:L107>   maskuntrimmable: checkbox(1)
[10:32:22.048]    DEBUG: <PixTestParameters.cc/dump:L107>   maskhotpixels: button
[10:32:22.048]    DEBUG: <PixTestParameters.cc/dump:L107>   savemaskfile: checkbox(0)
[10:32:22.048]    DEBUG: <PixTestParameters.cc/dump:L107>   maskfilename: default
[10:32:22.048]    DEBUG: <PixTestParameters.cc/dump:L107>   caldelscan: button
[10:32:22.048]    DEBUG: <PixTestParameters.cc/dump:L107>   xpixelalive: button
[10:32:22.048]    DEBUG: <PixTestParameters.cc/dump:L107>   ntrig: 50
[10:32:22.048]    DEBUG: <PixTestParameters.cc/dump:L107>   vcal: 200
[10:32:22.048]    DEBUG: <PixTestParameters.cc/dump:L107>   xnoisemaps: button
[10:32:22.048]    DEBUG: <PixTestParameters.cc/dump:L107>   daclo: 0
[10:32:22.048]    DEBUG: <PixTestParameters.cc/dump:L107>   dachi: 100
[10:32:22.048]    DEBUG: <PixTestParameters.cc/dump:L107>   dacs/step: 20
[10:32:22.048]    DEBUG: <PixTestParameters.cc/dump:L107>   rundaq: button
[10:32:22.048]    DEBUG: <PixTestParameters.cc/dump:L107>   trgfrequency(khz): 20
[10:32:22.048]    DEBUG: <PixTestParameters.cc/dump:L107>   runseconds: 2
[10:32:22.049]    DEBUG: <PixTestParameters.cc/dump:L107>   triggerdelay: 20
[10:32:22.049]    DEBUG: <PixTestParameters.cc/dump:L107>   delaytbm: checkbox
[10:32:22.049]    DEBUG: <PixTestParameters.cc/dump:L107>   filltree: checkbox
[10:32:22.049]    DEBUG: <PixTestParameters.cc/dump:L104> PixTestParameters: ->IV<-
[10:32:22.049]    DEBUG: <PixTestParameters.cc/dump:L107>   port: /dev/FIXME
[10:32:22.049]    DEBUG: <PixTestParameters.cc/dump:L107>   voltagestart: 0
[10:32:22.049]    DEBUG: <PixTestParameters.cc/dump:L107>   voltagestop: 600
[10:32:22.049]    DEBUG: <PixTestParameters.cc/dump:L107>   voltagestep: 5
[10:32:22.049]    DEBUG: <PixTestParameters.cc/dump:L107>   delay: 1
[10:32:22.049]    DEBUG: <PixTestParameters.cc/dump:L107>   compliance(ua): 100
[10:32:22.049]    DEBUG: <PixTestParameters.cc/dump:L104> PixTestParameters: ->PhOptimization<-
[10:32:22.049]    DEBUG: <PixTestParameters.cc/dump:L107>   ntrig: 10
[10:32:22.049]    DEBUG: <PixTestParameters.cc/dump:L107>   safetymarginlow: 20
[10:32:22.049]    DEBUG: <PixTestParameters.cc/dump:L107>   saturationvcal: 100
[10:32:22.049]    DEBUG: <PixTestParameters.cc/dump:L107>   quantilesaturation: 0.98
[10:32:22.049]    DEBUG: <PixTestParameters.cc/dump:L104> PixTestParameters: ->PixelAlive<-
[10:32:22.049]    DEBUG: <PixTestParameters.cc/dump:L107>   ntrig: 10
[10:32:22.049]    DEBUG: <PixTestParameters.cc/dump:L107>   vcal: 200
[10:32:22.049]    DEBUG: <PixTestParameters.cc/dump:L107>   alivetest: button
[10:32:22.049]    DEBUG: <PixTestParameters.cc/dump:L107>   masktest: button
[10:32:22.049]    DEBUG: <PixTestParameters.cc/dump:L107>   addressdecodingtest: button
[10:32:22.049]    DEBUG: <PixTestParameters.cc/dump:L104> PixTestParameters: ->Pretest<-
[10:32:22.049]    DEBUG: <PixTestParameters.cc/dump:L107>   programroc: button
[10:32:22.049]    DEBUG: <PixTestParameters.cc/dump:L107>   targetia: 24
[10:32:22.049]    DEBUG: <PixTestParameters.cc/dump:L107>   setvana: button
[10:32:22.049]    DEBUG: <PixTestParameters.cc/dump:L107>   iterations: 100
[10:32:22.049]    DEBUG: <PixTestParameters.cc/dump:L107>   settimings: button
[10:32:22.049]    DEBUG: <PixTestParameters.cc/dump:L107>   findtiming: button
[10:32:22.049]    DEBUG: <PixTestParameters.cc/dump:L107>   findworkingpixel: button
[10:32:22.049]    DEBUG: <PixTestParameters.cc/dump:L107>   setvthrcompcaldel: button
[10:32:22.049]    DEBUG: <PixTestParameters.cc/dump:L107>   pix: 11,20
[10:32:22.049]    DEBUG: <PixTestParameters.cc/dump:L107>   vcal: 250
[10:32:22.049]    DEBUG: <PixTestParameters.cc/dump:L107>   deltavthrcomp: 50
[10:32:22.049]    DEBUG: <PixTestParameters.cc/dump:L107>   fraccaldel: 0.5
[10:32:22.049]    DEBUG: <PixTestParameters.cc/dump:L107>   ntrig: 5
[10:32:22.049]    DEBUG: <PixTestParameters.cc/dump:L107>   savedacs: button
[10:32:22.049]    DEBUG: <PixTestParameters.cc/dump:L104> PixTestParameters: ->Readback<-
[10:32:22.049]    DEBUG: <PixTestParameters.cc/dump:L107>   calibratevd: button
[10:32:22.049]    DEBUG: <PixTestParameters.cc/dump:L107>   calibrateva: button
[10:32:22.049]    DEBUG: <PixTestParameters.cc/dump:L107>   calibrateia: button
[10:32:22.049]    DEBUG: <PixTestParameters.cc/dump:L107>   readbackvbg: button
[10:32:22.049]    DEBUG: <PixTestParameters.cc/dump:L107>   getcalibratedvbg: button
[10:32:22.049]    DEBUG: <PixTestParameters.cc/dump:L107>   usecalvd: checkbox(1)
[10:32:22.049]    DEBUG: <PixTestParameters.cc/dump:L107>   usecalva: checkbox(0)
[10:32:22.049]    DEBUG: <PixTestParameters.cc/dump:L107>   setvana: button
[10:32:22.049]    DEBUG: <PixTestParameters.cc/dump:L104> PixTestParameters: ->Scurves<-
[10:32:22.049]    DEBUG: <PixTestParameters.cc/dump:L107>   adjustvcal: checkbox(0)
[10:32:22.049]    DEBUG: <PixTestParameters.cc/dump:L107>   dumpall: checkbox(0)
[10:32:22.049]    DEBUG: <PixTestParameters.cc/dump:L107>   dumpproblematic: checkbox(0)
[10:32:22.049]    DEBUG: <PixTestParameters.cc/dump:L107>   dumpoutputfile: checkbox(0)
[10:32:22.049]    DEBUG: <PixTestParameters.cc/dump:L107>   ntrig: 50
[10:32:22.049]    DEBUG: <PixTestParameters.cc/dump:L107>   dac: Vcal
[10:32:22.049]    DEBUG: <PixTestParameters.cc/dump:L107>   daclo: 0
[10:32:22.049]    DEBUG: <PixTestParameters.cc/dump:L107>   dachi: 200
[10:32:22.049]    DEBUG: <PixTestParameters.cc/dump:L107>   dacs/step: -1
[10:32:22.049]    DEBUG: <PixTestParameters.cc/dump:L107>   ntrig/step: -1
[10:32:22.049]    DEBUG: <PixTestParameters.cc/dump:L107>   scurves: button
[10:32:22.049]    DEBUG: <PixTestParameters.cc/dump:L104> PixTestParameters: ->Timing<-
[10:32:22.049]    DEBUG: <PixTestParameters.cc/dump:L107>   targetclk: 4
[10:32:22.049]    DEBUG: <PixTestParameters.cc/dump:L107>   ntrig: 10
[10:32:22.049]    DEBUG: <PixTestParameters.cc/dump:L107>   clocksdascan: button
[10:32:22.049]    DEBUG: <PixTestParameters.cc/dump:L107>   notokenpass: checkbox(0)
[10:32:22.049]    DEBUG: <PixTestParameters.cc/dump:L107>   phasescan: button
[10:32:22.049]    DEBUG: <PixTestParameters.cc/dump:L107>   levelscan: button
[10:32:22.049]    DEBUG: <PixTestParameters.cc/dump:L107>   tbmphasescan: button
[10:32:22.049]    DEBUG: <PixTestParameters.cc/dump:L107>   rocdelayscan: button
[10:32:22.049]    DEBUG: <PixTestParameters.cc/dump:L107>   timingtest: button
[10:32:22.049]    DEBUG: <PixTestParameters.cc/dump:L107>   saveparameters: button
[10:32:22.050]    DEBUG: <PixTestParameters.cc/dump:L104> PixTestParameters: ->Trim<-
[10:32:22.050]    DEBUG: <PixTestParameters.cc/dump:L107>   trim: button
[10:32:22.050]    DEBUG: <PixTestParameters.cc/dump:L107>   ntrig: 8
[10:32:22.050]    DEBUG: <PixTestParameters.cc/dump:L107>   vcal: 35
[10:32:22.050]    DEBUG: <PixTestParameters.cc/dump:L107>   trimbits: button
[10:32:22.050]    DEBUG: <PixTestParameters.cc/dump:L104> PixTestParameters: ->Xray<-
[10:32:22.050]    DEBUG: <PixTestParameters.cc/dump:L107>   maskhotpixels: button
[10:32:22.050]    DEBUG: <PixTestParameters.cc/dump:L107>   savemaskfile: checkbox(0)
[10:32:22.050]    DEBUG: <PixTestParameters.cc/dump:L107>   maskfilename: default
[10:32:22.050]    DEBUG: <PixTestParameters.cc/dump:L107>   source: Ag
[10:32:22.050]    DEBUG: <PixTestParameters.cc/dump:L107>   phrun: button
[10:32:22.050]    DEBUG: <PixTestParameters.cc/dump:L107>   runseconds: 100
[10:32:22.050]    DEBUG: <PixTestParameters.cc/dump:L107>   trgfrequency(khz): 100
[10:32:22.050]    DEBUG: <PixTestParameters.cc/dump:L107>   ratescan: button
[10:32:22.050]    DEBUG: <PixTestParameters.cc/dump:L107>   vthrcompmin: 10
[10:32:22.050]    DEBUG: <PixTestParameters.cc/dump:L107>   vthrcompmax: 80
[10:32:22.050]    DEBUG: <PixTestParameters.cc/dump:L107>   stepseconds: 5
[10:32:22.050]    DEBUG: <PixTestParameters.cc/dump:L107>   delaytbm: checkbox
[10:32:22.050]    DEBUG: <PixTestParameters.cc/dump:L107>   filltree: checkbox
[10:32:22.052]    DEBUG: <PixSetup.cc/init:L81> PixSetup init start; getCurrentRSS() = 35274752
[10:32:22.052]    DEBUG: <PixSetup.cc/init:L87> fPixTestParameters = 0x14617a0
[10:32:22.052]    DEBUG: <PixSetup.cc/init:L88>  fConfigParameters = 0x13efc40
[10:32:22.052]    DEBUG: <PixSetup.cc/init:L89>        fPxarMemory = 0x7f2af1d94010
[10:32:22.052]    DEBUG: <PixSetup.cc/init:L90>         fPxarMemHi = 0x7f2af7fff510
[10:32:22.052]    DEBUG: <PixSetup.cc/init:L106> PixSetup init done;  getCurrentRSS() = 35282944 fPxarMemory = 0x7f2af1d94010
[10:32:22.053]    DEBUG: <pXar.cc/main:L223> Initial Analog Current: 380.2mA
[10:32:22.055]    DEBUG: <pXar.cc/main:L224> Initial Digital Current: 471.1mA
[10:32:22.055]    DEBUG: <pXar.cc/main:L225> Initial Module Temperature: -0.1 C
[10:32:22.543]    DEBUG: <PixGui.cc/hvOn:L460> HV set On: 0x1a384f0
[10:32:22.603]    DEBUG: <PixTestFactory.cc/PixTestFactory:L53> PixTestFactory::PixTestFactory()
[10:32:22.604]    DEBUG: <PixTestBBMap.cc/init:L79> PixTestBBMap::init()
[10:32:22.604]    DEBUG: <PixTestBBMap.cc/PixTestBBMap:L27> PixTestBBMap ctor(PixSetup &a, string, TGTab *)
[10:32:22.609]    DEBUG: <PixTestBB2Map.cc/setParameter:L58> setting fTargetIa    = 24 mA/ROC
[10:32:22.609]    DEBUG: <PixTestBB2Map.cc/init:L97> PixTestBB2Map::init()
[10:32:22.609]    DEBUG: <PixTestBB2Map.cc/PixTestBB2Map:L29> PixTestBB2Map ctor(PixSetup &a, string, TGTab *)
[10:32:22.618]    DEBUG: <PixTestBB3Map.cc/init:L81> PixTestBB3Map::init()
[10:32:22.618]    DEBUG: <PixTestBB3Map.cc/PixTestBB3Map:L29> PixTestBB3Map ctor(PixSetup &a, string, TGTab *)
[10:32:22.634]    DEBUG: <PixTestBB4Map.cc/init:L93> PixTestBB4Map::init()
[10:32:22.634]    DEBUG: <PixTestBB4Map.cc/PixTestBB4Map:L26> PixTestMapeff ctor(PixSetup &a, string, TGTab *)
[10:32:22.651]     INFO: PixTestCmd::init()
[10:32:22.657]    DEBUG: <PixTestDaq.cc/init:L44> PixTestDaq::init()
[10:32:22.657]    DEBUG: <PixTestDaq.cc/PixTestDaq:L22> PixTestDaq ctor(PixSetup &a, string, TGTab *)
[10:32:22.657]     INFO: readGainPedestalParameters ./data/mg202/phCalibrationFitErr35_C0.dat .. ./data/mg202/phCalibrationFitErr35_C15.dat
[10:32:22.901]    DEBUG: <PixTestDacDacScan.cc/init:L103> PixTestDacDacScan::init()
[10:32:22.901]    DEBUG: <PixTestDacDacScan.cc/PixTestDacDacScan:L22> PixTestDacDacScan ctor(PixSetup &a, string, TGTab *)
[10:32:22.917]    DEBUG: <PixTestGainPedestal.cc/setParameter:L83> PixTestGainPedestal::PixTest() fVcalStep = 10
[10:32:22.923]    DEBUG: <PixTestHighRate.cc/setParameter:L68>   setting fParTriggerFrequency -> 20
[10:32:22.923]    DEBUG: <PixTestHighRate.cc/init:L198> PixTestHighRate::init()
[10:32:22.924]    DEBUG: <PixTestHighRate.cc/PixTestHighRate:L31> PixTestHighRate ctor(PixSetup &a, string, TGTab *)
[10:32:22.953]    DEBUG: <PixTest.cc/setTestParameter:L637>  setting  ntrig to new value 10
[10:32:22.953]    DEBUG: <PixTestPhOptimization.cc/setParameter:L37>   setting fParNtrig  ->10<- from sval = 10
[10:32:22.953]    DEBUG: <PixTestPhOptimization.cc/setParameter:L42>   setting fSafetyMarginLow  ->20<- from sval = 20
[10:32:22.953]    DEBUG: <PixTestPhOptimization.cc/setParameter:L48>   setting fVcalMax  ->100<- from sval = 100
[10:32:22.953]    DEBUG: <PixTestPhOptimization.cc/setParameter:L53>   setting fQuantMax  ->0.98<- from sval = 0.98
[10:32:22.959]    DEBUG: <PixTestAlive.cc/init:L77> PixTestAlive::init()
[10:32:22.959]    DEBUG: <PixTestAlive.cc/PixTestAlive:L21> PixTestAlive ctor(PixSetup &a, string, TGTab *)
[10:32:22.981]    DEBUG: <PixTestReadback.cc/setParameter:L172> fCalwVd set to 1
[10:32:22.981]    DEBUG: <PixTestReadback.cc/init:L95> PixTestReadback::init()
[10:32:22.981]    DEBUG: <PixTestReadback.cc/PixTestReadback:L22> PixTestReadback ctor(PixSetup &a, string, TGTab *)
[10:32:22.981]     INFO: readReadbackCal: ./data/mg202/readbackCal_C0.dat .. ./data/mg202/readbackCal_C15.dat
[10:32:22.991]    DEBUG: <PixTestScurves.cc/setParameter:L93> set fOutputFilename = 
[10:32:23.004]    DEBUG: <PixTestTiming.cc/setParameter:L60> PixTestTiming::PixTest() targetclk = 4
[10:32:23.004]    DEBUG: <PixTestTiming.cc/setParameter:L64> PixTestTiming::PixTest() ntrig = 10
[10:32:23.004]    DEBUG: <PixTestTiming.cc/setParameter:L48> fNoTokenPass: 0
[10:32:23.004]    DEBUG: <PixTestTiming.cc/init:L74> PixTestTiming::init()
[10:32:23.018]    DEBUG: <PixTestXray.cc/init:L134> PixTestXray::init()
[10:32:23.018]    DEBUG: <PixTestXray.cc/PixTestXray:L28> PixTestXray ctor(PixSetup &a, string, TGTab *)
[10:32:26.957]    DEBUG: <PixTab.cc/buttonClicked:L308> xxxPressed():  caldelscan
[10:32:26.957]    DEBUG: <PixTestHighRate.cc/runCommand:L157> running command: caldelscan
[10:32:26.957]     INFO:    ----------------------------------------------------------------------
[10:32:26.957]     INFO:    PixTestHighRate::calDelScan() ntrig = 10, vcal = 200
[10:32:26.958]     INFO:    ----------------------------------------------------------------------
[10:32:27.098]     INFO: Expecting 768 events.
[10:32:28.234]     INFO: 768 events read in total (418ms).
[10:32:28.423]     INFO: Test took 1460ms.
[10:32:28.429]    DEBUG: <PixTest.cc/efficiencyMaps:L396>       attempt #0
[10:32:29.095]     INFO: Expecting 41600 events.
[10:32:32.150]     INFO: 41600 events read in total (2529ms).
[10:32:32.153]     INFO: Test took 3724ms.
[10:32:32.215]     INFO: Fetched DAQ statistics. Counters are being reset now.
[10:32:32.215]    DEBUG: <PixTest.cc/efficiencyMaps:L407>  eff result size = 345354
[10:32:32.215]    DEBUG: <PixTest.cc/efficiencyMaps:L412> Create hists HR_xeff_CalDelScan_step0_C0 .. HR_xeff_CalDelScan_step0_C15
[10:32:32.215]    DEBUG: <PixTest.cc/efficiencyMaps:L426> booking xray maps for unmasked detector
[10:32:32.246]    DEBUG: <PixTest.cc/efficiencyMaps:L396>       attempt #0
[10:32:32.911]     INFO: Expecting 41600 events.
[10:32:36.086]     INFO: 41600 events read in total (2648ms).
[10:32:36.089]     INFO: Test took 3843ms.
[10:32:36.151]     INFO: Fetched DAQ statistics. Counters are being reset now.
[10:32:36.151]    DEBUG: <PixTest.cc/efficiencyMaps:L407>  eff result size = 353410
[10:32:36.151]    DEBUG: <PixTest.cc/efficiencyMaps:L412> Create hists HR_xeff_CalDelScan_step1_C0 .. HR_xeff_CalDelScan_step1_C15
[10:32:36.151]    DEBUG: <PixTest.cc/efficiencyMaps:L426> booking xray maps for unmasked detector
[10:32:36.183]    DEBUG: <PixTest.cc/efficiencyMaps:L396>       attempt #0
[10:32:36.848]     INFO: Expecting 41600 events.
[10:32:40.077]     INFO: 41600 events read in total (2702ms).
[10:32:40.080]     INFO: Test took 3896ms.
[10:32:40.142]     INFO: Fetched DAQ statistics. Counters are being reset now.
[10:32:40.142]    DEBUG: <PixTest.cc/efficiencyMaps:L407>  eff result size = 355497
[10:32:40.142]    DEBUG: <PixTest.cc/efficiencyMaps:L412> Create hists HR_xeff_CalDelScan_step2_C0 .. HR_xeff_CalDelScan_step2_C15
[10:32:40.142]    DEBUG: <PixTest.cc/efficiencyMaps:L426> booking xray maps for unmasked detector
[10:32:40.174]    DEBUG: <PixTest.cc/efficiencyMaps:L396>       attempt #0
[10:32:40.841]     INFO: Expecting 41600 events.
[10:32:44.078]     INFO: 41600 events read in total (2711ms).
[10:32:44.082]     INFO: Test took 3908ms.
[10:32:44.140]     INFO: Fetched DAQ statistics. Counters are being reset now.
[10:32:44.140]    DEBUG: <PixTest.cc/efficiencyMaps:L407>  eff result size = 355772
[10:32:44.141]    DEBUG: <PixTest.cc/efficiencyMaps:L412> Create hists HR_xeff_CalDelScan_step3_C0 .. HR_xeff_CalDelScan_step3_C15
[10:32:44.141]    DEBUG: <PixTest.cc/efficiencyMaps:L426> booking xray maps for unmasked detector
[10:32:44.173]    DEBUG: <PixTest.cc/efficiencyMaps:L396>       attempt #0
[10:32:44.837]     INFO: Expecting 41600 events.
[10:32:48.063]     INFO: 41600 events read in total (2699ms).
[10:32:48.066]     INFO: Test took 3893ms.
[10:32:48.125]     INFO: Fetched DAQ statistics. Counters are being reset now.
[10:32:48.125]    DEBUG: <PixTest.cc/efficiencyMaps:L407>  eff result size = 355766
[10:32:48.125]    DEBUG: <PixTest.cc/efficiencyMaps:L412> Create hists HR_xeff_CalDelScan_step4_C0 .. HR_xeff_CalDelScan_step4_C15
[10:32:48.125]    DEBUG: <PixTest.cc/efficiencyMaps:L426> booking xray maps for unmasked detector
[10:32:48.157]    DEBUG: <PixTest.cc/efficiencyMaps:L396>       attempt #0
[10:32:48.822]     INFO: Expecting 41600 events.
[10:32:52.054]     INFO: 41600 events read in total (2705ms).
[10:32:52.057]     INFO: Test took 3900ms.
[10:32:52.116]     INFO: Fetched DAQ statistics. Counters are being reset now.
[10:32:52.116]    DEBUG: <PixTest.cc/efficiencyMaps:L407>  eff result size = 356608
[10:32:52.116]    DEBUG: <PixTest.cc/efficiencyMaps:L412> Create hists HR_xeff_CalDelScan_step5_C0 .. HR_xeff_CalDelScan_step5_C15
[10:32:52.116]    DEBUG: <PixTest.cc/efficiencyMaps:L426> booking xray maps for unmasked detector
[10:32:52.148]    DEBUG: <PixTest.cc/efficiencyMaps:L396>       attempt #0
[10:32:52.813]     INFO: Expecting 41600 events.
[10:32:56.040]     INFO: 41600 events read in total (2701ms).
[10:32:56.043]     INFO: Test took 3895ms.
[10:32:56.103]     INFO: Fetched DAQ statistics. Counters are being reset now.
[10:32:56.103]    DEBUG: <PixTest.cc/efficiencyMaps:L407>  eff result size = 356368
[10:32:56.103]    DEBUG: <PixTest.cc/efficiencyMaps:L412> Create hists HR_xeff_CalDelScan_step6_C0 .. HR_xeff_CalDelScan_step6_C15
[10:32:56.103]    DEBUG: <PixTest.cc/efficiencyMaps:L426> booking xray maps for unmasked detector
[10:32:56.135]    DEBUG: <PixTest.cc/efficiencyMaps:L396>       attempt #0
[10:32:56.800]     INFO: Expecting 41600 events.
[10:33:00.037]     INFO: 41600 events read in total (2710ms).
[10:33:00.040]     INFO: Test took 3905ms.
[10:33:00.100]     INFO: Fetched DAQ statistics. Counters are being reset now.
[10:33:00.100]    DEBUG: <PixTest.cc/efficiencyMaps:L407>  eff result size = 356569
[10:33:00.100]    DEBUG: <PixTest.cc/efficiencyMaps:L412> Create hists HR_xeff_CalDelScan_step7_C0 .. HR_xeff_CalDelScan_step7_C15
[10:33:00.101]    DEBUG: <PixTest.cc/efficiencyMaps:L426> booking xray maps for unmasked detector
[10:33:00.132]    DEBUG: <PixTest.cc/efficiencyMaps:L396>       attempt #0
[10:33:00.797]     INFO: Expecting 41600 events.
[10:33:04.030]     INFO: 41600 events read in total (2706ms).
[10:33:04.033]     INFO: Test took 3901ms.
[10:33:04.092]     INFO: Fetched DAQ statistics. Counters are being reset now.
[10:33:04.092]    DEBUG: <PixTest.cc/efficiencyMaps:L407>  eff result size = 356085
[10:33:04.092]    DEBUG: <PixTest.cc/efficiencyMaps:L412> Create hists HR_xeff_CalDelScan_step8_C0 .. HR_xeff_CalDelScan_step8_C15
[10:33:04.092]    DEBUG: <PixTest.cc/efficiencyMaps:L426> booking xray maps for unmasked detector
[10:33:04.124]    DEBUG: <PixTest.cc/efficiencyMaps:L396>       attempt #0
[10:33:04.789]     INFO: Expecting 41600 events.
[10:33:08.027]     INFO: 41600 events read in total (2711ms).
[10:33:08.030]     INFO: Test took 3906ms.
[10:33:08.090]     INFO: Fetched DAQ statistics. Counters are being reset now.
[10:33:08.090]    DEBUG: <PixTest.cc/efficiencyMaps:L407>  eff result size = 357397
[10:33:08.090]    DEBUG: <PixTest.cc/efficiencyMaps:L412> Create hists HR_xeff_CalDelScan_step9_C0 .. HR_xeff_CalDelScan_step9_C15
[10:33:08.090]    DEBUG: <PixTest.cc/efficiencyMaps:L426> booking xray maps for unmasked detector
[10:33:08.122]    DEBUG: <PixTest.cc/efficiencyMaps:L396>       attempt #0
[10:33:08.787]     INFO: Expecting 41600 events.
[10:33:12.032]     INFO: 41600 events read in total (2718ms).
[10:33:12.035]     INFO: Test took 3913ms.
[10:33:12.096]     INFO: Fetched DAQ statistics. Counters are being reset now.
[10:33:12.096]    DEBUG: <PixTest.cc/efficiencyMaps:L407>  eff result size = 356426
[10:33:12.096]    DEBUG: <PixTest.cc/efficiencyMaps:L412> Create hists HR_xeff_CalDelScan_step10_C0 .. HR_xeff_CalDelScan_step10_C15
[10:33:12.096]    DEBUG: <PixTest.cc/efficiencyMaps:L426> booking xray maps for unmasked detector
[10:33:12.128]    DEBUG: <PixTest.cc/efficiencyMaps:L396>       attempt #0
[10:33:12.794]     INFO: Expecting 41600 events.
[10:33:16.030]     INFO: 41600 events read in total (2709ms).
[10:33:16.033]     INFO: Test took 3905ms.
[10:33:16.092]     INFO: Fetched DAQ statistics. Counters are being reset now.
[10:33:16.092]    DEBUG: <PixTest.cc/efficiencyMaps:L407>  eff result size = 355585
[10:33:16.092]    DEBUG: <PixTest.cc/efficiencyMaps:L412> Create hists HR_xeff_CalDelScan_step11_C0 .. HR_xeff_CalDelScan_step11_C15
[10:33:16.092]    DEBUG: <PixTest.cc/efficiencyMaps:L426> booking xray maps for unmasked detector
[10:33:16.124]    DEBUG: <PixTest.cc/efficiencyMaps:L396>       attempt #0
[10:33:16.789]     INFO: Expecting 41600 events.
[10:33:20.032]     INFO: 41600 events read in total (2716ms).
[10:33:20.035]     INFO: Test took 3911ms.
[10:33:20.094]     INFO: Fetched DAQ statistics. Counters are being reset now.
[10:33:20.094]    DEBUG: <PixTest.cc/efficiencyMaps:L407>  eff result size = 356044
[10:33:20.094]    DEBUG: <PixTest.cc/efficiencyMaps:L412> Create hists HR_xeff_CalDelScan_step12_C0 .. HR_xeff_CalDelScan_step12_C15
[10:33:20.094]    DEBUG: <PixTest.cc/efficiencyMaps:L426> booking xray maps for unmasked detector
[10:33:20.127]    DEBUG: <PixTest.cc/efficiencyMaps:L396>       attempt #0
[10:33:20.792]     INFO: Expecting 41600 events.
[10:33:24.031]     INFO: 41600 events read in total (2712ms).
[10:33:24.035]     INFO: Test took 3908ms.
[10:33:24.095]     INFO: Fetched DAQ statistics. Counters are being reset now.
[10:33:24.095]    DEBUG: <PixTest.cc/efficiencyMaps:L407>  eff result size = 355760
[10:33:24.095]    DEBUG: <PixTest.cc/efficiencyMaps:L412> Create hists HR_xeff_CalDelScan_step13_C0 .. HR_xeff_CalDelScan_step13_C15
[10:33:24.095]    DEBUG: <PixTest.cc/efficiencyMaps:L426> booking xray maps for unmasked detector
[10:33:24.127]    DEBUG: <PixTest.cc/efficiencyMaps:L396>       attempt #0
[10:33:24.792]     INFO: Expecting 41600 events.
[10:33:28.049]     INFO: 41600 events read in total (2730ms).
[10:33:28.052]     INFO: Test took 3925ms.
[10:33:28.112]     INFO: Fetched DAQ statistics. Counters are being reset now.
[10:33:28.112]    DEBUG: <PixTest.cc/efficiencyMaps:L407>  eff result size = 357102
[10:33:28.112]    DEBUG: <PixTest.cc/efficiencyMaps:L412> Create hists HR_xeff_CalDelScan_step14_C0 .. HR_xeff_CalDelScan_step14_C15
[10:33:28.113]    DEBUG: <PixTest.cc/efficiencyMaps:L426> booking xray maps for unmasked detector
[10:33:28.145]    DEBUG: <PixTest.cc/efficiencyMaps:L396>       attempt #0
[10:33:28.810]     INFO: Expecting 41600 events.
[10:33:32.046]     INFO: 41600 events read in total (2709ms).
[10:33:32.049]     INFO: Test took 3904ms.
[10:33:32.108]     INFO: Fetched DAQ statistics. Counters are being reset now.
[10:33:32.108]    DEBUG: <PixTest.cc/efficiencyMaps:L407>  eff result size = 356754
[10:33:32.108]    DEBUG: <PixTest.cc/efficiencyMaps:L412> Create hists HR_xeff_CalDelScan_step15_C0 .. HR_xeff_CalDelScan_step15_C15
[10:33:32.109]    DEBUG: <PixTest.cc/efficiencyMaps:L426> booking xray maps for unmasked detector
[10:33:32.141]    DEBUG: <PixTest.cc/efficiencyMaps:L396>       attempt #0
[10:33:32.806]     INFO: Expecting 41600 events.
[10:33:36.037]     INFO: 41600 events read in total (2705ms).
[10:33:36.040]     INFO: Test took 3899ms.
[10:33:36.099]     INFO: Fetched DAQ statistics. Counters are being reset now.
[10:33:36.099]    DEBUG: <PixTest.cc/efficiencyMaps:L407>  eff result size = 355878
[10:33:36.099]    DEBUG: <PixTest.cc/efficiencyMaps:L412> Create hists HR_xeff_CalDelScan_step16_C0 .. HR_xeff_CalDelScan_step16_C15
[10:33:36.099]    DEBUG: <PixTest.cc/efficiencyMaps:L426> booking xray maps for unmasked detector
[10:33:36.131]    DEBUG: <PixTest.cc/efficiencyMaps:L396>       attempt #0
[10:33:36.796]     INFO: Expecting 41600 events.
[10:33:40.036]     INFO: 41600 events read in total (2713ms).
[10:33:40.039]     INFO: Test took 3907ms.
[10:33:40.099]     INFO: Fetched DAQ statistics. Counters are being reset now.
[10:33:40.099]    DEBUG: <PixTest.cc/efficiencyMaps:L407>  eff result size = 355128
[10:33:40.099]    DEBUG: <PixTest.cc/efficiencyMaps:L412> Create hists HR_xeff_CalDelScan_step17_C0 .. HR_xeff_CalDelScan_step17_C15
[10:33:40.099]    DEBUG: <PixTest.cc/efficiencyMaps:L426> booking xray maps for unmasked detector
[10:33:40.130]    DEBUG: <PixTest.cc/efficiencyMaps:L396>       attempt #0
[10:33:40.795]     INFO: Expecting 41600 events.
[10:33:44.008]     INFO: 41600 events read in total (2686ms).
[10:33:44.011]     INFO: Test took 3880ms.
[10:33:44.070]     INFO: Fetched DAQ statistics. Counters are being reset now.
[10:33:44.070]    DEBUG: <PixTest.cc/efficiencyMaps:L407>  eff result size = 355868
[10:33:44.070]    DEBUG: <PixTest.cc/efficiencyMaps:L412> Create hists HR_xeff_CalDelScan_step18_C0 .. HR_xeff_CalDelScan_step18_C15
[10:33:44.071]    DEBUG: <PixTest.cc/efficiencyMaps:L426> booking xray maps for unmasked detector
[10:33:44.102]    DEBUG: <PixTest.cc/efficiencyMaps:L396>       attempt #0
[10:33:44.767]     INFO: Expecting 41600 events.
[10:33:47.866]     INFO: 41600 events read in total (2572ms).
[10:33:47.870]     INFO: Test took 3768ms.
[10:33:47.930]     INFO: Fetched DAQ statistics. Counters are being reset now.
[10:33:47.930]    DEBUG: <PixTest.cc/efficiencyMaps:L407>  eff result size = 349215
[10:33:47.930]    DEBUG: <PixTest.cc/efficiencyMaps:L412> Create hists HR_xeff_CalDelScan_step19_C0 .. HR_xeff_CalDelScan_step19_C15
[10:33:47.930]    DEBUG: <PixTest.cc/efficiencyMaps:L426> booking xray maps for unmasked detector
[10:33:48.200]    DEBUG: <PixTestHighRate.cc/doCalDelScan:L422> roc  0: caldel = 149 eff = 0.999832
[10:33:48.201]    DEBUG: <PixTestHighRate.cc/doCalDelScan:L422> roc  1: caldel = 172 eff = 0.999808
[10:33:48.201]    DEBUG: <PixTestHighRate.cc/doCalDelScan:L422> roc  2: caldel = 168 eff = 0.999712
[10:33:48.201]    DEBUG: <PixTestHighRate.cc/doCalDelScan:L422> roc  3: caldel = 162 eff = 0.999399
[10:33:48.201]    DEBUG: <PixTestHighRate.cc/doCalDelScan:L422> roc  4: caldel = 178 eff = 0.999423
[10:33:48.202]    DEBUG: <PixTestHighRate.cc/doCalDelScan:L422> roc  5: caldel = 156 eff = 0.999375
[10:33:48.202]    DEBUG: <PixTestHighRate.cc/doCalDelScan:L422> roc  6: caldel = 159 eff = 0.999471
[10:33:48.202]    DEBUG: <PixTestHighRate.cc/doCalDelScan:L422> roc  7: caldel = 172 eff = 0.999495
[10:33:48.202]    DEBUG: <PixTestHighRate.cc/doCalDelScan:L422> roc  8: caldel = 186 eff = 0.999447
[10:33:48.203]    DEBUG: <PixTestHighRate.cc/doCalDelScan:L422> roc  9: caldel = 166 eff = 0.999351
[10:33:48.203]    DEBUG: <PixTestHighRate.cc/doCalDelScan:L422> roc 10: caldel = 149 eff = 0.999423
[10:33:48.203]    DEBUG: <PixTestHighRate.cc/doCalDelScan:L422> roc 11: caldel = 139 eff = 0.999447
[10:33:48.203]    DEBUG: <PixTestHighRate.cc/doCalDelScan:L422> roc 12: caldel = 171 eff = 0.999399
[10:33:48.204]    DEBUG: <PixTestHighRate.cc/doCalDelScan:L422> roc 13: caldel = 142 eff = 0.999615
[10:33:48.204]    DEBUG: <PixTestHighRate.cc/doCalDelScan:L422> roc 14: caldel = 158 eff = 0.999904
[10:33:48.204]    DEBUG: <PixTestHighRate.cc/doCalDelScan:L422> roc 15: caldel = 179 eff = 0.999832
[10:34:08.213]    DEBUG: <PixTab.cc/buttonClicked:L308> xxxPressed():  xpixelalive
[10:34:08.213]    DEBUG: <PixTestHighRate.cc/runCommand:L157> running command: xpixelalive
[10:34:08.213]     INFO:    ----------------------------------------------------------------------
[10:34:08.213]     INFO:    PixTestHighRate::xPixelAlive() ntrig = 50, vcal = 200
[10:34:08.214]     INFO:    ----------------------------------------------------------------------
[10:34:08.214]    DEBUG: <PixTestHighRate.cc/doXPixelAlive:L451>  old set: clk: 4
[10:34:08.214]    DEBUG: <PixTestHighRate.cc/doXPixelAlive:L451>  old set: ctr: 4
[10:34:08.214]    DEBUG: <PixTestHighRate.cc/doXPixelAlive:L451>  old set: sda: 19
[10:34:08.214]    DEBUG: <PixTestHighRate.cc/doXPixelAlive:L451>  old set: tin: 9
[10:34:08.214]    DEBUG: <PixTestHighRate.cc/doXPixelAlive:L451>  old set: level: 15
[10:34:08.214]    DEBUG: <PixTestHighRate.cc/doXPixelAlive:L451>  old set: triggerdelay: 0
[10:34:08.214]    DEBUG: <PixTestHighRate.cc/doXPixelAlive:L467>  setting: clk: 4
[10:34:08.214]    DEBUG: <PixTestHighRate.cc/doXPixelAlive:L467>  setting: ctr: 4
[10:34:08.214]    DEBUG: <PixTestHighRate.cc/doXPixelAlive:L467>  setting: sda: 19
[10:34:08.214]    DEBUG: <PixTestHighRate.cc/doXPixelAlive:L467>  setting: tin: 9
[10:34:08.214]    DEBUG: <PixTestHighRate.cc/doXPixelAlive:L467>  setting: level: 15
[10:34:08.214]    DEBUG: <PixTestHighRate.cc/doXPixelAlive:L467>  setting: triggerdelay: 20
[10:34:08.243]    DEBUG: <PixTest.cc/efficiencyMaps:L396>       attempt #0
[10:34:08.908]     INFO: Expecting 208000 events.
[10:34:20.683]     INFO: 208000 events read in total (11248ms).
[10:34:20.693]     INFO: Test took 12450ms.
[10:34:20.954]     INFO: Fetched DAQ statistics. Counters are being reset now.
[10:34:20.954]    DEBUG: <PixTest.cc/efficiencyMaps:L407>  eff result size = 1505480
[10:34:20.954]    DEBUG: <PixTest.cc/efficiencyMaps:L412> Create hists highRate_C0 .. highRate_C15
[10:34:20.955]    DEBUG: <PixTest.cc/efficiencyMaps:L426> booking xray maps for unmasked detector
[10:34:21.286]     INFO: number of dead pixels (per ROC):     0    0    0    0    0    0    0    0    0    0    0    0    0    0    0    0
[10:34:21.286]     INFO: number of red-efficiency pixels:    60   49  100  160  146  139  170  152  144  145  186  175  149  107   69   56
[10:34:21.286]     INFO: number of X-ray hits detected:    47778 40754 71143 107591 114803 113767 112500 99912 111991 116600 115088 107688 109352 71232 44070 54651
[10:34:21.286]     INFO: number of triggers sent (total per ROC):  208000 208000 208000 208000 208000 208000 208000 208000 208000 208000 208000 208000 208000 208000 208000 208000
[10:34:21.286]     INFO: number of Vcal hits detected:  207939 207950 207899 207836 207852 207857 207826 207824 207853 207850 207806 207819 207847 207889 207931 207944
[10:34:21.286]     INFO: Vcal hit fiducial efficiency (%):  100.0 100.0 100.0 99.9 99.9 99.9 99.9 99.9 99.9 99.9 99.9 99.9 99.9 100.0 100.0 100.0
[10:34:21.286]     INFO: Vcal hit overall efficiency (%):  100.0 100.0 100.0 99.9 99.9 99.9 99.9 99.9 99.9 99.9 99.9 99.9 99.9 99.9 100.0 100.0
[10:34:21.286]     INFO: X-ray hit rate [MHz/cm2]:  14.0 11.9 20.9 31.5 33.6 33.3 33.0 29.3 32.8 34.2 33.7 31.6 32.1 20.9 12.9 16.0
[10:34:21.286]     INFO: PixTestHighRate::doXPixelAlive() done
[10:34:21.331]    DEBUG: <PixTestHighRate.cc/doXPixelAlive:L586>  resetting: clk: 4
[10:34:21.331]    DEBUG: <PixTestHighRate.cc/doXPixelAlive:L586>  resetting: ctr: 4
[10:34:21.331]    DEBUG: <PixTestHighRate.cc/doXPixelAlive:L586>  resetting: sda: 19
[10:34:21.331]    DEBUG: <PixTestHighRate.cc/doXPixelAlive:L586>  resetting: tin: 9
[10:34:21.331]    DEBUG: <PixTestHighRate.cc/doXPixelAlive:L586>  resetting: level: 15
[10:34:21.331]    DEBUG: <PixTestHighRate.cc/doXPixelAlive:L586>  resetting: triggerdelay: 0
[10:34:21.331]     INFO: PixTest::       pg_setup set to default.
[10:34:28.373]    DEBUG: <PixTab.cc/buttonClicked:L308> xxxPressed():  rundaq
[10:34:28.374]    DEBUG: <PixTestHighRate.cc/runCommand:L157> running command: rundaq
[10:34:28.374]     INFO:    ----------------------------------------------------------------------
[10:34:28.374]     INFO:    PixTestHighRate::runDaq() running for 2 seconds
[10:34:28.374]     INFO:    ----------------------------------------------------------------------
[10:34:28.402]    DEBUG: <PixTestHighRate.cc/doRunDaq:L769>  old set: clk: 4
[10:34:28.402]    DEBUG: <PixTestHighRate.cc/doRunDaq:L769>  old set: ctr: 4
[10:34:28.402]    DEBUG: <PixTestHighRate.cc/doRunDaq:L769>  old set: sda: 19
[10:34:28.402]    DEBUG: <PixTestHighRate.cc/doRunDaq:L769>  old set: tin: 9
[10:34:28.402]    DEBUG: <PixTestHighRate.cc/doRunDaq:L769>  old set: level: 15
[10:34:28.402]    DEBUG: <PixTestHighRate.cc/doRunDaq:L769>  old set: triggerdelay: 0
[10:34:28.402]    DEBUG: <PixTestHighRate.cc/doRunDaq:L785>  setting: clk: 4
[10:34:28.402]    DEBUG: <PixTestHighRate.cc/doRunDaq:L785>  setting: ctr: 4
[10:34:28.402]    DEBUG: <PixTestHighRate.cc/doRunDaq:L785>  setting: sda: 19
[10:34:28.402]    DEBUG: <PixTestHighRate.cc/doRunDaq:L785>  setting: tin: 9
[10:34:28.402]    DEBUG: <PixTestHighRate.cc/doRunDaq:L785>  setting: level: 15
[10:34:28.402]    DEBUG: <PixTestHighRate.cc/doRunDaq:L785>  setting: triggerdelay: 20
[10:34:29.359]     INFO: PixTestHighRate::doHitMap start TriggerLoop with trigger frequency 20 kHz, period 2011 and duration 2 seconds
[10:34:31.362]     INFO: data taking finished, elapsed time: 2 seconds.
[10:34:32.633]    DEBUG: <PixTestHighRate.cc/fillMap:L888> Processing Data: 39827 events with 273429 pixels
[10:34:32.637]     INFO: PixTest::       pg_setup set to default.
[10:34:32.791]    DEBUG: <PixTestHighRate.cc/doRunDaq:L803> analyzing hitMap_daqbbtest_C0_V0
[10:34:32.791]    DEBUG: <PixTestHighRate.cc/doRunDaq:L803> analyzing hitMap_daqbbtest_C1_V0
[10:34:32.791]    DEBUG: <PixTestHighRate.cc/doRunDaq:L803> analyzing hitMap_daqbbtest_C2_V0
[10:34:32.791]    DEBUG: <PixTestHighRate.cc/doRunDaq:L803> analyzing hitMap_daqbbtest_C3_V0
[10:34:32.791]    DEBUG: <PixTestHighRate.cc/doRunDaq:L803> analyzing hitMap_daqbbtest_C4_V0
[10:34:32.791]    DEBUG: <PixTestHighRate.cc/doRunDaq:L803> analyzing hitMap_daqbbtest_C5_V0
[10:34:32.791]    DEBUG: <PixTestHighRate.cc/doRunDaq:L803> analyzing hitMap_daqbbtest_C6_V0
[10:34:32.791]    DEBUG: <PixTestHighRate.cc/doRunDaq:L803> analyzing hitMap_daqbbtest_C7_V0
[10:34:32.792]    DEBUG: <PixTestHighRate.cc/doRunDaq:L803> analyzing hitMap_daqbbtest_C8_V0
[10:34:32.792]    DEBUG: <PixTestHighRate.cc/doRunDaq:L803> analyzing hitMap_daqbbtest_C9_V0
[10:34:32.792]    DEBUG: <PixTestHighRate.cc/doRunDaq:L803> analyzing hitMap_daqbbtest_C10_V0
[10:34:32.792]    DEBUG: <PixTestHighRate.cc/doRunDaq:L803> analyzing hitMap_daqbbtest_C11_V0
[10:34:32.792]    DEBUG: <PixTestHighRate.cc/doRunDaq:L803> analyzing hitMap_daqbbtest_C12_V0
[10:34:32.792]    DEBUG: <PixTestHighRate.cc/doRunDaq:L803> analyzing hitMap_daqbbtest_C13_V0
[10:34:32.792]    DEBUG: <PixTestHighRate.cc/doRunDaq:L803> analyzing hitMap_daqbbtest_C14_V0
[10:34:32.792]    DEBUG: <PixTestHighRate.cc/doRunDaq:L803> analyzing hitMap_daqbbtest_C15_V0
[10:34:32.793]    DEBUG: <PixTestHighRate.cc/doRunDaq:L815>  resetting: clk: 4
[10:34:32.793]    DEBUG: <PixTestHighRate.cc/doRunDaq:L815>  resetting: ctr: 4
[10:34:32.793]    DEBUG: <PixTestHighRate.cc/doRunDaq:L815>  resetting: sda: 19
[10:34:32.793]    DEBUG: <PixTestHighRate.cc/doRunDaq:L815>  resetting: tin: 9
[10:34:32.793]    DEBUG: <PixTestHighRate.cc/doRunDaq:L815>  resetting: level: 15
[10:34:32.793]    DEBUG: <PixTestHighRate.cc/doRunDaq:L815>  resetting: triggerdelay: 0
[10:34:32.793]     INFO: Pixels without X-ray hits (per ROC):  1219  1642   949   283   262   302   287   355   229   258   276   431   298   932  1657  1184 
[10:34:32.793]     INFO: PixTestHighRate::doRunDaq() done
[10:34:39.493]    DEBUG: <PixTest.cc/moduleMap:L1029> moduleMap histname: what
[10:34:39.493]    DEBUG: <PixTest.cc/moduleMap:L1039> h1->GetName() = hitMap_daqbbtest_C11_V0 -> hitMap_daqbbtest_mod
[10:34:46.110]    DEBUG: <PixTest.cc/moduleMap:L1029> moduleMap histname: what
[10:34:46.110]    DEBUG: <PixTest.cc/moduleMap:L1039> h1->GetName() = highRate_xraymap_C10_V0 -> highRate_xraymap_mod
[10:34:47.773]    DEBUG: <PixGui.cc/handleButtons:L396> PixGui::exit called
[10:34:47.774]    DEBUG: <PixGui.cc/CloseWindow:L335> Final Analog Current: 382.7mA
[10:34:47.775]    DEBUG: <PixGui.cc/CloseWindow:L336> Final Digital Current: 471.9mA
[10:34:47.775]    DEBUG: <PixGui.cc/CloseWindow:L337> Final Module Temperature: -0.2 C
[10:34:47.775]    DEBUG: <PixTestBBMap.cc/~PixTestBBMap:L97> PixTestBBMap dtor
[10:34:47.775]    DEBUG: <PixTestBB2Map.cc/~PixTestBB2Map:L115> PixTestBB2Map dtor
[10:34:47.775]    DEBUG: <PixTestBB3Map.cc/~PixTestBB3Map:L99> PixTestBB3Map dtor
[10:34:47.775]    DEBUG: <PixTestBB4Map.cc/~PixTestBB4Map:L118> PixTestBB4Map dtor
[10:34:47.775]    DEBUG: <PixTestCmd.cc/~PixTestCmd:L78> PixTestCmd dtor
[10:34:47.775]    DEBUG: <PixTestDaq.cc/~PixTestDaq:L37> PixTestDaq dtor
[10:34:47.775]    DEBUG: <PixTestDacDacScan.cc/~PixTestDacDacScan:L136> PixTestDacDacScan dtor
[10:34:47.775]    DEBUG: <PixTestDacScan.cc/~PixTestDacScan:L129> PixTestDacScan dtor
[10:34:47.776]    DEBUG: <PixTestGainPedestal.cc/~PixTestGainPedestal:L125> PixTestGainPedestal dtor
[10:34:47.776]    DEBUG: <PixTestHighRate.cc/~PixTestHighRate:L245> PixTestHighRate dtor
[10:34:47.877]    DEBUG: <PixTestIV.cc/~PixTestIV:L96> PixTestIV dtor
[10:34:47.878]    DEBUG: <PixTestAlive.cc/~PixTestAlive:L109> PixTestAlive dtor
[10:34:47.878]    DEBUG: <PixTestPretest.cc/~PixTestPretest:L136> PixTestPretest dtor
[10:34:47.878]    DEBUG: <PixTestReadback.cc/~PixTestReadback:L89> PixTestReadback dtor, saving tree ... 
[10:34:47.878]    DEBUG: <PixTestScurves.cc/~PixTestScurves:L142> PixTestScurves dtor
[10:34:47.878]    DEBUG: <PixTestTiming.cc/~PixTestTiming:L97> PixTestTiming dtor
[10:34:47.878]    DEBUG: <PixTestTrim.cc/~PixTestTrim:L103> PixTestTrim dtor
[10:34:47.878]    DEBUG: <PixTestXray.cc/~PixTestXray:L217> PixTestXray dtor
[10:34:47.881]    QUIET: Connection to board 58 closed.
[10:34:47.960]    DEBUG: <PixMonitor.cc/dumpSummaries:L39> PixMonitor::dumpSummaries
