[10:21:47.692]     INFO: *** Welcome to pxar ***
[10:21:47.692]     INFO: *** Today: 2016/02/15
[10:21:47.707]     INFO: *** Version: prod-12-105-g46f2
[10:21:47.707]     INFO: readRocDacs: ./data/mg202/dacParameters35_C0.dat .. ./data/mg202/dacParameters35_C15.dat
[10:21:47.708]     INFO: readTbmDacs: ./data/mg202/tbmParameters_C0a.dat .. ./data/mg202/tbmParameters_C0b.dat
[10:21:47.708]     INFO: readMaskFile: ./data/mg202/defaultMaskFile.dat
[10:21:47.708]     INFO: readTrimFile: ./data/mg202/trimParameters35_C0.dat .. ./data/mg202/trimParameters35_C15.dat
[10:21:47.858]     INFO:         clk: 4
[10:21:47.858]     INFO:         ctr: 4
[10:21:47.858]     INFO:         sda: 19
[10:21:47.858]     INFO:         tin: 9
[10:21:47.858]     INFO:         level: 15
[10:21:47.858]     INFO:         triggerdelay: 0
[10:21:47.858]    QUIET: Instanciating API for pxar prod-12
[10:21:47.858]     INFO: Log level: DEBUG
[10:21:47.870]    QUIET: Connection to board DTB_WRPRHI opened.
[10:21:47.873]     INFO: DTB startup information
--- DTB info------------------------------------------
Board id:    58
HW version:  DTB1.2
FW version:  4.2
SW version:  4.5
USB id:      DTB_WRPRHI
MAC address: 40D85511803A
Hostname:    pixelDTB058
Comment:     
------------------------------------------------------
[10:21:47.876]     INFO: RPC call hashes of host and DTB match: 398089610
[10:21:49.479]     INFO: DUT info: 
[10:21:49.479]     INFO: The DUT currently contains the following objects:
[10:21:49.480]     INFO:  2 TBM Cores tbm08c (2 ON)
[10:21:49.480]     INFO: 	TBM Core alpha (0): 7 registers set
[10:21:49.480]     INFO: 	TBM Core beta  (1): 7 registers set
[10:21:49.480]     INFO: 16 ROCs psi46digv21respin (16 ON) with 4160 pixelConfigs
[10:21:49.480]     INFO: 	ROC 0: 19 DACs set, Pixels: 0 masked, 0 active.
[10:21:49.480]     INFO: 	ROC 1: 19 DACs set, Pixels: 0 masked, 0 active.
[10:21:49.480]     INFO: 	ROC 2: 19 DACs set, Pixels: 0 masked, 0 active.
[10:21:49.480]     INFO: 	ROC 3: 19 DACs set, Pixels: 0 masked, 0 active.
[10:21:49.480]     INFO: 	ROC 4: 19 DACs set, Pixels: 0 masked, 0 active.
[10:21:49.480]     INFO: 	ROC 5: 19 DACs set, Pixels: 0 masked, 0 active.
[10:21:49.480]     INFO: 	ROC 6: 19 DACs set, Pixels: 0 masked, 0 active.
[10:21:49.480]     INFO: 	ROC 7: 19 DACs set, Pixels: 0 masked, 0 active.
[10:21:49.480]     INFO: 	ROC 8: 19 DACs set, Pixels: 0 masked, 0 active.
[10:21:49.480]     INFO: 	ROC 9: 19 DACs set, Pixels: 0 masked, 0 active.
[10:21:49.480]     INFO: 	ROC 10: 19 DACs set, Pixels: 0 masked, 0 active.
[10:21:49.480]     INFO: 	ROC 11: 19 DACs set, Pixels: 0 masked, 0 active.
[10:21:49.480]     INFO: 	ROC 12: 19 DACs set, Pixels: 0 masked, 0 active.
[10:21:49.480]     INFO: 	ROC 13: 19 DACs set, Pixels: 0 masked, 0 active.
[10:21:49.480]     INFO: 	ROC 14: 19 DACs set, Pixels: 0 masked, 0 active.
[10:21:49.480]     INFO: 	ROC 15: 19 DACs set, Pixels: 0 masked, 0 active.
[10:21:49.480]    DEBUG: <PixTestParameters.cc/dump:L104> PixTestParameters: ->BB<-
[10:21:49.480]    DEBUG: <PixTestParameters.cc/dump:L107>   dumpall: checkbox(0)
[10:21:49.480]    DEBUG: <PixTestParameters.cc/dump:L107>   dumpproblematic: checkbox(0)
[10:21:49.480]    DEBUG: <PixTestParameters.cc/dump:L107>   ntrig: 5
[10:21:49.480]    DEBUG: <PixTestParameters.cc/dump:L107>   vcals: 250
[10:21:49.480]    DEBUG: <PixTestParameters.cc/dump:L104> PixTestParameters: ->BB2<-
[10:21:49.480]    DEBUG: <PixTestParameters.cc/dump:L107>   ntrig: 10
[10:21:49.480]    DEBUG: <PixTestParameters.cc/dump:L107>   vcals: 222
[10:21:49.480]    DEBUG: <PixTestParameters.cc/dump:L107>   plwidth: 35
[10:21:49.480]    DEBUG: <PixTestParameters.cc/dump:L107>   pix: 11,20
[10:21:49.480]    DEBUG: <PixTestParameters.cc/dump:L107>   targetia: 24
[10:21:49.480]    DEBUG: <PixTestParameters.cc/dump:L104> PixTestParameters: ->BB3<-
[10:21:49.480]    DEBUG: <PixTestParameters.cc/dump:L107>   dumpall: checkbox(0)
[10:21:49.480]    DEBUG: <PixTestParameters.cc/dump:L107>   dumpproblematic: checkbox(0)
[10:21:49.480]    DEBUG: <PixTestParameters.cc/dump:L107>   ntrig: 5
[10:21:49.481]    DEBUG: <PixTestParameters.cc/dump:L107>   vcals: 250
[10:21:49.481]    DEBUG: <PixTestParameters.cc/dump:L104> PixTestParameters: ->BB4<-
[10:21:49.481]    DEBUG: <PixTestParameters.cc/dump:L107>   savecaldelscan: checkbox(0)
[10:21:49.481]    DEBUG: <PixTestParameters.cc/dump:L107>   ntrig: 100
[10:21:49.481]    DEBUG: <PixTestParameters.cc/dump:L107>   cals: 1
[10:21:49.481]    DEBUG: <PixTestParameters.cc/dump:L107>   caldello: 80
[10:21:49.481]    DEBUG: <PixTestParameters.cc/dump:L107>   caldelhi: 200
[10:21:49.481]    DEBUG: <PixTestParameters.cc/dump:L107>   caldelstep: 10
[10:21:49.481]    DEBUG: <PixTestParameters.cc/dump:L107>   vthrcomplo: 70
[10:21:49.481]    DEBUG: <PixTestParameters.cc/dump:L107>   vthrcomphi: 130
[10:21:49.481]    DEBUG: <PixTestParameters.cc/dump:L107>   vthrcompstep: 5
[10:21:49.481]    DEBUG: <PixTestParameters.cc/dump:L107>   noisypixels: 10
[10:21:49.481]    DEBUG: <PixTestParameters.cc/dump:L107>   vcal: 255
[10:21:49.481]    DEBUG: <PixTestParameters.cc/dump:L107>   cut: 0.5
[10:21:49.481]    DEBUG: <PixTestParameters.cc/dump:L104> PixTestParameters: ->Cmd<-
[10:21:49.481]    DEBUG: <PixTestParameters.cc/dump:L104> PixTestParameters: ->DAQ<-
[10:21:49.481]    DEBUG: <PixTestParameters.cc/dump:L107>   delaytbm: checkbox
[10:21:49.481]    DEBUG: <PixTestParameters.cc/dump:L107>   filltree: checkbox
[10:21:49.481]    DEBUG: <PixTestParameters.cc/dump:L107>   trgfrequency(khz): 100
[10:21:49.481]    DEBUG: <PixTestParameters.cc/dump:L107>   maskhotpixels: button
[10:21:49.481]    DEBUG: <PixTestParameters.cc/dump:L107>   trgnumber: 5
[10:21:49.481]    DEBUG: <PixTestParameters.cc/dump:L107>   iterations: 10
[10:21:49.481]    DEBUG: <PixTestParameters.cc/dump:L107>   rundaqtrg: button
[10:21:49.481]    DEBUG: <PixTestParameters.cc/dump:L107>   daqseconds: 5
[10:21:49.481]    DEBUG: <PixTestParameters.cc/dump:L107>   rundaqseconds: button
[10:21:49.481]    DEBUG: <PixTestParameters.cc/dump:L104> PixTestParameters: ->DacDacScan<-
[10:21:49.481]    DEBUG: <PixTestParameters.cc/dump:L107>   phmap: checkbox
[10:21:49.481]    DEBUG: <PixTestParameters.cc/dump:L107>   ntrig: 10
[10:21:49.481]    DEBUG: <PixTestParameters.cc/dump:L107>   dac1: caldel
[10:21:49.481]    DEBUG: <PixTestParameters.cc/dump:L107>   dac1lo: 0
[10:21:49.481]    DEBUG: <PixTestParameters.cc/dump:L107>   dac1hi: 255
[10:21:49.481]    DEBUG: <PixTestParameters.cc/dump:L107>   dac2: vthrcomp
[10:21:49.481]    DEBUG: <PixTestParameters.cc/dump:L107>   dac2lo: 0
[10:21:49.481]    DEBUG: <PixTestParameters.cc/dump:L107>   dac2hi: 255
[10:21:49.481]    DEBUG: <PixTestParameters.cc/dump:L107>   pix: 11,20
[10:21:49.481]    DEBUG: <PixTestParameters.cc/dump:L104> PixTestParameters: ->DacScan<-
[10:21:49.481]    DEBUG: <PixTestParameters.cc/dump:L107>   phmap: checkbox(1)
[10:21:49.481]    DEBUG: <PixTestParameters.cc/dump:L107>   allpixels: checkbox(0)
[10:21:49.481]    DEBUG: <PixTestParameters.cc/dump:L107>   unmasked: checkbox(0)
[10:21:49.481]    DEBUG: <PixTestParameters.cc/dump:L107>   ntrig: 10
[10:21:49.481]    DEBUG: <PixTestParameters.cc/dump:L107>   dac: vcal
[10:21:49.481]    DEBUG: <PixTestParameters.cc/dump:L107>   daclo: 0
[10:21:49.481]    DEBUG: <PixTestParameters.cc/dump:L107>   dachi: 255
[10:21:49.481]    DEBUG: <PixTestParameters.cc/dump:L107>   pix: 11,20
[10:21:49.481]    DEBUG: <PixTestParameters.cc/dump:L104> PixTestParameters: ->GainPedestal<-
[10:21:49.481]    DEBUG: <PixTestParameters.cc/dump:L107>   showfits: checkbox(0)
[10:21:49.481]    DEBUG: <PixTestParameters.cc/dump:L107>   extended: checkbox(0)
[10:21:49.481]    DEBUG: <PixTestParameters.cc/dump:L107>   dumphists: checkbox(0)
[10:21:49.481]    DEBUG: <PixTestParameters.cc/dump:L107>   ntrig: 10
[10:21:49.481]    DEBUG: <PixTestParameters.cc/dump:L107>   vcalstep: 10
[10:21:49.481]    DEBUG: <PixTestParameters.cc/dump:L107>   measure: button
[10:21:49.481]    DEBUG: <PixTestParameters.cc/dump:L107>   fit: button
[10:21:49.481]    DEBUG: <PixTestParameters.cc/dump:L107>   save: button
[10:21:49.481]    DEBUG: <PixTestParameters.cc/dump:L104> PixTestParameters: ->HighRate<-
[10:21:49.481]    DEBUG: <PixTestParameters.cc/dump:L107>   pix: 11,20
[10:21:49.481]    DEBUG: <PixTestParameters.cc/dump:L107>   trimhotpixels: button
[10:21:49.481]    DEBUG: <PixTestParameters.cc/dump:L107>   trimhotpixelthr: 200
[10:21:49.481]    DEBUG: <PixTestParameters.cc/dump:L107>   runsecondshotpixels: 10
[10:21:49.481]    DEBUG: <PixTestParameters.cc/dump:L107>   savetrimbits: checkbox(1)
[10:21:49.481]    DEBUG: <PixTestParameters.cc/dump:L107>   maskuntrimmable: checkbox(1)
[10:21:49.481]    DEBUG: <PixTestParameters.cc/dump:L107>   maskhotpixels: button
[10:21:49.481]    DEBUG: <PixTestParameters.cc/dump:L107>   savemaskfile: checkbox(0)
[10:21:49.481]    DEBUG: <PixTestParameters.cc/dump:L107>   maskfilename: default
[10:21:49.481]    DEBUG: <PixTestParameters.cc/dump:L107>   caldelscan: button
[10:21:49.481]    DEBUG: <PixTestParameters.cc/dump:L107>   xpixelalive: button
[10:21:49.481]    DEBUG: <PixTestParameters.cc/dump:L107>   ntrig: 50
[10:21:49.482]    DEBUG: <PixTestParameters.cc/dump:L107>   vcal: 200
[10:21:49.482]    DEBUG: <PixTestParameters.cc/dump:L107>   xnoisemaps: button
[10:21:49.482]    DEBUG: <PixTestParameters.cc/dump:L107>   daclo: 0
[10:21:49.482]    DEBUG: <PixTestParameters.cc/dump:L107>   dachi: 100
[10:21:49.482]    DEBUG: <PixTestParameters.cc/dump:L107>   dacs/step: 20
[10:21:49.482]    DEBUG: <PixTestParameters.cc/dump:L107>   rundaq: button
[10:21:49.482]    DEBUG: <PixTestParameters.cc/dump:L107>   trgfrequency(khz): 20
[10:21:49.482]    DEBUG: <PixTestParameters.cc/dump:L107>   runseconds: 2
[10:21:49.482]    DEBUG: <PixTestParameters.cc/dump:L107>   triggerdelay: 20
[10:21:49.482]    DEBUG: <PixTestParameters.cc/dump:L107>   delaytbm: checkbox
[10:21:49.482]    DEBUG: <PixTestParameters.cc/dump:L107>   filltree: checkbox
[10:21:49.482]    DEBUG: <PixTestParameters.cc/dump:L104> PixTestParameters: ->IV<-
[10:21:49.482]    DEBUG: <PixTestParameters.cc/dump:L107>   port: /dev/FIXME
[10:21:49.482]    DEBUG: <PixTestParameters.cc/dump:L107>   voltagestart: 0
[10:21:49.482]    DEBUG: <PixTestParameters.cc/dump:L107>   voltagestop: 600
[10:21:49.482]    DEBUG: <PixTestParameters.cc/dump:L107>   voltagestep: 5
[10:21:49.482]    DEBUG: <PixTestParameters.cc/dump:L107>   delay: 1
[10:21:49.482]    DEBUG: <PixTestParameters.cc/dump:L107>   compliance(ua): 100
[10:21:49.482]    DEBUG: <PixTestParameters.cc/dump:L104> PixTestParameters: ->PhOptimization<-
[10:21:49.482]    DEBUG: <PixTestParameters.cc/dump:L107>   ntrig: 10
[10:21:49.482]    DEBUG: <PixTestParameters.cc/dump:L107>   safetymarginlow: 20
[10:21:49.482]    DEBUG: <PixTestParameters.cc/dump:L107>   saturationvcal: 100
[10:21:49.482]    DEBUG: <PixTestParameters.cc/dump:L107>   quantilesaturation: 0.98
[10:21:49.482]    DEBUG: <PixTestParameters.cc/dump:L104> PixTestParameters: ->PixelAlive<-
[10:21:49.482]    DEBUG: <PixTestParameters.cc/dump:L107>   ntrig: 10
[10:21:49.482]    DEBUG: <PixTestParameters.cc/dump:L107>   vcal: 200
[10:21:49.482]    DEBUG: <PixTestParameters.cc/dump:L107>   alivetest: button
[10:21:49.482]    DEBUG: <PixTestParameters.cc/dump:L107>   masktest: button
[10:21:49.482]    DEBUG: <PixTestParameters.cc/dump:L107>   addressdecodingtest: button
[10:21:49.482]    DEBUG: <PixTestParameters.cc/dump:L104> PixTestParameters: ->Pretest<-
[10:21:49.482]    DEBUG: <PixTestParameters.cc/dump:L107>   programroc: button
[10:21:49.482]    DEBUG: <PixTestParameters.cc/dump:L107>   targetia: 24
[10:21:49.482]    DEBUG: <PixTestParameters.cc/dump:L107>   setvana: button
[10:21:49.482]    DEBUG: <PixTestParameters.cc/dump:L107>   iterations: 100
[10:21:49.482]    DEBUG: <PixTestParameters.cc/dump:L107>   settimings: button
[10:21:49.482]    DEBUG: <PixTestParameters.cc/dump:L107>   findtiming: button
[10:21:49.482]    DEBUG: <PixTestParameters.cc/dump:L107>   findworkingpixel: button
[10:21:49.482]    DEBUG: <PixTestParameters.cc/dump:L107>   setvthrcompcaldel: button
[10:21:49.482]    DEBUG: <PixTestParameters.cc/dump:L107>   pix: 11,20
[10:21:49.482]    DEBUG: <PixTestParameters.cc/dump:L107>   vcal: 250
[10:21:49.482]    DEBUG: <PixTestParameters.cc/dump:L107>   deltavthrcomp: 50
[10:21:49.482]    DEBUG: <PixTestParameters.cc/dump:L107>   fraccaldel: 0.5
[10:21:49.482]    DEBUG: <PixTestParameters.cc/dump:L107>   ntrig: 5
[10:21:49.482]    DEBUG: <PixTestParameters.cc/dump:L107>   savedacs: button
[10:21:49.482]    DEBUG: <PixTestParameters.cc/dump:L104> PixTestParameters: ->Readback<-
[10:21:49.482]    DEBUG: <PixTestParameters.cc/dump:L107>   calibratevd: button
[10:21:49.482]    DEBUG: <PixTestParameters.cc/dump:L107>   calibrateva: button
[10:21:49.482]    DEBUG: <PixTestParameters.cc/dump:L107>   calibrateia: button
[10:21:49.482]    DEBUG: <PixTestParameters.cc/dump:L107>   readbackvbg: button
[10:21:49.482]    DEBUG: <PixTestParameters.cc/dump:L107>   getcalibratedvbg: button
[10:21:49.482]    DEBUG: <PixTestParameters.cc/dump:L107>   usecalvd: checkbox(1)
[10:21:49.482]    DEBUG: <PixTestParameters.cc/dump:L107>   usecalva: checkbox(0)
[10:21:49.482]    DEBUG: <PixTestParameters.cc/dump:L107>   setvana: button
[10:21:49.482]    DEBUG: <PixTestParameters.cc/dump:L104> PixTestParameters: ->Scurves<-
[10:21:49.482]    DEBUG: <PixTestParameters.cc/dump:L107>   adjustvcal: checkbox(0)
[10:21:49.482]    DEBUG: <PixTestParameters.cc/dump:L107>   dumpall: checkbox(0)
[10:21:49.482]    DEBUG: <PixTestParameters.cc/dump:L107>   dumpproblematic: checkbox(0)
[10:21:49.482]    DEBUG: <PixTestParameters.cc/dump:L107>   dumpoutputfile: checkbox(0)
[10:21:49.482]    DEBUG: <PixTestParameters.cc/dump:L107>   ntrig: 50
[10:21:49.482]    DEBUG: <PixTestParameters.cc/dump:L107>   dac: Vcal
[10:21:49.482]    DEBUG: <PixTestParameters.cc/dump:L107>   daclo: 0
[10:21:49.482]    DEBUG: <PixTestParameters.cc/dump:L107>   dachi: 200
[10:21:49.482]    DEBUG: <PixTestParameters.cc/dump:L107>   dacs/step: -1
[10:21:49.482]    DEBUG: <PixTestParameters.cc/dump:L107>   ntrig/step: -1
[10:21:49.482]    DEBUG: <PixTestParameters.cc/dump:L107>   scurves: button
[10:21:49.482]    DEBUG: <PixTestParameters.cc/dump:L104> PixTestParameters: ->Timing<-
[10:21:49.482]    DEBUG: <PixTestParameters.cc/dump:L107>   targetclk: 4
[10:21:49.483]    DEBUG: <PixTestParameters.cc/dump:L107>   ntrig: 10
[10:21:49.483]    DEBUG: <PixTestParameters.cc/dump:L107>   clocksdascan: button
[10:21:49.483]    DEBUG: <PixTestParameters.cc/dump:L107>   notokenpass: checkbox(0)
[10:21:49.483]    DEBUG: <PixTestParameters.cc/dump:L107>   phasescan: button
[10:21:49.483]    DEBUG: <PixTestParameters.cc/dump:L107>   levelscan: button
[10:21:49.483]    DEBUG: <PixTestParameters.cc/dump:L107>   tbmphasescan: button
[10:21:49.483]    DEBUG: <PixTestParameters.cc/dump:L107>   rocdelayscan: button
[10:21:49.483]    DEBUG: <PixTestParameters.cc/dump:L107>   timingtest: button
[10:21:49.483]    DEBUG: <PixTestParameters.cc/dump:L107>   saveparameters: button
[10:21:49.483]    DEBUG: <PixTestParameters.cc/dump:L104> PixTestParameters: ->Trim<-
[10:21:49.483]    DEBUG: <PixTestParameters.cc/dump:L107>   trim: button
[10:21:49.483]    DEBUG: <PixTestParameters.cc/dump:L107>   ntrig: 8
[10:21:49.483]    DEBUG: <PixTestParameters.cc/dump:L107>   vcal: 35
[10:21:49.483]    DEBUG: <PixTestParameters.cc/dump:L107>   trimbits: button
[10:21:49.483]    DEBUG: <PixTestParameters.cc/dump:L104> PixTestParameters: ->Xray<-
[10:21:49.483]    DEBUG: <PixTestParameters.cc/dump:L107>   maskhotpixels: button
[10:21:49.483]    DEBUG: <PixTestParameters.cc/dump:L107>   savemaskfile: checkbox(0)
[10:21:49.483]    DEBUG: <PixTestParameters.cc/dump:L107>   maskfilename: default
[10:21:49.483]    DEBUG: <PixTestParameters.cc/dump:L107>   source: Ag
[10:21:49.483]    DEBUG: <PixTestParameters.cc/dump:L107>   phrun: button
[10:21:49.483]    DEBUG: <PixTestParameters.cc/dump:L107>   runseconds: 100
[10:21:49.483]    DEBUG: <PixTestParameters.cc/dump:L107>   trgfrequency(khz): 100
[10:21:49.483]    DEBUG: <PixTestParameters.cc/dump:L107>   ratescan: button
[10:21:49.483]    DEBUG: <PixTestParameters.cc/dump:L107>   vthrcompmin: 10
[10:21:49.483]    DEBUG: <PixTestParameters.cc/dump:L107>   vthrcompmax: 80
[10:21:49.483]    DEBUG: <PixTestParameters.cc/dump:L107>   stepseconds: 5
[10:21:49.483]    DEBUG: <PixTestParameters.cc/dump:L107>   delaytbm: checkbox
[10:21:49.483]    DEBUG: <PixTestParameters.cc/dump:L107>   filltree: checkbox
[10:21:49.485]    DEBUG: <PixSetup.cc/init:L81> PixSetup init start; getCurrentRSS() = 32772096
[10:21:49.485]    DEBUG: <PixSetup.cc/init:L87> fPixTestParameters = 0x129b7a0
[10:21:49.485]    DEBUG: <PixSetup.cc/init:L88>  fConfigParameters = 0x1229c40
[10:21:49.485]    DEBUG: <PixSetup.cc/init:L89>        fPxarMemory = 0x7fa329d94010
[10:21:49.485]    DEBUG: <PixSetup.cc/init:L90>         fPxarMemHi = 0x7fa32ffff510
[10:21:49.485]    DEBUG: <PixSetup.cc/init:L106> PixSetup init done;  getCurrentRSS() = 32780288 fPxarMemory = 0x7fa329d94010
[10:21:49.486]    DEBUG: <pXar.cc/main:L223> Initial Analog Current: 380.2mA
[10:21:49.488]    DEBUG: <pXar.cc/main:L224> Initial Digital Current: 471.1mA
[10:21:49.488]    DEBUG: <pXar.cc/main:L225> Initial Module Temperature: -0.4 C
[10:21:49.975]    DEBUG: <PixGui.cc/hvOn:L460> HV set On: 0x18724f0
[10:21:50.035]    DEBUG: <PixTestFactory.cc/PixTestFactory:L53> PixTestFactory::PixTestFactory()
[10:21:50.036]    DEBUG: <PixTestBBMap.cc/init:L79> PixTestBBMap::init()
[10:21:50.036]    DEBUG: <PixTestBBMap.cc/PixTestBBMap:L27> PixTestBBMap ctor(PixSetup &a, string, TGTab *)
[10:21:50.041]    DEBUG: <PixTestBB2Map.cc/setParameter:L58> setting fTargetIa    = 24 mA/ROC
[10:21:50.041]    DEBUG: <PixTestBB2Map.cc/init:L97> PixTestBB2Map::init()
[10:21:50.041]    DEBUG: <PixTestBB2Map.cc/PixTestBB2Map:L29> PixTestBB2Map ctor(PixSetup &a, string, TGTab *)
[10:21:50.051]    DEBUG: <PixTestBB3Map.cc/init:L81> PixTestBB3Map::init()
[10:21:50.051]    DEBUG: <PixTestBB3Map.cc/PixTestBB3Map:L29> PixTestBB3Map ctor(PixSetup &a, string, TGTab *)
[10:21:50.073]    DEBUG: <PixTestBB4Map.cc/init:L93> PixTestBB4Map::init()
[10:21:50.073]    DEBUG: <PixTestBB4Map.cc/PixTestBB4Map:L26> PixTestMapeff ctor(PixSetup &a, string, TGTab *)
[10:21:50.085]     INFO: PixTestCmd::init()
[10:21:50.090]    DEBUG: <PixTestDaq.cc/init:L44> PixTestDaq::init()
[10:21:50.090]    DEBUG: <PixTestDaq.cc/PixTestDaq:L22> PixTestDaq ctor(PixSetup &a, string, TGTab *)
[10:21:50.090]     INFO: readGainPedestalParameters ./data/mg202/phCalibrationFitErr35_C0.dat .. ./data/mg202/phCalibrationFitErr35_C15.dat
[10:21:50.335]    DEBUG: <PixTestDacDacScan.cc/init:L103> PixTestDacDacScan::init()
[10:21:50.335]    DEBUG: <PixTestDacDacScan.cc/PixTestDacDacScan:L22> PixTestDacDacScan ctor(PixSetup &a, string, TGTab *)
[10:21:50.348]    DEBUG: <PixTestGainPedestal.cc/setParameter:L83> PixTestGainPedestal::PixTest() fVcalStep = 10
[10:21:50.354]    DEBUG: <PixTestHighRate.cc/setParameter:L68>   setting fParTriggerFrequency -> 20
[10:21:50.354]    DEBUG: <PixTestHighRate.cc/init:L198> PixTestHighRate::init()
[10:21:50.354]    DEBUG: <PixTestHighRate.cc/PixTestHighRate:L31> PixTestHighRate ctor(PixSetup &a, string, TGTab *)
[10:21:50.379]    DEBUG: <PixTest.cc/setTestParameter:L637>  setting  ntrig to new value 10
[10:21:50.379]    DEBUG: <PixTestPhOptimization.cc/setParameter:L37>   setting fParNtrig  ->10<- from sval = 10
[10:21:50.379]    DEBUG: <PixTestPhOptimization.cc/setParameter:L42>   setting fSafetyMarginLow  ->20<- from sval = 20
[10:21:50.379]    DEBUG: <PixTestPhOptimization.cc/setParameter:L48>   setting fVcalMax  ->100<- from sval = 100
[10:21:50.379]    DEBUG: <PixTestPhOptimization.cc/setParameter:L53>   setting fQuantMax  ->0.98<- from sval = 0.98
[10:21:50.385]    DEBUG: <PixTestAlive.cc/init:L77> PixTestAlive::init()
[10:21:50.385]    DEBUG: <PixTestAlive.cc/PixTestAlive:L21> PixTestAlive ctor(PixSetup &a, string, TGTab *)
[10:21:50.398]    DEBUG: <PixTestReadback.cc/setParameter:L172> fCalwVd set to 1
[10:21:50.398]    DEBUG: <PixTestReadback.cc/init:L95> PixTestReadback::init()
[10:21:50.398]    DEBUG: <PixTestReadback.cc/PixTestReadback:L22> PixTestReadback ctor(PixSetup &a, string, TGTab *)
[10:21:50.398]     INFO: readReadbackCal: ./data/mg202/readbackCal_C0.dat .. ./data/mg202/readbackCal_C15.dat
[10:21:50.410]    DEBUG: <PixTestScurves.cc/setParameter:L93> set fOutputFilename = 
[10:21:50.417]    DEBUG: <PixTestTiming.cc/setParameter:L60> PixTestTiming::PixTest() targetclk = 4
[10:21:50.417]    DEBUG: <PixTestTiming.cc/setParameter:L64> PixTestTiming::PixTest() ntrig = 10
[10:21:50.417]    DEBUG: <PixTestTiming.cc/setParameter:L48> fNoTokenPass: 0
[10:21:50.417]    DEBUG: <PixTestTiming.cc/init:L74> PixTestTiming::init()
[10:21:50.431]    DEBUG: <PixTestXray.cc/init:L134> PixTestXray::init()
[10:21:50.431]    DEBUG: <PixTestXray.cc/PixTestXray:L28> PixTestXray ctor(PixSetup &a, string, TGTab *)
[10:21:55.413]    DEBUG: <PixTab.cc/buttonClicked:L308> xxxPressed():  caldelscan
[10:21:55.413]    DEBUG: <PixTestHighRate.cc/runCommand:L157> running command: caldelscan
[10:21:55.413]     INFO:    ----------------------------------------------------------------------
[10:21:55.413]     INFO:    PixTestHighRate::calDelScan() ntrig = 10, vcal = 200
[10:21:55.413]     INFO:    ----------------------------------------------------------------------
[10:21:55.554]     INFO: Expecting 768 events.
[10:21:56.690]     INFO: 768 events read in total (418ms).
[10:21:56.879]     INFO: Test took 1460ms.
[10:21:56.885]    DEBUG: <PixTest.cc/efficiencyMaps:L396>       attempt #0
[10:21:57.551]     INFO: Expecting 41600 events.
[10:22:00.893]     INFO: 41600 events read in total (2815ms).
[10:22:00.898]     INFO: Test took 4013ms.
[10:22:00.997]     INFO: Fetched DAQ statistics. Counters are being reset now.
[10:22:00.997]    DEBUG: <PixTest.cc/efficiencyMaps:L407>  eff result size = 575012
[10:22:00.997]    DEBUG: <PixTest.cc/efficiencyMaps:L412> Create hists HR_xeff_CalDelScan_step0_C0 .. HR_xeff_CalDelScan_step0_C15
[10:22:00.997]    DEBUG: <PixTest.cc/efficiencyMaps:L426> booking xray maps for unmasked detector
[10:22:01.042]    DEBUG: <PixTest.cc/efficiencyMaps:L396>       attempt #0
[10:22:01.707]     INFO: Expecting 41600 events.
[10:22:05.158]     INFO: 41600 events read in total (2924ms).
[10:22:05.164]     INFO: Test took 4122ms.
[10:22:05.266]     INFO: Fetched DAQ statistics. Counters are being reset now.
[10:22:05.266]    DEBUG: <PixTest.cc/efficiencyMaps:L407>  eff result size = 580662
[10:22:05.266]    DEBUG: <PixTest.cc/efficiencyMaps:L412> Create hists HR_xeff_CalDelScan_step1_C0 .. HR_xeff_CalDelScan_step1_C15
[10:22:05.266]    DEBUG: <PixTest.cc/efficiencyMaps:L426> booking xray maps for unmasked detector
[10:22:05.312]    DEBUG: <PixTest.cc/efficiencyMaps:L396>       attempt #0
[10:22:05.977]     INFO: Expecting 41600 events.
[10:22:09.471]     INFO: 41600 events read in total (2967ms).
[10:22:09.475]     INFO: Test took 4163ms.
[10:22:09.576]     INFO: Fetched DAQ statistics. Counters are being reset now.
[10:22:09.576]    DEBUG: <PixTest.cc/efficiencyMaps:L407>  eff result size = 585957
[10:22:09.576]    DEBUG: <PixTest.cc/efficiencyMaps:L412> Create hists HR_xeff_CalDelScan_step2_C0 .. HR_xeff_CalDelScan_step2_C15
[10:22:09.576]    DEBUG: <PixTest.cc/efficiencyMaps:L426> booking xray maps for unmasked detector
[10:22:09.623]    DEBUG: <PixTest.cc/efficiencyMaps:L396>       attempt #0
[10:22:10.288]     INFO: Expecting 41600 events.
[10:22:13.775]     INFO: 41600 events read in total (2961ms).
[10:22:13.779]     INFO: Test took 4156ms.
[10:22:13.881]     INFO: Fetched DAQ statistics. Counters are being reset now.
[10:22:13.881]    DEBUG: <PixTest.cc/efficiencyMaps:L407>  eff result size = 585307
[10:22:13.881]    DEBUG: <PixTest.cc/efficiencyMaps:L412> Create hists HR_xeff_CalDelScan_step3_C0 .. HR_xeff_CalDelScan_step3_C15
[10:22:13.881]    DEBUG: <PixTest.cc/efficiencyMaps:L426> booking xray maps for unmasked detector
[10:22:13.929]    DEBUG: <PixTest.cc/efficiencyMaps:L396>       attempt #0
[10:22:14.596]     INFO: Expecting 41600 events.
[10:22:18.095]     INFO: 41600 events read in total (2972ms).
[10:22:18.100]     INFO: Test took 4171ms.
[10:22:18.201]     INFO: Fetched DAQ statistics. Counters are being reset now.
[10:22:18.201]    DEBUG: <PixTest.cc/efficiencyMaps:L407>  eff result size = 587079
[10:22:18.201]    DEBUG: <PixTest.cc/efficiencyMaps:L412> Create hists HR_xeff_CalDelScan_step4_C0 .. HR_xeff_CalDelScan_step4_C15
[10:22:18.201]    DEBUG: <PixTest.cc/efficiencyMaps:L426> booking xray maps for unmasked detector
[10:22:18.248]    DEBUG: <PixTest.cc/efficiencyMaps:L396>       attempt #0
[10:22:18.913]     INFO: Expecting 41600 events.
[10:22:22.425]     INFO: 41600 events read in total (2985ms).
[10:22:22.429]     INFO: Test took 4181ms.
[10:22:22.531]     INFO: Fetched DAQ statistics. Counters are being reset now.
[10:22:22.531]    DEBUG: <PixTest.cc/efficiencyMaps:L407>  eff result size = 586378
[10:22:22.532]    DEBUG: <PixTest.cc/efficiencyMaps:L412> Create hists HR_xeff_CalDelScan_step5_C0 .. HR_xeff_CalDelScan_step5_C15
[10:22:22.532]    DEBUG: <PixTest.cc/efficiencyMaps:L426> booking xray maps for unmasked detector
[10:22:22.581]    DEBUG: <PixTest.cc/efficiencyMaps:L396>       attempt #0
[10:22:23.248]     INFO: Expecting 41600 events.
[10:22:26.764]     INFO: 41600 events read in total (2990ms).
[10:22:26.768]     INFO: Test took 4187ms.
[10:22:26.869]     INFO: Fetched DAQ statistics. Counters are being reset now.
[10:22:26.869]    DEBUG: <PixTest.cc/efficiencyMaps:L407>  eff result size = 585078
[10:22:26.869]    DEBUG: <PixTest.cc/efficiencyMaps:L412> Create hists HR_xeff_CalDelScan_step6_C0 .. HR_xeff_CalDelScan_step6_C15
[10:22:26.869]    DEBUG: <PixTest.cc/efficiencyMaps:L426> booking xray maps for unmasked detector
[10:22:26.916]    DEBUG: <PixTest.cc/efficiencyMaps:L396>       attempt #0
[10:22:27.581]     INFO: Expecting 41600 events.
[10:22:31.090]     INFO: 41600 events read in total (2983ms).
[10:22:31.094]     INFO: Test took 4178ms.
[10:22:31.195]     INFO: Fetched DAQ statistics. Counters are being reset now.
[10:22:31.195]    DEBUG: <PixTest.cc/efficiencyMaps:L407>  eff result size = 586146
[10:22:31.195]    DEBUG: <PixTest.cc/efficiencyMaps:L412> Create hists HR_xeff_CalDelScan_step7_C0 .. HR_xeff_CalDelScan_step7_C15
[10:22:31.195]    DEBUG: <PixTest.cc/efficiencyMaps:L426> booking xray maps for unmasked detector
[10:22:31.242]    DEBUG: <PixTest.cc/efficiencyMaps:L396>       attempt #0
[10:22:31.908]     INFO: Expecting 41600 events.
[10:22:35.419]     INFO: 41600 events read in total (2984ms).
[10:22:35.423]     INFO: Test took 4181ms.
[10:22:35.525]     INFO: Fetched DAQ statistics. Counters are being reset now.
[10:22:35.525]    DEBUG: <PixTest.cc/efficiencyMaps:L407>  eff result size = 586005
[10:22:35.525]    DEBUG: <PixTest.cc/efficiencyMaps:L412> Create hists HR_xeff_CalDelScan_step8_C0 .. HR_xeff_CalDelScan_step8_C15
[10:22:35.526]    DEBUG: <PixTest.cc/efficiencyMaps:L426> booking xray maps for unmasked detector
[10:22:35.574]    DEBUG: <PixTest.cc/efficiencyMaps:L396>       attempt #0
[10:22:36.241]     INFO: Expecting 41600 events.
[10:22:39.748]     INFO: 41600 events read in total (2980ms).
[10:22:39.752]     INFO: Test took 4178ms.
[10:22:39.853]     INFO: Fetched DAQ statistics. Counters are being reset now.
[10:22:39.853]    DEBUG: <PixTest.cc/efficiencyMaps:L407>  eff result size = 585995
[10:22:39.853]    DEBUG: <PixTest.cc/efficiencyMaps:L412> Create hists HR_xeff_CalDelScan_step9_C0 .. HR_xeff_CalDelScan_step9_C15
[10:22:39.853]    DEBUG: <PixTest.cc/efficiencyMaps:L426> booking xray maps for unmasked detector
[10:22:39.900]    DEBUG: <PixTest.cc/efficiencyMaps:L396>       attempt #0
[10:22:40.565]     INFO: Expecting 41600 events.
[10:22:44.074]     INFO: 41600 events read in total (2983ms).
[10:22:44.078]     INFO: Test took 4178ms.
[10:22:44.179]     INFO: Fetched DAQ statistics. Counters are being reset now.
[10:22:44.180]    DEBUG: <PixTest.cc/efficiencyMaps:L407>  eff result size = 587030
[10:22:44.180]    DEBUG: <PixTest.cc/efficiencyMaps:L412> Create hists HR_xeff_CalDelScan_step10_C0 .. HR_xeff_CalDelScan_step10_C15
[10:22:44.180]    DEBUG: <PixTest.cc/efficiencyMaps:L426> booking xray maps for unmasked detector
[10:22:44.229]    DEBUG: <PixTest.cc/efficiencyMaps:L396>       attempt #0
[10:22:44.896]     INFO: Expecting 41600 events.
[10:22:48.402]     INFO: 41600 events read in total (2979ms).
[10:22:48.406]     INFO: Test took 4177ms.
[10:22:48.507]     INFO: Fetched DAQ statistics. Counters are being reset now.
[10:22:48.507]    DEBUG: <PixTest.cc/efficiencyMaps:L407>  eff result size = 585930
[10:22:48.507]    DEBUG: <PixTest.cc/efficiencyMaps:L412> Create hists HR_xeff_CalDelScan_step11_C0 .. HR_xeff_CalDelScan_step11_C15
[10:22:48.508]    DEBUG: <PixTest.cc/efficiencyMaps:L426> booking xray maps for unmasked detector
[10:22:48.554]    DEBUG: <PixTest.cc/efficiencyMaps:L396>       attempt #0
[10:22:49.219]     INFO: Expecting 41600 events.
[10:22:52.728]     INFO: 41600 events read in total (2982ms).
[10:22:52.732]     INFO: Test took 4178ms.
[10:22:52.832]     INFO: Fetched DAQ statistics. Counters are being reset now.
[10:22:52.832]    DEBUG: <PixTest.cc/efficiencyMaps:L407>  eff result size = 585854
[10:22:52.832]    DEBUG: <PixTest.cc/efficiencyMaps:L412> Create hists HR_xeff_CalDelScan_step12_C0 .. HR_xeff_CalDelScan_step12_C15
[10:22:52.833]    DEBUG: <PixTest.cc/efficiencyMaps:L426> booking xray maps for unmasked detector
[10:22:52.879]    DEBUG: <PixTest.cc/efficiencyMaps:L396>       attempt #0
[10:22:53.545]     INFO: Expecting 41600 events.
[10:22:57.055]     INFO: 41600 events read in total (2984ms).
[10:22:57.059]     INFO: Test took 4180ms.
[10:22:57.162]     INFO: Fetched DAQ statistics. Counters are being reset now.
[10:22:57.162]    DEBUG: <PixTest.cc/efficiencyMaps:L407>  eff result size = 586373
[10:22:57.162]    DEBUG: <PixTest.cc/efficiencyMaps:L412> Create hists HR_xeff_CalDelScan_step13_C0 .. HR_xeff_CalDelScan_step13_C15
[10:22:57.162]    DEBUG: <PixTest.cc/efficiencyMaps:L426> booking xray maps for unmasked detector
[10:22:57.210]    DEBUG: <PixTest.cc/efficiencyMaps:L396>       attempt #0
[10:22:57.875]     INFO: Expecting 41600 events.
[10:23:01.392]     INFO: 41600 events read in total (2991ms).
[10:23:01.397]     INFO: Test took 4187ms.
[10:23:01.497]     INFO: Fetched DAQ statistics. Counters are being reset now.
[10:23:01.497]    DEBUG: <PixTest.cc/efficiencyMaps:L407>  eff result size = 585901
[10:23:01.497]    DEBUG: <PixTest.cc/efficiencyMaps:L412> Create hists HR_xeff_CalDelScan_step14_C0 .. HR_xeff_CalDelScan_step14_C15
[10:23:01.497]    DEBUG: <PixTest.cc/efficiencyMaps:L426> booking xray maps for unmasked detector
[10:23:01.544]    DEBUG: <PixTest.cc/efficiencyMaps:L396>       attempt #0
[10:23:02.209]     INFO: Expecting 41600 events.
[10:23:05.722]     INFO: 41600 events read in total (2986ms).
[10:23:05.726]     INFO: Test took 4182ms.
[10:23:05.828]     INFO: Fetched DAQ statistics. Counters are being reset now.
[10:23:05.828]    DEBUG: <PixTest.cc/efficiencyMaps:L407>  eff result size = 586671
[10:23:05.828]    DEBUG: <PixTest.cc/efficiencyMaps:L412> Create hists HR_xeff_CalDelScan_step15_C0 .. HR_xeff_CalDelScan_step15_C15
[10:23:05.828]    DEBUG: <PixTest.cc/efficiencyMaps:L426> booking xray maps for unmasked detector
[10:23:05.877]    DEBUG: <PixTest.cc/efficiencyMaps:L396>       attempt #0
[10:23:06.544]     INFO: Expecting 41600 events.
[10:23:10.069]     INFO: 41600 events read in total (2998ms).
[10:23:10.073]     INFO: Test took 4196ms.
[10:23:10.172]     INFO: Fetched DAQ statistics. Counters are being reset now.
[10:23:10.172]    DEBUG: <PixTest.cc/efficiencyMaps:L407>  eff result size = 585017
[10:23:10.172]    DEBUG: <PixTest.cc/efficiencyMaps:L412> Create hists HR_xeff_CalDelScan_step16_C0 .. HR_xeff_CalDelScan_step16_C15
[10:23:10.173]    DEBUG: <PixTest.cc/efficiencyMaps:L426> booking xray maps for unmasked detector
[10:23:10.220]    DEBUG: <PixTest.cc/efficiencyMaps:L396>       attempt #0
[10:23:10.886]     INFO: Expecting 41600 events.
[10:23:14.387]     INFO: 41600 events read in total (2974ms).
[10:23:14.391]     INFO: Test took 4171ms.
[10:23:14.493]     INFO: Fetched DAQ statistics. Counters are being reset now.
[10:23:14.493]    DEBUG: <PixTest.cc/efficiencyMaps:L407>  eff result size = 584230
[10:23:14.493]    DEBUG: <PixTest.cc/efficiencyMaps:L412> Create hists HR_xeff_CalDelScan_step17_C0 .. HR_xeff_CalDelScan_step17_C15
[10:23:14.493]    DEBUG: <PixTest.cc/efficiencyMaps:L426> booking xray maps for unmasked detector
[10:23:14.543]    DEBUG: <PixTest.cc/efficiencyMaps:L396>       attempt #0
[10:23:15.210]     INFO: Expecting 41600 events.
[10:23:18.671]     INFO: 41600 events read in total (2934ms).
[10:23:18.677]     INFO: Test took 4134ms.
[10:23:18.780]     INFO: Fetched DAQ statistics. Counters are being reset now.
[10:23:18.781]    DEBUG: <PixTest.cc/efficiencyMaps:L407>  eff result size = 582161
[10:23:18.781]    DEBUG: <PixTest.cc/efficiencyMaps:L412> Create hists HR_xeff_CalDelScan_step18_C0 .. HR_xeff_CalDelScan_step18_C15
[10:23:18.781]    DEBUG: <PixTest.cc/efficiencyMaps:L426> booking xray maps for unmasked detector
[10:23:18.828]    DEBUG: <PixTest.cc/efficiencyMaps:L396>       attempt #0
[10:23:19.495]     INFO: Expecting 41600 events.
[10:23:22.897]     INFO: 41600 events read in total (2875ms).
[10:23:22.901]     INFO: Test took 4073ms.
[10:23:23.000]     INFO: Fetched DAQ statistics. Counters are being reset now.
[10:23:23.000]    DEBUG: <PixTest.cc/efficiencyMaps:L407>  eff result size = 577613
[10:23:23.000]    DEBUG: <PixTest.cc/efficiencyMaps:L412> Create hists HR_xeff_CalDelScan_step19_C0 .. HR_xeff_CalDelScan_step19_C15
[10:23:23.000]    DEBUG: <PixTest.cc/efficiencyMaps:L426> booking xray maps for unmasked detector
[10:23:23.282]    DEBUG: <PixTestHighRate.cc/doCalDelScan:L422> roc  0: caldel = 154 eff = 0.999567
[10:23:23.282]    DEBUG: <PixTestHighRate.cc/doCalDelScan:L422> roc  1: caldel = 169 eff = 0.999736
[10:23:23.282]    DEBUG: <PixTestHighRate.cc/doCalDelScan:L422> roc  2: caldel = 171 eff = 0.999279
[10:23:23.282]    DEBUG: <PixTestHighRate.cc/doCalDelScan:L422> roc  3: caldel = 151 eff = 0.998365
[10:23:23.283]    DEBUG: <PixTestHighRate.cc/doCalDelScan:L422> roc  4: caldel = 178 eff = 0.998173
[10:23:23.283]    DEBUG: <PixTestHighRate.cc/doCalDelScan:L422> roc  5: caldel = 156 eff = 0.998558
[10:23:23.283]    DEBUG: <PixTestHighRate.cc/doCalDelScan:L422> roc  6: caldel = 164 eff = 0.998221
[10:23:23.283]    DEBUG: <PixTestHighRate.cc/doCalDelScan:L422> roc  7: caldel = 166 eff = 0.998534
[10:23:23.283]    DEBUG: <PixTestHighRate.cc/doCalDelScan:L422> roc  8: caldel = 184 eff = 0.998486
[10:23:23.283]    DEBUG: <PixTestHighRate.cc/doCalDelScan:L422> roc  9: caldel = 171 eff = 0.998149
[10:23:23.284]    DEBUG: <PixTestHighRate.cc/doCalDelScan:L422> roc 10: caldel = 158 eff = 0.998269
[10:23:23.285]    DEBUG: <PixTestHighRate.cc/doCalDelScan:L422> roc 11: caldel = 149 eff = 0.998389
[10:23:23.285]    DEBUG: <PixTestHighRate.cc/doCalDelScan:L422> roc 12: caldel = 159 eff = 0.998341
[10:23:23.285]    DEBUG: <PixTestHighRate.cc/doCalDelScan:L422> roc 13: caldel = 145 eff = 0.999111
[10:23:23.285]    DEBUG: <PixTestHighRate.cc/doCalDelScan:L422> roc 14: caldel = 147 eff = 0.999639
[10:23:23.285]    DEBUG: <PixTestHighRate.cc/doCalDelScan:L422> roc 15: caldel = 163 eff = 0.999543
[10:23:36.405]    DEBUG: <PixTab.cc/buttonClicked:L308> xxxPressed():  xpixelalive
[10:23:36.405]    DEBUG: <PixTestHighRate.cc/runCommand:L157> running command: xpixelalive
[10:23:36.405]     INFO:    ----------------------------------------------------------------------
[10:23:36.405]     INFO:    PixTestHighRate::xPixelAlive() ntrig = 50, vcal = 200
[10:23:36.405]     INFO:    ----------------------------------------------------------------------
[10:23:36.406]    DEBUG: <PixTestHighRate.cc/doXPixelAlive:L451>  old set: clk: 4
[10:23:36.406]    DEBUG: <PixTestHighRate.cc/doXPixelAlive:L451>  old set: ctr: 4
[10:23:36.406]    DEBUG: <PixTestHighRate.cc/doXPixelAlive:L451>  old set: sda: 19
[10:23:36.406]    DEBUG: <PixTestHighRate.cc/doXPixelAlive:L451>  old set: tin: 9
[10:23:36.406]    DEBUG: <PixTestHighRate.cc/doXPixelAlive:L451>  old set: level: 15
[10:23:36.406]    DEBUG: <PixTestHighRate.cc/doXPixelAlive:L451>  old set: triggerdelay: 0
[10:23:36.406]    DEBUG: <PixTestHighRate.cc/doXPixelAlive:L467>  setting: clk: 4
[10:23:36.406]    DEBUG: <PixTestHighRate.cc/doXPixelAlive:L467>  setting: ctr: 4
[10:23:36.406]    DEBUG: <PixTestHighRate.cc/doXPixelAlive:L467>  setting: sda: 19
[10:23:36.406]    DEBUG: <PixTestHighRate.cc/doXPixelAlive:L467>  setting: tin: 9
[10:23:36.406]    DEBUG: <PixTestHighRate.cc/doXPixelAlive:L467>  setting: level: 15
[10:23:36.406]    DEBUG: <PixTestHighRate.cc/doXPixelAlive:L467>  setting: triggerdelay: 20
[10:23:36.437]    DEBUG: <PixTest.cc/efficiencyMaps:L396>       attempt #0
[10:23:37.106]     INFO: Expecting 208000 events.
[10:23:50.736]     INFO: 208000 events read in total (13103ms).
[10:23:50.750]     INFO: Test took 14313ms.
[10:23:51.221]     INFO: Fetched DAQ statistics. Counters are being reset now.
[10:23:51.221]    DEBUG: <PixTest.cc/efficiencyMaps:L407>  eff result size = 2644012
[10:23:51.221]    DEBUG: <PixTest.cc/efficiencyMaps:L412> Create hists highRate_C0 .. highRate_C15
[10:23:51.222]    DEBUG: <PixTest.cc/efficiencyMaps:L426> booking xray maps for unmasked detector
[10:23:51.631]     INFO: number of dead pixels (per ROC):     0    0    0    0    0    0    0    0    0    0    0    0    0    0    0    0
[10:23:51.631]     INFO: number of red-efficiency pixels:   115  103  230  416  355  344  338  292  317  352  359  319  388  195  121  152
[10:23:51.631]     INFO: number of X-ray hits detected:    86230 73524 127183 192485 205042 203550 201817 179846 199638 209469 205818 192173 195752 127878 78750 98297
[10:23:51.631]     INFO: number of triggers sent (total per ROC):  208000 208000 208000 208000 208000 208000 208000 208000 208000 208000 208000 208000 208000 208000 208000 208000
[10:23:51.631]     INFO: number of Vcal hits detected:  207883 207896 207753 207559 207636 207623 207633 207693 207667 207608 207626 207663 207585 207793 207879 207846
[10:23:51.631]     INFO: Vcal hit fiducial efficiency (%):  99.9 100.0 99.9 99.8 99.8 99.8 99.8 99.9 99.9 99.8 99.8 99.9 99.8 99.9 99.9 99.9
[10:23:51.631]     INFO: Vcal hit overall efficiency (%):  99.9 100.0 99.9 99.8 99.8 99.8 99.8 99.9 99.8 99.8 99.8 99.8 99.8 99.9 99.9 99.9
[10:23:51.631]     INFO: X-ray hit rate [MHz/cm2]:  25.3 21.6 37.3 56.4 60.1 59.7 59.2 52.7 58.5 61.4 60.3 56.3 57.4 37.5 23.1 28.8
[10:23:51.631]     INFO: PixTestHighRate::doXPixelAlive() done
[10:23:51.680]    DEBUG: <PixTestHighRate.cc/doXPixelAlive:L586>  resetting: clk: 4
[10:23:51.680]    DEBUG: <PixTestHighRate.cc/doXPixelAlive:L586>  resetting: ctr: 4
[10:23:51.680]    DEBUG: <PixTestHighRate.cc/doXPixelAlive:L586>  resetting: sda: 19
[10:23:51.680]    DEBUG: <PixTestHighRate.cc/doXPixelAlive:L586>  resetting: tin: 9
[10:23:51.680]    DEBUG: <PixTestHighRate.cc/doXPixelAlive:L586>  resetting: level: 15
[10:23:51.680]    DEBUG: <PixTestHighRate.cc/doXPixelAlive:L586>  resetting: triggerdelay: 0
[10:23:51.680]     INFO: PixTest::       pg_setup set to default.
[10:24:12.759]    DEBUG: <PixTab.cc/buttonClicked:L308> xxxPressed():  rundaq
[10:24:12.759]    DEBUG: <PixTestHighRate.cc/runCommand:L157> running command: rundaq
[10:24:12.759]     INFO:    ----------------------------------------------------------------------
[10:24:12.759]     INFO:    PixTestHighRate::runDaq() running for 2 seconds
[10:24:12.759]     INFO:    ----------------------------------------------------------------------
[10:24:12.787]    DEBUG: <PixTestHighRate.cc/doRunDaq:L769>  old set: clk: 4
[10:24:12.787]    DEBUG: <PixTestHighRate.cc/doRunDaq:L769>  old set: ctr: 4
[10:24:12.787]    DEBUG: <PixTestHighRate.cc/doRunDaq:L769>  old set: sda: 19
[10:24:12.787]    DEBUG: <PixTestHighRate.cc/doRunDaq:L769>  old set: tin: 9
[10:24:12.787]    DEBUG: <PixTestHighRate.cc/doRunDaq:L769>  old set: level: 15
[10:24:12.787]    DEBUG: <PixTestHighRate.cc/doRunDaq:L769>  old set: triggerdelay: 0
[10:24:12.787]    DEBUG: <PixTestHighRate.cc/doRunDaq:L785>  setting: clk: 4
[10:24:12.787]    DEBUG: <PixTestHighRate.cc/doRunDaq:L785>  setting: ctr: 4
[10:24:12.787]    DEBUG: <PixTestHighRate.cc/doRunDaq:L785>  setting: sda: 19
[10:24:12.787]    DEBUG: <PixTestHighRate.cc/doRunDaq:L785>  setting: tin: 9
[10:24:12.787]    DEBUG: <PixTestHighRate.cc/doRunDaq:L785>  setting: level: 15
[10:24:12.787]    DEBUG: <PixTestHighRate.cc/doRunDaq:L785>  setting: triggerdelay: 20
[10:24:13.745]     INFO: PixTestHighRate::doHitMap start TriggerLoop with trigger frequency 20 kHz, period 2011 and duration 2 seconds
[10:24:15.748]     INFO: data taking finished, elapsed time: 2 seconds.
[10:24:17.266]    DEBUG: <PixTestHighRate.cc/fillMap:L888> Processing Data: 39823 events with 489323 pixels
[10:24:17.271]     INFO: PixTest::       pg_setup set to default.
[10:24:17.401]    DEBUG: <PixTestHighRate.cc/doRunDaq:L803> analyzing hitMap_daqbbtest_C0_V0
[10:24:17.401]    DEBUG: <PixTestHighRate.cc/doRunDaq:L803> analyzing hitMap_daqbbtest_C1_V0
[10:24:17.402]    DEBUG: <PixTestHighRate.cc/doRunDaq:L803> analyzing hitMap_daqbbtest_C2_V0
[10:24:17.402]    DEBUG: <PixTestHighRate.cc/doRunDaq:L803> analyzing hitMap_daqbbtest_C3_V0
[10:24:17.402]    DEBUG: <PixTestHighRate.cc/doRunDaq:L803> analyzing hitMap_daqbbtest_C4_V0
[10:24:17.402]    DEBUG: <PixTestHighRate.cc/doRunDaq:L803> analyzing hitMap_daqbbtest_C5_V0
[10:24:17.402]    DEBUG: <PixTestHighRate.cc/doRunDaq:L803> analyzing hitMap_daqbbtest_C6_V0
[10:24:17.402]    DEBUG: <PixTestHighRate.cc/doRunDaq:L803> analyzing hitMap_daqbbtest_C7_V0
[10:24:17.402]    DEBUG: <PixTestHighRate.cc/doRunDaq:L803> analyzing hitMap_daqbbtest_C8_V0
[10:24:17.402]    DEBUG: <PixTestHighRate.cc/doRunDaq:L803> analyzing hitMap_daqbbtest_C9_V0
[10:24:17.402]    DEBUG: <PixTestHighRate.cc/doRunDaq:L803> analyzing hitMap_daqbbtest_C10_V0
[10:24:17.403]    DEBUG: <PixTestHighRate.cc/doRunDaq:L803> analyzing hitMap_daqbbtest_C11_V0
[10:24:17.403]    DEBUG: <PixTestHighRate.cc/doRunDaq:L803> analyzing hitMap_daqbbtest_C12_V0
[10:24:17.403]    DEBUG: <PixTestHighRate.cc/doRunDaq:L803> analyzing hitMap_daqbbtest_C13_V0
[10:24:17.403]    DEBUG: <PixTestHighRate.cc/doRunDaq:L803> analyzing hitMap_daqbbtest_C14_V0
[10:24:17.403]    DEBUG: <PixTestHighRate.cc/doRunDaq:L803> analyzing hitMap_daqbbtest_C15_V0
[10:24:17.403]    DEBUG: <PixTestHighRate.cc/doRunDaq:L815>  resetting: clk: 4
[10:24:17.403]    DEBUG: <PixTestHighRate.cc/doRunDaq:L815>  resetting: ctr: 4
[10:24:17.403]    DEBUG: <PixTestHighRate.cc/doRunDaq:L815>  resetting: sda: 19
[10:24:17.403]    DEBUG: <PixTestHighRate.cc/doRunDaq:L815>  resetting: tin: 9
[10:24:17.403]    DEBUG: <PixTestHighRate.cc/doRunDaq:L815>  resetting: level: 15
[10:24:17.403]    DEBUG: <PixTestHighRate.cc/doRunDaq:L815>  resetting: triggerdelay: 0
[10:24:17.403]     INFO: Pixels without X-ray hits (per ROC):   719  1125   648   138   137   113   134   206   112   120   131   251   133   604  1168   667 
[10:24:17.403]     INFO: PixTestHighRate::doRunDaq() done
[10:24:21.741]    DEBUG: <PixTest.cc/moduleMap:L1029> moduleMap histname: what
[10:24:21.741]    DEBUG: <PixTest.cc/moduleMap:L1039> h1->GetName() = hitMap_daqbbtest_C13_V0 -> hitMap_daqbbtest_mod
[10:24:28.853]    DEBUG: <PixTest.cc/moduleMap:L1029> moduleMap histname: what
[10:24:28.853]    DEBUG: <PixTest.cc/moduleMap:L1039> h1->GetName() = highRate_xraymap_C12_V0 -> highRate_xraymap_mod
[10:24:32.173]    DEBUG: <PixGui.cc/handleButtons:L396> PixGui::exit called
[10:24:32.174]    DEBUG: <PixGui.cc/CloseWindow:L335> Final Analog Current: 382.7mA
[10:24:32.175]    DEBUG: <PixGui.cc/CloseWindow:L336> Final Digital Current: 471.9mA
[10:24:32.175]    DEBUG: <PixGui.cc/CloseWindow:L337> Final Module Temperature: -0.4 C
[10:24:32.175]    DEBUG: <PixTestBBMap.cc/~PixTestBBMap:L97> PixTestBBMap dtor
[10:24:32.175]    DEBUG: <PixTestBB2Map.cc/~PixTestBB2Map:L115> PixTestBB2Map dtor
[10:24:32.175]    DEBUG: <PixTestBB3Map.cc/~PixTestBB3Map:L99> PixTestBB3Map dtor
[10:24:32.175]    DEBUG: <PixTestBB4Map.cc/~PixTestBB4Map:L118> PixTestBB4Map dtor
[10:24:32.175]    DEBUG: <PixTestCmd.cc/~PixTestCmd:L78> PixTestCmd dtor
[10:24:32.175]    DEBUG: <PixTestDaq.cc/~PixTestDaq:L37> PixTestDaq dtor
[10:24:32.175]    DEBUG: <PixTestDacDacScan.cc/~PixTestDacDacScan:L136> PixTestDacDacScan dtor
[10:24:32.175]    DEBUG: <PixTestDacScan.cc/~PixTestDacScan:L129> PixTestDacScan dtor
[10:24:32.175]    DEBUG: <PixTestGainPedestal.cc/~PixTestGainPedestal:L125> PixTestGainPedestal dtor
[10:24:32.175]    DEBUG: <PixTestHighRate.cc/~PixTestHighRate:L245> PixTestHighRate dtor
[10:24:32.282]    DEBUG: <PixTestIV.cc/~PixTestIV:L96> PixTestIV dtor
[10:24:32.282]    DEBUG: <PixTestAlive.cc/~PixTestAlive:L109> PixTestAlive dtor
[10:24:32.282]    DEBUG: <PixTestPretest.cc/~PixTestPretest:L136> PixTestPretest dtor
[10:24:32.282]    DEBUG: <PixTestReadback.cc/~PixTestReadback:L89> PixTestReadback dtor, saving tree ... 
[10:24:32.282]    DEBUG: <PixTestScurves.cc/~PixTestScurves:L142> PixTestScurves dtor
[10:24:32.282]    DEBUG: <PixTestTiming.cc/~PixTestTiming:L97> PixTestTiming dtor
[10:24:32.282]    DEBUG: <PixTestTrim.cc/~PixTestTrim:L103> PixTestTrim dtor
[10:24:32.283]    DEBUG: <PixTestXray.cc/~PixTestXray:L217> PixTestXray dtor
[10:24:32.285]    QUIET: Connection to board 58 closed.
[10:24:32.365]    DEBUG: <PixMonitor.cc/dumpSummaries:L39> PixMonitor::dumpSummaries
