[10:13:35.950]     INFO: *** Welcome to pxar ***
[10:13:35.950]     INFO: *** Today: 2016/02/15
[10:13:35.965]     INFO: *** Version: prod-12-105-g46f2
[10:13:35.965]     INFO: readRocDacs: ./data/mg202/dacParameters35_C0.dat .. ./data/mg202/dacParameters35_C15.dat
[10:13:35.966]     INFO: readTbmDacs: ./data/mg202/tbmParameters_C0a.dat .. ./data/mg202/tbmParameters_C0b.dat
[10:13:35.967]     INFO: readMaskFile: ./data/mg202/defaultMaskFile.dat
[10:13:35.967]     INFO: readTrimFile: ./data/mg202/trimParameters35_C0.dat .. ./data/mg202/trimParameters35_C15.dat
[10:13:36.117]     INFO:         clk: 4
[10:13:36.117]     INFO:         ctr: 4
[10:13:36.117]     INFO:         sda: 19
[10:13:36.117]     INFO:         tin: 9
[10:13:36.117]     INFO:         level: 15
[10:13:36.117]     INFO:         triggerdelay: 0
[10:13:36.117]    QUIET: Instanciating API for pxar prod-12
[10:13:36.117]     INFO: Log level: DEBUG
[10:13:36.129]    QUIET: Connection to board DTB_WRPRHI opened.
[10:13:36.132]     INFO: DTB startup information
--- DTB info------------------------------------------
Board id:    58
HW version:  DTB1.2
FW version:  4.2
SW version:  4.5
USB id:      DTB_WRPRHI
MAC address: 40D85511803A
Hostname:    pixelDTB058
Comment:     
------------------------------------------------------
[10:13:36.134]     INFO: RPC call hashes of host and DTB match: 398089610
[10:13:37.734]     INFO: DUT info: 
[10:13:37.734]     INFO: The DUT currently contains the following objects:
[10:13:37.734]     INFO:  2 TBM Cores tbm08c (2 ON)
[10:13:37.734]     INFO: 	TBM Core alpha (0): 7 registers set
[10:13:37.734]     INFO: 	TBM Core beta  (1): 7 registers set
[10:13:37.734]     INFO: 16 ROCs psi46digv21respin (16 ON) with 4160 pixelConfigs
[10:13:37.734]     INFO: 	ROC 0: 19 DACs set, Pixels: 0 masked, 0 active.
[10:13:37.734]     INFO: 	ROC 1: 19 DACs set, Pixels: 0 masked, 0 active.
[10:13:37.734]     INFO: 	ROC 2: 19 DACs set, Pixels: 0 masked, 0 active.
[10:13:37.734]     INFO: 	ROC 3: 19 DACs set, Pixels: 0 masked, 0 active.
[10:13:37.734]     INFO: 	ROC 4: 19 DACs set, Pixels: 0 masked, 0 active.
[10:13:37.734]     INFO: 	ROC 5: 19 DACs set, Pixels: 0 masked, 0 active.
[10:13:37.734]     INFO: 	ROC 6: 19 DACs set, Pixels: 0 masked, 0 active.
[10:13:37.734]     INFO: 	ROC 7: 19 DACs set, Pixels: 0 masked, 0 active.
[10:13:37.734]     INFO: 	ROC 8: 19 DACs set, Pixels: 0 masked, 0 active.
[10:13:37.734]     INFO: 	ROC 9: 19 DACs set, Pixels: 0 masked, 0 active.
[10:13:37.734]     INFO: 	ROC 10: 19 DACs set, Pixels: 0 masked, 0 active.
[10:13:37.734]     INFO: 	ROC 11: 19 DACs set, Pixels: 0 masked, 0 active.
[10:13:37.734]     INFO: 	ROC 12: 19 DACs set, Pixels: 0 masked, 0 active.
[10:13:37.734]     INFO: 	ROC 13: 19 DACs set, Pixels: 0 masked, 0 active.
[10:13:37.734]     INFO: 	ROC 14: 19 DACs set, Pixels: 0 masked, 0 active.
[10:13:37.734]     INFO: 	ROC 15: 19 DACs set, Pixels: 0 masked, 0 active.
[10:13:37.734]    DEBUG: <PixTestParameters.cc/dump:L104> PixTestParameters: ->BB<-
[10:13:37.734]    DEBUG: <PixTestParameters.cc/dump:L107>   dumpall: checkbox(0)
[10:13:37.734]    DEBUG: <PixTestParameters.cc/dump:L107>   dumpproblematic: checkbox(0)
[10:13:37.734]    DEBUG: <PixTestParameters.cc/dump:L107>   ntrig: 5
[10:13:37.734]    DEBUG: <PixTestParameters.cc/dump:L107>   vcals: 250
[10:13:37.734]    DEBUG: <PixTestParameters.cc/dump:L104> PixTestParameters: ->BB2<-
[10:13:37.734]    DEBUG: <PixTestParameters.cc/dump:L107>   ntrig: 10
[10:13:37.735]    DEBUG: <PixTestParameters.cc/dump:L107>   vcals: 222
[10:13:37.735]    DEBUG: <PixTestParameters.cc/dump:L107>   plwidth: 35
[10:13:37.735]    DEBUG: <PixTestParameters.cc/dump:L107>   pix: 11,20
[10:13:37.735]    DEBUG: <PixTestParameters.cc/dump:L107>   targetia: 24
[10:13:37.735]    DEBUG: <PixTestParameters.cc/dump:L104> PixTestParameters: ->BB3<-
[10:13:37.735]    DEBUG: <PixTestParameters.cc/dump:L107>   dumpall: checkbox(0)
[10:13:37.735]    DEBUG: <PixTestParameters.cc/dump:L107>   dumpproblematic: checkbox(0)
[10:13:37.735]    DEBUG: <PixTestParameters.cc/dump:L107>   ntrig: 5
[10:13:37.735]    DEBUG: <PixTestParameters.cc/dump:L107>   vcals: 250
[10:13:37.735]    DEBUG: <PixTestParameters.cc/dump:L104> PixTestParameters: ->BB4<-
[10:13:37.735]    DEBUG: <PixTestParameters.cc/dump:L107>   savecaldelscan: checkbox(0)
[10:13:37.735]    DEBUG: <PixTestParameters.cc/dump:L107>   ntrig: 100
[10:13:37.735]    DEBUG: <PixTestParameters.cc/dump:L107>   cals: 1
[10:13:37.735]    DEBUG: <PixTestParameters.cc/dump:L107>   caldello: 80
[10:13:37.735]    DEBUG: <PixTestParameters.cc/dump:L107>   caldelhi: 200
[10:13:37.735]    DEBUG: <PixTestParameters.cc/dump:L107>   caldelstep: 10
[10:13:37.735]    DEBUG: <PixTestParameters.cc/dump:L107>   vthrcomplo: 70
[10:13:37.735]    DEBUG: <PixTestParameters.cc/dump:L107>   vthrcomphi: 130
[10:13:37.735]    DEBUG: <PixTestParameters.cc/dump:L107>   vthrcompstep: 5
[10:13:37.735]    DEBUG: <PixTestParameters.cc/dump:L107>   noisypixels: 10
[10:13:37.735]    DEBUG: <PixTestParameters.cc/dump:L107>   vcal: 255
[10:13:37.735]    DEBUG: <PixTestParameters.cc/dump:L107>   cut: 0.5
[10:13:37.735]    DEBUG: <PixTestParameters.cc/dump:L104> PixTestParameters: ->Cmd<-
[10:13:37.735]    DEBUG: <PixTestParameters.cc/dump:L104> PixTestParameters: ->DAQ<-
[10:13:37.735]    DEBUG: <PixTestParameters.cc/dump:L107>   delaytbm: checkbox
[10:13:37.735]    DEBUG: <PixTestParameters.cc/dump:L107>   filltree: checkbox
[10:13:37.735]    DEBUG: <PixTestParameters.cc/dump:L107>   trgfrequency(khz): 100
[10:13:37.735]    DEBUG: <PixTestParameters.cc/dump:L107>   maskhotpixels: button
[10:13:37.735]    DEBUG: <PixTestParameters.cc/dump:L107>   trgnumber: 5
[10:13:37.735]    DEBUG: <PixTestParameters.cc/dump:L107>   iterations: 10
[10:13:37.735]    DEBUG: <PixTestParameters.cc/dump:L107>   rundaqtrg: button
[10:13:37.735]    DEBUG: <PixTestParameters.cc/dump:L107>   daqseconds: 5
[10:13:37.735]    DEBUG: <PixTestParameters.cc/dump:L107>   rundaqseconds: button
[10:13:37.735]    DEBUG: <PixTestParameters.cc/dump:L104> PixTestParameters: ->DacDacScan<-
[10:13:37.735]    DEBUG: <PixTestParameters.cc/dump:L107>   phmap: checkbox
[10:13:37.735]    DEBUG: <PixTestParameters.cc/dump:L107>   ntrig: 10
[10:13:37.735]    DEBUG: <PixTestParameters.cc/dump:L107>   dac1: caldel
[10:13:37.735]    DEBUG: <PixTestParameters.cc/dump:L107>   dac1lo: 0
[10:13:37.735]    DEBUG: <PixTestParameters.cc/dump:L107>   dac1hi: 255
[10:13:37.735]    DEBUG: <PixTestParameters.cc/dump:L107>   dac2: vthrcomp
[10:13:37.735]    DEBUG: <PixTestParameters.cc/dump:L107>   dac2lo: 0
[10:13:37.735]    DEBUG: <PixTestParameters.cc/dump:L107>   dac2hi: 255
[10:13:37.735]    DEBUG: <PixTestParameters.cc/dump:L107>   pix: 11,20
[10:13:37.735]    DEBUG: <PixTestParameters.cc/dump:L104> PixTestParameters: ->DacScan<-
[10:13:37.735]    DEBUG: <PixTestParameters.cc/dump:L107>   phmap: checkbox(1)
[10:13:37.735]    DEBUG: <PixTestParameters.cc/dump:L107>   allpixels: checkbox(0)
[10:13:37.735]    DEBUG: <PixTestParameters.cc/dump:L107>   unmasked: checkbox(0)
[10:13:37.735]    DEBUG: <PixTestParameters.cc/dump:L107>   ntrig: 10
[10:13:37.735]    DEBUG: <PixTestParameters.cc/dump:L107>   dac: vcal
[10:13:37.735]    DEBUG: <PixTestParameters.cc/dump:L107>   daclo: 0
[10:13:37.735]    DEBUG: <PixTestParameters.cc/dump:L107>   dachi: 255
[10:13:37.735]    DEBUG: <PixTestParameters.cc/dump:L107>   pix: 11,20
[10:13:37.735]    DEBUG: <PixTestParameters.cc/dump:L104> PixTestParameters: ->GainPedestal<-
[10:13:37.735]    DEBUG: <PixTestParameters.cc/dump:L107>   showfits: checkbox(0)
[10:13:37.735]    DEBUG: <PixTestParameters.cc/dump:L107>   extended: checkbox(0)
[10:13:37.735]    DEBUG: <PixTestParameters.cc/dump:L107>   dumphists: checkbox(0)
[10:13:37.735]    DEBUG: <PixTestParameters.cc/dump:L107>   ntrig: 10
[10:13:37.735]    DEBUG: <PixTestParameters.cc/dump:L107>   vcalstep: 10
[10:13:37.735]    DEBUG: <PixTestParameters.cc/dump:L107>   measure: button
[10:13:37.735]    DEBUG: <PixTestParameters.cc/dump:L107>   fit: button
[10:13:37.735]    DEBUG: <PixTestParameters.cc/dump:L107>   save: button
[10:13:37.735]    DEBUG: <PixTestParameters.cc/dump:L104> PixTestParameters: ->HighRate<-
[10:13:37.735]    DEBUG: <PixTestParameters.cc/dump:L107>   pix: 11,20
[10:13:37.735]    DEBUG: <PixTestParameters.cc/dump:L107>   trimhotpixels: button
[10:13:37.735]    DEBUG: <PixTestParameters.cc/dump:L107>   trimhotpixelthr: 200
[10:13:37.735]    DEBUG: <PixTestParameters.cc/dump:L107>   runsecondshotpixels: 10
[10:13:37.736]    DEBUG: <PixTestParameters.cc/dump:L107>   savetrimbits: checkbox(1)
[10:13:37.736]    DEBUG: <PixTestParameters.cc/dump:L107>   maskuntrimmable: checkbox(1)
[10:13:37.736]    DEBUG: <PixTestParameters.cc/dump:L107>   maskhotpixels: button
[10:13:37.736]    DEBUG: <PixTestParameters.cc/dump:L107>   savemaskfile: checkbox(0)
[10:13:37.736]    DEBUG: <PixTestParameters.cc/dump:L107>   maskfilename: default
[10:13:37.736]    DEBUG: <PixTestParameters.cc/dump:L107>   caldelscan: button
[10:13:37.736]    DEBUG: <PixTestParameters.cc/dump:L107>   xpixelalive: button
[10:13:37.736]    DEBUG: <PixTestParameters.cc/dump:L107>   ntrig: 50
[10:13:37.736]    DEBUG: <PixTestParameters.cc/dump:L107>   vcal: 200
[10:13:37.736]    DEBUG: <PixTestParameters.cc/dump:L107>   xnoisemaps: button
[10:13:37.736]    DEBUG: <PixTestParameters.cc/dump:L107>   daclo: 0
[10:13:37.736]    DEBUG: <PixTestParameters.cc/dump:L107>   dachi: 100
[10:13:37.736]    DEBUG: <PixTestParameters.cc/dump:L107>   dacs/step: 20
[10:13:37.736]    DEBUG: <PixTestParameters.cc/dump:L107>   rundaq: button
[10:13:37.736]    DEBUG: <PixTestParameters.cc/dump:L107>   trgfrequency(khz): 20
[10:13:37.736]    DEBUG: <PixTestParameters.cc/dump:L107>   runseconds: 2
[10:13:37.736]    DEBUG: <PixTestParameters.cc/dump:L107>   triggerdelay: 20
[10:13:37.736]    DEBUG: <PixTestParameters.cc/dump:L107>   delaytbm: checkbox
[10:13:37.736]    DEBUG: <PixTestParameters.cc/dump:L107>   filltree: checkbox
[10:13:37.736]    DEBUG: <PixTestParameters.cc/dump:L104> PixTestParameters: ->IV<-
[10:13:37.736]    DEBUG: <PixTestParameters.cc/dump:L107>   port: /dev/FIXME
[10:13:37.736]    DEBUG: <PixTestParameters.cc/dump:L107>   voltagestart: 0
[10:13:37.736]    DEBUG: <PixTestParameters.cc/dump:L107>   voltagestop: 600
[10:13:37.736]    DEBUG: <PixTestParameters.cc/dump:L107>   voltagestep: 5
[10:13:37.736]    DEBUG: <PixTestParameters.cc/dump:L107>   delay: 1
[10:13:37.736]    DEBUG: <PixTestParameters.cc/dump:L107>   compliance(ua): 100
[10:13:37.736]    DEBUG: <PixTestParameters.cc/dump:L104> PixTestParameters: ->PhOptimization<-
[10:13:37.736]    DEBUG: <PixTestParameters.cc/dump:L107>   ntrig: 10
[10:13:37.736]    DEBUG: <PixTestParameters.cc/dump:L107>   safetymarginlow: 20
[10:13:37.736]    DEBUG: <PixTestParameters.cc/dump:L107>   saturationvcal: 100
[10:13:37.736]    DEBUG: <PixTestParameters.cc/dump:L107>   quantilesaturation: 0.98
[10:13:37.736]    DEBUG: <PixTestParameters.cc/dump:L104> PixTestParameters: ->PixelAlive<-
[10:13:37.736]    DEBUG: <PixTestParameters.cc/dump:L107>   ntrig: 10
[10:13:37.736]    DEBUG: <PixTestParameters.cc/dump:L107>   vcal: 200
[10:13:37.736]    DEBUG: <PixTestParameters.cc/dump:L107>   alivetest: button
[10:13:37.736]    DEBUG: <PixTestParameters.cc/dump:L107>   masktest: button
[10:13:37.736]    DEBUG: <PixTestParameters.cc/dump:L107>   addressdecodingtest: button
[10:13:37.736]    DEBUG: <PixTestParameters.cc/dump:L104> PixTestParameters: ->Pretest<-
[10:13:37.736]    DEBUG: <PixTestParameters.cc/dump:L107>   programroc: button
[10:13:37.736]    DEBUG: <PixTestParameters.cc/dump:L107>   targetia: 24
[10:13:37.736]    DEBUG: <PixTestParameters.cc/dump:L107>   setvana: button
[10:13:37.736]    DEBUG: <PixTestParameters.cc/dump:L107>   iterations: 100
[10:13:37.736]    DEBUG: <PixTestParameters.cc/dump:L107>   settimings: button
[10:13:37.736]    DEBUG: <PixTestParameters.cc/dump:L107>   findtiming: button
[10:13:37.736]    DEBUG: <PixTestParameters.cc/dump:L107>   findworkingpixel: button
[10:13:37.736]    DEBUG: <PixTestParameters.cc/dump:L107>   setvthrcompcaldel: button
[10:13:37.736]    DEBUG: <PixTestParameters.cc/dump:L107>   pix: 11,20
[10:13:37.736]    DEBUG: <PixTestParameters.cc/dump:L107>   vcal: 250
[10:13:37.736]    DEBUG: <PixTestParameters.cc/dump:L107>   deltavthrcomp: 50
[10:13:37.736]    DEBUG: <PixTestParameters.cc/dump:L107>   fraccaldel: 0.5
[10:13:37.736]    DEBUG: <PixTestParameters.cc/dump:L107>   ntrig: 5
[10:13:37.736]    DEBUG: <PixTestParameters.cc/dump:L107>   savedacs: button
[10:13:37.736]    DEBUG: <PixTestParameters.cc/dump:L104> PixTestParameters: ->Readback<-
[10:13:37.736]    DEBUG: <PixTestParameters.cc/dump:L107>   calibratevd: button
[10:13:37.736]    DEBUG: <PixTestParameters.cc/dump:L107>   calibrateva: button
[10:13:37.736]    DEBUG: <PixTestParameters.cc/dump:L107>   calibrateia: button
[10:13:37.736]    DEBUG: <PixTestParameters.cc/dump:L107>   readbackvbg: button
[10:13:37.736]    DEBUG: <PixTestParameters.cc/dump:L107>   getcalibratedvbg: button
[10:13:37.736]    DEBUG: <PixTestParameters.cc/dump:L107>   usecalvd: checkbox(1)
[10:13:37.736]    DEBUG: <PixTestParameters.cc/dump:L107>   usecalva: checkbox(0)
[10:13:37.736]    DEBUG: <PixTestParameters.cc/dump:L107>   setvana: button
[10:13:37.736]    DEBUG: <PixTestParameters.cc/dump:L104> PixTestParameters: ->Scurves<-
[10:13:37.736]    DEBUG: <PixTestParameters.cc/dump:L107>   adjustvcal: checkbox(0)
[10:13:37.736]    DEBUG: <PixTestParameters.cc/dump:L107>   dumpall: checkbox(0)
[10:13:37.736]    DEBUG: <PixTestParameters.cc/dump:L107>   dumpproblematic: checkbox(0)
[10:13:37.736]    DEBUG: <PixTestParameters.cc/dump:L107>   dumpoutputfile: checkbox(0)
[10:13:37.737]    DEBUG: <PixTestParameters.cc/dump:L107>   ntrig: 50
[10:13:37.737]    DEBUG: <PixTestParameters.cc/dump:L107>   dac: Vcal
[10:13:37.737]    DEBUG: <PixTestParameters.cc/dump:L107>   daclo: 0
[10:13:37.737]    DEBUG: <PixTestParameters.cc/dump:L107>   dachi: 200
[10:13:37.737]    DEBUG: <PixTestParameters.cc/dump:L107>   dacs/step: -1
[10:13:37.737]    DEBUG: <PixTestParameters.cc/dump:L107>   ntrig/step: -1
[10:13:37.737]    DEBUG: <PixTestParameters.cc/dump:L107>   scurves: button
[10:13:37.737]    DEBUG: <PixTestParameters.cc/dump:L104> PixTestParameters: ->Timing<-
[10:13:37.737]    DEBUG: <PixTestParameters.cc/dump:L107>   targetclk: 4
[10:13:37.737]    DEBUG: <PixTestParameters.cc/dump:L107>   ntrig: 10
[10:13:37.737]    DEBUG: <PixTestParameters.cc/dump:L107>   clocksdascan: button
[10:13:37.737]    DEBUG: <PixTestParameters.cc/dump:L107>   notokenpass: checkbox(0)
[10:13:37.737]    DEBUG: <PixTestParameters.cc/dump:L107>   phasescan: button
[10:13:37.737]    DEBUG: <PixTestParameters.cc/dump:L107>   levelscan: button
[10:13:37.737]    DEBUG: <PixTestParameters.cc/dump:L107>   tbmphasescan: button
[10:13:37.737]    DEBUG: <PixTestParameters.cc/dump:L107>   rocdelayscan: button
[10:13:37.737]    DEBUG: <PixTestParameters.cc/dump:L107>   timingtest: button
[10:13:37.737]    DEBUG: <PixTestParameters.cc/dump:L107>   saveparameters: button
[10:13:37.737]    DEBUG: <PixTestParameters.cc/dump:L104> PixTestParameters: ->Trim<-
[10:13:37.737]    DEBUG: <PixTestParameters.cc/dump:L107>   trim: button
[10:13:37.737]    DEBUG: <PixTestParameters.cc/dump:L107>   ntrig: 8
[10:13:37.737]    DEBUG: <PixTestParameters.cc/dump:L107>   vcal: 35
[10:13:37.737]    DEBUG: <PixTestParameters.cc/dump:L107>   trimbits: button
[10:13:37.737]    DEBUG: <PixTestParameters.cc/dump:L104> PixTestParameters: ->Xray<-
[10:13:37.737]    DEBUG: <PixTestParameters.cc/dump:L107>   maskhotpixels: button
[10:13:37.737]    DEBUG: <PixTestParameters.cc/dump:L107>   savemaskfile: checkbox(0)
[10:13:37.737]    DEBUG: <PixTestParameters.cc/dump:L107>   maskfilename: default
[10:13:37.737]    DEBUG: <PixTestParameters.cc/dump:L107>   source: Ag
[10:13:37.737]    DEBUG: <PixTestParameters.cc/dump:L107>   phrun: button
[10:13:37.737]    DEBUG: <PixTestParameters.cc/dump:L107>   runseconds: 100
[10:13:37.737]    DEBUG: <PixTestParameters.cc/dump:L107>   trgfrequency(khz): 100
[10:13:37.737]    DEBUG: <PixTestParameters.cc/dump:L107>   ratescan: button
[10:13:37.737]    DEBUG: <PixTestParameters.cc/dump:L107>   vthrcompmin: 10
[10:13:37.737]    DEBUG: <PixTestParameters.cc/dump:L107>   vthrcompmax: 80
[10:13:37.737]    DEBUG: <PixTestParameters.cc/dump:L107>   stepseconds: 5
[10:13:37.737]    DEBUG: <PixTestParameters.cc/dump:L107>   delaytbm: checkbox
[10:13:37.737]    DEBUG: <PixTestParameters.cc/dump:L107>   filltree: checkbox
[10:13:37.739]    DEBUG: <PixSetup.cc/init:L81> PixSetup init start; getCurrentRSS() = 32972800
[10:13:37.739]    DEBUG: <PixSetup.cc/init:L87> fPixTestParameters = 0x16737a0
[10:13:37.739]    DEBUG: <PixSetup.cc/init:L88>  fConfigParameters = 0x1601c40
[10:13:37.739]    DEBUG: <PixSetup.cc/init:L89>        fPxarMemory = 0x7fd669d94010
[10:13:37.739]    DEBUG: <PixSetup.cc/init:L90>         fPxarMemHi = 0x7fd66ffff510
[10:13:37.739]    DEBUG: <PixSetup.cc/init:L106> PixSetup init done;  getCurrentRSS() = 32980992 fPxarMemory = 0x7fd669d94010
[10:13:37.741]    DEBUG: <pXar.cc/main:L223> Initial Analog Current: 379.4mA
[10:13:37.742]    DEBUG: <pXar.cc/main:L224> Initial Digital Current: 470.3mA
[10:13:37.742]    DEBUG: <pXar.cc/main:L225> Initial Module Temperature: -0.2 C
[10:13:38.229]    DEBUG: <PixGui.cc/hvOn:L460> HV set On: 0x1c4a4a0
[10:13:38.289]    DEBUG: <PixTestFactory.cc/PixTestFactory:L53> PixTestFactory::PixTestFactory()
[10:13:38.289]    DEBUG: <PixTestBBMap.cc/init:L79> PixTestBBMap::init()
[10:13:38.290]    DEBUG: <PixTestBBMap.cc/PixTestBBMap:L27> PixTestBBMap ctor(PixSetup &a, string, TGTab *)
[10:13:38.295]    DEBUG: <PixTestBB2Map.cc/setParameter:L58> setting fTargetIa    = 24 mA/ROC
[10:13:38.295]    DEBUG: <PixTestBB2Map.cc/init:L97> PixTestBB2Map::init()
[10:13:38.295]    DEBUG: <PixTestBB2Map.cc/PixTestBB2Map:L29> PixTestBB2Map ctor(PixSetup &a, string, TGTab *)
[10:13:38.306]    DEBUG: <PixTestBB3Map.cc/init:L81> PixTestBB3Map::init()
[10:13:38.306]    DEBUG: <PixTestBB3Map.cc/PixTestBB3Map:L29> PixTestBB3Map ctor(PixSetup &a, string, TGTab *)
[10:13:38.320]    DEBUG: <PixTestBB4Map.cc/init:L93> PixTestBB4Map::init()
[10:13:38.320]    DEBUG: <PixTestBB4Map.cc/PixTestBB4Map:L26> PixTestMapeff ctor(PixSetup &a, string, TGTab *)
[10:13:38.336]     INFO: PixTestCmd::init()
[10:13:38.350]    DEBUG: <PixTestDaq.cc/init:L44> PixTestDaq::init()
[10:13:38.350]    DEBUG: <PixTestDaq.cc/PixTestDaq:L22> PixTestDaq ctor(PixSetup &a, string, TGTab *)
[10:13:38.350]     INFO: readGainPedestalParameters ./data/mg202/phCalibrationFitErr35_C0.dat .. ./data/mg202/phCalibrationFitErr35_C15.dat
[10:13:38.595]    DEBUG: <PixTestDacDacScan.cc/init:L103> PixTestDacDacScan::init()
[10:13:38.595]    DEBUG: <PixTestDacDacScan.cc/PixTestDacDacScan:L22> PixTestDacDacScan ctor(PixSetup &a, string, TGTab *)
[10:13:38.609]    DEBUG: <PixTestGainPedestal.cc/setParameter:L83> PixTestGainPedestal::PixTest() fVcalStep = 10
[10:13:38.614]    DEBUG: <PixTestHighRate.cc/setParameter:L68>   setting fParTriggerFrequency -> 20
[10:13:38.615]    DEBUG: <PixTestHighRate.cc/init:L198> PixTestHighRate::init()
[10:13:38.615]    DEBUG: <PixTestHighRate.cc/PixTestHighRate:L31> PixTestHighRate ctor(PixSetup &a, string, TGTab *)
[10:13:38.638]    DEBUG: <PixTest.cc/setTestParameter:L637>  setting  ntrig to new value 10
[10:13:38.638]    DEBUG: <PixTestPhOptimization.cc/setParameter:L37>   setting fParNtrig  ->10<- from sval = 10
[10:13:38.638]    DEBUG: <PixTestPhOptimization.cc/setParameter:L42>   setting fSafetyMarginLow  ->20<- from sval = 20
[10:13:38.638]    DEBUG: <PixTestPhOptimization.cc/setParameter:L48>   setting fVcalMax  ->100<- from sval = 100
[10:13:38.638]    DEBUG: <PixTestPhOptimization.cc/setParameter:L53>   setting fQuantMax  ->0.98<- from sval = 0.98
[10:13:38.645]    DEBUG: <PixTestAlive.cc/init:L77> PixTestAlive::init()
[10:13:38.645]    DEBUG: <PixTestAlive.cc/PixTestAlive:L21> PixTestAlive ctor(PixSetup &a, string, TGTab *)
[10:13:38.659]    DEBUG: <PixTestReadback.cc/setParameter:L172> fCalwVd set to 1
[10:13:38.659]    DEBUG: <PixTestReadback.cc/init:L95> PixTestReadback::init()
[10:13:38.659]    DEBUG: <PixTestReadback.cc/PixTestReadback:L22> PixTestReadback ctor(PixSetup &a, string, TGTab *)
[10:13:38.659]     INFO: readReadbackCal: ./data/mg202/readbackCal_C0.dat .. ./data/mg202/readbackCal_C15.dat
[10:13:38.671]    DEBUG: <PixTestScurves.cc/setParameter:L93> set fOutputFilename = 
[10:13:38.678]    DEBUG: <PixTestTiming.cc/setParameter:L60> PixTestTiming::PixTest() targetclk = 4
[10:13:38.679]    DEBUG: <PixTestTiming.cc/setParameter:L64> PixTestTiming::PixTest() ntrig = 10
[10:13:38.679]    DEBUG: <PixTestTiming.cc/setParameter:L48> fNoTokenPass: 0
[10:13:38.679]    DEBUG: <PixTestTiming.cc/init:L74> PixTestTiming::init()
[10:13:38.693]    DEBUG: <PixTestXray.cc/init:L134> PixTestXray::init()
[10:13:38.693]    DEBUG: <PixTestXray.cc/PixTestXray:L28> PixTestXray ctor(PixSetup &a, string, TGTab *)
[10:13:57.189]    DEBUG: <PixTab.cc/buttonClicked:L308> xxxPressed():  caldelscan
[10:13:57.189]    DEBUG: <PixTestHighRate.cc/runCommand:L157> running command: caldelscan
[10:13:57.189]     INFO:    ----------------------------------------------------------------------
[10:13:57.189]     INFO:    PixTestHighRate::calDelScan() ntrig = 10, vcal = 200
[10:13:57.189]     INFO:    ----------------------------------------------------------------------
[10:13:57.330]     INFO: Expecting 768 events.
[10:13:58.466]     INFO: 768 events read in total (418ms).
[10:13:58.655]     INFO: Test took 1460ms.
[10:13:58.661]    DEBUG: <PixTest.cc/efficiencyMaps:L396>       attempt #0
[10:13:59.327]     INFO: Expecting 41600 events.
[10:14:03.165]     INFO: 41600 events read in total (3313ms).
[10:14:03.172]     INFO: Test took 4511ms.
[10:14:03.348]     INFO: Fetched DAQ statistics. Counters are being reset now.
[10:14:03.348]    DEBUG: <PixTest.cc/efficiencyMaps:L407>  eff result size = 1028707
[10:14:03.348]    DEBUG: <PixTest.cc/efficiencyMaps:L412> Create hists HR_xeff_CalDelScan_step0_C0 .. HR_xeff_CalDelScan_step0_C15
[10:14:03.349]    DEBUG: <PixTest.cc/efficiencyMaps:L426> booking xray maps for unmasked detector
[10:14:03.424]    DEBUG: <PixTest.cc/efficiencyMaps:L396>       attempt #0
[10:14:04.091]     INFO: Expecting 41600 events.
[10:14:08.046]     INFO: 41600 events read in total (3429ms).
[10:14:08.054]     INFO: Test took 4630ms.
[10:14:08.226]     INFO: Fetched DAQ statistics. Counters are being reset now.
[10:14:08.227]    DEBUG: <PixTest.cc/efficiencyMaps:L407>  eff result size = 1038562
[10:14:08.227]    DEBUG: <PixTest.cc/efficiencyMaps:L412> Create hists HR_xeff_CalDelScan_step1_C0 .. HR_xeff_CalDelScan_step1_C15
[10:14:08.227]    DEBUG: <PixTest.cc/efficiencyMaps:L426> booking xray maps for unmasked detector
[10:14:08.301]    DEBUG: <PixTest.cc/efficiencyMaps:L396>       attempt #0
[10:14:08.966]     INFO: Expecting 41600 events.
[10:14:12.938]     INFO: 41600 events read in total (3445ms).
[10:14:12.944]     INFO: Test took 4643ms.
[10:14:13.119]     INFO: Fetched DAQ statistics. Counters are being reset now.
[10:14:13.120]    DEBUG: <PixTest.cc/efficiencyMaps:L407>  eff result size = 1041474
[10:14:13.120]    DEBUG: <PixTest.cc/efficiencyMaps:L412> Create hists HR_xeff_CalDelScan_step2_C0 .. HR_xeff_CalDelScan_step2_C15
[10:14:13.120]    DEBUG: <PixTest.cc/efficiencyMaps:L426> booking xray maps for unmasked detector
[10:14:13.196]    DEBUG: <PixTest.cc/efficiencyMaps:L396>       attempt #0
[10:14:13.861]     INFO: Expecting 41600 events.
[10:14:17.846]     INFO: 41600 events read in total (3458ms).
[10:14:17.854]     INFO: Test took 4658ms.
[10:14:18.027]     INFO: Fetched DAQ statistics. Counters are being reset now.
[10:14:18.027]    DEBUG: <PixTest.cc/efficiencyMaps:L407>  eff result size = 1040938
[10:14:18.028]    DEBUG: <PixTest.cc/efficiencyMaps:L412> Create hists HR_xeff_CalDelScan_step3_C0 .. HR_xeff_CalDelScan_step3_C15
[10:14:18.028]    DEBUG: <PixTest.cc/efficiencyMaps:L426> booking xray maps for unmasked detector
[10:14:18.105]    DEBUG: <PixTest.cc/efficiencyMaps:L396>       attempt #0
[10:14:18.773]     INFO: Expecting 41600 events.
[10:14:22.754]     INFO: 41600 events read in total (3455ms).
[10:14:22.761]     INFO: Test took 4656ms.
[10:14:22.936]     INFO: Fetched DAQ statistics. Counters are being reset now.
[10:14:22.936]    DEBUG: <PixTest.cc/efficiencyMaps:L407>  eff result size = 1041149
[10:14:22.936]    DEBUG: <PixTest.cc/efficiencyMaps:L412> Create hists HR_xeff_CalDelScan_step4_C0 .. HR_xeff_CalDelScan_step4_C15
[10:14:22.936]    DEBUG: <PixTest.cc/efficiencyMaps:L426> booking xray maps for unmasked detector
[10:14:23.014]    DEBUG: <PixTest.cc/efficiencyMaps:L396>       attempt #0
[10:14:23.681]     INFO: Expecting 41600 events.
[10:14:27.696]     INFO: 41600 events read in total (3488ms).
[10:14:27.704]     INFO: Test took 4690ms.
[10:14:27.877]     INFO: Fetched DAQ statistics. Counters are being reset now.
[10:14:27.877]    DEBUG: <PixTest.cc/efficiencyMaps:L407>  eff result size = 1041267
[10:14:27.877]    DEBUG: <PixTest.cc/efficiencyMaps:L412> Create hists HR_xeff_CalDelScan_step5_C0 .. HR_xeff_CalDelScan_step5_C15
[10:14:27.878]    DEBUG: <PixTest.cc/efficiencyMaps:L426> booking xray maps for unmasked detector
[10:14:27.956]    DEBUG: <PixTest.cc/efficiencyMaps:L396>       attempt #0
[10:14:28.623]     INFO: Expecting 41600 events.
[10:14:32.624]     INFO: 41600 events read in total (3474ms).
[10:14:32.632]     INFO: Test took 4676ms.
[10:14:32.805]     INFO: Fetched DAQ statistics. Counters are being reset now.
[10:14:32.805]    DEBUG: <PixTest.cc/efficiencyMaps:L407>  eff result size = 1041298
[10:14:32.805]    DEBUG: <PixTest.cc/efficiencyMaps:L412> Create hists HR_xeff_CalDelScan_step6_C0 .. HR_xeff_CalDelScan_step6_C15
[10:14:32.805]    DEBUG: <PixTest.cc/efficiencyMaps:L426> booking xray maps for unmasked detector
[10:14:32.882]    DEBUG: <PixTest.cc/efficiencyMaps:L396>       attempt #0
[10:14:33.547]     INFO: Expecting 41600 events.
[10:14:37.566]     INFO: 41600 events read in total (3492ms).
[10:14:37.573]     INFO: Test took 4691ms.
[10:14:37.743]     INFO: Fetched DAQ statistics. Counters are being reset now.
[10:14:37.743]    DEBUG: <PixTest.cc/efficiencyMaps:L407>  eff result size = 1040230
[10:14:37.744]    DEBUG: <PixTest.cc/efficiencyMaps:L412> Create hists HR_xeff_CalDelScan_step7_C0 .. HR_xeff_CalDelScan_step7_C15
[10:14:37.744]    DEBUG: <PixTest.cc/efficiencyMaps:L426> booking xray maps for unmasked detector
[10:14:37.820]    DEBUG: <PixTest.cc/efficiencyMaps:L396>       attempt #0
[10:14:38.486]     INFO: Expecting 41600 events.
[10:14:42.492]     INFO: 41600 events read in total (3480ms).
[10:14:42.499]     INFO: Test took 4679ms.
[10:14:42.674]     INFO: Fetched DAQ statistics. Counters are being reset now.
[10:14:42.674]    DEBUG: <PixTest.cc/efficiencyMaps:L407>  eff result size = 1040156
[10:14:42.674]    DEBUG: <PixTest.cc/efficiencyMaps:L412> Create hists HR_xeff_CalDelScan_step8_C0 .. HR_xeff_CalDelScan_step8_C15
[10:14:42.675]    DEBUG: <PixTest.cc/efficiencyMaps:L426> booking xray maps for unmasked detector
[10:14:42.751]    DEBUG: <PixTest.cc/efficiencyMaps:L396>       attempt #0
[10:14:43.418]     INFO: Expecting 41600 events.
[10:14:47.431]     INFO: 41600 events read in total (3486ms).
[10:14:47.438]     INFO: Test took 4687ms.
[10:14:47.611]     INFO: Fetched DAQ statistics. Counters are being reset now.
[10:14:47.612]    DEBUG: <PixTest.cc/efficiencyMaps:L407>  eff result size = 1041003
[10:14:47.612]    DEBUG: <PixTest.cc/efficiencyMaps:L412> Create hists HR_xeff_CalDelScan_step9_C0 .. HR_xeff_CalDelScan_step9_C15
[10:14:47.612]    DEBUG: <PixTest.cc/efficiencyMaps:L426> booking xray maps for unmasked detector
[10:14:47.690]    DEBUG: <PixTest.cc/efficiencyMaps:L396>       attempt #0
[10:14:48.360]     INFO: Expecting 41600 events.
[10:14:52.387]     INFO: 41600 events read in total (3500ms).
[10:14:52.394]     INFO: Test took 4704ms.
[10:14:52.567]     INFO: Fetched DAQ statistics. Counters are being reset now.
[10:14:52.567]    DEBUG: <PixTest.cc/efficiencyMaps:L407>  eff result size = 1041804
[10:14:52.567]    DEBUG: <PixTest.cc/efficiencyMaps:L412> Create hists HR_xeff_CalDelScan_step10_C0 .. HR_xeff_CalDelScan_step10_C15
[10:14:52.567]    DEBUG: <PixTest.cc/efficiencyMaps:L426> booking xray maps for unmasked detector
[10:14:52.643]    DEBUG: <PixTest.cc/efficiencyMaps:L396>       attempt #0
[10:14:53.308]     INFO: Expecting 41600 events.
[10:14:57.321]     INFO: 41600 events read in total (3487ms).
[10:14:57.329]     INFO: Test took 4686ms.
[10:14:57.501]     INFO: Fetched DAQ statistics. Counters are being reset now.
[10:14:57.501]    DEBUG: <PixTest.cc/efficiencyMaps:L407>  eff result size = 1040130
[10:14:57.502]    DEBUG: <PixTest.cc/efficiencyMaps:L412> Create hists HR_xeff_CalDelScan_step11_C0 .. HR_xeff_CalDelScan_step11_C15
[10:14:57.502]    DEBUG: <PixTest.cc/efficiencyMaps:L426> booking xray maps for unmasked detector
[10:14:57.581]    DEBUG: <PixTest.cc/efficiencyMaps:L396>       attempt #0
[10:14:58.248]     INFO: Expecting 41600 events.
[10:15:02.258]     INFO: 41600 events read in total (3483ms).
[10:15:02.265]     INFO: Test took 4684ms.
[10:15:02.438]     INFO: Fetched DAQ statistics. Counters are being reset now.
[10:15:02.438]    DEBUG: <PixTest.cc/efficiencyMaps:L407>  eff result size = 1039604
[10:15:02.438]    DEBUG: <PixTest.cc/efficiencyMaps:L412> Create hists HR_xeff_CalDelScan_step12_C0 .. HR_xeff_CalDelScan_step12_C15
[10:15:02.439]    DEBUG: <PixTest.cc/efficiencyMaps:L426> booking xray maps for unmasked detector
[10:15:02.517]    DEBUG: <PixTest.cc/efficiencyMaps:L396>       attempt #0
[10:15:03.185]     INFO: Expecting 41600 events.
[10:15:07.215]     INFO: 41600 events read in total (3504ms).
[10:15:07.223]     INFO: Test took 4706ms.
[10:15:07.399]     INFO: Fetched DAQ statistics. Counters are being reset now.
[10:15:07.399]    DEBUG: <PixTest.cc/efficiencyMaps:L407>  eff result size = 1038623
[10:15:07.399]    DEBUG: <PixTest.cc/efficiencyMaps:L412> Create hists HR_xeff_CalDelScan_step13_C0 .. HR_xeff_CalDelScan_step13_C15
[10:15:07.400]    DEBUG: <PixTest.cc/efficiencyMaps:L426> booking xray maps for unmasked detector
[10:15:07.475]    DEBUG: <PixTest.cc/efficiencyMaps:L396>       attempt #0
[10:15:08.141]     INFO: Expecting 41600 events.
[10:15:12.145]     INFO: 41600 events read in total (3477ms).
[10:15:12.153]     INFO: Test took 4678ms.
[10:15:12.323]     INFO: Fetched DAQ statistics. Counters are being reset now.
[10:15:12.323]    DEBUG: <PixTest.cc/efficiencyMaps:L407>  eff result size = 1041753
[10:15:12.323]    DEBUG: <PixTest.cc/efficiencyMaps:L412> Create hists HR_xeff_CalDelScan_step14_C0 .. HR_xeff_CalDelScan_step14_C15
[10:15:12.324]    DEBUG: <PixTest.cc/efficiencyMaps:L426> booking xray maps for unmasked detector
[10:15:12.400]    DEBUG: <PixTest.cc/efficiencyMaps:L396>       attempt #0
[10:15:13.065]     INFO: Expecting 41600 events.
[10:15:17.087]     INFO: 41600 events read in total (3495ms).
[10:15:17.095]     INFO: Test took 4695ms.
[10:15:17.270]     INFO: Fetched DAQ statistics. Counters are being reset now.
[10:15:17.270]    DEBUG: <PixTest.cc/efficiencyMaps:L407>  eff result size = 1040350
[10:15:17.270]    DEBUG: <PixTest.cc/efficiencyMaps:L412> Create hists HR_xeff_CalDelScan_step15_C0 .. HR_xeff_CalDelScan_step15_C15
[10:15:17.270]    DEBUG: <PixTest.cc/efficiencyMaps:L426> booking xray maps for unmasked detector
[10:15:17.347]    DEBUG: <PixTest.cc/efficiencyMaps:L396>       attempt #0
[10:15:18.012]     INFO: Expecting 41600 events.
[10:15:22.028]     INFO: 41600 events read in total (3489ms).
[10:15:22.036]     INFO: Test took 4689ms.
[10:15:22.206]     INFO: Fetched DAQ statistics. Counters are being reset now.
[10:15:22.207]    DEBUG: <PixTest.cc/efficiencyMaps:L407>  eff result size = 1038505
[10:15:22.207]    DEBUG: <PixTest.cc/efficiencyMaps:L412> Create hists HR_xeff_CalDelScan_step16_C0 .. HR_xeff_CalDelScan_step16_C15
[10:15:22.208]    DEBUG: <PixTest.cc/efficiencyMaps:L426> booking xray maps for unmasked detector
[10:15:22.283]    DEBUG: <PixTest.cc/efficiencyMaps:L396>       attempt #0
[10:15:22.948]     INFO: Expecting 41600 events.
[10:15:26.953]     INFO: 41600 events read in total (3478ms).
[10:15:26.961]     INFO: Test took 4678ms.
[10:15:27.129]     INFO: Fetched DAQ statistics. Counters are being reset now.
[10:15:27.130]    DEBUG: <PixTest.cc/efficiencyMaps:L407>  eff result size = 1036271
[10:15:27.130]    DEBUG: <PixTest.cc/efficiencyMaps:L412> Create hists HR_xeff_CalDelScan_step17_C0 .. HR_xeff_CalDelScan_step17_C15
[10:15:27.130]    DEBUG: <PixTest.cc/efficiencyMaps:L426> booking xray maps for unmasked detector
[10:15:27.206]    DEBUG: <PixTest.cc/efficiencyMaps:L396>       attempt #0
[10:15:27.871]     INFO: Expecting 41600 events.
[10:15:31.848]     INFO: 41600 events read in total (3450ms).
[10:15:31.856]     INFO: Test took 4650ms.
[10:15:32.025]     INFO: Fetched DAQ statistics. Counters are being reset now.
[10:15:32.025]    DEBUG: <PixTest.cc/efficiencyMaps:L407>  eff result size = 1036126
[10:15:32.025]    DEBUG: <PixTest.cc/efficiencyMaps:L412> Create hists HR_xeff_CalDelScan_step18_C0 .. HR_xeff_CalDelScan_step18_C15
[10:15:32.025]    DEBUG: <PixTest.cc/efficiencyMaps:L426> booking xray maps for unmasked detector
[10:15:32.101]    DEBUG: <PixTest.cc/efficiencyMaps:L396>       attempt #0
[10:15:32.766]     INFO: Expecting 41600 events.
[10:15:36.619]     INFO: 41600 events read in total (3326ms).
[10:15:36.625]     INFO: Test took 4524ms.
[10:15:36.796]     INFO: Fetched DAQ statistics. Counters are being reset now.
[10:15:36.796]    DEBUG: <PixTest.cc/efficiencyMaps:L407>  eff result size = 1033205
[10:15:36.796]    DEBUG: <PixTest.cc/efficiencyMaps:L412> Create hists HR_xeff_CalDelScan_step19_C0 .. HR_xeff_CalDelScan_step19_C15
[10:15:36.796]    DEBUG: <PixTest.cc/efficiencyMaps:L426> booking xray maps for unmasked detector
[10:15:37.093]    DEBUG: <PixTestHighRate.cc/doCalDelScan:L422> roc  0: caldel = 152 eff = 0.998558
[10:15:37.093]    DEBUG: <PixTestHighRate.cc/doCalDelScan:L422> roc  1: caldel = 169 eff = 0.998413
[10:15:37.093]    DEBUG: <PixTestHighRate.cc/doCalDelScan:L422> roc  2: caldel = 171 eff = 0.996563
[10:15:37.094]    DEBUG: <PixTestHighRate.cc/doCalDelScan:L422> roc  3: caldel = 169 eff = 0.993678
[10:15:37.094]    DEBUG: <PixTestHighRate.cc/doCalDelScan:L422> roc  4: caldel = 179 eff = 0.992139
[10:15:37.094]    DEBUG: <PixTestHighRate.cc/doCalDelScan:L422> roc  5: caldel = 156 eff = 0.992861
[10:15:37.094]    DEBUG: <PixTestHighRate.cc/doCalDelScan:L422> roc  6: caldel = 164 eff = 0.993101
[10:15:37.094]    DEBUG: <PixTestHighRate.cc/doCalDelScan:L422> roc  7: caldel = 169 eff = 0.994111
[10:15:37.094]    DEBUG: <PixTestHighRate.cc/doCalDelScan:L422> roc  8: caldel = 184 eff = 0.993341
[10:15:37.095]    DEBUG: <PixTestHighRate.cc/doCalDelScan:L422> roc  9: caldel = 171 eff = 0.991635
[10:15:37.095]    DEBUG: <PixTestHighRate.cc/doCalDelScan:L422> roc 10: caldel = 158 eff = 0.992813
[10:15:37.095]    DEBUG: <PixTestHighRate.cc/doCalDelScan:L422> roc 11: caldel = 153 eff = 0.993606
[10:15:37.095]    DEBUG: <PixTestHighRate.cc/doCalDelScan:L422> roc 12: caldel = 174 eff = 0.993822
[10:15:37.095]    DEBUG: <PixTestHighRate.cc/doCalDelScan:L422> roc 13: caldel = 145 eff = 0.996731
[10:15:37.095]    DEBUG: <PixTestHighRate.cc/doCalDelScan:L422> roc 14: caldel = 170 eff = 0.998558
[10:15:37.096]    DEBUG: <PixTestHighRate.cc/doCalDelScan:L422> roc 15: caldel = 179 eff = 0.998173
[10:16:57.173]    DEBUG: <PixTab.cc/buttonClicked:L308> xxxPressed():  xpixelalive
[10:16:57.173]    DEBUG: <PixTestHighRate.cc/runCommand:L157> running command: xpixelalive
[10:16:57.173]     INFO:    ----------------------------------------------------------------------
[10:16:57.173]     INFO:    PixTestHighRate::xPixelAlive() ntrig = 50, vcal = 200
[10:16:57.173]     INFO:    ----------------------------------------------------------------------
[10:16:57.174]    DEBUG: <PixTestHighRate.cc/doXPixelAlive:L451>  old set: clk: 4
[10:16:57.174]    DEBUG: <PixTestHighRate.cc/doXPixelAlive:L451>  old set: ctr: 4
[10:16:57.174]    DEBUG: <PixTestHighRate.cc/doXPixelAlive:L451>  old set: sda: 19
[10:16:57.174]    DEBUG: <PixTestHighRate.cc/doXPixelAlive:L451>  old set: tin: 9
[10:16:57.174]    DEBUG: <PixTestHighRate.cc/doXPixelAlive:L451>  old set: level: 15
[10:16:57.174]    DEBUG: <PixTestHighRate.cc/doXPixelAlive:L451>  old set: triggerdelay: 0
[10:16:57.174]    DEBUG: <PixTestHighRate.cc/doXPixelAlive:L467>  setting: clk: 4
[10:16:57.174]    DEBUG: <PixTestHighRate.cc/doXPixelAlive:L467>  setting: ctr: 4
[10:16:57.174]    DEBUG: <PixTestHighRate.cc/doXPixelAlive:L467>  setting: sda: 19
[10:16:57.174]    DEBUG: <PixTestHighRate.cc/doXPixelAlive:L467>  setting: tin: 9
[10:16:57.174]    DEBUG: <PixTestHighRate.cc/doXPixelAlive:L467>  setting: level: 15
[10:16:57.174]    DEBUG: <PixTestHighRate.cc/doXPixelAlive:L467>  setting: triggerdelay: 20
[10:16:57.205]    DEBUG: <PixTest.cc/efficiencyMaps:L396>       attempt #0
[10:16:57.870]     INFO: Expecting 208000 events.
[10:17:15.276]     INFO: 208000 events read in total (16879ms).
[10:17:15.300]     INFO: Test took 18095ms.
[10:17:16.159]     INFO: Fetched DAQ statistics. Counters are being reset now.
[10:17:16.159]    DEBUG: <PixTest.cc/efficiencyMaps:L407>  eff result size = 4874067
[10:17:16.159]    DEBUG: <PixTest.cc/efficiencyMaps:L412> Create hists highRate_C0 .. highRate_C15
[10:17:16.159]    DEBUG: <PixTest.cc/efficiencyMaps:L426> booking xray maps for unmasked detector
[10:17:16.708]     INFO: number of dead pixels (per ROC):     0    0    0    0    0    0    0    0    0    0    0    0    0    0    0    0
[10:17:16.708]     INFO: number of red-efficiency pixels:   261  209  566 1007 1168 1161 1151  949 1054 1238 1204 1073 1048  549  256  310
[10:17:16.708]     INFO: number of X-ray hits detected:    161958 137584 238786 358207 382249 379408 375464 334579 373728 389517 383940 356613 364793 239248 147416 184017
[10:17:16.708]     INFO: number of triggers sent (total per ROC):  208000 208000 208000 208000 208000 208000 208000 208000 208000 208000 208000 208000 208000 208000 208000 208000
[10:17:16.708]     INFO: number of Vcal hits detected:  207719 207774 207291 206769 206413 206538 206575 206833 206706 206441 206477 206602 206740 207343 207727 207662
[10:17:16.708]     INFO: Vcal hit fiducial efficiency (%):  99.9 99.9 99.7 99.5 99.3 99.4 99.4 99.5 99.4 99.3 99.3 99.4 99.4 99.7 99.9 99.8
[10:17:16.708]     INFO: Vcal hit overall efficiency (%):  99.9 99.9 99.7 99.4 99.2 99.3 99.3 99.4 99.4 99.3 99.3 99.3 99.4 99.7 99.9 99.8
[10:17:16.708]     INFO: X-ray hit rate [MHz/cm2]:  47.5 40.3 70.0 105.0 112.0 111.2 110.1 98.1 109.5 114.2 112.5 104.5 106.9 70.1 43.2 53.9
[10:17:16.708]     INFO: PixTestHighRate::doXPixelAlive() done
[10:17:16.754]    DEBUG: <PixTestHighRate.cc/doXPixelAlive:L586>  resetting: clk: 4
[10:17:16.754]    DEBUG: <PixTestHighRate.cc/doXPixelAlive:L586>  resetting: ctr: 4
[10:17:16.754]    DEBUG: <PixTestHighRate.cc/doXPixelAlive:L586>  resetting: sda: 19
[10:17:16.754]    DEBUG: <PixTestHighRate.cc/doXPixelAlive:L586>  resetting: tin: 9
[10:17:16.754]    DEBUG: <PixTestHighRate.cc/doXPixelAlive:L586>  resetting: level: 15
[10:17:16.754]    DEBUG: <PixTestHighRate.cc/doXPixelAlive:L586>  resetting: triggerdelay: 0
[10:17:16.754]     INFO: PixTest::       pg_setup set to default.
[10:17:28.421]    DEBUG: <PixTab.cc/buttonClicked:L308> xxxPressed():  rundaq
[10:17:28.421]    DEBUG: <PixTestHighRate.cc/runCommand:L157> running command: rundaq
[10:17:28.422]     INFO:    ----------------------------------------------------------------------
[10:17:28.422]     INFO:    PixTestHighRate::runDaq() running for 2 seconds
[10:17:28.422]     INFO:    ----------------------------------------------------------------------
[10:17:28.450]    DEBUG: <PixTestHighRate.cc/doRunDaq:L769>  old set: clk: 4
[10:17:28.450]    DEBUG: <PixTestHighRate.cc/doRunDaq:L769>  old set: ctr: 4
[10:17:28.450]    DEBUG: <PixTestHighRate.cc/doRunDaq:L769>  old set: sda: 19
[10:17:28.450]    DEBUG: <PixTestHighRate.cc/doRunDaq:L769>  old set: tin: 9
[10:17:28.450]    DEBUG: <PixTestHighRate.cc/doRunDaq:L769>  old set: level: 15
[10:17:28.450]    DEBUG: <PixTestHighRate.cc/doRunDaq:L769>  old set: triggerdelay: 0
[10:17:28.450]    DEBUG: <PixTestHighRate.cc/doRunDaq:L785>  setting: clk: 4
[10:17:28.450]    DEBUG: <PixTestHighRate.cc/doRunDaq:L785>  setting: ctr: 4
[10:17:28.450]    DEBUG: <PixTestHighRate.cc/doRunDaq:L785>  setting: sda: 19
[10:17:28.450]    DEBUG: <PixTestHighRate.cc/doRunDaq:L785>  setting: tin: 9
[10:17:28.450]    DEBUG: <PixTestHighRate.cc/doRunDaq:L785>  setting: level: 15
[10:17:28.450]    DEBUG: <PixTestHighRate.cc/doRunDaq:L785>  setting: triggerdelay: 20
[10:17:29.407]     INFO: PixTestHighRate::doHitMap start TriggerLoop with trigger frequency 20 kHz, period 2011 and duration 2 seconds
[10:17:31.411]     INFO: data taking finished, elapsed time: 2 seconds.
[10:17:33.371]    DEBUG: <PixTestHighRate.cc/fillMap:L888> Processing Data: 39830 events with 918378 pixels
[10:17:33.376]     INFO: PixTest::       pg_setup set to default.
[10:17:33.470]    DEBUG: <PixTestHighRate.cc/doRunDaq:L803> analyzing hitMap_daqbbtest_C0_V0
[10:17:33.470]    DEBUG: <PixTestHighRate.cc/doRunDaq:L803> analyzing hitMap_daqbbtest_C1_V0
[10:17:33.471]    DEBUG: <PixTestHighRate.cc/doRunDaq:L803> analyzing hitMap_daqbbtest_C2_V0
[10:17:33.471]    DEBUG: <PixTestHighRate.cc/doRunDaq:L803> analyzing hitMap_daqbbtest_C3_V0
[10:17:33.471]    DEBUG: <PixTestHighRate.cc/doRunDaq:L803> analyzing hitMap_daqbbtest_C4_V0
[10:17:33.471]    DEBUG: <PixTestHighRate.cc/doRunDaq:L803> analyzing hitMap_daqbbtest_C5_V0
[10:17:33.471]    DEBUG: <PixTestHighRate.cc/doRunDaq:L803> analyzing hitMap_daqbbtest_C6_V0
[10:17:33.471]    DEBUG: <PixTestHighRate.cc/doRunDaq:L803> analyzing hitMap_daqbbtest_C7_V0
[10:17:33.471]    DEBUG: <PixTestHighRate.cc/doRunDaq:L803> analyzing hitMap_daqbbtest_C8_V0
[10:17:33.471]    DEBUG: <PixTestHighRate.cc/doRunDaq:L803> analyzing hitMap_daqbbtest_C9_V0
[10:17:33.472]    DEBUG: <PixTestHighRate.cc/doRunDaq:L803> analyzing hitMap_daqbbtest_C10_V0
[10:17:33.472]    DEBUG: <PixTestHighRate.cc/doRunDaq:L803> analyzing hitMap_daqbbtest_C11_V0
[10:17:33.472]    DEBUG: <PixTestHighRate.cc/doRunDaq:L803> analyzing hitMap_daqbbtest_C12_V0
[10:17:33.472]    DEBUG: <PixTestHighRate.cc/doRunDaq:L803> analyzing hitMap_daqbbtest_C13_V0
[10:17:33.472]    DEBUG: <PixTestHighRate.cc/doRunDaq:L803> analyzing hitMap_daqbbtest_C14_V0
[10:17:33.472]    DEBUG: <PixTestHighRate.cc/doRunDaq:L803> analyzing hitMap_daqbbtest_C15_V0
[10:17:33.472]    DEBUG: <PixTestHighRate.cc/doRunDaq:L815>  resetting: clk: 4
[10:17:33.472]    DEBUG: <PixTestHighRate.cc/doRunDaq:L815>  resetting: ctr: 4
[10:17:33.472]    DEBUG: <PixTestHighRate.cc/doRunDaq:L815>  resetting: sda: 19
[10:17:33.473]    DEBUG: <PixTestHighRate.cc/doRunDaq:L815>  resetting: tin: 9
[10:17:33.473]    DEBUG: <PixTestHighRate.cc/doRunDaq:L815>  resetting: level: 15
[10:17:33.473]    DEBUG: <PixTestHighRate.cc/doRunDaq:L815>  resetting: triggerdelay: 0
[10:17:33.473]     INFO: Pixels without X-ray hits (per ROC):   328   734   441    57    68    59    56   126    53    69    66   143    69   398   731   316 
[10:17:33.473]     INFO: PixTestHighRate::doRunDaq() done
[10:17:37.149]    DEBUG: <PixTest.cc/moduleMap:L1029> moduleMap histname: what
[10:17:37.149]    DEBUG: <PixTest.cc/moduleMap:L1039> h1->GetName() = hitMap_daqbbtest_C13_V0 -> hitMap_daqbbtest_mod
[10:17:44.885]    DEBUG: <PixTest.cc/moduleMap:L1029> moduleMap histname: what
[10:17:44.885]    DEBUG: <PixTest.cc/moduleMap:L1039> h1->GetName() = highRate_xraymap_C11_V0 -> highRate_xraymap_mod
[10:17:49.637]    DEBUG: <PixGui.cc/handleButtons:L396> PixGui::exit called
[10:17:49.638]    DEBUG: <PixGui.cc/CloseWindow:L335> Final Analog Current: 382.7mA
[10:17:49.639]    DEBUG: <PixGui.cc/CloseWindow:L336> Final Digital Current: 472.7mA
[10:17:49.639]    DEBUG: <PixGui.cc/CloseWindow:L337> Final Module Temperature: -0.2 C
[10:17:49.639]    DEBUG: <PixTestBBMap.cc/~PixTestBBMap:L97> PixTestBBMap dtor
[10:17:49.639]    DEBUG: <PixTestBB2Map.cc/~PixTestBB2Map:L115> PixTestBB2Map dtor
[10:17:49.639]    DEBUG: <PixTestBB3Map.cc/~PixTestBB3Map:L99> PixTestBB3Map dtor
[10:17:49.639]    DEBUG: <PixTestBB4Map.cc/~PixTestBB4Map:L118> PixTestBB4Map dtor
[10:17:49.639]    DEBUG: <PixTestCmd.cc/~PixTestCmd:L78> PixTestCmd dtor
[10:17:49.639]    DEBUG: <PixTestDaq.cc/~PixTestDaq:L37> PixTestDaq dtor
[10:17:49.639]    DEBUG: <PixTestDacDacScan.cc/~PixTestDacDacScan:L136> PixTestDacDacScan dtor
[10:17:49.639]    DEBUG: <PixTestDacScan.cc/~PixTestDacScan:L129> PixTestDacScan dtor
[10:17:49.639]    DEBUG: <PixTestGainPedestal.cc/~PixTestGainPedestal:L125> PixTestGainPedestal dtor
[10:17:49.639]    DEBUG: <PixTestHighRate.cc/~PixTestHighRate:L245> PixTestHighRate dtor
[10:17:49.751]    DEBUG: <PixTestIV.cc/~PixTestIV:L96> PixTestIV dtor
[10:17:49.752]    DEBUG: <PixTestAlive.cc/~PixTestAlive:L109> PixTestAlive dtor
[10:17:49.752]    DEBUG: <PixTestPretest.cc/~PixTestPretest:L136> PixTestPretest dtor
[10:17:49.752]    DEBUG: <PixTestReadback.cc/~PixTestReadback:L89> PixTestReadback dtor, saving tree ... 
[10:17:49.752]    DEBUG: <PixTestScurves.cc/~PixTestScurves:L142> PixTestScurves dtor
[10:17:49.752]    DEBUG: <PixTestTiming.cc/~PixTestTiming:L97> PixTestTiming dtor
[10:17:49.752]    DEBUG: <PixTestTrim.cc/~PixTestTrim:L103> PixTestTrim dtor
[10:17:49.752]    DEBUG: <PixTestXray.cc/~PixTestXray:L217> PixTestXray dtor
[10:17:49.754]    QUIET: Connection to board 58 closed.
[10:17:49.835]    DEBUG: <PixMonitor.cc/dumpSummaries:L39> PixMonitor::dumpSummaries
