High Rate Efficency Log File Module: mg202

Double Column's with Efficency < 90 % 
Roc: 3 dc: 0 nPixelsDC: 156 rate: 220.266 eff: 0.964487
Roc: 4 dc: 0 nPixelsDC: 156 rate: 226.364 eff: 0.961026
Roc: 5 dc: 0 nPixelsDC: 156 rate: 252.104 eff: 0.946923
Roc: 6 dc: 0 nPixelsDC: 156 rate: 211.834 eff: 0.972436
Roc: 7 dc: 0 nPixelsDC: 156 rate: 236.111 eff: 0.952179
Roc: 9 dc: 0 nPixelsDC: 156 rate: 244.691 eff: 0.947051
Roc: 10 dc: 0 nPixelsDC: 156 rate: 199.49 eff: 0.970641
Roc: 11 dc: 0 nPixelsDC: 156 rate: 237.722 eff: 0.958846
Roc: 12 dc: 0 nPixelsDC: 156 rate: 231.229 eff: 0.959615
Roc: 13 dc: 0 nPixelsDC: 156 rate: 225.386 eff: 0.962308
Roc: 4 dc: 0 nPixelsDC: 156 rate: 182.331 eff: 0.977949
Roc: 5 dc: 0 nPixelsDC: 156 rate: 200.51 eff: 0.96859
Roc: 7 dc: 0 nPixelsDC: 156 rate: 190.048 eff: 0.974231
Roc: 9 dc: 0 nPixelsDC: 156 rate: 191.732 eff: 0.976282
Roc: 11 dc: 0 nPixelsDC: 156 rate: 187.952 eff: 0.975769
Roc: 13 dc: 0 nPixelsDC: 156 rate: 181.114 eff: 0.979744
Eff at 120MHz/cm^2 : ROC : 0 Eff: 0.974464 +/- 0.0589904
Eff at 120MHz/cm^2 : ROC : 1 Eff: 0.9902 +/- 0.00293256
Eff at 120MHz/cm^2 : ROC : 2 Eff: 0.993842 +/- 0.000454592
Eff at 120MHz/cm^2 : ROC : 3 Eff: 0.993434 +/- 0.000333098
Eff at 120MHz/cm^2 : ROC : 4 Eff: 0.99317 +/- 0.000318191
Eff at 120MHz/cm^2 : ROC : 5 Eff: 0.993404 +/- 0.000312997
Eff at 120MHz/cm^2 : ROC : 6 Eff: 0.993241 +/- 0.000321051
Eff at 120MHz/cm^2 : ROC : 7 Eff: 0.993525 +/- 0.000312155
Eff at 120MHz/cm^2 : ROC : 8 Eff: 0.993444 +/- 0.000310811
Eff at 120MHz/cm^2 : ROC : 9 Eff: 0.993259 +/- 0.00026642
Eff at 120MHz/cm^2 : ROC : 10 Eff: 0.993352 +/- 0.000343762
Eff at 120MHz/cm^2 : ROC : 11 Eff: 0.993179 +/- 0.000341883
Eff at 120MHz/cm^2 : ROC : 12 Eff: 0.993829 +/- 0.000312098
Eff at 120MHz/cm^2 : ROC : 13 Eff: 0.99392 +/- 0.000414783
Eff at 120MHz/cm^2 : ROC : 14 Eff: 0.990566 +/- 0.00432764
Eff at 120MHz/cm^2 : ROC : 15 Eff: 0.991639 +/- 0.00234808
High Rate Run: hr
Efficency at 120MHz/cm^2 : mg202 Eff: 0.993077 +/- 0.000101867
