[17:20:26.150]     INFO: *** Welcome to pxar ***
[17:20:26.150]     INFO: *** Today: 2016/02/11
[17:20:26.165]     INFO: *** Version: prod-12-105-g46f2
[17:20:26.165]     INFO: readRocDacs: ./data/mg202/dacParameters35_C0.dat .. ./data/mg202/dacParameters35_C15.dat
[17:20:26.166]     INFO: readTbmDacs: ./data/mg202/tbmParameters_C0a.dat .. ./data/mg202/tbmParameters_C0b.dat
[17:20:26.166]     INFO: readMaskFile: ./data/mg202/defaultMaskFile.dat
[17:20:26.166]     INFO: readTrimFile: ./data/mg202/trimParameters35_C0.dat .. ./data/mg202/trimParameters35_C15.dat
[17:20:26.323]     INFO:         clk: 4
[17:20:26.323]     INFO:         ctr: 4
[17:20:26.323]     INFO:         sda: 19
[17:20:26.323]     INFO:         tin: 9
[17:20:26.323]     INFO:         level: 15
[17:20:26.323]     INFO:         triggerdelay: 0
[17:20:26.323]    QUIET: Instanciating API for pxar prod-12
[17:20:26.323]     INFO: Log level: DEBUG
[17:20:26.334]    QUIET: Connection to board DTB_WRPRHI opened.
[17:20:26.337]     INFO: DTB startup information
--- DTB info------------------------------------------
Board id:    58
HW version:  DTB1.2
FW version:  4.2
SW version:  4.5
USB id:      DTB_WRPRHI
MAC address: 40D85511803A
Hostname:    pixelDTB058
Comment:     
------------------------------------------------------
[17:20:26.340]     INFO: RPC call hashes of host and DTB match: 398089610
[17:20:27.943]     INFO: DUT info: 
[17:20:27.943]     INFO: The DUT currently contains the following objects:
[17:20:27.943]     INFO:  2 TBM Cores tbm08c (2 ON)
[17:20:27.943]     INFO: 	TBM Core alpha (0): 7 registers set
[17:20:27.943]     INFO: 	TBM Core beta  (1): 7 registers set
[17:20:27.943]     INFO: 16 ROCs psi46digv21respin (16 ON) with 4160 pixelConfigs
[17:20:27.943]     INFO: 	ROC 0: 19 DACs set, Pixels: 0 masked, 0 active.
[17:20:27.943]     INFO: 	ROC 1: 19 DACs set, Pixels: 0 masked, 0 active.
[17:20:27.943]     INFO: 	ROC 2: 19 DACs set, Pixels: 0 masked, 0 active.
[17:20:27.943]     INFO: 	ROC 3: 19 DACs set, Pixels: 0 masked, 0 active.
[17:20:27.943]     INFO: 	ROC 4: 19 DACs set, Pixels: 0 masked, 0 active.
[17:20:27.943]     INFO: 	ROC 5: 19 DACs set, Pixels: 0 masked, 0 active.
[17:20:27.943]     INFO: 	ROC 6: 19 DACs set, Pixels: 0 masked, 0 active.
[17:20:27.943]     INFO: 	ROC 7: 19 DACs set, Pixels: 0 masked, 0 active.
[17:20:27.943]     INFO: 	ROC 8: 19 DACs set, Pixels: 0 masked, 0 active.
[17:20:27.943]     INFO: 	ROC 9: 19 DACs set, Pixels: 0 masked, 0 active.
[17:20:27.943]     INFO: 	ROC 10: 19 DACs set, Pixels: 0 masked, 0 active.
[17:20:27.943]     INFO: 	ROC 11: 19 DACs set, Pixels: 0 masked, 0 active.
[17:20:27.943]     INFO: 	ROC 12: 19 DACs set, Pixels: 0 masked, 0 active.
[17:20:27.943]     INFO: 	ROC 13: 19 DACs set, Pixels: 0 masked, 0 active.
[17:20:27.943]     INFO: 	ROC 14: 19 DACs set, Pixels: 0 masked, 0 active.
[17:20:27.943]     INFO: 	ROC 15: 19 DACs set, Pixels: 0 masked, 0 active.
[17:20:27.944]    DEBUG: <PixTestParameters.cc/dump:L104> PixTestParameters: ->BB<-
[17:20:27.944]    DEBUG: <PixTestParameters.cc/dump:L107>   dumpall: checkbox(0)
[17:20:27.944]    DEBUG: <PixTestParameters.cc/dump:L107>   dumpproblematic: checkbox(0)
[17:20:27.944]    DEBUG: <PixTestParameters.cc/dump:L107>   ntrig: 5
[17:20:27.944]    DEBUG: <PixTestParameters.cc/dump:L107>   vcals: 250
[17:20:27.944]    DEBUG: <PixTestParameters.cc/dump:L104> PixTestParameters: ->BB2<-
[17:20:27.944]    DEBUG: <PixTestParameters.cc/dump:L107>   ntrig: 10
[17:20:27.944]    DEBUG: <PixTestParameters.cc/dump:L107>   vcals: 222
[17:20:27.944]    DEBUG: <PixTestParameters.cc/dump:L107>   plwidth: 35
[17:20:27.944]    DEBUG: <PixTestParameters.cc/dump:L107>   pix: 11,20
[17:20:27.944]    DEBUG: <PixTestParameters.cc/dump:L107>   targetia: 24
[17:20:27.944]    DEBUG: <PixTestParameters.cc/dump:L104> PixTestParameters: ->BB3<-
[17:20:27.944]    DEBUG: <PixTestParameters.cc/dump:L107>   dumpall: checkbox(0)
[17:20:27.944]    DEBUG: <PixTestParameters.cc/dump:L107>   dumpproblematic: checkbox(0)
[17:20:27.944]    DEBUG: <PixTestParameters.cc/dump:L107>   ntrig: 5
[17:20:27.944]    DEBUG: <PixTestParameters.cc/dump:L107>   vcals: 250
[17:20:27.944]    DEBUG: <PixTestParameters.cc/dump:L104> PixTestParameters: ->BB4<-
[17:20:27.944]    DEBUG: <PixTestParameters.cc/dump:L107>   savecaldelscan: checkbox(0)
[17:20:27.944]    DEBUG: <PixTestParameters.cc/dump:L107>   ntrig: 100
[17:20:27.944]    DEBUG: <PixTestParameters.cc/dump:L107>   cals: 1
[17:20:27.944]    DEBUG: <PixTestParameters.cc/dump:L107>   caldello: 80
[17:20:27.944]    DEBUG: <PixTestParameters.cc/dump:L107>   caldelhi: 200
[17:20:27.944]    DEBUG: <PixTestParameters.cc/dump:L107>   caldelstep: 10
[17:20:27.944]    DEBUG: <PixTestParameters.cc/dump:L107>   vthrcomplo: 70
[17:20:27.944]    DEBUG: <PixTestParameters.cc/dump:L107>   vthrcomphi: 130
[17:20:27.944]    DEBUG: <PixTestParameters.cc/dump:L107>   vthrcompstep: 5
[17:20:27.944]    DEBUG: <PixTestParameters.cc/dump:L107>   noisypixels: 10
[17:20:27.944]    DEBUG: <PixTestParameters.cc/dump:L107>   vcal: 255
[17:20:27.944]    DEBUG: <PixTestParameters.cc/dump:L107>   cut: 0.5
[17:20:27.944]    DEBUG: <PixTestParameters.cc/dump:L104> PixTestParameters: ->Cmd<-
[17:20:27.944]    DEBUG: <PixTestParameters.cc/dump:L104> PixTestParameters: ->DAQ<-
[17:20:27.944]    DEBUG: <PixTestParameters.cc/dump:L107>   delaytbm: checkbox
[17:20:27.944]    DEBUG: <PixTestParameters.cc/dump:L107>   filltree: checkbox
[17:20:27.944]    DEBUG: <PixTestParameters.cc/dump:L107>   trgfrequency(khz): 100
[17:20:27.944]    DEBUG: <PixTestParameters.cc/dump:L107>   maskhotpixels: button
[17:20:27.944]    DEBUG: <PixTestParameters.cc/dump:L107>   trgnumber: 5
[17:20:27.944]    DEBUG: <PixTestParameters.cc/dump:L107>   iterations: 10
[17:20:27.944]    DEBUG: <PixTestParameters.cc/dump:L107>   rundaqtrg: button
[17:20:27.944]    DEBUG: <PixTestParameters.cc/dump:L107>   daqseconds: 5
[17:20:27.944]    DEBUG: <PixTestParameters.cc/dump:L107>   rundaqseconds: button
[17:20:27.944]    DEBUG: <PixTestParameters.cc/dump:L104> PixTestParameters: ->DacDacScan<-
[17:20:27.944]    DEBUG: <PixTestParameters.cc/dump:L107>   phmap: checkbox
[17:20:27.944]    DEBUG: <PixTestParameters.cc/dump:L107>   ntrig: 10
[17:20:27.944]    DEBUG: <PixTestParameters.cc/dump:L107>   dac1: caldel
[17:20:27.944]    DEBUG: <PixTestParameters.cc/dump:L107>   dac1lo: 0
[17:20:27.944]    DEBUG: <PixTestParameters.cc/dump:L107>   dac1hi: 255
[17:20:27.944]    DEBUG: <PixTestParameters.cc/dump:L107>   dac2: vthrcomp
[17:20:27.944]    DEBUG: <PixTestParameters.cc/dump:L107>   dac2lo: 0
[17:20:27.944]    DEBUG: <PixTestParameters.cc/dump:L107>   dac2hi: 255
[17:20:27.944]    DEBUG: <PixTestParameters.cc/dump:L107>   pix: 11,20
[17:20:27.944]    DEBUG: <PixTestParameters.cc/dump:L104> PixTestParameters: ->DacScan<-
[17:20:27.945]    DEBUG: <PixTestParameters.cc/dump:L107>   phmap: checkbox(1)
[17:20:27.945]    DEBUG: <PixTestParameters.cc/dump:L107>   allpixels: checkbox(0)
[17:20:27.945]    DEBUG: <PixTestParameters.cc/dump:L107>   unmasked: checkbox(0)
[17:20:27.945]    DEBUG: <PixTestParameters.cc/dump:L107>   ntrig: 10
[17:20:27.945]    DEBUG: <PixTestParameters.cc/dump:L107>   dac: vcal
[17:20:27.945]    DEBUG: <PixTestParameters.cc/dump:L107>   daclo: 0
[17:20:27.945]    DEBUG: <PixTestParameters.cc/dump:L107>   dachi: 255
[17:20:27.945]    DEBUG: <PixTestParameters.cc/dump:L107>   pix: 11,20
[17:20:27.945]    DEBUG: <PixTestParameters.cc/dump:L104> PixTestParameters: ->GainPedestal<-
[17:20:27.945]    DEBUG: <PixTestParameters.cc/dump:L107>   showfits: checkbox(0)
[17:20:27.945]    DEBUG: <PixTestParameters.cc/dump:L107>   extended: checkbox(0)
[17:20:27.945]    DEBUG: <PixTestParameters.cc/dump:L107>   dumphists: checkbox(0)
[17:20:27.945]    DEBUG: <PixTestParameters.cc/dump:L107>   ntrig: 10
[17:20:27.945]    DEBUG: <PixTestParameters.cc/dump:L107>   vcalstep: 10
[17:20:27.945]    DEBUG: <PixTestParameters.cc/dump:L107>   measure: button
[17:20:27.945]    DEBUG: <PixTestParameters.cc/dump:L107>   fit: button
[17:20:27.945]    DEBUG: <PixTestParameters.cc/dump:L107>   save: button
[17:20:27.945]    DEBUG: <PixTestParameters.cc/dump:L104> PixTestParameters: ->HighRate<-
[17:20:27.945]    DEBUG: <PixTestParameters.cc/dump:L107>   pix: 11,20
[17:20:27.945]    DEBUG: <PixTestParameters.cc/dump:L107>   trimhotpixels: button
[17:20:27.945]    DEBUG: <PixTestParameters.cc/dump:L107>   trimhotpixelthr: 200
[17:20:27.945]    DEBUG: <PixTestParameters.cc/dump:L107>   runsecondshotpixels: 10
[17:20:27.945]    DEBUG: <PixTestParameters.cc/dump:L107>   savetrimbits: checkbox(1)
[17:20:27.945]    DEBUG: <PixTestParameters.cc/dump:L107>   maskuntrimmable: checkbox(1)
[17:20:27.945]    DEBUG: <PixTestParameters.cc/dump:L107>   maskhotpixels: button
[17:20:27.945]    DEBUG: <PixTestParameters.cc/dump:L107>   savemaskfile: checkbox(0)
[17:20:27.945]    DEBUG: <PixTestParameters.cc/dump:L107>   maskfilename: default
[17:20:27.945]    DEBUG: <PixTestParameters.cc/dump:L107>   caldelscan: button
[17:20:27.945]    DEBUG: <PixTestParameters.cc/dump:L107>   xpixelalive: button
[17:20:27.945]    DEBUG: <PixTestParameters.cc/dump:L107>   ntrig: 50
[17:20:27.945]    DEBUG: <PixTestParameters.cc/dump:L107>   vcal: 200
[17:20:27.945]    DEBUG: <PixTestParameters.cc/dump:L107>   xnoisemaps: button
[17:20:27.945]    DEBUG: <PixTestParameters.cc/dump:L107>   daclo: 0
[17:20:27.945]    DEBUG: <PixTestParameters.cc/dump:L107>   dachi: 100
[17:20:27.945]    DEBUG: <PixTestParameters.cc/dump:L107>   dacs/step: 20
[17:20:27.945]    DEBUG: <PixTestParameters.cc/dump:L107>   rundaq: button
[17:20:27.945]    DEBUG: <PixTestParameters.cc/dump:L107>   trgfrequency(khz): 20
[17:20:27.945]    DEBUG: <PixTestParameters.cc/dump:L107>   runseconds: 2
[17:20:27.945]    DEBUG: <PixTestParameters.cc/dump:L107>   triggerdelay: 20
[17:20:27.945]    DEBUG: <PixTestParameters.cc/dump:L107>   delaytbm: checkbox
[17:20:27.945]    DEBUG: <PixTestParameters.cc/dump:L107>   filltree: checkbox
[17:20:27.945]    DEBUG: <PixTestParameters.cc/dump:L104> PixTestParameters: ->IV<-
[17:20:27.945]    DEBUG: <PixTestParameters.cc/dump:L107>   port: /dev/FIXME
[17:20:27.945]    DEBUG: <PixTestParameters.cc/dump:L107>   voltagestart: 0
[17:20:27.945]    DEBUG: <PixTestParameters.cc/dump:L107>   voltagestop: 600
[17:20:27.945]    DEBUG: <PixTestParameters.cc/dump:L107>   voltagestep: 5
[17:20:27.945]    DEBUG: <PixTestParameters.cc/dump:L107>   delay: 1
[17:20:27.945]    DEBUG: <PixTestParameters.cc/dump:L107>   compliance(ua): 100
[17:20:27.945]    DEBUG: <PixTestParameters.cc/dump:L104> PixTestParameters: ->PhOptimization<-
[17:20:27.945]    DEBUG: <PixTestParameters.cc/dump:L107>   ntrig: 10
[17:20:27.945]    DEBUG: <PixTestParameters.cc/dump:L107>   safetymarginlow: 20
[17:20:27.945]    DEBUG: <PixTestParameters.cc/dump:L107>   saturationvcal: 100
[17:20:27.945]    DEBUG: <PixTestParameters.cc/dump:L107>   quantilesaturation: 0.98
[17:20:27.945]    DEBUG: <PixTestParameters.cc/dump:L104> PixTestParameters: ->PixelAlive<-
[17:20:27.945]    DEBUG: <PixTestParameters.cc/dump:L107>   ntrig: 10
[17:20:27.945]    DEBUG: <PixTestParameters.cc/dump:L107>   vcal: 200
[17:20:27.945]    DEBUG: <PixTestParameters.cc/dump:L107>   alivetest: button
[17:20:27.945]    DEBUG: <PixTestParameters.cc/dump:L107>   masktest: button
[17:20:27.946]    DEBUG: <PixTestParameters.cc/dump:L107>   addressdecodingtest: button
[17:20:27.946]    DEBUG: <PixTestParameters.cc/dump:L104> PixTestParameters: ->Pretest<-
[17:20:27.946]    DEBUG: <PixTestParameters.cc/dump:L107>   programroc: button
[17:20:27.946]    DEBUG: <PixTestParameters.cc/dump:L107>   targetia: 24
[17:20:27.946]    DEBUG: <PixTestParameters.cc/dump:L107>   setvana: button
[17:20:27.946]    DEBUG: <PixTestParameters.cc/dump:L107>   iterations: 100
[17:20:27.946]    DEBUG: <PixTestParameters.cc/dump:L107>   settimings: button
[17:20:27.946]    DEBUG: <PixTestParameters.cc/dump:L107>   findtiming: button
[17:20:27.946]    DEBUG: <PixTestParameters.cc/dump:L107>   findworkingpixel: button
[17:20:27.946]    DEBUG: <PixTestParameters.cc/dump:L107>   setvthrcompcaldel: button
[17:20:27.946]    DEBUG: <PixTestParameters.cc/dump:L107>   pix: 11,20
[17:20:27.946]    DEBUG: <PixTestParameters.cc/dump:L107>   vcal: 250
[17:20:27.946]    DEBUG: <PixTestParameters.cc/dump:L107>   deltavthrcomp: 50
[17:20:27.946]    DEBUG: <PixTestParameters.cc/dump:L107>   fraccaldel: 0.5
[17:20:27.946]    DEBUG: <PixTestParameters.cc/dump:L107>   ntrig: 5
[17:20:27.946]    DEBUG: <PixTestParameters.cc/dump:L107>   savedacs: button
[17:20:27.946]    DEBUG: <PixTestParameters.cc/dump:L104> PixTestParameters: ->Readback<-
[17:20:27.946]    DEBUG: <PixTestParameters.cc/dump:L107>   calibratevd: button
[17:20:27.946]    DEBUG: <PixTestParameters.cc/dump:L107>   calibrateva: button
[17:20:27.946]    DEBUG: <PixTestParameters.cc/dump:L107>   calibrateia: button
[17:20:27.946]    DEBUG: <PixTestParameters.cc/dump:L107>   readbackvbg: button
[17:20:27.946]    DEBUG: <PixTestParameters.cc/dump:L107>   getcalibratedvbg: button
[17:20:27.946]    DEBUG: <PixTestParameters.cc/dump:L107>   usecalvd: checkbox(1)
[17:20:27.946]    DEBUG: <PixTestParameters.cc/dump:L107>   usecalva: checkbox(0)
[17:20:27.946]    DEBUG: <PixTestParameters.cc/dump:L107>   setvana: button
[17:20:27.946]    DEBUG: <PixTestParameters.cc/dump:L104> PixTestParameters: ->Scurves<-
[17:20:27.946]    DEBUG: <PixTestParameters.cc/dump:L107>   adjustvcal: checkbox(0)
[17:20:27.946]    DEBUG: <PixTestParameters.cc/dump:L107>   dumpall: checkbox(0)
[17:20:27.946]    DEBUG: <PixTestParameters.cc/dump:L107>   dumpproblematic: checkbox(0)
[17:20:27.946]    DEBUG: <PixTestParameters.cc/dump:L107>   dumpoutputfile: checkbox(0)
[17:20:27.946]    DEBUG: <PixTestParameters.cc/dump:L107>   ntrig: 50
[17:20:27.946]    DEBUG: <PixTestParameters.cc/dump:L107>   dac: Vcal
[17:20:27.946]    DEBUG: <PixTestParameters.cc/dump:L107>   daclo: 0
[17:20:27.946]    DEBUG: <PixTestParameters.cc/dump:L107>   dachi: 200
[17:20:27.946]    DEBUG: <PixTestParameters.cc/dump:L107>   dacs/step: -1
[17:20:27.946]    DEBUG: <PixTestParameters.cc/dump:L107>   ntrig/step: -1
[17:20:27.946]    DEBUG: <PixTestParameters.cc/dump:L107>   scurves: button
[17:20:27.946]    DEBUG: <PixTestParameters.cc/dump:L104> PixTestParameters: ->Timing<-
[17:20:27.946]    DEBUG: <PixTestParameters.cc/dump:L107>   targetclk: 4
[17:20:27.946]    DEBUG: <PixTestParameters.cc/dump:L107>   ntrig: 10
[17:20:27.946]    DEBUG: <PixTestParameters.cc/dump:L107>   clocksdascan: button
[17:20:27.946]    DEBUG: <PixTestParameters.cc/dump:L107>   notokenpass: checkbox(0)
[17:20:27.946]    DEBUG: <PixTestParameters.cc/dump:L107>   phasescan: button
[17:20:27.946]    DEBUG: <PixTestParameters.cc/dump:L107>   levelscan: button
[17:20:27.946]    DEBUG: <PixTestParameters.cc/dump:L107>   tbmphasescan: button
[17:20:27.946]    DEBUG: <PixTestParameters.cc/dump:L107>   rocdelayscan: button
[17:20:27.946]    DEBUG: <PixTestParameters.cc/dump:L107>   timingtest: button
[17:20:27.946]    DEBUG: <PixTestParameters.cc/dump:L107>   saveparameters: button
[17:20:27.946]    DEBUG: <PixTestParameters.cc/dump:L104> PixTestParameters: ->Trim<-
[17:20:27.946]    DEBUG: <PixTestParameters.cc/dump:L107>   trim: button
[17:20:27.946]    DEBUG: <PixTestParameters.cc/dump:L107>   ntrig: 8
[17:20:27.946]    DEBUG: <PixTestParameters.cc/dump:L107>   vcal: 35
[17:20:27.946]    DEBUG: <PixTestParameters.cc/dump:L107>   trimbits: button
[17:20:27.946]    DEBUG: <PixTestParameters.cc/dump:L104> PixTestParameters: ->Xray<-
[17:20:27.946]    DEBUG: <PixTestParameters.cc/dump:L107>   maskhotpixels: button
[17:20:27.946]    DEBUG: <PixTestParameters.cc/dump:L107>   savemaskfile: checkbox(0)
[17:20:27.946]    DEBUG: <PixTestParameters.cc/dump:L107>   maskfilename: default
[17:20:27.946]    DEBUG: <PixTestParameters.cc/dump:L107>   source: Ag
[17:20:27.947]    DEBUG: <PixTestParameters.cc/dump:L107>   phrun: button
[17:20:27.947]    DEBUG: <PixTestParameters.cc/dump:L107>   runseconds: 100
[17:20:27.947]    DEBUG: <PixTestParameters.cc/dump:L107>   trgfrequency(khz): 100
[17:20:27.947]    DEBUG: <PixTestParameters.cc/dump:L107>   ratescan: button
[17:20:27.947]    DEBUG: <PixTestParameters.cc/dump:L107>   vthrcompmin: 10
[17:20:27.947]    DEBUG: <PixTestParameters.cc/dump:L107>   vthrcompmax: 80
[17:20:27.947]    DEBUG: <PixTestParameters.cc/dump:L107>   stepseconds: 5
[17:20:27.947]    DEBUG: <PixTestParameters.cc/dump:L107>   delaytbm: checkbox
[17:20:27.947]    DEBUG: <PixTestParameters.cc/dump:L107>   filltree: checkbox
[17:20:27.949]    DEBUG: <PixSetup.cc/init:L81> PixSetup init start; getCurrentRSS() = 30355456
[17:20:27.949]    DEBUG: <PixSetup.cc/init:L87> fPixTestParameters = 0x15887c0
[17:20:27.949]    DEBUG: <PixSetup.cc/init:L88>  fConfigParameters = 0x1516c40
[17:20:27.949]    DEBUG: <PixSetup.cc/init:L89>        fPxarMemory = 0x7f8d49d94010
[17:20:27.949]    DEBUG: <PixSetup.cc/init:L90>         fPxarMemHi = 0x7f8d4ffff510
[17:20:27.949]    DEBUG: <PixSetup.cc/init:L106> PixSetup init done;  getCurrentRSS() = 30363648 fPxarMemory = 0x7f8d49d94010
[17:20:27.950]    DEBUG: <pXar.cc/main:L223> Initial Analog Current: 379.4mA
[17:20:27.951]    DEBUG: <pXar.cc/main:L224> Initial Digital Current: 470.3mA
[17:20:27.951]    DEBUG: <pXar.cc/main:L225> Initial Module Temperature: -1.3 C
[17:20:28.450]    DEBUG: <PixGui.cc/hvOn:L460> HV set On: 0x1b5f410
[17:20:28.511]    DEBUG: <PixTestFactory.cc/PixTestFactory:L53> PixTestFactory::PixTestFactory()
[17:20:28.511]    DEBUG: <PixTestBBMap.cc/init:L79> PixTestBBMap::init()
[17:20:28.511]    DEBUG: <PixTestBBMap.cc/PixTestBBMap:L27> PixTestBBMap ctor(PixSetup &a, string, TGTab *)
[17:20:28.517]    DEBUG: <PixTestBB2Map.cc/setParameter:L58> setting fTargetIa    = 24 mA/ROC
[17:20:28.517]    DEBUG: <PixTestBB2Map.cc/init:L97> PixTestBB2Map::init()
[17:20:28.517]    DEBUG: <PixTestBB2Map.cc/PixTestBB2Map:L29> PixTestBB2Map ctor(PixSetup &a, string, TGTab *)
[17:20:28.530]    DEBUG: <PixTestBB3Map.cc/init:L81> PixTestBB3Map::init()
[17:20:28.530]    DEBUG: <PixTestBB3Map.cc/PixTestBB3Map:L29> PixTestBB3Map ctor(PixSetup &a, string, TGTab *)
[17:20:28.551]    DEBUG: <PixTestBB4Map.cc/init:L93> PixTestBB4Map::init()
[17:20:28.551]    DEBUG: <PixTestBB4Map.cc/PixTestBB4Map:L26> PixTestMapeff ctor(PixSetup &a, string, TGTab *)
[17:20:28.571]     INFO: PixTestCmd::init()
[17:20:28.592]    DEBUG: <PixTestDaq.cc/init:L44> PixTestDaq::init()
[17:20:28.592]    DEBUG: <PixTestDaq.cc/PixTestDaq:L22> PixTestDaq ctor(PixSetup &a, string, TGTab *)
[17:20:28.592]     INFO: readGainPedestalParameters ./data/mg202/phCalibrationFitErr35_C0.dat .. ./data/mg202/phCalibrationFitErr35_C15.dat
[17:20:28.835]    DEBUG: <PixTestDacDacScan.cc/init:L103> PixTestDacDacScan::init()
[17:20:28.835]    DEBUG: <PixTestDacDacScan.cc/PixTestDacDacScan:L22> PixTestDacDacScan ctor(PixSetup &a, string, TGTab *)
[17:20:28.847]    DEBUG: <PixTestGainPedestal.cc/setParameter:L83> PixTestGainPedestal::PixTest() fVcalStep = 10
[17:20:28.856]    DEBUG: <PixTestHighRate.cc/setParameter:L68>   setting fParTriggerFrequency -> 20
[17:20:28.856]    DEBUG: <PixTestHighRate.cc/init:L198> PixTestHighRate::init()
[17:20:28.856]    DEBUG: <PixTestHighRate.cc/PixTestHighRate:L31> PixTestHighRate ctor(PixSetup &a, string, TGTab *)
[17:20:28.880]    DEBUG: <PixTest.cc/setTestParameter:L637>  setting  ntrig to new value 10
[17:20:28.880]    DEBUG: <PixTestPhOptimization.cc/setParameter:L37>   setting fParNtrig  ->10<- from sval = 10
[17:20:28.880]    DEBUG: <PixTestPhOptimization.cc/setParameter:L42>   setting fSafetyMarginLow  ->20<- from sval = 20
[17:20:28.880]    DEBUG: <PixTestPhOptimization.cc/setParameter:L48>   setting fVcalMax  ->100<- from sval = 100
[17:20:28.880]    DEBUG: <PixTestPhOptimization.cc/setParameter:L53>   setting fQuantMax  ->0.98<- from sval = 0.98
[17:20:28.886]    DEBUG: <PixTestAlive.cc/init:L77> PixTestAlive::init()
[17:20:28.886]    DEBUG: <PixTestAlive.cc/PixTestAlive:L21> PixTestAlive ctor(PixSetup &a, string, TGTab *)
[17:20:28.899]    DEBUG: <PixTestReadback.cc/setParameter:L172> fCalwVd set to 1
[17:20:28.899]    DEBUG: <PixTestReadback.cc/init:L95> PixTestReadback::init()
[17:20:28.899]    DEBUG: <PixTestReadback.cc/PixTestReadback:L22> PixTestReadback ctor(PixSetup &a, string, TGTab *)
[17:20:28.899]     INFO: readReadbackCal: ./data/mg202/readbackCal_C0.dat .. ./data/mg202/readbackCal_C15.dat
[17:20:28.913]    DEBUG: <PixTestScurves.cc/setParameter:L93> set fOutputFilename = 
[17:20:28.922]    DEBUG: <PixTestTiming.cc/setParameter:L60> PixTestTiming::PixTest() targetclk = 4
[17:20:28.922]    DEBUG: <PixTestTiming.cc/setParameter:L64> PixTestTiming::PixTest() ntrig = 10
[17:20:28.922]    DEBUG: <PixTestTiming.cc/setParameter:L48> fNoTokenPass: 0
[17:20:28.922]    DEBUG: <PixTestTiming.cc/init:L74> PixTestTiming::init()
[17:20:28.944]    DEBUG: <PixTestXray.cc/init:L134> PixTestXray::init()
[17:20:28.944]    DEBUG: <PixTestXray.cc/PixTestXray:L28> PixTestXray ctor(PixSetup &a, string, TGTab *)
[17:20:33.201]     INFO: ######################################################################
[17:20:33.201]     INFO: PixTestAlive::doTest()
[17:20:33.201]     INFO: ######################################################################
[17:20:33.205]     INFO:    ----------------------------------------------------------------------
[17:20:33.205]     INFO:    PixTestAlive::aliveTest() ntrig = 10, vcal = 200 (ctrlreg = 0 0 0 0 0 0 0 0 0 0 0 0 0 0 0 0)
[17:20:33.205]     INFO:    ----------------------------------------------------------------------
[17:20:33.207]    DEBUG: <PixTest.cc/efficiencyMaps:L396>       attempt #0
[17:20:33.586]     INFO: Expecting 41600 events.
[17:20:37.946]     INFO: 41600 events read in total (3642ms).
[17:20:38.094]     INFO: Test took 4887ms.
[17:20:38.104]     INFO: Fetched DAQ statistics. Counters are being reset now.
[17:20:38.104]    DEBUG: <PixTest.cc/efficiencyMaps:L407>  eff result size = 66560
[17:20:38.104]    DEBUG: <PixTest.cc/efficiencyMaps:L412> Create hists PixelAlive_C0 .. PixelAlive_C15
[17:20:38.383]     INFO: PixTestAlive::aliveTest() done
[17:20:38.383]     INFO: number of dead pixels (per ROC):     0    0    0    0    0    0    0    0    0    0    0    0    0    0    0    0
[17:20:38.383]    DEBUG: <PixTestAlive.cc/aliveTest:L188> number of red-efficiency pixels:     0    0    0    0    0    0    0    0    0    0    0    0    0    0    0    0
[17:20:38.412]     INFO:    ----------------------------------------------------------------------
[17:20:38.412]     INFO:    PixTestAlive::maskTest() ntrig = 10, vcal = 200 (ctrlreg = 0 0 0 0 0 0 0 0 0 0 0 0 0 0 0 0)
[17:20:38.412]     INFO:    ----------------------------------------------------------------------
[17:20:38.414]    DEBUG: <PixTest.cc/efficiencyMaps:L396>       attempt #0
[17:20:38.789]     INFO: Expecting 41600 events.
[17:20:41.908]     INFO: 41600 events read in total (2404ms).
[17:20:41.908]     INFO: Test took 3494ms.
[17:20:41.908]     INFO: Fetched DAQ statistics. Counters are being reset now.
[17:20:41.908]    DEBUG: <PixTest.cc/efficiencyMaps:L407>  eff result size = 0
[17:20:41.909]    DEBUG: <PixTest.cc/efficiencyMaps:L412> Create hists MaskTest_C0 .. MaskTest_C15
[17:20:41.909]     INFO: mask vs. old pixelAlive PixelAlive_C0_V0 ..  PixelAlive_C15_V0
[17:20:42.331]     INFO: PixTestAlive::maskTest() done
[17:20:42.331]     INFO: number of mask-defect pixels (per ROC):     0    0    0    0    0    0    0    0    0    0    0    0    0    0    0    0
[17:20:42.353]     INFO:    ----------------------------------------------------------------------
[17:20:42.354]     INFO:    PixTestAlive::addressDecodingTest() ntrig = 10, vcal = 200 (ctrlreg = 0 0 0 0 0 0 0 0 0 0 0 0 0 0 0 0)
[17:20:42.354]     INFO:    ----------------------------------------------------------------------
[17:20:42.356]    DEBUG: <PixTest.cc/efficiencyMaps:L396>       attempt #0
[17:20:42.733]     INFO: Expecting 41600 events.
[17:20:47.124]     INFO: 41600 events read in total (3676ms).
[17:20:47.125]     INFO: Test took 4769ms.
[17:20:47.135]     INFO: Fetched DAQ statistics. Counters are being reset now.
[17:20:47.135]    DEBUG: <PixTest.cc/efficiencyMaps:L407>  eff result size = 66560
[17:20:47.135]    DEBUG: <PixTest.cc/efficiencyMaps:L412> Create hists AddressDecodingTest_C0 .. AddressDecodingTest_C15
[17:20:47.506]     INFO: PixTestAlive::addressDecodingTest() done
[17:20:47.506]     INFO: number of address-decoding pixels (per ROC):     0    0    0    0    0    0    0    0    0    0    0    0    0    0    0    0
[17:20:47.506]     INFO: PixTestAlive::doTest() done, duration: 14 seconds
[17:20:55.878]    DEBUG: <PixTest.cc/moduleMap:L1029> moduleMap histname: what
[17:20:55.878]    DEBUG: <PixTest.cc/moduleMap:L1039> h1->GetName() = AddressDecodingTest_C11_V0 -> AddressDecodingTest_mod
[17:20:59.310]    DEBUG: <PixTest.cc/moduleMap:L1029> moduleMap histname: what
[17:20:59.310]    DEBUG: <PixTest.cc/moduleMap:L1039> h1->GetName() = PixelAlive_C5_V0 -> PixelAlive_mod
[17:21:02.558]    DEBUG: <PixTest.cc/moduleMap:L1029> moduleMap histname: what
[17:21:02.558]    DEBUG: <PixTest.cc/moduleMap:L1039> h1->GetName() = AddressDecodingTest_C9_V0 -> AddressDecodingTest_mod
[17:22:01.694]    DEBUG: <PixTab.cc/boxChecked:L317> xxxPressed():  savemaskfile
[17:22:02.358]    DEBUG: <PixTab.cc/buttonClicked:L308> xxxPressed():  maskhotpixels
[17:22:02.358]    DEBUG: <PixTestXray.cc/runCommand:L108> running command: maskhotpixels
[17:22:02.362]     INFO:    ----------------------------------------------------------------------
[17:22:02.362]     INFO:    PixTest::maskHotPixels() running for 10 seconds with 100 kHz trigger rate
[17:22:02.362]     INFO:    ----------------------------------------------------------------------
[17:22:03.321]     INFO: PixTestHighRate::maskHotPixels start TriggerLoop with period 404 and duration 10 seconds and trigger rate 100 kHz
[17:22:12.363]     INFO: Done with hot pixel readout
[17:22:27.088]     INFO: PixTest::       pg_setup set to default.
[17:22:27.088]    DEBUG: <PixTest.cc/maskHotPixels:L2355> hot pixel determination with THR = 10
[17:22:27.089]     INFO: no hot pixel found!
[17:22:27.089]     INFO: PixTest::maskHotPixels() done
[17:22:27.103]     INFO: write masked pixels into ./data/mg202/defaultMaskFile.dat
[17:23:07.062]    DEBUG: <PixGui.cc/handleButtons:L396> PixGui::exit called
[17:23:07.063]    DEBUG: <PixGui.cc/CloseWindow:L335> Final Analog Current: 382.7mA
[17:23:07.064]    DEBUG: <PixGui.cc/CloseWindow:L336> Final Digital Current: 470.3mA
[17:23:07.064]    DEBUG: <PixGui.cc/CloseWindow:L337> Final Module Temperature: -0.4 C
[17:23:07.064]    DEBUG: <PixTestBBMap.cc/~PixTestBBMap:L97> PixTestBBMap dtor
[17:23:07.064]    DEBUG: <PixTestBB2Map.cc/~PixTestBB2Map:L115> PixTestBB2Map dtor
[17:23:07.064]    DEBUG: <PixTestBB3Map.cc/~PixTestBB3Map:L99> PixTestBB3Map dtor
[17:23:07.064]    DEBUG: <PixTestBB4Map.cc/~PixTestBB4Map:L118> PixTestBB4Map dtor
[17:23:07.064]    DEBUG: <PixTestCmd.cc/~PixTestCmd:L78> PixTestCmd dtor
[17:23:07.064]    DEBUG: <PixTestDaq.cc/~PixTestDaq:L37> PixTestDaq dtor
[17:23:07.064]    DEBUG: <PixTestDacDacScan.cc/~PixTestDacDacScan:L136> PixTestDacDacScan dtor
[17:23:07.064]    DEBUG: <PixTestDacScan.cc/~PixTestDacScan:L129> PixTestDacScan dtor
[17:23:07.064]    DEBUG: <PixTestGainPedestal.cc/~PixTestGainPedestal:L125> PixTestGainPedestal dtor
[17:23:07.064]    DEBUG: <PixTestHighRate.cc/~PixTestHighRate:L245> PixTestHighRate dtor
[17:23:07.064]    DEBUG: <PixTestIV.cc/~PixTestIV:L96> PixTestIV dtor
[17:23:07.065]    DEBUG: <PixTestAlive.cc/~PixTestAlive:L109> PixTestAlive dtor
[17:23:07.127]    DEBUG: <PixTestPretest.cc/~PixTestPretest:L136> PixTestPretest dtor
[17:23:07.127]    DEBUG: <PixTestReadback.cc/~PixTestReadback:L89> PixTestReadback dtor, saving tree ... 
[17:23:07.127]    DEBUG: <PixTestScurves.cc/~PixTestScurves:L142> PixTestScurves dtor
[17:23:07.127]    DEBUG: <PixTestTiming.cc/~PixTestTiming:L97> PixTestTiming dtor
[17:23:07.127]    DEBUG: <PixTestTrim.cc/~PixTestTrim:L103> PixTestTrim dtor
[17:23:07.127]    DEBUG: <PixTestXray.cc/~PixTestXray:L217> PixTestXray dtor
[17:23:07.134]    QUIET: Connection to board 58 closed.
[17:23:07.214]    DEBUG: <PixMonitor.cc/dumpSummaries:L39> PixMonitor::dumpSummaries
