[15:42:01.356]     INFO: *** Welcome to pxar ***
[15:42:01.356]     INFO: *** Today: 2016/02/02
[15:42:01.366]     INFO: *** Version: prod-12
[15:42:01.366]     INFO: readRocDacs: data/mg135//dacParameters35_C0.dat .. data/mg135//dacParameters35_C15.dat
[15:42:01.367]     INFO: readTbmDacs: data/mg135//tbmParameters_C0a.dat .. data/mg135//tbmParameters_C0b.dat
[15:42:01.367]     INFO: readMaskFile: data/mg135//defaultMaskFile.dat
[15:42:01.367]     INFO: readTrimFile: data/mg135//trimParameters35_C0.dat .. data/mg135//trimParameters35_C15.dat
[15:42:01.518]     INFO:         clk: 4
[15:42:01.518]     INFO:         ctr: 4
[15:42:01.518]     INFO:         sda: 19
[15:42:01.518]     INFO:         tin: 9
[15:42:01.518]     INFO:         level: 15
[15:42:01.518]     INFO:         triggerdelay: 0
[15:42:01.518]    QUIET: Instanciating API for pxar prod-12
[15:42:01.518]     INFO: Log level: DEBUG
[15:42:01.530]    QUIET: Connection to board DTB_WRPRHI opened.
[15:42:01.533]     INFO: DTB startup information
--- DTB info------------------------------------------
Board id:    58
HW version:  DTB1.2
FW version:  4.2
SW version:  4.5
USB id:      DTB_WRPRHI
MAC address: 40D85511803A
Hostname:    pixelDTB058
Comment:     
------------------------------------------------------
[15:42:01.536]     INFO: RPC call hashes of host and DTB match: 398089610
[15:42:03.140]     INFO: DUT info: 
[15:42:03.140]     INFO: The DUT currently contains the following objects:
[15:42:03.140]     INFO:  2 TBM Cores tbm08c (2 ON)
[15:42:03.140]     INFO: 	TBM Core alpha (0): 7 registers set
[15:42:03.140]     INFO: 	TBM Core beta  (1): 7 registers set
[15:42:03.140]     INFO: 16 ROCs psi46digv21respin (16 ON) with 4160 pixelConfigs
[15:42:03.140]     INFO: 	ROC 0: 19 DACs set, Pixels: 0 masked, 0 active.
[15:42:03.140]     INFO: 	ROC 1: 19 DACs set, Pixels: 0 masked, 0 active.
[15:42:03.140]     INFO: 	ROC 2: 19 DACs set, Pixels: 0 masked, 0 active.
[15:42:03.140]     INFO: 	ROC 3: 19 DACs set, Pixels: 0 masked, 0 active.
[15:42:03.140]     INFO: 	ROC 4: 19 DACs set, Pixels: 0 masked, 0 active.
[15:42:03.140]     INFO: 	ROC 5: 19 DACs set, Pixels: 0 masked, 0 active.
[15:42:03.140]     INFO: 	ROC 6: 19 DACs set, Pixels: 0 masked, 0 active.
[15:42:03.140]     INFO: 	ROC 7: 19 DACs set, Pixels: 0 masked, 0 active.
[15:42:03.140]     INFO: 	ROC 8: 19 DACs set, Pixels: 0 masked, 0 active.
[15:42:03.140]     INFO: 	ROC 9: 19 DACs set, Pixels: 0 masked, 0 active.
[15:42:03.140]     INFO: 	ROC 10: 19 DACs set, Pixels: 0 masked, 0 active.
[15:42:03.140]     INFO: 	ROC 11: 19 DACs set, Pixels: 0 masked, 0 active.
[15:42:03.140]     INFO: 	ROC 12: 19 DACs set, Pixels: 0 masked, 0 active.
[15:42:03.140]     INFO: 	ROC 13: 19 DACs set, Pixels: 0 masked, 0 active.
[15:42:03.140]     INFO: 	ROC 14: 19 DACs set, Pixels: 0 masked, 0 active.
[15:42:03.140]     INFO: 	ROC 15: 19 DACs set, Pixels: 0 masked, 0 active.
[15:42:03.141]    DEBUG: <PixTestParameters.cc/dump:L104> PixTestParameters: ->BB<-
[15:42:03.141]    DEBUG: <PixTestParameters.cc/dump:L107>   dumpall: checkbox(0)
[15:42:03.141]    DEBUG: <PixTestParameters.cc/dump:L107>   dumpproblematic: checkbox(0)
[15:42:03.141]    DEBUG: <PixTestParameters.cc/dump:L107>   ntrig: 5
[15:42:03.141]    DEBUG: <PixTestParameters.cc/dump:L107>   vcals: 250
[15:42:03.141]    DEBUG: <PixTestParameters.cc/dump:L104> PixTestParameters: ->BB2<-
[15:42:03.141]    DEBUG: <PixTestParameters.cc/dump:L107>   ntrig: 10
[15:42:03.141]    DEBUG: <PixTestParameters.cc/dump:L107>   vcals: 222
[15:42:03.141]    DEBUG: <PixTestParameters.cc/dump:L107>   plwidth: 35
[15:42:03.141]    DEBUG: <PixTestParameters.cc/dump:L107>   pix: 11,20
[15:42:03.141]    DEBUG: <PixTestParameters.cc/dump:L107>   targetia: 24
[15:42:03.141]    DEBUG: <PixTestParameters.cc/dump:L104> PixTestParameters: ->BB3<-
[15:42:03.141]    DEBUG: <PixTestParameters.cc/dump:L107>   dumpall: checkbox(0)
[15:42:03.141]    DEBUG: <PixTestParameters.cc/dump:L107>   dumpproblematic: checkbox(0)
[15:42:03.141]    DEBUG: <PixTestParameters.cc/dump:L107>   ntrig: 5
[15:42:03.141]    DEBUG: <PixTestParameters.cc/dump:L107>   vcals: 250
[15:42:03.141]    DEBUG: <PixTestParameters.cc/dump:L104> PixTestParameters: ->BB4<-
[15:42:03.141]    DEBUG: <PixTestParameters.cc/dump:L107>   savecaldelscan: checkbox(0)
[15:42:03.141]    DEBUG: <PixTestParameters.cc/dump:L107>   ntrig: 100
[15:42:03.141]    DEBUG: <PixTestParameters.cc/dump:L107>   cals: 1
[15:42:03.141]    DEBUG: <PixTestParameters.cc/dump:L107>   caldello: 80
[15:42:03.141]    DEBUG: <PixTestParameters.cc/dump:L107>   caldelhi: 200
[15:42:03.141]    DEBUG: <PixTestParameters.cc/dump:L107>   caldelstep: 10
[15:42:03.141]    DEBUG: <PixTestParameters.cc/dump:L107>   vthrcomplo: 70
[15:42:03.141]    DEBUG: <PixTestParameters.cc/dump:L107>   vthrcomphi: 130
[15:42:03.141]    DEBUG: <PixTestParameters.cc/dump:L107>   vthrcompstep: 5
[15:42:03.141]    DEBUG: <PixTestParameters.cc/dump:L107>   noisypixels: 10
[15:42:03.141]    DEBUG: <PixTestParameters.cc/dump:L107>   vcal: 255
[15:42:03.141]    DEBUG: <PixTestParameters.cc/dump:L107>   cut: 0.5
[15:42:03.141]    DEBUG: <PixTestParameters.cc/dump:L104> PixTestParameters: ->Cmd<-
[15:42:03.141]    DEBUG: <PixTestParameters.cc/dump:L104> PixTestParameters: ->DAQ<-
[15:42:03.141]    DEBUG: <PixTestParameters.cc/dump:L107>   delaytbm: checkbox
[15:42:03.141]    DEBUG: <PixTestParameters.cc/dump:L107>   filltree: checkbox
[15:42:03.141]    DEBUG: <PixTestParameters.cc/dump:L107>   trgfrequency(khz): 100
[15:42:03.141]    DEBUG: <PixTestParameters.cc/dump:L107>   maskhotpixels: button
[15:42:03.141]    DEBUG: <PixTestParameters.cc/dump:L107>   trgnumber: 5
[15:42:03.141]    DEBUG: <PixTestParameters.cc/dump:L107>   iterations: 10
[15:42:03.141]    DEBUG: <PixTestParameters.cc/dump:L107>   rundaqtrg: button
[15:42:03.142]    DEBUG: <PixTestParameters.cc/dump:L107>   daqseconds: 5
[15:42:03.142]    DEBUG: <PixTestParameters.cc/dump:L107>   rundaqseconds: button
[15:42:03.142]    DEBUG: <PixTestParameters.cc/dump:L104> PixTestParameters: ->DacDacScan<-
[15:42:03.142]    DEBUG: <PixTestParameters.cc/dump:L107>   phmap: checkbox
[15:42:03.142]    DEBUG: <PixTestParameters.cc/dump:L107>   ntrig: 10
[15:42:03.142]    DEBUG: <PixTestParameters.cc/dump:L107>   dac1: caldel
[15:42:03.142]    DEBUG: <PixTestParameters.cc/dump:L107>   dac1lo: 0
[15:42:03.142]    DEBUG: <PixTestParameters.cc/dump:L107>   dac1hi: 255
[15:42:03.142]    DEBUG: <PixTestParameters.cc/dump:L107>   dac2: vthrcomp
[15:42:03.142]    DEBUG: <PixTestParameters.cc/dump:L107>   dac2lo: 0
[15:42:03.142]    DEBUG: <PixTestParameters.cc/dump:L107>   dac2hi: 255
[15:42:03.142]    DEBUG: <PixTestParameters.cc/dump:L107>   pix: 11,20
[15:42:03.142]    DEBUG: <PixTestParameters.cc/dump:L104> PixTestParameters: ->DacScan<-
[15:42:03.142]    DEBUG: <PixTestParameters.cc/dump:L107>   phmap: checkbox(1)
[15:42:03.142]    DEBUG: <PixTestParameters.cc/dump:L107>   allpixels: checkbox(0)
[15:42:03.142]    DEBUG: <PixTestParameters.cc/dump:L107>   unmasked: checkbox(0)
[15:42:03.142]    DEBUG: <PixTestParameters.cc/dump:L107>   ntrig: 10
[15:42:03.142]    DEBUG: <PixTestParameters.cc/dump:L107>   dac: vcal
[15:42:03.142]    DEBUG: <PixTestParameters.cc/dump:L107>   daclo: 0
[15:42:03.142]    DEBUG: <PixTestParameters.cc/dump:L107>   dachi: 255
[15:42:03.142]    DEBUG: <PixTestParameters.cc/dump:L107>   pix: 11,20
[15:42:03.142]    DEBUG: <PixTestParameters.cc/dump:L104> PixTestParameters: ->GainPedestal<-
[15:42:03.142]    DEBUG: <PixTestParameters.cc/dump:L107>   showfits: checkbox(0)
[15:42:03.142]    DEBUG: <PixTestParameters.cc/dump:L107>   extended: checkbox(0)
[15:42:03.142]    DEBUG: <PixTestParameters.cc/dump:L107>   dumphists: checkbox(0)
[15:42:03.142]    DEBUG: <PixTestParameters.cc/dump:L107>   ntrig: 10
[15:42:03.142]    DEBUG: <PixTestParameters.cc/dump:L107>   vcalstep: 10
[15:42:03.142]    DEBUG: <PixTestParameters.cc/dump:L107>   measure: button
[15:42:03.142]    DEBUG: <PixTestParameters.cc/dump:L107>   fit: button
[15:42:03.142]    DEBUG: <PixTestParameters.cc/dump:L107>   save: button
[15:42:03.142]    DEBUG: <PixTestParameters.cc/dump:L104> PixTestParameters: ->HighRate<-
[15:42:03.142]    DEBUG: <PixTestParameters.cc/dump:L107>   pix: 11,20
[15:42:03.142]    DEBUG: <PixTestParameters.cc/dump:L107>   trimhotpixels: button
[15:42:03.142]    DEBUG: <PixTestParameters.cc/dump:L107>   trimhotpixelthr: 200
[15:42:03.142]    DEBUG: <PixTestParameters.cc/dump:L107>   runsecondshotpixels: 10
[15:42:03.142]    DEBUG: <PixTestParameters.cc/dump:L107>   savetrimbits: checkbox(1)
[15:42:03.142]    DEBUG: <PixTestParameters.cc/dump:L107>   maskuntrimmable: checkbox(1)
[15:42:03.142]    DEBUG: <PixTestParameters.cc/dump:L107>   maskhotpixels: button
[15:42:03.142]    DEBUG: <PixTestParameters.cc/dump:L107>   savemaskfile: checkbox(0)
[15:42:03.142]    DEBUG: <PixTestParameters.cc/dump:L107>   maskfilename: default
[15:42:03.142]    DEBUG: <PixTestParameters.cc/dump:L107>   caldelscan: button
[15:42:03.142]    DEBUG: <PixTestParameters.cc/dump:L107>   xpixelalive: button
[15:42:03.142]    DEBUG: <PixTestParameters.cc/dump:L107>   ntrig: 50
[15:42:03.142]    DEBUG: <PixTestParameters.cc/dump:L107>   vcal: 200
[15:42:03.142]    DEBUG: <PixTestParameters.cc/dump:L107>   xnoisemaps: button
[15:42:03.142]    DEBUG: <PixTestParameters.cc/dump:L107>   daclo: 0
[15:42:03.142]    DEBUG: <PixTestParameters.cc/dump:L107>   dachi: 100
[15:42:03.142]    DEBUG: <PixTestParameters.cc/dump:L107>   dacs/step: 20
[15:42:03.142]    DEBUG: <PixTestParameters.cc/dump:L107>   rundaq: button
[15:42:03.142]    DEBUG: <PixTestParameters.cc/dump:L107>   trgfrequency(khz): 20
[15:42:03.143]    DEBUG: <PixTestParameters.cc/dump:L107>   runseconds: 50
[15:42:03.143]    DEBUG: <PixTestParameters.cc/dump:L107>   triggerdelay: 20
[15:42:03.143]    DEBUG: <PixTestParameters.cc/dump:L107>   delaytbm: checkbox
[15:42:03.143]    DEBUG: <PixTestParameters.cc/dump:L107>   filltree: checkbox
[15:42:03.143]    DEBUG: <PixTestParameters.cc/dump:L104> PixTestParameters: ->IV<-
[15:42:03.143]    DEBUG: <PixTestParameters.cc/dump:L107>   port: /dev/FIXME
[15:42:03.143]    DEBUG: <PixTestParameters.cc/dump:L107>   voltagestart: 0
[15:42:03.143]    DEBUG: <PixTestParameters.cc/dump:L107>   voltagestop: 600
[15:42:03.143]    DEBUG: <PixTestParameters.cc/dump:L107>   voltagestep: 5
[15:42:03.143]    DEBUG: <PixTestParameters.cc/dump:L107>   delay: 1
[15:42:03.143]    DEBUG: <PixTestParameters.cc/dump:L107>   compliance(ua): 100
[15:42:03.143]    DEBUG: <PixTestParameters.cc/dump:L104> PixTestParameters: ->PhOptimization<-
[15:42:03.143]    DEBUG: <PixTestParameters.cc/dump:L107>   ntrig: 10
[15:42:03.143]    DEBUG: <PixTestParameters.cc/dump:L107>   safetymarginlow: 20
[15:42:03.143]    DEBUG: <PixTestParameters.cc/dump:L107>   saturationvcal: 100
[15:42:03.143]    DEBUG: <PixTestParameters.cc/dump:L107>   quantilesaturation: 0.98
[15:42:03.143]    DEBUG: <PixTestParameters.cc/dump:L104> PixTestParameters: ->PixelAlive<-
[15:42:03.143]    DEBUG: <PixTestParameters.cc/dump:L107>   ntrig: 10
[15:42:03.143]    DEBUG: <PixTestParameters.cc/dump:L107>   vcal: 200
[15:42:03.143]    DEBUG: <PixTestParameters.cc/dump:L107>   alivetest: button
[15:42:03.143]    DEBUG: <PixTestParameters.cc/dump:L107>   masktest: button
[15:42:03.143]    DEBUG: <PixTestParameters.cc/dump:L107>   addressdecodingtest: button
[15:42:03.143]    DEBUG: <PixTestParameters.cc/dump:L104> PixTestParameters: ->Pretest<-
[15:42:03.143]    DEBUG: <PixTestParameters.cc/dump:L107>   programroc: button
[15:42:03.143]    DEBUG: <PixTestParameters.cc/dump:L107>   targetia: 24
[15:42:03.143]    DEBUG: <PixTestParameters.cc/dump:L107>   setvana: button
[15:42:03.143]    DEBUG: <PixTestParameters.cc/dump:L107>   iterations: 100
[15:42:03.143]    DEBUG: <PixTestParameters.cc/dump:L107>   settimings: button
[15:42:03.143]    DEBUG: <PixTestParameters.cc/dump:L107>   findtiming: button
[15:42:03.143]    DEBUG: <PixTestParameters.cc/dump:L107>   findworkingpixel: button
[15:42:03.143]    DEBUG: <PixTestParameters.cc/dump:L107>   setvthrcompcaldel: button
[15:42:03.143]    DEBUG: <PixTestParameters.cc/dump:L107>   pix: 11,20
[15:42:03.143]    DEBUG: <PixTestParameters.cc/dump:L107>   vcal: 250
[15:42:03.143]    DEBUG: <PixTestParameters.cc/dump:L107>   deltavthrcomp: 50
[15:42:03.143]    DEBUG: <PixTestParameters.cc/dump:L107>   fraccaldel: 0.5
[15:42:03.143]    DEBUG: <PixTestParameters.cc/dump:L107>   ntrig: 5
[15:42:03.143]    DEBUG: <PixTestParameters.cc/dump:L107>   savedacs: button
[15:42:03.143]    DEBUG: <PixTestParameters.cc/dump:L104> PixTestParameters: ->Readback<-
[15:42:03.143]    DEBUG: <PixTestParameters.cc/dump:L107>   calibratevd: button
[15:42:03.143]    DEBUG: <PixTestParameters.cc/dump:L107>   calibrateva: button
[15:42:03.143]    DEBUG: <PixTestParameters.cc/dump:L107>   calibrateia: button
[15:42:03.143]    DEBUG: <PixTestParameters.cc/dump:L107>   readbackvbg: button
[15:42:03.143]    DEBUG: <PixTestParameters.cc/dump:L107>   getcalibratedvbg: button
[15:42:03.143]    DEBUG: <PixTestParameters.cc/dump:L107>   usecalvd: checkbox(1)
[15:42:03.143]    DEBUG: <PixTestParameters.cc/dump:L107>   usecalva: checkbox(0)
[15:42:03.143]    DEBUG: <PixTestParameters.cc/dump:L107>   setvana: button
[15:42:03.143]    DEBUG: <PixTestParameters.cc/dump:L104> PixTestParameters: ->Scurves<-
[15:42:03.143]    DEBUG: <PixTestParameters.cc/dump:L107>   adjustvcal: checkbox(0)
[15:42:03.143]    DEBUG: <PixTestParameters.cc/dump:L107>   dumpall: checkbox(0)
[15:42:03.143]    DEBUG: <PixTestParameters.cc/dump:L107>   dumpproblematic: checkbox(0)
[15:42:03.143]    DEBUG: <PixTestParameters.cc/dump:L107>   dumpoutputfile: checkbox(0)
[15:42:03.144]    DEBUG: <PixTestParameters.cc/dump:L107>   ntrig: 50
[15:42:03.144]    DEBUG: <PixTestParameters.cc/dump:L107>   dac: Vcal
[15:42:03.144]    DEBUG: <PixTestParameters.cc/dump:L107>   daclo: 0
[15:42:03.144]    DEBUG: <PixTestParameters.cc/dump:L107>   dachi: 200
[15:42:03.144]    DEBUG: <PixTestParameters.cc/dump:L107>   dacs/step: -1
[15:42:03.144]    DEBUG: <PixTestParameters.cc/dump:L107>   ntrig/step: -1
[15:42:03.144]    DEBUG: <PixTestParameters.cc/dump:L107>   scurves: button
[15:42:03.144]    DEBUG: <PixTestParameters.cc/dump:L104> PixTestParameters: ->Timing<-
[15:42:03.144]    DEBUG: <PixTestParameters.cc/dump:L107>   targetclk: 4
[15:42:03.144]    DEBUG: <PixTestParameters.cc/dump:L107>   ntrig: 10
[15:42:03.144]    DEBUG: <PixTestParameters.cc/dump:L107>   clocksdascan: button
[15:42:03.144]    DEBUG: <PixTestParameters.cc/dump:L107>   notokenpass: checkbox(0)
[15:42:03.144]    DEBUG: <PixTestParameters.cc/dump:L107>   phasescan: button
[15:42:03.144]    DEBUG: <PixTestParameters.cc/dump:L107>   levelscan: button
[15:42:03.144]    DEBUG: <PixTestParameters.cc/dump:L107>   tbmphasescan: button
[15:42:03.144]    DEBUG: <PixTestParameters.cc/dump:L107>   rocdelayscan: button
[15:42:03.144]    DEBUG: <PixTestParameters.cc/dump:L107>   timingtest: button
[15:42:03.144]    DEBUG: <PixTestParameters.cc/dump:L107>   saveparameters: button
[15:42:03.144]    DEBUG: <PixTestParameters.cc/dump:L104> PixTestParameters: ->Trim<-
[15:42:03.144]    DEBUG: <PixTestParameters.cc/dump:L107>   trim: button
[15:42:03.144]    DEBUG: <PixTestParameters.cc/dump:L107>   ntrig: 8
[15:42:03.144]    DEBUG: <PixTestParameters.cc/dump:L107>   vcal: 35
[15:42:03.144]    DEBUG: <PixTestParameters.cc/dump:L107>   trimbits: button
[15:42:03.144]    DEBUG: <PixTestParameters.cc/dump:L104> PixTestParameters: ->Xray<-
[15:42:03.144]    DEBUG: <PixTestParameters.cc/dump:L107>   maskhotpixels: button
[15:42:03.144]    DEBUG: <PixTestParameters.cc/dump:L107>   savemaskfile: checkbox(0)
[15:42:03.144]    DEBUG: <PixTestParameters.cc/dump:L107>   maskfilename: default
[15:42:03.144]    DEBUG: <PixTestParameters.cc/dump:L107>   source: Ag
[15:42:03.144]    DEBUG: <PixTestParameters.cc/dump:L107>   phrun: button
[15:42:03.144]    DEBUG: <PixTestParameters.cc/dump:L107>   runseconds: 100
[15:42:03.144]    DEBUG: <PixTestParameters.cc/dump:L107>   trgfrequency(khz): 100
[15:42:03.144]    DEBUG: <PixTestParameters.cc/dump:L107>   ratescan: button
[15:42:03.144]    DEBUG: <PixTestParameters.cc/dump:L107>   vthrcompmin: 10
[15:42:03.144]    DEBUG: <PixTestParameters.cc/dump:L107>   vthrcompmax: 80
[15:42:03.144]    DEBUG: <PixTestParameters.cc/dump:L107>   stepseconds: 5
[15:42:03.144]    DEBUG: <PixTestParameters.cc/dump:L107>   delaytbm: checkbox
[15:42:03.144]    DEBUG: <PixTestParameters.cc/dump:L107>   filltree: checkbox
[15:42:03.146]    DEBUG: <PixSetup.cc/init:L81> PixSetup init start; getCurrentRSS() = 30355456
[15:42:03.147]    DEBUG: <PixSetup.cc/init:L87> fPixTestParameters = 0x1b797b0
[15:42:03.147]    DEBUG: <PixSetup.cc/init:L88>  fConfigParameters = 0x1b07c40
[15:42:03.147]    DEBUG: <PixSetup.cc/init:L89>        fPxarMemory = 0x7fa951d94010
[15:42:03.147]    DEBUG: <PixSetup.cc/init:L90>         fPxarMemHi = 0x7fa957fff510
[15:42:03.147]    DEBUG: <PixSetup.cc/init:L106> PixSetup init done;  getCurrentRSS() = 30363648 fPxarMemory = 0x7fa951d94010
[15:42:03.148]    DEBUG: <pXar.cc/main:L223> Initial Analog Current: 390.7mA
[15:42:03.149]    DEBUG: <pXar.cc/main:L224> Initial Digital Current: 595.7mA
[15:42:03.149]    DEBUG: <pXar.cc/main:L225> Initial Module Temperature: 3.5 C
[15:42:03.648]    DEBUG: <PixGui.cc/hvOn:L460> HV set On: 0x21503e0
[15:42:03.710]    DEBUG: <PixTestFactory.cc/PixTestFactory:L53> PixTestFactory::PixTestFactory()
[15:42:03.710]    DEBUG: <PixTestBBMap.cc/init:L79> PixTestBBMap::init()
[15:42:03.710]    DEBUG: <PixTestBBMap.cc/PixTestBBMap:L27> PixTestBBMap ctor(PixSetup &a, string, TGTab *)
[15:42:03.716]    DEBUG: <PixTestBB2Map.cc/setParameter:L58> setting fTargetIa    = 24 mA/ROC
[15:42:03.716]    DEBUG: <PixTestBB2Map.cc/init:L97> PixTestBB2Map::init()
[15:42:03.716]    DEBUG: <PixTestBB2Map.cc/PixTestBB2Map:L29> PixTestBB2Map ctor(PixSetup &a, string, TGTab *)
[15:42:03.727]    DEBUG: <PixTestBB3Map.cc/init:L81> PixTestBB3Map::init()
[15:42:03.727]    DEBUG: <PixTestBB3Map.cc/PixTestBB3Map:L29> PixTestBB3Map ctor(PixSetup &a, string, TGTab *)
[15:42:03.742]    DEBUG: <PixTestBB4Map.cc/init:L93> PixTestBB4Map::init()
[15:42:03.742]    DEBUG: <PixTestBB4Map.cc/PixTestBB4Map:L26> PixTestMapeff ctor(PixSetup &a, string, TGTab *)
[15:42:03.761]     INFO: PixTestCmd::init()
[15:42:03.767]    DEBUG: <PixTestDaq.cc/init:L44> PixTestDaq::init()
[15:42:03.767]    DEBUG: <PixTestDaq.cc/PixTestDaq:L22> PixTestDaq ctor(PixSetup &a, string, TGTab *)
[15:42:03.767]     INFO: readGainPedestalParameters data/mg135//phCalibrationFitErr35_C0.dat .. data/mg135//phCalibrationFitErr35_C15.dat
[15:42:04.012]    DEBUG: <PixTestDacDacScan.cc/init:L103> PixTestDacDacScan::init()
[15:42:04.012]    DEBUG: <PixTestDacDacScan.cc/PixTestDacDacScan:L22> PixTestDacDacScan ctor(PixSetup &a, string, TGTab *)
[15:42:04.032]    DEBUG: <PixTestGainPedestal.cc/setParameter:L83> PixTestGainPedestal::PixTest() fVcalStep = 10
[15:42:04.040]    DEBUG: <PixTestHighRate.cc/setParameter:L68>   setting fParTriggerFrequency -> 20
[15:42:04.040]    DEBUG: <PixTestHighRate.cc/init:L198> PixTestHighRate::init()
[15:42:04.040]    DEBUG: <PixTestHighRate.cc/PixTestHighRate:L31> PixTestHighRate ctor(PixSetup &a, string, TGTab *)
[15:42:04.065]    DEBUG: <PixTest.cc/setTestParameter:L637>  setting  ntrig to new value 10
[15:42:04.065]    DEBUG: <PixTestPhOptimization.cc/setParameter:L37>   setting fParNtrig  ->10<- from sval = 10
[15:42:04.065]    DEBUG: <PixTestPhOptimization.cc/setParameter:L42>   setting fSafetyMarginLow  ->20<- from sval = 20
[15:42:04.065]    DEBUG: <PixTestPhOptimization.cc/setParameter:L48>   setting fVcalMax  ->100<- from sval = 100
[15:42:04.065]    DEBUG: <PixTestPhOptimization.cc/setParameter:L53>   setting fQuantMax  ->0.98<- from sval = 0.98
[15:42:04.072]    DEBUG: <PixTestAlive.cc/init:L77> PixTestAlive::init()
[15:42:04.072]    DEBUG: <PixTestAlive.cc/PixTestAlive:L21> PixTestAlive ctor(PixSetup &a, string, TGTab *)
[15:42:04.096]    DEBUG: <PixTestReadback.cc/setParameter:L172> fCalwVd set to 1
[15:42:04.096]    DEBUG: <PixTestReadback.cc/init:L95> PixTestReadback::init()
[15:42:04.096]    DEBUG: <PixTestReadback.cc/PixTestReadback:L22> PixTestReadback ctor(PixSetup &a, string, TGTab *)
[15:42:04.096]     INFO: readReadbackCal: data/mg135//readbackCal_C0.dat .. data/mg135//readbackCal_C15.dat
[15:42:04.106]    DEBUG: <PixTestScurves.cc/setParameter:L93> set fOutputFilename = 
[15:42:04.115]    DEBUG: <PixTestTiming.cc/setParameter:L60> PixTestTiming::PixTest() targetclk = 4
[15:42:04.115]    DEBUG: <PixTestTiming.cc/setParameter:L64> PixTestTiming::PixTest() ntrig = 10
[15:42:04.115]    DEBUG: <PixTestTiming.cc/setParameter:L48> fNoTokenPass: 0
[15:42:04.115]    DEBUG: <PixTestTiming.cc/init:L74> PixTestTiming::init()
[15:42:04.132]    DEBUG: <PixTestXray.cc/init:L134> PixTestXray::init()
[15:42:04.132]    DEBUG: <PixTestXray.cc/PixTestXray:L28> PixTestXray ctor(PixSetup &a, string, TGTab *)
[15:42:53.185]    DEBUG: <PixTab.cc/setParameter:L391> xxxPressed():  ID = 1 -> source to value 08ma
[15:42:58.138]     INFO: ######################################################################
[15:42:58.138]     INFO: PixTestXray::doTest()
[15:42:58.138]     INFO: ######################################################################
[15:42:58.138]     INFO:    ----------------------------------------------------------------------
[15:42:58.138]     INFO:    PixTestXray::doPhRun() fParRunSeconds = 100
[15:42:58.138]     INFO:    ----------------------------------------------------------------------
[15:42:59.112]     INFO: PixTestXray::doPhRun start TriggerLoop with trigger frequency 100 kHz, period 405 and duration 100 seconds,  fEventsMax = 10000000
[15:43:04.935]     INFO: run duration 5 seconds, buffer almost full (81%), pausing triggers.
[15:43:04.939]    DEBUG: <PixTestXray.cc/processData:L739> Getting Event Buffer
[15:43:29.270]    DEBUG: <PixTestXray.cc/processData:L757> Processing Data: 573846 events.
[15:43:43.970]    DEBUG: <PixTestXray.cc/processData:L808>  # events read: 573846, pixels seen in all events: 13367944
[15:43:44.105]     INFO: Resuming triggers.
[15:43:49.929]     INFO: run duration 11 seconds, buffer almost full (81%), pausing triggers.
[15:43:49.969]    DEBUG: <PixTestXray.cc/processData:L739> Getting Event Buffer
[15:44:13.839]    DEBUG: <PixTestXray.cc/processData:L757> Processing Data: 573683 events.
[15:44:28.493]    DEBUG: <PixTestXray.cc/processData:L808>  # events read: 573683, pixels seen in all events: 13367022
[15:44:28.620]     INFO: Resuming triggers.
[15:44:34.449]     INFO: run duration 17 seconds, buffer almost full (81%), pausing triggers.
[15:44:34.487]    DEBUG: <PixTestXray.cc/processData:L739> Getting Event Buffer
[15:44:58.450]    DEBUG: <PixTestXray.cc/processData:L757> Processing Data: 574213 events.
[15:45:13.142]    DEBUG: <PixTestXray.cc/processData:L808>  # events read: 574213, pixels seen in all events: 13361441
[15:45:13.269]     INFO: Resuming triggers.
[15:45:19.096]     INFO: run duration 23 seconds, buffer almost full (81%), pausing triggers.
[15:45:19.137]    DEBUG: <PixTestXray.cc/processData:L739> Getting Event Buffer
[15:45:43.129]    DEBUG: <PixTestXray.cc/processData:L757> Processing Data: 573932 events.
[15:45:57.659]    DEBUG: <PixTestXray.cc/processData:L808>  # events read: 573932, pixels seen in all events: 13364477
[15:45:57.791]     INFO: Resuming triggers.
[15:46:03.616]     INFO: run duration 29 seconds, buffer almost full (81%), pausing triggers.
[15:46:03.660]    DEBUG: <PixTestXray.cc/processData:L739> Getting Event Buffer
[15:46:27.553]    DEBUG: <PixTestXray.cc/processData:L757> Processing Data: 573747 events.
[15:46:42.089]    DEBUG: <PixTestXray.cc/processData:L808>  # events read: 573747, pixels seen in all events: 13366359
[15:46:42.218]     INFO: Resuming triggers.
[15:46:48.048]     INFO: run duration 34 seconds, buffer almost full (81%), pausing triggers.
[15:46:48.086]    DEBUG: <PixTestXray.cc/processData:L739> Getting Event Buffer
[15:47:11.958]    DEBUG: <PixTestXray.cc/processData:L757> Processing Data: 574261 events.
[15:47:26.486]    DEBUG: <PixTestXray.cc/processData:L808>  # events read: 574261, pixels seen in all events: 13360198
[15:47:26.617]     INFO: Resuming triggers.
[15:47:32.449]     INFO: run duration 40 seconds, buffer almost full (81%), pausing triggers.
[15:47:32.488]    DEBUG: <PixTestXray.cc/processData:L739> Getting Event Buffer
[15:47:56.384]    DEBUG: <PixTestXray.cc/processData:L757> Processing Data: 574484 events.
[15:48:10.977]    DEBUG: <PixTestXray.cc/processData:L808>  # events read: 574484, pixels seen in all events: 13358139
[15:48:11.105]     INFO: Resuming triggers.
[15:48:16.939]     INFO: run duration 46 seconds, buffer almost full (81%), pausing triggers.
[15:48:16.981]    DEBUG: <PixTestXray.cc/processData:L739> Getting Event Buffer
[15:48:41.024]    DEBUG: <PixTestXray.cc/processData:L757> Processing Data: 574681 events.
[15:48:55.547]    DEBUG: <PixTestXray.cc/processData:L808>  # events read: 574681, pixels seen in all events: 13355375
[15:48:55.681]     INFO: Resuming triggers.
[15:49:01.507]     INFO: run duration 52 seconds, buffer almost full (81%), pausing triggers.
[15:49:01.549]    DEBUG: <PixTestXray.cc/processData:L739> Getting Event Buffer
[15:49:25.464]    DEBUG: <PixTestXray.cc/processData:L757> Processing Data: 573891 events.
[15:49:40.044]    DEBUG: <PixTestXray.cc/processData:L808>  # events read: 573891, pixels seen in all events: 13363867
[15:49:40.172]     INFO: Resuming triggers.
[15:49:46.000]     INFO: run duration 58 seconds, buffer almost full (81%), pausing triggers.
[15:49:46.040]    DEBUG: <PixTestXray.cc/processData:L739> Getting Event Buffer
[15:50:09.939]    DEBUG: <PixTestXray.cc/processData:L757> Processing Data: 574087 events.
[15:50:24.484]    DEBUG: <PixTestXray.cc/processData:L808>  # events read: 574087, pixels seen in all events: 13361911
[15:50:24.613]     INFO: Resuming triggers.
[15:50:30.439]     INFO: run duration 64 seconds, buffer almost full (81%), pausing triggers.
[15:50:30.476]    DEBUG: <PixTestXray.cc/processData:L739> Getting Event Buffer
[15:50:54.416]    DEBUG: <PixTestXray.cc/processData:L757> Processing Data: 573950 events.
[15:51:09.038]    DEBUG: <PixTestXray.cc/processData:L808>  # events read: 573950, pixels seen in all events: 13363724
[15:51:09.167]     INFO: Resuming triggers.
[15:51:14.994]     INFO: run duration 69 seconds, buffer almost full (81%), pausing triggers.
[15:51:15.024]    DEBUG: <PixTestXray.cc/processData:L739> Getting Event Buffer
[15:51:38.976]    DEBUG: <PixTestXray.cc/processData:L757> Processing Data: 574053 events.
[15:51:53.579]    DEBUG: <PixTestXray.cc/processData:L808>  # events read: 574053, pixels seen in all events: 13362006
[15:51:53.711]     INFO: Resuming triggers.
[15:52:13.122]    DEBUG: <PixGui.cc/handleButtons:L396> PixGui::exit called
[15:52:13.122]    DEBUG: <PixGui.cc/CloseWindow:L335> Final Analog Current: 397.1mA
[15:52:13.123]    DEBUG: <PixGui.cc/CloseWindow:L336> Final Digital Current: 786.3mA
[15:52:13.123]    DEBUG: <PixGui.cc/CloseWindow:L337> Final Module Temperature: 23.4 C
[15:52:13.123]    DEBUG: <PixTestBBMap.cc/~PixTestBBMap:L97> PixTestBBMap dtor
[15:52:13.123]    DEBUG: <PixTestBB2Map.cc/~PixTestBB2Map:L115> PixTestBB2Map dtor
[15:52:13.123]    DEBUG: <PixTestBB3Map.cc/~PixTestBB3Map:L99> PixTestBB3Map dtor
[15:52:13.124]    DEBUG: <PixTestBB4Map.cc/~PixTestBB4Map:L118> PixTestBB4Map dtor
[15:52:13.124]    DEBUG: <PixTestCmd.cc/~PixTestCmd:L78> PixTestCmd dtor
[15:52:13.124]    DEBUG: <PixTestDaq.cc/~PixTestDaq:L37> PixTestDaq dtor
[15:52:13.124]    DEBUG: <PixTestDacDacScan.cc/~PixTestDacDacScan:L136> PixTestDacDacScan dtor
[15:52:13.124]    DEBUG: <PixTestDacScan.cc/~PixTestDacScan:L129> PixTestDacScan dtor
[15:52:13.124]    DEBUG: <PixTestGainPedestal.cc/~PixTestGainPedestal:L125> PixTestGainPedestal dtor
[15:52:13.124]    DEBUG: <PixTestHighRate.cc/~PixTestHighRate:L245> PixTestHighRate dtor
[15:52:13.124]    DEBUG: <PixTestIV.cc/~PixTestIV:L96> PixTestIV dtor
[15:52:13.124]    DEBUG: <PixTestAlive.cc/~PixTestAlive:L109> PixTestAlive dtor
[15:52:13.124]    DEBUG: <PixTestPretest.cc/~PixTestPretest:L136> PixTestPretest dtor
[15:52:13.125]    DEBUG: <PixTestReadback.cc/~PixTestReadback:L89> PixTestReadback dtor, saving tree ... 
[15:52:13.125]    DEBUG: <PixTestScurves.cc/~PixTestScurves:L142> PixTestScurves dtor
[15:52:13.125]    DEBUG: <PixTestTiming.cc/~PixTestTiming:L97> PixTestTiming dtor
[15:52:13.125]    DEBUG: <PixTestTrim.cc/~PixTestTrim:L103> PixTestTrim dtor
[15:52:13.125]    DEBUG: <PixTestXray.cc/~PixTestXray:L217> PixTestXray dtor
[15:52:13.426]    QUIET: Connection to board 58 closed.
[15:52:13.505]    DEBUG: <PixMonitor.cc/dumpSummaries:L39> PixMonitor::dumpSummaries
