[16:48:06.442]     INFO: *** Welcome to pxar ***
[16:48:06.442]     INFO: *** Today: 2016/01/29
[16:48:06.452]     INFO: *** Version: prod-12
[16:48:06.452]     INFO: readRocDacs: data/mg135//dacParameters35_C0.dat .. data/mg135//dacParameters35_C15.dat
[16:48:06.453]     INFO: readTbmDacs: data/mg135//tbmParameters_C0a.dat .. data/mg135//tbmParameters_C0b.dat
[16:48:06.453]     INFO: readMaskFile: data/mg135//defaultMaskFile.dat
[16:48:06.453]     INFO: readTrimFile: data/mg135//trimParameters35_C0.dat .. data/mg135//trimParameters35_C15.dat
[16:48:06.605]     INFO:         clk: 4
[16:48:06.605]     INFO:         ctr: 4
[16:48:06.605]     INFO:         sda: 19
[16:48:06.605]     INFO:         tin: 9
[16:48:06.605]     INFO:         level: 15
[16:48:06.605]     INFO:         triggerdelay: 0
[16:48:06.606]    QUIET: Instanciating API for pxar prod-12
[16:48:06.606]     INFO: Log level: DEBUG
[16:48:06.617]    QUIET: Connection to board DTB_WRPRHI opened.
[16:48:06.620]     INFO: DTB startup information
--- DTB info------------------------------------------
Board id:    58
HW version:  DTB1.2
FW version:  4.2
SW version:  4.5
USB id:      DTB_WRPRHI
MAC address: 40D85511803A
Hostname:    pixelDTB058
Comment:     
------------------------------------------------------
[16:48:06.623]     INFO: RPC call hashes of host and DTB match: 398089610
[16:48:08.225]     INFO: DUT info: 
[16:48:08.225]     INFO: The DUT currently contains the following objects:
[16:48:08.225]     INFO:  2 TBM Cores tbm08c (2 ON)
[16:48:08.225]     INFO: 	TBM Core alpha (0): 7 registers set
[16:48:08.225]     INFO: 	TBM Core beta  (1): 7 registers set
[16:48:08.225]     INFO: 16 ROCs psi46digv21respin (16 ON) with 4160 pixelConfigs
[16:48:08.225]     INFO: 	ROC 0: 19 DACs set, Pixels: 0 masked, 0 active.
[16:48:08.225]     INFO: 	ROC 1: 19 DACs set, Pixels: 0 masked, 0 active.
[16:48:08.225]     INFO: 	ROC 2: 19 DACs set, Pixels: 0 masked, 0 active.
[16:48:08.225]     INFO: 	ROC 3: 19 DACs set, Pixels: 0 masked, 0 active.
[16:48:08.225]     INFO: 	ROC 4: 19 DACs set, Pixels: 0 masked, 0 active.
[16:48:08.225]     INFO: 	ROC 5: 19 DACs set, Pixels: 0 masked, 0 active.
[16:48:08.225]     INFO: 	ROC 6: 19 DACs set, Pixels: 0 masked, 0 active.
[16:48:08.225]     INFO: 	ROC 7: 19 DACs set, Pixels: 0 masked, 0 active.
[16:48:08.225]     INFO: 	ROC 8: 19 DACs set, Pixels: 0 masked, 0 active.
[16:48:08.225]     INFO: 	ROC 9: 19 DACs set, Pixels: 0 masked, 0 active.
[16:48:08.225]     INFO: 	ROC 10: 19 DACs set, Pixels: 0 masked, 0 active.
[16:48:08.225]     INFO: 	ROC 11: 19 DACs set, Pixels: 0 masked, 0 active.
[16:48:08.225]     INFO: 	ROC 12: 19 DACs set, Pixels: 0 masked, 0 active.
[16:48:08.225]     INFO: 	ROC 13: 19 DACs set, Pixels: 0 masked, 0 active.
[16:48:08.225]     INFO: 	ROC 14: 19 DACs set, Pixels: 0 masked, 0 active.
[16:48:08.226]     INFO: 	ROC 15: 19 DACs set, Pixels: 0 masked, 0 active.
[16:48:08.226]    DEBUG: <PixTestParameters.cc/dump:L104> PixTestParameters: ->BB<-
[16:48:08.226]    DEBUG: <PixTestParameters.cc/dump:L107>   dumpall: checkbox(0)
[16:48:08.226]    DEBUG: <PixTestParameters.cc/dump:L107>   dumpproblematic: checkbox(0)
[16:48:08.226]    DEBUG: <PixTestParameters.cc/dump:L107>   ntrig: 5
[16:48:08.226]    DEBUG: <PixTestParameters.cc/dump:L107>   vcals: 250
[16:48:08.226]    DEBUG: <PixTestParameters.cc/dump:L104> PixTestParameters: ->BB2<-
[16:48:08.226]    DEBUG: <PixTestParameters.cc/dump:L107>   ntrig: 10
[16:48:08.226]    DEBUG: <PixTestParameters.cc/dump:L107>   vcals: 222
[16:48:08.226]    DEBUG: <PixTestParameters.cc/dump:L107>   plwidth: 35
[16:48:08.226]    DEBUG: <PixTestParameters.cc/dump:L107>   pix: 11,20
[16:48:08.226]    DEBUG: <PixTestParameters.cc/dump:L107>   targetia: 24
[16:48:08.226]    DEBUG: <PixTestParameters.cc/dump:L104> PixTestParameters: ->BB3<-
[16:48:08.226]    DEBUG: <PixTestParameters.cc/dump:L107>   dumpall: checkbox(0)
[16:48:08.226]    DEBUG: <PixTestParameters.cc/dump:L107>   dumpproblematic: checkbox(0)
[16:48:08.226]    DEBUG: <PixTestParameters.cc/dump:L107>   ntrig: 5
[16:48:08.226]    DEBUG: <PixTestParameters.cc/dump:L107>   vcals: 250
[16:48:08.226]    DEBUG: <PixTestParameters.cc/dump:L104> PixTestParameters: ->BB4<-
[16:48:08.226]    DEBUG: <PixTestParameters.cc/dump:L107>   savecaldelscan: checkbox(0)
[16:48:08.226]    DEBUG: <PixTestParameters.cc/dump:L107>   ntrig: 100
[16:48:08.226]    DEBUG: <PixTestParameters.cc/dump:L107>   cals: 1
[16:48:08.226]    DEBUG: <PixTestParameters.cc/dump:L107>   caldello: 80
[16:48:08.226]    DEBUG: <PixTestParameters.cc/dump:L107>   caldelhi: 200
[16:48:08.226]    DEBUG: <PixTestParameters.cc/dump:L107>   caldelstep: 10
[16:48:08.226]    DEBUG: <PixTestParameters.cc/dump:L107>   vthrcomplo: 70
[16:48:08.226]    DEBUG: <PixTestParameters.cc/dump:L107>   vthrcomphi: 130
[16:48:08.226]    DEBUG: <PixTestParameters.cc/dump:L107>   vthrcompstep: 5
[16:48:08.226]    DEBUG: <PixTestParameters.cc/dump:L107>   noisypixels: 10
[16:48:08.226]    DEBUG: <PixTestParameters.cc/dump:L107>   vcal: 255
[16:48:08.226]    DEBUG: <PixTestParameters.cc/dump:L107>   cut: 0.5
[16:48:08.226]    DEBUG: <PixTestParameters.cc/dump:L104> PixTestParameters: ->Cmd<-
[16:48:08.226]    DEBUG: <PixTestParameters.cc/dump:L104> PixTestParameters: ->DAQ<-
[16:48:08.226]    DEBUG: <PixTestParameters.cc/dump:L107>   delaytbm: checkbox
[16:48:08.227]    DEBUG: <PixTestParameters.cc/dump:L107>   filltree: checkbox
[16:48:08.227]    DEBUG: <PixTestParameters.cc/dump:L107>   trgfrequency(khz): 100
[16:48:08.227]    DEBUG: <PixTestParameters.cc/dump:L107>   maskhotpixels: button
[16:48:08.227]    DEBUG: <PixTestParameters.cc/dump:L107>   trgnumber: 5
[16:48:08.227]    DEBUG: <PixTestParameters.cc/dump:L107>   iterations: 10
[16:48:08.227]    DEBUG: <PixTestParameters.cc/dump:L107>   rundaqtrg: button
[16:48:08.227]    DEBUG: <PixTestParameters.cc/dump:L107>   daqseconds: 5
[16:48:08.227]    DEBUG: <PixTestParameters.cc/dump:L107>   rundaqseconds: button
[16:48:08.227]    DEBUG: <PixTestParameters.cc/dump:L104> PixTestParameters: ->DacDacScan<-
[16:48:08.227]    DEBUG: <PixTestParameters.cc/dump:L107>   phmap: checkbox
[16:48:08.227]    DEBUG: <PixTestParameters.cc/dump:L107>   ntrig: 10
[16:48:08.227]    DEBUG: <PixTestParameters.cc/dump:L107>   dac1: caldel
[16:48:08.227]    DEBUG: <PixTestParameters.cc/dump:L107>   dac1lo: 0
[16:48:08.227]    DEBUG: <PixTestParameters.cc/dump:L107>   dac1hi: 255
[16:48:08.227]    DEBUG: <PixTestParameters.cc/dump:L107>   dac2: vthrcomp
[16:48:08.227]    DEBUG: <PixTestParameters.cc/dump:L107>   dac2lo: 0
[16:48:08.227]    DEBUG: <PixTestParameters.cc/dump:L107>   dac2hi: 255
[16:48:08.227]    DEBUG: <PixTestParameters.cc/dump:L107>   pix: 11,20
[16:48:08.227]    DEBUG: <PixTestParameters.cc/dump:L104> PixTestParameters: ->DacScan<-
[16:48:08.227]    DEBUG: <PixTestParameters.cc/dump:L107>   phmap: checkbox(1)
[16:48:08.227]    DEBUG: <PixTestParameters.cc/dump:L107>   allpixels: checkbox(0)
[16:48:08.227]    DEBUG: <PixTestParameters.cc/dump:L107>   unmasked: checkbox(0)
[16:48:08.227]    DEBUG: <PixTestParameters.cc/dump:L107>   ntrig: 10
[16:48:08.227]    DEBUG: <PixTestParameters.cc/dump:L107>   dac: vcal
[16:48:08.227]    DEBUG: <PixTestParameters.cc/dump:L107>   daclo: 0
[16:48:08.227]    DEBUG: <PixTestParameters.cc/dump:L107>   dachi: 255
[16:48:08.227]    DEBUG: <PixTestParameters.cc/dump:L107>   pix: 11,20
[16:48:08.227]    DEBUG: <PixTestParameters.cc/dump:L104> PixTestParameters: ->GainPedestal<-
[16:48:08.227]    DEBUG: <PixTestParameters.cc/dump:L107>   showfits: checkbox(0)
[16:48:08.227]    DEBUG: <PixTestParameters.cc/dump:L107>   extended: checkbox(0)
[16:48:08.227]    DEBUG: <PixTestParameters.cc/dump:L107>   dumphists: checkbox(0)
[16:48:08.227]    DEBUG: <PixTestParameters.cc/dump:L107>   ntrig: 10
[16:48:08.227]    DEBUG: <PixTestParameters.cc/dump:L107>   vcalstep: 10
[16:48:08.227]    DEBUG: <PixTestParameters.cc/dump:L107>   measure: button
[16:48:08.227]    DEBUG: <PixTestParameters.cc/dump:L107>   fit: button
[16:48:08.227]    DEBUG: <PixTestParameters.cc/dump:L107>   save: button
[16:48:08.227]    DEBUG: <PixTestParameters.cc/dump:L104> PixTestParameters: ->HighRate<-
[16:48:08.227]    DEBUG: <PixTestParameters.cc/dump:L107>   pix: 11,20
[16:48:08.227]    DEBUG: <PixTestParameters.cc/dump:L107>   trimhotpixels: button
[16:48:08.227]    DEBUG: <PixTestParameters.cc/dump:L107>   trimhotpixelthr: 200
[16:48:08.227]    DEBUG: <PixTestParameters.cc/dump:L107>   runsecondshotpixels: 10
[16:48:08.227]    DEBUG: <PixTestParameters.cc/dump:L107>   savetrimbits: checkbox(1)
[16:48:08.227]    DEBUG: <PixTestParameters.cc/dump:L107>   maskuntrimmable: checkbox(1)
[16:48:08.227]    DEBUG: <PixTestParameters.cc/dump:L107>   maskhotpixels: button
[16:48:08.227]    DEBUG: <PixTestParameters.cc/dump:L107>   savemaskfile: checkbox(0)
[16:48:08.227]    DEBUG: <PixTestParameters.cc/dump:L107>   maskfilename: default
[16:48:08.227]    DEBUG: <PixTestParameters.cc/dump:L107>   caldelscan: button
[16:48:08.227]    DEBUG: <PixTestParameters.cc/dump:L107>   xpixelalive: button
[16:48:08.227]    DEBUG: <PixTestParameters.cc/dump:L107>   ntrig: 50
[16:48:08.227]    DEBUG: <PixTestParameters.cc/dump:L107>   vcal: 200
[16:48:08.227]    DEBUG: <PixTestParameters.cc/dump:L107>   xnoisemaps: button
[16:48:08.227]    DEBUG: <PixTestParameters.cc/dump:L107>   daclo: 0
[16:48:08.227]    DEBUG: <PixTestParameters.cc/dump:L107>   dachi: 100
[16:48:08.227]    DEBUG: <PixTestParameters.cc/dump:L107>   dacs/step: 20
[16:48:08.227]    DEBUG: <PixTestParameters.cc/dump:L107>   rundaq: button
[16:48:08.227]    DEBUG: <PixTestParameters.cc/dump:L107>   trgfrequency(khz): 20
[16:48:08.228]    DEBUG: <PixTestParameters.cc/dump:L107>   runseconds: 50
[16:48:08.228]    DEBUG: <PixTestParameters.cc/dump:L107>   triggerdelay: 20
[16:48:08.228]    DEBUG: <PixTestParameters.cc/dump:L107>   delaytbm: checkbox
[16:48:08.228]    DEBUG: <PixTestParameters.cc/dump:L107>   filltree: checkbox
[16:48:08.228]    DEBUG: <PixTestParameters.cc/dump:L104> PixTestParameters: ->IV<-
[16:48:08.228]    DEBUG: <PixTestParameters.cc/dump:L107>   port: /dev/FIXME
[16:48:08.228]    DEBUG: <PixTestParameters.cc/dump:L107>   voltagestart: 0
[16:48:08.228]    DEBUG: <PixTestParameters.cc/dump:L107>   voltagestop: 600
[16:48:08.228]    DEBUG: <PixTestParameters.cc/dump:L107>   voltagestep: 5
[16:48:08.228]    DEBUG: <PixTestParameters.cc/dump:L107>   delay: 1
[16:48:08.228]    DEBUG: <PixTestParameters.cc/dump:L107>   compliance(ua): 100
[16:48:08.228]    DEBUG: <PixTestParameters.cc/dump:L104> PixTestParameters: ->PhOptimization<-
[16:48:08.228]    DEBUG: <PixTestParameters.cc/dump:L107>   ntrig: 10
[16:48:08.228]    DEBUG: <PixTestParameters.cc/dump:L107>   safetymarginlow: 20
[16:48:08.228]    DEBUG: <PixTestParameters.cc/dump:L107>   saturationvcal: 100
[16:48:08.228]    DEBUG: <PixTestParameters.cc/dump:L107>   quantilesaturation: 0.98
[16:48:08.228]    DEBUG: <PixTestParameters.cc/dump:L104> PixTestParameters: ->PixelAlive<-
[16:48:08.228]    DEBUG: <PixTestParameters.cc/dump:L107>   ntrig: 10
[16:48:08.228]    DEBUG: <PixTestParameters.cc/dump:L107>   vcal: 200
[16:48:08.228]    DEBUG: <PixTestParameters.cc/dump:L107>   alivetest: button
[16:48:08.228]    DEBUG: <PixTestParameters.cc/dump:L107>   masktest: button
[16:48:08.228]    DEBUG: <PixTestParameters.cc/dump:L107>   addressdecodingtest: button
[16:48:08.228]    DEBUG: <PixTestParameters.cc/dump:L104> PixTestParameters: ->Pretest<-
[16:48:08.228]    DEBUG: <PixTestParameters.cc/dump:L107>   programroc: button
[16:48:08.228]    DEBUG: <PixTestParameters.cc/dump:L107>   targetia: 24
[16:48:08.228]    DEBUG: <PixTestParameters.cc/dump:L107>   setvana: button
[16:48:08.228]    DEBUG: <PixTestParameters.cc/dump:L107>   iterations: 100
[16:48:08.228]    DEBUG: <PixTestParameters.cc/dump:L107>   settimings: button
[16:48:08.228]    DEBUG: <PixTestParameters.cc/dump:L107>   findtiming: button
[16:48:08.228]    DEBUG: <PixTestParameters.cc/dump:L107>   findworkingpixel: button
[16:48:08.228]    DEBUG: <PixTestParameters.cc/dump:L107>   setvthrcompcaldel: button
[16:48:08.228]    DEBUG: <PixTestParameters.cc/dump:L107>   pix: 11,20
[16:48:08.228]    DEBUG: <PixTestParameters.cc/dump:L107>   vcal: 250
[16:48:08.228]    DEBUG: <PixTestParameters.cc/dump:L107>   deltavthrcomp: 50
[16:48:08.228]    DEBUG: <PixTestParameters.cc/dump:L107>   fraccaldel: 0.5
[16:48:08.228]    DEBUG: <PixTestParameters.cc/dump:L107>   ntrig: 5
[16:48:08.228]    DEBUG: <PixTestParameters.cc/dump:L107>   savedacs: button
[16:48:08.228]    DEBUG: <PixTestParameters.cc/dump:L104> PixTestParameters: ->Readback<-
[16:48:08.228]    DEBUG: <PixTestParameters.cc/dump:L107>   calibratevd: button
[16:48:08.228]    DEBUG: <PixTestParameters.cc/dump:L107>   calibrateva: button
[16:48:08.228]    DEBUG: <PixTestParameters.cc/dump:L107>   calibrateia: button
[16:48:08.228]    DEBUG: <PixTestParameters.cc/dump:L107>   readbackvbg: button
[16:48:08.228]    DEBUG: <PixTestParameters.cc/dump:L107>   getcalibratedvbg: button
[16:48:08.228]    DEBUG: <PixTestParameters.cc/dump:L107>   usecalvd: checkbox(1)
[16:48:08.228]    DEBUG: <PixTestParameters.cc/dump:L107>   usecalva: checkbox(0)
[16:48:08.228]    DEBUG: <PixTestParameters.cc/dump:L107>   setvana: button
[16:48:08.228]    DEBUG: <PixTestParameters.cc/dump:L104> PixTestParameters: ->Scurves<-
[16:48:08.228]    DEBUG: <PixTestParameters.cc/dump:L107>   adjustvcal: checkbox(0)
[16:48:08.228]    DEBUG: <PixTestParameters.cc/dump:L107>   dumpall: checkbox(0)
[16:48:08.228]    DEBUG: <PixTestParameters.cc/dump:L107>   dumpproblematic: checkbox(0)
[16:48:08.228]    DEBUG: <PixTestParameters.cc/dump:L107>   dumpoutputfile: checkbox(0)
[16:48:08.228]    DEBUG: <PixTestParameters.cc/dump:L107>   ntrig: 50
[16:48:08.228]    DEBUG: <PixTestParameters.cc/dump:L107>   dac: Vcal
[16:48:08.228]    DEBUG: <PixTestParameters.cc/dump:L107>   daclo: 0
[16:48:08.228]    DEBUG: <PixTestParameters.cc/dump:L107>   dachi: 200
[16:48:08.228]    DEBUG: <PixTestParameters.cc/dump:L107>   dacs/step: -1
[16:48:08.228]    DEBUG: <PixTestParameters.cc/dump:L107>   ntrig/step: -1
[16:48:08.228]    DEBUG: <PixTestParameters.cc/dump:L107>   scurves: button
[16:48:08.228]    DEBUG: <PixTestParameters.cc/dump:L104> PixTestParameters: ->Timing<-
[16:48:08.228]    DEBUG: <PixTestParameters.cc/dump:L107>   targetclk: 4
[16:48:08.228]    DEBUG: <PixTestParameters.cc/dump:L107>   ntrig: 10
[16:48:08.228]    DEBUG: <PixTestParameters.cc/dump:L107>   clocksdascan: button
[16:48:08.228]    DEBUG: <PixTestParameters.cc/dump:L107>   notokenpass: checkbox(0)
[16:48:08.228]    DEBUG: <PixTestParameters.cc/dump:L107>   phasescan: button
[16:48:08.228]    DEBUG: <PixTestParameters.cc/dump:L107>   levelscan: button
[16:48:08.228]    DEBUG: <PixTestParameters.cc/dump:L107>   tbmphasescan: button
[16:48:08.228]    DEBUG: <PixTestParameters.cc/dump:L107>   rocdelayscan: button
[16:48:08.229]    DEBUG: <PixTestParameters.cc/dump:L107>   timingtest: button
[16:48:08.229]    DEBUG: <PixTestParameters.cc/dump:L107>   saveparameters: button
[16:48:08.229]    DEBUG: <PixTestParameters.cc/dump:L104> PixTestParameters: ->Trim<-
[16:48:08.229]    DEBUG: <PixTestParameters.cc/dump:L107>   trim: button
[16:48:08.229]    DEBUG: <PixTestParameters.cc/dump:L107>   ntrig: 8
[16:48:08.229]    DEBUG: <PixTestParameters.cc/dump:L107>   vcal: 35
[16:48:08.229]    DEBUG: <PixTestParameters.cc/dump:L107>   trimbits: button
[16:48:08.229]    DEBUG: <PixTestParameters.cc/dump:L104> PixTestParameters: ->Xray<-
[16:48:08.229]    DEBUG: <PixTestParameters.cc/dump:L107>   maskhotpixels: button
[16:48:08.229]    DEBUG: <PixTestParameters.cc/dump:L107>   savemaskfile: checkbox(0)
[16:48:08.229]    DEBUG: <PixTestParameters.cc/dump:L107>   maskfilename: default
[16:48:08.229]    DEBUG: <PixTestParameters.cc/dump:L107>   source: Ag
[16:48:08.229]    DEBUG: <PixTestParameters.cc/dump:L107>   phrun: button
[16:48:08.229]    DEBUG: <PixTestParameters.cc/dump:L107>   runseconds: 100
[16:48:08.229]    DEBUG: <PixTestParameters.cc/dump:L107>   trgfrequency(khz): 100
[16:48:08.229]    DEBUG: <PixTestParameters.cc/dump:L107>   ratescan: button
[16:48:08.229]    DEBUG: <PixTestParameters.cc/dump:L107>   vthrcompmin: 10
[16:48:08.229]    DEBUG: <PixTestParameters.cc/dump:L107>   vthrcompmax: 80
[16:48:08.229]    DEBUG: <PixTestParameters.cc/dump:L107>   stepseconds: 5
[16:48:08.229]    DEBUG: <PixTestParameters.cc/dump:L107>   delaytbm: checkbox
[16:48:08.229]    DEBUG: <PixTestParameters.cc/dump:L107>   filltree: checkbox
[16:48:08.231]    DEBUG: <PixSetup.cc/init:L81> PixSetup init start; getCurrentRSS() = 34832384
[16:48:08.231]    DEBUG: <PixSetup.cc/init:L87> fPixTestParameters = 0x126f7b0
[16:48:08.231]    DEBUG: <PixSetup.cc/init:L88>  fConfigParameters = 0x11fdc40
[16:48:08.231]    DEBUG: <PixSetup.cc/init:L89>        fPxarMemory = 0x7efe25d94010
[16:48:08.231]    DEBUG: <PixSetup.cc/init:L90>         fPxarMemHi = 0x7efe2bfff510
[16:48:08.231]    DEBUG: <PixSetup.cc/init:L106> PixSetup init done;  getCurrentRSS() = 34840576 fPxarMemory = 0x7efe25d94010
[16:48:08.232]    DEBUG: <pXar.cc/main:L223> Initial Analog Current: 392.3mA
[16:48:08.234]    DEBUG: <pXar.cc/main:L224> Initial Digital Current: 595.7mA
[16:48:08.234]    DEBUG: <pXar.cc/main:L225> Initial Module Temperature: 22.2 C
[16:48:08.743]    DEBUG: <PixGui.cc/hvOn:L460> HV set On: 0x1846360
[16:48:08.807]    DEBUG: <PixTestFactory.cc/PixTestFactory:L53> PixTestFactory::PixTestFactory()
[16:48:08.807]    DEBUG: <PixTestBBMap.cc/init:L79> PixTestBBMap::init()
[16:48:08.807]    DEBUG: <PixTestBBMap.cc/PixTestBBMap:L27> PixTestBBMap ctor(PixSetup &a, string, TGTab *)
[16:48:08.815]    DEBUG: <PixTestBB2Map.cc/setParameter:L58> setting fTargetIa    = 24 mA/ROC
[16:48:08.815]    DEBUG: <PixTestBB2Map.cc/init:L97> PixTestBB2Map::init()
[16:48:08.815]    DEBUG: <PixTestBB2Map.cc/PixTestBB2Map:L29> PixTestBB2Map ctor(PixSetup &a, string, TGTab *)
[16:48:08.826]    DEBUG: <PixTestBB3Map.cc/init:L81> PixTestBB3Map::init()
[16:48:08.826]    DEBUG: <PixTestBB3Map.cc/PixTestBB3Map:L29> PixTestBB3Map ctor(PixSetup &a, string, TGTab *)
[16:48:08.833]    DEBUG: <PixTestBB4Map.cc/init:L93> PixTestBB4Map::init()
[16:48:08.834]    DEBUG: <PixTestBB4Map.cc/PixTestBB4Map:L26> PixTestMapeff ctor(PixSetup &a, string, TGTab *)
[16:48:08.861]     INFO: PixTestCmd::init()
[16:48:08.872]    DEBUG: <PixTestDaq.cc/init:L44> PixTestDaq::init()
[16:48:08.872]    DEBUG: <PixTestDaq.cc/PixTestDaq:L22> PixTestDaq ctor(PixSetup &a, string, TGTab *)
[16:48:08.872]     INFO: readGainPedestalParameters data/mg135//phCalibrationFitErr35_C0.dat .. data/mg135//phCalibrationFitErr35_C15.dat
[16:48:09.116]    DEBUG: <PixTestDacDacScan.cc/init:L103> PixTestDacDacScan::init()
[16:48:09.116]    DEBUG: <PixTestDacDacScan.cc/PixTestDacDacScan:L22> PixTestDacDacScan ctor(PixSetup &a, string, TGTab *)
[16:48:09.132]    DEBUG: <PixTestGainPedestal.cc/setParameter:L83> PixTestGainPedestal::PixTest() fVcalStep = 10
[16:48:09.139]    DEBUG: <PixTestHighRate.cc/setParameter:L68>   setting fParTriggerFrequency -> 20
[16:48:09.139]    DEBUG: <PixTestHighRate.cc/init:L198> PixTestHighRate::init()
[16:48:09.139]    DEBUG: <PixTestHighRate.cc/PixTestHighRate:L31> PixTestHighRate ctor(PixSetup &a, string, TGTab *)
[16:48:09.166]    DEBUG: <PixTest.cc/setTestParameter:L637>  setting  ntrig to new value 10
[16:48:09.166]    DEBUG: <PixTestPhOptimization.cc/setParameter:L37>   setting fParNtrig  ->10<- from sval = 10
[16:48:09.166]    DEBUG: <PixTestPhOptimization.cc/setParameter:L42>   setting fSafetyMarginLow  ->20<- from sval = 20
[16:48:09.166]    DEBUG: <PixTestPhOptimization.cc/setParameter:L48>   setting fVcalMax  ->100<- from sval = 100
[16:48:09.166]    DEBUG: <PixTestPhOptimization.cc/setParameter:L53>   setting fQuantMax  ->0.98<- from sval = 0.98
[16:48:09.173]    DEBUG: <PixTestAlive.cc/init:L77> PixTestAlive::init()
[16:48:09.173]    DEBUG: <PixTestAlive.cc/PixTestAlive:L21> PixTestAlive ctor(PixSetup &a, string, TGTab *)
[16:48:09.197]    DEBUG: <PixTestReadback.cc/setParameter:L172> fCalwVd set to 1
[16:48:09.197]    DEBUG: <PixTestReadback.cc/init:L95> PixTestReadback::init()
[16:48:09.197]    DEBUG: <PixTestReadback.cc/PixTestReadback:L22> PixTestReadback ctor(PixSetup &a, string, TGTab *)
[16:48:09.197]     INFO: readReadbackCal: data/mg135//readbackCal_C0.dat .. data/mg135//readbackCal_C15.dat
[16:48:09.206]    DEBUG: <PixTestScurves.cc/setParameter:L93> set fOutputFilename = 
[16:48:09.215]    DEBUG: <PixTestTiming.cc/setParameter:L60> PixTestTiming::PixTest() targetclk = 4
[16:48:09.215]    DEBUG: <PixTestTiming.cc/setParameter:L64> PixTestTiming::PixTest() ntrig = 10
[16:48:09.215]    DEBUG: <PixTestTiming.cc/setParameter:L48> fNoTokenPass: 0
[16:48:09.215]    DEBUG: <PixTestTiming.cc/init:L74> PixTestTiming::init()
[16:48:09.234]    DEBUG: <PixTestXray.cc/init:L134> PixTestXray::init()
[16:48:09.234]    DEBUG: <PixTestXray.cc/PixTestXray:L28> PixTestXray ctor(PixSetup &a, string, TGTab *)
[16:48:15.080]    DEBUG: <PixTab.cc/buttonClicked:L308> xxxPressed():  caldelscan
[16:48:15.080]    DEBUG: <PixTestHighRate.cc/runCommand:L157> running command: caldelscan
[16:48:15.080]     INFO:    ----------------------------------------------------------------------
[16:48:15.080]     INFO:    PixTestHighRate::calDelScan() ntrig = 10, vcal = 200
[16:48:15.080]     INFO:    ----------------------------------------------------------------------
[16:48:15.222]     INFO: Expecting 768 events.
[16:48:16.360]     INFO: 768 events read in total (420ms).
[16:48:16.549]     INFO: Test took 1463ms.
[16:48:16.555]    DEBUG: <PixTest.cc/efficiencyMaps:L396>       attempt #0
[16:48:17.224]     INFO: Expecting 41600 events.
[16:48:20.373]     INFO: 41600 events read in total (2622ms).
[16:48:20.376]     INFO: Test took 3821ms.
[16:48:20.428]     INFO: Fetched DAQ statistics. Counters are being reset now.
[16:48:20.428]    DEBUG: <PixTest.cc/efficiencyMaps:L407>  eff result size = 303196
[16:48:20.428]    DEBUG: <PixTest.cc/efficiencyMaps:L412> Create hists HR_xeff_CalDelScan_step0_C0 .. HR_xeff_CalDelScan_step0_C15
[16:48:20.428]    DEBUG: <PixTest.cc/efficiencyMaps:L426> booking xray maps for unmasked detector
[16:48:20.455]    DEBUG: <PixTest.cc/efficiencyMaps:L396>       attempt #0
[16:48:21.121]     INFO: Expecting 41600 events.
[16:48:24.396]     INFO: 41600 events read in total (2748ms).
[16:48:24.399]     INFO: Test took 3944ms.
[16:48:24.452]     INFO: Fetched DAQ statistics. Counters are being reset now.
[16:48:24.452]    DEBUG: <PixTest.cc/efficiencyMaps:L407>  eff result size = 312741
[16:48:24.452]    DEBUG: <PixTest.cc/efficiencyMaps:L412> Create hists HR_xeff_CalDelScan_step1_C0 .. HR_xeff_CalDelScan_step1_C15
[16:48:24.453]    DEBUG: <PixTest.cc/efficiencyMaps:L426> booking xray maps for unmasked detector
[16:48:24.480]    DEBUG: <PixTest.cc/efficiencyMaps:L396>       attempt #0
[16:48:25.145]     INFO: Expecting 41600 events.
[16:48:28.458]     INFO: 41600 events read in total (2786ms).
[16:48:28.461]     INFO: Test took 3981ms.
[16:48:28.514]     INFO: Fetched DAQ statistics. Counters are being reset now.
[16:48:28.514]    DEBUG: <PixTest.cc/efficiencyMaps:L407>  eff result size = 315630
[16:48:28.514]    DEBUG: <PixTest.cc/efficiencyMaps:L412> Create hists HR_xeff_CalDelScan_step2_C0 .. HR_xeff_CalDelScan_step2_C15
[16:48:28.515]    DEBUG: <PixTest.cc/efficiencyMaps:L426> booking xray maps for unmasked detector
[16:48:28.543]    DEBUG: <PixTest.cc/efficiencyMaps:L396>       attempt #0
[16:48:29.208]     INFO: Expecting 41600 events.
[16:48:32.518]     INFO: 41600 events read in total (2783ms).
[16:48:32.521]     INFO: Test took 3978ms.
[16:48:32.574]     INFO: Fetched DAQ statistics. Counters are being reset now.
[16:48:32.574]    DEBUG: <PixTest.cc/efficiencyMaps:L407>  eff result size = 314535
[16:48:32.574]    DEBUG: <PixTest.cc/efficiencyMaps:L412> Create hists HR_xeff_CalDelScan_step3_C0 .. HR_xeff_CalDelScan_step3_C15
[16:48:32.575]    DEBUG: <PixTest.cc/efficiencyMaps:L426> booking xray maps for unmasked detector
[16:48:32.603]    DEBUG: <PixTest.cc/efficiencyMaps:L396>       attempt #0
[16:48:33.268]     INFO: Expecting 41600 events.
[16:48:36.590]     INFO: 41600 events read in total (2795ms).
[16:48:36.593]     INFO: Test took 3990ms.
[16:48:36.645]     INFO: Fetched DAQ statistics. Counters are being reset now.
[16:48:36.645]    DEBUG: <PixTest.cc/efficiencyMaps:L407>  eff result size = 316032
[16:48:36.645]    DEBUG: <PixTest.cc/efficiencyMaps:L412> Create hists HR_xeff_CalDelScan_step4_C0 .. HR_xeff_CalDelScan_step4_C15
[16:48:36.646]    DEBUG: <PixTest.cc/efficiencyMaps:L426> booking xray maps for unmasked detector
[16:48:36.674]    DEBUG: <PixTest.cc/efficiencyMaps:L396>       attempt #0
[16:48:37.338]     INFO: Expecting 41600 events.
[16:48:40.666]     INFO: 41600 events read in total (2800ms).
[16:48:40.668]     INFO: Test took 3994ms.
[16:48:40.721]     INFO: Fetched DAQ statistics. Counters are being reset now.
[16:48:40.721]    DEBUG: <PixTest.cc/efficiencyMaps:L407>  eff result size = 314651
[16:48:40.722]    DEBUG: <PixTest.cc/efficiencyMaps:L412> Create hists HR_xeff_CalDelScan_step5_C0 .. HR_xeff_CalDelScan_step5_C15
[16:48:40.722]    DEBUG: <PixTest.cc/efficiencyMaps:L426> booking xray maps for unmasked detector
[16:48:40.751]    DEBUG: <PixTest.cc/efficiencyMaps:L396>       attempt #0
[16:48:41.417]     INFO: Expecting 41600 events.
[16:48:44.745]     INFO: 41600 events read in total (2801ms).
[16:48:44.747]     INFO: Test took 3996ms.
[16:48:44.801]     INFO: Fetched DAQ statistics. Counters are being reset now.
[16:48:44.801]    DEBUG: <PixTest.cc/efficiencyMaps:L407>  eff result size = 314387
[16:48:44.801]    DEBUG: <PixTest.cc/efficiencyMaps:L412> Create hists HR_xeff_CalDelScan_step6_C0 .. HR_xeff_CalDelScan_step6_C15
[16:48:44.801]    DEBUG: <PixTest.cc/efficiencyMaps:L426> booking xray maps for unmasked detector
[16:48:44.830]    DEBUG: <PixTest.cc/efficiencyMaps:L396>       attempt #0
[16:48:45.497]     INFO: Expecting 41600 events.
[16:48:48.817]     INFO: 41600 events read in total (2793ms).
[16:48:48.820]     INFO: Test took 3990ms.
[16:48:48.873]     INFO: Fetched DAQ statistics. Counters are being reset now.
[16:48:48.873]    DEBUG: <PixTest.cc/efficiencyMaps:L407>  eff result size = 314399
[16:48:48.873]    DEBUG: <PixTest.cc/efficiencyMaps:L412> Create hists HR_xeff_CalDelScan_step7_C0 .. HR_xeff_CalDelScan_step7_C15
[16:48:48.873]    DEBUG: <PixTest.cc/efficiencyMaps:L426> booking xray maps for unmasked detector
[16:48:48.902]    DEBUG: <PixTest.cc/efficiencyMaps:L396>       attempt #0
[16:48:49.567]     INFO: Expecting 41600 events.
[16:48:52.898]     INFO: 41600 events read in total (2804ms).
[16:48:52.901]     INFO: Test took 3999ms.
[16:48:52.954]     INFO: Fetched DAQ statistics. Counters are being reset now.
[16:48:52.954]    DEBUG: <PixTest.cc/efficiencyMaps:L407>  eff result size = 314452
[16:48:52.954]    DEBUG: <PixTest.cc/efficiencyMaps:L412> Create hists HR_xeff_CalDelScan_step8_C0 .. HR_xeff_CalDelScan_step8_C15
[16:48:52.954]    DEBUG: <PixTest.cc/efficiencyMaps:L426> booking xray maps for unmasked detector
[16:48:52.983]    DEBUG: <PixTest.cc/efficiencyMaps:L396>       attempt #0
[16:48:53.648]     INFO: Expecting 41600 events.
[16:48:56.986]     INFO: 41600 events read in total (2811ms).
[16:48:56.989]     INFO: Test took 4006ms.
[16:48:57.041]     INFO: Fetched DAQ statistics. Counters are being reset now.
[16:48:57.041]    DEBUG: <PixTest.cc/efficiencyMaps:L407>  eff result size = 313369
[16:48:57.042]    DEBUG: <PixTest.cc/efficiencyMaps:L412> Create hists HR_xeff_CalDelScan_step9_C0 .. HR_xeff_CalDelScan_step9_C15
[16:48:57.042]    DEBUG: <PixTest.cc/efficiencyMaps:L426> booking xray maps for unmasked detector
[16:48:57.070]    DEBUG: <PixTest.cc/efficiencyMaps:L396>       attempt #0
[16:48:57.735]     INFO: Expecting 41600 events.
[16:49:01.062]     INFO: 41600 events read in total (2799ms).
[16:49:01.065]     INFO: Test took 3995ms.
[16:49:01.118]     INFO: Fetched DAQ statistics. Counters are being reset now.
[16:49:01.118]    DEBUG: <PixTest.cc/efficiencyMaps:L407>  eff result size = 315569
[16:49:01.118]    DEBUG: <PixTest.cc/efficiencyMaps:L412> Create hists HR_xeff_CalDelScan_step10_C0 .. HR_xeff_CalDelScan_step10_C15
[16:49:01.118]    DEBUG: <PixTest.cc/efficiencyMaps:L426> booking xray maps for unmasked detector
[16:49:01.147]    DEBUG: <PixTest.cc/efficiencyMaps:L396>       attempt #0
[16:49:01.812]     INFO: Expecting 41600 events.
[16:49:05.137]     INFO: 41600 events read in total (2799ms).
[16:49:05.140]     INFO: Test took 3993ms.
[16:49:05.192]     INFO: Fetched DAQ statistics. Counters are being reset now.
[16:49:05.192]    DEBUG: <PixTest.cc/efficiencyMaps:L407>  eff result size = 314579
[16:49:05.192]    DEBUG: <PixTest.cc/efficiencyMaps:L412> Create hists HR_xeff_CalDelScan_step11_C0 .. HR_xeff_CalDelScan_step11_C15
[16:49:05.193]    DEBUG: <PixTest.cc/efficiencyMaps:L426> booking xray maps for unmasked detector
[16:49:05.221]    DEBUG: <PixTest.cc/efficiencyMaps:L396>       attempt #0
[16:49:05.886]     INFO: Expecting 41600 events.
[16:49:09.212]     INFO: 41600 events read in total (2799ms).
[16:49:09.215]     INFO: Test took 3994ms.
[16:49:09.267]     INFO: Fetched DAQ statistics. Counters are being reset now.
[16:49:09.267]    DEBUG: <PixTest.cc/efficiencyMaps:L407>  eff result size = 313671
[16:49:09.267]    DEBUG: <PixTest.cc/efficiencyMaps:L412> Create hists HR_xeff_CalDelScan_step12_C0 .. HR_xeff_CalDelScan_step12_C15
[16:49:09.268]    DEBUG: <PixTest.cc/efficiencyMaps:L426> booking xray maps for unmasked detector
[16:49:09.296]    DEBUG: <PixTest.cc/efficiencyMaps:L396>       attempt #0
[16:49:09.961]     INFO: Expecting 41600 events.
[16:49:13.286]     INFO: 41600 events read in total (2798ms).
[16:49:13.289]     INFO: Test took 3993ms.
[16:49:13.342]     INFO: Fetched DAQ statistics. Counters are being reset now.
[16:49:13.342]    DEBUG: <PixTest.cc/efficiencyMaps:L407>  eff result size = 313922
[16:49:13.342]    DEBUG: <PixTest.cc/efficiencyMaps:L412> Create hists HR_xeff_CalDelScan_step13_C0 .. HR_xeff_CalDelScan_step13_C15
[16:49:13.342]    DEBUG: <PixTest.cc/efficiencyMaps:L426> booking xray maps for unmasked detector
[16:49:13.370]    DEBUG: <PixTest.cc/efficiencyMaps:L396>       attempt #0
[16:49:14.035]     INFO: Expecting 41600 events.
[16:49:17.357]     INFO: 41600 events read in total (2795ms).
[16:49:17.360]     INFO: Test took 3990ms.
[16:49:17.413]     INFO: Fetched DAQ statistics. Counters are being reset now.
[16:49:17.413]    DEBUG: <PixTest.cc/efficiencyMaps:L407>  eff result size = 314300
[16:49:17.413]    DEBUG: <PixTest.cc/efficiencyMaps:L412> Create hists HR_xeff_CalDelScan_step14_C0 .. HR_xeff_CalDelScan_step14_C15
[16:49:17.413]    DEBUG: <PixTest.cc/efficiencyMaps:L426> booking xray maps for unmasked detector
[16:49:17.441]    DEBUG: <PixTest.cc/efficiencyMaps:L396>       attempt #0
[16:49:18.106]     INFO: Expecting 41600 events.
[16:49:21.433]     INFO: 41600 events read in total (2800ms).
[16:49:21.436]     INFO: Test took 3995ms.
[16:49:21.489]     INFO: Fetched DAQ statistics. Counters are being reset now.
[16:49:21.489]    DEBUG: <PixTest.cc/efficiencyMaps:L407>  eff result size = 312612
[16:49:21.489]    DEBUG: <PixTest.cc/efficiencyMaps:L412> Create hists HR_xeff_CalDelScan_step15_C0 .. HR_xeff_CalDelScan_step15_C15
[16:49:21.489]    DEBUG: <PixTest.cc/efficiencyMaps:L426> booking xray maps for unmasked detector
[16:49:21.518]    DEBUG: <PixTest.cc/efficiencyMaps:L396>       attempt #0
[16:49:22.183]     INFO: Expecting 41600 events.
[16:49:25.512]     INFO: 41600 events read in total (2803ms).
[16:49:25.515]     INFO: Test took 3997ms.
[16:49:25.568]     INFO: Fetched DAQ statistics. Counters are being reset now.
[16:49:25.568]    DEBUG: <PixTest.cc/efficiencyMaps:L407>  eff result size = 313467
[16:49:25.568]    DEBUG: <PixTest.cc/efficiencyMaps:L412> Create hists HR_xeff_CalDelScan_step16_C0 .. HR_xeff_CalDelScan_step16_C15
[16:49:25.568]    DEBUG: <PixTest.cc/efficiencyMaps:L426> booking xray maps for unmasked detector
[16:49:25.596]    DEBUG: <PixTest.cc/efficiencyMaps:L396>       attempt #0
[16:49:26.261]     INFO: Expecting 41600 events.
[16:49:29.589]     INFO: 41600 events read in total (2801ms).
[16:49:29.591]     INFO: Test took 3995ms.
[16:49:29.643]     INFO: Fetched DAQ statistics. Counters are being reset now.
[16:49:29.643]    DEBUG: <PixTest.cc/efficiencyMaps:L407>  eff result size = 314441
[16:49:29.643]    DEBUG: <PixTest.cc/efficiencyMaps:L412> Create hists HR_xeff_CalDelScan_step17_C0 .. HR_xeff_CalDelScan_step17_C15
[16:49:29.644]    DEBUG: <PixTest.cc/efficiencyMaps:L426> booking xray maps for unmasked detector
[16:49:29.672]    DEBUG: <PixTest.cc/efficiencyMaps:L396>       attempt #0
[16:49:30.337]     INFO: Expecting 41600 events.
[16:49:33.638]     INFO: 41600 events read in total (2774ms).
[16:49:33.641]     INFO: Test took 3969ms.
[16:49:33.693]     INFO: Fetched DAQ statistics. Counters are being reset now.
[16:49:33.693]    DEBUG: <PixTest.cc/efficiencyMaps:L407>  eff result size = 313091
[16:49:33.693]    DEBUG: <PixTest.cc/efficiencyMaps:L412> Create hists HR_xeff_CalDelScan_step18_C0 .. HR_xeff_CalDelScan_step18_C15
[16:49:33.693]    DEBUG: <PixTest.cc/efficiencyMaps:L426> booking xray maps for unmasked detector
[16:49:33.722]    DEBUG: <PixTest.cc/efficiencyMaps:L396>       attempt #0
[16:49:34.386]     INFO: Expecting 41600 events.
[16:49:37.499]     INFO: 41600 events read in total (2586ms).
[16:49:37.501]     INFO: Test took 3779ms.
[16:49:37.552]     INFO: Fetched DAQ statistics. Counters are being reset now.
[16:49:37.552]    DEBUG: <PixTest.cc/efficiencyMaps:L407>  eff result size = 303303
[16:49:37.552]    DEBUG: <PixTest.cc/efficiencyMaps:L412> Create hists HR_xeff_CalDelScan_step19_C0 .. HR_xeff_CalDelScan_step19_C15
[16:49:37.552]    DEBUG: <PixTest.cc/efficiencyMaps:L426> booking xray maps for unmasked detector
[16:49:37.837]    DEBUG: <PixTestHighRate.cc/doCalDelScan:L422> roc  0: caldel = 157 eff = 0.999784
[16:49:37.838]    DEBUG: <PixTestHighRate.cc/doCalDelScan:L422> roc  1: caldel = 158 eff = 0.999856
[16:49:37.838]    DEBUG: <PixTestHighRate.cc/doCalDelScan:L422> roc  2: caldel = 169 eff = 0.99976
[16:49:37.838]    DEBUG: <PixTestHighRate.cc/doCalDelScan:L422> roc  3: caldel = 133 eff = 0.998702
[16:49:37.838]    DEBUG: <PixTestHighRate.cc/doCalDelScan:L422> roc  4: caldel = 155 eff = 0.999111
[16:49:37.839]    DEBUG: <PixTestHighRate.cc/doCalDelScan:L422> roc  5: caldel = 174 eff = 0.999519
[16:49:37.839]    DEBUG: <PixTestHighRate.cc/doCalDelScan:L422> roc  6: caldel = 169 eff = 0.999543
[16:49:37.839]    DEBUG: <PixTestHighRate.cc/doCalDelScan:L422> roc  7: caldel = 156 eff = 0.999543
[16:49:37.839]    DEBUG: <PixTestHighRate.cc/doCalDelScan:L422> roc  8: caldel = 171 eff = 0.999495
[16:49:37.839]    DEBUG: <PixTestHighRate.cc/doCalDelScan:L422> roc  9: caldel = 177 eff = 0.999591
[16:49:37.840]    DEBUG: <PixTestHighRate.cc/doCalDelScan:L422> roc 10: caldel = 151 eff = 0.997957
[16:49:37.840]    DEBUG: <PixTestHighRate.cc/doCalDelScan:L422> roc 11: caldel = 165 eff = 0.999519
[16:49:37.840]    DEBUG: <PixTestHighRate.cc/doCalDelScan:L422> roc 12: caldel = 166 eff = 0.999303
[16:49:37.840]    DEBUG: <PixTestHighRate.cc/doCalDelScan:L422> roc 13: caldel = 172 eff = 0.99976
[16:49:37.840]    DEBUG: <PixTestHighRate.cc/doCalDelScan:L422> roc 14: caldel = 157 eff = 0.980361
[16:49:37.841]    DEBUG: <PixTestHighRate.cc/doCalDelScan:L422> roc 15: caldel = 151 eff = 0.99988
[16:50:26.936]    DEBUG: <PixTab.cc/buttonClicked:L308> xxxPressed():  xpixelalive
[16:50:26.936]    DEBUG: <PixTestHighRate.cc/runCommand:L157> running command: xpixelalive
[16:50:26.936]     INFO:    ----------------------------------------------------------------------
[16:50:26.936]     INFO:    PixTestHighRate::xPixelAlive() ntrig = 50, vcal = 200
[16:50:26.937]     INFO:    ----------------------------------------------------------------------
[16:50:26.937]    DEBUG: <PixTestHighRate.cc/doXPixelAlive:L451>  old set: clk: 4
[16:50:26.937]    DEBUG: <PixTestHighRate.cc/doXPixelAlive:L451>  old set: ctr: 4
[16:50:26.937]    DEBUG: <PixTestHighRate.cc/doXPixelAlive:L451>  old set: sda: 19
[16:50:26.937]    DEBUG: <PixTestHighRate.cc/doXPixelAlive:L451>  old set: tin: 9
[16:50:26.937]    DEBUG: <PixTestHighRate.cc/doXPixelAlive:L451>  old set: level: 15
[16:50:26.937]    DEBUG: <PixTestHighRate.cc/doXPixelAlive:L451>  old set: triggerdelay: 0
[16:50:26.937]    DEBUG: <PixTestHighRate.cc/doXPixelAlive:L467>  setting: clk: 4
[16:50:26.937]    DEBUG: <PixTestHighRate.cc/doXPixelAlive:L467>  setting: ctr: 4
[16:50:26.937]    DEBUG: <PixTestHighRate.cc/doXPixelAlive:L467>  setting: sda: 19
[16:50:26.937]    DEBUG: <PixTestHighRate.cc/doXPixelAlive:L467>  setting: tin: 9
[16:50:26.937]    DEBUG: <PixTestHighRate.cc/doXPixelAlive:L467>  setting: level: 15
[16:50:26.937]    DEBUG: <PixTestHighRate.cc/doXPixelAlive:L467>  setting: triggerdelay: 20
[16:50:26.974]    DEBUG: <PixTest.cc/efficiencyMaps:L396>       attempt #0
[16:50:27.647]     INFO: Expecting 208000 events.
[16:50:40.026]     INFO: 208000 events read in total (11852ms).
[16:50:40.034]     INFO: Test took 13060ms.
[16:50:40.257]     INFO: Fetched DAQ statistics. Counters are being reset now.
[16:50:40.257]    DEBUG: <PixTest.cc/efficiencyMaps:L407>  eff result size = 1297021
[16:50:40.257]    DEBUG: <PixTest.cc/efficiencyMaps:L412> Create hists highRate_C0 .. highRate_C15
[16:50:40.258]    DEBUG: <PixTest.cc/efficiencyMaps:L426> booking xray maps for unmasked detector
[16:50:40.581]     INFO: number of dead pixels (per ROC):     0    0    0    4    2    0    0    0    0    0    0    0    1    0   81    0
[16:50:40.581]     INFO: number of red-efficiency pixels:    71   47   78  129  125  112  123  123  107  158  274  106  127   76  118   66
[16:50:40.581]     INFO: number of X-ray hits detected:    47692 36774 59928 90388 96678 97367 96844 88146 96392 102822 92282 91918 93528 60295 34028 45467
[16:50:40.581]     INFO: number of triggers sent (total per ROC):  208000 208000 208000 208000 208000 208000 208000 208000 208000 208000 208000 208000 208000 208000 208000 208000
[16:50:40.581]     INFO: number of Vcal hits detected:  207928 207953 207917 207670 207776 207886 207875 207872 207891 207838 207298 207893 207822 207921 203911 207934
[16:50:40.581]     INFO: Vcal hit fiducial efficiency (%):  100.0 100.0 100.0 99.9 99.9 99.9 99.9 99.9 100.0 99.9 99.8 100.0 99.9 100.0 100.0 100.0
[16:50:40.581]     INFO: Vcal hit overall efficiency (%):  100.0 100.0 100.0 99.8 99.9 99.9 99.9 99.9 99.9 99.9 99.7 99.9 99.9 100.0 98.0 100.0
[16:50:40.581]     INFO: X-ray hit rate [MHz/cm2]:  14.0 10.8 17.6 26.5 28.3 28.5 28.4 25.8 28.3 30.1 27.0 26.9 27.4 17.7 10.0 13.3
[16:50:40.581]     INFO: PixTestHighRate::doXPixelAlive() done
[16:50:40.629]    DEBUG: <PixTestHighRate.cc/doXPixelAlive:L586>  resetting: clk: 4
[16:50:40.629]    DEBUG: <PixTestHighRate.cc/doXPixelAlive:L586>  resetting: ctr: 4
[16:50:40.629]    DEBUG: <PixTestHighRate.cc/doXPixelAlive:L586>  resetting: sda: 19
[16:50:40.629]    DEBUG: <PixTestHighRate.cc/doXPixelAlive:L586>  resetting: tin: 9
[16:50:40.629]    DEBUG: <PixTestHighRate.cc/doXPixelAlive:L586>  resetting: level: 15
[16:50:40.629]    DEBUG: <PixTestHighRate.cc/doXPixelAlive:L586>  resetting: triggerdelay: 0
[16:50:40.629]     INFO: PixTest::       pg_setup set to default.
[16:51:14.584]    DEBUG: <PixTest.cc/moduleMap:L1029> moduleMap histname: what
[16:51:14.584]    DEBUG: <PixTest.cc/moduleMap:L1039> h1->GetName() = highRate_xraymap_C11_V0 -> highRate_xraymap_mod
[16:51:20.976]    DEBUG: <PixGui.cc/handleButtons:L396> PixGui::exit called
[16:51:20.977]    DEBUG: <PixGui.cc/CloseWindow:L335> Final Analog Current: 396.3mA
[16:51:20.978]    DEBUG: <PixGui.cc/CloseWindow:L336> Final Digital Current: 595.7mA
[16:51:20.978]    DEBUG: <PixGui.cc/CloseWindow:L337> Final Module Temperature: 23.9 C
[16:51:20.978]    DEBUG: <PixTestBBMap.cc/~PixTestBBMap:L97> PixTestBBMap dtor
[16:51:20.978]    DEBUG: <PixTestBB2Map.cc/~PixTestBB2Map:L115> PixTestBB2Map dtor
[16:51:20.978]    DEBUG: <PixTestBB3Map.cc/~PixTestBB3Map:L99> PixTestBB3Map dtor
[16:51:20.978]    DEBUG: <PixTestBB4Map.cc/~PixTestBB4Map:L118> PixTestBB4Map dtor
[16:51:20.978]    DEBUG: <PixTestCmd.cc/~PixTestCmd:L78> PixTestCmd dtor
[16:51:20.978]    DEBUG: <PixTestDaq.cc/~PixTestDaq:L37> PixTestDaq dtor
[16:51:20.978]    DEBUG: <PixTestDacDacScan.cc/~PixTestDacDacScan:L136> PixTestDacDacScan dtor
[16:51:20.978]    DEBUG: <PixTestDacScan.cc/~PixTestDacScan:L129> PixTestDacScan dtor
[16:51:20.978]    DEBUG: <PixTestGainPedestal.cc/~PixTestGainPedestal:L125> PixTestGainPedestal dtor
[16:51:20.978]    DEBUG: <PixTestHighRate.cc/~PixTestHighRate:L245> PixTestHighRate dtor
[16:51:21.071]    DEBUG: <PixTestIV.cc/~PixTestIV:L96> PixTestIV dtor
[16:51:21.071]    DEBUG: <PixTestAlive.cc/~PixTestAlive:L109> PixTestAlive dtor
[16:51:21.071]    DEBUG: <PixTestPretest.cc/~PixTestPretest:L136> PixTestPretest dtor
[16:51:21.071]    DEBUG: <PixTestReadback.cc/~PixTestReadback:L89> PixTestReadback dtor, saving tree ... 
[16:51:21.071]    DEBUG: <PixTestScurves.cc/~PixTestScurves:L142> PixTestScurves dtor
[16:51:21.071]    DEBUG: <PixTestTiming.cc/~PixTestTiming:L97> PixTestTiming dtor
[16:51:21.071]    DEBUG: <PixTestTrim.cc/~PixTestTrim:L103> PixTestTrim dtor
[16:51:21.071]    DEBUG: <PixTestXray.cc/~PixTestXray:L217> PixTestXray dtor
[16:51:21.074]    QUIET: Connection to board 58 closed.
[16:51:21.153]    DEBUG: <PixMonitor.cc/dumpSummaries:L39> PixMonitor::dumpSummaries
