[10:56:39.519]     INFO: *** Welcome to pxar ***
[10:56:39.519]     INFO: *** Today: 2016/01/25
[10:56:39.540]     INFO: *** Version: prod-12
[10:56:39.540]     INFO: readRocDacs: ./pa315/dacParameters35_C0.dat .. ./pa315/dacParameters35_C15.dat
[10:56:39.542]     INFO: readTbmDacs: ./pa315/tbmParameters_C0a.dat .. ./pa315/tbmParameters_C0b.dat
[10:56:39.542]     INFO: readMaskFile: ./pa315/defaultMaskFile.dat
[10:56:39.542]     INFO: readTrimFile: ./pa315/trimParameters35_C0.dat .. ./pa315/trimParameters35_C15.dat
[10:56:39.696]     INFO:         clk: 4
[10:56:39.696]     INFO:         ctr: 4
[10:56:39.696]     INFO:         sda: 19
[10:56:39.696]     INFO:         tin: 9
[10:56:39.696]     INFO:         level: 15
[10:56:39.696]     INFO:         triggerdelay: 0
[10:56:39.696]    QUIET: Instanciating API for pxar prod-12
[10:56:39.696]     INFO: Log level: INFO
[10:56:39.709]    QUIET: Connection to board DTB_WRPRHI opened.
[10:56:39.713]     INFO: DTB startup information
--- DTB info------------------------------------------
Board id:    58
HW version:  DTB1.2
FW version:  4.2
SW version:  4.5
USB id:      DTB_WRPRHI
MAC address: 40D85511803A
Hostname:    pixelDTB058
Comment:     
------------------------------------------------------
[10:56:39.715]     INFO: RPC call hashes of host and DTB match: 398089610
[10:56:41.317]     INFO: DUT info: 
[10:56:41.317]     INFO: The DUT currently contains the following objects:
[10:56:41.317]     INFO:  2 TBM Cores tbm08c (2 ON)
[10:56:41.317]     INFO: 	TBM Core alpha (0): 7 registers set
[10:56:41.317]     INFO: 	TBM Core beta  (1): 7 registers set
[10:56:41.317]     INFO: 16 ROCs psi46digv21respin (16 ON) with 4160 pixelConfigs
[10:56:41.317]     INFO: 	ROC 0: 19 DACs set, Pixels: 0 masked, 0 active.
[10:56:41.317]     INFO: 	ROC 1: 19 DACs set, Pixels: 0 masked, 0 active.
[10:56:41.317]     INFO: 	ROC 2: 19 DACs set, Pixels: 0 masked, 0 active.
[10:56:41.317]     INFO: 	ROC 3: 19 DACs set, Pixels: 0 masked, 0 active.
[10:56:41.317]     INFO: 	ROC 4: 19 DACs set, Pixels: 0 masked, 0 active.
[10:56:41.317]     INFO: 	ROC 5: 19 DACs set, Pixels: 0 masked, 0 active.
[10:56:41.317]     INFO: 	ROC 6: 19 DACs set, Pixels: 0 masked, 0 active.
[10:56:41.317]     INFO: 	ROC 7: 19 DACs set, Pixels: 0 masked, 0 active.
[10:56:41.317]     INFO: 	ROC 8: 19 DACs set, Pixels: 0 masked, 0 active.
[10:56:41.317]     INFO: 	ROC 9: 19 DACs set, Pixels: 0 masked, 0 active.
[10:56:41.317]     INFO: 	ROC 10: 19 DACs set, Pixels: 0 masked, 0 active.
[10:56:41.317]     INFO: 	ROC 11: 19 DACs set, Pixels: 0 masked, 0 active.
[10:56:41.317]     INFO: 	ROC 12: 19 DACs set, Pixels: 0 masked, 0 active.
[10:56:41.317]     INFO: 	ROC 13: 19 DACs set, Pixels: 0 masked, 0 active.
[10:56:41.317]     INFO: 	ROC 14: 19 DACs set, Pixels: 0 masked, 0 active.
[10:56:41.317]     INFO: 	ROC 15: 19 DACs set, Pixels: 0 masked, 0 active.
[10:56:41.926]     INFO: PixTestCmd::init()
[10:56:41.941]     INFO: readGainPedestalParameters ./pa315/phCalibrationFitErr35_C0.dat .. ./pa315/phCalibrationFitErr35_C15.dat
[10:56:42.246]     INFO: readReadbackCal: ./pa315/readbackCal_C0.dat .. ./pa315/readbackCal_C15.dat
[10:56:55.980]     INFO: Starting IV curve measurement...
[10:56:55.980]     INFO: Make sure the Keithley2410 is using the following RS232 settings:
[10:56:55.980]     INFO: 	|Baud Rate: 57600
[10:56:55.980]     INFO: 	|Bits: 8
[10:56:55.980]     INFO: 	|Parity: ODD
[10:56:55.980]     INFO: 	|Terminator: <CR>+<LF>
[10:56:55.980]     INFO: 	|Control Flow: XON-XOFF
[10:56:55.980]     INFO: [RS232] Opening com port: /dev/ttyS0 with baud: 57600
[10:56:59.581]     INFO: V = -0.000000 (meas:   +0.00) I = -1.38e-02 uA 2016-01-25 16:56:59.581802000Z
[10:57:01.191]     INFO: V = -5.000000 (meas:   -5.00) I = -6.78e-02 uA 2016-01-25 16:57:01.172280000Z
[10:57:02.773]     INFO: V = -10.000000 (meas:  -10.00) I = -1.01e-01 uA 2016-01-25 16:57:02.773370000Z
[10:57:04.353]     INFO: V = -15.000000 (meas:  -15.00) I = -1.26e-01 uA 2016-01-25 16:57:04.353770000Z
[10:57:05.985]     INFO: V = -20.000000 (meas:  -20.00) I = -1.47e-01 uA 2016-01-25 16:57:05.984970001Z
[10:57:07.565]     INFO: V = -25.000000 (meas:  -25.00) I = -1.70e-01 uA 2016-01-25 16:57:07.565773000Z
[10:57:09.146]     INFO: V = -30.000000 (meas:  -30.00) I = -1.95e-01 uA 2016-01-25 16:57:09.146514000Z
[10:57:10.728]     INFO: V = -35.000000 (meas:  -35.00) I = -2.20e-01 uA 2016-01-25 16:57:10.728147000Z
[10:57:12.308]     INFO: V = -40.000000 (meas:  -40.00) I = -2.49e-01 uA 2016-01-25 16:57:12.308862000Z
[10:57:13.896]     INFO: V = -45.000000 (meas:  -45.00) I = -2.80e-01 uA 2016-01-25 16:57:13.896030000Z
[10:57:15.478]     INFO: V = -50.000000 (meas:  -50.00) I = -3.09e-01 uA 2016-01-25 16:57:15.478603001Z
[10:57:17.060]     INFO: V = -55.000000 (meas:  -55.00) I = -3.41e-01 uA 2016-01-25 16:57:17.060134000Z
[10:57:18.640]     INFO: V = -60.000000 (meas:  -60.00) I = -3.72e-01 uA 2016-01-25 16:57:18.640842000Z
[10:57:20.233]     INFO: V = -65.000000 (meas:  -65.00) I = -4.10e-01 uA 2016-01-25 16:57:20.233291000Z
[10:57:21.815]     INFO: V = -70.000000 (meas:  -70.00) I = -4.61e-01 uA 2016-01-25 16:57:21.815388000Z
[10:57:23.396]     INFO: V = -75.000000 (meas:  -75.00) I = -5.13e-01 uA 2016-01-25 16:57:23.396462000Z
[10:57:24.984]     INFO: V = -80.000000 (meas:  -80.00) I = -5.57e-01 uA 2016-01-25 16:57:24.984642000Z
[10:57:26.568]     INFO: V = -85.000000 (meas:  -85.00) I = -6.19e-01 uA 2016-01-25 16:57:26.568207001Z
[10:57:28.156]     INFO: V = -90.000000 (meas:  -90.00) I = -6.69e-01 uA 2016-01-25 16:57:28.156274001Z
[10:57:29.738]     INFO: V = -95.000000 (meas:  -95.00) I = -7.25e-01 uA 2016-01-25 16:57:29.738803001Z
[10:57:31.320]     INFO: V = -100.000000 (meas: -100.00) I = -7.78e-01 uA 2016-01-25 16:57:31.320666000Z
[10:57:32.904]     INFO: V = -105.000000 (meas: -105.00) I = -8.37e-01 uA 2016-01-25 16:57:32.904050001Z
[10:57:34.486]     INFO: V = -110.000000 (meas: -110.00) I = -8.96e-01 uA 2016-01-25 16:57:34.486848001Z
[10:57:36.078]     INFO: V = -115.000000 (meas: -115.00) I = -9.43e-01 uA 2016-01-25 16:57:36.078193000Z
[10:57:40.667]     INFO: V = -120.000000 (meas: -120.00) I = -1.02e+00 uA 2016-01-25 16:57:40.667942001Z
[10:57:42.270]     INFO: V = -125.000000 (meas: -125.00) I = -1.08e+00 uA 2016-01-25 16:57:42.270826000Z
[10:57:43.863]     INFO: V = -130.000000 (meas: -130.00) I = -1.13e+00 uA 2016-01-25 16:57:43.863268001Z
[10:57:45.451]     INFO: V = -135.000000 (meas: -135.00) I = -1.17e+00 uA 2016-01-25 16:57:45.451395001Z
[10:57:47.038]     INFO: V = -140.000000 (meas: -140.00) I = -1.21e+00 uA 2016-01-25 16:57:47.038525001Z
[10:57:48.630]     INFO: V = -145.000000 (meas: -145.00) I = -1.28e+00 uA 2016-01-25 16:57:48.630249000Z
[10:57:50.218]     INFO: V = -150.000000 (meas: -150.00) I = -1.31e+00 uA 2016-01-25 16:57:50.218088000Z
[10:57:51.806]     INFO: V = -155.000000 (meas: -155.00) I = -1.37e+00 uA 2016-01-25 16:57:51.806031000Z
[10:57:53.397]     INFO: V = -160.000000 (meas: -160.00) I = -1.38e+00 uA 2016-01-25 16:57:53.397832000Z
[10:57:54.986]     INFO: V = -165.000000 (meas: -165.00) I = -1.44e+00 uA 2016-01-25 16:57:54.986223000Z
[10:57:56.574]     INFO: V = -170.000000 (meas: -170.00) I = -1.46e+00 uA 2016-01-25 16:57:56.574575000Z
[10:57:58.161]     INFO: V = -175.000000 (meas: -175.00) I = -1.53e+00 uA 2016-01-25 16:57:58.161760001Z
[10:57:59.744]     INFO: V = -180.000000 (meas: -180.00) I = -1.58e+00 uA 2016-01-25 16:57:59.744321000Z
[10:58:01.336]     INFO: V = -185.000000 (meas: -185.00) I = -1.63e+00 uA 2016-01-25 16:58:01.336066000Z
[10:58:02.918]     INFO: V = -190.000000 (meas: -190.00) I = -1.62e+00 uA 2016-01-25 16:58:02.918378001Z
[10:58:04.499]     INFO: V = -195.000000 (meas: -195.00) I = -1.67e+00 uA 2016-01-25 16:58:04.499408000Z
[10:58:06.079]     INFO: V = -200.000000 (meas: -200.00) I = -1.70e+00 uA 2016-01-25 16:58:06.079206001Z
[10:58:07.660]     INFO: V = -205.000000 (meas: -205.00) I = -1.75e+00 uA 2016-01-25 16:58:07.660052000Z
[10:58:09.243]     INFO: V = -210.000000 (meas: -210.00) I = -1.80e+00 uA 2016-01-25 16:58:09.243735001Z
[10:58:10.834]     INFO: V = -215.000000 (meas: -215.00) I = -1.86e+00 uA 2016-01-25 16:58:10.834920001Z
[10:58:12.418]     INFO: V = -220.000000 (meas: -220.00) I = -1.85e+00 uA 2016-01-25 16:58:12.417981001Z
[10:58:14.009]     INFO: V = -225.000000 (meas: -225.00) I = -1.92e+00 uA 2016-01-25 16:58:14.009312000Z
[10:58:15.596]     INFO: V = -230.000000 (meas: -230.00) I = -1.98e+00 uA 2016-01-25 16:58:15.596832001Z
[10:58:17.184]     INFO: V = -235.000000 (meas: -235.00) I = -1.98e+00 uA 2016-01-25 16:58:17.184616000Z
[10:58:18.766]     INFO: V = -240.000000 (meas: -240.00) I = -2.00e+00 uA 2016-01-25 16:58:18.766236001Z
[10:58:20.357]     INFO: V = -245.000000 (meas: -245.00) I = -2.01e+00 uA 2016-01-25 16:58:20.357711001Z
[10:58:21.945]     INFO: V = -250.000000 (meas: -250.00) I = -2.04e+00 uA 2016-01-25 16:58:21.945250001Z
[10:58:23.531]     INFO: V = -255.000000 (meas: -255.00) I = -2.06e+00 uA 2016-01-25 16:58:23.531886000Z
[10:58:25.119]     INFO: V = -260.000000 (meas: -260.00) I = -2.10e+00 uA 2016-01-25 16:58:25.119002000Z
[10:58:26.701]     INFO: V = -265.000000 (meas: -265.00) I = -2.12e+00 uA 2016-01-25 16:58:26.701147001Z
[10:58:28.281]     INFO: V = -270.000000 (meas: -270.00) I = -2.16e+00 uA 2016-01-25 16:58:28.281947000Z
[10:58:29.864]     INFO: V = -275.000000 (meas: -275.00) I = -2.21e+00 uA 2016-01-25 16:58:29.864107001Z
[10:58:31.444]     INFO: V = -280.000000 (meas: -280.00) I = -2.22e+00 uA 2016-01-25 16:58:31.444941001Z
[10:58:33.036]     INFO: V = -285.000000 (meas: -285.00) I = -2.21e+00 uA 2016-01-25 16:58:33.036829000Z
[10:58:34.619]     INFO: V = -290.000000 (meas: -290.00) I = -2.25e+00 uA 2016-01-25 16:58:34.619098000Z
[10:58:36.199]     INFO: V = -295.000000 (meas: -295.00) I = -2.26e+00 uA 2016-01-25 16:58:36.199946000Z
[10:58:37.780]     INFO: V = -300.000000 (meas: -300.00) I = -2.33e+00 uA 2016-01-25 16:58:37.780883001Z
[10:58:39.363]     INFO: V = -305.000000 (meas: -305.00) I = -2.31e+00 uA 2016-01-25 16:58:39.362978001Z
[10:58:40.954]     INFO: V = -310.000000 (meas: -310.00) I = -2.36e+00 uA 2016-01-25 16:58:40.954364000Z
[10:58:42.536]     INFO: V = -315.000000 (meas: -315.00) I = -2.37e+00 uA 2016-01-25 16:58:42.536498000Z
[10:58:44.117]     INFO: V = -320.000000 (meas: -320.00) I = -2.45e+00 uA 2016-01-25 16:58:44.117157001Z
[10:58:45.698]     INFO: V = -325.000000 (meas: -325.00) I = -2.43e+00 uA 2016-01-25 16:58:45.698535001Z
[10:58:47.290]     INFO: V = -330.000000 (meas: -330.00) I = -2.48e+00 uA 2016-01-25 16:58:47.290203001Z
[10:58:48.871]     INFO: V = -335.000000 (meas: -335.00) I = -2.46e+00 uA 2016-01-25 16:58:48.871578000Z
[10:58:50.462]     INFO: V = -340.000000 (meas: -340.00) I = -2.50e+00 uA 2016-01-25 16:58:50.462639000Z
[10:58:52.050]     INFO: V = -345.000000 (meas: -345.00) I = -2.53e+00 uA 2016-01-25 16:58:52.050606001Z
[10:58:53.641]     INFO: V = -350.000000 (meas: -350.00) I = -2.58e+00 uA 2016-01-25 16:58:53.641620000Z
[10:58:55.233]     INFO: V = -355.000000 (meas: -355.00) I = -2.57e+00 uA 2016-01-25 16:58:55.233381000Z
[10:58:56.825]     INFO: V = -360.000000 (meas: -360.00) I = -2.58e+00 uA 2016-01-25 16:58:56.825078000Z
[10:58:58.406]     INFO: V = -365.000000 (meas: -365.00) I = -2.69e+00 uA 2016-01-25 16:58:58.406130001Z
[10:58:59.987]     INFO: V = -370.000000 (meas: -370.00) I = -2.68e+00 uA 2016-01-25 16:58:59.987253000Z
[10:59:01.570]     INFO: V = -375.000000 (meas: -375.00) I = -2.73e+00 uA 2016-01-25 16:59:01.570452000Z
[10:59:03.153]     INFO: V = -380.000000 (meas: -380.00) I = -2.75e+00 uA 2016-01-25 16:59:03.152981000Z
[10:59:04.735]     INFO: V = -385.000000 (meas: -385.00) I = -2.75e+00 uA 2016-01-25 16:59:04.735421001Z
[10:59:06.316]     INFO: V = -390.000000 (meas: -390.00) I = -2.86e+00 uA 2016-01-25 16:59:06.316560001Z
[10:59:07.904]     INFO: V = -395.000000 (meas: -395.00) I = -2.89e+00 uA 2016-01-25 16:59:07.904788001Z
[10:59:09.487]     INFO: V = -400.000000 (meas: -400.00) I = -2.93e+00 uA 2016-01-25 16:59:09.487302000Z
[10:59:11.080]     INFO: V = -405.000000 (meas: -405.00) I = -2.99e+00 uA 2016-01-25 16:59:11.079988000Z
[10:59:12.667]     INFO: V = -410.000000 (meas: -410.00) I = -3.02e+00 uA 2016-01-25 16:59:12.667479000Z
[10:59:14.250]     INFO: V = -415.000000 (meas: -415.00) I = -2.99e+00 uA 2016-01-25 16:59:14.250060000Z
[10:59:15.831]     INFO: V = -420.000000 (meas: -420.00) I = -3.08e+00 uA 2016-01-25 16:59:15.831510000Z
[10:59:17.413]     INFO: V = -425.000000 (meas: -425.00) I = -3.08e+00 uA 2016-01-25 16:59:17.413577001Z
[10:59:18.994]     INFO: V = -430.000000 (meas: -430.00) I = -3.13e+00 uA 2016-01-25 16:59:18.994407000Z
[10:59:20.578]     INFO: V = -435.000000 (meas: -435.00) I = -3.14e+00 uA 2016-01-25 16:59:20.578048000Z
[10:59:22.168]     INFO: V = -440.000000 (meas: -440.00) I = -3.14e+00 uA 2016-01-25 16:59:22.168904001Z
[10:59:23.760]     INFO: V = -445.000000 (meas: -445.00) I = -3.13e+00 uA 2016-01-25 16:59:23.760585000Z
[10:59:25.352]     INFO: V = -450.000000 (meas: -450.00) I = -3.16e+00 uA 2016-01-25 16:59:25.352226001Z
[10:59:26.940]     INFO: V = -455.000000 (meas: -455.00) I = -3.39e+00 uA 2016-01-25 16:59:26.940302000Z
[10:59:28.528]     INFO: V = -460.000000 (meas: -460.00) I = -3.37e+00 uA 2016-01-25 16:59:28.528371000Z
[10:59:30.116]     INFO: V = -465.000000 (meas: -465.00) I = -3.49e+00 uA 2016-01-25 16:59:30.116398001Z
[10:59:31.704]     INFO: V = -470.000000 (meas: -470.00) I = -3.57e+00 uA 2016-01-25 16:59:31.704539000Z
[10:59:33.287]     INFO: V = -475.000000 (meas: -475.00) I = -3.60e+00 uA 2016-01-25 16:59:33.287394001Z
[10:59:34.869]     INFO: V = -480.000000 (meas: -480.00) I = -3.71e+00 uA 2016-01-25 16:59:34.869839000Z
[10:59:36.453]     INFO: V = -485.000000 (meas: -485.00) I = -3.76e+00 uA 2016-01-25 16:59:36.453090001Z
[10:59:38.034]     INFO: V = -490.000000 (meas: -490.00) I = -3.84e+00 uA 2016-01-25 16:59:38.034147000Z
[10:59:39.625]     INFO: V = -495.000000 (meas: -495.00) I = -4.03e+00 uA 2016-01-25 16:59:39.625733001Z
[10:59:41.216]     INFO: V = -500.000000 (meas: -500.00) I = -5.29e+00 uA 2016-01-25 16:59:41.216002000Z
[10:59:42.807]     INFO: V = -505.000000 (meas: -505.00) I = -7.92e+00 uA 2016-01-25 16:59:42.807957000Z
[10:59:45.900]     INFO: V = -510.000000 (meas: -510.00) I = -1.33e+01 uA 2016-01-25 16:59:45.900746000Z
[10:59:47.489]     INFO: V = -515.000000 (meas: -515.00) I = -1.65e+01 uA 2016-01-25 16:59:47.489282001Z
[10:59:49.070]     INFO: V = -520.000000 (meas: -520.00) I = -2.07e+01 uA 2016-01-25 16:59:49.070718000Z
[10:59:50.659]     INFO: V = -525.000000 (meas: -525.00) I = -2.59e+01 uA 2016-01-25 16:59:50.659011000Z
[10:59:52.251]     INFO: V = -530.000000 (meas: -530.00) I = -3.15e+01 uA 2016-01-25 16:59:52.251341000Z
[10:59:53.843]     INFO: V = -535.000000 (meas: -535.00) I = -3.76e+01 uA 2016-01-25 16:59:53.843622001Z
[10:59:55.435]     INFO: V = -540.000000 (meas: -540.00) I = -4.42e+01 uA 2016-01-25 16:59:55.435865001Z
[10:59:57.028]     INFO: V = -545.000000 (meas: -545.00) I = -5.12e+01 uA 2016-01-25 16:59:57.028225000Z
[10:59:58.616]     INFO: V = -550.000000 (meas: -550.00) I = -5.84e+01 uA 2016-01-25 16:59:58.616753000Z
[11:00:00.209]     INFO: V = -555.000000 (meas: -555.00) I = -6.60e+01 uA 2016-01-25 17:00:00.209020000Z
[11:00:01.801]     INFO: V = -560.000000 (meas: -560.00) I = -7.41e+01 uA 2016-01-25 17:00:01.801430000Z
[11:00:03.389]     INFO: V = -565.000000 (meas: -565.00) I = -8.25e+01 uA 2016-01-25 17:00:03.389096000Z
[11:00:04.977]     INFO: V = -570.000000 (meas: -570.00) I = -9.14e+01 uA 2016-01-25 17:00:04.976998000Z
[11:00:06.609]     INFO: V = -575.000000 (meas: -575.00) I = -1.00e+02 uA 2016-01-25 17:00:06.609632000Z
[11:00:06.651]  WARNING: Sweep Aborted on Compliance!
[11:00:06.670]     INFO: PixTestIV::doTest() done 
[11:03:50.920]     INFO: Starting IV curve measurement...
[11:03:50.920]     INFO: Make sure the Keithley2410 is using the following RS232 settings:
[11:03:50.920]     INFO: 	|Baud Rate: 57600
[11:03:50.920]     INFO: 	|Bits: 8
[11:03:50.920]     INFO: 	|Parity: ODD
[11:03:50.920]     INFO: 	|Terminator: <CR>+<LF>
[11:03:50.920]     INFO: 	|Control Flow: XON-XOFF
[11:03:50.920]     INFO: [RS232] Opening com port: /dev/ttyS0 with baud: 57600
[11:03:54.522]     INFO: V = -0.000000 (meas:   +0.00) I = -2.72e-03 uA 2016-01-25 17:03:54.522082001Z
[11:03:56.103]     INFO: V = -5.000000 (meas:   -5.00) I = -6.11e-02 uA 2016-01-25 17:03:56.103937000Z
[11:03:57.690]     INFO: V = -10.000000 (meas:  -10.00) I = -9.70e-02 uA 2016-01-25 17:03:57.690348000Z
[11:03:59.277]     INFO: V = -15.000000 (meas:  -15.00) I = -1.34e-01 uA 2016-01-25 17:03:59.277824000Z
[11:04:00.860]     INFO: V = -20.000000 (meas:  -20.00) I = -1.76e-01 uA 2016-01-25 17:04:00.859979000Z
[11:04:02.442]     INFO: V = -25.000000 (meas:  -25.00) I = -2.19e-01 uA 2016-01-25 17:04:02.442897001Z
[11:04:04.033]     INFO: V = -30.000000 (meas:  -30.00) I = -2.60e-01 uA 2016-01-25 17:04:04.033388000Z
[11:04:05.615]     INFO: V = -35.000000 (meas:  -35.00) I = -3.01e-01 uA 2016-01-25 17:04:05.615366000Z
[11:04:07.195]     INFO: V = -40.000000 (meas:  -40.00) I = -3.44e-01 uA 2016-01-25 17:04:07.195635001Z
[11:04:08.776]     INFO: V = -45.000000 (meas:  -45.00) I = -3.90e-01 uA 2016-01-25 17:04:08.776487001Z
[11:04:10.357]     INFO: V = -50.000000 (meas:  -50.00) I = -4.37e-01 uA 2016-01-25 17:04:10.357481000Z
[11:04:11.938]     INFO: V = -55.000000 (meas:  -55.00) I = -4.76e-01 uA 2016-01-25 17:04:11.938468001Z
[11:04:13.526]     INFO: V = -60.000000 (meas:  -60.00) I = -5.29e-01 uA 2016-01-25 17:04:13.526156000Z
[11:04:15.107]     INFO: V = -65.000000 (meas:  -65.00) I = -6.42e-01 uA 2016-01-25 17:04:15.107136001Z
[11:04:16.695]     INFO: V = -70.000000 (meas:  -70.00) I = -6.77e-01 uA 2016-01-25 17:04:16.695347000Z
[11:04:18.278]     INFO: V = -75.000000 (meas:  -75.00) I = -7.55e-01 uA 2016-01-25 17:04:18.278440000Z
[11:04:19.871]     INFO: V = -80.000000 (meas:  -80.00) I = -8.56e-01 uA 2016-01-25 17:04:19.870978001Z
[11:04:21.459]     INFO: V = -85.000000 (meas:  -85.00) I = -8.92e-01 uA 2016-01-25 17:04:21.459954001Z
[11:04:23.047]     INFO: V = -90.000000 (meas:  -90.00) I = -1.03e+00 uA 2016-01-25 17:04:23.047434001Z
[11:04:27.637]     INFO: V = -95.000000 (meas:  -95.00) I = -1.01e+00 uA 2016-01-25 17:04:27.637277001Z
[11:04:29.217]     INFO: V = -100.000000 (meas: -100.00) I = -1.09e+00 uA 2016-01-25 17:04:29.217470001Z
[11:04:30.799]     INFO: V = -105.000000 (meas: -105.00) I = -1.16e+00 uA 2016-01-25 17:04:30.799499001Z
[11:04:32.380]     INFO: V = -110.000000 (meas: -110.00) I = -1.21e+00 uA 2016-01-25 17:04:32.380345000Z
[11:04:33.961]     INFO: V = -115.000000 (meas: -115.00) I = -1.22e+00 uA 2016-01-25 17:04:33.961046000Z
[11:04:35.543]     INFO: V = -120.000000 (meas: -120.00) I = -1.29e+00 uA 2016-01-25 17:04:35.543934001Z
[11:04:37.126]     INFO: V = -125.000000 (meas: -125.00) I = -1.31e+00 uA 2016-01-25 17:04:37.126013000Z
[11:04:38.716]     INFO: V = -130.000000 (meas: -130.00) I = -1.41e+00 uA 2016-01-25 17:04:38.716949001Z
[11:04:40.308]     INFO: V = -135.000000 (meas: -135.00) I = -1.41e+00 uA 2016-01-25 17:04:40.308686000Z
[11:04:41.890]     INFO: V = -140.000000 (meas: -140.00) I = -1.48e+00 uA 2016-01-25 17:04:41.890237001Z
[11:04:43.470]     INFO: V = -145.000000 (meas: -145.00) I = -1.54e+00 uA 2016-01-25 17:04:43.470930001Z
[11:04:45.053]     INFO: V = -150.000000 (meas: -150.00) I = -1.54e+00 uA 2016-01-25 17:04:45.052961000Z
[11:04:46.644]     INFO: V = -155.000000 (meas: -155.00) I = -1.59e+00 uA 2016-01-25 17:04:46.644065000Z
[11:04:48.232]     INFO: V = -160.000000 (meas: -160.00) I = -1.64e+00 uA 2016-01-25 17:04:48.232200000Z
[11:04:49.820]     INFO: V = -165.000000 (meas: -165.00) I = -1.68e+00 uA 2016-01-25 17:04:49.820107000Z
[11:04:51.408]     INFO: V = -170.000000 (meas: -170.00) I = -1.76e+00 uA 2016-01-25 17:04:51.408486000Z
[11:04:52.996]     INFO: V = -175.000000 (meas: -175.00) I = -1.77e+00 uA 2016-01-25 17:04:52.996679001Z
[11:04:54.587]     INFO: V = -180.000000 (meas: -180.00) I = -1.78e+00 uA 2016-01-25 17:04:54.587913000Z
[11:04:56.171]     INFO: V = -185.000000 (meas: -185.00) I = -1.80e+00 uA 2016-01-25 17:04:56.171055001Z
[11:04:57.752]     INFO: V = -190.000000 (meas: -190.00) I = -1.80e+00 uA 2016-01-25 17:04:57.752218000Z
[11:04:59.333]     INFO: V = -195.000000 (meas: -195.00) I = -1.85e+00 uA 2016-01-25 17:04:59.333274000Z
[11:05:00.914]     INFO: V = -200.000000 (meas: -200.00) I = -1.95e+00 uA 2016-01-25 17:05:00.914591000Z
[11:05:02.501]     INFO: V = -205.000000 (meas: -205.00) I = -2.00e+00 uA 2016-01-25 17:05:02.501409000Z
[11:05:04.124]     INFO: V = -210.000000 (meas: -210.00) I = -1.96e+00 uA 2016-01-25 17:05:04.124245001Z
[11:05:05.706]     INFO: V = -215.000000 (meas: -215.00) I = -2.03e+00 uA 2016-01-25 17:05:05.706340000Z
[11:05:07.287]     INFO: V = -220.000000 (meas: -220.00) I = -2.04e+00 uA 2016-01-25 17:05:07.286983001Z
[11:05:08.878]     INFO: V = -225.000000 (meas: -225.00) I = -2.03e+00 uA 2016-01-25 17:05:08.877993000Z
[11:05:10.461]     INFO: V = -230.000000 (meas: -230.00) I = -2.16e+00 uA 2016-01-25 17:05:10.461243000Z
[11:05:12.053]     INFO: V = -235.000000 (meas: -235.00) I = -2.17e+00 uA 2016-01-25 17:05:12.052987000Z
[11:05:13.635]     INFO: V = -240.000000 (meas: -240.00) I = -2.22e+00 uA 2016-01-25 17:05:13.635208000Z
[11:05:15.216]     INFO: V = -245.000000 (meas: -245.00) I = -2.23e+00 uA 2016-01-25 17:05:15.216741000Z
[11:05:16.807]     INFO: V = -250.000000 (meas: -250.00) I = -2.25e+00 uA 2016-01-25 17:05:16.807868000Z
[11:05:18.390]     INFO: V = -255.000000 (meas: -255.00) I = -2.33e+00 uA 2016-01-25 17:05:18.390764000Z
[11:05:19.982]     INFO: V = -260.000000 (meas: -260.00) I = -2.26e+00 uA 2016-01-25 17:05:19.982477000Z
[11:05:21.564]     INFO: V = -265.000000 (meas: -265.00) I = -2.37e+00 uA 2016-01-25 17:05:21.564865001Z
[11:05:23.147]     INFO: V = -270.000000 (meas: -270.00) I = -2.38e+00 uA 2016-01-25 17:05:23.147033000Z
[11:05:24.739]     INFO: V = -275.000000 (meas: -275.00) I = -2.32e+00 uA 2016-01-25 17:05:24.739434001Z
[11:05:26.322]     INFO: V = -280.000000 (meas: -280.00) I = -2.37e+00 uA 2016-01-25 17:05:26.322478000Z
[11:05:27.915]     INFO: V = -285.000000 (meas: -285.00) I = -2.49e+00 uA 2016-01-25 17:05:27.915000001Z
[11:05:29.505]     INFO: V = -290.000000 (meas: -290.00) I = -2.41e+00 uA 2016-01-25 17:05:29.505939001Z
[11:05:31.088]     INFO: V = -295.000000 (meas: -295.00) I = -2.43e+00 uA 2016-01-25 17:05:31.088797000Z
[11:05:32.680]     INFO: V = -300.000000 (meas: -300.00) I = -2.46e+00 uA 2016-01-25 17:05:32.680466000Z
[11:05:34.263]     INFO: V = -305.000000 (meas: -305.00) I = -2.55e+00 uA 2016-01-25 17:05:34.263220000Z
[11:05:35.846]     INFO: V = -310.000000 (meas: -310.00) I = -2.51e+00 uA 2016-01-25 17:05:35.846051000Z
[11:05:37.438]     INFO: V = -315.000000 (meas: -315.00) I = -2.57e+00 uA 2016-01-25 17:05:37.438416000Z
[11:05:39.019]     INFO: V = -320.000000 (meas: -320.00) I = -2.54e+00 uA 2016-01-25 17:05:39.019073001Z
[11:05:40.600]     INFO: V = -325.000000 (meas: -325.00) I = -2.68e+00 uA 2016-01-25 17:05:40.600026001Z
[11:05:42.192]     INFO: V = -330.000000 (meas: -330.00) I = -2.64e+00 uA 2016-01-25 17:05:42.192473001Z
[11:05:43.784]     INFO: V = -335.000000 (meas: -335.00) I = -2.63e+00 uA 2016-01-25 17:05:43.784879000Z
[11:05:45.373]     INFO: V = -340.000000 (meas: -340.00) I = -2.77e+00 uA 2016-01-25 17:05:45.373036000Z
[11:05:46.955]     INFO: V = -345.000000 (meas: -345.00) I = -2.73e+00 uA 2016-01-25 17:05:46.955322000Z
[11:05:48.538]     INFO: V = -350.000000 (meas: -350.00) I = -2.80e+00 uA 2016-01-25 17:05:48.538330000Z
[11:05:50.118]     INFO: V = -355.000000 (meas: -355.00) I = -2.87e+00 uA 2016-01-25 17:05:50.118679000Z
[11:05:51.699]     INFO: V = -360.000000 (meas: -360.00) I = -2.90e+00 uA 2016-01-25 17:05:51.699728000Z
[11:05:53.282]     INFO: V = -365.000000 (meas: -365.00) I = -2.96e+00 uA 2016-01-25 17:05:53.282154001Z
[11:05:54.862]     INFO: V = -370.000000 (meas: -370.00) I = -3.01e+00 uA 2016-01-25 17:05:54.862925001Z
[11:05:56.455]     INFO: V = -375.000000 (meas: -375.00) I = -2.99e+00 uA 2016-01-25 17:05:56.455491001Z
[11:05:58.043]     INFO: V = -380.000000 (meas: -380.00) I = -2.92e+00 uA 2016-01-25 17:05:58.043740000Z
[11:05:59.635]     INFO: V = -385.000000 (meas: -385.00) I = -2.91e+00 uA 2016-01-25 17:05:59.635080000Z
[11:06:01.227]     INFO: V = -390.000000 (meas: -390.00) I = -2.98e+00 uA 2016-01-25 17:06:01.227041000Z
[11:06:02.818]     INFO: V = -395.000000 (meas: -395.00) I = -2.97e+00 uA 2016-01-25 17:06:02.818952001Z
[11:06:04.410]     INFO: V = -400.000000 (meas: -400.00) I = -3.07e+00 uA 2016-01-25 17:06:04.410183000Z
[11:06:05.991]     INFO: V = -405.000000 (meas: -405.00) I = -2.99e+00 uA 2016-01-25 17:06:05.991022000Z
[11:06:07.572]     INFO: V = -410.000000 (meas: -410.00) I = -3.09e+00 uA 2016-01-25 17:06:07.572485001Z
[11:06:09.163]     INFO: V = -415.000000 (meas: -415.00) I = -3.16e+00 uA 2016-01-25 17:06:09.162986000Z
[11:06:10.753]     INFO: V = -420.000000 (meas: -420.00) I = -3.12e+00 uA 2016-01-25 17:06:10.753876000Z
[11:06:12.335]     INFO: V = -425.000000 (meas: -425.00) I = -3.07e+00 uA 2016-01-25 17:06:12.335227000Z
[11:06:13.917]     INFO: V = -430.000000 (meas: -430.00) I = -3.25e+00 uA 2016-01-25 17:06:13.917274001Z
[11:06:15.498]     INFO: V = -435.000000 (meas: -435.00) I = -3.19e+00 uA 2016-01-25 17:06:15.498020000Z
[11:06:17.077]     INFO: V = -440.000000 (meas: -440.00) I = -3.29e+00 uA 2016-01-25 17:06:17.077301000Z
[11:06:18.669]     INFO: V = -445.000000 (meas: -445.00) I = -3.24e+00 uA 2016-01-25 17:06:18.669052000Z
[11:06:20.256]     INFO: V = -450.000000 (meas: -450.00) I = -3.43e+00 uA 2016-01-25 17:06:20.256938001Z
[11:06:21.839]     INFO: V = -455.000000 (meas: -455.00) I = -3.39e+00 uA 2016-01-25 17:06:21.839801000Z
[11:06:23.431]     INFO: V = -460.000000 (meas: -460.00) I = -3.46e+00 uA 2016-01-25 17:06:23.431185001Z
[11:06:25.011]     INFO: V = -465.000000 (meas: -465.00) I = -3.52e+00 uA 2016-01-25 17:06:25.011870001Z
[11:06:26.594]     INFO: V = -470.000000 (meas: -470.00) I = -3.49e+00 uA 2016-01-25 17:06:26.594416000Z
[11:06:28.175]     INFO: V = -475.000000 (meas: -475.00) I = -3.50e+00 uA 2016-01-25 17:06:28.175106000Z
[11:06:29.767]     INFO: V = -480.000000 (meas: -480.00) I = -3.67e+00 uA 2016-01-25 17:06:29.767178000Z
[11:06:31.354]     INFO: V = -485.000000 (meas: -485.00) I = -3.83e+00 uA 2016-01-25 17:06:31.354670000Z
[11:06:32.943]     INFO: V = -490.000000 (meas: -490.00) I = -3.84e+00 uA 2016-01-25 17:06:32.943018000Z
[11:06:34.530]     INFO: V = -495.000000 (meas: -495.00) I = -3.95e+00 uA 2016-01-25 17:06:34.530539001Z
[11:06:36.110]     INFO: V = -500.000000 (meas: -500.00) I = -4.08e+00 uA 2016-01-25 17:06:36.110697001Z
[11:06:37.701]     INFO: V = -505.000000 (meas: -505.00) I = -4.15e+00 uA 2016-01-25 17:06:37.701573000Z
[11:06:39.284]     INFO: V = -510.000000 (meas: -510.00) I = -4.20e+00 uA 2016-01-25 17:06:39.284791001Z
[11:06:40.876]     INFO: V = -515.000000 (meas: -515.00) I = -4.32e+00 uA 2016-01-25 17:06:40.876542000Z
[11:06:42.457]     INFO: V = -520.000000 (meas: -520.00) I = -4.97e+00 uA 2016-01-25 17:06:42.457471000Z
[11:06:44.039]     INFO: V = -525.000000 (meas: -525.00) I = -7.63e+00 uA 2016-01-25 17:06:44.039218000Z
[11:06:47.127]     INFO: V = -530.000000 (meas: -530.00) I = -1.57e+01 uA 2016-01-25 17:06:47.127799000Z
[11:06:48.720]     INFO: V = -535.000000 (meas: -535.00) I = -2.04e+01 uA 2016-01-25 17:06:48.720642000Z
[11:06:50.312]     INFO: V = -540.000000 (meas: -540.00) I = -2.53e+01 uA 2016-01-25 17:06:50.312860000Z
[11:06:51.901]     INFO: V = -545.000000 (meas: -545.00) I = -3.06e+01 uA 2016-01-25 17:06:51.901625000Z
[11:06:53.490]     INFO: V = -550.000000 (meas: -550.00) I = -3.63e+01 uA 2016-01-25 17:06:53.490129001Z
[11:06:55.073]     INFO: V = -555.000000 (meas: -555.00) I = -4.28e+01 uA 2016-01-25 17:06:55.073663001Z
[11:06:56.662]     INFO: V = -560.000000 (meas: -560.00) I = -4.98e+01 uA 2016-01-25 17:06:56.662688000Z
[11:06:58.251]     INFO: V = -565.000000 (meas: -565.00) I = -5.73e+01 uA 2016-01-25 17:06:58.251163000Z
[11:06:59.839]     INFO: V = -570.000000 (meas: -570.00) I = -6.52e+01 uA 2016-01-25 17:06:59.839799000Z
[11:07:01.428]     INFO: V = -575.000000 (meas: -575.00) I = -7.33e+01 uA 2016-01-25 17:07:01.428474000Z
[11:07:03.020]     INFO: V = -580.000000 (meas: -580.00) I = -8.22e+01 uA 2016-01-25 17:07:03.020652000Z
[11:07:04.605]     INFO: V = -585.000000 (meas: -585.00) I = -9.17e+01 uA 2016-01-25 17:07:04.605152000Z
[11:07:06.235]     INFO: V = -590.000000 (meas: -590.00) I = -1.00e+02 uA 2016-01-25 17:07:06.235566000Z
[11:07:06.277]  WARNING: Sweep Aborted on Compliance!
[11:07:06.294]     INFO: PixTestIV::doTest() done 
[11:13:24.113]    QUIET: Connection to board 58 closed.
