[11:14:34.399]     INFO: *** Welcome to pxar ***
[11:14:34.399]     INFO: *** Today: 2016/01/25
[11:14:34.409]     INFO: *** Version: prod-12
[11:14:34.409]     INFO: readRocDacs: ./pa315/dacParameters35_C0.dat .. ./pa315/dacParameters35_C15.dat
[11:14:34.411]     INFO: readTbmDacs: ./pa315/tbmParameters_C0a.dat .. ./pa315/tbmParameters_C0b.dat
[11:14:34.411]     INFO: readMaskFile: ./pa315/defaultMaskFile.dat
[11:14:34.411]     INFO: readTrimFile: ./pa315/trimParameters35_C0.dat .. ./pa315/trimParameters35_C15.dat
[11:14:34.565]     INFO:         clk: 4
[11:14:34.565]     INFO:         ctr: 4
[11:14:34.565]     INFO:         sda: 19
[11:14:34.565]     INFO:         tin: 9
[11:14:34.565]     INFO:         level: 15
[11:14:34.565]     INFO:         triggerdelay: 0
[11:14:34.565]    QUIET: Instanciating API for pxar prod-12
[11:14:34.565]     INFO: Log level: INFO
[11:14:34.577]    QUIET: Connection to board DTB_WRPRHI opened.
[11:14:34.580]     INFO: DTB startup information
--- DTB info------------------------------------------
Board id:    58
HW version:  DTB1.2
FW version:  4.2
SW version:  4.5
USB id:      DTB_WRPRHI
MAC address: 40D85511803A
Hostname:    pixelDTB058
Comment:     
------------------------------------------------------
[11:14:34.583]     INFO: RPC call hashes of host and DTB match: 398089610
[11:14:36.185]     INFO: DUT info: 
[11:14:36.185]     INFO: The DUT currently contains the following objects:
[11:14:36.185]     INFO:  2 TBM Cores tbm08c (2 ON)
[11:14:36.185]     INFO: 	TBM Core alpha (0): 7 registers set
[11:14:36.185]     INFO: 	TBM Core beta  (1): 7 registers set
[11:14:36.185]     INFO: 16 ROCs psi46digv21respin (16 ON) with 4160 pixelConfigs
[11:14:36.185]     INFO: 	ROC 0: 19 DACs set, Pixels: 0 masked, 0 active.
[11:14:36.185]     INFO: 	ROC 1: 19 DACs set, Pixels: 0 masked, 0 active.
[11:14:36.185]     INFO: 	ROC 2: 19 DACs set, Pixels: 0 masked, 0 active.
[11:14:36.185]     INFO: 	ROC 3: 19 DACs set, Pixels: 0 masked, 0 active.
[11:14:36.185]     INFO: 	ROC 4: 19 DACs set, Pixels: 0 masked, 0 active.
[11:14:36.185]     INFO: 	ROC 5: 19 DACs set, Pixels: 0 masked, 0 active.
[11:14:36.185]     INFO: 	ROC 6: 19 DACs set, Pixels: 0 masked, 0 active.
[11:14:36.185]     INFO: 	ROC 7: 19 DACs set, Pixels: 0 masked, 0 active.
[11:14:36.185]     INFO: 	ROC 8: 19 DACs set, Pixels: 0 masked, 0 active.
[11:14:36.185]     INFO: 	ROC 9: 19 DACs set, Pixels: 0 masked, 0 active.
[11:14:36.185]     INFO: 	ROC 10: 19 DACs set, Pixels: 0 masked, 0 active.
[11:14:36.185]     INFO: 	ROC 11: 19 DACs set, Pixels: 0 masked, 0 active.
[11:14:36.185]     INFO: 	ROC 12: 19 DACs set, Pixels: 0 masked, 0 active.
[11:14:36.185]     INFO: 	ROC 13: 19 DACs set, Pixels: 0 masked, 0 active.
[11:14:36.185]     INFO: 	ROC 14: 19 DACs set, Pixels: 0 masked, 0 active.
[11:14:36.185]     INFO: 	ROC 15: 19 DACs set, Pixels: 0 masked, 0 active.
[11:14:36.788]     INFO: PixTestCmd::init()
[11:14:36.805]     INFO: readGainPedestalParameters ./pa315/phCalibrationFitErr35_C0.dat .. ./pa315/phCalibrationFitErr35_C15.dat
[11:14:37.104]     INFO: readReadbackCal: ./pa315/readbackCal_C0.dat .. ./pa315/readbackCal_C15.dat
[11:15:02.381]     INFO:    ----------------------------------------------------------------------
[11:15:02.381]     INFO:    PixTest::maskHotPixels() running for 10 seconds with 100 kHz trigger rate
[11:15:02.381]     INFO:    ----------------------------------------------------------------------
[11:15:03.359]     INFO: PixTestHighRate::maskHotPixels start TriggerLoop with period 404 and duration 10 seconds and trigger rate 100 kHz
[11:15:12.399]     INFO: Done with hot pixel readout
[11:15:27.239]     INFO: PixTest::       pg_setup set to default.
[11:15:27.240]     INFO: 2 hot pixels found!
[11:15:27.241]     INFO: PixTest::maskHotPixels() done
[11:15:27.260]     INFO: write masked pixels into ./pa315/defaultMaskFile.dat
[11:16:29.245]    QUIET: Connection to board 58 closed.
