[10:32:09.975]     INFO: *** Welcome to pxar ***
[10:32:09.975]     INFO: *** Today: 2016/01/25
[10:32:10.031]     INFO: *** Version: prod-12
[10:32:10.032]     INFO: readRocDacs: ./pa315/dacParameters35_C0.dat .. ./pa315/dacParameters35_C15.dat
[10:32:10.033]     INFO: readTbmDacs: ./pa315/tbmParameters_C0a.dat .. ./pa315/tbmParameters_C0b.dat
[10:32:10.033]     INFO: readMaskFile: ./pa315/defaultMaskFile.dat
[10:32:10.033]     INFO: readTrimFile: ./pa315/trimParameters35_C0.dat .. ./pa315/trimParameters35_C15.dat
[10:32:10.185]     INFO:         clk: 4
[10:32:10.185]     INFO:         ctr: 4
[10:32:10.185]     INFO:         sda: 19
[10:32:10.185]     INFO:         tin: 9
[10:32:10.185]     INFO:         level: 15
[10:32:10.185]     INFO:         triggerdelay: 0
[10:32:10.185]    QUIET: Instanciating API for pxar prod-12
[10:32:10.185]     INFO: Log level: INFO
[10:32:10.196]    QUIET: Connection to board DTB_WRPRHI opened.
[10:32:10.199]     INFO: DTB startup information
--- DTB info------------------------------------------
Board id:    58
HW version:  DTB1.2
FW version:  4.2
SW version:  4.5
USB id:      DTB_WRPRHI
MAC address: 40D85511803A
Hostname:    pixelDTB058
Comment:     
------------------------------------------------------
[10:32:10.202]     INFO: RPC call hashes of host and DTB match: 398089610
[10:32:11.868]     INFO: DUT info: 
[10:32:11.868]     INFO: The DUT currently contains the following objects:
[10:32:11.868]     INFO:  2 TBM Cores tbm08c (2 ON)
[10:32:11.868]     INFO: 	TBM Core alpha (0): 7 registers set
[10:32:11.868]     INFO: 	TBM Core beta  (1): 7 registers set
[10:32:11.868]     INFO: 16 ROCs psi46digv21respin (16 ON) with 4160 pixelConfigs
[10:32:11.868]     INFO: 	ROC 0: 19 DACs set, Pixels: 0 masked, 0 active.
[10:32:11.868]     INFO: 	ROC 1: 19 DACs set, Pixels: 0 masked, 0 active.
[10:32:11.868]     INFO: 	ROC 2: 19 DACs set, Pixels: 0 masked, 0 active.
[10:32:11.868]     INFO: 	ROC 3: 19 DACs set, Pixels: 0 masked, 0 active.
[10:32:11.868]     INFO: 	ROC 4: 19 DACs set, Pixels: 0 masked, 0 active.
[10:32:11.868]     INFO: 	ROC 5: 19 DACs set, Pixels: 0 masked, 0 active.
[10:32:11.868]     INFO: 	ROC 6: 19 DACs set, Pixels: 0 masked, 0 active.
[10:32:11.868]     INFO: 	ROC 7: 19 DACs set, Pixels: 0 masked, 0 active.
[10:32:11.868]     INFO: 	ROC 8: 19 DACs set, Pixels: 0 masked, 0 active.
[10:32:11.868]     INFO: 	ROC 9: 19 DACs set, Pixels: 0 masked, 0 active.
[10:32:11.868]     INFO: 	ROC 10: 19 DACs set, Pixels: 0 masked, 0 active.
[10:32:11.869]     INFO: 	ROC 11: 19 DACs set, Pixels: 0 masked, 0 active.
[10:32:11.869]     INFO: 	ROC 12: 19 DACs set, Pixels: 0 masked, 0 active.
[10:32:11.869]     INFO: 	ROC 13: 19 DACs set, Pixels: 0 masked, 0 active.
[10:32:11.869]     INFO: 	ROC 14: 19 DACs set, Pixels: 0 masked, 0 active.
[10:32:11.869]     INFO: 	ROC 15: 19 DACs set, Pixels: 0 masked, 0 active.
[10:32:12.509]     INFO: PixTestCmd::init()
[10:32:12.523]     INFO: readGainPedestalParameters ./pa315/phCalibrationFitErr35_C0.dat .. ./pa315/phCalibrationFitErr35_C15.dat
[10:32:12.839]     INFO: readReadbackCal: ./pa315/readbackCal_C0.dat .. ./pa315/readbackCal_C15.dat
[10:32:13.397]    ERROR: <PixMonitorFrame.cc/Update:L124> digital current reading unphysical
[10:32:14.401]    ERROR: <PixMonitorFrame.cc/Update:L124> digital current reading unphysical
[10:32:15.405]    ERROR: <PixMonitorFrame.cc/Update:L124> digital current reading unphysical
[10:32:16.409]    ERROR: <PixMonitorFrame.cc/Update:L124> digital current reading unphysical
[10:32:17.414]    ERROR: <PixMonitorFrame.cc/Update:L124> digital current reading unphysical
[10:32:18.418]    ERROR: <PixMonitorFrame.cc/Update:L124> digital current reading unphysical
[10:32:19.422]    ERROR: <PixMonitorFrame.cc/Update:L124> digital current reading unphysical
[10:32:20.426]    ERROR: <PixMonitorFrame.cc/Update:L124> digital current reading unphysical
[10:32:21.431]    ERROR: <PixMonitorFrame.cc/Update:L124> digital current reading unphysical
[10:32:22.435]    ERROR: <PixMonitorFrame.cc/Update:L124> digital current reading unphysical
[10:32:23.439]    ERROR: <PixMonitorFrame.cc/Update:L124> digital current reading unphysical
[10:32:24.443]    ERROR: <PixMonitorFrame.cc/Update:L124> digital current reading unphysical
[10:32:25.447]    ERROR: <PixMonitorFrame.cc/Update:L124> digital current reading unphysical
[10:32:26.450]    ERROR: <PixMonitorFrame.cc/Update:L124> digital current reading unphysical
[10:32:27.454]    ERROR: <PixMonitorFrame.cc/Update:L124> digital current reading unphysical
[10:32:28.458]    ERROR: <PixMonitorFrame.cc/Update:L124> digital current reading unphysical
[10:32:29.462]    ERROR: <PixMonitorFrame.cc/Update:L124> digital current reading unphysical
[10:32:30.466]    ERROR: <PixMonitorFrame.cc/Update:L124> digital current reading unphysical
[10:32:31.470]    ERROR: <PixMonitorFrame.cc/Update:L124> digital current reading unphysical
[10:32:32.474]    ERROR: <PixMonitorFrame.cc/Update:L124> digital current reading unphysical
[10:32:33.478]    ERROR: <PixMonitorFrame.cc/Update:L124> digital current reading unphysical
[10:32:34.482]    ERROR: <PixMonitorFrame.cc/Update:L124> digital current reading unphysical
[10:32:35.486]    ERROR: <PixMonitorFrame.cc/Update:L124> digital current reading unphysical
[10:32:36.491]    ERROR: <PixMonitorFrame.cc/Update:L124> digital current reading unphysical
[10:32:37.495]    ERROR: <PixMonitorFrame.cc/Update:L124> digital current reading unphysical
[10:32:38.499]    ERROR: <PixMonitorFrame.cc/Update:L124> digital current reading unphysical
[10:32:39.502]    ERROR: <PixMonitorFrame.cc/Update:L124> digital current reading unphysical
[10:32:40.505]    ERROR: <PixMonitorFrame.cc/Update:L124> digital current reading unphysical
[10:32:41.508]    ERROR: <PixMonitorFrame.cc/Update:L124> digital current reading unphysical
[10:32:42.512]    ERROR: <PixMonitorFrame.cc/Update:L124> digital current reading unphysical
[10:32:43.516]    ERROR: <PixMonitorFrame.cc/Update:L124> digital current reading unphysical
[10:32:44.519]    ERROR: <PixMonitorFrame.cc/Update:L124> digital current reading unphysical
[10:32:45.523]    ERROR: <PixMonitorFrame.cc/Update:L124> digital current reading unphysical
[10:32:46.527]    ERROR: <PixMonitorFrame.cc/Update:L124> digital current reading unphysical
[10:32:47.530]    ERROR: <PixMonitorFrame.cc/Update:L124> digital current reading unphysical
[10:32:48.534]    ERROR: <PixMonitorFrame.cc/Update:L124> digital current reading unphysical
[10:32:49.537]    ERROR: <PixMonitorFrame.cc/Update:L124> digital current reading unphysical
[10:32:50.541]    ERROR: <PixMonitorFrame.cc/Update:L124> digital current reading unphysical
[10:32:51.545]    ERROR: <PixMonitorFrame.cc/Update:L124> digital current reading unphysical
[10:32:52.549]    ERROR: <PixMonitorFrame.cc/Update:L124> digital current reading unphysical
[10:32:53.553]    ERROR: <PixMonitorFrame.cc/Update:L124> digital current reading unphysical
[10:32:54.557]    ERROR: <PixMonitorFrame.cc/Update:L124> digital current reading unphysical
[10:32:55.561]    ERROR: <PixMonitorFrame.cc/Update:L124> digital current reading unphysical
[10:32:56.565]    ERROR: <PixMonitorFrame.cc/Update:L124> digital current reading unphysical
[10:32:57.569]    ERROR: <PixMonitorFrame.cc/Update:L124> digital current reading unphysical
[10:32:58.573]    ERROR: <PixMonitorFrame.cc/Update:L124> digital current reading unphysical
[10:32:59.576]    ERROR: <PixMonitorFrame.cc/Update:L124> digital current reading unphysical
[10:33:00.580]    ERROR: <PixMonitorFrame.cc/Update:L124> digital current reading unphysical
[10:33:01.347]     INFO: ######################################################################
[10:33:01.347]     INFO: PixTestScurves::doTest() ntrig = 50
[10:33:01.347]     INFO: ######################################################################
[10:33:01.348]     INFO:    ----------------------------------------------------------------------
[10:33:01.348]     INFO:    PixTestScurves::scurves(Vcal), ntrig = 50, dacs/step = -1, ntrig/step = -1
[10:33:01.348]     INFO:    ----------------------------------------------------------------------
[10:33:01.365]     INFO: ---> dac: Vcal name: scurveVcal ntrig: 50 dacrange: 5 .. 75 (-1/-1) hits flags = 528 (plus default)
[10:33:01.399]     INFO:   dacScan split into 1 runs with ntrig = 50
[10:33:01.399]     INFO:     run 1 of 1
[10:33:01.775]     INFO: Expecting 14768000 events.
[10:34:55.916] CRITICAL: <hal.cc/MultiRocAllPixelsDacScan:L958> Incomplete DAQ data readout! Missing 295360 Events.
[10:34:55.946]    ERROR: <PixMonitorFrame.cc/Update:L124> digital current reading unphysical
[10:34:56.320]     INFO: Expecting 14768000 events.
[10:36:50.268] CRITICAL: <hal.cc/MultiRocAllPixelsDacScan:L958> Incomplete DAQ data readout! Missing 295360 Events.
[10:36:50.459]    ERROR: <PixMonitorFrame.cc/Update:L124> digital current reading unphysical
[10:36:50.833]     INFO: Expecting 14768000 events.
[10:38:44.780] CRITICAL: <hal.cc/MultiRocAllPixelsDacScan:L958> Incomplete DAQ data readout! Missing 295360 Events.
[10:38:44.972]    ERROR: <PixMonitorFrame.cc/Update:L124> digital current reading unphysical
[10:38:45.350]     INFO: Expecting 14768000 events.
[10:40:36.093] CRITICAL: <USBInterface.libftd2xx.cc/FillBuffer:L266> Requested to read 1b, but read 0b - 1b missing!
[10:40:36.093] CRITICAL: <USBInterface.libftd2xx.cc/FillBuffer:L273> FTD2XX error occured: io error
[10:40:36.152]    ERROR: <PixTestScurves.cc/scurves:L262> no scurve result histograms received?!
