[15:53:08.340]     INFO: *** Welcome to pxar ***
[15:53:08.340]     INFO: *** Today: 2016/01/27
[15:53:08.350]     INFO: *** Version: prod-12
[15:53:08.350]     INFO: readRocDacs: ./pa315/dacParameters35_C0.dat .. ./pa315/dacParameters35_C15.dat
[15:53:08.351]     INFO: readTbmDacs: ./pa315/tbmParameters_C0a.dat .. ./pa315/tbmParameters_C0b.dat
[15:53:08.351]     INFO: readMaskFile: ./pa315/defaultMaskFile.dat
[15:53:08.351]     INFO: MASKED Roc 6 col/row: 32 48
[15:53:08.351]     INFO: MASKED Roc 9 col/row: 43 67
[15:53:08.351]     INFO: readTrimFile: ./pa315/trimParameters35_C0.dat .. ./pa315/trimParameters35_C15.dat
[15:53:08.410]     INFO:   masking Roc 6 col/row: 32 48
[15:53:08.439]     INFO:   masking Roc 9 col/row: 43 67
[15:53:08.507]     INFO:         clk: 4
[15:53:08.507]     INFO:         ctr: 4
[15:53:08.507]     INFO:         sda: 19
[15:53:08.507]     INFO:         tin: 9
[15:53:08.507]     INFO:         level: 15
[15:53:08.507]     INFO:         triggerdelay: 0
[15:53:08.507]    QUIET: Instanciating API for pxar prod-12
[15:53:08.507]     INFO: Log level: INFO
[15:53:08.518]    QUIET: Connection to board DTB_WRPRHI opened.
[15:53:08.521]     INFO: DTB startup information
--- DTB info------------------------------------------
Board id:    58
HW version:  DTB1.2
FW version:  4.2
SW version:  4.5
USB id:      DTB_WRPRHI
MAC address: 40D85511803A
Hostname:    pixelDTB058
Comment:     
------------------------------------------------------
[15:53:08.524]     INFO: RPC call hashes of host and DTB match: 398089610
[15:53:10.126]     INFO: DUT info: 
[15:53:10.126]     INFO: The DUT currently contains the following objects:
[15:53:10.126]     INFO:  2 TBM Cores tbm08c (2 ON)
[15:53:10.126]     INFO: 	TBM Core alpha (0): 7 registers set
[15:53:10.126]     INFO: 	TBM Core beta  (1): 7 registers set
[15:53:10.126]     INFO: 16 ROCs psi46digv21respin (16 ON) with 4160 pixelConfigs
[15:53:10.126]     INFO: 	ROC 0: 19 DACs set, Pixels: 0 masked, 0 active.
[15:53:10.126]     INFO: 	ROC 1: 19 DACs set, Pixels: 0 masked, 0 active.
[15:53:10.127]     INFO: 	ROC 2: 19 DACs set, Pixels: 0 masked, 0 active.
[15:53:10.127]     INFO: 	ROC 3: 19 DACs set, Pixels: 0 masked, 0 active.
[15:53:10.127]     INFO: 	ROC 4: 19 DACs set, Pixels: 0 masked, 0 active.
[15:53:10.127]     INFO: 	ROC 5: 19 DACs set, Pixels: 0 masked, 0 active.
[15:53:10.127]     INFO: 	ROC 6: 19 DACs set, Pixels: 1 masked, 0 active.
[15:53:10.127]     INFO: 	ROC 7: 19 DACs set, Pixels: 0 masked, 0 active.
[15:53:10.127]     INFO: 	ROC 8: 19 DACs set, Pixels: 0 masked, 0 active.
[15:53:10.127]     INFO: 	ROC 9: 19 DACs set, Pixels: 1 masked, 0 active.
[15:53:10.127]     INFO: 	ROC 10: 19 DACs set, Pixels: 0 masked, 0 active.
[15:53:10.127]     INFO: 	ROC 11: 19 DACs set, Pixels: 0 masked, 0 active.
[15:53:10.127]     INFO: 	ROC 12: 19 DACs set, Pixels: 0 masked, 0 active.
[15:53:10.127]     INFO: 	ROC 13: 19 DACs set, Pixels: 0 masked, 0 active.
[15:53:10.127]     INFO: 	ROC 14: 19 DACs set, Pixels: 0 masked, 0 active.
[15:53:10.127]     INFO: 	ROC 15: 19 DACs set, Pixels: 0 masked, 0 active.
[15:53:10.732]     INFO: PixTestCmd::init()
[15:53:10.741]     INFO: readGainPedestalParameters ./pa315/phCalibrationFitErr35_C0.dat .. ./pa315/phCalibrationFitErr35_C15.dat
[15:53:11.050]     INFO: readReadbackCal: ./pa315/readbackCal_C0.dat .. ./pa315/readbackCal_C15.dat
[15:53:35.714]     INFO:    ----------------------------------------------------------------------
[15:53:35.714]     INFO:    PixTestHighRate::calDelScan() ntrig = 10, vcal = 200
[15:53:35.714]     INFO:    ----------------------------------------------------------------------
[15:53:35.855]     INFO: Expecting 768 events.
[15:53:36.992]     INFO: 768 events read in total (419ms).
[15:53:37.181]     INFO: Test took 1461ms.
[15:53:37.185]     INFO: ROC 6 masking pixel 32/48
[15:53:37.185]     INFO: ROC 9 masking pixel 43/67
[15:53:37.856]     INFO: Expecting 41600 events.
[15:53:41.462]     INFO: 41600 events read in total (3080ms).
[15:53:41.466]     INFO: Test took 4278ms.
[15:53:41.581]     INFO: Fetched DAQ statistics. Counters are being reset now.
[15:53:42.299]     INFO: Expecting 41600 events.
[15:53:45.983]     INFO: 41600 events read in total (3157ms).
[15:53:45.988]     INFO: Test took 4354ms.
[15:53:46.103]     INFO: Fetched DAQ statistics. Counters are being reset now.
[15:53:46.822]     INFO: Expecting 41600 events.
[15:53:50.548]     INFO: 41600 events read in total (3199ms).
[15:53:50.553]     INFO: Test took 4396ms.
[15:53:50.667]     INFO: Fetched DAQ statistics. Counters are being reset now.
[15:53:51.386]     INFO: Expecting 41600 events.
[15:53:55.124]     INFO: 41600 events read in total (3212ms).
[15:53:55.128]     INFO: Test took 4408ms.
[15:53:55.242]     INFO: Fetched DAQ statistics. Counters are being reset now.
[15:53:55.961]     INFO: Expecting 41600 events.
[15:53:59.712]     INFO: 41600 events read in total (3225ms).
[15:53:59.716]     INFO: Test took 4421ms.
[15:53:59.885]     INFO: Fetched DAQ statistics. Counters are being reset now.
[15:54:00.604]     INFO: Expecting 41600 events.
[15:54:04.342]     INFO: 41600 events read in total (3211ms).
[15:54:04.347]     INFO: Test took 4408ms.
[15:54:04.463]     INFO: Fetched DAQ statistics. Counters are being reset now.
[15:54:05.182]     INFO: Expecting 41600 events.
[15:54:08.929]     INFO: 41600 events read in total (3221ms).
[15:54:08.934]     INFO: Test took 4417ms.
[15:54:09.047]     INFO: Fetched DAQ statistics. Counters are being reset now.
[15:54:09.765]     INFO: Expecting 41600 events.
[15:54:13.522]     INFO: 41600 events read in total (3231ms).
[15:54:13.526]     INFO: Test took 4426ms.
[15:54:13.640]     INFO: Fetched DAQ statistics. Counters are being reset now.
[15:54:14.358]     INFO: Expecting 41600 events.
[15:54:18.105]     INFO: 41600 events read in total (3221ms).
[15:54:18.109]     INFO: Test took 4416ms.
[15:54:18.222]     INFO: Fetched DAQ statistics. Counters are being reset now.
[15:54:18.941]     INFO: Expecting 41600 events.
[15:54:22.699]     INFO: 41600 events read in total (3231ms).
[15:54:22.703]     INFO: Test took 4427ms.
[15:54:22.846]     INFO: Fetched DAQ statistics. Counters are being reset now.
[15:54:23.567]     INFO: Expecting 41600 events.
[15:54:27.324]     INFO: 41600 events read in total (3230ms).
[15:54:27.329]     INFO: Test took 4428ms.
[15:54:27.442]     INFO: Fetched DAQ statistics. Counters are being reset now.
[15:54:28.161]     INFO: Expecting 41600 events.
[15:54:31.909]     INFO: 41600 events read in total (3222ms).
[15:54:31.913]     INFO: Test took 4417ms.
[15:54:32.061]     INFO: Fetched DAQ statistics. Counters are being reset now.
[15:54:32.779]     INFO: Expecting 41600 events.
[15:54:36.529]     INFO: 41600 events read in total (3224ms).
[15:54:36.533]     INFO: Test took 4419ms.
[15:54:36.647]     INFO: Fetched DAQ statistics. Counters are being reset now.
[15:54:37.366]     INFO: Expecting 41600 events.
[15:54:41.110]     INFO: 41600 events read in total (3217ms).
[15:54:41.115]     INFO: Test took 4414ms.
[15:54:41.227]     INFO: Fetched DAQ statistics. Counters are being reset now.
[15:54:41.946]     INFO: Expecting 41600 events.
[15:54:45.694]     INFO: 41600 events read in total (3221ms).
[15:54:45.698]     INFO: Test took 4418ms.
[15:54:45.813]     INFO: Fetched DAQ statistics. Counters are being reset now.
[15:54:46.534]     INFO: Expecting 41600 events.
[15:54:50.280]     INFO: 41600 events read in total (3220ms).
[15:54:50.285]     INFO: Test took 4416ms.
[15:54:50.400]     INFO: Fetched DAQ statistics. Counters are being reset now.
[15:54:51.118]     INFO: Expecting 41600 events.
[15:54:54.854]     INFO: 41600 events read in total (3209ms).
[15:54:54.858]     INFO: Test took 4405ms.
[15:54:55.003]     INFO: Fetched DAQ statistics. Counters are being reset now.
[15:54:55.722]     INFO: Expecting 41600 events.
[15:54:59.452]     INFO: 41600 events read in total (3204ms).
[15:54:59.456]     INFO: Test took 4401ms.
[15:54:59.566]     INFO: Fetched DAQ statistics. Counters are being reset now.
[15:55:00.285]     INFO: Expecting 41600 events.
[15:55:03.983]     INFO: 41600 events read in total (3171ms).
[15:55:03.988]     INFO: Test took 4368ms.
[15:55:04.101]     INFO: Fetched DAQ statistics. Counters are being reset now.
[15:55:04.820]     INFO: Expecting 41600 events.
[15:55:08.363]     INFO: 41600 events read in total (3016ms).
[15:55:08.367]     INFO: Test took 4212ms.
[15:55:08.479]     INFO: Fetched DAQ statistics. Counters are being reset now.
[15:56:27.642]     INFO:    ----------------------------------------------------------------------
[15:56:27.642]     INFO:    PixTestHighRate::xPixelAlive() ntrig = 50, vcal = 200
[15:56:27.642]     INFO:    ----------------------------------------------------------------------
[15:56:27.685]     INFO: ROC 6 masking pixel 32/48
[15:56:27.685]     INFO: ROC 9 masking pixel 43/67
[15:56:28.353]     INFO: Expecting 208000 events.
[15:56:43.320]     INFO: 208000 events read in total (14440ms).
[15:56:43.336]     INFO: Test took 15651ms.
[15:56:43.982]     INFO: Fetched DAQ statistics. Counters are being reset now.
[15:56:44.418]     INFO: number of dead pixels (per ROC):     0    0    0    0    2    0    1    0    0    3    0    0    0    0    0    0
[15:56:44.418]     INFO: number of red-efficiency pixels:   169  117  265  398  477  448  417  371  426  473  514  447  438  288  132  118
[15:56:44.418]     INFO: number of X-ray hits detected:    125168 87044 147820 224595 235880 238975 224427 211839 227553 242233 249232 226510 227563 152131 87230 102761
[15:56:44.418]     INFO: number of triggers sent (total per ROC):  208000 208000 208000 208000 208000 208000 208000 208000 208000 208000 208000 208000 208000 208000 208000 208000
[15:56:44.418]     INFO: number of Vcal hits detected:  207823 207880 207718 207579 207376 207521 207508 207610 207548 207348 207441 207496 207527 207695 207865 207880
[15:56:44.418]     INFO: Vcal hit fiducial efficiency (%):  99.9 99.9 99.9 99.8 99.8 99.8 99.8 99.8 99.8 99.8 99.7 99.8 99.8 99.9 99.9 99.9
[15:56:44.418]     INFO: Vcal hit overall efficiency (%):  99.9 99.9 99.9 99.8 99.7 99.8 99.8 99.8 99.8 99.7 99.7 99.8 99.8 99.9 99.9 99.9
[15:56:44.418]     INFO: X-ray hit rate [MHz/cm2]:  36.7 25.5 43.3 65.8 69.1 70.0 65.8 62.1 66.7 71.0 73.1 66.4 66.7 44.6 25.6 30.1
[15:56:44.418]     INFO: PixTestHighRate::doXPixelAlive() done
[15:56:44.464]     INFO: PixTest::       pg_setup set to default.
[15:56:52.611]     INFO:    ----------------------------------------------------------------------
[15:56:52.611]     INFO:    PixTestHighRate::runDaq() running for 5 seconds
[15:56:52.611]     INFO:    ----------------------------------------------------------------------
[15:56:52.654]     INFO: ROC 6 masking pixel 32/48
[15:56:52.654]     INFO: ROC 9 masking pixel 43/67
[15:56:53.611]     INFO: PixTestHighRate::doHitMap start TriggerLoop with trigger frequency 20 kHz, period 2011 and duration 5 seconds
[15:56:58.618]     INFO: data taking finished, elapsed time: 5 seconds.
[15:57:02.348]     INFO: PixTest::       pg_setup set to default.
[15:57:02.390]     INFO: Pixels without X-ray hits (per ROC):   130   526   311    36    46    31    38    53    55    32    35    82    42   283   541   145 
[15:57:02.390]     INFO: PixTestHighRate::doRunDaq() done
[15:57:22.928]    QUIET: Connection to board 58 closed.
