[15:48:45.169]     INFO: *** Welcome to pxar ***
[15:48:45.169]     INFO: *** Today: 2016/01/27
[15:48:45.179]     INFO: *** Version: prod-12
[15:48:45.180]     INFO: readRocDacs: ./pa315/dacParameters35_C0.dat .. ./pa315/dacParameters35_C15.dat
[15:48:45.181]     INFO: readTbmDacs: ./pa315/tbmParameters_C0a.dat .. ./pa315/tbmParameters_C0b.dat
[15:48:45.181]     INFO: readMaskFile: ./pa315/defaultMaskFile.dat
[15:48:45.181]     INFO: MASKED Roc 6 col/row: 32 48
[15:48:45.181]     INFO: MASKED Roc 9 col/row: 43 67
[15:48:45.181]     INFO: readTrimFile: ./pa315/trimParameters35_C0.dat .. ./pa315/trimParameters35_C15.dat
[15:48:45.241]     INFO:   masking Roc 6 col/row: 32 48
[15:48:45.271]     INFO:   masking Roc 9 col/row: 43 67
[15:48:45.339]     INFO:         clk: 4
[15:48:45.339]     INFO:         ctr: 4
[15:48:45.339]     INFO:         sda: 19
[15:48:45.339]     INFO:         tin: 9
[15:48:45.339]     INFO:         level: 15
[15:48:45.339]     INFO:         triggerdelay: 0
[15:48:45.339]    QUIET: Instanciating API for pxar prod-12
[15:48:45.339]     INFO: Log level: INFO
[15:48:45.351]    QUIET: Connection to board DTB_WRPRHI opened.
[15:48:45.354]     INFO: DTB startup information
--- DTB info------------------------------------------
Board id:    58
HW version:  DTB1.2
FW version:  4.2
SW version:  4.5
USB id:      DTB_WRPRHI
MAC address: 40D85511803A
Hostname:    pixelDTB058
Comment:     
------------------------------------------------------
[15:48:45.357]     INFO: RPC call hashes of host and DTB match: 398089610
[15:48:46.961]     INFO: DUT info: 
[15:48:46.961]     INFO: The DUT currently contains the following objects:
[15:48:46.961]     INFO:  2 TBM Cores tbm08c (2 ON)
[15:48:46.961]     INFO: 	TBM Core alpha (0): 7 registers set
[15:48:46.961]     INFO: 	TBM Core beta  (1): 7 registers set
[15:48:46.961]     INFO: 16 ROCs psi46digv21respin (16 ON) with 4160 pixelConfigs
[15:48:46.961]     INFO: 	ROC 0: 19 DACs set, Pixels: 0 masked, 0 active.
[15:48:46.961]     INFO: 	ROC 1: 19 DACs set, Pixels: 0 masked, 0 active.
[15:48:46.961]     INFO: 	ROC 2: 19 DACs set, Pixels: 0 masked, 0 active.
[15:48:46.961]     INFO: 	ROC 3: 19 DACs set, Pixels: 0 masked, 0 active.
[15:48:46.961]     INFO: 	ROC 4: 19 DACs set, Pixels: 0 masked, 0 active.
[15:48:46.961]     INFO: 	ROC 5: 19 DACs set, Pixels: 0 masked, 0 active.
[15:48:46.961]     INFO: 	ROC 6: 19 DACs set, Pixels: 1 masked, 0 active.
[15:48:46.961]     INFO: 	ROC 7: 19 DACs set, Pixels: 0 masked, 0 active.
[15:48:46.961]     INFO: 	ROC 8: 19 DACs set, Pixels: 0 masked, 0 active.
[15:48:46.961]     INFO: 	ROC 9: 19 DACs set, Pixels: 1 masked, 0 active.
[15:48:46.961]     INFO: 	ROC 10: 19 DACs set, Pixels: 0 masked, 0 active.
[15:48:46.961]     INFO: 	ROC 11: 19 DACs set, Pixels: 0 masked, 0 active.
[15:48:46.961]     INFO: 	ROC 12: 19 DACs set, Pixels: 0 masked, 0 active.
[15:48:46.961]     INFO: 	ROC 13: 19 DACs set, Pixels: 0 masked, 0 active.
[15:48:46.961]     INFO: 	ROC 14: 19 DACs set, Pixels: 0 masked, 0 active.
[15:48:46.961]     INFO: 	ROC 15: 19 DACs set, Pixels: 0 masked, 0 active.
[15:48:47.565]     INFO: PixTestCmd::init()
[15:48:47.570]     INFO: readGainPedestalParameters ./pa315/phCalibrationFitErr35_C0.dat .. ./pa315/phCalibrationFitErr35_C15.dat
[15:48:47.875]     INFO: readReadbackCal: ./pa315/readbackCal_C0.dat .. ./pa315/readbackCal_C15.dat
[15:49:21.650]     INFO:    ----------------------------------------------------------------------
[15:49:21.650]     INFO:    PixTestHighRate::calDelScan() ntrig = 10, vcal = 200
[15:49:21.650]     INFO:    ----------------------------------------------------------------------
[15:49:21.791]     INFO: Expecting 768 events.
[15:49:22.929]     INFO: 768 events read in total (420ms).
[15:49:23.118]     INFO: Test took 1462ms.
[15:49:23.121]     INFO: ROC 6 masking pixel 32/48
[15:49:23.121]     INFO: ROC 9 masking pixel 43/67
[15:49:23.793]     INFO: Expecting 41600 events.
[15:49:27.692]     INFO: 41600 events read in total (3372ms).
[15:49:27.697]     INFO: Test took 4573ms.
[15:49:27.850]     INFO: Fetched DAQ statistics. Counters are being reset now.
[15:49:28.581]     INFO: Expecting 41600 events.
[15:49:32.577]     INFO: 41600 events read in total (3469ms).
[15:49:32.583]     INFO: Test took 4667ms.
[15:49:32.732]     INFO: Fetched DAQ statistics. Counters are being reset now.
[15:49:33.466]     INFO: Expecting 41600 events.
[15:49:37.487]     INFO: 41600 events read in total (3494ms).
[15:49:37.493]     INFO: Test took 4692ms.
[15:49:37.645]     INFO: Fetched DAQ statistics. Counters are being reset now.
[15:49:38.378]     INFO: Expecting 41600 events.
[15:49:42.401]     INFO: 41600 events read in total (3496ms).
[15:49:42.407]     INFO: Test took 4694ms.
[15:49:42.554]     INFO: Fetched DAQ statistics. Counters are being reset now.
[15:49:43.287]     INFO: Expecting 41600 events.
[15:49:47.343]     INFO: 41600 events read in total (3529ms).
[15:49:47.348]     INFO: Test took 4726ms.
[15:49:47.501]     INFO: Fetched DAQ statistics. Counters are being reset now.
[15:49:48.244]     INFO: Expecting 41600 events.
[15:49:52.302]     INFO: 41600 events read in total (3532ms).
[15:49:52.307]     INFO: Test took 4730ms.
[15:49:52.457]     INFO: Fetched DAQ statistics. Counters are being reset now.
[15:49:53.192]     INFO: Expecting 41600 events.
[15:49:57.251]     INFO: 41600 events read in total (3533ms).
[15:49:57.256]     INFO: Test took 4729ms.
[15:49:57.406]     INFO: Fetched DAQ statistics. Counters are being reset now.
[15:49:58.142]     INFO: Expecting 41600 events.
[15:50:02.196]     INFO: 41600 events read in total (3527ms).
[15:50:02.201]     INFO: Test took 4724ms.
[15:50:02.352]     INFO: Fetched DAQ statistics. Counters are being reset now.
[15:50:03.088]     INFO: Expecting 41600 events.
[15:50:07.160]     INFO: 41600 events read in total (3545ms).
[15:50:07.166]     INFO: Test took 4743ms.
[15:50:07.318]     INFO: Fetched DAQ statistics. Counters are being reset now.
[15:50:08.052]     INFO: Expecting 41600 events.
[15:50:12.104]     INFO: 41600 events read in total (3525ms).
[15:50:12.110]     INFO: Test took 4723ms.
[15:50:12.264]     INFO: Fetched DAQ statistics. Counters are being reset now.
[15:50:12.996]     INFO: Expecting 41600 events.
[15:50:17.070]     INFO: 41600 events read in total (3548ms).
[15:50:17.076]     INFO: Test took 4745ms.
[15:50:17.225]     INFO: Fetched DAQ statistics. Counters are being reset now.
[15:50:17.960]     INFO: Expecting 41600 events.
[15:50:22.031]     INFO: 41600 events read in total (3545ms).
[15:50:22.037]     INFO: Test took 4743ms.
[15:50:22.192]     INFO: Fetched DAQ statistics. Counters are being reset now.
[15:50:22.926]     INFO: Expecting 41600 events.
[15:50:26.999]     INFO: 41600 events read in total (3546ms).
[15:50:27.005]     INFO: Test took 4744ms.
[15:50:27.156]     INFO: Fetched DAQ statistics. Counters are being reset now.
[15:50:27.892]     INFO: Expecting 41600 events.
[15:50:31.970]     INFO: 41600 events read in total (3552ms).
[15:50:31.976]     INFO: Test took 4749ms.
[15:50:32.131]     INFO: Fetched DAQ statistics. Counters are being reset now.
[15:50:32.865]     INFO: Expecting 41600 events.
[15:50:36.936]     INFO: 41600 events read in total (3544ms).
[15:50:36.942]     INFO: Test took 4742ms.
[15:50:37.096]     INFO: Fetched DAQ statistics. Counters are being reset now.
[15:50:37.829]     INFO: Expecting 41600 events.
[15:50:41.900]     INFO: 41600 events read in total (3544ms).
[15:50:41.906]     INFO: Test took 4742ms.
[15:50:42.056]     INFO: Fetched DAQ statistics. Counters are being reset now.
[15:50:42.791]     INFO: Expecting 41600 events.
[15:50:46.867]     INFO: 41600 events read in total (3550ms).
[15:50:46.873]     INFO: Test took 4747ms.
[15:50:47.022]     INFO: Fetched DAQ statistics. Counters are being reset now.
[15:50:47.756]     INFO: Expecting 41600 events.
[15:50:51.830]     INFO: 41600 events read in total (3547ms).
[15:50:51.836]     INFO: Test took 4745ms.
[15:50:51.987]     INFO: Fetched DAQ statistics. Counters are being reset now.
[15:50:52.722]     INFO: Expecting 41600 events.
[15:50:56.750]     INFO: 41600 events read in total (3501ms).
[15:50:56.756]     INFO: Test took 4699ms.
[15:50:56.905]     INFO: Fetched DAQ statistics. Counters are being reset now.
[15:50:57.640]     INFO: Expecting 41600 events.
[15:51:01.501]     INFO: 41600 events read in total (3334ms).
[15:51:01.507]     INFO: Test took 4532ms.
[15:51:01.657]     INFO: Fetched DAQ statistics. Counters are being reset now.
[15:51:13.090]     INFO:    ----------------------------------------------------------------------
[15:51:13.090]     INFO:    PixTestHighRate::xPixelAlive() ntrig = 50, vcal = 200
[15:51:13.090]     INFO:    ----------------------------------------------------------------------
[15:51:13.133]     INFO: ROC 6 masking pixel 32/48
[15:51:13.133]     INFO: ROC 9 masking pixel 43/67
[15:51:13.802]     INFO: Expecting 208000 events.
[15:51:30.978]     INFO: 208000 events read in total (16649ms).
[15:51:31.001]     INFO: Test took 17867ms.
[15:51:31.839]     INFO: Fetched DAQ statistics. Counters are being reset now.
[15:51:32.356]     INFO: number of dead pixels (per ROC):     0    0    0    0    2    0    1    0    0    3    0    0    0    0    0    0
[15:51:32.356]     INFO: number of red-efficiency pixels:   284  222  438  837  835  876  812  678  782  978  983  815  805  515  201  249
[15:51:32.356]     INFO: number of X-ray hits detected:    176658 122675 207853 315117 331745 336900 316057 297975 319159 342260 349966 318242 317770 214026 122690 143674
[15:51:32.356]     INFO: number of triggers sent (total per ROC):  208000 208000 208000 208000 208000 208000 208000 208000 208000 208000 208000 208000 208000 208000 208000 208000
[15:51:32.356]     INFO: number of Vcal hits detected:  207701 207759 207503 207057 206905 206997 207027 207240 207098 206719 206826 207071 207069 207403 207781 207741
[15:51:32.356]     INFO: Vcal hit fiducial efficiency (%):  99.9 99.9 99.8 99.6 99.6 99.6 99.6 99.7 99.6 99.5 99.5 99.6 99.6 99.7 99.9 99.9
[15:51:32.356]     INFO: Vcal hit overall efficiency (%):  99.9 99.9 99.8 99.5 99.5 99.5 99.5 99.6 99.6 99.4 99.4 99.6 99.6 99.7 99.9 99.9
[15:51:32.356]     INFO: X-ray hit rate [MHz/cm2]:  51.8 36.0 60.9 92.4 97.2 98.7 92.6 87.3 93.5 100.3 102.6 93.3 93.1 62.7 36.0 42.1
[15:51:32.356]     INFO: PixTestHighRate::doXPixelAlive() done
[15:51:32.401]     INFO: PixTest::       pg_setup set to default.
[15:52:12.627]     INFO:    ----------------------------------------------------------------------
[15:52:12.627]     INFO:    PixTestHighRate::runDaq() running for 5 seconds
[15:52:12.627]     INFO:    ----------------------------------------------------------------------
[15:52:12.670]     INFO: ROC 6 masking pixel 32/48
[15:52:12.670]     INFO: ROC 9 masking pixel 43/67
[15:52:13.628]     INFO: PixTestHighRate::doHitMap start TriggerLoop with trigger frequency 20 kHz, period 2011 and duration 5 seconds
[15:52:18.635]     INFO: data taking finished, elapsed time: 5 seconds.
[15:52:23.051]     INFO: PixTest::       pg_setup set to default.
[15:52:23.094]     INFO: Pixels without X-ray hits (per ROC):    57   358   231    20    22    17    27    26    28    21    15    54    31   191   380    68 
[15:52:23.094]     INFO: PixTestHighRate::doRunDaq() done
[15:52:58.150]    QUIET: Connection to board 58 closed.
