[11:07:10.860]     INFO: *** Welcome to pxar ***
[11:07:10.860]     INFO: *** Today: 2016/01/12
[11:07:10.871]     INFO: *** Version: prod-12
[11:07:10.871]     INFO: readRocDacs: data/mh123/M-H-1-23_ElComandanteTest_2016-01-07_10h44m_1452185090/000_FPIXTest_p17/dacParameters35_C0.dat .. data/mh123/M-H-1-23_ElComandanteTest_2016-01-07_10h44m_1452185090/000_FPIXTest_p17/dacParameters35_C15.dat
[11:07:10.872]     INFO: readTbmDacs: data/mh123/M-H-1-23_ElComandanteTest_2016-01-07_10h44m_1452185090/000_FPIXTest_p17/tbmParameters_C0a.dat .. data/mh123/M-H-1-23_ElComandanteTest_2016-01-07_10h44m_1452185090/000_FPIXTest_p17/tbmParameters_C0b.dat
[11:07:10.872]     INFO: readMaskFile: data/mh123/M-H-1-23_ElComandanteTest_2016-01-07_10h44m_1452185090/000_FPIXTest_p17/defaultMaskFile.dat
[11:07:10.872]     INFO: MASKED Roc 2 col/row: 6 57
[11:07:10.873]     INFO: MASKED Roc 2 col/row: 41 28
[11:07:10.873]     INFO: readTrimFile: data/mh123/M-H-1-23_ElComandanteTest_2016-01-07_10h44m_1452185090/000_FPIXTest_p17/trimParameters35_C0.dat .. data/mh123/M-H-1-23_ElComandanteTest_2016-01-07_10h44m_1452185090/000_FPIXTest_p17/trimParameters35_C15.dat
[11:07:10.895]     INFO:   masking Roc 2 col/row: 6 57
[11:07:10.896]     INFO:   masking Roc 2 col/row: 41 28
[11:07:11.029]     INFO:         clk: 4
[11:07:11.029]     INFO:         ctr: 4
[11:07:11.029]     INFO:         sda: 19
[11:07:11.029]     INFO:         tin: 9
[11:07:11.029]     INFO:         level: 15
[11:07:11.029]     INFO:         triggerdelay: 0
[11:07:11.029]    QUIET: Instanciating API for pxar prod-12
[11:07:11.029]     INFO: Log level: DEBUG
[11:07:11.040]    QUIET: Connection to board DTB_WRPRHI opened.
[11:07:11.044]     INFO: DTB startup information
--- DTB info------------------------------------------
Board id:    58
HW version:  DTB1.2
FW version:  4.2
SW version:  4.5
USB id:      DTB_WRPRHI
MAC address: 40D85511803A
Hostname:    pixelDTB058
Comment:     
------------------------------------------------------
[11:07:11.046]     INFO: RPC call hashes of host and DTB match: 398089610
[11:07:12.652]     INFO: DUT info: 
[11:07:12.652]     INFO: The DUT currently contains the following objects:
[11:07:12.652]     INFO:  2 TBM Cores tbm08c (2 ON)
[11:07:12.652]     INFO: 	TBM Core alpha (0): 7 registers set
[11:07:12.652]     INFO: 	TBM Core beta  (1): 7 registers set
[11:07:12.652]     INFO: 16 ROCs psi46digv21respin (16 ON) with 4160 pixelConfigs
[11:07:12.652]     INFO: 	ROC 0: 19 DACs set, Pixels: 0 masked, 0 active.
[11:07:12.652]     INFO: 	ROC 1: 19 DACs set, Pixels: 0 masked, 0 active.
[11:07:12.652]     INFO: 	ROC 2: 19 DACs set, Pixels: 2 masked, 0 active.
[11:07:12.652]     INFO: 	ROC 3: 19 DACs set, Pixels: 0 masked, 0 active.
[11:07:12.652]     INFO: 	ROC 4: 19 DACs set, Pixels: 0 masked, 0 active.
[11:07:12.652]     INFO: 	ROC 5: 19 DACs set, Pixels: 0 masked, 0 active.
[11:07:12.652]     INFO: 	ROC 6: 19 DACs set, Pixels: 0 masked, 0 active.
[11:07:12.652]     INFO: 	ROC 7: 19 DACs set, Pixels: 0 masked, 0 active.
[11:07:12.652]     INFO: 	ROC 8: 19 DACs set, Pixels: 0 masked, 0 active.
[11:07:12.652]     INFO: 	ROC 9: 19 DACs set, Pixels: 0 masked, 0 active.
[11:07:12.652]     INFO: 	ROC 10: 19 DACs set, Pixels: 0 masked, 0 active.
[11:07:12.652]     INFO: 	ROC 11: 19 DACs set, Pixels: 0 masked, 0 active.
[11:07:12.652]     INFO: 	ROC 12: 19 DACs set, Pixels: 0 masked, 0 active.
[11:07:12.652]     INFO: 	ROC 13: 19 DACs set, Pixels: 0 masked, 0 active.
[11:07:12.652]     INFO: 	ROC 14: 19 DACs set, Pixels: 0 masked, 0 active.
[11:07:12.653]     INFO: 	ROC 15: 19 DACs set, Pixels: 0 masked, 0 active.
[11:07:12.653]    DEBUG: <PixTestParameters.cc/dump:L104> PixTestParameters: ->BB<-
[11:07:12.653]    DEBUG: <PixTestParameters.cc/dump:L107>   dumpall: checkbox(0)
[11:07:12.653]    DEBUG: <PixTestParameters.cc/dump:L107>   dumpproblematic: checkbox(0)
[11:07:12.653]    DEBUG: <PixTestParameters.cc/dump:L107>   ntrig: 5
[11:07:12.653]    DEBUG: <PixTestParameters.cc/dump:L107>   vcals: 250
[11:07:12.653]    DEBUG: <PixTestParameters.cc/dump:L104> PixTestParameters: ->BB2<-
[11:07:12.653]    DEBUG: <PixTestParameters.cc/dump:L107>   ntrig: 10
[11:07:12.653]    DEBUG: <PixTestParameters.cc/dump:L107>   vcals: 222
[11:07:12.653]    DEBUG: <PixTestParameters.cc/dump:L107>   plwidth: 35
[11:07:12.653]    DEBUG: <PixTestParameters.cc/dump:L107>   pix: 11,20
[11:07:12.653]    DEBUG: <PixTestParameters.cc/dump:L107>   targetia: 24
[11:07:12.653]    DEBUG: <PixTestParameters.cc/dump:L104> PixTestParameters: ->BB3<-
[11:07:12.653]    DEBUG: <PixTestParameters.cc/dump:L107>   dumpall: checkbox(0)
[11:07:12.653]    DEBUG: <PixTestParameters.cc/dump:L107>   dumpproblematic: checkbox(0)
[11:07:12.653]    DEBUG: <PixTestParameters.cc/dump:L107>   ntrig: 5
[11:07:12.653]    DEBUG: <PixTestParameters.cc/dump:L107>   vcals: 250
[11:07:12.653]    DEBUG: <PixTestParameters.cc/dump:L104> PixTestParameters: ->BB4<-
[11:07:12.653]    DEBUG: <PixTestParameters.cc/dump:L107>   savecaldelscan: checkbox(0)
[11:07:12.653]    DEBUG: <PixTestParameters.cc/dump:L107>   ntrig: 100
[11:07:12.653]    DEBUG: <PixTestParameters.cc/dump:L107>   cals: 1
[11:07:12.653]    DEBUG: <PixTestParameters.cc/dump:L107>   caldello: 80
[11:07:12.653]    DEBUG: <PixTestParameters.cc/dump:L107>   caldelhi: 200
[11:07:12.653]    DEBUG: <PixTestParameters.cc/dump:L107>   caldelstep: 10
[11:07:12.653]    DEBUG: <PixTestParameters.cc/dump:L107>   vthrcomplo: 70
[11:07:12.653]    DEBUG: <PixTestParameters.cc/dump:L107>   vthrcomphi: 130
[11:07:12.653]    DEBUG: <PixTestParameters.cc/dump:L107>   vthrcompstep: 5
[11:07:12.653]    DEBUG: <PixTestParameters.cc/dump:L107>   noisypixels: 10
[11:07:12.653]    DEBUG: <PixTestParameters.cc/dump:L107>   vcal: 255
[11:07:12.653]    DEBUG: <PixTestParameters.cc/dump:L107>   cut: 0.5
[11:07:12.653]    DEBUG: <PixTestParameters.cc/dump:L104> PixTestParameters: ->Cmd<-
[11:07:12.653]    DEBUG: <PixTestParameters.cc/dump:L104> PixTestParameters: ->DAQ<-
[11:07:12.653]    DEBUG: <PixTestParameters.cc/dump:L107>   delaytbm: checkbox
[11:07:12.653]    DEBUG: <PixTestParameters.cc/dump:L107>   filltree: checkbox
[11:07:12.653]    DEBUG: <PixTestParameters.cc/dump:L107>   trgfrequency(khz): 100
[11:07:12.654]    DEBUG: <PixTestParameters.cc/dump:L107>   maskhotpixels: button
[11:07:12.654]    DEBUG: <PixTestParameters.cc/dump:L107>   trgnumber: 5
[11:07:12.654]    DEBUG: <PixTestParameters.cc/dump:L107>   iterations: 10
[11:07:12.654]    DEBUG: <PixTestParameters.cc/dump:L107>   rundaqtrg: button
[11:07:12.654]    DEBUG: <PixTestParameters.cc/dump:L107>   daqseconds: 5
[11:07:12.654]    DEBUG: <PixTestParameters.cc/dump:L107>   rundaqseconds: button
[11:07:12.654]    DEBUG: <PixTestParameters.cc/dump:L104> PixTestParameters: ->DacDacScan<-
[11:07:12.654]    DEBUG: <PixTestParameters.cc/dump:L107>   phmap: checkbox
[11:07:12.654]    DEBUG: <PixTestParameters.cc/dump:L107>   ntrig: 10
[11:07:12.654]    DEBUG: <PixTestParameters.cc/dump:L107>   dac1: caldel
[11:07:12.654]    DEBUG: <PixTestParameters.cc/dump:L107>   dac1lo: 0
[11:07:12.654]    DEBUG: <PixTestParameters.cc/dump:L107>   dac1hi: 255
[11:07:12.654]    DEBUG: <PixTestParameters.cc/dump:L107>   dac2: vthrcomp
[11:07:12.654]    DEBUG: <PixTestParameters.cc/dump:L107>   dac2lo: 0
[11:07:12.654]    DEBUG: <PixTestParameters.cc/dump:L107>   dac2hi: 255
[11:07:12.654]    DEBUG: <PixTestParameters.cc/dump:L107>   pix: 11,20
[11:07:12.654]    DEBUG: <PixTestParameters.cc/dump:L104> PixTestParameters: ->DacScan<-
[11:07:12.654]    DEBUG: <PixTestParameters.cc/dump:L107>   phmap: checkbox(1)
[11:07:12.654]    DEBUG: <PixTestParameters.cc/dump:L107>   allpixels: checkbox(0)
[11:07:12.654]    DEBUG: <PixTestParameters.cc/dump:L107>   unmasked: checkbox(0)
[11:07:12.654]    DEBUG: <PixTestParameters.cc/dump:L107>   ntrig: 10
[11:07:12.654]    DEBUG: <PixTestParameters.cc/dump:L107>   dac: vcal
[11:07:12.654]    DEBUG: <PixTestParameters.cc/dump:L107>   daclo: 0
[11:07:12.654]    DEBUG: <PixTestParameters.cc/dump:L107>   dachi: 255
[11:07:12.654]    DEBUG: <PixTestParameters.cc/dump:L107>   pix: 11,20
[11:07:12.654]    DEBUG: <PixTestParameters.cc/dump:L104> PixTestParameters: ->GainPedestal<-
[11:07:12.654]    DEBUG: <PixTestParameters.cc/dump:L107>   showfits: checkbox(0)
[11:07:12.654]    DEBUG: <PixTestParameters.cc/dump:L107>   extended: checkbox(0)
[11:07:12.654]    DEBUG: <PixTestParameters.cc/dump:L107>   dumphists: checkbox(0)
[11:07:12.654]    DEBUG: <PixTestParameters.cc/dump:L107>   ntrig: 10
[11:07:12.654]    DEBUG: <PixTestParameters.cc/dump:L107>   vcalstep: 10
[11:07:12.654]    DEBUG: <PixTestParameters.cc/dump:L107>   measure: button
[11:07:12.654]    DEBUG: <PixTestParameters.cc/dump:L107>   fit: button
[11:07:12.654]    DEBUG: <PixTestParameters.cc/dump:L107>   save: button
[11:07:12.654]    DEBUG: <PixTestParameters.cc/dump:L104> PixTestParameters: ->HighRate<-
[11:07:12.654]    DEBUG: <PixTestParameters.cc/dump:L107>   pix: 11,20
[11:07:12.654]    DEBUG: <PixTestParameters.cc/dump:L107>   trimhotpixels: button
[11:07:12.654]    DEBUG: <PixTestParameters.cc/dump:L107>   trimhotpixelthr: 200
[11:07:12.654]    DEBUG: <PixTestParameters.cc/dump:L107>   runsecondshotpixels: 10
[11:07:12.654]    DEBUG: <PixTestParameters.cc/dump:L107>   savetrimbits: checkbox(1)
[11:07:12.654]    DEBUG: <PixTestParameters.cc/dump:L107>   maskuntrimmable: checkbox(1)
[11:07:12.654]    DEBUG: <PixTestParameters.cc/dump:L107>   maskhotpixels: button
[11:07:12.654]    DEBUG: <PixTestParameters.cc/dump:L107>   savemaskfile: checkbox(0)
[11:07:12.654]    DEBUG: <PixTestParameters.cc/dump:L107>   maskfilename: default
[11:07:12.654]    DEBUG: <PixTestParameters.cc/dump:L107>   caldelscan: button
[11:07:12.654]    DEBUG: <PixTestParameters.cc/dump:L107>   xpixelalive: button
[11:07:12.654]    DEBUG: <PixTestParameters.cc/dump:L107>   ntrig: 50
[11:07:12.654]    DEBUG: <PixTestParameters.cc/dump:L107>   vcal: 200
[11:07:12.654]    DEBUG: <PixTestParameters.cc/dump:L107>   xnoisemaps: button
[11:07:12.654]    DEBUG: <PixTestParameters.cc/dump:L107>   daclo: 0
[11:07:12.654]    DEBUG: <PixTestParameters.cc/dump:L107>   dachi: 100
[11:07:12.654]    DEBUG: <PixTestParameters.cc/dump:L107>   dacs/step: 20
[11:07:12.654]    DEBUG: <PixTestParameters.cc/dump:L107>   rundaq: button
[11:07:12.654]    DEBUG: <PixTestParameters.cc/dump:L107>   trgfrequency(khz): 20
[11:07:12.654]    DEBUG: <PixTestParameters.cc/dump:L107>   runseconds: 2
[11:07:12.654]    DEBUG: <PixTestParameters.cc/dump:L107>   triggerdelay: 20
[11:07:12.654]    DEBUG: <PixTestParameters.cc/dump:L107>   delaytbm: checkbox
[11:07:12.654]    DEBUG: <PixTestParameters.cc/dump:L107>   filltree: checkbox
[11:07:12.654]    DEBUG: <PixTestParameters.cc/dump:L104> PixTestParameters: ->IV<-
[11:07:12.655]    DEBUG: <PixTestParameters.cc/dump:L107>   port: /dev/FIXME
[11:07:12.655]    DEBUG: <PixTestParameters.cc/dump:L107>   voltagestart: 0
[11:07:12.655]    DEBUG: <PixTestParameters.cc/dump:L107>   voltagestop: 600
[11:07:12.655]    DEBUG: <PixTestParameters.cc/dump:L107>   voltagestep: 5
[11:07:12.655]    DEBUG: <PixTestParameters.cc/dump:L107>   delay: 1
[11:07:12.655]    DEBUG: <PixTestParameters.cc/dump:L107>   compliance(ua): 100
[11:07:12.655]    DEBUG: <PixTestParameters.cc/dump:L104> PixTestParameters: ->PhOptimization<-
[11:07:12.655]    DEBUG: <PixTestParameters.cc/dump:L107>   ntrig: 10
[11:07:12.655]    DEBUG: <PixTestParameters.cc/dump:L107>   safetymarginlow: 20
[11:07:12.655]    DEBUG: <PixTestParameters.cc/dump:L107>   saturationvcal: 100
[11:07:12.655]    DEBUG: <PixTestParameters.cc/dump:L107>   quantilesaturation: 0.98
[11:07:12.655]    DEBUG: <PixTestParameters.cc/dump:L104> PixTestParameters: ->PixelAlive<-
[11:07:12.655]    DEBUG: <PixTestParameters.cc/dump:L107>   ntrig: 10
[11:07:12.655]    DEBUG: <PixTestParameters.cc/dump:L107>   vcal: 200
[11:07:12.655]    DEBUG: <PixTestParameters.cc/dump:L107>   alivetest: button
[11:07:12.655]    DEBUG: <PixTestParameters.cc/dump:L107>   masktest: button
[11:07:12.655]    DEBUG: <PixTestParameters.cc/dump:L107>   addressdecodingtest: button
[11:07:12.655]    DEBUG: <PixTestParameters.cc/dump:L104> PixTestParameters: ->Pretest<-
[11:07:12.655]    DEBUG: <PixTestParameters.cc/dump:L107>   programroc: button
[11:07:12.655]    DEBUG: <PixTestParameters.cc/dump:L107>   targetia: 24
[11:07:12.655]    DEBUG: <PixTestParameters.cc/dump:L107>   setvana: button
[11:07:12.655]    DEBUG: <PixTestParameters.cc/dump:L107>   iterations: 100
[11:07:12.655]    DEBUG: <PixTestParameters.cc/dump:L107>   settimings: button
[11:07:12.655]    DEBUG: <PixTestParameters.cc/dump:L107>   findtiming: button
[11:07:12.655]    DEBUG: <PixTestParameters.cc/dump:L107>   findworkingpixel: button
[11:07:12.655]    DEBUG: <PixTestParameters.cc/dump:L107>   setvthrcompcaldel: button
[11:07:12.655]    DEBUG: <PixTestParameters.cc/dump:L107>   pix: 11,20
[11:07:12.655]    DEBUG: <PixTestParameters.cc/dump:L107>   vcal: 250
[11:07:12.655]    DEBUG: <PixTestParameters.cc/dump:L107>   deltavthrcomp: 50
[11:07:12.655]    DEBUG: <PixTestParameters.cc/dump:L107>   fraccaldel: 0.5
[11:07:12.655]    DEBUG: <PixTestParameters.cc/dump:L107>   ntrig: 5
[11:07:12.655]    DEBUG: <PixTestParameters.cc/dump:L107>   savedacs: button
[11:07:12.655]    DEBUG: <PixTestParameters.cc/dump:L104> PixTestParameters: ->Readback<-
[11:07:12.655]    DEBUG: <PixTestParameters.cc/dump:L107>   calibratevd: button
[11:07:12.655]    DEBUG: <PixTestParameters.cc/dump:L107>   calibrateva: button
[11:07:12.655]    DEBUG: <PixTestParameters.cc/dump:L107>   calibrateia: button
[11:07:12.655]    DEBUG: <PixTestParameters.cc/dump:L107>   readbackvbg: button
[11:07:12.655]    DEBUG: <PixTestParameters.cc/dump:L107>   getcalibratedvbg: button
[11:07:12.655]    DEBUG: <PixTestParameters.cc/dump:L107>   usecalvd: checkbox(1)
[11:07:12.655]    DEBUG: <PixTestParameters.cc/dump:L107>   usecalva: checkbox(0)
[11:07:12.655]    DEBUG: <PixTestParameters.cc/dump:L107>   setvana: button
[11:07:12.655]    DEBUG: <PixTestParameters.cc/dump:L104> PixTestParameters: ->Scurves<-
[11:07:12.655]    DEBUG: <PixTestParameters.cc/dump:L107>   adjustvcal: checkbox(0)
[11:07:12.655]    DEBUG: <PixTestParameters.cc/dump:L107>   dumpall: checkbox(0)
[11:07:12.655]    DEBUG: <PixTestParameters.cc/dump:L107>   dumpproblematic: checkbox(0)
[11:07:12.655]    DEBUG: <PixTestParameters.cc/dump:L107>   dumpoutputfile: checkbox(0)
[11:07:12.655]    DEBUG: <PixTestParameters.cc/dump:L107>   ntrig: 50
[11:07:12.655]    DEBUG: <PixTestParameters.cc/dump:L107>   dac: Vcal
[11:07:12.655]    DEBUG: <PixTestParameters.cc/dump:L107>   daclo: 0
[11:07:12.655]    DEBUG: <PixTestParameters.cc/dump:L107>   dachi: 200
[11:07:12.655]    DEBUG: <PixTestParameters.cc/dump:L107>   dacs/step: -1
[11:07:12.655]    DEBUG: <PixTestParameters.cc/dump:L107>   ntrig/step: -1
[11:07:12.655]    DEBUG: <PixTestParameters.cc/dump:L107>   scurves: button
[11:07:12.655]    DEBUG: <PixTestParameters.cc/dump:L104> PixTestParameters: ->Timing<-
[11:07:12.655]    DEBUG: <PixTestParameters.cc/dump:L107>   targetclk: 4
[11:07:12.655]    DEBUG: <PixTestParameters.cc/dump:L107>   ntrig: 10
[11:07:12.655]    DEBUG: <PixTestParameters.cc/dump:L107>   clocksdascan: button
[11:07:12.655]    DEBUG: <PixTestParameters.cc/dump:L107>   notokenpass: checkbox(0)
[11:07:12.655]    DEBUG: <PixTestParameters.cc/dump:L107>   phasescan: button
[11:07:12.656]    DEBUG: <PixTestParameters.cc/dump:L107>   levelscan: button
[11:07:12.656]    DEBUG: <PixTestParameters.cc/dump:L107>   tbmphasescan: button
[11:07:12.656]    DEBUG: <PixTestParameters.cc/dump:L107>   rocdelayscan: button
[11:07:12.656]    DEBUG: <PixTestParameters.cc/dump:L107>   timingtest: button
[11:07:12.656]    DEBUG: <PixTestParameters.cc/dump:L107>   saveparameters: button
[11:07:12.656]    DEBUG: <PixTestParameters.cc/dump:L104> PixTestParameters: ->Trim<-
[11:07:12.656]    DEBUG: <PixTestParameters.cc/dump:L107>   trim: button
[11:07:12.656]    DEBUG: <PixTestParameters.cc/dump:L107>   ntrig: 8
[11:07:12.656]    DEBUG: <PixTestParameters.cc/dump:L107>   vcal: 35
[11:07:12.656]    DEBUG: <PixTestParameters.cc/dump:L107>   trimbits: button
[11:07:12.656]    DEBUG: <PixTestParameters.cc/dump:L104> PixTestParameters: ->Xray<-
[11:07:12.656]    DEBUG: <PixTestParameters.cc/dump:L107>   maskhotpixels: button
[11:07:12.656]    DEBUG: <PixTestParameters.cc/dump:L107>   savemaskfile: checkbox(0)
[11:07:12.656]    DEBUG: <PixTestParameters.cc/dump:L107>   maskfilename: default
[11:07:12.656]    DEBUG: <PixTestParameters.cc/dump:L107>   source: Ag
[11:07:12.656]    DEBUG: <PixTestParameters.cc/dump:L107>   phrun: button
[11:07:12.656]    DEBUG: <PixTestParameters.cc/dump:L107>   runseconds: 100
[11:07:12.656]    DEBUG: <PixTestParameters.cc/dump:L107>   trgfrequency(khz): 100
[11:07:12.656]    DEBUG: <PixTestParameters.cc/dump:L107>   ratescan: button
[11:07:12.656]    DEBUG: <PixTestParameters.cc/dump:L107>   vthrcompmin: 10
[11:07:12.656]    DEBUG: <PixTestParameters.cc/dump:L107>   vthrcompmax: 80
[11:07:12.656]    DEBUG: <PixTestParameters.cc/dump:L107>   stepseconds: 5
[11:07:12.656]    DEBUG: <PixTestParameters.cc/dump:L107>   delaytbm: checkbox
[11:07:12.656]    DEBUG: <PixTestParameters.cc/dump:L107>   filltree: checkbox
[11:07:12.658]    DEBUG: <PixSetup.cc/init:L81> PixSetup init start; getCurrentRSS() = 34975744
[11:07:12.658]    DEBUG: <PixSetup.cc/init:L87> fPixTestParameters = 0xb2d5a0
[11:07:12.658]    DEBUG: <PixSetup.cc/init:L88>  fConfigParameters = 0xaa2c10
[11:07:12.658]    DEBUG: <PixSetup.cc/init:L89>        fPxarMemory = 0x7f1a91d94010
[11:07:12.658]    DEBUG: <PixSetup.cc/init:L90>         fPxarMemHi = 0x7f1a97fff510
[11:07:12.658]    DEBUG: <PixSetup.cc/init:L106> PixSetup init done;  getCurrentRSS() = 34983936 fPxarMemory = 0x7f1a91d94010
[11:07:12.659]    DEBUG: <pXar.cc/main:L223> Initial Analog Current: 383.5mA
[11:07:12.661]    DEBUG: <pXar.cc/main:L224> Initial Digital Current: 562.8mA
[11:07:12.661]    DEBUG: <pXar.cc/main:L225> Initial Module Temperature: 18.0 C
[11:07:13.161]    DEBUG: <PixGui.cc/hvOn:L460> HV set On: 0x10eb650
[11:07:13.224]    DEBUG: <PixTestFactory.cc/PixTestFactory:L53> PixTestFactory::PixTestFactory()
[11:07:13.224]    DEBUG: <PixTestBBMap.cc/init:L79> PixTestBBMap::init()
[11:07:13.225]    DEBUG: <PixTestBBMap.cc/PixTestBBMap:L27> PixTestBBMap ctor(PixSetup &a, string, TGTab *)
[11:07:13.230]    DEBUG: <PixTestBB2Map.cc/setParameter:L58> setting fTargetIa    = 24 mA/ROC
[11:07:13.230]    DEBUG: <PixTestBB2Map.cc/init:L97> PixTestBB2Map::init()
[11:07:13.230]    DEBUG: <PixTestBB2Map.cc/PixTestBB2Map:L29> PixTestBB2Map ctor(PixSetup &a, string, TGTab *)
[11:07:13.253]    DEBUG: <PixTestBB3Map.cc/init:L81> PixTestBB3Map::init()
[11:07:13.253]    DEBUG: <PixTestBB3Map.cc/PixTestBB3Map:L29> PixTestBB3Map ctor(PixSetup &a, string, TGTab *)
[11:07:13.268]    DEBUG: <PixTestBB4Map.cc/init:L93> PixTestBB4Map::init()
[11:07:13.268]    DEBUG: <PixTestBB4Map.cc/PixTestBB4Map:L26> PixTestMapeff ctor(PixSetup &a, string, TGTab *)
[11:07:13.286]     INFO: PixTestCmd::init()
[11:07:13.297]    DEBUG: <PixTestDaq.cc/init:L44> PixTestDaq::init()
[11:07:13.297]    DEBUG: <PixTestDaq.cc/PixTestDaq:L22> PixTestDaq ctor(PixSetup &a, string, TGTab *)
[11:07:13.297]     INFO: readGainPedestalParameters data/mh123/M-H-1-23_ElComandanteTest_2016-01-07_10h44m_1452185090/000_FPIXTest_p17/phCalibrationFitErr35_C0.dat .. data/mh123/M-H-1-23_ElComandanteTest_2016-01-07_10h44m_1452185090/000_FPIXTest_p17/phCalibrationFitErr35_C15.dat
[11:07:13.540]    DEBUG: <PixTestDacDacScan.cc/init:L103> PixTestDacDacScan::init()
[11:07:13.540]    DEBUG: <PixTestDacDacScan.cc/PixTestDacDacScan:L22> PixTestDacDacScan ctor(PixSetup &a, string, TGTab *)
[11:07:13.554]    DEBUG: <PixTestGainPedestal.cc/setParameter:L83> PixTestGainPedestal::PixTest() fVcalStep = 10
[11:07:13.561]    DEBUG: <PixTestHighRate.cc/setParameter:L68>   setting fParTriggerFrequency -> 20
[11:07:13.561]    DEBUG: <PixTestHighRate.cc/init:L198> PixTestHighRate::init()
[11:07:13.561]    DEBUG: <PixTestHighRate.cc/PixTestHighRate:L31> PixTestHighRate ctor(PixSetup &a, string, TGTab *)
[11:07:13.589]    DEBUG: <PixTest.cc/setTestParameter:L637>  setting  ntrig to new value 10
[11:07:13.589]    DEBUG: <PixTestPhOptimization.cc/setParameter:L37>   setting fParNtrig  ->10<- from sval = 10
[11:07:13.589]    DEBUG: <PixTestPhOptimization.cc/setParameter:L42>   setting fSafetyMarginLow  ->20<- from sval = 20
[11:07:13.589]    DEBUG: <PixTestPhOptimization.cc/setParameter:L48>   setting fVcalMax  ->100<- from sval = 100
[11:07:13.589]    DEBUG: <PixTestPhOptimization.cc/setParameter:L53>   setting fQuantMax  ->0.98<- from sval = 0.98
[11:07:13.595]    DEBUG: <PixTestAlive.cc/init:L77> PixTestAlive::init()
[11:07:13.595]    DEBUG: <PixTestAlive.cc/PixTestAlive:L21> PixTestAlive ctor(PixSetup &a, string, TGTab *)
[11:07:13.617]    DEBUG: <PixTestReadback.cc/setParameter:L172> fCalwVd set to 1
[11:07:13.617]    DEBUG: <PixTestReadback.cc/init:L95> PixTestReadback::init()
[11:07:13.617]    DEBUG: <PixTestReadback.cc/PixTestReadback:L22> PixTestReadback ctor(PixSetup &a, string, TGTab *)
[11:07:13.618]     INFO: readReadbackCal: data/mh123/M-H-1-23_ElComandanteTest_2016-01-07_10h44m_1452185090/000_FPIXTest_p17/readbackCal_C0.dat .. data/mh123/M-H-1-23_ElComandanteTest_2016-01-07_10h44m_1452185090/000_FPIXTest_p17/readbackCal_C15.dat
[11:07:13.628]    DEBUG: <PixTestScurves.cc/setParameter:L93> set fOutputFilename = 
[11:07:13.636]    DEBUG: <PixTestTiming.cc/setParameter:L60> PixTestTiming::PixTest() targetclk = 4
[11:07:13.636]    DEBUG: <PixTestTiming.cc/setParameter:L64> PixTestTiming::PixTest() ntrig = 10
[11:07:13.636]    DEBUG: <PixTestTiming.cc/setParameter:L48> fNoTokenPass: 0
[11:07:13.636]    DEBUG: <PixTestTiming.cc/init:L74> PixTestTiming::init()
[11:07:13.655]    DEBUG: <PixTestXray.cc/init:L134> PixTestXray::init()
[11:07:13.655]    DEBUG: <PixTestXray.cc/PixTestXray:L28> PixTestXray ctor(PixSetup &a, string, TGTab *)
[11:07:17.787]    DEBUG: <PixTab.cc/setParameter:L391> xxxPressed():  ID = 6 -> stepseconds to value 10
[11:07:18.603]     INFO: ######################################################################
[11:07:18.603]     INFO: PixTestXray::doTest()
[11:07:18.603]     INFO: ######################################################################
[11:07:18.603]     INFO:    ----------------------------------------------------------------------
[11:07:18.603]     INFO:    PixTestXray::doPhRun() fParRunSeconds = 100
[11:07:18.603]     INFO:    ----------------------------------------------------------------------
[11:07:18.607]     INFO: ROC 2 masking pixel 6/57
[11:07:18.607]     INFO: ROC 2 masking pixel 41/28
[11:07:19.577]     INFO: PixTestXray::doPhRun start TriggerLoop with trigger frequency 100 kHz, period 405 and duration 100 seconds,  fEventsMax = 10000000
[11:07:25.080]     INFO: run duration 5 seconds, buffer almost full (81%), pausing triggers.
[11:07:25.085]    DEBUG: <PixTestXray.cc/processData:L739> Getting Event Buffer
