[14:26:10.814]     INFO: *** Welcome to pxar ***
[14:26:10.814]     INFO: *** Today: 2016/01/11
[14:26:10.823]     INFO: *** Version: prod-12
[14:26:10.823]     INFO: readRocDacs: data/mh123/M-H-1-23_ElComandanteTest_2016-01-07_10h44m_1452185090/000_FPIXTest_p17/dacParameters35_C0.dat .. data/mh123/M-H-1-23_ElComandanteTest_2016-01-07_10h44m_1452185090/000_FPIXTest_p17/dacParameters35_C15.dat
[14:26:10.824]     INFO: readTbmDacs: data/mh123/M-H-1-23_ElComandanteTest_2016-01-07_10h44m_1452185090/000_FPIXTest_p17/tbmParameters_C0a.dat .. data/mh123/M-H-1-23_ElComandanteTest_2016-01-07_10h44m_1452185090/000_FPIXTest_p17/tbmParameters_C0b.dat
[14:26:10.824]     INFO: readMaskFile: data/mh123/M-H-1-23_ElComandanteTest_2016-01-07_10h44m_1452185090/000_FPIXTest_p17/defaultMaskFile.dat
[14:26:10.824]     INFO: MASKED Roc 2 col/row: 6 57
[14:26:10.824]     INFO: MASKED Roc 2 col/row: 41 28
[14:26:10.824]     INFO: readTrimFile: data/mh123/M-H-1-23_ElComandanteTest_2016-01-07_10h44m_1452185090/000_FPIXTest_p17/trimParameters35_C0.dat .. data/mh123/M-H-1-23_ElComandanteTest_2016-01-07_10h44m_1452185090/000_FPIXTest_p17/trimParameters35_C15.dat
[14:26:10.844]     INFO:   masking Roc 2 col/row: 6 57
[14:26:10.844]     INFO:   masking Roc 2 col/row: 41 28
[14:26:10.977]     INFO:         clk: 4
[14:26:10.977]     INFO:         ctr: 4
[14:26:10.977]     INFO:         sda: 19
[14:26:10.977]     INFO:         tin: 9
[14:26:10.977]     INFO:         level: 15
[14:26:10.977]     INFO:         triggerdelay: 0
[14:26:10.977]    QUIET: Instanciating API for pxar prod-12
[14:26:10.977]     INFO: Log level: DEBUG
[14:26:10.987]    QUIET: Connection to board DTB_WRPRHI opened.
[14:26:10.991]     INFO: DTB startup information
--- DTB info------------------------------------------
Board id:    58
HW version:  DTB1.2
FW version:  4.2
SW version:  4.5
USB id:      DTB_WRPRHI
MAC address: 40D85511803A
Hostname:    pixelDTB058
Comment:     
------------------------------------------------------
[14:26:10.993]     INFO: RPC call hashes of host and DTB match: 398089610
[14:26:12.596]     INFO: DUT info: 
[14:26:12.596]     INFO: The DUT currently contains the following objects:
[14:26:12.596]     INFO:  2 TBM Cores tbm08c (2 ON)
[14:26:12.596]     INFO: 	TBM Core alpha (0): 7 registers set
[14:26:12.596]     INFO: 	TBM Core beta  (1): 7 registers set
[14:26:12.596]     INFO: 16 ROCs psi46digv21respin (16 ON) with 4160 pixelConfigs
[14:26:12.596]     INFO: 	ROC 0: 19 DACs set, Pixels: 0 masked, 0 active.
[14:26:12.596]     INFO: 	ROC 1: 19 DACs set, Pixels: 0 masked, 0 active.
[14:26:12.596]     INFO: 	ROC 2: 19 DACs set, Pixels: 2 masked, 0 active.
[14:26:12.596]     INFO: 	ROC 3: 19 DACs set, Pixels: 0 masked, 0 active.
[14:26:12.596]     INFO: 	ROC 4: 19 DACs set, Pixels: 0 masked, 0 active.
[14:26:12.596]     INFO: 	ROC 5: 19 DACs set, Pixels: 0 masked, 0 active.
[14:26:12.596]     INFO: 	ROC 6: 19 DACs set, Pixels: 0 masked, 0 active.
[14:26:12.596]     INFO: 	ROC 7: 19 DACs set, Pixels: 0 masked, 0 active.
[14:26:12.596]     INFO: 	ROC 8: 19 DACs set, Pixels: 0 masked, 0 active.
[14:26:12.596]     INFO: 	ROC 9: 19 DACs set, Pixels: 0 masked, 0 active.
[14:26:12.596]     INFO: 	ROC 10: 19 DACs set, Pixels: 0 masked, 0 active.
[14:26:12.596]     INFO: 	ROC 11: 19 DACs set, Pixels: 0 masked, 0 active.
[14:26:12.596]     INFO: 	ROC 12: 19 DACs set, Pixels: 0 masked, 0 active.
[14:26:12.596]     INFO: 	ROC 13: 19 DACs set, Pixels: 0 masked, 0 active.
[14:26:12.596]     INFO: 	ROC 14: 19 DACs set, Pixels: 0 masked, 0 active.
[14:26:12.596]     INFO: 	ROC 15: 19 DACs set, Pixels: 0 masked, 0 active.
[14:26:12.597]    DEBUG: <PixTestParameters.cc/dump:L104> PixTestParameters: ->BB<-
[14:26:12.597]    DEBUG: <PixTestParameters.cc/dump:L107>   dumpall: checkbox(0)
[14:26:12.597]    DEBUG: <PixTestParameters.cc/dump:L107>   dumpproblematic: checkbox(0)
[14:26:12.597]    DEBUG: <PixTestParameters.cc/dump:L107>   ntrig: 5
[14:26:12.597]    DEBUG: <PixTestParameters.cc/dump:L107>   vcals: 250
[14:26:12.597]    DEBUG: <PixTestParameters.cc/dump:L104> PixTestParameters: ->BB2<-
[14:26:12.597]    DEBUG: <PixTestParameters.cc/dump:L107>   ntrig: 10
[14:26:12.597]    DEBUG: <PixTestParameters.cc/dump:L107>   vcals: 222
[14:26:12.597]    DEBUG: <PixTestParameters.cc/dump:L107>   plwidth: 35
[14:26:12.597]    DEBUG: <PixTestParameters.cc/dump:L107>   pix: 11,20
[14:26:12.597]    DEBUG: <PixTestParameters.cc/dump:L107>   targetia: 24
[14:26:12.597]    DEBUG: <PixTestParameters.cc/dump:L104> PixTestParameters: ->BB3<-
[14:26:12.597]    DEBUG: <PixTestParameters.cc/dump:L107>   dumpall: checkbox(0)
[14:26:12.597]    DEBUG: <PixTestParameters.cc/dump:L107>   dumpproblematic: checkbox(0)
[14:26:12.597]    DEBUG: <PixTestParameters.cc/dump:L107>   ntrig: 5
[14:26:12.597]    DEBUG: <PixTestParameters.cc/dump:L107>   vcals: 250
[14:26:12.597]    DEBUG: <PixTestParameters.cc/dump:L104> PixTestParameters: ->BB4<-
[14:26:12.597]    DEBUG: <PixTestParameters.cc/dump:L107>   savecaldelscan: checkbox(0)
[14:26:12.597]    DEBUG: <PixTestParameters.cc/dump:L107>   ntrig: 100
[14:26:12.597]    DEBUG: <PixTestParameters.cc/dump:L107>   cals: 1
[14:26:12.597]    DEBUG: <PixTestParameters.cc/dump:L107>   caldello: 80
[14:26:12.597]    DEBUG: <PixTestParameters.cc/dump:L107>   caldelhi: 200
[14:26:12.597]    DEBUG: <PixTestParameters.cc/dump:L107>   caldelstep: 10
[14:26:12.597]    DEBUG: <PixTestParameters.cc/dump:L107>   vthrcomplo: 70
[14:26:12.597]    DEBUG: <PixTestParameters.cc/dump:L107>   vthrcomphi: 130
[14:26:12.597]    DEBUG: <PixTestParameters.cc/dump:L107>   vthrcompstep: 5
[14:26:12.597]    DEBUG: <PixTestParameters.cc/dump:L107>   noisypixels: 10
[14:26:12.597]    DEBUG: <PixTestParameters.cc/dump:L107>   vcal: 255
[14:26:12.597]    DEBUG: <PixTestParameters.cc/dump:L107>   cut: 0.5
[14:26:12.597]    DEBUG: <PixTestParameters.cc/dump:L104> PixTestParameters: ->Cmd<-
[14:26:12.597]    DEBUG: <PixTestParameters.cc/dump:L104> PixTestParameters: ->DAQ<-
[14:26:12.597]    DEBUG: <PixTestParameters.cc/dump:L107>   delaytbm: checkbox
[14:26:12.597]    DEBUG: <PixTestParameters.cc/dump:L107>   filltree: checkbox
[14:26:12.597]    DEBUG: <PixTestParameters.cc/dump:L107>   trgfrequency(khz): 100
[14:26:12.597]    DEBUG: <PixTestParameters.cc/dump:L107>   maskhotpixels: button
[14:26:12.597]    DEBUG: <PixTestParameters.cc/dump:L107>   trgnumber: 5
[14:26:12.597]    DEBUG: <PixTestParameters.cc/dump:L107>   iterations: 10
[14:26:12.597]    DEBUG: <PixTestParameters.cc/dump:L107>   rundaqtrg: button
[14:26:12.597]    DEBUG: <PixTestParameters.cc/dump:L107>   daqseconds: 5
[14:26:12.597]    DEBUG: <PixTestParameters.cc/dump:L107>   rundaqseconds: button
[14:26:12.597]    DEBUG: <PixTestParameters.cc/dump:L104> PixTestParameters: ->DacDacScan<-
[14:26:12.597]    DEBUG: <PixTestParameters.cc/dump:L107>   phmap: checkbox
[14:26:12.597]    DEBUG: <PixTestParameters.cc/dump:L107>   ntrig: 10
[14:26:12.597]    DEBUG: <PixTestParameters.cc/dump:L107>   dac1: caldel
[14:26:12.597]    DEBUG: <PixTestParameters.cc/dump:L107>   dac1lo: 0
[14:26:12.597]    DEBUG: <PixTestParameters.cc/dump:L107>   dac1hi: 255
[14:26:12.597]    DEBUG: <PixTestParameters.cc/dump:L107>   dac2: vthrcomp
[14:26:12.597]    DEBUG: <PixTestParameters.cc/dump:L107>   dac2lo: 0
[14:26:12.597]    DEBUG: <PixTestParameters.cc/dump:L107>   dac2hi: 255
[14:26:12.597]    DEBUG: <PixTestParameters.cc/dump:L107>   pix: 11,20
[14:26:12.597]    DEBUG: <PixTestParameters.cc/dump:L104> PixTestParameters: ->DacScan<-
[14:26:12.597]    DEBUG: <PixTestParameters.cc/dump:L107>   phmap: checkbox(1)
[14:26:12.597]    DEBUG: <PixTestParameters.cc/dump:L107>   allpixels: checkbox(0)
[14:26:12.597]    DEBUG: <PixTestParameters.cc/dump:L107>   unmasked: checkbox(0)
[14:26:12.597]    DEBUG: <PixTestParameters.cc/dump:L107>   ntrig: 10
[14:26:12.598]    DEBUG: <PixTestParameters.cc/dump:L107>   dac: vcal
[14:26:12.598]    DEBUG: <PixTestParameters.cc/dump:L107>   daclo: 0
[14:26:12.598]    DEBUG: <PixTestParameters.cc/dump:L107>   dachi: 255
[14:26:12.598]    DEBUG: <PixTestParameters.cc/dump:L107>   pix: 11,20
[14:26:12.598]    DEBUG: <PixTestParameters.cc/dump:L104> PixTestParameters: ->GainPedestal<-
[14:26:12.598]    DEBUG: <PixTestParameters.cc/dump:L107>   showfits: checkbox(0)
[14:26:12.598]    DEBUG: <PixTestParameters.cc/dump:L107>   extended: checkbox(0)
[14:26:12.598]    DEBUG: <PixTestParameters.cc/dump:L107>   dumphists: checkbox(0)
[14:26:12.598]    DEBUG: <PixTestParameters.cc/dump:L107>   ntrig: 10
[14:26:12.598]    DEBUG: <PixTestParameters.cc/dump:L107>   vcalstep: 10
[14:26:12.598]    DEBUG: <PixTestParameters.cc/dump:L107>   measure: button
[14:26:12.598]    DEBUG: <PixTestParameters.cc/dump:L107>   fit: button
[14:26:12.598]    DEBUG: <PixTestParameters.cc/dump:L107>   save: button
[14:26:12.598]    DEBUG: <PixTestParameters.cc/dump:L104> PixTestParameters: ->HighRate<-
[14:26:12.598]    DEBUG: <PixTestParameters.cc/dump:L107>   pix: 11,20
[14:26:12.598]    DEBUG: <PixTestParameters.cc/dump:L107>   trimhotpixels: button
[14:26:12.598]    DEBUG: <PixTestParameters.cc/dump:L107>   trimhotpixelthr: 200
[14:26:12.598]    DEBUG: <PixTestParameters.cc/dump:L107>   runsecondshotpixels: 10
[14:26:12.598]    DEBUG: <PixTestParameters.cc/dump:L107>   savetrimbits: checkbox(1)
[14:26:12.598]    DEBUG: <PixTestParameters.cc/dump:L107>   maskuntrimmable: checkbox(1)
[14:26:12.598]    DEBUG: <PixTestParameters.cc/dump:L107>   maskhotpixels: button
[14:26:12.598]    DEBUG: <PixTestParameters.cc/dump:L107>   savemaskfile: checkbox(0)
[14:26:12.598]    DEBUG: <PixTestParameters.cc/dump:L107>   maskfilename: default
[14:26:12.598]    DEBUG: <PixTestParameters.cc/dump:L107>   caldelscan: button
[14:26:12.598]    DEBUG: <PixTestParameters.cc/dump:L107>   xpixelalive: button
[14:26:12.598]    DEBUG: <PixTestParameters.cc/dump:L107>   ntrig: 50
[14:26:12.598]    DEBUG: <PixTestParameters.cc/dump:L107>   vcal: 200
[14:26:12.598]    DEBUG: <PixTestParameters.cc/dump:L107>   xnoisemaps: button
[14:26:12.598]    DEBUG: <PixTestParameters.cc/dump:L107>   daclo: 0
[14:26:12.598]    DEBUG: <PixTestParameters.cc/dump:L107>   dachi: 100
[14:26:12.598]    DEBUG: <PixTestParameters.cc/dump:L107>   dacs/step: 20
[14:26:12.598]    DEBUG: <PixTestParameters.cc/dump:L107>   rundaq: button
[14:26:12.598]    DEBUG: <PixTestParameters.cc/dump:L107>   trgfrequency(khz): 20
[14:26:12.598]    DEBUG: <PixTestParameters.cc/dump:L107>   runseconds: 2
[14:26:12.598]    DEBUG: <PixTestParameters.cc/dump:L107>   triggerdelay: 20
[14:26:12.598]    DEBUG: <PixTestParameters.cc/dump:L107>   delaytbm: checkbox
[14:26:12.598]    DEBUG: <PixTestParameters.cc/dump:L107>   filltree: checkbox
[14:26:12.598]    DEBUG: <PixTestParameters.cc/dump:L104> PixTestParameters: ->IV<-
[14:26:12.598]    DEBUG: <PixTestParameters.cc/dump:L107>   port: /dev/FIXME
[14:26:12.598]    DEBUG: <PixTestParameters.cc/dump:L107>   voltagestart: 0
[14:26:12.598]    DEBUG: <PixTestParameters.cc/dump:L107>   voltagestop: 600
[14:26:12.598]    DEBUG: <PixTestParameters.cc/dump:L107>   voltagestep: 5
[14:26:12.598]    DEBUG: <PixTestParameters.cc/dump:L107>   delay: 1
[14:26:12.598]    DEBUG: <PixTestParameters.cc/dump:L107>   compliance(ua): 100
[14:26:12.598]    DEBUG: <PixTestParameters.cc/dump:L104> PixTestParameters: ->PhOptimization<-
[14:26:12.598]    DEBUG: <PixTestParameters.cc/dump:L107>   ntrig: 10
[14:26:12.598]    DEBUG: <PixTestParameters.cc/dump:L107>   safetymarginlow: 20
[14:26:12.598]    DEBUG: <PixTestParameters.cc/dump:L107>   saturationvcal: 100
[14:26:12.598]    DEBUG: <PixTestParameters.cc/dump:L107>   quantilesaturation: 0.98
[14:26:12.598]    DEBUG: <PixTestParameters.cc/dump:L104> PixTestParameters: ->PixelAlive<-
[14:26:12.598]    DEBUG: <PixTestParameters.cc/dump:L107>   ntrig: 10
[14:26:12.598]    DEBUG: <PixTestParameters.cc/dump:L107>   vcal: 200
[14:26:12.598]    DEBUG: <PixTestParameters.cc/dump:L107>   alivetest: button
[14:26:12.598]    DEBUG: <PixTestParameters.cc/dump:L107>   masktest: button
[14:26:12.598]    DEBUG: <PixTestParameters.cc/dump:L107>   addressdecodingtest: button
[14:26:12.598]    DEBUG: <PixTestParameters.cc/dump:L104> PixTestParameters: ->Pretest<-
[14:26:12.598]    DEBUG: <PixTestParameters.cc/dump:L107>   programroc: button
[14:26:12.598]    DEBUG: <PixTestParameters.cc/dump:L107>   targetia: 24
[14:26:12.598]    DEBUG: <PixTestParameters.cc/dump:L107>   setvana: button
[14:26:12.598]    DEBUG: <PixTestParameters.cc/dump:L107>   iterations: 100
[14:26:12.598]    DEBUG: <PixTestParameters.cc/dump:L107>   settimings: button
[14:26:12.598]    DEBUG: <PixTestParameters.cc/dump:L107>   findtiming: button
[14:26:12.598]    DEBUG: <PixTestParameters.cc/dump:L107>   findworkingpixel: button
[14:26:12.598]    DEBUG: <PixTestParameters.cc/dump:L107>   setvthrcompcaldel: button
[14:26:12.598]    DEBUG: <PixTestParameters.cc/dump:L107>   pix: 11,20
[14:26:12.598]    DEBUG: <PixTestParameters.cc/dump:L107>   vcal: 250
[14:26:12.598]    DEBUG: <PixTestParameters.cc/dump:L107>   deltavthrcomp: 50
[14:26:12.598]    DEBUG: <PixTestParameters.cc/dump:L107>   fraccaldel: 0.5
[14:26:12.599]    DEBUG: <PixTestParameters.cc/dump:L107>   ntrig: 5
[14:26:12.599]    DEBUG: <PixTestParameters.cc/dump:L107>   savedacs: button
[14:26:12.599]    DEBUG: <PixTestParameters.cc/dump:L104> PixTestParameters: ->Readback<-
[14:26:12.599]    DEBUG: <PixTestParameters.cc/dump:L107>   calibratevd: button
[14:26:12.599]    DEBUG: <PixTestParameters.cc/dump:L107>   calibrateva: button
[14:26:12.599]    DEBUG: <PixTestParameters.cc/dump:L107>   calibrateia: button
[14:26:12.599]    DEBUG: <PixTestParameters.cc/dump:L107>   readbackvbg: button
[14:26:12.599]    DEBUG: <PixTestParameters.cc/dump:L107>   getcalibratedvbg: button
[14:26:12.599]    DEBUG: <PixTestParameters.cc/dump:L107>   usecalvd: checkbox(1)
[14:26:12.599]    DEBUG: <PixTestParameters.cc/dump:L107>   usecalva: checkbox(0)
[14:26:12.599]    DEBUG: <PixTestParameters.cc/dump:L107>   setvana: button
[14:26:12.599]    DEBUG: <PixTestParameters.cc/dump:L104> PixTestParameters: ->Scurves<-
[14:26:12.599]    DEBUG: <PixTestParameters.cc/dump:L107>   adjustvcal: checkbox(0)
[14:26:12.599]    DEBUG: <PixTestParameters.cc/dump:L107>   dumpall: checkbox(0)
[14:26:12.599]    DEBUG: <PixTestParameters.cc/dump:L107>   dumpproblematic: checkbox(0)
[14:26:12.599]    DEBUG: <PixTestParameters.cc/dump:L107>   dumpoutputfile: checkbox(0)
[14:26:12.599]    DEBUG: <PixTestParameters.cc/dump:L107>   ntrig: 50
[14:26:12.599]    DEBUG: <PixTestParameters.cc/dump:L107>   dac: Vcal
[14:26:12.599]    DEBUG: <PixTestParameters.cc/dump:L107>   daclo: 0
[14:26:12.599]    DEBUG: <PixTestParameters.cc/dump:L107>   dachi: 200
[14:26:12.599]    DEBUG: <PixTestParameters.cc/dump:L107>   dacs/step: -1
[14:26:12.599]    DEBUG: <PixTestParameters.cc/dump:L107>   ntrig/step: -1
[14:26:12.599]    DEBUG: <PixTestParameters.cc/dump:L107>   scurves: button
[14:26:12.599]    DEBUG: <PixTestParameters.cc/dump:L104> PixTestParameters: ->Timing<-
[14:26:12.599]    DEBUG: <PixTestParameters.cc/dump:L107>   targetclk: 4
[14:26:12.599]    DEBUG: <PixTestParameters.cc/dump:L107>   ntrig: 10
[14:26:12.599]    DEBUG: <PixTestParameters.cc/dump:L107>   clocksdascan: button
[14:26:12.599]    DEBUG: <PixTestParameters.cc/dump:L107>   notokenpass: checkbox(0)
[14:26:12.599]    DEBUG: <PixTestParameters.cc/dump:L107>   phasescan: button
[14:26:12.599]    DEBUG: <PixTestParameters.cc/dump:L107>   levelscan: button
[14:26:12.599]    DEBUG: <PixTestParameters.cc/dump:L107>   tbmphasescan: button
[14:26:12.599]    DEBUG: <PixTestParameters.cc/dump:L107>   rocdelayscan: button
[14:26:12.599]    DEBUG: <PixTestParameters.cc/dump:L107>   timingtest: button
[14:26:12.599]    DEBUG: <PixTestParameters.cc/dump:L107>   saveparameters: button
[14:26:12.599]    DEBUG: <PixTestParameters.cc/dump:L104> PixTestParameters: ->Trim<-
[14:26:12.599]    DEBUG: <PixTestParameters.cc/dump:L107>   trim: button
[14:26:12.599]    DEBUG: <PixTestParameters.cc/dump:L107>   ntrig: 8
[14:26:12.599]    DEBUG: <PixTestParameters.cc/dump:L107>   vcal: 35
[14:26:12.599]    DEBUG: <PixTestParameters.cc/dump:L107>   trimbits: button
[14:26:12.599]    DEBUG: <PixTestParameters.cc/dump:L104> PixTestParameters: ->Xray<-
[14:26:12.599]    DEBUG: <PixTestParameters.cc/dump:L107>   maskhotpixels: button
[14:26:12.599]    DEBUG: <PixTestParameters.cc/dump:L107>   savemaskfile: checkbox(0)
[14:26:12.599]    DEBUG: <PixTestParameters.cc/dump:L107>   maskfilename: default
[14:26:12.599]    DEBUG: <PixTestParameters.cc/dump:L107>   source: Ag
[14:26:12.599]    DEBUG: <PixTestParameters.cc/dump:L107>   phrun: button
[14:26:12.599]    DEBUG: <PixTestParameters.cc/dump:L107>   runseconds: 100
[14:26:12.599]    DEBUG: <PixTestParameters.cc/dump:L107>   trgfrequency(khz): 100
[14:26:12.599]    DEBUG: <PixTestParameters.cc/dump:L107>   ratescan: button
[14:26:12.599]    DEBUG: <PixTestParameters.cc/dump:L107>   vthrcompmin: 10
[14:26:12.599]    DEBUG: <PixTestParameters.cc/dump:L107>   vthrcompmax: 80
[14:26:12.599]    DEBUG: <PixTestParameters.cc/dump:L107>   stepseconds: 5
[14:26:12.599]    DEBUG: <PixTestParameters.cc/dump:L107>   delaytbm: checkbox
[14:26:12.599]    DEBUG: <PixTestParameters.cc/dump:L107>   filltree: checkbox
[14:26:12.601]    DEBUG: <PixSetup.cc/init:L81> PixSetup init start; getCurrentRSS() = 33255424
[14:26:12.601]    DEBUG: <PixSetup.cc/init:L87> fPixTestParameters = 0xeb0380
[14:26:12.601]    DEBUG: <PixSetup.cc/init:L88>  fConfigParameters = 0xe25c10
[14:26:12.601]    DEBUG: <PixSetup.cc/init:L89>        fPxarMemory = 0x7f7231d94010
[14:26:12.601]    DEBUG: <PixSetup.cc/init:L90>         fPxarMemHi = 0x7f7237fff510
[14:26:12.602]    DEBUG: <PixSetup.cc/init:L106> PixSetup init done;  getCurrentRSS() = 33263616 fPxarMemory = 0x7f7231d94010
[14:26:12.603]    DEBUG: <pXar.cc/main:L223> Initial Analog Current: 385.1mA
[14:26:12.604]    DEBUG: <pXar.cc/main:L224> Initial Digital Current: 561.9mA
[14:26:12.604]    DEBUG: <pXar.cc/main:L225> Initial Module Temperature: 22.4 C
[14:26:13.097]    DEBUG: <PixGui.cc/hvOn:L460> HV set On: 0x146e670
[14:26:13.166]    DEBUG: <PixTestFactory.cc/PixTestFactory:L53> PixTestFactory::PixTestFactory()
[14:26:13.166]    DEBUG: <PixTestBBMap.cc/init:L79> PixTestBBMap::init()
[14:26:13.167]    DEBUG: <PixTestBBMap.cc/PixTestBBMap:L27> PixTestBBMap ctor(PixSetup &a, string, TGTab *)
[14:26:13.172]    DEBUG: <PixTestBB2Map.cc/setParameter:L58> setting fTargetIa    = 24 mA/ROC
[14:26:13.172]    DEBUG: <PixTestBB2Map.cc/init:L97> PixTestBB2Map::init()
[14:26:13.172]    DEBUG: <PixTestBB2Map.cc/PixTestBB2Map:L29> PixTestBB2Map ctor(PixSetup &a, string, TGTab *)
[14:26:13.182]    DEBUG: <PixTestBB3Map.cc/init:L81> PixTestBB3Map::init()
[14:26:13.182]    DEBUG: <PixTestBB3Map.cc/PixTestBB3Map:L29> PixTestBB3Map ctor(PixSetup &a, string, TGTab *)
[14:26:13.202]    DEBUG: <PixTestBB4Map.cc/init:L93> PixTestBB4Map::init()
[14:26:13.202]    DEBUG: <PixTestBB4Map.cc/PixTestBB4Map:L26> PixTestMapeff ctor(PixSetup &a, string, TGTab *)
[14:26:13.220]     INFO: PixTestCmd::init()
[14:26:13.241]    DEBUG: <PixTestDaq.cc/init:L44> PixTestDaq::init()
[14:26:13.241]    DEBUG: <PixTestDaq.cc/PixTestDaq:L22> PixTestDaq ctor(PixSetup &a, string, TGTab *)
[14:26:13.241]     INFO: readGainPedestalParameters data/mh123/M-H-1-23_ElComandanteTest_2016-01-07_10h44m_1452185090/000_FPIXTest_p17/phCalibrationFitErr35_C0.dat .. data/mh123/M-H-1-23_ElComandanteTest_2016-01-07_10h44m_1452185090/000_FPIXTest_p17/phCalibrationFitErr35_C15.dat
[14:26:13.484]    DEBUG: <PixTestDacDacScan.cc/init:L103> PixTestDacDacScan::init()
[14:26:13.484]    DEBUG: <PixTestDacDacScan.cc/PixTestDacDacScan:L22> PixTestDacDacScan ctor(PixSetup &a, string, TGTab *)
[14:26:13.498]    DEBUG: <PixTestGainPedestal.cc/setParameter:L83> PixTestGainPedestal::PixTest() fVcalStep = 10
[14:26:13.504]    DEBUG: <PixTestHighRate.cc/setParameter:L68>   setting fParTriggerFrequency -> 20
[14:26:13.504]    DEBUG: <PixTestHighRate.cc/init:L198> PixTestHighRate::init()
[14:26:13.504]    DEBUG: <PixTestHighRate.cc/PixTestHighRate:L31> PixTestHighRate ctor(PixSetup &a, string, TGTab *)
[14:26:13.527]    DEBUG: <PixTest.cc/setTestParameter:L637>  setting  ntrig to new value 10
[14:26:13.527]    DEBUG: <PixTestPhOptimization.cc/setParameter:L37>   setting fParNtrig  ->10<- from sval = 10
[14:26:13.527]    DEBUG: <PixTestPhOptimization.cc/setParameter:L42>   setting fSafetyMarginLow  ->20<- from sval = 20
[14:26:13.528]    DEBUG: <PixTestPhOptimization.cc/setParameter:L48>   setting fVcalMax  ->100<- from sval = 100
[14:26:13.528]    DEBUG: <PixTestPhOptimization.cc/setParameter:L53>   setting fQuantMax  ->0.98<- from sval = 0.98
[14:26:13.534]    DEBUG: <PixTestAlive.cc/init:L77> PixTestAlive::init()
[14:26:13.534]    DEBUG: <PixTestAlive.cc/PixTestAlive:L21> PixTestAlive ctor(PixSetup &a, string, TGTab *)
[14:26:13.548]    DEBUG: <PixTestReadback.cc/setParameter:L172> fCalwVd set to 1
[14:26:13.548]    DEBUG: <PixTestReadback.cc/init:L95> PixTestReadback::init()
[14:26:13.548]    DEBUG: <PixTestReadback.cc/PixTestReadback:L22> PixTestReadback ctor(PixSetup &a, string, TGTab *)
[14:26:13.548]     INFO: readReadbackCal: data/mh123/M-H-1-23_ElComandanteTest_2016-01-07_10h44m_1452185090/000_FPIXTest_p17/readbackCal_C0.dat .. data/mh123/M-H-1-23_ElComandanteTest_2016-01-07_10h44m_1452185090/000_FPIXTest_p17/readbackCal_C15.dat
[14:26:13.561]    DEBUG: <PixTestScurves.cc/setParameter:L93> set fOutputFilename = 
[14:26:13.568]    DEBUG: <PixTestTiming.cc/setParameter:L60> PixTestTiming::PixTest() targetclk = 4
[14:26:13.569]    DEBUG: <PixTestTiming.cc/setParameter:L64> PixTestTiming::PixTest() ntrig = 10
[14:26:13.569]    DEBUG: <PixTestTiming.cc/setParameter:L48> fNoTokenPass: 0
[14:26:13.569]    DEBUG: <PixTestTiming.cc/init:L74> PixTestTiming::init()
[14:26:13.588]    DEBUG: <PixTestXray.cc/init:L134> PixTestXray::init()
[14:26:13.588]    DEBUG: <PixTestXray.cc/PixTestXray:L28> PixTestXray ctor(PixSetup &a, string, TGTab *)
[14:26:46.280]     INFO: ######################################################################
[14:26:46.280]     INFO: PixTestXray::doTest()
[14:26:46.280]     INFO: ######################################################################
[14:26:46.280]     INFO:    ----------------------------------------------------------------------
[14:26:46.280]     INFO:    PixTestXray::doPhRun() fParRunSeconds = 100
[14:26:46.280]     INFO:    ----------------------------------------------------------------------
[14:26:46.283]     INFO: ROC 2 masking pixel 6/57
[14:26:46.283]     INFO: ROC 2 masking pixel 41/28
[14:26:47.254]     INFO: PixTestXray::doPhRun start TriggerLoop with trigger frequency 100 kHz, period 405 and duration 100 seconds,  fEventsMax = 10000000
[14:27:04.368]     INFO: run duration 17 seconds, buffer almost full (81%), pausing triggers.
[14:27:04.372]    DEBUG: <PixTestXray.cc/processData:L739> Getting Event Buffer
[14:27:31.980]    DEBUG: <PixTestXray.cc/processData:L757> Processing Data: 1686167 events.
[14:27:32.014]    DEBUG: <PixTestXray.cc/processData:L808>  # events read: 1686167, pixels seen in all events: 17667
[14:27:32.126]     INFO: Resuming triggers.
[14:27:49.240]     INFO: run duration 34 seconds, buffer almost full (81%), pausing triggers.
[14:27:49.265]    DEBUG: <PixTestXray.cc/processData:L739> Getting Event Buffer
[14:28:16.661]    DEBUG: <PixTestXray.cc/processData:L757> Processing Data: 1686116 events.
[14:28:16.695]    DEBUG: <PixTestXray.cc/processData:L808>  # events read: 1686116, pixels seen in all events: 17657
[14:28:16.754]     INFO: Resuming triggers.
[14:28:33.869]     INFO: run duration 51 seconds, buffer almost full (81%), pausing triggers.
[14:28:33.892]    DEBUG: <PixTestXray.cc/processData:L739> Getting Event Buffer
[14:29:01.376]    DEBUG: <PixTestXray.cc/processData:L757> Processing Data: 1686116 events.
[14:29:01.411]    DEBUG: <PixTestXray.cc/processData:L808>  # events read: 1686116, pixels seen in all events: 17719
[14:29:01.469]     INFO: Resuming triggers.
[14:29:18.584]     INFO: run duration 68 seconds, buffer almost full (81%), pausing triggers.
[14:29:18.610]    DEBUG: <PixTestXray.cc/processData:L739> Getting Event Buffer
[14:29:46.113]    DEBUG: <PixTestXray.cc/processData:L757> Processing Data: 1686127 events.
[14:29:46.147]    DEBUG: <PixTestXray.cc/processData:L808>  # events read: 1686127, pixels seen in all events: 17576
[14:29:46.220]     INFO: Resuming triggers.
[14:30:03.334]     INFO: run duration 85 seconds, buffer almost full (81%), pausing triggers.
[14:30:03.363]    DEBUG: <PixTestXray.cc/processData:L739> Getting Event Buffer
[14:30:30.818]    DEBUG: <PixTestXray.cc/processData:L757> Processing Data: 1686091 events.
[14:30:30.851]    DEBUG: <PixTestXray.cc/processData:L808>  # events read: 1686091, pixels seen in all events: 17743
[14:30:30.928]     INFO: Resuming triggers.
[14:30:45.482]     INFO: data taking finished, elapsed time: 100 seconds.
[14:30:45.678]    DEBUG: <PixTestXray.cc/processData:L739> Getting Event Buffer
[14:31:09.030]    DEBUG: <PixTestXray.cc/processData:L757> Processing Data: 1433780 events.
[14:31:09.059]    DEBUG: <PixTestXray.cc/processData:L808>  # events read: 1433780, pixels seen in all events: 14990
[14:31:09.183]     INFO: PixTest::       pg_setup set to default.
[14:31:09.224]     INFO: PixTestXray::doPhRun() done
[14:31:09.224]     INFO: PixTestXray::doTest() done 
[14:32:23.328]    DEBUG: <PixTab.cc/setParameter:L391> xxxPressed():  ID = 1 -> source to value Cu
[14:32:27.624]     INFO: ######################################################################
[14:32:27.624]     INFO: PixTestXray::doTest()
[14:32:27.624]     INFO: ######################################################################
[14:32:27.624]     INFO:    ----------------------------------------------------------------------
[14:32:27.624]     INFO:    PixTestXray::doPhRun() fParRunSeconds = 100
[14:32:27.624]     INFO:    ----------------------------------------------------------------------
[14:32:27.662]     INFO: ROC 2 masking pixel 6/57
[14:32:27.662]     INFO: ROC 2 masking pixel 41/28
[14:32:27.663]    DEBUG: <PixTestXray.cc/doPhRun:L270> booking new histograms as source name has changed
[14:32:28.624]     INFO: PixTestXray::doPhRun start TriggerLoop with trigger frequency 100 kHz, period 405 and duration 100 seconds,  fEventsMax = 10000000
[14:32:45.753]     INFO: run duration 17 seconds, buffer almost full (81%), pausing triggers.
[14:32:45.792]    DEBUG: <PixTestXray.cc/processData:L739> Getting Event Buffer
[14:33:13.218]    DEBUG: <PixTestXray.cc/processData:L757> Processing Data: 1687570 events.
[14:33:13.227]    DEBUG: <PixTestXray.cc/processData:L808>  # events read: 1687570, pixels seen in all events:   5
[14:33:13.368]     INFO: Resuming triggers.
[14:33:30.490]     INFO: run duration 34 seconds, buffer almost full (81%), pausing triggers.
[14:33:30.508]    DEBUG: <PixTestXray.cc/processData:L739> Getting Event Buffer
[14:33:57.885]    DEBUG: <PixTestXray.cc/processData:L757> Processing Data: 1686780 events.
[14:33:57.905]    DEBUG: <PixTestXray.cc/processData:L808>  # events read: 1686780, pixels seen in all events: 9259
[14:33:58.032]     INFO: Resuming triggers.
[14:34:15.146]     INFO: run duration 51 seconds, buffer almost full (81%), pausing triggers.
[14:34:15.170]    DEBUG: <PixTestXray.cc/processData:L739> Getting Event Buffer
[14:34:42.591]    DEBUG: <PixTestXray.cc/processData:L757> Processing Data: 1685992 events.
[14:34:42.626]    DEBUG: <PixTestXray.cc/processData:L808>  # events read: 1685992, pixels seen in all events: 18790
[14:34:42.739]     INFO: Resuming triggers.
[14:34:59.852]     INFO: run duration 68 seconds, buffer almost full (81%), pausing triggers.
[14:34:59.877]    DEBUG: <PixTestXray.cc/processData:L739> Getting Event Buffer
[14:35:27.428]    DEBUG: <PixTestXray.cc/processData:L757> Processing Data: 1685994 events.
[14:35:27.462]    DEBUG: <PixTestXray.cc/processData:L808>  # events read: 1685994, pixels seen in all events: 18729
[14:35:27.504]     INFO: Resuming triggers.
[14:35:44.617]     INFO: run duration 85 seconds, buffer almost full (81%), pausing triggers.
[14:35:44.642]    DEBUG: <PixTestXray.cc/processData:L739> Getting Event Buffer
[14:36:12.107]    DEBUG: <PixTestXray.cc/processData:L757> Processing Data: 1685993 events.
[14:36:12.140]    DEBUG: <PixTestXray.cc/processData:L808>  # events read: 1685993, pixels seen in all events: 18824
[14:36:12.196]     INFO: Resuming triggers.
[14:36:26.734]     INFO: data taking finished, elapsed time: 100 seconds.
[14:36:26.929]    DEBUG: <PixTestXray.cc/processData:L739> Getting Event Buffer
[14:36:50.288]    DEBUG: <PixTestXray.cc/processData:L757> Processing Data: 1432194 events.
[14:36:50.316]    DEBUG: <PixTestXray.cc/processData:L808>  # events read: 1432194, pixels seen in all events: 15901
[14:36:50.389]     INFO: PixTest::       pg_setup set to default.
[14:36:50.408]     INFO: PixTestXray::doPhRun() done
[14:36:50.408]     INFO: PixTestXray::doTest() done 
[14:37:26.920]    DEBUG: <PixTab.cc/setParameter:L391> xxxPressed():  ID = 1 -> source to value Sn
[14:40:02.960]    DEBUG: <PixTab.cc/setParameter:L391> xxxPressed():  ID = 1 -> source to value Sn
[14:40:05.456]     INFO: ######################################################################
[14:40:05.456]     INFO: PixTestXray::doTest()
[14:40:05.456]     INFO: ######################################################################
[14:40:05.456]     INFO:    ----------------------------------------------------------------------
[14:40:05.456]     INFO:    PixTestXray::doPhRun() fParRunSeconds = 100
[14:40:05.456]     INFO:    ----------------------------------------------------------------------
[14:40:05.476]     INFO: ROC 2 masking pixel 6/57
[14:40:05.476]     INFO: ROC 2 masking pixel 41/28
[14:40:05.477]    DEBUG: <PixTestXray.cc/doPhRun:L270> booking new histograms as source name has changed
[14:40:06.438]     INFO: PixTestXray::doPhRun start TriggerLoop with trigger frequency 100 kHz, period 405 and duration 100 seconds,  fEventsMax = 10000000
[14:40:23.554]     INFO: run duration 17 seconds, buffer almost full (81%), pausing triggers.
[14:40:23.574]    DEBUG: <PixTestXray.cc/processData:L739> Getting Event Buffer
[14:40:51.060]    DEBUG: <PixTestXray.cc/processData:L757> Processing Data: 1686299 events.
[14:40:51.088]    DEBUG: <PixTestXray.cc/processData:L808>  # events read: 1686299, pixels seen in all events: 15442
[14:40:51.166]     INFO: Resuming triggers.
[14:41:08.283]     INFO: run duration 34 seconds, buffer almost full (81%), pausing triggers.
[14:41:08.306]    DEBUG: <PixTestXray.cc/processData:L739> Getting Event Buffer
[14:41:35.636]    DEBUG: <PixTestXray.cc/processData:L757> Processing Data: 1686288 events.
[14:41:35.664]    DEBUG: <PixTestXray.cc/processData:L808>  # events read: 1686288, pixels seen in all events: 15311
[14:41:35.782]     INFO: Resuming triggers.
[14:41:52.899]     INFO: run duration 51 seconds, buffer almost full (81%), pausing triggers.
[14:41:52.925]    DEBUG: <PixTestXray.cc/processData:L739> Getting Event Buffer
[14:42:20.149]    DEBUG: <PixTestXray.cc/processData:L757> Processing Data: 1686278 events.
[14:42:20.177]    DEBUG: <PixTestXray.cc/processData:L808>  # events read: 1686278, pixels seen in all events: 15619
[14:42:20.296]     INFO: Resuming triggers.
[14:42:37.412]     INFO: run duration 68 seconds, buffer almost full (81%), pausing triggers.
[14:42:37.438]    DEBUG: <PixTestXray.cc/processData:L739> Getting Event Buffer
[14:43:04.752]    DEBUG: <PixTestXray.cc/processData:L757> Processing Data: 1686301 events.
[14:43:04.780]    DEBUG: <PixTestXray.cc/processData:L808>  # events read: 1686301, pixels seen in all events: 15507
[14:43:04.899]     INFO: Resuming triggers.
[14:43:22.015]     INFO: run duration 85 seconds, buffer almost full (81%), pausing triggers.
[14:43:22.040]    DEBUG: <PixTestXray.cc/processData:L739> Getting Event Buffer
[14:43:49.491]    DEBUG: <PixTestXray.cc/processData:L757> Processing Data: 1686301 events.
[14:43:49.519]    DEBUG: <PixTestXray.cc/processData:L808>  # events read: 1686301, pixels seen in all events: 15047
[14:43:49.639]     INFO: Resuming triggers.
[14:44:04.186]     INFO: data taking finished, elapsed time: 100 seconds.
[14:44:04.382]    DEBUG: <PixTestXray.cc/processData:L739> Getting Event Buffer
[14:44:27.822]    DEBUG: <PixTestXray.cc/processData:L757> Processing Data: 1433165 events.
[14:44:27.846]    DEBUG: <PixTestXray.cc/processData:L808>  # events read: 1433165, pixels seen in all events: 13094
[14:44:27.977]     INFO: PixTest::       pg_setup set to default.
[14:44:28.008]     INFO: PixTestXray::doPhRun() done
[14:44:28.008]     INFO: PixTestXray::doTest() done 
[14:45:08.408]    DEBUG: <PixTab.cc/setParameter:L391> xxxPressed():  ID = 1 -> source to value In
[14:46:24.505]    DEBUG: <PixTab.cc/setParameter:L391> xxxPressed():  ID = 1 -> source to value In
[14:46:25.768]     INFO: ######################################################################
[14:46:25.768]     INFO: PixTestXray::doTest()
[14:46:25.768]     INFO: ######################################################################
[14:46:25.768]     INFO:    ----------------------------------------------------------------------
[14:46:25.768]     INFO:    PixTestXray::doPhRun() fParRunSeconds = 100
[14:46:25.768]     INFO:    ----------------------------------------------------------------------
[14:46:25.813]     INFO: ROC 2 masking pixel 6/57
[14:46:25.813]     INFO: ROC 2 masking pixel 41/28
[14:46:25.813]    DEBUG: <PixTestXray.cc/doPhRun:L270> booking new histograms as source name has changed
[14:46:26.774]     INFO: PixTestXray::doPhRun start TriggerLoop with trigger frequency 100 kHz, period 405 and duration 100 seconds,  fEventsMax = 10000000
[14:46:43.890]     INFO: run duration 17 seconds, buffer almost full (81%), pausing triggers.
[14:46:43.933]    DEBUG: <PixTestXray.cc/processData:L739> Getting Event Buffer
[14:47:11.420]    DEBUG: <PixTestXray.cc/processData:L757> Processing Data: 1686263 events.
[14:47:11.449]    DEBUG: <PixTestXray.cc/processData:L808>  # events read: 1686263, pixels seen in all events: 15963
[14:47:11.525]     INFO: Resuming triggers.
[14:47:28.641]     INFO: run duration 34 seconds, buffer almost full (81%), pausing triggers.
[14:47:28.665]    DEBUG: <PixTestXray.cc/processData:L739> Getting Event Buffer
[14:47:56.102]    DEBUG: <PixTestXray.cc/processData:L757> Processing Data: 1686226 events.
[14:47:56.132]    DEBUG: <PixTestXray.cc/processData:L808>  # events read: 1686226, pixels seen in all events: 16173
[14:47:56.249]     INFO: Resuming triggers.
[14:48:13.366]     INFO: run duration 51 seconds, buffer almost full (81%), pausing triggers.
[14:48:13.391]    DEBUG: <PixTestXray.cc/processData:L739> Getting Event Buffer
[14:48:40.882]    DEBUG: <PixTestXray.cc/processData:L757> Processing Data: 1686263 events.
[14:48:40.912]    DEBUG: <PixTestXray.cc/processData:L808>  # events read: 1686263, pixels seen in all events: 15821
[14:48:41.027]     INFO: Resuming triggers.
[14:48:58.144]     INFO: run duration 68 seconds, buffer almost full (81%), pausing triggers.
[14:48:58.169]    DEBUG: <PixTestXray.cc/processData:L739> Getting Event Buffer
[14:49:25.533]    DEBUG: <PixTestXray.cc/processData:L757> Processing Data: 1686250 events.
[14:49:25.563]    DEBUG: <PixTestXray.cc/processData:L808>  # events read: 1686250, pixels seen in all events: 15823
[14:49:25.681]     INFO: Resuming triggers.
[14:49:42.796]     INFO: run duration 85 seconds, buffer almost full (81%), pausing triggers.
[14:49:42.822]    DEBUG: <PixTestXray.cc/processData:L739> Getting Event Buffer
[14:50:10.148]    DEBUG: <PixTestXray.cc/processData:L757> Processing Data: 1686214 events.
[14:50:10.177]    DEBUG: <PixTestXray.cc/processData:L808>  # events read: 1686214, pixels seen in all events: 16138
[14:50:10.296]     INFO: Resuming triggers.
[14:50:24.845]     INFO: data taking finished, elapsed time: 100 seconds.
[14:50:25.041]    DEBUG: <PixTestXray.cc/processData:L739> Getting Event Buffer
[14:50:48.300]    DEBUG: <PixTestXray.cc/processData:L757> Processing Data: 1433350 events.
[14:50:48.325]    DEBUG: <PixTestXray.cc/processData:L808>  # events read: 1433350, pixels seen in all events: 13804
[14:50:48.455]     INFO: PixTest::       pg_setup set to default.
[14:50:48.487]     INFO: PixTestXray::doPhRun() done
[14:50:48.487]     INFO: PixTestXray::doTest() done 
[14:54:35.912]    DEBUG: <PixGui.cc/handleButtons:L396> PixGui::exit called
[14:54:35.913]    DEBUG: <PixGui.cc/CloseWindow:L335> Final Analog Current: 387.5mA
[14:54:35.914]    DEBUG: <PixGui.cc/CloseWindow:L336> Final Digital Current: 558.7mA
[14:54:35.914]    DEBUG: <PixGui.cc/CloseWindow:L337> Final Module Temperature: 23.4 C
[14:54:35.914]    DEBUG: <PixTestBBMap.cc/~PixTestBBMap:L97> PixTestBBMap dtor
[14:54:35.914]    DEBUG: <PixTestBB2Map.cc/~PixTestBB2Map:L115> PixTestBB2Map dtor
[14:54:35.914]    DEBUG: <PixTestBB3Map.cc/~PixTestBB3Map:L99> PixTestBB3Map dtor
[14:54:35.914]    DEBUG: <PixTestBB4Map.cc/~PixTestBB4Map:L118> PixTestBB4Map dtor
[14:54:35.914]    DEBUG: <PixTestCmd.cc/~PixTestCmd:L78> PixTestCmd dtor
[14:54:35.914]    DEBUG: <PixTestDaq.cc/~PixTestDaq:L37> PixTestDaq dtor
[14:54:35.914]    DEBUG: <PixTestDacDacScan.cc/~PixTestDacDacScan:L136> PixTestDacDacScan dtor
[14:54:35.914]    DEBUG: <PixTestDacScan.cc/~PixTestDacScan:L129> PixTestDacScan dtor
[14:54:35.915]    DEBUG: <PixTestGainPedestal.cc/~PixTestGainPedestal:L125> PixTestGainPedestal dtor
[14:54:35.915]    DEBUG: <PixTestHighRate.cc/~PixTestHighRate:L245> PixTestHighRate dtor
[14:54:35.915]    DEBUG: <PixTestIV.cc/~PixTestIV:L96> PixTestIV dtor
[14:54:35.915]    DEBUG: <PixTestAlive.cc/~PixTestAlive:L109> PixTestAlive dtor
[14:54:35.915]    DEBUG: <PixTestPretest.cc/~PixTestPretest:L136> PixTestPretest dtor
[14:54:35.915]    DEBUG: <PixTestReadback.cc/~PixTestReadback:L89> PixTestReadback dtor, saving tree ... 
[14:54:35.915]    DEBUG: <PixTestScurves.cc/~PixTestScurves:L142> PixTestScurves dtor
[14:54:35.915]    DEBUG: <PixTestTiming.cc/~PixTestTiming:L97> PixTestTiming dtor
[14:54:35.915]    DEBUG: <PixTestTrim.cc/~PixTestTrim:L103> PixTestTrim dtor
[14:54:35.915]    DEBUG: <PixTestXray.cc/~PixTestXray:L217> PixTestXray dtor
[14:54:36.462]    QUIET: Connection to board 58 closed.
[14:54:36.546]    DEBUG: <PixMonitor.cc/dumpSummaries:L39> PixMonitor::dumpSummaries
