[11:30:19.563]     INFO: *** Welcome to pxar ***
[11:30:19.563]     INFO: *** Today: 2016/01/12
[11:30:19.573]     INFO: *** Version: prod-12
[11:30:19.573]     INFO: readRocDacs: data/mh123/M-H-1-23_ElComandanteTest_2016-01-07_10h44m_1452185090/000_FPIXTest_p17/dacParameters35_C0.dat .. data/mh123/M-H-1-23_ElComandanteTest_2016-01-07_10h44m_1452185090/000_FPIXTest_p17/dacParameters35_C15.dat
[11:30:19.574]     INFO: readTbmDacs: data/mh123/M-H-1-23_ElComandanteTest_2016-01-07_10h44m_1452185090/000_FPIXTest_p17/tbmParameters_C0a.dat .. data/mh123/M-H-1-23_ElComandanteTest_2016-01-07_10h44m_1452185090/000_FPIXTest_p17/tbmParameters_C0b.dat
[11:30:19.575]     INFO: readMaskFile: data/mh123/M-H-1-23_ElComandanteTest_2016-01-07_10h44m_1452185090/000_FPIXTest_p17/defaultMaskFile.dat
[11:30:19.575]     INFO: MASKED Roc 2 col/row: 6 57
[11:30:19.575]     INFO: MASKED Roc 2 col/row: 41 28
[11:30:19.575]     INFO: readTrimFile: data/mh123/M-H-1-23_ElComandanteTest_2016-01-07_10h44m_1452185090/000_FPIXTest_p17/trimParameters35_C0.dat .. data/mh123/M-H-1-23_ElComandanteTest_2016-01-07_10h44m_1452185090/000_FPIXTest_p17/trimParameters35_C15.dat
[11:30:19.595]     INFO:   masking Roc 2 col/row: 6 57
[11:30:19.595]     INFO:   masking Roc 2 col/row: 41 28
[11:30:19.727]     INFO:         clk: 4
[11:30:19.727]     INFO:         ctr: 4
[11:30:19.727]     INFO:         sda: 19
[11:30:19.727]     INFO:         tin: 9
[11:30:19.727]     INFO:         level: 15
[11:30:19.727]     INFO:         triggerdelay: 0
[11:30:19.727]    QUIET: Instanciating API for pxar prod-12
[11:30:19.727]     INFO: Log level: DEBUG
[11:30:19.739]    QUIET: Connection to board DTB_WRPRHI opened.
[11:30:19.742]     INFO: DTB startup information
--- DTB info------------------------------------------
Board id:    58
HW version:  DTB1.2
FW version:  4.2
SW version:  4.5
USB id:      DTB_WRPRHI
MAC address: 40D85511803A
Hostname:    pixelDTB058
Comment:     
------------------------------------------------------
[11:30:19.745]     INFO: RPC call hashes of host and DTB match: 398089610
[11:30:21.348]     INFO: DUT info: 
[11:30:21.349]     INFO: The DUT currently contains the following objects:
[11:30:21.349]     INFO:  2 TBM Cores tbm08c (2 ON)
[11:30:21.349]     INFO: 	TBM Core alpha (0): 7 registers set
[11:30:21.349]     INFO: 	TBM Core beta  (1): 7 registers set
[11:30:21.349]     INFO: 16 ROCs psi46digv21respin (16 ON) with 4160 pixelConfigs
[11:30:21.349]     INFO: 	ROC 0: 19 DACs set, Pixels: 0 masked, 0 active.
[11:30:21.349]     INFO: 	ROC 1: 19 DACs set, Pixels: 0 masked, 0 active.
[11:30:21.349]     INFO: 	ROC 2: 19 DACs set, Pixels: 2 masked, 0 active.
[11:30:21.349]     INFO: 	ROC 3: 19 DACs set, Pixels: 0 masked, 0 active.
[11:30:21.349]     INFO: 	ROC 4: 19 DACs set, Pixels: 0 masked, 0 active.
[11:30:21.349]     INFO: 	ROC 5: 19 DACs set, Pixels: 0 masked, 0 active.
[11:30:21.349]     INFO: 	ROC 6: 19 DACs set, Pixels: 0 masked, 0 active.
[11:30:21.349]     INFO: 	ROC 7: 19 DACs set, Pixels: 0 masked, 0 active.
[11:30:21.349]     INFO: 	ROC 8: 19 DACs set, Pixels: 0 masked, 0 active.
[11:30:21.349]     INFO: 	ROC 9: 19 DACs set, Pixels: 0 masked, 0 active.
[11:30:21.349]     INFO: 	ROC 10: 19 DACs set, Pixels: 0 masked, 0 active.
[11:30:21.349]     INFO: 	ROC 11: 19 DACs set, Pixels: 0 masked, 0 active.
[11:30:21.349]     INFO: 	ROC 12: 19 DACs set, Pixels: 0 masked, 0 active.
[11:30:21.349]     INFO: 	ROC 13: 19 DACs set, Pixels: 0 masked, 0 active.
[11:30:21.349]     INFO: 	ROC 14: 19 DACs set, Pixels: 0 masked, 0 active.
[11:30:21.349]     INFO: 	ROC 15: 19 DACs set, Pixels: 0 masked, 0 active.
[11:30:21.350]    DEBUG: <PixTestParameters.cc/dump:L104> PixTestParameters: ->BB<-
[11:30:21.350]    DEBUG: <PixTestParameters.cc/dump:L107>   dumpall: checkbox(0)
[11:30:21.350]    DEBUG: <PixTestParameters.cc/dump:L107>   dumpproblematic: checkbox(0)
[11:30:21.350]    DEBUG: <PixTestParameters.cc/dump:L107>   ntrig: 5
[11:30:21.350]    DEBUG: <PixTestParameters.cc/dump:L107>   vcals: 250
[11:30:21.350]    DEBUG: <PixTestParameters.cc/dump:L104> PixTestParameters: ->BB2<-
[11:30:21.350]    DEBUG: <PixTestParameters.cc/dump:L107>   ntrig: 10
[11:30:21.350]    DEBUG: <PixTestParameters.cc/dump:L107>   vcals: 222
[11:30:21.350]    DEBUG: <PixTestParameters.cc/dump:L107>   plwidth: 35
[11:30:21.350]    DEBUG: <PixTestParameters.cc/dump:L107>   pix: 11,20
[11:30:21.350]    DEBUG: <PixTestParameters.cc/dump:L107>   targetia: 24
[11:30:21.350]    DEBUG: <PixTestParameters.cc/dump:L104> PixTestParameters: ->BB3<-
[11:30:21.350]    DEBUG: <PixTestParameters.cc/dump:L107>   dumpall: checkbox(0)
[11:30:21.350]    DEBUG: <PixTestParameters.cc/dump:L107>   dumpproblematic: checkbox(0)
[11:30:21.350]    DEBUG: <PixTestParameters.cc/dump:L107>   ntrig: 5
[11:30:21.350]    DEBUG: <PixTestParameters.cc/dump:L107>   vcals: 250
[11:30:21.350]    DEBUG: <PixTestParameters.cc/dump:L104> PixTestParameters: ->BB4<-
[11:30:21.350]    DEBUG: <PixTestParameters.cc/dump:L107>   savecaldelscan: checkbox(0)
[11:30:21.350]    DEBUG: <PixTestParameters.cc/dump:L107>   ntrig: 100
[11:30:21.350]    DEBUG: <PixTestParameters.cc/dump:L107>   cals: 1
[11:30:21.350]    DEBUG: <PixTestParameters.cc/dump:L107>   caldello: 80
[11:30:21.350]    DEBUG: <PixTestParameters.cc/dump:L107>   caldelhi: 200
[11:30:21.350]    DEBUG: <PixTestParameters.cc/dump:L107>   caldelstep: 10
[11:30:21.350]    DEBUG: <PixTestParameters.cc/dump:L107>   vthrcomplo: 70
[11:30:21.350]    DEBUG: <PixTestParameters.cc/dump:L107>   vthrcomphi: 130
[11:30:21.350]    DEBUG: <PixTestParameters.cc/dump:L107>   vthrcompstep: 5
[11:30:21.350]    DEBUG: <PixTestParameters.cc/dump:L107>   noisypixels: 10
[11:30:21.350]    DEBUG: <PixTestParameters.cc/dump:L107>   vcal: 255
[11:30:21.350]    DEBUG: <PixTestParameters.cc/dump:L107>   cut: 0.5
[11:30:21.350]    DEBUG: <PixTestParameters.cc/dump:L104> PixTestParameters: ->Cmd<-
[11:30:21.350]    DEBUG: <PixTestParameters.cc/dump:L104> PixTestParameters: ->DAQ<-
[11:30:21.350]    DEBUG: <PixTestParameters.cc/dump:L107>   delaytbm: checkbox
[11:30:21.350]    DEBUG: <PixTestParameters.cc/dump:L107>   filltree: checkbox
[11:30:21.350]    DEBUG: <PixTestParameters.cc/dump:L107>   trgfrequency(khz): 100
[11:30:21.350]    DEBUG: <PixTestParameters.cc/dump:L107>   maskhotpixels: button
[11:30:21.350]    DEBUG: <PixTestParameters.cc/dump:L107>   trgnumber: 5
[11:30:21.350]    DEBUG: <PixTestParameters.cc/dump:L107>   iterations: 10
[11:30:21.350]    DEBUG: <PixTestParameters.cc/dump:L107>   rundaqtrg: button
[11:30:21.350]    DEBUG: <PixTestParameters.cc/dump:L107>   daqseconds: 5
[11:30:21.350]    DEBUG: <PixTestParameters.cc/dump:L107>   rundaqseconds: button
[11:30:21.350]    DEBUG: <PixTestParameters.cc/dump:L104> PixTestParameters: ->DacDacScan<-
[11:30:21.350]    DEBUG: <PixTestParameters.cc/dump:L107>   phmap: checkbox
[11:30:21.350]    DEBUG: <PixTestParameters.cc/dump:L107>   ntrig: 10
[11:30:21.350]    DEBUG: <PixTestParameters.cc/dump:L107>   dac1: caldel
[11:30:21.350]    DEBUG: <PixTestParameters.cc/dump:L107>   dac1lo: 0
[11:30:21.350]    DEBUG: <PixTestParameters.cc/dump:L107>   dac1hi: 255
[11:30:21.350]    DEBUG: <PixTestParameters.cc/dump:L107>   dac2: vthrcomp
[11:30:21.350]    DEBUG: <PixTestParameters.cc/dump:L107>   dac2lo: 0
[11:30:21.350]    DEBUG: <PixTestParameters.cc/dump:L107>   dac2hi: 255
[11:30:21.350]    DEBUG: <PixTestParameters.cc/dump:L107>   pix: 11,20
[11:30:21.350]    DEBUG: <PixTestParameters.cc/dump:L104> PixTestParameters: ->DacScan<-
[11:30:21.350]    DEBUG: <PixTestParameters.cc/dump:L107>   phmap: checkbox(1)
[11:30:21.350]    DEBUG: <PixTestParameters.cc/dump:L107>   allpixels: checkbox(0)
[11:30:21.350]    DEBUG: <PixTestParameters.cc/dump:L107>   unmasked: checkbox(0)
[11:30:21.350]    DEBUG: <PixTestParameters.cc/dump:L107>   ntrig: 10
[11:30:21.350]    DEBUG: <PixTestParameters.cc/dump:L107>   dac: vcal
[11:30:21.351]    DEBUG: <PixTestParameters.cc/dump:L107>   daclo: 0
[11:30:21.351]    DEBUG: <PixTestParameters.cc/dump:L107>   dachi: 255
[11:30:21.351]    DEBUG: <PixTestParameters.cc/dump:L107>   pix: 11,20
[11:30:21.351]    DEBUG: <PixTestParameters.cc/dump:L104> PixTestParameters: ->GainPedestal<-
[11:30:21.351]    DEBUG: <PixTestParameters.cc/dump:L107>   showfits: checkbox(0)
[11:30:21.351]    DEBUG: <PixTestParameters.cc/dump:L107>   extended: checkbox(0)
[11:30:21.351]    DEBUG: <PixTestParameters.cc/dump:L107>   dumphists: checkbox(0)
[11:30:21.351]    DEBUG: <PixTestParameters.cc/dump:L107>   ntrig: 10
[11:30:21.351]    DEBUG: <PixTestParameters.cc/dump:L107>   vcalstep: 10
[11:30:21.351]    DEBUG: <PixTestParameters.cc/dump:L107>   measure: button
[11:30:21.351]    DEBUG: <PixTestParameters.cc/dump:L107>   fit: button
[11:30:21.351]    DEBUG: <PixTestParameters.cc/dump:L107>   save: button
[11:30:21.351]    DEBUG: <PixTestParameters.cc/dump:L104> PixTestParameters: ->HighRate<-
[11:30:21.351]    DEBUG: <PixTestParameters.cc/dump:L107>   pix: 11,20
[11:30:21.351]    DEBUG: <PixTestParameters.cc/dump:L107>   trimhotpixels: button
[11:30:21.351]    DEBUG: <PixTestParameters.cc/dump:L107>   trimhotpixelthr: 200
[11:30:21.351]    DEBUG: <PixTestParameters.cc/dump:L107>   runsecondshotpixels: 10
[11:30:21.351]    DEBUG: <PixTestParameters.cc/dump:L107>   savetrimbits: checkbox(1)
[11:30:21.351]    DEBUG: <PixTestParameters.cc/dump:L107>   maskuntrimmable: checkbox(1)
[11:30:21.351]    DEBUG: <PixTestParameters.cc/dump:L107>   maskhotpixels: button
[11:30:21.351]    DEBUG: <PixTestParameters.cc/dump:L107>   savemaskfile: checkbox(0)
[11:30:21.351]    DEBUG: <PixTestParameters.cc/dump:L107>   maskfilename: default
[11:30:21.351]    DEBUG: <PixTestParameters.cc/dump:L107>   caldelscan: button
[11:30:21.351]    DEBUG: <PixTestParameters.cc/dump:L107>   xpixelalive: button
[11:30:21.351]    DEBUG: <PixTestParameters.cc/dump:L107>   ntrig: 50
[11:30:21.351]    DEBUG: <PixTestParameters.cc/dump:L107>   vcal: 200
[11:30:21.351]    DEBUG: <PixTestParameters.cc/dump:L107>   xnoisemaps: button
[11:30:21.351]    DEBUG: <PixTestParameters.cc/dump:L107>   daclo: 0
[11:30:21.351]    DEBUG: <PixTestParameters.cc/dump:L107>   dachi: 100
[11:30:21.351]    DEBUG: <PixTestParameters.cc/dump:L107>   dacs/step: 20
[11:30:21.351]    DEBUG: <PixTestParameters.cc/dump:L107>   rundaq: button
[11:30:21.351]    DEBUG: <PixTestParameters.cc/dump:L107>   trgfrequency(khz): 20
[11:30:21.351]    DEBUG: <PixTestParameters.cc/dump:L107>   runseconds: 2
[11:30:21.351]    DEBUG: <PixTestParameters.cc/dump:L107>   triggerdelay: 20
[11:30:21.351]    DEBUG: <PixTestParameters.cc/dump:L107>   delaytbm: checkbox
[11:30:21.351]    DEBUG: <PixTestParameters.cc/dump:L107>   filltree: checkbox
[11:30:21.351]    DEBUG: <PixTestParameters.cc/dump:L104> PixTestParameters: ->IV<-
[11:30:21.351]    DEBUG: <PixTestParameters.cc/dump:L107>   port: /dev/FIXME
[11:30:21.351]    DEBUG: <PixTestParameters.cc/dump:L107>   voltagestart: 0
[11:30:21.351]    DEBUG: <PixTestParameters.cc/dump:L107>   voltagestop: 600
[11:30:21.351]    DEBUG: <PixTestParameters.cc/dump:L107>   voltagestep: 5
[11:30:21.351]    DEBUG: <PixTestParameters.cc/dump:L107>   delay: 1
[11:30:21.351]    DEBUG: <PixTestParameters.cc/dump:L107>   compliance(ua): 100
[11:30:21.351]    DEBUG: <PixTestParameters.cc/dump:L104> PixTestParameters: ->PhOptimization<-
[11:30:21.351]    DEBUG: <PixTestParameters.cc/dump:L107>   ntrig: 10
[11:30:21.351]    DEBUG: <PixTestParameters.cc/dump:L107>   safetymarginlow: 20
[11:30:21.351]    DEBUG: <PixTestParameters.cc/dump:L107>   saturationvcal: 100
[11:30:21.351]    DEBUG: <PixTestParameters.cc/dump:L107>   quantilesaturation: 0.98
[11:30:21.351]    DEBUG: <PixTestParameters.cc/dump:L104> PixTestParameters: ->PixelAlive<-
[11:30:21.351]    DEBUG: <PixTestParameters.cc/dump:L107>   ntrig: 10
[11:30:21.351]    DEBUG: <PixTestParameters.cc/dump:L107>   vcal: 200
[11:30:21.351]    DEBUG: <PixTestParameters.cc/dump:L107>   alivetest: button
[11:30:21.351]    DEBUG: <PixTestParameters.cc/dump:L107>   masktest: button
[11:30:21.351]    DEBUG: <PixTestParameters.cc/dump:L107>   addressdecodingtest: button
[11:30:21.351]    DEBUG: <PixTestParameters.cc/dump:L104> PixTestParameters: ->Pretest<-
[11:30:21.351]    DEBUG: <PixTestParameters.cc/dump:L107>   programroc: button
[11:30:21.351]    DEBUG: <PixTestParameters.cc/dump:L107>   targetia: 24
[11:30:21.351]    DEBUG: <PixTestParameters.cc/dump:L107>   setvana: button
[11:30:21.352]    DEBUG: <PixTestParameters.cc/dump:L107>   iterations: 100
[11:30:21.352]    DEBUG: <PixTestParameters.cc/dump:L107>   settimings: button
[11:30:21.352]    DEBUG: <PixTestParameters.cc/dump:L107>   findtiming: button
[11:30:21.352]    DEBUG: <PixTestParameters.cc/dump:L107>   findworkingpixel: button
[11:30:21.352]    DEBUG: <PixTestParameters.cc/dump:L107>   setvthrcompcaldel: button
[11:30:21.352]    DEBUG: <PixTestParameters.cc/dump:L107>   pix: 11,20
[11:30:21.352]    DEBUG: <PixTestParameters.cc/dump:L107>   vcal: 250
[11:30:21.352]    DEBUG: <PixTestParameters.cc/dump:L107>   deltavthrcomp: 50
[11:30:21.352]    DEBUG: <PixTestParameters.cc/dump:L107>   fraccaldel: 0.5
[11:30:21.352]    DEBUG: <PixTestParameters.cc/dump:L107>   ntrig: 5
[11:30:21.352]    DEBUG: <PixTestParameters.cc/dump:L107>   savedacs: button
[11:30:21.352]    DEBUG: <PixTestParameters.cc/dump:L104> PixTestParameters: ->Readback<-
[11:30:21.352]    DEBUG: <PixTestParameters.cc/dump:L107>   calibratevd: button
[11:30:21.352]    DEBUG: <PixTestParameters.cc/dump:L107>   calibrateva: button
[11:30:21.352]    DEBUG: <PixTestParameters.cc/dump:L107>   calibrateia: button
[11:30:21.352]    DEBUG: <PixTestParameters.cc/dump:L107>   readbackvbg: button
[11:30:21.352]    DEBUG: <PixTestParameters.cc/dump:L107>   getcalibratedvbg: button
[11:30:21.352]    DEBUG: <PixTestParameters.cc/dump:L107>   usecalvd: checkbox(1)
[11:30:21.352]    DEBUG: <PixTestParameters.cc/dump:L107>   usecalva: checkbox(0)
[11:30:21.352]    DEBUG: <PixTestParameters.cc/dump:L107>   setvana: button
[11:30:21.352]    DEBUG: <PixTestParameters.cc/dump:L104> PixTestParameters: ->Scurves<-
[11:30:21.352]    DEBUG: <PixTestParameters.cc/dump:L107>   adjustvcal: checkbox(0)
[11:30:21.352]    DEBUG: <PixTestParameters.cc/dump:L107>   dumpall: checkbox(0)
[11:30:21.352]    DEBUG: <PixTestParameters.cc/dump:L107>   dumpproblematic: checkbox(0)
[11:30:21.352]    DEBUG: <PixTestParameters.cc/dump:L107>   dumpoutputfile: checkbox(0)
[11:30:21.352]    DEBUG: <PixTestParameters.cc/dump:L107>   ntrig: 50
[11:30:21.352]    DEBUG: <PixTestParameters.cc/dump:L107>   dac: Vcal
[11:30:21.352]    DEBUG: <PixTestParameters.cc/dump:L107>   daclo: 0
[11:30:21.352]    DEBUG: <PixTestParameters.cc/dump:L107>   dachi: 200
[11:30:21.352]    DEBUG: <PixTestParameters.cc/dump:L107>   dacs/step: -1
[11:30:21.352]    DEBUG: <PixTestParameters.cc/dump:L107>   ntrig/step: -1
[11:30:21.352]    DEBUG: <PixTestParameters.cc/dump:L107>   scurves: button
[11:30:21.352]    DEBUG: <PixTestParameters.cc/dump:L104> PixTestParameters: ->Timing<-
[11:30:21.352]    DEBUG: <PixTestParameters.cc/dump:L107>   targetclk: 4
[11:30:21.352]    DEBUG: <PixTestParameters.cc/dump:L107>   ntrig: 10
[11:30:21.352]    DEBUG: <PixTestParameters.cc/dump:L107>   clocksdascan: button
[11:30:21.352]    DEBUG: <PixTestParameters.cc/dump:L107>   notokenpass: checkbox(0)
[11:30:21.352]    DEBUG: <PixTestParameters.cc/dump:L107>   phasescan: button
[11:30:21.352]    DEBUG: <PixTestParameters.cc/dump:L107>   levelscan: button
[11:30:21.352]    DEBUG: <PixTestParameters.cc/dump:L107>   tbmphasescan: button
[11:30:21.352]    DEBUG: <PixTestParameters.cc/dump:L107>   rocdelayscan: button
[11:30:21.352]    DEBUG: <PixTestParameters.cc/dump:L107>   timingtest: button
[11:30:21.352]    DEBUG: <PixTestParameters.cc/dump:L107>   saveparameters: button
[11:30:21.352]    DEBUG: <PixTestParameters.cc/dump:L104> PixTestParameters: ->Trim<-
[11:30:21.352]    DEBUG: <PixTestParameters.cc/dump:L107>   trim: button
[11:30:21.352]    DEBUG: <PixTestParameters.cc/dump:L107>   ntrig: 8
[11:30:21.352]    DEBUG: <PixTestParameters.cc/dump:L107>   vcal: 35
[11:30:21.352]    DEBUG: <PixTestParameters.cc/dump:L107>   trimbits: button
[11:30:21.352]    DEBUG: <PixTestParameters.cc/dump:L104> PixTestParameters: ->Xray<-
[11:30:21.352]    DEBUG: <PixTestParameters.cc/dump:L107>   maskhotpixels: button
[11:30:21.352]    DEBUG: <PixTestParameters.cc/dump:L107>   savemaskfile: checkbox(0)
[11:30:21.352]    DEBUG: <PixTestParameters.cc/dump:L107>   maskfilename: default
[11:30:21.352]    DEBUG: <PixTestParameters.cc/dump:L107>   source: Ag
[11:30:21.352]    DEBUG: <PixTestParameters.cc/dump:L107>   phrun: button
[11:30:21.352]    DEBUG: <PixTestParameters.cc/dump:L107>   runseconds: 100
[11:30:21.352]    DEBUG: <PixTestParameters.cc/dump:L107>   trgfrequency(khz): 100
[11:30:21.352]    DEBUG: <PixTestParameters.cc/dump:L107>   ratescan: button
[11:30:21.352]    DEBUG: <PixTestParameters.cc/dump:L107>   vthrcompmin: 10
[11:30:21.353]    DEBUG: <PixTestParameters.cc/dump:L107>   vthrcompmax: 80
[11:30:21.353]    DEBUG: <PixTestParameters.cc/dump:L107>   stepseconds: 5
[11:30:21.353]    DEBUG: <PixTestParameters.cc/dump:L107>   delaytbm: checkbox
[11:30:21.353]    DEBUG: <PixTestParameters.cc/dump:L107>   filltree: checkbox
[11:30:21.355]    DEBUG: <PixSetup.cc/init:L81> PixSetup init start; getCurrentRSS() = 34848768
[11:30:21.355]    DEBUG: <PixSetup.cc/init:L87> fPixTestParameters = 0x1974380
[11:30:21.355]    DEBUG: <PixSetup.cc/init:L88>  fConfigParameters = 0x18e9c10
[11:30:21.355]    DEBUG: <PixSetup.cc/init:L89>        fPxarMemory = 0x7f6bd5d94010
[11:30:21.355]    DEBUG: <PixSetup.cc/init:L90>         fPxarMemHi = 0x7f6bdbfff510
[11:30:21.355]    DEBUG: <PixSetup.cc/init:L106> PixSetup init done;  getCurrentRSS() = 34856960 fPxarMemory = 0x7f6bd5d94010
[11:30:21.356]    DEBUG: <pXar.cc/main:L223> Initial Analog Current: 384.3mA
[11:30:21.357]    DEBUG: <pXar.cc/main:L224> Initial Digital Current: 561.9mA
[11:30:21.357]    DEBUG: <pXar.cc/main:L225> Initial Module Temperature: 20.0 C
[11:30:21.857]    DEBUG: <PixGui.cc/hvOn:L460> HV set On: 0x1f32730
[11:30:21.922]    DEBUG: <PixTestFactory.cc/PixTestFactory:L53> PixTestFactory::PixTestFactory()
[11:30:21.923]    DEBUG: <PixTestBBMap.cc/init:L79> PixTestBBMap::init()
[11:30:21.923]    DEBUG: <PixTestBBMap.cc/PixTestBBMap:L27> PixTestBBMap ctor(PixSetup &a, string, TGTab *)
[11:30:21.929]    DEBUG: <PixTestBB2Map.cc/setParameter:L58> setting fTargetIa    = 24 mA/ROC
[11:30:21.929]    DEBUG: <PixTestBB2Map.cc/init:L97> PixTestBB2Map::init()
[11:30:21.929]    DEBUG: <PixTestBB2Map.cc/PixTestBB2Map:L29> PixTestBB2Map ctor(PixSetup &a, string, TGTab *)
[11:30:21.939]    DEBUG: <PixTestBB3Map.cc/init:L81> PixTestBB3Map::init()
[11:30:21.939]    DEBUG: <PixTestBB3Map.cc/PixTestBB3Map:L29> PixTestBB3Map ctor(PixSetup &a, string, TGTab *)
[11:30:21.953]    DEBUG: <PixTestBB4Map.cc/init:L93> PixTestBB4Map::init()
[11:30:21.953]    DEBUG: <PixTestBB4Map.cc/PixTestBB4Map:L26> PixTestMapeff ctor(PixSetup &a, string, TGTab *)
[11:30:21.969]     INFO: PixTestCmd::init()
[11:30:21.984]    DEBUG: <PixTestDaq.cc/init:L44> PixTestDaq::init()
[11:30:21.984]    DEBUG: <PixTestDaq.cc/PixTestDaq:L22> PixTestDaq ctor(PixSetup &a, string, TGTab *)
[11:30:21.984]     INFO: readGainPedestalParameters data/mh123/M-H-1-23_ElComandanteTest_2016-01-07_10h44m_1452185090/000_FPIXTest_p17/phCalibrationFitErr35_C0.dat .. data/mh123/M-H-1-23_ElComandanteTest_2016-01-07_10h44m_1452185090/000_FPIXTest_p17/phCalibrationFitErr35_C15.dat
[11:30:22.227]    DEBUG: <PixTestDacDacScan.cc/init:L103> PixTestDacDacScan::init()
[11:30:22.227]    DEBUG: <PixTestDacDacScan.cc/PixTestDacDacScan:L22> PixTestDacDacScan ctor(PixSetup &a, string, TGTab *)
[11:30:22.241]    DEBUG: <PixTestGainPedestal.cc/setParameter:L83> PixTestGainPedestal::PixTest() fVcalStep = 10
[11:30:22.247]    DEBUG: <PixTestHighRate.cc/setParameter:L68>   setting fParTriggerFrequency -> 20
[11:30:22.247]    DEBUG: <PixTestHighRate.cc/init:L198> PixTestHighRate::init()
[11:30:22.247]    DEBUG: <PixTestHighRate.cc/PixTestHighRate:L31> PixTestHighRate ctor(PixSetup &a, string, TGTab *)
[11:30:22.271]    DEBUG: <PixTest.cc/setTestParameter:L637>  setting  ntrig to new value 10
[11:30:22.271]    DEBUG: <PixTestPhOptimization.cc/setParameter:L37>   setting fParNtrig  ->10<- from sval = 10
[11:30:22.271]    DEBUG: <PixTestPhOptimization.cc/setParameter:L42>   setting fSafetyMarginLow  ->20<- from sval = 20
[11:30:22.271]    DEBUG: <PixTestPhOptimization.cc/setParameter:L48>   setting fVcalMax  ->100<- from sval = 100
[11:30:22.271]    DEBUG: <PixTestPhOptimization.cc/setParameter:L53>   setting fQuantMax  ->0.98<- from sval = 0.98
[11:30:22.278]    DEBUG: <PixTestAlive.cc/init:L77> PixTestAlive::init()
[11:30:22.278]    DEBUG: <PixTestAlive.cc/PixTestAlive:L21> PixTestAlive ctor(PixSetup &a, string, TGTab *)
[11:30:22.301]    DEBUG: <PixTestReadback.cc/setParameter:L172> fCalwVd set to 1
[11:30:22.301]    DEBUG: <PixTestReadback.cc/init:L95> PixTestReadback::init()
[11:30:22.302]    DEBUG: <PixTestReadback.cc/PixTestReadback:L22> PixTestReadback ctor(PixSetup &a, string, TGTab *)
[11:30:22.302]     INFO: readReadbackCal: data/mh123/M-H-1-23_ElComandanteTest_2016-01-07_10h44m_1452185090/000_FPIXTest_p17/readbackCal_C0.dat .. data/mh123/M-H-1-23_ElComandanteTest_2016-01-07_10h44m_1452185090/000_FPIXTest_p17/readbackCal_C15.dat
[11:30:22.311]    DEBUG: <PixTestScurves.cc/setParameter:L93> set fOutputFilename = 
[11:30:22.319]    DEBUG: <PixTestTiming.cc/setParameter:L60> PixTestTiming::PixTest() targetclk = 4
[11:30:22.319]    DEBUG: <PixTestTiming.cc/setParameter:L64> PixTestTiming::PixTest() ntrig = 10
[11:30:22.319]    DEBUG: <PixTestTiming.cc/setParameter:L48> fNoTokenPass: 0
[11:30:22.319]    DEBUG: <PixTestTiming.cc/init:L74> PixTestTiming::init()
[11:30:22.339]    DEBUG: <PixTestXray.cc/init:L134> PixTestXray::init()
[11:30:22.339]    DEBUG: <PixTestXray.cc/PixTestXray:L28> PixTestXray ctor(PixSetup &a, string, TGTab *)
[11:30:28.476]    DEBUG: <PixTab.cc/buttonClicked:L308> xxxPressed():  caldelscan
[11:30:28.476]    DEBUG: <PixTestHighRate.cc/runCommand:L157> running command: caldelscan
[11:30:28.476]     INFO:    ----------------------------------------------------------------------
[11:30:28.476]     INFO:    PixTestHighRate::calDelScan() ntrig = 10, vcal = 200
[11:30:28.476]     INFO:    ----------------------------------------------------------------------
[11:30:28.616]     INFO: Expecting 768 events.
[11:30:29.754]     INFO: 768 events read in total (419ms).
[11:30:29.943]     INFO: Test took 1461ms.
[11:30:29.946]     INFO: ROC 2 masking pixel 6/57
[11:30:29.946]     INFO: ROC 2 masking pixel 41/28
[11:30:29.949]    DEBUG: <PixTest.cc/efficiencyMaps:L396>       attempt #0
[11:30:30.617]     INFO: Expecting 41600 events.
[11:30:33.714]     INFO: 41600 events read in total (2570ms).
[11:30:33.717]     INFO: Test took 3768ms.
[11:30:33.771]     INFO: Fetched DAQ statistics. Counters are being reset now.
[11:30:33.772]    DEBUG: <PixTest.cc/efficiencyMaps:L407>  eff result size = 291259
[11:30:33.772]    DEBUG: <PixTest.cc/efficiencyMaps:L412> Create hists HR_xeff_CalDelScan_step0_C0 .. HR_xeff_CalDelScan_step0_C15
[11:30:33.772]    DEBUG: <PixTest.cc/efficiencyMaps:L426> booking xray maps for unmasked detector
[11:30:33.800]    DEBUG: <PixTest.cc/efficiencyMaps:L396>       attempt #0
[11:30:34.467]     INFO: Expecting 41600 events.
[11:30:37.691]     INFO: 41600 events read in total (2697ms).
[11:30:37.694]     INFO: Test took 3894ms.
[11:30:37.747]     INFO: Fetched DAQ statistics. Counters are being reset now.
[11:30:37.747]    DEBUG: <PixTest.cc/efficiencyMaps:L407>  eff result size = 299664
[11:30:37.747]    DEBUG: <PixTest.cc/efficiencyMaps:L412> Create hists HR_xeff_CalDelScan_step1_C0 .. HR_xeff_CalDelScan_step1_C15
[11:30:37.747]    DEBUG: <PixTest.cc/efficiencyMaps:L426> booking xray maps for unmasked detector
[11:30:37.776]    DEBUG: <PixTest.cc/efficiencyMaps:L396>       attempt #0
[11:30:38.443]     INFO: Expecting 41600 events.
[11:30:41.729]     INFO: 41600 events read in total (2759ms).
[11:30:41.731]     INFO: Test took 3955ms.
[11:30:41.784]     INFO: Fetched DAQ statistics. Counters are being reset now.
[11:30:41.784]    DEBUG: <PixTest.cc/efficiencyMaps:L407>  eff result size = 303971
[11:30:41.784]    DEBUG: <PixTest.cc/efficiencyMaps:L412> Create hists HR_xeff_CalDelScan_step2_C0 .. HR_xeff_CalDelScan_step2_C15
[11:30:41.784]    DEBUG: <PixTest.cc/efficiencyMaps:L426> booking xray maps for unmasked detector
[11:30:41.812]    DEBUG: <PixTest.cc/efficiencyMaps:L396>       attempt #0
[11:30:42.478]     INFO: Expecting 41600 events.
[11:30:45.774]     INFO: 41600 events read in total (2770ms).
[11:30:45.777]     INFO: Test took 3965ms.
[11:30:45.828]     INFO: Fetched DAQ statistics. Counters are being reset now.
[11:30:45.828]    DEBUG: <PixTest.cc/efficiencyMaps:L407>  eff result size = 304169
[11:30:45.828]    DEBUG: <PixTest.cc/efficiencyMaps:L412> Create hists HR_xeff_CalDelScan_step3_C0 .. HR_xeff_CalDelScan_step3_C15
[11:30:45.828]    DEBUG: <PixTest.cc/efficiencyMaps:L426> booking xray maps for unmasked detector
[11:30:45.856]    DEBUG: <PixTest.cc/efficiencyMaps:L396>       attempt #0
[11:30:46.521]     INFO: Expecting 41600 events.
[11:30:49.811]     INFO: 41600 events read in total (2763ms).
[11:30:49.814]     INFO: Test took 3957ms.
[11:30:49.866]     INFO: Fetched DAQ statistics. Counters are being reset now.
[11:30:49.866]    DEBUG: <PixTest.cc/efficiencyMaps:L407>  eff result size = 304792
[11:30:49.866]    DEBUG: <PixTest.cc/efficiencyMaps:L412> Create hists HR_xeff_CalDelScan_step4_C0 .. HR_xeff_CalDelScan_step4_C15
[11:30:49.866]    DEBUG: <PixTest.cc/efficiencyMaps:L426> booking xray maps for unmasked detector
[11:30:49.895]    DEBUG: <PixTest.cc/efficiencyMaps:L396>       attempt #0
[11:30:50.560]     INFO: Expecting 41600 events.
[11:30:53.854]     INFO: 41600 events read in total (2767ms).
[11:30:53.857]     INFO: Test took 3962ms.
[11:30:53.909]     INFO: Fetched DAQ statistics. Counters are being reset now.
[11:30:53.909]    DEBUG: <PixTest.cc/efficiencyMaps:L407>  eff result size = 305949
[11:30:53.909]    DEBUG: <PixTest.cc/efficiencyMaps:L412> Create hists HR_xeff_CalDelScan_step5_C0 .. HR_xeff_CalDelScan_step5_C15
[11:30:53.909]    DEBUG: <PixTest.cc/efficiencyMaps:L426> booking xray maps for unmasked detector
[11:30:53.937]    DEBUG: <PixTest.cc/efficiencyMaps:L396>       attempt #0
[11:30:54.603]     INFO: Expecting 41600 events.
[11:30:57.908]     INFO: 41600 events read in total (2778ms).
[11:30:57.911]     INFO: Test took 3974ms.
[11:30:57.963]     INFO: Fetched DAQ statistics. Counters are being reset now.
[11:30:57.963]    DEBUG: <PixTest.cc/efficiencyMaps:L407>  eff result size = 305154
[11:30:57.963]    DEBUG: <PixTest.cc/efficiencyMaps:L412> Create hists HR_xeff_CalDelScan_step6_C0 .. HR_xeff_CalDelScan_step6_C15
[11:30:57.963]    DEBUG: <PixTest.cc/efficiencyMaps:L426> booking xray maps for unmasked detector
[11:30:57.990]    DEBUG: <PixTest.cc/efficiencyMaps:L396>       attempt #0
[11:30:58.656]     INFO: Expecting 41600 events.
[11:31:01.958]     INFO: 41600 events read in total (2775ms).
[11:31:01.960]     INFO: Test took 3969ms.
[11:31:02.011]     INFO: Fetched DAQ statistics. Counters are being reset now.
[11:31:02.011]    DEBUG: <PixTest.cc/efficiencyMaps:L407>  eff result size = 304642
[11:31:02.011]    DEBUG: <PixTest.cc/efficiencyMaps:L412> Create hists HR_xeff_CalDelScan_step7_C0 .. HR_xeff_CalDelScan_step7_C15
[11:31:02.011]    DEBUG: <PixTest.cc/efficiencyMaps:L426> booking xray maps for unmasked detector
[11:31:02.040]    DEBUG: <PixTest.cc/efficiencyMaps:L396>       attempt #0
[11:31:02.705]     INFO: Expecting 41600 events.
[11:31:06.008]     INFO: 41600 events read in total (2777ms).
[11:31:06.010]     INFO: Test took 3970ms.
[11:31:06.061]     INFO: Fetched DAQ statistics. Counters are being reset now.
[11:31:06.061]    DEBUG: <PixTest.cc/efficiencyMaps:L407>  eff result size = 305306
[11:31:06.061]    DEBUG: <PixTest.cc/efficiencyMaps:L412> Create hists HR_xeff_CalDelScan_step8_C0 .. HR_xeff_CalDelScan_step8_C15
[11:31:06.062]    DEBUG: <PixTest.cc/efficiencyMaps:L426> booking xray maps for unmasked detector
[11:31:06.090]    DEBUG: <PixTest.cc/efficiencyMaps:L396>       attempt #0
[11:31:06.755]     INFO: Expecting 41600 events.
[11:31:10.048]     INFO: 41600 events read in total (2766ms).
[11:31:10.051]     INFO: Test took 3961ms.
[11:31:10.103]     INFO: Fetched DAQ statistics. Counters are being reset now.
[11:31:10.104]    DEBUG: <PixTest.cc/efficiencyMaps:L407>  eff result size = 304516
[11:31:10.104]    DEBUG: <PixTest.cc/efficiencyMaps:L412> Create hists HR_xeff_CalDelScan_step9_C0 .. HR_xeff_CalDelScan_step9_C15
[11:31:10.104]    DEBUG: <PixTest.cc/efficiencyMaps:L426> booking xray maps for unmasked detector
[11:31:10.134]    DEBUG: <PixTest.cc/efficiencyMaps:L396>       attempt #0
[11:31:10.802]     INFO: Expecting 41600 events.
[11:31:14.098]     INFO: 41600 events read in total (2769ms).
[11:31:14.101]     INFO: Test took 3967ms.
[11:31:14.151]     INFO: Fetched DAQ statistics. Counters are being reset now.
[11:31:14.151]    DEBUG: <PixTest.cc/efficiencyMaps:L407>  eff result size = 304866
[11:31:14.151]    DEBUG: <PixTest.cc/efficiencyMaps:L412> Create hists HR_xeff_CalDelScan_step10_C0 .. HR_xeff_CalDelScan_step10_C15
[11:31:14.151]    DEBUG: <PixTest.cc/efficiencyMaps:L426> booking xray maps for unmasked detector
[11:31:14.179]    DEBUG: <PixTest.cc/efficiencyMaps:L396>       attempt #0
[11:31:14.844]     INFO: Expecting 41600 events.
[11:31:18.142]     INFO: 41600 events read in total (2770ms).
[11:31:18.145]     INFO: Test took 3966ms.
[11:31:18.196]     INFO: Fetched DAQ statistics. Counters are being reset now.
[11:31:18.196]    DEBUG: <PixTest.cc/efficiencyMaps:L407>  eff result size = 304319
[11:31:18.196]    DEBUG: <PixTest.cc/efficiencyMaps:L412> Create hists HR_xeff_CalDelScan_step11_C0 .. HR_xeff_CalDelScan_step11_C15
[11:31:18.196]    DEBUG: <PixTest.cc/efficiencyMaps:L426> booking xray maps for unmasked detector
[11:31:18.224]    DEBUG: <PixTest.cc/efficiencyMaps:L396>       attempt #0
[11:31:18.889]     INFO: Expecting 41600 events.
[11:31:22.197]     INFO: 41600 events read in total (2781ms).
[11:31:22.199]     INFO: Test took 3974ms.
[11:31:22.250]     INFO: Fetched DAQ statistics. Counters are being reset now.
[11:31:22.250]    DEBUG: <PixTest.cc/efficiencyMaps:L407>  eff result size = 305456
[11:31:22.250]    DEBUG: <PixTest.cc/efficiencyMaps:L412> Create hists HR_xeff_CalDelScan_step12_C0 .. HR_xeff_CalDelScan_step12_C15
[11:31:22.251]    DEBUG: <PixTest.cc/efficiencyMaps:L426> booking xray maps for unmasked detector
[11:31:22.279]    DEBUG: <PixTest.cc/efficiencyMaps:L396>       attempt #0
[11:31:22.944]     INFO: Expecting 41600 events.
[11:31:26.248]     INFO: 41600 events read in total (2778ms).
[11:31:26.251]     INFO: Test took 3972ms.
[11:31:26.302]     INFO: Fetched DAQ statistics. Counters are being reset now.
[11:31:26.302]    DEBUG: <PixTest.cc/efficiencyMaps:L407>  eff result size = 304769
[11:31:26.302]    DEBUG: <PixTest.cc/efficiencyMaps:L412> Create hists HR_xeff_CalDelScan_step13_C0 .. HR_xeff_CalDelScan_step13_C15
[11:31:26.303]    DEBUG: <PixTest.cc/efficiencyMaps:L426> booking xray maps for unmasked detector
[11:31:26.331]    DEBUG: <PixTest.cc/efficiencyMaps:L396>       attempt #0
[11:31:26.996]     INFO: Expecting 41600 events.
[11:31:30.294]     INFO: 41600 events read in total (2771ms).
[11:31:30.297]     INFO: Test took 3966ms.
[11:31:30.349]     INFO: Fetched DAQ statistics. Counters are being reset now.
[11:31:30.349]    DEBUG: <PixTest.cc/efficiencyMaps:L407>  eff result size = 304968
[11:31:30.349]    DEBUG: <PixTest.cc/efficiencyMaps:L412> Create hists HR_xeff_CalDelScan_step14_C0 .. HR_xeff_CalDelScan_step14_C15
[11:31:30.350]    DEBUG: <PixTest.cc/efficiencyMaps:L426> booking xray maps for unmasked detector
[11:31:30.380]    DEBUG: <PixTest.cc/efficiencyMaps:L396>       attempt #0
[11:31:31.047]     INFO: Expecting 41600 events.
[11:31:34.322]     INFO: 41600 events read in total (2749ms).
[11:31:34.325]     INFO: Test took 3945ms.
[11:31:34.376]     INFO: Fetched DAQ statistics. Counters are being reset now.
[11:31:34.376]    DEBUG: <PixTest.cc/efficiencyMaps:L407>  eff result size = 303602
[11:31:34.376]    DEBUG: <PixTest.cc/efficiencyMaps:L412> Create hists HR_xeff_CalDelScan_step15_C0 .. HR_xeff_CalDelScan_step15_C15
[11:31:34.376]    DEBUG: <PixTest.cc/efficiencyMaps:L426> booking xray maps for unmasked detector
[11:31:34.405]    DEBUG: <PixTest.cc/efficiencyMaps:L396>       attempt #0
[11:31:35.070]     INFO: Expecting 41600 events.
[11:31:38.359]     INFO: 41600 events read in total (2762ms).
[11:31:38.361]     INFO: Test took 3956ms.
[11:31:38.414]     INFO: Fetched DAQ statistics. Counters are being reset now.
[11:31:38.414]    DEBUG: <PixTest.cc/efficiencyMaps:L407>  eff result size = 303157
[11:31:38.414]    DEBUG: <PixTest.cc/efficiencyMaps:L412> Create hists HR_xeff_CalDelScan_step16_C0 .. HR_xeff_CalDelScan_step16_C15
[11:31:38.414]    DEBUG: <PixTest.cc/efficiencyMaps:L426> booking xray maps for unmasked detector
[11:31:38.444]    DEBUG: <PixTest.cc/efficiencyMaps:L396>       attempt #0
[11:31:39.111]     INFO: Expecting 41600 events.
[11:31:42.407]     INFO: 41600 events read in total (2769ms).
[11:31:42.409]     INFO: Test took 3964ms.
[11:31:42.460]     INFO: Fetched DAQ statistics. Counters are being reset now.
[11:31:42.460]    DEBUG: <PixTest.cc/efficiencyMaps:L407>  eff result size = 303208
[11:31:42.460]    DEBUG: <PixTest.cc/efficiencyMaps:L412> Create hists HR_xeff_CalDelScan_step17_C0 .. HR_xeff_CalDelScan_step17_C15
[11:31:42.461]    DEBUG: <PixTest.cc/efficiencyMaps:L426> booking xray maps for unmasked detector
[11:31:42.490]    DEBUG: <PixTest.cc/efficiencyMaps:L396>       attempt #0
[11:31:43.155]     INFO: Expecting 41600 events.
[11:31:46.419]     INFO: 41600 events read in total (2737ms).
[11:31:46.422]     INFO: Test took 3932ms.
[11:31:46.473]     INFO: Fetched DAQ statistics. Counters are being reset now.
[11:31:46.473]    DEBUG: <PixTest.cc/efficiencyMaps:L407>  eff result size = 304099
[11:31:46.473]    DEBUG: <PixTest.cc/efficiencyMaps:L412> Create hists HR_xeff_CalDelScan_step18_C0 .. HR_xeff_CalDelScan_step18_C15
[11:31:46.473]    DEBUG: <PixTest.cc/efficiencyMaps:L426> booking xray maps for unmasked detector
[11:31:46.502]    DEBUG: <PixTest.cc/efficiencyMaps:L396>       attempt #0
[11:31:47.167]     INFO: Expecting 41600 events.
[11:31:50.339]     INFO: 41600 events read in total (2645ms).
[11:31:50.342]     INFO: Test took 3840ms.
[11:31:50.392]     INFO: Fetched DAQ statistics. Counters are being reset now.
[11:31:50.392]    DEBUG: <PixTest.cc/efficiencyMaps:L407>  eff result size = 298656
[11:31:50.393]    DEBUG: <PixTest.cc/efficiencyMaps:L412> Create hists HR_xeff_CalDelScan_step19_C0 .. HR_xeff_CalDelScan_step19_C15
[11:31:50.393]    DEBUG: <PixTest.cc/efficiencyMaps:L426> booking xray maps for unmasked detector
[11:31:50.678]    DEBUG: <PixTestHighRate.cc/doCalDelScan:L422> roc  0: caldel = 178 eff = 0.999832
[11:31:50.678]    DEBUG: <PixTestHighRate.cc/doCalDelScan:L422> roc  1: caldel = 139 eff = 0.999904
[11:31:50.678]    DEBUG: <PixTestHighRate.cc/doCalDelScan:L422> roc  2: caldel = 162 eff = 0.998149
[11:31:50.678]    DEBUG: <PixTestHighRate.cc/doCalDelScan:L422> roc  3: caldel = 152 eff = 0.999663
[11:31:50.678]    DEBUG: <PixTestHighRate.cc/doCalDelScan:L422> roc  4: caldel = 172 eff = 0.999567
[11:31:50.678]    DEBUG: <PixTestHighRate.cc/doCalDelScan:L422> roc  5: caldel = 139 eff = 0.999447
[11:31:50.679]    DEBUG: <PixTestHighRate.cc/doCalDelScan:L422> roc  6: caldel = 132 eff = 0.999567
[11:31:50.679]    DEBUG: <PixTestHighRate.cc/doCalDelScan:L422> roc  7: caldel = 150 eff = 0.999591
[11:31:50.679]    DEBUG: <PixTestHighRate.cc/doCalDelScan:L422> roc  8: caldel = 138 eff = 0.999447
[11:31:50.679]    DEBUG: <PixTestHighRate.cc/doCalDelScan:L422> roc  9: caldel = 142 eff = 0.999567
[11:31:50.679]    DEBUG: <PixTestHighRate.cc/doCalDelScan:L422> roc 10: caldel = 125 eff = 0.999519
[11:31:50.679]    DEBUG: <PixTestHighRate.cc/doCalDelScan:L422> roc 11: caldel = 138 eff = 0.99899
[11:31:50.680]    DEBUG: <PixTestHighRate.cc/doCalDelScan:L422> roc 12: caldel = 152 eff = 0.998846
[11:31:50.680]    DEBUG: <PixTestHighRate.cc/doCalDelScan:L422> roc 13: caldel = 167 eff = 0.999784
[11:31:50.680]    DEBUG: <PixTestHighRate.cc/doCalDelScan:L422> roc 14: caldel = 126 eff = 0.958245
[11:31:50.680]    DEBUG: <PixTestHighRate.cc/doCalDelScan:L422> roc 15: caldel = 152 eff = 0.999904
[11:31:55.164]    DEBUG: <PixTab.cc/buttonClicked:L308> xxxPressed():  xpixelalive
[11:31:55.164]    DEBUG: <PixTestHighRate.cc/runCommand:L157> running command: xpixelalive
[11:31:55.164]     INFO:    ----------------------------------------------------------------------
[11:31:55.164]     INFO:    PixTestHighRate::xPixelAlive() ntrig = 50, vcal = 200
[11:31:55.164]     INFO:    ----------------------------------------------------------------------
[11:31:55.164]    DEBUG: <PixTestHighRate.cc/doXPixelAlive:L451>  old set: clk: 4
[11:31:55.164]    DEBUG: <PixTestHighRate.cc/doXPixelAlive:L451>  old set: ctr: 4
[11:31:55.164]    DEBUG: <PixTestHighRate.cc/doXPixelAlive:L451>  old set: sda: 19
[11:31:55.164]    DEBUG: <PixTestHighRate.cc/doXPixelAlive:L451>  old set: tin: 9
[11:31:55.164]    DEBUG: <PixTestHighRate.cc/doXPixelAlive:L451>  old set: level: 15
[11:31:55.164]    DEBUG: <PixTestHighRate.cc/doXPixelAlive:L451>  old set: triggerdelay: 0
[11:31:55.164]    DEBUG: <PixTestHighRate.cc/doXPixelAlive:L467>  setting: clk: 4
[11:31:55.164]    DEBUG: <PixTestHighRate.cc/doXPixelAlive:L467>  setting: ctr: 4
[11:31:55.164]    DEBUG: <PixTestHighRate.cc/doXPixelAlive:L467>  setting: sda: 19
[11:31:55.164]    DEBUG: <PixTestHighRate.cc/doXPixelAlive:L467>  setting: tin: 9
[11:31:55.164]    DEBUG: <PixTestHighRate.cc/doXPixelAlive:L467>  setting: level: 15
[11:31:55.164]    DEBUG: <PixTestHighRate.cc/doXPixelAlive:L467>  setting: triggerdelay: 20
[11:31:55.209]     INFO: ROC 2 masking pixel 6/57
[11:31:55.209]     INFO: ROC 2 masking pixel 41/28
[11:31:55.210]    DEBUG: <PixTest.cc/efficiencyMaps:L396>       attempt #0
[11:31:55.886]     INFO: Expecting 208000 events.
[11:32:08.100]     INFO: 208000 events read in total (11687ms).
[11:32:08.108]     INFO: Test took 12898ms.
[11:32:08.325]     INFO: Fetched DAQ statistics. Counters are being reset now.
[11:32:08.325]    DEBUG: <PixTest.cc/efficiencyMaps:L407>  eff result size = 1252850
[11:32:08.325]    DEBUG: <PixTest.cc/efficiencyMaps:L412> Create hists highRate_C0 .. highRate_C15
[11:32:08.326]    DEBUG: <PixTest.cc/efficiencyMaps:L426> booking xray maps for unmasked detector
[11:32:08.644]     INFO: number of dead pixels (per ROC):     0    0    6    0    0    0    0    0    0    0    0    2    3    0  160    0
[11:32:08.644]     INFO: number of red-efficiency pixels:    46   40   59   88  124  117  133  132  134  131  156  134  126   95  581   41
[11:32:08.644]     INFO: number of X-ray hits detected:    45322 34948 56750 84121 92218 93540 95163 83198 95931 98336 95914 89718 87674 59324 31771 42533
[11:32:08.644]     INFO: number of triggers sent (total per ROC):  208000 208000 208000 208000 208000 208000 208000 208000 208000 208000 208000 208000 208000 208000 208000 208000
[11:32:08.644]     INFO: number of Vcal hits detected:  207954 207959 207599 207911 207875 207879 207866 207867 207863 207866 207840 207767 207726 207881 199278 207958
[11:32:08.644]     INFO: Vcal hit fiducial efficiency (%):  100.0 100.0 100.0 100.0 99.9 99.9 99.9 99.9 99.9 99.9 99.9 99.9 99.9 99.9 99.7 100.0
[11:32:08.644]     INFO: Vcal hit overall efficiency (%):  100.0 100.0 99.8 100.0 99.9 99.9 99.9 99.9 99.9 99.9 99.9 99.9 99.9 99.9 95.8 100.0
[11:32:08.644]     INFO: X-ray hit rate [MHz/cm2]:  13.3 10.2 16.6 24.7 27.0 27.4 27.9 24.4 28.1 28.8 28.1 26.3 25.7 17.4 9.3 12.5
[11:32:08.644]     INFO: PixTestHighRate::doXPixelAlive() done
[11:32:08.688]    DEBUG: <PixTestHighRate.cc/doXPixelAlive:L586>  resetting: clk: 4
[11:32:08.689]    DEBUG: <PixTestHighRate.cc/doXPixelAlive:L586>  resetting: ctr: 4
[11:32:08.689]    DEBUG: <PixTestHighRate.cc/doXPixelAlive:L586>  resetting: sda: 19
[11:32:08.689]    DEBUG: <PixTestHighRate.cc/doXPixelAlive:L586>  resetting: tin: 9
[11:32:08.689]    DEBUG: <PixTestHighRate.cc/doXPixelAlive:L586>  resetting: level: 15
[11:32:08.689]    DEBUG: <PixTestHighRate.cc/doXPixelAlive:L586>  resetting: triggerdelay: 0
[11:32:08.689]     INFO: PixTest::       pg_setup set to default.
[11:33:25.604]    DEBUG: <PixTest.cc/moduleMap:L1029> moduleMap histname: what
[11:33:25.604]    DEBUG: <PixTest.cc/moduleMap:L1039> h1->GetName() = highRate_xraymap_C13_V0 -> highRate_xraymap_mod
[11:33:29.084]    DEBUG: <PixGui.cc/handleButtons:L396> PixGui::exit called
[11:33:29.084]    DEBUG: <PixGui.cc/CloseWindow:L335> Final Analog Current: 386.7mA
[11:33:29.085]    DEBUG: <PixGui.cc/CloseWindow:L336> Final Digital Current: 560.3mA
[11:33:29.085]    DEBUG: <PixGui.cc/CloseWindow:L337> Final Module Temperature: 21.2 C
[11:33:29.085]    DEBUG: <PixTestBBMap.cc/~PixTestBBMap:L97> PixTestBBMap dtor
[11:33:29.085]    DEBUG: <PixTestBB2Map.cc/~PixTestBB2Map:L115> PixTestBB2Map dtor
[11:33:29.086]    DEBUG: <PixTestBB3Map.cc/~PixTestBB3Map:L99> PixTestBB3Map dtor
[11:33:29.086]    DEBUG: <PixTestBB4Map.cc/~PixTestBB4Map:L118> PixTestBB4Map dtor
[11:33:29.086]    DEBUG: <PixTestCmd.cc/~PixTestCmd:L78> PixTestCmd dtor
[11:33:29.086]    DEBUG: <PixTestDaq.cc/~PixTestDaq:L37> PixTestDaq dtor
[11:33:29.086]    DEBUG: <PixTestDacDacScan.cc/~PixTestDacDacScan:L136> PixTestDacDacScan dtor
[11:33:29.086]    DEBUG: <PixTestDacScan.cc/~PixTestDacScan:L129> PixTestDacScan dtor
[11:33:29.086]    DEBUG: <PixTestGainPedestal.cc/~PixTestGainPedestal:L125> PixTestGainPedestal dtor
[11:33:29.086]    DEBUG: <PixTestHighRate.cc/~PixTestHighRate:L245> PixTestHighRate dtor
[11:33:29.176]    DEBUG: <PixTestIV.cc/~PixTestIV:L96> PixTestIV dtor
[11:33:29.176]    DEBUG: <PixTestAlive.cc/~PixTestAlive:L109> PixTestAlive dtor
[11:33:29.176]    DEBUG: <PixTestPretest.cc/~PixTestPretest:L136> PixTestPretest dtor
[11:33:29.176]    DEBUG: <PixTestReadback.cc/~PixTestReadback:L89> PixTestReadback dtor, saving tree ... 
[11:33:29.176]    DEBUG: <PixTestScurves.cc/~PixTestScurves:L142> PixTestScurves dtor
[11:33:29.176]    DEBUG: <PixTestTiming.cc/~PixTestTiming:L97> PixTestTiming dtor
[11:33:29.176]    DEBUG: <PixTestTrim.cc/~PixTestTrim:L103> PixTestTrim dtor
[11:33:29.176]    DEBUG: <PixTestXray.cc/~PixTestXray:L217> PixTestXray dtor
[11:33:29.179]    QUIET: Connection to board 58 closed.
[11:33:29.259]    DEBUG: <PixMonitor.cc/dumpSummaries:L39> PixMonitor::dumpSummaries
