[11:23:55.615]     INFO: *** Welcome to pxar ***
[11:23:55.615]     INFO: *** Today: 2016/01/12
[11:23:55.624]     INFO: *** Version: prod-12
[11:23:55.624]     INFO: readRocDacs: data/mh123/M-H-1-23_ElComandanteTest_2016-01-07_10h44m_1452185090/000_FPIXTest_p17/dacParameters35_C0.dat .. data/mh123/M-H-1-23_ElComandanteTest_2016-01-07_10h44m_1452185090/000_FPIXTest_p17/dacParameters35_C15.dat
[11:23:55.625]     INFO: readTbmDacs: data/mh123/M-H-1-23_ElComandanteTest_2016-01-07_10h44m_1452185090/000_FPIXTest_p17/tbmParameters_C0a.dat .. data/mh123/M-H-1-23_ElComandanteTest_2016-01-07_10h44m_1452185090/000_FPIXTest_p17/tbmParameters_C0b.dat
[11:23:55.625]     INFO: readMaskFile: data/mh123/M-H-1-23_ElComandanteTest_2016-01-07_10h44m_1452185090/000_FPIXTest_p17/defaultMaskFile.dat
[11:23:55.625]     INFO: MASKED Roc 2 col/row: 6 57
[11:23:55.625]     INFO: MASKED Roc 2 col/row: 41 28
[11:23:55.625]     INFO: readTrimFile: data/mh123/M-H-1-23_ElComandanteTest_2016-01-07_10h44m_1452185090/000_FPIXTest_p17/trimParameters35_C0.dat .. data/mh123/M-H-1-23_ElComandanteTest_2016-01-07_10h44m_1452185090/000_FPIXTest_p17/trimParameters35_C15.dat
[11:23:55.645]     INFO:   masking Roc 2 col/row: 6 57
[11:23:55.646]     INFO:   masking Roc 2 col/row: 41 28
[11:23:55.777]     INFO:         clk: 4
[11:23:55.777]     INFO:         ctr: 4
[11:23:55.777]     INFO:         sda: 19
[11:23:55.777]     INFO:         tin: 9
[11:23:55.777]     INFO:         level: 15
[11:23:55.777]     INFO:         triggerdelay: 0
[11:23:55.778]    QUIET: Instanciating API for pxar prod-12
[11:23:55.778]     INFO: Log level: DEBUG
[11:23:55.789]    QUIET: Connection to board DTB_WRPRHI opened.
[11:23:55.792]     INFO: DTB startup information
--- DTB info------------------------------------------
Board id:    58
HW version:  DTB1.2
FW version:  4.2
SW version:  4.5
USB id:      DTB_WRPRHI
MAC address: 40D85511803A
Hostname:    pixelDTB058
Comment:     
------------------------------------------------------
[11:23:55.795]     INFO: RPC call hashes of host and DTB match: 398089610
[11:23:57.399]     INFO: DUT info: 
[11:23:57.399]     INFO: The DUT currently contains the following objects:
[11:23:57.399]     INFO:  2 TBM Cores tbm08c (2 ON)
[11:23:57.399]     INFO: 	TBM Core alpha (0): 7 registers set
[11:23:57.399]     INFO: 	TBM Core beta  (1): 7 registers set
[11:23:57.399]     INFO: 16 ROCs psi46digv21respin (16 ON) with 4160 pixelConfigs
[11:23:57.399]     INFO: 	ROC 0: 19 DACs set, Pixels: 0 masked, 0 active.
[11:23:57.399]     INFO: 	ROC 1: 19 DACs set, Pixels: 0 masked, 0 active.
[11:23:57.399]     INFO: 	ROC 2: 19 DACs set, Pixels: 2 masked, 0 active.
[11:23:57.399]     INFO: 	ROC 3: 19 DACs set, Pixels: 0 masked, 0 active.
[11:23:57.399]     INFO: 	ROC 4: 19 DACs set, Pixels: 0 masked, 0 active.
[11:23:57.399]     INFO: 	ROC 5: 19 DACs set, Pixels: 0 masked, 0 active.
[11:23:57.399]     INFO: 	ROC 6: 19 DACs set, Pixels: 0 masked, 0 active.
[11:23:57.399]     INFO: 	ROC 7: 19 DACs set, Pixels: 0 masked, 0 active.
[11:23:57.399]     INFO: 	ROC 8: 19 DACs set, Pixels: 0 masked, 0 active.
[11:23:57.399]     INFO: 	ROC 9: 19 DACs set, Pixels: 0 masked, 0 active.
[11:23:57.399]     INFO: 	ROC 10: 19 DACs set, Pixels: 0 masked, 0 active.
[11:23:57.399]     INFO: 	ROC 11: 19 DACs set, Pixels: 0 masked, 0 active.
[11:23:57.399]     INFO: 	ROC 12: 19 DACs set, Pixels: 0 masked, 0 active.
[11:23:57.400]     INFO: 	ROC 13: 19 DACs set, Pixels: 0 masked, 0 active.
[11:23:57.400]     INFO: 	ROC 14: 19 DACs set, Pixels: 0 masked, 0 active.
[11:23:57.400]     INFO: 	ROC 15: 19 DACs set, Pixels: 0 masked, 0 active.
[11:23:57.400]    DEBUG: <PixTestParameters.cc/dump:L104> PixTestParameters: ->BB<-
[11:23:57.400]    DEBUG: <PixTestParameters.cc/dump:L107>   dumpall: checkbox(0)
[11:23:57.400]    DEBUG: <PixTestParameters.cc/dump:L107>   dumpproblematic: checkbox(0)
[11:23:57.400]    DEBUG: <PixTestParameters.cc/dump:L107>   ntrig: 5
[11:23:57.400]    DEBUG: <PixTestParameters.cc/dump:L107>   vcals: 250
[11:23:57.400]    DEBUG: <PixTestParameters.cc/dump:L104> PixTestParameters: ->BB2<-
[11:23:57.400]    DEBUG: <PixTestParameters.cc/dump:L107>   ntrig: 10
[11:23:57.400]    DEBUG: <PixTestParameters.cc/dump:L107>   vcals: 222
[11:23:57.400]    DEBUG: <PixTestParameters.cc/dump:L107>   plwidth: 35
[11:23:57.400]    DEBUG: <PixTestParameters.cc/dump:L107>   pix: 11,20
[11:23:57.400]    DEBUG: <PixTestParameters.cc/dump:L107>   targetia: 24
[11:23:57.400]    DEBUG: <PixTestParameters.cc/dump:L104> PixTestParameters: ->BB3<-
[11:23:57.400]    DEBUG: <PixTestParameters.cc/dump:L107>   dumpall: checkbox(0)
[11:23:57.400]    DEBUG: <PixTestParameters.cc/dump:L107>   dumpproblematic: checkbox(0)
[11:23:57.400]    DEBUG: <PixTestParameters.cc/dump:L107>   ntrig: 5
[11:23:57.400]    DEBUG: <PixTestParameters.cc/dump:L107>   vcals: 250
[11:23:57.400]    DEBUG: <PixTestParameters.cc/dump:L104> PixTestParameters: ->BB4<-
[11:23:57.400]    DEBUG: <PixTestParameters.cc/dump:L107>   savecaldelscan: checkbox(0)
[11:23:57.400]    DEBUG: <PixTestParameters.cc/dump:L107>   ntrig: 100
[11:23:57.400]    DEBUG: <PixTestParameters.cc/dump:L107>   cals: 1
[11:23:57.400]    DEBUG: <PixTestParameters.cc/dump:L107>   caldello: 80
[11:23:57.400]    DEBUG: <PixTestParameters.cc/dump:L107>   caldelhi: 200
[11:23:57.400]    DEBUG: <PixTestParameters.cc/dump:L107>   caldelstep: 10
[11:23:57.400]    DEBUG: <PixTestParameters.cc/dump:L107>   vthrcomplo: 70
[11:23:57.400]    DEBUG: <PixTestParameters.cc/dump:L107>   vthrcomphi: 130
[11:23:57.400]    DEBUG: <PixTestParameters.cc/dump:L107>   vthrcompstep: 5
[11:23:57.400]    DEBUG: <PixTestParameters.cc/dump:L107>   noisypixels: 10
[11:23:57.400]    DEBUG: <PixTestParameters.cc/dump:L107>   vcal: 255
[11:23:57.400]    DEBUG: <PixTestParameters.cc/dump:L107>   cut: 0.5
[11:23:57.401]    DEBUG: <PixTestParameters.cc/dump:L104> PixTestParameters: ->Cmd<-
[11:23:57.401]    DEBUG: <PixTestParameters.cc/dump:L104> PixTestParameters: ->DAQ<-
[11:23:57.401]    DEBUG: <PixTestParameters.cc/dump:L107>   delaytbm: checkbox
[11:23:57.401]    DEBUG: <PixTestParameters.cc/dump:L107>   filltree: checkbox
[11:23:57.401]    DEBUG: <PixTestParameters.cc/dump:L107>   trgfrequency(khz): 100
[11:23:57.401]    DEBUG: <PixTestParameters.cc/dump:L107>   maskhotpixels: button
[11:23:57.401]    DEBUG: <PixTestParameters.cc/dump:L107>   trgnumber: 5
[11:23:57.401]    DEBUG: <PixTestParameters.cc/dump:L107>   iterations: 10
[11:23:57.401]    DEBUG: <PixTestParameters.cc/dump:L107>   rundaqtrg: button
[11:23:57.401]    DEBUG: <PixTestParameters.cc/dump:L107>   daqseconds: 5
[11:23:57.401]    DEBUG: <PixTestParameters.cc/dump:L107>   rundaqseconds: button
[11:23:57.401]    DEBUG: <PixTestParameters.cc/dump:L104> PixTestParameters: ->DacDacScan<-
[11:23:57.401]    DEBUG: <PixTestParameters.cc/dump:L107>   phmap: checkbox
[11:23:57.401]    DEBUG: <PixTestParameters.cc/dump:L107>   ntrig: 10
[11:23:57.401]    DEBUG: <PixTestParameters.cc/dump:L107>   dac1: caldel
[11:23:57.401]    DEBUG: <PixTestParameters.cc/dump:L107>   dac1lo: 0
[11:23:57.401]    DEBUG: <PixTestParameters.cc/dump:L107>   dac1hi: 255
[11:23:57.401]    DEBUG: <PixTestParameters.cc/dump:L107>   dac2: vthrcomp
[11:23:57.401]    DEBUG: <PixTestParameters.cc/dump:L107>   dac2lo: 0
[11:23:57.401]    DEBUG: <PixTestParameters.cc/dump:L107>   dac2hi: 255
[11:23:57.401]    DEBUG: <PixTestParameters.cc/dump:L107>   pix: 11,20
[11:23:57.401]    DEBUG: <PixTestParameters.cc/dump:L104> PixTestParameters: ->DacScan<-
[11:23:57.401]    DEBUG: <PixTestParameters.cc/dump:L107>   phmap: checkbox(1)
[11:23:57.401]    DEBUG: <PixTestParameters.cc/dump:L107>   allpixels: checkbox(0)
[11:23:57.401]    DEBUG: <PixTestParameters.cc/dump:L107>   unmasked: checkbox(0)
[11:23:57.401]    DEBUG: <PixTestParameters.cc/dump:L107>   ntrig: 10
[11:23:57.401]    DEBUG: <PixTestParameters.cc/dump:L107>   dac: vcal
[11:23:57.401]    DEBUG: <PixTestParameters.cc/dump:L107>   daclo: 0
[11:23:57.401]    DEBUG: <PixTestParameters.cc/dump:L107>   dachi: 255
[11:23:57.401]    DEBUG: <PixTestParameters.cc/dump:L107>   pix: 11,20
[11:23:57.401]    DEBUG: <PixTestParameters.cc/dump:L104> PixTestParameters: ->GainPedestal<-
[11:23:57.401]    DEBUG: <PixTestParameters.cc/dump:L107>   showfits: checkbox(0)
[11:23:57.401]    DEBUG: <PixTestParameters.cc/dump:L107>   extended: checkbox(0)
[11:23:57.401]    DEBUG: <PixTestParameters.cc/dump:L107>   dumphists: checkbox(0)
[11:23:57.401]    DEBUG: <PixTestParameters.cc/dump:L107>   ntrig: 10
[11:23:57.401]    DEBUG: <PixTestParameters.cc/dump:L107>   vcalstep: 10
[11:23:57.401]    DEBUG: <PixTestParameters.cc/dump:L107>   measure: button
[11:23:57.401]    DEBUG: <PixTestParameters.cc/dump:L107>   fit: button
[11:23:57.401]    DEBUG: <PixTestParameters.cc/dump:L107>   save: button
[11:23:57.401]    DEBUG: <PixTestParameters.cc/dump:L104> PixTestParameters: ->HighRate<-
[11:23:57.401]    DEBUG: <PixTestParameters.cc/dump:L107>   pix: 11,20
[11:23:57.401]    DEBUG: <PixTestParameters.cc/dump:L107>   trimhotpixels: button
[11:23:57.401]    DEBUG: <PixTestParameters.cc/dump:L107>   trimhotpixelthr: 200
[11:23:57.401]    DEBUG: <PixTestParameters.cc/dump:L107>   runsecondshotpixels: 10
[11:23:57.401]    DEBUG: <PixTestParameters.cc/dump:L107>   savetrimbits: checkbox(1)
[11:23:57.401]    DEBUG: <PixTestParameters.cc/dump:L107>   maskuntrimmable: checkbox(1)
[11:23:57.401]    DEBUG: <PixTestParameters.cc/dump:L107>   maskhotpixels: button
[11:23:57.401]    DEBUG: <PixTestParameters.cc/dump:L107>   savemaskfile: checkbox(0)
[11:23:57.401]    DEBUG: <PixTestParameters.cc/dump:L107>   maskfilename: default
[11:23:57.401]    DEBUG: <PixTestParameters.cc/dump:L107>   caldelscan: button
[11:23:57.401]    DEBUG: <PixTestParameters.cc/dump:L107>   xpixelalive: button
[11:23:57.401]    DEBUG: <PixTestParameters.cc/dump:L107>   ntrig: 50
[11:23:57.401]    DEBUG: <PixTestParameters.cc/dump:L107>   vcal: 200
[11:23:57.401]    DEBUG: <PixTestParameters.cc/dump:L107>   xnoisemaps: button
[11:23:57.401]    DEBUG: <PixTestParameters.cc/dump:L107>   daclo: 0
[11:23:57.401]    DEBUG: <PixTestParameters.cc/dump:L107>   dachi: 100
[11:23:57.401]    DEBUG: <PixTestParameters.cc/dump:L107>   dacs/step: 20
[11:23:57.401]    DEBUG: <PixTestParameters.cc/dump:L107>   rundaq: button
[11:23:57.401]    DEBUG: <PixTestParameters.cc/dump:L107>   trgfrequency(khz): 20
[11:23:57.402]    DEBUG: <PixTestParameters.cc/dump:L107>   runseconds: 2
[11:23:57.402]    DEBUG: <PixTestParameters.cc/dump:L107>   triggerdelay: 20
[11:23:57.402]    DEBUG: <PixTestParameters.cc/dump:L107>   delaytbm: checkbox
[11:23:57.402]    DEBUG: <PixTestParameters.cc/dump:L107>   filltree: checkbox
[11:23:57.402]    DEBUG: <PixTestParameters.cc/dump:L104> PixTestParameters: ->IV<-
[11:23:57.402]    DEBUG: <PixTestParameters.cc/dump:L107>   port: /dev/FIXME
[11:23:57.402]    DEBUG: <PixTestParameters.cc/dump:L107>   voltagestart: 0
[11:23:57.402]    DEBUG: <PixTestParameters.cc/dump:L107>   voltagestop: 600
[11:23:57.402]    DEBUG: <PixTestParameters.cc/dump:L107>   voltagestep: 5
[11:23:57.402]    DEBUG: <PixTestParameters.cc/dump:L107>   delay: 1
[11:23:57.402]    DEBUG: <PixTestParameters.cc/dump:L107>   compliance(ua): 100
[11:23:57.402]    DEBUG: <PixTestParameters.cc/dump:L104> PixTestParameters: ->PhOptimization<-
[11:23:57.402]    DEBUG: <PixTestParameters.cc/dump:L107>   ntrig: 10
[11:23:57.402]    DEBUG: <PixTestParameters.cc/dump:L107>   safetymarginlow: 20
[11:23:57.402]    DEBUG: <PixTestParameters.cc/dump:L107>   saturationvcal: 100
[11:23:57.402]    DEBUG: <PixTestParameters.cc/dump:L107>   quantilesaturation: 0.98
[11:23:57.402]    DEBUG: <PixTestParameters.cc/dump:L104> PixTestParameters: ->PixelAlive<-
[11:23:57.402]    DEBUG: <PixTestParameters.cc/dump:L107>   ntrig: 10
[11:23:57.402]    DEBUG: <PixTestParameters.cc/dump:L107>   vcal: 200
[11:23:57.402]    DEBUG: <PixTestParameters.cc/dump:L107>   alivetest: button
[11:23:57.402]    DEBUG: <PixTestParameters.cc/dump:L107>   masktest: button
[11:23:57.402]    DEBUG: <PixTestParameters.cc/dump:L107>   addressdecodingtest: button
[11:23:57.402]    DEBUG: <PixTestParameters.cc/dump:L104> PixTestParameters: ->Pretest<-
[11:23:57.402]    DEBUG: <PixTestParameters.cc/dump:L107>   programroc: button
[11:23:57.402]    DEBUG: <PixTestParameters.cc/dump:L107>   targetia: 24
[11:23:57.402]    DEBUG: <PixTestParameters.cc/dump:L107>   setvana: button
[11:23:57.402]    DEBUG: <PixTestParameters.cc/dump:L107>   iterations: 100
[11:23:57.402]    DEBUG: <PixTestParameters.cc/dump:L107>   settimings: button
[11:23:57.402]    DEBUG: <PixTestParameters.cc/dump:L107>   findtiming: button
[11:23:57.402]    DEBUG: <PixTestParameters.cc/dump:L107>   findworkingpixel: button
[11:23:57.402]    DEBUG: <PixTestParameters.cc/dump:L107>   setvthrcompcaldel: button
[11:23:57.402]    DEBUG: <PixTestParameters.cc/dump:L107>   pix: 11,20
[11:23:57.402]    DEBUG: <PixTestParameters.cc/dump:L107>   vcal: 250
[11:23:57.402]    DEBUG: <PixTestParameters.cc/dump:L107>   deltavthrcomp: 50
[11:23:57.402]    DEBUG: <PixTestParameters.cc/dump:L107>   fraccaldel: 0.5
[11:23:57.402]    DEBUG: <PixTestParameters.cc/dump:L107>   ntrig: 5
[11:23:57.402]    DEBUG: <PixTestParameters.cc/dump:L107>   savedacs: button
[11:23:57.402]    DEBUG: <PixTestParameters.cc/dump:L104> PixTestParameters: ->Readback<-
[11:23:57.402]    DEBUG: <PixTestParameters.cc/dump:L107>   calibratevd: button
[11:23:57.402]    DEBUG: <PixTestParameters.cc/dump:L107>   calibrateva: button
[11:23:57.402]    DEBUG: <PixTestParameters.cc/dump:L107>   calibrateia: button
[11:23:57.402]    DEBUG: <PixTestParameters.cc/dump:L107>   readbackvbg: button
[11:23:57.402]    DEBUG: <PixTestParameters.cc/dump:L107>   getcalibratedvbg: button
[11:23:57.402]    DEBUG: <PixTestParameters.cc/dump:L107>   usecalvd: checkbox(1)
[11:23:57.402]    DEBUG: <PixTestParameters.cc/dump:L107>   usecalva: checkbox(0)
[11:23:57.402]    DEBUG: <PixTestParameters.cc/dump:L107>   setvana: button
[11:23:57.402]    DEBUG: <PixTestParameters.cc/dump:L104> PixTestParameters: ->Scurves<-
[11:23:57.402]    DEBUG: <PixTestParameters.cc/dump:L107>   adjustvcal: checkbox(0)
[11:23:57.402]    DEBUG: <PixTestParameters.cc/dump:L107>   dumpall: checkbox(0)
[11:23:57.402]    DEBUG: <PixTestParameters.cc/dump:L107>   dumpproblematic: checkbox(0)
[11:23:57.402]    DEBUG: <PixTestParameters.cc/dump:L107>   dumpoutputfile: checkbox(0)
[11:23:57.402]    DEBUG: <PixTestParameters.cc/dump:L107>   ntrig: 50
[11:23:57.402]    DEBUG: <PixTestParameters.cc/dump:L107>   dac: Vcal
[11:23:57.402]    DEBUG: <PixTestParameters.cc/dump:L107>   daclo: 0
[11:23:57.402]    DEBUG: <PixTestParameters.cc/dump:L107>   dachi: 200
[11:23:57.402]    DEBUG: <PixTestParameters.cc/dump:L107>   dacs/step: -1
[11:23:57.402]    DEBUG: <PixTestParameters.cc/dump:L107>   ntrig/step: -1
[11:23:57.403]    DEBUG: <PixTestParameters.cc/dump:L107>   scurves: button
[11:23:57.403]    DEBUG: <PixTestParameters.cc/dump:L104> PixTestParameters: ->Timing<-
[11:23:57.403]    DEBUG: <PixTestParameters.cc/dump:L107>   targetclk: 4
[11:23:57.403]    DEBUG: <PixTestParameters.cc/dump:L107>   ntrig: 10
[11:23:57.403]    DEBUG: <PixTestParameters.cc/dump:L107>   clocksdascan: button
[11:23:57.403]    DEBUG: <PixTestParameters.cc/dump:L107>   notokenpass: checkbox(0)
[11:23:57.403]    DEBUG: <PixTestParameters.cc/dump:L107>   phasescan: button
[11:23:57.403]    DEBUG: <PixTestParameters.cc/dump:L107>   levelscan: button
[11:23:57.403]    DEBUG: <PixTestParameters.cc/dump:L107>   tbmphasescan: button
[11:23:57.403]    DEBUG: <PixTestParameters.cc/dump:L107>   rocdelayscan: button
[11:23:57.403]    DEBUG: <PixTestParameters.cc/dump:L107>   timingtest: button
[11:23:57.403]    DEBUG: <PixTestParameters.cc/dump:L107>   saveparameters: button
[11:23:57.403]    DEBUG: <PixTestParameters.cc/dump:L104> PixTestParameters: ->Trim<-
[11:23:57.403]    DEBUG: <PixTestParameters.cc/dump:L107>   trim: button
[11:23:57.403]    DEBUG: <PixTestParameters.cc/dump:L107>   ntrig: 8
[11:23:57.403]    DEBUG: <PixTestParameters.cc/dump:L107>   vcal: 35
[11:23:57.403]    DEBUG: <PixTestParameters.cc/dump:L107>   trimbits: button
[11:23:57.403]    DEBUG: <PixTestParameters.cc/dump:L104> PixTestParameters: ->Xray<-
[11:23:57.403]    DEBUG: <PixTestParameters.cc/dump:L107>   maskhotpixels: button
[11:23:57.403]    DEBUG: <PixTestParameters.cc/dump:L107>   savemaskfile: checkbox(0)
[11:23:57.403]    DEBUG: <PixTestParameters.cc/dump:L107>   maskfilename: default
[11:23:57.403]    DEBUG: <PixTestParameters.cc/dump:L107>   source: Ag
[11:23:57.403]    DEBUG: <PixTestParameters.cc/dump:L107>   phrun: button
[11:23:57.403]    DEBUG: <PixTestParameters.cc/dump:L107>   runseconds: 100
[11:23:57.403]    DEBUG: <PixTestParameters.cc/dump:L107>   trgfrequency(khz): 100
[11:23:57.403]    DEBUG: <PixTestParameters.cc/dump:L107>   ratescan: button
[11:23:57.403]    DEBUG: <PixTestParameters.cc/dump:L107>   vthrcompmin: 10
[11:23:57.403]    DEBUG: <PixTestParameters.cc/dump:L107>   vthrcompmax: 80
[11:23:57.403]    DEBUG: <PixTestParameters.cc/dump:L107>   stepseconds: 5
[11:23:57.403]    DEBUG: <PixTestParameters.cc/dump:L107>   delaytbm: checkbox
[11:23:57.403]    DEBUG: <PixTestParameters.cc/dump:L107>   filltree: checkbox
[11:23:57.405]    DEBUG: <PixSetup.cc/init:L81> PixSetup init start; getCurrentRSS() = 31358976
[11:23:57.405]    DEBUG: <PixSetup.cc/init:L87> fPixTestParameters = 0x173f380
[11:23:57.405]    DEBUG: <PixSetup.cc/init:L88>  fConfigParameters = 0x16b4c10
[11:23:57.405]    DEBUG: <PixSetup.cc/init:L89>        fPxarMemory = 0x7f2209d94010
[11:23:57.405]    DEBUG: <PixSetup.cc/init:L90>         fPxarMemHi = 0x7f220ffff510
[11:23:57.405]    DEBUG: <PixSetup.cc/init:L106> PixSetup init done;  getCurrentRSS() = 31367168 fPxarMemory = 0x7f2209d94010
[11:23:57.407]    DEBUG: <pXar.cc/main:L223> Initial Analog Current: 384.3mA
[11:23:57.408]    DEBUG: <pXar.cc/main:L224> Initial Digital Current: 562.8mA
[11:23:57.408]    DEBUG: <pXar.cc/main:L225> Initial Module Temperature: 19.8 C
[11:23:57.904]    DEBUG: <PixGui.cc/hvOn:L460> HV set On: 0x1cfd670
[11:23:57.965]    DEBUG: <PixTestFactory.cc/PixTestFactory:L53> PixTestFactory::PixTestFactory()
[11:23:57.966]    DEBUG: <PixTestBBMap.cc/init:L79> PixTestBBMap::init()
[11:23:57.966]    DEBUG: <PixTestBBMap.cc/PixTestBBMap:L27> PixTestBBMap ctor(PixSetup &a, string, TGTab *)
[11:23:57.972]    DEBUG: <PixTestBB2Map.cc/setParameter:L58> setting fTargetIa    = 24 mA/ROC
[11:23:57.972]    DEBUG: <PixTestBB2Map.cc/init:L97> PixTestBB2Map::init()
[11:23:57.972]    DEBUG: <PixTestBB2Map.cc/PixTestBB2Map:L29> PixTestBB2Map ctor(PixSetup &a, string, TGTab *)
[11:23:57.983]    DEBUG: <PixTestBB3Map.cc/init:L81> PixTestBB3Map::init()
[11:23:57.984]    DEBUG: <PixTestBB3Map.cc/PixTestBB3Map:L29> PixTestBB3Map ctor(PixSetup &a, string, TGTab *)
[11:23:58.004]    DEBUG: <PixTestBB4Map.cc/init:L93> PixTestBB4Map::init()
[11:23:58.004]    DEBUG: <PixTestBB4Map.cc/PixTestBB4Map:L26> PixTestMapeff ctor(PixSetup &a, string, TGTab *)
[11:23:58.012]     INFO: PixTestCmd::init()
[11:23:58.028]    DEBUG: <PixTestDaq.cc/init:L44> PixTestDaq::init()
[11:23:58.028]    DEBUG: <PixTestDaq.cc/PixTestDaq:L22> PixTestDaq ctor(PixSetup &a, string, TGTab *)
[11:23:58.028]     INFO: readGainPedestalParameters data/mh123/M-H-1-23_ElComandanteTest_2016-01-07_10h44m_1452185090/000_FPIXTest_p17/phCalibrationFitErr35_C0.dat .. data/mh123/M-H-1-23_ElComandanteTest_2016-01-07_10h44m_1452185090/000_FPIXTest_p17/phCalibrationFitErr35_C15.dat
[11:23:58.281]    DEBUG: <PixTestDacDacScan.cc/init:L103> PixTestDacDacScan::init()
[11:23:58.282]    DEBUG: <PixTestDacDacScan.cc/PixTestDacDacScan:L22> PixTestDacDacScan ctor(PixSetup &a, string, TGTab *)
[11:23:58.295]    DEBUG: <PixTestGainPedestal.cc/setParameter:L83> PixTestGainPedestal::PixTest() fVcalStep = 10
[11:23:58.301]    DEBUG: <PixTestHighRate.cc/setParameter:L68>   setting fParTriggerFrequency -> 20
[11:23:58.301]    DEBUG: <PixTestHighRate.cc/init:L198> PixTestHighRate::init()
[11:23:58.301]    DEBUG: <PixTestHighRate.cc/PixTestHighRate:L31> PixTestHighRate ctor(PixSetup &a, string, TGTab *)
[11:23:58.325]    DEBUG: <PixTest.cc/setTestParameter:L637>  setting  ntrig to new value 10
[11:23:58.325]    DEBUG: <PixTestPhOptimization.cc/setParameter:L37>   setting fParNtrig  ->10<- from sval = 10
[11:23:58.325]    DEBUG: <PixTestPhOptimization.cc/setParameter:L42>   setting fSafetyMarginLow  ->20<- from sval = 20
[11:23:58.325]    DEBUG: <PixTestPhOptimization.cc/setParameter:L48>   setting fVcalMax  ->100<- from sval = 100
[11:23:58.325]    DEBUG: <PixTestPhOptimization.cc/setParameter:L53>   setting fQuantMax  ->0.98<- from sval = 0.98
[11:23:58.331]    DEBUG: <PixTestAlive.cc/init:L77> PixTestAlive::init()
[11:23:58.331]    DEBUG: <PixTestAlive.cc/PixTestAlive:L21> PixTestAlive ctor(PixSetup &a, string, TGTab *)
[11:23:58.353]    DEBUG: <PixTestReadback.cc/setParameter:L172> fCalwVd set to 1
[11:23:58.353]    DEBUG: <PixTestReadback.cc/init:L95> PixTestReadback::init()
[11:23:58.353]    DEBUG: <PixTestReadback.cc/PixTestReadback:L22> PixTestReadback ctor(PixSetup &a, string, TGTab *)
[11:23:58.353]     INFO: readReadbackCal: data/mh123/M-H-1-23_ElComandanteTest_2016-01-07_10h44m_1452185090/000_FPIXTest_p17/readbackCal_C0.dat .. data/mh123/M-H-1-23_ElComandanteTest_2016-01-07_10h44m_1452185090/000_FPIXTest_p17/readbackCal_C15.dat
[11:23:58.363]    DEBUG: <PixTestScurves.cc/setParameter:L93> set fOutputFilename = 
[11:23:58.371]    DEBUG: <PixTestTiming.cc/setParameter:L60> PixTestTiming::PixTest() targetclk = 4
[11:23:58.371]    DEBUG: <PixTestTiming.cc/setParameter:L64> PixTestTiming::PixTest() ntrig = 10
[11:23:58.371]    DEBUG: <PixTestTiming.cc/setParameter:L48> fNoTokenPass: 0
[11:23:58.371]    DEBUG: <PixTestTiming.cc/init:L74> PixTestTiming::init()
[11:23:58.395]    DEBUG: <PixTestXray.cc/init:L134> PixTestXray::init()
[11:23:58.395]    DEBUG: <PixTestXray.cc/PixTestXray:L28> PixTestXray ctor(PixSetup &a, string, TGTab *)
[11:24:04.596]    DEBUG: <PixTab.cc/buttonClicked:L308> xxxPressed():  caldelscan
[11:24:04.596]    DEBUG: <PixTestHighRate.cc/runCommand:L157> running command: caldelscan
[11:24:04.596]     INFO:    ----------------------------------------------------------------------
[11:24:04.596]     INFO:    PixTestHighRate::calDelScan() ntrig = 10, vcal = 200
[11:24:04.596]     INFO:    ----------------------------------------------------------------------
[11:24:04.736]     INFO: Expecting 768 events.
[11:24:05.874]     INFO: 768 events read in total (419ms).
[11:24:06.063]     INFO: Test took 1461ms.
[11:24:06.066]     INFO: ROC 2 masking pixel 6/57
[11:24:06.066]     INFO: ROC 2 masking pixel 41/28
[11:24:06.069]    DEBUG: <PixTest.cc/efficiencyMaps:L396>       attempt #0
[11:24:06.737]     INFO: Expecting 41600 events.
[11:24:10.312]     INFO: 41600 events read in total (3048ms).
[11:24:10.316]     INFO: Test took 4247ms.
[11:24:10.437]     INFO: Fetched DAQ statistics. Counters are being reset now.
[11:24:10.437]    DEBUG: <PixTest.cc/efficiencyMaps:L407>  eff result size = 688635
[11:24:10.437]    DEBUG: <PixTest.cc/efficiencyMaps:L412> Create hists HR_xeff_CalDelScan_step0_C0 .. HR_xeff_CalDelScan_step0_C15
[11:24:10.438]    DEBUG: <PixTest.cc/efficiencyMaps:L426> booking xray maps for unmasked detector
[11:24:10.491]    DEBUG: <PixTest.cc/efficiencyMaps:L396>       attempt #0
[11:24:11.160]     INFO: Expecting 41600 events.
[11:24:14.881]     INFO: 41600 events read in total (3195ms).
[11:24:14.886]     INFO: Test took 4395ms.
[11:24:15.002]     INFO: Fetched DAQ statistics. Counters are being reset now.
[11:24:15.002]    DEBUG: <PixTest.cc/efficiencyMaps:L407>  eff result size = 701691
[11:24:15.002]    DEBUG: <PixTest.cc/efficiencyMaps:L412> Create hists HR_xeff_CalDelScan_step1_C0 .. HR_xeff_CalDelScan_step1_C15
[11:24:15.003]    DEBUG: <PixTest.cc/efficiencyMaps:L426> booking xray maps for unmasked detector
[11:24:15.056]    DEBUG: <PixTest.cc/efficiencyMaps:L396>       attempt #0
[11:24:15.721]     INFO: Expecting 41600 events.
[11:24:19.468]     INFO: 41600 events read in total (3220ms).
[11:24:19.473]     INFO: Test took 4417ms.
[11:24:19.590]     INFO: Fetched DAQ statistics. Counters are being reset now.
[11:24:19.590]    DEBUG: <PixTest.cc/efficiencyMaps:L407>  eff result size = 703130
[11:24:19.590]    DEBUG: <PixTest.cc/efficiencyMaps:L412> Create hists HR_xeff_CalDelScan_step2_C0 .. HR_xeff_CalDelScan_step2_C15
[11:24:19.590]    DEBUG: <PixTest.cc/efficiencyMaps:L426> booking xray maps for unmasked detector
[11:24:19.644]    DEBUG: <PixTest.cc/efficiencyMaps:L396>       attempt #0
[11:24:20.309]     INFO: Expecting 41600 events.
[11:24:24.077]     INFO: 41600 events read in total (3241ms).
[11:24:24.081]     INFO: Test took 4437ms.
[11:24:24.200]     INFO: Fetched DAQ statistics. Counters are being reset now.
[11:24:24.200]    DEBUG: <PixTest.cc/efficiencyMaps:L407>  eff result size = 703225
[11:24:24.200]    DEBUG: <PixTest.cc/efficiencyMaps:L412> Create hists HR_xeff_CalDelScan_step3_C0 .. HR_xeff_CalDelScan_step3_C15
[11:24:24.200]    DEBUG: <PixTest.cc/efficiencyMaps:L426> booking xray maps for unmasked detector
[11:24:24.254]    DEBUG: <PixTest.cc/efficiencyMaps:L396>       attempt #0
[11:24:24.919]     INFO: Expecting 41600 events.
[11:24:28.687]     INFO: 41600 events read in total (3241ms).
[11:24:28.691]     INFO: Test took 4437ms.
[11:24:28.809]     INFO: Fetched DAQ statistics. Counters are being reset now.
[11:24:28.809]    DEBUG: <PixTest.cc/efficiencyMaps:L407>  eff result size = 702536
[11:24:28.809]    DEBUG: <PixTest.cc/efficiencyMaps:L412> Create hists HR_xeff_CalDelScan_step4_C0 .. HR_xeff_CalDelScan_step4_C15
[11:24:28.809]    DEBUG: <PixTest.cc/efficiencyMaps:L426> booking xray maps for unmasked detector
[11:24:28.864]    DEBUG: <PixTest.cc/efficiencyMaps:L396>       attempt #0
[11:24:29.529]     INFO: Expecting 41600 events.
[11:24:33.291]     INFO: 41600 events read in total (3235ms).
[11:24:33.296]     INFO: Test took 4432ms.
[11:24:33.411]     INFO: Fetched DAQ statistics. Counters are being reset now.
[11:24:33.411]    DEBUG: <PixTest.cc/efficiencyMaps:L407>  eff result size = 703824
[11:24:33.411]    DEBUG: <PixTest.cc/efficiencyMaps:L412> Create hists HR_xeff_CalDelScan_step5_C0 .. HR_xeff_CalDelScan_step5_C15
[11:24:33.411]    DEBUG: <PixTest.cc/efficiencyMaps:L426> booking xray maps for unmasked detector
[11:24:33.466]    DEBUG: <PixTest.cc/efficiencyMaps:L396>       attempt #0
[11:24:34.132]     INFO: Expecting 41600 events.
[11:24:37.908]     INFO: 41600 events read in total (3249ms).
[11:24:37.912]     INFO: Test took 4446ms.
[11:24:38.030]     INFO: Fetched DAQ statistics. Counters are being reset now.
[11:24:38.030]    DEBUG: <PixTest.cc/efficiencyMaps:L407>  eff result size = 704571
[11:24:38.030]    DEBUG: <PixTest.cc/efficiencyMaps:L412> Create hists HR_xeff_CalDelScan_step6_C0 .. HR_xeff_CalDelScan_step6_C15
[11:24:38.030]    DEBUG: <PixTest.cc/efficiencyMaps:L426> booking xray maps for unmasked detector
[11:24:38.085]    DEBUG: <PixTest.cc/efficiencyMaps:L396>       attempt #0
[11:24:38.750]     INFO: Expecting 41600 events.
[11:24:42.538]     INFO: 41600 events read in total (3261ms).
[11:24:42.542]     INFO: Test took 4457ms.
[11:24:42.665]     INFO: Fetched DAQ statistics. Counters are being reset now.
[11:24:42.665]    DEBUG: <PixTest.cc/efficiencyMaps:L407>  eff result size = 704429
[11:24:42.665]    DEBUG: <PixTest.cc/efficiencyMaps:L412> Create hists HR_xeff_CalDelScan_step7_C0 .. HR_xeff_CalDelScan_step7_C15
[11:24:42.665]    DEBUG: <PixTest.cc/efficiencyMaps:L426> booking xray maps for unmasked detector
[11:24:42.722]    DEBUG: <PixTest.cc/efficiencyMaps:L396>       attempt #0
[11:24:43.392]     INFO: Expecting 41600 events.
[11:24:47.170]     INFO: 41600 events read in total (3252ms).
[11:24:47.175]     INFO: Test took 4453ms.
[11:24:47.296]     INFO: Fetched DAQ statistics. Counters are being reset now.
[11:24:47.296]    DEBUG: <PixTest.cc/efficiencyMaps:L407>  eff result size = 703202
[11:24:47.296]    DEBUG: <PixTest.cc/efficiencyMaps:L412> Create hists HR_xeff_CalDelScan_step8_C0 .. HR_xeff_CalDelScan_step8_C15
[11:24:47.297]    DEBUG: <PixTest.cc/efficiencyMaps:L426> booking xray maps for unmasked detector
[11:24:47.352]    DEBUG: <PixTest.cc/efficiencyMaps:L396>       attempt #0
[11:24:48.021]     INFO: Expecting 41600 events.
[11:24:51.817]     INFO: 41600 events read in total (3270ms).
[11:24:51.822]     INFO: Test took 4469ms.
[11:24:51.938]     INFO: Fetched DAQ statistics. Counters are being reset now.
[11:24:51.938]    DEBUG: <PixTest.cc/efficiencyMaps:L407>  eff result size = 703107
[11:24:51.938]    DEBUG: <PixTest.cc/efficiencyMaps:L412> Create hists HR_xeff_CalDelScan_step9_C0 .. HR_xeff_CalDelScan_step9_C15
[11:24:51.938]    DEBUG: <PixTest.cc/efficiencyMaps:L426> booking xray maps for unmasked detector
[11:24:51.992]    DEBUG: <PixTest.cc/efficiencyMaps:L396>       attempt #0
[11:24:52.658]     INFO: Expecting 41600 events.
[11:24:56.436]     INFO: 41600 events read in total (3251ms).
[11:24:56.440]     INFO: Test took 4447ms.
[11:24:56.561]     INFO: Fetched DAQ statistics. Counters are being reset now.
[11:24:56.561]    DEBUG: <PixTest.cc/efficiencyMaps:L407>  eff result size = 703473
[11:24:56.561]    DEBUG: <PixTest.cc/efficiencyMaps:L412> Create hists HR_xeff_CalDelScan_step10_C0 .. HR_xeff_CalDelScan_step10_C15
[11:24:56.561]    DEBUG: <PixTest.cc/efficiencyMaps:L426> booking xray maps for unmasked detector
[11:24:56.617]    DEBUG: <PixTest.cc/efficiencyMaps:L396>       attempt #0
[11:24:57.284]     INFO: Expecting 41600 events.
[11:25:01.071]     INFO: 41600 events read in total (3260ms).
[11:25:01.075]     INFO: Test took 4458ms.
[11:25:01.193]     INFO: Fetched DAQ statistics. Counters are being reset now.
[11:25:01.193]    DEBUG: <PixTest.cc/efficiencyMaps:L407>  eff result size = 702763
[11:25:01.193]    DEBUG: <PixTest.cc/efficiencyMaps:L412> Create hists HR_xeff_CalDelScan_step11_C0 .. HR_xeff_CalDelScan_step11_C15
[11:25:01.193]    DEBUG: <PixTest.cc/efficiencyMaps:L426> booking xray maps for unmasked detector
[11:25:01.247]    DEBUG: <PixTest.cc/efficiencyMaps:L396>       attempt #0
[11:25:01.912]     INFO: Expecting 41600 events.
[11:25:05.703]     INFO: 41600 events read in total (3264ms).
[11:25:05.707]     INFO: Test took 4460ms.
[11:25:05.825]     INFO: Fetched DAQ statistics. Counters are being reset now.
[11:25:05.826]    DEBUG: <PixTest.cc/efficiencyMaps:L407>  eff result size = 703940
[11:25:05.826]    DEBUG: <PixTest.cc/efficiencyMaps:L412> Create hists HR_xeff_CalDelScan_step12_C0 .. HR_xeff_CalDelScan_step12_C15
[11:25:05.826]    DEBUG: <PixTest.cc/efficiencyMaps:L426> booking xray maps for unmasked detector
[11:25:05.880]    DEBUG: <PixTest.cc/efficiencyMaps:L396>       attempt #0
[11:25:06.546]     INFO: Expecting 41600 events.
[11:25:10.327]     INFO: 41600 events read in total (3255ms).
[11:25:10.331]     INFO: Test took 4451ms.
[11:25:10.452]     INFO: Fetched DAQ statistics. Counters are being reset now.
[11:25:10.452]    DEBUG: <PixTest.cc/efficiencyMaps:L407>  eff result size = 703115
[11:25:10.452]    DEBUG: <PixTest.cc/efficiencyMaps:L412> Create hists HR_xeff_CalDelScan_step13_C0 .. HR_xeff_CalDelScan_step13_C15
[11:25:10.452]    DEBUG: <PixTest.cc/efficiencyMaps:L426> booking xray maps for unmasked detector
[11:25:10.508]    DEBUG: <PixTest.cc/efficiencyMaps:L396>       attempt #0
[11:25:11.175]     INFO: Expecting 41600 events.
[11:25:14.960]     INFO: 41600 events read in total (3259ms).
[11:25:14.964]     INFO: Test took 4456ms.
[11:25:15.086]     INFO: Fetched DAQ statistics. Counters are being reset now.
[11:25:15.086]    DEBUG: <PixTest.cc/efficiencyMaps:L407>  eff result size = 702823
[11:25:15.086]    DEBUG: <PixTest.cc/efficiencyMaps:L412> Create hists HR_xeff_CalDelScan_step14_C0 .. HR_xeff_CalDelScan_step14_C15
[11:25:15.086]    DEBUG: <PixTest.cc/efficiencyMaps:L426> booking xray maps for unmasked detector
[11:25:15.142]    DEBUG: <PixTest.cc/efficiencyMaps:L396>       attempt #0
[11:25:15.808]     INFO: Expecting 41600 events.
[11:25:19.585]     INFO: 41600 events read in total (3251ms).
[11:25:19.590]     INFO: Test took 4448ms.
[11:25:19.710]     INFO: Fetched DAQ statistics. Counters are being reset now.
[11:25:19.710]    DEBUG: <PixTest.cc/efficiencyMaps:L407>  eff result size = 702105
[11:25:19.710]    DEBUG: <PixTest.cc/efficiencyMaps:L412> Create hists HR_xeff_CalDelScan_step15_C0 .. HR_xeff_CalDelScan_step15_C15
[11:25:19.710]    DEBUG: <PixTest.cc/efficiencyMaps:L426> booking xray maps for unmasked detector
[11:25:19.767]    DEBUG: <PixTest.cc/efficiencyMaps:L396>       attempt #0
[11:25:20.434]     INFO: Expecting 41600 events.
[11:25:24.204]     INFO: 41600 events read in total (3243ms).
[11:25:24.209]     INFO: Test took 4442ms.
[11:25:24.326]     INFO: Fetched DAQ statistics. Counters are being reset now.
[11:25:24.326]    DEBUG: <PixTest.cc/efficiencyMaps:L407>  eff result size = 702814
[11:25:24.326]    DEBUG: <PixTest.cc/efficiencyMaps:L412> Create hists HR_xeff_CalDelScan_step16_C0 .. HR_xeff_CalDelScan_step16_C15
[11:25:24.326]    DEBUG: <PixTest.cc/efficiencyMaps:L426> booking xray maps for unmasked detector
[11:25:24.383]    DEBUG: <PixTest.cc/efficiencyMaps:L396>       attempt #0
[11:25:25.050]     INFO: Expecting 41600 events.
[11:25:28.828]     INFO: 41600 events read in total (3251ms).
[11:25:28.833]     INFO: Test took 4450ms.
[11:25:28.951]     INFO: Fetched DAQ statistics. Counters are being reset now.
[11:25:28.951]    DEBUG: <PixTest.cc/efficiencyMaps:L407>  eff result size = 703769
[11:25:28.951]    DEBUG: <PixTest.cc/efficiencyMaps:L412> Create hists HR_xeff_CalDelScan_step17_C0 .. HR_xeff_CalDelScan_step17_C15
[11:25:28.952]    DEBUG: <PixTest.cc/efficiencyMaps:L426> booking xray maps for unmasked detector
[11:25:29.005]    DEBUG: <PixTest.cc/efficiencyMaps:L396>       attempt #0
[11:25:29.670]     INFO: Expecting 41600 events.
[11:25:33.425]     INFO: 41600 events read in total (3228ms).
[11:25:33.430]     INFO: Test took 4425ms.
[11:25:33.545]     INFO: Fetched DAQ statistics. Counters are being reset now.
[11:25:33.545]    DEBUG: <PixTest.cc/efficiencyMaps:L407>  eff result size = 702578
[11:25:33.545]    DEBUG: <PixTest.cc/efficiencyMaps:L412> Create hists HR_xeff_CalDelScan_step18_C0 .. HR_xeff_CalDelScan_step18_C15
[11:25:33.546]    DEBUG: <PixTest.cc/efficiencyMaps:L426> booking xray maps for unmasked detector
[11:25:33.600]    DEBUG: <PixTest.cc/efficiencyMaps:L396>       attempt #0
[11:25:34.265]     INFO: Expecting 41600 events.
[11:25:37.887]     INFO: 41600 events read in total (3095ms).
[11:25:37.892]     INFO: Test took 4292ms.
[11:25:38.005]     INFO: Fetched DAQ statistics. Counters are being reset now.
[11:25:38.006]    DEBUG: <PixTest.cc/efficiencyMaps:L407>  eff result size = 696996
[11:25:38.006]    DEBUG: <PixTest.cc/efficiencyMaps:L412> Create hists HR_xeff_CalDelScan_step19_C0 .. HR_xeff_CalDelScan_step19_C15
[11:25:38.006]    DEBUG: <PixTest.cc/efficiencyMaps:L426> booking xray maps for unmasked detector
[11:25:38.281]    DEBUG: <PixTestHighRate.cc/doCalDelScan:L422> roc  0: caldel = 179 eff = 0.999303
[11:25:38.282]    DEBUG: <PixTestHighRate.cc/doCalDelScan:L422> roc  1: caldel = 164 eff = 0.999591
[11:25:38.282]    DEBUG: <PixTestHighRate.cc/doCalDelScan:L422> roc  2: caldel = 172 eff = 0.997139
[11:25:38.282]    DEBUG: <PixTestHighRate.cc/doCalDelScan:L422> roc  3: caldel = 151 eff = 0.998269
[11:25:38.282]    DEBUG: <PixTestHighRate.cc/doCalDelScan:L422> roc  4: caldel = 166 eff = 0.99774
[11:25:38.282]    DEBUG: <PixTestHighRate.cc/doCalDelScan:L422> roc  5: caldel = 157 eff = 0.997548
[11:25:38.282]    DEBUG: <PixTestHighRate.cc/doCalDelScan:L422> roc  6: caldel = 147 eff = 0.997452
[11:25:38.283]    DEBUG: <PixTestHighRate.cc/doCalDelScan:L422> roc  7: caldel = 173 eff = 0.997981
[11:25:38.283]    DEBUG: <PixTestHighRate.cc/doCalDelScan:L422> roc  8: caldel = 154 eff = 0.99762
[11:25:38.283]    DEBUG: <PixTestHighRate.cc/doCalDelScan:L422> roc  9: caldel = 154 eff = 0.997308
[11:25:38.283]    DEBUG: <PixTestHighRate.cc/doCalDelScan:L422> roc 10: caldel = 146 eff = 0.997332
[11:25:38.284]    DEBUG: <PixTestHighRate.cc/doCalDelScan:L422> roc 11: caldel = 135 eff = 0.996034
[11:25:38.284]    DEBUG: <PixTestHighRate.cc/doCalDelScan:L422> roc 12: caldel = 174 eff = 0.997428
[11:25:38.284]    DEBUG: <PixTestHighRate.cc/doCalDelScan:L422> roc 13: caldel = 168 eff = 0.998582
[11:25:38.284]    DEBUG: <PixTestHighRate.cc/doCalDelScan:L422> roc 14: caldel = 128 eff = 0.955024
[11:25:38.285]    DEBUG: <PixTestHighRate.cc/doCalDelScan:L422> roc 15: caldel = 150 eff = 0.999375
[11:27:00.892]    DEBUG: <PixTab.cc/buttonClicked:L308> xxxPressed():  xpixelalive
[11:27:00.892]    DEBUG: <PixTestHighRate.cc/runCommand:L157> running command: xpixelalive
[11:27:00.892]     INFO:    ----------------------------------------------------------------------
[11:27:00.892]     INFO:    PixTestHighRate::xPixelAlive() ntrig = 50, vcal = 200
[11:27:00.892]     INFO:    ----------------------------------------------------------------------
[11:27:00.892]    DEBUG: <PixTestHighRate.cc/doXPixelAlive:L451>  old set: clk: 4
[11:27:00.892]    DEBUG: <PixTestHighRate.cc/doXPixelAlive:L451>  old set: ctr: 4
[11:27:00.892]    DEBUG: <PixTestHighRate.cc/doXPixelAlive:L451>  old set: sda: 19
[11:27:00.892]    DEBUG: <PixTestHighRate.cc/doXPixelAlive:L451>  old set: tin: 9
[11:27:00.892]    DEBUG: <PixTestHighRate.cc/doXPixelAlive:L451>  old set: level: 15
[11:27:00.892]    DEBUG: <PixTestHighRate.cc/doXPixelAlive:L451>  old set: triggerdelay: 0
[11:27:00.892]    DEBUG: <PixTestHighRate.cc/doXPixelAlive:L467>  setting: clk: 4
[11:27:00.892]    DEBUG: <PixTestHighRate.cc/doXPixelAlive:L467>  setting: ctr: 4
[11:27:00.892]    DEBUG: <PixTestHighRate.cc/doXPixelAlive:L467>  setting: sda: 19
[11:27:00.892]    DEBUG: <PixTestHighRate.cc/doXPixelAlive:L467>  setting: tin: 9
[11:27:00.892]    DEBUG: <PixTestHighRate.cc/doXPixelAlive:L467>  setting: level: 15
[11:27:00.892]    DEBUG: <PixTestHighRate.cc/doXPixelAlive:L467>  setting: triggerdelay: 20
[11:27:00.935]     INFO: ROC 2 masking pixel 6/57
[11:27:00.935]     INFO: ROC 2 masking pixel 41/28
[11:27:00.936]    DEBUG: <PixTest.cc/efficiencyMaps:L396>       attempt #0
[11:27:01.605]     INFO: Expecting 208000 events.
[11:27:16.753]     INFO: 208000 events read in total (14622ms).
[11:27:16.769]     INFO: Test took 15833ms.
[11:27:17.339]     INFO: Fetched DAQ statistics. Counters are being reset now.
[11:27:17.339]    DEBUG: <PixTest.cc/efficiencyMaps:L407>  eff result size = 3220882
[11:27:17.339]    DEBUG: <PixTest.cc/efficiencyMaps:L412> Create hists highRate_C0 .. highRate_C15
[11:27:17.340]    DEBUG: <PixTest.cc/efficiencyMaps:L426> booking xray maps for unmasked detector
[11:27:17.784]     INFO: number of dead pixels (per ROC):     0    0    7    0    0    0    0    0    0    0    0    2    3    0  162    0
[11:27:17.784]     INFO: number of red-efficiency pixels:   167  124  244  381  546  473  494  413  494  529  520  657  426  289  672  148
[11:27:17.784]     INFO: number of X-ray hits detected:    120896 92894 151189 223885 243871 249375 253049 221080 253945 261490 253452 239044 234794 158175 85440 111917
[11:27:17.784]     INFO: number of triggers sent (total per ROC):  208000 208000 208000 208000 208000 208000 208000 208000 208000 208000 208000 208000 208000 208000 208000 208000
[11:27:17.784]     INFO: number of Vcal hits detected:  207825 207872 207403 207603 207399 207487 207434 207563 207465 207419 207415 207094 207397 207678 198653 207846
[11:27:17.784]     INFO: Vcal hit fiducial efficiency (%):  99.9 99.9 99.9 99.8 99.7 99.8 99.7 99.8 99.8 99.7 99.7 99.7 99.8 99.9 99.4 99.9
[11:27:17.785]     INFO: Vcal hit overall efficiency (%):  99.9 99.9 99.7 99.8 99.7 99.8 99.7 99.8 99.7 99.7 99.7 99.6 99.7 99.8 95.5 99.9
[11:27:17.785]     INFO: X-ray hit rate [MHz/cm2]:  35.4 27.2 44.3 65.6 71.5 73.1 74.2 64.8 74.4 76.6 74.3 70.1 68.8 46.4 25.0 32.8
[11:27:17.785]     INFO: PixTestHighRate::doXPixelAlive() done
[11:27:17.830]    DEBUG: <PixTestHighRate.cc/doXPixelAlive:L586>  resetting: clk: 4
[11:27:17.830]    DEBUG: <PixTestHighRate.cc/doXPixelAlive:L586>  resetting: ctr: 4
[11:27:17.830]    DEBUG: <PixTestHighRate.cc/doXPixelAlive:L586>  resetting: sda: 19
[11:27:17.830]    DEBUG: <PixTestHighRate.cc/doXPixelAlive:L586>  resetting: tin: 9
[11:27:17.830]    DEBUG: <PixTestHighRate.cc/doXPixelAlive:L586>  resetting: level: 15
[11:27:17.830]    DEBUG: <PixTestHighRate.cc/doXPixelAlive:L586>  resetting: triggerdelay: 0
[11:27:17.830]     INFO: PixTest::       pg_setup set to default.
[11:27:49.764]    DEBUG: <PixTest.cc/moduleMap:L1029> moduleMap histname: what
[11:27:49.764]    DEBUG: <PixTest.cc/moduleMap:L1039> h1->GetName() = highRate_xraymap_C13_V0 -> highRate_xraymap_mod
[11:27:51.916]    DEBUG: <PixGui.cc/handleButtons:L396> PixGui::exit called
[11:27:51.916]    DEBUG: <PixGui.cc/CloseWindow:L335> Final Analog Current: 387.5mA
[11:27:51.917]    DEBUG: <PixGui.cc/CloseWindow:L336> Final Digital Current: 561.1mA
[11:27:51.917]    DEBUG: <PixGui.cc/CloseWindow:L337> Final Module Temperature: 21.3 C
[11:27:51.917]    DEBUG: <PixTestBBMap.cc/~PixTestBBMap:L97> PixTestBBMap dtor
[11:27:51.917]    DEBUG: <PixTestBB2Map.cc/~PixTestBB2Map:L115> PixTestBB2Map dtor
[11:27:51.917]    DEBUG: <PixTestBB3Map.cc/~PixTestBB3Map:L99> PixTestBB3Map dtor
[11:27:51.917]    DEBUG: <PixTestBB4Map.cc/~PixTestBB4Map:L118> PixTestBB4Map dtor
[11:27:51.917]    DEBUG: <PixTestCmd.cc/~PixTestCmd:L78> PixTestCmd dtor
[11:27:51.918]    DEBUG: <PixTestDaq.cc/~PixTestDaq:L37> PixTestDaq dtor
[11:27:51.918]    DEBUG: <PixTestDacDacScan.cc/~PixTestDacDacScan:L136> PixTestDacDacScan dtor
[11:27:51.918]    DEBUG: <PixTestDacScan.cc/~PixTestDacScan:L129> PixTestDacScan dtor
[11:27:51.918]    DEBUG: <PixTestGainPedestal.cc/~PixTestGainPedestal:L125> PixTestGainPedestal dtor
[11:27:51.918]    DEBUG: <PixTestHighRate.cc/~PixTestHighRate:L245> PixTestHighRate dtor
[11:27:52.016]    DEBUG: <PixTestIV.cc/~PixTestIV:L96> PixTestIV dtor
[11:27:52.016]    DEBUG: <PixTestAlive.cc/~PixTestAlive:L109> PixTestAlive dtor
[11:27:52.016]    DEBUG: <PixTestPretest.cc/~PixTestPretest:L136> PixTestPretest dtor
[11:27:52.016]    DEBUG: <PixTestReadback.cc/~PixTestReadback:L89> PixTestReadback dtor, saving tree ... 
[11:27:52.016]    DEBUG: <PixTestScurves.cc/~PixTestScurves:L142> PixTestScurves dtor
[11:27:52.016]    DEBUG: <PixTestTiming.cc/~PixTestTiming:L97> PixTestTiming dtor
[11:27:52.016]    DEBUG: <PixTestTrim.cc/~PixTestTrim:L103> PixTestTrim dtor
[11:27:52.016]    DEBUG: <PixTestXray.cc/~PixTestXray:L217> PixTestXray dtor
[11:27:52.019]    QUIET: Connection to board 58 closed.
[11:27:52.099]    DEBUG: <PixMonitor.cc/dumpSummaries:L39> PixMonitor::dumpSummaries
