[15:01:44.002]     INFO: *** Welcome to pxar ***
[15:01:44.002]     INFO: *** Today: 2016/01/11
[15:01:44.011]     INFO: *** Version: prod-12
[15:01:44.011]     INFO: readRocDacs: data/mh123/M-H-1-23_ElComandanteTest_2016-01-07_10h44m_1452185090/000_FPIXTest_p17/dacParameters35_C0.dat .. data/mh123/M-H-1-23_ElComandanteTest_2016-01-07_10h44m_1452185090/000_FPIXTest_p17/dacParameters35_C15.dat
[15:01:44.012]     INFO: readTbmDacs: data/mh123/M-H-1-23_ElComandanteTest_2016-01-07_10h44m_1452185090/000_FPIXTest_p17/tbmParameters_C0a.dat .. data/mh123/M-H-1-23_ElComandanteTest_2016-01-07_10h44m_1452185090/000_FPIXTest_p17/tbmParameters_C0b.dat
[15:01:44.012]     INFO: readMaskFile: data/mh123/M-H-1-23_ElComandanteTest_2016-01-07_10h44m_1452185090/000_FPIXTest_p17/defaultMaskFile.dat
[15:01:44.012]     INFO: MASKED Roc 2 col/row: 6 57
[15:01:44.012]     INFO: MASKED Roc 2 col/row: 41 28
[15:01:44.012]     INFO: readTrimFile: data/mh123/M-H-1-23_ElComandanteTest_2016-01-07_10h44m_1452185090/000_FPIXTest_p17/trimParameters35_C0.dat .. data/mh123/M-H-1-23_ElComandanteTest_2016-01-07_10h44m_1452185090/000_FPIXTest_p17/trimParameters35_C15.dat
[15:01:44.031]     INFO:   masking Roc 2 col/row: 6 57
[15:01:44.032]     INFO:   masking Roc 2 col/row: 41 28
[15:01:44.163]     INFO:         clk: 4
[15:01:44.163]     INFO:         ctr: 4
[15:01:44.163]     INFO:         sda: 19
[15:01:44.163]     INFO:         tin: 9
[15:01:44.163]     INFO:         level: 15
[15:01:44.163]     INFO:         triggerdelay: 0
[15:01:44.163]    QUIET: Instanciating API for pxar prod-12
[15:01:44.163]     INFO: Log level: DEBUG
[15:01:44.174]    QUIET: Connection to board DTB_WRPRHI opened.
[15:01:44.178]     INFO: DTB startup information
--- DTB info------------------------------------------
Board id:    58
HW version:  DTB1.2
FW version:  4.2
SW version:  4.5
USB id:      DTB_WRPRHI
MAC address: 40D85511803A
Hostname:    pixelDTB058
Comment:     
------------------------------------------------------
[15:01:44.181]     INFO: RPC call hashes of host and DTB match: 398089610
[15:01:45.781]     INFO: DUT info: 
[15:01:45.781]     INFO: The DUT currently contains the following objects:
[15:01:45.781]     INFO:  2 TBM Cores tbm08c (2 ON)
[15:01:45.781]     INFO: 	TBM Core alpha (0): 7 registers set
[15:01:45.781]     INFO: 	TBM Core beta  (1): 7 registers set
[15:01:45.781]     INFO: 16 ROCs psi46digv21respin (16 ON) with 4160 pixelConfigs
[15:01:45.781]     INFO: 	ROC 0: 19 DACs set, Pixels: 0 masked, 0 active.
[15:01:45.781]     INFO: 	ROC 1: 19 DACs set, Pixels: 0 masked, 0 active.
[15:01:45.781]     INFO: 	ROC 2: 19 DACs set, Pixels: 2 masked, 0 active.
[15:01:45.781]     INFO: 	ROC 3: 19 DACs set, Pixels: 0 masked, 0 active.
[15:01:45.781]     INFO: 	ROC 4: 19 DACs set, Pixels: 0 masked, 0 active.
[15:01:45.781]     INFO: 	ROC 5: 19 DACs set, Pixels: 0 masked, 0 active.
[15:01:45.781]     INFO: 	ROC 6: 19 DACs set, Pixels: 0 masked, 0 active.
[15:01:45.781]     INFO: 	ROC 7: 19 DACs set, Pixels: 0 masked, 0 active.
[15:01:45.781]     INFO: 	ROC 8: 19 DACs set, Pixels: 0 masked, 0 active.
[15:01:45.781]     INFO: 	ROC 9: 19 DACs set, Pixels: 0 masked, 0 active.
[15:01:45.781]     INFO: 	ROC 10: 19 DACs set, Pixels: 0 masked, 0 active.
[15:01:45.781]     INFO: 	ROC 11: 19 DACs set, Pixels: 0 masked, 0 active.
[15:01:45.781]     INFO: 	ROC 12: 19 DACs set, Pixels: 0 masked, 0 active.
[15:01:45.782]     INFO: 	ROC 13: 19 DACs set, Pixels: 0 masked, 0 active.
[15:01:45.782]     INFO: 	ROC 14: 19 DACs set, Pixels: 0 masked, 0 active.
[15:01:45.782]     INFO: 	ROC 15: 19 DACs set, Pixels: 0 masked, 0 active.
[15:01:45.782]    DEBUG: <PixTestParameters.cc/dump:L104> PixTestParameters: ->BB<-
[15:01:45.782]    DEBUG: <PixTestParameters.cc/dump:L107>   dumpall: checkbox(0)
[15:01:45.782]    DEBUG: <PixTestParameters.cc/dump:L107>   dumpproblematic: checkbox(0)
[15:01:45.782]    DEBUG: <PixTestParameters.cc/dump:L107>   ntrig: 5
[15:01:45.782]    DEBUG: <PixTestParameters.cc/dump:L107>   vcals: 250
[15:01:45.782]    DEBUG: <PixTestParameters.cc/dump:L104> PixTestParameters: ->BB2<-
[15:01:45.782]    DEBUG: <PixTestParameters.cc/dump:L107>   ntrig: 10
[15:01:45.782]    DEBUG: <PixTestParameters.cc/dump:L107>   vcals: 222
[15:01:45.782]    DEBUG: <PixTestParameters.cc/dump:L107>   plwidth: 35
[15:01:45.782]    DEBUG: <PixTestParameters.cc/dump:L107>   pix: 11,20
[15:01:45.782]    DEBUG: <PixTestParameters.cc/dump:L107>   targetia: 24
[15:01:45.782]    DEBUG: <PixTestParameters.cc/dump:L104> PixTestParameters: ->BB3<-
[15:01:45.782]    DEBUG: <PixTestParameters.cc/dump:L107>   dumpall: checkbox(0)
[15:01:45.782]    DEBUG: <PixTestParameters.cc/dump:L107>   dumpproblematic: checkbox(0)
[15:01:45.782]    DEBUG: <PixTestParameters.cc/dump:L107>   ntrig: 5
[15:01:45.782]    DEBUG: <PixTestParameters.cc/dump:L107>   vcals: 250
[15:01:45.782]    DEBUG: <PixTestParameters.cc/dump:L104> PixTestParameters: ->BB4<-
[15:01:45.782]    DEBUG: <PixTestParameters.cc/dump:L107>   savecaldelscan: checkbox(0)
[15:01:45.782]    DEBUG: <PixTestParameters.cc/dump:L107>   ntrig: 100
[15:01:45.782]    DEBUG: <PixTestParameters.cc/dump:L107>   cals: 1
[15:01:45.782]    DEBUG: <PixTestParameters.cc/dump:L107>   caldello: 80
[15:01:45.782]    DEBUG: <PixTestParameters.cc/dump:L107>   caldelhi: 200
[15:01:45.782]    DEBUG: <PixTestParameters.cc/dump:L107>   caldelstep: 10
[15:01:45.782]    DEBUG: <PixTestParameters.cc/dump:L107>   vthrcomplo: 70
[15:01:45.782]    DEBUG: <PixTestParameters.cc/dump:L107>   vthrcomphi: 130
[15:01:45.782]    DEBUG: <PixTestParameters.cc/dump:L107>   vthrcompstep: 5
[15:01:45.782]    DEBUG: <PixTestParameters.cc/dump:L107>   noisypixels: 10
[15:01:45.782]    DEBUG: <PixTestParameters.cc/dump:L107>   vcal: 255
[15:01:45.782]    DEBUG: <PixTestParameters.cc/dump:L107>   cut: 0.5
[15:01:45.782]    DEBUG: <PixTestParameters.cc/dump:L104> PixTestParameters: ->Cmd<-
[15:01:45.782]    DEBUG: <PixTestParameters.cc/dump:L104> PixTestParameters: ->DAQ<-
[15:01:45.783]    DEBUG: <PixTestParameters.cc/dump:L107>   delaytbm: checkbox
[15:01:45.783]    DEBUG: <PixTestParameters.cc/dump:L107>   filltree: checkbox
[15:01:45.783]    DEBUG: <PixTestParameters.cc/dump:L107>   trgfrequency(khz): 100
[15:01:45.783]    DEBUG: <PixTestParameters.cc/dump:L107>   maskhotpixels: button
[15:01:45.783]    DEBUG: <PixTestParameters.cc/dump:L107>   trgnumber: 5
[15:01:45.783]    DEBUG: <PixTestParameters.cc/dump:L107>   iterations: 10
[15:01:45.783]    DEBUG: <PixTestParameters.cc/dump:L107>   rundaqtrg: button
[15:01:45.783]    DEBUG: <PixTestParameters.cc/dump:L107>   daqseconds: 5
[15:01:45.783]    DEBUG: <PixTestParameters.cc/dump:L107>   rundaqseconds: button
[15:01:45.783]    DEBUG: <PixTestParameters.cc/dump:L104> PixTestParameters: ->DacDacScan<-
[15:01:45.783]    DEBUG: <PixTestParameters.cc/dump:L107>   phmap: checkbox
[15:01:45.783]    DEBUG: <PixTestParameters.cc/dump:L107>   ntrig: 10
[15:01:45.783]    DEBUG: <PixTestParameters.cc/dump:L107>   dac1: caldel
[15:01:45.783]    DEBUG: <PixTestParameters.cc/dump:L107>   dac1lo: 0
[15:01:45.783]    DEBUG: <PixTestParameters.cc/dump:L107>   dac1hi: 255
[15:01:45.783]    DEBUG: <PixTestParameters.cc/dump:L107>   dac2: vthrcomp
[15:01:45.783]    DEBUG: <PixTestParameters.cc/dump:L107>   dac2lo: 0
[15:01:45.783]    DEBUG: <PixTestParameters.cc/dump:L107>   dac2hi: 255
[15:01:45.783]    DEBUG: <PixTestParameters.cc/dump:L107>   pix: 11,20
[15:01:45.783]    DEBUG: <PixTestParameters.cc/dump:L104> PixTestParameters: ->DacScan<-
[15:01:45.783]    DEBUG: <PixTestParameters.cc/dump:L107>   phmap: checkbox(1)
[15:01:45.783]    DEBUG: <PixTestParameters.cc/dump:L107>   allpixels: checkbox(0)
[15:01:45.783]    DEBUG: <PixTestParameters.cc/dump:L107>   unmasked: checkbox(0)
[15:01:45.783]    DEBUG: <PixTestParameters.cc/dump:L107>   ntrig: 10
[15:01:45.783]    DEBUG: <PixTestParameters.cc/dump:L107>   dac: vcal
[15:01:45.783]    DEBUG: <PixTestParameters.cc/dump:L107>   daclo: 0
[15:01:45.783]    DEBUG: <PixTestParameters.cc/dump:L107>   dachi: 255
[15:01:45.783]    DEBUG: <PixTestParameters.cc/dump:L107>   pix: 11,20
[15:01:45.783]    DEBUG: <PixTestParameters.cc/dump:L104> PixTestParameters: ->GainPedestal<-
[15:01:45.783]    DEBUG: <PixTestParameters.cc/dump:L107>   showfits: checkbox(0)
[15:01:45.783]    DEBUG: <PixTestParameters.cc/dump:L107>   extended: checkbox(0)
[15:01:45.783]    DEBUG: <PixTestParameters.cc/dump:L107>   dumphists: checkbox(0)
[15:01:45.783]    DEBUG: <PixTestParameters.cc/dump:L107>   ntrig: 10
[15:01:45.783]    DEBUG: <PixTestParameters.cc/dump:L107>   vcalstep: 10
[15:01:45.783]    DEBUG: <PixTestParameters.cc/dump:L107>   measure: button
[15:01:45.783]    DEBUG: <PixTestParameters.cc/dump:L107>   fit: button
[15:01:45.783]    DEBUG: <PixTestParameters.cc/dump:L107>   save: button
[15:01:45.783]    DEBUG: <PixTestParameters.cc/dump:L104> PixTestParameters: ->HighRate<-
[15:01:45.783]    DEBUG: <PixTestParameters.cc/dump:L107>   pix: 11,20
[15:01:45.783]    DEBUG: <PixTestParameters.cc/dump:L107>   trimhotpixels: button
[15:01:45.783]    DEBUG: <PixTestParameters.cc/dump:L107>   trimhotpixelthr: 200
[15:01:45.783]    DEBUG: <PixTestParameters.cc/dump:L107>   runsecondshotpixels: 10
[15:01:45.783]    DEBUG: <PixTestParameters.cc/dump:L107>   savetrimbits: checkbox(1)
[15:01:45.783]    DEBUG: <PixTestParameters.cc/dump:L107>   maskuntrimmable: checkbox(1)
[15:01:45.783]    DEBUG: <PixTestParameters.cc/dump:L107>   maskhotpixels: button
[15:01:45.783]    DEBUG: <PixTestParameters.cc/dump:L107>   savemaskfile: checkbox(0)
[15:01:45.783]    DEBUG: <PixTestParameters.cc/dump:L107>   maskfilename: default
[15:01:45.783]    DEBUG: <PixTestParameters.cc/dump:L107>   caldelscan: button
[15:01:45.783]    DEBUG: <PixTestParameters.cc/dump:L107>   xpixelalive: button
[15:01:45.783]    DEBUG: <PixTestParameters.cc/dump:L107>   ntrig: 50
[15:01:45.783]    DEBUG: <PixTestParameters.cc/dump:L107>   vcal: 200
[15:01:45.783]    DEBUG: <PixTestParameters.cc/dump:L107>   xnoisemaps: button
[15:01:45.783]    DEBUG: <PixTestParameters.cc/dump:L107>   daclo: 0
[15:01:45.783]    DEBUG: <PixTestParameters.cc/dump:L107>   dachi: 100
[15:01:45.783]    DEBUG: <PixTestParameters.cc/dump:L107>   dacs/step: 20
[15:01:45.783]    DEBUG: <PixTestParameters.cc/dump:L107>   rundaq: button
[15:01:45.783]    DEBUG: <PixTestParameters.cc/dump:L107>   trgfrequency(khz): 20
[15:01:45.783]    DEBUG: <PixTestParameters.cc/dump:L107>   runseconds: 2
[15:01:45.784]    DEBUG: <PixTestParameters.cc/dump:L107>   triggerdelay: 20
[15:01:45.784]    DEBUG: <PixTestParameters.cc/dump:L107>   delaytbm: checkbox
[15:01:45.784]    DEBUG: <PixTestParameters.cc/dump:L107>   filltree: checkbox
[15:01:45.784]    DEBUG: <PixTestParameters.cc/dump:L104> PixTestParameters: ->IV<-
[15:01:45.784]    DEBUG: <PixTestParameters.cc/dump:L107>   port: /dev/FIXME
[15:01:45.784]    DEBUG: <PixTestParameters.cc/dump:L107>   voltagestart: 0
[15:01:45.784]    DEBUG: <PixTestParameters.cc/dump:L107>   voltagestop: 600
[15:01:45.784]    DEBUG: <PixTestParameters.cc/dump:L107>   voltagestep: 5
[15:01:45.784]    DEBUG: <PixTestParameters.cc/dump:L107>   delay: 1
[15:01:45.784]    DEBUG: <PixTestParameters.cc/dump:L107>   compliance(ua): 100
[15:01:45.784]    DEBUG: <PixTestParameters.cc/dump:L104> PixTestParameters: ->PhOptimization<-
[15:01:45.784]    DEBUG: <PixTestParameters.cc/dump:L107>   ntrig: 10
[15:01:45.784]    DEBUG: <PixTestParameters.cc/dump:L107>   safetymarginlow: 20
[15:01:45.784]    DEBUG: <PixTestParameters.cc/dump:L107>   saturationvcal: 100
[15:01:45.784]    DEBUG: <PixTestParameters.cc/dump:L107>   quantilesaturation: 0.98
[15:01:45.784]    DEBUG: <PixTestParameters.cc/dump:L104> PixTestParameters: ->PixelAlive<-
[15:01:45.784]    DEBUG: <PixTestParameters.cc/dump:L107>   ntrig: 10
[15:01:45.784]    DEBUG: <PixTestParameters.cc/dump:L107>   vcal: 200
[15:01:45.784]    DEBUG: <PixTestParameters.cc/dump:L107>   alivetest: button
[15:01:45.784]    DEBUG: <PixTestParameters.cc/dump:L107>   masktest: button
[15:01:45.784]    DEBUG: <PixTestParameters.cc/dump:L107>   addressdecodingtest: button
[15:01:45.784]    DEBUG: <PixTestParameters.cc/dump:L104> PixTestParameters: ->Pretest<-
[15:01:45.784]    DEBUG: <PixTestParameters.cc/dump:L107>   programroc: button
[15:01:45.784]    DEBUG: <PixTestParameters.cc/dump:L107>   targetia: 24
[15:01:45.784]    DEBUG: <PixTestParameters.cc/dump:L107>   setvana: button
[15:01:45.784]    DEBUG: <PixTestParameters.cc/dump:L107>   iterations: 100
[15:01:45.784]    DEBUG: <PixTestParameters.cc/dump:L107>   settimings: button
[15:01:45.784]    DEBUG: <PixTestParameters.cc/dump:L107>   findtiming: button
[15:01:45.784]    DEBUG: <PixTestParameters.cc/dump:L107>   findworkingpixel: button
[15:01:45.784]    DEBUG: <PixTestParameters.cc/dump:L107>   setvthrcompcaldel: button
[15:01:45.784]    DEBUG: <PixTestParameters.cc/dump:L107>   pix: 11,20
[15:01:45.784]    DEBUG: <PixTestParameters.cc/dump:L107>   vcal: 250
[15:01:45.784]    DEBUG: <PixTestParameters.cc/dump:L107>   deltavthrcomp: 50
[15:01:45.784]    DEBUG: <PixTestParameters.cc/dump:L107>   fraccaldel: 0.5
[15:01:45.784]    DEBUG: <PixTestParameters.cc/dump:L107>   ntrig: 5
[15:01:45.784]    DEBUG: <PixTestParameters.cc/dump:L107>   savedacs: button
[15:01:45.784]    DEBUG: <PixTestParameters.cc/dump:L104> PixTestParameters: ->Readback<-
[15:01:45.784]    DEBUG: <PixTestParameters.cc/dump:L107>   calibratevd: button
[15:01:45.784]    DEBUG: <PixTestParameters.cc/dump:L107>   calibrateva: button
[15:01:45.784]    DEBUG: <PixTestParameters.cc/dump:L107>   calibrateia: button
[15:01:45.784]    DEBUG: <PixTestParameters.cc/dump:L107>   readbackvbg: button
[15:01:45.784]    DEBUG: <PixTestParameters.cc/dump:L107>   getcalibratedvbg: button
[15:01:45.784]    DEBUG: <PixTestParameters.cc/dump:L107>   usecalvd: checkbox(1)
[15:01:45.784]    DEBUG: <PixTestParameters.cc/dump:L107>   usecalva: checkbox(0)
[15:01:45.784]    DEBUG: <PixTestParameters.cc/dump:L107>   setvana: button
[15:01:45.784]    DEBUG: <PixTestParameters.cc/dump:L104> PixTestParameters: ->Scurves<-
[15:01:45.784]    DEBUG: <PixTestParameters.cc/dump:L107>   adjustvcal: checkbox(0)
[15:01:45.784]    DEBUG: <PixTestParameters.cc/dump:L107>   dumpall: checkbox(0)
[15:01:45.784]    DEBUG: <PixTestParameters.cc/dump:L107>   dumpproblematic: checkbox(0)
[15:01:45.784]    DEBUG: <PixTestParameters.cc/dump:L107>   dumpoutputfile: checkbox(0)
[15:01:45.784]    DEBUG: <PixTestParameters.cc/dump:L107>   ntrig: 50
[15:01:45.784]    DEBUG: <PixTestParameters.cc/dump:L107>   dac: Vcal
[15:01:45.784]    DEBUG: <PixTestParameters.cc/dump:L107>   daclo: 0
[15:01:45.784]    DEBUG: <PixTestParameters.cc/dump:L107>   dachi: 200
[15:01:45.784]    DEBUG: <PixTestParameters.cc/dump:L107>   dacs/step: -1
[15:01:45.784]    DEBUG: <PixTestParameters.cc/dump:L107>   ntrig/step: -1
[15:01:45.784]    DEBUG: <PixTestParameters.cc/dump:L107>   scurves: button
[15:01:45.784]    DEBUG: <PixTestParameters.cc/dump:L104> PixTestParameters: ->Timing<-
[15:01:45.785]    DEBUG: <PixTestParameters.cc/dump:L107>   targetclk: 4
[15:01:45.785]    DEBUG: <PixTestParameters.cc/dump:L107>   ntrig: 10
[15:01:45.785]    DEBUG: <PixTestParameters.cc/dump:L107>   clocksdascan: button
[15:01:45.785]    DEBUG: <PixTestParameters.cc/dump:L107>   notokenpass: checkbox(0)
[15:01:45.785]    DEBUG: <PixTestParameters.cc/dump:L107>   phasescan: button
[15:01:45.785]    DEBUG: <PixTestParameters.cc/dump:L107>   levelscan: button
[15:01:45.785]    DEBUG: <PixTestParameters.cc/dump:L107>   tbmphasescan: button
[15:01:45.785]    DEBUG: <PixTestParameters.cc/dump:L107>   rocdelayscan: button
[15:01:45.785]    DEBUG: <PixTestParameters.cc/dump:L107>   timingtest: button
[15:01:45.785]    DEBUG: <PixTestParameters.cc/dump:L107>   saveparameters: button
[15:01:45.785]    DEBUG: <PixTestParameters.cc/dump:L104> PixTestParameters: ->Trim<-
[15:01:45.785]    DEBUG: <PixTestParameters.cc/dump:L107>   trim: button
[15:01:45.785]    DEBUG: <PixTestParameters.cc/dump:L107>   ntrig: 8
[15:01:45.785]    DEBUG: <PixTestParameters.cc/dump:L107>   vcal: 35
[15:01:45.785]    DEBUG: <PixTestParameters.cc/dump:L107>   trimbits: button
[15:01:45.785]    DEBUG: <PixTestParameters.cc/dump:L104> PixTestParameters: ->Xray<-
[15:01:45.785]    DEBUG: <PixTestParameters.cc/dump:L107>   maskhotpixels: button
[15:01:45.785]    DEBUG: <PixTestParameters.cc/dump:L107>   savemaskfile: checkbox(0)
[15:01:45.785]    DEBUG: <PixTestParameters.cc/dump:L107>   maskfilename: default
[15:01:45.785]    DEBUG: <PixTestParameters.cc/dump:L107>   source: Ag
[15:01:45.785]    DEBUG: <PixTestParameters.cc/dump:L107>   phrun: button
[15:01:45.785]    DEBUG: <PixTestParameters.cc/dump:L107>   runseconds: 100
[15:01:45.785]    DEBUG: <PixTestParameters.cc/dump:L107>   trgfrequency(khz): 100
[15:01:45.785]    DEBUG: <PixTestParameters.cc/dump:L107>   ratescan: button
[15:01:45.785]    DEBUG: <PixTestParameters.cc/dump:L107>   vthrcompmin: 10
[15:01:45.785]    DEBUG: <PixTestParameters.cc/dump:L107>   vthrcompmax: 80
[15:01:45.785]    DEBUG: <PixTestParameters.cc/dump:L107>   stepseconds: 5
[15:01:45.785]    DEBUG: <PixTestParameters.cc/dump:L107>   delaytbm: checkbox
[15:01:45.785]    DEBUG: <PixTestParameters.cc/dump:L107>   filltree: checkbox
[15:01:45.787]    DEBUG: <PixSetup.cc/init:L81> PixSetup init start; getCurrentRSS() = 33660928
[15:01:45.787]    DEBUG: <PixSetup.cc/init:L87> fPixTestParameters = 0x13be060
[15:01:45.787]    DEBUG: <PixSetup.cc/init:L88>  fConfigParameters = 0x1333c10
[15:01:45.787]    DEBUG: <PixSetup.cc/init:L89>        fPxarMemory = 0x7f4b3dd94010
[15:01:45.787]    DEBUG: <PixSetup.cc/init:L90>         fPxarMemHi = 0x7f4b43fff510
[15:01:45.787]    DEBUG: <PixSetup.cc/init:L106> PixSetup init done;  getCurrentRSS() = 33669120 fPxarMemory = 0x7f4b3dd94010
[15:01:45.789]    DEBUG: <pXar.cc/main:L223> Initial Analog Current: 383.5mA
[15:01:45.790]    DEBUG: <pXar.cc/main:L224> Initial Digital Current: 561.9mA
[15:01:45.790]    DEBUG: <pXar.cc/main:L225> Initial Module Temperature: 18.5 C
[15:01:46.286]    DEBUG: <PixGui.cc/hvOn:L460> HV set On: 0x197c660
[15:01:46.354]    DEBUG: <PixTestFactory.cc/PixTestFactory:L53> PixTestFactory::PixTestFactory()
[15:01:46.354]    DEBUG: <PixTestBBMap.cc/init:L79> PixTestBBMap::init()
[15:01:46.354]    DEBUG: <PixTestBBMap.cc/PixTestBBMap:L27> PixTestBBMap ctor(PixSetup &a, string, TGTab *)
[15:01:46.360]    DEBUG: <PixTestBB2Map.cc/setParameter:L58> setting fTargetIa    = 24 mA/ROC
[15:01:46.360]    DEBUG: <PixTestBB2Map.cc/init:L97> PixTestBB2Map::init()
[15:01:46.360]    DEBUG: <PixTestBB2Map.cc/PixTestBB2Map:L29> PixTestBB2Map ctor(PixSetup &a, string, TGTab *)
[15:01:46.371]    DEBUG: <PixTestBB3Map.cc/init:L81> PixTestBB3Map::init()
[15:01:46.371]    DEBUG: <PixTestBB3Map.cc/PixTestBB3Map:L29> PixTestBB3Map ctor(PixSetup &a, string, TGTab *)
[15:01:46.394]    DEBUG: <PixTestBB4Map.cc/init:L93> PixTestBB4Map::init()
[15:01:46.395]    DEBUG: <PixTestBB4Map.cc/PixTestBB4Map:L26> PixTestMapeff ctor(PixSetup &a, string, TGTab *)
[15:01:46.417]     INFO: PixTestCmd::init()
[15:01:46.427]    DEBUG: <PixTestDaq.cc/init:L44> PixTestDaq::init()
[15:01:46.427]    DEBUG: <PixTestDaq.cc/PixTestDaq:L22> PixTestDaq ctor(PixSetup &a, string, TGTab *)
[15:01:46.427]     INFO: readGainPedestalParameters data/mh123/M-H-1-23_ElComandanteTest_2016-01-07_10h44m_1452185090/000_FPIXTest_p17/phCalibrationFitErr35_C0.dat .. data/mh123/M-H-1-23_ElComandanteTest_2016-01-07_10h44m_1452185090/000_FPIXTest_p17/phCalibrationFitErr35_C15.dat
[15:01:46.674]    DEBUG: <PixTestDacDacScan.cc/init:L103> PixTestDacDacScan::init()
[15:01:46.675]    DEBUG: <PixTestDacDacScan.cc/PixTestDacDacScan:L22> PixTestDacDacScan ctor(PixSetup &a, string, TGTab *)
[15:01:46.689]    DEBUG: <PixTestGainPedestal.cc/setParameter:L83> PixTestGainPedestal::PixTest() fVcalStep = 10
[15:01:46.695]    DEBUG: <PixTestHighRate.cc/setParameter:L68>   setting fParTriggerFrequency -> 20
[15:01:46.695]    DEBUG: <PixTestHighRate.cc/init:L198> PixTestHighRate::init()
[15:01:46.695]    DEBUG: <PixTestHighRate.cc/PixTestHighRate:L31> PixTestHighRate ctor(PixSetup &a, string, TGTab *)
[15:01:46.719]    DEBUG: <PixTest.cc/setTestParameter:L637>  setting  ntrig to new value 10
[15:01:46.719]    DEBUG: <PixTestPhOptimization.cc/setParameter:L37>   setting fParNtrig  ->10<- from sval = 10
[15:01:46.719]    DEBUG: <PixTestPhOptimization.cc/setParameter:L42>   setting fSafetyMarginLow  ->20<- from sval = 20
[15:01:46.719]    DEBUG: <PixTestPhOptimization.cc/setParameter:L48>   setting fVcalMax  ->100<- from sval = 100
[15:01:46.719]    DEBUG: <PixTestPhOptimization.cc/setParameter:L53>   setting fQuantMax  ->0.98<- from sval = 0.98
[15:01:46.726]    DEBUG: <PixTestAlive.cc/init:L77> PixTestAlive::init()
[15:01:46.726]    DEBUG: <PixTestAlive.cc/PixTestAlive:L21> PixTestAlive ctor(PixSetup &a, string, TGTab *)
[15:01:46.755]    DEBUG: <PixTestReadback.cc/setParameter:L172> fCalwVd set to 1
[15:01:46.755]    DEBUG: <PixTestReadback.cc/init:L95> PixTestReadback::init()
[15:01:46.755]    DEBUG: <PixTestReadback.cc/PixTestReadback:L22> PixTestReadback ctor(PixSetup &a, string, TGTab *)
[15:01:46.755]     INFO: readReadbackCal: data/mh123/M-H-1-23_ElComandanteTest_2016-01-07_10h44m_1452185090/000_FPIXTest_p17/readbackCal_C0.dat .. data/mh123/M-H-1-23_ElComandanteTest_2016-01-07_10h44m_1452185090/000_FPIXTest_p17/readbackCal_C15.dat
[15:01:46.766]    DEBUG: <PixTestScurves.cc/setParameter:L93> set fOutputFilename = 
[15:01:46.781]    DEBUG: <PixTestTiming.cc/setParameter:L60> PixTestTiming::PixTest() targetclk = 4
[15:01:46.781]    DEBUG: <PixTestTiming.cc/setParameter:L64> PixTestTiming::PixTest() ntrig = 10
[15:01:46.781]    DEBUG: <PixTestTiming.cc/setParameter:L48> fNoTokenPass: 0
[15:01:46.781]    DEBUG: <PixTestTiming.cc/init:L74> PixTestTiming::init()
[15:01:46.794]    DEBUG: <PixTestXray.cc/init:L134> PixTestXray::init()
[15:01:46.794]    DEBUG: <PixTestXray.cc/PixTestXray:L28> PixTestXray ctor(PixSetup &a, string, TGTab *)
[15:01:51.756]     INFO: ######################################################################
[15:01:51.756]     INFO: PixTestAlive::doTest()
[15:01:51.756]     INFO: ######################################################################
[15:01:51.759]     INFO:    ----------------------------------------------------------------------
[15:01:51.759]     INFO:    PixTestAlive::aliveTest() ntrig = 10, vcal = 200 (ctrlreg = 0 0 0 0 0 0 0 0 0 0 0 0 0 0 0 0)
[15:01:51.759]     INFO:    ----------------------------------------------------------------------
[15:01:51.762]     INFO: ROC 2 masking pixel 6/57
[15:01:51.762]     INFO: ROC 2 masking pixel 41/28
[15:01:51.762]    DEBUG: <PixTest.cc/efficiencyMaps:L396>       attempt #0
[15:01:52.141]     INFO: Expecting 41600 events.
[15:01:56.533]     INFO: 41600 events read in total (3674ms).
[15:01:56.679]     INFO: Test took 4917ms.
[15:01:56.691]     INFO: Fetched DAQ statistics. Counters are being reset now.
[15:01:56.691]    DEBUG: <PixTest.cc/efficiencyMaps:L407>  eff result size = 66385
[15:01:56.691]    DEBUG: <PixTest.cc/efficiencyMaps:L412> Create hists PixelAlive_C0 .. PixelAlive_C15
[15:01:56.966]     INFO: PixTestAlive::aliveTest() done
[15:01:56.966]     INFO: number of dead pixels (per ROC):     0    0    7    0    0    0    0    0    0    0    0    2    3    0  163    0
[15:01:56.966]    DEBUG: <PixTestAlive.cc/aliveTest:L188> number of red-efficiency pixels:     0    0    7    0    0    0    0    0    0    0    0    2    3    0  193    0
[15:01:56.966]     INFO: ROC 2 masking pixel 6/57
[15:01:56.966]     INFO: ROC 2 masking pixel 41/28
[15:01:57.006]     INFO:    ----------------------------------------------------------------------
[15:01:57.006]     INFO:    PixTestAlive::maskTest() ntrig = 10, vcal = 200 (ctrlreg = 0 0 0 0 0 0 0 0 0 0 0 0 0 0 0 0)
[15:01:57.006]     INFO:    ----------------------------------------------------------------------
[15:01:57.008]    DEBUG: <PixTest.cc/efficiencyMaps:L396>       attempt #0
[15:01:57.384]     INFO: Expecting 41600 events.
[15:02:00.509]     INFO: 41600 events read in total (2409ms).
[15:02:00.510]     INFO: Test took 3502ms.
[15:02:00.510]     INFO: Fetched DAQ statistics. Counters are being reset now.
[15:02:00.510]    DEBUG: <PixTest.cc/efficiencyMaps:L407>  eff result size = 0
[15:02:00.510]    DEBUG: <PixTest.cc/efficiencyMaps:L412> Create hists MaskTest_C0 .. MaskTest_C15
[15:02:00.510]     INFO: ROC 2 masking pixel 6/57
[15:02:00.510]     INFO: ROC 2 masking pixel 41/28
[15:02:00.510]     INFO: mask vs. old pixelAlive PixelAlive_C0_V0 ..  PixelAlive_C15_V0
[15:02:00.932]     INFO: PixTestAlive::maskTest() done
[15:02:00.933]     INFO: number of mask-defect pixels (per ROC):     0    0    0    0    0    0    0    0    0    0    0    0    0    0    0    0
[15:02:00.933]     INFO: ROC 2 masking pixel 6/57
[15:02:00.933]     INFO: ROC 2 masking pixel 41/28
[15:02:00.955]     INFO:    ----------------------------------------------------------------------
[15:02:00.955]     INFO:    PixTestAlive::addressDecodingTest() ntrig = 10, vcal = 200 (ctrlreg = 0 0 0 0 0 0 0 0 0 0 0 0 0 0 0 0)
[15:02:00.955]     INFO:    ----------------------------------------------------------------------
[15:02:00.957]     INFO: ROC 2 masking pixel 6/57
[15:02:00.957]     INFO: ROC 2 masking pixel 41/28
[15:02:00.957]    DEBUG: <PixTest.cc/efficiencyMaps:L396>       attempt #0
[15:02:01.334]     INFO: Expecting 41600 events.
[15:02:05.716]     INFO: 41600 events read in total (3666ms).
[15:02:05.718]     INFO: Test took 4761ms.
[15:02:05.727]     INFO: Fetched DAQ statistics. Counters are being reset now.
[15:02:05.727]    DEBUG: <PixTest.cc/efficiencyMaps:L407>  eff result size = 66382
[15:02:05.727]    DEBUG: <PixTest.cc/efficiencyMaps:L412> Create hists AddressDecodingTest_C0 .. AddressDecodingTest_C15
[15:02:06.098]     INFO: PixTestAlive::addressDecodingTest() done
[15:02:06.098]     INFO: number of address-decoding pixels (per ROC):     0    0    0    0    0    0    0    0    0    0    0    0    0    0    0    0
[15:02:06.098]     INFO: ROC 2 masking pixel 6/57
[15:02:06.098]     INFO: ROC 2 masking pixel 41/28
[15:02:06.098]     INFO: PixTestAlive::doTest() done, duration: 14 seconds
[15:02:24.848]    DEBUG: <PixTest.cc/moduleMap:L1029> moduleMap histname: what
[15:02:24.848]    DEBUG: <PixTest.cc/moduleMap:L1039> h1->GetName() = AddressDecodingTest_C11_V0 -> AddressDecodingTest_mod
[15:02:29.320]    DEBUG: <PixTest.cc/moduleMap:L1029> moduleMap histname: what
[15:02:29.321]    DEBUG: <PixTest.cc/moduleMap:L1039> h1->GetName() = PixelAlive_C3_V0 -> PixelAlive_mod
[15:03:14.432]    DEBUG: <PixGui.cc/handleButtons:L396> PixGui::exit called
[15:03:14.433]    DEBUG: <PixGui.cc/CloseWindow:L335> Final Analog Current: 386.7mA
[15:03:14.434]    DEBUG: <PixGui.cc/CloseWindow:L336> Final Digital Current: 559.5mA
[15:03:14.434]    DEBUG: <PixGui.cc/CloseWindow:L337> Final Module Temperature: 21.5 C
[15:03:14.434]    DEBUG: <PixTestBBMap.cc/~PixTestBBMap:L97> PixTestBBMap dtor
[15:03:14.434]    DEBUG: <PixTestBB2Map.cc/~PixTestBB2Map:L115> PixTestBB2Map dtor
[15:03:14.434]    DEBUG: <PixTestBB3Map.cc/~PixTestBB3Map:L99> PixTestBB3Map dtor
[15:03:14.434]    DEBUG: <PixTestBB4Map.cc/~PixTestBB4Map:L118> PixTestBB4Map dtor
[15:03:14.434]    DEBUG: <PixTestCmd.cc/~PixTestCmd:L78> PixTestCmd dtor
[15:03:14.434]    DEBUG: <PixTestDaq.cc/~PixTestDaq:L37> PixTestDaq dtor
[15:03:14.435]    DEBUG: <PixTestDacDacScan.cc/~PixTestDacDacScan:L136> PixTestDacDacScan dtor
[15:03:14.435]    DEBUG: <PixTestDacScan.cc/~PixTestDacScan:L129> PixTestDacScan dtor
[15:03:14.435]    DEBUG: <PixTestGainPedestal.cc/~PixTestGainPedestal:L125> PixTestGainPedestal dtor
[15:03:14.435]    DEBUG: <PixTestHighRate.cc/~PixTestHighRate:L245> PixTestHighRate dtor
[15:03:14.435]    DEBUG: <PixTestIV.cc/~PixTestIV:L96> PixTestIV dtor
[15:03:14.435]    DEBUG: <PixTestAlive.cc/~PixTestAlive:L109> PixTestAlive dtor
[15:03:14.495]    DEBUG: <PixTestPretest.cc/~PixTestPretest:L136> PixTestPretest dtor
[15:03:14.495]    DEBUG: <PixTestReadback.cc/~PixTestReadback:L89> PixTestReadback dtor, saving tree ... 
[15:03:14.495]    DEBUG: <PixTestScurves.cc/~PixTestScurves:L142> PixTestScurves dtor
[15:03:14.495]    DEBUG: <PixTestTiming.cc/~PixTestTiming:L97> PixTestTiming dtor
[15:03:14.495]    DEBUG: <PixTestTrim.cc/~PixTestTrim:L103> PixTestTrim dtor
[15:03:14.495]    DEBUG: <PixTestXray.cc/~PixTestXray:L217> PixTestXray dtor
[15:03:14.497]    QUIET: Connection to board 58 closed.
[15:03:14.577]    DEBUG: <PixMonitor.cc/dumpSummaries:L39> PixMonitor::dumpSummaries
