[16:34:38.744]     INFO: *** Welcome to pxar ***
[16:34:38.744]     INFO: *** Today: 2016/02/02
[16:34:38.753]     INFO: *** Version: prod-12
[16:34:38.753]     INFO: readRocDacs: data/mb203//dacParameters35_C0.dat .. data/mb203//dacParameters35_C15.dat
[16:34:38.754]     INFO: readTbmDacs: data/mb203//tbmParameters_C0a.dat .. data/mb203//tbmParameters_C0b.dat
[16:34:38.754]     INFO: readMaskFile: data/mb203//defaultMaskFile.dat
[16:34:38.754]     INFO: readTrimFile: data/mb203//trimParameters35_C0.dat .. data/mb203//trimParameters35_C15.dat
[16:34:38.907]     INFO:         clk: 4
[16:34:38.907]     INFO:         ctr: 4
[16:34:38.907]     INFO:         sda: 19
[16:34:38.907]     INFO:         tin: 9
[16:34:38.907]     INFO:         level: 15
[16:34:38.907]     INFO:         triggerdelay: 0
[16:34:38.907]    QUIET: Instanciating API for pxar prod-12
[16:34:38.907]     INFO: Log level: DEBUG
[16:34:38.918]    QUIET: Connection to board DTB_WRPRHI opened.
[16:34:38.921]     INFO: DTB startup information
--- DTB info------------------------------------------
Board id:    58
HW version:  DTB1.2
FW version:  4.2
SW version:  4.5
USB id:      DTB_WRPRHI
MAC address: 40D85511803A
Hostname:    pixelDTB058
Comment:     
------------------------------------------------------
[16:34:38.924]     INFO: RPC call hashes of host and DTB match: 398089610
[16:34:40.526]     INFO: DUT info: 
[16:34:40.526]     INFO: The DUT currently contains the following objects:
[16:34:40.526]     INFO:  2 TBM Cores tbm08c (2 ON)
[16:34:40.526]     INFO: 	TBM Core alpha (0): 7 registers set
[16:34:40.526]     INFO: 	TBM Core beta  (1): 7 registers set
[16:34:40.526]     INFO: 16 ROCs psi46digv21respin (16 ON) with 4160 pixelConfigs
[16:34:40.526]     INFO: 	ROC 0: 19 DACs set, Pixels: 0 masked, 0 active.
[16:34:40.526]     INFO: 	ROC 1: 19 DACs set, Pixels: 0 masked, 0 active.
[16:34:40.526]     INFO: 	ROC 2: 19 DACs set, Pixels: 0 masked, 0 active.
[16:34:40.526]     INFO: 	ROC 3: 19 DACs set, Pixels: 0 masked, 0 active.
[16:34:40.526]     INFO: 	ROC 4: 19 DACs set, Pixels: 0 masked, 0 active.
[16:34:40.526]     INFO: 	ROC 5: 19 DACs set, Pixels: 0 masked, 0 active.
[16:34:40.526]     INFO: 	ROC 6: 19 DACs set, Pixels: 0 masked, 0 active.
[16:34:40.526]     INFO: 	ROC 7: 19 DACs set, Pixels: 0 masked, 0 active.
[16:34:40.526]     INFO: 	ROC 8: 19 DACs set, Pixels: 0 masked, 0 active.
[16:34:40.526]     INFO: 	ROC 9: 19 DACs set, Pixels: 0 masked, 0 active.
[16:34:40.526]     INFO: 	ROC 10: 19 DACs set, Pixels: 0 masked, 0 active.
[16:34:40.526]     INFO: 	ROC 11: 19 DACs set, Pixels: 0 masked, 0 active.
[16:34:40.526]     INFO: 	ROC 12: 19 DACs set, Pixels: 0 masked, 0 active.
[16:34:40.526]     INFO: 	ROC 13: 19 DACs set, Pixels: 0 masked, 0 active.
[16:34:40.526]     INFO: 	ROC 14: 19 DACs set, Pixels: 0 masked, 0 active.
[16:34:40.526]     INFO: 	ROC 15: 19 DACs set, Pixels: 0 masked, 0 active.
[16:34:40.527]    DEBUG: <PixTestParameters.cc/dump:L104> PixTestParameters: ->BB<-
[16:34:40.527]    DEBUG: <PixTestParameters.cc/dump:L107>   dumpall: checkbox(0)
[16:34:40.527]    DEBUG: <PixTestParameters.cc/dump:L107>   dumpproblematic: checkbox(0)
[16:34:40.527]    DEBUG: <PixTestParameters.cc/dump:L107>   ntrig: 5
[16:34:40.527]    DEBUG: <PixTestParameters.cc/dump:L107>   vcals: 250
[16:34:40.527]    DEBUG: <PixTestParameters.cc/dump:L104> PixTestParameters: ->BB2<-
[16:34:40.527]    DEBUG: <PixTestParameters.cc/dump:L107>   ntrig: 10
[16:34:40.527]    DEBUG: <PixTestParameters.cc/dump:L107>   vcals: 222
[16:34:40.527]    DEBUG: <PixTestParameters.cc/dump:L107>   plwidth: 35
[16:34:40.527]    DEBUG: <PixTestParameters.cc/dump:L107>   pix: 11,20
[16:34:40.527]    DEBUG: <PixTestParameters.cc/dump:L107>   targetia: 24
[16:34:40.527]    DEBUG: <PixTestParameters.cc/dump:L104> PixTestParameters: ->BB3<-
[16:34:40.527]    DEBUG: <PixTestParameters.cc/dump:L107>   dumpall: checkbox(0)
[16:34:40.527]    DEBUG: <PixTestParameters.cc/dump:L107>   dumpproblematic: checkbox(0)
[16:34:40.527]    DEBUG: <PixTestParameters.cc/dump:L107>   ntrig: 5
[16:34:40.527]    DEBUG: <PixTestParameters.cc/dump:L107>   vcals: 250
[16:34:40.527]    DEBUG: <PixTestParameters.cc/dump:L104> PixTestParameters: ->BB4<-
[16:34:40.527]    DEBUG: <PixTestParameters.cc/dump:L107>   savecaldelscan: checkbox(0)
[16:34:40.527]    DEBUG: <PixTestParameters.cc/dump:L107>   ntrig: 100
[16:34:40.527]    DEBUG: <PixTestParameters.cc/dump:L107>   cals: 1
[16:34:40.527]    DEBUG: <PixTestParameters.cc/dump:L107>   caldello: 80
[16:34:40.527]    DEBUG: <PixTestParameters.cc/dump:L107>   caldelhi: 200
[16:34:40.527]    DEBUG: <PixTestParameters.cc/dump:L107>   caldelstep: 10
[16:34:40.527]    DEBUG: <PixTestParameters.cc/dump:L107>   vthrcomplo: 70
[16:34:40.527]    DEBUG: <PixTestParameters.cc/dump:L107>   vthrcomphi: 130
[16:34:40.527]    DEBUG: <PixTestParameters.cc/dump:L107>   vthrcompstep: 5
[16:34:40.527]    DEBUG: <PixTestParameters.cc/dump:L107>   noisypixels: 10
[16:34:40.527]    DEBUG: <PixTestParameters.cc/dump:L107>   vcal: 255
[16:34:40.527]    DEBUG: <PixTestParameters.cc/dump:L107>   cut: 0.5
[16:34:40.527]    DEBUG: <PixTestParameters.cc/dump:L104> PixTestParameters: ->Cmd<-
[16:34:40.527]    DEBUG: <PixTestParameters.cc/dump:L104> PixTestParameters: ->DAQ<-
[16:34:40.527]    DEBUG: <PixTestParameters.cc/dump:L107>   delaytbm: checkbox
[16:34:40.527]    DEBUG: <PixTestParameters.cc/dump:L107>   filltree: checkbox
[16:34:40.527]    DEBUG: <PixTestParameters.cc/dump:L107>   trgfrequency(khz): 100
[16:34:40.527]    DEBUG: <PixTestParameters.cc/dump:L107>   maskhotpixels: button
[16:34:40.527]    DEBUG: <PixTestParameters.cc/dump:L107>   trgnumber: 5
[16:34:40.527]    DEBUG: <PixTestParameters.cc/dump:L107>   iterations: 10
[16:34:40.527]    DEBUG: <PixTestParameters.cc/dump:L107>   rundaqtrg: button
[16:34:40.527]    DEBUG: <PixTestParameters.cc/dump:L107>   daqseconds: 5
[16:34:40.527]    DEBUG: <PixTestParameters.cc/dump:L107>   rundaqseconds: button
[16:34:40.527]    DEBUG: <PixTestParameters.cc/dump:L104> PixTestParameters: ->DacDacScan<-
[16:34:40.527]    DEBUG: <PixTestParameters.cc/dump:L107>   phmap: checkbox
[16:34:40.527]    DEBUG: <PixTestParameters.cc/dump:L107>   ntrig: 10
[16:34:40.527]    DEBUG: <PixTestParameters.cc/dump:L107>   dac1: caldel
[16:34:40.527]    DEBUG: <PixTestParameters.cc/dump:L107>   dac1lo: 0
[16:34:40.527]    DEBUG: <PixTestParameters.cc/dump:L107>   dac1hi: 255
[16:34:40.527]    DEBUG: <PixTestParameters.cc/dump:L107>   dac2: vthrcomp
[16:34:40.527]    DEBUG: <PixTestParameters.cc/dump:L107>   dac2lo: 0
[16:34:40.527]    DEBUG: <PixTestParameters.cc/dump:L107>   dac2hi: 255
[16:34:40.527]    DEBUG: <PixTestParameters.cc/dump:L107>   pix: 11,20
[16:34:40.528]    DEBUG: <PixTestParameters.cc/dump:L104> PixTestParameters: ->DacScan<-
[16:34:40.528]    DEBUG: <PixTestParameters.cc/dump:L107>   phmap: checkbox(1)
[16:34:40.528]    DEBUG: <PixTestParameters.cc/dump:L107>   allpixels: checkbox(0)
[16:34:40.528]    DEBUG: <PixTestParameters.cc/dump:L107>   unmasked: checkbox(0)
[16:34:40.528]    DEBUG: <PixTestParameters.cc/dump:L107>   ntrig: 10
[16:34:40.528]    DEBUG: <PixTestParameters.cc/dump:L107>   dac: vcal
[16:34:40.528]    DEBUG: <PixTestParameters.cc/dump:L107>   daclo: 0
[16:34:40.528]    DEBUG: <PixTestParameters.cc/dump:L107>   dachi: 255
[16:34:40.528]    DEBUG: <PixTestParameters.cc/dump:L107>   pix: 11,20
[16:34:40.528]    DEBUG: <PixTestParameters.cc/dump:L104> PixTestParameters: ->GainPedestal<-
[16:34:40.528]    DEBUG: <PixTestParameters.cc/dump:L107>   showfits: checkbox(0)
[16:34:40.528]    DEBUG: <PixTestParameters.cc/dump:L107>   extended: checkbox(0)
[16:34:40.528]    DEBUG: <PixTestParameters.cc/dump:L107>   dumphists: checkbox(0)
[16:34:40.528]    DEBUG: <PixTestParameters.cc/dump:L107>   ntrig: 10
[16:34:40.528]    DEBUG: <PixTestParameters.cc/dump:L107>   vcalstep: 10
[16:34:40.528]    DEBUG: <PixTestParameters.cc/dump:L107>   measure: button
[16:34:40.528]    DEBUG: <PixTestParameters.cc/dump:L107>   fit: button
[16:34:40.528]    DEBUG: <PixTestParameters.cc/dump:L107>   save: button
[16:34:40.528]    DEBUG: <PixTestParameters.cc/dump:L104> PixTestParameters: ->HighRate<-
[16:34:40.528]    DEBUG: <PixTestParameters.cc/dump:L107>   pix: 11,20
[16:34:40.528]    DEBUG: <PixTestParameters.cc/dump:L107>   trimhotpixels: button
[16:34:40.528]    DEBUG: <PixTestParameters.cc/dump:L107>   trimhotpixelthr: 200
[16:34:40.528]    DEBUG: <PixTestParameters.cc/dump:L107>   runsecondshotpixels: 10
[16:34:40.528]    DEBUG: <PixTestParameters.cc/dump:L107>   savetrimbits: checkbox(1)
[16:34:40.528]    DEBUG: <PixTestParameters.cc/dump:L107>   maskuntrimmable: checkbox(1)
[16:34:40.528]    DEBUG: <PixTestParameters.cc/dump:L107>   maskhotpixels: button
[16:34:40.528]    DEBUG: <PixTestParameters.cc/dump:L107>   savemaskfile: checkbox(0)
[16:34:40.528]    DEBUG: <PixTestParameters.cc/dump:L107>   maskfilename: default
[16:34:40.528]    DEBUG: <PixTestParameters.cc/dump:L107>   caldelscan: button
[16:34:40.528]    DEBUG: <PixTestParameters.cc/dump:L107>   xpixelalive: button
[16:34:40.528]    DEBUG: <PixTestParameters.cc/dump:L107>   ntrig: 50
[16:34:40.528]    DEBUG: <PixTestParameters.cc/dump:L107>   vcal: 200
[16:34:40.528]    DEBUG: <PixTestParameters.cc/dump:L107>   xnoisemaps: button
[16:34:40.528]    DEBUG: <PixTestParameters.cc/dump:L107>   daclo: 0
[16:34:40.528]    DEBUG: <PixTestParameters.cc/dump:L107>   dachi: 100
[16:34:40.528]    DEBUG: <PixTestParameters.cc/dump:L107>   dacs/step: 20
[16:34:40.528]    DEBUG: <PixTestParameters.cc/dump:L107>   rundaq: button
[16:34:40.528]    DEBUG: <PixTestParameters.cc/dump:L107>   trgfrequency(khz): 20
[16:34:40.528]    DEBUG: <PixTestParameters.cc/dump:L107>   runseconds: 2
[16:34:40.528]    DEBUG: <PixTestParameters.cc/dump:L107>   triggerdelay: 20
[16:34:40.528]    DEBUG: <PixTestParameters.cc/dump:L107>   delaytbm: checkbox
[16:34:40.528]    DEBUG: <PixTestParameters.cc/dump:L107>   filltree: checkbox
[16:34:40.528]    DEBUG: <PixTestParameters.cc/dump:L104> PixTestParameters: ->IV<-
[16:34:40.528]    DEBUG: <PixTestParameters.cc/dump:L107>   port: /dev/FIXME
[16:34:40.528]    DEBUG: <PixTestParameters.cc/dump:L107>   voltagestart: 0
[16:34:40.528]    DEBUG: <PixTestParameters.cc/dump:L107>   voltagestop: 600
[16:34:40.528]    DEBUG: <PixTestParameters.cc/dump:L107>   voltagestep: 5
[16:34:40.528]    DEBUG: <PixTestParameters.cc/dump:L107>   delay: 1
[16:34:40.528]    DEBUG: <PixTestParameters.cc/dump:L107>   compliance(ua): 100
[16:34:40.528]    DEBUG: <PixTestParameters.cc/dump:L104> PixTestParameters: ->PhOptimization<-
[16:34:40.528]    DEBUG: <PixTestParameters.cc/dump:L107>   ntrig: 10
[16:34:40.528]    DEBUG: <PixTestParameters.cc/dump:L107>   safetymarginlow: 20
[16:34:40.528]    DEBUG: <PixTestParameters.cc/dump:L107>   saturationvcal: 100
[16:34:40.528]    DEBUG: <PixTestParameters.cc/dump:L107>   quantilesaturation: 0.98
[16:34:40.528]    DEBUG: <PixTestParameters.cc/dump:L104> PixTestParameters: ->PixelAlive<-
[16:34:40.528]    DEBUG: <PixTestParameters.cc/dump:L107>   ntrig: 10
[16:34:40.528]    DEBUG: <PixTestParameters.cc/dump:L107>   vcal: 200
[16:34:40.528]    DEBUG: <PixTestParameters.cc/dump:L107>   alivetest: button
[16:34:40.528]    DEBUG: <PixTestParameters.cc/dump:L107>   masktest: button
[16:34:40.528]    DEBUG: <PixTestParameters.cc/dump:L107>   addressdecodingtest: button
[16:34:40.528]    DEBUG: <PixTestParameters.cc/dump:L104> PixTestParameters: ->Pretest<-
[16:34:40.528]    DEBUG: <PixTestParameters.cc/dump:L107>   programroc: button
[16:34:40.528]    DEBUG: <PixTestParameters.cc/dump:L107>   targetia: 24
[16:34:40.528]    DEBUG: <PixTestParameters.cc/dump:L107>   setvana: button
[16:34:40.528]    DEBUG: <PixTestParameters.cc/dump:L107>   iterations: 100
[16:34:40.528]    DEBUG: <PixTestParameters.cc/dump:L107>   settimings: button
[16:34:40.528]    DEBUG: <PixTestParameters.cc/dump:L107>   findtiming: button
[16:34:40.528]    DEBUG: <PixTestParameters.cc/dump:L107>   findworkingpixel: button
[16:34:40.528]    DEBUG: <PixTestParameters.cc/dump:L107>   setvthrcompcaldel: button
[16:34:40.528]    DEBUG: <PixTestParameters.cc/dump:L107>   pix: 11,20
[16:34:40.528]    DEBUG: <PixTestParameters.cc/dump:L107>   vcal: 250
[16:34:40.529]    DEBUG: <PixTestParameters.cc/dump:L107>   deltavthrcomp: 50
[16:34:40.529]    DEBUG: <PixTestParameters.cc/dump:L107>   fraccaldel: 0.5
[16:34:40.529]    DEBUG: <PixTestParameters.cc/dump:L107>   ntrig: 5
[16:34:40.529]    DEBUG: <PixTestParameters.cc/dump:L107>   savedacs: button
[16:34:40.529]    DEBUG: <PixTestParameters.cc/dump:L104> PixTestParameters: ->Readback<-
[16:34:40.529]    DEBUG: <PixTestParameters.cc/dump:L107>   calibratevd: button
[16:34:40.529]    DEBUG: <PixTestParameters.cc/dump:L107>   calibrateva: button
[16:34:40.529]    DEBUG: <PixTestParameters.cc/dump:L107>   calibrateia: button
[16:34:40.529]    DEBUG: <PixTestParameters.cc/dump:L107>   readbackvbg: button
[16:34:40.529]    DEBUG: <PixTestParameters.cc/dump:L107>   getcalibratedvbg: button
[16:34:40.529]    DEBUG: <PixTestParameters.cc/dump:L107>   usecalvd: checkbox(1)
[16:34:40.529]    DEBUG: <PixTestParameters.cc/dump:L107>   usecalva: checkbox(0)
[16:34:40.529]    DEBUG: <PixTestParameters.cc/dump:L107>   setvana: button
[16:34:40.529]    DEBUG: <PixTestParameters.cc/dump:L104> PixTestParameters: ->Scurves<-
[16:34:40.529]    DEBUG: <PixTestParameters.cc/dump:L107>   adjustvcal: checkbox(0)
[16:34:40.529]    DEBUG: <PixTestParameters.cc/dump:L107>   dumpall: checkbox(0)
[16:34:40.529]    DEBUG: <PixTestParameters.cc/dump:L107>   dumpproblematic: checkbox(0)
[16:34:40.529]    DEBUG: <PixTestParameters.cc/dump:L107>   dumpoutputfile: checkbox(0)
[16:34:40.529]    DEBUG: <PixTestParameters.cc/dump:L107>   ntrig: 50
[16:34:40.529]    DEBUG: <PixTestParameters.cc/dump:L107>   dac: Vcal
[16:34:40.529]    DEBUG: <PixTestParameters.cc/dump:L107>   daclo: 0
[16:34:40.529]    DEBUG: <PixTestParameters.cc/dump:L107>   dachi: 200
[16:34:40.529]    DEBUG: <PixTestParameters.cc/dump:L107>   dacs/step: -1
[16:34:40.529]    DEBUG: <PixTestParameters.cc/dump:L107>   ntrig/step: -1
[16:34:40.529]    DEBUG: <PixTestParameters.cc/dump:L107>   scurves: button
[16:34:40.529]    DEBUG: <PixTestParameters.cc/dump:L104> PixTestParameters: ->Timing<-
[16:34:40.529]    DEBUG: <PixTestParameters.cc/dump:L107>   targetclk: 4
[16:34:40.529]    DEBUG: <PixTestParameters.cc/dump:L107>   ntrig: 10
[16:34:40.529]    DEBUG: <PixTestParameters.cc/dump:L107>   clocksdascan: button
[16:34:40.529]    DEBUG: <PixTestParameters.cc/dump:L107>   notokenpass: checkbox(0)
[16:34:40.529]    DEBUG: <PixTestParameters.cc/dump:L107>   phasescan: button
[16:34:40.529]    DEBUG: <PixTestParameters.cc/dump:L107>   levelscan: button
[16:34:40.529]    DEBUG: <PixTestParameters.cc/dump:L107>   tbmphasescan: button
[16:34:40.529]    DEBUG: <PixTestParameters.cc/dump:L107>   rocdelayscan: button
[16:34:40.529]    DEBUG: <PixTestParameters.cc/dump:L107>   timingtest: button
[16:34:40.529]    DEBUG: <PixTestParameters.cc/dump:L107>   saveparameters: button
[16:34:40.529]    DEBUG: <PixTestParameters.cc/dump:L104> PixTestParameters: ->Trim<-
[16:34:40.529]    DEBUG: <PixTestParameters.cc/dump:L107>   trim: button
[16:34:40.529]    DEBUG: <PixTestParameters.cc/dump:L107>   ntrig: 8
[16:34:40.529]    DEBUG: <PixTestParameters.cc/dump:L107>   vcal: 35
[16:34:40.529]    DEBUG: <PixTestParameters.cc/dump:L107>   trimbits: button
[16:34:40.529]    DEBUG: <PixTestParameters.cc/dump:L104> PixTestParameters: ->Xray<-
[16:34:40.529]    DEBUG: <PixTestParameters.cc/dump:L107>   maskhotpixels: button
[16:34:40.529]    DEBUG: <PixTestParameters.cc/dump:L107>   savemaskfile: checkbox(0)
[16:34:40.529]    DEBUG: <PixTestParameters.cc/dump:L107>   maskfilename: default
[16:34:40.529]    DEBUG: <PixTestParameters.cc/dump:L107>   source: Ag
[16:34:40.529]    DEBUG: <PixTestParameters.cc/dump:L107>   phrun: button
[16:34:40.529]    DEBUG: <PixTestParameters.cc/dump:L107>   runseconds: 100
[16:34:40.529]    DEBUG: <PixTestParameters.cc/dump:L107>   trgfrequency(khz): 100
[16:34:40.529]    DEBUG: <PixTestParameters.cc/dump:L107>   ratescan: button
[16:34:40.529]    DEBUG: <PixTestParameters.cc/dump:L107>   vthrcompmin: 10
[16:34:40.529]    DEBUG: <PixTestParameters.cc/dump:L107>   vthrcompmax: 80
[16:34:40.529]    DEBUG: <PixTestParameters.cc/dump:L107>   stepseconds: 5
[16:34:40.529]    DEBUG: <PixTestParameters.cc/dump:L107>   delaytbm: checkbox
[16:34:40.529]    DEBUG: <PixTestParameters.cc/dump:L107>   filltree: checkbox
[16:34:40.531]    DEBUG: <PixSetup.cc/init:L81> PixSetup init start; getCurrentRSS() = 30347264
[16:34:40.531]    DEBUG: <PixSetup.cc/init:L87> fPixTestParameters = 0xff3c80
[16:34:40.532]    DEBUG: <PixSetup.cc/init:L88>  fConfigParameters = 0xf81c40
[16:34:40.532]    DEBUG: <PixSetup.cc/init:L89>        fPxarMemory = 0x7fda1bf91010
[16:34:40.532]    DEBUG: <PixSetup.cc/init:L90>         fPxarMemHi = 0x7fda221fc510
[16:34:40.532]    DEBUG: <PixSetup.cc/init:L106> PixSetup init done;  getCurrentRSS() = 30355456 fPxarMemory = 0x7fda1bf91010
[16:34:40.533]    DEBUG: <pXar.cc/main:L223> Initial Analog Current: 386.7mA
[16:34:40.534]    DEBUG: <pXar.cc/main:L224> Initial Digital Current: 471.9mA
[16:34:40.534]    DEBUG: <pXar.cc/main:L225> Initial Module Temperature: 2.4 C
[16:34:41.030]    DEBUG: <PixGui.cc/hvOn:L460> HV set On: 0x15ca3a0
[16:34:41.091]    DEBUG: <PixTestFactory.cc/PixTestFactory:L53> PixTestFactory::PixTestFactory()
[16:34:41.091]    DEBUG: <PixTestBBMap.cc/init:L79> PixTestBBMap::init()
[16:34:41.091]    DEBUG: <PixTestBBMap.cc/PixTestBBMap:L27> PixTestBBMap ctor(PixSetup &a, string, TGTab *)
[16:34:41.097]    DEBUG: <PixTestBB2Map.cc/setParameter:L58> setting fTargetIa    = 24 mA/ROC
[16:34:41.097]    DEBUG: <PixTestBB2Map.cc/init:L97> PixTestBB2Map::init()
[16:34:41.097]    DEBUG: <PixTestBB2Map.cc/PixTestBB2Map:L29> PixTestBB2Map ctor(PixSetup &a, string, TGTab *)
[16:34:41.105]    DEBUG: <PixTestBB3Map.cc/init:L81> PixTestBB3Map::init()
[16:34:41.105]    DEBUG: <PixTestBB3Map.cc/PixTestBB3Map:L29> PixTestBB3Map ctor(PixSetup &a, string, TGTab *)
[16:34:41.125]    DEBUG: <PixTestBB4Map.cc/init:L93> PixTestBB4Map::init()
[16:34:41.126]    DEBUG: <PixTestBB4Map.cc/PixTestBB4Map:L26> PixTestMapeff ctor(PixSetup &a, string, TGTab *)
[16:34:41.140]     INFO: PixTestCmd::init()
[16:34:41.150]    DEBUG: <PixTestDaq.cc/init:L44> PixTestDaq::init()
[16:34:41.150]    DEBUG: <PixTestDaq.cc/PixTestDaq:L22> PixTestDaq ctor(PixSetup &a, string, TGTab *)
[16:34:41.150]     INFO: readGainPedestalParameters data/mb203//phCalibrationFitErr35_C0.dat .. data/mb203//phCalibrationFitErr35_C15.dat
[16:34:41.396]    DEBUG: <PixTestDacDacScan.cc/init:L103> PixTestDacDacScan::init()
[16:34:41.396]    DEBUG: <PixTestDacDacScan.cc/PixTestDacDacScan:L22> PixTestDacDacScan ctor(PixSetup &a, string, TGTab *)
[16:34:41.411]    DEBUG: <PixTestGainPedestal.cc/setParameter:L83> PixTestGainPedestal::PixTest() fVcalStep = 10
[16:34:41.418]    DEBUG: <PixTestHighRate.cc/setParameter:L68>   setting fParTriggerFrequency -> 20
[16:34:41.418]    DEBUG: <PixTestHighRate.cc/init:L198> PixTestHighRate::init()
[16:34:41.418]    DEBUG: <PixTestHighRate.cc/PixTestHighRate:L31> PixTestHighRate ctor(PixSetup &a, string, TGTab *)
[16:34:41.445]    DEBUG: <PixTest.cc/setTestParameter:L637>  setting  ntrig to new value 10
[16:34:41.445]    DEBUG: <PixTestPhOptimization.cc/setParameter:L37>   setting fParNtrig  ->10<- from sval = 10
[16:34:41.445]    DEBUG: <PixTestPhOptimization.cc/setParameter:L42>   setting fSafetyMarginLow  ->20<- from sval = 20
[16:34:41.445]    DEBUG: <PixTestPhOptimization.cc/setParameter:L48>   setting fVcalMax  ->100<- from sval = 100
[16:34:41.445]    DEBUG: <PixTestPhOptimization.cc/setParameter:L53>   setting fQuantMax  ->0.98<- from sval = 0.98
[16:34:41.451]    DEBUG: <PixTestAlive.cc/init:L77> PixTestAlive::init()
[16:34:41.451]    DEBUG: <PixTestAlive.cc/PixTestAlive:L21> PixTestAlive ctor(PixSetup &a, string, TGTab *)
[16:34:41.472]    DEBUG: <PixTestReadback.cc/setParameter:L172> fCalwVd set to 1
[16:34:41.472]    DEBUG: <PixTestReadback.cc/init:L95> PixTestReadback::init()
[16:34:41.472]    DEBUG: <PixTestReadback.cc/PixTestReadback:L22> PixTestReadback ctor(PixSetup &a, string, TGTab *)
[16:34:41.472]     INFO: readReadbackCal: data/mb203//readbackCal_C0.dat .. data/mb203//readbackCal_C15.dat
[16:34:41.482]    DEBUG: <PixTestScurves.cc/setParameter:L93> set fOutputFilename = 
[16:34:41.489]    DEBUG: <PixTestTiming.cc/setParameter:L60> PixTestTiming::PixTest() targetclk = 4
[16:34:41.490]    DEBUG: <PixTestTiming.cc/setParameter:L64> PixTestTiming::PixTest() ntrig = 10
[16:34:41.490]    DEBUG: <PixTestTiming.cc/setParameter:L48> fNoTokenPass: 0
[16:34:41.490]    DEBUG: <PixTestTiming.cc/init:L74> PixTestTiming::init()
[16:34:41.511]    DEBUG: <PixTestXray.cc/init:L134> PixTestXray::init()
[16:34:41.511]    DEBUG: <PixTestXray.cc/PixTestXray:L28> PixTestXray ctor(PixSetup &a, string, TGTab *)
[16:34:51.026]    DEBUG: <PixTab.cc/setParameter:L391> xxxPressed():  ID = 1 -> source to value 08ma
[16:34:54.082]    DEBUG: <PixTab.cc/setParameter:L391> xxxPressed():  ID = 2 -> runseconds to value 60
[16:34:54.746]    DEBUG: <PixTab.cc/buttonClicked:L308> xxxPressed():  phrun
[16:34:54.746]    DEBUG: <PixTestXray.cc/runCommand:L108> running command: phrun
[16:34:54.746]     INFO:    ----------------------------------------------------------------------
[16:34:54.746]     INFO:    PixTestXray::doPhRun() fParRunSeconds = 60
[16:34:54.746]     INFO:    ----------------------------------------------------------------------
[16:34:55.720]     INFO: PixTestXray::doPhRun start TriggerLoop with trigger frequency 100 kHz, period 405 and duration 60 seconds,  fEventsMax = 6000000
[16:35:01.333]     INFO: run duration 5 seconds, buffer almost full (81%), pausing triggers.
[16:35:01.337]    DEBUG: <PixTestXray.cc/processData:L739> Getting Event Buffer
[16:35:25.274]    DEBUG: <PixTestXray.cc/processData:L757> Processing Data: 553057 events.
[16:35:39.667]    DEBUG: <PixTestXray.cc/processData:L808>  # events read: 553057, pixels seen in all events: 13617085
[16:35:39.800]     INFO: Resuming triggers.
[16:35:45.418]     INFO: run duration 11 seconds, buffer almost full (81%), pausing triggers.
[16:35:45.458]    DEBUG: <PixTestXray.cc/processData:L739> Getting Event Buffer
[16:36:09.398]    DEBUG: <PixTestXray.cc/processData:L757> Processing Data: 553303 events.
[16:36:23.815]    DEBUG: <PixTestXray.cc/processData:L808>  # events read: 553303, pixels seen in all events: 13613288
[16:36:23.942]     INFO: Resuming triggers.
[16:36:29.561]     INFO: run duration 16 seconds, buffer almost full (81%), pausing triggers.
[16:36:29.604]    DEBUG: <PixTestXray.cc/processData:L739> Getting Event Buffer
[16:36:53.444]    DEBUG: <PixTestXray.cc/processData:L757> Processing Data: 553584 events.
[16:37:07.800]    DEBUG: <PixTestXray.cc/processData:L808>  # events read: 553584, pixels seen in all events: 13609271
[16:37:07.927]     INFO: Resuming triggers.
[16:37:13.545]     INFO: run duration 22 seconds, buffer almost full (81%), pausing triggers.
[16:37:13.588]    DEBUG: <PixTestXray.cc/processData:L739> Getting Event Buffer
[16:37:37.483]    DEBUG: <PixTestXray.cc/processData:L757> Processing Data: 553450 events.
[16:37:51.836]    DEBUG: <PixTestXray.cc/processData:L808>  # events read: 553450, pixels seen in all events: 13610344
[16:37:51.960]     INFO: Resuming triggers.
[16:37:57.582]     INFO: run duration 28 seconds, buffer almost full (81%), pausing triggers.
[16:37:57.612]    DEBUG: <PixTestXray.cc/processData:L739> Getting Event Buffer
[16:38:21.627]    DEBUG: <PixTestXray.cc/processData:L757> Processing Data: 553758 events.
[16:38:35.983]    DEBUG: <PixTestXray.cc/processData:L808>  # events read: 553758, pixels seen in all events: 13606778
[16:38:36.109]     INFO: Resuming triggers.
[16:38:41.730]     INFO: run duration 33 seconds, buffer almost full (81%), pausing triggers.
[16:38:41.773]    DEBUG: <PixTestXray.cc/processData:L739> Getting Event Buffer
[16:39:05.728]    DEBUG: <PixTestXray.cc/processData:L757> Processing Data: 553794 events.
[16:39:20.059]    DEBUG: <PixTestXray.cc/processData:L808>  # events read: 553794, pixels seen in all events: 13606644
[16:39:20.184]     INFO: Resuming triggers.
[16:39:25.809]     INFO: run duration 39 seconds, buffer almost full (81%), pausing triggers.
[16:39:25.850]    DEBUG: <PixTestXray.cc/processData:L739> Getting Event Buffer
[16:39:49.772]    DEBUG: <PixTestXray.cc/processData:L757> Processing Data: 554089 events.
[16:40:04.163]    DEBUG: <PixTestXray.cc/processData:L808>  # events read: 554089, pixels seen in all events: 13604260
[16:40:04.289]     INFO: Resuming triggers.
[16:40:09.912]     INFO: run duration 44 seconds, buffer almost full (81%), pausing triggers.
[16:40:09.952]    DEBUG: <PixTestXray.cc/processData:L739> Getting Event Buffer
[16:40:33.942]    DEBUG: <PixTestXray.cc/processData:L757> Processing Data: 553843 events.
[16:40:48.291]    DEBUG: <PixTestXray.cc/processData:L808>  # events read: 553843, pixels seen in all events: 13606402
[16:40:48.416]     INFO: Resuming triggers.
[16:40:54.043]     INFO: run duration 50 seconds, buffer almost full (81%), pausing triggers.
[16:40:54.086]    DEBUG: <PixTestXray.cc/processData:L739> Getting Event Buffer
[16:41:18.056]    DEBUG: <PixTestXray.cc/processData:L757> Processing Data: 554645 events.
[16:41:32.367]    DEBUG: <PixTestXray.cc/processData:L808>  # events read: 554645, pixels seen in all events: 13609406
[16:41:32.491]     INFO: Resuming triggers.
[16:41:38.119]     INFO: run duration 56 seconds, buffer almost full (81%), pausing triggers.
[16:41:38.160]    DEBUG: <PixTestXray.cc/processData:L739> Getting Event Buffer
[16:42:02.059]    DEBUG: <PixTestXray.cc/processData:L757> Processing Data: 554459 events.
[16:42:16.372]    DEBUG: <PixTestXray.cc/processData:L808>  # events read: 554459, pixels seen in all events: 13599390
[16:42:16.497]     INFO: Resuming triggers.
[16:42:20.371]     INFO: data taking finished, elapsed time: 60 seconds.
[16:42:20.567]    DEBUG: <PixTestXray.cc/processData:L739> Getting Event Buffer
[16:42:37.041]    DEBUG: <PixTestXray.cc/processData:L757> Processing Data: 381629 events.
[16:42:46.931]    DEBUG: <PixTestXray.cc/processData:L808>  # events read: 381629, pixels seen in all events: 9360256
[16:42:47.031]     INFO: PixTest::       pg_setup set to default.
[16:42:47.074]     INFO: PixTestXray::doPhRun() done
[16:43:36.522]    DEBUG: <PixTest.cc/moduleMap:L1029> moduleMap histname: what
[16:43:36.523]    DEBUG: <PixTest.cc/moduleMap:L1039> h1->GetName() = hMap_08ma_C13_V0 -> hMap_08ma_mod
[16:43:48.170]    DEBUG: <PixTab.cc/setParameter:L391> xxxPressed():  ID = 1 -> source to value 04ma
[16:43:49.195]    DEBUG: <PixTab.cc/buttonClicked:L308> xxxPressed():  phrun
[16:43:49.195]    DEBUG: <PixTestXray.cc/runCommand:L108> running command: phrun
[16:43:49.195]     INFO:    ----------------------------------------------------------------------
[16:43:49.195]     INFO:    PixTestXray::doPhRun() fParRunSeconds = 60
[16:43:49.195]     INFO:    ----------------------------------------------------------------------
[16:43:49.395]    DEBUG: <PixTestXray.cc/doPhRun:L270> booking new histograms as source name has changed
[16:43:50.362]     INFO: PixTestXray::doPhRun start TriggerLoop with trigger frequency 100 kHz, period 405 and duration 60 seconds,  fEventsMax = 6000000
[16:43:58.518]     INFO: run duration 8 seconds, buffer almost full (81%), pausing triggers.
[16:43:58.711]    DEBUG: <PixTestXray.cc/processData:L739> Getting Event Buffer
[16:44:23.803]    DEBUG: <PixTestXray.cc/processData:L757> Processing Data: 803568 events.
[16:44:34.913]    DEBUG: <PixTestXray.cc/processData:L808>  # events read: 803568, pixels seen in all events: 10609394
[16:44:35.119]     INFO: Resuming triggers.
[16:44:43.275]     INFO: run duration 16 seconds, buffer almost full (81%), pausing triggers.
[16:44:43.349]    DEBUG: <PixTestXray.cc/processData:L739> Getting Event Buffer
[16:45:08.451]    DEBUG: <PixTestXray.cc/processData:L757> Processing Data: 803469 events.
[16:45:19.529]    DEBUG: <PixTestXray.cc/processData:L808>  # events read: 803469, pixels seen in all events: 10609686
[16:45:19.786]     INFO: Resuming triggers.
[16:45:27.943]     INFO: run duration 24 seconds, buffer almost full (81%), pausing triggers.
[16:45:27.984]    DEBUG: <PixTestXray.cc/processData:L739> Getting Event Buffer
[16:45:53.129]    DEBUG: <PixTestXray.cc/processData:L757> Processing Data: 803617 events.
[16:46:04.210]    DEBUG: <PixTestXray.cc/processData:L808>  # events read: 803617, pixels seen in all events: 10608188
[16:46:04.422]     INFO: Resuming triggers.
[16:46:12.582]     INFO: run duration 32 seconds, buffer almost full (81%), pausing triggers.
[16:46:12.661]    DEBUG: <PixTestXray.cc/processData:L739> Getting Event Buffer
[16:46:37.872]    DEBUG: <PixTestXray.cc/processData:L757> Processing Data: 803839 events.
[16:46:48.897]    DEBUG: <PixTestXray.cc/processData:L808>  # events read: 803839, pixels seen in all events: 10605545
[16:46:49.078]     INFO: Resuming triggers.
[16:46:57.235]     INFO: run duration 40 seconds, buffer almost full (81%), pausing triggers.
[16:46:57.349]    DEBUG: <PixTestXray.cc/processData:L739> Getting Event Buffer
[16:47:22.542]    DEBUG: <PixTestXray.cc/processData:L757> Processing Data: 803604 events.
[16:47:33.596]    DEBUG: <PixTestXray.cc/processData:L808>  # events read: 803604, pixels seen in all events: 10608832
[16:47:33.848]     INFO: Resuming triggers.
[16:47:42.011]     INFO: run duration 48 seconds, buffer almost full (81%), pausing triggers.
[16:47:42.051]    DEBUG: <PixTestXray.cc/processData:L739> Getting Event Buffer
[16:48:07.263]    DEBUG: <PixTestXray.cc/processData:L757> Processing Data: 804117 events.
[16:48:18.278]    DEBUG: <PixTestXray.cc/processData:L808>  # events read: 804117, pixels seen in all events: 10602337
[16:48:18.450]     INFO: Resuming triggers.
[16:48:26.609]     INFO: run duration 57 seconds, buffer almost full (81%), pausing triggers.
[16:48:26.720]    DEBUG: <PixTestXray.cc/processData:L739> Getting Event Buffer
[16:48:51.899]    DEBUG: <PixTestXray.cc/processData:L757> Processing Data: 803778 events.
[16:49:02.969]    DEBUG: <PixTestXray.cc/processData:L808>  # events read: 803778, pixels seen in all events: 10606224
[16:49:03.230]     INFO: Resuming triggers.
[16:49:06.208]     INFO: data taking finished, elapsed time: 60 seconds.
[16:49:06.404]    DEBUG: <PixTestXray.cc/processData:L739> Getting Event Buffer
[16:49:15.753]    DEBUG: <PixTestXray.cc/processData:L757> Processing Data: 293379 events.
[16:49:19.762]    DEBUG: <PixTestXray.cc/processData:L808>  # events read: 293379, pixels seen in all events: 3869327
[16:49:19.855]     INFO: PixTest::       pg_setup set to default.
[16:49:19.875]     INFO: PixTestXray::doPhRun() done
[16:55:03.443]    DEBUG: <PixTest.cc/moduleMap:L1029> moduleMap histname: what
[16:55:03.443]    DEBUG: <PixTest.cc/moduleMap:L1039> h1->GetName() = hMap_04ma_C12_V0 -> hMap_04ma_mod
[16:55:06.299]    DEBUG: <PixGui.cc/handleButtons:L396> PixGui::exit called
[16:55:06.299]    DEBUG: <PixGui.cc/CloseWindow:L335> Final Analog Current: 389.9mA
[16:55:06.300]    DEBUG: <PixGui.cc/CloseWindow:L336> Final Digital Current: 471.9mA
[16:55:06.300]    DEBUG: <PixGui.cc/CloseWindow:L337> Final Module Temperature: 22.4 C
[16:55:06.300]    DEBUG: <PixTestBBMap.cc/~PixTestBBMap:L97> PixTestBBMap dtor
[16:55:06.300]    DEBUG: <PixTestBB2Map.cc/~PixTestBB2Map:L115> PixTestBB2Map dtor
[16:55:06.301]    DEBUG: <PixTestBB3Map.cc/~PixTestBB3Map:L99> PixTestBB3Map dtor
[16:55:06.301]    DEBUG: <PixTestBB4Map.cc/~PixTestBB4Map:L118> PixTestBB4Map dtor
[16:55:06.301]    DEBUG: <PixTestCmd.cc/~PixTestCmd:L78> PixTestCmd dtor
[16:55:06.301]    DEBUG: <PixTestDaq.cc/~PixTestDaq:L37> PixTestDaq dtor
[16:55:06.301]    DEBUG: <PixTestDacDacScan.cc/~PixTestDacDacScan:L136> PixTestDacDacScan dtor
[16:55:06.301]    DEBUG: <PixTestDacScan.cc/~PixTestDacScan:L129> PixTestDacScan dtor
[16:55:06.301]    DEBUG: <PixTestGainPedestal.cc/~PixTestGainPedestal:L125> PixTestGainPedestal dtor
[16:55:06.301]    DEBUG: <PixTestHighRate.cc/~PixTestHighRate:L245> PixTestHighRate dtor
[16:55:06.301]    DEBUG: <PixTestIV.cc/~PixTestIV:L96> PixTestIV dtor
[16:55:06.301]    DEBUG: <PixTestAlive.cc/~PixTestAlive:L109> PixTestAlive dtor
[16:55:06.301]    DEBUG: <PixTestPretest.cc/~PixTestPretest:L136> PixTestPretest dtor
[16:55:06.301]    DEBUG: <PixTestReadback.cc/~PixTestReadback:L89> PixTestReadback dtor, saving tree ... 
[16:55:06.301]    DEBUG: <PixTestScurves.cc/~PixTestScurves:L142> PixTestScurves dtor
[16:55:06.302]    DEBUG: <PixTestTiming.cc/~PixTestTiming:L97> PixTestTiming dtor
[16:55:06.302]    DEBUG: <PixTestTrim.cc/~PixTestTrim:L103> PixTestTrim dtor
[16:55:06.302]    DEBUG: <PixTestXray.cc/~PixTestXray:L217> PixTestXray dtor
[16:55:06.835]    QUIET: Connection to board 58 closed.
[16:55:06.915]    DEBUG: <PixMonitor.cc/dumpSummaries:L39> PixMonitor::dumpSummaries
