[11:54:56.604]     INFO: *** Welcome to pxar ***
[11:54:56.604]     INFO: *** Today: 2016/02/01
[11:54:56.613]     INFO: *** Version: prod-12
[11:54:56.614]     INFO: readRocDacs: data/mb203/dacParameters35_C0.dat .. data/mb203/dacParameters35_C15.dat
[11:54:56.615]     INFO: readTbmDacs: data/mb203/tbmParameters_C0a.dat .. data/mb203/tbmParameters_C0b.dat
[11:54:56.615]     INFO: readMaskFile: data/mb203/defaultMaskFile.dat
[11:54:56.615]     INFO: readTrimFile: data/mb203/trimParameters35_C0.dat .. data/mb203/trimParameters35_C15.dat
[11:54:56.767]     INFO:         clk: 4
[11:54:56.767]     INFO:         ctr: 4
[11:54:56.767]     INFO:         sda: 19
[11:54:56.767]     INFO:         tin: 9
[11:54:56.767]     INFO:         level: 15
[11:54:56.767]     INFO:         triggerdelay: 0
[11:54:56.767]    QUIET: Instanciating API for pxar prod-12
[11:54:56.767]     INFO: Log level: INFO
[11:54:56.778]    QUIET: Connection to board DTB_WRPRHI opened.
[11:54:56.782]     INFO: DTB startup information
--- DTB info------------------------------------------
Board id:    58
HW version:  DTB1.2
FW version:  4.2
SW version:  4.5
USB id:      DTB_WRPRHI
MAC address: 40D85511803A
Hostname:    pixelDTB058
Comment:     
------------------------------------------------------
[11:54:56.784]     INFO: RPC call hashes of host and DTB match: 398089610
[11:54:58.391]     INFO: DUT info: 
[11:54:58.391]     INFO: The DUT currently contains the following objects:
[11:54:58.391]     INFO:  2 TBM Cores tbm08c (2 ON)
[11:54:58.391]     INFO: 	TBM Core alpha (0): 7 registers set
[11:54:58.391]     INFO: 	TBM Core beta  (1): 7 registers set
[11:54:58.391]     INFO: 16 ROCs psi46digv21respin (16 ON) with 4160 pixelConfigs
[11:54:58.391]     INFO: 	ROC 0: 19 DACs set, Pixels: 0 masked, 0 active.
[11:54:58.391]     INFO: 	ROC 1: 19 DACs set, Pixels: 0 masked, 0 active.
[11:54:58.391]     INFO: 	ROC 2: 19 DACs set, Pixels: 0 masked, 0 active.
[11:54:58.391]     INFO: 	ROC 3: 19 DACs set, Pixels: 0 masked, 0 active.
[11:54:58.391]     INFO: 	ROC 4: 19 DACs set, Pixels: 0 masked, 0 active.
[11:54:58.391]     INFO: 	ROC 5: 19 DACs set, Pixels: 0 masked, 0 active.
[11:54:58.391]     INFO: 	ROC 6: 19 DACs set, Pixels: 0 masked, 0 active.
[11:54:58.391]     INFO: 	ROC 7: 19 DACs set, Pixels: 0 masked, 0 active.
[11:54:58.391]     INFO: 	ROC 8: 19 DACs set, Pixels: 0 masked, 0 active.
[11:54:58.391]     INFO: 	ROC 9: 19 DACs set, Pixels: 0 masked, 0 active.
[11:54:58.391]     INFO: 	ROC 10: 19 DACs set, Pixels: 0 masked, 0 active.
[11:54:58.391]     INFO: 	ROC 11: 19 DACs set, Pixels: 0 masked, 0 active.
[11:54:58.391]     INFO: 	ROC 12: 19 DACs set, Pixels: 0 masked, 0 active.
[11:54:58.392]     INFO: 	ROC 13: 19 DACs set, Pixels: 0 masked, 0 active.
[11:54:58.392]     INFO: 	ROC 14: 19 DACs set, Pixels: 0 masked, 0 active.
[11:54:58.392]     INFO: 	ROC 15: 19 DACs set, Pixels: 0 masked, 0 active.
[11:54:59.001]     INFO: PixTestCmd::init()
[11:54:59.009]     INFO: readGainPedestalParameters data/mb203/phCalibrationFitErr35_C0.dat .. data/mb203/phCalibrationFitErr35_C15.dat
[11:54:59.317]     INFO: readReadbackCal: data/mb203/readbackCal_C0.dat .. data/mb203/readbackCal_C15.dat
[11:55:27.695]     INFO: ######################################################################
[11:55:27.695]     INFO: PixTestXray::doTest()
[11:55:27.696]     INFO: ######################################################################
[11:55:27.696]     INFO:    ----------------------------------------------------------------------
[11:55:27.696]     INFO:    PixTestXray::doPhRun() fParRunSeconds = 119
[11:55:27.696]     INFO:    ----------------------------------------------------------------------
[11:55:28.670]     INFO: PixTestXray::doPhRun start TriggerLoop with trigger frequency 100 kHz, period 405 and duration 119 seconds,  fEventsMax = 11900000
[11:55:45.785]     INFO: run duration 17 seconds, buffer almost full (81%), pausing triggers.
[11:56:13.329]     INFO: Resuming triggers.
[11:56:30.445]     INFO: run duration 34 seconds, buffer almost full (81%), pausing triggers.
[11:56:57.924]     INFO: Resuming triggers.
[11:57:15.039]     INFO: run duration 51 seconds, buffer almost full (81%), pausing triggers.
[11:57:42.484]     INFO: Resuming triggers.
[11:57:59.599]     INFO: run duration 68 seconds, buffer almost full (81%), pausing triggers.
[11:58:26.822]     INFO: Resuming triggers.
[11:58:43.938]     INFO: run duration 85 seconds, buffer almost full (81%), pausing triggers.
[11:59:11.455]     INFO: Resuming triggers.
[11:59:28.571]     INFO: run duration 102 seconds, buffer almost full (81%), pausing triggers.
[11:59:56.017]     INFO: Resuming triggers.
[12:00:12.492]     INFO: data taking finished, elapsed time: 119 seconds.
[12:00:39.115]     INFO: PixTest::       pg_setup set to default.
[12:00:39.154]     INFO: PixTestXray::doPhRun() done
[12:00:39.154]     INFO: PixTestXray::doTest() done 
[12:06:51.416]     INFO: ######################################################################
[12:06:51.416]     INFO: PixTestXray::doTest()
[12:06:51.416]     INFO: ######################################################################
[12:06:51.416]     INFO:    ----------------------------------------------------------------------
[12:06:51.416]     INFO:    PixTestXray::doPhRun() fParRunSeconds = 119
[12:06:51.416]     INFO:    ----------------------------------------------------------------------
[12:06:52.536]     INFO: PixTestXray::doPhRun start TriggerLoop with trigger frequency 100 kHz, period 405 and duration 119 seconds,  fEventsMax = 11900000
[12:07:09.652]     INFO: run duration 17 seconds, buffer almost full (81%), pausing triggers.
[12:07:37.443]     INFO: Resuming triggers.
[12:07:54.560]     INFO: run duration 34 seconds, buffer almost full (81%), pausing triggers.
[12:08:21.967]     INFO: Resuming triggers.
[12:08:39.084]     INFO: run duration 51 seconds, buffer almost full (81%), pausing triggers.
[12:09:06.626]     INFO: Resuming triggers.
[12:09:23.742]     INFO: run duration 68 seconds, buffer almost full (81%), pausing triggers.
[12:09:51.266]     INFO: Resuming triggers.
[12:10:08.382]     INFO: run duration 85 seconds, buffer almost full (81%), pausing triggers.
[12:10:35.970]     INFO: Resuming triggers.
[12:10:53.087]     INFO: run duration 102 seconds, buffer almost full (81%), pausing triggers.
[12:11:20.524]     INFO: Resuming triggers.
[12:11:36.991]     INFO: data taking finished, elapsed time: 119 seconds.
[12:12:03.546]     INFO: PixTest::       pg_setup set to default.
[12:12:03.561]     INFO: PixTestXray::doPhRun() done
[12:12:03.561]     INFO: PixTestXray::doTest() done 
[12:14:17.200]     INFO: ######################################################################
[12:14:17.200]     INFO: PixTestXray::doTest()
[12:14:17.200]     INFO: ######################################################################
[12:14:17.200]     INFO:    ----------------------------------------------------------------------
[12:14:17.200]     INFO:    PixTestXray::doPhRun() fParRunSeconds = 119
[12:14:17.200]     INFO:    ----------------------------------------------------------------------
[12:14:18.320]     INFO: PixTestXray::doPhRun start TriggerLoop with trigger frequency 100 kHz, period 405 and duration 119 seconds,  fEventsMax = 11900000
[12:14:35.431]     INFO: run duration 17 seconds, buffer almost full (81%), pausing triggers.
[12:15:03.263]     INFO: Resuming triggers.
[12:15:20.375]     INFO: run duration 34 seconds, buffer almost full (81%), pausing triggers.
[12:15:22.715]    ERROR: <datapipe.cc/CheckEventValidity:L491> Channel 0 Number of ROCs (7) != Token Chain Length (8)
[12:15:22.715]    ERROR: <datapipe.cc/Read:L164> Dumping the flawed event +- 3 events:
[12:15:22.715]    ERROR: <datapipe.cc/Read:L166> ====== 0 ====== a04e 8000 4878 4878 4878 4878 4878 4878 4878 487a e000 c000 
[12:15:22.715]    ERROR: <datapipe.cc/Read:L166> ====== 0 ====== a048 80b1 4878 4878 4878 4878 4878 4878 4878 4878 e000 c000 
[12:15:22.715]    ERROR: <datapipe.cc/Read:L166> ====== 0 ====== a049 80c0 4878 4878 4878 4878 4878 4878 4878 4878 e000 c000 
[12:15:22.715]    ERROR: <datapipe.cc/Read:L166> ====== 0 ====== a04a 8000 4878 4878 4878 4878 4878 4878 4878 4878 e000 c000 
[12:15:22.715]    ERROR: <datapipe.cc/Read:L166> ====== 0 ====== a04b 8040 4878 4878 4878 4878 4878 4878 0 282c 4878 1f8 e000 c000 
[12:15:22.715]    ERROR: <datapipe.cc/Read:L166> ====== 0 ====== a04c 80b1 4878 4878 4878 4878 4878 4878 4878 4878 e000 c000 
[12:15:22.715]    ERROR: <datapipe.cc/Read:L166> ====== 0 ====== a04d 80c0 4878 4878 4878 4878 487a 4878 4878 4878 e000 c000 
[12:15:47.849]     INFO: Resuming triggers.
[12:16:04.961]     INFO: run duration 51 seconds, buffer almost full (81%), pausing triggers.
[12:16:32.581]     INFO: Resuming triggers.
[12:16:49.693]     INFO: run duration 68 seconds, buffer almost full (81%), pausing triggers.
[12:17:17.177]     INFO: Resuming triggers.
[12:17:34.289]     INFO: run duration 85 seconds, buffer almost full (81%), pausing triggers.
[12:18:01.869]     INFO: Resuming triggers.
[12:18:18.981]     INFO: run duration 102 seconds, buffer almost full (81%), pausing triggers.
[12:18:46.634]     INFO: Resuming triggers.
[12:19:03.129]     INFO: data taking finished, elapsed time: 119 seconds.
[12:19:29.942]     INFO: PixTest::       pg_setup set to default.
[12:19:29.964]     INFO: PixTestXray::doPhRun() done
[12:19:29.964]     INFO: PixTestXray::doTest() done 
[12:21:59.624]     INFO: ######################################################################
[12:21:59.624]     INFO: PixTestXray::doTest()
[12:21:59.624]     INFO: ######################################################################
[12:21:59.624]     INFO:    ----------------------------------------------------------------------
[12:21:59.624]     INFO:    PixTestXray::doPhRun() fParRunSeconds = 150
[12:21:59.624]     INFO:    ----------------------------------------------------------------------
[12:22:00.764]     INFO: PixTestXray::doPhRun start TriggerLoop with trigger frequency 100 kHz, period 405 and duration 150 seconds,  fEventsMax = 15000000
[12:22:17.877]     INFO: run duration 17 seconds, buffer almost full (81%), pausing triggers.
[12:22:45.526]     INFO: Resuming triggers.
[12:23:02.640]     INFO: run duration 34 seconds, buffer almost full (81%), pausing triggers.
[12:23:30.191]     INFO: Resuming triggers.
[12:23:47.305]     INFO: run duration 51 seconds, buffer almost full (81%), pausing triggers.
[12:24:14.809]     INFO: Resuming triggers.
[12:24:31.924]     INFO: run duration 68 seconds, buffer almost full (81%), pausing triggers.
[12:24:59.486]     INFO: Resuming triggers.
[12:25:16.601]     INFO: run duration 85 seconds, buffer almost full (81%), pausing triggers.
[12:25:44.118]     INFO: Resuming triggers.
[12:26:01.232]     INFO: run duration 102 seconds, buffer almost full (81%), pausing triggers.
[12:26:28.766]     INFO: Resuming triggers.
[12:26:45.880]     INFO: run duration 119 seconds, buffer almost full (81%), pausing triggers.
[12:27:13.389]     INFO: Resuming triggers.
[12:27:30.504]     INFO: run duration 136 seconds, buffer almost full (81%), pausing triggers.
[12:27:58.054]     INFO: Resuming triggers.
[12:28:11.350]     INFO: data taking finished, elapsed time: 150 seconds.
[12:28:33.032]     INFO: PixTest::       pg_setup set to default.
[12:28:33.051]     INFO: PixTestXray::doPhRun() done
[12:28:33.051]     INFO: PixTestXray::doTest() done 
[12:29:26.722]    QUIET: Connection to board 58 closed.
