[17:12:36.119]     INFO: *** Welcome to pxar ***
[17:12:36.119]     INFO: *** Today: 2016/01/29
[17:12:36.128]     INFO: *** Version: prod-12
[17:12:36.128]     INFO: readRocDacs: data/mb203//dacParameters35_C0.dat .. data/mb203//dacParameters35_C15.dat
[17:12:36.129]     INFO: readTbmDacs: data/mb203//tbmParameters_C0a.dat .. data/mb203//tbmParameters_C0b.dat
[17:12:36.129]     INFO: readMaskFile: data/mb203//defaultMaskFile.dat
[17:12:36.129]     INFO: readTrimFile: data/mb203//trimParameters35_C0.dat .. data/mb203//trimParameters35_C15.dat
[17:12:36.282]     INFO:         clk: 4
[17:12:36.282]     INFO:         ctr: 4
[17:12:36.282]     INFO:         sda: 19
[17:12:36.282]     INFO:         tin: 9
[17:12:36.282]     INFO:         level: 15
[17:12:36.282]     INFO:         triggerdelay: 0
[17:12:36.282]    QUIET: Instanciating API for pxar prod-12
[17:12:36.282]     INFO: Log level: DEBUG
[17:12:36.294]    QUIET: Connection to board DTB_WRPRHI opened.
[17:12:36.297]     INFO: DTB startup information
--- DTB info------------------------------------------
Board id:    58
HW version:  DTB1.2
FW version:  4.2
SW version:  4.5
USB id:      DTB_WRPRHI
MAC address: 40D85511803A
Hostname:    pixelDTB058
Comment:     
------------------------------------------------------
[17:12:36.300]     INFO: RPC call hashes of host and DTB match: 398089610
[17:12:37.903]     INFO: DUT info: 
[17:12:37.903]     INFO: The DUT currently contains the following objects:
[17:12:37.903]     INFO:  2 TBM Cores tbm08c (2 ON)
[17:12:37.903]     INFO: 	TBM Core alpha (0): 7 registers set
[17:12:37.903]     INFO: 	TBM Core beta  (1): 7 registers set
[17:12:37.903]     INFO: 16 ROCs psi46digv21respin (16 ON) with 4160 pixelConfigs
[17:12:37.904]     INFO: 	ROC 0: 19 DACs set, Pixels: 0 masked, 0 active.
[17:12:37.904]     INFO: 	ROC 1: 19 DACs set, Pixels: 0 masked, 0 active.
[17:12:37.904]     INFO: 	ROC 2: 19 DACs set, Pixels: 0 masked, 0 active.
[17:12:37.904]     INFO: 	ROC 3: 19 DACs set, Pixels: 0 masked, 0 active.
[17:12:37.904]     INFO: 	ROC 4: 19 DACs set, Pixels: 0 masked, 0 active.
[17:12:37.904]     INFO: 	ROC 5: 19 DACs set, Pixels: 0 masked, 0 active.
[17:12:37.904]     INFO: 	ROC 6: 19 DACs set, Pixels: 0 masked, 0 active.
[17:12:37.904]     INFO: 	ROC 7: 19 DACs set, Pixels: 0 masked, 0 active.
[17:12:37.904]     INFO: 	ROC 8: 19 DACs set, Pixels: 0 masked, 0 active.
[17:12:37.904]     INFO: 	ROC 9: 19 DACs set, Pixels: 0 masked, 0 active.
[17:12:37.904]     INFO: 	ROC 10: 19 DACs set, Pixels: 0 masked, 0 active.
[17:12:37.904]     INFO: 	ROC 11: 19 DACs set, Pixels: 0 masked, 0 active.
[17:12:37.904]     INFO: 	ROC 12: 19 DACs set, Pixels: 0 masked, 0 active.
[17:12:37.904]     INFO: 	ROC 13: 19 DACs set, Pixels: 0 masked, 0 active.
[17:12:37.904]     INFO: 	ROC 14: 19 DACs set, Pixels: 0 masked, 0 active.
[17:12:37.904]     INFO: 	ROC 15: 19 DACs set, Pixels: 0 masked, 0 active.
[17:12:37.904]    DEBUG: <PixTestParameters.cc/dump:L104> PixTestParameters: ->BB<-
[17:12:37.904]    DEBUG: <PixTestParameters.cc/dump:L107>   dumpall: checkbox(0)
[17:12:37.904]    DEBUG: <PixTestParameters.cc/dump:L107>   dumpproblematic: checkbox(0)
[17:12:37.904]    DEBUG: <PixTestParameters.cc/dump:L107>   ntrig: 5
[17:12:37.904]    DEBUG: <PixTestParameters.cc/dump:L107>   vcals: 250
[17:12:37.904]    DEBUG: <PixTestParameters.cc/dump:L104> PixTestParameters: ->BB2<-
[17:12:37.904]    DEBUG: <PixTestParameters.cc/dump:L107>   ntrig: 10
[17:12:37.905]    DEBUG: <PixTestParameters.cc/dump:L107>   vcals: 222
[17:12:37.905]    DEBUG: <PixTestParameters.cc/dump:L107>   plwidth: 35
[17:12:37.905]    DEBUG: <PixTestParameters.cc/dump:L107>   pix: 11,20
[17:12:37.905]    DEBUG: <PixTestParameters.cc/dump:L107>   targetia: 24
[17:12:37.905]    DEBUG: <PixTestParameters.cc/dump:L104> PixTestParameters: ->BB3<-
[17:12:37.905]    DEBUG: <PixTestParameters.cc/dump:L107>   dumpall: checkbox(0)
[17:12:37.905]    DEBUG: <PixTestParameters.cc/dump:L107>   dumpproblematic: checkbox(0)
[17:12:37.905]    DEBUG: <PixTestParameters.cc/dump:L107>   ntrig: 5
[17:12:37.905]    DEBUG: <PixTestParameters.cc/dump:L107>   vcals: 250
[17:12:37.905]    DEBUG: <PixTestParameters.cc/dump:L104> PixTestParameters: ->BB4<-
[17:12:37.905]    DEBUG: <PixTestParameters.cc/dump:L107>   savecaldelscan: checkbox(0)
[17:12:37.905]    DEBUG: <PixTestParameters.cc/dump:L107>   ntrig: 100
[17:12:37.905]    DEBUG: <PixTestParameters.cc/dump:L107>   cals: 1
[17:12:37.905]    DEBUG: <PixTestParameters.cc/dump:L107>   caldello: 80
[17:12:37.905]    DEBUG: <PixTestParameters.cc/dump:L107>   caldelhi: 200
[17:12:37.905]    DEBUG: <PixTestParameters.cc/dump:L107>   caldelstep: 10
[17:12:37.905]    DEBUG: <PixTestParameters.cc/dump:L107>   vthrcomplo: 70
[17:12:37.905]    DEBUG: <PixTestParameters.cc/dump:L107>   vthrcomphi: 130
[17:12:37.905]    DEBUG: <PixTestParameters.cc/dump:L107>   vthrcompstep: 5
[17:12:37.905]    DEBUG: <PixTestParameters.cc/dump:L107>   noisypixels: 10
[17:12:37.905]    DEBUG: <PixTestParameters.cc/dump:L107>   vcal: 255
[17:12:37.905]    DEBUG: <PixTestParameters.cc/dump:L107>   cut: 0.5
[17:12:37.905]    DEBUG: <PixTestParameters.cc/dump:L104> PixTestParameters: ->Cmd<-
[17:12:37.905]    DEBUG: <PixTestParameters.cc/dump:L104> PixTestParameters: ->DAQ<-
[17:12:37.905]    DEBUG: <PixTestParameters.cc/dump:L107>   delaytbm: checkbox
[17:12:37.905]    DEBUG: <PixTestParameters.cc/dump:L107>   filltree: checkbox
[17:12:37.905]    DEBUG: <PixTestParameters.cc/dump:L107>   trgfrequency(khz): 100
[17:12:37.905]    DEBUG: <PixTestParameters.cc/dump:L107>   maskhotpixels: button
[17:12:37.905]    DEBUG: <PixTestParameters.cc/dump:L107>   trgnumber: 5
[17:12:37.905]    DEBUG: <PixTestParameters.cc/dump:L107>   iterations: 10
[17:12:37.905]    DEBUG: <PixTestParameters.cc/dump:L107>   rundaqtrg: button
[17:12:37.905]    DEBUG: <PixTestParameters.cc/dump:L107>   daqseconds: 5
[17:12:37.905]    DEBUG: <PixTestParameters.cc/dump:L107>   rundaqseconds: button
[17:12:37.905]    DEBUG: <PixTestParameters.cc/dump:L104> PixTestParameters: ->DacDacScan<-
[17:12:37.905]    DEBUG: <PixTestParameters.cc/dump:L107>   phmap: checkbox
[17:12:37.905]    DEBUG: <PixTestParameters.cc/dump:L107>   ntrig: 10
[17:12:37.905]    DEBUG: <PixTestParameters.cc/dump:L107>   dac1: caldel
[17:12:37.905]    DEBUG: <PixTestParameters.cc/dump:L107>   dac1lo: 0
[17:12:37.905]    DEBUG: <PixTestParameters.cc/dump:L107>   dac1hi: 255
[17:12:37.905]    DEBUG: <PixTestParameters.cc/dump:L107>   dac2: vthrcomp
[17:12:37.905]    DEBUG: <PixTestParameters.cc/dump:L107>   dac2lo: 0
[17:12:37.905]    DEBUG: <PixTestParameters.cc/dump:L107>   dac2hi: 255
[17:12:37.905]    DEBUG: <PixTestParameters.cc/dump:L107>   pix: 11,20
[17:12:37.905]    DEBUG: <PixTestParameters.cc/dump:L104> PixTestParameters: ->DacScan<-
[17:12:37.905]    DEBUG: <PixTestParameters.cc/dump:L107>   phmap: checkbox(1)
[17:12:37.905]    DEBUG: <PixTestParameters.cc/dump:L107>   allpixels: checkbox(0)
[17:12:37.905]    DEBUG: <PixTestParameters.cc/dump:L107>   unmasked: checkbox(0)
[17:12:37.905]    DEBUG: <PixTestParameters.cc/dump:L107>   ntrig: 10
[17:12:37.905]    DEBUG: <PixTestParameters.cc/dump:L107>   dac: vcal
[17:12:37.905]    DEBUG: <PixTestParameters.cc/dump:L107>   daclo: 0
[17:12:37.905]    DEBUG: <PixTestParameters.cc/dump:L107>   dachi: 255
[17:12:37.905]    DEBUG: <PixTestParameters.cc/dump:L107>   pix: 11,20
[17:12:37.905]    DEBUG: <PixTestParameters.cc/dump:L104> PixTestParameters: ->GainPedestal<-
[17:12:37.905]    DEBUG: <PixTestParameters.cc/dump:L107>   showfits: checkbox(0)
[17:12:37.905]    DEBUG: <PixTestParameters.cc/dump:L107>   extended: checkbox(0)
[17:12:37.905]    DEBUG: <PixTestParameters.cc/dump:L107>   dumphists: checkbox(0)
[17:12:37.906]    DEBUG: <PixTestParameters.cc/dump:L107>   ntrig: 10
[17:12:37.906]    DEBUG: <PixTestParameters.cc/dump:L107>   vcalstep: 10
[17:12:37.906]    DEBUG: <PixTestParameters.cc/dump:L107>   measure: button
[17:12:37.906]    DEBUG: <PixTestParameters.cc/dump:L107>   fit: button
[17:12:37.906]    DEBUG: <PixTestParameters.cc/dump:L107>   save: button
[17:12:37.906]    DEBUG: <PixTestParameters.cc/dump:L104> PixTestParameters: ->HighRate<-
[17:12:37.906]    DEBUG: <PixTestParameters.cc/dump:L107>   pix: 11,20
[17:12:37.906]    DEBUG: <PixTestParameters.cc/dump:L107>   trimhotpixels: button
[17:12:37.906]    DEBUG: <PixTestParameters.cc/dump:L107>   trimhotpixelthr: 200
[17:12:37.906]    DEBUG: <PixTestParameters.cc/dump:L107>   runsecondshotpixels: 10
[17:12:37.906]    DEBUG: <PixTestParameters.cc/dump:L107>   savetrimbits: checkbox(1)
[17:12:37.906]    DEBUG: <PixTestParameters.cc/dump:L107>   maskuntrimmable: checkbox(1)
[17:12:37.906]    DEBUG: <PixTestParameters.cc/dump:L107>   maskhotpixels: button
[17:12:37.906]    DEBUG: <PixTestParameters.cc/dump:L107>   savemaskfile: checkbox(0)
[17:12:37.906]    DEBUG: <PixTestParameters.cc/dump:L107>   maskfilename: default
[17:12:37.906]    DEBUG: <PixTestParameters.cc/dump:L107>   caldelscan: button
[17:12:37.906]    DEBUG: <PixTestParameters.cc/dump:L107>   xpixelalive: button
[17:12:37.906]    DEBUG: <PixTestParameters.cc/dump:L107>   ntrig: 50
[17:12:37.906]    DEBUG: <PixTestParameters.cc/dump:L107>   vcal: 200
[17:12:37.906]    DEBUG: <PixTestParameters.cc/dump:L107>   xnoisemaps: button
[17:12:37.906]    DEBUG: <PixTestParameters.cc/dump:L107>   daclo: 0
[17:12:37.906]    DEBUG: <PixTestParameters.cc/dump:L107>   dachi: 100
[17:12:37.906]    DEBUG: <PixTestParameters.cc/dump:L107>   dacs/step: 20
[17:12:37.906]    DEBUG: <PixTestParameters.cc/dump:L107>   rundaq: button
[17:12:37.906]    DEBUG: <PixTestParameters.cc/dump:L107>   trgfrequency(khz): 20
[17:12:37.906]    DEBUG: <PixTestParameters.cc/dump:L107>   runseconds: 2
[17:12:37.906]    DEBUG: <PixTestParameters.cc/dump:L107>   triggerdelay: 20
[17:12:37.906]    DEBUG: <PixTestParameters.cc/dump:L107>   delaytbm: checkbox
[17:12:37.906]    DEBUG: <PixTestParameters.cc/dump:L107>   filltree: checkbox
[17:12:37.906]    DEBUG: <PixTestParameters.cc/dump:L104> PixTestParameters: ->IV<-
[17:12:37.906]    DEBUG: <PixTestParameters.cc/dump:L107>   port: /dev/FIXME
[17:12:37.906]    DEBUG: <PixTestParameters.cc/dump:L107>   voltagestart: 0
[17:12:37.906]    DEBUG: <PixTestParameters.cc/dump:L107>   voltagestop: 600
[17:12:37.906]    DEBUG: <PixTestParameters.cc/dump:L107>   voltagestep: 5
[17:12:37.906]    DEBUG: <PixTestParameters.cc/dump:L107>   delay: 1
[17:12:37.906]    DEBUG: <PixTestParameters.cc/dump:L107>   compliance(ua): 100
[17:12:37.906]    DEBUG: <PixTestParameters.cc/dump:L104> PixTestParameters: ->PhOptimization<-
[17:12:37.906]    DEBUG: <PixTestParameters.cc/dump:L107>   ntrig: 10
[17:12:37.906]    DEBUG: <PixTestParameters.cc/dump:L107>   safetymarginlow: 20
[17:12:37.906]    DEBUG: <PixTestParameters.cc/dump:L107>   saturationvcal: 100
[17:12:37.906]    DEBUG: <PixTestParameters.cc/dump:L107>   quantilesaturation: 0.98
[17:12:37.906]    DEBUG: <PixTestParameters.cc/dump:L104> PixTestParameters: ->PixelAlive<-
[17:12:37.906]    DEBUG: <PixTestParameters.cc/dump:L107>   ntrig: 10
[17:12:37.906]    DEBUG: <PixTestParameters.cc/dump:L107>   vcal: 200
[17:12:37.906]    DEBUG: <PixTestParameters.cc/dump:L107>   alivetest: button
[17:12:37.906]    DEBUG: <PixTestParameters.cc/dump:L107>   masktest: button
[17:12:37.906]    DEBUG: <PixTestParameters.cc/dump:L107>   addressdecodingtest: button
[17:12:37.906]    DEBUG: <PixTestParameters.cc/dump:L104> PixTestParameters: ->Pretest<-
[17:12:37.906]    DEBUG: <PixTestParameters.cc/dump:L107>   programroc: button
[17:12:37.906]    DEBUG: <PixTestParameters.cc/dump:L107>   targetia: 24
[17:12:37.906]    DEBUG: <PixTestParameters.cc/dump:L107>   setvana: button
[17:12:37.906]    DEBUG: <PixTestParameters.cc/dump:L107>   iterations: 100
[17:12:37.906]    DEBUG: <PixTestParameters.cc/dump:L107>   settimings: button
[17:12:37.906]    DEBUG: <PixTestParameters.cc/dump:L107>   findtiming: button
[17:12:37.906]    DEBUG: <PixTestParameters.cc/dump:L107>   findworkingpixel: button
[17:12:37.907]    DEBUG: <PixTestParameters.cc/dump:L107>   setvthrcompcaldel: button
[17:12:37.907]    DEBUG: <PixTestParameters.cc/dump:L107>   pix: 11,20
[17:12:37.907]    DEBUG: <PixTestParameters.cc/dump:L107>   vcal: 250
[17:12:37.907]    DEBUG: <PixTestParameters.cc/dump:L107>   deltavthrcomp: 50
[17:12:37.907]    DEBUG: <PixTestParameters.cc/dump:L107>   fraccaldel: 0.5
[17:12:37.907]    DEBUG: <PixTestParameters.cc/dump:L107>   ntrig: 5
[17:12:37.907]    DEBUG: <PixTestParameters.cc/dump:L107>   savedacs: button
[17:12:37.907]    DEBUG: <PixTestParameters.cc/dump:L104> PixTestParameters: ->Readback<-
[17:12:37.907]    DEBUG: <PixTestParameters.cc/dump:L107>   calibratevd: button
[17:12:37.907]    DEBUG: <PixTestParameters.cc/dump:L107>   calibrateva: button
[17:12:37.907]    DEBUG: <PixTestParameters.cc/dump:L107>   calibrateia: button
[17:12:37.907]    DEBUG: <PixTestParameters.cc/dump:L107>   readbackvbg: button
[17:12:37.907]    DEBUG: <PixTestParameters.cc/dump:L107>   getcalibratedvbg: button
[17:12:37.907]    DEBUG: <PixTestParameters.cc/dump:L107>   usecalvd: checkbox(1)
[17:12:37.907]    DEBUG: <PixTestParameters.cc/dump:L107>   usecalva: checkbox(0)
[17:12:37.907]    DEBUG: <PixTestParameters.cc/dump:L107>   setvana: button
[17:12:37.907]    DEBUG: <PixTestParameters.cc/dump:L104> PixTestParameters: ->Scurves<-
[17:12:37.907]    DEBUG: <PixTestParameters.cc/dump:L107>   adjustvcal: checkbox(0)
[17:12:37.907]    DEBUG: <PixTestParameters.cc/dump:L107>   dumpall: checkbox(0)
[17:12:37.907]    DEBUG: <PixTestParameters.cc/dump:L107>   dumpproblematic: checkbox(0)
[17:12:37.907]    DEBUG: <PixTestParameters.cc/dump:L107>   dumpoutputfile: checkbox(0)
[17:12:37.907]    DEBUG: <PixTestParameters.cc/dump:L107>   ntrig: 50
[17:12:37.907]    DEBUG: <PixTestParameters.cc/dump:L107>   dac: Vcal
[17:12:37.907]    DEBUG: <PixTestParameters.cc/dump:L107>   daclo: 0
[17:12:37.907]    DEBUG: <PixTestParameters.cc/dump:L107>   dachi: 200
[17:12:37.907]    DEBUG: <PixTestParameters.cc/dump:L107>   dacs/step: -1
[17:12:37.907]    DEBUG: <PixTestParameters.cc/dump:L107>   ntrig/step: -1
[17:12:37.907]    DEBUG: <PixTestParameters.cc/dump:L107>   scurves: button
[17:12:37.907]    DEBUG: <PixTestParameters.cc/dump:L104> PixTestParameters: ->Timing<-
[17:12:37.907]    DEBUG: <PixTestParameters.cc/dump:L107>   targetclk: 4
[17:12:37.907]    DEBUG: <PixTestParameters.cc/dump:L107>   ntrig: 10
[17:12:37.907]    DEBUG: <PixTestParameters.cc/dump:L107>   clocksdascan: button
[17:12:37.907]    DEBUG: <PixTestParameters.cc/dump:L107>   notokenpass: checkbox(0)
[17:12:37.907]    DEBUG: <PixTestParameters.cc/dump:L107>   phasescan: button
[17:12:37.907]    DEBUG: <PixTestParameters.cc/dump:L107>   levelscan: button
[17:12:37.907]    DEBUG: <PixTestParameters.cc/dump:L107>   tbmphasescan: button
[17:12:37.907]    DEBUG: <PixTestParameters.cc/dump:L107>   rocdelayscan: button
[17:12:37.907]    DEBUG: <PixTestParameters.cc/dump:L107>   timingtest: button
[17:12:37.907]    DEBUG: <PixTestParameters.cc/dump:L107>   saveparameters: button
[17:12:37.907]    DEBUG: <PixTestParameters.cc/dump:L104> PixTestParameters: ->Trim<-
[17:12:37.907]    DEBUG: <PixTestParameters.cc/dump:L107>   trim: button
[17:12:37.907]    DEBUG: <PixTestParameters.cc/dump:L107>   ntrig: 8
[17:12:37.907]    DEBUG: <PixTestParameters.cc/dump:L107>   vcal: 35
[17:12:37.907]    DEBUG: <PixTestParameters.cc/dump:L107>   trimbits: button
[17:12:37.907]    DEBUG: <PixTestParameters.cc/dump:L104> PixTestParameters: ->Xray<-
[17:12:37.907]    DEBUG: <PixTestParameters.cc/dump:L107>   maskhotpixels: button
[17:12:37.907]    DEBUG: <PixTestParameters.cc/dump:L107>   savemaskfile: checkbox(0)
[17:12:37.907]    DEBUG: <PixTestParameters.cc/dump:L107>   maskfilename: default
[17:12:37.907]    DEBUG: <PixTestParameters.cc/dump:L107>   source: Ag
[17:12:37.907]    DEBUG: <PixTestParameters.cc/dump:L107>   phrun: button
[17:12:37.907]    DEBUG: <PixTestParameters.cc/dump:L107>   runseconds: 100
[17:12:37.907]    DEBUG: <PixTestParameters.cc/dump:L107>   trgfrequency(khz): 100
[17:12:37.907]    DEBUG: <PixTestParameters.cc/dump:L107>   ratescan: button
[17:12:37.907]    DEBUG: <PixTestParameters.cc/dump:L107>   vthrcompmin: 10
[17:12:37.907]    DEBUG: <PixTestParameters.cc/dump:L107>   vthrcompmax: 80
[17:12:37.907]    DEBUG: <PixTestParameters.cc/dump:L107>   stepseconds: 5
[17:12:37.907]    DEBUG: <PixTestParameters.cc/dump:L107>   delaytbm: checkbox
[17:12:37.907]    DEBUG: <PixTestParameters.cc/dump:L107>   filltree: checkbox
[17:12:37.910]    DEBUG: <PixSetup.cc/init:L81> PixSetup init start; getCurrentRSS() = 35332096
[17:12:37.910]    DEBUG: <PixSetup.cc/init:L87> fPixTestParameters = 0x105f7b0
[17:12:37.910]    DEBUG: <PixSetup.cc/init:L88>  fConfigParameters = 0xfedc40
[17:12:37.910]    DEBUG: <PixSetup.cc/init:L89>        fPxarMemory = 0x7f8869d94010
[17:12:37.910]    DEBUG: <PixSetup.cc/init:L90>         fPxarMemHi = 0x7f886ffff510
[17:12:37.910]    DEBUG: <PixSetup.cc/init:L106> PixSetup init done;  getCurrentRSS() = 35340288 fPxarMemory = 0x7f8869d94010
[17:12:37.911]    DEBUG: <pXar.cc/main:L223> Initial Analog Current: 387.5mA
[17:12:37.912]    DEBUG: <pXar.cc/main:L224> Initial Digital Current: 472.7mA
[17:12:37.912]    DEBUG: <pXar.cc/main:L225> Initial Module Temperature: 21.3 C
[17:12:38.415]    DEBUG: <PixGui.cc/hvOn:L460> HV set On: 0x1636420
[17:12:38.482]    DEBUG: <PixTestFactory.cc/PixTestFactory:L53> PixTestFactory::PixTestFactory()
[17:12:38.482]    DEBUG: <PixTestBBMap.cc/init:L79> PixTestBBMap::init()
[17:12:38.482]    DEBUG: <PixTestBBMap.cc/PixTestBBMap:L27> PixTestBBMap ctor(PixSetup &a, string, TGTab *)
[17:12:38.488]    DEBUG: <PixTestBB2Map.cc/setParameter:L58> setting fTargetIa    = 24 mA/ROC
[17:12:38.488]    DEBUG: <PixTestBB2Map.cc/init:L97> PixTestBB2Map::init()
[17:12:38.488]    DEBUG: <PixTestBB2Map.cc/PixTestBB2Map:L29> PixTestBB2Map ctor(PixSetup &a, string, TGTab *)
[17:12:38.497]    DEBUG: <PixTestBB3Map.cc/init:L81> PixTestBB3Map::init()
[17:12:38.497]    DEBUG: <PixTestBB3Map.cc/PixTestBB3Map:L29> PixTestBB3Map ctor(PixSetup &a, string, TGTab *)
[17:12:38.512]    DEBUG: <PixTestBB4Map.cc/init:L93> PixTestBB4Map::init()
[17:12:38.512]    DEBUG: <PixTestBB4Map.cc/PixTestBB4Map:L26> PixTestMapeff ctor(PixSetup &a, string, TGTab *)
[17:12:38.536]     INFO: PixTestCmd::init()
[17:12:38.553]    DEBUG: <PixTestDaq.cc/init:L44> PixTestDaq::init()
[17:12:38.553]    DEBUG: <PixTestDaq.cc/PixTestDaq:L22> PixTestDaq ctor(PixSetup &a, string, TGTab *)
[17:12:38.553]     INFO: readGainPedestalParameters data/mb203//phCalibrationFitErr35_C0.dat .. data/mb203//phCalibrationFitErr35_C15.dat
[17:12:38.796]    DEBUG: <PixTestDacDacScan.cc/init:L103> PixTestDacDacScan::init()
[17:12:38.796]    DEBUG: <PixTestDacDacScan.cc/PixTestDacDacScan:L22> PixTestDacDacScan ctor(PixSetup &a, string, TGTab *)
[17:12:38.811]    DEBUG: <PixTestGainPedestal.cc/setParameter:L83> PixTestGainPedestal::PixTest() fVcalStep = 10
[17:12:38.817]    DEBUG: <PixTestHighRate.cc/setParameter:L68>   setting fParTriggerFrequency -> 20
[17:12:38.817]    DEBUG: <PixTestHighRate.cc/init:L198> PixTestHighRate::init()
[17:12:38.817]    DEBUG: <PixTestHighRate.cc/PixTestHighRate:L31> PixTestHighRate ctor(PixSetup &a, string, TGTab *)
[17:12:38.843]    DEBUG: <PixTest.cc/setTestParameter:L637>  setting  ntrig to new value 10
[17:12:38.843]    DEBUG: <PixTestPhOptimization.cc/setParameter:L37>   setting fParNtrig  ->10<- from sval = 10
[17:12:38.843]    DEBUG: <PixTestPhOptimization.cc/setParameter:L42>   setting fSafetyMarginLow  ->20<- from sval = 20
[17:12:38.843]    DEBUG: <PixTestPhOptimization.cc/setParameter:L48>   setting fVcalMax  ->100<- from sval = 100
[17:12:38.843]    DEBUG: <PixTestPhOptimization.cc/setParameter:L53>   setting fQuantMax  ->0.98<- from sval = 0.98
[17:12:38.850]    DEBUG: <PixTestAlive.cc/init:L77> PixTestAlive::init()
[17:12:38.850]    DEBUG: <PixTestAlive.cc/PixTestAlive:L21> PixTestAlive ctor(PixSetup &a, string, TGTab *)
[17:12:38.870]    DEBUG: <PixTestReadback.cc/setParameter:L172> fCalwVd set to 1
[17:12:38.870]    DEBUG: <PixTestReadback.cc/init:L95> PixTestReadback::init()
[17:12:38.871]    DEBUG: <PixTestReadback.cc/PixTestReadback:L22> PixTestReadback ctor(PixSetup &a, string, TGTab *)
[17:12:38.871]     INFO: readReadbackCal: data/mb203//readbackCal_C0.dat .. data/mb203//readbackCal_C15.dat
[17:12:38.880]    DEBUG: <PixTestScurves.cc/setParameter:L93> set fOutputFilename = 
[17:12:38.888]    DEBUG: <PixTestTiming.cc/setParameter:L60> PixTestTiming::PixTest() targetclk = 4
[17:12:38.889]    DEBUG: <PixTestTiming.cc/setParameter:L64> PixTestTiming::PixTest() ntrig = 10
[17:12:38.889]    DEBUG: <PixTestTiming.cc/setParameter:L48> fNoTokenPass: 0
[17:12:38.889]    DEBUG: <PixTestTiming.cc/init:L74> PixTestTiming::init()
[17:12:38.907]    DEBUG: <PixTestXray.cc/init:L134> PixTestXray::init()
[17:12:38.907]    DEBUG: <PixTestXray.cc/PixTestXray:L28> PixTestXray ctor(PixSetup &a, string, TGTab *)
[17:12:47.977]    DEBUG: <PixTab.cc/buttonClicked:L308> xxxPressed():  caldelscan
[17:12:47.977]    DEBUG: <PixTestHighRate.cc/runCommand:L157> running command: caldelscan
[17:12:47.977]     INFO:    ----------------------------------------------------------------------
[17:12:47.977]     INFO:    PixTestHighRate::calDelScan() ntrig = 10, vcal = 200
[17:12:47.977]     INFO:    ----------------------------------------------------------------------
[17:12:48.118]     INFO: Expecting 768 events.
[17:12:49.255]     INFO: 768 events read in total (418ms).
[17:12:49.444]     INFO: Test took 1461ms.
[17:12:49.450]    DEBUG: <PixTest.cc/efficiencyMaps:L396>       attempt #0
[17:12:50.118]     INFO: Expecting 41600 events.
[17:12:53.627]     INFO: 41600 events read in total (2982ms).
[17:12:53.631]     INFO: Test took 4181ms.
[17:12:53.739]     INFO: Fetched DAQ statistics. Counters are being reset now.
[17:12:53.739]    DEBUG: <PixTest.cc/efficiencyMaps:L407>  eff result size = 640266
[17:12:53.739]    DEBUG: <PixTest.cc/efficiencyMaps:L412> Create hists HR_xeff_CalDelScan_step0_C0 .. HR_xeff_CalDelScan_step0_C15
[17:12:53.740]    DEBUG: <PixTest.cc/efficiencyMaps:L426> booking xray maps for unmasked detector
[17:12:53.788]    DEBUG: <PixTest.cc/efficiencyMaps:L396>       attempt #0
[17:12:54.453]     INFO: Expecting 41600 events.
[17:12:58.089]     INFO: 41600 events read in total (3109ms).
[17:12:58.095]     INFO: Test took 4307ms.
[17:12:58.207]     INFO: Fetched DAQ statistics. Counters are being reset now.
[17:12:58.207]    DEBUG: <PixTest.cc/efficiencyMaps:L407>  eff result size = 649889
[17:12:58.207]    DEBUG: <PixTest.cc/efficiencyMaps:L412> Create hists HR_xeff_CalDelScan_step1_C0 .. HR_xeff_CalDelScan_step1_C15
[17:12:58.207]    DEBUG: <PixTest.cc/efficiencyMaps:L426> booking xray maps for unmasked detector
[17:12:58.257]    DEBUG: <PixTest.cc/efficiencyMaps:L396>       attempt #0
[17:12:58.923]     INFO: Expecting 41600 events.
[17:13:02.617]     INFO: 41600 events read in total (3167ms).
[17:13:02.621]     INFO: Test took 4364ms.
[17:13:02.733]     INFO: Fetched DAQ statistics. Counters are being reset now.
[17:13:02.733]    DEBUG: <PixTest.cc/efficiencyMaps:L407>  eff result size = 651670
[17:13:02.733]    DEBUG: <PixTest.cc/efficiencyMaps:L412> Create hists HR_xeff_CalDelScan_step2_C0 .. HR_xeff_CalDelScan_step2_C15
[17:13:02.734]    DEBUG: <PixTest.cc/efficiencyMaps:L426> booking xray maps for unmasked detector
[17:13:02.786]    DEBUG: <PixTest.cc/efficiencyMaps:L396>       attempt #0
[17:13:03.452]     INFO: Expecting 41600 events.
[17:13:07.150]     INFO: 41600 events read in total (3171ms).
[17:13:07.154]     INFO: Test took 4368ms.
[17:13:07.264]     INFO: Fetched DAQ statistics. Counters are being reset now.
[17:13:07.264]    DEBUG: <PixTest.cc/efficiencyMaps:L407>  eff result size = 649824
[17:13:07.264]    DEBUG: <PixTest.cc/efficiencyMaps:L412> Create hists HR_xeff_CalDelScan_step3_C0 .. HR_xeff_CalDelScan_step3_C15
[17:13:07.265]    DEBUG: <PixTest.cc/efficiencyMaps:L426> booking xray maps for unmasked detector
[17:13:07.315]    DEBUG: <PixTest.cc/efficiencyMaps:L396>       attempt #0
[17:13:07.980]     INFO: Expecting 41600 events.
[17:13:11.663]     INFO: 41600 events read in total (3157ms).
[17:13:11.668]     INFO: Test took 4353ms.
[17:13:11.778]     INFO: Fetched DAQ statistics. Counters are being reset now.
[17:13:11.778]    DEBUG: <PixTest.cc/efficiencyMaps:L407>  eff result size = 651293
[17:13:11.778]    DEBUG: <PixTest.cc/efficiencyMaps:L412> Create hists HR_xeff_CalDelScan_step4_C0 .. HR_xeff_CalDelScan_step4_C15
[17:13:11.778]    DEBUG: <PixTest.cc/efficiencyMaps:L426> booking xray maps for unmasked detector
[17:13:11.829]    DEBUG: <PixTest.cc/efficiencyMaps:L396>       attempt #0
[17:13:12.494]     INFO: Expecting 41600 events.
[17:13:16.201]     INFO: 41600 events read in total (3180ms).
[17:13:16.206]     INFO: Test took 4377ms.
[17:13:16.316]     INFO: Fetched DAQ statistics. Counters are being reset now.
[17:13:16.316]    DEBUG: <PixTest.cc/efficiencyMaps:L407>  eff result size = 652536
[17:13:16.316]    DEBUG: <PixTest.cc/efficiencyMaps:L412> Create hists HR_xeff_CalDelScan_step5_C0 .. HR_xeff_CalDelScan_step5_C15
[17:13:16.317]    DEBUG: <PixTest.cc/efficiencyMaps:L426> booking xray maps for unmasked detector
[17:13:16.367]    DEBUG: <PixTest.cc/efficiencyMaps:L396>       attempt #0
[17:13:17.032]     INFO: Expecting 41600 events.
[17:13:20.750]     INFO: 41600 events read in total (3191ms).
[17:13:20.754]     INFO: Test took 4387ms.
[17:13:20.865]     INFO: Fetched DAQ statistics. Counters are being reset now.
[17:13:20.865]    DEBUG: <PixTest.cc/efficiencyMaps:L407>  eff result size = 652272
[17:13:20.865]    DEBUG: <PixTest.cc/efficiencyMaps:L412> Create hists HR_xeff_CalDelScan_step6_C0 .. HR_xeff_CalDelScan_step6_C15
[17:13:20.865]    DEBUG: <PixTest.cc/efficiencyMaps:L426> booking xray maps for unmasked detector
[17:13:20.917]    DEBUG: <PixTest.cc/efficiencyMaps:L396>       attempt #0
[17:13:21.582]     INFO: Expecting 41600 events.
[17:13:25.301]     INFO: 41600 events read in total (3192ms).
[17:13:25.306]     INFO: Test took 4389ms.
[17:13:25.420]     INFO: Fetched DAQ statistics. Counters are being reset now.
[17:13:25.420]    DEBUG: <PixTest.cc/efficiencyMaps:L407>  eff result size = 653110
[17:13:25.420]    DEBUG: <PixTest.cc/efficiencyMaps:L412> Create hists HR_xeff_CalDelScan_step7_C0 .. HR_xeff_CalDelScan_step7_C15
[17:13:25.420]    DEBUG: <PixTest.cc/efficiencyMaps:L426> booking xray maps for unmasked detector
[17:13:25.473]    DEBUG: <PixTest.cc/efficiencyMaps:L396>       attempt #0
[17:13:26.139]     INFO: Expecting 41600 events.
[17:13:29.856]     INFO: 41600 events read in total (3190ms).
[17:13:29.860]     INFO: Test took 4387ms.
[17:13:29.970]     INFO: Fetched DAQ statistics. Counters are being reset now.
[17:13:29.970]    DEBUG: <PixTest.cc/efficiencyMaps:L407>  eff result size = 651348
[17:13:29.971]    DEBUG: <PixTest.cc/efficiencyMaps:L412> Create hists HR_xeff_CalDelScan_step8_C0 .. HR_xeff_CalDelScan_step8_C15
[17:13:29.971]    DEBUG: <PixTest.cc/efficiencyMaps:L426> booking xray maps for unmasked detector
[17:13:30.021]    DEBUG: <PixTest.cc/efficiencyMaps:L396>       attempt #0
[17:13:30.686]     INFO: Expecting 41600 events.
[17:13:34.401]     INFO: 41600 events read in total (3188ms).
[17:13:34.405]     INFO: Test took 4384ms.
[17:13:34.516]     INFO: Fetched DAQ statistics. Counters are being reset now.
[17:13:34.516]    DEBUG: <PixTest.cc/efficiencyMaps:L407>  eff result size = 650381
[17:13:34.516]    DEBUG: <PixTest.cc/efficiencyMaps:L412> Create hists HR_xeff_CalDelScan_step9_C0 .. HR_xeff_CalDelScan_step9_C15
[17:13:34.516]    DEBUG: <PixTest.cc/efficiencyMaps:L426> booking xray maps for unmasked detector
[17:13:34.566]    DEBUG: <PixTest.cc/efficiencyMaps:L396>       attempt #0
[17:13:35.231]     INFO: Expecting 41600 events.
[17:13:38.956]     INFO: 41600 events read in total (3198ms).
[17:13:38.960]     INFO: Test took 4394ms.
[17:13:39.071]     INFO: Fetched DAQ statistics. Counters are being reset now.
[17:13:39.071]    DEBUG: <PixTest.cc/efficiencyMaps:L407>  eff result size = 653258
[17:13:39.071]    DEBUG: <PixTest.cc/efficiencyMaps:L412> Create hists HR_xeff_CalDelScan_step10_C0 .. HR_xeff_CalDelScan_step10_C15
[17:13:39.071]    DEBUG: <PixTest.cc/efficiencyMaps:L426> booking xray maps for unmasked detector
[17:13:39.123]    DEBUG: <PixTest.cc/efficiencyMaps:L396>       attempt #0
[17:13:39.788]     INFO: Expecting 41600 events.
[17:13:43.507]     INFO: 41600 events read in total (3193ms).
[17:13:43.511]     INFO: Test took 4388ms.
[17:13:43.621]     INFO: Fetched DAQ statistics. Counters are being reset now.
[17:13:43.621]    DEBUG: <PixTest.cc/efficiencyMaps:L407>  eff result size = 651731
[17:13:43.621]    DEBUG: <PixTest.cc/efficiencyMaps:L412> Create hists HR_xeff_CalDelScan_step11_C0 .. HR_xeff_CalDelScan_step11_C15
[17:13:43.621]    DEBUG: <PixTest.cc/efficiencyMaps:L426> booking xray maps for unmasked detector
[17:13:43.673]    DEBUG: <PixTest.cc/efficiencyMaps:L396>       attempt #0
[17:13:44.338]     INFO: Expecting 41600 events.
[17:13:48.057]     INFO: 41600 events read in total (3193ms).
[17:13:48.062]     INFO: Test took 4389ms.
[17:13:48.170]     INFO: Fetched DAQ statistics. Counters are being reset now.
[17:13:48.170]    DEBUG: <PixTest.cc/efficiencyMaps:L407>  eff result size = 652530
[17:13:48.170]    DEBUG: <PixTest.cc/efficiencyMaps:L412> Create hists HR_xeff_CalDelScan_step12_C0 .. HR_xeff_CalDelScan_step12_C15
[17:13:48.171]    DEBUG: <PixTest.cc/efficiencyMaps:L426> booking xray maps for unmasked detector
[17:13:48.221]    DEBUG: <PixTest.cc/efficiencyMaps:L396>       attempt #0
[17:13:48.887]     INFO: Expecting 41600 events.
[17:13:52.604]     INFO: 41600 events read in total (3191ms).
[17:13:52.608]     INFO: Test took 4387ms.
[17:13:52.719]     INFO: Fetched DAQ statistics. Counters are being reset now.
[17:13:52.719]    DEBUG: <PixTest.cc/efficiencyMaps:L407>  eff result size = 651468
[17:13:52.719]    DEBUG: <PixTest.cc/efficiencyMaps:L412> Create hists HR_xeff_CalDelScan_step13_C0 .. HR_xeff_CalDelScan_step13_C15
[17:13:52.720]    DEBUG: <PixTest.cc/efficiencyMaps:L426> booking xray maps for unmasked detector
[17:13:52.771]    DEBUG: <PixTest.cc/efficiencyMaps:L396>       attempt #0
[17:13:53.436]     INFO: Expecting 41600 events.
[17:13:57.156]     INFO: 41600 events read in total (3193ms).
[17:13:57.160]     INFO: Test took 4389ms.
[17:13:57.272]     INFO: Fetched DAQ statistics. Counters are being reset now.
[17:13:57.272]    DEBUG: <PixTest.cc/efficiencyMaps:L407>  eff result size = 651023
[17:13:57.272]    DEBUG: <PixTest.cc/efficiencyMaps:L412> Create hists HR_xeff_CalDelScan_step14_C0 .. HR_xeff_CalDelScan_step14_C15
[17:13:57.272]    DEBUG: <PixTest.cc/efficiencyMaps:L426> booking xray maps for unmasked detector
[17:13:57.325]    DEBUG: <PixTest.cc/efficiencyMaps:L396>       attempt #0
[17:13:57.992]     INFO: Expecting 41600 events.
[17:14:01.712]     INFO: 41600 events read in total (3194ms).
[17:14:01.716]     INFO: Test took 4391ms.
[17:14:01.827]     INFO: Fetched DAQ statistics. Counters are being reset now.
[17:14:01.827]    DEBUG: <PixTest.cc/efficiencyMaps:L407>  eff result size = 650372
[17:14:01.827]    DEBUG: <PixTest.cc/efficiencyMaps:L412> Create hists HR_xeff_CalDelScan_step15_C0 .. HR_xeff_CalDelScan_step15_C15
[17:14:01.828]    DEBUG: <PixTest.cc/efficiencyMaps:L426> booking xray maps for unmasked detector
[17:14:01.881]    DEBUG: <PixTest.cc/efficiencyMaps:L396>       attempt #0
[17:14:02.548]     INFO: Expecting 41600 events.
[17:14:06.262]     INFO: 41600 events read in total (3187ms).
[17:14:06.266]     INFO: Test took 4385ms.
[17:14:06.378]     INFO: Fetched DAQ statistics. Counters are being reset now.
[17:14:06.378]    DEBUG: <PixTest.cc/efficiencyMaps:L407>  eff result size = 649616
[17:14:06.378]    DEBUG: <PixTest.cc/efficiencyMaps:L412> Create hists HR_xeff_CalDelScan_step16_C0 .. HR_xeff_CalDelScan_step16_C15
[17:14:06.378]    DEBUG: <PixTest.cc/efficiencyMaps:L426> booking xray maps for unmasked detector
[17:14:06.431]    DEBUG: <PixTest.cc/efficiencyMaps:L396>       attempt #0
[17:14:07.097]     INFO: Expecting 41600 events.
[17:14:10.810]     INFO: 41600 events read in total (3186ms).
[17:14:10.814]     INFO: Test took 4383ms.
[17:14:10.925]     INFO: Fetched DAQ statistics. Counters are being reset now.
[17:14:10.925]    DEBUG: <PixTest.cc/efficiencyMaps:L407>  eff result size = 651943
[17:14:10.925]    DEBUG: <PixTest.cc/efficiencyMaps:L412> Create hists HR_xeff_CalDelScan_step17_C0 .. HR_xeff_CalDelScan_step17_C15
[17:14:10.925]    DEBUG: <PixTest.cc/efficiencyMaps:L426> booking xray maps for unmasked detector
[17:14:10.977]    DEBUG: <PixTest.cc/efficiencyMaps:L396>       attempt #0
[17:14:11.642]     INFO: Expecting 41600 events.
[17:14:15.316]     INFO: 41600 events read in total (3147ms).
[17:14:15.321]     INFO: Test took 4344ms.
[17:14:15.430]     INFO: Fetched DAQ statistics. Counters are being reset now.
[17:14:15.430]    DEBUG: <PixTest.cc/efficiencyMaps:L407>  eff result size = 648565
[17:14:15.430]    DEBUG: <PixTest.cc/efficiencyMaps:L412> Create hists HR_xeff_CalDelScan_step18_C0 .. HR_xeff_CalDelScan_step18_C15
[17:14:15.431]    DEBUG: <PixTest.cc/efficiencyMaps:L426> booking xray maps for unmasked detector
[17:14:15.484]    DEBUG: <PixTest.cc/efficiencyMaps:L396>       attempt #0
[17:14:16.151]     INFO: Expecting 41600 events.
[17:14:19.667]     INFO: 41600 events read in total (2990ms).
[17:14:19.672]     INFO: Test took 4188ms.
[17:14:19.779]     INFO: Fetched DAQ statistics. Counters are being reset now.
[17:14:19.780]    DEBUG: <PixTest.cc/efficiencyMaps:L407>  eff result size = 642367
[17:14:19.780]    DEBUG: <PixTest.cc/efficiencyMaps:L412> Create hists HR_xeff_CalDelScan_step19_C0 .. HR_xeff_CalDelScan_step19_C15
[17:14:19.780]    DEBUG: <PixTest.cc/efficiencyMaps:L426> booking xray maps for unmasked detector
[17:14:20.053]    DEBUG: <PixTestHighRate.cc/doCalDelScan:L422> roc  0: caldel = 143 eff = 0.999423
[17:14:20.054]    DEBUG: <PixTestHighRate.cc/doCalDelScan:L422> roc  1: caldel = 164 eff = 0.999567
[17:14:20.054]    DEBUG: <PixTestHighRate.cc/doCalDelScan:L422> roc  2: caldel = 141 eff = 0.999038
[17:14:20.054]    DEBUG: <PixTestHighRate.cc/doCalDelScan:L422> roc  3: caldel = 167 eff = 0.998077
[17:14:20.054]    DEBUG: <PixTestHighRate.cc/doCalDelScan:L422> roc  4: caldel = 155 eff = 0.997957
[17:14:20.055]    DEBUG: <PixTestHighRate.cc/doCalDelScan:L422> roc  5: caldel = 190 eff = 0.997981
[17:14:20.055]    DEBUG: <PixTestHighRate.cc/doCalDelScan:L422> roc  6: caldel = 156 eff = 0.998077
[17:14:20.055]    DEBUG: <PixTestHighRate.cc/doCalDelScan:L422> roc  7: caldel = 137 eff = 0.998317
[17:14:20.055]    DEBUG: <PixTestHighRate.cc/doCalDelScan:L422> roc  8: caldel = 164 eff = 0.997788
[17:14:20.056]    DEBUG: <PixTestHighRate.cc/doCalDelScan:L422> roc  9: caldel = 163 eff = 0.997668
[17:14:20.056]    DEBUG: <PixTestHighRate.cc/doCalDelScan:L422> roc 10: caldel = 148 eff = 0.997813
[17:14:20.056]    DEBUG: <PixTestHighRate.cc/doCalDelScan:L422> roc 11: caldel = 153 eff = 0.998053
[17:14:20.056]    DEBUG: <PixTestHighRate.cc/doCalDelScan:L422> roc 12: caldel = 153 eff = 0.998005
[17:14:20.057]    DEBUG: <PixTestHighRate.cc/doCalDelScan:L422> roc 13: caldel = 155 eff = 0.99863
[17:14:20.057]    DEBUG: <PixTestHighRate.cc/doCalDelScan:L422> roc 14: caldel = 148 eff = 0.999495
[17:14:20.057]    DEBUG: <PixTestHighRate.cc/doCalDelScan:L422> roc 15: caldel = 158 eff = 0.999471
[17:14:53.881]    DEBUG: <PixTab.cc/buttonClicked:L308> xxxPressed():  xpixelalive
[17:14:53.881]    DEBUG: <PixTestHighRate.cc/runCommand:L157> running command: xpixelalive
[17:14:53.881]     INFO:    ----------------------------------------------------------------------
[17:14:53.881]     INFO:    PixTestHighRate::xPixelAlive() ntrig = 50, vcal = 200
[17:14:53.881]     INFO:    ----------------------------------------------------------------------
[17:14:53.881]    DEBUG: <PixTestHighRate.cc/doXPixelAlive:L451>  old set: clk: 4
[17:14:53.881]    DEBUG: <PixTestHighRate.cc/doXPixelAlive:L451>  old set: ctr: 4
[17:14:53.881]    DEBUG: <PixTestHighRate.cc/doXPixelAlive:L451>  old set: sda: 19
[17:14:53.881]    DEBUG: <PixTestHighRate.cc/doXPixelAlive:L451>  old set: tin: 9
[17:14:53.881]    DEBUG: <PixTestHighRate.cc/doXPixelAlive:L451>  old set: level: 15
[17:14:53.881]    DEBUG: <PixTestHighRate.cc/doXPixelAlive:L451>  old set: triggerdelay: 0
[17:14:53.881]    DEBUG: <PixTestHighRate.cc/doXPixelAlive:L467>  setting: clk: 4
[17:14:53.881]    DEBUG: <PixTestHighRate.cc/doXPixelAlive:L467>  setting: ctr: 4
[17:14:53.881]    DEBUG: <PixTestHighRate.cc/doXPixelAlive:L467>  setting: sda: 19
[17:14:53.881]    DEBUG: <PixTestHighRate.cc/doXPixelAlive:L467>  setting: tin: 9
[17:14:53.881]    DEBUG: <PixTestHighRate.cc/doXPixelAlive:L467>  setting: level: 15
[17:14:53.881]    DEBUG: <PixTestHighRate.cc/doXPixelAlive:L467>  setting: triggerdelay: 20
[17:14:53.921]    DEBUG: <PixTest.cc/efficiencyMaps:L396>       attempt #0
[17:14:54.591]     INFO: Expecting 208000 events.
[17:15:09.386]     INFO: 208000 events read in total (14268ms).
[17:15:09.402]     INFO: Test took 15480ms.
[17:15:09.926]     INFO: Fetched DAQ statistics. Counters are being reset now.
[17:15:09.926]    DEBUG: <PixTest.cc/efficiencyMaps:L407>  eff result size = 2959956
[17:15:09.926]    DEBUG: <PixTest.cc/efficiencyMaps:L412> Create hists highRate_C0 .. highRate_C15
[17:15:09.926]    DEBUG: <PixTest.cc/efficiencyMaps:L426> booking xray maps for unmasked detector
[17:15:10.353]     INFO: number of dead pixels (per ROC):     0    0    0    0    0    0    0    0    0    0    0    0    0    0    0    0
[17:15:10.354]     INFO: number of red-efficiency pixels:   181  110  249  384  420  449  415  457  432  486  427  430  518  330  135  129
[17:15:10.354]     INFO: number of X-ray hits detected:    119056 85380 140395 214241 228047 237680 228265 209006 222588 236400 226824 215049 214591 142136 80003 93735
[17:15:10.354]     INFO: number of triggers sent (total per ROC):  208000 208000 208000 208000 208000 208000 208000 208000 208000 208000 208000 208000 208000 208000 208000 208000
[17:15:10.354]     INFO: number of Vcal hits detected:  207814 207888 207741 207586 207550 207510 207558 207505 207540 207482 207539 207543 207431 207646 207862 207867
[17:15:10.354]     INFO: Vcal hit fiducial efficiency (%):  99.9 99.9 99.9 99.8 99.8 99.8 99.8 99.8 99.8 99.8 99.8 99.8 99.7 99.8 99.9 99.9
[17:15:10.354]     INFO: Vcal hit overall efficiency (%):  99.9 99.9 99.9 99.8 99.8 99.8 99.8 99.8 99.8 99.8 99.8 99.8 99.7 99.8 99.9 99.9
[17:15:10.354]     INFO: X-ray hit rate [MHz/cm2]:  34.9 25.0 41.2 62.8 66.8 69.7 66.9 61.3 65.2 69.3 66.5 63.0 62.9 41.7 23.4 27.5
[17:15:10.354]     INFO: PixTestHighRate::doXPixelAlive() done
[17:15:10.399]    DEBUG: <PixTestHighRate.cc/doXPixelAlive:L586>  resetting: clk: 4
[17:15:10.399]    DEBUG: <PixTestHighRate.cc/doXPixelAlive:L586>  resetting: ctr: 4
[17:15:10.399]    DEBUG: <PixTestHighRate.cc/doXPixelAlive:L586>  resetting: sda: 19
[17:15:10.399]    DEBUG: <PixTestHighRate.cc/doXPixelAlive:L586>  resetting: tin: 9
[17:15:10.399]    DEBUG: <PixTestHighRate.cc/doXPixelAlive:L586>  resetting: level: 15
[17:15:10.399]    DEBUG: <PixTestHighRate.cc/doXPixelAlive:L586>  resetting: triggerdelay: 0
[17:15:10.399]     INFO: PixTest::       pg_setup set to default.
[17:15:18.745]    DEBUG: <PixTest.cc/moduleMap:L1029> moduleMap histname: what
[17:15:18.745]    DEBUG: <PixTest.cc/moduleMap:L1039> h1->GetName() = highRate_xraymap_C10_V0 -> highRate_xraymap_mod
[17:15:20.425]    DEBUG: <PixGui.cc/handleButtons:L396> PixGui::exit called
[17:15:20.425]    DEBUG: <PixGui.cc/CloseWindow:L335> Final Analog Current: 389.9mA
[17:15:20.426]    DEBUG: <PixGui.cc/CloseWindow:L336> Final Digital Current: 472.7mA
[17:15:20.426]    DEBUG: <PixGui.cc/CloseWindow:L337> Final Module Temperature: 22.7 C
[17:15:20.426]    DEBUG: <PixTestBBMap.cc/~PixTestBBMap:L97> PixTestBBMap dtor
[17:15:20.426]    DEBUG: <PixTestBB2Map.cc/~PixTestBB2Map:L115> PixTestBB2Map dtor
[17:15:20.426]    DEBUG: <PixTestBB3Map.cc/~PixTestBB3Map:L99> PixTestBB3Map dtor
[17:15:20.426]    DEBUG: <PixTestBB4Map.cc/~PixTestBB4Map:L118> PixTestBB4Map dtor
[17:15:20.427]    DEBUG: <PixTestCmd.cc/~PixTestCmd:L78> PixTestCmd dtor
[17:15:20.427]    DEBUG: <PixTestDaq.cc/~PixTestDaq:L37> PixTestDaq dtor
[17:15:20.427]    DEBUG: <PixTestDacDacScan.cc/~PixTestDacDacScan:L136> PixTestDacDacScan dtor
[17:15:20.427]    DEBUG: <PixTestDacScan.cc/~PixTestDacScan:L129> PixTestDacScan dtor
[17:15:20.427]    DEBUG: <PixTestGainPedestal.cc/~PixTestGainPedestal:L125> PixTestGainPedestal dtor
[17:15:20.427]    DEBUG: <PixTestHighRate.cc/~PixTestHighRate:L245> PixTestHighRate dtor
[17:15:20.520]    DEBUG: <PixTestIV.cc/~PixTestIV:L96> PixTestIV dtor
[17:15:20.520]    DEBUG: <PixTestAlive.cc/~PixTestAlive:L109> PixTestAlive dtor
[17:15:20.520]    DEBUG: <PixTestPretest.cc/~PixTestPretest:L136> PixTestPretest dtor
[17:15:20.520]    DEBUG: <PixTestReadback.cc/~PixTestReadback:L89> PixTestReadback dtor, saving tree ... 
[17:15:20.520]    DEBUG: <PixTestScurves.cc/~PixTestScurves:L142> PixTestScurves dtor
[17:15:20.521]    DEBUG: <PixTestTiming.cc/~PixTestTiming:L97> PixTestTiming dtor
[17:15:20.521]    DEBUG: <PixTestTrim.cc/~PixTestTrim:L103> PixTestTrim dtor
[17:15:20.521]    DEBUG: <PixTestXray.cc/~PixTestXray:L217> PixTestXray dtor
[17:15:20.523]    QUIET: Connection to board 58 closed.
[17:15:20.603]    DEBUG: <PixMonitor.cc/dumpSummaries:L39> PixMonitor::dumpSummaries
