[17:08:30.299]     INFO: *** Welcome to pxar ***
[17:08:30.299]     INFO: *** Today: 2016/01/29
[17:08:30.307]     INFO: *** Version: prod-12
[17:08:30.307]     INFO: readRocDacs: data/mb203//dacParameters35_C0.dat .. data/mb203//dacParameters35_C15.dat
[17:08:30.309]     INFO: readTbmDacs: data/mb203//tbmParameters_C0a.dat .. data/mb203//tbmParameters_C0b.dat
[17:08:30.309]     INFO: readMaskFile: data/mb203//defaultMaskFile.dat
[17:08:30.309]     INFO: readTrimFile: data/mb203//trimParameters35_C0.dat .. data/mb203//trimParameters35_C15.dat
[17:08:30.460]     INFO:         clk: 4
[17:08:30.460]     INFO:         ctr: 4
[17:08:30.460]     INFO:         sda: 19
[17:08:30.460]     INFO:         tin: 9
[17:08:30.460]     INFO:         level: 15
[17:08:30.460]     INFO:         triggerdelay: 0
[17:08:30.460]    QUIET: Instanciating API for pxar prod-12
[17:08:30.460]     INFO: Log level: DEBUG
[17:08:30.472]    QUIET: Connection to board DTB_WRPRHI opened.
[17:08:30.475]     INFO: DTB startup information
--- DTB info------------------------------------------
Board id:    58
HW version:  DTB1.2
FW version:  4.2
SW version:  4.5
USB id:      DTB_WRPRHI
MAC address: 40D85511803A
Hostname:    pixelDTB058
Comment:     
------------------------------------------------------
[17:08:30.478]     INFO: RPC call hashes of host and DTB match: 398089610
[17:08:32.081]     INFO: DUT info: 
[17:08:32.081]     INFO: The DUT currently contains the following objects:
[17:08:32.081]     INFO:  2 TBM Cores tbm08c (2 ON)
[17:08:32.081]     INFO: 	TBM Core alpha (0): 7 registers set
[17:08:32.081]     INFO: 	TBM Core beta  (1): 7 registers set
[17:08:32.081]     INFO: 16 ROCs psi46digv21respin (16 ON) with 4160 pixelConfigs
[17:08:32.082]     INFO: 	ROC 0: 19 DACs set, Pixels: 0 masked, 0 active.
[17:08:32.082]     INFO: 	ROC 1: 19 DACs set, Pixels: 0 masked, 0 active.
[17:08:32.082]     INFO: 	ROC 2: 19 DACs set, Pixels: 0 masked, 0 active.
[17:08:32.082]     INFO: 	ROC 3: 19 DACs set, Pixels: 0 masked, 0 active.
[17:08:32.082]     INFO: 	ROC 4: 19 DACs set, Pixels: 0 masked, 0 active.
[17:08:32.082]     INFO: 	ROC 5: 19 DACs set, Pixels: 0 masked, 0 active.
[17:08:32.082]     INFO: 	ROC 6: 19 DACs set, Pixels: 0 masked, 0 active.
[17:08:32.082]     INFO: 	ROC 7: 19 DACs set, Pixels: 0 masked, 0 active.
[17:08:32.082]     INFO: 	ROC 8: 19 DACs set, Pixels: 0 masked, 0 active.
[17:08:32.082]     INFO: 	ROC 9: 19 DACs set, Pixels: 0 masked, 0 active.
[17:08:32.082]     INFO: 	ROC 10: 19 DACs set, Pixels: 0 masked, 0 active.
[17:08:32.082]     INFO: 	ROC 11: 19 DACs set, Pixels: 0 masked, 0 active.
[17:08:32.082]     INFO: 	ROC 12: 19 DACs set, Pixels: 0 masked, 0 active.
[17:08:32.082]     INFO: 	ROC 13: 19 DACs set, Pixels: 0 masked, 0 active.
[17:08:32.082]     INFO: 	ROC 14: 19 DACs set, Pixels: 0 masked, 0 active.
[17:08:32.082]     INFO: 	ROC 15: 19 DACs set, Pixels: 0 masked, 0 active.
[17:08:32.082]    DEBUG: <PixTestParameters.cc/dump:L104> PixTestParameters: ->BB<-
[17:08:32.082]    DEBUG: <PixTestParameters.cc/dump:L107>   dumpall: checkbox(0)
[17:08:32.082]    DEBUG: <PixTestParameters.cc/dump:L107>   dumpproblematic: checkbox(0)
[17:08:32.082]    DEBUG: <PixTestParameters.cc/dump:L107>   ntrig: 5
[17:08:32.082]    DEBUG: <PixTestParameters.cc/dump:L107>   vcals: 250
[17:08:32.082]    DEBUG: <PixTestParameters.cc/dump:L104> PixTestParameters: ->BB2<-
[17:08:32.082]    DEBUG: <PixTestParameters.cc/dump:L107>   ntrig: 10
[17:08:32.083]    DEBUG: <PixTestParameters.cc/dump:L107>   vcals: 222
[17:08:32.083]    DEBUG: <PixTestParameters.cc/dump:L107>   plwidth: 35
[17:08:32.083]    DEBUG: <PixTestParameters.cc/dump:L107>   pix: 11,20
[17:08:32.083]    DEBUG: <PixTestParameters.cc/dump:L107>   targetia: 24
[17:08:32.083]    DEBUG: <PixTestParameters.cc/dump:L104> PixTestParameters: ->BB3<-
[17:08:32.083]    DEBUG: <PixTestParameters.cc/dump:L107>   dumpall: checkbox(0)
[17:08:32.083]    DEBUG: <PixTestParameters.cc/dump:L107>   dumpproblematic: checkbox(0)
[17:08:32.083]    DEBUG: <PixTestParameters.cc/dump:L107>   ntrig: 5
[17:08:32.083]    DEBUG: <PixTestParameters.cc/dump:L107>   vcals: 250
[17:08:32.083]    DEBUG: <PixTestParameters.cc/dump:L104> PixTestParameters: ->BB4<-
[17:08:32.083]    DEBUG: <PixTestParameters.cc/dump:L107>   savecaldelscan: checkbox(0)
[17:08:32.083]    DEBUG: <PixTestParameters.cc/dump:L107>   ntrig: 100
[17:08:32.083]    DEBUG: <PixTestParameters.cc/dump:L107>   cals: 1
[17:08:32.083]    DEBUG: <PixTestParameters.cc/dump:L107>   caldello: 80
[17:08:32.083]    DEBUG: <PixTestParameters.cc/dump:L107>   caldelhi: 200
[17:08:32.083]    DEBUG: <PixTestParameters.cc/dump:L107>   caldelstep: 10
[17:08:32.083]    DEBUG: <PixTestParameters.cc/dump:L107>   vthrcomplo: 70
[17:08:32.083]    DEBUG: <PixTestParameters.cc/dump:L107>   vthrcomphi: 130
[17:08:32.083]    DEBUG: <PixTestParameters.cc/dump:L107>   vthrcompstep: 5
[17:08:32.083]    DEBUG: <PixTestParameters.cc/dump:L107>   noisypixels: 10
[17:08:32.083]    DEBUG: <PixTestParameters.cc/dump:L107>   vcal: 255
[17:08:32.083]    DEBUG: <PixTestParameters.cc/dump:L107>   cut: 0.5
[17:08:32.083]    DEBUG: <PixTestParameters.cc/dump:L104> PixTestParameters: ->Cmd<-
[17:08:32.083]    DEBUG: <PixTestParameters.cc/dump:L104> PixTestParameters: ->DAQ<-
[17:08:32.083]    DEBUG: <PixTestParameters.cc/dump:L107>   delaytbm: checkbox
[17:08:32.083]    DEBUG: <PixTestParameters.cc/dump:L107>   filltree: checkbox
[17:08:32.083]    DEBUG: <PixTestParameters.cc/dump:L107>   trgfrequency(khz): 100
[17:08:32.083]    DEBUG: <PixTestParameters.cc/dump:L107>   maskhotpixels: button
[17:08:32.083]    DEBUG: <PixTestParameters.cc/dump:L107>   trgnumber: 5
[17:08:32.083]    DEBUG: <PixTestParameters.cc/dump:L107>   iterations: 10
[17:08:32.083]    DEBUG: <PixTestParameters.cc/dump:L107>   rundaqtrg: button
[17:08:32.083]    DEBUG: <PixTestParameters.cc/dump:L107>   daqseconds: 5
[17:08:32.083]    DEBUG: <PixTestParameters.cc/dump:L107>   rundaqseconds: button
[17:08:32.083]    DEBUG: <PixTestParameters.cc/dump:L104> PixTestParameters: ->DacDacScan<-
[17:08:32.083]    DEBUG: <PixTestParameters.cc/dump:L107>   phmap: checkbox
[17:08:32.083]    DEBUG: <PixTestParameters.cc/dump:L107>   ntrig: 10
[17:08:32.083]    DEBUG: <PixTestParameters.cc/dump:L107>   dac1: caldel
[17:08:32.083]    DEBUG: <PixTestParameters.cc/dump:L107>   dac1lo: 0
[17:08:32.083]    DEBUG: <PixTestParameters.cc/dump:L107>   dac1hi: 255
[17:08:32.083]    DEBUG: <PixTestParameters.cc/dump:L107>   dac2: vthrcomp
[17:08:32.083]    DEBUG: <PixTestParameters.cc/dump:L107>   dac2lo: 0
[17:08:32.083]    DEBUG: <PixTestParameters.cc/dump:L107>   dac2hi: 255
[17:08:32.083]    DEBUG: <PixTestParameters.cc/dump:L107>   pix: 11,20
[17:08:32.083]    DEBUG: <PixTestParameters.cc/dump:L104> PixTestParameters: ->DacScan<-
[17:08:32.083]    DEBUG: <PixTestParameters.cc/dump:L107>   phmap: checkbox(1)
[17:08:32.083]    DEBUG: <PixTestParameters.cc/dump:L107>   allpixels: checkbox(0)
[17:08:32.083]    DEBUG: <PixTestParameters.cc/dump:L107>   unmasked: checkbox(0)
[17:08:32.083]    DEBUG: <PixTestParameters.cc/dump:L107>   ntrig: 10
[17:08:32.083]    DEBUG: <PixTestParameters.cc/dump:L107>   dac: vcal
[17:08:32.083]    DEBUG: <PixTestParameters.cc/dump:L107>   daclo: 0
[17:08:32.083]    DEBUG: <PixTestParameters.cc/dump:L107>   dachi: 255
[17:08:32.083]    DEBUG: <PixTestParameters.cc/dump:L107>   pix: 11,20
[17:08:32.083]    DEBUG: <PixTestParameters.cc/dump:L104> PixTestParameters: ->GainPedestal<-
[17:08:32.083]    DEBUG: <PixTestParameters.cc/dump:L107>   showfits: checkbox(0)
[17:08:32.083]    DEBUG: <PixTestParameters.cc/dump:L107>   extended: checkbox(0)
[17:08:32.083]    DEBUG: <PixTestParameters.cc/dump:L107>   dumphists: checkbox(0)
[17:08:32.083]    DEBUG: <PixTestParameters.cc/dump:L107>   ntrig: 10
[17:08:32.083]    DEBUG: <PixTestParameters.cc/dump:L107>   vcalstep: 10
[17:08:32.084]    DEBUG: <PixTestParameters.cc/dump:L107>   measure: button
[17:08:32.084]    DEBUG: <PixTestParameters.cc/dump:L107>   fit: button
[17:08:32.084]    DEBUG: <PixTestParameters.cc/dump:L107>   save: button
[17:08:32.084]    DEBUG: <PixTestParameters.cc/dump:L104> PixTestParameters: ->HighRate<-
[17:08:32.084]    DEBUG: <PixTestParameters.cc/dump:L107>   pix: 11,20
[17:08:32.084]    DEBUG: <PixTestParameters.cc/dump:L107>   trimhotpixels: button
[17:08:32.084]    DEBUG: <PixTestParameters.cc/dump:L107>   trimhotpixelthr: 200
[17:08:32.084]    DEBUG: <PixTestParameters.cc/dump:L107>   runsecondshotpixels: 10
[17:08:32.084]    DEBUG: <PixTestParameters.cc/dump:L107>   savetrimbits: checkbox(1)
[17:08:32.084]    DEBUG: <PixTestParameters.cc/dump:L107>   maskuntrimmable: checkbox(1)
[17:08:32.084]    DEBUG: <PixTestParameters.cc/dump:L107>   maskhotpixels: button
[17:08:32.084]    DEBUG: <PixTestParameters.cc/dump:L107>   savemaskfile: checkbox(0)
[17:08:32.084]    DEBUG: <PixTestParameters.cc/dump:L107>   maskfilename: default
[17:08:32.084]    DEBUG: <PixTestParameters.cc/dump:L107>   caldelscan: button
[17:08:32.084]    DEBUG: <PixTestParameters.cc/dump:L107>   xpixelalive: button
[17:08:32.084]    DEBUG: <PixTestParameters.cc/dump:L107>   ntrig: 50
[17:08:32.084]    DEBUG: <PixTestParameters.cc/dump:L107>   vcal: 200
[17:08:32.084]    DEBUG: <PixTestParameters.cc/dump:L107>   xnoisemaps: button
[17:08:32.084]    DEBUG: <PixTestParameters.cc/dump:L107>   daclo: 0
[17:08:32.084]    DEBUG: <PixTestParameters.cc/dump:L107>   dachi: 100
[17:08:32.084]    DEBUG: <PixTestParameters.cc/dump:L107>   dacs/step: 20
[17:08:32.084]    DEBUG: <PixTestParameters.cc/dump:L107>   rundaq: button
[17:08:32.084]    DEBUG: <PixTestParameters.cc/dump:L107>   trgfrequency(khz): 20
[17:08:32.084]    DEBUG: <PixTestParameters.cc/dump:L107>   runseconds: 2
[17:08:32.084]    DEBUG: <PixTestParameters.cc/dump:L107>   triggerdelay: 20
[17:08:32.084]    DEBUG: <PixTestParameters.cc/dump:L107>   delaytbm: checkbox
[17:08:32.084]    DEBUG: <PixTestParameters.cc/dump:L107>   filltree: checkbox
[17:08:32.084]    DEBUG: <PixTestParameters.cc/dump:L104> PixTestParameters: ->IV<-
[17:08:32.084]    DEBUG: <PixTestParameters.cc/dump:L107>   port: /dev/FIXME
[17:08:32.084]    DEBUG: <PixTestParameters.cc/dump:L107>   voltagestart: 0
[17:08:32.084]    DEBUG: <PixTestParameters.cc/dump:L107>   voltagestop: 600
[17:08:32.084]    DEBUG: <PixTestParameters.cc/dump:L107>   voltagestep: 5
[17:08:32.084]    DEBUG: <PixTestParameters.cc/dump:L107>   delay: 1
[17:08:32.084]    DEBUG: <PixTestParameters.cc/dump:L107>   compliance(ua): 100
[17:08:32.084]    DEBUG: <PixTestParameters.cc/dump:L104> PixTestParameters: ->PhOptimization<-
[17:08:32.084]    DEBUG: <PixTestParameters.cc/dump:L107>   ntrig: 10
[17:08:32.084]    DEBUG: <PixTestParameters.cc/dump:L107>   safetymarginlow: 20
[17:08:32.084]    DEBUG: <PixTestParameters.cc/dump:L107>   saturationvcal: 100
[17:08:32.084]    DEBUG: <PixTestParameters.cc/dump:L107>   quantilesaturation: 0.98
[17:08:32.084]    DEBUG: <PixTestParameters.cc/dump:L104> PixTestParameters: ->PixelAlive<-
[17:08:32.084]    DEBUG: <PixTestParameters.cc/dump:L107>   ntrig: 10
[17:08:32.084]    DEBUG: <PixTestParameters.cc/dump:L107>   vcal: 200
[17:08:32.084]    DEBUG: <PixTestParameters.cc/dump:L107>   alivetest: button
[17:08:32.084]    DEBUG: <PixTestParameters.cc/dump:L107>   masktest: button
[17:08:32.084]    DEBUG: <PixTestParameters.cc/dump:L107>   addressdecodingtest: button
[17:08:32.084]    DEBUG: <PixTestParameters.cc/dump:L104> PixTestParameters: ->Pretest<-
[17:08:32.084]    DEBUG: <PixTestParameters.cc/dump:L107>   programroc: button
[17:08:32.084]    DEBUG: <PixTestParameters.cc/dump:L107>   targetia: 24
[17:08:32.084]    DEBUG: <PixTestParameters.cc/dump:L107>   setvana: button
[17:08:32.084]    DEBUG: <PixTestParameters.cc/dump:L107>   iterations: 100
[17:08:32.084]    DEBUG: <PixTestParameters.cc/dump:L107>   settimings: button
[17:08:32.084]    DEBUG: <PixTestParameters.cc/dump:L107>   findtiming: button
[17:08:32.084]    DEBUG: <PixTestParameters.cc/dump:L107>   findworkingpixel: button
[17:08:32.084]    DEBUG: <PixTestParameters.cc/dump:L107>   setvthrcompcaldel: button
[17:08:32.084]    DEBUG: <PixTestParameters.cc/dump:L107>   pix: 11,20
[17:08:32.084]    DEBUG: <PixTestParameters.cc/dump:L107>   vcal: 250
[17:08:32.084]    DEBUG: <PixTestParameters.cc/dump:L107>   deltavthrcomp: 50
[17:08:32.084]    DEBUG: <PixTestParameters.cc/dump:L107>   fraccaldel: 0.5
[17:08:32.085]    DEBUG: <PixTestParameters.cc/dump:L107>   ntrig: 5
[17:08:32.085]    DEBUG: <PixTestParameters.cc/dump:L107>   savedacs: button
[17:08:32.085]    DEBUG: <PixTestParameters.cc/dump:L104> PixTestParameters: ->Readback<-
[17:08:32.085]    DEBUG: <PixTestParameters.cc/dump:L107>   calibratevd: button
[17:08:32.085]    DEBUG: <PixTestParameters.cc/dump:L107>   calibrateva: button
[17:08:32.085]    DEBUG: <PixTestParameters.cc/dump:L107>   calibrateia: button
[17:08:32.085]    DEBUG: <PixTestParameters.cc/dump:L107>   readbackvbg: button
[17:08:32.085]    DEBUG: <PixTestParameters.cc/dump:L107>   getcalibratedvbg: button
[17:08:32.085]    DEBUG: <PixTestParameters.cc/dump:L107>   usecalvd: checkbox(1)
[17:08:32.085]    DEBUG: <PixTestParameters.cc/dump:L107>   usecalva: checkbox(0)
[17:08:32.085]    DEBUG: <PixTestParameters.cc/dump:L107>   setvana: button
[17:08:32.085]    DEBUG: <PixTestParameters.cc/dump:L104> PixTestParameters: ->Scurves<-
[17:08:32.085]    DEBUG: <PixTestParameters.cc/dump:L107>   adjustvcal: checkbox(0)
[17:08:32.085]    DEBUG: <PixTestParameters.cc/dump:L107>   dumpall: checkbox(0)
[17:08:32.085]    DEBUG: <PixTestParameters.cc/dump:L107>   dumpproblematic: checkbox(0)
[17:08:32.085]    DEBUG: <PixTestParameters.cc/dump:L107>   dumpoutputfile: checkbox(0)
[17:08:32.085]    DEBUG: <PixTestParameters.cc/dump:L107>   ntrig: 50
[17:08:32.085]    DEBUG: <PixTestParameters.cc/dump:L107>   dac: Vcal
[17:08:32.085]    DEBUG: <PixTestParameters.cc/dump:L107>   daclo: 0
[17:08:32.085]    DEBUG: <PixTestParameters.cc/dump:L107>   dachi: 200
[17:08:32.085]    DEBUG: <PixTestParameters.cc/dump:L107>   dacs/step: -1
[17:08:32.085]    DEBUG: <PixTestParameters.cc/dump:L107>   ntrig/step: -1
[17:08:32.085]    DEBUG: <PixTestParameters.cc/dump:L107>   scurves: button
[17:08:32.085]    DEBUG: <PixTestParameters.cc/dump:L104> PixTestParameters: ->Timing<-
[17:08:32.085]    DEBUG: <PixTestParameters.cc/dump:L107>   targetclk: 4
[17:08:32.085]    DEBUG: <PixTestParameters.cc/dump:L107>   ntrig: 10
[17:08:32.085]    DEBUG: <PixTestParameters.cc/dump:L107>   clocksdascan: button
[17:08:32.085]    DEBUG: <PixTestParameters.cc/dump:L107>   notokenpass: checkbox(0)
[17:08:32.085]    DEBUG: <PixTestParameters.cc/dump:L107>   phasescan: button
[17:08:32.085]    DEBUG: <PixTestParameters.cc/dump:L107>   levelscan: button
[17:08:32.085]    DEBUG: <PixTestParameters.cc/dump:L107>   tbmphasescan: button
[17:08:32.085]    DEBUG: <PixTestParameters.cc/dump:L107>   rocdelayscan: button
[17:08:32.085]    DEBUG: <PixTestParameters.cc/dump:L107>   timingtest: button
[17:08:32.085]    DEBUG: <PixTestParameters.cc/dump:L107>   saveparameters: button
[17:08:32.085]    DEBUG: <PixTestParameters.cc/dump:L104> PixTestParameters: ->Trim<-
[17:08:32.085]    DEBUG: <PixTestParameters.cc/dump:L107>   trim: button
[17:08:32.085]    DEBUG: <PixTestParameters.cc/dump:L107>   ntrig: 8
[17:08:32.085]    DEBUG: <PixTestParameters.cc/dump:L107>   vcal: 35
[17:08:32.085]    DEBUG: <PixTestParameters.cc/dump:L107>   trimbits: button
[17:08:32.085]    DEBUG: <PixTestParameters.cc/dump:L104> PixTestParameters: ->Xray<-
[17:08:32.085]    DEBUG: <PixTestParameters.cc/dump:L107>   maskhotpixels: button
[17:08:32.085]    DEBUG: <PixTestParameters.cc/dump:L107>   savemaskfile: checkbox(0)
[17:08:32.085]    DEBUG: <PixTestParameters.cc/dump:L107>   maskfilename: default
[17:08:32.085]    DEBUG: <PixTestParameters.cc/dump:L107>   source: Ag
[17:08:32.085]    DEBUG: <PixTestParameters.cc/dump:L107>   phrun: button
[17:08:32.085]    DEBUG: <PixTestParameters.cc/dump:L107>   runseconds: 100
[17:08:32.085]    DEBUG: <PixTestParameters.cc/dump:L107>   trgfrequency(khz): 100
[17:08:32.085]    DEBUG: <PixTestParameters.cc/dump:L107>   ratescan: button
[17:08:32.085]    DEBUG: <PixTestParameters.cc/dump:L107>   vthrcompmin: 10
[17:08:32.085]    DEBUG: <PixTestParameters.cc/dump:L107>   vthrcompmax: 80
[17:08:32.085]    DEBUG: <PixTestParameters.cc/dump:L107>   stepseconds: 5
[17:08:32.085]    DEBUG: <PixTestParameters.cc/dump:L107>   delaytbm: checkbox
[17:08:32.085]    DEBUG: <PixTestParameters.cc/dump:L107>   filltree: checkbox
[17:08:32.088]    DEBUG: <PixSetup.cc/init:L81> PixSetup init start; getCurrentRSS() = 31391744
[17:08:32.088]    DEBUG: <PixSetup.cc/init:L87> fPixTestParameters = 0xaf37b0
[17:08:32.088]    DEBUG: <PixSetup.cc/init:L88>  fConfigParameters = 0xa81c40
[17:08:32.088]    DEBUG: <PixSetup.cc/init:L89>        fPxarMemory = 0x7fd479d94010
[17:08:32.088]    DEBUG: <PixSetup.cc/init:L90>         fPxarMemHi = 0x7fd47ffff510
[17:08:32.088]    DEBUG: <PixSetup.cc/init:L106> PixSetup init done;  getCurrentRSS() = 31399936 fPxarMemory = 0x7fd479d94010
[17:08:32.089]    DEBUG: <pXar.cc/main:L223> Initial Analog Current: 387.5mA
[17:08:32.090]    DEBUG: <pXar.cc/main:L224> Initial Digital Current: 471.9mA
[17:08:32.090]    DEBUG: <pXar.cc/main:L225> Initial Module Temperature: 21.5 C
[17:08:32.590]    DEBUG: <PixGui.cc/hvOn:L460> HV set On: 0x10ca420
[17:08:32.652]    DEBUG: <PixTestFactory.cc/PixTestFactory:L53> PixTestFactory::PixTestFactory()
[17:08:32.652]    DEBUG: <PixTestBBMap.cc/init:L79> PixTestBBMap::init()
[17:08:32.652]    DEBUG: <PixTestBBMap.cc/PixTestBBMap:L27> PixTestBBMap ctor(PixSetup &a, string, TGTab *)
[17:08:32.658]    DEBUG: <PixTestBB2Map.cc/setParameter:L58> setting fTargetIa    = 24 mA/ROC
[17:08:32.658]    DEBUG: <PixTestBB2Map.cc/init:L97> PixTestBB2Map::init()
[17:08:32.658]    DEBUG: <PixTestBB2Map.cc/PixTestBB2Map:L29> PixTestBB2Map ctor(PixSetup &a, string, TGTab *)
[17:08:32.668]    DEBUG: <PixTestBB3Map.cc/init:L81> PixTestBB3Map::init()
[17:08:32.668]    DEBUG: <PixTestBB3Map.cc/PixTestBB3Map:L29> PixTestBB3Map ctor(PixSetup &a, string, TGTab *)
[17:08:32.679]    DEBUG: <PixTestBB4Map.cc/init:L93> PixTestBB4Map::init()
[17:08:32.679]    DEBUG: <PixTestBB4Map.cc/PixTestBB4Map:L26> PixTestMapeff ctor(PixSetup &a, string, TGTab *)
[17:08:32.697]     INFO: PixTestCmd::init()
[17:08:32.701]    DEBUG: <PixTestDaq.cc/init:L44> PixTestDaq::init()
[17:08:32.702]    DEBUG: <PixTestDaq.cc/PixTestDaq:L22> PixTestDaq ctor(PixSetup &a, string, TGTab *)
[17:08:32.702]     INFO: readGainPedestalParameters data/mb203//phCalibrationFitErr35_C0.dat .. data/mb203//phCalibrationFitErr35_C15.dat
[17:08:32.945]    DEBUG: <PixTestDacDacScan.cc/init:L103> PixTestDacDacScan::init()
[17:08:32.946]    DEBUG: <PixTestDacDacScan.cc/PixTestDacDacScan:L22> PixTestDacDacScan ctor(PixSetup &a, string, TGTab *)
[17:08:32.958]    DEBUG: <PixTestGainPedestal.cc/setParameter:L83> PixTestGainPedestal::PixTest() fVcalStep = 10
[17:08:32.966]    DEBUG: <PixTestHighRate.cc/setParameter:L68>   setting fParTriggerFrequency -> 20
[17:08:32.966]    DEBUG: <PixTestHighRate.cc/init:L198> PixTestHighRate::init()
[17:08:32.966]    DEBUG: <PixTestHighRate.cc/PixTestHighRate:L31> PixTestHighRate ctor(PixSetup &a, string, TGTab *)
[17:08:32.992]    DEBUG: <PixTest.cc/setTestParameter:L637>  setting  ntrig to new value 10
[17:08:32.992]    DEBUG: <PixTestPhOptimization.cc/setParameter:L37>   setting fParNtrig  ->10<- from sval = 10
[17:08:32.992]    DEBUG: <PixTestPhOptimization.cc/setParameter:L42>   setting fSafetyMarginLow  ->20<- from sval = 20
[17:08:32.992]    DEBUG: <PixTestPhOptimization.cc/setParameter:L48>   setting fVcalMax  ->100<- from sval = 100
[17:08:32.992]    DEBUG: <PixTestPhOptimization.cc/setParameter:L53>   setting fQuantMax  ->0.98<- from sval = 0.98
[17:08:32.998]    DEBUG: <PixTestAlive.cc/init:L77> PixTestAlive::init()
[17:08:32.998]    DEBUG: <PixTestAlive.cc/PixTestAlive:L21> PixTestAlive ctor(PixSetup &a, string, TGTab *)
[17:08:33.019]    DEBUG: <PixTestReadback.cc/setParameter:L172> fCalwVd set to 1
[17:08:33.019]    DEBUG: <PixTestReadback.cc/init:L95> PixTestReadback::init()
[17:08:33.019]    DEBUG: <PixTestReadback.cc/PixTestReadback:L22> PixTestReadback ctor(PixSetup &a, string, TGTab *)
[17:08:33.019]     INFO: readReadbackCal: data/mb203//readbackCal_C0.dat .. data/mb203//readbackCal_C15.dat
[17:08:33.028]    DEBUG: <PixTestScurves.cc/setParameter:L93> set fOutputFilename = 
[17:08:33.036]    DEBUG: <PixTestTiming.cc/setParameter:L60> PixTestTiming::PixTest() targetclk = 4
[17:08:33.036]    DEBUG: <PixTestTiming.cc/setParameter:L64> PixTestTiming::PixTest() ntrig = 10
[17:08:33.036]    DEBUG: <PixTestTiming.cc/setParameter:L48> fNoTokenPass: 0
[17:08:33.036]    DEBUG: <PixTestTiming.cc/init:L74> PixTestTiming::init()
[17:08:33.056]    DEBUG: <PixTestXray.cc/init:L134> PixTestXray::init()
[17:08:33.057]    DEBUG: <PixTestXray.cc/PixTestXray:L28> PixTestXray ctor(PixSetup &a, string, TGTab *)
[17:08:40.793]    DEBUG: <PixTab.cc/buttonClicked:L308> xxxPressed():  caldelscan
[17:08:40.793]    DEBUG: <PixTestHighRate.cc/runCommand:L157> running command: caldelscan
[17:08:40.793]     INFO:    ----------------------------------------------------------------------
[17:08:40.793]     INFO:    PixTestHighRate::calDelScan() ntrig = 10, vcal = 200
[17:08:40.793]     INFO:    ----------------------------------------------------------------------
[17:08:40.933]     INFO: Expecting 768 events.
[17:08:42.072]     INFO: 768 events read in total (421ms).
[17:08:42.261]     INFO: Test took 1462ms.
[17:08:42.267]    DEBUG: <PixTest.cc/efficiencyMaps:L396>       attempt #0
[17:08:42.940]     INFO: Expecting 41600 events.
[17:08:46.756]     INFO: 41600 events read in total (3289ms).
[17:08:46.762]     INFO: Test took 4495ms.
[17:08:46.907]     INFO: Fetched DAQ statistics. Counters are being reset now.
[17:08:46.907]    DEBUG: <PixTest.cc/efficiencyMaps:L407>  eff result size = 846265
[17:08:46.907]    DEBUG: <PixTest.cc/efficiencyMaps:L412> Create hists HR_xeff_CalDelScan_step0_C0 .. HR_xeff_CalDelScan_step0_C15
[17:08:46.908]    DEBUG: <PixTest.cc/efficiencyMaps:L426> booking xray maps for unmasked detector
[17:08:46.970]    DEBUG: <PixTest.cc/efficiencyMaps:L396>       attempt #0
[17:08:47.635]     INFO: Expecting 41600 events.
[17:08:51.529]     INFO: 41600 events read in total (3367ms).
[17:08:51.534]     INFO: Test took 4564ms.
[17:08:51.675]     INFO: Fetched DAQ statistics. Counters are being reset now.
[17:08:51.675]    DEBUG: <PixTest.cc/efficiencyMaps:L407>  eff result size = 854984
[17:08:51.675]    DEBUG: <PixTest.cc/efficiencyMaps:L412> Create hists HR_xeff_CalDelScan_step1_C0 .. HR_xeff_CalDelScan_step1_C15
[17:08:51.676]    DEBUG: <PixTest.cc/efficiencyMaps:L426> booking xray maps for unmasked detector
[17:08:51.743]    DEBUG: <PixTest.cc/efficiencyMaps:L396>       attempt #0
[17:08:52.411]     INFO: Expecting 41600 events.
[17:08:56.355]     INFO: 41600 events read in total (3417ms).
[17:08:56.360]     INFO: Test took 4617ms.
[17:08:56.500]     INFO: Fetched DAQ statistics. Counters are being reset now.
[17:08:56.500]    DEBUG: <PixTest.cc/efficiencyMaps:L407>  eff result size = 858507
[17:08:56.500]    DEBUG: <PixTest.cc/efficiencyMaps:L412> Create hists HR_xeff_CalDelScan_step2_C0 .. HR_xeff_CalDelScan_step2_C15
[17:08:56.500]    DEBUG: <PixTest.cc/efficiencyMaps:L426> booking xray maps for unmasked detector
[17:08:56.567]    DEBUG: <PixTest.cc/efficiencyMaps:L396>       attempt #0
[17:08:57.233]     INFO: Expecting 41600 events.
[17:09:01.194]     INFO: 41600 events read in total (3434ms).
[17:09:01.199]     INFO: Test took 4632ms.
[17:09:01.337]     INFO: Fetched DAQ statistics. Counters are being reset now.
[17:09:01.337]    DEBUG: <PixTest.cc/efficiencyMaps:L407>  eff result size = 859352
[17:09:01.337]    DEBUG: <PixTest.cc/efficiencyMaps:L412> Create hists HR_xeff_CalDelScan_step3_C0 .. HR_xeff_CalDelScan_step3_C15
[17:09:01.338]    DEBUG: <PixTest.cc/efficiencyMaps:L426> booking xray maps for unmasked detector
[17:09:01.403]    DEBUG: <PixTest.cc/efficiencyMaps:L396>       attempt #0
[17:09:02.068]     INFO: Expecting 41600 events.
[17:09:06.016]     INFO: 41600 events read in total (3422ms).
[17:09:06.021]     INFO: Test took 4618ms.
[17:09:06.165]     INFO: Fetched DAQ statistics. Counters are being reset now.
[17:09:06.165]    DEBUG: <PixTest.cc/efficiencyMaps:L407>  eff result size = 858338
[17:09:06.165]    DEBUG: <PixTest.cc/efficiencyMaps:L412> Create hists HR_xeff_CalDelScan_step4_C0 .. HR_xeff_CalDelScan_step4_C15
[17:09:06.166]    DEBUG: <PixTest.cc/efficiencyMaps:L426> booking xray maps for unmasked detector
[17:09:06.232]    DEBUG: <PixTest.cc/efficiencyMaps:L396>       attempt #0
[17:09:06.899]     INFO: Expecting 41600 events.
[17:09:10.858]     INFO: 41600 events read in total (3433ms).
[17:09:10.863]     INFO: Test took 4631ms.
[17:09:11.004]     INFO: Fetched DAQ statistics. Counters are being reset now.
[17:09:11.004]    DEBUG: <PixTest.cc/efficiencyMaps:L407>  eff result size = 857334
[17:09:11.004]    DEBUG: <PixTest.cc/efficiencyMaps:L412> Create hists HR_xeff_CalDelScan_step5_C0 .. HR_xeff_CalDelScan_step5_C15
[17:09:11.004]    DEBUG: <PixTest.cc/efficiencyMaps:L426> booking xray maps for unmasked detector
[17:09:11.071]    DEBUG: <PixTest.cc/efficiencyMaps:L396>       attempt #0
[17:09:11.737]     INFO: Expecting 41600 events.
[17:09:15.704]     INFO: 41600 events read in total (3440ms).
[17:09:15.709]     INFO: Test took 4638ms.
[17:09:15.848]     INFO: Fetched DAQ statistics. Counters are being reset now.
[17:09:15.848]    DEBUG: <PixTest.cc/efficiencyMaps:L407>  eff result size = 858301
[17:09:15.848]    DEBUG: <PixTest.cc/efficiencyMaps:L412> Create hists HR_xeff_CalDelScan_step6_C0 .. HR_xeff_CalDelScan_step6_C15
[17:09:15.848]    DEBUG: <PixTest.cc/efficiencyMaps:L426> booking xray maps for unmasked detector
[17:09:15.913]    DEBUG: <PixTest.cc/efficiencyMaps:L396>       attempt #0
[17:09:16.579]     INFO: Expecting 41600 events.
[17:09:20.553]     INFO: 41600 events read in total (3448ms).
[17:09:20.558]     INFO: Test took 4645ms.
[17:09:20.696]     INFO: Fetched DAQ statistics. Counters are being reset now.
[17:09:20.696]    DEBUG: <PixTest.cc/efficiencyMaps:L407>  eff result size = 858270
[17:09:20.696]    DEBUG: <PixTest.cc/efficiencyMaps:L412> Create hists HR_xeff_CalDelScan_step7_C0 .. HR_xeff_CalDelScan_step7_C15
[17:09:20.697]    DEBUG: <PixTest.cc/efficiencyMaps:L426> booking xray maps for unmasked detector
[17:09:20.762]    DEBUG: <PixTest.cc/efficiencyMaps:L396>       attempt #0
[17:09:21.427]     INFO: Expecting 41600 events.
[17:09:25.413]     INFO: 41600 events read in total (3459ms).
[17:09:25.418]     INFO: Test took 4656ms.
[17:09:25.558]     INFO: Fetched DAQ statistics. Counters are being reset now.
[17:09:25.558]    DEBUG: <PixTest.cc/efficiencyMaps:L407>  eff result size = 858385
[17:09:25.558]    DEBUG: <PixTest.cc/efficiencyMaps:L412> Create hists HR_xeff_CalDelScan_step8_C0 .. HR_xeff_CalDelScan_step8_C15
[17:09:25.558]    DEBUG: <PixTest.cc/efficiencyMaps:L426> booking xray maps for unmasked detector
[17:09:25.623]    DEBUG: <PixTest.cc/efficiencyMaps:L396>       attempt #0
[17:09:26.288]     INFO: Expecting 41600 events.
[17:09:30.269]     INFO: 41600 events read in total (3454ms).
[17:09:30.274]     INFO: Test took 4651ms.
[17:09:30.413]     INFO: Fetched DAQ statistics. Counters are being reset now.
[17:09:30.413]    DEBUG: <PixTest.cc/efficiencyMaps:L407>  eff result size = 858076
[17:09:30.413]    DEBUG: <PixTest.cc/efficiencyMaps:L412> Create hists HR_xeff_CalDelScan_step9_C0 .. HR_xeff_CalDelScan_step9_C15
[17:09:30.414]    DEBUG: <PixTest.cc/efficiencyMaps:L426> booking xray maps for unmasked detector
[17:09:30.479]    DEBUG: <PixTest.cc/efficiencyMaps:L396>       attempt #0
[17:09:31.144]     INFO: Expecting 41600 events.
[17:09:35.126]     INFO: 41600 events read in total (3455ms).
[17:09:35.131]     INFO: Test took 4652ms.
[17:09:35.272]     INFO: Fetched DAQ statistics. Counters are being reset now.
[17:09:35.272]    DEBUG: <PixTest.cc/efficiencyMaps:L407>  eff result size = 858959
[17:09:35.273]    DEBUG: <PixTest.cc/efficiencyMaps:L412> Create hists HR_xeff_CalDelScan_step10_C0 .. HR_xeff_CalDelScan_step10_C15
[17:09:35.273]    DEBUG: <PixTest.cc/efficiencyMaps:L426> booking xray maps for unmasked detector
[17:09:35.341]    DEBUG: <PixTest.cc/efficiencyMaps:L396>       attempt #0
[17:09:36.007]     INFO: Expecting 41600 events.
[17:09:39.984]     INFO: 41600 events read in total (3450ms).
[17:09:39.990]     INFO: Test took 4649ms.
[17:09:40.131]     INFO: Fetched DAQ statistics. Counters are being reset now.
[17:09:40.131]    DEBUG: <PixTest.cc/efficiencyMaps:L407>  eff result size = 857606
[17:09:40.131]    DEBUG: <PixTest.cc/efficiencyMaps:L412> Create hists HR_xeff_CalDelScan_step11_C0 .. HR_xeff_CalDelScan_step11_C15
[17:09:40.131]    DEBUG: <PixTest.cc/efficiencyMaps:L426> booking xray maps for unmasked detector
[17:09:40.199]    DEBUG: <PixTest.cc/efficiencyMaps:L396>       attempt #0
[17:09:40.866]     INFO: Expecting 41600 events.
[17:09:44.857]     INFO: 41600 events read in total (3465ms).
[17:09:44.862]     INFO: Test took 4663ms.
[17:09:45.000]     INFO: Fetched DAQ statistics. Counters are being reset now.
[17:09:45.000]    DEBUG: <PixTest.cc/efficiencyMaps:L407>  eff result size = 857666
[17:09:45.000]    DEBUG: <PixTest.cc/efficiencyMaps:L412> Create hists HR_xeff_CalDelScan_step12_C0 .. HR_xeff_CalDelScan_step12_C15
[17:09:45.001]    DEBUG: <PixTest.cc/efficiencyMaps:L426> booking xray maps for unmasked detector
[17:09:45.067]    DEBUG: <PixTest.cc/efficiencyMaps:L396>       attempt #0
[17:09:45.732]     INFO: Expecting 41600 events.
[17:09:49.706]     INFO: 41600 events read in total (3448ms).
[17:09:49.711]     INFO: Test took 4644ms.
[17:09:49.852]     INFO: Fetched DAQ statistics. Counters are being reset now.
[17:09:49.852]    DEBUG: <PixTest.cc/efficiencyMaps:L407>  eff result size = 857827
[17:09:49.852]    DEBUG: <PixTest.cc/efficiencyMaps:L412> Create hists HR_xeff_CalDelScan_step13_C0 .. HR_xeff_CalDelScan_step13_C15
[17:09:49.852]    DEBUG: <PixTest.cc/efficiencyMaps:L426> booking xray maps for unmasked detector
[17:09:49.920]    DEBUG: <PixTest.cc/efficiencyMaps:L396>       attempt #0
[17:09:50.586]     INFO: Expecting 41600 events.
[17:09:54.564]     INFO: 41600 events read in total (3451ms).
[17:09:54.569]     INFO: Test took 4649ms.
[17:09:54.710]     INFO: Fetched DAQ statistics. Counters are being reset now.
[17:09:54.710]    DEBUG: <PixTest.cc/efficiencyMaps:L407>  eff result size = 858670
[17:09:54.710]    DEBUG: <PixTest.cc/efficiencyMaps:L412> Create hists HR_xeff_CalDelScan_step14_C0 .. HR_xeff_CalDelScan_step14_C15
[17:09:54.710]    DEBUG: <PixTest.cc/efficiencyMaps:L426> booking xray maps for unmasked detector
[17:09:54.777]    DEBUG: <PixTest.cc/efficiencyMaps:L396>       attempt #0
[17:09:55.444]     INFO: Expecting 41600 events.
[17:09:59.420]     INFO: 41600 events read in total (3449ms).
[17:09:59.425]     INFO: Test took 4648ms.
[17:09:59.567]     INFO: Fetched DAQ statistics. Counters are being reset now.
[17:09:59.567]    DEBUG: <PixTest.cc/efficiencyMaps:L407>  eff result size = 858917
[17:09:59.567]    DEBUG: <PixTest.cc/efficiencyMaps:L412> Create hists HR_xeff_CalDelScan_step15_C0 .. HR_xeff_CalDelScan_step15_C15
[17:09:59.567]    DEBUG: <PixTest.cc/efficiencyMaps:L426> booking xray maps for unmasked detector
[17:09:59.633]    DEBUG: <PixTest.cc/efficiencyMaps:L396>       attempt #0
[17:10:00.298]     INFO: Expecting 41600 events.
[17:10:04.273]     INFO: 41600 events read in total (3449ms).
[17:10:04.278]     INFO: Test took 4646ms.
[17:10:04.422]     INFO: Fetched DAQ statistics. Counters are being reset now.
[17:10:04.422]    DEBUG: <PixTest.cc/efficiencyMaps:L407>  eff result size = 857114
[17:10:04.422]    DEBUG: <PixTest.cc/efficiencyMaps:L412> Create hists HR_xeff_CalDelScan_step16_C0 .. HR_xeff_CalDelScan_step16_C15
[17:10:04.423]    DEBUG: <PixTest.cc/efficiencyMaps:L426> booking xray maps for unmasked detector
[17:10:04.490]    DEBUG: <PixTest.cc/efficiencyMaps:L396>       attempt #0
[17:10:05.156]     INFO: Expecting 41600 events.
[17:10:09.128]     INFO: 41600 events read in total (3445ms).
[17:10:09.133]     INFO: Test took 4643ms.
[17:10:09.273]     INFO: Fetched DAQ statistics. Counters are being reset now.
[17:10:09.273]    DEBUG: <PixTest.cc/efficiencyMaps:L407>  eff result size = 860356
[17:10:09.273]    DEBUG: <PixTest.cc/efficiencyMaps:L412> Create hists HR_xeff_CalDelScan_step17_C0 .. HR_xeff_CalDelScan_step17_C15
[17:10:09.273]    DEBUG: <PixTest.cc/efficiencyMaps:L426> booking xray maps for unmasked detector
[17:10:09.339]    DEBUG: <PixTest.cc/efficiencyMaps:L396>       attempt #0
[17:10:10.004]     INFO: Expecting 41600 events.
[17:10:13.933]     INFO: 41600 events read in total (3403ms).
[17:10:13.938]     INFO: Test took 4599ms.
[17:10:14.076]     INFO: Fetched DAQ statistics. Counters are being reset now.
[17:10:14.076]    DEBUG: <PixTest.cc/efficiencyMaps:L407>  eff result size = 854919
[17:10:14.076]    DEBUG: <PixTest.cc/efficiencyMaps:L412> Create hists HR_xeff_CalDelScan_step18_C0 .. HR_xeff_CalDelScan_step18_C15
[17:10:14.077]    DEBUG: <PixTest.cc/efficiencyMaps:L426> booking xray maps for unmasked detector
[17:10:14.142]    DEBUG: <PixTest.cc/efficiencyMaps:L396>       attempt #0
[17:10:14.807]     INFO: Expecting 41600 events.
[17:10:18.572]     INFO: 41600 events read in total (3238ms).
[17:10:18.577]     INFO: Test took 4435ms.
[17:10:18.716]     INFO: Fetched DAQ statistics. Counters are being reset now.
[17:10:18.717]    DEBUG: <PixTest.cc/efficiencyMaps:L407>  eff result size = 849644
[17:10:18.717]    DEBUG: <PixTest.cc/efficiencyMaps:L412> Create hists HR_xeff_CalDelScan_step19_C0 .. HR_xeff_CalDelScan_step19_C15
[17:10:18.717]    DEBUG: <PixTest.cc/efficiencyMaps:L426> booking xray maps for unmasked detector
[17:10:19.003]    DEBUG: <PixTestHighRate.cc/doCalDelScan:L422> roc  0: caldel = 149 eff = 0.998942
[17:10:19.003]    DEBUG: <PixTestHighRate.cc/doCalDelScan:L422> roc  1: caldel = 148 eff = 0.999279
[17:10:19.004]    DEBUG: <PixTestHighRate.cc/doCalDelScan:L422> roc  2: caldel = 143 eff = 0.998197
[17:10:19.004]    DEBUG: <PixTestHighRate.cc/doCalDelScan:L422> roc  3: caldel = 164 eff = 0.996611
[17:10:19.004]    DEBUG: <PixTestHighRate.cc/doCalDelScan:L422> roc  4: caldel = 156 eff = 0.995938
[17:10:19.004]    DEBUG: <PixTestHighRate.cc/doCalDelScan:L422> roc  5: caldel = 189 eff = 0.996178
[17:10:19.004]    DEBUG: <PixTestHighRate.cc/doCalDelScan:L422> roc  6: caldel = 158 eff = 0.995865
[17:10:19.005]    DEBUG: <PixTestHighRate.cc/doCalDelScan:L422> roc  7: caldel = 126 eff = 0.995673
[17:10:19.005]    DEBUG: <PixTestHighRate.cc/doCalDelScan:L422> roc  8: caldel = 164 eff = 0.996034
[17:10:19.005]    DEBUG: <PixTestHighRate.cc/doCalDelScan:L422> roc  9: caldel = 164 eff = 0.995697
[17:10:19.005]    DEBUG: <PixTestHighRate.cc/doCalDelScan:L422> roc 10: caldel = 151 eff = 0.995841
[17:10:19.005]    DEBUG: <PixTestHighRate.cc/doCalDelScan:L422> roc 11: caldel = 152 eff = 0.99625
[17:10:19.006]    DEBUG: <PixTestHighRate.cc/doCalDelScan:L422> roc 12: caldel = 166 eff = 0.995938
[17:10:19.006]    DEBUG: <PixTestHighRate.cc/doCalDelScan:L422> roc 13: caldel = 172 eff = 0.99762
[17:10:19.006]    DEBUG: <PixTestHighRate.cc/doCalDelScan:L422> roc 14: caldel = 170 eff = 0.999327
[17:10:19.006]    DEBUG: <PixTestHighRate.cc/doCalDelScan:L422> roc 15: caldel = 158 eff = 0.999471
[17:10:28.369]    DEBUG: <PixTab.cc/buttonClicked:L308> xxxPressed():  xpixelalive
[17:10:28.369]    DEBUG: <PixTestHighRate.cc/runCommand:L157> running command: xpixelalive
[17:10:28.369]     INFO:    ----------------------------------------------------------------------
[17:10:28.369]     INFO:    PixTestHighRate::xPixelAlive() ntrig = 50, vcal = 200
[17:10:28.369]     INFO:    ----------------------------------------------------------------------
[17:10:28.369]    DEBUG: <PixTestHighRate.cc/doXPixelAlive:L451>  old set: clk: 4
[17:10:28.369]    DEBUG: <PixTestHighRate.cc/doXPixelAlive:L451>  old set: ctr: 4
[17:10:28.369]    DEBUG: <PixTestHighRate.cc/doXPixelAlive:L451>  old set: sda: 19
[17:10:28.369]    DEBUG: <PixTestHighRate.cc/doXPixelAlive:L451>  old set: tin: 9
[17:10:28.369]    DEBUG: <PixTestHighRate.cc/doXPixelAlive:L451>  old set: level: 15
[17:10:28.369]    DEBUG: <PixTestHighRate.cc/doXPixelAlive:L451>  old set: triggerdelay: 0
[17:10:28.369]    DEBUG: <PixTestHighRate.cc/doXPixelAlive:L467>  setting: clk: 4
[17:10:28.369]    DEBUG: <PixTestHighRate.cc/doXPixelAlive:L467>  setting: ctr: 4
[17:10:28.369]    DEBUG: <PixTestHighRate.cc/doXPixelAlive:L467>  setting: sda: 19
[17:10:28.369]    DEBUG: <PixTestHighRate.cc/doXPixelAlive:L467>  setting: tin: 9
[17:10:28.369]    DEBUG: <PixTestHighRate.cc/doXPixelAlive:L467>  setting: level: 15
[17:10:28.369]    DEBUG: <PixTestHighRate.cc/doXPixelAlive:L467>  setting: triggerdelay: 20
[17:10:28.413]    DEBUG: <PixTest.cc/efficiencyMaps:L396>       attempt #0
[17:10:29.083]     INFO: Expecting 208000 events.
[17:10:45.717]     INFO: 208000 events read in total (16108ms).
[17:10:45.737]     INFO: Test took 17324ms.
[17:10:46.418]     INFO: Fetched DAQ statistics. Counters are being reset now.
[17:10:46.418]    DEBUG: <PixTest.cc/efficiencyMaps:L407>  eff result size = 3976407
[17:10:46.418]    DEBUG: <PixTest.cc/efficiencyMaps:L412> Create hists highRate_C0 .. highRate_C15
[17:10:46.418]    DEBUG: <PixTest.cc/efficiencyMaps:L426> booking xray maps for unmasked detector
[17:10:46.910]     INFO: number of dead pixels (per ROC):     0    0    0    0    0    0    0    0    0    0    0    0    0    0    0    0
[17:10:46.910]     INFO: number of red-efficiency pixels:   248  209  384  687  733  787  715  838  770  810  808  688  657  433  157  215
[17:10:46.910]     INFO: number of X-ray hits detected:    160732 115079 190607 290078 306954 320859 308361 282350 301784 319114 306630 291695 288385 192441 107966 126812
[17:10:46.910]     INFO: number of triggers sent (total per ROC):  208000 208000 208000 208000 208000 208000 208000 208000 208000 208000 208000 208000 208000 208000 208000 208000
[17:10:46.910]     INFO: number of Vcal hits detected:  207735 207782 207567 207230 207153 207106 207162 207043 207112 207057 207047 207208 207257 207511 207835 207773
[17:10:46.910]     INFO: Vcal hit fiducial efficiency (%):  99.9 99.9 99.8 99.7 99.6 99.6 99.6 99.6 99.6 99.6 99.6 99.6 99.7 99.8 99.9 99.9
[17:10:46.910]     INFO: Vcal hit overall efficiency (%):  99.9 99.9 99.8 99.6 99.6 99.6 99.6 99.5 99.6 99.5 99.5 99.6 99.6 99.8 99.9 99.9
[17:10:46.910]     INFO: X-ray hit rate [MHz/cm2]:  47.1 33.7 55.9 85.0 90.0 94.0 90.4 82.8 88.5 93.5 89.9 85.5 84.5 56.4 31.6 37.2
[17:10:46.910]     INFO: PixTestHighRate::doXPixelAlive() done
[17:10:46.956]    DEBUG: <PixTestHighRate.cc/doXPixelAlive:L586>  resetting: clk: 4
[17:10:46.956]    DEBUG: <PixTestHighRate.cc/doXPixelAlive:L586>  resetting: ctr: 4
[17:10:46.956]    DEBUG: <PixTestHighRate.cc/doXPixelAlive:L586>  resetting: sda: 19
[17:10:46.956]    DEBUG: <PixTestHighRate.cc/doXPixelAlive:L586>  resetting: tin: 9
[17:10:46.956]    DEBUG: <PixTestHighRate.cc/doXPixelAlive:L586>  resetting: level: 15
[17:10:46.956]    DEBUG: <PixTestHighRate.cc/doXPixelAlive:L586>  resetting: triggerdelay: 0
[17:10:46.956]     INFO: PixTest::       pg_setup set to default.
[17:12:19.585]    DEBUG: <PixTest.cc/moduleMap:L1029> moduleMap histname: what
[17:12:19.585]    DEBUG: <PixTest.cc/moduleMap:L1039> h1->GetName() = highRate_xraymap_C10_V0 -> highRate_xraymap_mod
[17:12:25.153]    DEBUG: <PixGui.cc/handleButtons:L396> PixGui::exit called
[17:12:25.153]    DEBUG: <PixGui.cc/CloseWindow:L335> Final Analog Current: 389.9mA
[17:12:25.154]    DEBUG: <PixGui.cc/CloseWindow:L336> Final Digital Current: 472.7mA
[17:12:25.154]    DEBUG: <PixGui.cc/CloseWindow:L337> Final Module Temperature: 22.7 C
[17:12:25.154]    DEBUG: <PixTestBBMap.cc/~PixTestBBMap:L97> PixTestBBMap dtor
[17:12:25.154]    DEBUG: <PixTestBB2Map.cc/~PixTestBB2Map:L115> PixTestBB2Map dtor
[17:12:25.154]    DEBUG: <PixTestBB3Map.cc/~PixTestBB3Map:L99> PixTestBB3Map dtor
[17:12:25.154]    DEBUG: <PixTestBB4Map.cc/~PixTestBB4Map:L118> PixTestBB4Map dtor
[17:12:25.154]    DEBUG: <PixTestCmd.cc/~PixTestCmd:L78> PixTestCmd dtor
[17:12:25.155]    DEBUG: <PixTestDaq.cc/~PixTestDaq:L37> PixTestDaq dtor
[17:12:25.155]    DEBUG: <PixTestDacDacScan.cc/~PixTestDacDacScan:L136> PixTestDacDacScan dtor
[17:12:25.155]    DEBUG: <PixTestDacScan.cc/~PixTestDacScan:L129> PixTestDacScan dtor
[17:12:25.155]    DEBUG: <PixTestGainPedestal.cc/~PixTestGainPedestal:L125> PixTestGainPedestal dtor
[17:12:25.155]    DEBUG: <PixTestHighRate.cc/~PixTestHighRate:L245> PixTestHighRate dtor
[17:12:25.246]    DEBUG: <PixTestIV.cc/~PixTestIV:L96> PixTestIV dtor
[17:12:25.246]    DEBUG: <PixTestAlive.cc/~PixTestAlive:L109> PixTestAlive dtor
[17:12:25.246]    DEBUG: <PixTestPretest.cc/~PixTestPretest:L136> PixTestPretest dtor
[17:12:25.246]    DEBUG: <PixTestReadback.cc/~PixTestReadback:L89> PixTestReadback dtor, saving tree ... 
[17:12:25.246]    DEBUG: <PixTestScurves.cc/~PixTestScurves:L142> PixTestScurves dtor
[17:12:25.246]    DEBUG: <PixTestTiming.cc/~PixTestTiming:L97> PixTestTiming dtor
[17:12:25.246]    DEBUG: <PixTestTrim.cc/~PixTestTrim:L103> PixTestTrim dtor
[17:12:25.246]    DEBUG: <PixTestXray.cc/~PixTestXray:L217> PixTestXray dtor
[17:12:25.249]    QUIET: Connection to board 58 closed.
[17:12:25.328]    DEBUG: <PixMonitor.cc/dumpSummaries:L39> PixMonitor::dumpSummaries
