[17:05:12.294]     INFO: *** Welcome to pxar ***
[17:05:12.294]     INFO: *** Today: 2016/01/29
[17:05:12.303]     INFO: *** Version: prod-12
[17:05:12.303]     INFO: readRocDacs: data/mb203//dacParameters35_C0.dat .. data/mb203//dacParameters35_C15.dat
[17:05:12.304]     INFO: readTbmDacs: data/mb203//tbmParameters_C0a.dat .. data/mb203//tbmParameters_C0b.dat
[17:05:12.304]     INFO: readMaskFile: data/mb203//defaultMaskFile.dat
[17:05:12.304]     INFO: readTrimFile: data/mb203//trimParameters35_C0.dat .. data/mb203//trimParameters35_C15.dat
[17:05:12.462]     INFO:         clk: 4
[17:05:12.462]     INFO:         ctr: 4
[17:05:12.462]     INFO:         sda: 19
[17:05:12.462]     INFO:         tin: 9
[17:05:12.462]     INFO:         level: 15
[17:05:12.462]     INFO:         triggerdelay: 0
[17:05:12.462]    QUIET: Instanciating API for pxar prod-12
[17:05:12.462]     INFO: Log level: DEBUG
[17:05:12.473]    QUIET: Connection to board DTB_WRPRHI opened.
[17:05:12.476]     INFO: DTB startup information
--- DTB info------------------------------------------
Board id:    58
HW version:  DTB1.2
FW version:  4.2
SW version:  4.5
USB id:      DTB_WRPRHI
MAC address: 40D85511803A
Hostname:    pixelDTB058
Comment:     
------------------------------------------------------
[17:05:12.479]     INFO: RPC call hashes of host and DTB match: 398089610
[17:05:14.082]     INFO: DUT info: 
[17:05:14.082]     INFO: The DUT currently contains the following objects:
[17:05:14.082]     INFO:  2 TBM Cores tbm08c (2 ON)
[17:05:14.082]     INFO: 	TBM Core alpha (0): 7 registers set
[17:05:14.082]     INFO: 	TBM Core beta  (1): 7 registers set
[17:05:14.082]     INFO: 16 ROCs psi46digv21respin (16 ON) with 4160 pixelConfigs
[17:05:14.082]     INFO: 	ROC 0: 19 DACs set, Pixels: 0 masked, 0 active.
[17:05:14.082]     INFO: 	ROC 1: 19 DACs set, Pixels: 0 masked, 0 active.
[17:05:14.082]     INFO: 	ROC 2: 19 DACs set, Pixels: 0 masked, 0 active.
[17:05:14.082]     INFO: 	ROC 3: 19 DACs set, Pixels: 0 masked, 0 active.
[17:05:14.082]     INFO: 	ROC 4: 19 DACs set, Pixels: 0 masked, 0 active.
[17:05:14.082]     INFO: 	ROC 5: 19 DACs set, Pixels: 0 masked, 0 active.
[17:05:14.082]     INFO: 	ROC 6: 19 DACs set, Pixels: 0 masked, 0 active.
[17:05:14.082]     INFO: 	ROC 7: 19 DACs set, Pixels: 0 masked, 0 active.
[17:05:14.082]     INFO: 	ROC 8: 19 DACs set, Pixels: 0 masked, 0 active.
[17:05:14.082]     INFO: 	ROC 9: 19 DACs set, Pixels: 0 masked, 0 active.
[17:05:14.082]     INFO: 	ROC 10: 19 DACs set, Pixels: 0 masked, 0 active.
[17:05:14.082]     INFO: 	ROC 11: 19 DACs set, Pixels: 0 masked, 0 active.
[17:05:14.082]     INFO: 	ROC 12: 19 DACs set, Pixels: 0 masked, 0 active.
[17:05:14.082]     INFO: 	ROC 13: 19 DACs set, Pixels: 0 masked, 0 active.
[17:05:14.082]     INFO: 	ROC 14: 19 DACs set, Pixels: 0 masked, 0 active.
[17:05:14.082]     INFO: 	ROC 15: 19 DACs set, Pixels: 0 masked, 0 active.
[17:05:14.083]    DEBUG: <PixTestParameters.cc/dump:L104> PixTestParameters: ->BB<-
[17:05:14.083]    DEBUG: <PixTestParameters.cc/dump:L107>   dumpall: checkbox(0)
[17:05:14.083]    DEBUG: <PixTestParameters.cc/dump:L107>   dumpproblematic: checkbox(0)
[17:05:14.083]    DEBUG: <PixTestParameters.cc/dump:L107>   ntrig: 5
[17:05:14.083]    DEBUG: <PixTestParameters.cc/dump:L107>   vcals: 250
[17:05:14.083]    DEBUG: <PixTestParameters.cc/dump:L104> PixTestParameters: ->BB2<-
[17:05:14.083]    DEBUG: <PixTestParameters.cc/dump:L107>   ntrig: 10
[17:05:14.083]    DEBUG: <PixTestParameters.cc/dump:L107>   vcals: 222
[17:05:14.083]    DEBUG: <PixTestParameters.cc/dump:L107>   plwidth: 35
[17:05:14.083]    DEBUG: <PixTestParameters.cc/dump:L107>   pix: 11,20
[17:05:14.083]    DEBUG: <PixTestParameters.cc/dump:L107>   targetia: 24
[17:05:14.083]    DEBUG: <PixTestParameters.cc/dump:L104> PixTestParameters: ->BB3<-
[17:05:14.083]    DEBUG: <PixTestParameters.cc/dump:L107>   dumpall: checkbox(0)
[17:05:14.083]    DEBUG: <PixTestParameters.cc/dump:L107>   dumpproblematic: checkbox(0)
[17:05:14.083]    DEBUG: <PixTestParameters.cc/dump:L107>   ntrig: 5
[17:05:14.083]    DEBUG: <PixTestParameters.cc/dump:L107>   vcals: 250
[17:05:14.083]    DEBUG: <PixTestParameters.cc/dump:L104> PixTestParameters: ->BB4<-
[17:05:14.083]    DEBUG: <PixTestParameters.cc/dump:L107>   savecaldelscan: checkbox(0)
[17:05:14.083]    DEBUG: <PixTestParameters.cc/dump:L107>   ntrig: 100
[17:05:14.083]    DEBUG: <PixTestParameters.cc/dump:L107>   cals: 1
[17:05:14.083]    DEBUG: <PixTestParameters.cc/dump:L107>   caldello: 80
[17:05:14.083]    DEBUG: <PixTestParameters.cc/dump:L107>   caldelhi: 200
[17:05:14.083]    DEBUG: <PixTestParameters.cc/dump:L107>   caldelstep: 10
[17:05:14.083]    DEBUG: <PixTestParameters.cc/dump:L107>   vthrcomplo: 70
[17:05:14.083]    DEBUG: <PixTestParameters.cc/dump:L107>   vthrcomphi: 130
[17:05:14.083]    DEBUG: <PixTestParameters.cc/dump:L107>   vthrcompstep: 5
[17:05:14.083]    DEBUG: <PixTestParameters.cc/dump:L107>   noisypixels: 10
[17:05:14.083]    DEBUG: <PixTestParameters.cc/dump:L107>   vcal: 255
[17:05:14.083]    DEBUG: <PixTestParameters.cc/dump:L107>   cut: 0.5
[17:05:14.083]    DEBUG: <PixTestParameters.cc/dump:L104> PixTestParameters: ->Cmd<-
[17:05:14.083]    DEBUG: <PixTestParameters.cc/dump:L104> PixTestParameters: ->DAQ<-
[17:05:14.083]    DEBUG: <PixTestParameters.cc/dump:L107>   delaytbm: checkbox
[17:05:14.083]    DEBUG: <PixTestParameters.cc/dump:L107>   filltree: checkbox
[17:05:14.083]    DEBUG: <PixTestParameters.cc/dump:L107>   trgfrequency(khz): 100
[17:05:14.083]    DEBUG: <PixTestParameters.cc/dump:L107>   maskhotpixels: button
[17:05:14.083]    DEBUG: <PixTestParameters.cc/dump:L107>   trgnumber: 5
[17:05:14.083]    DEBUG: <PixTestParameters.cc/dump:L107>   iterations: 10
[17:05:14.083]    DEBUG: <PixTestParameters.cc/dump:L107>   rundaqtrg: button
[17:05:14.083]    DEBUG: <PixTestParameters.cc/dump:L107>   daqseconds: 5
[17:05:14.083]    DEBUG: <PixTestParameters.cc/dump:L107>   rundaqseconds: button
[17:05:14.084]    DEBUG: <PixTestParameters.cc/dump:L104> PixTestParameters: ->DacDacScan<-
[17:05:14.084]    DEBUG: <PixTestParameters.cc/dump:L107>   phmap: checkbox
[17:05:14.084]    DEBUG: <PixTestParameters.cc/dump:L107>   ntrig: 10
[17:05:14.084]    DEBUG: <PixTestParameters.cc/dump:L107>   dac1: caldel
[17:05:14.084]    DEBUG: <PixTestParameters.cc/dump:L107>   dac1lo: 0
[17:05:14.084]    DEBUG: <PixTestParameters.cc/dump:L107>   dac1hi: 255
[17:05:14.084]    DEBUG: <PixTestParameters.cc/dump:L107>   dac2: vthrcomp
[17:05:14.084]    DEBUG: <PixTestParameters.cc/dump:L107>   dac2lo: 0
[17:05:14.084]    DEBUG: <PixTestParameters.cc/dump:L107>   dac2hi: 255
[17:05:14.084]    DEBUG: <PixTestParameters.cc/dump:L107>   pix: 11,20
[17:05:14.084]    DEBUG: <PixTestParameters.cc/dump:L104> PixTestParameters: ->DacScan<-
[17:05:14.084]    DEBUG: <PixTestParameters.cc/dump:L107>   phmap: checkbox(1)
[17:05:14.084]    DEBUG: <PixTestParameters.cc/dump:L107>   allpixels: checkbox(0)
[17:05:14.084]    DEBUG: <PixTestParameters.cc/dump:L107>   unmasked: checkbox(0)
[17:05:14.084]    DEBUG: <PixTestParameters.cc/dump:L107>   ntrig: 10
[17:05:14.084]    DEBUG: <PixTestParameters.cc/dump:L107>   dac: vcal
[17:05:14.084]    DEBUG: <PixTestParameters.cc/dump:L107>   daclo: 0
[17:05:14.084]    DEBUG: <PixTestParameters.cc/dump:L107>   dachi: 255
[17:05:14.084]    DEBUG: <PixTestParameters.cc/dump:L107>   pix: 11,20
[17:05:14.084]    DEBUG: <PixTestParameters.cc/dump:L104> PixTestParameters: ->GainPedestal<-
[17:05:14.084]    DEBUG: <PixTestParameters.cc/dump:L107>   showfits: checkbox(0)
[17:05:14.084]    DEBUG: <PixTestParameters.cc/dump:L107>   extended: checkbox(0)
[17:05:14.084]    DEBUG: <PixTestParameters.cc/dump:L107>   dumphists: checkbox(0)
[17:05:14.084]    DEBUG: <PixTestParameters.cc/dump:L107>   ntrig: 10
[17:05:14.084]    DEBUG: <PixTestParameters.cc/dump:L107>   vcalstep: 10
[17:05:14.084]    DEBUG: <PixTestParameters.cc/dump:L107>   measure: button
[17:05:14.084]    DEBUG: <PixTestParameters.cc/dump:L107>   fit: button
[17:05:14.084]    DEBUG: <PixTestParameters.cc/dump:L107>   save: button
[17:05:14.084]    DEBUG: <PixTestParameters.cc/dump:L104> PixTestParameters: ->HighRate<-
[17:05:14.084]    DEBUG: <PixTestParameters.cc/dump:L107>   pix: 11,20
[17:05:14.084]    DEBUG: <PixTestParameters.cc/dump:L107>   trimhotpixels: button
[17:05:14.084]    DEBUG: <PixTestParameters.cc/dump:L107>   trimhotpixelthr: 200
[17:05:14.084]    DEBUG: <PixTestParameters.cc/dump:L107>   runsecondshotpixels: 10
[17:05:14.084]    DEBUG: <PixTestParameters.cc/dump:L107>   savetrimbits: checkbox(1)
[17:05:14.084]    DEBUG: <PixTestParameters.cc/dump:L107>   maskuntrimmable: checkbox(1)
[17:05:14.084]    DEBUG: <PixTestParameters.cc/dump:L107>   maskhotpixels: button
[17:05:14.084]    DEBUG: <PixTestParameters.cc/dump:L107>   savemaskfile: checkbox(0)
[17:05:14.084]    DEBUG: <PixTestParameters.cc/dump:L107>   maskfilename: default
[17:05:14.084]    DEBUG: <PixTestParameters.cc/dump:L107>   caldelscan: button
[17:05:14.084]    DEBUG: <PixTestParameters.cc/dump:L107>   xpixelalive: button
[17:05:14.084]    DEBUG: <PixTestParameters.cc/dump:L107>   ntrig: 50
[17:05:14.084]    DEBUG: <PixTestParameters.cc/dump:L107>   vcal: 200
[17:05:14.084]    DEBUG: <PixTestParameters.cc/dump:L107>   xnoisemaps: button
[17:05:14.084]    DEBUG: <PixTestParameters.cc/dump:L107>   daclo: 0
[17:05:14.084]    DEBUG: <PixTestParameters.cc/dump:L107>   dachi: 100
[17:05:14.084]    DEBUG: <PixTestParameters.cc/dump:L107>   dacs/step: 20
[17:05:14.084]    DEBUG: <PixTestParameters.cc/dump:L107>   rundaq: button
[17:05:14.084]    DEBUG: <PixTestParameters.cc/dump:L107>   trgfrequency(khz): 20
[17:05:14.084]    DEBUG: <PixTestParameters.cc/dump:L107>   runseconds: 2
[17:05:14.084]    DEBUG: <PixTestParameters.cc/dump:L107>   triggerdelay: 20
[17:05:14.084]    DEBUG: <PixTestParameters.cc/dump:L107>   delaytbm: checkbox
[17:05:14.084]    DEBUG: <PixTestParameters.cc/dump:L107>   filltree: checkbox
[17:05:14.084]    DEBUG: <PixTestParameters.cc/dump:L104> PixTestParameters: ->IV<-
[17:05:14.084]    DEBUG: <PixTestParameters.cc/dump:L107>   port: /dev/FIXME
[17:05:14.084]    DEBUG: <PixTestParameters.cc/dump:L107>   voltagestart: 0
[17:05:14.085]    DEBUG: <PixTestParameters.cc/dump:L107>   voltagestop: 600
[17:05:14.085]    DEBUG: <PixTestParameters.cc/dump:L107>   voltagestep: 5
[17:05:14.085]    DEBUG: <PixTestParameters.cc/dump:L107>   delay: 1
[17:05:14.085]    DEBUG: <PixTestParameters.cc/dump:L107>   compliance(ua): 100
[17:05:14.085]    DEBUG: <PixTestParameters.cc/dump:L104> PixTestParameters: ->PhOptimization<-
[17:05:14.085]    DEBUG: <PixTestParameters.cc/dump:L107>   ntrig: 10
[17:05:14.085]    DEBUG: <PixTestParameters.cc/dump:L107>   safetymarginlow: 20
[17:05:14.085]    DEBUG: <PixTestParameters.cc/dump:L107>   saturationvcal: 100
[17:05:14.085]    DEBUG: <PixTestParameters.cc/dump:L107>   quantilesaturation: 0.98
[17:05:14.085]    DEBUG: <PixTestParameters.cc/dump:L104> PixTestParameters: ->PixelAlive<-
[17:05:14.085]    DEBUG: <PixTestParameters.cc/dump:L107>   ntrig: 10
[17:05:14.085]    DEBUG: <PixTestParameters.cc/dump:L107>   vcal: 200
[17:05:14.085]    DEBUG: <PixTestParameters.cc/dump:L107>   alivetest: button
[17:05:14.085]    DEBUG: <PixTestParameters.cc/dump:L107>   masktest: button
[17:05:14.085]    DEBUG: <PixTestParameters.cc/dump:L107>   addressdecodingtest: button
[17:05:14.085]    DEBUG: <PixTestParameters.cc/dump:L104> PixTestParameters: ->Pretest<-
[17:05:14.085]    DEBUG: <PixTestParameters.cc/dump:L107>   programroc: button
[17:05:14.085]    DEBUG: <PixTestParameters.cc/dump:L107>   targetia: 24
[17:05:14.085]    DEBUG: <PixTestParameters.cc/dump:L107>   setvana: button
[17:05:14.085]    DEBUG: <PixTestParameters.cc/dump:L107>   iterations: 100
[17:05:14.085]    DEBUG: <PixTestParameters.cc/dump:L107>   settimings: button
[17:05:14.085]    DEBUG: <PixTestParameters.cc/dump:L107>   findtiming: button
[17:05:14.085]    DEBUG: <PixTestParameters.cc/dump:L107>   findworkingpixel: button
[17:05:14.085]    DEBUG: <PixTestParameters.cc/dump:L107>   setvthrcompcaldel: button
[17:05:14.085]    DEBUG: <PixTestParameters.cc/dump:L107>   pix: 11,20
[17:05:14.085]    DEBUG: <PixTestParameters.cc/dump:L107>   vcal: 250
[17:05:14.085]    DEBUG: <PixTestParameters.cc/dump:L107>   deltavthrcomp: 50
[17:05:14.085]    DEBUG: <PixTestParameters.cc/dump:L107>   fraccaldel: 0.5
[17:05:14.085]    DEBUG: <PixTestParameters.cc/dump:L107>   ntrig: 5
[17:05:14.085]    DEBUG: <PixTestParameters.cc/dump:L107>   savedacs: button
[17:05:14.085]    DEBUG: <PixTestParameters.cc/dump:L104> PixTestParameters: ->Readback<-
[17:05:14.085]    DEBUG: <PixTestParameters.cc/dump:L107>   calibratevd: button
[17:05:14.085]    DEBUG: <PixTestParameters.cc/dump:L107>   calibrateva: button
[17:05:14.085]    DEBUG: <PixTestParameters.cc/dump:L107>   calibrateia: button
[17:05:14.085]    DEBUG: <PixTestParameters.cc/dump:L107>   readbackvbg: button
[17:05:14.085]    DEBUG: <PixTestParameters.cc/dump:L107>   getcalibratedvbg: button
[17:05:14.085]    DEBUG: <PixTestParameters.cc/dump:L107>   usecalvd: checkbox(1)
[17:05:14.085]    DEBUG: <PixTestParameters.cc/dump:L107>   usecalva: checkbox(0)
[17:05:14.085]    DEBUG: <PixTestParameters.cc/dump:L107>   setvana: button
[17:05:14.085]    DEBUG: <PixTestParameters.cc/dump:L104> PixTestParameters: ->Scurves<-
[17:05:14.085]    DEBUG: <PixTestParameters.cc/dump:L107>   adjustvcal: checkbox(0)
[17:05:14.085]    DEBUG: <PixTestParameters.cc/dump:L107>   dumpall: checkbox(0)
[17:05:14.085]    DEBUG: <PixTestParameters.cc/dump:L107>   dumpproblematic: checkbox(0)
[17:05:14.085]    DEBUG: <PixTestParameters.cc/dump:L107>   dumpoutputfile: checkbox(0)
[17:05:14.085]    DEBUG: <PixTestParameters.cc/dump:L107>   ntrig: 50
[17:05:14.085]    DEBUG: <PixTestParameters.cc/dump:L107>   dac: Vcal
[17:05:14.085]    DEBUG: <PixTestParameters.cc/dump:L107>   daclo: 0
[17:05:14.085]    DEBUG: <PixTestParameters.cc/dump:L107>   dachi: 200
[17:05:14.085]    DEBUG: <PixTestParameters.cc/dump:L107>   dacs/step: -1
[17:05:14.085]    DEBUG: <PixTestParameters.cc/dump:L107>   ntrig/step: -1
[17:05:14.085]    DEBUG: <PixTestParameters.cc/dump:L107>   scurves: button
[17:05:14.085]    DEBUG: <PixTestParameters.cc/dump:L104> PixTestParameters: ->Timing<-
[17:05:14.085]    DEBUG: <PixTestParameters.cc/dump:L107>   targetclk: 4
[17:05:14.085]    DEBUG: <PixTestParameters.cc/dump:L107>   ntrig: 10
[17:05:14.085]    DEBUG: <PixTestParameters.cc/dump:L107>   clocksdascan: button
[17:05:14.085]    DEBUG: <PixTestParameters.cc/dump:L107>   notokenpass: checkbox(0)
[17:05:14.085]    DEBUG: <PixTestParameters.cc/dump:L107>   phasescan: button
[17:05:14.086]    DEBUG: <PixTestParameters.cc/dump:L107>   levelscan: button
[17:05:14.086]    DEBUG: <PixTestParameters.cc/dump:L107>   tbmphasescan: button
[17:05:14.086]    DEBUG: <PixTestParameters.cc/dump:L107>   rocdelayscan: button
[17:05:14.086]    DEBUG: <PixTestParameters.cc/dump:L107>   timingtest: button
[17:05:14.086]    DEBUG: <PixTestParameters.cc/dump:L107>   saveparameters: button
[17:05:14.086]    DEBUG: <PixTestParameters.cc/dump:L104> PixTestParameters: ->Trim<-
[17:05:14.086]    DEBUG: <PixTestParameters.cc/dump:L107>   trim: button
[17:05:14.086]    DEBUG: <PixTestParameters.cc/dump:L107>   ntrig: 8
[17:05:14.086]    DEBUG: <PixTestParameters.cc/dump:L107>   vcal: 35
[17:05:14.086]    DEBUG: <PixTestParameters.cc/dump:L107>   trimbits: button
[17:05:14.086]    DEBUG: <PixTestParameters.cc/dump:L104> PixTestParameters: ->Xray<-
[17:05:14.086]    DEBUG: <PixTestParameters.cc/dump:L107>   maskhotpixels: button
[17:05:14.086]    DEBUG: <PixTestParameters.cc/dump:L107>   savemaskfile: checkbox(0)
[17:05:14.086]    DEBUG: <PixTestParameters.cc/dump:L107>   maskfilename: default
[17:05:14.086]    DEBUG: <PixTestParameters.cc/dump:L107>   source: Ag
[17:05:14.086]    DEBUG: <PixTestParameters.cc/dump:L107>   phrun: button
[17:05:14.086]    DEBUG: <PixTestParameters.cc/dump:L107>   runseconds: 100
[17:05:14.086]    DEBUG: <PixTestParameters.cc/dump:L107>   trgfrequency(khz): 100
[17:05:14.086]    DEBUG: <PixTestParameters.cc/dump:L107>   ratescan: button
[17:05:14.086]    DEBUG: <PixTestParameters.cc/dump:L107>   vthrcompmin: 10
[17:05:14.086]    DEBUG: <PixTestParameters.cc/dump:L107>   vthrcompmax: 80
[17:05:14.086]    DEBUG: <PixTestParameters.cc/dump:L107>   stepseconds: 5
[17:05:14.086]    DEBUG: <PixTestParameters.cc/dump:L107>   delaytbm: checkbox
[17:05:14.086]    DEBUG: <PixTestParameters.cc/dump:L107>   filltree: checkbox
[17:05:14.088]    DEBUG: <PixSetup.cc/init:L81> PixSetup init start; getCurrentRSS() = 31391744
[17:05:14.088]    DEBUG: <PixSetup.cc/init:L87> fPixTestParameters = 0xd687b0
[17:05:14.088]    DEBUG: <PixSetup.cc/init:L88>  fConfigParameters = 0xcf6c40
[17:05:14.088]    DEBUG: <PixSetup.cc/init:L89>        fPxarMemory = 0x7f5bcdd94010
[17:05:14.088]    DEBUG: <PixSetup.cc/init:L90>         fPxarMemHi = 0x7f5bd3fff510
[17:05:14.088]    DEBUG: <PixSetup.cc/init:L106> PixSetup init done;  getCurrentRSS() = 31399936 fPxarMemory = 0x7f5bcdd94010
[17:05:14.090]    DEBUG: <pXar.cc/main:L223> Initial Analog Current: 387.5mA
[17:05:14.091]    DEBUG: <pXar.cc/main:L224> Initial Digital Current: 472.7mA
[17:05:14.091]    DEBUG: <pXar.cc/main:L225> Initial Module Temperature: 21.2 C
[17:05:14.590]    DEBUG: <PixGui.cc/hvOn:L460> HV set On: 0x133f350
[17:05:14.657]    DEBUG: <PixTestFactory.cc/PixTestFactory:L53> PixTestFactory::PixTestFactory()
[17:05:14.657]    DEBUG: <PixTestBBMap.cc/init:L79> PixTestBBMap::init()
[17:05:14.658]    DEBUG: <PixTestBBMap.cc/PixTestBBMap:L27> PixTestBBMap ctor(PixSetup &a, string, TGTab *)
[17:05:14.663]    DEBUG: <PixTestBB2Map.cc/setParameter:L58> setting fTargetIa    = 24 mA/ROC
[17:05:14.663]    DEBUG: <PixTestBB2Map.cc/init:L97> PixTestBB2Map::init()
[17:05:14.663]    DEBUG: <PixTestBB2Map.cc/PixTestBB2Map:L29> PixTestBB2Map ctor(PixSetup &a, string, TGTab *)
[17:05:14.673]    DEBUG: <PixTestBB3Map.cc/init:L81> PixTestBB3Map::init()
[17:05:14.673]    DEBUG: <PixTestBB3Map.cc/PixTestBB3Map:L29> PixTestBB3Map ctor(PixSetup &a, string, TGTab *)
[17:05:14.681]    DEBUG: <PixTestBB4Map.cc/init:L93> PixTestBB4Map::init()
[17:05:14.681]    DEBUG: <PixTestBB4Map.cc/PixTestBB4Map:L26> PixTestMapeff ctor(PixSetup &a, string, TGTab *)
[17:05:14.707]     INFO: PixTestCmd::init()
[17:05:14.712]    DEBUG: <PixTestDaq.cc/init:L44> PixTestDaq::init()
[17:05:14.712]    DEBUG: <PixTestDaq.cc/PixTestDaq:L22> PixTestDaq ctor(PixSetup &a, string, TGTab *)
[17:05:14.712]     INFO: readGainPedestalParameters data/mb203//phCalibrationFitErr35_C0.dat .. data/mb203//phCalibrationFitErr35_C15.dat
[17:05:14.959]    DEBUG: <PixTestDacDacScan.cc/init:L103> PixTestDacDacScan::init()
[17:05:14.959]    DEBUG: <PixTestDacDacScan.cc/PixTestDacDacScan:L22> PixTestDacDacScan ctor(PixSetup &a, string, TGTab *)
[17:05:14.974]    DEBUG: <PixTestGainPedestal.cc/setParameter:L83> PixTestGainPedestal::PixTest() fVcalStep = 10
[17:05:14.981]    DEBUG: <PixTestHighRate.cc/setParameter:L68>   setting fParTriggerFrequency -> 20
[17:05:14.981]    DEBUG: <PixTestHighRate.cc/init:L198> PixTestHighRate::init()
[17:05:14.981]    DEBUG: <PixTestHighRate.cc/PixTestHighRate:L31> PixTestHighRate ctor(PixSetup &a, string, TGTab *)
[17:05:15.008]    DEBUG: <PixTest.cc/setTestParameter:L637>  setting  ntrig to new value 10
[17:05:15.008]    DEBUG: <PixTestPhOptimization.cc/setParameter:L37>   setting fParNtrig  ->10<- from sval = 10
[17:05:15.008]    DEBUG: <PixTestPhOptimization.cc/setParameter:L42>   setting fSafetyMarginLow  ->20<- from sval = 20
[17:05:15.008]    DEBUG: <PixTestPhOptimization.cc/setParameter:L48>   setting fVcalMax  ->100<- from sval = 100
[17:05:15.008]    DEBUG: <PixTestPhOptimization.cc/setParameter:L53>   setting fQuantMax  ->0.98<- from sval = 0.98
[17:05:15.015]    DEBUG: <PixTestAlive.cc/init:L77> PixTestAlive::init()
[17:05:15.015]    DEBUG: <PixTestAlive.cc/PixTestAlive:L21> PixTestAlive ctor(PixSetup &a, string, TGTab *)
[17:05:15.038]    DEBUG: <PixTestReadback.cc/setParameter:L172> fCalwVd set to 1
[17:05:15.038]    DEBUG: <PixTestReadback.cc/init:L95> PixTestReadback::init()
[17:05:15.038]    DEBUG: <PixTestReadback.cc/PixTestReadback:L22> PixTestReadback ctor(PixSetup &a, string, TGTab *)
[17:05:15.038]     INFO: readReadbackCal: data/mb203//readbackCal_C0.dat .. data/mb203//readbackCal_C15.dat
[17:05:15.047]    DEBUG: <PixTestScurves.cc/setParameter:L93> set fOutputFilename = 
[17:05:15.064]    DEBUG: <PixTestTiming.cc/setParameter:L60> PixTestTiming::PixTest() targetclk = 4
[17:05:15.064]    DEBUG: <PixTestTiming.cc/setParameter:L64> PixTestTiming::PixTest() ntrig = 10
[17:05:15.064]    DEBUG: <PixTestTiming.cc/setParameter:L48> fNoTokenPass: 0
[17:05:15.064]    DEBUG: <PixTestTiming.cc/init:L74> PixTestTiming::init()
[17:05:15.078]    DEBUG: <PixTestXray.cc/init:L134> PixTestXray::init()
[17:05:15.078]    DEBUG: <PixTestXray.cc/PixTestXray:L28> PixTestXray ctor(PixSetup &a, string, TGTab *)
[17:05:27.761]    DEBUG: <PixTab.cc/buttonClicked:L308> xxxPressed():  caldelscan
[17:05:27.761]    DEBUG: <PixTestHighRate.cc/runCommand:L157> running command: caldelscan
[17:05:27.761]     INFO:    ----------------------------------------------------------------------
[17:05:27.761]     INFO:    PixTestHighRate::calDelScan() ntrig = 10, vcal = 200
[17:05:27.761]     INFO:    ----------------------------------------------------------------------
[17:05:27.901]     INFO: Expecting 768 events.
[17:05:29.041]     INFO: 768 events read in total (421ms).
[17:05:29.230]     INFO: Test took 1463ms.
[17:05:29.236]    DEBUG: <PixTest.cc/efficiencyMaps:L396>       attempt #0
[17:05:29.907]     INFO: Expecting 41600 events.
[17:05:34.052]     INFO: 41600 events read in total (3619ms).
[17:05:34.059]     INFO: Test took 4823ms.
[17:05:34.249]     INFO: Fetched DAQ statistics. Counters are being reset now.
[17:05:34.249]    DEBUG: <PixTest.cc/efficiencyMaps:L407>  eff result size = 1101230
[17:05:34.249]    DEBUG: <PixTest.cc/efficiencyMaps:L412> Create hists HR_xeff_CalDelScan_step0_C0 .. HR_xeff_CalDelScan_step0_C15
[17:05:34.250]    DEBUG: <PixTest.cc/efficiencyMaps:L426> booking xray maps for unmasked detector
[17:05:34.329]    DEBUG: <PixTest.cc/efficiencyMaps:L396>       attempt #0
[17:05:34.996]     INFO: Expecting 41600 events.
[17:05:39.244]     INFO: 41600 events read in total (3721ms).
[17:05:39.250]     INFO: Test took 4921ms.
[17:05:39.435]     INFO: Fetched DAQ statistics. Counters are being reset now.
[17:05:39.435]    DEBUG: <PixTest.cc/efficiencyMaps:L407>  eff result size = 1109182
[17:05:39.435]    DEBUG: <PixTest.cc/efficiencyMaps:L412> Create hists HR_xeff_CalDelScan_step1_C0 .. HR_xeff_CalDelScan_step1_C15
[17:05:39.435]    DEBUG: <PixTest.cc/efficiencyMaps:L426> booking xray maps for unmasked detector
[17:05:39.519]    DEBUG: <PixTest.cc/efficiencyMaps:L396>       attempt #0
[17:05:40.186]     INFO: Expecting 41600 events.
[17:05:44.458]     INFO: 41600 events read in total (3746ms).
[17:05:44.464]     INFO: Test took 4945ms.
[17:05:44.651]     INFO: Fetched DAQ statistics. Counters are being reset now.
[17:05:44.651]    DEBUG: <PixTest.cc/efficiencyMaps:L407>  eff result size = 1109034
[17:05:44.651]    DEBUG: <PixTest.cc/efficiencyMaps:L412> Create hists HR_xeff_CalDelScan_step2_C0 .. HR_xeff_CalDelScan_step2_C15
[17:05:44.652]    DEBUG: <PixTest.cc/efficiencyMaps:L426> booking xray maps for unmasked detector
[17:05:44.735]    DEBUG: <PixTest.cc/efficiencyMaps:L396>       attempt #0
[17:05:45.402]     INFO: Expecting 41600 events.
[17:05:49.689]     INFO: 41600 events read in total (3761ms).
[17:05:49.696]     INFO: Test took 4961ms.
[17:05:49.885]     INFO: Fetched DAQ statistics. Counters are being reset now.
[17:05:49.885]    DEBUG: <PixTest.cc/efficiencyMaps:L407>  eff result size = 1112054
[17:05:49.885]    DEBUG: <PixTest.cc/efficiencyMaps:L412> Create hists HR_xeff_CalDelScan_step3_C0 .. HR_xeff_CalDelScan_step3_C15
[17:05:49.886]    DEBUG: <PixTest.cc/efficiencyMaps:L426> booking xray maps for unmasked detector
[17:05:49.970]    DEBUG: <PixTest.cc/efficiencyMaps:L396>       attempt #0
[17:05:50.637]     INFO: Expecting 41600 events.
[17:05:54.920]     INFO: 41600 events read in total (3756ms).
[17:05:54.926]     INFO: Test took 4956ms.
[17:05:55.112]     INFO: Fetched DAQ statistics. Counters are being reset now.
[17:05:55.112]    DEBUG: <PixTest.cc/efficiencyMaps:L407>  eff result size = 1113616
[17:05:55.112]    DEBUG: <PixTest.cc/efficiencyMaps:L412> Create hists HR_xeff_CalDelScan_step4_C0 .. HR_xeff_CalDelScan_step4_C15
[17:05:55.112]    DEBUG: <PixTest.cc/efficiencyMaps:L426> booking xray maps for unmasked detector
[17:05:55.196]    DEBUG: <PixTest.cc/efficiencyMaps:L396>       attempt #0
[17:05:55.864]     INFO: Expecting 41600 events.
[17:06:00.179]     INFO: 41600 events read in total (3788ms).
[17:06:00.186]     INFO: Test took 4990ms.
[17:06:00.370]     INFO: Fetched DAQ statistics. Counters are being reset now.
[17:06:00.370]    DEBUG: <PixTest.cc/efficiencyMaps:L407>  eff result size = 1114061
[17:06:00.370]    DEBUG: <PixTest.cc/efficiencyMaps:L412> Create hists HR_xeff_CalDelScan_step5_C0 .. HR_xeff_CalDelScan_step5_C15
[17:06:00.370]    DEBUG: <PixTest.cc/efficiencyMaps:L426> booking xray maps for unmasked detector
[17:06:00.452]    DEBUG: <PixTest.cc/efficiencyMaps:L396>       attempt #0
[17:06:01.118]     INFO: Expecting 41600 events.
[17:06:05.432]     INFO: 41600 events read in total (3787ms).
[17:06:05.438]     INFO: Test took 4986ms.
[17:06:05.623]     INFO: Fetched DAQ statistics. Counters are being reset now.
[17:06:05.624]    DEBUG: <PixTest.cc/efficiencyMaps:L407>  eff result size = 1113967
[17:06:05.624]    DEBUG: <PixTest.cc/efficiencyMaps:L412> Create hists HR_xeff_CalDelScan_step6_C0 .. HR_xeff_CalDelScan_step6_C15
[17:06:05.624]    DEBUG: <PixTest.cc/efficiencyMaps:L426> booking xray maps for unmasked detector
[17:06:05.706]    DEBUG: <PixTest.cc/efficiencyMaps:L396>       attempt #0
[17:06:06.372]     INFO: Expecting 41600 events.
[17:06:10.678]     INFO: 41600 events read in total (3779ms).
[17:06:10.684]     INFO: Test took 4978ms.
[17:06:10.872]     INFO: Fetched DAQ statistics. Counters are being reset now.
[17:06:10.872]    DEBUG: <PixTest.cc/efficiencyMaps:L407>  eff result size = 1113949
[17:06:10.872]    DEBUG: <PixTest.cc/efficiencyMaps:L412> Create hists HR_xeff_CalDelScan_step7_C0 .. HR_xeff_CalDelScan_step7_C15
[17:06:10.873]    DEBUG: <PixTest.cc/efficiencyMaps:L426> booking xray maps for unmasked detector
[17:06:10.957]    DEBUG: <PixTest.cc/efficiencyMaps:L396>       attempt #0
[17:06:11.624]     INFO: Expecting 41600 events.
[17:06:15.931]     INFO: 41600 events read in total (3781ms).
[17:06:15.937]     INFO: Test took 4980ms.
[17:06:16.124]     INFO: Fetched DAQ statistics. Counters are being reset now.
[17:06:16.124]    DEBUG: <PixTest.cc/efficiencyMaps:L407>  eff result size = 1112619
[17:06:16.124]    DEBUG: <PixTest.cc/efficiencyMaps:L412> Create hists HR_xeff_CalDelScan_step8_C0 .. HR_xeff_CalDelScan_step8_C15
[17:06:16.124]    DEBUG: <PixTest.cc/efficiencyMaps:L426> booking xray maps for unmasked detector
[17:06:16.208]    DEBUG: <PixTest.cc/efficiencyMaps:L396>       attempt #0
[17:06:16.874]     INFO: Expecting 41600 events.
[17:06:21.174]     INFO: 41600 events read in total (3773ms).
[17:06:21.181]     INFO: Test took 4973ms.
[17:06:21.368]     INFO: Fetched DAQ statistics. Counters are being reset now.
[17:06:21.368]    DEBUG: <PixTest.cc/efficiencyMaps:L407>  eff result size = 1110862
[17:06:21.368]    DEBUG: <PixTest.cc/efficiencyMaps:L412> Create hists HR_xeff_CalDelScan_step9_C0 .. HR_xeff_CalDelScan_step9_C15
[17:06:21.368]    DEBUG: <PixTest.cc/efficiencyMaps:L426> booking xray maps for unmasked detector
[17:06:21.452]    DEBUG: <PixTest.cc/efficiencyMaps:L396>       attempt #0
[17:06:22.119]     INFO: Expecting 41600 events.
[17:06:26.422]     INFO: 41600 events read in total (3777ms).
[17:06:26.429]     INFO: Test took 4977ms.
[17:06:26.614]     INFO: Fetched DAQ statistics. Counters are being reset now.
[17:06:26.614]    DEBUG: <PixTest.cc/efficiencyMaps:L407>  eff result size = 1112745
[17:06:26.614]    DEBUG: <PixTest.cc/efficiencyMaps:L412> Create hists HR_xeff_CalDelScan_step10_C0 .. HR_xeff_CalDelScan_step10_C15
[17:06:26.614]    DEBUG: <PixTest.cc/efficiencyMaps:L426> booking xray maps for unmasked detector
[17:06:26.698]    DEBUG: <PixTest.cc/efficiencyMaps:L396>       attempt #0
[17:06:27.364]     INFO: Expecting 41600 events.
[17:06:31.678]     INFO: 41600 events read in total (3787ms).
[17:06:31.684]     INFO: Test took 4986ms.
[17:06:31.871]     INFO: Fetched DAQ statistics. Counters are being reset now.
[17:06:31.871]    DEBUG: <PixTest.cc/efficiencyMaps:L407>  eff result size = 1110740
[17:06:31.871]    DEBUG: <PixTest.cc/efficiencyMaps:L412> Create hists HR_xeff_CalDelScan_step11_C0 .. HR_xeff_CalDelScan_step11_C15
[17:06:31.871]    DEBUG: <PixTest.cc/efficiencyMaps:L426> booking xray maps for unmasked detector
[17:06:31.956]    DEBUG: <PixTest.cc/efficiencyMaps:L396>       attempt #0
[17:06:32.622]     INFO: Expecting 41600 events.
[17:06:36.918]     INFO: 41600 events read in total (3769ms).
[17:06:36.925]     INFO: Test took 4969ms.
[17:06:37.109]     INFO: Fetched DAQ statistics. Counters are being reset now.
[17:06:37.109]    DEBUG: <PixTest.cc/efficiencyMaps:L407>  eff result size = 1112185
[17:06:37.109]    DEBUG: <PixTest.cc/efficiencyMaps:L412> Create hists HR_xeff_CalDelScan_step12_C0 .. HR_xeff_CalDelScan_step12_C15
[17:06:37.109]    DEBUG: <PixTest.cc/efficiencyMaps:L426> booking xray maps for unmasked detector
[17:06:37.191]    DEBUG: <PixTest.cc/efficiencyMaps:L396>       attempt #0
[17:06:37.856]     INFO: Expecting 41600 events.
[17:06:42.179]     INFO: 41600 events read in total (3796ms).
[17:06:42.186]     INFO: Test took 4995ms.
[17:06:42.369]     INFO: Fetched DAQ statistics. Counters are being reset now.
[17:06:42.369]    DEBUG: <PixTest.cc/efficiencyMaps:L407>  eff result size = 1113108
[17:06:42.369]    DEBUG: <PixTest.cc/efficiencyMaps:L412> Create hists HR_xeff_CalDelScan_step13_C0 .. HR_xeff_CalDelScan_step13_C15
[17:06:42.369]    DEBUG: <PixTest.cc/efficiencyMaps:L426> booking xray maps for unmasked detector
[17:06:42.451]    DEBUG: <PixTest.cc/efficiencyMaps:L396>       attempt #0
[17:06:43.116]     INFO: Expecting 41600 events.
[17:06:47.420]     INFO: 41600 events read in total (3777ms).
[17:06:47.427]     INFO: Test took 4976ms.
[17:06:47.613]     INFO: Fetched DAQ statistics. Counters are being reset now.
[17:06:47.613]    DEBUG: <PixTest.cc/efficiencyMaps:L407>  eff result size = 1111020
[17:06:47.613]    DEBUG: <PixTest.cc/efficiencyMaps:L412> Create hists HR_xeff_CalDelScan_step14_C0 .. HR_xeff_CalDelScan_step14_C15
[17:06:47.613]    DEBUG: <PixTest.cc/efficiencyMaps:L426> booking xray maps for unmasked detector
[17:06:47.696]    DEBUG: <PixTest.cc/efficiencyMaps:L396>       attempt #0
[17:06:48.361]     INFO: Expecting 41600 events.
[17:06:52.669]     INFO: 41600 events read in total (3781ms).
[17:06:52.676]     INFO: Test took 4980ms.
[17:06:52.860]     INFO: Fetched DAQ statistics. Counters are being reset now.
[17:06:52.860]    DEBUG: <PixTest.cc/efficiencyMaps:L407>  eff result size = 1111270
[17:06:52.860]    DEBUG: <PixTest.cc/efficiencyMaps:L412> Create hists HR_xeff_CalDelScan_step15_C0 .. HR_xeff_CalDelScan_step15_C15
[17:06:52.860]    DEBUG: <PixTest.cc/efficiencyMaps:L426> booking xray maps for unmasked detector
[17:06:52.942]    DEBUG: <PixTest.cc/efficiencyMaps:L396>       attempt #0
[17:06:53.607]     INFO: Expecting 41600 events.
[17:06:57.907]     INFO: 41600 events read in total (3773ms).
[17:06:57.914]     INFO: Test took 4972ms.
[17:06:58.098]     INFO: Fetched DAQ statistics. Counters are being reset now.
[17:06:58.098]    DEBUG: <PixTest.cc/efficiencyMaps:L407>  eff result size = 1112643
[17:06:58.098]    DEBUG: <PixTest.cc/efficiencyMaps:L412> Create hists HR_xeff_CalDelScan_step16_C0 .. HR_xeff_CalDelScan_step16_C15
[17:06:58.099]    DEBUG: <PixTest.cc/efficiencyMaps:L426> booking xray maps for unmasked detector
[17:06:58.181]    DEBUG: <PixTest.cc/efficiencyMaps:L396>       attempt #0
[17:06:58.846]     INFO: Expecting 41600 events.
[17:07:03.152]     INFO: 41600 events read in total (3779ms).
[17:07:03.158]     INFO: Test took 4977ms.
[17:07:03.339]     INFO: Fetched DAQ statistics. Counters are being reset now.
[17:07:03.339]    DEBUG: <PixTest.cc/efficiencyMaps:L407>  eff result size = 1110724
[17:07:03.339]    DEBUG: <PixTest.cc/efficiencyMaps:L412> Create hists HR_xeff_CalDelScan_step17_C0 .. HR_xeff_CalDelScan_step17_C15
[17:07:03.340]    DEBUG: <PixTest.cc/efficiencyMaps:L426> booking xray maps for unmasked detector
[17:07:03.421]    DEBUG: <PixTest.cc/efficiencyMaps:L396>       attempt #0
[17:07:04.087]     INFO: Expecting 41600 events.
[17:07:08.326]     INFO: 41600 events read in total (3713ms).
[17:07:08.333]     INFO: Test took 4912ms.
[17:07:08.516]     INFO: Fetched DAQ statistics. Counters are being reset now.
[17:07:08.516]    DEBUG: <PixTest.cc/efficiencyMaps:L407>  eff result size = 1110403
[17:07:08.516]    DEBUG: <PixTest.cc/efficiencyMaps:L412> Create hists HR_xeff_CalDelScan_step18_C0 .. HR_xeff_CalDelScan_step18_C15
[17:07:08.516]    DEBUG: <PixTest.cc/efficiencyMaps:L426> booking xray maps for unmasked detector
[17:07:08.598]    DEBUG: <PixTest.cc/efficiencyMaps:L396>       attempt #0
[17:07:09.263]     INFO: Expecting 41600 events.
[17:07:13.347]     INFO: 41600 events read in total (3557ms).
[17:07:13.353]     INFO: Test took 4755ms.
[17:07:13.539]     INFO: Fetched DAQ statistics. Counters are being reset now.
[17:07:13.539]    DEBUG: <PixTest.cc/efficiencyMaps:L407>  eff result size = 1100585
[17:07:13.539]    DEBUG: <PixTest.cc/efficiencyMaps:L412> Create hists HR_xeff_CalDelScan_step19_C0 .. HR_xeff_CalDelScan_step19_C15
[17:07:13.539]    DEBUG: <PixTest.cc/efficiencyMaps:L426> booking xray maps for unmasked detector
[17:07:13.841]    DEBUG: <PixTestHighRate.cc/doCalDelScan:L422> roc  0: caldel = 135 eff = 0.996707
[17:07:13.841]    DEBUG: <PixTestHighRate.cc/doCalDelScan:L422> roc  1: caldel = 164 eff = 0.997115
[17:07:13.841]    DEBUG: <PixTestHighRate.cc/doCalDelScan:L422> roc  2: caldel = 143 eff = 0.995096
[17:07:13.841]    DEBUG: <PixTestHighRate.cc/doCalDelScan:L422> roc  3: caldel = 164 eff = 0.99113
[17:07:13.842]    DEBUG: <PixTestHighRate.cc/doCalDelScan:L422> roc  4: caldel = 156 eff = 0.989832
[17:07:13.842]    DEBUG: <PixTestHighRate.cc/doCalDelScan:L422> roc  5: caldel = 191 eff = 0.990313
[17:07:13.842]    DEBUG: <PixTestHighRate.cc/doCalDelScan:L422> roc  6: caldel = 156 eff = 0.990361
[17:07:13.842]    DEBUG: <PixTestHighRate.cc/doCalDelScan:L422> roc  7: caldel = 143 eff = 0.991058
[17:07:13.842]    DEBUG: <PixTestHighRate.cc/doCalDelScan:L422> roc  8: caldel = 164 eff = 0.991827
[17:07:13.842]    DEBUG: <PixTestHighRate.cc/doCalDelScan:L422> roc  9: caldel = 164 eff = 0.989712
[17:07:13.842]    DEBUG: <PixTestHighRate.cc/doCalDelScan:L422> roc 10: caldel = 150 eff = 0.990168
[17:07:13.843]    DEBUG: <PixTestHighRate.cc/doCalDelScan:L422> roc 11: caldel = 150 eff = 0.991322
[17:07:13.843]    DEBUG: <PixTestHighRate.cc/doCalDelScan:L422> roc 12: caldel = 165 eff = 0.991779
[17:07:13.843]    DEBUG: <PixTestHighRate.cc/doCalDelScan:L422> roc 13: caldel = 169 eff = 0.994952
[17:07:13.843]    DEBUG: <PixTestHighRate.cc/doCalDelScan:L422> roc 14: caldel = 166 eff = 0.997788
[17:07:13.843]    DEBUG: <PixTestHighRate.cc/doCalDelScan:L422> roc 15: caldel = 160 eff = 0.997644
[17:07:38.561]    DEBUG: <PixTab.cc/buttonClicked:L308> xxxPressed():  xpixelalive
[17:07:38.561]    DEBUG: <PixTestHighRate.cc/runCommand:L157> running command: xpixelalive
[17:07:38.561]     INFO:    ----------------------------------------------------------------------
[17:07:38.561]     INFO:    PixTestHighRate::xPixelAlive() ntrig = 50, vcal = 200
[17:07:38.561]     INFO:    ----------------------------------------------------------------------
[17:07:38.561]    DEBUG: <PixTestHighRate.cc/doXPixelAlive:L451>  old set: clk: 4
[17:07:38.561]    DEBUG: <PixTestHighRate.cc/doXPixelAlive:L451>  old set: ctr: 4
[17:07:38.561]    DEBUG: <PixTestHighRate.cc/doXPixelAlive:L451>  old set: sda: 19
[17:07:38.561]    DEBUG: <PixTestHighRate.cc/doXPixelAlive:L451>  old set: tin: 9
[17:07:38.561]    DEBUG: <PixTestHighRate.cc/doXPixelAlive:L451>  old set: level: 15
[17:07:38.561]    DEBUG: <PixTestHighRate.cc/doXPixelAlive:L451>  old set: triggerdelay: 0
[17:07:38.561]    DEBUG: <PixTestHighRate.cc/doXPixelAlive:L467>  setting: clk: 4
[17:07:38.561]    DEBUG: <PixTestHighRate.cc/doXPixelAlive:L467>  setting: ctr: 4
[17:07:38.561]    DEBUG: <PixTestHighRate.cc/doXPixelAlive:L467>  setting: sda: 19
[17:07:38.561]    DEBUG: <PixTestHighRate.cc/doXPixelAlive:L467>  setting: tin: 9
[17:07:38.561]    DEBUG: <PixTestHighRate.cc/doXPixelAlive:L467>  setting: level: 15
[17:07:38.561]    DEBUG: <PixTestHighRate.cc/doXPixelAlive:L467>  setting: triggerdelay: 20
[17:07:38.605]    DEBUG: <PixTest.cc/efficiencyMaps:L396>       attempt #0
[17:07:39.273]     INFO: Expecting 208000 events.
[17:07:58.347]     INFO: 208000 events read in total (18547ms).
[17:07:58.372]     INFO: Test took 19767ms.
[17:07:59.353]     INFO: Fetched DAQ statistics. Counters are being reset now.
[17:07:59.353]    DEBUG: <PixTest.cc/efficiencyMaps:L407>  eff result size = 5228161
[17:07:59.353]    DEBUG: <PixTest.cc/efficiencyMaps:L412> Create hists highRate_C0 .. highRate_C15
[17:07:59.354]    DEBUG: <PixTest.cc/efficiencyMaps:L426> booking xray maps for unmasked detector
[17:07:59.929]     INFO: number of dead pixels (per ROC):     0    0    0    0    0    0    0    0    0    0    0    0    0    0    0    0
[17:07:59.929]     INFO: number of red-efficiency pixels:   432  254  625 1258 1279 1299 1244 1188 1304 1448 1361 1275 1278  762  262  329
[17:07:59.929]     INFO: number of X-ray hits detected:    210884 152904 251664 382162 407115 424909 407413 372477 399377 420389 403367 384360 383085 251937 142319 167239
[17:07:59.929]     INFO: number of triggers sent (total per ROC):  208000 208000 208000 208000 208000 208000 208000 208000 208000 208000 208000 208000 208000 208000 208000 208000
[17:07:59.929]     INFO: number of Vcal hits detected:  207540 207738 207242 206421 206329 206328 206408 206452 206360 206050 206235 206352 206373 207022 207724 207633
[17:07:59.929]     INFO: Vcal hit fiducial efficiency (%):  99.8 99.9 99.7 99.3 99.3 99.3 99.3 99.3 99.3 99.1 99.2 99.3 99.3 99.6 99.9 99.8
[17:07:59.930]     INFO: Vcal hit overall efficiency (%):  99.8 99.9 99.6 99.2 99.2 99.2 99.2 99.3 99.2 99.1 99.2 99.2 99.2 99.5 99.9 99.8
[17:07:59.930]     INFO: X-ray hit rate [MHz/cm2]:  61.8 44.8 73.8 112.0 119.3 124.5 119.4 109.2 117.1 123.2 118.2 112.7 112.3 73.8 41.7 49.0
[17:07:59.930]     INFO: PixTestHighRate::doXPixelAlive() done
[17:07:59.974]    DEBUG: <PixTestHighRate.cc/doXPixelAlive:L586>  resetting: clk: 4
[17:07:59.974]    DEBUG: <PixTestHighRate.cc/doXPixelAlive:L586>  resetting: ctr: 4
[17:07:59.974]    DEBUG: <PixTestHighRate.cc/doXPixelAlive:L586>  resetting: sda: 19
[17:07:59.974]    DEBUG: <PixTestHighRate.cc/doXPixelAlive:L586>  resetting: tin: 9
[17:07:59.974]    DEBUG: <PixTestHighRate.cc/doXPixelAlive:L586>  resetting: level: 15
[17:07:59.974]    DEBUG: <PixTestHighRate.cc/doXPixelAlive:L586>  resetting: triggerdelay: 0
[17:07:59.974]     INFO: PixTest::       pg_setup set to default.
[17:08:05.737]    DEBUG: <PixTest.cc/moduleMap:L1029> moduleMap histname: what
[17:08:05.737]    DEBUG: <PixTest.cc/moduleMap:L1039> h1->GetName() = highRate_xraymap_C11_V0 -> highRate_xraymap_mod
[17:08:20.025]    DEBUG: <PixGui.cc/handleButtons:L396> PixGui::exit called
[17:08:20.025]    DEBUG: <PixGui.cc/CloseWindow:L335> Final Analog Current: 390.7mA
[17:08:20.026]    DEBUG: <PixGui.cc/CloseWindow:L336> Final Digital Current: 473.5mA
[17:08:20.026]    DEBUG: <PixGui.cc/CloseWindow:L337> Final Module Temperature: 22.9 C
[17:08:20.026]    DEBUG: <PixTestBBMap.cc/~PixTestBBMap:L97> PixTestBBMap dtor
[17:08:20.026]    DEBUG: <PixTestBB2Map.cc/~PixTestBB2Map:L115> PixTestBB2Map dtor
[17:08:20.026]    DEBUG: <PixTestBB3Map.cc/~PixTestBB3Map:L99> PixTestBB3Map dtor
[17:08:20.026]    DEBUG: <PixTestBB4Map.cc/~PixTestBB4Map:L118> PixTestBB4Map dtor
[17:08:20.026]    DEBUG: <PixTestCmd.cc/~PixTestCmd:L78> PixTestCmd dtor
[17:08:20.027]    DEBUG: <PixTestDaq.cc/~PixTestDaq:L37> PixTestDaq dtor
[17:08:20.027]    DEBUG: <PixTestDacDacScan.cc/~PixTestDacDacScan:L136> PixTestDacDacScan dtor
[17:08:20.027]    DEBUG: <PixTestDacScan.cc/~PixTestDacScan:L129> PixTestDacScan dtor
[17:08:20.027]    DEBUG: <PixTestGainPedestal.cc/~PixTestGainPedestal:L125> PixTestGainPedestal dtor
[17:08:20.027]    DEBUG: <PixTestHighRate.cc/~PixTestHighRate:L245> PixTestHighRate dtor
[17:08:20.124]    DEBUG: <PixTestIV.cc/~PixTestIV:L96> PixTestIV dtor
[17:08:20.124]    DEBUG: <PixTestAlive.cc/~PixTestAlive:L109> PixTestAlive dtor
[17:08:20.124]    DEBUG: <PixTestPretest.cc/~PixTestPretest:L136> PixTestPretest dtor
[17:08:20.124]    DEBUG: <PixTestReadback.cc/~PixTestReadback:L89> PixTestReadback dtor, saving tree ... 
[17:08:20.124]    DEBUG: <PixTestScurves.cc/~PixTestScurves:L142> PixTestScurves dtor
[17:08:20.124]    DEBUG: <PixTestTiming.cc/~PixTestTiming:L97> PixTestTiming dtor
[17:08:20.124]    DEBUG: <PixTestTrim.cc/~PixTestTrim:L103> PixTestTrim dtor
[17:08:20.124]    DEBUG: <PixTestXray.cc/~PixTestXray:L217> PixTestXray dtor
[17:08:20.127]    QUIET: Connection to board 58 closed.
[17:08:20.207]    DEBUG: <PixMonitor.cc/dumpSummaries:L39> PixMonitor::dumpSummaries
