[17:02:00.563]     INFO: *** Welcome to pxar ***
[17:02:00.563]     INFO: *** Today: 2016/01/29
[17:02:00.572]     INFO: *** Version: prod-12
[17:02:00.572]     INFO: readRocDacs: data/mb203//dacParameters35_C0.dat .. data/mb203//dacParameters35_C15.dat
[17:02:00.573]     INFO: readTbmDacs: data/mb203//tbmParameters_C0a.dat .. data/mb203//tbmParameters_C0b.dat
[17:02:00.573]     INFO: readMaskFile: data/mb203//defaultMaskFile.dat
[17:02:00.573]     INFO: readTrimFile: data/mb203//trimParameters35_C0.dat .. data/mb203//trimParameters35_C15.dat
[17:02:00.724]     INFO:         clk: 4
[17:02:00.724]     INFO:         ctr: 4
[17:02:00.724]     INFO:         sda: 19
[17:02:00.724]     INFO:         tin: 9
[17:02:00.724]     INFO:         level: 15
[17:02:00.724]     INFO:         triggerdelay: 0
[17:02:00.724]    QUIET: Instanciating API for pxar prod-12
[17:02:00.724]     INFO: Log level: DEBUG
[17:02:00.736]    QUIET: Connection to board DTB_WRPRHI opened.
[17:02:00.740]     INFO: DTB startup information
--- DTB info------------------------------------------
Board id:    58
HW version:  DTB1.2
FW version:  4.2
SW version:  4.5
USB id:      DTB_WRPRHI
MAC address: 40D85511803A
Hostname:    pixelDTB058
Comment:     
------------------------------------------------------
[17:02:00.742]     INFO: RPC call hashes of host and DTB match: 398089610
[17:02:02.344]     INFO: DUT info: 
[17:02:02.344]     INFO: The DUT currently contains the following objects:
[17:02:02.344]     INFO:  2 TBM Cores tbm08c (2 ON)
[17:02:02.344]     INFO: 	TBM Core alpha (0): 7 registers set
[17:02:02.344]     INFO: 	TBM Core beta  (1): 7 registers set
[17:02:02.344]     INFO: 16 ROCs psi46digv21respin (16 ON) with 4160 pixelConfigs
[17:02:02.344]     INFO: 	ROC 0: 19 DACs set, Pixels: 0 masked, 0 active.
[17:02:02.344]     INFO: 	ROC 1: 19 DACs set, Pixels: 0 masked, 0 active.
[17:02:02.344]     INFO: 	ROC 2: 19 DACs set, Pixels: 0 masked, 0 active.
[17:02:02.345]     INFO: 	ROC 3: 19 DACs set, Pixels: 0 masked, 0 active.
[17:02:02.345]     INFO: 	ROC 4: 19 DACs set, Pixels: 0 masked, 0 active.
[17:02:02.345]     INFO: 	ROC 5: 19 DACs set, Pixels: 0 masked, 0 active.
[17:02:02.345]     INFO: 	ROC 6: 19 DACs set, Pixels: 0 masked, 0 active.
[17:02:02.345]     INFO: 	ROC 7: 19 DACs set, Pixels: 0 masked, 0 active.
[17:02:02.345]     INFO: 	ROC 8: 19 DACs set, Pixels: 0 masked, 0 active.
[17:02:02.345]     INFO: 	ROC 9: 19 DACs set, Pixels: 0 masked, 0 active.
[17:02:02.345]     INFO: 	ROC 10: 19 DACs set, Pixels: 0 masked, 0 active.
[17:02:02.345]     INFO: 	ROC 11: 19 DACs set, Pixels: 0 masked, 0 active.
[17:02:02.345]     INFO: 	ROC 12: 19 DACs set, Pixels: 0 masked, 0 active.
[17:02:02.345]     INFO: 	ROC 13: 19 DACs set, Pixels: 0 masked, 0 active.
[17:02:02.345]     INFO: 	ROC 14: 19 DACs set, Pixels: 0 masked, 0 active.
[17:02:02.345]     INFO: 	ROC 15: 19 DACs set, Pixels: 0 masked, 0 active.
[17:02:02.345]    DEBUG: <PixTestParameters.cc/dump:L104> PixTestParameters: ->BB<-
[17:02:02.345]    DEBUG: <PixTestParameters.cc/dump:L107>   dumpall: checkbox(0)
[17:02:02.345]    DEBUG: <PixTestParameters.cc/dump:L107>   dumpproblematic: checkbox(0)
[17:02:02.345]    DEBUG: <PixTestParameters.cc/dump:L107>   ntrig: 5
[17:02:02.345]    DEBUG: <PixTestParameters.cc/dump:L107>   vcals: 250
[17:02:02.345]    DEBUG: <PixTestParameters.cc/dump:L104> PixTestParameters: ->BB2<-
[17:02:02.345]    DEBUG: <PixTestParameters.cc/dump:L107>   ntrig: 10
[17:02:02.345]    DEBUG: <PixTestParameters.cc/dump:L107>   vcals: 222
[17:02:02.345]    DEBUG: <PixTestParameters.cc/dump:L107>   plwidth: 35
[17:02:02.345]    DEBUG: <PixTestParameters.cc/dump:L107>   pix: 11,20
[17:02:02.345]    DEBUG: <PixTestParameters.cc/dump:L107>   targetia: 24
[17:02:02.345]    DEBUG: <PixTestParameters.cc/dump:L104> PixTestParameters: ->BB3<-
[17:02:02.345]    DEBUG: <PixTestParameters.cc/dump:L107>   dumpall: checkbox(0)
[17:02:02.346]    DEBUG: <PixTestParameters.cc/dump:L107>   dumpproblematic: checkbox(0)
[17:02:02.346]    DEBUG: <PixTestParameters.cc/dump:L107>   ntrig: 5
[17:02:02.346]    DEBUG: <PixTestParameters.cc/dump:L107>   vcals: 250
[17:02:02.346]    DEBUG: <PixTestParameters.cc/dump:L104> PixTestParameters: ->BB4<-
[17:02:02.346]    DEBUG: <PixTestParameters.cc/dump:L107>   savecaldelscan: checkbox(0)
[17:02:02.346]    DEBUG: <PixTestParameters.cc/dump:L107>   ntrig: 100
[17:02:02.346]    DEBUG: <PixTestParameters.cc/dump:L107>   cals: 1
[17:02:02.346]    DEBUG: <PixTestParameters.cc/dump:L107>   caldello: 80
[17:02:02.346]    DEBUG: <PixTestParameters.cc/dump:L107>   caldelhi: 200
[17:02:02.346]    DEBUG: <PixTestParameters.cc/dump:L107>   caldelstep: 10
[17:02:02.346]    DEBUG: <PixTestParameters.cc/dump:L107>   vthrcomplo: 70
[17:02:02.346]    DEBUG: <PixTestParameters.cc/dump:L107>   vthrcomphi: 130
[17:02:02.346]    DEBUG: <PixTestParameters.cc/dump:L107>   vthrcompstep: 5
[17:02:02.346]    DEBUG: <PixTestParameters.cc/dump:L107>   noisypixels: 10
[17:02:02.346]    DEBUG: <PixTestParameters.cc/dump:L107>   vcal: 255
[17:02:02.346]    DEBUG: <PixTestParameters.cc/dump:L107>   cut: 0.5
[17:02:02.346]    DEBUG: <PixTestParameters.cc/dump:L104> PixTestParameters: ->Cmd<-
[17:02:02.346]    DEBUG: <PixTestParameters.cc/dump:L104> PixTestParameters: ->DAQ<-
[17:02:02.346]    DEBUG: <PixTestParameters.cc/dump:L107>   delaytbm: checkbox
[17:02:02.346]    DEBUG: <PixTestParameters.cc/dump:L107>   filltree: checkbox
[17:02:02.346]    DEBUG: <PixTestParameters.cc/dump:L107>   trgfrequency(khz): 100
[17:02:02.346]    DEBUG: <PixTestParameters.cc/dump:L107>   maskhotpixels: button
[17:02:02.346]    DEBUG: <PixTestParameters.cc/dump:L107>   trgnumber: 5
[17:02:02.346]    DEBUG: <PixTestParameters.cc/dump:L107>   iterations: 10
[17:02:02.346]    DEBUG: <PixTestParameters.cc/dump:L107>   rundaqtrg: button
[17:02:02.346]    DEBUG: <PixTestParameters.cc/dump:L107>   daqseconds: 5
[17:02:02.346]    DEBUG: <PixTestParameters.cc/dump:L107>   rundaqseconds: button
[17:02:02.346]    DEBUG: <PixTestParameters.cc/dump:L104> PixTestParameters: ->DacDacScan<-
[17:02:02.346]    DEBUG: <PixTestParameters.cc/dump:L107>   phmap: checkbox
[17:02:02.346]    DEBUG: <PixTestParameters.cc/dump:L107>   ntrig: 10
[17:02:02.346]    DEBUG: <PixTestParameters.cc/dump:L107>   dac1: caldel
[17:02:02.346]    DEBUG: <PixTestParameters.cc/dump:L107>   dac1lo: 0
[17:02:02.346]    DEBUG: <PixTestParameters.cc/dump:L107>   dac1hi: 255
[17:02:02.346]    DEBUG: <PixTestParameters.cc/dump:L107>   dac2: vthrcomp
[17:02:02.346]    DEBUG: <PixTestParameters.cc/dump:L107>   dac2lo: 0
[17:02:02.346]    DEBUG: <PixTestParameters.cc/dump:L107>   dac2hi: 255
[17:02:02.346]    DEBUG: <PixTestParameters.cc/dump:L107>   pix: 11,20
[17:02:02.346]    DEBUG: <PixTestParameters.cc/dump:L104> PixTestParameters: ->DacScan<-
[17:02:02.346]    DEBUG: <PixTestParameters.cc/dump:L107>   phmap: checkbox(1)
[17:02:02.346]    DEBUG: <PixTestParameters.cc/dump:L107>   allpixels: checkbox(0)
[17:02:02.346]    DEBUG: <PixTestParameters.cc/dump:L107>   unmasked: checkbox(0)
[17:02:02.346]    DEBUG: <PixTestParameters.cc/dump:L107>   ntrig: 10
[17:02:02.346]    DEBUG: <PixTestParameters.cc/dump:L107>   dac: vcal
[17:02:02.346]    DEBUG: <PixTestParameters.cc/dump:L107>   daclo: 0
[17:02:02.346]    DEBUG: <PixTestParameters.cc/dump:L107>   dachi: 255
[17:02:02.346]    DEBUG: <PixTestParameters.cc/dump:L107>   pix: 11,20
[17:02:02.346]    DEBUG: <PixTestParameters.cc/dump:L104> PixTestParameters: ->GainPedestal<-
[17:02:02.346]    DEBUG: <PixTestParameters.cc/dump:L107>   showfits: checkbox(0)
[17:02:02.346]    DEBUG: <PixTestParameters.cc/dump:L107>   extended: checkbox(0)
[17:02:02.346]    DEBUG: <PixTestParameters.cc/dump:L107>   dumphists: checkbox(0)
[17:02:02.346]    DEBUG: <PixTestParameters.cc/dump:L107>   ntrig: 10
[17:02:02.346]    DEBUG: <PixTestParameters.cc/dump:L107>   vcalstep: 10
[17:02:02.346]    DEBUG: <PixTestParameters.cc/dump:L107>   measure: button
[17:02:02.346]    DEBUG: <PixTestParameters.cc/dump:L107>   fit: button
[17:02:02.346]    DEBUG: <PixTestParameters.cc/dump:L107>   save: button
[17:02:02.347]    DEBUG: <PixTestParameters.cc/dump:L104> PixTestParameters: ->HighRate<-
[17:02:02.347]    DEBUG: <PixTestParameters.cc/dump:L107>   pix: 11,20
[17:02:02.347]    DEBUG: <PixTestParameters.cc/dump:L107>   trimhotpixels: button
[17:02:02.347]    DEBUG: <PixTestParameters.cc/dump:L107>   trimhotpixelthr: 200
[17:02:02.347]    DEBUG: <PixTestParameters.cc/dump:L107>   runsecondshotpixels: 10
[17:02:02.347]    DEBUG: <PixTestParameters.cc/dump:L107>   savetrimbits: checkbox(1)
[17:02:02.347]    DEBUG: <PixTestParameters.cc/dump:L107>   maskuntrimmable: checkbox(1)
[17:02:02.347]    DEBUG: <PixTestParameters.cc/dump:L107>   maskhotpixels: button
[17:02:02.347]    DEBUG: <PixTestParameters.cc/dump:L107>   savemaskfile: checkbox(0)
[17:02:02.347]    DEBUG: <PixTestParameters.cc/dump:L107>   maskfilename: default
[17:02:02.347]    DEBUG: <PixTestParameters.cc/dump:L107>   caldelscan: button
[17:02:02.347]    DEBUG: <PixTestParameters.cc/dump:L107>   xpixelalive: button
[17:02:02.347]    DEBUG: <PixTestParameters.cc/dump:L107>   ntrig: 50
[17:02:02.347]    DEBUG: <PixTestParameters.cc/dump:L107>   vcal: 200
[17:02:02.347]    DEBUG: <PixTestParameters.cc/dump:L107>   xnoisemaps: button
[17:02:02.347]    DEBUG: <PixTestParameters.cc/dump:L107>   daclo: 0
[17:02:02.347]    DEBUG: <PixTestParameters.cc/dump:L107>   dachi: 100
[17:02:02.347]    DEBUG: <PixTestParameters.cc/dump:L107>   dacs/step: 20
[17:02:02.347]    DEBUG: <PixTestParameters.cc/dump:L107>   rundaq: button
[17:02:02.347]    DEBUG: <PixTestParameters.cc/dump:L107>   trgfrequency(khz): 20
[17:02:02.347]    DEBUG: <PixTestParameters.cc/dump:L107>   runseconds: 2
[17:02:02.347]    DEBUG: <PixTestParameters.cc/dump:L107>   triggerdelay: 20
[17:02:02.347]    DEBUG: <PixTestParameters.cc/dump:L107>   delaytbm: checkbox
[17:02:02.347]    DEBUG: <PixTestParameters.cc/dump:L107>   filltree: checkbox
[17:02:02.347]    DEBUG: <PixTestParameters.cc/dump:L104> PixTestParameters: ->IV<-
[17:02:02.347]    DEBUG: <PixTestParameters.cc/dump:L107>   port: /dev/FIXME
[17:02:02.347]    DEBUG: <PixTestParameters.cc/dump:L107>   voltagestart: 0
[17:02:02.347]    DEBUG: <PixTestParameters.cc/dump:L107>   voltagestop: 600
[17:02:02.347]    DEBUG: <PixTestParameters.cc/dump:L107>   voltagestep: 5
[17:02:02.347]    DEBUG: <PixTestParameters.cc/dump:L107>   delay: 1
[17:02:02.347]    DEBUG: <PixTestParameters.cc/dump:L107>   compliance(ua): 100
[17:02:02.347]    DEBUG: <PixTestParameters.cc/dump:L104> PixTestParameters: ->PhOptimization<-
[17:02:02.347]    DEBUG: <PixTestParameters.cc/dump:L107>   ntrig: 10
[17:02:02.347]    DEBUG: <PixTestParameters.cc/dump:L107>   safetymarginlow: 20
[17:02:02.347]    DEBUG: <PixTestParameters.cc/dump:L107>   saturationvcal: 100
[17:02:02.347]    DEBUG: <PixTestParameters.cc/dump:L107>   quantilesaturation: 0.98
[17:02:02.347]    DEBUG: <PixTestParameters.cc/dump:L104> PixTestParameters: ->PixelAlive<-
[17:02:02.347]    DEBUG: <PixTestParameters.cc/dump:L107>   ntrig: 10
[17:02:02.347]    DEBUG: <PixTestParameters.cc/dump:L107>   vcal: 200
[17:02:02.347]    DEBUG: <PixTestParameters.cc/dump:L107>   alivetest: button
[17:02:02.347]    DEBUG: <PixTestParameters.cc/dump:L107>   masktest: button
[17:02:02.347]    DEBUG: <PixTestParameters.cc/dump:L107>   addressdecodingtest: button
[17:02:02.347]    DEBUG: <PixTestParameters.cc/dump:L104> PixTestParameters: ->Pretest<-
[17:02:02.347]    DEBUG: <PixTestParameters.cc/dump:L107>   programroc: button
[17:02:02.347]    DEBUG: <PixTestParameters.cc/dump:L107>   targetia: 24
[17:02:02.347]    DEBUG: <PixTestParameters.cc/dump:L107>   setvana: button
[17:02:02.347]    DEBUG: <PixTestParameters.cc/dump:L107>   iterations: 100
[17:02:02.347]    DEBUG: <PixTestParameters.cc/dump:L107>   settimings: button
[17:02:02.347]    DEBUG: <PixTestParameters.cc/dump:L107>   findtiming: button
[17:02:02.347]    DEBUG: <PixTestParameters.cc/dump:L107>   findworkingpixel: button
[17:02:02.347]    DEBUG: <PixTestParameters.cc/dump:L107>   setvthrcompcaldel: button
[17:02:02.347]    DEBUG: <PixTestParameters.cc/dump:L107>   pix: 11,20
[17:02:02.347]    DEBUG: <PixTestParameters.cc/dump:L107>   vcal: 250
[17:02:02.347]    DEBUG: <PixTestParameters.cc/dump:L107>   deltavthrcomp: 50
[17:02:02.347]    DEBUG: <PixTestParameters.cc/dump:L107>   fraccaldel: 0.5
[17:02:02.348]    DEBUG: <PixTestParameters.cc/dump:L107>   ntrig: 5
[17:02:02.348]    DEBUG: <PixTestParameters.cc/dump:L107>   savedacs: button
[17:02:02.348]    DEBUG: <PixTestParameters.cc/dump:L104> PixTestParameters: ->Readback<-
[17:02:02.348]    DEBUG: <PixTestParameters.cc/dump:L107>   calibratevd: button
[17:02:02.348]    DEBUG: <PixTestParameters.cc/dump:L107>   calibrateva: button
[17:02:02.348]    DEBUG: <PixTestParameters.cc/dump:L107>   calibrateia: button
[17:02:02.348]    DEBUG: <PixTestParameters.cc/dump:L107>   readbackvbg: button
[17:02:02.348]    DEBUG: <PixTestParameters.cc/dump:L107>   getcalibratedvbg: button
[17:02:02.348]    DEBUG: <PixTestParameters.cc/dump:L107>   usecalvd: checkbox(1)
[17:02:02.348]    DEBUG: <PixTestParameters.cc/dump:L107>   usecalva: checkbox(0)
[17:02:02.348]    DEBUG: <PixTestParameters.cc/dump:L107>   setvana: button
[17:02:02.348]    DEBUG: <PixTestParameters.cc/dump:L104> PixTestParameters: ->Scurves<-
[17:02:02.348]    DEBUG: <PixTestParameters.cc/dump:L107>   adjustvcal: checkbox(0)
[17:02:02.348]    DEBUG: <PixTestParameters.cc/dump:L107>   dumpall: checkbox(0)
[17:02:02.348]    DEBUG: <PixTestParameters.cc/dump:L107>   dumpproblematic: checkbox(0)
[17:02:02.348]    DEBUG: <PixTestParameters.cc/dump:L107>   dumpoutputfile: checkbox(0)
[17:02:02.348]    DEBUG: <PixTestParameters.cc/dump:L107>   ntrig: 50
[17:02:02.348]    DEBUG: <PixTestParameters.cc/dump:L107>   dac: Vcal
[17:02:02.348]    DEBUG: <PixTestParameters.cc/dump:L107>   daclo: 0
[17:02:02.348]    DEBUG: <PixTestParameters.cc/dump:L107>   dachi: 200
[17:02:02.348]    DEBUG: <PixTestParameters.cc/dump:L107>   dacs/step: -1
[17:02:02.348]    DEBUG: <PixTestParameters.cc/dump:L107>   ntrig/step: -1
[17:02:02.348]    DEBUG: <PixTestParameters.cc/dump:L107>   scurves: button
[17:02:02.348]    DEBUG: <PixTestParameters.cc/dump:L104> PixTestParameters: ->Timing<-
[17:02:02.348]    DEBUG: <PixTestParameters.cc/dump:L107>   targetclk: 4
[17:02:02.348]    DEBUG: <PixTestParameters.cc/dump:L107>   ntrig: 10
[17:02:02.348]    DEBUG: <PixTestParameters.cc/dump:L107>   clocksdascan: button
[17:02:02.348]    DEBUG: <PixTestParameters.cc/dump:L107>   notokenpass: checkbox(0)
[17:02:02.348]    DEBUG: <PixTestParameters.cc/dump:L107>   phasescan: button
[17:02:02.348]    DEBUG: <PixTestParameters.cc/dump:L107>   levelscan: button
[17:02:02.348]    DEBUG: <PixTestParameters.cc/dump:L107>   tbmphasescan: button
[17:02:02.348]    DEBUG: <PixTestParameters.cc/dump:L107>   rocdelayscan: button
[17:02:02.348]    DEBUG: <PixTestParameters.cc/dump:L107>   timingtest: button
[17:02:02.348]    DEBUG: <PixTestParameters.cc/dump:L107>   saveparameters: button
[17:02:02.348]    DEBUG: <PixTestParameters.cc/dump:L104> PixTestParameters: ->Trim<-
[17:02:02.348]    DEBUG: <PixTestParameters.cc/dump:L107>   trim: button
[17:02:02.348]    DEBUG: <PixTestParameters.cc/dump:L107>   ntrig: 8
[17:02:02.348]    DEBUG: <PixTestParameters.cc/dump:L107>   vcal: 35
[17:02:02.348]    DEBUG: <PixTestParameters.cc/dump:L107>   trimbits: button
[17:02:02.348]    DEBUG: <PixTestParameters.cc/dump:L104> PixTestParameters: ->Xray<-
[17:02:02.348]    DEBUG: <PixTestParameters.cc/dump:L107>   maskhotpixels: button
[17:02:02.348]    DEBUG: <PixTestParameters.cc/dump:L107>   savemaskfile: checkbox(0)
[17:02:02.348]    DEBUG: <PixTestParameters.cc/dump:L107>   maskfilename: default
[17:02:02.348]    DEBUG: <PixTestParameters.cc/dump:L107>   source: Ag
[17:02:02.348]    DEBUG: <PixTestParameters.cc/dump:L107>   phrun: button
[17:02:02.348]    DEBUG: <PixTestParameters.cc/dump:L107>   runseconds: 100
[17:02:02.348]    DEBUG: <PixTestParameters.cc/dump:L107>   trgfrequency(khz): 100
[17:02:02.348]    DEBUG: <PixTestParameters.cc/dump:L107>   ratescan: button
[17:02:02.348]    DEBUG: <PixTestParameters.cc/dump:L107>   vthrcompmin: 10
[17:02:02.348]    DEBUG: <PixTestParameters.cc/dump:L107>   vthrcompmax: 80
[17:02:02.348]    DEBUG: <PixTestParameters.cc/dump:L107>   stepseconds: 5
[17:02:02.348]    DEBUG: <PixTestParameters.cc/dump:L107>   delaytbm: checkbox
[17:02:02.348]    DEBUG: <PixTestParameters.cc/dump:L107>   filltree: checkbox
[17:02:02.350]    DEBUG: <PixSetup.cc/init:L81> PixSetup init start; getCurrentRSS() = 35540992
[17:02:02.351]    DEBUG: <PixSetup.cc/init:L87> fPixTestParameters = 0x200f7b0
[17:02:02.351]    DEBUG: <PixSetup.cc/init:L88>  fConfigParameters = 0x1f9dc40
[17:02:02.351]    DEBUG: <PixSetup.cc/init:L89>        fPxarMemory = 0x7f1089393010
[17:02:02.351]    DEBUG: <PixSetup.cc/init:L90>         fPxarMemHi = 0x7f108f5fe510
[17:02:02.351]    DEBUG: <PixSetup.cc/init:L106> PixSetup init done;  getCurrentRSS() = 35549184 fPxarMemory = 0x7f1089393010
[17:02:02.352]    DEBUG: <pXar.cc/main:L223> Initial Analog Current: 387.5mA
[17:02:02.353]    DEBUG: <pXar.cc/main:L224> Initial Digital Current: 471.9mA
[17:02:02.353]    DEBUG: <pXar.cc/main:L225> Initial Module Temperature: 21.3 C
[17:02:02.849]    DEBUG: <PixGui.cc/hvOn:L460> HV set On: 0x25e6420
[17:02:02.913]    DEBUG: <PixTestFactory.cc/PixTestFactory:L53> PixTestFactory::PixTestFactory()
[17:02:02.913]    DEBUG: <PixTestBBMap.cc/init:L79> PixTestBBMap::init()
[17:02:02.913]    DEBUG: <PixTestBBMap.cc/PixTestBBMap:L27> PixTestBBMap ctor(PixSetup &a, string, TGTab *)
[17:02:02.919]    DEBUG: <PixTestBB2Map.cc/setParameter:L58> setting fTargetIa    = 24 mA/ROC
[17:02:02.919]    DEBUG: <PixTestBB2Map.cc/init:L97> PixTestBB2Map::init()
[17:02:02.919]    DEBUG: <PixTestBB2Map.cc/PixTestBB2Map:L29> PixTestBB2Map ctor(PixSetup &a, string, TGTab *)
[17:02:02.931]    DEBUG: <PixTestBB3Map.cc/init:L81> PixTestBB3Map::init()
[17:02:02.932]    DEBUG: <PixTestBB3Map.cc/PixTestBB3Map:L29> PixTestBB3Map ctor(PixSetup &a, string, TGTab *)
[17:02:02.944]    DEBUG: <PixTestBB4Map.cc/init:L93> PixTestBB4Map::init()
[17:02:02.944]    DEBUG: <PixTestBB4Map.cc/PixTestBB4Map:L26> PixTestMapeff ctor(PixSetup &a, string, TGTab *)
[17:02:02.961]     INFO: PixTestCmd::init()
[17:02:02.972]    DEBUG: <PixTestDaq.cc/init:L44> PixTestDaq::init()
[17:02:02.972]    DEBUG: <PixTestDaq.cc/PixTestDaq:L22> PixTestDaq ctor(PixSetup &a, string, TGTab *)
[17:02:02.973]     INFO: readGainPedestalParameters data/mb203//phCalibrationFitErr35_C0.dat .. data/mb203//phCalibrationFitErr35_C15.dat
[17:02:03.219]    DEBUG: <PixTestDacDacScan.cc/init:L103> PixTestDacDacScan::init()
[17:02:03.219]    DEBUG: <PixTestDacDacScan.cc/PixTestDacDacScan:L22> PixTestDacDacScan ctor(PixSetup &a, string, TGTab *)
[17:02:03.233]    DEBUG: <PixTestGainPedestal.cc/setParameter:L83> PixTestGainPedestal::PixTest() fVcalStep = 10
[17:02:03.239]    DEBUG: <PixTestHighRate.cc/setParameter:L68>   setting fParTriggerFrequency -> 20
[17:02:03.239]    DEBUG: <PixTestHighRate.cc/init:L198> PixTestHighRate::init()
[17:02:03.239]    DEBUG: <PixTestHighRate.cc/PixTestHighRate:L31> PixTestHighRate ctor(PixSetup &a, string, TGTab *)
[17:02:03.263]    DEBUG: <PixTest.cc/setTestParameter:L637>  setting  ntrig to new value 10
[17:02:03.263]    DEBUG: <PixTestPhOptimization.cc/setParameter:L37>   setting fParNtrig  ->10<- from sval = 10
[17:02:03.263]    DEBUG: <PixTestPhOptimization.cc/setParameter:L42>   setting fSafetyMarginLow  ->20<- from sval = 20
[17:02:03.263]    DEBUG: <PixTestPhOptimization.cc/setParameter:L48>   setting fVcalMax  ->100<- from sval = 100
[17:02:03.263]    DEBUG: <PixTestPhOptimization.cc/setParameter:L53>   setting fQuantMax  ->0.98<- from sval = 0.98
[17:02:03.269]    DEBUG: <PixTestAlive.cc/init:L77> PixTestAlive::init()
[17:02:03.269]    DEBUG: <PixTestAlive.cc/PixTestAlive:L21> PixTestAlive ctor(PixSetup &a, string, TGTab *)
[17:02:03.291]    DEBUG: <PixTestReadback.cc/setParameter:L172> fCalwVd set to 1
[17:02:03.292]    DEBUG: <PixTestReadback.cc/init:L95> PixTestReadback::init()
[17:02:03.292]    DEBUG: <PixTestReadback.cc/PixTestReadback:L22> PixTestReadback ctor(PixSetup &a, string, TGTab *)
[17:02:03.292]     INFO: readReadbackCal: data/mb203//readbackCal_C0.dat .. data/mb203//readbackCal_C15.dat
[17:02:03.301]    DEBUG: <PixTestScurves.cc/setParameter:L93> set fOutputFilename = 
[17:02:03.308]    DEBUG: <PixTestTiming.cc/setParameter:L60> PixTestTiming::PixTest() targetclk = 4
[17:02:03.308]    DEBUG: <PixTestTiming.cc/setParameter:L64> PixTestTiming::PixTest() ntrig = 10
[17:02:03.308]    DEBUG: <PixTestTiming.cc/setParameter:L48> fNoTokenPass: 0
[17:02:03.308]    DEBUG: <PixTestTiming.cc/init:L74> PixTestTiming::init()
[17:02:03.327]    DEBUG: <PixTestXray.cc/init:L134> PixTestXray::init()
[17:02:03.327]    DEBUG: <PixTestXray.cc/PixTestXray:L28> PixTestXray ctor(PixSetup &a, string, TGTab *)
[17:02:12.936]    DEBUG: <PixTab.cc/buttonClicked:L308> xxxPressed():  caldelscan
[17:02:12.937]    DEBUG: <PixTestHighRate.cc/runCommand:L157> running command: caldelscan
[17:02:12.937]     INFO:    ----------------------------------------------------------------------
[17:02:12.937]     INFO:    PixTestHighRate::calDelScan() ntrig = 10, vcal = 200
[17:02:12.937]     INFO:    ----------------------------------------------------------------------
[17:02:13.077]     INFO: Expecting 768 events.
[17:02:14.214]     INFO: 768 events read in total (419ms).
[17:02:14.403]     INFO: Test took 1461ms.
[17:02:14.409]    DEBUG: <PixTest.cc/efficiencyMaps:L396>       attempt #0
[17:02:15.077]     INFO: Expecting 41600 events.
[17:02:19.567]     INFO: 41600 events read in total (3963ms).
[17:02:19.576]     INFO: Test took 5167ms.
[17:02:19.821]     INFO: Fetched DAQ statistics. Counters are being reset now.
[17:02:19.821]    DEBUG: <PixTest.cc/efficiencyMaps:L407>  eff result size = 1401668
[17:02:19.821]    DEBUG: <PixTest.cc/efficiencyMaps:L412> Create hists HR_xeff_CalDelScan_step0_C0 .. HR_xeff_CalDelScan_step0_C15
[17:02:19.821]    DEBUG: <PixTest.cc/efficiencyMaps:L426> booking xray maps for unmasked detector
[17:02:19.919]    DEBUG: <PixTest.cc/efficiencyMaps:L396>       attempt #0
[17:02:20.584]     INFO: Expecting 41600 events.
[17:02:25.186]     INFO: 41600 events read in total (4075ms).
[17:02:25.195]     INFO: Test took 5276ms.
[17:02:25.431]     INFO: Fetched DAQ statistics. Counters are being reset now.
[17:02:25.431]    DEBUG: <PixTest.cc/efficiencyMaps:L407>  eff result size = 1401415
[17:02:25.431]    DEBUG: <PixTest.cc/efficiencyMaps:L412> Create hists HR_xeff_CalDelScan_step1_C0 .. HR_xeff_CalDelScan_step1_C15
[17:02:25.432]    DEBUG: <PixTest.cc/efficiencyMaps:L426> booking xray maps for unmasked detector
[17:02:25.532]    DEBUG: <PixTest.cc/efficiencyMaps:L396>       attempt #0
[17:02:26.207]     INFO: Expecting 41600 events.
[17:02:30.828]     INFO: 41600 events read in total (4093ms).
[17:02:30.836]     INFO: Test took 5304ms.
[17:02:31.074]     INFO: Fetched DAQ statistics. Counters are being reset now.
[17:02:31.074]    DEBUG: <PixTest.cc/efficiencyMaps:L407>  eff result size = 1400830
[17:02:31.074]    DEBUG: <PixTest.cc/efficiencyMaps:L412> Create hists HR_xeff_CalDelScan_step2_C0 .. HR_xeff_CalDelScan_step2_C15
[17:02:31.074]    DEBUG: <PixTest.cc/efficiencyMaps:L426> booking xray maps for unmasked detector
[17:02:31.184]    DEBUG: <PixTest.cc/efficiencyMaps:L396>       attempt #0
[17:02:31.857]     INFO: Expecting 41600 events.
[17:02:36.493]     INFO: 41600 events read in total (4109ms).
[17:02:36.501]     INFO: Test took 5317ms.
[17:02:36.729]     INFO: Fetched DAQ statistics. Counters are being reset now.
[17:02:36.729]    DEBUG: <PixTest.cc/efficiencyMaps:L407>  eff result size = 1403235
[17:02:36.729]    DEBUG: <PixTest.cc/efficiencyMaps:L412> Create hists HR_xeff_CalDelScan_step3_C0 .. HR_xeff_CalDelScan_step3_C15
[17:02:36.730]    DEBUG: <PixTest.cc/efficiencyMaps:L426> booking xray maps for unmasked detector
[17:02:36.831]    DEBUG: <PixTest.cc/efficiencyMaps:L396>       attempt #0
[17:02:37.496]     INFO: Expecting 41600 events.
[17:02:42.176]     INFO: 41600 events read in total (4154ms).
[17:02:42.185]     INFO: Test took 5354ms.
[17:02:42.430]     INFO: Fetched DAQ statistics. Counters are being reset now.
[17:02:42.430]    DEBUG: <PixTest.cc/efficiencyMaps:L407>  eff result size = 1402925
[17:02:42.430]    DEBUG: <PixTest.cc/efficiencyMaps:L412> Create hists HR_xeff_CalDelScan_step4_C0 .. HR_xeff_CalDelScan_step4_C15
[17:02:42.430]    DEBUG: <PixTest.cc/efficiencyMaps:L426> booking xray maps for unmasked detector
[17:02:42.534]    DEBUG: <PixTest.cc/efficiencyMaps:L396>       attempt #0
[17:02:43.200]     INFO: Expecting 41600 events.
[17:02:47.877]     INFO: 41600 events read in total (4150ms).
[17:02:47.885]     INFO: Test took 5351ms.
[17:02:48.121]     INFO: Fetched DAQ statistics. Counters are being reset now.
[17:02:48.121]    DEBUG: <PixTest.cc/efficiencyMaps:L407>  eff result size = 1400742
[17:02:48.121]    DEBUG: <PixTest.cc/efficiencyMaps:L412> Create hists HR_xeff_CalDelScan_step5_C0 .. HR_xeff_CalDelScan_step5_C15
[17:02:48.121]    DEBUG: <PixTest.cc/efficiencyMaps:L426> booking xray maps for unmasked detector
[17:02:48.224]    DEBUG: <PixTest.cc/efficiencyMaps:L396>       attempt #0
[17:02:48.893]     INFO: Expecting 41600 events.
[17:02:53.590]     INFO: 41600 events read in total (4170ms).
[17:02:53.599]     INFO: Test took 5375ms.
[17:02:53.837]     INFO: Fetched DAQ statistics. Counters are being reset now.
[17:02:53.837]    DEBUG: <PixTest.cc/efficiencyMaps:L407>  eff result size = 1401760
[17:02:53.837]    DEBUG: <PixTest.cc/efficiencyMaps:L412> Create hists HR_xeff_CalDelScan_step6_C0 .. HR_xeff_CalDelScan_step6_C15
[17:02:53.838]    DEBUG: <PixTest.cc/efficiencyMaps:L426> booking xray maps for unmasked detector
[17:02:53.939]    DEBUG: <PixTest.cc/efficiencyMaps:L396>       attempt #0
[17:02:54.607]     INFO: Expecting 41600 events.
[17:02:59.280]     INFO: 41600 events read in total (4147ms).
[17:02:59.289]     INFO: Test took 5350ms.
[17:02:59.516]     INFO: Fetched DAQ statistics. Counters are being reset now.
[17:02:59.516]    DEBUG: <PixTest.cc/efficiencyMaps:L407>  eff result size = 1399710
[17:02:59.517]    DEBUG: <PixTest.cc/efficiencyMaps:L412> Create hists HR_xeff_CalDelScan_step7_C0 .. HR_xeff_CalDelScan_step7_C15
[17:02:59.517]    DEBUG: <PixTest.cc/efficiencyMaps:L426> booking xray maps for unmasked detector
[17:02:59.617]    DEBUG: <PixTest.cc/efficiencyMaps:L396>       attempt #0
[17:03:00.282]     INFO: Expecting 41600 events.
[17:03:04.949]     INFO: 41600 events read in total (4140ms).
[17:03:04.957]     INFO: Test took 5340ms.
[17:03:05.190]     INFO: Fetched DAQ statistics. Counters are being reset now.
[17:03:05.190]    DEBUG: <PixTest.cc/efficiencyMaps:L407>  eff result size = 1397570
[17:03:05.190]    DEBUG: <PixTest.cc/efficiencyMaps:L412> Create hists HR_xeff_CalDelScan_step8_C0 .. HR_xeff_CalDelScan_step8_C15
[17:03:05.191]    DEBUG: <PixTest.cc/efficiencyMaps:L426> booking xray maps for unmasked detector
[17:03:05.292]    DEBUG: <PixTest.cc/efficiencyMaps:L396>       attempt #0
[17:03:05.961]     INFO: Expecting 41600 events.
[17:03:10.624]     INFO: 41600 events read in total (4137ms).
[17:03:10.631]     INFO: Test took 5339ms.
[17:03:10.863]     INFO: Fetched DAQ statistics. Counters are being reset now.
[17:03:10.863]    DEBUG: <PixTest.cc/efficiencyMaps:L407>  eff result size = 1400026
[17:03:10.863]    DEBUG: <PixTest.cc/efficiencyMaps:L412> Create hists HR_xeff_CalDelScan_step9_C0 .. HR_xeff_CalDelScan_step9_C15
[17:03:10.863]    DEBUG: <PixTest.cc/efficiencyMaps:L426> booking xray maps for unmasked detector
[17:03:10.967]    DEBUG: <PixTest.cc/efficiencyMaps:L396>       attempt #0
[17:03:11.634]     INFO: Expecting 41600 events.
[17:03:16.315]     INFO: 41600 events read in total (4154ms).
[17:03:16.322]     INFO: Test took 5355ms.
[17:03:16.555]     INFO: Fetched DAQ statistics. Counters are being reset now.
[17:03:16.556]    DEBUG: <PixTest.cc/efficiencyMaps:L407>  eff result size = 1400179
[17:03:16.556]    DEBUG: <PixTest.cc/efficiencyMaps:L412> Create hists HR_xeff_CalDelScan_step10_C0 .. HR_xeff_CalDelScan_step10_C15
[17:03:16.556]    DEBUG: <PixTest.cc/efficiencyMaps:L426> booking xray maps for unmasked detector
[17:03:16.659]    DEBUG: <PixTest.cc/efficiencyMaps:L396>       attempt #0
[17:03:17.326]     INFO: Expecting 41600 events.
[17:03:21.971]     INFO: 41600 events read in total (4118ms).
[17:03:21.978]     INFO: Test took 5319ms.
[17:03:22.213]     INFO: Fetched DAQ statistics. Counters are being reset now.
[17:03:22.213]    DEBUG: <PixTest.cc/efficiencyMaps:L407>  eff result size = 1399612
[17:03:22.213]    DEBUG: <PixTest.cc/efficiencyMaps:L412> Create hists HR_xeff_CalDelScan_step11_C0 .. HR_xeff_CalDelScan_step11_C15
[17:03:22.214]    DEBUG: <PixTest.cc/efficiencyMaps:L426> booking xray maps for unmasked detector
[17:03:22.316]    DEBUG: <PixTest.cc/efficiencyMaps:L396>       attempt #0
[17:03:22.983]     INFO: Expecting 41600 events.
[17:03:27.627]     INFO: 41600 events read in total (4117ms).
[17:03:27.635]     INFO: Test took 5319ms.
[17:03:27.864]     INFO: Fetched DAQ statistics. Counters are being reset now.
[17:03:27.864]    DEBUG: <PixTest.cc/efficiencyMaps:L407>  eff result size = 1399153
[17:03:27.864]    DEBUG: <PixTest.cc/efficiencyMaps:L412> Create hists HR_xeff_CalDelScan_step12_C0 .. HR_xeff_CalDelScan_step12_C15
[17:03:27.864]    DEBUG: <PixTest.cc/efficiencyMaps:L426> booking xray maps for unmasked detector
[17:03:27.966]    DEBUG: <PixTest.cc/efficiencyMaps:L396>       attempt #0
[17:03:28.631]     INFO: Expecting 41600 events.
[17:03:33.253]     INFO: 41600 events read in total (4096ms).
[17:03:33.261]     INFO: Test took 5295ms.
[17:03:33.490]     INFO: Fetched DAQ statistics. Counters are being reset now.
[17:03:33.490]    DEBUG: <PixTest.cc/efficiencyMaps:L407>  eff result size = 1399089
[17:03:33.490]    DEBUG: <PixTest.cc/efficiencyMaps:L412> Create hists HR_xeff_CalDelScan_step13_C0 .. HR_xeff_CalDelScan_step13_C15
[17:03:33.490]    DEBUG: <PixTest.cc/efficiencyMaps:L426> booking xray maps for unmasked detector
[17:03:33.592]    DEBUG: <PixTest.cc/efficiencyMaps:L396>       attempt #0
[17:03:34.260]     INFO: Expecting 41600 events.
[17:03:38.908]     INFO: 41600 events read in total (4121ms).
[17:03:38.915]     INFO: Test took 5323ms.
[17:03:39.142]     INFO: Fetched DAQ statistics. Counters are being reset now.
[17:03:39.142]    DEBUG: <PixTest.cc/efficiencyMaps:L407>  eff result size = 1399454
[17:03:39.142]    DEBUG: <PixTest.cc/efficiencyMaps:L412> Create hists HR_xeff_CalDelScan_step14_C0 .. HR_xeff_CalDelScan_step14_C15
[17:03:39.142]    DEBUG: <PixTest.cc/efficiencyMaps:L426> booking xray maps for unmasked detector
[17:03:39.243]    DEBUG: <PixTest.cc/efficiencyMaps:L396>       attempt #0
[17:03:39.908]     INFO: Expecting 41600 events.
[17:03:44.573]     INFO: 41600 events read in total (4138ms).
[17:03:44.581]     INFO: Test took 5338ms.
[17:03:44.813]     INFO: Fetched DAQ statistics. Counters are being reset now.
[17:03:44.813]    DEBUG: <PixTest.cc/efficiencyMaps:L407>  eff result size = 1399737
[17:03:44.813]    DEBUG: <PixTest.cc/efficiencyMaps:L412> Create hists HR_xeff_CalDelScan_step15_C0 .. HR_xeff_CalDelScan_step15_C15
[17:03:44.813]    DEBUG: <PixTest.cc/efficiencyMaps:L426> booking xray maps for unmasked detector
[17:03:44.917]    DEBUG: <PixTest.cc/efficiencyMaps:L396>       attempt #0
[17:03:45.584]     INFO: Expecting 41600 events.
[17:03:50.235]     INFO: 41600 events read in total (4125ms).
[17:03:50.242]     INFO: Test took 5325ms.
[17:03:50.468]     INFO: Fetched DAQ statistics. Counters are being reset now.
[17:03:50.468]    DEBUG: <PixTest.cc/efficiencyMaps:L407>  eff result size = 1399006
[17:03:50.468]    DEBUG: <PixTest.cc/efficiencyMaps:L412> Create hists HR_xeff_CalDelScan_step16_C0 .. HR_xeff_CalDelScan_step16_C15
[17:03:50.469]    DEBUG: <PixTest.cc/efficiencyMaps:L426> booking xray maps for unmasked detector
[17:03:50.570]    DEBUG: <PixTest.cc/efficiencyMaps:L396>       attempt #0
[17:03:51.235]     INFO: Expecting 41600 events.
[17:03:55.882]     INFO: 41600 events read in total (4120ms).
[17:03:55.890]     INFO: Test took 5320ms.
[17:03:56.119]     INFO: Fetched DAQ statistics. Counters are being reset now.
[17:03:56.119]    DEBUG: <PixTest.cc/efficiencyMaps:L407>  eff result size = 1401679
[17:03:56.119]    DEBUG: <PixTest.cc/efficiencyMaps:L412> Create hists HR_xeff_CalDelScan_step17_C0 .. HR_xeff_CalDelScan_step17_C15
[17:03:56.120]    DEBUG: <PixTest.cc/efficiencyMaps:L426> booking xray maps for unmasked detector
[17:03:56.223]    DEBUG: <PixTest.cc/efficiencyMaps:L396>       attempt #0
[17:03:56.890]     INFO: Expecting 41600 events.
[17:04:01.502]     INFO: 41600 events read in total (4085ms).
[17:04:01.509]     INFO: Test took 5286ms.
[17:04:01.738]     INFO: Fetched DAQ statistics. Counters are being reset now.
[17:04:01.738]    DEBUG: <PixTest.cc/efficiencyMaps:L407>  eff result size = 1400455
[17:04:01.738]    DEBUG: <PixTest.cc/efficiencyMaps:L412> Create hists HR_xeff_CalDelScan_step18_C0 .. HR_xeff_CalDelScan_step18_C15
[17:04:01.739]    DEBUG: <PixTest.cc/efficiencyMaps:L426> booking xray maps for unmasked detector
[17:04:01.841]    DEBUG: <PixTest.cc/efficiencyMaps:L396>       attempt #0
[17:04:02.506]     INFO: Expecting 41600 events.
[17:04:06.951]     INFO: 41600 events read in total (3918ms).
[17:04:06.959]     INFO: Test took 5118ms.
[17:04:07.187]     INFO: Fetched DAQ statistics. Counters are being reset now.
[17:04:07.187]    DEBUG: <PixTest.cc/efficiencyMaps:L407>  eff result size = 1406371
[17:04:07.187]    DEBUG: <PixTest.cc/efficiencyMaps:L412> Create hists HR_xeff_CalDelScan_step19_C0 .. HR_xeff_CalDelScan_step19_C15
[17:04:07.187]    DEBUG: <PixTest.cc/efficiencyMaps:L426> booking xray maps for unmasked detector
[17:04:07.509]    DEBUG: <PixTestHighRate.cc/doCalDelScan:L422> roc  0: caldel = 155 eff = 0.970769
[17:04:07.510]    DEBUG: <PixTestHighRate.cc/doCalDelScan:L422> roc  1: caldel = 170 eff = 0.974351
[17:04:07.510]    DEBUG: <PixTestHighRate.cc/doCalDelScan:L422> roc  2: caldel = 144 eff = 0.968678
[17:04:07.510]    DEBUG: <PixTestHighRate.cc/doCalDelScan:L422> roc  3: caldel = 167 eff = 0.958606
[17:04:07.510]    DEBUG: <PixTestHighRate.cc/doCalDelScan:L422> roc  4: caldel = 158 eff = 0.955673
[17:04:07.510]    DEBUG: <PixTestHighRate.cc/doCalDelScan:L422> roc  5: caldel = 192 eff = 0.955673
[17:04:07.510]    DEBUG: <PixTestHighRate.cc/doCalDelScan:L422> roc  6: caldel = 157 eff = 0.95726
[17:04:07.511]    DEBUG: <PixTestHighRate.cc/doCalDelScan:L422> roc  7: caldel = 145 eff = 0.96262
[17:04:07.511]    DEBUG: <PixTestHighRate.cc/doCalDelScan:L422> roc  8: caldel = 163 eff = 0.960481
[17:04:07.511]    DEBUG: <PixTestHighRate.cc/doCalDelScan:L422> roc  9: caldel = 163 eff = 0.958438
[17:04:07.511]    DEBUG: <PixTestHighRate.cc/doCalDelScan:L422> roc 10: caldel = 150 eff = 0.960649
[17:04:07.511]    DEBUG: <PixTestHighRate.cc/doCalDelScan:L422> roc 11: caldel = 152 eff = 0.961538
[17:04:07.511]    DEBUG: <PixTestHighRate.cc/doCalDelScan:L422> roc 12: caldel = 168 eff = 0.964087
[17:04:07.512]    DEBUG: <PixTestHighRate.cc/doCalDelScan:L422> roc 13: caldel = 172 eff = 0.969615
[17:04:07.512]    DEBUG: <PixTestHighRate.cc/doCalDelScan:L422> roc 14: caldel = 143 eff = 0.975938
[17:04:07.512]    DEBUG: <PixTestHighRate.cc/doCalDelScan:L422> roc 15: caldel = 138 eff = 0.975529
[17:04:12.560]    DEBUG: <PixTab.cc/buttonClicked:L308> xxxPressed():  xpixelalive
[17:04:12.561]    DEBUG: <PixTestHighRate.cc/runCommand:L157> running command: xpixelalive
[17:04:12.561]     INFO:    ----------------------------------------------------------------------
[17:04:12.561]     INFO:    PixTestHighRate::xPixelAlive() ntrig = 50, vcal = 200
[17:04:12.561]     INFO:    ----------------------------------------------------------------------
[17:04:12.561]    DEBUG: <PixTestHighRate.cc/doXPixelAlive:L451>  old set: clk: 4
[17:04:12.561]    DEBUG: <PixTestHighRate.cc/doXPixelAlive:L451>  old set: ctr: 4
[17:04:12.561]    DEBUG: <PixTestHighRate.cc/doXPixelAlive:L451>  old set: sda: 19
[17:04:12.561]    DEBUG: <PixTestHighRate.cc/doXPixelAlive:L451>  old set: tin: 9
[17:04:12.561]    DEBUG: <PixTestHighRate.cc/doXPixelAlive:L451>  old set: level: 15
[17:04:12.561]    DEBUG: <PixTestHighRate.cc/doXPixelAlive:L451>  old set: triggerdelay: 0
[17:04:12.561]    DEBUG: <PixTestHighRate.cc/doXPixelAlive:L467>  setting: clk: 4
[17:04:12.561]    DEBUG: <PixTestHighRate.cc/doXPixelAlive:L467>  setting: ctr: 4
[17:04:12.561]    DEBUG: <PixTestHighRate.cc/doXPixelAlive:L467>  setting: sda: 19
[17:04:12.561]    DEBUG: <PixTestHighRate.cc/doXPixelAlive:L467>  setting: tin: 9
[17:04:12.561]    DEBUG: <PixTestHighRate.cc/doXPixelAlive:L467>  setting: level: 15
[17:04:12.561]    DEBUG: <PixTestHighRate.cc/doXPixelAlive:L467>  setting: triggerdelay: 20
[17:04:12.603]    DEBUG: <PixTest.cc/efficiencyMaps:L396>       attempt #0
[17:04:13.272]     INFO: Expecting 208000 events.
[17:04:35.760]     INFO: 208000 events read in total (21961ms).
[17:04:35.794]     INFO: Test took 23191ms.
[17:04:36.983]     INFO: Fetched DAQ statistics. Counters are being reset now.
[17:04:36.983]    DEBUG: <PixTest.cc/efficiencyMaps:L407>  eff result size = 6779227
[17:04:36.983]    DEBUG: <PixTest.cc/efficiencyMaps:L412> Create hists highRate_C0 .. highRate_C15
[17:04:36.984]    DEBUG: <PixTest.cc/efficiencyMaps:L426> booking xray maps for unmasked detector
[17:04:37.659]     INFO: number of dead pixels (per ROC):     0    0    0    0    0    0    0    0    0    0    0    0    0    0    0    0
[17:04:37.659]     INFO: number of red-efficiency pixels:   850  562 1205 1983 2082 2237 2118 1995 2139 2297 2220 2004 1964 1121  471  591
[17:04:37.659]     INFO: number of X-ray hits detected:    275829 198128 325931 496583 528470 549581 527984 486145 518695 547076 525603 501605 497097 328941 186118 218881
[17:04:37.659]     INFO: number of triggers sent (total per ROC):  208000 208000 208000 208000 208000 208000 208000 208000 208000 208000 208000 208000 208000 208000 208000 208000
[17:04:37.659]     INFO: number of Vcal hits detected:  205767 206582 205676 204938 204501 204121 204533 204130 204798 204115 204330 204757 204920 206226 207459 207339
[17:04:37.659]     INFO: Vcal hit fiducial efficiency (%):  98.9 99.3 98.9 98.7 98.5 98.3 98.5 98.2 98.6 98.3 98.4 98.6 98.7 99.2 99.8 99.7
[17:04:37.659]     INFO: Vcal hit overall efficiency (%):  98.9 99.3 98.9 98.5 98.3 98.1 98.3 98.1 98.5 98.1 98.2 98.4 98.5 99.1 99.7 99.7
[17:04:37.659]     INFO: X-ray hit rate [MHz/cm2]:  80.8 58.1 95.5 145.6 154.9 161.1 154.8 142.5 152.0 160.4 154.1 147.0 145.7 96.4 54.6 64.2
[17:04:37.659]     INFO: PixTestHighRate::doXPixelAlive() done
[17:04:37.704]    DEBUG: <PixTestHighRate.cc/doXPixelAlive:L586>  resetting: clk: 4
[17:04:37.704]    DEBUG: <PixTestHighRate.cc/doXPixelAlive:L586>  resetting: ctr: 4
[17:04:37.704]    DEBUG: <PixTestHighRate.cc/doXPixelAlive:L586>  resetting: sda: 19
[17:04:37.704]    DEBUG: <PixTestHighRate.cc/doXPixelAlive:L586>  resetting: tin: 9
[17:04:37.704]    DEBUG: <PixTestHighRate.cc/doXPixelAlive:L586>  resetting: level: 15
[17:04:37.705]    DEBUG: <PixTestHighRate.cc/doXPixelAlive:L586>  resetting: triggerdelay: 0
[17:04:37.705]     INFO: PixTest::       pg_setup set to default.
[17:04:42.256]    DEBUG: <PixTest.cc/moduleMap:L1029> moduleMap histname: what
[17:04:42.257]    DEBUG: <PixTest.cc/moduleMap:L1039> h1->GetName() = highRate_xraymap_C11_V0 -> highRate_xraymap_mod
[17:04:55.569]    DEBUG: <PixGui.cc/handleButtons:L396> PixGui::exit called
[17:04:55.569]    DEBUG: <PixGui.cc/CloseWindow:L335> Final Analog Current: 389.9mA
[17:04:55.570]    DEBUG: <PixGui.cc/CloseWindow:L336> Final Digital Current: 473.5mA
[17:04:55.570]    DEBUG: <PixGui.cc/CloseWindow:L337> Final Module Temperature: 22.9 C
[17:04:55.570]    DEBUG: <PixTestBBMap.cc/~PixTestBBMap:L97> PixTestBBMap dtor
[17:04:55.570]    DEBUG: <PixTestBB2Map.cc/~PixTestBB2Map:L115> PixTestBB2Map dtor
[17:04:55.570]    DEBUG: <PixTestBB3Map.cc/~PixTestBB3Map:L99> PixTestBB3Map dtor
[17:04:55.570]    DEBUG: <PixTestBB4Map.cc/~PixTestBB4Map:L118> PixTestBB4Map dtor
[17:04:55.570]    DEBUG: <PixTestCmd.cc/~PixTestCmd:L78> PixTestCmd dtor
[17:04:55.570]    DEBUG: <PixTestDaq.cc/~PixTestDaq:L37> PixTestDaq dtor
[17:04:55.571]    DEBUG: <PixTestDacDacScan.cc/~PixTestDacDacScan:L136> PixTestDacDacScan dtor
[17:04:55.571]    DEBUG: <PixTestDacScan.cc/~PixTestDacScan:L129> PixTestDacScan dtor
[17:04:55.571]    DEBUG: <PixTestGainPedestal.cc/~PixTestGainPedestal:L125> PixTestGainPedestal dtor
[17:04:55.571]    DEBUG: <PixTestHighRate.cc/~PixTestHighRate:L245> PixTestHighRate dtor
[17:04:55.670]    DEBUG: <PixTestIV.cc/~PixTestIV:L96> PixTestIV dtor
[17:04:55.671]    DEBUG: <PixTestAlive.cc/~PixTestAlive:L109> PixTestAlive dtor
[17:04:55.671]    DEBUG: <PixTestPretest.cc/~PixTestPretest:L136> PixTestPretest dtor
[17:04:55.671]    DEBUG: <PixTestReadback.cc/~PixTestReadback:L89> PixTestReadback dtor, saving tree ... 
[17:04:55.671]    DEBUG: <PixTestScurves.cc/~PixTestScurves:L142> PixTestScurves dtor
[17:04:55.671]    DEBUG: <PixTestTiming.cc/~PixTestTiming:L97> PixTestTiming dtor
[17:04:55.671]    DEBUG: <PixTestTrim.cc/~PixTestTrim:L103> PixTestTrim dtor
[17:04:55.671]    DEBUG: <PixTestXray.cc/~PixTestXray:L217> PixTestXray dtor
[17:04:55.673]    QUIET: Connection to board 58 closed.
[17:04:55.753]    DEBUG: <PixMonitor.cc/dumpSummaries:L39> PixMonitor::dumpSummaries
