[13:51:08.593]     INFO: *** Welcome to pxar ***
[13:51:08.593]     INFO: *** Today: 2016/02/12
[13:51:08.609]     INFO: *** Version: prod-12-105-g46f2
[13:51:08.609]     INFO: readRocDacs: ./data/mg124/dacParameters35_C0.dat .. ./data/mg124/dacParameters35_C15.dat
[13:51:08.610]     INFO: readTbmDacs: ./data/mg124/tbmParameters_C0a.dat .. ./data/mg124/tbmParameters_C0b.dat
[13:51:08.610]     INFO: readMaskFile: ./data/mg124/defaultMaskFile.dat
[13:51:08.610]     INFO: readTrimFile: ./data/mg124/trimParameters35_C0.dat .. ./data/mg124/trimParameters35_C15.dat
[13:51:08.763]     INFO:         clk: 4
[13:51:08.764]     INFO:         ctr: 4
[13:51:08.764]     INFO:         sda: 19
[13:51:08.764]     INFO:         tin: 9
[13:51:08.764]     INFO:         level: 15
[13:51:08.764]     INFO:         triggerdelay: 0
[13:51:08.764]    QUIET: Instanciating API for pxar prod-12
[13:51:08.764]     INFO: Log level: DEBUG
[13:51:08.775]    QUIET: Connection to board DTB_WRPRHI opened.
[13:51:08.778]     INFO: DTB startup information
--- DTB info------------------------------------------
Board id:    58
HW version:  DTB1.2
FW version:  4.2
SW version:  4.5
USB id:      DTB_WRPRHI
MAC address: 40D85511803A
Hostname:    pixelDTB058
Comment:     
------------------------------------------------------
[13:51:08.781]     INFO: RPC call hashes of host and DTB match: 398089610
[13:51:10.381]     INFO: DUT info: 
[13:51:10.381]     INFO: The DUT currently contains the following objects:
[13:51:10.381]     INFO:  2 TBM Cores tbm08c (2 ON)
[13:51:10.381]     INFO: 	TBM Core alpha (0): 7 registers set
[13:51:10.381]     INFO: 	TBM Core beta  (1): 7 registers set
[13:51:10.381]     INFO: 16 ROCs psi46digv21respin (16 ON) with 4160 pixelConfigs
[13:51:10.381]     INFO: 	ROC 0: 19 DACs set, Pixels: 0 masked, 0 active.
[13:51:10.381]     INFO: 	ROC 1: 19 DACs set, Pixels: 0 masked, 0 active.
[13:51:10.381]     INFO: 	ROC 2: 19 DACs set, Pixels: 0 masked, 0 active.
[13:51:10.381]     INFO: 	ROC 3: 19 DACs set, Pixels: 0 masked, 0 active.
[13:51:10.381]     INFO: 	ROC 4: 19 DACs set, Pixels: 0 masked, 0 active.
[13:51:10.381]     INFO: 	ROC 5: 19 DACs set, Pixels: 0 masked, 0 active.
[13:51:10.381]     INFO: 	ROC 6: 19 DACs set, Pixels: 0 masked, 0 active.
[13:51:10.381]     INFO: 	ROC 7: 19 DACs set, Pixels: 0 masked, 0 active.
[13:51:10.381]     INFO: 	ROC 8: 19 DACs set, Pixels: 0 masked, 0 active.
[13:51:10.381]     INFO: 	ROC 9: 19 DACs set, Pixels: 0 masked, 0 active.
[13:51:10.381]     INFO: 	ROC 10: 19 DACs set, Pixels: 0 masked, 0 active.
[13:51:10.381]     INFO: 	ROC 11: 19 DACs set, Pixels: 0 masked, 0 active.
[13:51:10.381]     INFO: 	ROC 12: 19 DACs set, Pixels: 0 masked, 0 active.
[13:51:10.381]     INFO: 	ROC 13: 19 DACs set, Pixels: 0 masked, 0 active.
[13:51:10.381]     INFO: 	ROC 14: 19 DACs set, Pixels: 0 masked, 0 active.
[13:51:10.381]     INFO: 	ROC 15: 19 DACs set, Pixels: 0 masked, 0 active.
[13:51:10.381]    DEBUG: <PixTestParameters.cc/dump:L104> PixTestParameters: ->BB<-
[13:51:10.381]    DEBUG: <PixTestParameters.cc/dump:L107>   dumpall: checkbox(0)
[13:51:10.381]    DEBUG: <PixTestParameters.cc/dump:L107>   dumpproblematic: checkbox(0)
[13:51:10.381]    DEBUG: <PixTestParameters.cc/dump:L107>   ntrig: 5
[13:51:10.381]    DEBUG: <PixTestParameters.cc/dump:L107>   vcals: 250
[13:51:10.381]    DEBUG: <PixTestParameters.cc/dump:L104> PixTestParameters: ->BB2<-
[13:51:10.381]    DEBUG: <PixTestParameters.cc/dump:L107>   ntrig: 10
[13:51:10.381]    DEBUG: <PixTestParameters.cc/dump:L107>   vcals: 222
[13:51:10.382]    DEBUG: <PixTestParameters.cc/dump:L107>   plwidth: 35
[13:51:10.382]    DEBUG: <PixTestParameters.cc/dump:L107>   pix: 11,20
[13:51:10.382]    DEBUG: <PixTestParameters.cc/dump:L107>   targetia: 24
[13:51:10.382]    DEBUG: <PixTestParameters.cc/dump:L104> PixTestParameters: ->BB3<-
[13:51:10.382]    DEBUG: <PixTestParameters.cc/dump:L107>   dumpall: checkbox(0)
[13:51:10.382]    DEBUG: <PixTestParameters.cc/dump:L107>   dumpproblematic: checkbox(0)
[13:51:10.382]    DEBUG: <PixTestParameters.cc/dump:L107>   ntrig: 5
[13:51:10.382]    DEBUG: <PixTestParameters.cc/dump:L107>   vcals: 250
[13:51:10.382]    DEBUG: <PixTestParameters.cc/dump:L104> PixTestParameters: ->BB4<-
[13:51:10.382]    DEBUG: <PixTestParameters.cc/dump:L107>   savecaldelscan: checkbox(0)
[13:51:10.382]    DEBUG: <PixTestParameters.cc/dump:L107>   ntrig: 100
[13:51:10.382]    DEBUG: <PixTestParameters.cc/dump:L107>   cals: 1
[13:51:10.382]    DEBUG: <PixTestParameters.cc/dump:L107>   caldello: 80
[13:51:10.382]    DEBUG: <PixTestParameters.cc/dump:L107>   caldelhi: 200
[13:51:10.382]    DEBUG: <PixTestParameters.cc/dump:L107>   caldelstep: 10
[13:51:10.382]    DEBUG: <PixTestParameters.cc/dump:L107>   vthrcomplo: 70
[13:51:10.382]    DEBUG: <PixTestParameters.cc/dump:L107>   vthrcomphi: 130
[13:51:10.382]    DEBUG: <PixTestParameters.cc/dump:L107>   vthrcompstep: 5
[13:51:10.382]    DEBUG: <PixTestParameters.cc/dump:L107>   noisypixels: 10
[13:51:10.382]    DEBUG: <PixTestParameters.cc/dump:L107>   vcal: 255
[13:51:10.382]    DEBUG: <PixTestParameters.cc/dump:L107>   cut: 0.5
[13:51:10.382]    DEBUG: <PixTestParameters.cc/dump:L104> PixTestParameters: ->Cmd<-
[13:51:10.382]    DEBUG: <PixTestParameters.cc/dump:L104> PixTestParameters: ->DAQ<-
[13:51:10.382]    DEBUG: <PixTestParameters.cc/dump:L107>   delaytbm: checkbox
[13:51:10.382]    DEBUG: <PixTestParameters.cc/dump:L107>   filltree: checkbox
[13:51:10.382]    DEBUG: <PixTestParameters.cc/dump:L107>   trgfrequency(khz): 100
[13:51:10.382]    DEBUG: <PixTestParameters.cc/dump:L107>   maskhotpixels: button
[13:51:10.382]    DEBUG: <PixTestParameters.cc/dump:L107>   trgnumber: 5
[13:51:10.382]    DEBUG: <PixTestParameters.cc/dump:L107>   iterations: 10
[13:51:10.382]    DEBUG: <PixTestParameters.cc/dump:L107>   rundaqtrg: button
[13:51:10.382]    DEBUG: <PixTestParameters.cc/dump:L107>   daqseconds: 5
[13:51:10.382]    DEBUG: <PixTestParameters.cc/dump:L107>   rundaqseconds: button
[13:51:10.382]    DEBUG: <PixTestParameters.cc/dump:L104> PixTestParameters: ->DacDacScan<-
[13:51:10.382]    DEBUG: <PixTestParameters.cc/dump:L107>   phmap: checkbox
[13:51:10.382]    DEBUG: <PixTestParameters.cc/dump:L107>   ntrig: 10
[13:51:10.382]    DEBUG: <PixTestParameters.cc/dump:L107>   dac1: caldel
[13:51:10.382]    DEBUG: <PixTestParameters.cc/dump:L107>   dac1lo: 0
[13:51:10.382]    DEBUG: <PixTestParameters.cc/dump:L107>   dac1hi: 255
[13:51:10.382]    DEBUG: <PixTestParameters.cc/dump:L107>   dac2: vthrcomp
[13:51:10.382]    DEBUG: <PixTestParameters.cc/dump:L107>   dac2lo: 0
[13:51:10.382]    DEBUG: <PixTestParameters.cc/dump:L107>   dac2hi: 255
[13:51:10.382]    DEBUG: <PixTestParameters.cc/dump:L107>   pix: 11,20
[13:51:10.382]    DEBUG: <PixTestParameters.cc/dump:L104> PixTestParameters: ->DacScan<-
[13:51:10.382]    DEBUG: <PixTestParameters.cc/dump:L107>   phmap: checkbox(1)
[13:51:10.382]    DEBUG: <PixTestParameters.cc/dump:L107>   allpixels: checkbox(0)
[13:51:10.382]    DEBUG: <PixTestParameters.cc/dump:L107>   unmasked: checkbox(0)
[13:51:10.382]    DEBUG: <PixTestParameters.cc/dump:L107>   ntrig: 10
[13:51:10.382]    DEBUG: <PixTestParameters.cc/dump:L107>   dac: vcal
[13:51:10.382]    DEBUG: <PixTestParameters.cc/dump:L107>   daclo: 0
[13:51:10.382]    DEBUG: <PixTestParameters.cc/dump:L107>   dachi: 255
[13:51:10.382]    DEBUG: <PixTestParameters.cc/dump:L107>   pix: 11,20
[13:51:10.382]    DEBUG: <PixTestParameters.cc/dump:L104> PixTestParameters: ->GainPedestal<-
[13:51:10.382]    DEBUG: <PixTestParameters.cc/dump:L107>   showfits: checkbox(0)
[13:51:10.382]    DEBUG: <PixTestParameters.cc/dump:L107>   extended: checkbox(0)
[13:51:10.382]    DEBUG: <PixTestParameters.cc/dump:L107>   dumphists: checkbox(0)
[13:51:10.382]    DEBUG: <PixTestParameters.cc/dump:L107>   ntrig: 10
[13:51:10.382]    DEBUG: <PixTestParameters.cc/dump:L107>   vcalstep: 10
[13:51:10.382]    DEBUG: <PixTestParameters.cc/dump:L107>   measure: button
[13:51:10.382]    DEBUG: <PixTestParameters.cc/dump:L107>   fit: button
[13:51:10.382]    DEBUG: <PixTestParameters.cc/dump:L107>   save: button
[13:51:10.382]    DEBUG: <PixTestParameters.cc/dump:L104> PixTestParameters: ->HighRate<-
[13:51:10.382]    DEBUG: <PixTestParameters.cc/dump:L107>   pix: 11,20
[13:51:10.382]    DEBUG: <PixTestParameters.cc/dump:L107>   trimhotpixels: button
[13:51:10.382]    DEBUG: <PixTestParameters.cc/dump:L107>   trimhotpixelthr: 200
[13:51:10.382]    DEBUG: <PixTestParameters.cc/dump:L107>   runsecondshotpixels: 10
[13:51:10.382]    DEBUG: <PixTestParameters.cc/dump:L107>   savetrimbits: checkbox(1)
[13:51:10.382]    DEBUG: <PixTestParameters.cc/dump:L107>   maskuntrimmable: checkbox(1)
[13:51:10.382]    DEBUG: <PixTestParameters.cc/dump:L107>   maskhotpixels: button
[13:51:10.382]    DEBUG: <PixTestParameters.cc/dump:L107>   savemaskfile: checkbox(0)
[13:51:10.382]    DEBUG: <PixTestParameters.cc/dump:L107>   maskfilename: default
[13:51:10.382]    DEBUG: <PixTestParameters.cc/dump:L107>   caldelscan: button
[13:51:10.382]    DEBUG: <PixTestParameters.cc/dump:L107>   xpixelalive: button
[13:51:10.382]    DEBUG: <PixTestParameters.cc/dump:L107>   ntrig: 50
[13:51:10.382]    DEBUG: <PixTestParameters.cc/dump:L107>   vcal: 200
[13:51:10.382]    DEBUG: <PixTestParameters.cc/dump:L107>   xnoisemaps: button
[13:51:10.383]    DEBUG: <PixTestParameters.cc/dump:L107>   daclo: 0
[13:51:10.383]    DEBUG: <PixTestParameters.cc/dump:L107>   dachi: 100
[13:51:10.383]    DEBUG: <PixTestParameters.cc/dump:L107>   dacs/step: 20
[13:51:10.383]    DEBUG: <PixTestParameters.cc/dump:L107>   rundaq: button
[13:51:10.383]    DEBUG: <PixTestParameters.cc/dump:L107>   trgfrequency(khz): 20
[13:51:10.383]    DEBUG: <PixTestParameters.cc/dump:L107>   runseconds: 2
[13:51:10.383]    DEBUG: <PixTestParameters.cc/dump:L107>   triggerdelay: 20
[13:51:10.383]    DEBUG: <PixTestParameters.cc/dump:L107>   delaytbm: checkbox
[13:51:10.383]    DEBUG: <PixTestParameters.cc/dump:L107>   filltree: checkbox
[13:51:10.383]    DEBUG: <PixTestParameters.cc/dump:L104> PixTestParameters: ->IV<-
[13:51:10.383]    DEBUG: <PixTestParameters.cc/dump:L107>   port: /dev/FIXME
[13:51:10.383]    DEBUG: <PixTestParameters.cc/dump:L107>   voltagestart: 0
[13:51:10.383]    DEBUG: <PixTestParameters.cc/dump:L107>   voltagestop: 600
[13:51:10.383]    DEBUG: <PixTestParameters.cc/dump:L107>   voltagestep: 5
[13:51:10.383]    DEBUG: <PixTestParameters.cc/dump:L107>   delay: 1
[13:51:10.383]    DEBUG: <PixTestParameters.cc/dump:L107>   compliance(ua): 100
[13:51:10.383]    DEBUG: <PixTestParameters.cc/dump:L104> PixTestParameters: ->PhOptimization<-
[13:51:10.383]    DEBUG: <PixTestParameters.cc/dump:L107>   ntrig: 10
[13:51:10.383]    DEBUG: <PixTestParameters.cc/dump:L107>   safetymarginlow: 20
[13:51:10.383]    DEBUG: <PixTestParameters.cc/dump:L107>   saturationvcal: 100
[13:51:10.383]    DEBUG: <PixTestParameters.cc/dump:L107>   quantilesaturation: 0.98
[13:51:10.383]    DEBUG: <PixTestParameters.cc/dump:L104> PixTestParameters: ->PixelAlive<-
[13:51:10.383]    DEBUG: <PixTestParameters.cc/dump:L107>   ntrig: 10
[13:51:10.383]    DEBUG: <PixTestParameters.cc/dump:L107>   vcal: 200
[13:51:10.383]    DEBUG: <PixTestParameters.cc/dump:L107>   alivetest: button
[13:51:10.383]    DEBUG: <PixTestParameters.cc/dump:L107>   masktest: button
[13:51:10.383]    DEBUG: <PixTestParameters.cc/dump:L107>   addressdecodingtest: button
[13:51:10.383]    DEBUG: <PixTestParameters.cc/dump:L104> PixTestParameters: ->Pretest<-
[13:51:10.383]    DEBUG: <PixTestParameters.cc/dump:L107>   programroc: button
[13:51:10.383]    DEBUG: <PixTestParameters.cc/dump:L107>   targetia: 24
[13:51:10.383]    DEBUG: <PixTestParameters.cc/dump:L107>   setvana: button
[13:51:10.383]    DEBUG: <PixTestParameters.cc/dump:L107>   iterations: 100
[13:51:10.383]    DEBUG: <PixTestParameters.cc/dump:L107>   settimings: button
[13:51:10.383]    DEBUG: <PixTestParameters.cc/dump:L107>   findtiming: button
[13:51:10.383]    DEBUG: <PixTestParameters.cc/dump:L107>   findworkingpixel: button
[13:51:10.383]    DEBUG: <PixTestParameters.cc/dump:L107>   setvthrcompcaldel: button
[13:51:10.383]    DEBUG: <PixTestParameters.cc/dump:L107>   pix: 11,20
[13:51:10.383]    DEBUG: <PixTestParameters.cc/dump:L107>   vcal: 250
[13:51:10.383]    DEBUG: <PixTestParameters.cc/dump:L107>   deltavthrcomp: 50
[13:51:10.383]    DEBUG: <PixTestParameters.cc/dump:L107>   fraccaldel: 0.5
[13:51:10.383]    DEBUG: <PixTestParameters.cc/dump:L107>   ntrig: 5
[13:51:10.383]    DEBUG: <PixTestParameters.cc/dump:L107>   savedacs: button
[13:51:10.383]    DEBUG: <PixTestParameters.cc/dump:L104> PixTestParameters: ->Readback<-
[13:51:10.383]    DEBUG: <PixTestParameters.cc/dump:L107>   calibratevd: button
[13:51:10.383]    DEBUG: <PixTestParameters.cc/dump:L107>   calibrateva: button
[13:51:10.383]    DEBUG: <PixTestParameters.cc/dump:L107>   calibrateia: button
[13:51:10.383]    DEBUG: <PixTestParameters.cc/dump:L107>   readbackvbg: button
[13:51:10.383]    DEBUG: <PixTestParameters.cc/dump:L107>   getcalibratedvbg: button
[13:51:10.383]    DEBUG: <PixTestParameters.cc/dump:L107>   usecalvd: checkbox(1)
[13:51:10.383]    DEBUG: <PixTestParameters.cc/dump:L107>   usecalva: checkbox(0)
[13:51:10.383]    DEBUG: <PixTestParameters.cc/dump:L107>   setvana: button
[13:51:10.383]    DEBUG: <PixTestParameters.cc/dump:L104> PixTestParameters: ->Scurves<-
[13:51:10.383]    DEBUG: <PixTestParameters.cc/dump:L107>   adjustvcal: checkbox(0)
[13:51:10.383]    DEBUG: <PixTestParameters.cc/dump:L107>   dumpall: checkbox(0)
[13:51:10.383]    DEBUG: <PixTestParameters.cc/dump:L107>   dumpproblematic: checkbox(0)
[13:51:10.383]    DEBUG: <PixTestParameters.cc/dump:L107>   dumpoutputfile: checkbox(0)
[13:51:10.383]    DEBUG: <PixTestParameters.cc/dump:L107>   ntrig: 50
[13:51:10.383]    DEBUG: <PixTestParameters.cc/dump:L107>   dac: Vcal
[13:51:10.383]    DEBUG: <PixTestParameters.cc/dump:L107>   daclo: 0
[13:51:10.383]    DEBUG: <PixTestParameters.cc/dump:L107>   dachi: 200
[13:51:10.383]    DEBUG: <PixTestParameters.cc/dump:L107>   dacs/step: -1
[13:51:10.383]    DEBUG: <PixTestParameters.cc/dump:L107>   ntrig/step: -1
[13:51:10.383]    DEBUG: <PixTestParameters.cc/dump:L107>   scurves: button
[13:51:10.383]    DEBUG: <PixTestParameters.cc/dump:L104> PixTestParameters: ->Timing<-
[13:51:10.383]    DEBUG: <PixTestParameters.cc/dump:L107>   targetclk: 4
[13:51:10.383]    DEBUG: <PixTestParameters.cc/dump:L107>   ntrig: 10
[13:51:10.383]    DEBUG: <PixTestParameters.cc/dump:L107>   clocksdascan: button
[13:51:10.383]    DEBUG: <PixTestParameters.cc/dump:L107>   notokenpass: checkbox(0)
[13:51:10.383]    DEBUG: <PixTestParameters.cc/dump:L107>   phasescan: button
[13:51:10.383]    DEBUG: <PixTestParameters.cc/dump:L107>   levelscan: button
[13:51:10.383]    DEBUG: <PixTestParameters.cc/dump:L107>   tbmphasescan: button
[13:51:10.383]    DEBUG: <PixTestParameters.cc/dump:L107>   rocdelayscan: button
[13:51:10.383]    DEBUG: <PixTestParameters.cc/dump:L107>   timingtest: button
[13:51:10.383]    DEBUG: <PixTestParameters.cc/dump:L107>   saveparameters: button
[13:51:10.383]    DEBUG: <PixTestParameters.cc/dump:L104> PixTestParameters: ->Trim<-
[13:51:10.384]    DEBUG: <PixTestParameters.cc/dump:L107>   trim: button
[13:51:10.384]    DEBUG: <PixTestParameters.cc/dump:L107>   ntrig: 8
[13:51:10.384]    DEBUG: <PixTestParameters.cc/dump:L107>   vcal: 35
[13:51:10.384]    DEBUG: <PixTestParameters.cc/dump:L107>   trimbits: button
[13:51:10.384]    DEBUG: <PixTestParameters.cc/dump:L104> PixTestParameters: ->Xray<-
[13:51:10.384]    DEBUG: <PixTestParameters.cc/dump:L107>   maskhotpixels: button
[13:51:10.384]    DEBUG: <PixTestParameters.cc/dump:L107>   savemaskfile: checkbox(0)
[13:51:10.384]    DEBUG: <PixTestParameters.cc/dump:L107>   maskfilename: default
[13:51:10.384]    DEBUG: <PixTestParameters.cc/dump:L107>   source: Ag
[13:51:10.384]    DEBUG: <PixTestParameters.cc/dump:L107>   phrun: button
[13:51:10.384]    DEBUG: <PixTestParameters.cc/dump:L107>   runseconds: 100
[13:51:10.384]    DEBUG: <PixTestParameters.cc/dump:L107>   trgfrequency(khz): 100
[13:51:10.384]    DEBUG: <PixTestParameters.cc/dump:L107>   ratescan: button
[13:51:10.384]    DEBUG: <PixTestParameters.cc/dump:L107>   vthrcompmin: 10
[13:51:10.384]    DEBUG: <PixTestParameters.cc/dump:L107>   vthrcompmax: 80
[13:51:10.384]    DEBUG: <PixTestParameters.cc/dump:L107>   stepseconds: 5
[13:51:10.384]    DEBUG: <PixTestParameters.cc/dump:L107>   delaytbm: checkbox
[13:51:10.384]    DEBUG: <PixTestParameters.cc/dump:L107>   filltree: checkbox
[13:51:10.386]    DEBUG: <PixSetup.cc/init:L81> PixSetup init start; getCurrentRSS() = 34828288
[13:51:10.386]    DEBUG: <PixSetup.cc/init:L87> fPixTestParameters = 0x16897a0
[13:51:10.386]    DEBUG: <PixSetup.cc/init:L88>  fConfigParameters = 0x1617c40
[13:51:10.386]    DEBUG: <PixSetup.cc/init:L89>        fPxarMemory = 0x7fc1f9d94010
[13:51:10.386]    DEBUG: <PixSetup.cc/init:L90>         fPxarMemHi = 0x7fc1fffff510
[13:51:10.386]    DEBUG: <PixSetup.cc/init:L106> PixSetup init done;  getCurrentRSS() = 34836480 fPxarMemory = 0x7fc1f9d94010
[13:51:10.387]    DEBUG: <pXar.cc/main:L223> Initial Analog Current: 380.2mA
[13:51:10.388]    DEBUG: <pXar.cc/main:L224> Initial Digital Current: 469.5mA
[13:51:10.388]    DEBUG: <pXar.cc/main:L225> Initial Module Temperature: -1.5 C
[13:51:10.877]    DEBUG: <PixGui.cc/hvOn:L460> HV set On: 0x1c60500
[13:51:10.935]    DEBUG: <PixTestFactory.cc/PixTestFactory:L53> PixTestFactory::PixTestFactory()
[13:51:10.935]    DEBUG: <PixTestBBMap.cc/init:L79> PixTestBBMap::init()
[13:51:10.936]    DEBUG: <PixTestBBMap.cc/PixTestBBMap:L27> PixTestBBMap ctor(PixSetup &a, string, TGTab *)
[13:51:10.941]    DEBUG: <PixTestBB2Map.cc/setParameter:L58> setting fTargetIa    = 24 mA/ROC
[13:51:10.941]    DEBUG: <PixTestBB2Map.cc/init:L97> PixTestBB2Map::init()
[13:51:10.941]    DEBUG: <PixTestBB2Map.cc/PixTestBB2Map:L29> PixTestBB2Map ctor(PixSetup &a, string, TGTab *)
[13:51:10.949]    DEBUG: <PixTestBB3Map.cc/init:L81> PixTestBB3Map::init()
[13:51:10.949]    DEBUG: <PixTestBB3Map.cc/PixTestBB3Map:L29> PixTestBB3Map ctor(PixSetup &a, string, TGTab *)
[13:51:10.973]    DEBUG: <PixTestBB4Map.cc/init:L93> PixTestBB4Map::init()
[13:51:10.973]    DEBUG: <PixTestBB4Map.cc/PixTestBB4Map:L26> PixTestMapeff ctor(PixSetup &a, string, TGTab *)
[13:51:10.987]     INFO: PixTestCmd::init()
[13:51:10.991]    DEBUG: <PixTestDaq.cc/init:L44> PixTestDaq::init()
[13:51:10.991]    DEBUG: <PixTestDaq.cc/PixTestDaq:L22> PixTestDaq ctor(PixSetup &a, string, TGTab *)
[13:51:10.991]     INFO: readGainPedestalParameters ./data/mg124/phCalibrationFitErr35_C0.dat .. ./data/mg124/phCalibrationFitErr35_C15.dat
[13:51:11.231]    DEBUG: <PixTestDacDacScan.cc/init:L103> PixTestDacDacScan::init()
[13:51:11.232]    DEBUG: <PixTestDacDacScan.cc/PixTestDacDacScan:L22> PixTestDacDacScan ctor(PixSetup &a, string, TGTab *)
[13:51:11.243]    DEBUG: <PixTestGainPedestal.cc/setParameter:L83> PixTestGainPedestal::PixTest() fVcalStep = 10
[13:51:11.249]    DEBUG: <PixTestHighRate.cc/setParameter:L68>   setting fParTriggerFrequency -> 20
[13:51:11.249]    DEBUG: <PixTestHighRate.cc/init:L198> PixTestHighRate::init()
[13:51:11.249]    DEBUG: <PixTestHighRate.cc/PixTestHighRate:L31> PixTestHighRate ctor(PixSetup &a, string, TGTab *)
[13:51:11.270]    DEBUG: <PixTest.cc/setTestParameter:L637>  setting  ntrig to new value 10
[13:51:11.270]    DEBUG: <PixTestPhOptimization.cc/setParameter:L37>   setting fParNtrig  ->10<- from sval = 10
[13:51:11.270]    DEBUG: <PixTestPhOptimization.cc/setParameter:L42>   setting fSafetyMarginLow  ->20<- from sval = 20
[13:51:11.270]    DEBUG: <PixTestPhOptimization.cc/setParameter:L48>   setting fVcalMax  ->100<- from sval = 100
[13:51:11.270]    DEBUG: <PixTestPhOptimization.cc/setParameter:L53>   setting fQuantMax  ->0.98<- from sval = 0.98
[13:51:11.275]    DEBUG: <PixTestAlive.cc/init:L77> PixTestAlive::init()
[13:51:11.276]    DEBUG: <PixTestAlive.cc/PixTestAlive:L21> PixTestAlive ctor(PixSetup &a, string, TGTab *)
[13:51:11.287]    DEBUG: <PixTestReadback.cc/setParameter:L172> fCalwVd set to 1
[13:51:11.287]    DEBUG: <PixTestReadback.cc/init:L95> PixTestReadback::init()
[13:51:11.287]    DEBUG: <PixTestReadback.cc/PixTestReadback:L22> PixTestReadback ctor(PixSetup &a, string, TGTab *)
[13:51:11.289]     INFO: readReadbackCal: ./data/mg124/readbackCal_C0.dat .. ./data/mg124/readbackCal_C15.dat
[13:51:11.301]    DEBUG: <PixTestScurves.cc/setParameter:L93> set fOutputFilename = 
[13:51:11.308]    DEBUG: <PixTestTiming.cc/setParameter:L60> PixTestTiming::PixTest() targetclk = 4
[13:51:11.308]    DEBUG: <PixTestTiming.cc/setParameter:L64> PixTestTiming::PixTest() ntrig = 10
[13:51:11.308]    DEBUG: <PixTestTiming.cc/setParameter:L48> fNoTokenPass: 0
[13:51:11.308]    DEBUG: <PixTestTiming.cc/init:L74> PixTestTiming::init()
[13:51:11.319]    DEBUG: <PixTestXray.cc/init:L134> PixTestXray::init()
[13:51:11.319]    DEBUG: <PixTestXray.cc/PixTestXray:L28> PixTestXray ctor(PixSetup &a, string, TGTab *)
[13:51:23.325]    DEBUG: <PixTab.cc/setParameter:L391> xxxPressed():  ID = 1 -> source to value In
[13:51:24.733]     INFO: ######################################################################
[13:51:24.733]     INFO: PixTestXray::doTest()
[13:51:24.733]     INFO: ######################################################################
[13:51:24.733]     INFO:    ----------------------------------------------------------------------
[13:51:24.733]     INFO:    PixTestXray::doPhRun() fParRunSeconds = 100
[13:51:24.733]     INFO:    ----------------------------------------------------------------------
[13:51:25.704]     INFO: PixTestXray::doPhRun start TriggerLoop with trigger frequency 100 kHz, period 405 and duration 100 seconds,  fEventsMax = 10000000
[13:51:42.818]     INFO: run duration 17 seconds, buffer almost full (81%), pausing triggers.
[13:51:42.822]    DEBUG: <PixTestXray.cc/processData:L739> Getting Event Buffer
[13:52:07.350]    DEBUG: <PixTestXray.cc/processData:L757> Processing Data: 1686109 events.
[13:52:07.383]    DEBUG: <PixTestXray.cc/processData:L808>  # events read: 1686109, pixels seen in all events: 18107
[13:52:07.500]     INFO: Resuming triggers.
[13:52:24.614]     INFO: run duration 34 seconds, buffer almost full (81%), pausing triggers.
[13:52:24.634]    DEBUG: <PixTestXray.cc/processData:L739> Getting Event Buffer
[13:52:48.888]    DEBUG: <PixTestXray.cc/processData:L757> Processing Data: 1686067 events.
[13:52:48.922]    DEBUG: <PixTestXray.cc/processData:L808>  # events read: 1686067, pixels seen in all events: 17796
[13:52:49.039]     INFO: Resuming triggers.
[13:53:06.153]     INFO: run duration 51 seconds, buffer almost full (81%), pausing triggers.
[13:53:06.173]    DEBUG: <PixTestXray.cc/processData:L739> Getting Event Buffer
[13:53:30.486]    DEBUG: <PixTestXray.cc/processData:L757> Processing Data: 1686067 events.
[13:53:30.520]    DEBUG: <PixTestXray.cc/processData:L808>  # events read: 1686067, pixels seen in all events: 17881
[13:53:30.637]     INFO: Resuming triggers.
[13:53:47.751]     INFO: run duration 68 seconds, buffer almost full (81%), pausing triggers.
[13:53:47.773]    DEBUG: <PixTestXray.cc/processData:L739> Getting Event Buffer
[13:54:12.150]    DEBUG: <PixTestXray.cc/processData:L757> Processing Data: 1686105 events.
[13:54:12.182]    DEBUG: <PixTestXray.cc/processData:L808>  # events read: 1686105, pixels seen in all events: 17664
[13:54:12.300]     INFO: Resuming triggers.
[13:54:29.414]     INFO: run duration 85 seconds, buffer almost full (81%), pausing triggers.
[13:54:29.434]    DEBUG: <PixTestXray.cc/processData:L739> Getting Event Buffer
[13:54:53.788]    DEBUG: <PixTestXray.cc/processData:L757> Processing Data: 1686077 events.
[13:54:53.821]    DEBUG: <PixTestXray.cc/processData:L808>  # events read: 1686077, pixels seen in all events: 18144
[13:54:53.938]     INFO: Resuming triggers.
[13:55:08.488]     INFO: data taking finished, elapsed time: 100 seconds.
[13:55:08.685]    DEBUG: <PixTestXray.cc/processData:L739> Getting Event Buffer
[13:55:29.461]    DEBUG: <PixTestXray.cc/processData:L757> Processing Data: 1433484 events.
[13:55:29.488]    DEBUG: <PixTestXray.cc/processData:L808>  # events read: 1433484, pixels seen in all events: 15127
[13:55:29.617]     INFO: PixTest::       pg_setup set to default.
[13:55:29.651]     INFO: PixTestXray::doPhRun() done
[13:55:29.651]     INFO: PixTestXray::doTest() done 
[13:55:42.181]    DEBUG: <PixTab.cc/setParameter:L391> xxxPressed():  ID = 1 -> source to value Sn
[13:56:20.549]    DEBUG: <PixTab.cc/setParameter:L391> xxxPressed():  ID = 1 -> source to value Sn
[13:56:27.365]     INFO: ######################################################################
[13:56:27.365]     INFO: PixTestXray::doTest()
[13:56:27.365]     INFO: ######################################################################
[13:56:27.365]     INFO:    ----------------------------------------------------------------------
[13:56:27.365]     INFO:    PixTestXray::doPhRun() fParRunSeconds = 100
[13:56:27.365]     INFO:    ----------------------------------------------------------------------
[13:56:27.395]    DEBUG: <PixTestXray.cc/doPhRun:L270> booking new histograms as source name has changed
[13:56:28.356]     INFO: PixTestXray::doPhRun start TriggerLoop with trigger frequency 100 kHz, period 405 and duration 100 seconds,  fEventsMax = 10000000
[13:56:45.470]     INFO: run duration 17 seconds, buffer almost full (81%), pausing triggers.
[13:56:45.500]    DEBUG: <PixTestXray.cc/processData:L739> Getting Event Buffer
[13:57:09.797]    DEBUG: <PixTestXray.cc/processData:L757> Processing Data: 1686150 events.
[13:57:09.827]    DEBUG: <PixTestXray.cc/processData:L808>  # events read: 1686150, pixels seen in all events: 17192
[13:57:09.944]     INFO: Resuming triggers.
[13:57:27.059]     INFO: run duration 34 seconds, buffer almost full (81%), pausing triggers.
[13:57:27.078]    DEBUG: <PixTestXray.cc/processData:L739> Getting Event Buffer
[13:57:51.628]    DEBUG: <PixTestXray.cc/processData:L757> Processing Data: 1686152 events.
[13:57:51.660]    DEBUG: <PixTestXray.cc/processData:L808>  # events read: 1686152, pixels seen in all events: 16891
[13:57:51.779]     INFO: Resuming triggers.
[13:58:08.894]     INFO: run duration 51 seconds, buffer almost full (81%), pausing triggers.
[13:58:08.914]    DEBUG: <PixTestXray.cc/processData:L739> Getting Event Buffer
[13:58:33.430]    DEBUG: <PixTestXray.cc/processData:L757> Processing Data: 1686155 events.
[13:58:33.460]    DEBUG: <PixTestXray.cc/processData:L808>  # events read: 1686155, pixels seen in all events: 16896
[13:58:33.576]     INFO: Resuming triggers.
[13:58:50.691]     INFO: run duration 68 seconds, buffer almost full (81%), pausing triggers.
[13:58:50.713]    DEBUG: <PixTestXray.cc/processData:L739> Getting Event Buffer
[13:59:15.242]    DEBUG: <PixTestXray.cc/processData:L757> Processing Data: 1686163 events.
[13:59:15.271]    DEBUG: <PixTestXray.cc/processData:L808>  # events read: 1686163, pixels seen in all events: 16933
[13:59:15.392]     INFO: Resuming triggers.
[13:59:32.508]     INFO: run duration 85 seconds, buffer almost full (81%), pausing triggers.
[13:59:32.529]    DEBUG: <PixTestXray.cc/processData:L739> Getting Event Buffer
[13:59:56.968]    DEBUG: <PixTestXray.cc/processData:L757> Processing Data: 1686165 events.
[13:59:56.999]    DEBUG: <PixTestXray.cc/processData:L808>  # events read: 1686165, pixels seen in all events: 17088
[13:59:57.118]     INFO: Resuming triggers.
[14:00:11.661]     INFO: data taking finished, elapsed time: 100 seconds.
[14:00:11.856]    DEBUG: <PixTestXray.cc/processData:L739> Getting Event Buffer
[14:00:32.570]    DEBUG: <PixTestXray.cc/processData:L757> Processing Data: 1432708 events.
[14:00:32.595]    DEBUG: <PixTestXray.cc/processData:L808>  # events read: 1432708, pixels seen in all events: 14519
[14:00:32.727]     INFO: PixTest::       pg_setup set to default.
[14:00:32.756]     INFO: PixTestXray::doPhRun() done
[14:00:32.756]     INFO: PixTestXray::doTest() done 
[14:02:22.645]    DEBUG: <PixTab.cc/setParameter:L391> xxxPressed():  ID = 1 -> source to value Ag
[14:02:24.709]    DEBUG: <PixTab.cc/setParameter:L391> xxxPressed():  ID = 1 -> source to value Ag
[14:02:26.101]     INFO: ######################################################################
[14:02:26.101]     INFO: PixTestXray::doTest()
[14:02:26.101]     INFO: ######################################################################
[14:02:26.101]     INFO:    ----------------------------------------------------------------------
[14:02:26.101]     INFO:    PixTestXray::doPhRun() fParRunSeconds = 100
[14:02:26.101]     INFO:    ----------------------------------------------------------------------
[14:02:26.129]    DEBUG: <PixTestXray.cc/doPhRun:L270> booking new histograms as source name has changed
[14:02:27.090]     INFO: PixTestXray::doPhRun start TriggerLoop with trigger frequency 100 kHz, period 405 and duration 100 seconds,  fEventsMax = 10000000
[14:02:44.203]     INFO: run duration 17 seconds, buffer almost full (81%), pausing triggers.
[14:02:44.229]    DEBUG: <PixTestXray.cc/processData:L739> Getting Event Buffer
[14:03:08.566]    DEBUG: <PixTestXray.cc/processData:L757> Processing Data: 1685942 events.
[14:03:08.597]    DEBUG: <PixTestXray.cc/processData:L808>  # events read: 1685942, pixels seen in all events: 19517
[14:03:08.716]     INFO: Resuming triggers.
[14:03:25.829]     INFO: run duration 34 seconds, buffer almost full (81%), pausing triggers.
[14:03:25.849]    DEBUG: <PixTestXray.cc/processData:L739> Getting Event Buffer
[14:03:50.229]    DEBUG: <PixTestXray.cc/processData:L757> Processing Data: 1685916 events.
[14:03:50.262]    DEBUG: <PixTestXray.cc/processData:L808>  # events read: 1685916, pixels seen in all events: 19740
[14:03:50.379]     INFO: Resuming triggers.
[14:04:07.492]     INFO: run duration 51 seconds, buffer almost full (81%), pausing triggers.
[14:04:07.512]    DEBUG: <PixTestXray.cc/processData:L739> Getting Event Buffer
[14:04:31.831]    DEBUG: <PixTestXray.cc/processData:L757> Processing Data: 1685940 events.
[14:04:31.864]    DEBUG: <PixTestXray.cc/processData:L808>  # events read: 1685940, pixels seen in all events: 19594
[14:04:31.982]     INFO: Resuming triggers.
[14:04:49.095]     INFO: run duration 68 seconds, buffer almost full (81%), pausing triggers.
[14:04:49.115]    DEBUG: <PixTestXray.cc/processData:L739> Getting Event Buffer
[14:05:13.384]    DEBUG: <PixTestXray.cc/processData:L757> Processing Data: 1685918 events.
[14:05:13.417]    DEBUG: <PixTestXray.cc/processData:L808>  # events read: 1685918, pixels seen in all events: 19723
[14:05:13.535]     INFO: Resuming triggers.
[14:05:30.648]     INFO: run duration 85 seconds, buffer almost full (81%), pausing triggers.
[14:05:30.671]    DEBUG: <PixTestXray.cc/processData:L739> Getting Event Buffer
[14:05:55.248]    DEBUG: <PixTestXray.cc/processData:L757> Processing Data: 1685954 events.
[14:05:55.280]    DEBUG: <PixTestXray.cc/processData:L808>  # events read: 1685954, pixels seen in all events: 19461
[14:05:55.399]     INFO: Resuming triggers.
[14:06:09.956]     INFO: data taking finished, elapsed time: 100 seconds.
[14:06:10.152]    DEBUG: <PixTestXray.cc/processData:L739> Getting Event Buffer
[14:06:30.865]    DEBUG: <PixTestXray.cc/processData:L757> Processing Data: 1434102 events.
[14:06:30.892]    DEBUG: <PixTestXray.cc/processData:L808>  # events read: 1434102, pixels seen in all events: 16661
[14:06:31.020]     INFO: PixTest::       pg_setup set to default.
[14:06:31.038]     INFO: PixTestXray::doPhRun() done
[14:06:31.038]     INFO: PixTestXray::doTest() done 
[14:07:58.637]    DEBUG: <PixTab.cc/setParameter:L391> xxxPressed():  ID = 2 -> runseconds to value 30
[14:08:05.061]    DEBUG: <PixTab.cc/setParameter:L391> xxxPressed():  ID = 2 -> runseconds to value 50
[14:08:07.301]     INFO: ######################################################################
[14:08:07.301]     INFO: PixTestXray::doTest()
[14:08:07.301]     INFO: ######################################################################
[14:08:07.301]     INFO:    ----------------------------------------------------------------------
[14:08:07.301]     INFO:    PixTestXray::doPhRun() fParRunSeconds = 50
[14:08:07.301]     INFO:    ----------------------------------------------------------------------
[14:08:08.274]     INFO: PixTestXray::doPhRun start TriggerLoop with trigger frequency 100 kHz, period 405 and duration 50 seconds,  fEventsMax = 5000000
[14:08:25.386]     INFO: run duration 17 seconds, buffer almost full (81%), pausing triggers.
[14:08:25.401]    DEBUG: <PixTestXray.cc/processData:L739> Getting Event Buffer
[14:08:49.969]    DEBUG: <PixTestXray.cc/processData:L757> Processing Data: 1685905 events.
[14:08:50.001]    DEBUG: <PixTestXray.cc/processData:L808>  # events read: 1685905, pixels seen in all events: 19813
[14:08:50.120]     INFO: Resuming triggers.
[14:09:07.233]     INFO: run duration 34 seconds, buffer almost full (81%), pausing triggers.
[14:09:07.255]    DEBUG: <PixTestXray.cc/processData:L739> Getting Event Buffer
[14:09:31.653]    DEBUG: <PixTestXray.cc/processData:L757> Processing Data: 1685929 events.
[14:09:31.685]    DEBUG: <PixTestXray.cc/processData:L808>  # events read: 1685929, pixels seen in all events: 19456
[14:09:31.804]     INFO: Resuming triggers.
[14:09:47.639]     INFO: data taking finished, elapsed time: 50 seconds.
[14:09:47.834]    DEBUG: <PixTestXray.cc/processData:L739> Getting Event Buffer
[14:10:10.478]    DEBUG: <PixTestXray.cc/processData:L757> Processing Data: 1559994 events.
[14:10:10.508]    DEBUG: <PixTestXray.cc/processData:L808>  # events read: 1559994, pixels seen in all events: 18489
[14:10:10.632]     INFO: PixTest::       pg_setup set to default.
[14:10:10.649]     INFO: PixTestXray::doPhRun() done
[14:10:10.649]     INFO: PixTestXray::doTest() done 
[14:10:43.293]    DEBUG: <PixTab.cc/setParameter:L391> xxxPressed():  ID = 1 -> source to value Cu
[14:11:26.637]    DEBUG: <PixTab.cc/setParameter:L391> xxxPressed():  ID = 1 -> source to value Cu
[14:11:31.565]    DEBUG: <PixTab.cc/setParameter:L391> xxxPressed():  ID = 2 -> runseconds to value 100
[14:11:32.693]     INFO: ######################################################################
[14:11:32.693]     INFO: PixTestXray::doTest()
[14:11:32.693]     INFO: ######################################################################
[14:11:32.693]     INFO:    ----------------------------------------------------------------------
[14:11:32.693]     INFO:    PixTestXray::doPhRun() fParRunSeconds = 100
[14:11:32.693]     INFO:    ----------------------------------------------------------------------
[14:11:32.710]    DEBUG: <PixTestXray.cc/doPhRun:L270> booking new histograms as source name has changed
[14:11:33.671]     INFO: PixTestXray::doPhRun start TriggerLoop with trigger frequency 100 kHz, period 405 and duration 100 seconds,  fEventsMax = 10000000
[14:11:50.782]     INFO: run duration 17 seconds, buffer almost full (81%), pausing triggers.
[14:11:50.798]    DEBUG: <PixTestXray.cc/processData:L739> Getting Event Buffer
[14:12:15.087]    DEBUG: <PixTestXray.cc/processData:L757> Processing Data: 1685830 events.
[14:12:15.121]    DEBUG: <PixTestXray.cc/processData:L808>  # events read: 1685830, pixels seen in all events: 21045
[14:12:15.237]     INFO: Resuming triggers.
[14:12:32.349]     INFO: run duration 34 seconds, buffer almost full (81%), pausing triggers.
[14:12:32.368]    DEBUG: <PixTestXray.cc/processData:L739> Getting Event Buffer
[14:12:56.746]    DEBUG: <PixTestXray.cc/processData:L757> Processing Data: 1685820 events.
[14:12:56.780]    DEBUG: <PixTestXray.cc/processData:L808>  # events read: 1685820, pixels seen in all events: 21170
[14:12:56.897]     INFO: Resuming triggers.
[14:13:14.008]     INFO: run duration 51 seconds, buffer almost full (81%), pausing triggers.
[14:13:14.027]    DEBUG: <PixTestXray.cc/processData:L739> Getting Event Buffer
[14:13:38.483]    DEBUG: <PixTestXray.cc/processData:L757> Processing Data: 1685810 events.
[14:13:38.516]    DEBUG: <PixTestXray.cc/processData:L808>  # events read: 1685810, pixels seen in all events: 20968
[14:13:38.634]     INFO: Resuming triggers.
[14:13:55.746]     INFO: run duration 68 seconds, buffer almost full (81%), pausing triggers.
[14:13:55.767]    DEBUG: <PixTestXray.cc/processData:L739> Getting Event Buffer
[14:14:20.156]    DEBUG: <PixTestXray.cc/processData:L757> Processing Data: 1685829 events.
[14:14:20.189]    DEBUG: <PixTestXray.cc/processData:L808>  # events read: 1685829, pixels seen in all events: 20946
[14:14:20.307]     INFO: Resuming triggers.
[14:14:37.418]     INFO: run duration 85 seconds, buffer almost full (81%), pausing triggers.
[14:14:37.441]    DEBUG: <PixTestXray.cc/processData:L739> Getting Event Buffer
[14:15:01.769]    DEBUG: <PixTestXray.cc/processData:L757> Processing Data: 1685783 events.
[14:15:01.803]    DEBUG: <PixTestXray.cc/processData:L808>  # events read: 1685783, pixels seen in all events: 21220
[14:15:01.920]     INFO: Resuming triggers.
[14:15:16.487]     INFO: data taking finished, elapsed time: 100 seconds.
[14:15:16.682]    DEBUG: <PixTestXray.cc/processData:L739> Getting Event Buffer
[14:15:37.498]    DEBUG: <PixTestXray.cc/processData:L757> Processing Data: 1435035 events.
[14:15:37.526]    DEBUG: <PixTestXray.cc/processData:L808>  # events read: 1435035, pixels seen in all events: 17978
[14:15:37.654]     INFO: PixTest::       pg_setup set to default.
[14:15:37.684]     INFO: PixTestXray::doPhRun() done
[14:15:37.684]     INFO: PixTestXray::doTest() done 
[14:15:51.341]    DEBUG: <PixGui.cc/handleButtons:L396> PixGui::exit called
[14:15:51.342]    DEBUG: <PixGui.cc/CloseWindow:L335> Final Analog Current: 384.3mA
[14:15:51.343]    DEBUG: <PixGui.cc/CloseWindow:L336> Final Digital Current: 470.3mA
[14:15:51.343]    DEBUG: <PixGui.cc/CloseWindow:L337> Final Module Temperature: -0.2 C
[14:15:51.343]    DEBUG: <PixTestBBMap.cc/~PixTestBBMap:L97> PixTestBBMap dtor
[14:15:51.343]    DEBUG: <PixTestBB2Map.cc/~PixTestBB2Map:L115> PixTestBB2Map dtor
[14:15:51.343]    DEBUG: <PixTestBB3Map.cc/~PixTestBB3Map:L99> PixTestBB3Map dtor
[14:15:51.343]    DEBUG: <PixTestBB4Map.cc/~PixTestBB4Map:L118> PixTestBB4Map dtor
[14:15:51.343]    DEBUG: <PixTestCmd.cc/~PixTestCmd:L78> PixTestCmd dtor
[14:15:51.343]    DEBUG: <PixTestDaq.cc/~PixTestDaq:L37> PixTestDaq dtor
[14:15:51.343]    DEBUG: <PixTestDacDacScan.cc/~PixTestDacDacScan:L136> PixTestDacDacScan dtor
[14:15:51.343]    DEBUG: <PixTestDacScan.cc/~PixTestDacScan:L129> PixTestDacScan dtor
[14:15:51.344]    DEBUG: <PixTestGainPedestal.cc/~PixTestGainPedestal:L125> PixTestGainPedestal dtor
[14:15:51.344]    DEBUG: <PixTestHighRate.cc/~PixTestHighRate:L245> PixTestHighRate dtor
[14:15:51.344]    DEBUG: <PixTestIV.cc/~PixTestIV:L96> PixTestIV dtor
[14:15:51.344]    DEBUG: <PixTestAlive.cc/~PixTestAlive:L109> PixTestAlive dtor
[14:15:51.344]    DEBUG: <PixTestPretest.cc/~PixTestPretest:L136> PixTestPretest dtor
[14:15:51.344]    DEBUG: <PixTestReadback.cc/~PixTestReadback:L89> PixTestReadback dtor, saving tree ... 
[14:15:51.344]    DEBUG: <PixTestScurves.cc/~PixTestScurves:L142> PixTestScurves dtor
[14:15:51.344]    DEBUG: <PixTestTiming.cc/~PixTestTiming:L97> PixTestTiming dtor
[14:15:51.344]    DEBUG: <PixTestTrim.cc/~PixTestTrim:L103> PixTestTrim dtor
[14:15:51.344]    DEBUG: <PixTestXray.cc/~PixTestXray:L217> PixTestXray dtor
[14:15:51.904]    QUIET: Connection to board 58 closed.
[14:15:51.985]    DEBUG: <PixMonitor.cc/dumpSummaries:L39> PixMonitor::dumpSummaries
