[16:21:27.202]     INFO: *** Welcome to pxar ***
[16:21:27.202]     INFO: *** Today: 2016/02/12
[16:21:27.217]     INFO: *** Version: prod-12-105-g46f2
[16:21:27.217]     INFO: readRocDacs: ./data/mg124/dacParameters35_C0.dat .. ./data/mg124/dacParameters35_C15.dat
[16:21:27.218]     INFO: readTbmDacs: ./data/mg124/tbmParameters_C0a.dat .. ./data/mg124/tbmParameters_C0b.dat
[16:21:27.218]     INFO: readMaskFile: ./data/mg124/defaultMaskFile.dat
[16:21:27.218]     INFO: readTrimFile: ./data/mg124/trimParameters35_C0.dat .. ./data/mg124/trimParameters35_C15.dat
[16:21:27.370]     INFO:         clk: 4
[16:21:27.370]     INFO:         ctr: 4
[16:21:27.370]     INFO:         sda: 19
[16:21:27.370]     INFO:         tin: 9
[16:21:27.370]     INFO:         level: 15
[16:21:27.370]     INFO:         triggerdelay: 0
[16:21:27.370]    QUIET: Instanciating API for pxar prod-12
[16:21:27.370]     INFO: Log level: DEBUG
[16:21:27.382]    QUIET: Connection to board DTB_WRPRHI opened.
[16:21:27.385]     INFO: DTB startup information
--- DTB info------------------------------------------
Board id:    58
HW version:  DTB1.2
FW version:  4.2
SW version:  4.5
USB id:      DTB_WRPRHI
MAC address: 40D85511803A
Hostname:    pixelDTB058
Comment:     
------------------------------------------------------
[16:21:27.388]     INFO: RPC call hashes of host and DTB match: 398089610
[16:21:28.987]     INFO: DUT info: 
[16:21:28.987]     INFO: The DUT currently contains the following objects:
[16:21:28.987]     INFO:  2 TBM Cores tbm08c (2 ON)
[16:21:28.987]     INFO: 	TBM Core alpha (0): 7 registers set
[16:21:28.987]     INFO: 	TBM Core beta  (1): 7 registers set
[16:21:28.987]     INFO: 16 ROCs psi46digv21respin (16 ON) with 4160 pixelConfigs
[16:21:28.987]     INFO: 	ROC 0: 19 DACs set, Pixels: 0 masked, 0 active.
[16:21:28.987]     INFO: 	ROC 1: 19 DACs set, Pixels: 0 masked, 0 active.
[16:21:28.987]     INFO: 	ROC 2: 19 DACs set, Pixels: 0 masked, 0 active.
[16:21:28.987]     INFO: 	ROC 3: 19 DACs set, Pixels: 0 masked, 0 active.
[16:21:28.987]     INFO: 	ROC 4: 19 DACs set, Pixels: 0 masked, 0 active.
[16:21:28.987]     INFO: 	ROC 5: 19 DACs set, Pixels: 0 masked, 0 active.
[16:21:28.987]     INFO: 	ROC 6: 19 DACs set, Pixels: 0 masked, 0 active.
[16:21:28.987]     INFO: 	ROC 7: 19 DACs set, Pixels: 0 masked, 0 active.
[16:21:28.987]     INFO: 	ROC 8: 19 DACs set, Pixels: 0 masked, 0 active.
[16:21:28.987]     INFO: 	ROC 9: 19 DACs set, Pixels: 0 masked, 0 active.
[16:21:28.987]     INFO: 	ROC 10: 19 DACs set, Pixels: 0 masked, 0 active.
[16:21:28.988]     INFO: 	ROC 11: 19 DACs set, Pixels: 0 masked, 0 active.
[16:21:28.988]     INFO: 	ROC 12: 19 DACs set, Pixels: 0 masked, 0 active.
[16:21:28.988]     INFO: 	ROC 13: 19 DACs set, Pixels: 0 masked, 0 active.
[16:21:28.988]     INFO: 	ROC 14: 19 DACs set, Pixels: 0 masked, 0 active.
[16:21:28.988]     INFO: 	ROC 15: 19 DACs set, Pixels: 0 masked, 0 active.
[16:21:28.988]    DEBUG: <PixTestParameters.cc/dump:L104> PixTestParameters: ->BB<-
[16:21:28.988]    DEBUG: <PixTestParameters.cc/dump:L107>   dumpall: checkbox(0)
[16:21:28.988]    DEBUG: <PixTestParameters.cc/dump:L107>   dumpproblematic: checkbox(0)
[16:21:28.988]    DEBUG: <PixTestParameters.cc/dump:L107>   ntrig: 5
[16:21:28.988]    DEBUG: <PixTestParameters.cc/dump:L107>   vcals: 250
[16:21:28.988]    DEBUG: <PixTestParameters.cc/dump:L104> PixTestParameters: ->BB2<-
[16:21:28.988]    DEBUG: <PixTestParameters.cc/dump:L107>   ntrig: 10
[16:21:28.988]    DEBUG: <PixTestParameters.cc/dump:L107>   vcals: 222
[16:21:28.988]    DEBUG: <PixTestParameters.cc/dump:L107>   plwidth: 35
[16:21:28.988]    DEBUG: <PixTestParameters.cc/dump:L107>   pix: 11,20
[16:21:28.988]    DEBUG: <PixTestParameters.cc/dump:L107>   targetia: 24
[16:21:28.988]    DEBUG: <PixTestParameters.cc/dump:L104> PixTestParameters: ->BB3<-
[16:21:28.988]    DEBUG: <PixTestParameters.cc/dump:L107>   dumpall: checkbox(0)
[16:21:28.988]    DEBUG: <PixTestParameters.cc/dump:L107>   dumpproblematic: checkbox(0)
[16:21:28.988]    DEBUG: <PixTestParameters.cc/dump:L107>   ntrig: 5
[16:21:28.988]    DEBUG: <PixTestParameters.cc/dump:L107>   vcals: 250
[16:21:28.988]    DEBUG: <PixTestParameters.cc/dump:L104> PixTestParameters: ->BB4<-
[16:21:28.988]    DEBUG: <PixTestParameters.cc/dump:L107>   savecaldelscan: checkbox(0)
[16:21:28.988]    DEBUG: <PixTestParameters.cc/dump:L107>   ntrig: 100
[16:21:28.988]    DEBUG: <PixTestParameters.cc/dump:L107>   cals: 1
[16:21:28.988]    DEBUG: <PixTestParameters.cc/dump:L107>   caldello: 80
[16:21:28.988]    DEBUG: <PixTestParameters.cc/dump:L107>   caldelhi: 200
[16:21:28.988]    DEBUG: <PixTestParameters.cc/dump:L107>   caldelstep: 10
[16:21:28.988]    DEBUG: <PixTestParameters.cc/dump:L107>   vthrcomplo: 70
[16:21:28.988]    DEBUG: <PixTestParameters.cc/dump:L107>   vthrcomphi: 130
[16:21:28.988]    DEBUG: <PixTestParameters.cc/dump:L107>   vthrcompstep: 5
[16:21:28.988]    DEBUG: <PixTestParameters.cc/dump:L107>   noisypixels: 10
[16:21:28.988]    DEBUG: <PixTestParameters.cc/dump:L107>   vcal: 255
[16:21:28.988]    DEBUG: <PixTestParameters.cc/dump:L107>   cut: 0.5
[16:21:28.988]    DEBUG: <PixTestParameters.cc/dump:L104> PixTestParameters: ->Cmd<-
[16:21:28.988]    DEBUG: <PixTestParameters.cc/dump:L104> PixTestParameters: ->DAQ<-
[16:21:28.988]    DEBUG: <PixTestParameters.cc/dump:L107>   delaytbm: checkbox
[16:21:28.988]    DEBUG: <PixTestParameters.cc/dump:L107>   filltree: checkbox
[16:21:28.988]    DEBUG: <PixTestParameters.cc/dump:L107>   trgfrequency(khz): 100
[16:21:28.988]    DEBUG: <PixTestParameters.cc/dump:L107>   maskhotpixels: button
[16:21:28.988]    DEBUG: <PixTestParameters.cc/dump:L107>   trgnumber: 5
[16:21:28.988]    DEBUG: <PixTestParameters.cc/dump:L107>   iterations: 10
[16:21:28.988]    DEBUG: <PixTestParameters.cc/dump:L107>   rundaqtrg: button
[16:21:28.988]    DEBUG: <PixTestParameters.cc/dump:L107>   daqseconds: 5
[16:21:28.988]    DEBUG: <PixTestParameters.cc/dump:L107>   rundaqseconds: button
[16:21:28.988]    DEBUG: <PixTestParameters.cc/dump:L104> PixTestParameters: ->DacDacScan<-
[16:21:28.988]    DEBUG: <PixTestParameters.cc/dump:L107>   phmap: checkbox
[16:21:28.988]    DEBUG: <PixTestParameters.cc/dump:L107>   ntrig: 10
[16:21:28.988]    DEBUG: <PixTestParameters.cc/dump:L107>   dac1: caldel
[16:21:28.988]    DEBUG: <PixTestParameters.cc/dump:L107>   dac1lo: 0
[16:21:28.989]    DEBUG: <PixTestParameters.cc/dump:L107>   dac1hi: 255
[16:21:28.989]    DEBUG: <PixTestParameters.cc/dump:L107>   dac2: vthrcomp
[16:21:28.989]    DEBUG: <PixTestParameters.cc/dump:L107>   dac2lo: 0
[16:21:28.989]    DEBUG: <PixTestParameters.cc/dump:L107>   dac2hi: 255
[16:21:28.989]    DEBUG: <PixTestParameters.cc/dump:L107>   pix: 11,20
[16:21:28.989]    DEBUG: <PixTestParameters.cc/dump:L104> PixTestParameters: ->DacScan<-
[16:21:28.989]    DEBUG: <PixTestParameters.cc/dump:L107>   phmap: checkbox(1)
[16:21:28.989]    DEBUG: <PixTestParameters.cc/dump:L107>   allpixels: checkbox(0)
[16:21:28.989]    DEBUG: <PixTestParameters.cc/dump:L107>   unmasked: checkbox(0)
[16:21:28.989]    DEBUG: <PixTestParameters.cc/dump:L107>   ntrig: 10
[16:21:28.989]    DEBUG: <PixTestParameters.cc/dump:L107>   dac: vcal
[16:21:28.989]    DEBUG: <PixTestParameters.cc/dump:L107>   daclo: 0
[16:21:28.989]    DEBUG: <PixTestParameters.cc/dump:L107>   dachi: 255
[16:21:28.989]    DEBUG: <PixTestParameters.cc/dump:L107>   pix: 11,20
[16:21:28.989]    DEBUG: <PixTestParameters.cc/dump:L104> PixTestParameters: ->GainPedestal<-
[16:21:28.989]    DEBUG: <PixTestParameters.cc/dump:L107>   showfits: checkbox(0)
[16:21:28.989]    DEBUG: <PixTestParameters.cc/dump:L107>   extended: checkbox(0)
[16:21:28.989]    DEBUG: <PixTestParameters.cc/dump:L107>   dumphists: checkbox(0)
[16:21:28.989]    DEBUG: <PixTestParameters.cc/dump:L107>   ntrig: 10
[16:21:28.989]    DEBUG: <PixTestParameters.cc/dump:L107>   vcalstep: 10
[16:21:28.989]    DEBUG: <PixTestParameters.cc/dump:L107>   measure: button
[16:21:28.989]    DEBUG: <PixTestParameters.cc/dump:L107>   fit: button
[16:21:28.989]    DEBUG: <PixTestParameters.cc/dump:L107>   save: button
[16:21:28.989]    DEBUG: <PixTestParameters.cc/dump:L104> PixTestParameters: ->HighRate<-
[16:21:28.989]    DEBUG: <PixTestParameters.cc/dump:L107>   pix: 11,20
[16:21:28.989]    DEBUG: <PixTestParameters.cc/dump:L107>   trimhotpixels: button
[16:21:28.989]    DEBUG: <PixTestParameters.cc/dump:L107>   trimhotpixelthr: 200
[16:21:28.989]    DEBUG: <PixTestParameters.cc/dump:L107>   runsecondshotpixels: 10
[16:21:28.989]    DEBUG: <PixTestParameters.cc/dump:L107>   savetrimbits: checkbox(1)
[16:21:28.989]    DEBUG: <PixTestParameters.cc/dump:L107>   maskuntrimmable: checkbox(1)
[16:21:28.989]    DEBUG: <PixTestParameters.cc/dump:L107>   maskhotpixels: button
[16:21:28.989]    DEBUG: <PixTestParameters.cc/dump:L107>   savemaskfile: checkbox(0)
[16:21:28.989]    DEBUG: <PixTestParameters.cc/dump:L107>   maskfilename: default
[16:21:28.989]    DEBUG: <PixTestParameters.cc/dump:L107>   caldelscan: button
[16:21:28.989]    DEBUG: <PixTestParameters.cc/dump:L107>   xpixelalive: button
[16:21:28.989]    DEBUG: <PixTestParameters.cc/dump:L107>   ntrig: 50
[16:21:28.989]    DEBUG: <PixTestParameters.cc/dump:L107>   vcal: 200
[16:21:28.989]    DEBUG: <PixTestParameters.cc/dump:L107>   xnoisemaps: button
[16:21:28.989]    DEBUG: <PixTestParameters.cc/dump:L107>   daclo: 0
[16:21:28.989]    DEBUG: <PixTestParameters.cc/dump:L107>   dachi: 100
[16:21:28.989]    DEBUG: <PixTestParameters.cc/dump:L107>   dacs/step: 20
[16:21:28.989]    DEBUG: <PixTestParameters.cc/dump:L107>   rundaq: button
[16:21:28.989]    DEBUG: <PixTestParameters.cc/dump:L107>   trgfrequency(khz): 20
[16:21:28.989]    DEBUG: <PixTestParameters.cc/dump:L107>   runseconds: 2
[16:21:28.989]    DEBUG: <PixTestParameters.cc/dump:L107>   triggerdelay: 20
[16:21:28.989]    DEBUG: <PixTestParameters.cc/dump:L107>   delaytbm: checkbox
[16:21:28.989]    DEBUG: <PixTestParameters.cc/dump:L107>   filltree: checkbox
[16:21:28.989]    DEBUG: <PixTestParameters.cc/dump:L104> PixTestParameters: ->IV<-
[16:21:28.989]    DEBUG: <PixTestParameters.cc/dump:L107>   port: /dev/FIXME
[16:21:28.989]    DEBUG: <PixTestParameters.cc/dump:L107>   voltagestart: 0
[16:21:28.989]    DEBUG: <PixTestParameters.cc/dump:L107>   voltagestop: 600
[16:21:28.989]    DEBUG: <PixTestParameters.cc/dump:L107>   voltagestep: 5
[16:21:28.989]    DEBUG: <PixTestParameters.cc/dump:L107>   delay: 1
[16:21:28.989]    DEBUG: <PixTestParameters.cc/dump:L107>   compliance(ua): 100
[16:21:28.989]    DEBUG: <PixTestParameters.cc/dump:L104> PixTestParameters: ->PhOptimization<-
[16:21:28.989]    DEBUG: <PixTestParameters.cc/dump:L107>   ntrig: 10
[16:21:28.989]    DEBUG: <PixTestParameters.cc/dump:L107>   safetymarginlow: 20
[16:21:28.989]    DEBUG: <PixTestParameters.cc/dump:L107>   saturationvcal: 100
[16:21:28.989]    DEBUG: <PixTestParameters.cc/dump:L107>   quantilesaturation: 0.98
[16:21:28.989]    DEBUG: <PixTestParameters.cc/dump:L104> PixTestParameters: ->PixelAlive<-
[16:21:28.989]    DEBUG: <PixTestParameters.cc/dump:L107>   ntrig: 10
[16:21:28.989]    DEBUG: <PixTestParameters.cc/dump:L107>   vcal: 200
[16:21:28.989]    DEBUG: <PixTestParameters.cc/dump:L107>   alivetest: button
[16:21:28.989]    DEBUG: <PixTestParameters.cc/dump:L107>   masktest: button
[16:21:28.989]    DEBUG: <PixTestParameters.cc/dump:L107>   addressdecodingtest: button
[16:21:28.989]    DEBUG: <PixTestParameters.cc/dump:L104> PixTestParameters: ->Pretest<-
[16:21:28.989]    DEBUG: <PixTestParameters.cc/dump:L107>   programroc: button
[16:21:28.989]    DEBUG: <PixTestParameters.cc/dump:L107>   targetia: 24
[16:21:28.989]    DEBUG: <PixTestParameters.cc/dump:L107>   setvana: button
[16:21:28.989]    DEBUG: <PixTestParameters.cc/dump:L107>   iterations: 100
[16:21:28.989]    DEBUG: <PixTestParameters.cc/dump:L107>   settimings: button
[16:21:28.989]    DEBUG: <PixTestParameters.cc/dump:L107>   findtiming: button
[16:21:28.989]    DEBUG: <PixTestParameters.cc/dump:L107>   findworkingpixel: button
[16:21:28.989]    DEBUG: <PixTestParameters.cc/dump:L107>   setvthrcompcaldel: button
[16:21:28.989]    DEBUG: <PixTestParameters.cc/dump:L107>   pix: 11,20
[16:21:28.989]    DEBUG: <PixTestParameters.cc/dump:L107>   vcal: 250
[16:21:28.989]    DEBUG: <PixTestParameters.cc/dump:L107>   deltavthrcomp: 50
[16:21:28.990]    DEBUG: <PixTestParameters.cc/dump:L107>   fraccaldel: 0.5
[16:21:28.990]    DEBUG: <PixTestParameters.cc/dump:L107>   ntrig: 5
[16:21:28.990]    DEBUG: <PixTestParameters.cc/dump:L107>   savedacs: button
[16:21:28.990]    DEBUG: <PixTestParameters.cc/dump:L104> PixTestParameters: ->Readback<-
[16:21:28.990]    DEBUG: <PixTestParameters.cc/dump:L107>   calibratevd: button
[16:21:28.990]    DEBUG: <PixTestParameters.cc/dump:L107>   calibrateva: button
[16:21:28.990]    DEBUG: <PixTestParameters.cc/dump:L107>   calibrateia: button
[16:21:28.990]    DEBUG: <PixTestParameters.cc/dump:L107>   readbackvbg: button
[16:21:28.990]    DEBUG: <PixTestParameters.cc/dump:L107>   getcalibratedvbg: button
[16:21:28.990]    DEBUG: <PixTestParameters.cc/dump:L107>   usecalvd: checkbox(1)
[16:21:28.990]    DEBUG: <PixTestParameters.cc/dump:L107>   usecalva: checkbox(0)
[16:21:28.990]    DEBUG: <PixTestParameters.cc/dump:L107>   setvana: button
[16:21:28.990]    DEBUG: <PixTestParameters.cc/dump:L104> PixTestParameters: ->Scurves<-
[16:21:28.990]    DEBUG: <PixTestParameters.cc/dump:L107>   adjustvcal: checkbox(0)
[16:21:28.990]    DEBUG: <PixTestParameters.cc/dump:L107>   dumpall: checkbox(0)
[16:21:28.990]    DEBUG: <PixTestParameters.cc/dump:L107>   dumpproblematic: checkbox(0)
[16:21:28.990]    DEBUG: <PixTestParameters.cc/dump:L107>   dumpoutputfile: checkbox(0)
[16:21:28.990]    DEBUG: <PixTestParameters.cc/dump:L107>   ntrig: 50
[16:21:28.990]    DEBUG: <PixTestParameters.cc/dump:L107>   dac: Vcal
[16:21:28.990]    DEBUG: <PixTestParameters.cc/dump:L107>   daclo: 0
[16:21:28.990]    DEBUG: <PixTestParameters.cc/dump:L107>   dachi: 200
[16:21:28.990]    DEBUG: <PixTestParameters.cc/dump:L107>   dacs/step: -1
[16:21:28.990]    DEBUG: <PixTestParameters.cc/dump:L107>   ntrig/step: -1
[16:21:28.990]    DEBUG: <PixTestParameters.cc/dump:L107>   scurves: button
[16:21:28.990]    DEBUG: <PixTestParameters.cc/dump:L104> PixTestParameters: ->Timing<-
[16:21:28.990]    DEBUG: <PixTestParameters.cc/dump:L107>   targetclk: 4
[16:21:28.990]    DEBUG: <PixTestParameters.cc/dump:L107>   ntrig: 10
[16:21:28.990]    DEBUG: <PixTestParameters.cc/dump:L107>   clocksdascan: button
[16:21:28.990]    DEBUG: <PixTestParameters.cc/dump:L107>   notokenpass: checkbox(0)
[16:21:28.990]    DEBUG: <PixTestParameters.cc/dump:L107>   phasescan: button
[16:21:28.990]    DEBUG: <PixTestParameters.cc/dump:L107>   levelscan: button
[16:21:28.990]    DEBUG: <PixTestParameters.cc/dump:L107>   tbmphasescan: button
[16:21:28.990]    DEBUG: <PixTestParameters.cc/dump:L107>   rocdelayscan: button
[16:21:28.990]    DEBUG: <PixTestParameters.cc/dump:L107>   timingtest: button
[16:21:28.990]    DEBUG: <PixTestParameters.cc/dump:L107>   saveparameters: button
[16:21:28.990]    DEBUG: <PixTestParameters.cc/dump:L104> PixTestParameters: ->Trim<-
[16:21:28.990]    DEBUG: <PixTestParameters.cc/dump:L107>   trim: button
[16:21:28.990]    DEBUG: <PixTestParameters.cc/dump:L107>   ntrig: 8
[16:21:28.990]    DEBUG: <PixTestParameters.cc/dump:L107>   vcal: 35
[16:21:28.990]    DEBUG: <PixTestParameters.cc/dump:L107>   trimbits: button
[16:21:28.990]    DEBUG: <PixTestParameters.cc/dump:L104> PixTestParameters: ->Xray<-
[16:21:28.990]    DEBUG: <PixTestParameters.cc/dump:L107>   maskhotpixels: button
[16:21:28.990]    DEBUG: <PixTestParameters.cc/dump:L107>   savemaskfile: checkbox(0)
[16:21:28.990]    DEBUG: <PixTestParameters.cc/dump:L107>   maskfilename: default
[16:21:28.990]    DEBUG: <PixTestParameters.cc/dump:L107>   source: Ag
[16:21:28.990]    DEBUG: <PixTestParameters.cc/dump:L107>   phrun: button
[16:21:28.990]    DEBUG: <PixTestParameters.cc/dump:L107>   runseconds: 100
[16:21:28.990]    DEBUG: <PixTestParameters.cc/dump:L107>   trgfrequency(khz): 100
[16:21:28.990]    DEBUG: <PixTestParameters.cc/dump:L107>   ratescan: button
[16:21:28.990]    DEBUG: <PixTestParameters.cc/dump:L107>   vthrcompmin: 10
[16:21:28.990]    DEBUG: <PixTestParameters.cc/dump:L107>   vthrcompmax: 80
[16:21:28.990]    DEBUG: <PixTestParameters.cc/dump:L107>   stepseconds: 5
[16:21:28.990]    DEBUG: <PixTestParameters.cc/dump:L107>   delaytbm: checkbox
[16:21:28.990]    DEBUG: <PixTestParameters.cc/dump:L107>   filltree: checkbox
[16:21:28.992]    DEBUG: <PixSetup.cc/init:L81> PixSetup init start; getCurrentRSS() = 35094528
[16:21:28.992]    DEBUG: <PixSetup.cc/init:L87> fPixTestParameters = 0x274b7a0
[16:21:28.992]    DEBUG: <PixSetup.cc/init:L88>  fConfigParameters = 0x26d9c40
[16:21:28.992]    DEBUG: <PixSetup.cc/init:L89>        fPxarMemory = 0x7fe05dd94010
[16:21:28.992]    DEBUG: <PixSetup.cc/init:L90>         fPxarMemHi = 0x7fe063fff510
[16:21:28.992]    DEBUG: <PixSetup.cc/init:L106> PixSetup init done;  getCurrentRSS() = 35102720 fPxarMemory = 0x7fe05dd94010
[16:21:28.994]    DEBUG: <pXar.cc/main:L223> Initial Analog Current: 381mA
[16:21:28.995]    DEBUG: <pXar.cc/main:L224> Initial Digital Current: 470.3mA
[16:21:28.995]    DEBUG: <pXar.cc/main:L225> Initial Module Temperature: -0.4 C
[16:21:29.482]    DEBUG: <PixGui.cc/hvOn:L460> HV set On: 0x2d22500
[16:21:29.543]    DEBUG: <PixTestFactory.cc/PixTestFactory:L53> PixTestFactory::PixTestFactory()
[16:21:29.543]    DEBUG: <PixTestBBMap.cc/init:L79> PixTestBBMap::init()
[16:21:29.543]    DEBUG: <PixTestBBMap.cc/PixTestBBMap:L27> PixTestBBMap ctor(PixSetup &a, string, TGTab *)
[16:21:29.549]    DEBUG: <PixTestBB2Map.cc/setParameter:L58> setting fTargetIa    = 24 mA/ROC
[16:21:29.549]    DEBUG: <PixTestBB2Map.cc/init:L97> PixTestBB2Map::init()
[16:21:29.549]    DEBUG: <PixTestBB2Map.cc/PixTestBB2Map:L29> PixTestBB2Map ctor(PixSetup &a, string, TGTab *)
[16:21:29.557]    DEBUG: <PixTestBB3Map.cc/init:L81> PixTestBB3Map::init()
[16:21:29.557]    DEBUG: <PixTestBB3Map.cc/PixTestBB3Map:L29> PixTestBB3Map ctor(PixSetup &a, string, TGTab *)
[16:21:29.575]    DEBUG: <PixTestBB4Map.cc/init:L93> PixTestBB4Map::init()
[16:21:29.575]    DEBUG: <PixTestBB4Map.cc/PixTestBB4Map:L26> PixTestMapeff ctor(PixSetup &a, string, TGTab *)
[16:21:29.591]     INFO: PixTestCmd::init()
[16:21:29.601]    DEBUG: <PixTestDaq.cc/init:L44> PixTestDaq::init()
[16:21:29.601]    DEBUG: <PixTestDaq.cc/PixTestDaq:L22> PixTestDaq ctor(PixSetup &a, string, TGTab *)
[16:21:29.601]     INFO: readGainPedestalParameters ./data/mg124/phCalibrationFitErr35_C0.dat .. ./data/mg124/phCalibrationFitErr35_C15.dat
[16:21:29.847]    DEBUG: <PixTestDacDacScan.cc/init:L103> PixTestDacDacScan::init()
[16:21:29.847]    DEBUG: <PixTestDacDacScan.cc/PixTestDacDacScan:L22> PixTestDacDacScan ctor(PixSetup &a, string, TGTab *)
[16:21:29.860]    DEBUG: <PixTestGainPedestal.cc/setParameter:L83> PixTestGainPedestal::PixTest() fVcalStep = 10
[16:21:29.866]    DEBUG: <PixTestHighRate.cc/setParameter:L68>   setting fParTriggerFrequency -> 20
[16:21:29.866]    DEBUG: <PixTestHighRate.cc/init:L198> PixTestHighRate::init()
[16:21:29.866]    DEBUG: <PixTestHighRate.cc/PixTestHighRate:L31> PixTestHighRate ctor(PixSetup &a, string, TGTab *)
[16:21:29.889]    DEBUG: <PixTest.cc/setTestParameter:L637>  setting  ntrig to new value 10
[16:21:29.889]    DEBUG: <PixTestPhOptimization.cc/setParameter:L37>   setting fParNtrig  ->10<- from sval = 10
[16:21:29.889]    DEBUG: <PixTestPhOptimization.cc/setParameter:L42>   setting fSafetyMarginLow  ->20<- from sval = 20
[16:21:29.889]    DEBUG: <PixTestPhOptimization.cc/setParameter:L48>   setting fVcalMax  ->100<- from sval = 100
[16:21:29.889]    DEBUG: <PixTestPhOptimization.cc/setParameter:L53>   setting fQuantMax  ->0.98<- from sval = 0.98
[16:21:29.896]    DEBUG: <PixTestAlive.cc/init:L77> PixTestAlive::init()
[16:21:29.896]    DEBUG: <PixTestAlive.cc/PixTestAlive:L21> PixTestAlive ctor(PixSetup &a, string, TGTab *)
[16:21:29.909]    DEBUG: <PixTestReadback.cc/setParameter:L172> fCalwVd set to 1
[16:21:29.909]    DEBUG: <PixTestReadback.cc/init:L95> PixTestReadback::init()
[16:21:29.909]    DEBUG: <PixTestReadback.cc/PixTestReadback:L22> PixTestReadback ctor(PixSetup &a, string, TGTab *)
[16:21:29.909]     INFO: readReadbackCal: ./data/mg124/readbackCal_C0.dat .. ./data/mg124/readbackCal_C15.dat
[16:21:29.922]    DEBUG: <PixTestScurves.cc/setParameter:L93> set fOutputFilename = 
[16:21:29.929]    DEBUG: <PixTestTiming.cc/setParameter:L60> PixTestTiming::PixTest() targetclk = 4
[16:21:29.929]    DEBUG: <PixTestTiming.cc/setParameter:L64> PixTestTiming::PixTest() ntrig = 10
[16:21:29.929]    DEBUG: <PixTestTiming.cc/setParameter:L48> fNoTokenPass: 0
[16:21:29.929]    DEBUG: <PixTestTiming.cc/init:L74> PixTestTiming::init()
[16:21:29.940]    DEBUG: <PixTestXray.cc/init:L134> PixTestXray::init()
[16:21:29.940]    DEBUG: <PixTestXray.cc/PixTestXray:L28> PixTestXray ctor(PixSetup &a, string, TGTab *)
[16:21:32.527]    DEBUG: <PixTab.cc/buttonClicked:L308> xxxPressed():  caldelscan
[16:21:32.527]    DEBUG: <PixTestHighRate.cc/runCommand:L157> running command: caldelscan
[16:21:32.527]     INFO:    ----------------------------------------------------------------------
[16:21:32.527]     INFO:    PixTestHighRate::calDelScan() ntrig = 10, vcal = 200
[16:21:32.527]     INFO:    ----------------------------------------------------------------------
[16:21:32.668]     INFO: Expecting 768 events.
[16:21:33.804]     INFO: 768 events read in total (418ms).
[16:21:33.993]     INFO: Test took 1460ms.
[16:21:33.999]    DEBUG: <PixTest.cc/efficiencyMaps:L396>       attempt #0
[16:21:34.665]     INFO: Expecting 41600 events.
[16:21:38.245]     INFO: 41600 events read in total (3053ms).
[16:21:38.251]     INFO: Test took 4252ms.
[16:21:38.390]     INFO: Fetched DAQ statistics. Counters are being reset now.
[16:21:38.390]    DEBUG: <PixTest.cc/efficiencyMaps:L407>  eff result size = 802498
[16:21:38.390]    DEBUG: <PixTest.cc/efficiencyMaps:L412> Create hists HR_xeff_CalDelScan_step0_C0 .. HR_xeff_CalDelScan_step0_C15
[16:21:38.390]    DEBUG: <PixTest.cc/efficiencyMaps:L426> booking xray maps for unmasked detector
[16:21:38.449]    DEBUG: <PixTest.cc/efficiencyMaps:L396>       attempt #0
[16:21:39.114]     INFO: Expecting 41600 events.
[16:21:42.773]     INFO: 41600 events read in total (3133ms).
[16:21:42.778]     INFO: Test took 4329ms.
[16:21:42.909]     INFO: Fetched DAQ statistics. Counters are being reset now.
[16:21:42.910]    DEBUG: <PixTest.cc/efficiencyMaps:L407>  eff result size = 809556
[16:21:42.910]    DEBUG: <PixTest.cc/efficiencyMaps:L412> Create hists HR_xeff_CalDelScan_step1_C0 .. HR_xeff_CalDelScan_step1_C15
[16:21:42.910]    DEBUG: <PixTest.cc/efficiencyMaps:L426> booking xray maps for unmasked detector
[16:21:42.971]    DEBUG: <PixTest.cc/efficiencyMaps:L396>       attempt #0
[16:21:43.636]     INFO: Expecting 41600 events.
[16:21:47.358]     INFO: 41600 events read in total (3195ms).
[16:21:47.363]     INFO: Test took 4391ms.
[16:21:47.497]     INFO: Fetched DAQ statistics. Counters are being reset now.
[16:21:47.497]    DEBUG: <PixTest.cc/efficiencyMaps:L407>  eff result size = 813439
[16:21:47.497]    DEBUG: <PixTest.cc/efficiencyMaps:L412> Create hists HR_xeff_CalDelScan_step2_C0 .. HR_xeff_CalDelScan_step2_C15
[16:21:47.497]    DEBUG: <PixTest.cc/efficiencyMaps:L426> booking xray maps for unmasked detector
[16:21:47.559]    DEBUG: <PixTest.cc/efficiencyMaps:L396>       attempt #0
[16:21:48.224]     INFO: Expecting 41600 events.
[16:21:51.955]     INFO: 41600 events read in total (3205ms).
[16:21:51.960]     INFO: Test took 4401ms.
[16:21:52.091]     INFO: Fetched DAQ statistics. Counters are being reset now.
[16:21:52.091]    DEBUG: <PixTest.cc/efficiencyMaps:L407>  eff result size = 811910
[16:21:52.091]    DEBUG: <PixTest.cc/efficiencyMaps:L412> Create hists HR_xeff_CalDelScan_step3_C0 .. HR_xeff_CalDelScan_step3_C15
[16:21:52.091]    DEBUG: <PixTest.cc/efficiencyMaps:L426> booking xray maps for unmasked detector
[16:21:52.152]    DEBUG: <PixTest.cc/efficiencyMaps:L396>       attempt #0
[16:21:52.818]     INFO: Expecting 41600 events.
[16:21:56.525]     INFO: 41600 events read in total (3181ms).
[16:21:56.530]     INFO: Test took 4377ms.
[16:21:56.663]     INFO: Fetched DAQ statistics. Counters are being reset now.
[16:21:56.663]    DEBUG: <PixTest.cc/efficiencyMaps:L407>  eff result size = 812896
[16:21:56.663]    DEBUG: <PixTest.cc/efficiencyMaps:L412> Create hists HR_xeff_CalDelScan_step4_C0 .. HR_xeff_CalDelScan_step4_C15
[16:21:56.664]    DEBUG: <PixTest.cc/efficiencyMaps:L426> booking xray maps for unmasked detector
[16:21:56.725]    DEBUG: <PixTest.cc/efficiencyMaps:L396>       attempt #0
[16:21:57.391]     INFO: Expecting 41600 events.
[16:22:01.105]     INFO: 41600 events read in total (3188ms).
[16:22:01.110]     INFO: Test took 4384ms.
[16:22:01.245]     INFO: Fetched DAQ statistics. Counters are being reset now.
[16:22:01.245]    DEBUG: <PixTest.cc/efficiencyMaps:L407>  eff result size = 812317
[16:22:01.245]    DEBUG: <PixTest.cc/efficiencyMaps:L412> Create hists HR_xeff_CalDelScan_step5_C0 .. HR_xeff_CalDelScan_step5_C15
[16:22:01.245]    DEBUG: <PixTest.cc/efficiencyMaps:L426> booking xray maps for unmasked detector
[16:22:01.306]    DEBUG: <PixTest.cc/efficiencyMaps:L396>       attempt #0
[16:22:01.971]     INFO: Expecting 41600 events.
[16:22:05.695]     INFO: 41600 events read in total (3197ms).
[16:22:05.700]     INFO: Test took 4394ms.
[16:22:05.833]     INFO: Fetched DAQ statistics. Counters are being reset now.
[16:22:05.833]    DEBUG: <PixTest.cc/efficiencyMaps:L407>  eff result size = 813689
[16:22:05.833]    DEBUG: <PixTest.cc/efficiencyMaps:L412> Create hists HR_xeff_CalDelScan_step6_C0 .. HR_xeff_CalDelScan_step6_C15
[16:22:05.833]    DEBUG: <PixTest.cc/efficiencyMaps:L426> booking xray maps for unmasked detector
[16:22:05.894]    DEBUG: <PixTest.cc/efficiencyMaps:L396>       attempt #0
[16:22:06.560]     INFO: Expecting 41600 events.
[16:22:10.288]     INFO: 41600 events read in total (3202ms).
[16:22:10.293]     INFO: Test took 4398ms.
[16:22:10.427]     INFO: Fetched DAQ statistics. Counters are being reset now.
[16:22:10.427]    DEBUG: <PixTest.cc/efficiencyMaps:L407>  eff result size = 813064
[16:22:10.427]    DEBUG: <PixTest.cc/efficiencyMaps:L412> Create hists HR_xeff_CalDelScan_step7_C0 .. HR_xeff_CalDelScan_step7_C15
[16:22:10.427]    DEBUG: <PixTest.cc/efficiencyMaps:L426> booking xray maps for unmasked detector
[16:22:10.489]    DEBUG: <PixTest.cc/efficiencyMaps:L396>       attempt #0
[16:22:11.154]     INFO: Expecting 41600 events.
[16:22:14.871]     INFO: 41600 events read in total (3190ms).
[16:22:14.876]     INFO: Test took 4387ms.
[16:22:15.009]     INFO: Fetched DAQ statistics. Counters are being reset now.
[16:22:15.009]    DEBUG: <PixTest.cc/efficiencyMaps:L407>  eff result size = 811172
[16:22:15.009]    DEBUG: <PixTest.cc/efficiencyMaps:L412> Create hists HR_xeff_CalDelScan_step8_C0 .. HR_xeff_CalDelScan_step8_C15
[16:22:15.010]    DEBUG: <PixTest.cc/efficiencyMaps:L426> booking xray maps for unmasked detector
[16:22:15.070]    DEBUG: <PixTest.cc/efficiencyMaps:L396>       attempt #0
[16:22:15.735]     INFO: Expecting 41600 events.
[16:22:19.455]     INFO: 41600 events read in total (3193ms).
[16:22:19.460]     INFO: Test took 4390ms.
[16:22:19.593]     INFO: Fetched DAQ statistics. Counters are being reset now.
[16:22:19.594]    DEBUG: <PixTest.cc/efficiencyMaps:L407>  eff result size = 813102
[16:22:19.594]    DEBUG: <PixTest.cc/efficiencyMaps:L412> Create hists HR_xeff_CalDelScan_step9_C0 .. HR_xeff_CalDelScan_step9_C15
[16:22:19.594]    DEBUG: <PixTest.cc/efficiencyMaps:L426> booking xray maps for unmasked detector
[16:22:19.655]    DEBUG: <PixTest.cc/efficiencyMaps:L396>       attempt #0
[16:22:20.321]     INFO: Expecting 41600 events.
[16:22:24.048]     INFO: 41600 events read in total (3201ms).
[16:22:24.053]     INFO: Test took 4397ms.
[16:22:24.185]     INFO: Fetched DAQ statistics. Counters are being reset now.
[16:22:24.185]    DEBUG: <PixTest.cc/efficiencyMaps:L407>  eff result size = 811622
[16:22:24.185]    DEBUG: <PixTest.cc/efficiencyMaps:L412> Create hists HR_xeff_CalDelScan_step10_C0 .. HR_xeff_CalDelScan_step10_C15
[16:22:24.185]    DEBUG: <PixTest.cc/efficiencyMaps:L426> booking xray maps for unmasked detector
[16:22:24.246]    DEBUG: <PixTest.cc/efficiencyMaps:L396>       attempt #0
[16:22:24.911]     INFO: Expecting 41600 events.
[16:22:28.629]     INFO: 41600 events read in total (3191ms).
[16:22:28.634]     INFO: Test took 4388ms.
[16:22:28.768]     INFO: Fetched DAQ statistics. Counters are being reset now.
[16:22:28.768]    DEBUG: <PixTest.cc/efficiencyMaps:L407>  eff result size = 812121
[16:22:28.768]    DEBUG: <PixTest.cc/efficiencyMaps:L412> Create hists HR_xeff_CalDelScan_step11_C0 .. HR_xeff_CalDelScan_step11_C15
[16:22:28.769]    DEBUG: <PixTest.cc/efficiencyMaps:L426> booking xray maps for unmasked detector
[16:22:28.832]    DEBUG: <PixTest.cc/efficiencyMaps:L396>       attempt #0
[16:22:29.498]     INFO: Expecting 41600 events.
[16:22:33.244]     INFO: 41600 events read in total (3219ms).
[16:22:33.249]     INFO: Test took 4417ms.
[16:22:33.383]     INFO: Fetched DAQ statistics. Counters are being reset now.
[16:22:33.383]    DEBUG: <PixTest.cc/efficiencyMaps:L407>  eff result size = 812938
[16:22:33.383]    DEBUG: <PixTest.cc/efficiencyMaps:L412> Create hists HR_xeff_CalDelScan_step12_C0 .. HR_xeff_CalDelScan_step12_C15
[16:22:33.383]    DEBUG: <PixTest.cc/efficiencyMaps:L426> booking xray maps for unmasked detector
[16:22:33.444]    DEBUG: <PixTest.cc/efficiencyMaps:L396>       attempt #0
[16:22:34.109]     INFO: Expecting 41600 events.
[16:22:37.843]     INFO: 41600 events read in total (3208ms).
[16:22:37.849]     INFO: Test took 4405ms.
[16:22:37.986]     INFO: Fetched DAQ statistics. Counters are being reset now.
[16:22:37.986]    DEBUG: <PixTest.cc/efficiencyMaps:L407>  eff result size = 812345
[16:22:37.986]    DEBUG: <PixTest.cc/efficiencyMaps:L412> Create hists HR_xeff_CalDelScan_step13_C0 .. HR_xeff_CalDelScan_step13_C15
[16:22:37.987]    DEBUG: <PixTest.cc/efficiencyMaps:L426> booking xray maps for unmasked detector
[16:22:38.049]    DEBUG: <PixTest.cc/efficiencyMaps:L396>       attempt #0
[16:22:38.714]     INFO: Expecting 41600 events.
[16:22:42.449]     INFO: 41600 events read in total (3208ms).
[16:22:42.454]     INFO: Test took 4405ms.
[16:22:42.589]     INFO: Fetched DAQ statistics. Counters are being reset now.
[16:22:42.589]    DEBUG: <PixTest.cc/efficiencyMaps:L407>  eff result size = 812824
[16:22:42.589]    DEBUG: <PixTest.cc/efficiencyMaps:L412> Create hists HR_xeff_CalDelScan_step14_C0 .. HR_xeff_CalDelScan_step14_C15
[16:22:42.589]    DEBUG: <PixTest.cc/efficiencyMaps:L426> booking xray maps for unmasked detector
[16:22:42.652]    DEBUG: <PixTest.cc/efficiencyMaps:L396>       attempt #0
[16:22:43.318]     INFO: Expecting 41600 events.
[16:22:47.045]     INFO: 41600 events read in total (3200ms).
[16:22:47.050]     INFO: Test took 4398ms.
[16:22:47.184]     INFO: Fetched DAQ statistics. Counters are being reset now.
[16:22:47.184]    DEBUG: <PixTest.cc/efficiencyMaps:L407>  eff result size = 812136
[16:22:47.184]    DEBUG: <PixTest.cc/efficiencyMaps:L412> Create hists HR_xeff_CalDelScan_step15_C0 .. HR_xeff_CalDelScan_step15_C15
[16:22:47.184]    DEBUG: <PixTest.cc/efficiencyMaps:L426> booking xray maps for unmasked detector
[16:22:47.247]    DEBUG: <PixTest.cc/efficiencyMaps:L396>       attempt #0
[16:22:47.913]     INFO: Expecting 41600 events.
[16:22:51.657]     INFO: 41600 events read in total (3217ms).
[16:22:51.662]     INFO: Test took 4415ms.
[16:22:51.796]     INFO: Fetched DAQ statistics. Counters are being reset now.
[16:22:51.796]    DEBUG: <PixTest.cc/efficiencyMaps:L407>  eff result size = 811908
[16:22:51.796]    DEBUG: <PixTest.cc/efficiencyMaps:L412> Create hists HR_xeff_CalDelScan_step16_C0 .. HR_xeff_CalDelScan_step16_C15
[16:22:51.796]    DEBUG: <PixTest.cc/efficiencyMaps:L426> booking xray maps for unmasked detector
[16:22:51.858]    DEBUG: <PixTest.cc/efficiencyMaps:L396>       attempt #0
[16:22:52.523]     INFO: Expecting 41600 events.
[16:22:56.251]     INFO: 41600 events read in total (3201ms).
[16:22:56.256]     INFO: Test took 4397ms.
[16:22:56.388]     INFO: Fetched DAQ statistics. Counters are being reset now.
[16:22:56.388]    DEBUG: <PixTest.cc/efficiencyMaps:L407>  eff result size = 812622
[16:22:56.388]    DEBUG: <PixTest.cc/efficiencyMaps:L412> Create hists HR_xeff_CalDelScan_step17_C0 .. HR_xeff_CalDelScan_step17_C15
[16:22:56.389]    DEBUG: <PixTest.cc/efficiencyMaps:L426> booking xray maps for unmasked detector
[16:22:56.451]    DEBUG: <PixTest.cc/efficiencyMaps:L396>       attempt #0
[16:22:57.116]     INFO: Expecting 41600 events.
[16:23:00.779]     INFO: 41600 events read in total (3137ms).
[16:23:00.784]     INFO: Test took 4333ms.
[16:23:00.918]     INFO: Fetched DAQ statistics. Counters are being reset now.
[16:23:00.918]    DEBUG: <PixTest.cc/efficiencyMaps:L407>  eff result size = 808745
[16:23:00.918]    DEBUG: <PixTest.cc/efficiencyMaps:L412> Create hists HR_xeff_CalDelScan_step18_C0 .. HR_xeff_CalDelScan_step18_C15
[16:23:00.918]    DEBUG: <PixTest.cc/efficiencyMaps:L426> booking xray maps for unmasked detector
[16:23:00.980]    DEBUG: <PixTest.cc/efficiencyMaps:L396>       attempt #0
[16:23:01.646]     INFO: Expecting 41600 events.
[16:23:05.159]     INFO: 41600 events read in total (2986ms).
[16:23:05.164]     INFO: Test took 4183ms.
[16:23:05.295]     INFO: Fetched DAQ statistics. Counters are being reset now.
[16:23:05.295]    DEBUG: <PixTest.cc/efficiencyMaps:L407>  eff result size = 798716
[16:23:05.295]    DEBUG: <PixTest.cc/efficiencyMaps:L412> Create hists HR_xeff_CalDelScan_step19_C0 .. HR_xeff_CalDelScan_step19_C15
[16:23:05.295]    DEBUG: <PixTest.cc/efficiencyMaps:L426> booking xray maps for unmasked detector
[16:23:05.577]    DEBUG: <PixTestHighRate.cc/doCalDelScan:L422> roc  0: caldel = 143 eff = 0.998462
[16:23:05.577]    DEBUG: <PixTestHighRate.cc/doCalDelScan:L422> roc  1: caldel = 148 eff = 0.999447
[16:23:05.577]    DEBUG: <PixTestHighRate.cc/doCalDelScan:L422> roc  2: caldel = 157 eff = 0.996731
[16:23:05.577]    DEBUG: <PixTestHighRate.cc/doCalDelScan:L422> roc  3: caldel = 172 eff = 0.996779
[16:23:05.578]    DEBUG: <PixTestHighRate.cc/doCalDelScan:L422> roc  4: caldel = 158 eff = 0.996322
[16:23:05.578]    DEBUG: <PixTestHighRate.cc/doCalDelScan:L422> roc  5: caldel = 158 eff = 0.996394
[16:23:05.578]    DEBUG: <PixTestHighRate.cc/doCalDelScan:L422> roc  6: caldel = 158 eff = 0.995745
[16:23:05.578]    DEBUG: <PixTestHighRate.cc/doCalDelScan:L422> roc  7: caldel = 171 eff = 0.997356
[16:23:05.578]    DEBUG: <PixTestHighRate.cc/doCalDelScan:L422> roc  8: caldel = 180 eff = 0.996683
[16:23:05.578]    DEBUG: <PixTestHighRate.cc/doCalDelScan:L422> roc  9: caldel = 150 eff = 0.995553
[16:23:05.578]    DEBUG: <PixTestHighRate.cc/doCalDelScan:L422> roc 10: caldel = 151 eff = 0.996538
[16:23:05.579]    DEBUG: <PixTestHighRate.cc/doCalDelScan:L422> roc 11: caldel = 153 eff = 0.996514
[16:23:05.579]    DEBUG: <PixTestHighRate.cc/doCalDelScan:L422> roc 12: caldel = 146 eff = 0.996755
[16:23:05.579]    DEBUG: <PixTestHighRate.cc/doCalDelScan:L422> roc 13: caldel = 160 eff = 0.998365
[16:23:05.579]    DEBUG: <PixTestHighRate.cc/doCalDelScan:L422> roc 14: caldel = 146 eff = 0.999351
[16:23:05.579]    DEBUG: <PixTestHighRate.cc/doCalDelScan:L422> roc 15: caldel = 157 eff = 0.999063
[16:23:10.559]    DEBUG: <PixTab.cc/buttonClicked:L308> xxxPressed():  xpixelalive
[16:23:10.559]    DEBUG: <PixTestHighRate.cc/runCommand:L157> running command: xpixelalive
[16:23:10.559]     INFO:    ----------------------------------------------------------------------
[16:23:10.559]     INFO:    PixTestHighRate::xPixelAlive() ntrig = 50, vcal = 200
[16:23:10.559]     INFO:    ----------------------------------------------------------------------
[16:23:10.560]    DEBUG: <PixTestHighRate.cc/doXPixelAlive:L451>  old set: clk: 4
[16:23:10.560]    DEBUG: <PixTestHighRate.cc/doXPixelAlive:L451>  old set: ctr: 4
[16:23:10.560]    DEBUG: <PixTestHighRate.cc/doXPixelAlive:L451>  old set: sda: 19
[16:23:10.560]    DEBUG: <PixTestHighRate.cc/doXPixelAlive:L451>  old set: tin: 9
[16:23:10.560]    DEBUG: <PixTestHighRate.cc/doXPixelAlive:L451>  old set: level: 15
[16:23:10.560]    DEBUG: <PixTestHighRate.cc/doXPixelAlive:L451>  old set: triggerdelay: 0
[16:23:10.560]    DEBUG: <PixTestHighRate.cc/doXPixelAlive:L467>  setting: clk: 4
[16:23:10.560]    DEBUG: <PixTestHighRate.cc/doXPixelAlive:L467>  setting: ctr: 4
[16:23:10.560]    DEBUG: <PixTestHighRate.cc/doXPixelAlive:L467>  setting: sda: 19
[16:23:10.560]    DEBUG: <PixTestHighRate.cc/doXPixelAlive:L467>  setting: tin: 9
[16:23:10.560]    DEBUG: <PixTestHighRate.cc/doXPixelAlive:L467>  setting: level: 15
[16:23:10.560]    DEBUG: <PixTestHighRate.cc/doXPixelAlive:L467>  setting: triggerdelay: 20
[16:23:10.590]    DEBUG: <PixTest.cc/efficiencyMaps:L396>       attempt #0
[16:23:11.257]     INFO: Expecting 208000 events.
[16:23:26.487]     INFO: 208000 events read in total (14703ms).
[16:23:26.506]     INFO: Test took 15916ms.
[16:23:27.149]     INFO: Fetched DAQ statistics. Counters are being reset now.
[16:23:27.149]    DEBUG: <PixTest.cc/efficiencyMaps:L407>  eff result size = 3757928
[16:23:27.149]    DEBUG: <PixTest.cc/efficiencyMaps:L412> Create hists highRate_C0 .. highRate_C15
[16:23:27.150]    DEBUG: <PixTest.cc/efficiencyMaps:L426> booking xray maps for unmasked detector
[16:23:27.624]     INFO: number of dead pixels (per ROC):     3    0    5    2    0    0    3    2    0    0    0    1    0    0    0    0
[16:23:27.624]     INFO: number of red-efficiency pixels:   215  171  448  599  712  663  647  538  568  796  685  649  622  385  196  217
[16:23:27.624]     INFO: number of X-ray hits detected:    134773 106304 181699 276120 297256 295201 290857 240905 274683 301156 297091 275983 279014 188819 111287 140236
[16:23:27.624]     INFO: number of triggers sent (total per ROC):  208000 208000 208000 208000 208000 208000 208000 208000 208000 208000 208000 208000 208000 208000 208000 208000
[16:23:27.624]     INFO: number of Vcal hits detected:  207631 207823 207239 207245 207195 207240 207130 207324 207362 207049 207236 207184 207302 207586 207794 207770
[16:23:27.624]     INFO: Vcal hit fiducial efficiency (%):  99.9 99.9 99.8 99.7 99.6 99.7 99.7 99.7 99.7 99.6 99.7 99.7 99.7 99.8 99.9 99.9
[16:23:27.624]     INFO: Vcal hit overall efficiency (%):  99.8 99.9 99.6 99.6 99.6 99.6 99.6 99.7 99.7 99.5 99.6 99.6 99.7 99.8 99.9 99.9
[16:23:27.624]     INFO: X-ray hit rate [MHz/cm2]:  39.5 31.2 53.3 80.9 87.1 86.5 85.3 70.6 80.5 88.3 87.1 80.9 81.8 55.3 32.6 41.1
[16:23:27.624]     INFO: PixTestHighRate::doXPixelAlive() done
[16:23:27.671]    DEBUG: <PixTestHighRate.cc/doXPixelAlive:L586>  resetting: clk: 4
[16:23:27.671]    DEBUG: <PixTestHighRate.cc/doXPixelAlive:L586>  resetting: ctr: 4
[16:23:27.671]    DEBUG: <PixTestHighRate.cc/doXPixelAlive:L586>  resetting: sda: 19
[16:23:27.671]    DEBUG: <PixTestHighRate.cc/doXPixelAlive:L586>  resetting: tin: 9
[16:23:27.671]    DEBUG: <PixTestHighRate.cc/doXPixelAlive:L586>  resetting: level: 15
[16:23:27.671]    DEBUG: <PixTestHighRate.cc/doXPixelAlive:L586>  resetting: triggerdelay: 0
[16:23:27.671]     INFO: PixTest::       pg_setup set to default.
[16:23:31.367]    DEBUG: <PixGui.cc/handleButtons:L396> PixGui::exit called
[16:23:31.368]    DEBUG: <PixGui.cc/CloseWindow:L335> Final Analog Current: 384.3mA
[16:23:31.369]    DEBUG: <PixGui.cc/CloseWindow:L336> Final Digital Current: 471.1mA
[16:23:31.369]    DEBUG: <PixGui.cc/CloseWindow:L337> Final Module Temperature: -0.2 C
[16:23:31.369]    DEBUG: <PixTestBBMap.cc/~PixTestBBMap:L97> PixTestBBMap dtor
[16:23:31.369]    DEBUG: <PixTestBB2Map.cc/~PixTestBB2Map:L115> PixTestBB2Map dtor
[16:23:31.369]    DEBUG: <PixTestBB3Map.cc/~PixTestBB3Map:L99> PixTestBB3Map dtor
[16:23:31.369]    DEBUG: <PixTestBB4Map.cc/~PixTestBB4Map:L118> PixTestBB4Map dtor
[16:23:31.369]    DEBUG: <PixTestCmd.cc/~PixTestCmd:L78> PixTestCmd dtor
[16:23:31.369]    DEBUG: <PixTestDaq.cc/~PixTestDaq:L37> PixTestDaq dtor
[16:23:31.369]    DEBUG: <PixTestDacDacScan.cc/~PixTestDacDacScan:L136> PixTestDacDacScan dtor
[16:23:31.369]    DEBUG: <PixTestDacScan.cc/~PixTestDacScan:L129> PixTestDacScan dtor
[16:23:31.369]    DEBUG: <PixTestGainPedestal.cc/~PixTestGainPedestal:L125> PixTestGainPedestal dtor
[16:23:31.369]    DEBUG: <PixTestHighRate.cc/~PixTestHighRate:L245> PixTestHighRate dtor
[16:23:31.449]    DEBUG: <PixTestIV.cc/~PixTestIV:L96> PixTestIV dtor
[16:23:31.449]    DEBUG: <PixTestAlive.cc/~PixTestAlive:L109> PixTestAlive dtor
[16:23:31.449]    DEBUG: <PixTestPretest.cc/~PixTestPretest:L136> PixTestPretest dtor
[16:23:31.449]    DEBUG: <PixTestReadback.cc/~PixTestReadback:L89> PixTestReadback dtor, saving tree ... 
[16:23:31.449]    DEBUG: <PixTestScurves.cc/~PixTestScurves:L142> PixTestScurves dtor
[16:23:31.449]    DEBUG: <PixTestTiming.cc/~PixTestTiming:L97> PixTestTiming dtor
[16:23:31.449]    DEBUG: <PixTestTrim.cc/~PixTestTrim:L103> PixTestTrim dtor
[16:23:31.450]    DEBUG: <PixTestXray.cc/~PixTestXray:L217> PixTestXray dtor
[16:23:31.452]    QUIET: Connection to board 58 closed.
[16:23:31.532]    DEBUG: <PixMonitor.cc/dumpSummaries:L39> PixMonitor::dumpSummaries
