[15:02:47.560]     INFO: *** Welcome to pxar ***
[15:02:47.560]     INFO: *** Today: 2016/01/07
[15:02:47.570]     INFO: *** Version: prod-12
[15:02:47.570]     INFO: readRocDacs: data/mh236/altdac//dacParameters35_C0.dat .. data/mh236/altdac//dacParameters35_C15.dat
[15:02:47.571]     INFO: readTbmDacs: data/mh236/altdac//tbmParameters_C0a.dat .. data/mh236/altdac//tbmParameters_C0b.dat
[15:02:47.571]     INFO: readMaskFile: data/mh236/altdac//defaultMaskFile.dat
[15:02:47.571]     INFO: readTrimFile: data/mh236/altdac//trimParameters35_C0.dat .. data/mh236/altdac//trimParameters35_C15.dat
[15:02:47.722]     INFO:         clk: 4
[15:02:47.722]     INFO:         ctr: 4
[15:02:47.722]     INFO:         sda: 19
[15:02:47.722]     INFO:         tin: 9
[15:02:47.722]     INFO:         level: 15
[15:02:47.722]     INFO:         triggerdelay: 0
[15:02:47.722]    QUIET: Instanciating API for pxar prod-12
[15:02:47.722]     INFO: Log level: DEBUG
[15:02:47.733]    QUIET: Connection to board DTB_WRPRHI opened.
[15:02:47.736]     INFO: DTB startup information
--- DTB info------------------------------------------
Board id:    58
HW version:  DTB1.2
FW version:  4.2
SW version:  4.5
USB id:      DTB_WRPRHI
MAC address: 40D85511803A
Hostname:    pixelDTB058
Comment:     
------------------------------------------------------
[15:02:47.739]     INFO: RPC call hashes of host and DTB match: 398089610
[15:02:49.342]     INFO: DUT info: 
[15:02:49.342]     INFO: The DUT currently contains the following objects:
[15:02:49.342]     INFO:  2 TBM Cores tbm08c (2 ON)
[15:02:49.342]     INFO: 	TBM Core alpha (0): 7 registers set
[15:02:49.342]     INFO: 	TBM Core beta  (1): 7 registers set
[15:02:49.342]     INFO: 16 ROCs psi46digv21respin (16 ON) with 4160 pixelConfigs
[15:02:49.342]     INFO: 	ROC 0: 19 DACs set, Pixels: 0 masked, 0 active.
[15:02:49.342]     INFO: 	ROC 1: 19 DACs set, Pixels: 0 masked, 0 active.
[15:02:49.343]     INFO: 	ROC 2: 19 DACs set, Pixels: 0 masked, 0 active.
[15:02:49.343]     INFO: 	ROC 3: 19 DACs set, Pixels: 0 masked, 0 active.
[15:02:49.343]     INFO: 	ROC 4: 19 DACs set, Pixels: 0 masked, 0 active.
[15:02:49.343]     INFO: 	ROC 5: 19 DACs set, Pixels: 0 masked, 0 active.
[15:02:49.343]     INFO: 	ROC 6: 19 DACs set, Pixels: 0 masked, 0 active.
[15:02:49.343]     INFO: 	ROC 7: 19 DACs set, Pixels: 0 masked, 0 active.
[15:02:49.343]     INFO: 	ROC 8: 19 DACs set, Pixels: 0 masked, 0 active.
[15:02:49.343]     INFO: 	ROC 9: 19 DACs set, Pixels: 0 masked, 0 active.
[15:02:49.343]     INFO: 	ROC 10: 19 DACs set, Pixels: 0 masked, 0 active.
[15:02:49.343]     INFO: 	ROC 11: 19 DACs set, Pixels: 0 masked, 0 active.
[15:02:49.343]     INFO: 	ROC 12: 19 DACs set, Pixels: 0 masked, 0 active.
[15:02:49.343]     INFO: 	ROC 13: 19 DACs set, Pixels: 0 masked, 0 active.
[15:02:49.343]     INFO: 	ROC 14: 19 DACs set, Pixels: 0 masked, 0 active.
[15:02:49.343]     INFO: 	ROC 15: 19 DACs set, Pixels: 0 masked, 0 active.
[15:02:49.343]    DEBUG: <PixTestParameters.cc/dump:L104> PixTestParameters: ->BB<-
[15:02:49.343]    DEBUG: <PixTestParameters.cc/dump:L107>   dumpall: checkbox(0)
[15:02:49.343]    DEBUG: <PixTestParameters.cc/dump:L107>   dumpproblematic: checkbox(0)
[15:02:49.343]    DEBUG: <PixTestParameters.cc/dump:L107>   ntrig: 5
[15:02:49.343]    DEBUG: <PixTestParameters.cc/dump:L107>   vcals: 250
[15:02:49.343]    DEBUG: <PixTestParameters.cc/dump:L104> PixTestParameters: ->BB2<-
[15:02:49.343]    DEBUG: <PixTestParameters.cc/dump:L107>   ntrig: 10
[15:02:49.343]    DEBUG: <PixTestParameters.cc/dump:L107>   vcals: 222
[15:02:49.343]    DEBUG: <PixTestParameters.cc/dump:L107>   plwidth: 35
[15:02:49.343]    DEBUG: <PixTestParameters.cc/dump:L107>   pix: 11,20
[15:02:49.343]    DEBUG: <PixTestParameters.cc/dump:L107>   targetia: 24
[15:02:49.343]    DEBUG: <PixTestParameters.cc/dump:L104> PixTestParameters: ->BB3<-
[15:02:49.344]    DEBUG: <PixTestParameters.cc/dump:L107>   dumpall: checkbox(0)
[15:02:49.344]    DEBUG: <PixTestParameters.cc/dump:L107>   dumpproblematic: checkbox(0)
[15:02:49.344]    DEBUG: <PixTestParameters.cc/dump:L107>   ntrig: 5
[15:02:49.344]    DEBUG: <PixTestParameters.cc/dump:L107>   vcals: 250
[15:02:49.344]    DEBUG: <PixTestParameters.cc/dump:L104> PixTestParameters: ->BB4<-
[15:02:49.344]    DEBUG: <PixTestParameters.cc/dump:L107>   savecaldelscan: checkbox(0)
[15:02:49.344]    DEBUG: <PixTestParameters.cc/dump:L107>   ntrig: 100
[15:02:49.344]    DEBUG: <PixTestParameters.cc/dump:L107>   cals: 1
[15:02:49.344]    DEBUG: <PixTestParameters.cc/dump:L107>   caldello: 80
[15:02:49.344]    DEBUG: <PixTestParameters.cc/dump:L107>   caldelhi: 200
[15:02:49.344]    DEBUG: <PixTestParameters.cc/dump:L107>   caldelstep: 10
[15:02:49.344]    DEBUG: <PixTestParameters.cc/dump:L107>   vthrcomplo: 70
[15:02:49.344]    DEBUG: <PixTestParameters.cc/dump:L107>   vthrcomphi: 130
[15:02:49.344]    DEBUG: <PixTestParameters.cc/dump:L107>   vthrcompstep: 5
[15:02:49.344]    DEBUG: <PixTestParameters.cc/dump:L107>   noisypixels: 10
[15:02:49.344]    DEBUG: <PixTestParameters.cc/dump:L107>   vcal: 255
[15:02:49.344]    DEBUG: <PixTestParameters.cc/dump:L107>   cut: 0.5
[15:02:49.344]    DEBUG: <PixTestParameters.cc/dump:L104> PixTestParameters: ->Cmd<-
[15:02:49.344]    DEBUG: <PixTestParameters.cc/dump:L104> PixTestParameters: ->DAQ<-
[15:02:49.344]    DEBUG: <PixTestParameters.cc/dump:L107>   delaytbm: checkbox
[15:02:49.344]    DEBUG: <PixTestParameters.cc/dump:L107>   filltree: checkbox
[15:02:49.344]    DEBUG: <PixTestParameters.cc/dump:L107>   trgfrequency(khz): 100
[15:02:49.344]    DEBUG: <PixTestParameters.cc/dump:L107>   maskhotpixels: button
[15:02:49.344]    DEBUG: <PixTestParameters.cc/dump:L107>   trgnumber: 5
[15:02:49.344]    DEBUG: <PixTestParameters.cc/dump:L107>   iterations: 10
[15:02:49.344]    DEBUG: <PixTestParameters.cc/dump:L107>   rundaqtrg: button
[15:02:49.344]    DEBUG: <PixTestParameters.cc/dump:L107>   daqseconds: 10
[15:02:49.344]    DEBUG: <PixTestParameters.cc/dump:L107>   rundaqseconds: button
[15:02:49.344]    DEBUG: <PixTestParameters.cc/dump:L104> PixTestParameters: ->DacDacScan<-
[15:02:49.344]    DEBUG: <PixTestParameters.cc/dump:L107>   phmap: checkbox
[15:02:49.344]    DEBUG: <PixTestParameters.cc/dump:L107>   ntrig: 10
[15:02:49.344]    DEBUG: <PixTestParameters.cc/dump:L107>   dac1: caldel
[15:02:49.344]    DEBUG: <PixTestParameters.cc/dump:L107>   dac1lo: 0
[15:02:49.344]    DEBUG: <PixTestParameters.cc/dump:L107>   dac1hi: 255
[15:02:49.344]    DEBUG: <PixTestParameters.cc/dump:L107>   dac2: vthrcomp
[15:02:49.344]    DEBUG: <PixTestParameters.cc/dump:L107>   dac2lo: 0
[15:02:49.344]    DEBUG: <PixTestParameters.cc/dump:L107>   dac2hi: 255
[15:02:49.344]    DEBUG: <PixTestParameters.cc/dump:L107>   pix: 11,20
[15:02:49.344]    DEBUG: <PixTestParameters.cc/dump:L104> PixTestParameters: ->DacScan<-
[15:02:49.344]    DEBUG: <PixTestParameters.cc/dump:L107>   phmap: checkbox(1)
[15:02:49.344]    DEBUG: <PixTestParameters.cc/dump:L107>   allpixels: checkbox(0)
[15:02:49.344]    DEBUG: <PixTestParameters.cc/dump:L107>   unmasked: checkbox(0)
[15:02:49.344]    DEBUG: <PixTestParameters.cc/dump:L107>   ntrig: 10
[15:02:49.344]    DEBUG: <PixTestParameters.cc/dump:L107>   dac: vcal
[15:02:49.344]    DEBUG: <PixTestParameters.cc/dump:L107>   daclo: 0
[15:02:49.344]    DEBUG: <PixTestParameters.cc/dump:L107>   dachi: 255
[15:02:49.344]    DEBUG: <PixTestParameters.cc/dump:L107>   pix: 11,20
[15:02:49.344]    DEBUG: <PixTestParameters.cc/dump:L104> PixTestParameters: ->GainPedestal<-
[15:02:49.344]    DEBUG: <PixTestParameters.cc/dump:L107>   showfits: checkbox(0)
[15:02:49.344]    DEBUG: <PixTestParameters.cc/dump:L107>   extended: checkbox(0)
[15:02:49.344]    DEBUG: <PixTestParameters.cc/dump:L107>   dumphists: checkbox(0)
[15:02:49.344]    DEBUG: <PixTestParameters.cc/dump:L107>   ntrig: 10
[15:02:49.344]    DEBUG: <PixTestParameters.cc/dump:L107>   vcalstep: 10
[15:02:49.344]    DEBUG: <PixTestParameters.cc/dump:L107>   measure: button
[15:02:49.344]    DEBUG: <PixTestParameters.cc/dump:L107>   fit: button
[15:02:49.344]    DEBUG: <PixTestParameters.cc/dump:L107>   save: button
[15:02:49.344]    DEBUG: <PixTestParameters.cc/dump:L104> PixTestParameters: ->HighRate<-
[15:02:49.344]    DEBUG: <PixTestParameters.cc/dump:L107>   pix: 11,20
[15:02:49.345]    DEBUG: <PixTestParameters.cc/dump:L107>   trimhotpixels: button
[15:02:49.345]    DEBUG: <PixTestParameters.cc/dump:L107>   trimhotpixelthr: 200
[15:02:49.345]    DEBUG: <PixTestParameters.cc/dump:L107>   runsecondshotpixels: 10
[15:02:49.345]    DEBUG: <PixTestParameters.cc/dump:L107>   savetrimbits: checkbox(1)
[15:02:49.345]    DEBUG: <PixTestParameters.cc/dump:L107>   maskuntrimmable: checkbox(1)
[15:02:49.345]    DEBUG: <PixTestParameters.cc/dump:L107>   maskhotpixels: button
[15:02:49.345]    DEBUG: <PixTestParameters.cc/dump:L107>   savemaskfile: checkbox(0)
[15:02:49.345]    DEBUG: <PixTestParameters.cc/dump:L107>   maskfilename: default
[15:02:49.345]    DEBUG: <PixTestParameters.cc/dump:L107>   caldelscan: button
[15:02:49.345]    DEBUG: <PixTestParameters.cc/dump:L107>   xpixelalive: button
[15:02:49.345]    DEBUG: <PixTestParameters.cc/dump:L107>   ntrig: 50
[15:02:49.345]    DEBUG: <PixTestParameters.cc/dump:L107>   vcal: 200
[15:02:49.345]    DEBUG: <PixTestParameters.cc/dump:L107>   xnoisemaps: button
[15:02:49.345]    DEBUG: <PixTestParameters.cc/dump:L107>   daclo: 0
[15:02:49.345]    DEBUG: <PixTestParameters.cc/dump:L107>   dachi: 100
[15:02:49.345]    DEBUG: <PixTestParameters.cc/dump:L107>   dacs/step: 20
[15:02:49.345]    DEBUG: <PixTestParameters.cc/dump:L107>   rundaq: button
[15:02:49.345]    DEBUG: <PixTestParameters.cc/dump:L107>   trgfrequency(khz): 20
[15:02:49.345]    DEBUG: <PixTestParameters.cc/dump:L107>   runseconds: 2
[15:02:49.345]    DEBUG: <PixTestParameters.cc/dump:L107>   triggerdelay: 20
[15:02:49.345]    DEBUG: <PixTestParameters.cc/dump:L107>   delaytbm: checkbox
[15:02:49.345]    DEBUG: <PixTestParameters.cc/dump:L107>   filltree: checkbox
[15:02:49.345]    DEBUG: <PixTestParameters.cc/dump:L104> PixTestParameters: ->IV<-
[15:02:49.345]    DEBUG: <PixTestParameters.cc/dump:L107>   port: /dev/ttyS0
[15:02:49.345]    DEBUG: <PixTestParameters.cc/dump:L107>   voltagestart: 0
[15:02:49.345]    DEBUG: <PixTestParameters.cc/dump:L107>   voltagestop: 600
[15:02:49.345]    DEBUG: <PixTestParameters.cc/dump:L107>   voltagestep: 5
[15:02:49.345]    DEBUG: <PixTestParameters.cc/dump:L107>   delay: 1
[15:02:49.345]    DEBUG: <PixTestParameters.cc/dump:L107>   compliance(ua): 100
[15:02:49.345]    DEBUG: <PixTestParameters.cc/dump:L104> PixTestParameters: ->PhOptimization<-
[15:02:49.345]    DEBUG: <PixTestParameters.cc/dump:L107>   ntrig: 10
[15:02:49.345]    DEBUG: <PixTestParameters.cc/dump:L107>   safetymarginlow: 20
[15:02:49.345]    DEBUG: <PixTestParameters.cc/dump:L107>   saturationvcal: 100
[15:02:49.345]    DEBUG: <PixTestParameters.cc/dump:L107>   quantilesaturation: 0.98
[15:02:49.345]    DEBUG: <PixTestParameters.cc/dump:L104> PixTestParameters: ->PixelAlive<-
[15:02:49.345]    DEBUG: <PixTestParameters.cc/dump:L107>   ntrig: 10
[15:02:49.345]    DEBUG: <PixTestParameters.cc/dump:L107>   vcal: 200
[15:02:49.345]    DEBUG: <PixTestParameters.cc/dump:L107>   alivetest: button
[15:02:49.345]    DEBUG: <PixTestParameters.cc/dump:L107>   masktest: button
[15:02:49.345]    DEBUG: <PixTestParameters.cc/dump:L107>   addressdecodingtest: button
[15:02:49.345]    DEBUG: <PixTestParameters.cc/dump:L104> PixTestParameters: ->Pretest<-
[15:02:49.345]    DEBUG: <PixTestParameters.cc/dump:L107>   programroc: button
[15:02:49.345]    DEBUG: <PixTestParameters.cc/dump:L107>   targetia: 24
[15:02:49.345]    DEBUG: <PixTestParameters.cc/dump:L107>   setvana: button
[15:02:49.345]    DEBUG: <PixTestParameters.cc/dump:L107>   iterations: 100
[15:02:49.345]    DEBUG: <PixTestParameters.cc/dump:L107>   settimings: button
[15:02:49.345]    DEBUG: <PixTestParameters.cc/dump:L107>   findtiming: button
[15:02:49.345]    DEBUG: <PixTestParameters.cc/dump:L107>   findworkingpixel: button
[15:02:49.345]    DEBUG: <PixTestParameters.cc/dump:L107>   setvthrcompcaldel: button
[15:02:49.345]    DEBUG: <PixTestParameters.cc/dump:L107>   pix: 11,20
[15:02:49.345]    DEBUG: <PixTestParameters.cc/dump:L107>   vcal: 250
[15:02:49.345]    DEBUG: <PixTestParameters.cc/dump:L107>   deltavthrcomp: 50
[15:02:49.345]    DEBUG: <PixTestParameters.cc/dump:L107>   fraccaldel: 0.5
[15:02:49.345]    DEBUG: <PixTestParameters.cc/dump:L107>   ntrig: 5
[15:02:49.345]    DEBUG: <PixTestParameters.cc/dump:L107>   savedacs: button
[15:02:49.345]    DEBUG: <PixTestParameters.cc/dump:L104> PixTestParameters: ->Readback<-
[15:02:49.345]    DEBUG: <PixTestParameters.cc/dump:L107>   calibratevd: button
[15:02:49.345]    DEBUG: <PixTestParameters.cc/dump:L107>   calibrateva: button
[15:02:49.345]    DEBUG: <PixTestParameters.cc/dump:L107>   calibrateia: button
[15:02:49.346]    DEBUG: <PixTestParameters.cc/dump:L107>   readbackvbg: button
[15:02:49.346]    DEBUG: <PixTestParameters.cc/dump:L107>   getcalibratedvbg: button
[15:02:49.346]    DEBUG: <PixTestParameters.cc/dump:L107>   usecalvd: checkbox(1)
[15:02:49.346]    DEBUG: <PixTestParameters.cc/dump:L107>   usecalva: checkbox(0)
[15:02:49.346]    DEBUG: <PixTestParameters.cc/dump:L107>   setvana: button
[15:02:49.346]    DEBUG: <PixTestParameters.cc/dump:L104> PixTestParameters: ->Scurves<-
[15:02:49.346]    DEBUG: <PixTestParameters.cc/dump:L107>   adjustvcal: checkbox(0)
[15:02:49.346]    DEBUG: <PixTestParameters.cc/dump:L107>   dumpall: checkbox(0)
[15:02:49.346]    DEBUG: <PixTestParameters.cc/dump:L107>   dumpproblematic: checkbox(0)
[15:02:49.346]    DEBUG: <PixTestParameters.cc/dump:L107>   dumpoutputfile: checkbox(0)
[15:02:49.346]    DEBUG: <PixTestParameters.cc/dump:L107>   ntrig: 50
[15:02:49.346]    DEBUG: <PixTestParameters.cc/dump:L107>   dac: Vcal
[15:02:49.346]    DEBUG: <PixTestParameters.cc/dump:L107>   daclo: 5
[15:02:49.346]    DEBUG: <PixTestParameters.cc/dump:L107>   dachi: 75
[15:02:49.346]    DEBUG: <PixTestParameters.cc/dump:L107>   dacs/step: -1
[15:02:49.346]    DEBUG: <PixTestParameters.cc/dump:L107>   ntrig/step: -1
[15:02:49.346]    DEBUG: <PixTestParameters.cc/dump:L107>   scurves: button
[15:02:49.346]    DEBUG: <PixTestParameters.cc/dump:L104> PixTestParameters: ->Timing<-
[15:02:49.346]    DEBUG: <PixTestParameters.cc/dump:L107>   targetclk: 4
[15:02:49.346]    DEBUG: <PixTestParameters.cc/dump:L107>   ntrig: 10
[15:02:49.346]    DEBUG: <PixTestParameters.cc/dump:L107>   clocksdascan: button
[15:02:49.346]    DEBUG: <PixTestParameters.cc/dump:L107>   notokenpass: checkbox(0)
[15:02:49.346]    DEBUG: <PixTestParameters.cc/dump:L107>   phasescan: button
[15:02:49.346]    DEBUG: <PixTestParameters.cc/dump:L107>   levelscan: button
[15:02:49.346]    DEBUG: <PixTestParameters.cc/dump:L107>   tbmphasescan: button
[15:02:49.346]    DEBUG: <PixTestParameters.cc/dump:L107>   rocdelayscan: button
[15:02:49.346]    DEBUG: <PixTestParameters.cc/dump:L107>   timingtest: button
[15:02:49.346]    DEBUG: <PixTestParameters.cc/dump:L107>   saveparameters: button
[15:02:49.346]    DEBUG: <PixTestParameters.cc/dump:L104> PixTestParameters: ->Trim<-
[15:02:49.346]    DEBUG: <PixTestParameters.cc/dump:L107>   trim: button
[15:02:49.346]    DEBUG: <PixTestParameters.cc/dump:L107>   ntrig: 8
[15:02:49.346]    DEBUG: <PixTestParameters.cc/dump:L107>   vcal: 35
[15:02:49.346]    DEBUG: <PixTestParameters.cc/dump:L107>   trimbits: button
[15:02:49.346]    DEBUG: <PixTestParameters.cc/dump:L104> PixTestParameters: ->Xray<-
[15:02:49.346]    DEBUG: <PixTestParameters.cc/dump:L107>   maskhotpixels: button
[15:02:49.346]    DEBUG: <PixTestParameters.cc/dump:L107>   savemaskfile: checkbox(0)
[15:02:49.346]    DEBUG: <PixTestParameters.cc/dump:L107>   maskfilename: default
[15:02:49.346]    DEBUG: <PixTestParameters.cc/dump:L107>   source: Ag
[15:02:49.346]    DEBUG: <PixTestParameters.cc/dump:L107>   phrun: button
[15:02:49.346]    DEBUG: <PixTestParameters.cc/dump:L107>   runseconds: 160
[15:02:49.346]    DEBUG: <PixTestParameters.cc/dump:L107>   trgfrequency(khz): 100
[15:02:49.346]    DEBUG: <PixTestParameters.cc/dump:L107>   ratescan: button
[15:02:49.346]    DEBUG: <PixTestParameters.cc/dump:L107>   vthrcompmin: 10
[15:02:49.346]    DEBUG: <PixTestParameters.cc/dump:L107>   vthrcompmax: 80
[15:02:49.346]    DEBUG: <PixTestParameters.cc/dump:L107>   stepseconds: 5
[15:02:49.346]    DEBUG: <PixTestParameters.cc/dump:L107>   delaytbm: checkbox
[15:02:49.346]    DEBUG: <PixTestParameters.cc/dump:L107>   filltree: checkbox
[15:02:49.348]    DEBUG: <PixSetup.cc/init:L81> PixSetup init start; getCurrentRSS() = 31383552
[15:02:49.348]    DEBUG: <PixSetup.cc/init:L87> fPixTestParameters = 0x2051f80
[15:02:49.348]    DEBUG: <PixSetup.cc/init:L88>  fConfigParameters = 0x1fc9c10
[15:02:49.348]    DEBUG: <PixSetup.cc/init:L89>        fPxarMemory = 0x7f90ddd94010
[15:02:49.348]    DEBUG: <PixSetup.cc/init:L90>         fPxarMemHi = 0x7f90e3fff510
[15:02:49.349]    DEBUG: <PixSetup.cc/init:L106> PixSetup init done;  getCurrentRSS() = 31391744 fPxarMemory = 0x7f90ddd94010
[15:02:49.350]    DEBUG: <pXar.cc/main:L223> Initial Analog Current: 375.4mA
[15:02:49.351]    DEBUG: <pXar.cc/main:L224> Initial Digital Current: 468.7mA
[15:02:49.351]    DEBUG: <pXar.cc/main:L225> Initial Module Temperature: 20.2 C
[15:02:49.849]    DEBUG: <PixGui.cc/hvOn:L460> HV set On: 0x2612480
[15:02:49.911]    DEBUG: <PixTestFactory.cc/PixTestFactory:L53> PixTestFactory::PixTestFactory()
[15:02:49.911]    DEBUG: <PixTestBBMap.cc/init:L79> PixTestBBMap::init()
[15:02:49.911]    DEBUG: <PixTestBBMap.cc/PixTestBBMap:L27> PixTestBBMap ctor(PixSetup &a, string, TGTab *)
[15:02:49.917]    DEBUG: <PixTestBB2Map.cc/setParameter:L58> setting fTargetIa    = 24 mA/ROC
[15:02:49.917]    DEBUG: <PixTestBB2Map.cc/init:L97> PixTestBB2Map::init()
[15:02:49.917]    DEBUG: <PixTestBB2Map.cc/PixTestBB2Map:L29> PixTestBB2Map ctor(PixSetup &a, string, TGTab *)
[15:02:49.927]    DEBUG: <PixTestBB3Map.cc/init:L81> PixTestBB3Map::init()
[15:02:49.927]    DEBUG: <PixTestBB3Map.cc/PixTestBB3Map:L29> PixTestBB3Map ctor(PixSetup &a, string, TGTab *)
[15:02:49.936]    DEBUG: <PixTestBB4Map.cc/init:L93> PixTestBB4Map::init()
[15:02:49.936]    DEBUG: <PixTestBB4Map.cc/PixTestBB4Map:L26> PixTestMapeff ctor(PixSetup &a, string, TGTab *)
[15:02:49.955]     INFO: PixTestCmd::init()
[15:02:49.960]    DEBUG: <PixTestDaq.cc/init:L44> PixTestDaq::init()
[15:02:49.960]    DEBUG: <PixTestDaq.cc/PixTestDaq:L22> PixTestDaq ctor(PixSetup &a, string, TGTab *)
[15:02:49.960]     INFO: readGainPedestalParameters data/mh236/altdac//phCalibrationFitErr35_C0.dat .. data/mh236/altdac//phCalibrationFitErr35_C15.dat
[15:02:50.206]    DEBUG: <PixTestDacDacScan.cc/init:L103> PixTestDacDacScan::init()
[15:02:50.207]    DEBUG: <PixTestDacDacScan.cc/PixTestDacDacScan:L22> PixTestDacDacScan ctor(PixSetup &a, string, TGTab *)
[15:02:50.221]    DEBUG: <PixTestGainPedestal.cc/setParameter:L83> PixTestGainPedestal::PixTest() fVcalStep = 10
[15:02:50.227]    DEBUG: <PixTestHighRate.cc/setParameter:L68>   setting fParTriggerFrequency -> 20
[15:02:50.227]    DEBUG: <PixTestHighRate.cc/init:L198> PixTestHighRate::init()
[15:02:50.228]    DEBUG: <PixTestHighRate.cc/PixTestHighRate:L31> PixTestHighRate ctor(PixSetup &a, string, TGTab *)
[15:02:50.249]    DEBUG: <PixTest.cc/setTestParameter:L637>  setting  ntrig to new value 10
[15:02:50.249]    DEBUG: <PixTestPhOptimization.cc/setParameter:L37>   setting fParNtrig  ->10<- from sval = 10
[15:02:50.249]    DEBUG: <PixTestPhOptimization.cc/setParameter:L42>   setting fSafetyMarginLow  ->20<- from sval = 20
[15:02:50.249]    DEBUG: <PixTestPhOptimization.cc/setParameter:L48>   setting fVcalMax  ->100<- from sval = 100
[15:02:50.249]    DEBUG: <PixTestPhOptimization.cc/setParameter:L53>   setting fQuantMax  ->0.98<- from sval = 0.98
[15:02:50.255]    DEBUG: <PixTestAlive.cc/init:L77> PixTestAlive::init()
[15:02:50.255]    DEBUG: <PixTestAlive.cc/PixTestAlive:L21> PixTestAlive ctor(PixSetup &a, string, TGTab *)
[15:02:50.269]    DEBUG: <PixTestReadback.cc/setParameter:L172> fCalwVd set to 1
[15:02:50.269]    DEBUG: <PixTestReadback.cc/init:L95> PixTestReadback::init()
[15:02:50.269]    DEBUG: <PixTestReadback.cc/PixTestReadback:L22> PixTestReadback ctor(PixSetup &a, string, TGTab *)
[15:02:50.269]     INFO: readReadbackCal: data/mh236/altdac//readbackCal_C0.dat .. data/mh236/altdac//readbackCal_C15.dat
[15:02:50.282]    DEBUG: <PixTestScurves.cc/setParameter:L93> set fOutputFilename = 
[15:02:50.289]    DEBUG: <PixTestTiming.cc/setParameter:L60> PixTestTiming::PixTest() targetclk = 4
[15:02:50.289]    DEBUG: <PixTestTiming.cc/setParameter:L64> PixTestTiming::PixTest() ntrig = 10
[15:02:50.289]    DEBUG: <PixTestTiming.cc/setParameter:L48> fNoTokenPass: 0
[15:02:50.289]    DEBUG: <PixTestTiming.cc/init:L74> PixTestTiming::init()
[15:02:50.302]    DEBUG: <PixTestXray.cc/init:L134> PixTestXray::init()
[15:02:50.302]    DEBUG: <PixTestXray.cc/PixTestXray:L28> PixTestXray ctor(PixSetup &a, string, TGTab *)
[15:02:56.517]    DEBUG: <PixTab.cc/setParameter:L391> xxxPressed():  ID = 1 -> source to value Cu
[15:02:59.709]     INFO: ######################################################################
[15:02:59.709]     INFO: PixTestXray::doTest()
[15:02:59.709]     INFO: ######################################################################
[15:02:59.709]     INFO:    ----------------------------------------------------------------------
[15:02:59.709]     INFO:    PixTestXray::doPhRun() fParRunSeconds = 160
[15:02:59.709]     INFO:    ----------------------------------------------------------------------
[15:03:00.682]     INFO: PixTestXray::doPhRun start TriggerLoop with trigger frequency 100 kHz, period 405 and duration 160 seconds,  fEventsMax = 16000000
[15:03:17.794]     INFO: run duration 17 seconds, buffer almost full (81%), pausing triggers.
[15:03:17.798]    DEBUG: <PixTestXray.cc/processData:L739> Getting Event Buffer
[15:03:45.337]    DEBUG: <PixTestXray.cc/processData:L757> Processing Data: 1685923 events.
[15:03:45.380]    DEBUG: <PixTestXray.cc/processData:L808>  # events read: 1685923, pixels seen in all events: 20685
[15:03:45.481]     INFO: Resuming triggers.
[15:04:02.593]     INFO: run duration 34 seconds, buffer almost full (81%), pausing triggers.
[15:04:02.619]    DEBUG: <PixTestXray.cc/processData:L739> Getting Event Buffer
[15:04:30.326]    DEBUG: <PixTestXray.cc/processData:L757> Processing Data: 1685870 events.
[15:04:30.367]    DEBUG: <PixTestXray.cc/processData:L808>  # events read: 1685870, pixels seen in all events: 20416
[15:04:30.474]     INFO: Resuming triggers.
[15:04:47.586]     INFO: run duration 51 seconds, buffer almost full (81%), pausing triggers.
[15:04:47.609]    DEBUG: <PixTestXray.cc/processData:L739> Getting Event Buffer
[15:05:15.204]    DEBUG: <PixTestXray.cc/processData:L757> Processing Data: 1685832 events.
[15:05:15.246]    DEBUG: <PixTestXray.cc/processData:L808>  # events read: 1685832, pixels seen in all events: 20801
[15:05:15.348]     INFO: Resuming triggers.
[15:05:32.462]     INFO: run duration 68 seconds, buffer almost full (81%), pausing triggers.
[15:05:32.488]    DEBUG: <PixTestXray.cc/processData:L739> Getting Event Buffer
[15:06:00.039]    DEBUG: <PixTestXray.cc/processData:L757> Processing Data: 1685958 events.
[15:06:00.082]    DEBUG: <PixTestXray.cc/processData:L808>  # events read: 1685958, pixels seen in all events: 20691
[15:06:00.188]     INFO: Resuming triggers.
[15:06:17.301]     INFO: run duration 85 seconds, buffer almost full (81%), pausing triggers.
[15:06:17.324]    DEBUG: <PixTestXray.cc/processData:L739> Getting Event Buffer
[15:06:44.976]    DEBUG: <PixTestXray.cc/processData:L757> Processing Data: 1685870 events.
[15:06:45.018]    DEBUG: <PixTestXray.cc/processData:L808>  # events read: 1685870, pixels seen in all events: 20667
[15:06:45.121]     INFO: Resuming triggers.
[15:07:02.233]     INFO: run duration 102 seconds, buffer almost full (81%), pausing triggers.
[15:07:02.260]    DEBUG: <PixTestXray.cc/processData:L739> Getting Event Buffer
[15:07:29.941]    DEBUG: <PixTestXray.cc/processData:L757> Processing Data: 1685844 events.
[15:07:29.984]    DEBUG: <PixTestXray.cc/processData:L808>  # events read: 1685844, pixels seen in all events: 20664
[15:07:30.089]     INFO: Resuming triggers.
[15:07:47.202]     INFO: run duration 119 seconds, buffer almost full (81%), pausing triggers.
[15:07:47.230]    DEBUG: <PixTestXray.cc/processData:L739> Getting Event Buffer
