[14:33:42.767]     INFO: *** Welcome to pxar ***
[14:33:42.767]     INFO: *** Today: 2016/01/13
[14:33:42.777]     INFO: *** Version: prod-12
[14:33:42.777]     INFO: readRocDacs: data/mh242/M-H-2-42_ElComandanteTest_2016-01-08_10h19m_1452269964/000_FPIXTest_p17/dacParameters35_C0.dat .. data/mh242/M-H-2-42_ElComandanteTest_2016-01-08_10h19m_1452269964/000_FPIXTest_p17/dacParameters35_C15.dat
[14:33:42.779]     INFO: readTbmDacs: data/mh242/M-H-2-42_ElComandanteTest_2016-01-08_10h19m_1452269964/000_FPIXTest_p17/tbmParameters_C0a.dat .. data/mh242/M-H-2-42_ElComandanteTest_2016-01-08_10h19m_1452269964/000_FPIXTest_p17/tbmParameters_C0b.dat
[14:33:42.779]     INFO: readMaskFile: data/mh242/M-H-2-42_ElComandanteTest_2016-01-08_10h19m_1452269964/000_FPIXTest_p17/defaultMaskFile.dat
[14:33:42.779]     INFO: MASKED Roc 6 col/row: 0 41
[14:33:42.779]     INFO: MASKED Roc 6 col/row: 0 50
[14:33:42.779]     INFO: MASKED Roc 6 col/row: 0 54
[14:33:42.779]     INFO: MASKED Roc 6 col/row: 1 55
[14:33:42.779]     INFO: MASKED Roc 6 col/row: 1 57
[14:33:42.779]     INFO: MASKED Roc 6 col/row: 5 24
[14:33:42.779]     INFO: MASKED Roc 6 col/row: 5 39
[14:33:42.779]     INFO: MASKED Roc 6 col/row: 5 47
[14:33:42.779]     INFO: MASKED Roc 6 col/row: 5 55
[14:33:42.779]     INFO: MASKED Roc 6 col/row: 5 65
[14:33:42.779]     INFO: MASKED Roc 6 col/row: 6 45
[14:33:42.779]     INFO: MASKED Roc 6 col/row: 7 26
[14:33:42.779]     INFO: MASKED Roc 6 col/row: 7 51
[14:33:42.779]     INFO: MASKED Roc 6 col/row: 8 25
[14:33:42.779]     INFO: MASKED Roc 6 col/row: 9 43
[14:33:42.779]     INFO: MASKED Roc 6 col/row: 9 60
[14:33:42.779]     INFO: MASKED Roc 6 col/row: 10 43
[14:33:42.779]     INFO: MASKED Roc 6 col/row: 10 55
[14:33:42.779]     INFO: MASKED Roc 6 col/row: 11 35
[14:33:42.779]     INFO: MASKED Roc 6 col/row: 11 47
[14:33:42.779]     INFO: MASKED Roc 6 col/row: 38 52
[14:33:42.779]     INFO: readTrimFile: data/mh242/M-H-2-42_ElComandanteTest_2016-01-08_10h19m_1452269964/000_FPIXTest_p17/trimParameters35_C0.dat .. data/mh242/M-H-2-42_ElComandanteTest_2016-01-08_10h19m_1452269964/000_FPIXTest_p17/trimParameters35_C15.dat
[14:33:42.838]     INFO:   masking Roc 6 col/row: 0 41
[14:33:42.838]     INFO:   masking Roc 6 col/row: 0 50
[14:33:42.839]     INFO:   masking Roc 6 col/row: 0 54
[14:33:42.839]     INFO:   masking Roc 6 col/row: 1 55
[14:33:42.839]     INFO:   masking Roc 6 col/row: 1 57
[14:33:42.839]     INFO:   masking Roc 6 col/row: 5 24
[14:33:42.839]     INFO:   masking Roc 6 col/row: 5 39
[14:33:42.839]     INFO:   masking Roc 6 col/row: 5 47
[14:33:42.839]     INFO:   masking Roc 6 col/row: 5 55
[14:33:42.839]     INFO:   masking Roc 6 col/row: 5 65
[14:33:42.839]     INFO:   masking Roc 6 col/row: 6 45
[14:33:42.839]     INFO:   masking Roc 6 col/row: 7 26
[14:33:42.839]     INFO:   masking Roc 6 col/row: 7 51
[14:33:42.839]     INFO:   masking Roc 6 col/row: 8 25
[14:33:42.839]     INFO:   masking Roc 6 col/row: 9 43
[14:33:42.839]     INFO:   masking Roc 6 col/row: 9 60
[14:33:42.839]     INFO:   masking Roc 6 col/row: 10 43
[14:33:42.839]     INFO:   masking Roc 6 col/row: 10 55
[14:33:42.839]     INFO:   masking Roc 6 col/row: 11 35
[14:33:42.839]     INFO:   masking Roc 6 col/row: 11 47
[14:33:42.839]     INFO:   masking Roc 6 col/row: 38 52
[14:33:42.934]     INFO:         clk: 4
[14:33:42.934]     INFO:         ctr: 4
[14:33:42.934]     INFO:         sda: 19
[14:33:42.934]     INFO:         tin: 9
[14:33:42.934]     INFO:         level: 15
[14:33:42.934]     INFO:         triggerdelay: 0
[14:33:42.934]    QUIET: Instanciating API for pxar prod-12
[14:33:42.934]     INFO: Log level: DEBUG
[14:33:42.945]    QUIET: Connection to board DTB_WRPRHI opened.
[14:33:42.948]     INFO: DTB startup information
--- DTB info------------------------------------------
Board id:    58
HW version:  DTB1.2
FW version:  4.2
SW version:  4.5
USB id:      DTB_WRPRHI
MAC address: 40D85511803A
Hostname:    pixelDTB058
Comment:     
------------------------------------------------------
[14:33:42.951]     INFO: RPC call hashes of host and DTB match: 398089610
[14:33:44.554]     INFO: DUT info: 
[14:33:44.554]     INFO: The DUT currently contains the following objects:
[14:33:44.554]     INFO:  2 TBM Cores tbm08c (2 ON)
[14:33:44.554]     INFO: 	TBM Core alpha (0): 7 registers set
[14:33:44.554]     INFO: 	TBM Core beta  (1): 7 registers set
[14:33:44.554]     INFO: 16 ROCs psi46digv21respin (16 ON) with 4160 pixelConfigs
[14:33:44.554]     INFO: 	ROC 0: 19 DACs set, Pixels: 0 masked, 0 active.
[14:33:44.554]     INFO: 	ROC 1: 19 DACs set, Pixels: 0 masked, 0 active.
[14:33:44.554]     INFO: 	ROC 2: 19 DACs set, Pixels: 0 masked, 0 active.
[14:33:44.554]     INFO: 	ROC 3: 19 DACs set, Pixels: 0 masked, 0 active.
[14:33:44.554]     INFO: 	ROC 4: 19 DACs set, Pixels: 0 masked, 0 active.
[14:33:44.554]     INFO: 	ROC 5: 19 DACs set, Pixels: 0 masked, 0 active.
[14:33:44.554]     INFO: 	ROC 6: 19 DACs set, Pixels: 21 masked, 0 active.
[14:33:44.554]     INFO: 	ROC 7: 19 DACs set, Pixels: 0 masked, 0 active.
[14:33:44.554]     INFO: 	ROC 8: 19 DACs set, Pixels: 0 masked, 0 active.
[14:33:44.554]     INFO: 	ROC 9: 19 DACs set, Pixels: 0 masked, 0 active.
[14:33:44.554]     INFO: 	ROC 10: 19 DACs set, Pixels: 0 masked, 0 active.
[14:33:44.554]     INFO: 	ROC 11: 19 DACs set, Pixels: 0 masked, 0 active.
[14:33:44.554]     INFO: 	ROC 12: 19 DACs set, Pixels: 0 masked, 0 active.
[14:33:44.554]     INFO: 	ROC 13: 19 DACs set, Pixels: 0 masked, 0 active.
[14:33:44.554]     INFO: 	ROC 14: 19 DACs set, Pixels: 0 masked, 0 active.
[14:33:44.554]     INFO: 	ROC 15: 19 DACs set, Pixels: 0 masked, 0 active.
[14:33:44.555]    DEBUG: <PixTestParameters.cc/dump:L104> PixTestParameters: ->BB<-
[14:33:44.555]    DEBUG: <PixTestParameters.cc/dump:L107>   dumpall: checkbox(0)
[14:33:44.555]    DEBUG: <PixTestParameters.cc/dump:L107>   dumpproblematic: checkbox(0)
[14:33:44.555]    DEBUG: <PixTestParameters.cc/dump:L107>   ntrig: 5
[14:33:44.555]    DEBUG: <PixTestParameters.cc/dump:L107>   vcals: 250
[14:33:44.555]    DEBUG: <PixTestParameters.cc/dump:L104> PixTestParameters: ->BB2<-
[14:33:44.555]    DEBUG: <PixTestParameters.cc/dump:L107>   ntrig: 10
[14:33:44.555]    DEBUG: <PixTestParameters.cc/dump:L107>   vcals: 222
[14:33:44.555]    DEBUG: <PixTestParameters.cc/dump:L107>   plwidth: 35
[14:33:44.555]    DEBUG: <PixTestParameters.cc/dump:L107>   pix: 11,20
[14:33:44.555]    DEBUG: <PixTestParameters.cc/dump:L107>   targetia: 24
[14:33:44.555]    DEBUG: <PixTestParameters.cc/dump:L104> PixTestParameters: ->BB3<-
[14:33:44.555]    DEBUG: <PixTestParameters.cc/dump:L107>   dumpall: checkbox(0)
[14:33:44.555]    DEBUG: <PixTestParameters.cc/dump:L107>   dumpproblematic: checkbox(0)
[14:33:44.555]    DEBUG: <PixTestParameters.cc/dump:L107>   ntrig: 5
[14:33:44.555]    DEBUG: <PixTestParameters.cc/dump:L107>   vcals: 250
[14:33:44.555]    DEBUG: <PixTestParameters.cc/dump:L104> PixTestParameters: ->BB4<-
[14:33:44.555]    DEBUG: <PixTestParameters.cc/dump:L107>   savecaldelscan: checkbox(0)
[14:33:44.555]    DEBUG: <PixTestParameters.cc/dump:L107>   ntrig: 100
[14:33:44.555]    DEBUG: <PixTestParameters.cc/dump:L107>   cals: 1
[14:33:44.555]    DEBUG: <PixTestParameters.cc/dump:L107>   caldello: 80
[14:33:44.555]    DEBUG: <PixTestParameters.cc/dump:L107>   caldelhi: 200
[14:33:44.555]    DEBUG: <PixTestParameters.cc/dump:L107>   caldelstep: 10
[14:33:44.555]    DEBUG: <PixTestParameters.cc/dump:L107>   vthrcomplo: 70
[14:33:44.555]    DEBUG: <PixTestParameters.cc/dump:L107>   vthrcomphi: 130
[14:33:44.555]    DEBUG: <PixTestParameters.cc/dump:L107>   vthrcompstep: 5
[14:33:44.555]    DEBUG: <PixTestParameters.cc/dump:L107>   noisypixels: 10
[14:33:44.555]    DEBUG: <PixTestParameters.cc/dump:L107>   vcal: 255
[14:33:44.555]    DEBUG: <PixTestParameters.cc/dump:L107>   cut: 0.5
[14:33:44.555]    DEBUG: <PixTestParameters.cc/dump:L104> PixTestParameters: ->Cmd<-
[14:33:44.555]    DEBUG: <PixTestParameters.cc/dump:L104> PixTestParameters: ->DAQ<-
[14:33:44.555]    DEBUG: <PixTestParameters.cc/dump:L107>   delaytbm: checkbox
[14:33:44.555]    DEBUG: <PixTestParameters.cc/dump:L107>   filltree: checkbox
[14:33:44.555]    DEBUG: <PixTestParameters.cc/dump:L107>   trgfrequency(khz): 100
[14:33:44.555]    DEBUG: <PixTestParameters.cc/dump:L107>   maskhotpixels: button
[14:33:44.555]    DEBUG: <PixTestParameters.cc/dump:L107>   trgnumber: 5
[14:33:44.555]    DEBUG: <PixTestParameters.cc/dump:L107>   iterations: 10
[14:33:44.555]    DEBUG: <PixTestParameters.cc/dump:L107>   rundaqtrg: button
[14:33:44.555]    DEBUG: <PixTestParameters.cc/dump:L107>   daqseconds: 5
[14:33:44.556]    DEBUG: <PixTestParameters.cc/dump:L107>   rundaqseconds: button
[14:33:44.556]    DEBUG: <PixTestParameters.cc/dump:L104> PixTestParameters: ->DacDacScan<-
[14:33:44.556]    DEBUG: <PixTestParameters.cc/dump:L107>   phmap: checkbox
[14:33:44.556]    DEBUG: <PixTestParameters.cc/dump:L107>   ntrig: 10
[14:33:44.556]    DEBUG: <PixTestParameters.cc/dump:L107>   dac1: caldel
[14:33:44.556]    DEBUG: <PixTestParameters.cc/dump:L107>   dac1lo: 0
[14:33:44.556]    DEBUG: <PixTestParameters.cc/dump:L107>   dac1hi: 255
[14:33:44.556]    DEBUG: <PixTestParameters.cc/dump:L107>   dac2: vthrcomp
[14:33:44.556]    DEBUG: <PixTestParameters.cc/dump:L107>   dac2lo: 0
[14:33:44.556]    DEBUG: <PixTestParameters.cc/dump:L107>   dac2hi: 255
[14:33:44.556]    DEBUG: <PixTestParameters.cc/dump:L107>   pix: 11,20
[14:33:44.556]    DEBUG: <PixTestParameters.cc/dump:L104> PixTestParameters: ->DacScan<-
[14:33:44.556]    DEBUG: <PixTestParameters.cc/dump:L107>   phmap: checkbox(1)
[14:33:44.556]    DEBUG: <PixTestParameters.cc/dump:L107>   allpixels: checkbox(0)
[14:33:44.556]    DEBUG: <PixTestParameters.cc/dump:L107>   unmasked: checkbox(0)
[14:33:44.556]    DEBUG: <PixTestParameters.cc/dump:L107>   ntrig: 10
[14:33:44.556]    DEBUG: <PixTestParameters.cc/dump:L107>   dac: vcal
[14:33:44.556]    DEBUG: <PixTestParameters.cc/dump:L107>   daclo: 0
[14:33:44.556]    DEBUG: <PixTestParameters.cc/dump:L107>   dachi: 255
[14:33:44.556]    DEBUG: <PixTestParameters.cc/dump:L107>   pix: 11,20
[14:33:44.556]    DEBUG: <PixTestParameters.cc/dump:L104> PixTestParameters: ->GainPedestal<-
[14:33:44.556]    DEBUG: <PixTestParameters.cc/dump:L107>   showfits: checkbox(0)
[14:33:44.556]    DEBUG: <PixTestParameters.cc/dump:L107>   extended: checkbox(0)
[14:33:44.556]    DEBUG: <PixTestParameters.cc/dump:L107>   dumphists: checkbox(0)
[14:33:44.556]    DEBUG: <PixTestParameters.cc/dump:L107>   ntrig: 10
[14:33:44.556]    DEBUG: <PixTestParameters.cc/dump:L107>   vcalstep: 10
[14:33:44.556]    DEBUG: <PixTestParameters.cc/dump:L107>   measure: button
[14:33:44.556]    DEBUG: <PixTestParameters.cc/dump:L107>   fit: button
[14:33:44.556]    DEBUG: <PixTestParameters.cc/dump:L107>   save: button
[14:33:44.556]    DEBUG: <PixTestParameters.cc/dump:L104> PixTestParameters: ->HighRate<-
[14:33:44.556]    DEBUG: <PixTestParameters.cc/dump:L107>   pix: 11,20
[14:33:44.556]    DEBUG: <PixTestParameters.cc/dump:L107>   trimhotpixels: button
[14:33:44.556]    DEBUG: <PixTestParameters.cc/dump:L107>   trimhotpixelthr: 200
[14:33:44.556]    DEBUG: <PixTestParameters.cc/dump:L107>   runsecondshotpixels: 10
[14:33:44.556]    DEBUG: <PixTestParameters.cc/dump:L107>   savetrimbits: checkbox(1)
[14:33:44.556]    DEBUG: <PixTestParameters.cc/dump:L107>   maskuntrimmable: checkbox(1)
[14:33:44.556]    DEBUG: <PixTestParameters.cc/dump:L107>   maskhotpixels: button
[14:33:44.556]    DEBUG: <PixTestParameters.cc/dump:L107>   savemaskfile: checkbox(0)
[14:33:44.556]    DEBUG: <PixTestParameters.cc/dump:L107>   maskfilename: default
[14:33:44.556]    DEBUG: <PixTestParameters.cc/dump:L107>   caldelscan: button
[14:33:44.556]    DEBUG: <PixTestParameters.cc/dump:L107>   xpixelalive: button
[14:33:44.556]    DEBUG: <PixTestParameters.cc/dump:L107>   ntrig: 50
[14:33:44.556]    DEBUG: <PixTestParameters.cc/dump:L107>   vcal: 200
[14:33:44.556]    DEBUG: <PixTestParameters.cc/dump:L107>   xnoisemaps: button
[14:33:44.556]    DEBUG: <PixTestParameters.cc/dump:L107>   daclo: 0
[14:33:44.556]    DEBUG: <PixTestParameters.cc/dump:L107>   dachi: 100
[14:33:44.556]    DEBUG: <PixTestParameters.cc/dump:L107>   dacs/step: 20
[14:33:44.556]    DEBUG: <PixTestParameters.cc/dump:L107>   rundaq: button
[14:33:44.556]    DEBUG: <PixTestParameters.cc/dump:L107>   trgfrequency(khz): 20
[14:33:44.556]    DEBUG: <PixTestParameters.cc/dump:L107>   runseconds: 2
[14:33:44.556]    DEBUG: <PixTestParameters.cc/dump:L107>   triggerdelay: 20
[14:33:44.556]    DEBUG: <PixTestParameters.cc/dump:L107>   delaytbm: checkbox
[14:33:44.557]    DEBUG: <PixTestParameters.cc/dump:L107>   filltree: checkbox
[14:33:44.557]    DEBUG: <PixTestParameters.cc/dump:L104> PixTestParameters: ->IV<-
[14:33:44.557]    DEBUG: <PixTestParameters.cc/dump:L107>   port: /dev/FIXME
[14:33:44.557]    DEBUG: <PixTestParameters.cc/dump:L107>   voltagestart: 0
[14:33:44.557]    DEBUG: <PixTestParameters.cc/dump:L107>   voltagestop: 600
[14:33:44.557]    DEBUG: <PixTestParameters.cc/dump:L107>   voltagestep: 5
[14:33:44.557]    DEBUG: <PixTestParameters.cc/dump:L107>   delay: 1
[14:33:44.557]    DEBUG: <PixTestParameters.cc/dump:L107>   compliance(ua): 100
[14:33:44.557]    DEBUG: <PixTestParameters.cc/dump:L104> PixTestParameters: ->PhOptimization<-
[14:33:44.557]    DEBUG: <PixTestParameters.cc/dump:L107>   ntrig: 10
[14:33:44.557]    DEBUG: <PixTestParameters.cc/dump:L107>   safetymarginlow: 20
[14:33:44.557]    DEBUG: <PixTestParameters.cc/dump:L107>   saturationvcal: 100
[14:33:44.557]    DEBUG: <PixTestParameters.cc/dump:L107>   quantilesaturation: 0.98
[14:33:44.557]    DEBUG: <PixTestParameters.cc/dump:L104> PixTestParameters: ->PixelAlive<-
[14:33:44.557]    DEBUG: <PixTestParameters.cc/dump:L107>   ntrig: 10
[14:33:44.557]    DEBUG: <PixTestParameters.cc/dump:L107>   vcal: 200
[14:33:44.557]    DEBUG: <PixTestParameters.cc/dump:L107>   alivetest: button
[14:33:44.557]    DEBUG: <PixTestParameters.cc/dump:L107>   masktest: button
[14:33:44.557]    DEBUG: <PixTestParameters.cc/dump:L107>   addressdecodingtest: button
[14:33:44.557]    DEBUG: <PixTestParameters.cc/dump:L104> PixTestParameters: ->Pretest<-
[14:33:44.557]    DEBUG: <PixTestParameters.cc/dump:L107>   programroc: button
[14:33:44.557]    DEBUG: <PixTestParameters.cc/dump:L107>   targetia: 24
[14:33:44.557]    DEBUG: <PixTestParameters.cc/dump:L107>   setvana: button
[14:33:44.557]    DEBUG: <PixTestParameters.cc/dump:L107>   iterations: 100
[14:33:44.557]    DEBUG: <PixTestParameters.cc/dump:L107>   settimings: button
[14:33:44.557]    DEBUG: <PixTestParameters.cc/dump:L107>   findtiming: button
[14:33:44.557]    DEBUG: <PixTestParameters.cc/dump:L107>   findworkingpixel: button
[14:33:44.557]    DEBUG: <PixTestParameters.cc/dump:L107>   setvthrcompcaldel: button
[14:33:44.557]    DEBUG: <PixTestParameters.cc/dump:L107>   pix: 11,20
[14:33:44.557]    DEBUG: <PixTestParameters.cc/dump:L107>   vcal: 250
[14:33:44.557]    DEBUG: <PixTestParameters.cc/dump:L107>   deltavthrcomp: 50
[14:33:44.557]    DEBUG: <PixTestParameters.cc/dump:L107>   fraccaldel: 0.5
[14:33:44.557]    DEBUG: <PixTestParameters.cc/dump:L107>   ntrig: 5
[14:33:44.557]    DEBUG: <PixTestParameters.cc/dump:L107>   savedacs: button
[14:33:44.557]    DEBUG: <PixTestParameters.cc/dump:L104> PixTestParameters: ->Readback<-
[14:33:44.557]    DEBUG: <PixTestParameters.cc/dump:L107>   calibratevd: button
[14:33:44.557]    DEBUG: <PixTestParameters.cc/dump:L107>   calibrateva: button
[14:33:44.557]    DEBUG: <PixTestParameters.cc/dump:L107>   calibrateia: button
[14:33:44.557]    DEBUG: <PixTestParameters.cc/dump:L107>   readbackvbg: button
[14:33:44.557]    DEBUG: <PixTestParameters.cc/dump:L107>   getcalibratedvbg: button
[14:33:44.557]    DEBUG: <PixTestParameters.cc/dump:L107>   usecalvd: checkbox(1)
[14:33:44.557]    DEBUG: <PixTestParameters.cc/dump:L107>   usecalva: checkbox(0)
[14:33:44.557]    DEBUG: <PixTestParameters.cc/dump:L107>   setvana: button
[14:33:44.557]    DEBUG: <PixTestParameters.cc/dump:L104> PixTestParameters: ->Scurves<-
[14:33:44.557]    DEBUG: <PixTestParameters.cc/dump:L107>   adjustvcal: checkbox(0)
[14:33:44.557]    DEBUG: <PixTestParameters.cc/dump:L107>   dumpall: checkbox(0)
[14:33:44.557]    DEBUG: <PixTestParameters.cc/dump:L107>   dumpproblematic: checkbox(0)
[14:33:44.557]    DEBUG: <PixTestParameters.cc/dump:L107>   dumpoutputfile: checkbox(0)
[14:33:44.557]    DEBUG: <PixTestParameters.cc/dump:L107>   ntrig: 50
[14:33:44.557]    DEBUG: <PixTestParameters.cc/dump:L107>   dac: Vcal
[14:33:44.557]    DEBUG: <PixTestParameters.cc/dump:L107>   daclo: 0
[14:33:44.558]    DEBUG: <PixTestParameters.cc/dump:L107>   dachi: 200
[14:33:44.558]    DEBUG: <PixTestParameters.cc/dump:L107>   dacs/step: -1
[14:33:44.558]    DEBUG: <PixTestParameters.cc/dump:L107>   ntrig/step: -1
[14:33:44.558]    DEBUG: <PixTestParameters.cc/dump:L107>   scurves: button
[14:33:44.558]    DEBUG: <PixTestParameters.cc/dump:L104> PixTestParameters: ->Timing<-
[14:33:44.558]    DEBUG: <PixTestParameters.cc/dump:L107>   targetclk: 4
[14:33:44.558]    DEBUG: <PixTestParameters.cc/dump:L107>   ntrig: 10
[14:33:44.558]    DEBUG: <PixTestParameters.cc/dump:L107>   clocksdascan: button
[14:33:44.558]    DEBUG: <PixTestParameters.cc/dump:L107>   notokenpass: checkbox(0)
[14:33:44.558]    DEBUG: <PixTestParameters.cc/dump:L107>   phasescan: button
[14:33:44.558]    DEBUG: <PixTestParameters.cc/dump:L107>   levelscan: button
[14:33:44.558]    DEBUG: <PixTestParameters.cc/dump:L107>   tbmphasescan: button
[14:33:44.558]    DEBUG: <PixTestParameters.cc/dump:L107>   rocdelayscan: button
[14:33:44.558]    DEBUG: <PixTestParameters.cc/dump:L107>   timingtest: button
[14:33:44.558]    DEBUG: <PixTestParameters.cc/dump:L107>   saveparameters: button
[14:33:44.558]    DEBUG: <PixTestParameters.cc/dump:L104> PixTestParameters: ->Trim<-
[14:33:44.558]    DEBUG: <PixTestParameters.cc/dump:L107>   trim: button
[14:33:44.558]    DEBUG: <PixTestParameters.cc/dump:L107>   ntrig: 8
[14:33:44.558]    DEBUG: <PixTestParameters.cc/dump:L107>   vcal: 35
[14:33:44.558]    DEBUG: <PixTestParameters.cc/dump:L107>   trimbits: button
[14:33:44.558]    DEBUG: <PixTestParameters.cc/dump:L104> PixTestParameters: ->Xray<-
[14:33:44.558]    DEBUG: <PixTestParameters.cc/dump:L107>   maskhotpixels: button
[14:33:44.558]    DEBUG: <PixTestParameters.cc/dump:L107>   savemaskfile: checkbox(0)
[14:33:44.558]    DEBUG: <PixTestParameters.cc/dump:L107>   maskfilename: default
[14:33:44.558]    DEBUG: <PixTestParameters.cc/dump:L107>   source: Ag
[14:33:44.558]    DEBUG: <PixTestParameters.cc/dump:L107>   phrun: button
[14:33:44.558]    DEBUG: <PixTestParameters.cc/dump:L107>   runseconds: 100
[14:33:44.558]    DEBUG: <PixTestParameters.cc/dump:L107>   trgfrequency(khz): 100
[14:33:44.558]    DEBUG: <PixTestParameters.cc/dump:L107>   ratescan: button
[14:33:44.558]    DEBUG: <PixTestParameters.cc/dump:L107>   vthrcompmin: 10
[14:33:44.558]    DEBUG: <PixTestParameters.cc/dump:L107>   vthrcompmax: 80
[14:33:44.558]    DEBUG: <PixTestParameters.cc/dump:L107>   stepseconds: 5
[14:33:44.558]    DEBUG: <PixTestParameters.cc/dump:L107>   delaytbm: checkbox
[14:33:44.558]    DEBUG: <PixTestParameters.cc/dump:L107>   filltree: checkbox
[14:33:44.560]    DEBUG: <PixSetup.cc/init:L81> PixSetup init start; getCurrentRSS() = 32755712
[14:33:44.560]    DEBUG: <PixSetup.cc/init:L87> fPixTestParameters = 0xab9280
[14:33:44.560]    DEBUG: <PixSetup.cc/init:L88>  fConfigParameters = 0xa2ec10
[14:33:44.560]    DEBUG: <PixSetup.cc/init:L89>        fPxarMemory = 0x7fcc91d94010
[14:33:44.560]    DEBUG: <PixSetup.cc/init:L90>         fPxarMemHi = 0x7fcc97fff510
[14:33:44.560]    DEBUG: <PixSetup.cc/init:L106> PixSetup init done;  getCurrentRSS() = 32763904 fPxarMemory = 0x7fcc91d94010
[14:33:44.562]    DEBUG: <pXar.cc/main:L223> Initial Analog Current: 389.9mA
[14:33:44.563]    DEBUG: <pXar.cc/main:L224> Initial Digital Current: 536.2mA
[14:33:44.563]    DEBUG: <pXar.cc/main:L225> Initial Module Temperature: 0.1 C
[14:33:45.057]    DEBUG: <PixGui.cc/hvOn:L460> HV set On: 0x1077670
[14:33:45.123]    DEBUG: <PixTestFactory.cc/PixTestFactory:L53> PixTestFactory::PixTestFactory()
[14:33:45.124]    DEBUG: <PixTestBBMap.cc/init:L79> PixTestBBMap::init()
[14:33:45.124]    DEBUG: <PixTestBBMap.cc/PixTestBBMap:L27> PixTestBBMap ctor(PixSetup &a, string, TGTab *)
[14:33:45.130]    DEBUG: <PixTestBB2Map.cc/setParameter:L58> setting fTargetIa    = 24 mA/ROC
[14:33:45.130]    DEBUG: <PixTestBB2Map.cc/init:L97> PixTestBB2Map::init()
[14:33:45.130]    DEBUG: <PixTestBB2Map.cc/PixTestBB2Map:L29> PixTestBB2Map ctor(PixSetup &a, string, TGTab *)
[14:33:45.142]    DEBUG: <PixTestBB3Map.cc/init:L81> PixTestBB3Map::init()
[14:33:45.142]    DEBUG: <PixTestBB3Map.cc/PixTestBB3Map:L29> PixTestBB3Map ctor(PixSetup &a, string, TGTab *)
[14:33:45.156]    DEBUG: <PixTestBB4Map.cc/init:L93> PixTestBB4Map::init()
[14:33:45.156]    DEBUG: <PixTestBB4Map.cc/PixTestBB4Map:L26> PixTestMapeff ctor(PixSetup &a, string, TGTab *)
[14:33:45.170]     INFO: PixTestCmd::init()
[14:33:45.179]    DEBUG: <PixTestDaq.cc/init:L44> PixTestDaq::init()
[14:33:45.180]    DEBUG: <PixTestDaq.cc/PixTestDaq:L22> PixTestDaq ctor(PixSetup &a, string, TGTab *)
[14:33:45.180]     INFO: readGainPedestalParameters data/mh242/M-H-2-42_ElComandanteTest_2016-01-08_10h19m_1452269964/000_FPIXTest_p17/phCalibrationFitErr35_C0.dat .. data/mh242/M-H-2-42_ElComandanteTest_2016-01-08_10h19m_1452269964/000_FPIXTest_p17/phCalibrationFitErr35_C15.dat
[14:33:45.424]    DEBUG: <PixTestDacDacScan.cc/init:L103> PixTestDacDacScan::init()
[14:33:45.424]    DEBUG: <PixTestDacDacScan.cc/PixTestDacDacScan:L22> PixTestDacDacScan ctor(PixSetup &a, string, TGTab *)
[14:33:45.439]    DEBUG: <PixTestGainPedestal.cc/setParameter:L83> PixTestGainPedestal::PixTest() fVcalStep = 10
[14:33:45.445]    DEBUG: <PixTestHighRate.cc/setParameter:L68>   setting fParTriggerFrequency -> 20
[14:33:45.445]    DEBUG: <PixTestHighRate.cc/init:L198> PixTestHighRate::init()
[14:33:45.445]    DEBUG: <PixTestHighRate.cc/PixTestHighRate:L31> PixTestHighRate ctor(PixSetup &a, string, TGTab *)
[14:33:45.470]    DEBUG: <PixTest.cc/setTestParameter:L637>  setting  ntrig to new value 10
[14:33:45.470]    DEBUG: <PixTestPhOptimization.cc/setParameter:L37>   setting fParNtrig  ->10<- from sval = 10
[14:33:45.470]    DEBUG: <PixTestPhOptimization.cc/setParameter:L42>   setting fSafetyMarginLow  ->20<- from sval = 20
[14:33:45.470]    DEBUG: <PixTestPhOptimization.cc/setParameter:L48>   setting fVcalMax  ->100<- from sval = 100
[14:33:45.470]    DEBUG: <PixTestPhOptimization.cc/setParameter:L53>   setting fQuantMax  ->0.98<- from sval = 0.98
[14:33:45.476]    DEBUG: <PixTestAlive.cc/init:L77> PixTestAlive::init()
[14:33:45.476]    DEBUG: <PixTestAlive.cc/PixTestAlive:L21> PixTestAlive ctor(PixSetup &a, string, TGTab *)
[14:33:45.498]    DEBUG: <PixTestReadback.cc/setParameter:L172> fCalwVd set to 1
[14:33:45.499]    DEBUG: <PixTestReadback.cc/init:L95> PixTestReadback::init()
[14:33:45.499]    DEBUG: <PixTestReadback.cc/PixTestReadback:L22> PixTestReadback ctor(PixSetup &a, string, TGTab *)
[14:33:45.499]     INFO: readReadbackCal: data/mh242/M-H-2-42_ElComandanteTest_2016-01-08_10h19m_1452269964/000_FPIXTest_p17/readbackCal_C0.dat .. data/mh242/M-H-2-42_ElComandanteTest_2016-01-08_10h19m_1452269964/000_FPIXTest_p17/readbackCal_C15.dat
[14:33:45.508]    DEBUG: <PixTestScurves.cc/setParameter:L93> set fOutputFilename = 
[14:33:45.516]    DEBUG: <PixTestTiming.cc/setParameter:L60> PixTestTiming::PixTest() targetclk = 4
[14:33:45.516]    DEBUG: <PixTestTiming.cc/setParameter:L64> PixTestTiming::PixTest() ntrig = 10
[14:33:45.517]    DEBUG: <PixTestTiming.cc/setParameter:L48> fNoTokenPass: 0
[14:33:45.517]    DEBUG: <PixTestTiming.cc/init:L74> PixTestTiming::init()
[14:33:45.537]    DEBUG: <PixTestXray.cc/init:L134> PixTestXray::init()
[14:33:45.538]    DEBUG: <PixTestXray.cc/PixTestXray:L28> PixTestXray ctor(PixSetup &a, string, TGTab *)
[14:33:54.397]    DEBUG: <PixTab.cc/setParameter:L391> xxxPressed():  ID = 2 -> runseconds to value 160
[14:34:02.781]    DEBUG: <PixTab.cc/setParameter:L391> xxxPressed():  ID = 1 -> source to value Cu
[14:34:03.861]     INFO: ######################################################################
[14:34:03.861]     INFO: PixTestXray::doTest()
[14:34:03.861]     INFO: ######################################################################
[14:34:03.861]     INFO:    ----------------------------------------------------------------------
[14:34:03.861]     INFO:    PixTestXray::doPhRun() fParRunSeconds = 160
[14:34:03.861]     INFO:    ----------------------------------------------------------------------
[14:34:03.865]     INFO: ROC 6 masking pixel 0/41
[14:34:03.865]     INFO: ROC 6 masking pixel 0/50
[14:34:03.865]     INFO: ROC 6 masking pixel 0/54
[14:34:03.865]     INFO: ROC 6 masking pixel 1/55
[14:34:03.865]     INFO: ROC 6 masking pixel 1/57
[14:34:03.865]     INFO: ROC 6 masking pixel 5/24
[14:34:03.865]     INFO: ROC 6 masking pixel 5/39
[14:34:03.865]     INFO: ROC 6 masking pixel 5/47
[14:34:03.865]     INFO: ROC 6 masking pixel 5/55
[14:34:03.865]     INFO: ROC 6 masking pixel 5/65
[14:34:03.865]     INFO: ROC 6 masking pixel 6/45
[14:34:03.865]     INFO: ROC 6 masking pixel 7/26
[14:34:03.865]     INFO: ROC 6 masking pixel 7/51
[14:34:03.865]     INFO: ROC 6 masking pixel 8/25
[14:34:03.865]     INFO: ROC 6 masking pixel 9/43
[14:34:03.865]     INFO: ROC 6 masking pixel 9/60
[14:34:03.865]     INFO: ROC 6 masking pixel 10/43
[14:34:03.865]     INFO: ROC 6 masking pixel 10/55
[14:34:03.865]     INFO: ROC 6 masking pixel 11/35
[14:34:03.865]     INFO: ROC 6 masking pixel 11/47
[14:34:03.865]     INFO: ROC 6 masking pixel 38/52
[14:34:04.836]     INFO: PixTestXray::doPhRun start TriggerLoop with trigger frequency 100 kHz, period 405 and duration 160 seconds,  fEventsMax = 16000000
[14:34:21.938]     INFO: run duration 17 seconds, buffer almost full (81%), pausing triggers.
[14:34:21.942]    DEBUG: <PixTestXray.cc/processData:L739> Getting Event Buffer
[14:34:49.364]    DEBUG: <PixTestXray.cc/processData:L757> Processing Data: 1684998 events.
[14:34:49.405]    DEBUG: <PixTestXray.cc/processData:L808>  # events read: 1684998, pixels seen in all events: 29835
[14:34:49.513]     INFO: Resuming triggers.
[14:35:06.627]     INFO: run duration 34 seconds, buffer almost full (81%), pausing triggers.
[14:35:06.649]    DEBUG: <PixTestXray.cc/processData:L739> Getting Event Buffer
[14:35:33.950]    DEBUG: <PixTestXray.cc/processData:L757> Processing Data: 1686019 events.
[14:35:33.986]    DEBUG: <PixTestXray.cc/processData:L808>  # events read: 1686019, pixels seen in all events: 18777
[14:35:34.023]     INFO: Resuming triggers.
[14:35:51.136]     INFO: run duration 51 seconds, buffer almost full (81%), pausing triggers.
[14:35:51.161]    DEBUG: <PixTestXray.cc/processData:L739> Getting Event Buffer
[14:36:18.644]    DEBUG: <PixTestXray.cc/processData:L757> Processing Data: 1685994 events.
[14:36:18.681]    DEBUG: <PixTestXray.cc/processData:L808>  # events read: 1685994, pixels seen in all events: 18759
[14:36:18.794]     INFO: Resuming triggers.
[14:36:35.908]     INFO: run duration 68 seconds, buffer almost full (81%), pausing triggers.
[14:36:35.933]    DEBUG: <PixTestXray.cc/processData:L739> Getting Event Buffer
[14:37:03.150]    DEBUG: <PixTestXray.cc/processData:L757> Processing Data: 1686006 events.
[14:37:03.185]    DEBUG: <PixTestXray.cc/processData:L808>  # events read: 1686006, pixels seen in all events: 18921
[14:37:03.300]     INFO: Resuming triggers.
[14:37:20.414]     INFO: run duration 85 seconds, buffer almost full (81%), pausing triggers.
[14:37:20.439]    DEBUG: <PixTestXray.cc/processData:L739> Getting Event Buffer
[14:37:47.621]    DEBUG: <PixTestXray.cc/processData:L757> Processing Data: 1686005 events.
[14:37:47.655]    DEBUG: <PixTestXray.cc/processData:L808>  # events read: 1686005, pixels seen in all events: 18577
[14:37:47.771]     INFO: Resuming triggers.
[14:38:04.885]     INFO: run duration 102 seconds, buffer almost full (81%), pausing triggers.
[14:38:04.914]    DEBUG: <PixTestXray.cc/processData:L739> Getting Event Buffer
[14:38:32.249]    DEBUG: <PixTestXray.cc/processData:L757> Processing Data: 1686020 events.
[14:38:32.283]    DEBUG: <PixTestXray.cc/processData:L808>  # events read: 1686020, pixels seen in all events: 18590
[14:38:32.387]     INFO: Resuming triggers.
[14:38:49.501]     INFO: run duration 119 seconds, buffer almost full (81%), pausing triggers.
[14:38:49.531]    DEBUG: <PixTestXray.cc/processData:L739> Getting Event Buffer
[14:39:16.820]    DEBUG: <PixTestXray.cc/processData:L757> Processing Data: 1686032 events.
[14:39:16.854]    DEBUG: <PixTestXray.cc/processData:L808>  # events read: 1686032, pixels seen in all events: 18626
[14:39:16.970]     INFO: Resuming triggers.
[14:39:34.084]     INFO: run duration 136 seconds, buffer almost full (81%), pausing triggers.
[14:39:34.122]    DEBUG: <PixTestXray.cc/processData:L739> Getting Event Buffer
[14:40:01.367]    DEBUG: <PixTestXray.cc/processData:L757> Processing Data: 1685997 events.
[14:40:01.403]    DEBUG: <PixTestXray.cc/processData:L808>  # events read: 1685997, pixels seen in all events: 18864
[14:40:01.518]     INFO: Resuming triggers.
[14:40:18.632]     INFO: run duration 153 seconds, buffer almost full (81%), pausing triggers.
[14:40:18.672]    DEBUG: <PixTestXray.cc/processData:L739> Getting Event Buffer
[14:40:45.853]    DEBUG: <PixTestXray.cc/processData:L757> Processing Data: 1686014 events.
[14:40:45.888]    DEBUG: <PixTestXray.cc/processData:L808>  # events read: 1686014, pixels seen in all events: 18601
[14:40:45.999]     INFO: Resuming triggers.
[14:40:52.184]     INFO: data taking finished, elapsed time: 160 seconds.
[14:40:52.380]    DEBUG: <PixTestXray.cc/processData:L739> Getting Event Buffer
[14:41:02.181]    DEBUG: <PixTestXray.cc/processData:L757> Processing Data: 609326 events.
[14:41:02.196]    DEBUG: <PixTestXray.cc/processData:L808>  # events read: 609326, pixels seen in all events: 6656
[14:41:02.359]     INFO: PixTest::       pg_setup set to default.
[14:41:02.408]     INFO: PixTestXray::doPhRun() done
[14:41:02.408]     INFO: PixTestXray::doTest() done 
[14:42:11.581]    DEBUG: <PixTab.cc/setParameter:L391> xxxPressed():  ID = 1 -> source to value Ag
[14:42:54.829]    DEBUG: <PixTab.cc/setParameter:L391> xxxPressed():  ID = 1 -> source to value Ag
[14:42:55.749]     INFO: ######################################################################
[14:42:55.749]     INFO: PixTestXray::doTest()
[14:42:55.749]     INFO: ######################################################################
[14:42:55.749]     INFO:    ----------------------------------------------------------------------
[14:42:55.749]     INFO:    PixTestXray::doPhRun() fParRunSeconds = 160
[14:42:55.749]     INFO:    ----------------------------------------------------------------------
[14:42:55.792]     INFO: ROC 6 masking pixel 0/41
[14:42:55.792]     INFO: ROC 6 masking pixel 0/50
[14:42:55.792]     INFO: ROC 6 masking pixel 0/54
[14:42:55.792]     INFO: ROC 6 masking pixel 1/55
[14:42:55.792]     INFO: ROC 6 masking pixel 1/57
[14:42:55.792]     INFO: ROC 6 masking pixel 5/24
[14:42:55.792]     INFO: ROC 6 masking pixel 5/39
[14:42:55.792]     INFO: ROC 6 masking pixel 5/47
[14:42:55.792]     INFO: ROC 6 masking pixel 5/55
[14:42:55.792]     INFO: ROC 6 masking pixel 5/65
[14:42:55.792]     INFO: ROC 6 masking pixel 6/45
[14:42:55.792]     INFO: ROC 6 masking pixel 7/26
[14:42:55.792]     INFO: ROC 6 masking pixel 7/51
[14:42:55.792]     INFO: ROC 6 masking pixel 8/25
[14:42:55.792]     INFO: ROC 6 masking pixel 9/43
[14:42:55.792]     INFO: ROC 6 masking pixel 9/60
[14:42:55.792]     INFO: ROC 6 masking pixel 10/43
[14:42:55.792]     INFO: ROC 6 masking pixel 10/55
[14:42:55.792]     INFO: ROC 6 masking pixel 11/35
[14:42:55.792]     INFO: ROC 6 masking pixel 11/47
[14:42:55.792]     INFO: ROC 6 masking pixel 38/52
[14:42:55.793]    DEBUG: <PixTestXray.cc/doPhRun:L270> booking new histograms as source name has changed
[14:42:56.754]     INFO: PixTestXray::doPhRun start TriggerLoop with trigger frequency 100 kHz, period 405 and duration 160 seconds,  fEventsMax = 16000000
[14:43:13.877]     INFO: run duration 17 seconds, buffer almost full (81%), pausing triggers.
[14:43:13.918]    DEBUG: <PixTestXray.cc/processData:L739> Getting Event Buffer
[14:43:41.442]    DEBUG: <PixTestXray.cc/processData:L757> Processing Data: 1687043 events.
[14:43:41.472]    DEBUG: <PixTestXray.cc/processData:L808>  # events read: 1687043, pixels seen in all events: 17996
[14:43:41.592]     INFO: Resuming triggers.
[14:43:58.706]     INFO: run duration 34 seconds, buffer almost full (81%), pausing triggers.
[14:43:58.730]    DEBUG: <PixTestXray.cc/processData:L739> Getting Event Buffer
[14:44:26.147]    DEBUG: <PixTestXray.cc/processData:L757> Processing Data: 1686079 events.
[14:44:26.177]    DEBUG: <PixTestXray.cc/processData:L808>  # events read: 1686079, pixels seen in all events: 17755
[14:44:26.297]     INFO: Resuming triggers.
[14:44:43.412]     INFO: run duration 51 seconds, buffer almost full (81%), pausing triggers.
[14:44:43.437]    DEBUG: <PixTestXray.cc/processData:L739> Getting Event Buffer
[14:45:10.733]    DEBUG: <PixTestXray.cc/processData:L757> Processing Data: 1686079 events.
[14:45:10.764]    DEBUG: <PixTestXray.cc/processData:L808>  # events read: 1686079, pixels seen in all events: 17814
[14:45:10.822]     INFO: Resuming triggers.
[14:45:27.937]     INFO: run duration 68 seconds, buffer almost full (81%), pausing triggers.
[14:45:27.964]    DEBUG: <PixTestXray.cc/processData:L739> Getting Event Buffer
[14:45:55.466]    DEBUG: <PixTestXray.cc/processData:L757> Processing Data: 1686096 events.
[14:45:55.496]    DEBUG: <PixTestXray.cc/processData:L808>  # events read: 1686096, pixels seen in all events: 17662
[14:45:55.588]     INFO: Resuming triggers.
[14:46:12.703]     INFO: run duration 85 seconds, buffer almost full (81%), pausing triggers.
[14:46:12.731]    DEBUG: <PixTestXray.cc/processData:L739> Getting Event Buffer
[14:46:40.015]    DEBUG: <PixTestXray.cc/processData:L757> Processing Data: 1686066 events.
[14:46:40.047]    DEBUG: <PixTestXray.cc/processData:L808>  # events read: 1686066, pixels seen in all events: 17810
[14:46:40.146]     INFO: Resuming triggers.
[14:46:57.261]     INFO: run duration 102 seconds, buffer almost full (81%), pausing triggers.
[14:46:57.292]    DEBUG: <PixTestXray.cc/processData:L739> Getting Event Buffer
[14:47:24.619]    DEBUG: <PixTestXray.cc/processData:L757> Processing Data: 1686116 events.
[14:47:24.651]    DEBUG: <PixTestXray.cc/processData:L808>  # events read: 1686116, pixels seen in all events: 17535
[14:47:24.746]     INFO: Resuming triggers.
[14:47:41.861]     INFO: run duration 119 seconds, buffer almost full (81%), pausing triggers.
[14:47:41.889]    DEBUG: <PixTestXray.cc/processData:L739> Getting Event Buffer
[14:48:09.248]    DEBUG: <PixTestXray.cc/processData:L757> Processing Data: 1686090 events.
[14:48:09.279]    DEBUG: <PixTestXray.cc/processData:L808>  # events read: 1686090, pixels seen in all events: 17817
[14:48:09.399]     INFO: Resuming triggers.
[14:48:26.513]     INFO: run duration 136 seconds, buffer almost full (81%), pausing triggers.
[14:48:26.540]    DEBUG: <PixTestXray.cc/processData:L739> Getting Event Buffer
[14:48:54.039]    DEBUG: <PixTestXray.cc/processData:L757> Processing Data: 1686066 events.
[14:48:54.071]    DEBUG: <PixTestXray.cc/processData:L808>  # events read: 1686066, pixels seen in all events: 17852
[14:48:54.156]     INFO: Resuming triggers.
[14:49:11.271]     INFO: run duration 153 seconds, buffer almost full (81%), pausing triggers.
[14:49:11.301]    DEBUG: <PixTestXray.cc/processData:L739> Getting Event Buffer
[14:49:38.810]    DEBUG: <PixTestXray.cc/processData:L757> Processing Data: 1686079 events.
[14:49:38.841]    DEBUG: <PixTestXray.cc/processData:L808>  # events read: 1686079, pixels seen in all events: 17626
[14:49:38.922]     INFO: Resuming triggers.
[14:49:45.081]     INFO: data taking finished, elapsed time: 160 seconds.
[14:49:45.277]    DEBUG: <PixTestXray.cc/processData:L739> Getting Event Buffer
[14:49:55.210]    DEBUG: <PixTestXray.cc/processData:L757> Processing Data: 606724 events.
[14:49:55.221]    DEBUG: <PixTestXray.cc/processData:L808>  # events read: 606724, pixels seen in all events: 6425
[14:49:55.392]     INFO: PixTest::       pg_setup set to default.
[14:49:55.412]     INFO: PixTestXray::doPhRun() done
[14:49:55.412]     INFO: PixTestXray::doTest() done 
[14:51:19.005]    DEBUG: <PixTab.cc/setParameter:L391> xxxPressed():  ID = 1 -> source to value Sn
[14:52:05.885]    DEBUG: <PixTab.cc/setParameter:L391> xxxPressed():  ID = 1 -> source to value Sn
[14:52:08.533]     INFO: ######################################################################
[14:52:08.533]     INFO: PixTestXray::doTest()
[14:52:08.533]     INFO: ######################################################################
[14:52:08.533]     INFO:    ----------------------------------------------------------------------
[14:52:08.533]     INFO:    PixTestXray::doPhRun() fParRunSeconds = 160
[14:52:08.533]     INFO:    ----------------------------------------------------------------------
[14:52:08.555]     INFO: ROC 6 masking pixel 0/41
[14:52:08.555]     INFO: ROC 6 masking pixel 0/50
[14:52:08.555]     INFO: ROC 6 masking pixel 0/54
[14:52:08.555]     INFO: ROC 6 masking pixel 1/55
[14:52:08.555]     INFO: ROC 6 masking pixel 1/57
[14:52:08.555]     INFO: ROC 6 masking pixel 5/24
[14:52:08.555]     INFO: ROC 6 masking pixel 5/39
[14:52:08.555]     INFO: ROC 6 masking pixel 5/47
[14:52:08.555]     INFO: ROC 6 masking pixel 5/55
[14:52:08.555]     INFO: ROC 6 masking pixel 5/65
[14:52:08.555]     INFO: ROC 6 masking pixel 6/45
[14:52:08.555]     INFO: ROC 6 masking pixel 7/26
[14:52:08.555]     INFO: ROC 6 masking pixel 7/51
[14:52:08.555]     INFO: ROC 6 masking pixel 8/25
[14:52:08.555]     INFO: ROC 6 masking pixel 9/43
[14:52:08.555]     INFO: ROC 6 masking pixel 9/60
[14:52:08.555]     INFO: ROC 6 masking pixel 10/43
[14:52:08.555]     INFO: ROC 6 masking pixel 10/55
[14:52:08.555]     INFO: ROC 6 masking pixel 11/35
[14:52:08.555]     INFO: ROC 6 masking pixel 11/47
[14:52:08.555]     INFO: ROC 6 masking pixel 38/52
[14:52:08.556]    DEBUG: <PixTestXray.cc/doPhRun:L270> booking new histograms as source name has changed
[14:52:09.518]     INFO: PixTestXray::doPhRun start TriggerLoop with trigger frequency 100 kHz, period 405 and duration 160 seconds,  fEventsMax = 16000000
[14:52:26.633]     INFO: run duration 17 seconds, buffer almost full (81%), pausing triggers.
[14:52:26.654]    DEBUG: <PixTestXray.cc/processData:L739> Getting Event Buffer
[14:52:54.194]    DEBUG: <PixTestXray.cc/processData:L757> Processing Data: 1686226 events.
[14:52:54.223]    DEBUG: <PixTestXray.cc/processData:L808>  # events read: 1686226, pixels seen in all events: 15905
[14:52:54.281]     INFO: Resuming triggers.
[14:53:11.397]     INFO: run duration 34 seconds, buffer almost full (81%), pausing triggers.
[14:53:11.423]    DEBUG: <PixTestXray.cc/processData:L739> Getting Event Buffer
[14:53:38.964]    DEBUG: <PixTestXray.cc/processData:L757> Processing Data: 1686264 events.
[14:53:38.992]    DEBUG: <PixTestXray.cc/processData:L808>  # events read: 1686264, pixels seen in all events: 15515
[14:53:39.090]     INFO: Resuming triggers.
[14:53:56.207]     INFO: run duration 51 seconds, buffer almost full (81%), pausing triggers.
[14:53:56.230]    DEBUG: <PixTestXray.cc/processData:L739> Getting Event Buffer
[14:54:23.704]    DEBUG: <PixTestXray.cc/processData:L757> Processing Data: 1686255 events.
[14:54:23.732]    DEBUG: <PixTestXray.cc/processData:L808>  # events read: 1686255, pixels seen in all events: 15787
[14:54:23.855]     INFO: Resuming triggers.
[14:54:40.971]     INFO: run duration 68 seconds, buffer almost full (81%), pausing triggers.
[14:54:40.997]    DEBUG: <PixTestXray.cc/processData:L739> Getting Event Buffer
[14:55:08.353]    DEBUG: <PixTestXray.cc/processData:L757> Processing Data: 1686288 events.
[14:55:08.381]    DEBUG: <PixTestXray.cc/processData:L808>  # events read: 1686288, pixels seen in all events: 15624
[14:55:08.492]     INFO: Resuming triggers.
[14:55:25.609]     INFO: run duration 85 seconds, buffer almost full (81%), pausing triggers.
[14:55:25.636]    DEBUG: <PixTestXray.cc/processData:L739> Getting Event Buffer
[14:55:53.048]    DEBUG: <PixTestXray.cc/processData:L757> Processing Data: 1686278 events.
[14:55:53.076]    DEBUG: <PixTestXray.cc/processData:L808>  # events read: 1686278, pixels seen in all events: 15758
[14:55:53.199]     INFO: Resuming triggers.
[14:56:10.315]     INFO: run duration 102 seconds, buffer almost full (81%), pausing triggers.
[14:56:10.342]    DEBUG: <PixTestXray.cc/processData:L739> Getting Event Buffer
[14:56:37.890]    DEBUG: <PixTestXray.cc/processData:L757> Processing Data: 1686275 events.
[14:56:37.918]    DEBUG: <PixTestXray.cc/processData:L808>  # events read: 1686275, pixels seen in all events: 15685
[14:56:38.014]     INFO: Resuming triggers.
[14:56:55.130]     INFO: run duration 119 seconds, buffer almost full (81%), pausing triggers.
[14:56:55.160]    DEBUG: <PixTestXray.cc/processData:L739> Getting Event Buffer
[14:57:22.582]    DEBUG: <PixTestXray.cc/processData:L757> Processing Data: 1686250 events.
[14:57:22.610]    DEBUG: <PixTestXray.cc/processData:L808>  # events read: 1686250, pixels seen in all events: 15941
[14:57:22.732]     INFO: Resuming triggers.
[14:57:39.848]     INFO: run duration 136 seconds, buffer almost full (81%), pausing triggers.
[14:57:39.878]    DEBUG: <PixTestXray.cc/processData:L739> Getting Event Buffer
[14:58:07.301]    DEBUG: <PixTestXray.cc/processData:L757> Processing Data: 1686252 events.
[14:58:07.330]    DEBUG: <PixTestXray.cc/processData:L808>  # events read: 1686252, pixels seen in all events: 15748
[14:58:07.452]     INFO: Resuming triggers.
[14:58:24.569]     INFO: run duration 153 seconds, buffer almost full (81%), pausing triggers.
[14:58:24.599]    DEBUG: <PixTestXray.cc/processData:L739> Getting Event Buffer
[14:58:52.273]    DEBUG: <PixTestXray.cc/processData:L757> Processing Data: 1686298 events.
[14:58:52.301]    DEBUG: <PixTestXray.cc/processData:L808>  # events read: 1686298, pixels seen in all events: 15501
[14:58:52.347]     INFO: Resuming triggers.
[14:58:58.504]     INFO: data taking finished, elapsed time: 160 seconds.
[14:58:58.700]    DEBUG: <PixTestXray.cc/processData:L739> Getting Event Buffer
[14:59:08.652]    DEBUG: <PixTestXray.cc/processData:L757> Processing Data: 606564 events.
[14:59:08.661]    DEBUG: <PixTestXray.cc/processData:L808>  # events read: 606564, pixels seen in all events: 5575
[14:59:08.834]     INFO: PixTest::       pg_setup set to default.
[14:59:08.873]     INFO: PixTestXray::doPhRun() done
[14:59:08.873]     INFO: PixTestXray::doTest() done 
[14:59:36.421]    DEBUG: <PixTab.cc/setParameter:L391> xxxPressed():  ID = 1 -> source to value In
[15:00:14.070]    DEBUG: <PixTab.cc/setParameter:L391> xxxPressed():  ID = 1 -> source to value In
[15:00:22.262]     INFO: ######################################################################
[15:00:22.262]     INFO: PixTestXray::doTest()
[15:00:22.262]     INFO: ######################################################################
[15:00:22.262]     INFO:    ----------------------------------------------------------------------
[15:00:22.262]     INFO:    PixTestXray::doPhRun() fParRunSeconds = 160
[15:00:22.262]     INFO:    ----------------------------------------------------------------------
[15:00:22.307]     INFO: ROC 6 masking pixel 0/41
[15:00:22.307]     INFO: ROC 6 masking pixel 0/50
[15:00:22.307]     INFO: ROC 6 masking pixel 0/54
[15:00:22.307]     INFO: ROC 6 masking pixel 1/55
[15:00:22.307]     INFO: ROC 6 masking pixel 1/57
[15:00:22.307]     INFO: ROC 6 masking pixel 5/24
[15:00:22.307]     INFO: ROC 6 masking pixel 5/39
[15:00:22.307]     INFO: ROC 6 masking pixel 5/47
[15:00:22.307]     INFO: ROC 6 masking pixel 5/55
[15:00:22.307]     INFO: ROC 6 masking pixel 5/65
[15:00:22.307]     INFO: ROC 6 masking pixel 6/45
[15:00:22.307]     INFO: ROC 6 masking pixel 7/26
[15:00:22.307]     INFO: ROC 6 masking pixel 7/51
[15:00:22.307]     INFO: ROC 6 masking pixel 8/25
[15:00:22.307]     INFO: ROC 6 masking pixel 9/43
[15:00:22.307]     INFO: ROC 6 masking pixel 9/60
[15:00:22.307]     INFO: ROC 6 masking pixel 10/43
[15:00:22.307]     INFO: ROC 6 masking pixel 10/55
[15:00:22.307]     INFO: ROC 6 masking pixel 11/35
[15:00:22.307]     INFO: ROC 6 masking pixel 11/47
[15:00:22.307]     INFO: ROC 6 masking pixel 38/52
[15:00:22.308]    DEBUG: <PixTestXray.cc/doPhRun:L270> booking new histograms as source name has changed
[15:00:23.269]     INFO: PixTestXray::doPhRun start TriggerLoop with trigger frequency 100 kHz, period 405 and duration 160 seconds,  fEventsMax = 16000000
[15:00:40.384]     INFO: run duration 17 seconds, buffer almost full (81%), pausing triggers.
[15:00:40.427]    DEBUG: <PixTestXray.cc/processData:L739> Getting Event Buffer
[15:01:08.032]    DEBUG: <PixTestXray.cc/processData:L757> Processing Data: 1686214 events.
[15:01:08.061]    DEBUG: <PixTestXray.cc/processData:L808>  # events read: 1686214, pixels seen in all events: 16315
[15:01:08.100]     INFO: Resuming triggers.
[15:01:25.216]     INFO: run duration 34 seconds, buffer almost full (81%), pausing triggers.
[15:01:25.239]    DEBUG: <PixTestXray.cc/processData:L739> Getting Event Buffer
[15:01:52.586]    DEBUG: <PixTestXray.cc/processData:L757> Processing Data: 1686206 events.
[15:01:52.614]    DEBUG: <PixTestXray.cc/processData:L808>  # events read: 1686206, pixels seen in all events: 16173
[15:01:52.714]     INFO: Resuming triggers.
[15:02:09.830]     INFO: run duration 51 seconds, buffer almost full (81%), pausing triggers.
[15:02:09.854]    DEBUG: <PixTestXray.cc/processData:L739> Getting Event Buffer
[15:02:37.259]    DEBUG: <PixTestXray.cc/processData:L757> Processing Data: 1686227 events.
[15:02:37.287]    DEBUG: <PixTestXray.cc/processData:L808>  # events read: 1686227, pixels seen in all events: 16360
[15:02:37.385]     INFO: Resuming triggers.
[15:02:54.501]     INFO: run duration 68 seconds, buffer almost full (81%), pausing triggers.
[15:02:54.525]    DEBUG: <PixTestXray.cc/processData:L739> Getting Event Buffer
[15:03:21.909]    DEBUG: <PixTestXray.cc/processData:L757> Processing Data: 1686187 events.
[15:03:21.937]    DEBUG: <PixTestXray.cc/processData:L808>  # events read: 1686187, pixels seen in all events: 16416
[15:03:22.060]     INFO: Resuming triggers.
[15:03:39.176]     INFO: run duration 85 seconds, buffer almost full (81%), pausing triggers.
[15:03:39.201]    DEBUG: <PixTestXray.cc/processData:L739> Getting Event Buffer
[15:04:06.676]    DEBUG: <PixTestXray.cc/processData:L757> Processing Data: 1686214 events.
[15:04:06.704]    DEBUG: <PixTestXray.cc/processData:L808>  # events read: 1686214, pixels seen in all events: 16330
[15:04:06.771]     INFO: Resuming triggers.
[15:04:23.887]     INFO: run duration 102 seconds, buffer almost full (81%), pausing triggers.
[15:04:23.912]    DEBUG: <PixTestXray.cc/processData:L739> Getting Event Buffer
[15:04:51.400]    DEBUG: <PixTestXray.cc/processData:L757> Processing Data: 1686239 events.
[15:04:51.427]    DEBUG: <PixTestXray.cc/processData:L808>  # events read: 1686239, pixels seen in all events: 16224
[15:04:51.532]     INFO: Resuming triggers.
[15:05:08.647]     INFO: run duration 119 seconds, buffer almost full (81%), pausing triggers.
[15:05:08.679]    DEBUG: <PixTestXray.cc/processData:L739> Getting Event Buffer
[15:05:36.237]    DEBUG: <PixTestXray.cc/processData:L757> Processing Data: 1686178 events.
[15:05:36.265]    DEBUG: <PixTestXray.cc/processData:L808>  # events read: 1686178, pixels seen in all events: 16474
[15:05:36.389]     INFO: Resuming triggers.
[15:05:53.505]     INFO: run duration 136 seconds, buffer almost full (81%), pausing triggers.
[15:05:53.535]    DEBUG: <PixTestXray.cc/processData:L739> Getting Event Buffer
[15:06:20.982]    DEBUG: <PixTestXray.cc/processData:L757> Processing Data: 1686226 events.
[15:06:21.010]    DEBUG: <PixTestXray.cc/processData:L808>  # events read: 1686226, pixels seen in all events: 16391
[15:06:21.132]     INFO: Resuming triggers.
[15:06:38.248]     INFO: run duration 153 seconds, buffer almost full (81%), pausing triggers.
[15:06:38.287]    DEBUG: <PixTestXray.cc/processData:L739> Getting Event Buffer
[15:07:05.784]    DEBUG: <PixTestXray.cc/processData:L757> Processing Data: 1686238 events.
[15:07:05.811]    DEBUG: <PixTestXray.cc/processData:L808>  # events read: 1686238, pixels seen in all events: 16281
[15:07:05.935]     INFO: Resuming triggers.
[15:07:12.093]     INFO: data taking finished, elapsed time: 160 seconds.
[15:07:12.289]    DEBUG: <PixTestXray.cc/processData:L739> Getting Event Buffer
[15:07:22.172]    DEBUG: <PixTestXray.cc/processData:L757> Processing Data: 606650 events.
[15:07:22.182]    DEBUG: <PixTestXray.cc/processData:L808>  # events read: 606650, pixels seen in all events: 5894
[15:07:22.356]     INFO: PixTest::       pg_setup set to default.
[15:07:22.395]     INFO: PixTestXray::doPhRun() done
[15:07:22.395]     INFO: PixTestXray::doTest() done 
[15:08:10.398]    DEBUG: <PixGui.cc/handleButtons:L396> PixGui::exit called
[15:08:10.398]    DEBUG: <PixGui.cc/CloseWindow:L335> Final Analog Current: 393.1mA
[15:08:10.399]    DEBUG: <PixGui.cc/CloseWindow:L336> Final Digital Current: 537mA
[15:08:10.399]    DEBUG: <PixGui.cc/CloseWindow:L337> Final Module Temperature: 21.5 C
[15:08:10.399]    DEBUG: <PixTestBBMap.cc/~PixTestBBMap:L97> PixTestBBMap dtor
[15:08:10.399]    DEBUG: <PixTestBB2Map.cc/~PixTestBB2Map:L115> PixTestBB2Map dtor
[15:08:10.399]    DEBUG: <PixTestBB3Map.cc/~PixTestBB3Map:L99> PixTestBB3Map dtor
[15:08:10.399]    DEBUG: <PixTestBB4Map.cc/~PixTestBB4Map:L118> PixTestBB4Map dtor
[15:08:10.399]    DEBUG: <PixTestCmd.cc/~PixTestCmd:L78> PixTestCmd dtor
[15:08:10.414]    DEBUG: <PixTestDaq.cc/~PixTestDaq:L37> PixTestDaq dtor
[15:08:10.414]    DEBUG: <PixTestDacDacScan.cc/~PixTestDacDacScan:L136> PixTestDacDacScan dtor
[15:08:10.414]    DEBUG: <PixTestDacScan.cc/~PixTestDacScan:L129> PixTestDacScan dtor
[15:08:10.414]    DEBUG: <PixTestGainPedestal.cc/~PixTestGainPedestal:L125> PixTestGainPedestal dtor
[15:08:10.414]    DEBUG: <PixTestHighRate.cc/~PixTestHighRate:L245> PixTestHighRate dtor
[15:08:10.414]    DEBUG: <PixTestIV.cc/~PixTestIV:L96> PixTestIV dtor
[15:08:10.414]    DEBUG: <PixTestAlive.cc/~PixTestAlive:L109> PixTestAlive dtor
[15:08:10.414]    DEBUG: <PixTestPretest.cc/~PixTestPretest:L136> PixTestPretest dtor
[15:08:10.415]    DEBUG: <PixTestReadback.cc/~PixTestReadback:L89> PixTestReadback dtor, saving tree ... 
[15:08:10.415]    DEBUG: <PixTestScurves.cc/~PixTestScurves:L142> PixTestScurves dtor
[15:08:10.415]    DEBUG: <PixTestTiming.cc/~PixTestTiming:L97> PixTestTiming dtor
[15:08:10.415]    DEBUG: <PixTestTrim.cc/~PixTestTrim:L103> PixTestTrim dtor
[15:08:10.415]    DEBUG: <PixTestXray.cc/~PixTestXray:L217> PixTestXray dtor
[15:08:11.011]    QUIET: Connection to board 58 closed.
[15:08:11.090]    DEBUG: <PixMonitor.cc/dumpSummaries:L39> PixMonitor::dumpSummaries
