[14:51:27.781]     INFO: *** Welcome to pxar ***
[14:51:27.781]     INFO: *** Today: 2016/01/12
[14:51:27.791]     INFO: *** Version: prod-12
[14:51:27.791]     INFO: readRocDacs: data/mh242/M-H-2-42_ElComandanteTest_2016-01-08_10h19m_1452269964/000_FPIXTest_p17/dacParameters35_C0.dat .. data/mh242/M-H-2-42_ElComandanteTest_2016-01-08_10h19m_1452269964/000_FPIXTest_p17/dacParameters35_C15.dat
[14:51:27.792]     INFO: readTbmDacs: data/mh242/M-H-2-42_ElComandanteTest_2016-01-08_10h19m_1452269964/000_FPIXTest_p17/tbmParameters_C0a.dat .. data/mh242/M-H-2-42_ElComandanteTest_2016-01-08_10h19m_1452269964/000_FPIXTest_p17/tbmParameters_C0b.dat
[14:51:27.792]     INFO: readMaskFile: data/mh242/M-H-2-42_ElComandanteTest_2016-01-08_10h19m_1452269964/000_FPIXTest_p17/defaultMaskFile.dat
[14:51:27.792]     INFO: MASKED Roc 6 col/row: 0 41
[14:51:27.792]     INFO: MASKED Roc 6 col/row: 0 50
[14:51:27.792]     INFO: MASKED Roc 6 col/row: 0 54
[14:51:27.792]     INFO: MASKED Roc 6 col/row: 1 55
[14:51:27.792]     INFO: MASKED Roc 6 col/row: 1 57
[14:51:27.792]     INFO: MASKED Roc 6 col/row: 5 24
[14:51:27.792]     INFO: MASKED Roc 6 col/row: 5 39
[14:51:27.792]     INFO: MASKED Roc 6 col/row: 5 47
[14:51:27.792]     INFO: MASKED Roc 6 col/row: 5 55
[14:51:27.792]     INFO: MASKED Roc 6 col/row: 5 65
[14:51:27.792]     INFO: MASKED Roc 6 col/row: 6 45
[14:51:27.792]     INFO: MASKED Roc 6 col/row: 7 26
[14:51:27.792]     INFO: MASKED Roc 6 col/row: 7 51
[14:51:27.792]     INFO: MASKED Roc 6 col/row: 8 25
[14:51:27.792]     INFO: MASKED Roc 6 col/row: 9 43
[14:51:27.792]     INFO: MASKED Roc 6 col/row: 9 60
[14:51:27.792]     INFO: MASKED Roc 6 col/row: 10 43
[14:51:27.792]     INFO: MASKED Roc 6 col/row: 10 55
[14:51:27.792]     INFO: MASKED Roc 6 col/row: 11 35
[14:51:27.792]     INFO: MASKED Roc 6 col/row: 11 47
[14:51:27.792]     INFO: MASKED Roc 6 col/row: 38 52
[14:51:27.792]     INFO: readTrimFile: data/mh242/M-H-2-42_ElComandanteTest_2016-01-08_10h19m_1452269964/000_FPIXTest_p17/trimParameters35_C0.dat .. data/mh242/M-H-2-42_ElComandanteTest_2016-01-08_10h19m_1452269964/000_FPIXTest_p17/trimParameters35_C15.dat
[14:51:27.857]     INFO:   masking Roc 6 col/row: 0 41
[14:51:27.857]     INFO:   masking Roc 6 col/row: 0 50
[14:51:27.857]     INFO:   masking Roc 6 col/row: 0 54
[14:51:27.857]     INFO:   masking Roc 6 col/row: 1 55
[14:51:27.857]     INFO:   masking Roc 6 col/row: 1 57
[14:51:27.857]     INFO:   masking Roc 6 col/row: 5 24
[14:51:27.857]     INFO:   masking Roc 6 col/row: 5 39
[14:51:27.857]     INFO:   masking Roc 6 col/row: 5 47
[14:51:27.857]     INFO:   masking Roc 6 col/row: 5 55
[14:51:27.857]     INFO:   masking Roc 6 col/row: 5 65
[14:51:27.857]     INFO:   masking Roc 6 col/row: 6 45
[14:51:27.857]     INFO:   masking Roc 6 col/row: 7 26
[14:51:27.857]     INFO:   masking Roc 6 col/row: 7 51
[14:51:27.857]     INFO:   masking Roc 6 col/row: 8 25
[14:51:27.857]     INFO:   masking Roc 6 col/row: 9 43
[14:51:27.857]     INFO:   masking Roc 6 col/row: 9 60
[14:51:27.857]     INFO:   masking Roc 6 col/row: 10 43
[14:51:27.857]     INFO:   masking Roc 6 col/row: 10 55
[14:51:27.857]     INFO:   masking Roc 6 col/row: 11 35
[14:51:27.857]     INFO:   masking Roc 6 col/row: 11 47
[14:51:27.858]     INFO:   masking Roc 6 col/row: 38 52
[14:51:27.954]     INFO:         clk: 4
[14:51:27.954]     INFO:         ctr: 4
[14:51:27.954]     INFO:         sda: 19
[14:51:27.954]     INFO:         tin: 9
[14:51:27.954]     INFO:         level: 15
[14:51:27.954]     INFO:         triggerdelay: 0
[14:51:27.954]    QUIET: Instanciating API for pxar prod-12
[14:51:27.954]     INFO: Log level: DEBUG
[14:51:27.965]    QUIET: Connection to board DTB_WRPRHI opened.
[14:51:27.968]     INFO: DTB startup information
--- DTB info------------------------------------------
Board id:    58
HW version:  DTB1.2
FW version:  4.2
SW version:  4.5
USB id:      DTB_WRPRHI
MAC address: 40D85511803A
Hostname:    pixelDTB058
Comment:     
------------------------------------------------------
[14:51:27.971]     INFO: RPC call hashes of host and DTB match: 398089610
[14:51:29.574]     INFO: DUT info: 
[14:51:29.574]     INFO: The DUT currently contains the following objects:
[14:51:29.574]     INFO:  2 TBM Cores tbm08c (2 ON)
[14:51:29.574]     INFO: 	TBM Core alpha (0): 7 registers set
[14:51:29.574]     INFO: 	TBM Core beta  (1): 7 registers set
[14:51:29.574]     INFO: 16 ROCs psi46digv21respin (16 ON) with 4160 pixelConfigs
[14:51:29.574]     INFO: 	ROC 0: 19 DACs set, Pixels: 0 masked, 0 active.
[14:51:29.574]     INFO: 	ROC 1: 19 DACs set, Pixels: 0 masked, 0 active.
[14:51:29.574]     INFO: 	ROC 2: 19 DACs set, Pixels: 0 masked, 0 active.
[14:51:29.574]     INFO: 	ROC 3: 19 DACs set, Pixels: 0 masked, 0 active.
[14:51:29.574]     INFO: 	ROC 4: 19 DACs set, Pixels: 0 masked, 0 active.
[14:51:29.574]     INFO: 	ROC 5: 19 DACs set, Pixels: 0 masked, 0 active.
[14:51:29.574]     INFO: 	ROC 6: 19 DACs set, Pixels: 21 masked, 0 active.
[14:51:29.574]     INFO: 	ROC 7: 19 DACs set, Pixels: 0 masked, 0 active.
[14:51:29.574]     INFO: 	ROC 8: 19 DACs set, Pixels: 0 masked, 0 active.
[14:51:29.574]     INFO: 	ROC 9: 19 DACs set, Pixels: 0 masked, 0 active.
[14:51:29.574]     INFO: 	ROC 10: 19 DACs set, Pixels: 0 masked, 0 active.
[14:51:29.574]     INFO: 	ROC 11: 19 DACs set, Pixels: 0 masked, 0 active.
[14:51:29.574]     INFO: 	ROC 12: 19 DACs set, Pixels: 0 masked, 0 active.
[14:51:29.574]     INFO: 	ROC 13: 19 DACs set, Pixels: 0 masked, 0 active.
[14:51:29.574]     INFO: 	ROC 14: 19 DACs set, Pixels: 0 masked, 0 active.
[14:51:29.574]     INFO: 	ROC 15: 19 DACs set, Pixels: 0 masked, 0 active.
[14:51:29.575]    DEBUG: <PixTestParameters.cc/dump:L104> PixTestParameters: ->BB<-
[14:51:29.575]    DEBUG: <PixTestParameters.cc/dump:L107>   dumpall: checkbox(0)
[14:51:29.575]    DEBUG: <PixTestParameters.cc/dump:L107>   dumpproblematic: checkbox(0)
[14:51:29.575]    DEBUG: <PixTestParameters.cc/dump:L107>   ntrig: 5
[14:51:29.575]    DEBUG: <PixTestParameters.cc/dump:L107>   vcals: 250
[14:51:29.575]    DEBUG: <PixTestParameters.cc/dump:L104> PixTestParameters: ->BB2<-
[14:51:29.575]    DEBUG: <PixTestParameters.cc/dump:L107>   ntrig: 10
[14:51:29.575]    DEBUG: <PixTestParameters.cc/dump:L107>   vcals: 222
[14:51:29.575]    DEBUG: <PixTestParameters.cc/dump:L107>   plwidth: 35
[14:51:29.575]    DEBUG: <PixTestParameters.cc/dump:L107>   pix: 11,20
[14:51:29.575]    DEBUG: <PixTestParameters.cc/dump:L107>   targetia: 24
[14:51:29.575]    DEBUG: <PixTestParameters.cc/dump:L104> PixTestParameters: ->BB3<-
[14:51:29.575]    DEBUG: <PixTestParameters.cc/dump:L107>   dumpall: checkbox(0)
[14:51:29.575]    DEBUG: <PixTestParameters.cc/dump:L107>   dumpproblematic: checkbox(0)
[14:51:29.575]    DEBUG: <PixTestParameters.cc/dump:L107>   ntrig: 5
[14:51:29.575]    DEBUG: <PixTestParameters.cc/dump:L107>   vcals: 250
[14:51:29.575]    DEBUG: <PixTestParameters.cc/dump:L104> PixTestParameters: ->BB4<-
[14:51:29.575]    DEBUG: <PixTestParameters.cc/dump:L107>   savecaldelscan: checkbox(0)
[14:51:29.575]    DEBUG: <PixTestParameters.cc/dump:L107>   ntrig: 100
[14:51:29.575]    DEBUG: <PixTestParameters.cc/dump:L107>   cals: 1
[14:51:29.575]    DEBUG: <PixTestParameters.cc/dump:L107>   caldello: 80
[14:51:29.575]    DEBUG: <PixTestParameters.cc/dump:L107>   caldelhi: 200
[14:51:29.575]    DEBUG: <PixTestParameters.cc/dump:L107>   caldelstep: 10
[14:51:29.575]    DEBUG: <PixTestParameters.cc/dump:L107>   vthrcomplo: 70
[14:51:29.575]    DEBUG: <PixTestParameters.cc/dump:L107>   vthrcomphi: 130
[14:51:29.575]    DEBUG: <PixTestParameters.cc/dump:L107>   vthrcompstep: 5
[14:51:29.575]    DEBUG: <PixTestParameters.cc/dump:L107>   noisypixels: 10
[14:51:29.575]    DEBUG: <PixTestParameters.cc/dump:L107>   vcal: 255
[14:51:29.575]    DEBUG: <PixTestParameters.cc/dump:L107>   cut: 0.5
[14:51:29.575]    DEBUG: <PixTestParameters.cc/dump:L104> PixTestParameters: ->Cmd<-
[14:51:29.575]    DEBUG: <PixTestParameters.cc/dump:L104> PixTestParameters: ->DAQ<-
[14:51:29.575]    DEBUG: <PixTestParameters.cc/dump:L107>   delaytbm: checkbox
[14:51:29.575]    DEBUG: <PixTestParameters.cc/dump:L107>   filltree: checkbox
[14:51:29.575]    DEBUG: <PixTestParameters.cc/dump:L107>   trgfrequency(khz): 100
[14:51:29.575]    DEBUG: <PixTestParameters.cc/dump:L107>   maskhotpixels: button
[14:51:29.575]    DEBUG: <PixTestParameters.cc/dump:L107>   trgnumber: 5
[14:51:29.575]    DEBUG: <PixTestParameters.cc/dump:L107>   iterations: 10
[14:51:29.575]    DEBUG: <PixTestParameters.cc/dump:L107>   rundaqtrg: button
[14:51:29.575]    DEBUG: <PixTestParameters.cc/dump:L107>   daqseconds: 5
[14:51:29.575]    DEBUG: <PixTestParameters.cc/dump:L107>   rundaqseconds: button
[14:51:29.575]    DEBUG: <PixTestParameters.cc/dump:L104> PixTestParameters: ->DacDacScan<-
[14:51:29.575]    DEBUG: <PixTestParameters.cc/dump:L107>   phmap: checkbox
[14:51:29.575]    DEBUG: <PixTestParameters.cc/dump:L107>   ntrig: 10
[14:51:29.575]    DEBUG: <PixTestParameters.cc/dump:L107>   dac1: caldel
[14:51:29.576]    DEBUG: <PixTestParameters.cc/dump:L107>   dac1lo: 0
[14:51:29.576]    DEBUG: <PixTestParameters.cc/dump:L107>   dac1hi: 255
[14:51:29.576]    DEBUG: <PixTestParameters.cc/dump:L107>   dac2: vthrcomp
[14:51:29.576]    DEBUG: <PixTestParameters.cc/dump:L107>   dac2lo: 0
[14:51:29.576]    DEBUG: <PixTestParameters.cc/dump:L107>   dac2hi: 255
[14:51:29.576]    DEBUG: <PixTestParameters.cc/dump:L107>   pix: 11,20
[14:51:29.576]    DEBUG: <PixTestParameters.cc/dump:L104> PixTestParameters: ->DacScan<-
[14:51:29.576]    DEBUG: <PixTestParameters.cc/dump:L107>   phmap: checkbox(1)
[14:51:29.576]    DEBUG: <PixTestParameters.cc/dump:L107>   allpixels: checkbox(0)
[14:51:29.576]    DEBUG: <PixTestParameters.cc/dump:L107>   unmasked: checkbox(0)
[14:51:29.576]    DEBUG: <PixTestParameters.cc/dump:L107>   ntrig: 10
[14:51:29.576]    DEBUG: <PixTestParameters.cc/dump:L107>   dac: vcal
[14:51:29.576]    DEBUG: <PixTestParameters.cc/dump:L107>   daclo: 0
[14:51:29.576]    DEBUG: <PixTestParameters.cc/dump:L107>   dachi: 255
[14:51:29.576]    DEBUG: <PixTestParameters.cc/dump:L107>   pix: 11,20
[14:51:29.576]    DEBUG: <PixTestParameters.cc/dump:L104> PixTestParameters: ->GainPedestal<-
[14:51:29.576]    DEBUG: <PixTestParameters.cc/dump:L107>   showfits: checkbox(0)
[14:51:29.576]    DEBUG: <PixTestParameters.cc/dump:L107>   extended: checkbox(0)
[14:51:29.576]    DEBUG: <PixTestParameters.cc/dump:L107>   dumphists: checkbox(0)
[14:51:29.576]    DEBUG: <PixTestParameters.cc/dump:L107>   ntrig: 10
[14:51:29.576]    DEBUG: <PixTestParameters.cc/dump:L107>   vcalstep: 10
[14:51:29.576]    DEBUG: <PixTestParameters.cc/dump:L107>   measure: button
[14:51:29.576]    DEBUG: <PixTestParameters.cc/dump:L107>   fit: button
[14:51:29.576]    DEBUG: <PixTestParameters.cc/dump:L107>   save: button
[14:51:29.576]    DEBUG: <PixTestParameters.cc/dump:L104> PixTestParameters: ->HighRate<-
[14:51:29.576]    DEBUG: <PixTestParameters.cc/dump:L107>   pix: 11,20
[14:51:29.576]    DEBUG: <PixTestParameters.cc/dump:L107>   trimhotpixels: button
[14:51:29.576]    DEBUG: <PixTestParameters.cc/dump:L107>   trimhotpixelthr: 200
[14:51:29.576]    DEBUG: <PixTestParameters.cc/dump:L107>   runsecondshotpixels: 10
[14:51:29.576]    DEBUG: <PixTestParameters.cc/dump:L107>   savetrimbits: checkbox(1)
[14:51:29.576]    DEBUG: <PixTestParameters.cc/dump:L107>   maskuntrimmable: checkbox(1)
[14:51:29.576]    DEBUG: <PixTestParameters.cc/dump:L107>   maskhotpixels: button
[14:51:29.576]    DEBUG: <PixTestParameters.cc/dump:L107>   savemaskfile: checkbox(0)
[14:51:29.576]    DEBUG: <PixTestParameters.cc/dump:L107>   maskfilename: default
[14:51:29.576]    DEBUG: <PixTestParameters.cc/dump:L107>   caldelscan: button
[14:51:29.576]    DEBUG: <PixTestParameters.cc/dump:L107>   xpixelalive: button
[14:51:29.576]    DEBUG: <PixTestParameters.cc/dump:L107>   ntrig: 50
[14:51:29.576]    DEBUG: <PixTestParameters.cc/dump:L107>   vcal: 200
[14:51:29.576]    DEBUG: <PixTestParameters.cc/dump:L107>   xnoisemaps: button
[14:51:29.576]    DEBUG: <PixTestParameters.cc/dump:L107>   daclo: 0
[14:51:29.576]    DEBUG: <PixTestParameters.cc/dump:L107>   dachi: 100
[14:51:29.576]    DEBUG: <PixTestParameters.cc/dump:L107>   dacs/step: 20
[14:51:29.576]    DEBUG: <PixTestParameters.cc/dump:L107>   rundaq: button
[14:51:29.576]    DEBUG: <PixTestParameters.cc/dump:L107>   trgfrequency(khz): 20
[14:51:29.576]    DEBUG: <PixTestParameters.cc/dump:L107>   runseconds: 2
[14:51:29.576]    DEBUG: <PixTestParameters.cc/dump:L107>   triggerdelay: 20
[14:51:29.576]    DEBUG: <PixTestParameters.cc/dump:L107>   delaytbm: checkbox
[14:51:29.576]    DEBUG: <PixTestParameters.cc/dump:L107>   filltree: checkbox
[14:51:29.576]    DEBUG: <PixTestParameters.cc/dump:L104> PixTestParameters: ->IV<-
[14:51:29.576]    DEBUG: <PixTestParameters.cc/dump:L107>   port: /dev/FIXME
[14:51:29.576]    DEBUG: <PixTestParameters.cc/dump:L107>   voltagestart: 0
[14:51:29.576]    DEBUG: <PixTestParameters.cc/dump:L107>   voltagestop: 600
[14:51:29.576]    DEBUG: <PixTestParameters.cc/dump:L107>   voltagestep: 5
[14:51:29.576]    DEBUG: <PixTestParameters.cc/dump:L107>   delay: 1
[14:51:29.576]    DEBUG: <PixTestParameters.cc/dump:L107>   compliance(ua): 100
[14:51:29.576]    DEBUG: <PixTestParameters.cc/dump:L104> PixTestParameters: ->PhOptimization<-
[14:51:29.576]    DEBUG: <PixTestParameters.cc/dump:L107>   ntrig: 10
[14:51:29.576]    DEBUG: <PixTestParameters.cc/dump:L107>   safetymarginlow: 20
[14:51:29.577]    DEBUG: <PixTestParameters.cc/dump:L107>   saturationvcal: 100
[14:51:29.577]    DEBUG: <PixTestParameters.cc/dump:L107>   quantilesaturation: 0.98
[14:51:29.577]    DEBUG: <PixTestParameters.cc/dump:L104> PixTestParameters: ->PixelAlive<-
[14:51:29.577]    DEBUG: <PixTestParameters.cc/dump:L107>   ntrig: 10
[14:51:29.577]    DEBUG: <PixTestParameters.cc/dump:L107>   vcal: 200
[14:51:29.577]    DEBUG: <PixTestParameters.cc/dump:L107>   alivetest: button
[14:51:29.577]    DEBUG: <PixTestParameters.cc/dump:L107>   masktest: button
[14:51:29.577]    DEBUG: <PixTestParameters.cc/dump:L107>   addressdecodingtest: button
[14:51:29.577]    DEBUG: <PixTestParameters.cc/dump:L104> PixTestParameters: ->Pretest<-
[14:51:29.577]    DEBUG: <PixTestParameters.cc/dump:L107>   programroc: button
[14:51:29.577]    DEBUG: <PixTestParameters.cc/dump:L107>   targetia: 24
[14:51:29.577]    DEBUG: <PixTestParameters.cc/dump:L107>   setvana: button
[14:51:29.577]    DEBUG: <PixTestParameters.cc/dump:L107>   iterations: 100
[14:51:29.577]    DEBUG: <PixTestParameters.cc/dump:L107>   settimings: button
[14:51:29.577]    DEBUG: <PixTestParameters.cc/dump:L107>   findtiming: button
[14:51:29.577]    DEBUG: <PixTestParameters.cc/dump:L107>   findworkingpixel: button
[14:51:29.577]    DEBUG: <PixTestParameters.cc/dump:L107>   setvthrcompcaldel: button
[14:51:29.577]    DEBUG: <PixTestParameters.cc/dump:L107>   pix: 11,20
[14:51:29.577]    DEBUG: <PixTestParameters.cc/dump:L107>   vcal: 250
[14:51:29.577]    DEBUG: <PixTestParameters.cc/dump:L107>   deltavthrcomp: 50
[14:51:29.577]    DEBUG: <PixTestParameters.cc/dump:L107>   fraccaldel: 0.5
[14:51:29.577]    DEBUG: <PixTestParameters.cc/dump:L107>   ntrig: 5
[14:51:29.577]    DEBUG: <PixTestParameters.cc/dump:L107>   savedacs: button
[14:51:29.577]    DEBUG: <PixTestParameters.cc/dump:L104> PixTestParameters: ->Readback<-
[14:51:29.577]    DEBUG: <PixTestParameters.cc/dump:L107>   calibratevd: button
[14:51:29.577]    DEBUG: <PixTestParameters.cc/dump:L107>   calibrateva: button
[14:51:29.577]    DEBUG: <PixTestParameters.cc/dump:L107>   calibrateia: button
[14:51:29.577]    DEBUG: <PixTestParameters.cc/dump:L107>   readbackvbg: button
[14:51:29.577]    DEBUG: <PixTestParameters.cc/dump:L107>   getcalibratedvbg: button
[14:51:29.577]    DEBUG: <PixTestParameters.cc/dump:L107>   usecalvd: checkbox(1)
[14:51:29.577]    DEBUG: <PixTestParameters.cc/dump:L107>   usecalva: checkbox(0)
[14:51:29.577]    DEBUG: <PixTestParameters.cc/dump:L107>   setvana: button
[14:51:29.577]    DEBUG: <PixTestParameters.cc/dump:L104> PixTestParameters: ->Scurves<-
[14:51:29.577]    DEBUG: <PixTestParameters.cc/dump:L107>   adjustvcal: checkbox(0)
[14:51:29.577]    DEBUG: <PixTestParameters.cc/dump:L107>   dumpall: checkbox(0)
[14:51:29.577]    DEBUG: <PixTestParameters.cc/dump:L107>   dumpproblematic: checkbox(0)
[14:51:29.577]    DEBUG: <PixTestParameters.cc/dump:L107>   dumpoutputfile: checkbox(0)
[14:51:29.577]    DEBUG: <PixTestParameters.cc/dump:L107>   ntrig: 50
[14:51:29.577]    DEBUG: <PixTestParameters.cc/dump:L107>   dac: Vcal
[14:51:29.577]    DEBUG: <PixTestParameters.cc/dump:L107>   daclo: 0
[14:51:29.577]    DEBUG: <PixTestParameters.cc/dump:L107>   dachi: 200
[14:51:29.577]    DEBUG: <PixTestParameters.cc/dump:L107>   dacs/step: -1
[14:51:29.577]    DEBUG: <PixTestParameters.cc/dump:L107>   ntrig/step: -1
[14:51:29.577]    DEBUG: <PixTestParameters.cc/dump:L107>   scurves: button
[14:51:29.577]    DEBUG: <PixTestParameters.cc/dump:L104> PixTestParameters: ->Timing<-
[14:51:29.577]    DEBUG: <PixTestParameters.cc/dump:L107>   targetclk: 4
[14:51:29.577]    DEBUG: <PixTestParameters.cc/dump:L107>   ntrig: 10
[14:51:29.577]    DEBUG: <PixTestParameters.cc/dump:L107>   clocksdascan: button
[14:51:29.577]    DEBUG: <PixTestParameters.cc/dump:L107>   notokenpass: checkbox(0)
[14:51:29.577]    DEBUG: <PixTestParameters.cc/dump:L107>   phasescan: button
[14:51:29.577]    DEBUG: <PixTestParameters.cc/dump:L107>   levelscan: button
[14:51:29.577]    DEBUG: <PixTestParameters.cc/dump:L107>   tbmphasescan: button
[14:51:29.577]    DEBUG: <PixTestParameters.cc/dump:L107>   rocdelayscan: button
[14:51:29.577]    DEBUG: <PixTestParameters.cc/dump:L107>   timingtest: button
[14:51:29.577]    DEBUG: <PixTestParameters.cc/dump:L107>   saveparameters: button
[14:51:29.577]    DEBUG: <PixTestParameters.cc/dump:L104> PixTestParameters: ->Trim<-
[14:51:29.577]    DEBUG: <PixTestParameters.cc/dump:L107>   trim: button
[14:51:29.577]    DEBUG: <PixTestParameters.cc/dump:L107>   ntrig: 8
[14:51:29.577]    DEBUG: <PixTestParameters.cc/dump:L107>   vcal: 35
[14:51:29.578]    DEBUG: <PixTestParameters.cc/dump:L107>   trimbits: button
[14:51:29.578]    DEBUG: <PixTestParameters.cc/dump:L104> PixTestParameters: ->Xray<-
[14:51:29.578]    DEBUG: <PixTestParameters.cc/dump:L107>   maskhotpixels: button
[14:51:29.578]    DEBUG: <PixTestParameters.cc/dump:L107>   savemaskfile: checkbox(0)
[14:51:29.578]    DEBUG: <PixTestParameters.cc/dump:L107>   maskfilename: default
[14:51:29.578]    DEBUG: <PixTestParameters.cc/dump:L107>   source: Ag
[14:51:29.578]    DEBUG: <PixTestParameters.cc/dump:L107>   phrun: button
[14:51:29.578]    DEBUG: <PixTestParameters.cc/dump:L107>   runseconds: 100
[14:51:29.578]    DEBUG: <PixTestParameters.cc/dump:L107>   trgfrequency(khz): 100
[14:51:29.578]    DEBUG: <PixTestParameters.cc/dump:L107>   ratescan: button
[14:51:29.578]    DEBUG: <PixTestParameters.cc/dump:L107>   vthrcompmin: 10
[14:51:29.578]    DEBUG: <PixTestParameters.cc/dump:L107>   vthrcompmax: 80
[14:51:29.578]    DEBUG: <PixTestParameters.cc/dump:L107>   stepseconds: 5
[14:51:29.578]    DEBUG: <PixTestParameters.cc/dump:L107>   delaytbm: checkbox
[14:51:29.578]    DEBUG: <PixTestParameters.cc/dump:L107>   filltree: checkbox
[14:51:29.580]    DEBUG: <PixSetup.cc/init:L81> PixSetup init start; getCurrentRSS() = 33230848
[14:51:29.580]    DEBUG: <PixSetup.cc/init:L87> fPixTestParameters = 0x19ae280
[14:51:29.580]    DEBUG: <PixSetup.cc/init:L88>  fConfigParameters = 0x1923c10
[14:51:29.580]    DEBUG: <PixSetup.cc/init:L89>        fPxarMemory = 0x7ff4d5d94010
[14:51:29.580]    DEBUG: <PixSetup.cc/init:L90>         fPxarMemHi = 0x7ff4dbfff510
[14:51:29.580]    DEBUG: <PixSetup.cc/init:L106> PixSetup init done;  getCurrentRSS() = 33239040 fPxarMemory = 0x7ff4d5d94010
[14:51:29.581]    DEBUG: <pXar.cc/main:L223> Initial Analog Current: 390.7mA
[14:51:29.583]    DEBUG: <pXar.cc/main:L224> Initial Digital Current: 536.2mA
[14:51:29.583]    DEBUG: <pXar.cc/main:L225> Initial Module Temperature: 19.3 C
[14:51:30.081]    DEBUG: <PixGui.cc/hvOn:L460> HV set On: 0x1f6c670
[14:51:30.147]    DEBUG: <PixTestFactory.cc/PixTestFactory:L53> PixTestFactory::PixTestFactory()
[14:51:30.147]    DEBUG: <PixTestBBMap.cc/init:L79> PixTestBBMap::init()
[14:51:30.147]    DEBUG: <PixTestBBMap.cc/PixTestBBMap:L27> PixTestBBMap ctor(PixSetup &a, string, TGTab *)
[14:51:30.153]    DEBUG: <PixTestBB2Map.cc/setParameter:L58> setting fTargetIa    = 24 mA/ROC
[14:51:30.153]    DEBUG: <PixTestBB2Map.cc/init:L97> PixTestBB2Map::init()
[14:51:30.153]    DEBUG: <PixTestBB2Map.cc/PixTestBB2Map:L29> PixTestBB2Map ctor(PixSetup &a, string, TGTab *)
[14:51:30.164]    DEBUG: <PixTestBB3Map.cc/init:L81> PixTestBB3Map::init()
[14:51:30.164]    DEBUG: <PixTestBB3Map.cc/PixTestBB3Map:L29> PixTestBB3Map ctor(PixSetup &a, string, TGTab *)
[14:51:30.176]    DEBUG: <PixTestBB4Map.cc/init:L93> PixTestBB4Map::init()
[14:51:30.177]    DEBUG: <PixTestBB4Map.cc/PixTestBB4Map:L26> PixTestMapeff ctor(PixSetup &a, string, TGTab *)
[14:51:30.195]     INFO: PixTestCmd::init()
[14:51:30.202]    DEBUG: <PixTestDaq.cc/init:L44> PixTestDaq::init()
[14:51:30.202]    DEBUG: <PixTestDaq.cc/PixTestDaq:L22> PixTestDaq ctor(PixSetup &a, string, TGTab *)
[14:51:30.203]     INFO: readGainPedestalParameters data/mh242/M-H-2-42_ElComandanteTest_2016-01-08_10h19m_1452269964/000_FPIXTest_p17/phCalibrationFitErr35_C0.dat .. data/mh242/M-H-2-42_ElComandanteTest_2016-01-08_10h19m_1452269964/000_FPIXTest_p17/phCalibrationFitErr35_C15.dat
[14:51:30.455]    DEBUG: <PixTestDacDacScan.cc/init:L103> PixTestDacDacScan::init()
[14:51:30.455]    DEBUG: <PixTestDacDacScan.cc/PixTestDacDacScan:L22> PixTestDacDacScan ctor(PixSetup &a, string, TGTab *)
[14:51:30.495]    DEBUG: <PixTestGainPedestal.cc/setParameter:L83> PixTestGainPedestal::PixTest() fVcalStep = 10
[14:51:30.501]    DEBUG: <PixTestHighRate.cc/setParameter:L68>   setting fParTriggerFrequency -> 20
[14:51:30.501]    DEBUG: <PixTestHighRate.cc/init:L198> PixTestHighRate::init()
[14:51:30.501]    DEBUG: <PixTestHighRate.cc/PixTestHighRate:L31> PixTestHighRate ctor(PixSetup &a, string, TGTab *)
[14:51:30.525]    DEBUG: <PixTest.cc/setTestParameter:L637>  setting  ntrig to new value 10
[14:51:30.525]    DEBUG: <PixTestPhOptimization.cc/setParameter:L37>   setting fParNtrig  ->10<- from sval = 10
[14:51:30.525]    DEBUG: <PixTestPhOptimization.cc/setParameter:L42>   setting fSafetyMarginLow  ->20<- from sval = 20
[14:51:30.525]    DEBUG: <PixTestPhOptimization.cc/setParameter:L48>   setting fVcalMax  ->100<- from sval = 100
[14:51:30.525]    DEBUG: <PixTestPhOptimization.cc/setParameter:L53>   setting fQuantMax  ->0.98<- from sval = 0.98
[14:51:30.532]    DEBUG: <PixTestAlive.cc/init:L77> PixTestAlive::init()
[14:51:30.532]    DEBUG: <PixTestAlive.cc/PixTestAlive:L21> PixTestAlive ctor(PixSetup &a, string, TGTab *)
[14:51:30.546]    DEBUG: <PixTestReadback.cc/setParameter:L172> fCalwVd set to 1
[14:51:30.546]    DEBUG: <PixTestReadback.cc/init:L95> PixTestReadback::init()
[14:51:30.546]    DEBUG: <PixTestReadback.cc/PixTestReadback:L22> PixTestReadback ctor(PixSetup &a, string, TGTab *)
[14:51:30.546]     INFO: readReadbackCal: data/mh242/M-H-2-42_ElComandanteTest_2016-01-08_10h19m_1452269964/000_FPIXTest_p17/readbackCal_C0.dat .. data/mh242/M-H-2-42_ElComandanteTest_2016-01-08_10h19m_1452269964/000_FPIXTest_p17/readbackCal_C15.dat
[14:51:30.561]    DEBUG: <PixTestScurves.cc/setParameter:L93> set fOutputFilename = 
[14:51:30.570]    DEBUG: <PixTestTiming.cc/setParameter:L60> PixTestTiming::PixTest() targetclk = 4
[14:51:30.570]    DEBUG: <PixTestTiming.cc/setParameter:L64> PixTestTiming::PixTest() ntrig = 10
[14:51:30.570]    DEBUG: <PixTestTiming.cc/setParameter:L48> fNoTokenPass: 0
[14:51:30.570]    DEBUG: <PixTestTiming.cc/init:L74> PixTestTiming::init()
[14:51:30.590]    DEBUG: <PixTestXray.cc/init:L134> PixTestXray::init()
[14:51:30.590]    DEBUG: <PixTestXray.cc/PixTestXray:L28> PixTestXray ctor(PixSetup &a, string, TGTab *)
[14:51:36.719]    DEBUG: <PixTab.cc/buttonClicked:L308> xxxPressed():  caldelscan
[14:51:36.719]    DEBUG: <PixTestHighRate.cc/runCommand:L157> running command: caldelscan
[14:51:36.719]     INFO:    ----------------------------------------------------------------------
[14:51:36.719]     INFO:    PixTestHighRate::calDelScan() ntrig = 10, vcal = 200
[14:51:36.719]     INFO:    ----------------------------------------------------------------------
[14:51:36.859]     INFO: Expecting 768 events.
[14:51:37.996]     INFO: 768 events read in total (418ms).
[14:51:38.185]     INFO: Test took 1460ms.
[14:51:38.189]     INFO: ROC 6 masking pixel 0/41
[14:51:38.189]     INFO: ROC 6 masking pixel 0/50
[14:51:38.189]     INFO: ROC 6 masking pixel 0/54
[14:51:38.189]     INFO: ROC 6 masking pixel 1/55
[14:51:38.189]     INFO: ROC 6 masking pixel 1/57
[14:51:38.189]     INFO: ROC 6 masking pixel 5/24
[14:51:38.189]     INFO: ROC 6 masking pixel 5/39
[14:51:38.189]     INFO: ROC 6 masking pixel 5/47
[14:51:38.189]     INFO: ROC 6 masking pixel 5/55
[14:51:38.189]     INFO: ROC 6 masking pixel 5/65
[14:51:38.189]     INFO: ROC 6 masking pixel 6/45
[14:51:38.189]     INFO: ROC 6 masking pixel 7/26
[14:51:38.189]     INFO: ROC 6 masking pixel 7/51
[14:51:38.189]     INFO: ROC 6 masking pixel 8/25
[14:51:38.189]     INFO: ROC 6 masking pixel 9/43
[14:51:38.189]     INFO: ROC 6 masking pixel 9/60
[14:51:38.189]     INFO: ROC 6 masking pixel 10/43
[14:51:38.189]     INFO: ROC 6 masking pixel 10/55
[14:51:38.189]     INFO: ROC 6 masking pixel 11/35
[14:51:38.189]     INFO: ROC 6 masking pixel 11/47
[14:51:38.189]     INFO: ROC 6 masking pixel 38/52
[14:51:38.192]    DEBUG: <PixTest.cc/efficiencyMaps:L396>       attempt #0
[14:51:38.862]     INFO: Expecting 41600 events.
[14:51:41.949]     INFO: 41600 events read in total (2561ms).
[14:51:41.952]     INFO: Test took 3760ms.
[14:51:42.004]     INFO: Fetched DAQ statistics. Counters are being reset now.
[14:51:42.004]    DEBUG: <PixTest.cc/efficiencyMaps:L407>  eff result size = 288164
[14:51:42.004]    DEBUG: <PixTest.cc/efficiencyMaps:L412> Create hists HR_xeff_CalDelScan_step0_C0 .. HR_xeff_CalDelScan_step0_C15
[14:51:42.004]    DEBUG: <PixTest.cc/efficiencyMaps:L426> booking xray maps for unmasked detector
[14:51:42.031]    DEBUG: <PixTest.cc/efficiencyMaps:L396>       attempt #0
[14:51:42.696]     INFO: Expecting 41600 events.
[14:51:45.918]     INFO: 41600 events read in total (2695ms).
[14:51:45.921]     INFO: Test took 3890ms.
[14:51:45.972]     INFO: Fetched DAQ statistics. Counters are being reset now.
[14:51:45.972]    DEBUG: <PixTest.cc/efficiencyMaps:L407>  eff result size = 300423
[14:51:45.972]    DEBUG: <PixTest.cc/efficiencyMaps:L412> Create hists HR_xeff_CalDelScan_step1_C0 .. HR_xeff_CalDelScan_step1_C15
[14:51:45.972]    DEBUG: <PixTest.cc/efficiencyMaps:L426> booking xray maps for unmasked detector
[14:51:46.001]    DEBUG: <PixTest.cc/efficiencyMaps:L396>       attempt #0
[14:51:46.667]     INFO: Expecting 41600 events.
[14:51:49.946]     INFO: 41600 events read in total (2752ms).
[14:51:49.949]     INFO: Test took 3948ms.
[14:51:50.000]     INFO: Fetched DAQ statistics. Counters are being reset now.
[14:51:50.000]    DEBUG: <PixTest.cc/efficiencyMaps:L407>  eff result size = 301821
[14:51:50.000]    DEBUG: <PixTest.cc/efficiencyMaps:L412> Create hists HR_xeff_CalDelScan_step2_C0 .. HR_xeff_CalDelScan_step2_C15
[14:51:50.000]    DEBUG: <PixTest.cc/efficiencyMaps:L426> booking xray maps for unmasked detector
[14:51:50.029]    DEBUG: <PixTest.cc/efficiencyMaps:L396>       attempt #0
[14:51:50.695]     INFO: Expecting 41600 events.
[14:51:53.984]     INFO: 41600 events read in total (2763ms).
[14:51:53.987]     INFO: Test took 3957ms.
[14:51:54.037]     INFO: Fetched DAQ statistics. Counters are being reset now.
[14:51:54.037]    DEBUG: <PixTest.cc/efficiencyMaps:L407>  eff result size = 302998
[14:51:54.037]    DEBUG: <PixTest.cc/efficiencyMaps:L412> Create hists HR_xeff_CalDelScan_step3_C0 .. HR_xeff_CalDelScan_step3_C15
[14:51:54.038]    DEBUG: <PixTest.cc/efficiencyMaps:L426> booking xray maps for unmasked detector
[14:51:54.067]    DEBUG: <PixTest.cc/efficiencyMaps:L396>       attempt #0
[14:51:54.732]     INFO: Expecting 41600 events.
[14:51:57.996]     INFO: 41600 events read in total (2737ms).
[14:51:57.999]     INFO: Test took 3932ms.
[14:51:58.048]     INFO: Fetched DAQ statistics. Counters are being reset now.
[14:51:58.048]    DEBUG: <PixTest.cc/efficiencyMaps:L407>  eff result size = 302442
[14:51:58.048]    DEBUG: <PixTest.cc/efficiencyMaps:L412> Create hists HR_xeff_CalDelScan_step4_C0 .. HR_xeff_CalDelScan_step4_C15
[14:51:58.049]    DEBUG: <PixTest.cc/efficiencyMaps:L426> booking xray maps for unmasked detector
[14:51:58.078]    DEBUG: <PixTest.cc/efficiencyMaps:L396>       attempt #0
[14:51:58.743]     INFO: Expecting 41600 events.
[14:52:02.049]     INFO: 41600 events read in total (2779ms).
[14:52:02.052]     INFO: Test took 3974ms.
[14:52:02.103]     INFO: Fetched DAQ statistics. Counters are being reset now.
[14:52:02.103]    DEBUG: <PixTest.cc/efficiencyMaps:L407>  eff result size = 301917
[14:52:02.103]    DEBUG: <PixTest.cc/efficiencyMaps:L412> Create hists HR_xeff_CalDelScan_step5_C0 .. HR_xeff_CalDelScan_step5_C15
[14:52:02.103]    DEBUG: <PixTest.cc/efficiencyMaps:L426> booking xray maps for unmasked detector
[14:52:02.132]    DEBUG: <PixTest.cc/efficiencyMaps:L396>       attempt #0
[14:52:02.797]     INFO: Expecting 41600 events.
[14:52:06.099]     INFO: 41600 events read in total (2775ms).
[14:52:06.102]     INFO: Test took 3970ms.
[14:52:06.153]     INFO: Fetched DAQ statistics. Counters are being reset now.
[14:52:06.153]    DEBUG: <PixTest.cc/efficiencyMaps:L407>  eff result size = 301939
[14:52:06.153]    DEBUG: <PixTest.cc/efficiencyMaps:L412> Create hists HR_xeff_CalDelScan_step6_C0 .. HR_xeff_CalDelScan_step6_C15
[14:52:06.153]    DEBUG: <PixTest.cc/efficiencyMaps:L426> booking xray maps for unmasked detector
[14:52:06.182]    DEBUG: <PixTest.cc/efficiencyMaps:L396>       attempt #0
[14:52:06.848]     INFO: Expecting 41600 events.
[14:52:10.155]     INFO: 41600 events read in total (2780ms).
[14:52:10.158]     INFO: Test took 3976ms.
[14:52:10.209]     INFO: Fetched DAQ statistics. Counters are being reset now.
[14:52:10.209]    DEBUG: <PixTest.cc/efficiencyMaps:L407>  eff result size = 301038
[14:52:10.209]    DEBUG: <PixTest.cc/efficiencyMaps:L412> Create hists HR_xeff_CalDelScan_step7_C0 .. HR_xeff_CalDelScan_step7_C15
[14:52:10.209]    DEBUG: <PixTest.cc/efficiencyMaps:L426> booking xray maps for unmasked detector
[14:52:10.238]    DEBUG: <PixTest.cc/efficiencyMaps:L396>       attempt #0
[14:52:10.903]     INFO: Expecting 41600 events.
[14:52:14.192]     INFO: 41600 events read in total (2763ms).
[14:52:14.195]     INFO: Test took 3957ms.
[14:52:14.245]     INFO: Fetched DAQ statistics. Counters are being reset now.
[14:52:14.245]    DEBUG: <PixTest.cc/efficiencyMaps:L407>  eff result size = 301941
[14:52:14.245]    DEBUG: <PixTest.cc/efficiencyMaps:L412> Create hists HR_xeff_CalDelScan_step8_C0 .. HR_xeff_CalDelScan_step8_C15
[14:52:14.246]    DEBUG: <PixTest.cc/efficiencyMaps:L426> booking xray maps for unmasked detector
[14:52:14.275]    DEBUG: <PixTest.cc/efficiencyMaps:L396>       attempt #0
[14:52:14.941]     INFO: Expecting 41600 events.
[14:52:18.234]     INFO: 41600 events read in total (2767ms).
[14:52:18.237]     INFO: Test took 3962ms.
[14:52:18.287]     INFO: Fetched DAQ statistics. Counters are being reset now.
[14:52:18.287]    DEBUG: <PixTest.cc/efficiencyMaps:L407>  eff result size = 302314
[14:52:18.287]    DEBUG: <PixTest.cc/efficiencyMaps:L412> Create hists HR_xeff_CalDelScan_step9_C0 .. HR_xeff_CalDelScan_step9_C15
[14:52:18.288]    DEBUG: <PixTest.cc/efficiencyMaps:L426> booking xray maps for unmasked detector
[14:52:18.317]    DEBUG: <PixTest.cc/efficiencyMaps:L396>       attempt #0
[14:52:18.982]     INFO: Expecting 41600 events.
[14:52:22.282]     INFO: 41600 events read in total (2773ms).
[14:52:22.285]     INFO: Test took 3968ms.
[14:52:22.336]     INFO: Fetched DAQ statistics. Counters are being reset now.
[14:52:22.336]    DEBUG: <PixTest.cc/efficiencyMaps:L407>  eff result size = 303279
[14:52:22.336]    DEBUG: <PixTest.cc/efficiencyMaps:L412> Create hists HR_xeff_CalDelScan_step10_C0 .. HR_xeff_CalDelScan_step10_C15
[14:52:22.336]    DEBUG: <PixTest.cc/efficiencyMaps:L426> booking xray maps for unmasked detector
[14:52:22.366]    DEBUG: <PixTest.cc/efficiencyMaps:L396>       attempt #0
[14:52:23.032]     INFO: Expecting 41600 events.
[14:52:26.331]     INFO: 41600 events read in total (2772ms).
[14:52:26.334]     INFO: Test took 3968ms.
[14:52:26.385]     INFO: Fetched DAQ statistics. Counters are being reset now.
[14:52:26.385]    DEBUG: <PixTest.cc/efficiencyMaps:L407>  eff result size = 301691
[14:52:26.385]    DEBUG: <PixTest.cc/efficiencyMaps:L412> Create hists HR_xeff_CalDelScan_step11_C0 .. HR_xeff_CalDelScan_step11_C15
[14:52:26.386]    DEBUG: <PixTest.cc/efficiencyMaps:L426> booking xray maps for unmasked detector
[14:52:26.414]    DEBUG: <PixTest.cc/efficiencyMaps:L396>       attempt #0
[14:52:27.079]     INFO: Expecting 41600 events.
[14:52:30.380]     INFO: 41600 events read in total (2773ms).
[14:52:30.383]     INFO: Test took 3969ms.
[14:52:30.434]     INFO: Fetched DAQ statistics. Counters are being reset now.
[14:52:30.434]    DEBUG: <PixTest.cc/efficiencyMaps:L407>  eff result size = 301728
[14:52:30.434]    DEBUG: <PixTest.cc/efficiencyMaps:L412> Create hists HR_xeff_CalDelScan_step12_C0 .. HR_xeff_CalDelScan_step12_C15
[14:52:30.434]    DEBUG: <PixTest.cc/efficiencyMaps:L426> booking xray maps for unmasked detector
[14:52:30.464]    DEBUG: <PixTest.cc/efficiencyMaps:L396>       attempt #0
[14:52:31.130]     INFO: Expecting 41600 events.
[14:52:34.380]     INFO: 41600 events read in total (2724ms).
[14:52:34.382]     INFO: Test took 3918ms.
[14:52:34.433]     INFO: Fetched DAQ statistics. Counters are being reset now.
[14:52:34.433]    DEBUG: <PixTest.cc/efficiencyMaps:L407>  eff result size = 302685
[14:52:34.433]    DEBUG: <PixTest.cc/efficiencyMaps:L412> Create hists HR_xeff_CalDelScan_step13_C0 .. HR_xeff_CalDelScan_step13_C15
[14:52:34.433]    DEBUG: <PixTest.cc/efficiencyMaps:L426> booking xray maps for unmasked detector
[14:52:34.463]    DEBUG: <PixTest.cc/efficiencyMaps:L396>       attempt #0
[14:52:35.128]     INFO: Expecting 41600 events.
[14:52:38.430]     INFO: 41600 events read in total (2775ms).
[14:52:38.433]     INFO: Test took 3970ms.
[14:52:38.483]     INFO: Fetched DAQ statistics. Counters are being reset now.
[14:52:38.483]    DEBUG: <PixTest.cc/efficiencyMaps:L407>  eff result size = 302335
[14:52:38.483]    DEBUG: <PixTest.cc/efficiencyMaps:L412> Create hists HR_xeff_CalDelScan_step14_C0 .. HR_xeff_CalDelScan_step14_C15
[14:52:38.483]    DEBUG: <PixTest.cc/efficiencyMaps:L426> booking xray maps for unmasked detector
[14:52:38.512]    DEBUG: <PixTest.cc/efficiencyMaps:L396>       attempt #0
[14:52:39.177]     INFO: Expecting 41600 events.
[14:52:42.474]     INFO: 41600 events read in total (2770ms).
[14:52:42.477]     INFO: Test took 3965ms.
[14:52:42.531]     INFO: Fetched DAQ statistics. Counters are being reset now.
[14:52:42.531]    DEBUG: <PixTest.cc/efficiencyMaps:L407>  eff result size = 301623
[14:52:42.531]    DEBUG: <PixTest.cc/efficiencyMaps:L412> Create hists HR_xeff_CalDelScan_step15_C0 .. HR_xeff_CalDelScan_step15_C15
[14:52:42.531]    DEBUG: <PixTest.cc/efficiencyMaps:L426> booking xray maps for unmasked detector
[14:52:42.562]    DEBUG: <PixTest.cc/efficiencyMaps:L396>       attempt #0
[14:52:43.229]     INFO: Expecting 41600 events.
[14:52:46.531]     INFO: 41600 events read in total (2775ms).
[14:52:46.534]     INFO: Test took 3972ms.
[14:52:46.584]     INFO: Fetched DAQ statistics. Counters are being reset now.
[14:52:46.584]    DEBUG: <PixTest.cc/efficiencyMaps:L407>  eff result size = 302182
[14:52:46.584]    DEBUG: <PixTest.cc/efficiencyMaps:L412> Create hists HR_xeff_CalDelScan_step16_C0 .. HR_xeff_CalDelScan_step16_C15
[14:52:46.584]    DEBUG: <PixTest.cc/efficiencyMaps:L426> booking xray maps for unmasked detector
[14:52:46.613]    DEBUG: <PixTest.cc/efficiencyMaps:L396>       attempt #0
[14:52:47.278]     INFO: Expecting 41600 events.
[14:52:50.580]     INFO: 41600 events read in total (2774ms).
[14:52:50.583]     INFO: Test took 3970ms.
[14:52:50.634]     INFO: Fetched DAQ statistics. Counters are being reset now.
[14:52:50.634]    DEBUG: <PixTest.cc/efficiencyMaps:L407>  eff result size = 301979
[14:52:50.634]    DEBUG: <PixTest.cc/efficiencyMaps:L412> Create hists HR_xeff_CalDelScan_step17_C0 .. HR_xeff_CalDelScan_step17_C15
[14:52:50.634]    DEBUG: <PixTest.cc/efficiencyMaps:L426> booking xray maps for unmasked detector
[14:52:50.664]    DEBUG: <PixTest.cc/efficiencyMaps:L396>       attempt #0
[14:52:51.330]     INFO: Expecting 41600 events.
[14:52:54.631]     INFO: 41600 events read in total (2774ms).
[14:52:54.634]     INFO: Test took 3970ms.
[14:52:54.685]     INFO: Fetched DAQ statistics. Counters are being reset now.
[14:52:54.685]    DEBUG: <PixTest.cc/efficiencyMaps:L407>  eff result size = 301537
[14:52:54.685]    DEBUG: <PixTest.cc/efficiencyMaps:L412> Create hists HR_xeff_CalDelScan_step18_C0 .. HR_xeff_CalDelScan_step18_C15
[14:52:54.685]    DEBUG: <PixTest.cc/efficiencyMaps:L426> booking xray maps for unmasked detector
[14:52:54.715]    DEBUG: <PixTest.cc/efficiencyMaps:L396>       attempt #0
[14:52:55.380]     INFO: Expecting 41600 events.
[14:52:58.606]     INFO: 41600 events read in total (2700ms).
[14:52:58.610]     INFO: Test took 3895ms.
[14:52:58.692]     INFO: Fetched DAQ statistics. Counters are being reset now.
[14:52:58.692]    DEBUG: <PixTest.cc/efficiencyMaps:L407>  eff result size = 299178
[14:52:58.692]    DEBUG: <PixTest.cc/efficiencyMaps:L412> Create hists HR_xeff_CalDelScan_step19_C0 .. HR_xeff_CalDelScan_step19_C15
[14:52:58.692]    DEBUG: <PixTest.cc/efficiencyMaps:L426> booking xray maps for unmasked detector
[14:52:58.941]    DEBUG: <PixTestHighRate.cc/doCalDelScan:L422> roc  0: caldel = 148 eff = 0.999856
[14:52:58.941]    DEBUG: <PixTestHighRate.cc/doCalDelScan:L422> roc  1: caldel = 148 eff = 0.999904
[14:52:58.942]    DEBUG: <PixTestHighRate.cc/doCalDelScan:L422> roc  2: caldel = 167 eff = 0.999808
[14:52:58.942]    DEBUG: <PixTestHighRate.cc/doCalDelScan:L422> roc  3: caldel = 155 eff = 0.999591
[14:52:58.942]    DEBUG: <PixTestHighRate.cc/doCalDelScan:L422> roc  4: caldel = 162 eff = 0.999591
[14:52:58.942]    DEBUG: <PixTestHighRate.cc/doCalDelScan:L422> roc  5: caldel = 151 eff = 0.999471
[14:52:58.942]    DEBUG: <PixTestHighRate.cc/doCalDelScan:L422> roc  6: caldel = 172 eff = 0.955649
[14:52:58.942]    DEBUG: <PixTestHighRate.cc/doCalDelScan:L422> roc  7: caldel = 148 eff = 0.999543
[14:52:58.943]    DEBUG: <PixTestHighRate.cc/doCalDelScan:L422> roc  8: caldel = 187 eff = 0.999447
[14:52:58.943]    DEBUG: <PixTestHighRate.cc/doCalDelScan:L422> roc  9: caldel = 170 eff = 0.999471
[14:52:58.943]    DEBUG: <PixTestHighRate.cc/doCalDelScan:L422> roc 10: caldel = 142 eff = 0.999495
[14:52:58.943]    DEBUG: <PixTestHighRate.cc/doCalDelScan:L422> roc 11: caldel = 150 eff = 0.999519
[14:52:58.943]    DEBUG: <PixTestHighRate.cc/doCalDelScan:L422> roc 12: caldel = 168 eff = 0.999519
[14:52:58.943]    DEBUG: <PixTestHighRate.cc/doCalDelScan:L422> roc 13: caldel = 156 eff = 0.999736
[14:52:58.943]    DEBUG: <PixTestHighRate.cc/doCalDelScan:L422> roc 14: caldel = 171 eff = 0.999904
[14:52:58.943]    DEBUG: <PixTestHighRate.cc/doCalDelScan:L422> roc 15: caldel = 149 eff = 0.999784
[14:53:43.439]    DEBUG: <PixTab.cc/buttonClicked:L308> xxxPressed():  xpixelalive
[14:53:43.439]    DEBUG: <PixTestHighRate.cc/runCommand:L157> running command: xpixelalive
[14:53:43.439]     INFO:    ----------------------------------------------------------------------
[14:53:43.439]     INFO:    PixTestHighRate::xPixelAlive() ntrig = 50, vcal = 200
[14:53:43.439]     INFO:    ----------------------------------------------------------------------
[14:53:43.439]    DEBUG: <PixTestHighRate.cc/doXPixelAlive:L451>  old set: clk: 4
[14:53:43.439]    DEBUG: <PixTestHighRate.cc/doXPixelAlive:L451>  old set: ctr: 4
[14:53:43.439]    DEBUG: <PixTestHighRate.cc/doXPixelAlive:L451>  old set: sda: 19
[14:53:43.439]    DEBUG: <PixTestHighRate.cc/doXPixelAlive:L451>  old set: tin: 9
[14:53:43.439]    DEBUG: <PixTestHighRate.cc/doXPixelAlive:L451>  old set: level: 15
[14:53:43.439]    DEBUG: <PixTestHighRate.cc/doXPixelAlive:L451>  old set: triggerdelay: 0
[14:53:43.440]    DEBUG: <PixTestHighRate.cc/doXPixelAlive:L467>  setting: clk: 4
[14:53:43.440]    DEBUG: <PixTestHighRate.cc/doXPixelAlive:L467>  setting: ctr: 4
[14:53:43.440]    DEBUG: <PixTestHighRate.cc/doXPixelAlive:L467>  setting: sda: 19
[14:53:43.440]    DEBUG: <PixTestHighRate.cc/doXPixelAlive:L467>  setting: tin: 9
[14:53:43.440]    DEBUG: <PixTestHighRate.cc/doXPixelAlive:L467>  setting: level: 15
[14:53:43.440]    DEBUG: <PixTestHighRate.cc/doXPixelAlive:L467>  setting: triggerdelay: 20
[14:53:43.483]     INFO: ROC 6 masking pixel 0/41
[14:53:43.483]     INFO: ROC 6 masking pixel 0/50
[14:53:43.483]     INFO: ROC 6 masking pixel 0/54
[14:53:43.483]     INFO: ROC 6 masking pixel 1/55
[14:53:43.483]     INFO: ROC 6 masking pixel 1/57
[14:53:43.483]     INFO: ROC 6 masking pixel 5/24
[14:53:43.483]     INFO: ROC 6 masking pixel 5/39
[14:53:43.483]     INFO: ROC 6 masking pixel 5/47
[14:53:43.483]     INFO: ROC 6 masking pixel 5/55
[14:53:43.483]     INFO: ROC 6 masking pixel 5/65
[14:53:43.483]     INFO: ROC 6 masking pixel 6/45
[14:53:43.483]     INFO: ROC 6 masking pixel 7/26
[14:53:43.483]     INFO: ROC 6 masking pixel 7/51
[14:53:43.483]     INFO: ROC 6 masking pixel 8/25
[14:53:43.483]     INFO: ROC 6 masking pixel 9/43
[14:53:43.483]     INFO: ROC 6 masking pixel 9/60
[14:53:43.483]     INFO: ROC 6 masking pixel 10/43
[14:53:43.483]     INFO: ROC 6 masking pixel 10/55
[14:53:43.483]     INFO: ROC 6 masking pixel 11/35
[14:53:43.483]     INFO: ROC 6 masking pixel 11/47
[14:53:43.483]     INFO: ROC 6 masking pixel 38/52
[14:53:43.483]    DEBUG: <PixTest.cc/efficiencyMaps:L396>       attempt #0
[14:53:44.153]     INFO: Expecting 208000 events.
[14:53:56.701]     INFO: 208000 events read in total (12021ms).
[14:53:56.708]     INFO: Test took 13225ms.
[14:53:56.979]     INFO: Fetched DAQ statistics. Counters are being reset now.
[14:53:56.979]    DEBUG: <PixTest.cc/efficiencyMaps:L407>  eff result size = 1233472
[14:53:56.979]    DEBUG: <PixTest.cc/efficiencyMaps:L412> Create hists highRate_C0 .. highRate_C15
[14:53:56.979]    DEBUG: <PixTest.cc/efficiencyMaps:L426> booking xray maps for unmasked detector
[14:53:57.489]     INFO: number of dead pixels (per ROC):     0    0    0    0    0    0  181    0    0    0    0    0    0    0    0    0
[14:53:57.489]     INFO: number of red-efficiency pixels:    62   53   70  115  114  111  340  115  134  124  151  123  126   80   26   51
[14:53:57.489]     INFO: number of X-ray hits detected:    43405 34198 55421 82455 90794 91187 97310 82676 95059 95289 92741 85390 86717 56739 34328 43384
[14:53:57.489]     INFO: number of triggers sent (total per ROC):  208000 208000 208000 208000 208000 208000 208000 208000 208000 208000 208000 208000 208000 208000 208000 208000
[14:53:57.489]     INFO: number of Vcal hits detected:  207938 207946 207927 207882 207884 207887 198769 207884 207852 207873 207845 207875 207870 207917 207974 207949
[14:53:57.489]     INFO: Vcal hit fiducial efficiency (%):  100.0 100.0 100.0 99.9 99.9 99.9 99.9 99.9 99.9 99.9 99.9 99.9 99.9 100.0 100.0 100.0
[14:53:57.489]     INFO: Vcal hit overall efficiency (%):  100.0 100.0 100.0 99.9 99.9 99.9 95.6 99.9 99.9 99.9 99.9 99.9 99.9 100.0 100.0 100.0
[14:53:57.489]     INFO: X-ray hit rate [MHz/cm2]:  12.7 10.0 16.2 24.2 26.6 26.7 28.5 24.2 27.9 27.9 27.2 25.0 25.4 16.6 10.1 12.7
[14:53:57.489]     INFO: PixTestHighRate::doXPixelAlive() done
[14:53:57.535]    DEBUG: <PixTestHighRate.cc/doXPixelAlive:L586>  resetting: clk: 4
[14:53:57.535]    DEBUG: <PixTestHighRate.cc/doXPixelAlive:L586>  resetting: ctr: 4
[14:53:57.535]    DEBUG: <PixTestHighRate.cc/doXPixelAlive:L586>  resetting: sda: 19
[14:53:57.535]    DEBUG: <PixTestHighRate.cc/doXPixelAlive:L586>  resetting: tin: 9
[14:53:57.535]    DEBUG: <PixTestHighRate.cc/doXPixelAlive:L586>  resetting: level: 15
[14:53:57.535]    DEBUG: <PixTestHighRate.cc/doXPixelAlive:L586>  resetting: triggerdelay: 0
[14:53:57.535]     INFO: PixTest::       pg_setup set to default.
[14:55:07.463]    DEBUG: <PixTest.cc/moduleMap:L1029> moduleMap histname: what
[14:55:07.463]    DEBUG: <PixTest.cc/moduleMap:L1039> h1->GetName() = highRate_xraymap_C10_V0 -> highRate_xraymap_mod
[14:56:25.247]    DEBUG: <PixGui.cc/handleButtons:L396> PixGui::exit called
[14:56:25.248]    DEBUG: <PixGui.cc/CloseWindow:L335> Final Analog Current: 393.1mA
[14:56:25.248]    DEBUG: <PixGui.cc/CloseWindow:L336> Final Digital Current: 529mA
[14:56:25.248]    DEBUG: <PixGui.cc/CloseWindow:L337> Final Module Temperature: 21.3 C
[14:56:25.249]    DEBUG: <PixTestBBMap.cc/~PixTestBBMap:L97> PixTestBBMap dtor
[14:56:25.249]    DEBUG: <PixTestBB2Map.cc/~PixTestBB2Map:L115> PixTestBB2Map dtor
[14:56:25.249]    DEBUG: <PixTestBB3Map.cc/~PixTestBB3Map:L99> PixTestBB3Map dtor
[14:56:25.249]    DEBUG: <PixTestBB4Map.cc/~PixTestBB4Map:L118> PixTestBB4Map dtor
[14:56:25.249]    DEBUG: <PixTestCmd.cc/~PixTestCmd:L78> PixTestCmd dtor
[14:56:25.249]    DEBUG: <PixTestDaq.cc/~PixTestDaq:L37> PixTestDaq dtor
[14:56:25.249]    DEBUG: <PixTestDacDacScan.cc/~PixTestDacDacScan:L136> PixTestDacDacScan dtor
[14:56:25.249]    DEBUG: <PixTestDacScan.cc/~PixTestDacScan:L129> PixTestDacScan dtor
[14:56:25.249]    DEBUG: <PixTestGainPedestal.cc/~PixTestGainPedestal:L125> PixTestGainPedestal dtor
[14:56:25.249]    DEBUG: <PixTestHighRate.cc/~PixTestHighRate:L245> PixTestHighRate dtor
[14:56:25.341]    DEBUG: <PixTestIV.cc/~PixTestIV:L96> PixTestIV dtor
[14:56:25.341]    DEBUG: <PixTestAlive.cc/~PixTestAlive:L109> PixTestAlive dtor
[14:56:25.341]    DEBUG: <PixTestPretest.cc/~PixTestPretest:L136> PixTestPretest dtor
[14:56:25.341]    DEBUG: <PixTestReadback.cc/~PixTestReadback:L89> PixTestReadback dtor, saving tree ... 
[14:56:25.341]    DEBUG: <PixTestScurves.cc/~PixTestScurves:L142> PixTestScurves dtor
[14:56:25.341]    DEBUG: <PixTestTiming.cc/~PixTestTiming:L97> PixTestTiming dtor
[14:56:25.341]    DEBUG: <PixTestTrim.cc/~PixTestTrim:L103> PixTestTrim dtor
[14:56:25.341]    DEBUG: <PixTestXray.cc/~PixTestXray:L217> PixTestXray dtor
[14:56:25.344]    QUIET: Connection to board 58 closed.
[14:56:25.423]    DEBUG: <PixMonitor.cc/dumpSummaries:L39> PixMonitor::dumpSummaries
