[14:47:36.144]     INFO: *** Welcome to pxar ***
[14:47:36.144]     INFO: *** Today: 2016/01/12
[14:47:36.153]     INFO: *** Version: prod-12
[14:47:36.153]     INFO: readRocDacs: data/mh242/M-H-2-42_ElComandanteTest_2016-01-08_10h19m_1452269964/000_FPIXTest_p17/dacParameters35_C0.dat .. data/mh242/M-H-2-42_ElComandanteTest_2016-01-08_10h19m_1452269964/000_FPIXTest_p17/dacParameters35_C15.dat
[14:47:36.154]     INFO: readTbmDacs: data/mh242/M-H-2-42_ElComandanteTest_2016-01-08_10h19m_1452269964/000_FPIXTest_p17/tbmParameters_C0a.dat .. data/mh242/M-H-2-42_ElComandanteTest_2016-01-08_10h19m_1452269964/000_FPIXTest_p17/tbmParameters_C0b.dat
[14:47:36.155]     INFO: readMaskFile: data/mh242/M-H-2-42_ElComandanteTest_2016-01-08_10h19m_1452269964/000_FPIXTest_p17/defaultMaskFile.dat
[14:47:36.155]     INFO: MASKED Roc 6 col/row: 0 41
[14:47:36.155]     INFO: MASKED Roc 6 col/row: 0 50
[14:47:36.155]     INFO: MASKED Roc 6 col/row: 0 54
[14:47:36.155]     INFO: MASKED Roc 6 col/row: 1 55
[14:47:36.155]     INFO: MASKED Roc 6 col/row: 1 57
[14:47:36.155]     INFO: MASKED Roc 6 col/row: 5 24
[14:47:36.155]     INFO: MASKED Roc 6 col/row: 5 39
[14:47:36.155]     INFO: MASKED Roc 6 col/row: 5 47
[14:47:36.155]     INFO: MASKED Roc 6 col/row: 5 55
[14:47:36.155]     INFO: MASKED Roc 6 col/row: 5 65
[14:47:36.155]     INFO: MASKED Roc 6 col/row: 6 45
[14:47:36.155]     INFO: MASKED Roc 6 col/row: 7 26
[14:47:36.155]     INFO: MASKED Roc 6 col/row: 7 51
[14:47:36.155]     INFO: MASKED Roc 6 col/row: 8 25
[14:47:36.155]     INFO: MASKED Roc 6 col/row: 9 43
[14:47:36.155]     INFO: MASKED Roc 6 col/row: 9 60
[14:47:36.155]     INFO: MASKED Roc 6 col/row: 10 43
[14:47:36.155]     INFO: MASKED Roc 6 col/row: 10 55
[14:47:36.155]     INFO: MASKED Roc 6 col/row: 11 35
[14:47:36.155]     INFO: MASKED Roc 6 col/row: 11 47
[14:47:36.155]     INFO: MASKED Roc 6 col/row: 38 52
[14:47:36.155]     INFO: readTrimFile: data/mh242/M-H-2-42_ElComandanteTest_2016-01-08_10h19m_1452269964/000_FPIXTest_p17/trimParameters35_C0.dat .. data/mh242/M-H-2-42_ElComandanteTest_2016-01-08_10h19m_1452269964/000_FPIXTest_p17/trimParameters35_C15.dat
[14:47:36.214]     INFO:   masking Roc 6 col/row: 0 41
[14:47:36.214]     INFO:   masking Roc 6 col/row: 0 50
[14:47:36.214]     INFO:   masking Roc 6 col/row: 0 54
[14:47:36.214]     INFO:   masking Roc 6 col/row: 1 55
[14:47:36.214]     INFO:   masking Roc 6 col/row: 1 57
[14:47:36.214]     INFO:   masking Roc 6 col/row: 5 24
[14:47:36.214]     INFO:   masking Roc 6 col/row: 5 39
[14:47:36.214]     INFO:   masking Roc 6 col/row: 5 47
[14:47:36.214]     INFO:   masking Roc 6 col/row: 5 55
[14:47:36.214]     INFO:   masking Roc 6 col/row: 5 65
[14:47:36.214]     INFO:   masking Roc 6 col/row: 6 45
[14:47:36.214]     INFO:   masking Roc 6 col/row: 7 26
[14:47:36.214]     INFO:   masking Roc 6 col/row: 7 51
[14:47:36.214]     INFO:   masking Roc 6 col/row: 8 25
[14:47:36.214]     INFO:   masking Roc 6 col/row: 9 43
[14:47:36.214]     INFO:   masking Roc 6 col/row: 9 60
[14:47:36.214]     INFO:   masking Roc 6 col/row: 10 43
[14:47:36.214]     INFO:   masking Roc 6 col/row: 10 55
[14:47:36.214]     INFO:   masking Roc 6 col/row: 11 35
[14:47:36.215]     INFO:   masking Roc 6 col/row: 11 47
[14:47:36.215]     INFO:   masking Roc 6 col/row: 38 52
[14:47:36.311]     INFO:         clk: 4
[14:47:36.311]     INFO:         ctr: 4
[14:47:36.311]     INFO:         sda: 19
[14:47:36.311]     INFO:         tin: 9
[14:47:36.311]     INFO:         level: 15
[14:47:36.311]     INFO:         triggerdelay: 0
[14:47:36.311]    QUIET: Instanciating API for pxar prod-12
[14:47:36.311]     INFO: Log level: DEBUG
[14:47:36.322]    QUIET: Connection to board DTB_WRPRHI opened.
[14:47:36.325]     INFO: DTB startup information
--- DTB info------------------------------------------
Board id:    58
HW version:  DTB1.2
FW version:  4.2
SW version:  4.5
USB id:      DTB_WRPRHI
MAC address: 40D85511803A
Hostname:    pixelDTB058
Comment:     
------------------------------------------------------
[14:47:36.328]     INFO: RPC call hashes of host and DTB match: 398089610
[14:47:37.932]     INFO: DUT info: 
[14:47:37.932]     INFO: The DUT currently contains the following objects:
[14:47:37.932]     INFO:  2 TBM Cores tbm08c (2 ON)
[14:47:37.932]     INFO: 	TBM Core alpha (0): 7 registers set
[14:47:37.932]     INFO: 	TBM Core beta  (1): 7 registers set
[14:47:37.932]     INFO: 16 ROCs psi46digv21respin (16 ON) with 4160 pixelConfigs
[14:47:37.932]     INFO: 	ROC 0: 19 DACs set, Pixels: 0 masked, 0 active.
[14:47:37.932]     INFO: 	ROC 1: 19 DACs set, Pixels: 0 masked, 0 active.
[14:47:37.932]     INFO: 	ROC 2: 19 DACs set, Pixels: 0 masked, 0 active.
[14:47:37.932]     INFO: 	ROC 3: 19 DACs set, Pixels: 0 masked, 0 active.
[14:47:37.932]     INFO: 	ROC 4: 19 DACs set, Pixels: 0 masked, 0 active.
[14:47:37.932]     INFO: 	ROC 5: 19 DACs set, Pixels: 0 masked, 0 active.
[14:47:37.932]     INFO: 	ROC 6: 19 DACs set, Pixels: 21 masked, 0 active.
[14:47:37.932]     INFO: 	ROC 7: 19 DACs set, Pixels: 0 masked, 0 active.
[14:47:37.932]     INFO: 	ROC 8: 19 DACs set, Pixels: 0 masked, 0 active.
[14:47:37.932]     INFO: 	ROC 9: 19 DACs set, Pixels: 0 masked, 0 active.
[14:47:37.932]     INFO: 	ROC 10: 19 DACs set, Pixels: 0 masked, 0 active.
[14:47:37.932]     INFO: 	ROC 11: 19 DACs set, Pixels: 0 masked, 0 active.
[14:47:37.932]     INFO: 	ROC 12: 19 DACs set, Pixels: 0 masked, 0 active.
[14:47:37.932]     INFO: 	ROC 13: 19 DACs set, Pixels: 0 masked, 0 active.
[14:47:37.933]     INFO: 	ROC 14: 19 DACs set, Pixels: 0 masked, 0 active.
[14:47:37.933]     INFO: 	ROC 15: 19 DACs set, Pixels: 0 masked, 0 active.
[14:47:37.933]    DEBUG: <PixTestParameters.cc/dump:L104> PixTestParameters: ->BB<-
[14:47:37.933]    DEBUG: <PixTestParameters.cc/dump:L107>   dumpall: checkbox(0)
[14:47:37.933]    DEBUG: <PixTestParameters.cc/dump:L107>   dumpproblematic: checkbox(0)
[14:47:37.933]    DEBUG: <PixTestParameters.cc/dump:L107>   ntrig: 5
[14:47:37.933]    DEBUG: <PixTestParameters.cc/dump:L107>   vcals: 250
[14:47:37.933]    DEBUG: <PixTestParameters.cc/dump:L104> PixTestParameters: ->BB2<-
[14:47:37.933]    DEBUG: <PixTestParameters.cc/dump:L107>   ntrig: 10
[14:47:37.933]    DEBUG: <PixTestParameters.cc/dump:L107>   vcals: 222
[14:47:37.933]    DEBUG: <PixTestParameters.cc/dump:L107>   plwidth: 35
[14:47:37.933]    DEBUG: <PixTestParameters.cc/dump:L107>   pix: 11,20
[14:47:37.933]    DEBUG: <PixTestParameters.cc/dump:L107>   targetia: 24
[14:47:37.933]    DEBUG: <PixTestParameters.cc/dump:L104> PixTestParameters: ->BB3<-
[14:47:37.933]    DEBUG: <PixTestParameters.cc/dump:L107>   dumpall: checkbox(0)
[14:47:37.933]    DEBUG: <PixTestParameters.cc/dump:L107>   dumpproblematic: checkbox(0)
[14:47:37.933]    DEBUG: <PixTestParameters.cc/dump:L107>   ntrig: 5
[14:47:37.933]    DEBUG: <PixTestParameters.cc/dump:L107>   vcals: 250
[14:47:37.933]    DEBUG: <PixTestParameters.cc/dump:L104> PixTestParameters: ->BB4<-
[14:47:37.933]    DEBUG: <PixTestParameters.cc/dump:L107>   savecaldelscan: checkbox(0)
[14:47:37.933]    DEBUG: <PixTestParameters.cc/dump:L107>   ntrig: 100
[14:47:37.933]    DEBUG: <PixTestParameters.cc/dump:L107>   cals: 1
[14:47:37.933]    DEBUG: <PixTestParameters.cc/dump:L107>   caldello: 80
[14:47:37.933]    DEBUG: <PixTestParameters.cc/dump:L107>   caldelhi: 200
[14:47:37.933]    DEBUG: <PixTestParameters.cc/dump:L107>   caldelstep: 10
[14:47:37.933]    DEBUG: <PixTestParameters.cc/dump:L107>   vthrcomplo: 70
[14:47:37.933]    DEBUG: <PixTestParameters.cc/dump:L107>   vthrcomphi: 130
[14:47:37.933]    DEBUG: <PixTestParameters.cc/dump:L107>   vthrcompstep: 5
[14:47:37.933]    DEBUG: <PixTestParameters.cc/dump:L107>   noisypixels: 10
[14:47:37.933]    DEBUG: <PixTestParameters.cc/dump:L107>   vcal: 255
[14:47:37.933]    DEBUG: <PixTestParameters.cc/dump:L107>   cut: 0.5
[14:47:37.934]    DEBUG: <PixTestParameters.cc/dump:L104> PixTestParameters: ->Cmd<-
[14:47:37.934]    DEBUG: <PixTestParameters.cc/dump:L104> PixTestParameters: ->DAQ<-
[14:47:37.934]    DEBUG: <PixTestParameters.cc/dump:L107>   delaytbm: checkbox
[14:47:37.934]    DEBUG: <PixTestParameters.cc/dump:L107>   filltree: checkbox
[14:47:37.934]    DEBUG: <PixTestParameters.cc/dump:L107>   trgfrequency(khz): 100
[14:47:37.934]    DEBUG: <PixTestParameters.cc/dump:L107>   maskhotpixels: button
[14:47:37.934]    DEBUG: <PixTestParameters.cc/dump:L107>   trgnumber: 5
[14:47:37.934]    DEBUG: <PixTestParameters.cc/dump:L107>   iterations: 10
[14:47:37.934]    DEBUG: <PixTestParameters.cc/dump:L107>   rundaqtrg: button
[14:47:37.934]    DEBUG: <PixTestParameters.cc/dump:L107>   daqseconds: 5
[14:47:37.934]    DEBUG: <PixTestParameters.cc/dump:L107>   rundaqseconds: button
[14:47:37.934]    DEBUG: <PixTestParameters.cc/dump:L104> PixTestParameters: ->DacDacScan<-
[14:47:37.934]    DEBUG: <PixTestParameters.cc/dump:L107>   phmap: checkbox
[14:47:37.934]    DEBUG: <PixTestParameters.cc/dump:L107>   ntrig: 10
[14:47:37.934]    DEBUG: <PixTestParameters.cc/dump:L107>   dac1: caldel
[14:47:37.934]    DEBUG: <PixTestParameters.cc/dump:L107>   dac1lo: 0
[14:47:37.934]    DEBUG: <PixTestParameters.cc/dump:L107>   dac1hi: 255
[14:47:37.934]    DEBUG: <PixTestParameters.cc/dump:L107>   dac2: vthrcomp
[14:47:37.934]    DEBUG: <PixTestParameters.cc/dump:L107>   dac2lo: 0
[14:47:37.934]    DEBUG: <PixTestParameters.cc/dump:L107>   dac2hi: 255
[14:47:37.934]    DEBUG: <PixTestParameters.cc/dump:L107>   pix: 11,20
[14:47:37.934]    DEBUG: <PixTestParameters.cc/dump:L104> PixTestParameters: ->DacScan<-
[14:47:37.934]    DEBUG: <PixTestParameters.cc/dump:L107>   phmap: checkbox(1)
[14:47:37.934]    DEBUG: <PixTestParameters.cc/dump:L107>   allpixels: checkbox(0)
[14:47:37.934]    DEBUG: <PixTestParameters.cc/dump:L107>   unmasked: checkbox(0)
[14:47:37.934]    DEBUG: <PixTestParameters.cc/dump:L107>   ntrig: 10
[14:47:37.934]    DEBUG: <PixTestParameters.cc/dump:L107>   dac: vcal
[14:47:37.934]    DEBUG: <PixTestParameters.cc/dump:L107>   daclo: 0
[14:47:37.934]    DEBUG: <PixTestParameters.cc/dump:L107>   dachi: 255
[14:47:37.934]    DEBUG: <PixTestParameters.cc/dump:L107>   pix: 11,20
[14:47:37.934]    DEBUG: <PixTestParameters.cc/dump:L104> PixTestParameters: ->GainPedestal<-
[14:47:37.934]    DEBUG: <PixTestParameters.cc/dump:L107>   showfits: checkbox(0)
[14:47:37.934]    DEBUG: <PixTestParameters.cc/dump:L107>   extended: checkbox(0)
[14:47:37.934]    DEBUG: <PixTestParameters.cc/dump:L107>   dumphists: checkbox(0)
[14:47:37.934]    DEBUG: <PixTestParameters.cc/dump:L107>   ntrig: 10
[14:47:37.934]    DEBUG: <PixTestParameters.cc/dump:L107>   vcalstep: 10
[14:47:37.934]    DEBUG: <PixTestParameters.cc/dump:L107>   measure: button
[14:47:37.934]    DEBUG: <PixTestParameters.cc/dump:L107>   fit: button
[14:47:37.934]    DEBUG: <PixTestParameters.cc/dump:L107>   save: button
[14:47:37.934]    DEBUG: <PixTestParameters.cc/dump:L104> PixTestParameters: ->HighRate<-
[14:47:37.934]    DEBUG: <PixTestParameters.cc/dump:L107>   pix: 11,20
[14:47:37.934]    DEBUG: <PixTestParameters.cc/dump:L107>   trimhotpixels: button
[14:47:37.934]    DEBUG: <PixTestParameters.cc/dump:L107>   trimhotpixelthr: 200
[14:47:37.934]    DEBUG: <PixTestParameters.cc/dump:L107>   runsecondshotpixels: 10
[14:47:37.934]    DEBUG: <PixTestParameters.cc/dump:L107>   savetrimbits: checkbox(1)
[14:47:37.934]    DEBUG: <PixTestParameters.cc/dump:L107>   maskuntrimmable: checkbox(1)
[14:47:37.934]    DEBUG: <PixTestParameters.cc/dump:L107>   maskhotpixels: button
[14:47:37.934]    DEBUG: <PixTestParameters.cc/dump:L107>   savemaskfile: checkbox(0)
[14:47:37.934]    DEBUG: <PixTestParameters.cc/dump:L107>   maskfilename: default
[14:47:37.934]    DEBUG: <PixTestParameters.cc/dump:L107>   caldelscan: button
[14:47:37.934]    DEBUG: <PixTestParameters.cc/dump:L107>   xpixelalive: button
[14:47:37.934]    DEBUG: <PixTestParameters.cc/dump:L107>   ntrig: 50
[14:47:37.934]    DEBUG: <PixTestParameters.cc/dump:L107>   vcal: 200
[14:47:37.934]    DEBUG: <PixTestParameters.cc/dump:L107>   xnoisemaps: button
[14:47:37.934]    DEBUG: <PixTestParameters.cc/dump:L107>   daclo: 0
[14:47:37.934]    DEBUG: <PixTestParameters.cc/dump:L107>   dachi: 100
[14:47:37.934]    DEBUG: <PixTestParameters.cc/dump:L107>   dacs/step: 20
[14:47:37.934]    DEBUG: <PixTestParameters.cc/dump:L107>   rundaq: button
[14:47:37.935]    DEBUG: <PixTestParameters.cc/dump:L107>   trgfrequency(khz): 20
[14:47:37.935]    DEBUG: <PixTestParameters.cc/dump:L107>   runseconds: 2
[14:47:37.935]    DEBUG: <PixTestParameters.cc/dump:L107>   triggerdelay: 20
[14:47:37.935]    DEBUG: <PixTestParameters.cc/dump:L107>   delaytbm: checkbox
[14:47:37.935]    DEBUG: <PixTestParameters.cc/dump:L107>   filltree: checkbox
[14:47:37.935]    DEBUG: <PixTestParameters.cc/dump:L104> PixTestParameters: ->IV<-
[14:47:37.935]    DEBUG: <PixTestParameters.cc/dump:L107>   port: /dev/FIXME
[14:47:37.935]    DEBUG: <PixTestParameters.cc/dump:L107>   voltagestart: 0
[14:47:37.935]    DEBUG: <PixTestParameters.cc/dump:L107>   voltagestop: 600
[14:47:37.935]    DEBUG: <PixTestParameters.cc/dump:L107>   voltagestep: 5
[14:47:37.935]    DEBUG: <PixTestParameters.cc/dump:L107>   delay: 1
[14:47:37.935]    DEBUG: <PixTestParameters.cc/dump:L107>   compliance(ua): 100
[14:47:37.935]    DEBUG: <PixTestParameters.cc/dump:L104> PixTestParameters: ->PhOptimization<-
[14:47:37.935]    DEBUG: <PixTestParameters.cc/dump:L107>   ntrig: 10
[14:47:37.935]    DEBUG: <PixTestParameters.cc/dump:L107>   safetymarginlow: 20
[14:47:37.935]    DEBUG: <PixTestParameters.cc/dump:L107>   saturationvcal: 100
[14:47:37.935]    DEBUG: <PixTestParameters.cc/dump:L107>   quantilesaturation: 0.98
[14:47:37.935]    DEBUG: <PixTestParameters.cc/dump:L104> PixTestParameters: ->PixelAlive<-
[14:47:37.935]    DEBUG: <PixTestParameters.cc/dump:L107>   ntrig: 10
[14:47:37.935]    DEBUG: <PixTestParameters.cc/dump:L107>   vcal: 200
[14:47:37.935]    DEBUG: <PixTestParameters.cc/dump:L107>   alivetest: button
[14:47:37.935]    DEBUG: <PixTestParameters.cc/dump:L107>   masktest: button
[14:47:37.935]    DEBUG: <PixTestParameters.cc/dump:L107>   addressdecodingtest: button
[14:47:37.935]    DEBUG: <PixTestParameters.cc/dump:L104> PixTestParameters: ->Pretest<-
[14:47:37.935]    DEBUG: <PixTestParameters.cc/dump:L107>   programroc: button
[14:47:37.935]    DEBUG: <PixTestParameters.cc/dump:L107>   targetia: 24
[14:47:37.935]    DEBUG: <PixTestParameters.cc/dump:L107>   setvana: button
[14:47:37.935]    DEBUG: <PixTestParameters.cc/dump:L107>   iterations: 100
[14:47:37.935]    DEBUG: <PixTestParameters.cc/dump:L107>   settimings: button
[14:47:37.935]    DEBUG: <PixTestParameters.cc/dump:L107>   findtiming: button
[14:47:37.935]    DEBUG: <PixTestParameters.cc/dump:L107>   findworkingpixel: button
[14:47:37.935]    DEBUG: <PixTestParameters.cc/dump:L107>   setvthrcompcaldel: button
[14:47:37.935]    DEBUG: <PixTestParameters.cc/dump:L107>   pix: 11,20
[14:47:37.935]    DEBUG: <PixTestParameters.cc/dump:L107>   vcal: 250
[14:47:37.935]    DEBUG: <PixTestParameters.cc/dump:L107>   deltavthrcomp: 50
[14:47:37.935]    DEBUG: <PixTestParameters.cc/dump:L107>   fraccaldel: 0.5
[14:47:37.935]    DEBUG: <PixTestParameters.cc/dump:L107>   ntrig: 5
[14:47:37.935]    DEBUG: <PixTestParameters.cc/dump:L107>   savedacs: button
[14:47:37.935]    DEBUG: <PixTestParameters.cc/dump:L104> PixTestParameters: ->Readback<-
[14:47:37.935]    DEBUG: <PixTestParameters.cc/dump:L107>   calibratevd: button
[14:47:37.935]    DEBUG: <PixTestParameters.cc/dump:L107>   calibrateva: button
[14:47:37.935]    DEBUG: <PixTestParameters.cc/dump:L107>   calibrateia: button
[14:47:37.935]    DEBUG: <PixTestParameters.cc/dump:L107>   readbackvbg: button
[14:47:37.935]    DEBUG: <PixTestParameters.cc/dump:L107>   getcalibratedvbg: button
[14:47:37.935]    DEBUG: <PixTestParameters.cc/dump:L107>   usecalvd: checkbox(1)
[14:47:37.935]    DEBUG: <PixTestParameters.cc/dump:L107>   usecalva: checkbox(0)
[14:47:37.935]    DEBUG: <PixTestParameters.cc/dump:L107>   setvana: button
[14:47:37.935]    DEBUG: <PixTestParameters.cc/dump:L104> PixTestParameters: ->Scurves<-
[14:47:37.935]    DEBUG: <PixTestParameters.cc/dump:L107>   adjustvcal: checkbox(0)
[14:47:37.935]    DEBUG: <PixTestParameters.cc/dump:L107>   dumpall: checkbox(0)
[14:47:37.935]    DEBUG: <PixTestParameters.cc/dump:L107>   dumpproblematic: checkbox(0)
[14:47:37.935]    DEBUG: <PixTestParameters.cc/dump:L107>   dumpoutputfile: checkbox(0)
[14:47:37.935]    DEBUG: <PixTestParameters.cc/dump:L107>   ntrig: 50
[14:47:37.935]    DEBUG: <PixTestParameters.cc/dump:L107>   dac: Vcal
[14:47:37.935]    DEBUG: <PixTestParameters.cc/dump:L107>   daclo: 0
[14:47:37.935]    DEBUG: <PixTestParameters.cc/dump:L107>   dachi: 200
[14:47:37.935]    DEBUG: <PixTestParameters.cc/dump:L107>   dacs/step: -1
[14:47:37.936]    DEBUG: <PixTestParameters.cc/dump:L107>   ntrig/step: -1
[14:47:37.936]    DEBUG: <PixTestParameters.cc/dump:L107>   scurves: button
[14:47:37.936]    DEBUG: <PixTestParameters.cc/dump:L104> PixTestParameters: ->Timing<-
[14:47:37.936]    DEBUG: <PixTestParameters.cc/dump:L107>   targetclk: 4
[14:47:37.936]    DEBUG: <PixTestParameters.cc/dump:L107>   ntrig: 10
[14:47:37.936]    DEBUG: <PixTestParameters.cc/dump:L107>   clocksdascan: button
[14:47:37.936]    DEBUG: <PixTestParameters.cc/dump:L107>   notokenpass: checkbox(0)
[14:47:37.936]    DEBUG: <PixTestParameters.cc/dump:L107>   phasescan: button
[14:47:37.936]    DEBUG: <PixTestParameters.cc/dump:L107>   levelscan: button
[14:47:37.936]    DEBUG: <PixTestParameters.cc/dump:L107>   tbmphasescan: button
[14:47:37.936]    DEBUG: <PixTestParameters.cc/dump:L107>   rocdelayscan: button
[14:47:37.936]    DEBUG: <PixTestParameters.cc/dump:L107>   timingtest: button
[14:47:37.936]    DEBUG: <PixTestParameters.cc/dump:L107>   saveparameters: button
[14:47:37.936]    DEBUG: <PixTestParameters.cc/dump:L104> PixTestParameters: ->Trim<-
[14:47:37.936]    DEBUG: <PixTestParameters.cc/dump:L107>   trim: button
[14:47:37.936]    DEBUG: <PixTestParameters.cc/dump:L107>   ntrig: 8
[14:47:37.936]    DEBUG: <PixTestParameters.cc/dump:L107>   vcal: 35
[14:47:37.936]    DEBUG: <PixTestParameters.cc/dump:L107>   trimbits: button
[14:47:37.936]    DEBUG: <PixTestParameters.cc/dump:L104> PixTestParameters: ->Xray<-
[14:47:37.936]    DEBUG: <PixTestParameters.cc/dump:L107>   maskhotpixels: button
[14:47:37.936]    DEBUG: <PixTestParameters.cc/dump:L107>   savemaskfile: checkbox(0)
[14:47:37.936]    DEBUG: <PixTestParameters.cc/dump:L107>   maskfilename: default
[14:47:37.936]    DEBUG: <PixTestParameters.cc/dump:L107>   source: Ag
[14:47:37.936]    DEBUG: <PixTestParameters.cc/dump:L107>   phrun: button
[14:47:37.936]    DEBUG: <PixTestParameters.cc/dump:L107>   runseconds: 100
[14:47:37.936]    DEBUG: <PixTestParameters.cc/dump:L107>   trgfrequency(khz): 100
[14:47:37.936]    DEBUG: <PixTestParameters.cc/dump:L107>   ratescan: button
[14:47:37.936]    DEBUG: <PixTestParameters.cc/dump:L107>   vthrcompmin: 10
[14:47:37.936]    DEBUG: <PixTestParameters.cc/dump:L107>   vthrcompmax: 80
[14:47:37.936]    DEBUG: <PixTestParameters.cc/dump:L107>   stepseconds: 5
[14:47:37.936]    DEBUG: <PixTestParameters.cc/dump:L107>   delaytbm: checkbox
[14:47:37.936]    DEBUG: <PixTestParameters.cc/dump:L107>   filltree: checkbox
[14:47:37.938]    DEBUG: <PixSetup.cc/init:L81> PixSetup init start; getCurrentRSS() = 32940032
[14:47:37.938]    DEBUG: <PixSetup.cc/init:L87> fPixTestParameters = 0x1445280
[14:47:37.938]    DEBUG: <PixSetup.cc/init:L88>  fConfigParameters = 0x13bac10
[14:47:37.938]    DEBUG: <PixSetup.cc/init:L89>        fPxarMemory = 0x7fba95d94010
[14:47:37.938]    DEBUG: <PixSetup.cc/init:L90>         fPxarMemHi = 0x7fba9bfff510
[14:47:37.938]    DEBUG: <PixSetup.cc/init:L106> PixSetup init done;  getCurrentRSS() = 32948224 fPxarMemory = 0x7fba95d94010
[14:47:37.940]    DEBUG: <pXar.cc/main:L223> Initial Analog Current: 390.7mA
[14:47:37.941]    DEBUG: <pXar.cc/main:L224> Initial Digital Current: 536.2mA
[14:47:37.941]    DEBUG: <pXar.cc/main:L225> Initial Module Temperature: 18.3 C
[14:47:38.439]    DEBUG: <PixGui.cc/hvOn:L460> HV set On: 0x1a03740
[14:47:38.502]    DEBUG: <PixTestFactory.cc/PixTestFactory:L53> PixTestFactory::PixTestFactory()
[14:47:38.503]    DEBUG: <PixTestBBMap.cc/init:L79> PixTestBBMap::init()
[14:47:38.503]    DEBUG: <PixTestBBMap.cc/PixTestBBMap:L27> PixTestBBMap ctor(PixSetup &a, string, TGTab *)
[14:47:38.509]    DEBUG: <PixTestBB2Map.cc/setParameter:L58> setting fTargetIa    = 24 mA/ROC
[14:47:38.509]    DEBUG: <PixTestBB2Map.cc/init:L97> PixTestBB2Map::init()
[14:47:38.509]    DEBUG: <PixTestBB2Map.cc/PixTestBB2Map:L29> PixTestBB2Map ctor(PixSetup &a, string, TGTab *)
[14:47:38.521]    DEBUG: <PixTestBB3Map.cc/init:L81> PixTestBB3Map::init()
[14:47:38.522]    DEBUG: <PixTestBB3Map.cc/PixTestBB3Map:L29> PixTestBB3Map ctor(PixSetup &a, string, TGTab *)
[14:47:38.550]    DEBUG: <PixTestBB4Map.cc/init:L93> PixTestBB4Map::init()
[14:47:38.550]    DEBUG: <PixTestBB4Map.cc/PixTestBB4Map:L26> PixTestMapeff ctor(PixSetup &a, string, TGTab *)
[14:47:38.560]     INFO: PixTestCmd::init()
[14:47:38.583]    DEBUG: <PixTestDaq.cc/init:L44> PixTestDaq::init()
[14:47:38.583]    DEBUG: <PixTestDaq.cc/PixTestDaq:L22> PixTestDaq ctor(PixSetup &a, string, TGTab *)
[14:47:38.583]     INFO: readGainPedestalParameters data/mh242/M-H-2-42_ElComandanteTest_2016-01-08_10h19m_1452269964/000_FPIXTest_p17/phCalibrationFitErr35_C0.dat .. data/mh242/M-H-2-42_ElComandanteTest_2016-01-08_10h19m_1452269964/000_FPIXTest_p17/phCalibrationFitErr35_C15.dat
[14:47:38.831]    DEBUG: <PixTestDacDacScan.cc/init:L103> PixTestDacDacScan::init()
[14:47:38.831]    DEBUG: <PixTestDacDacScan.cc/PixTestDacDacScan:L22> PixTestDacDacScan ctor(PixSetup &a, string, TGTab *)
[14:47:38.847]    DEBUG: <PixTestGainPedestal.cc/setParameter:L83> PixTestGainPedestal::PixTest() fVcalStep = 10
[14:47:38.853]    DEBUG: <PixTestHighRate.cc/setParameter:L68>   setting fParTriggerFrequency -> 20
[14:47:38.853]    DEBUG: <PixTestHighRate.cc/init:L198> PixTestHighRate::init()
[14:47:38.853]    DEBUG: <PixTestHighRate.cc/PixTestHighRate:L31> PixTestHighRate ctor(PixSetup &a, string, TGTab *)
[14:47:38.878]    DEBUG: <PixTest.cc/setTestParameter:L637>  setting  ntrig to new value 10
[14:47:38.878]    DEBUG: <PixTestPhOptimization.cc/setParameter:L37>   setting fParNtrig  ->10<- from sval = 10
[14:47:38.878]    DEBUG: <PixTestPhOptimization.cc/setParameter:L42>   setting fSafetyMarginLow  ->20<- from sval = 20
[14:47:38.878]    DEBUG: <PixTestPhOptimization.cc/setParameter:L48>   setting fVcalMax  ->100<- from sval = 100
[14:47:38.878]    DEBUG: <PixTestPhOptimization.cc/setParameter:L53>   setting fQuantMax  ->0.98<- from sval = 0.98
[14:47:38.884]    DEBUG: <PixTestAlive.cc/init:L77> PixTestAlive::init()
[14:47:38.885]    DEBUG: <PixTestAlive.cc/PixTestAlive:L21> PixTestAlive ctor(PixSetup &a, string, TGTab *)
[14:47:38.908]    DEBUG: <PixTestReadback.cc/setParameter:L172> fCalwVd set to 1
[14:47:38.908]    DEBUG: <PixTestReadback.cc/init:L95> PixTestReadback::init()
[14:47:38.908]    DEBUG: <PixTestReadback.cc/PixTestReadback:L22> PixTestReadback ctor(PixSetup &a, string, TGTab *)
[14:47:38.908]     INFO: readReadbackCal: data/mh242/M-H-2-42_ElComandanteTest_2016-01-08_10h19m_1452269964/000_FPIXTest_p17/readbackCal_C0.dat .. data/mh242/M-H-2-42_ElComandanteTest_2016-01-08_10h19m_1452269964/000_FPIXTest_p17/readbackCal_C15.dat
[14:47:38.918]    DEBUG: <PixTestScurves.cc/setParameter:L93> set fOutputFilename = 
[14:47:38.928]    DEBUG: <PixTestTiming.cc/setParameter:L60> PixTestTiming::PixTest() targetclk = 4
[14:47:38.928]    DEBUG: <PixTestTiming.cc/setParameter:L64> PixTestTiming::PixTest() ntrig = 10
[14:47:38.928]    DEBUG: <PixTestTiming.cc/setParameter:L48> fNoTokenPass: 0
[14:47:38.928]    DEBUG: <PixTestTiming.cc/init:L74> PixTestTiming::init()
[14:47:38.952]    DEBUG: <PixTestXray.cc/init:L134> PixTestXray::init()
[14:47:38.952]    DEBUG: <PixTestXray.cc/PixTestXray:L28> PixTestXray ctor(PixSetup &a, string, TGTab *)
[14:47:44.223]    DEBUG: <PixTab.cc/buttonClicked:L308> xxxPressed():  caldelscan
[14:47:44.223]    DEBUG: <PixTestHighRate.cc/runCommand:L157> running command: caldelscan
[14:47:44.223]     INFO:    ----------------------------------------------------------------------
[14:47:44.223]     INFO:    PixTestHighRate::calDelScan() ntrig = 10, vcal = 200
[14:47:44.223]     INFO:    ----------------------------------------------------------------------
[14:47:44.363]     INFO: Expecting 768 events.
[14:47:45.502]     INFO: 768 events read in total (420ms).
[14:47:45.691]     INFO: Test took 1462ms.
[14:47:45.695]     INFO: ROC 6 masking pixel 0/41
[14:47:45.695]     INFO: ROC 6 masking pixel 0/50
[14:47:45.695]     INFO: ROC 6 masking pixel 0/54
[14:47:45.695]     INFO: ROC 6 masking pixel 1/55
[14:47:45.695]     INFO: ROC 6 masking pixel 1/57
[14:47:45.695]     INFO: ROC 6 masking pixel 5/24
[14:47:45.695]     INFO: ROC 6 masking pixel 5/39
[14:47:45.695]     INFO: ROC 6 masking pixel 5/47
[14:47:45.695]     INFO: ROC 6 masking pixel 5/55
[14:47:45.695]     INFO: ROC 6 masking pixel 5/65
[14:47:45.695]     INFO: ROC 6 masking pixel 6/45
[14:47:45.695]     INFO: ROC 6 masking pixel 7/26
[14:47:45.695]     INFO: ROC 6 masking pixel 7/51
[14:47:45.695]     INFO: ROC 6 masking pixel 8/25
[14:47:45.695]     INFO: ROC 6 masking pixel 9/43
[14:47:45.695]     INFO: ROC 6 masking pixel 9/60
[14:47:45.695]     INFO: ROC 6 masking pixel 10/43
[14:47:45.695]     INFO: ROC 6 masking pixel 10/55
[14:47:45.695]     INFO: ROC 6 masking pixel 11/35
[14:47:45.695]     INFO: ROC 6 masking pixel 11/47
[14:47:45.695]     INFO: ROC 6 masking pixel 38/52
[14:47:45.698]    DEBUG: <PixTest.cc/efficiencyMaps:L396>       attempt #0
[14:47:46.366]     INFO: Expecting 41600 events.
[14:47:49.768]     INFO: 41600 events read in total (2875ms).
[14:47:49.773]     INFO: Test took 4075ms.
[14:47:49.871]     INFO: Fetched DAQ statistics. Counters are being reset now.
[14:47:49.871]    DEBUG: <PixTest.cc/efficiencyMaps:L407>  eff result size = 564296
[14:47:49.871]    DEBUG: <PixTest.cc/efficiencyMaps:L412> Create hists HR_xeff_CalDelScan_step0_C0 .. HR_xeff_CalDelScan_step0_C15
[14:47:49.872]    DEBUG: <PixTest.cc/efficiencyMaps:L426> booking xray maps for unmasked detector
[14:47:49.915]    DEBUG: <PixTest.cc/efficiencyMaps:L396>       attempt #0
[14:47:50.580]     INFO: Expecting 41600 events.
[14:47:54.158]     INFO: 41600 events read in total (3051ms).
[14:47:54.164]     INFO: Test took 4249ms.
[14:47:54.266]     INFO: Fetched DAQ statistics. Counters are being reset now.
[14:47:54.266]    DEBUG: <PixTest.cc/efficiencyMaps:L407>  eff result size = 577489
[14:47:54.267]    DEBUG: <PixTest.cc/efficiencyMaps:L412> Create hists HR_xeff_CalDelScan_step1_C0 .. HR_xeff_CalDelScan_step1_C15
[14:47:54.267]    DEBUG: <PixTest.cc/efficiencyMaps:L426> booking xray maps for unmasked detector
[14:47:54.314]    DEBUG: <PixTest.cc/efficiencyMaps:L396>       attempt #0
[14:47:54.981]     INFO: Expecting 41600 events.
[14:47:58.577]     INFO: 41600 events read in total (3069ms).
[14:47:58.581]     INFO: Test took 4267ms.
[14:47:58.680]     INFO: Fetched DAQ statistics. Counters are being reset now.
[14:47:58.680]    DEBUG: <PixTest.cc/efficiencyMaps:L407>  eff result size = 579646
[14:47:58.680]    DEBUG: <PixTest.cc/efficiencyMaps:L412> Create hists HR_xeff_CalDelScan_step2_C0 .. HR_xeff_CalDelScan_step2_C15
[14:47:58.680]    DEBUG: <PixTest.cc/efficiencyMaps:L426> booking xray maps for unmasked detector
[14:47:58.726]    DEBUG: <PixTest.cc/efficiencyMaps:L396>       attempt #0
[14:47:59.391]     INFO: Expecting 41600 events.
[14:48:03.013]     INFO: 41600 events read in total (3095ms).
[14:48:03.017]     INFO: Test took 4291ms.
[14:48:03.118]     INFO: Fetched DAQ statistics. Counters are being reset now.
[14:48:03.118]    DEBUG: <PixTest.cc/efficiencyMaps:L407>  eff result size = 578993
[14:48:03.118]    DEBUG: <PixTest.cc/efficiencyMaps:L412> Create hists HR_xeff_CalDelScan_step3_C0 .. HR_xeff_CalDelScan_step3_C15
[14:48:03.118]    DEBUG: <PixTest.cc/efficiencyMaps:L426> booking xray maps for unmasked detector
[14:48:03.166]    DEBUG: <PixTest.cc/efficiencyMaps:L396>       attempt #0
[14:48:03.833]     INFO: Expecting 41600 events.
[14:48:07.461]     INFO: 41600 events read in total (3102ms).
[14:48:07.465]     INFO: Test took 4299ms.
[14:48:07.564]     INFO: Fetched DAQ statistics. Counters are being reset now.
[14:48:07.564]    DEBUG: <PixTest.cc/efficiencyMaps:L407>  eff result size = 579416
[14:48:07.564]    DEBUG: <PixTest.cc/efficiencyMaps:L412> Create hists HR_xeff_CalDelScan_step4_C0 .. HR_xeff_CalDelScan_step4_C15
[14:48:07.565]    DEBUG: <PixTest.cc/efficiencyMaps:L426> booking xray maps for unmasked detector
[14:48:07.611]    DEBUG: <PixTest.cc/efficiencyMaps:L396>       attempt #0
[14:48:08.276]     INFO: Expecting 41600 events.
[14:48:11.912]     INFO: 41600 events read in total (3109ms).
[14:48:11.916]     INFO: Test took 4305ms.
[14:48:12.014]     INFO: Fetched DAQ statistics. Counters are being reset now.
[14:48:12.014]    DEBUG: <PixTest.cc/efficiencyMaps:L407>  eff result size = 579591
[14:48:12.014]    DEBUG: <PixTest.cc/efficiencyMaps:L412> Create hists HR_xeff_CalDelScan_step5_C0 .. HR_xeff_CalDelScan_step5_C15
[14:48:12.015]    DEBUG: <PixTest.cc/efficiencyMaps:L426> booking xray maps for unmasked detector
[14:48:12.061]    DEBUG: <PixTest.cc/efficiencyMaps:L396>       attempt #0
[14:48:12.727]     INFO: Expecting 41600 events.
[14:48:16.347]     INFO: 41600 events read in total (3094ms).
[14:48:16.351]     INFO: Test took 4290ms.
[14:48:16.451]     INFO: Fetched DAQ statistics. Counters are being reset now.
[14:48:16.451]    DEBUG: <PixTest.cc/efficiencyMaps:L407>  eff result size = 580558
[14:48:16.451]    DEBUG: <PixTest.cc/efficiencyMaps:L412> Create hists HR_xeff_CalDelScan_step6_C0 .. HR_xeff_CalDelScan_step6_C15
[14:48:16.451]    DEBUG: <PixTest.cc/efficiencyMaps:L426> booking xray maps for unmasked detector
[14:48:16.498]    DEBUG: <PixTest.cc/efficiencyMaps:L396>       attempt #0
[14:48:17.163]     INFO: Expecting 41600 events.
[14:48:20.807]     INFO: 41600 events read in total (3118ms).
[14:48:20.811]     INFO: Test took 4313ms.
[14:48:20.912]     INFO: Fetched DAQ statistics. Counters are being reset now.
[14:48:20.913]    DEBUG: <PixTest.cc/efficiencyMaps:L407>  eff result size = 581621
[14:48:20.913]    DEBUG: <PixTest.cc/efficiencyMaps:L412> Create hists HR_xeff_CalDelScan_step7_C0 .. HR_xeff_CalDelScan_step7_C15
[14:48:20.913]    DEBUG: <PixTest.cc/efficiencyMaps:L426> booking xray maps for unmasked detector
[14:48:20.961]    DEBUG: <PixTest.cc/efficiencyMaps:L396>       attempt #0
[14:48:21.628]     INFO: Expecting 41600 events.
[14:48:25.271]     INFO: 41600 events read in total (3117ms).
[14:48:25.275]     INFO: Test took 4314ms.
[14:48:25.375]     INFO: Fetched DAQ statistics. Counters are being reset now.
[14:48:25.375]    DEBUG: <PixTest.cc/efficiencyMaps:L407>  eff result size = 580815
[14:48:25.375]    DEBUG: <PixTest.cc/efficiencyMaps:L412> Create hists HR_xeff_CalDelScan_step8_C0 .. HR_xeff_CalDelScan_step8_C15
[14:48:25.376]    DEBUG: <PixTest.cc/efficiencyMaps:L426> booking xray maps for unmasked detector
[14:48:25.424]    DEBUG: <PixTest.cc/efficiencyMaps:L396>       attempt #0
[14:48:26.091]     INFO: Expecting 41600 events.
[14:48:29.736]     INFO: 41600 events read in total (3118ms).
[14:48:29.741]     INFO: Test took 4317ms.
[14:48:29.839]     INFO: Fetched DAQ statistics. Counters are being reset now.
[14:48:29.839]    DEBUG: <PixTest.cc/efficiencyMaps:L407>  eff result size = 580775
[14:48:29.839]    DEBUG: <PixTest.cc/efficiencyMaps:L412> Create hists HR_xeff_CalDelScan_step9_C0 .. HR_xeff_CalDelScan_step9_C15
[14:48:29.840]    DEBUG: <PixTest.cc/efficiencyMaps:L426> booking xray maps for unmasked detector
[14:48:29.887]    DEBUG: <PixTest.cc/efficiencyMaps:L396>       attempt #0
[14:48:30.552]     INFO: Expecting 41600 events.
[14:48:34.196]     INFO: 41600 events read in total (3117ms).
[14:48:34.200]     INFO: Test took 4313ms.
[14:48:34.299]     INFO: Fetched DAQ statistics. Counters are being reset now.
[14:48:34.299]    DEBUG: <PixTest.cc/efficiencyMaps:L407>  eff result size = 580933
[14:48:34.299]    DEBUG: <PixTest.cc/efficiencyMaps:L412> Create hists HR_xeff_CalDelScan_step10_C0 .. HR_xeff_CalDelScan_step10_C15
[14:48:34.300]    DEBUG: <PixTest.cc/efficiencyMaps:L426> booking xray maps for unmasked detector
[14:48:34.346]    DEBUG: <PixTest.cc/efficiencyMaps:L396>       attempt #0
[14:48:35.011]     INFO: Expecting 41600 events.
[14:48:38.656]     INFO: 41600 events read in total (3117ms).
[14:48:38.660]     INFO: Test took 4314ms.
[14:48:38.761]     INFO: Fetched DAQ statistics. Counters are being reset now.
[14:48:38.761]    DEBUG: <PixTest.cc/efficiencyMaps:L407>  eff result size = 580533
[14:48:38.761]    DEBUG: <PixTest.cc/efficiencyMaps:L412> Create hists HR_xeff_CalDelScan_step11_C0 .. HR_xeff_CalDelScan_step11_C15
[14:48:38.762]    DEBUG: <PixTest.cc/efficiencyMaps:L426> booking xray maps for unmasked detector
[14:48:38.810]    DEBUG: <PixTest.cc/efficiencyMaps:L396>       attempt #0
[14:48:39.477]     INFO: Expecting 41600 events.
[14:48:43.121]     INFO: 41600 events read in total (3118ms).
[14:48:43.125]     INFO: Test took 4315ms.
[14:48:43.224]     INFO: Fetched DAQ statistics. Counters are being reset now.
[14:48:43.224]    DEBUG: <PixTest.cc/efficiencyMaps:L407>  eff result size = 579528
[14:48:43.224]    DEBUG: <PixTest.cc/efficiencyMaps:L412> Create hists HR_xeff_CalDelScan_step12_C0 .. HR_xeff_CalDelScan_step12_C15
[14:48:43.225]    DEBUG: <PixTest.cc/efficiencyMaps:L426> booking xray maps for unmasked detector
[14:48:43.271]    DEBUG: <PixTest.cc/efficiencyMaps:L396>       attempt #0
[14:48:43.936]     INFO: Expecting 41600 events.
[14:48:47.583]     INFO: 41600 events read in total (3120ms).
[14:48:47.587]     INFO: Test took 4316ms.
[14:48:47.686]     INFO: Fetched DAQ statistics. Counters are being reset now.
[14:48:47.686]    DEBUG: <PixTest.cc/efficiencyMaps:L407>  eff result size = 579665
[14:48:47.686]    DEBUG: <PixTest.cc/efficiencyMaps:L412> Create hists HR_xeff_CalDelScan_step13_C0 .. HR_xeff_CalDelScan_step13_C15
[14:48:47.686]    DEBUG: <PixTest.cc/efficiencyMaps:L426> booking xray maps for unmasked detector
[14:48:47.733]    DEBUG: <PixTest.cc/efficiencyMaps:L396>       attempt #0
[14:48:48.398]     INFO: Expecting 41600 events.
[14:48:52.018]     INFO: 41600 events read in total (3094ms).
[14:48:52.022]     INFO: Test took 4289ms.
[14:48:52.121]     INFO: Fetched DAQ statistics. Counters are being reset now.
[14:48:52.121]    DEBUG: <PixTest.cc/efficiencyMaps:L407>  eff result size = 580506
[14:48:52.121]    DEBUG: <PixTest.cc/efficiencyMaps:L412> Create hists HR_xeff_CalDelScan_step14_C0 .. HR_xeff_CalDelScan_step14_C15
[14:48:52.121]    DEBUG: <PixTest.cc/efficiencyMaps:L426> booking xray maps for unmasked detector
[14:48:52.168]    DEBUG: <PixTest.cc/efficiencyMaps:L396>       attempt #0
[14:48:52.833]     INFO: Expecting 41600 events.
[14:48:56.473]     INFO: 41600 events read in total (3113ms).
[14:48:56.477]     INFO: Test took 4309ms.
[14:48:56.577]     INFO: Fetched DAQ statistics. Counters are being reset now.
[14:48:56.577]    DEBUG: <PixTest.cc/efficiencyMaps:L407>  eff result size = 578911
[14:48:56.577]    DEBUG: <PixTest.cc/efficiencyMaps:L412> Create hists HR_xeff_CalDelScan_step15_C0 .. HR_xeff_CalDelScan_step15_C15
[14:48:56.578]    DEBUG: <PixTest.cc/efficiencyMaps:L426> booking xray maps for unmasked detector
[14:48:56.627]    DEBUG: <PixTest.cc/efficiencyMaps:L396>       attempt #0
[14:48:57.293]     INFO: Expecting 41600 events.
[14:49:00.942]     INFO: 41600 events read in total (3122ms).
[14:49:00.946]     INFO: Test took 4319ms.
[14:49:01.045]     INFO: Fetched DAQ statistics. Counters are being reset now.
[14:49:01.045]    DEBUG: <PixTest.cc/efficiencyMaps:L407>  eff result size = 581117
[14:49:01.045]    DEBUG: <PixTest.cc/efficiencyMaps:L412> Create hists HR_xeff_CalDelScan_step16_C0 .. HR_xeff_CalDelScan_step16_C15
[14:49:01.046]    DEBUG: <PixTest.cc/efficiencyMaps:L426> booking xray maps for unmasked detector
[14:49:01.093]    DEBUG: <PixTest.cc/efficiencyMaps:L396>       attempt #0
[14:49:01.758]     INFO: Expecting 41600 events.
[14:49:05.399]     INFO: 41600 events read in total (3114ms).
[14:49:05.403]     INFO: Test took 4310ms.
[14:49:05.503]     INFO: Fetched DAQ statistics. Counters are being reset now.
[14:49:05.503]    DEBUG: <PixTest.cc/efficiencyMaps:L407>  eff result size = 579995
[14:49:05.503]    DEBUG: <PixTest.cc/efficiencyMaps:L412> Create hists HR_xeff_CalDelScan_step17_C0 .. HR_xeff_CalDelScan_step17_C15
[14:49:05.503]    DEBUG: <PixTest.cc/efficiencyMaps:L426> booking xray maps for unmasked detector
[14:49:05.549]    DEBUG: <PixTest.cc/efficiencyMaps:L396>       attempt #0
[14:49:06.214]     INFO: Expecting 41600 events.
[14:49:09.854]     INFO: 41600 events read in total (3113ms).
[14:49:09.859]     INFO: Test took 4310ms.
[14:49:09.957]     INFO: Fetched DAQ statistics. Counters are being reset now.
[14:49:09.957]    DEBUG: <PixTest.cc/efficiencyMaps:L407>  eff result size = 580501
[14:49:09.957]    DEBUG: <PixTest.cc/efficiencyMaps:L412> Create hists HR_xeff_CalDelScan_step18_C0 .. HR_xeff_CalDelScan_step18_C15
[14:49:09.957]    DEBUG: <PixTest.cc/efficiencyMaps:L426> booking xray maps for unmasked detector
[14:49:10.004]    DEBUG: <PixTest.cc/efficiencyMaps:L396>       attempt #0
[14:49:10.669]     INFO: Expecting 41600 events.
[14:49:14.201]     INFO: 41600 events read in total (3005ms).
[14:49:14.205]     INFO: Test took 4201ms.
[14:49:14.304]     INFO: Fetched DAQ statistics. Counters are being reset now.
[14:49:14.304]    DEBUG: <PixTest.cc/efficiencyMaps:L407>  eff result size = 576691
[14:49:14.304]    DEBUG: <PixTest.cc/efficiencyMaps:L412> Create hists HR_xeff_CalDelScan_step19_C0 .. HR_xeff_CalDelScan_step19_C15
[14:49:14.304]    DEBUG: <PixTest.cc/efficiencyMaps:L426> booking xray maps for unmasked detector
[14:49:14.574]    DEBUG: <PixTestHighRate.cc/doCalDelScan:L422> roc  0: caldel = 158 eff = 0.999567
[14:49:14.574]    DEBUG: <PixTestHighRate.cc/doCalDelScan:L422> roc  1: caldel = 157 eff = 0.999639
[14:49:14.574]    DEBUG: <PixTestHighRate.cc/doCalDelScan:L422> roc  2: caldel = 170 eff = 0.999183
[14:49:14.575]    DEBUG: <PixTestHighRate.cc/doCalDelScan:L422> roc  3: caldel = 182 eff = 0.99887
[14:49:14.575]    DEBUG: <PixTestHighRate.cc/doCalDelScan:L422> roc  4: caldel = 158 eff = 0.99899
[14:49:14.575]    DEBUG: <PixTestHighRate.cc/doCalDelScan:L422> roc  5: caldel = 177 eff = 0.998462
[14:49:14.575]    DEBUG: <PixTestHighRate.cc/doCalDelScan:L422> roc  6: caldel = 173 eff = 0.95375
[14:49:14.575]    DEBUG: <PixTestHighRate.cc/doCalDelScan:L422> roc  7: caldel = 174 eff = 0.998726
[14:49:14.575]    DEBUG: <PixTestHighRate.cc/doCalDelScan:L422> roc  8: caldel = 181 eff = 0.998341
[14:49:14.576]    DEBUG: <PixTestHighRate.cc/doCalDelScan:L422> roc  9: caldel = 173 eff = 0.998029
[14:49:14.576]    DEBUG: <PixTestHighRate.cc/doCalDelScan:L422> roc 10: caldel = 164 eff = 0.998702
[14:49:14.576]    DEBUG: <PixTestHighRate.cc/doCalDelScan:L422> roc 11: caldel = 151 eff = 0.998606
[14:49:14.576]    DEBUG: <PixTestHighRate.cc/doCalDelScan:L422> roc 12: caldel = 176 eff = 0.99875
[14:49:14.577]    DEBUG: <PixTestHighRate.cc/doCalDelScan:L422> roc 13: caldel = 137 eff = 0.999111
[14:49:14.577]    DEBUG: <PixTestHighRate.cc/doCalDelScan:L422> roc 14: caldel = 146 eff = 0.999663
[14:49:14.577]    DEBUG: <PixTestHighRate.cc/doCalDelScan:L422> roc 15: caldel = 180 eff = 0.999591
[14:49:23.055]    DEBUG: <PixTab.cc/buttonClicked:L308> xxxPressed():  xpixelalive
[14:49:23.055]    DEBUG: <PixTestHighRate.cc/runCommand:L157> running command: xpixelalive
[14:49:23.055]     INFO:    ----------------------------------------------------------------------
[14:49:23.055]     INFO:    PixTestHighRate::xPixelAlive() ntrig = 50, vcal = 200
[14:49:23.055]     INFO:    ----------------------------------------------------------------------
[14:49:23.055]    DEBUG: <PixTestHighRate.cc/doXPixelAlive:L451>  old set: clk: 4
[14:49:23.055]    DEBUG: <PixTestHighRate.cc/doXPixelAlive:L451>  old set: ctr: 4
[14:49:23.055]    DEBUG: <PixTestHighRate.cc/doXPixelAlive:L451>  old set: sda: 19
[14:49:23.055]    DEBUG: <PixTestHighRate.cc/doXPixelAlive:L451>  old set: tin: 9
[14:49:23.055]    DEBUG: <PixTestHighRate.cc/doXPixelAlive:L451>  old set: level: 15
[14:49:23.055]    DEBUG: <PixTestHighRate.cc/doXPixelAlive:L451>  old set: triggerdelay: 0
[14:49:23.056]    DEBUG: <PixTestHighRate.cc/doXPixelAlive:L467>  setting: clk: 4
[14:49:23.056]    DEBUG: <PixTestHighRate.cc/doXPixelAlive:L467>  setting: ctr: 4
[14:49:23.056]    DEBUG: <PixTestHighRate.cc/doXPixelAlive:L467>  setting: sda: 19
[14:49:23.056]    DEBUG: <PixTestHighRate.cc/doXPixelAlive:L467>  setting: tin: 9
[14:49:23.056]    DEBUG: <PixTestHighRate.cc/doXPixelAlive:L467>  setting: level: 15
[14:49:23.056]    DEBUG: <PixTestHighRate.cc/doXPixelAlive:L467>  setting: triggerdelay: 20
[14:49:23.099]     INFO: ROC 6 masking pixel 0/41
[14:49:23.099]     INFO: ROC 6 masking pixel 0/50
[14:49:23.099]     INFO: ROC 6 masking pixel 0/54
[14:49:23.099]     INFO: ROC 6 masking pixel 1/55
[14:49:23.099]     INFO: ROC 6 masking pixel 1/57
[14:49:23.099]     INFO: ROC 6 masking pixel 5/24
[14:49:23.099]     INFO: ROC 6 masking pixel 5/39
[14:49:23.099]     INFO: ROC 6 masking pixel 5/47
[14:49:23.099]     INFO: ROC 6 masking pixel 5/55
[14:49:23.099]     INFO: ROC 6 masking pixel 5/65
[14:49:23.099]     INFO: ROC 6 masking pixel 6/45
[14:49:23.099]     INFO: ROC 6 masking pixel 7/26
[14:49:23.099]     INFO: ROC 6 masking pixel 7/51
[14:49:23.099]     INFO: ROC 6 masking pixel 8/25
[14:49:23.099]     INFO: ROC 6 masking pixel 9/43
[14:49:23.099]     INFO: ROC 6 masking pixel 9/60
[14:49:23.099]     INFO: ROC 6 masking pixel 10/43
[14:49:23.099]     INFO: ROC 6 masking pixel 10/55
[14:49:23.099]     INFO: ROC 6 masking pixel 11/35
[14:49:23.099]     INFO: ROC 6 masking pixel 11/47
[14:49:23.099]     INFO: ROC 6 masking pixel 38/52
[14:49:23.100]    DEBUG: <PixTest.cc/efficiencyMaps:L396>       attempt #0
[14:49:23.767]     INFO: Expecting 208000 events.
[14:49:38.166]     INFO: 208000 events read in total (13872ms).
[14:49:38.185]     INFO: Test took 15085ms.
[14:49:38.853]     INFO: Fetched DAQ statistics. Counters are being reset now.
[14:49:38.853]    DEBUG: <PixTest.cc/efficiencyMaps:L407>  eff result size = 2616651
[14:49:38.854]    DEBUG: <PixTest.cc/efficiencyMaps:L412> Create hists highRate_C0 .. highRate_C15
[14:49:38.854]    DEBUG: <PixTest.cc/efficiencyMaps:L426> booking xray maps for unmasked detector
[14:49:39.275]     INFO: number of dead pixels (per ROC):     0    0    0    0    0    0  181    0    0    0    0    0    0    0    0    0
[14:49:39.275]     INFO: number of red-efficiency pixels:   173  102  161  271  317  324  685  280  354  361  326  278  312  233  109  131
[14:49:39.275]     INFO: number of X-ray hits detected:    94918 74925 120483 180814 198250 198756 205389 180923 208653 209304 203562 186603 190771 125341 76084 95496
[14:49:39.275]     INFO: number of triggers sent (total per ROC):  208000 208000 208000 208000 208000 208000 208000 208000 208000 208000 208000 208000 208000 208000 208000 208000
[14:49:39.275]     INFO: number of Vcal hits detected:  207822 207895 207836 207716 207669 207660 198383 207708 207632 207617 207659 207714 207674 207754 207889 207861
[14:49:39.275]     INFO: Vcal hit fiducial efficiency (%):  99.9 100.0 99.9 99.9 99.8 99.8 99.7 99.9 99.8 99.8 99.8 99.9 99.9 99.9 99.9 99.9
[14:49:39.275]     INFO: Vcal hit overall efficiency (%):  99.9 99.9 99.9 99.9 99.8 99.8 95.4 99.9 99.8 99.8 99.8 99.9 99.8 99.9 99.9 99.9
[14:49:39.275]     INFO: X-ray hit rate [MHz/cm2]:  27.8 22.0 35.3 53.0 58.1 58.3 60.2 53.0 61.2 61.3 59.7 54.7 55.9 36.7 22.3 28.0
[14:49:39.275]     INFO: PixTestHighRate::doXPixelAlive() done
[14:49:39.330]    DEBUG: <PixTestHighRate.cc/doXPixelAlive:L586>  resetting: clk: 4
[14:49:39.330]    DEBUG: <PixTestHighRate.cc/doXPixelAlive:L586>  resetting: ctr: 4
[14:49:39.330]    DEBUG: <PixTestHighRate.cc/doXPixelAlive:L586>  resetting: sda: 19
[14:49:39.330]    DEBUG: <PixTestHighRate.cc/doXPixelAlive:L586>  resetting: tin: 9
[14:49:39.330]    DEBUG: <PixTestHighRate.cc/doXPixelAlive:L586>  resetting: level: 15
[14:49:39.330]    DEBUG: <PixTestHighRate.cc/doXPixelAlive:L586>  resetting: triggerdelay: 0
[14:49:39.330]     INFO: PixTest::       pg_setup set to default.
[14:51:13.703]    DEBUG: <PixTest.cc/moduleMap:L1029> moduleMap histname: what
[14:51:13.703]    DEBUG: <PixTest.cc/moduleMap:L1039> h1->GetName() = highRate_xraymap_C13_V0 -> highRate_xraymap_mod
[14:51:15.575]    DEBUG: <PixGui.cc/handleButtons:L396> PixGui::exit called
[14:51:15.576]    DEBUG: <PixGui.cc/CloseWindow:L335> Final Analog Current: 393.9mA
[14:51:15.577]    DEBUG: <PixGui.cc/CloseWindow:L336> Final Digital Current: 529.8mA
[14:51:15.577]    DEBUG: <PixGui.cc/CloseWindow:L337> Final Module Temperature: 21.0 C
[14:51:15.577]    DEBUG: <PixTestBBMap.cc/~PixTestBBMap:L97> PixTestBBMap dtor
[14:51:15.577]    DEBUG: <PixTestBB2Map.cc/~PixTestBB2Map:L115> PixTestBB2Map dtor
[14:51:15.577]    DEBUG: <PixTestBB3Map.cc/~PixTestBB3Map:L99> PixTestBB3Map dtor
[14:51:15.577]    DEBUG: <PixTestBB4Map.cc/~PixTestBB4Map:L118> PixTestBB4Map dtor
[14:51:15.577]    DEBUG: <PixTestCmd.cc/~PixTestCmd:L78> PixTestCmd dtor
[14:51:15.577]    DEBUG: <PixTestDaq.cc/~PixTestDaq:L37> PixTestDaq dtor
[14:51:15.577]    DEBUG: <PixTestDacDacScan.cc/~PixTestDacDacScan:L136> PixTestDacDacScan dtor
[14:51:15.577]    DEBUG: <PixTestDacScan.cc/~PixTestDacScan:L129> PixTestDacScan dtor
[14:51:15.577]    DEBUG: <PixTestGainPedestal.cc/~PixTestGainPedestal:L125> PixTestGainPedestal dtor
[14:51:15.577]    DEBUG: <PixTestHighRate.cc/~PixTestHighRate:L245> PixTestHighRate dtor
[14:51:15.669]    DEBUG: <PixTestIV.cc/~PixTestIV:L96> PixTestIV dtor
[14:51:15.669]    DEBUG: <PixTestAlive.cc/~PixTestAlive:L109> PixTestAlive dtor
[14:51:15.670]    DEBUG: <PixTestPretest.cc/~PixTestPretest:L136> PixTestPretest dtor
[14:51:15.670]    DEBUG: <PixTestReadback.cc/~PixTestReadback:L89> PixTestReadback dtor, saving tree ... 
[14:51:15.670]    DEBUG: <PixTestScurves.cc/~PixTestScurves:L142> PixTestScurves dtor
[14:51:15.670]    DEBUG: <PixTestTiming.cc/~PixTestTiming:L97> PixTestTiming dtor
[14:51:15.670]    DEBUG: <PixTestTrim.cc/~PixTestTrim:L103> PixTestTrim dtor
[14:51:15.670]    DEBUG: <PixTestXray.cc/~PixTestXray:L217> PixTestXray dtor
[14:51:15.672]    QUIET: Connection to board 58 closed.
[14:51:15.752]    DEBUG: <PixMonitor.cc/dumpSummaries:L39> PixMonitor::dumpSummaries
