[13:11:39.775]     INFO: *** Welcome to pxar ***
[13:11:39.775]     INFO: *** Today: 2016/01/12
[13:11:39.784]     INFO: *** Version: prod-12
[13:11:39.785]     INFO: readRocDacs: data/mh242/M-H-2-42_ElComandanteTest_2016-01-08_10h19m_1452269964/000_FPIXTest_p17/dacParameters35_C0.dat .. data/mh242/M-H-2-42_ElComandanteTest_2016-01-08_10h19m_1452269964/000_FPIXTest_p17/dacParameters35_C15.dat
[13:11:39.786]     INFO: readTbmDacs: data/mh242/M-H-2-42_ElComandanteTest_2016-01-08_10h19m_1452269964/000_FPIXTest_p17/tbmParameters_C0a.dat .. data/mh242/M-H-2-42_ElComandanteTest_2016-01-08_10h19m_1452269964/000_FPIXTest_p17/tbmParameters_C0b.dat
[13:11:39.786]     INFO: readMaskFile: data/mh242/M-H-2-42_ElComandanteTest_2016-01-08_10h19m_1452269964/000_FPIXTest_p17/defaultMaskFile.dat
[13:11:39.786]     INFO: MASKED Roc 6 col/row: 0 41
[13:11:39.786]     INFO: MASKED Roc 6 col/row: 0 50
[13:11:39.786]     INFO: MASKED Roc 6 col/row: 0 54
[13:11:39.786]     INFO: MASKED Roc 6 col/row: 1 55
[13:11:39.786]     INFO: MASKED Roc 6 col/row: 1 57
[13:11:39.786]     INFO: MASKED Roc 6 col/row: 5 24
[13:11:39.786]     INFO: MASKED Roc 6 col/row: 5 39
[13:11:39.786]     INFO: MASKED Roc 6 col/row: 5 47
[13:11:39.786]     INFO: MASKED Roc 6 col/row: 5 55
[13:11:39.786]     INFO: MASKED Roc 6 col/row: 5 65
[13:11:39.786]     INFO: MASKED Roc 6 col/row: 6 45
[13:11:39.786]     INFO: MASKED Roc 6 col/row: 7 26
[13:11:39.786]     INFO: MASKED Roc 6 col/row: 7 51
[13:11:39.786]     INFO: MASKED Roc 6 col/row: 8 25
[13:11:39.786]     INFO: MASKED Roc 6 col/row: 9 43
[13:11:39.786]     INFO: MASKED Roc 6 col/row: 9 60
[13:11:39.786]     INFO: MASKED Roc 6 col/row: 10 43
[13:11:39.786]     INFO: MASKED Roc 6 col/row: 10 55
[13:11:39.786]     INFO: MASKED Roc 6 col/row: 11 35
[13:11:39.786]     INFO: MASKED Roc 6 col/row: 11 47
[13:11:39.786]     INFO: MASKED Roc 6 col/row: 38 52
[13:11:39.786]     INFO: readTrimFile: data/mh242/M-H-2-42_ElComandanteTest_2016-01-08_10h19m_1452269964/000_FPIXTest_p17/trimParameters35_C0.dat .. data/mh242/M-H-2-42_ElComandanteTest_2016-01-08_10h19m_1452269964/000_FPIXTest_p17/trimParameters35_C15.dat
[13:11:39.846]     INFO:   masking Roc 6 col/row: 0 41
[13:11:39.846]     INFO:   masking Roc 6 col/row: 0 50
[13:11:39.846]     INFO:   masking Roc 6 col/row: 0 54
[13:11:39.846]     INFO:   masking Roc 6 col/row: 1 55
[13:11:39.846]     INFO:   masking Roc 6 col/row: 1 57
[13:11:39.846]     INFO:   masking Roc 6 col/row: 5 24
[13:11:39.846]     INFO:   masking Roc 6 col/row: 5 39
[13:11:39.846]     INFO:   masking Roc 6 col/row: 5 47
[13:11:39.846]     INFO:   masking Roc 6 col/row: 5 55
[13:11:39.847]     INFO:   masking Roc 6 col/row: 5 65
[13:11:39.847]     INFO:   masking Roc 6 col/row: 6 45
[13:11:39.847]     INFO:   masking Roc 6 col/row: 7 26
[13:11:39.847]     INFO:   masking Roc 6 col/row: 7 51
[13:11:39.847]     INFO:   masking Roc 6 col/row: 8 25
[13:11:39.847]     INFO:   masking Roc 6 col/row: 9 43
[13:11:39.847]     INFO:   masking Roc 6 col/row: 9 60
[13:11:39.847]     INFO:   masking Roc 6 col/row: 10 43
[13:11:39.847]     INFO:   masking Roc 6 col/row: 10 55
[13:11:39.847]     INFO:   masking Roc 6 col/row: 11 35
[13:11:39.847]     INFO:   masking Roc 6 col/row: 11 47
[13:11:39.847]     INFO:   masking Roc 6 col/row: 38 52
[13:11:39.943]     INFO:         clk: 4
[13:11:39.943]     INFO:         ctr: 4
[13:11:39.943]     INFO:         sda: 19
[13:11:39.943]     INFO:         tin: 9
[13:11:39.943]     INFO:         level: 15
[13:11:39.943]     INFO:         triggerdelay: 0
[13:11:39.943]    QUIET: Instanciating API for pxar prod-12
[13:11:39.943]     INFO: Log level: DEBUG
[13:11:39.954]    QUIET: Connection to board DTB_WRPRHI opened.
[13:11:39.957]     INFO: DTB startup information
--- DTB info------------------------------------------
Board id:    58
HW version:  DTB1.2
FW version:  4.2
SW version:  4.5
USB id:      DTB_WRPRHI
MAC address: 40D85511803A
Hostname:    pixelDTB058
Comment:     
------------------------------------------------------
[13:11:39.960]     INFO: RPC call hashes of host and DTB match: 398089610
[13:11:41.563]     INFO: DUT info: 
[13:11:41.563]     INFO: The DUT currently contains the following objects:
[13:11:41.563]     INFO:  2 TBM Cores tbm08c (2 ON)
[13:11:41.563]     INFO: 	TBM Core alpha (0): 7 registers set
[13:11:41.563]     INFO: 	TBM Core beta  (1): 7 registers set
[13:11:41.563]     INFO: 16 ROCs psi46digv21respin (16 ON) with 4160 pixelConfigs
[13:11:41.563]     INFO: 	ROC 0: 19 DACs set, Pixels: 0 masked, 0 active.
[13:11:41.563]     INFO: 	ROC 1: 19 DACs set, Pixels: 0 masked, 0 active.
[13:11:41.563]     INFO: 	ROC 2: 19 DACs set, Pixels: 0 masked, 0 active.
[13:11:41.563]     INFO: 	ROC 3: 19 DACs set, Pixels: 0 masked, 0 active.
[13:11:41.563]     INFO: 	ROC 4: 19 DACs set, Pixels: 0 masked, 0 active.
[13:11:41.563]     INFO: 	ROC 5: 19 DACs set, Pixels: 0 masked, 0 active.
[13:11:41.563]     INFO: 	ROC 6: 19 DACs set, Pixels: 21 masked, 0 active.
[13:11:41.563]     INFO: 	ROC 7: 19 DACs set, Pixels: 0 masked, 0 active.
[13:11:41.563]     INFO: 	ROC 8: 19 DACs set, Pixels: 0 masked, 0 active.
[13:11:41.563]     INFO: 	ROC 9: 19 DACs set, Pixels: 0 masked, 0 active.
[13:11:41.563]     INFO: 	ROC 10: 19 DACs set, Pixels: 0 masked, 0 active.
[13:11:41.563]     INFO: 	ROC 11: 19 DACs set, Pixels: 0 masked, 0 active.
[13:11:41.563]     INFO: 	ROC 12: 19 DACs set, Pixels: 0 masked, 0 active.
[13:11:41.563]     INFO: 	ROC 13: 19 DACs set, Pixels: 0 masked, 0 active.
[13:11:41.563]     INFO: 	ROC 14: 19 DACs set, Pixels: 0 masked, 0 active.
[13:11:41.563]     INFO: 	ROC 15: 19 DACs set, Pixels: 0 masked, 0 active.
[13:11:41.564]    DEBUG: <PixTestParameters.cc/dump:L104> PixTestParameters: ->BB<-
[13:11:41.564]    DEBUG: <PixTestParameters.cc/dump:L107>   dumpall: checkbox(0)
[13:11:41.564]    DEBUG: <PixTestParameters.cc/dump:L107>   dumpproblematic: checkbox(0)
[13:11:41.564]    DEBUG: <PixTestParameters.cc/dump:L107>   ntrig: 5
[13:11:41.564]    DEBUG: <PixTestParameters.cc/dump:L107>   vcals: 250
[13:11:41.564]    DEBUG: <PixTestParameters.cc/dump:L104> PixTestParameters: ->BB2<-
[13:11:41.564]    DEBUG: <PixTestParameters.cc/dump:L107>   ntrig: 10
[13:11:41.564]    DEBUG: <PixTestParameters.cc/dump:L107>   vcals: 222
[13:11:41.564]    DEBUG: <PixTestParameters.cc/dump:L107>   plwidth: 35
[13:11:41.564]    DEBUG: <PixTestParameters.cc/dump:L107>   pix: 11,20
[13:11:41.564]    DEBUG: <PixTestParameters.cc/dump:L107>   targetia: 24
[13:11:41.564]    DEBUG: <PixTestParameters.cc/dump:L104> PixTestParameters: ->BB3<-
[13:11:41.564]    DEBUG: <PixTestParameters.cc/dump:L107>   dumpall: checkbox(0)
[13:11:41.564]    DEBUG: <PixTestParameters.cc/dump:L107>   dumpproblematic: checkbox(0)
[13:11:41.564]    DEBUG: <PixTestParameters.cc/dump:L107>   ntrig: 5
[13:11:41.564]    DEBUG: <PixTestParameters.cc/dump:L107>   vcals: 250
[13:11:41.564]    DEBUG: <PixTestParameters.cc/dump:L104> PixTestParameters: ->BB4<-
[13:11:41.564]    DEBUG: <PixTestParameters.cc/dump:L107>   savecaldelscan: checkbox(0)
[13:11:41.564]    DEBUG: <PixTestParameters.cc/dump:L107>   ntrig: 100
[13:11:41.564]    DEBUG: <PixTestParameters.cc/dump:L107>   cals: 1
[13:11:41.564]    DEBUG: <PixTestParameters.cc/dump:L107>   caldello: 80
[13:11:41.564]    DEBUG: <PixTestParameters.cc/dump:L107>   caldelhi: 200
[13:11:41.564]    DEBUG: <PixTestParameters.cc/dump:L107>   caldelstep: 10
[13:11:41.564]    DEBUG: <PixTestParameters.cc/dump:L107>   vthrcomplo: 70
[13:11:41.564]    DEBUG: <PixTestParameters.cc/dump:L107>   vthrcomphi: 130
[13:11:41.564]    DEBUG: <PixTestParameters.cc/dump:L107>   vthrcompstep: 5
[13:11:41.564]    DEBUG: <PixTestParameters.cc/dump:L107>   noisypixels: 10
[13:11:41.564]    DEBUG: <PixTestParameters.cc/dump:L107>   vcal: 255
[13:11:41.564]    DEBUG: <PixTestParameters.cc/dump:L107>   cut: 0.5
[13:11:41.564]    DEBUG: <PixTestParameters.cc/dump:L104> PixTestParameters: ->Cmd<-
[13:11:41.564]    DEBUG: <PixTestParameters.cc/dump:L104> PixTestParameters: ->DAQ<-
[13:11:41.564]    DEBUG: <PixTestParameters.cc/dump:L107>   delaytbm: checkbox
[13:11:41.564]    DEBUG: <PixTestParameters.cc/dump:L107>   filltree: checkbox
[13:11:41.564]    DEBUG: <PixTestParameters.cc/dump:L107>   trgfrequency(khz): 100
[13:11:41.564]    DEBUG: <PixTestParameters.cc/dump:L107>   maskhotpixels: button
[13:11:41.564]    DEBUG: <PixTestParameters.cc/dump:L107>   trgnumber: 5
[13:11:41.564]    DEBUG: <PixTestParameters.cc/dump:L107>   iterations: 10
[13:11:41.564]    DEBUG: <PixTestParameters.cc/dump:L107>   rundaqtrg: button
[13:11:41.564]    DEBUG: <PixTestParameters.cc/dump:L107>   daqseconds: 5
[13:11:41.565]    DEBUG: <PixTestParameters.cc/dump:L107>   rundaqseconds: button
[13:11:41.565]    DEBUG: <PixTestParameters.cc/dump:L104> PixTestParameters: ->DacDacScan<-
[13:11:41.565]    DEBUG: <PixTestParameters.cc/dump:L107>   phmap: checkbox
[13:11:41.565]    DEBUG: <PixTestParameters.cc/dump:L107>   ntrig: 10
[13:11:41.565]    DEBUG: <PixTestParameters.cc/dump:L107>   dac1: caldel
[13:11:41.565]    DEBUG: <PixTestParameters.cc/dump:L107>   dac1lo: 0
[13:11:41.565]    DEBUG: <PixTestParameters.cc/dump:L107>   dac1hi: 255
[13:11:41.565]    DEBUG: <PixTestParameters.cc/dump:L107>   dac2: vthrcomp
[13:11:41.565]    DEBUG: <PixTestParameters.cc/dump:L107>   dac2lo: 0
[13:11:41.565]    DEBUG: <PixTestParameters.cc/dump:L107>   dac2hi: 255
[13:11:41.565]    DEBUG: <PixTestParameters.cc/dump:L107>   pix: 11,20
[13:11:41.565]    DEBUG: <PixTestParameters.cc/dump:L104> PixTestParameters: ->DacScan<-
[13:11:41.565]    DEBUG: <PixTestParameters.cc/dump:L107>   phmap: checkbox(1)
[13:11:41.565]    DEBUG: <PixTestParameters.cc/dump:L107>   allpixels: checkbox(0)
[13:11:41.565]    DEBUG: <PixTestParameters.cc/dump:L107>   unmasked: checkbox(0)
[13:11:41.565]    DEBUG: <PixTestParameters.cc/dump:L107>   ntrig: 10
[13:11:41.565]    DEBUG: <PixTestParameters.cc/dump:L107>   dac: vcal
[13:11:41.565]    DEBUG: <PixTestParameters.cc/dump:L107>   daclo: 0
[13:11:41.565]    DEBUG: <PixTestParameters.cc/dump:L107>   dachi: 255
[13:11:41.565]    DEBUG: <PixTestParameters.cc/dump:L107>   pix: 11,20
[13:11:41.565]    DEBUG: <PixTestParameters.cc/dump:L104> PixTestParameters: ->GainPedestal<-
[13:11:41.565]    DEBUG: <PixTestParameters.cc/dump:L107>   showfits: checkbox(0)
[13:11:41.565]    DEBUG: <PixTestParameters.cc/dump:L107>   extended: checkbox(0)
[13:11:41.565]    DEBUG: <PixTestParameters.cc/dump:L107>   dumphists: checkbox(0)
[13:11:41.565]    DEBUG: <PixTestParameters.cc/dump:L107>   ntrig: 10
[13:11:41.565]    DEBUG: <PixTestParameters.cc/dump:L107>   vcalstep: 10
[13:11:41.565]    DEBUG: <PixTestParameters.cc/dump:L107>   measure: button
[13:11:41.565]    DEBUG: <PixTestParameters.cc/dump:L107>   fit: button
[13:11:41.565]    DEBUG: <PixTestParameters.cc/dump:L107>   save: button
[13:11:41.565]    DEBUG: <PixTestParameters.cc/dump:L104> PixTestParameters: ->HighRate<-
[13:11:41.565]    DEBUG: <PixTestParameters.cc/dump:L107>   pix: 11,20
[13:11:41.565]    DEBUG: <PixTestParameters.cc/dump:L107>   trimhotpixels: button
[13:11:41.565]    DEBUG: <PixTestParameters.cc/dump:L107>   trimhotpixelthr: 200
[13:11:41.565]    DEBUG: <PixTestParameters.cc/dump:L107>   runsecondshotpixels: 10
[13:11:41.565]    DEBUG: <PixTestParameters.cc/dump:L107>   savetrimbits: checkbox(1)
[13:11:41.565]    DEBUG: <PixTestParameters.cc/dump:L107>   maskuntrimmable: checkbox(1)
[13:11:41.565]    DEBUG: <PixTestParameters.cc/dump:L107>   maskhotpixels: button
[13:11:41.565]    DEBUG: <PixTestParameters.cc/dump:L107>   savemaskfile: checkbox(0)
[13:11:41.565]    DEBUG: <PixTestParameters.cc/dump:L107>   maskfilename: default
[13:11:41.565]    DEBUG: <PixTestParameters.cc/dump:L107>   caldelscan: button
[13:11:41.565]    DEBUG: <PixTestParameters.cc/dump:L107>   xpixelalive: button
[13:11:41.565]    DEBUG: <PixTestParameters.cc/dump:L107>   ntrig: 50
[13:11:41.565]    DEBUG: <PixTestParameters.cc/dump:L107>   vcal: 200
[13:11:41.565]    DEBUG: <PixTestParameters.cc/dump:L107>   xnoisemaps: button
[13:11:41.565]    DEBUG: <PixTestParameters.cc/dump:L107>   daclo: 0
[13:11:41.565]    DEBUG: <PixTestParameters.cc/dump:L107>   dachi: 100
[13:11:41.565]    DEBUG: <PixTestParameters.cc/dump:L107>   dacs/step: 20
[13:11:41.565]    DEBUG: <PixTestParameters.cc/dump:L107>   rundaq: button
[13:11:41.565]    DEBUG: <PixTestParameters.cc/dump:L107>   trgfrequency(khz): 20
[13:11:41.565]    DEBUG: <PixTestParameters.cc/dump:L107>   runseconds: 2
[13:11:41.565]    DEBUG: <PixTestParameters.cc/dump:L107>   triggerdelay: 20
[13:11:41.565]    DEBUG: <PixTestParameters.cc/dump:L107>   delaytbm: checkbox
[13:11:41.565]    DEBUG: <PixTestParameters.cc/dump:L107>   filltree: checkbox
[13:11:41.565]    DEBUG: <PixTestParameters.cc/dump:L104> PixTestParameters: ->IV<-
[13:11:41.565]    DEBUG: <PixTestParameters.cc/dump:L107>   port: /dev/FIXME
[13:11:41.565]    DEBUG: <PixTestParameters.cc/dump:L107>   voltagestart: 0
[13:11:41.566]    DEBUG: <PixTestParameters.cc/dump:L107>   voltagestop: 600
[13:11:41.566]    DEBUG: <PixTestParameters.cc/dump:L107>   voltagestep: 5
[13:11:41.566]    DEBUG: <PixTestParameters.cc/dump:L107>   delay: 1
[13:11:41.566]    DEBUG: <PixTestParameters.cc/dump:L107>   compliance(ua): 100
[13:11:41.566]    DEBUG: <PixTestParameters.cc/dump:L104> PixTestParameters: ->PhOptimization<-
[13:11:41.566]    DEBUG: <PixTestParameters.cc/dump:L107>   ntrig: 10
[13:11:41.566]    DEBUG: <PixTestParameters.cc/dump:L107>   safetymarginlow: 20
[13:11:41.566]    DEBUG: <PixTestParameters.cc/dump:L107>   saturationvcal: 100
[13:11:41.566]    DEBUG: <PixTestParameters.cc/dump:L107>   quantilesaturation: 0.98
[13:11:41.566]    DEBUG: <PixTestParameters.cc/dump:L104> PixTestParameters: ->PixelAlive<-
[13:11:41.566]    DEBUG: <PixTestParameters.cc/dump:L107>   ntrig: 10
[13:11:41.566]    DEBUG: <PixTestParameters.cc/dump:L107>   vcal: 200
[13:11:41.566]    DEBUG: <PixTestParameters.cc/dump:L107>   alivetest: button
[13:11:41.566]    DEBUG: <PixTestParameters.cc/dump:L107>   masktest: button
[13:11:41.566]    DEBUG: <PixTestParameters.cc/dump:L107>   addressdecodingtest: button
[13:11:41.566]    DEBUG: <PixTestParameters.cc/dump:L104> PixTestParameters: ->Pretest<-
[13:11:41.566]    DEBUG: <PixTestParameters.cc/dump:L107>   programroc: button
[13:11:41.566]    DEBUG: <PixTestParameters.cc/dump:L107>   targetia: 24
[13:11:41.566]    DEBUG: <PixTestParameters.cc/dump:L107>   setvana: button
[13:11:41.566]    DEBUG: <PixTestParameters.cc/dump:L107>   iterations: 100
[13:11:41.566]    DEBUG: <PixTestParameters.cc/dump:L107>   settimings: button
[13:11:41.566]    DEBUG: <PixTestParameters.cc/dump:L107>   findtiming: button
[13:11:41.566]    DEBUG: <PixTestParameters.cc/dump:L107>   findworkingpixel: button
[13:11:41.566]    DEBUG: <PixTestParameters.cc/dump:L107>   setvthrcompcaldel: button
[13:11:41.566]    DEBUG: <PixTestParameters.cc/dump:L107>   pix: 11,20
[13:11:41.566]    DEBUG: <PixTestParameters.cc/dump:L107>   vcal: 250
[13:11:41.566]    DEBUG: <PixTestParameters.cc/dump:L107>   deltavthrcomp: 50
[13:11:41.566]    DEBUG: <PixTestParameters.cc/dump:L107>   fraccaldel: 0.5
[13:11:41.566]    DEBUG: <PixTestParameters.cc/dump:L107>   ntrig: 5
[13:11:41.566]    DEBUG: <PixTestParameters.cc/dump:L107>   savedacs: button
[13:11:41.566]    DEBUG: <PixTestParameters.cc/dump:L104> PixTestParameters: ->Readback<-
[13:11:41.566]    DEBUG: <PixTestParameters.cc/dump:L107>   calibratevd: button
[13:11:41.566]    DEBUG: <PixTestParameters.cc/dump:L107>   calibrateva: button
[13:11:41.566]    DEBUG: <PixTestParameters.cc/dump:L107>   calibrateia: button
[13:11:41.566]    DEBUG: <PixTestParameters.cc/dump:L107>   readbackvbg: button
[13:11:41.566]    DEBUG: <PixTestParameters.cc/dump:L107>   getcalibratedvbg: button
[13:11:41.566]    DEBUG: <PixTestParameters.cc/dump:L107>   usecalvd: checkbox(1)
[13:11:41.566]    DEBUG: <PixTestParameters.cc/dump:L107>   usecalva: checkbox(0)
[13:11:41.566]    DEBUG: <PixTestParameters.cc/dump:L107>   setvana: button
[13:11:41.566]    DEBUG: <PixTestParameters.cc/dump:L104> PixTestParameters: ->Scurves<-
[13:11:41.566]    DEBUG: <PixTestParameters.cc/dump:L107>   adjustvcal: checkbox(0)
[13:11:41.566]    DEBUG: <PixTestParameters.cc/dump:L107>   dumpall: checkbox(0)
[13:11:41.566]    DEBUG: <PixTestParameters.cc/dump:L107>   dumpproblematic: checkbox(0)
[13:11:41.566]    DEBUG: <PixTestParameters.cc/dump:L107>   dumpoutputfile: checkbox(0)
[13:11:41.566]    DEBUG: <PixTestParameters.cc/dump:L107>   ntrig: 50
[13:11:41.566]    DEBUG: <PixTestParameters.cc/dump:L107>   dac: Vcal
[13:11:41.566]    DEBUG: <PixTestParameters.cc/dump:L107>   daclo: 0
[13:11:41.566]    DEBUG: <PixTestParameters.cc/dump:L107>   dachi: 200
[13:11:41.566]    DEBUG: <PixTestParameters.cc/dump:L107>   dacs/step: -1
[13:11:41.566]    DEBUG: <PixTestParameters.cc/dump:L107>   ntrig/step: -1
[13:11:41.566]    DEBUG: <PixTestParameters.cc/dump:L107>   scurves: button
[13:11:41.566]    DEBUG: <PixTestParameters.cc/dump:L104> PixTestParameters: ->Timing<-
[13:11:41.566]    DEBUG: <PixTestParameters.cc/dump:L107>   targetclk: 4
[13:11:41.566]    DEBUG: <PixTestParameters.cc/dump:L107>   ntrig: 10
[13:11:41.566]    DEBUG: <PixTestParameters.cc/dump:L107>   clocksdascan: button
[13:11:41.566]    DEBUG: <PixTestParameters.cc/dump:L107>   notokenpass: checkbox(0)
[13:11:41.566]    DEBUG: <PixTestParameters.cc/dump:L107>   phasescan: button
[13:11:41.566]    DEBUG: <PixTestParameters.cc/dump:L107>   levelscan: button
[13:11:41.566]    DEBUG: <PixTestParameters.cc/dump:L107>   tbmphasescan: button
[13:11:41.567]    DEBUG: <PixTestParameters.cc/dump:L107>   rocdelayscan: button
[13:11:41.567]    DEBUG: <PixTestParameters.cc/dump:L107>   timingtest: button
[13:11:41.567]    DEBUG: <PixTestParameters.cc/dump:L107>   saveparameters: button
[13:11:41.567]    DEBUG: <PixTestParameters.cc/dump:L104> PixTestParameters: ->Trim<-
[13:11:41.567]    DEBUG: <PixTestParameters.cc/dump:L107>   trim: button
[13:11:41.567]    DEBUG: <PixTestParameters.cc/dump:L107>   ntrig: 8
[13:11:41.567]    DEBUG: <PixTestParameters.cc/dump:L107>   vcal: 35
[13:11:41.567]    DEBUG: <PixTestParameters.cc/dump:L107>   trimbits: button
[13:11:41.567]    DEBUG: <PixTestParameters.cc/dump:L104> PixTestParameters: ->Xray<-
[13:11:41.567]    DEBUG: <PixTestParameters.cc/dump:L107>   maskhotpixels: button
[13:11:41.567]    DEBUG: <PixTestParameters.cc/dump:L107>   savemaskfile: checkbox(0)
[13:11:41.567]    DEBUG: <PixTestParameters.cc/dump:L107>   maskfilename: default
[13:11:41.567]    DEBUG: <PixTestParameters.cc/dump:L107>   source: Ag
[13:11:41.567]    DEBUG: <PixTestParameters.cc/dump:L107>   phrun: button
[13:11:41.567]    DEBUG: <PixTestParameters.cc/dump:L107>   runseconds: 100
[13:11:41.567]    DEBUG: <PixTestParameters.cc/dump:L107>   trgfrequency(khz): 100
[13:11:41.567]    DEBUG: <PixTestParameters.cc/dump:L107>   ratescan: button
[13:11:41.567]    DEBUG: <PixTestParameters.cc/dump:L107>   vthrcompmin: 10
[13:11:41.567]    DEBUG: <PixTestParameters.cc/dump:L107>   vthrcompmax: 80
[13:11:41.567]    DEBUG: <PixTestParameters.cc/dump:L107>   stepseconds: 5
[13:11:41.567]    DEBUG: <PixTestParameters.cc/dump:L107>   delaytbm: checkbox
[13:11:41.567]    DEBUG: <PixTestParameters.cc/dump:L107>   filltree: checkbox
[13:11:41.569]    DEBUG: <PixSetup.cc/init:L81> PixSetup init start; getCurrentRSS() = 31371264
[13:11:41.569]    DEBUG: <PixSetup.cc/init:L87> fPixTestParameters = 0xb53280
[13:11:41.569]    DEBUG: <PixSetup.cc/init:L88>  fConfigParameters = 0xac8c10
[13:11:41.569]    DEBUG: <PixSetup.cc/init:L89>        fPxarMemory = 0x7f66c5d94010
[13:11:41.569]    DEBUG: <PixSetup.cc/init:L90>         fPxarMemHi = 0x7f66cbfff510
[13:11:41.569]    DEBUG: <PixSetup.cc/init:L106> PixSetup init done;  getCurrentRSS() = 31379456 fPxarMemory = 0x7f66c5d94010
[13:11:41.570]    DEBUG: <pXar.cc/main:L223> Initial Analog Current: 389.9mA
[13:11:41.572]    DEBUG: <pXar.cc/main:L224> Initial Digital Current: 535.4mA
[13:11:41.572]    DEBUG: <pXar.cc/main:L225> Initial Module Temperature: 19.8 C
[13:11:42.085]    DEBUG: <PixGui.cc/hvOn:L460> HV set On: 0x11115a0
[13:11:42.148]    DEBUG: <PixTestFactory.cc/PixTestFactory:L53> PixTestFactory::PixTestFactory()
[13:11:42.149]    DEBUG: <PixTestBBMap.cc/init:L79> PixTestBBMap::init()
[13:11:42.149]    DEBUG: <PixTestBBMap.cc/PixTestBBMap:L27> PixTestBBMap ctor(PixSetup &a, string, TGTab *)
[13:11:42.155]    DEBUG: <PixTestBB2Map.cc/setParameter:L58> setting fTargetIa    = 24 mA/ROC
[13:11:42.155]    DEBUG: <PixTestBB2Map.cc/init:L97> PixTestBB2Map::init()
[13:11:42.155]    DEBUG: <PixTestBB2Map.cc/PixTestBB2Map:L29> PixTestBB2Map ctor(PixSetup &a, string, TGTab *)
[13:11:42.164]    DEBUG: <PixTestBB3Map.cc/init:L81> PixTestBB3Map::init()
[13:11:42.164]    DEBUG: <PixTestBB3Map.cc/PixTestBB3Map:L29> PixTestBB3Map ctor(PixSetup &a, string, TGTab *)
[13:11:42.172]    DEBUG: <PixTestBB4Map.cc/init:L93> PixTestBB4Map::init()
[13:11:42.172]    DEBUG: <PixTestBB4Map.cc/PixTestBB4Map:L26> PixTestMapeff ctor(PixSetup &a, string, TGTab *)
[13:11:42.192]     INFO: PixTestCmd::init()
[13:11:42.206]    DEBUG: <PixTestDaq.cc/init:L44> PixTestDaq::init()
[13:11:42.206]    DEBUG: <PixTestDaq.cc/PixTestDaq:L22> PixTestDaq ctor(PixSetup &a, string, TGTab *)
[13:11:42.206]     INFO: readGainPedestalParameters data/mh242/M-H-2-42_ElComandanteTest_2016-01-08_10h19m_1452269964/000_FPIXTest_p17/phCalibrationFitErr35_C0.dat .. data/mh242/M-H-2-42_ElComandanteTest_2016-01-08_10h19m_1452269964/000_FPIXTest_p17/phCalibrationFitErr35_C15.dat
[13:11:42.450]    DEBUG: <PixTestDacDacScan.cc/init:L103> PixTestDacDacScan::init()
[13:11:42.450]    DEBUG: <PixTestDacDacScan.cc/PixTestDacDacScan:L22> PixTestDacDacScan ctor(PixSetup &a, string, TGTab *)
[13:11:42.467]    DEBUG: <PixTestGainPedestal.cc/setParameter:L83> PixTestGainPedestal::PixTest() fVcalStep = 10
[13:11:42.474]    DEBUG: <PixTestHighRate.cc/setParameter:L68>   setting fParTriggerFrequency -> 20
[13:11:42.474]    DEBUG: <PixTestHighRate.cc/init:L198> PixTestHighRate::init()
[13:11:42.474]    DEBUG: <PixTestHighRate.cc/PixTestHighRate:L31> PixTestHighRate ctor(PixSetup &a, string, TGTab *)
[13:11:42.504]    DEBUG: <PixTest.cc/setTestParameter:L637>  setting  ntrig to new value 10
[13:11:42.504]    DEBUG: <PixTestPhOptimization.cc/setParameter:L37>   setting fParNtrig  ->10<- from sval = 10
[13:11:42.504]    DEBUG: <PixTestPhOptimization.cc/setParameter:L42>   setting fSafetyMarginLow  ->20<- from sval = 20
[13:11:42.504]    DEBUG: <PixTestPhOptimization.cc/setParameter:L48>   setting fVcalMax  ->100<- from sval = 100
[13:11:42.504]    DEBUG: <PixTestPhOptimization.cc/setParameter:L53>   setting fQuantMax  ->0.98<- from sval = 0.98
[13:11:42.510]    DEBUG: <PixTestAlive.cc/init:L77> PixTestAlive::init()
[13:11:42.510]    DEBUG: <PixTestAlive.cc/PixTestAlive:L21> PixTestAlive ctor(PixSetup &a, string, TGTab *)
[13:11:42.533]    DEBUG: <PixTestReadback.cc/setParameter:L172> fCalwVd set to 1
[13:11:42.533]    DEBUG: <PixTestReadback.cc/init:L95> PixTestReadback::init()
[13:11:42.533]    DEBUG: <PixTestReadback.cc/PixTestReadback:L22> PixTestReadback ctor(PixSetup &a, string, TGTab *)
[13:11:42.533]     INFO: readReadbackCal: data/mh242/M-H-2-42_ElComandanteTest_2016-01-08_10h19m_1452269964/000_FPIXTest_p17/readbackCal_C0.dat .. data/mh242/M-H-2-42_ElComandanteTest_2016-01-08_10h19m_1452269964/000_FPIXTest_p17/readbackCal_C15.dat
[13:11:42.542]    DEBUG: <PixTestScurves.cc/setParameter:L93> set fOutputFilename = 
[13:11:42.558]    DEBUG: <PixTestTiming.cc/setParameter:L60> PixTestTiming::PixTest() targetclk = 4
[13:11:42.558]    DEBUG: <PixTestTiming.cc/setParameter:L64> PixTestTiming::PixTest() ntrig = 10
[13:11:42.558]    DEBUG: <PixTestTiming.cc/setParameter:L48> fNoTokenPass: 0
[13:11:42.558]    DEBUG: <PixTestTiming.cc/init:L74> PixTestTiming::init()
[13:11:42.571]    DEBUG: <PixTestXray.cc/init:L134> PixTestXray::init()
[13:11:42.571]    DEBUG: <PixTestXray.cc/PixTestXray:L28> PixTestXray ctor(PixSetup &a, string, TGTab *)
[13:11:51.237]    DEBUG: <PixTab.cc/buttonClicked:L308> xxxPressed():  caldelscan
[13:11:51.237]    DEBUG: <PixTestHighRate.cc/runCommand:L157> running command: caldelscan
[13:11:51.238]     INFO:    ----------------------------------------------------------------------
[13:11:51.238]     INFO:    PixTestHighRate::calDelScan() ntrig = 10, vcal = 200
[13:11:51.238]     INFO:    ----------------------------------------------------------------------
[13:11:51.379]     INFO: Expecting 768 events.
[13:11:52.515]     INFO: 768 events read in total (418ms).
[13:11:52.704]     INFO: Test took 1460ms.
[13:11:52.708]     INFO: ROC 6 masking pixel 0/41
[13:11:52.708]     INFO: ROC 6 masking pixel 0/50
[13:11:52.708]     INFO: ROC 6 masking pixel 0/54
[13:11:52.708]     INFO: ROC 6 masking pixel 1/55
[13:11:52.708]     INFO: ROC 6 masking pixel 1/57
[13:11:52.708]     INFO: ROC 6 masking pixel 5/24
[13:11:52.708]     INFO: ROC 6 masking pixel 5/39
[13:11:52.708]     INFO: ROC 6 masking pixel 5/47
[13:11:52.708]     INFO: ROC 6 masking pixel 5/55
[13:11:52.708]     INFO: ROC 6 masking pixel 5/65
[13:11:52.708]     INFO: ROC 6 masking pixel 6/45
[13:11:52.708]     INFO: ROC 6 masking pixel 7/26
[13:11:52.708]     INFO: ROC 6 masking pixel 7/51
[13:11:52.708]     INFO: ROC 6 masking pixel 8/25
[13:11:52.708]     INFO: ROC 6 masking pixel 9/43
[13:11:52.708]     INFO: ROC 6 masking pixel 9/60
[13:11:52.708]     INFO: ROC 6 masking pixel 10/43
[13:11:52.708]     INFO: ROC 6 masking pixel 10/55
[13:11:52.708]     INFO: ROC 6 masking pixel 11/35
[13:11:52.708]     INFO: ROC 6 masking pixel 11/47
[13:11:52.708]     INFO: ROC 6 masking pixel 38/52
[13:11:52.711]    DEBUG: <PixTest.cc/efficiencyMaps:L396>       attempt #0
[13:11:53.379]     INFO: Expecting 41600 events.
[13:11:57.521]     INFO: 41600 events read in total (3615ms).
[13:11:57.528]     INFO: Test took 4817ms.
[13:11:57.733]     INFO: Fetched DAQ statistics. Counters are being reset now.
[13:11:57.733]    DEBUG: <PixTest.cc/efficiencyMaps:L407>  eff result size = 1178601
[13:11:57.733]    DEBUG: <PixTest.cc/efficiencyMaps:L412> Create hists HR_xeff_CalDelScan_step0_C0 .. HR_xeff_CalDelScan_step0_C15
[13:11:57.734]    DEBUG: <PixTest.cc/efficiencyMaps:L426> booking xray maps for unmasked detector
[13:11:57.816]    DEBUG: <PixTest.cc/efficiencyMaps:L396>       attempt #0
[13:11:58.485]     INFO: Expecting 41600 events.
[13:12:02.789]     INFO: 41600 events read in total (3777ms).
[13:12:02.796]     INFO: Test took 4980ms.
[13:12:02.992]     INFO: Fetched DAQ statistics. Counters are being reset now.
[13:12:02.992]    DEBUG: <PixTest.cc/efficiencyMaps:L407>  eff result size = 1193581
[13:12:02.992]    DEBUG: <PixTest.cc/efficiencyMaps:L412> Create hists HR_xeff_CalDelScan_step1_C0 .. HR_xeff_CalDelScan_step1_C15
[13:12:02.993]    DEBUG: <PixTest.cc/efficiencyMaps:L426> booking xray maps for unmasked detector
[13:12:03.079]    DEBUG: <PixTest.cc/efficiencyMaps:L396>       attempt #0
[13:12:03.744]     INFO: Expecting 41600 events.
[13:12:08.102]     INFO: 41600 events read in total (3831ms).
[13:12:08.109]     INFO: Test took 5030ms.
[13:12:08.306]     INFO: Fetched DAQ statistics. Counters are being reset now.
[13:12:08.306]    DEBUG: <PixTest.cc/efficiencyMaps:L407>  eff result size = 1195813
[13:12:08.306]    DEBUG: <PixTest.cc/efficiencyMaps:L412> Create hists HR_xeff_CalDelScan_step2_C0 .. HR_xeff_CalDelScan_step2_C15
[13:12:08.306]    DEBUG: <PixTest.cc/efficiencyMaps:L426> booking xray maps for unmasked detector
[13:12:08.394]    DEBUG: <PixTest.cc/efficiencyMaps:L396>       attempt #0
[13:12:09.060]     INFO: Expecting 41600 events.
[13:12:13.401]     INFO: 41600 events read in total (3814ms).
[13:12:13.408]     INFO: Test took 5014ms.
[13:12:13.606]     INFO: Fetched DAQ statistics. Counters are being reset now.
[13:12:13.606]    DEBUG: <PixTest.cc/efficiencyMaps:L407>  eff result size = 1199102
[13:12:13.606]    DEBUG: <PixTest.cc/efficiencyMaps:L412> Create hists HR_xeff_CalDelScan_step3_C0 .. HR_xeff_CalDelScan_step3_C15
[13:12:13.606]    DEBUG: <PixTest.cc/efficiencyMaps:L426> booking xray maps for unmasked detector
[13:12:13.696]    DEBUG: <PixTest.cc/efficiencyMaps:L396>       attempt #0
[13:12:14.361]     INFO: Expecting 41600 events.
[13:12:18.738]     INFO: 41600 events read in total (3850ms).
[13:12:18.745]     INFO: Test took 5049ms.
[13:12:18.943]     INFO: Fetched DAQ statistics. Counters are being reset now.
[13:12:18.943]    DEBUG: <PixTest.cc/efficiencyMaps:L407>  eff result size = 1199210
[13:12:18.943]    DEBUG: <PixTest.cc/efficiencyMaps:L412> Create hists HR_xeff_CalDelScan_step4_C0 .. HR_xeff_CalDelScan_step4_C15
[13:12:18.943]    DEBUG: <PixTest.cc/efficiencyMaps:L426> booking xray maps for unmasked detector
[13:12:19.030]    DEBUG: <PixTest.cc/efficiencyMaps:L396>       attempt #0
[13:12:19.696]     INFO: Expecting 41600 events.
[13:12:24.056]     INFO: 41600 events read in total (3833ms).
[13:12:24.062]     INFO: Test took 5032ms.
[13:12:24.261]     INFO: Fetched DAQ statistics. Counters are being reset now.
[13:12:24.261]    DEBUG: <PixTest.cc/efficiencyMaps:L407>  eff result size = 1198973
[13:12:24.261]    DEBUG: <PixTest.cc/efficiencyMaps:L412> Create hists HR_xeff_CalDelScan_step5_C0 .. HR_xeff_CalDelScan_step5_C15
[13:12:24.261]    DEBUG: <PixTest.cc/efficiencyMaps:L426> booking xray maps for unmasked detector
[13:12:24.350]    DEBUG: <PixTest.cc/efficiencyMaps:L396>       attempt #0
[13:12:25.015]     INFO: Expecting 41600 events.
[13:12:29.402]     INFO: 41600 events read in total (3860ms).
[13:12:29.408]     INFO: Test took 5058ms.
[13:12:29.607]     INFO: Fetched DAQ statistics. Counters are being reset now.
[13:12:29.607]    DEBUG: <PixTest.cc/efficiencyMaps:L407>  eff result size = 1200429
[13:12:29.607]    DEBUG: <PixTest.cc/efficiencyMaps:L412> Create hists HR_xeff_CalDelScan_step6_C0 .. HR_xeff_CalDelScan_step6_C15
[13:12:29.608]    DEBUG: <PixTest.cc/efficiencyMaps:L426> booking xray maps for unmasked detector
[13:12:29.698]    DEBUG: <PixTest.cc/efficiencyMaps:L396>       attempt #0
[13:12:30.365]     INFO: Expecting 41600 events.
[13:12:34.769]     INFO: 41600 events read in total (3878ms).
[13:12:34.776]     INFO: Test took 5078ms.
[13:12:34.975]     INFO: Fetched DAQ statistics. Counters are being reset now.
[13:12:34.975]    DEBUG: <PixTest.cc/efficiencyMaps:L407>  eff result size = 1199028
[13:12:34.975]    DEBUG: <PixTest.cc/efficiencyMaps:L412> Create hists HR_xeff_CalDelScan_step7_C0 .. HR_xeff_CalDelScan_step7_C15
[13:12:34.975]    DEBUG: <PixTest.cc/efficiencyMaps:L426> booking xray maps for unmasked detector
[13:12:35.063]    DEBUG: <PixTest.cc/efficiencyMaps:L396>       attempt #0
[13:12:35.729]     INFO: Expecting 41600 events.
[13:12:40.132]     INFO: 41600 events read in total (3877ms).
[13:12:40.139]     INFO: Test took 5076ms.
[13:12:40.341]     INFO: Fetched DAQ statistics. Counters are being reset now.
[13:12:40.341]    DEBUG: <PixTest.cc/efficiencyMaps:L407>  eff result size = 1200188
[13:12:40.341]    DEBUG: <PixTest.cc/efficiencyMaps:L412> Create hists HR_xeff_CalDelScan_step8_C0 .. HR_xeff_CalDelScan_step8_C15
[13:12:40.341]    DEBUG: <PixTest.cc/efficiencyMaps:L426> booking xray maps for unmasked detector
[13:12:40.428]    DEBUG: <PixTest.cc/efficiencyMaps:L396>       attempt #0
[13:12:41.094]     INFO: Expecting 41600 events.
[13:12:45.503]     INFO: 41600 events read in total (3883ms).
[13:12:45.509]     INFO: Test took 5081ms.
[13:12:45.706]     INFO: Fetched DAQ statistics. Counters are being reset now.
[13:12:45.706]    DEBUG: <PixTest.cc/efficiencyMaps:L407>  eff result size = 1201682
[13:12:45.706]    DEBUG: <PixTest.cc/efficiencyMaps:L412> Create hists HR_xeff_CalDelScan_step9_C0 .. HR_xeff_CalDelScan_step9_C15
[13:12:45.707]    DEBUG: <PixTest.cc/efficiencyMaps:L426> booking xray maps for unmasked detector
[13:12:45.796]    DEBUG: <PixTest.cc/efficiencyMaps:L396>       attempt #0
[13:12:46.460]     INFO: Expecting 41600 events.
[13:12:50.876]     INFO: 41600 events read in total (3889ms).
[13:12:50.883]     INFO: Test took 5087ms.
[13:12:51.081]     INFO: Fetched DAQ statistics. Counters are being reset now.
[13:12:51.081]    DEBUG: <PixTest.cc/efficiencyMaps:L407>  eff result size = 1200951
[13:12:51.081]    DEBUG: <PixTest.cc/efficiencyMaps:L412> Create hists HR_xeff_CalDelScan_step10_C0 .. HR_xeff_CalDelScan_step10_C15
[13:12:51.081]    DEBUG: <PixTest.cc/efficiencyMaps:L426> booking xray maps for unmasked detector
[13:12:51.169]    DEBUG: <PixTest.cc/efficiencyMaps:L396>       attempt #0
[13:12:51.835]     INFO: Expecting 41600 events.
[13:12:56.232]     INFO: 41600 events read in total (3870ms).
[13:12:56.239]     INFO: Test took 5070ms.
[13:12:56.436]     INFO: Fetched DAQ statistics. Counters are being reset now.
[13:12:56.436]    DEBUG: <PixTest.cc/efficiencyMaps:L407>  eff result size = 1197961
[13:12:56.436]    DEBUG: <PixTest.cc/efficiencyMaps:L412> Create hists HR_xeff_CalDelScan_step11_C0 .. HR_xeff_CalDelScan_step11_C15
[13:12:56.437]    DEBUG: <PixTest.cc/efficiencyMaps:L426> booking xray maps for unmasked detector
[13:12:56.525]    DEBUG: <PixTest.cc/efficiencyMaps:L396>       attempt #0
[13:12:57.190]     INFO: Expecting 41600 events.
[13:13:01.595]     INFO: 41600 events read in total (3878ms).
[13:13:01.602]     INFO: Test took 5077ms.
[13:13:01.800]     INFO: Fetched DAQ statistics. Counters are being reset now.
[13:13:01.800]    DEBUG: <PixTest.cc/efficiencyMaps:L407>  eff result size = 1201431
[13:13:01.800]    DEBUG: <PixTest.cc/efficiencyMaps:L412> Create hists HR_xeff_CalDelScan_step12_C0 .. HR_xeff_CalDelScan_step12_C15
[13:13:01.800]    DEBUG: <PixTest.cc/efficiencyMaps:L426> booking xray maps for unmasked detector
[13:13:01.887]    DEBUG: <PixTest.cc/efficiencyMaps:L396>       attempt #0
[13:13:02.553]     INFO: Expecting 41600 events.
[13:13:06.952]     INFO: 41600 events read in total (3873ms).
[13:13:06.958]     INFO: Test took 5071ms.
[13:13:07.152]     INFO: Fetched DAQ statistics. Counters are being reset now.
[13:13:07.152]    DEBUG: <PixTest.cc/efficiencyMaps:L407>  eff result size = 1199731
[13:13:07.152]    DEBUG: <PixTest.cc/efficiencyMaps:L412> Create hists HR_xeff_CalDelScan_step13_C0 .. HR_xeff_CalDelScan_step13_C15
[13:13:07.152]    DEBUG: <PixTest.cc/efficiencyMaps:L426> booking xray maps for unmasked detector
[13:13:07.239]    DEBUG: <PixTest.cc/efficiencyMaps:L396>       attempt #0
[13:13:07.904]     INFO: Expecting 41600 events.
[13:13:12.302]     INFO: 41600 events read in total (3871ms).
[13:13:12.308]     INFO: Test took 5069ms.
[13:13:12.561]     INFO: Fetched DAQ statistics. Counters are being reset now.
[13:13:12.561]    DEBUG: <PixTest.cc/efficiencyMaps:L407>  eff result size = 1199867
[13:13:12.561]    DEBUG: <PixTest.cc/efficiencyMaps:L412> Create hists HR_xeff_CalDelScan_step14_C0 .. HR_xeff_CalDelScan_step14_C15
[13:13:12.561]    DEBUG: <PixTest.cc/efficiencyMaps:L426> booking xray maps for unmasked detector
[13:13:12.649]    DEBUG: <PixTest.cc/efficiencyMaps:L396>       attempt #0
[13:13:13.317]     INFO: Expecting 41600 events.
[13:13:17.716]     INFO: 41600 events read in total (3873ms).
[13:13:17.722]     INFO: Test took 5073ms.
[13:13:17.922]     INFO: Fetched DAQ statistics. Counters are being reset now.
[13:13:17.922]    DEBUG: <PixTest.cc/efficiencyMaps:L407>  eff result size = 1200660
[13:13:17.922]    DEBUG: <PixTest.cc/efficiencyMaps:L412> Create hists HR_xeff_CalDelScan_step15_C0 .. HR_xeff_CalDelScan_step15_C15
[13:13:17.922]    DEBUG: <PixTest.cc/efficiencyMaps:L426> booking xray maps for unmasked detector
[13:13:18.010]    DEBUG: <PixTest.cc/efficiencyMaps:L396>       attempt #0
[13:13:18.677]     INFO: Expecting 41600 events.
[13:13:23.077]     INFO: 41600 events read in total (3873ms).
[13:13:23.083]     INFO: Test took 5073ms.
[13:13:23.300]     INFO: Fetched DAQ statistics. Counters are being reset now.
[13:13:23.300]    DEBUG: <PixTest.cc/efficiencyMaps:L407>  eff result size = 1199811
[13:13:23.300]    DEBUG: <PixTest.cc/efficiencyMaps:L412> Create hists HR_xeff_CalDelScan_step16_C0 .. HR_xeff_CalDelScan_step16_C15
[13:13:23.300]    DEBUG: <PixTest.cc/efficiencyMaps:L426> booking xray maps for unmasked detector
[13:13:23.387]    DEBUG: <PixTest.cc/efficiencyMaps:L396>       attempt #0
[13:13:24.052]     INFO: Expecting 41600 events.
[13:13:28.442]     INFO: 41600 events read in total (3863ms).
[13:13:28.449]     INFO: Test took 5062ms.
[13:13:28.648]     INFO: Fetched DAQ statistics. Counters are being reset now.
[13:13:28.648]    DEBUG: <PixTest.cc/efficiencyMaps:L407>  eff result size = 1199295
[13:13:28.648]    DEBUG: <PixTest.cc/efficiencyMaps:L412> Create hists HR_xeff_CalDelScan_step17_C0 .. HR_xeff_CalDelScan_step17_C15
[13:13:28.649]    DEBUG: <PixTest.cc/efficiencyMaps:L426> booking xray maps for unmasked detector
[13:13:28.738]    DEBUG: <PixTest.cc/efficiencyMaps:L396>       attempt #0
[13:13:29.404]     INFO: Expecting 41600 events.
[13:13:33.783]     INFO: 41600 events read in total (3852ms).
[13:13:33.790]     INFO: Test took 5052ms.
[13:13:34.022]     INFO: Fetched DAQ statistics. Counters are being reset now.
[13:13:34.022]    DEBUG: <PixTest.cc/efficiencyMaps:L407>  eff result size = 1197066
[13:13:34.022]    DEBUG: <PixTest.cc/efficiencyMaps:L412> Create hists HR_xeff_CalDelScan_step18_C0 .. HR_xeff_CalDelScan_step18_C15
[13:13:34.022]    DEBUG: <PixTest.cc/efficiencyMaps:L426> booking xray maps for unmasked detector
[13:13:34.112]    DEBUG: <PixTest.cc/efficiencyMaps:L396>       attempt #0
[13:13:34.778]     INFO: Expecting 41600 events.
[13:13:39.048]     INFO: 41600 events read in total (3743ms).
[13:13:39.054]     INFO: Test took 4942ms.
[13:13:39.254]     INFO: Fetched DAQ statistics. Counters are being reset now.
[13:13:39.254]    DEBUG: <PixTest.cc/efficiencyMaps:L407>  eff result size = 1196284
[13:13:39.254]    DEBUG: <PixTest.cc/efficiencyMaps:L412> Create hists HR_xeff_CalDelScan_step19_C0 .. HR_xeff_CalDelScan_step19_C15
[13:13:39.255]    DEBUG: <PixTest.cc/efficiencyMaps:L426> booking xray maps for unmasked detector
[13:13:39.562]    DEBUG: <PixTestHighRate.cc/doCalDelScan:L422> roc  0: caldel = 177 eff = 0.995745
[13:13:39.562]    DEBUG: <PixTestHighRate.cc/doCalDelScan:L422> roc  1: caldel = 166 eff = 0.996178
[13:13:39.562]    DEBUG: <PixTestHighRate.cc/doCalDelScan:L422> roc  2: caldel = 174 eff = 0.993293
[13:13:39.562]    DEBUG: <PixTestHighRate.cc/doCalDelScan:L422> roc  3: caldel = 185 eff = 0.98988
[13:13:39.563]    DEBUG: <PixTestHighRate.cc/doCalDelScan:L422> roc  4: caldel = 159 eff = 0.989063
[13:13:39.563]    DEBUG: <PixTestHighRate.cc/doCalDelScan:L422> roc  5: caldel = 176 eff = 0.987356
[13:13:39.563]    DEBUG: <PixTestHighRate.cc/doCalDelScan:L422> roc  6: caldel = 174 eff = 0.93863
[13:13:39.563]    DEBUG: <PixTestHighRate.cc/doCalDelScan:L422> roc  7: caldel = 171 eff = 0.989111
[13:13:39.564]    DEBUG: <PixTestHighRate.cc/doCalDelScan:L422> roc  8: caldel = 181 eff = 0.985721
[13:13:39.564]    DEBUG: <PixTestHighRate.cc/doCalDelScan:L422> roc  9: caldel = 175 eff = 0.984519
[13:13:39.564]    DEBUG: <PixTestHighRate.cc/doCalDelScan:L422> roc 10: caldel = 167 eff = 0.985505
[13:13:39.564]    DEBUG: <PixTestHighRate.cc/doCalDelScan:L422> roc 11: caldel = 156 eff = 0.987019
[13:13:39.565]    DEBUG: <PixTestHighRate.cc/doCalDelScan:L422> roc 12: caldel = 174 eff = 0.987284
[13:13:39.565]    DEBUG: <PixTestHighRate.cc/doCalDelScan:L422> roc 13: caldel = 165 eff = 0.991418
[13:13:39.565]    DEBUG: <PixTestHighRate.cc/doCalDelScan:L422> roc 14: caldel = 170 eff = 0.994399
[13:13:39.565]    DEBUG: <PixTestHighRate.cc/doCalDelScan:L422> roc 15: caldel = 178 eff = 0.994014
[13:13:49.717]    DEBUG: <PixTab.cc/buttonClicked:L308> xxxPressed():  xpixelalive
[13:13:49.717]    DEBUG: <PixTestHighRate.cc/runCommand:L157> running command: xpixelalive
[13:13:49.717]     INFO:    ----------------------------------------------------------------------
[13:13:49.717]     INFO:    PixTestHighRate::xPixelAlive() ntrig = 50, vcal = 200
[13:13:49.718]     INFO:    ----------------------------------------------------------------------
[13:13:49.718]    DEBUG: <PixTestHighRate.cc/doXPixelAlive:L451>  old set: clk: 4
[13:13:49.718]    DEBUG: <PixTestHighRate.cc/doXPixelAlive:L451>  old set: ctr: 4
[13:13:49.718]    DEBUG: <PixTestHighRate.cc/doXPixelAlive:L451>  old set: sda: 19
[13:13:49.718]    DEBUG: <PixTestHighRate.cc/doXPixelAlive:L451>  old set: tin: 9
[13:13:49.718]    DEBUG: <PixTestHighRate.cc/doXPixelAlive:L451>  old set: level: 15
[13:13:49.718]    DEBUG: <PixTestHighRate.cc/doXPixelAlive:L451>  old set: triggerdelay: 0
[13:13:49.718]    DEBUG: <PixTestHighRate.cc/doXPixelAlive:L467>  setting: clk: 4
[13:13:49.718]    DEBUG: <PixTestHighRate.cc/doXPixelAlive:L467>  setting: ctr: 4
[13:13:49.718]    DEBUG: <PixTestHighRate.cc/doXPixelAlive:L467>  setting: sda: 19
[13:13:49.718]    DEBUG: <PixTestHighRate.cc/doXPixelAlive:L467>  setting: tin: 9
[13:13:49.718]    DEBUG: <PixTestHighRate.cc/doXPixelAlive:L467>  setting: level: 15
[13:13:49.718]    DEBUG: <PixTestHighRate.cc/doXPixelAlive:L467>  setting: triggerdelay: 20
[13:13:49.763]     INFO: ROC 6 masking pixel 0/41
[13:13:49.763]     INFO: ROC 6 masking pixel 0/50
[13:13:49.763]     INFO: ROC 6 masking pixel 0/54
[13:13:49.763]     INFO: ROC 6 masking pixel 1/55
[13:13:49.763]     INFO: ROC 6 masking pixel 1/57
[13:13:49.763]     INFO: ROC 6 masking pixel 5/24
[13:13:49.763]     INFO: ROC 6 masking pixel 5/39
[13:13:49.763]     INFO: ROC 6 masking pixel 5/47
[13:13:49.763]     INFO: ROC 6 masking pixel 5/55
[13:13:49.763]     INFO: ROC 6 masking pixel 5/65
[13:13:49.763]     INFO: ROC 6 masking pixel 6/45
[13:13:49.763]     INFO: ROC 6 masking pixel 7/26
[13:13:49.763]     INFO: ROC 6 masking pixel 7/51
[13:13:49.763]     INFO: ROC 6 masking pixel 8/25
[13:13:49.763]     INFO: ROC 6 masking pixel 9/43
[13:13:49.763]     INFO: ROC 6 masking pixel 9/60
[13:13:49.763]     INFO: ROC 6 masking pixel 10/43
[13:13:49.763]     INFO: ROC 6 masking pixel 10/55
[13:13:49.763]     INFO: ROC 6 masking pixel 11/35
[13:13:49.763]     INFO: ROC 6 masking pixel 11/47
[13:13:49.763]     INFO: ROC 6 masking pixel 38/52
[13:13:49.764]    DEBUG: <PixTest.cc/efficiencyMaps:L396>       attempt #0
[13:13:50.432]     INFO: Expecting 208000 events.
[13:14:10.405]     INFO: 208000 events read in total (19446ms).
[13:14:10.432]     INFO: Test took 20668ms.
[13:14:11.569]     INFO: Fetched DAQ statistics. Counters are being reset now.
[13:14:11.569]    DEBUG: <PixTest.cc/efficiencyMaps:L407>  eff result size = 5670325
[13:14:11.569]    DEBUG: <PixTest.cc/efficiencyMaps:L412> Create hists highRate_C0 .. highRate_C15
[13:14:11.570]    DEBUG: <PixTest.cc/efficiencyMaps:L426> booking xray maps for unmasked detector
[13:14:12.171]     INFO: number of dead pixels (per ROC):     0    0    0    0    0    0  181    0    0    0    0    0    0    0    0    0
[13:14:12.171]     INFO: number of red-efficiency pixels:   379  277  737 1188 1435 1402 2232 1330 1566 1675 1597 1423 1323  726  273  387
[13:14:12.171]     INFO: number of X-ray hits detected:    209779 164955 266917 398258 435614 436041 449334 398774 458858 459998 445941 409952 418155 274793 166334 210243
[13:14:12.171]     INFO: number of triggers sent (total per ROC):  208000 208000 208000 208000 208000 208000 208000 208000 208000 208000 208000 208000 208000 208000 208000 208000
[13:14:12.171]     INFO: number of Vcal hits detected:  207604 207705 207051 206500 206114 206087 195455 206231 205957 205611 205816 206036 206216 207014 207703 207584
[13:14:12.171]     INFO: Vcal hit fiducial efficiency (%):  99.8 99.9 99.6 99.3 99.2 99.2 98.4 99.2 99.1 98.9 99.0 99.1 99.2 99.6 99.9 99.8
[13:14:12.171]     INFO: Vcal hit overall efficiency (%):  99.8 99.9 99.5 99.3 99.1 99.1 94.0 99.1 99.0 98.9 99.0 99.1 99.1 99.5 99.9 99.8
[13:14:12.171]     INFO: X-ray hit rate [MHz/cm2]:  61.5 48.3 78.2 116.7 127.7 127.8 131.7 116.9 134.5 134.8 130.7 120.2 122.6 80.5 48.8 61.6
[13:14:12.171]     INFO: PixTestHighRate::doXPixelAlive() done
[13:14:12.217]    DEBUG: <PixTestHighRate.cc/doXPixelAlive:L586>  resetting: clk: 4
[13:14:12.217]    DEBUG: <PixTestHighRate.cc/doXPixelAlive:L586>  resetting: ctr: 4
[13:14:12.217]    DEBUG: <PixTestHighRate.cc/doXPixelAlive:L586>  resetting: sda: 19
[13:14:12.217]    DEBUG: <PixTestHighRate.cc/doXPixelAlive:L586>  resetting: tin: 9
[13:14:12.217]    DEBUG: <PixTestHighRate.cc/doXPixelAlive:L586>  resetting: level: 15
[13:14:12.217]    DEBUG: <PixTestHighRate.cc/doXPixelAlive:L586>  resetting: triggerdelay: 0
[13:14:12.217]     INFO: PixTest::       pg_setup set to default.
[13:16:05.869]    DEBUG: <PixTest.cc/moduleMap:L1029> moduleMap histname: what
[13:16:05.869]    DEBUG: <PixTest.cc/moduleMap:L1039> h1->GetName() = highRate_xraymap_C13_V0 -> highRate_xraymap_mod
[13:16:08.069]    DEBUG: <PixGui.cc/handleButtons:L396> PixGui::exit called
[13:16:08.070]    DEBUG: <PixGui.cc/CloseWindow:L335> Final Analog Current: 393.1mA
[13:16:08.071]    DEBUG: <PixGui.cc/CloseWindow:L336> Final Digital Current: 530.6mA
[13:16:08.071]    DEBUG: <PixGui.cc/CloseWindow:L337> Final Module Temperature: 21.9 C
[13:16:08.071]    DEBUG: <PixTestBBMap.cc/~PixTestBBMap:L97> PixTestBBMap dtor
[13:16:08.071]    DEBUG: <PixTestBB2Map.cc/~PixTestBB2Map:L115> PixTestBB2Map dtor
[13:16:08.071]    DEBUG: <PixTestBB3Map.cc/~PixTestBB3Map:L99> PixTestBB3Map dtor
[13:16:08.071]    DEBUG: <PixTestBB4Map.cc/~PixTestBB4Map:L118> PixTestBB4Map dtor
[13:16:08.071]    DEBUG: <PixTestCmd.cc/~PixTestCmd:L78> PixTestCmd dtor
[13:16:08.071]    DEBUG: <PixTestDaq.cc/~PixTestDaq:L37> PixTestDaq dtor
[13:16:08.071]    DEBUG: <PixTestDacDacScan.cc/~PixTestDacDacScan:L136> PixTestDacDacScan dtor
[13:16:08.071]    DEBUG: <PixTestDacScan.cc/~PixTestDacScan:L129> PixTestDacScan dtor
[13:16:08.072]    DEBUG: <PixTestGainPedestal.cc/~PixTestGainPedestal:L125> PixTestGainPedestal dtor
[13:16:08.072]    DEBUG: <PixTestHighRate.cc/~PixTestHighRate:L245> PixTestHighRate dtor
[13:16:08.171]    DEBUG: <PixTestIV.cc/~PixTestIV:L96> PixTestIV dtor
[13:16:08.171]    DEBUG: <PixTestAlive.cc/~PixTestAlive:L109> PixTestAlive dtor
[13:16:08.171]    DEBUG: <PixTestPretest.cc/~PixTestPretest:L136> PixTestPretest dtor
[13:16:08.171]    DEBUG: <PixTestReadback.cc/~PixTestReadback:L89> PixTestReadback dtor, saving tree ... 
[13:16:08.172]    DEBUG: <PixTestScurves.cc/~PixTestScurves:L142> PixTestScurves dtor
[13:16:08.172]    DEBUG: <PixTestTiming.cc/~PixTestTiming:L97> PixTestTiming dtor
[13:16:08.172]    DEBUG: <PixTestTrim.cc/~PixTestTrim:L103> PixTestTrim dtor
[13:16:08.172]    DEBUG: <PixTestXray.cc/~PixTestXray:L217> PixTestXray dtor
[13:16:08.174]    QUIET: Connection to board 58 closed.
[13:16:08.254]    DEBUG: <PixMonitor.cc/dumpSummaries:L39> PixMonitor::dumpSummaries
