High Rate Efficency Log File Module: mh242

Double Column's with Efficency < 90 % 
Roc: 6 dc: 1 nPixelsDC: 156 rate: 0.0493097 eff: 0
Roc: 6 dc: 1 nPixelsDC: 156 rate: 0.0164366 eff: 0
Roc: 6 dc: 1 nPixelsDC: 156 rate: 0.0246548 eff: 0
Roc: 6 dc: 1 nPixelsDC: 156 rate: 0.00821828 eff: 0
Roc: 6 dc: 1 nPixelsDC: 156 rate: 0.00821828 eff: 0
Eff at 120MHz/cm^2 : ROC : 0 Eff: 0.931645 +/- 0.0823501
Eff at 120MHz/cm^2 : ROC : 1 Eff: 0.991628 +/- 0.00319479
Eff at 120MHz/cm^2 : ROC : 2 Eff: 0.993902 +/- 0.000536674
Eff at 120MHz/cm^2 : ROC : 3 Eff: 0.993738 +/- 0.000399911
Eff at 120MHz/cm^2 : ROC : 4 Eff: 0.993749 +/- 0.000340273
Eff at 120MHz/cm^2 : ROC : 5 Eff: 0.993735 +/- 0.000330198
Eff at 120MHz/cm^2 : ROC : 6 Eff: 0.990447 +/- 0.000431445
Eff at 120MHz/cm^2 : ROC : 7 Eff: 0.993718 +/- 0.000336507
Eff at 120MHz/cm^2 : ROC : 8 Eff: 0.993792 +/- 0.000314279
Eff at 120MHz/cm^2 : ROC : 9 Eff: 0.99351 +/- 0.000290129
Eff at 120MHz/cm^2 : ROC : 10 Eff: 0.993598 +/- 0.000321284
Eff at 120MHz/cm^2 : ROC : 11 Eff: 0.993196 +/- 0.000401144
Eff at 120MHz/cm^2 : ROC : 12 Eff: 0.993839 +/- 0.000340569
Eff at 120MHz/cm^2 : ROC : 13 Eff: 0.994057 +/- 0.000460296
Eff at 120MHz/cm^2 : ROC : 14 Eff: 0.989805 +/- 0.00709008
Eff at 120MHz/cm^2 : ROC : 15 Eff: 0.989097 +/- 0.00477258
High Rate Run: hr
Efficency at 120MHz/cm^2 : mh242 Eff: 0.993344 +/- 0.000103262
