[12:53:59.643]     INFO: *** Welcome to pxar ***
[12:53:59.643]     INFO: *** Today: 2016/01/08
[12:53:59.652]     INFO: *** Version: prod-12
[12:53:59.653]     INFO: readRocDacs: data/mh139/M-H-1-39_ElComandanteTest_2016-01-05_11h04m_1452013478/000_FPIXTest_p17//dacParameters35_C0.dat .. data/mh139/M-H-1-39_ElComandanteTest_2016-01-05_11h04m_1452013478/000_FPIXTest_p17//dacParameters35_C15.dat
[12:53:59.654]     INFO: readTbmDacs: data/mh139/M-H-1-39_ElComandanteTest_2016-01-05_11h04m_1452013478/000_FPIXTest_p17//tbmParameters_C0a.dat .. data/mh139/M-H-1-39_ElComandanteTest_2016-01-05_11h04m_1452013478/000_FPIXTest_p17//tbmParameters_C0b.dat
[12:53:59.654]     INFO: readMaskFile: data/mh139/M-H-1-39_ElComandanteTest_2016-01-05_11h04m_1452013478/000_FPIXTest_p17//defaultMaskFile.dat
[12:53:59.654]     INFO: readTrimFile: data/mh139/M-H-1-39_ElComandanteTest_2016-01-05_11h04m_1452013478/000_FPIXTest_p17//trimParameters35_C0.dat .. data/mh139/M-H-1-39_ElComandanteTest_2016-01-05_11h04m_1452013478/000_FPIXTest_p17//trimParameters35_C15.dat
[12:53:59.806]     INFO:         clk: 4
[12:53:59.806]     INFO:         ctr: 4
[12:53:59.807]     INFO:         sda: 19
[12:53:59.807]     INFO:         tin: 9
[12:53:59.807]     INFO:         level: 15
[12:53:59.807]     INFO:         triggerdelay: 0
[12:53:59.807]    QUIET: Instanciating API for pxar prod-12
[12:53:59.807]     INFO: Log level: DEBUG
[12:53:59.817]    QUIET: Connection to board DTB_WRPRHI opened.
[12:53:59.821]     INFO: DTB startup information
--- DTB info------------------------------------------
Board id:    58
HW version:  DTB1.2
FW version:  4.2
SW version:  4.5
USB id:      DTB_WRPRHI
MAC address: 40D85511803A
Hostname:    pixelDTB058
Comment:     
------------------------------------------------------
[12:53:59.824]     INFO: RPC call hashes of host and DTB match: 398089610
[12:54:01.425]     INFO: DUT info: 
[12:54:01.425]     INFO: The DUT currently contains the following objects:
[12:54:01.425]     INFO:  2 TBM Cores tbm08c (2 ON)
[12:54:01.425]     INFO: 	TBM Core alpha (0): 7 registers set
[12:54:01.425]     INFO: 	TBM Core beta  (1): 7 registers set
[12:54:01.425]     INFO: 16 ROCs psi46digv21respin (16 ON) with 4160 pixelConfigs
[12:54:01.425]     INFO: 	ROC 0: 19 DACs set, Pixels: 0 masked, 0 active.
[12:54:01.426]     INFO: 	ROC 1: 19 DACs set, Pixels: 0 masked, 0 active.
[12:54:01.426]     INFO: 	ROC 2: 19 DACs set, Pixels: 0 masked, 0 active.
[12:54:01.426]     INFO: 	ROC 3: 19 DACs set, Pixels: 0 masked, 0 active.
[12:54:01.426]     INFO: 	ROC 4: 19 DACs set, Pixels: 0 masked, 0 active.
[12:54:01.426]     INFO: 	ROC 5: 19 DACs set, Pixels: 0 masked, 0 active.
[12:54:01.426]     INFO: 	ROC 6: 19 DACs set, Pixels: 0 masked, 0 active.
[12:54:01.426]     INFO: 	ROC 7: 19 DACs set, Pixels: 0 masked, 0 active.
[12:54:01.426]     INFO: 	ROC 8: 19 DACs set, Pixels: 0 masked, 0 active.
[12:54:01.426]     INFO: 	ROC 9: 19 DACs set, Pixels: 0 masked, 0 active.
[12:54:01.426]     INFO: 	ROC 10: 19 DACs set, Pixels: 0 masked, 0 active.
[12:54:01.426]     INFO: 	ROC 11: 19 DACs set, Pixels: 0 masked, 0 active.
[12:54:01.426]     INFO: 	ROC 12: 19 DACs set, Pixels: 0 masked, 0 active.
[12:54:01.426]     INFO: 	ROC 13: 19 DACs set, Pixels: 0 masked, 0 active.
[12:54:01.426]     INFO: 	ROC 14: 19 DACs set, Pixels: 0 masked, 0 active.
[12:54:01.426]     INFO: 	ROC 15: 19 DACs set, Pixels: 0 masked, 0 active.
[12:54:01.426]    DEBUG: <PixTestParameters.cc/dump:L104> PixTestParameters: ->BB<-
[12:54:01.426]    DEBUG: <PixTestParameters.cc/dump:L107>   dumpall: checkbox(0)
[12:54:01.426]    DEBUG: <PixTestParameters.cc/dump:L107>   dumpproblematic: checkbox(0)
[12:54:01.426]    DEBUG: <PixTestParameters.cc/dump:L107>   ntrig: 5
[12:54:01.426]    DEBUG: <PixTestParameters.cc/dump:L107>   vcals: 250
[12:54:01.426]    DEBUG: <PixTestParameters.cc/dump:L104> PixTestParameters: ->BB2<-
[12:54:01.426]    DEBUG: <PixTestParameters.cc/dump:L107>   ntrig: 10
[12:54:01.426]    DEBUG: <PixTestParameters.cc/dump:L107>   vcals: 222
[12:54:01.426]    DEBUG: <PixTestParameters.cc/dump:L107>   plwidth: 35
[12:54:01.427]    DEBUG: <PixTestParameters.cc/dump:L107>   pix: 11,20
[12:54:01.427]    DEBUG: <PixTestParameters.cc/dump:L107>   targetia: 24
[12:54:01.427]    DEBUG: <PixTestParameters.cc/dump:L104> PixTestParameters: ->BB3<-
[12:54:01.427]    DEBUG: <PixTestParameters.cc/dump:L107>   dumpall: checkbox(0)
[12:54:01.427]    DEBUG: <PixTestParameters.cc/dump:L107>   dumpproblematic: checkbox(0)
[12:54:01.427]    DEBUG: <PixTestParameters.cc/dump:L107>   ntrig: 5
[12:54:01.427]    DEBUG: <PixTestParameters.cc/dump:L107>   vcals: 250
[12:54:01.427]    DEBUG: <PixTestParameters.cc/dump:L104> PixTestParameters: ->BB4<-
[12:54:01.427]    DEBUG: <PixTestParameters.cc/dump:L107>   savecaldelscan: checkbox(0)
[12:54:01.427]    DEBUG: <PixTestParameters.cc/dump:L107>   ntrig: 100
[12:54:01.427]    DEBUG: <PixTestParameters.cc/dump:L107>   cals: 1
[12:54:01.427]    DEBUG: <PixTestParameters.cc/dump:L107>   caldello: 80
[12:54:01.427]    DEBUG: <PixTestParameters.cc/dump:L107>   caldelhi: 200
[12:54:01.427]    DEBUG: <PixTestParameters.cc/dump:L107>   caldelstep: 10
[12:54:01.427]    DEBUG: <PixTestParameters.cc/dump:L107>   vthrcomplo: 70
[12:54:01.427]    DEBUG: <PixTestParameters.cc/dump:L107>   vthrcomphi: 130
[12:54:01.427]    DEBUG: <PixTestParameters.cc/dump:L107>   vthrcompstep: 5
[12:54:01.427]    DEBUG: <PixTestParameters.cc/dump:L107>   noisypixels: 10
[12:54:01.427]    DEBUG: <PixTestParameters.cc/dump:L107>   vcal: 255
[12:54:01.427]    DEBUG: <PixTestParameters.cc/dump:L107>   cut: 0.5
[12:54:01.427]    DEBUG: <PixTestParameters.cc/dump:L104> PixTestParameters: ->Cmd<-
[12:54:01.427]    DEBUG: <PixTestParameters.cc/dump:L104> PixTestParameters: ->DAQ<-
[12:54:01.427]    DEBUG: <PixTestParameters.cc/dump:L107>   delaytbm: checkbox
[12:54:01.427]    DEBUG: <PixTestParameters.cc/dump:L107>   filltree: checkbox
[12:54:01.427]    DEBUG: <PixTestParameters.cc/dump:L107>   trgfrequency(khz): 100
[12:54:01.427]    DEBUG: <PixTestParameters.cc/dump:L107>   maskhotpixels: button
[12:54:01.427]    DEBUG: <PixTestParameters.cc/dump:L107>   trgnumber: 5
[12:54:01.427]    DEBUG: <PixTestParameters.cc/dump:L107>   iterations: 10
[12:54:01.427]    DEBUG: <PixTestParameters.cc/dump:L107>   rundaqtrg: button
[12:54:01.427]    DEBUG: <PixTestParameters.cc/dump:L107>   daqseconds: 10
[12:54:01.427]    DEBUG: <PixTestParameters.cc/dump:L107>   rundaqseconds: button
[12:54:01.427]    DEBUG: <PixTestParameters.cc/dump:L104> PixTestParameters: ->DacDacScan<-
[12:54:01.427]    DEBUG: <PixTestParameters.cc/dump:L107>   phmap: checkbox
[12:54:01.427]    DEBUG: <PixTestParameters.cc/dump:L107>   ntrig: 10
[12:54:01.427]    DEBUG: <PixTestParameters.cc/dump:L107>   dac1: caldel
[12:54:01.427]    DEBUG: <PixTestParameters.cc/dump:L107>   dac1lo: 0
[12:54:01.427]    DEBUG: <PixTestParameters.cc/dump:L107>   dac1hi: 255
[12:54:01.427]    DEBUG: <PixTestParameters.cc/dump:L107>   dac2: vthrcomp
[12:54:01.427]    DEBUG: <PixTestParameters.cc/dump:L107>   dac2lo: 0
[12:54:01.427]    DEBUG: <PixTestParameters.cc/dump:L107>   dac2hi: 255
[12:54:01.427]    DEBUG: <PixTestParameters.cc/dump:L107>   pix: 11,20
[12:54:01.427]    DEBUG: <PixTestParameters.cc/dump:L104> PixTestParameters: ->DacScan<-
[12:54:01.427]    DEBUG: <PixTestParameters.cc/dump:L107>   phmap: checkbox(1)
[12:54:01.427]    DEBUG: <PixTestParameters.cc/dump:L107>   allpixels: checkbox(0)
[12:54:01.427]    DEBUG: <PixTestParameters.cc/dump:L107>   unmasked: checkbox(0)
[12:54:01.427]    DEBUG: <PixTestParameters.cc/dump:L107>   ntrig: 10
[12:54:01.427]    DEBUG: <PixTestParameters.cc/dump:L107>   dac: vcal
[12:54:01.427]    DEBUG: <PixTestParameters.cc/dump:L107>   daclo: 0
[12:54:01.427]    DEBUG: <PixTestParameters.cc/dump:L107>   dachi: 255
[12:54:01.427]    DEBUG: <PixTestParameters.cc/dump:L107>   pix: 11,20
[12:54:01.427]    DEBUG: <PixTestParameters.cc/dump:L104> PixTestParameters: ->GainPedestal<-
[12:54:01.427]    DEBUG: <PixTestParameters.cc/dump:L107>   showfits: checkbox(0)
[12:54:01.427]    DEBUG: <PixTestParameters.cc/dump:L107>   extended: checkbox(0)
[12:54:01.427]    DEBUG: <PixTestParameters.cc/dump:L107>   dumphists: checkbox(0)
[12:54:01.427]    DEBUG: <PixTestParameters.cc/dump:L107>   ntrig: 10
[12:54:01.427]    DEBUG: <PixTestParameters.cc/dump:L107>   vcalstep: 10
[12:54:01.427]    DEBUG: <PixTestParameters.cc/dump:L107>   measure: button
[12:54:01.428]    DEBUG: <PixTestParameters.cc/dump:L107>   fit: button
[12:54:01.428]    DEBUG: <PixTestParameters.cc/dump:L107>   save: button
[12:54:01.428]    DEBUG: <PixTestParameters.cc/dump:L104> PixTestParameters: ->HighRate<-
[12:54:01.428]    DEBUG: <PixTestParameters.cc/dump:L107>   pix: 11,20
[12:54:01.428]    DEBUG: <PixTestParameters.cc/dump:L107>   trimhotpixels: button
[12:54:01.428]    DEBUG: <PixTestParameters.cc/dump:L107>   trimhotpixelthr: 200
[12:54:01.428]    DEBUG: <PixTestParameters.cc/dump:L107>   runsecondshotpixels: 10
[12:54:01.428]    DEBUG: <PixTestParameters.cc/dump:L107>   savetrimbits: checkbox(1)
[12:54:01.428]    DEBUG: <PixTestParameters.cc/dump:L107>   maskuntrimmable: checkbox(1)
[12:54:01.428]    DEBUG: <PixTestParameters.cc/dump:L107>   maskhotpixels: button
[12:54:01.428]    DEBUG: <PixTestParameters.cc/dump:L107>   savemaskfile: checkbox(0)
[12:54:01.428]    DEBUG: <PixTestParameters.cc/dump:L107>   maskfilename: default
[12:54:01.428]    DEBUG: <PixTestParameters.cc/dump:L107>   caldelscan: button
[12:54:01.428]    DEBUG: <PixTestParameters.cc/dump:L107>   xpixelalive: button
[12:54:01.428]    DEBUG: <PixTestParameters.cc/dump:L107>   ntrig: 50
[12:54:01.428]    DEBUG: <PixTestParameters.cc/dump:L107>   vcal: 200
[12:54:01.428]    DEBUG: <PixTestParameters.cc/dump:L107>   xnoisemaps: button
[12:54:01.428]    DEBUG: <PixTestParameters.cc/dump:L107>   daclo: 0
[12:54:01.428]    DEBUG: <PixTestParameters.cc/dump:L107>   dachi: 100
[12:54:01.428]    DEBUG: <PixTestParameters.cc/dump:L107>   dacs/step: 20
[12:54:01.428]    DEBUG: <PixTestParameters.cc/dump:L107>   rundaq: button
[12:54:01.428]    DEBUG: <PixTestParameters.cc/dump:L107>   trgfrequency(khz): 20
[12:54:01.428]    DEBUG: <PixTestParameters.cc/dump:L107>   runseconds: 2
[12:54:01.428]    DEBUG: <PixTestParameters.cc/dump:L107>   triggerdelay: 20
[12:54:01.428]    DEBUG: <PixTestParameters.cc/dump:L107>   delaytbm: checkbox
[12:54:01.428]    DEBUG: <PixTestParameters.cc/dump:L107>   filltree: checkbox
[12:54:01.428]    DEBUG: <PixTestParameters.cc/dump:L104> PixTestParameters: ->IV<-
[12:54:01.428]    DEBUG: <PixTestParameters.cc/dump:L107>   port: /dev/ttyS0
[12:54:01.428]    DEBUG: <PixTestParameters.cc/dump:L107>   voltagestart: 0
[12:54:01.428]    DEBUG: <PixTestParameters.cc/dump:L107>   voltagestop: 600
[12:54:01.428]    DEBUG: <PixTestParameters.cc/dump:L107>   voltagestep: 5
[12:54:01.428]    DEBUG: <PixTestParameters.cc/dump:L107>   delay: 1
[12:54:01.428]    DEBUG: <PixTestParameters.cc/dump:L107>   compliance(ua): 100
[12:54:01.428]    DEBUG: <PixTestParameters.cc/dump:L104> PixTestParameters: ->PhOptimization<-
[12:54:01.428]    DEBUG: <PixTestParameters.cc/dump:L107>   ntrig: 10
[12:54:01.428]    DEBUG: <PixTestParameters.cc/dump:L107>   safetymarginlow: 20
[12:54:01.428]    DEBUG: <PixTestParameters.cc/dump:L107>   saturationvcal: 100
[12:54:01.428]    DEBUG: <PixTestParameters.cc/dump:L107>   quantilesaturation: 0.98
[12:54:01.428]    DEBUG: <PixTestParameters.cc/dump:L104> PixTestParameters: ->PixelAlive<-
[12:54:01.428]    DEBUG: <PixTestParameters.cc/dump:L107>   ntrig: 10
[12:54:01.428]    DEBUG: <PixTestParameters.cc/dump:L107>   vcal: 200
[12:54:01.428]    DEBUG: <PixTestParameters.cc/dump:L107>   alivetest: button
[12:54:01.428]    DEBUG: <PixTestParameters.cc/dump:L107>   masktest: button
[12:54:01.428]    DEBUG: <PixTestParameters.cc/dump:L107>   addressdecodingtest: button
[12:54:01.428]    DEBUG: <PixTestParameters.cc/dump:L104> PixTestParameters: ->Pretest<-
[12:54:01.428]    DEBUG: <PixTestParameters.cc/dump:L107>   programroc: button
[12:54:01.428]    DEBUG: <PixTestParameters.cc/dump:L107>   targetia: 24
[12:54:01.428]    DEBUG: <PixTestParameters.cc/dump:L107>   setvana: button
[12:54:01.428]    DEBUG: <PixTestParameters.cc/dump:L107>   iterations: 100
[12:54:01.428]    DEBUG: <PixTestParameters.cc/dump:L107>   settimings: button
[12:54:01.428]    DEBUG: <PixTestParameters.cc/dump:L107>   findtiming: button
[12:54:01.428]    DEBUG: <PixTestParameters.cc/dump:L107>   findworkingpixel: button
[12:54:01.428]    DEBUG: <PixTestParameters.cc/dump:L107>   setvthrcompcaldel: button
[12:54:01.428]    DEBUG: <PixTestParameters.cc/dump:L107>   pix: 11,20
[12:54:01.428]    DEBUG: <PixTestParameters.cc/dump:L107>   vcal: 250
[12:54:01.428]    DEBUG: <PixTestParameters.cc/dump:L107>   deltavthrcomp: 50
[12:54:01.428]    DEBUG: <PixTestParameters.cc/dump:L107>   fraccaldel: 0.5
[12:54:01.428]    DEBUG: <PixTestParameters.cc/dump:L107>   ntrig: 5
[12:54:01.429]    DEBUG: <PixTestParameters.cc/dump:L107>   savedacs: button
[12:54:01.429]    DEBUG: <PixTestParameters.cc/dump:L104> PixTestParameters: ->Readback<-
[12:54:01.429]    DEBUG: <PixTestParameters.cc/dump:L107>   calibratevd: button
[12:54:01.429]    DEBUG: <PixTestParameters.cc/dump:L107>   calibrateva: button
[12:54:01.429]    DEBUG: <PixTestParameters.cc/dump:L107>   calibrateia: button
[12:54:01.429]    DEBUG: <PixTestParameters.cc/dump:L107>   readbackvbg: button
[12:54:01.429]    DEBUG: <PixTestParameters.cc/dump:L107>   getcalibratedvbg: button
[12:54:01.429]    DEBUG: <PixTestParameters.cc/dump:L107>   usecalvd: checkbox(1)
[12:54:01.429]    DEBUG: <PixTestParameters.cc/dump:L107>   usecalva: checkbox(0)
[12:54:01.429]    DEBUG: <PixTestParameters.cc/dump:L107>   setvana: button
[12:54:01.429]    DEBUG: <PixTestParameters.cc/dump:L104> PixTestParameters: ->Scurves<-
[12:54:01.429]    DEBUG: <PixTestParameters.cc/dump:L107>   adjustvcal: checkbox(0)
[12:54:01.429]    DEBUG: <PixTestParameters.cc/dump:L107>   dumpall: checkbox(0)
[12:54:01.429]    DEBUG: <PixTestParameters.cc/dump:L107>   dumpproblematic: checkbox(0)
[12:54:01.429]    DEBUG: <PixTestParameters.cc/dump:L107>   dumpoutputfile: checkbox(0)
[12:54:01.429]    DEBUG: <PixTestParameters.cc/dump:L107>   ntrig: 50
[12:54:01.429]    DEBUG: <PixTestParameters.cc/dump:L107>   dac: Vcal
[12:54:01.429]    DEBUG: <PixTestParameters.cc/dump:L107>   daclo: 5
[12:54:01.429]    DEBUG: <PixTestParameters.cc/dump:L107>   dachi: 75
[12:54:01.429]    DEBUG: <PixTestParameters.cc/dump:L107>   dacs/step: -1
[12:54:01.429]    DEBUG: <PixTestParameters.cc/dump:L107>   ntrig/step: -1
[12:54:01.429]    DEBUG: <PixTestParameters.cc/dump:L107>   scurves: button
[12:54:01.429]    DEBUG: <PixTestParameters.cc/dump:L104> PixTestParameters: ->Timing<-
[12:54:01.429]    DEBUG: <PixTestParameters.cc/dump:L107>   targetclk: 4
[12:54:01.429]    DEBUG: <PixTestParameters.cc/dump:L107>   ntrig: 10
[12:54:01.429]    DEBUG: <PixTestParameters.cc/dump:L107>   clocksdascan: button
[12:54:01.429]    DEBUG: <PixTestParameters.cc/dump:L107>   notokenpass: checkbox(0)
[12:54:01.429]    DEBUG: <PixTestParameters.cc/dump:L107>   phasescan: button
[12:54:01.429]    DEBUG: <PixTestParameters.cc/dump:L107>   levelscan: button
[12:54:01.429]    DEBUG: <PixTestParameters.cc/dump:L107>   tbmphasescan: button
[12:54:01.429]    DEBUG: <PixTestParameters.cc/dump:L107>   rocdelayscan: button
[12:54:01.429]    DEBUG: <PixTestParameters.cc/dump:L107>   timingtest: button
[12:54:01.429]    DEBUG: <PixTestParameters.cc/dump:L107>   saveparameters: button
[12:54:01.429]    DEBUG: <PixTestParameters.cc/dump:L104> PixTestParameters: ->Trim<-
[12:54:01.429]    DEBUG: <PixTestParameters.cc/dump:L107>   trim: button
[12:54:01.429]    DEBUG: <PixTestParameters.cc/dump:L107>   ntrig: 8
[12:54:01.429]    DEBUG: <PixTestParameters.cc/dump:L107>   vcal: 35
[12:54:01.429]    DEBUG: <PixTestParameters.cc/dump:L107>   trimbits: button
[12:54:01.429]    DEBUG: <PixTestParameters.cc/dump:L104> PixTestParameters: ->Xray<-
[12:54:01.429]    DEBUG: <PixTestParameters.cc/dump:L107>   maskhotpixels: button
[12:54:01.429]    DEBUG: <PixTestParameters.cc/dump:L107>   savemaskfile: checkbox(0)
[12:54:01.429]    DEBUG: <PixTestParameters.cc/dump:L107>   maskfilename: default
[12:54:01.429]    DEBUG: <PixTestParameters.cc/dump:L107>   source: Ag
[12:54:01.429]    DEBUG: <PixTestParameters.cc/dump:L107>   phrun: button
[12:54:01.429]    DEBUG: <PixTestParameters.cc/dump:L107>   runseconds: 160
[12:54:01.429]    DEBUG: <PixTestParameters.cc/dump:L107>   trgfrequency(khz): 100
[12:54:01.429]    DEBUG: <PixTestParameters.cc/dump:L107>   ratescan: button
[12:54:01.429]    DEBUG: <PixTestParameters.cc/dump:L107>   vthrcompmin: 10
[12:54:01.429]    DEBUG: <PixTestParameters.cc/dump:L107>   vthrcompmax: 80
[12:54:01.429]    DEBUG: <PixTestParameters.cc/dump:L107>   stepseconds: 5
[12:54:01.429]    DEBUG: <PixTestParameters.cc/dump:L107>   delaytbm: checkbox
[12:54:01.429]    DEBUG: <PixTestParameters.cc/dump:L107>   filltree: checkbox
[12:54:01.432]    DEBUG: <PixSetup.cc/init:L81> PixSetup init start; getCurrentRSS() = 33648640
[12:54:01.432]    DEBUG: <PixSetup.cc/init:L87> fPixTestParameters = 0x1bd13d0
[12:54:01.432]    DEBUG: <PixSetup.cc/init:L88>  fConfigParameters = 0x1b46c10
[12:54:01.432]    DEBUG: <PixSetup.cc/init:L89>        fPxarMemory = 0x7fd269d94010
[12:54:01.432]    DEBUG: <PixSetup.cc/init:L90>         fPxarMemHi = 0x7fd26ffff510
[12:54:01.432]    DEBUG: <PixSetup.cc/init:L106> PixSetup init done;  getCurrentRSS() = 33656832 fPxarMemory = 0x7fd269d94010
[12:54:01.433]    DEBUG: <pXar.cc/main:L223> Initial Analog Current: 389.9mA
[12:54:01.434]    DEBUG: <pXar.cc/main:L224> Initial Digital Current: 477.5mA
[12:54:01.434]    DEBUG: <pXar.cc/main:L225> Initial Module Temperature: 21.3 C
[12:54:01.933]    DEBUG: <PixGui.cc/hvOn:L460> HV set On: 0x218f740
[12:54:01.996]    DEBUG: <PixTestFactory.cc/PixTestFactory:L53> PixTestFactory::PixTestFactory()
[12:54:01.996]    DEBUG: <PixTestBBMap.cc/init:L79> PixTestBBMap::init()
[12:54:01.996]    DEBUG: <PixTestBBMap.cc/PixTestBBMap:L27> PixTestBBMap ctor(PixSetup &a, string, TGTab *)
[12:54:02.002]    DEBUG: <PixTestBB2Map.cc/setParameter:L58> setting fTargetIa    = 24 mA/ROC
[12:54:02.002]    DEBUG: <PixTestBB2Map.cc/init:L97> PixTestBB2Map::init()
[12:54:02.002]    DEBUG: <PixTestBB2Map.cc/PixTestBB2Map:L29> PixTestBB2Map ctor(PixSetup &a, string, TGTab *)
[12:54:02.014]    DEBUG: <PixTestBB3Map.cc/init:L81> PixTestBB3Map::init()
[12:54:02.015]    DEBUG: <PixTestBB3Map.cc/PixTestBB3Map:L29> PixTestBB3Map ctor(PixSetup &a, string, TGTab *)
[12:54:02.045]    DEBUG: <PixTestBB4Map.cc/init:L93> PixTestBB4Map::init()
[12:54:02.045]    DEBUG: <PixTestBB4Map.cc/PixTestBB4Map:L26> PixTestMapeff ctor(PixSetup &a, string, TGTab *)
[12:54:02.060]     INFO: PixTestCmd::init()
[12:54:02.072]    DEBUG: <PixTestDaq.cc/init:L44> PixTestDaq::init()
[12:54:02.073]    DEBUG: <PixTestDaq.cc/PixTestDaq:L22> PixTestDaq ctor(PixSetup &a, string, TGTab *)
[12:54:02.073]     INFO: readGainPedestalParameters data/mh139/M-H-1-39_ElComandanteTest_2016-01-05_11h04m_1452013478/000_FPIXTest_p17//phCalibrationFitErr35_C0.dat .. data/mh139/M-H-1-39_ElComandanteTest_2016-01-05_11h04m_1452013478/000_FPIXTest_p17//phCalibrationFitErr35_C15.dat
[12:54:02.318]    DEBUG: <PixTestDacDacScan.cc/init:L103> PixTestDacDacScan::init()
[12:54:02.318]    DEBUG: <PixTestDacDacScan.cc/PixTestDacDacScan:L22> PixTestDacDacScan ctor(PixSetup &a, string, TGTab *)
[12:54:02.333]    DEBUG: <PixTestGainPedestal.cc/setParameter:L83> PixTestGainPedestal::PixTest() fVcalStep = 10
[12:54:02.340]    DEBUG: <PixTestHighRate.cc/setParameter:L68>   setting fParTriggerFrequency -> 20
[12:54:02.340]    DEBUG: <PixTestHighRate.cc/init:L198> PixTestHighRate::init()
[12:54:02.340]    DEBUG: <PixTestHighRate.cc/PixTestHighRate:L31> PixTestHighRate ctor(PixSetup &a, string, TGTab *)
[12:54:02.368]    DEBUG: <PixTest.cc/setTestParameter:L637>  setting  ntrig to new value 10
[12:54:02.368]    DEBUG: <PixTestPhOptimization.cc/setParameter:L37>   setting fParNtrig  ->10<- from sval = 10
[12:54:02.368]    DEBUG: <PixTestPhOptimization.cc/setParameter:L42>   setting fSafetyMarginLow  ->20<- from sval = 20
[12:54:02.368]    DEBUG: <PixTestPhOptimization.cc/setParameter:L48>   setting fVcalMax  ->100<- from sval = 100
[12:54:02.368]    DEBUG: <PixTestPhOptimization.cc/setParameter:L53>   setting fQuantMax  ->0.98<- from sval = 0.98
[12:54:02.374]    DEBUG: <PixTestAlive.cc/init:L77> PixTestAlive::init()
[12:54:02.374]    DEBUG: <PixTestAlive.cc/PixTestAlive:L21> PixTestAlive ctor(PixSetup &a, string, TGTab *)
[12:54:02.398]    DEBUG: <PixTestReadback.cc/setParameter:L172> fCalwVd set to 1
[12:54:02.398]    DEBUG: <PixTestReadback.cc/init:L95> PixTestReadback::init()
[12:54:02.398]    DEBUG: <PixTestReadback.cc/PixTestReadback:L22> PixTestReadback ctor(PixSetup &a, string, TGTab *)
[12:54:02.398]     INFO: readReadbackCal: data/mh139/M-H-1-39_ElComandanteTest_2016-01-05_11h04m_1452013478/000_FPIXTest_p17//readbackCal_C0.dat .. data/mh139/M-H-1-39_ElComandanteTest_2016-01-05_11h04m_1452013478/000_FPIXTest_p17//readbackCal_C15.dat
[12:54:02.410]    DEBUG: <PixTestScurves.cc/setParameter:L93> set fOutputFilename = 
[12:54:02.425]    DEBUG: <PixTestTiming.cc/setParameter:L60> PixTestTiming::PixTest() targetclk = 4
[12:54:02.425]    DEBUG: <PixTestTiming.cc/setParameter:L64> PixTestTiming::PixTest() ntrig = 10
[12:54:02.425]    DEBUG: <PixTestTiming.cc/setParameter:L48> fNoTokenPass: 0
[12:54:02.425]    DEBUG: <PixTestTiming.cc/init:L74> PixTestTiming::init()
[12:54:02.438]    DEBUG: <PixTestXray.cc/init:L134> PixTestXray::init()
[12:54:02.438]    DEBUG: <PixTestXray.cc/PixTestXray:L28> PixTestXray ctor(PixSetup &a, string, TGTab *)
[12:54:08.009]    DEBUG: <PixTab.cc/setParameter:L391> xxxPressed():  ID = 1 -> source to value Cu
[12:54:12.513]     INFO: ######################################################################
[12:54:12.513]     INFO: PixTestXray::doTest()
[12:54:12.513]     INFO: ######################################################################
[12:54:12.513]     INFO:    ----------------------------------------------------------------------
[12:54:12.513]     INFO:    PixTestXray::doPhRun() fParRunSeconds = 160
[12:54:12.513]     INFO:    ----------------------------------------------------------------------
[12:54:13.487]     INFO: PixTestXray::doPhRun start TriggerLoop with trigger frequency 100 kHz, period 405 and duration 160 seconds,  fEventsMax = 16000000
[12:54:30.601]     INFO: run duration 17 seconds, buffer almost full (81%), pausing triggers.
[12:54:30.605]    DEBUG: <PixTestXray.cc/processData:L739> Getting Event Buffer
[12:54:58.397]    DEBUG: <PixTestXray.cc/processData:L757> Processing Data: 1686167 events.
[12:54:58.430]    DEBUG: <PixTestXray.cc/processData:L808>  # events read: 1686167, pixels seen in all events: 17162
[12:54:58.545]     INFO: Resuming triggers.
[12:55:15.660]     INFO: run duration 34 seconds, buffer almost full (81%), pausing triggers.
[12:55:15.684]    DEBUG: <PixTestXray.cc/processData:L739> Getting Event Buffer
[12:55:43.373]    DEBUG: <PixTestXray.cc/processData:L757> Processing Data: 1686164 events.
[12:55:43.405]    DEBUG: <PixTestXray.cc/processData:L808>  # events read: 1686164, pixels seen in all events: 17093
[12:55:43.522]     INFO: Resuming triggers.
[12:56:00.637]     INFO: run duration 51 seconds, buffer almost full (81%), pausing triggers.
[12:56:00.660]    DEBUG: <PixTestXray.cc/processData:L739> Getting Event Buffer
[12:56:28.309]    DEBUG: <PixTestXray.cc/processData:L757> Processing Data: 1686181 events.
[12:56:28.343]    DEBUG: <PixTestXray.cc/processData:L808>  # events read: 1686181, pixels seen in all events: 16878
[12:56:28.390]     INFO: Resuming triggers.
[12:56:45.505]     INFO: run duration 68 seconds, buffer almost full (81%), pausing triggers.
[12:56:45.529]    DEBUG: <PixTestXray.cc/processData:L739> Getting Event Buffer
[12:57:13.268]    DEBUG: <PixTestXray.cc/processData:L757> Processing Data: 1686138 events.
[12:57:13.300]    DEBUG: <PixTestXray.cc/processData:L808>  # events read: 1686138, pixels seen in all events: 17034
[12:57:13.363]     INFO: Resuming triggers.
[12:57:30.477]     INFO: run duration 85 seconds, buffer almost full (81%), pausing triggers.
[12:57:30.502]    DEBUG: <PixTestXray.cc/processData:L739> Getting Event Buffer
[12:57:58.221]    DEBUG: <PixTestXray.cc/processData:L757> Processing Data: 1686116 events.
[12:57:58.252]    DEBUG: <PixTestXray.cc/processData:L808>  # events read: 1686116, pixels seen in all events: 17235
[12:57:58.333]     INFO: Resuming triggers.
[12:58:15.448]     INFO: run duration 102 seconds, buffer almost full (81%), pausing triggers.
[12:58:15.476]    DEBUG: <PixTestXray.cc/processData:L739> Getting Event Buffer
[12:58:43.247]    DEBUG: <PixTestXray.cc/processData:L757> Processing Data: 1686139 events.
[12:58:43.280]    DEBUG: <PixTestXray.cc/processData:L808>  # events read: 1686139, pixels seen in all events: 16917
[12:58:43.361]     INFO: Resuming triggers.
[12:59:00.477]     INFO: run duration 119 seconds, buffer almost full (81%), pausing triggers.
[12:59:00.503]    DEBUG: <PixTestXray.cc/processData:L739> Getting Event Buffer
[12:59:28.218]    DEBUG: <PixTestXray.cc/processData:L757> Processing Data: 1686152 events.
[12:59:28.251]    DEBUG: <PixTestXray.cc/processData:L808>  # events read: 1686152, pixels seen in all events: 16905
[12:59:28.331]     INFO: Resuming triggers.
[12:59:45.446]     INFO: run duration 136 seconds, buffer almost full (81%), pausing triggers.
[12:59:45.476]    DEBUG: <PixTestXray.cc/processData:L739> Getting Event Buffer
[13:00:13.232]    DEBUG: <PixTestXray.cc/processData:L757> Processing Data: 1686165 events.
[13:00:13.264]    DEBUG: <PixTestXray.cc/processData:L808>  # events read: 1686165, pixels seen in all events: 17080
[13:00:13.380]     INFO: Resuming triggers.
[13:00:30.495]     INFO: run duration 153 seconds, buffer almost full (81%), pausing triggers.
[13:00:30.526]    DEBUG: <PixTestXray.cc/processData:L739> Getting Event Buffer
[13:00:58.309]    DEBUG: <PixTestXray.cc/processData:L757> Processing Data: 1686141 events.
[13:00:58.342]    DEBUG: <PixTestXray.cc/processData:L808>  # events read: 1686141, pixels seen in all events: 17024
[13:00:58.457]     INFO: Resuming triggers.
[13:01:04.639]     INFO: data taking finished, elapsed time: 160 seconds.
[13:01:04.836]    DEBUG: <PixTestXray.cc/processData:L739> Getting Event Buffer
[13:01:14.938]    DEBUG: <PixTestXray.cc/processData:L757> Processing Data: 609075 events.
[13:01:14.950]    DEBUG: <PixTestXray.cc/processData:L808>  # events read: 609075, pixels seen in all events: 6090
[13:01:15.119]     INFO: PixTest::       pg_setup set to default.
[13:01:15.164]     INFO: PixTestXray::doPhRun() done
[13:01:15.164]     INFO: PixTestXray::doTest() done 
[13:03:40.281]    DEBUG: <PixTest.cc/moduleMap:L1029> moduleMap histname: what
[13:03:40.281]    DEBUG: <PixTest.cc/moduleMap:L1039> h1->GetName() = phMap_Cu_C3_V0 -> phMap_Cu_mod
[13:04:05.017]    DEBUG: <PixTab.cc/setParameter:L391> xxxPressed():  ID = 1 -> source to value Ag
[13:15:12.858]    DEBUG: <PixParTab.cc/updateParameters:L646> PixParTab::updateParameters: 
[13:17:46.210]     INFO: ######################################################################
[13:17:46.210]     INFO: PixTestXray::doTest()
[13:17:46.210]     INFO: ######################################################################
[13:17:46.210]     INFO:    ----------------------------------------------------------------------
[13:17:46.210]     INFO:    PixTestXray::doPhRun() fParRunSeconds = 160
[13:17:46.210]     INFO:    ----------------------------------------------------------------------
[13:17:46.252]    DEBUG: <PixTestXray.cc/doPhRun:L270> booking new histograms as source name has changed
[13:17:47.213]     INFO: PixTestXray::doPhRun start TriggerLoop with trigger frequency 100 kHz, period 405 and duration 160 seconds,  fEventsMax = 16000000
[13:18:04.328]     INFO: run duration 17 seconds, buffer almost full (81%), pausing triggers.
[13:18:04.369]    DEBUG: <PixTestXray.cc/processData:L739> Getting Event Buffer
[13:18:32.129]    DEBUG: <PixTestXray.cc/processData:L757> Processing Data: 1686224 events.
[13:18:32.158]    DEBUG: <PixTestXray.cc/processData:L808>  # events read: 1686224, pixels seen in all events: 16212
[13:18:32.276]     INFO: Resuming triggers.
[13:18:49.392]     INFO: run duration 34 seconds, buffer almost full (81%), pausing triggers.
[13:18:49.415]    DEBUG: <PixTestXray.cc/processData:L739> Getting Event Buffer
[13:19:17.192]    DEBUG: <PixTestXray.cc/processData:L757> Processing Data: 1686252 events.
[13:19:17.221]    DEBUG: <PixTestXray.cc/processData:L808>  # events read: 1686252, pixels seen in all events: 16083
[13:19:17.340]     INFO: Resuming triggers.
[13:19:34.457]     INFO: run duration 51 seconds, buffer almost full (81%), pausing triggers.
[13:19:34.481]    DEBUG: <PixTestXray.cc/processData:L739> Getting Event Buffer
[13:20:01.922]    DEBUG: <PixTestXray.cc/processData:L757> Processing Data: 1686276 events.
[13:20:01.952]    DEBUG: <PixTestXray.cc/processData:L808>  # events read: 1686276, pixels seen in all events: 15745
[13:20:02.069]     INFO: Resuming triggers.
[13:20:19.185]     INFO: run duration 68 seconds, buffer almost full (81%), pausing triggers.
[13:20:19.224]    DEBUG: <PixTestXray.cc/processData:L739> Getting Event Buffer
[13:20:46.810]    DEBUG: <PixTestXray.cc/processData:L757> Processing Data: 1686217 events.
[13:20:46.840]    DEBUG: <PixTestXray.cc/processData:L808>  # events read: 1686217, pixels seen in all events: 16000
[13:20:46.935]     INFO: Resuming triggers.
[13:21:04.051]     INFO: run duration 85 seconds, buffer almost full (81%), pausing triggers.
[13:21:04.080]    DEBUG: <PixTestXray.cc/processData:L739> Getting Event Buffer
[13:21:31.633]    DEBUG: <PixTestXray.cc/processData:L757> Processing Data: 1686229 events.
[13:21:31.661]    DEBUG: <PixTestXray.cc/processData:L808>  # events read: 1686229, pixels seen in all events: 16012
[13:21:31.747]     INFO: Resuming triggers.
[13:21:48.862]     INFO: run duration 102 seconds, buffer almost full (81%), pausing triggers.
[13:21:48.903]    DEBUG: <PixTestXray.cc/processData:L739> Getting Event Buffer
[13:22:16.316]    DEBUG: <PixTestXray.cc/processData:L757> Processing Data: 1686201 events.
[13:22:16.347]    DEBUG: <PixTestXray.cc/processData:L808>  # events read: 1686201, pixels seen in all events: 16245
[13:22:16.429]     INFO: Resuming triggers.
[13:22:33.545]     INFO: run duration 119 seconds, buffer almost full (81%), pausing triggers.
[13:22:33.578]    DEBUG: <PixTestXray.cc/processData:L739> Getting Event Buffer
[13:23:00.741]    DEBUG: <PixTestXray.cc/processData:L757> Processing Data: 1686245 events.
[13:23:00.771]    DEBUG: <PixTestXray.cc/processData:L808>  # events read: 1686245, pixels seen in all events: 16047
[13:23:00.879]     INFO: Resuming triggers.
[13:23:17.995]     INFO: run duration 136 seconds, buffer almost full (81%), pausing triggers.
[13:23:18.026]    DEBUG: <PixTestXray.cc/processData:L739> Getting Event Buffer
[13:23:45.436]    DEBUG: <PixTestXray.cc/processData:L757> Processing Data: 1686251 events.
[13:23:45.469]    DEBUG: <PixTestXray.cc/processData:L808>  # events read: 1686251, pixels seen in all events: 16011
[13:23:45.576]     INFO: Resuming triggers.
[13:24:02.692]     INFO: run duration 153 seconds, buffer almost full (81%), pausing triggers.
[13:24:02.733]    DEBUG: <PixTestXray.cc/processData:L739> Getting Event Buffer
[13:24:30.046]    DEBUG: <PixTestXray.cc/processData:L757> Processing Data: 1686238 events.
[13:24:30.077]    DEBUG: <PixTestXray.cc/processData:L808>  # events read: 1686238, pixels seen in all events: 16062
[13:24:30.180]     INFO: Resuming triggers.
[13:24:36.361]     INFO: data taking finished, elapsed time: 160 seconds.
[13:24:36.556]    DEBUG: <PixTestXray.cc/processData:L739> Getting Event Buffer
[13:24:46.696]    DEBUG: <PixTestXray.cc/processData:L757> Processing Data: 608842 events.
[13:24:46.707]    DEBUG: <PixTestXray.cc/processData:L808>  # events read: 608842, pixels seen in all events: 5955
[13:24:46.875]     INFO: PixTest::       pg_setup set to default.
[13:24:46.914]     INFO: PixTestXray::doPhRun() done
[13:24:46.914]     INFO: PixTestXray::doTest() done 
[13:36:01.890]    DEBUG: <PixTab.cc/setParameter:L391> xxxPressed():  ID = 1 -> source to value Sn
[13:36:45.986]     INFO: ######################################################################
[13:36:45.986]     INFO: PixTestXray::doTest()
[13:36:45.986]     INFO: ######################################################################
[13:36:45.986]     INFO:    ----------------------------------------------------------------------
[13:36:45.986]     INFO:    PixTestXray::doPhRun() fParRunSeconds = 160
[13:36:45.986]     INFO:    ----------------------------------------------------------------------
[13:36:46.033]    DEBUG: <PixTestXray.cc/doPhRun:L270> booking new histograms as source name has changed
[13:36:46.994]     INFO: PixTestXray::doPhRun start TriggerLoop with trigger frequency 100 kHz, period 405 and duration 160 seconds,  fEventsMax = 16000000
[13:37:04.111]     INFO: run duration 17 seconds, buffer almost full (81%), pausing triggers.
[13:37:04.155]    DEBUG: <PixTestXray.cc/processData:L739> Getting Event Buffer
[13:37:31.812]    DEBUG: <PixTestXray.cc/processData:L757> Processing Data: 1686386 events.
[13:37:31.839]    DEBUG: <PixTestXray.cc/processData:L808>  # events read: 1686386, pixels seen in all events: 14180
[13:37:31.961]     INFO: Resuming triggers.
[13:37:49.079]     INFO: run duration 34 seconds, buffer almost full (81%), pausing triggers.
[13:37:49.102]    DEBUG: <PixTestXray.cc/processData:L739> Getting Event Buffer
[13:38:16.887]    DEBUG: <PixTestXray.cc/processData:L757> Processing Data: 1686420 events.
[13:38:16.913]    DEBUG: <PixTestXray.cc/processData:L808>  # events read: 1686420, pixels seen in all events: 13936
[13:38:17.035]     INFO: Resuming triggers.
[13:38:34.153]     INFO: run duration 51 seconds, buffer almost full (81%), pausing triggers.
[13:38:34.176]    DEBUG: <PixTestXray.cc/processData:L739> Getting Event Buffer
[13:39:01.950]    DEBUG: <PixTestXray.cc/processData:L757> Processing Data: 1686397 events.
[13:39:01.977]    DEBUG: <PixTestXray.cc/processData:L808>  # events read: 1686397, pixels seen in all events: 14034
[13:39:02.098]     INFO: Resuming triggers.
[13:39:19.216]     INFO: run duration 68 seconds, buffer almost full (81%), pausing triggers.
[13:39:19.239]    DEBUG: <PixTestXray.cc/processData:L739> Getting Event Buffer
[13:39:46.931]    DEBUG: <PixTestXray.cc/processData:L757> Processing Data: 1686411 events.
[13:39:46.957]    DEBUG: <PixTestXray.cc/processData:L808>  # events read: 1686411, pixels seen in all events: 14031
[13:39:47.080]     INFO: Resuming triggers.
[13:40:04.198]     INFO: run duration 85 seconds, buffer almost full (81%), pausing triggers.
[13:40:04.226]    DEBUG: <PixTestXray.cc/processData:L739> Getting Event Buffer
[13:40:31.961]    DEBUG: <PixTestXray.cc/processData:L757> Processing Data: 1686423 events.
[13:40:31.988]    DEBUG: <PixTestXray.cc/processData:L808>  # events read: 1686423, pixels seen in all events: 13945
[13:40:32.110]     INFO: Resuming triggers.
[13:40:49.227]     INFO: run duration 102 seconds, buffer almost full (81%), pausing triggers.
[13:40:49.254]    DEBUG: <PixTestXray.cc/processData:L739> Getting Event Buffer
[13:41:16.815]    DEBUG: <PixTestXray.cc/processData:L757> Processing Data: 1686374 events.
[13:41:16.841]    DEBUG: <PixTestXray.cc/processData:L808>  # events read: 1686374, pixels seen in all events: 14085
[13:41:16.963]     INFO: Resuming triggers.
[13:41:34.081]     INFO: run duration 119 seconds, buffer almost full (81%), pausing triggers.
[13:41:34.108]    DEBUG: <PixTestXray.cc/processData:L739> Getting Event Buffer
[13:42:01.801]    DEBUG: <PixTestXray.cc/processData:L757> Processing Data: 1686387 events.
[13:42:01.827]    DEBUG: <PixTestXray.cc/processData:L808>  # events read: 1686387, pixels seen in all events: 13934
[13:42:01.950]     INFO: Resuming triggers.
[13:42:19.068]     INFO: run duration 136 seconds, buffer almost full (81%), pausing triggers.
[13:42:19.097]    DEBUG: <PixTestXray.cc/processData:L739> Getting Event Buffer
[13:42:46.676]    DEBUG: <PixTestXray.cc/processData:L757> Processing Data: 1686436 events.
[13:42:46.702]    DEBUG: <PixTestXray.cc/processData:L808>  # events read: 1686436, pixels seen in all events: 13864
[13:42:46.824]     INFO: Resuming triggers.
[13:43:03.942]     INFO: run duration 153 seconds, buffer almost full (81%), pausing triggers.
[13:43:03.972]    DEBUG: <PixTestXray.cc/processData:L739> Getting Event Buffer
[13:43:31.732]    DEBUG: <PixTestXray.cc/processData:L757> Processing Data: 1686423 events.
[13:43:31.759]    DEBUG: <PixTestXray.cc/processData:L808>  # events read: 1686423, pixels seen in all events: 14065
[13:43:31.882]     INFO: Resuming triggers.
[13:43:38.039]     INFO: data taking finished, elapsed time: 160 seconds.
[13:43:38.234]    DEBUG: <PixTestXray.cc/processData:L739> Getting Event Buffer
[13:43:48.273]    DEBUG: <PixTestXray.cc/processData:L757> Processing Data: 606465 events.
[13:43:48.283]    DEBUG: <PixTestXray.cc/processData:L808>  # events read: 606465, pixels seen in all events: 5006
[13:43:48.455]     INFO: PixTest::       pg_setup set to default.
[13:43:48.496]     INFO: PixTestXray::doPhRun() done
[13:43:48.496]     INFO: PixTestXray::doTest() done 
[13:45:25.314]    DEBUG: <PixTab.cc/setParameter:L391> xxxPressed():  ID = 1 -> source to value In
[13:46:05.378]     INFO: ######################################################################
[13:46:05.378]     INFO: PixTestXray::doTest()
[13:46:05.378]     INFO: ######################################################################
[13:46:05.378]     INFO:    ----------------------------------------------------------------------
[13:46:05.378]     INFO:    PixTestXray::doPhRun() fParRunSeconds = 160
[13:46:05.378]     INFO:    ----------------------------------------------------------------------
[13:46:05.419]    DEBUG: <PixTestXray.cc/doPhRun:L270> booking new histograms as source name has changed
[13:46:06.380]     INFO: PixTestXray::doPhRun start TriggerLoop with trigger frequency 100 kHz, period 405 and duration 160 seconds,  fEventsMax = 16000000
[13:46:23.497]     INFO: run duration 17 seconds, buffer almost full (81%), pausing triggers.
[13:46:23.537]    DEBUG: <PixTestXray.cc/processData:L739> Getting Event Buffer
[13:46:51.153]    DEBUG: <PixTestXray.cc/processData:L757> Processing Data: 1686337 events.
[13:46:51.179]    DEBUG: <PixTestXray.cc/processData:L808>  # events read: 1686337, pixels seen in all events: 14671
[13:46:51.271]     INFO: Resuming triggers.
[13:47:08.388]     INFO: run duration 34 seconds, buffer almost full (81%), pausing triggers.
[13:47:08.411]    DEBUG: <PixTestXray.cc/processData:L739> Getting Event Buffer
[13:47:36.147]    DEBUG: <PixTestXray.cc/processData:L757> Processing Data: 1686372 events.
[13:47:36.174]    DEBUG: <PixTestXray.cc/processData:L808>  # events read: 1686372, pixels seen in all events: 14267
[13:47:36.255]     INFO: Resuming triggers.
[13:47:53.372]     INFO: run duration 51 seconds, buffer almost full (81%), pausing triggers.
[13:47:53.398]    DEBUG: <PixTestXray.cc/processData:L739> Getting Event Buffer
[13:48:20.853]    DEBUG: <PixTestXray.cc/processData:L757> Processing Data: 1686338 events.
[13:48:20.881]    DEBUG: <PixTestXray.cc/processData:L808>  # events read: 1686338, pixels seen in all events: 14657
[13:48:20.959]     INFO: Resuming triggers.
[13:48:38.077]     INFO: run duration 68 seconds, buffer almost full (81%), pausing triggers.
[13:48:38.102]    DEBUG: <PixTestXray.cc/processData:L739> Getting Event Buffer
[13:49:05.778]    DEBUG: <PixTestXray.cc/processData:L757> Processing Data: 1686375 events.
[13:49:05.805]    DEBUG: <PixTestXray.cc/processData:L808>  # events read: 1686375, pixels seen in all events: 14515
[13:49:05.886]     INFO: Resuming triggers.
[13:49:23.004]     INFO: run duration 85 seconds, buffer almost full (81%), pausing triggers.
[13:49:23.032]    DEBUG: <PixTestXray.cc/processData:L739> Getting Event Buffer
[13:49:50.654]    DEBUG: <PixTestXray.cc/processData:L757> Processing Data: 1686363 events.
[13:49:50.681]    DEBUG: <PixTestXray.cc/processData:L808>  # events read: 1686363, pixels seen in all events: 14709
[13:49:50.768]     INFO: Resuming triggers.
[13:50:07.885]     INFO: run duration 102 seconds, buffer almost full (81%), pausing triggers.
[13:50:07.910]    DEBUG: <PixTestXray.cc/processData:L739> Getting Event Buffer
[13:50:35.721]    DEBUG: <PixTestXray.cc/processData:L757> Processing Data: 1686349 events.
[13:50:35.748]    DEBUG: <PixTestXray.cc/processData:L808>  # events read: 1686349, pixels seen in all events: 14752
[13:50:35.834]     INFO: Resuming triggers.
[13:50:52.952]     INFO: run duration 119 seconds, buffer almost full (81%), pausing triggers.
[13:50:52.979]    DEBUG: <PixTestXray.cc/processData:L739> Getting Event Buffer
[13:51:20.738]    DEBUG: <PixTestXray.cc/processData:L757> Processing Data: 1686363 events.
[13:51:20.765]    DEBUG: <PixTestXray.cc/processData:L808>  # events read: 1686363, pixels seen in all events: 14725
[13:51:20.886]     INFO: Resuming triggers.
[13:51:38.004]     INFO: run duration 136 seconds, buffer almost full (81%), pausing triggers.
[13:51:38.031]    DEBUG: <PixTestXray.cc/processData:L739> Getting Event Buffer
[13:52:05.550]    DEBUG: <PixTestXray.cc/processData:L757> Processing Data: 1686375 events.
[13:52:05.576]    DEBUG: <PixTestXray.cc/processData:L808>  # events read: 1686375, pixels seen in all events: 14586
[13:52:05.699]     INFO: Resuming triggers.
[13:52:22.816]     INFO: run duration 153 seconds, buffer almost full (81%), pausing triggers.
[13:52:22.852]    DEBUG: <PixTestXray.cc/processData:L739> Getting Event Buffer
[13:52:50.334]    DEBUG: <PixTestXray.cc/processData:L757> Processing Data: 1686373 events.
[13:52:50.361]    DEBUG: <PixTestXray.cc/processData:L808>  # events read: 1686373, pixels seen in all events: 14617
[13:52:50.483]     INFO: Resuming triggers.
[13:52:56.645]     INFO: data taking finished, elapsed time: 160 seconds.
[13:52:56.840]    DEBUG: <PixTestXray.cc/processData:L739> Getting Event Buffer
[13:53:06.801]    DEBUG: <PixTestXray.cc/processData:L757> Processing Data: 606994 events.
[13:53:06.811]    DEBUG: <PixTestXray.cc/processData:L808>  # events read: 606994, pixels seen in all events: 5195
[13:53:06.983]     INFO: PixTest::       pg_setup set to default.
[13:53:06.999]     INFO: PixTestXray::doPhRun() done
[13:53:06.999]     INFO: PixTestXray::doTest() done 
[14:00:16.386]    DEBUG: <PixGui.cc/handleButtons:L396> PixGui::exit called
[14:00:16.387]    DEBUG: <PixGui.cc/CloseWindow:L335> Final Analog Current: 391.5mA
[14:00:16.388]    DEBUG: <PixGui.cc/CloseWindow:L336> Final Digital Current: 475.9mA
[14:00:16.388]    DEBUG: <PixGui.cc/CloseWindow:L337> Final Module Temperature: 26.3 C
[14:00:16.388]    DEBUG: <PixTestBBMap.cc/~PixTestBBMap:L97> PixTestBBMap dtor
[14:00:16.388]    DEBUG: <PixTestBB2Map.cc/~PixTestBB2Map:L115> PixTestBB2Map dtor
[14:00:16.388]    DEBUG: <PixTestBB3Map.cc/~PixTestBB3Map:L99> PixTestBB3Map dtor
[14:00:16.388]    DEBUG: <PixTestBB4Map.cc/~PixTestBB4Map:L118> PixTestBB4Map dtor
[14:00:16.388]    DEBUG: <PixTestCmd.cc/~PixTestCmd:L78> PixTestCmd dtor
[14:00:16.388]    DEBUG: <PixTestDaq.cc/~PixTestDaq:L37> PixTestDaq dtor
[14:00:16.388]    DEBUG: <PixTestDacDacScan.cc/~PixTestDacDacScan:L136> PixTestDacDacScan dtor
[14:00:16.388]    DEBUG: <PixTestDacScan.cc/~PixTestDacScan:L129> PixTestDacScan dtor
[14:00:16.388]    DEBUG: <PixTestGainPedestal.cc/~PixTestGainPedestal:L125> PixTestGainPedestal dtor
[14:00:16.389]    DEBUG: <PixTestHighRate.cc/~PixTestHighRate:L245> PixTestHighRate dtor
[14:00:16.389]    DEBUG: <PixTestIV.cc/~PixTestIV:L96> PixTestIV dtor
[14:00:16.389]    DEBUG: <PixTestAlive.cc/~PixTestAlive:L109> PixTestAlive dtor
[14:00:16.389]    DEBUG: <PixTestPretest.cc/~PixTestPretest:L136> PixTestPretest dtor
[14:00:16.389]    DEBUG: <PixTestReadback.cc/~PixTestReadback:L89> PixTestReadback dtor, saving tree ... 
[14:00:16.389]    DEBUG: <PixTestScurves.cc/~PixTestScurves:L142> PixTestScurves dtor
[14:00:16.389]    DEBUG: <PixTestTiming.cc/~PixTestTiming:L97> PixTestTiming dtor
[14:00:16.389]    DEBUG: <PixTestTrim.cc/~PixTestTrim:L103> PixTestTrim dtor
[14:00:16.389]    DEBUG: <PixTestXray.cc/~PixTestXray:L217> PixTestXray dtor
[14:00:16.986]    QUIET: Connection to board 58 closed.
[14:00:17.070]    DEBUG: <PixMonitor.cc/dumpSummaries:L39> PixMonitor::dumpSummaries
