[12:35:38.791]     INFO: *** Welcome to pxar ***
[12:35:38.791]     INFO: *** Today: 2016/01/08
[12:35:38.800]     INFO: *** Version: prod-12
[12:35:38.800]     INFO: readRocDacs: data/mh139/M-H-1-39_ElComandanteTest_2016-01-05_11h04m_1452013478/000_FPIXTest_p17//dacParameters35_C0.dat .. data/mh139/M-H-1-39_ElComandanteTest_2016-01-05_11h04m_1452013478/000_FPIXTest_p17//dacParameters35_C15.dat
[12:35:38.802]     INFO: readTbmDacs: data/mh139/M-H-1-39_ElComandanteTest_2016-01-05_11h04m_1452013478/000_FPIXTest_p17//tbmParameters_C0a.dat .. data/mh139/M-H-1-39_ElComandanteTest_2016-01-05_11h04m_1452013478/000_FPIXTest_p17//tbmParameters_C0b.dat
[12:35:38.802]     INFO: readMaskFile: data/mh139/M-H-1-39_ElComandanteTest_2016-01-05_11h04m_1452013478/000_FPIXTest_p17//defaultMaskFile.dat
[12:35:38.802]     INFO: readTrimFile: data/mh139/M-H-1-39_ElComandanteTest_2016-01-05_11h04m_1452013478/000_FPIXTest_p17//trimParameters35_C0.dat .. data/mh139/M-H-1-39_ElComandanteTest_2016-01-05_11h04m_1452013478/000_FPIXTest_p17//trimParameters35_C15.dat
[12:35:38.954]     INFO:         clk: 4
[12:35:38.954]     INFO:         ctr: 4
[12:35:38.954]     INFO:         sda: 19
[12:35:38.954]     INFO:         tin: 9
[12:35:38.954]     INFO:         level: 15
[12:35:38.954]     INFO:         triggerdelay: 0
[12:35:38.954]    QUIET: Instanciating API for pxar prod-12
[12:35:38.954]     INFO: Log level: DEBUG
[12:35:38.965]    QUIET: Connection to board DTB_WRPRHI opened.
[12:35:38.968]     INFO: DTB startup information
--- DTB info------------------------------------------
Board id:    58
HW version:  DTB1.2
FW version:  4.2
SW version:  4.5
USB id:      DTB_WRPRHI
MAC address: 40D85511803A
Hostname:    pixelDTB058
Comment:     
------------------------------------------------------
[12:35:38.971]     INFO: RPC call hashes of host and DTB match: 398089610
[12:35:40.574]     INFO: DUT info: 
[12:35:40.574]     INFO: The DUT currently contains the following objects:
[12:35:40.574]     INFO:  2 TBM Cores tbm08c (2 ON)
[12:35:40.574]     INFO: 	TBM Core alpha (0): 7 registers set
[12:35:40.574]     INFO: 	TBM Core beta  (1): 7 registers set
[12:35:40.574]     INFO: 16 ROCs psi46digv21respin (16 ON) with 4160 pixelConfigs
[12:35:40.574]     INFO: 	ROC 0: 19 DACs set, Pixels: 0 masked, 0 active.
[12:35:40.574]     INFO: 	ROC 1: 19 DACs set, Pixels: 0 masked, 0 active.
[12:35:40.574]     INFO: 	ROC 2: 19 DACs set, Pixels: 0 masked, 0 active.
[12:35:40.574]     INFO: 	ROC 3: 19 DACs set, Pixels: 0 masked, 0 active.
[12:35:40.574]     INFO: 	ROC 4: 19 DACs set, Pixels: 0 masked, 0 active.
[12:35:40.574]     INFO: 	ROC 5: 19 DACs set, Pixels: 0 masked, 0 active.
[12:35:40.574]     INFO: 	ROC 6: 19 DACs set, Pixels: 0 masked, 0 active.
[12:35:40.574]     INFO: 	ROC 7: 19 DACs set, Pixels: 0 masked, 0 active.
[12:35:40.574]     INFO: 	ROC 8: 19 DACs set, Pixels: 0 masked, 0 active.
[12:35:40.574]     INFO: 	ROC 9: 19 DACs set, Pixels: 0 masked, 0 active.
[12:35:40.574]     INFO: 	ROC 10: 19 DACs set, Pixels: 0 masked, 0 active.
[12:35:40.574]     INFO: 	ROC 11: 19 DACs set, Pixels: 0 masked, 0 active.
[12:35:40.574]     INFO: 	ROC 12: 19 DACs set, Pixels: 0 masked, 0 active.
[12:35:40.574]     INFO: 	ROC 13: 19 DACs set, Pixels: 0 masked, 0 active.
[12:35:40.574]     INFO: 	ROC 14: 19 DACs set, Pixels: 0 masked, 0 active.
[12:35:40.574]     INFO: 	ROC 15: 19 DACs set, Pixels: 0 masked, 0 active.
[12:35:40.575]    DEBUG: <PixTestParameters.cc/dump:L104> PixTestParameters: ->BB<-
[12:35:40.575]    DEBUG: <PixTestParameters.cc/dump:L107>   dumpall: checkbox(0)
[12:35:40.575]    DEBUG: <PixTestParameters.cc/dump:L107>   dumpproblematic: checkbox(0)
[12:35:40.575]    DEBUG: <PixTestParameters.cc/dump:L107>   ntrig: 5
[12:35:40.575]    DEBUG: <PixTestParameters.cc/dump:L107>   vcals: 250
[12:35:40.575]    DEBUG: <PixTestParameters.cc/dump:L104> PixTestParameters: ->BB2<-
[12:35:40.575]    DEBUG: <PixTestParameters.cc/dump:L107>   ntrig: 10
[12:35:40.575]    DEBUG: <PixTestParameters.cc/dump:L107>   vcals: 222
[12:35:40.575]    DEBUG: <PixTestParameters.cc/dump:L107>   plwidth: 35
[12:35:40.575]    DEBUG: <PixTestParameters.cc/dump:L107>   pix: 11,20
[12:35:40.575]    DEBUG: <PixTestParameters.cc/dump:L107>   targetia: 24
[12:35:40.575]    DEBUG: <PixTestParameters.cc/dump:L104> PixTestParameters: ->BB3<-
[12:35:40.575]    DEBUG: <PixTestParameters.cc/dump:L107>   dumpall: checkbox(0)
[12:35:40.575]    DEBUG: <PixTestParameters.cc/dump:L107>   dumpproblematic: checkbox(0)
[12:35:40.575]    DEBUG: <PixTestParameters.cc/dump:L107>   ntrig: 5
[12:35:40.575]    DEBUG: <PixTestParameters.cc/dump:L107>   vcals: 250
[12:35:40.575]    DEBUG: <PixTestParameters.cc/dump:L104> PixTestParameters: ->BB4<-
[12:35:40.575]    DEBUG: <PixTestParameters.cc/dump:L107>   savecaldelscan: checkbox(0)
[12:35:40.575]    DEBUG: <PixTestParameters.cc/dump:L107>   ntrig: 100
[12:35:40.575]    DEBUG: <PixTestParameters.cc/dump:L107>   cals: 1
[12:35:40.575]    DEBUG: <PixTestParameters.cc/dump:L107>   caldello: 80
[12:35:40.575]    DEBUG: <PixTestParameters.cc/dump:L107>   caldelhi: 200
[12:35:40.575]    DEBUG: <PixTestParameters.cc/dump:L107>   caldelstep: 10
[12:35:40.575]    DEBUG: <PixTestParameters.cc/dump:L107>   vthrcomplo: 70
[12:35:40.575]    DEBUG: <PixTestParameters.cc/dump:L107>   vthrcomphi: 130
[12:35:40.575]    DEBUG: <PixTestParameters.cc/dump:L107>   vthrcompstep: 5
[12:35:40.575]    DEBUG: <PixTestParameters.cc/dump:L107>   noisypixels: 10
[12:35:40.575]    DEBUG: <PixTestParameters.cc/dump:L107>   vcal: 255
[12:35:40.575]    DEBUG: <PixTestParameters.cc/dump:L107>   cut: 0.5
[12:35:40.575]    DEBUG: <PixTestParameters.cc/dump:L104> PixTestParameters: ->Cmd<-
[12:35:40.575]    DEBUG: <PixTestParameters.cc/dump:L104> PixTestParameters: ->DAQ<-
[12:35:40.575]    DEBUG: <PixTestParameters.cc/dump:L107>   delaytbm: checkbox
[12:35:40.575]    DEBUG: <PixTestParameters.cc/dump:L107>   filltree: checkbox
[12:35:40.575]    DEBUG: <PixTestParameters.cc/dump:L107>   trgfrequency(khz): 100
[12:35:40.575]    DEBUG: <PixTestParameters.cc/dump:L107>   maskhotpixels: button
[12:35:40.575]    DEBUG: <PixTestParameters.cc/dump:L107>   trgnumber: 5
[12:35:40.575]    DEBUG: <PixTestParameters.cc/dump:L107>   iterations: 10
[12:35:40.575]    DEBUG: <PixTestParameters.cc/dump:L107>   rundaqtrg: button
[12:35:40.575]    DEBUG: <PixTestParameters.cc/dump:L107>   daqseconds: 10
[12:35:40.575]    DEBUG: <PixTestParameters.cc/dump:L107>   rundaqseconds: button
[12:35:40.575]    DEBUG: <PixTestParameters.cc/dump:L104> PixTestParameters: ->DacDacScan<-
[12:35:40.575]    DEBUG: <PixTestParameters.cc/dump:L107>   phmap: checkbox
[12:35:40.575]    DEBUG: <PixTestParameters.cc/dump:L107>   ntrig: 10
[12:35:40.575]    DEBUG: <PixTestParameters.cc/dump:L107>   dac1: caldel
[12:35:40.575]    DEBUG: <PixTestParameters.cc/dump:L107>   dac1lo: 0
[12:35:40.575]    DEBUG: <PixTestParameters.cc/dump:L107>   dac1hi: 255
[12:35:40.575]    DEBUG: <PixTestParameters.cc/dump:L107>   dac2: vthrcomp
[12:35:40.575]    DEBUG: <PixTestParameters.cc/dump:L107>   dac2lo: 0
[12:35:40.575]    DEBUG: <PixTestParameters.cc/dump:L107>   dac2hi: 255
[12:35:40.575]    DEBUG: <PixTestParameters.cc/dump:L107>   pix: 11,20
[12:35:40.575]    DEBUG: <PixTestParameters.cc/dump:L104> PixTestParameters: ->DacScan<-
[12:35:40.575]    DEBUG: <PixTestParameters.cc/dump:L107>   phmap: checkbox(1)
[12:35:40.575]    DEBUG: <PixTestParameters.cc/dump:L107>   allpixels: checkbox(0)
[12:35:40.576]    DEBUG: <PixTestParameters.cc/dump:L107>   unmasked: checkbox(0)
[12:35:40.576]    DEBUG: <PixTestParameters.cc/dump:L107>   ntrig: 10
[12:35:40.576]    DEBUG: <PixTestParameters.cc/dump:L107>   dac: vcal
[12:35:40.576]    DEBUG: <PixTestParameters.cc/dump:L107>   daclo: 0
[12:35:40.576]    DEBUG: <PixTestParameters.cc/dump:L107>   dachi: 255
[12:35:40.576]    DEBUG: <PixTestParameters.cc/dump:L107>   pix: 11,20
[12:35:40.576]    DEBUG: <PixTestParameters.cc/dump:L104> PixTestParameters: ->GainPedestal<-
[12:35:40.576]    DEBUG: <PixTestParameters.cc/dump:L107>   showfits: checkbox(0)
[12:35:40.576]    DEBUG: <PixTestParameters.cc/dump:L107>   extended: checkbox(0)
[12:35:40.576]    DEBUG: <PixTestParameters.cc/dump:L107>   dumphists: checkbox(0)
[12:35:40.576]    DEBUG: <PixTestParameters.cc/dump:L107>   ntrig: 10
[12:35:40.576]    DEBUG: <PixTestParameters.cc/dump:L107>   vcalstep: 10
[12:35:40.576]    DEBUG: <PixTestParameters.cc/dump:L107>   measure: button
[12:35:40.576]    DEBUG: <PixTestParameters.cc/dump:L107>   fit: button
[12:35:40.576]    DEBUG: <PixTestParameters.cc/dump:L107>   save: button
[12:35:40.576]    DEBUG: <PixTestParameters.cc/dump:L104> PixTestParameters: ->HighRate<-
[12:35:40.576]    DEBUG: <PixTestParameters.cc/dump:L107>   pix: 11,20
[12:35:40.576]    DEBUG: <PixTestParameters.cc/dump:L107>   trimhotpixels: button
[12:35:40.576]    DEBUG: <PixTestParameters.cc/dump:L107>   trimhotpixelthr: 200
[12:35:40.576]    DEBUG: <PixTestParameters.cc/dump:L107>   runsecondshotpixels: 10
[12:35:40.576]    DEBUG: <PixTestParameters.cc/dump:L107>   savetrimbits: checkbox(1)
[12:35:40.576]    DEBUG: <PixTestParameters.cc/dump:L107>   maskuntrimmable: checkbox(1)
[12:35:40.576]    DEBUG: <PixTestParameters.cc/dump:L107>   maskhotpixels: button
[12:35:40.576]    DEBUG: <PixTestParameters.cc/dump:L107>   savemaskfile: checkbox(0)
[12:35:40.576]    DEBUG: <PixTestParameters.cc/dump:L107>   maskfilename: default
[12:35:40.576]    DEBUG: <PixTestParameters.cc/dump:L107>   caldelscan: button
[12:35:40.576]    DEBUG: <PixTestParameters.cc/dump:L107>   xpixelalive: button
[12:35:40.576]    DEBUG: <PixTestParameters.cc/dump:L107>   ntrig: 50
[12:35:40.576]    DEBUG: <PixTestParameters.cc/dump:L107>   vcal: 200
[12:35:40.576]    DEBUG: <PixTestParameters.cc/dump:L107>   xnoisemaps: button
[12:35:40.576]    DEBUG: <PixTestParameters.cc/dump:L107>   daclo: 0
[12:35:40.576]    DEBUG: <PixTestParameters.cc/dump:L107>   dachi: 100
[12:35:40.576]    DEBUG: <PixTestParameters.cc/dump:L107>   dacs/step: 20
[12:35:40.576]    DEBUG: <PixTestParameters.cc/dump:L107>   rundaq: button
[12:35:40.576]    DEBUG: <PixTestParameters.cc/dump:L107>   trgfrequency(khz): 20
[12:35:40.576]    DEBUG: <PixTestParameters.cc/dump:L107>   runseconds: 2
[12:35:40.576]    DEBUG: <PixTestParameters.cc/dump:L107>   triggerdelay: 20
[12:35:40.576]    DEBUG: <PixTestParameters.cc/dump:L107>   delaytbm: checkbox
[12:35:40.576]    DEBUG: <PixTestParameters.cc/dump:L107>   filltree: checkbox
[12:35:40.576]    DEBUG: <PixTestParameters.cc/dump:L104> PixTestParameters: ->IV<-
[12:35:40.576]    DEBUG: <PixTestParameters.cc/dump:L107>   port: /dev/ttyS0
[12:35:40.576]    DEBUG: <PixTestParameters.cc/dump:L107>   voltagestart: 0
[12:35:40.576]    DEBUG: <PixTestParameters.cc/dump:L107>   voltagestop: 600
[12:35:40.576]    DEBUG: <PixTestParameters.cc/dump:L107>   voltagestep: 5
[12:35:40.576]    DEBUG: <PixTestParameters.cc/dump:L107>   delay: 1
[12:35:40.576]    DEBUG: <PixTestParameters.cc/dump:L107>   compliance(ua): 100
[12:35:40.576]    DEBUG: <PixTestParameters.cc/dump:L104> PixTestParameters: ->PhOptimization<-
[12:35:40.576]    DEBUG: <PixTestParameters.cc/dump:L107>   ntrig: 10
[12:35:40.576]    DEBUG: <PixTestParameters.cc/dump:L107>   safetymarginlow: 20
[12:35:40.576]    DEBUG: <PixTestParameters.cc/dump:L107>   saturationvcal: 100
[12:35:40.576]    DEBUG: <PixTestParameters.cc/dump:L107>   quantilesaturation: 0.98
[12:35:40.576]    DEBUG: <PixTestParameters.cc/dump:L104> PixTestParameters: ->PixelAlive<-
[12:35:40.576]    DEBUG: <PixTestParameters.cc/dump:L107>   ntrig: 10
[12:35:40.576]    DEBUG: <PixTestParameters.cc/dump:L107>   vcal: 200
[12:35:40.576]    DEBUG: <PixTestParameters.cc/dump:L107>   alivetest: button
[12:35:40.576]    DEBUG: <PixTestParameters.cc/dump:L107>   masktest: button
[12:35:40.576]    DEBUG: <PixTestParameters.cc/dump:L107>   addressdecodingtest: button
[12:35:40.576]    DEBUG: <PixTestParameters.cc/dump:L104> PixTestParameters: ->Pretest<-
[12:35:40.577]    DEBUG: <PixTestParameters.cc/dump:L107>   programroc: button
[12:35:40.577]    DEBUG: <PixTestParameters.cc/dump:L107>   targetia: 24
[12:35:40.577]    DEBUG: <PixTestParameters.cc/dump:L107>   setvana: button
[12:35:40.577]    DEBUG: <PixTestParameters.cc/dump:L107>   iterations: 100
[12:35:40.577]    DEBUG: <PixTestParameters.cc/dump:L107>   settimings: button
[12:35:40.577]    DEBUG: <PixTestParameters.cc/dump:L107>   findtiming: button
[12:35:40.577]    DEBUG: <PixTestParameters.cc/dump:L107>   findworkingpixel: button
[12:35:40.577]    DEBUG: <PixTestParameters.cc/dump:L107>   setvthrcompcaldel: button
[12:35:40.577]    DEBUG: <PixTestParameters.cc/dump:L107>   pix: 11,20
[12:35:40.577]    DEBUG: <PixTestParameters.cc/dump:L107>   vcal: 250
[12:35:40.577]    DEBUG: <PixTestParameters.cc/dump:L107>   deltavthrcomp: 50
[12:35:40.577]    DEBUG: <PixTestParameters.cc/dump:L107>   fraccaldel: 0.5
[12:35:40.577]    DEBUG: <PixTestParameters.cc/dump:L107>   ntrig: 5
[12:35:40.577]    DEBUG: <PixTestParameters.cc/dump:L107>   savedacs: button
[12:35:40.577]    DEBUG: <PixTestParameters.cc/dump:L104> PixTestParameters: ->Readback<-
[12:35:40.577]    DEBUG: <PixTestParameters.cc/dump:L107>   calibratevd: button
[12:35:40.577]    DEBUG: <PixTestParameters.cc/dump:L107>   calibrateva: button
[12:35:40.577]    DEBUG: <PixTestParameters.cc/dump:L107>   calibrateia: button
[12:35:40.577]    DEBUG: <PixTestParameters.cc/dump:L107>   readbackvbg: button
[12:35:40.577]    DEBUG: <PixTestParameters.cc/dump:L107>   getcalibratedvbg: button
[12:35:40.577]    DEBUG: <PixTestParameters.cc/dump:L107>   usecalvd: checkbox(1)
[12:35:40.577]    DEBUG: <PixTestParameters.cc/dump:L107>   usecalva: checkbox(0)
[12:35:40.577]    DEBUG: <PixTestParameters.cc/dump:L107>   setvana: button
[12:35:40.577]    DEBUG: <PixTestParameters.cc/dump:L104> PixTestParameters: ->Scurves<-
[12:35:40.577]    DEBUG: <PixTestParameters.cc/dump:L107>   adjustvcal: checkbox(0)
[12:35:40.577]    DEBUG: <PixTestParameters.cc/dump:L107>   dumpall: checkbox(0)
[12:35:40.577]    DEBUG: <PixTestParameters.cc/dump:L107>   dumpproblematic: checkbox(0)
[12:35:40.577]    DEBUG: <PixTestParameters.cc/dump:L107>   dumpoutputfile: checkbox(0)
[12:35:40.577]    DEBUG: <PixTestParameters.cc/dump:L107>   ntrig: 50
[12:35:40.577]    DEBUG: <PixTestParameters.cc/dump:L107>   dac: Vcal
[12:35:40.577]    DEBUG: <PixTestParameters.cc/dump:L107>   daclo: 5
[12:35:40.577]    DEBUG: <PixTestParameters.cc/dump:L107>   dachi: 75
[12:35:40.577]    DEBUG: <PixTestParameters.cc/dump:L107>   dacs/step: -1
[12:35:40.577]    DEBUG: <PixTestParameters.cc/dump:L107>   ntrig/step: -1
[12:35:40.577]    DEBUG: <PixTestParameters.cc/dump:L107>   scurves: button
[12:35:40.577]    DEBUG: <PixTestParameters.cc/dump:L104> PixTestParameters: ->Timing<-
[12:35:40.577]    DEBUG: <PixTestParameters.cc/dump:L107>   targetclk: 4
[12:35:40.577]    DEBUG: <PixTestParameters.cc/dump:L107>   ntrig: 10
[12:35:40.577]    DEBUG: <PixTestParameters.cc/dump:L107>   clocksdascan: button
[12:35:40.577]    DEBUG: <PixTestParameters.cc/dump:L107>   notokenpass: checkbox(0)
[12:35:40.577]    DEBUG: <PixTestParameters.cc/dump:L107>   phasescan: button
[12:35:40.577]    DEBUG: <PixTestParameters.cc/dump:L107>   levelscan: button
[12:35:40.577]    DEBUG: <PixTestParameters.cc/dump:L107>   tbmphasescan: button
[12:35:40.577]    DEBUG: <PixTestParameters.cc/dump:L107>   rocdelayscan: button
[12:35:40.577]    DEBUG: <PixTestParameters.cc/dump:L107>   timingtest: button
[12:35:40.577]    DEBUG: <PixTestParameters.cc/dump:L107>   saveparameters: button
[12:35:40.577]    DEBUG: <PixTestParameters.cc/dump:L104> PixTestParameters: ->Trim<-
[12:35:40.577]    DEBUG: <PixTestParameters.cc/dump:L107>   trim: button
[12:35:40.577]    DEBUG: <PixTestParameters.cc/dump:L107>   ntrig: 8
[12:35:40.577]    DEBUG: <PixTestParameters.cc/dump:L107>   vcal: 35
[12:35:40.577]    DEBUG: <PixTestParameters.cc/dump:L107>   trimbits: button
[12:35:40.577]    DEBUG: <PixTestParameters.cc/dump:L104> PixTestParameters: ->Xray<-
[12:35:40.577]    DEBUG: <PixTestParameters.cc/dump:L107>   maskhotpixels: button
[12:35:40.577]    DEBUG: <PixTestParameters.cc/dump:L107>   savemaskfile: checkbox(0)
[12:35:40.577]    DEBUG: <PixTestParameters.cc/dump:L107>   maskfilename: default
[12:35:40.577]    DEBUG: <PixTestParameters.cc/dump:L107>   source: Ag
[12:35:40.577]    DEBUG: <PixTestParameters.cc/dump:L107>   phrun: button
[12:35:40.577]    DEBUG: <PixTestParameters.cc/dump:L107>   runseconds: 160
[12:35:40.578]    DEBUG: <PixTestParameters.cc/dump:L107>   trgfrequency(khz): 100
[12:35:40.578]    DEBUG: <PixTestParameters.cc/dump:L107>   ratescan: button
[12:35:40.578]    DEBUG: <PixTestParameters.cc/dump:L107>   vthrcompmin: 10
[12:35:40.578]    DEBUG: <PixTestParameters.cc/dump:L107>   vthrcompmax: 80
[12:35:40.578]    DEBUG: <PixTestParameters.cc/dump:L107>   stepseconds: 5
[12:35:40.578]    DEBUG: <PixTestParameters.cc/dump:L107>   delaytbm: checkbox
[12:35:40.578]    DEBUG: <PixTestParameters.cc/dump:L107>   filltree: checkbox
[12:35:40.580]    DEBUG: <PixSetup.cc/init:L81> PixSetup init start; getCurrentRSS() = 31784960
[12:35:40.580]    DEBUG: <PixSetup.cc/init:L87> fPixTestParameters = 0x248f3d0
[12:35:40.580]    DEBUG: <PixSetup.cc/init:L88>  fConfigParameters = 0x2404c10
[12:35:40.580]    DEBUG: <PixSetup.cc/init:L89>        fPxarMemory = 0x7fc251d94010
[12:35:40.580]    DEBUG: <PixSetup.cc/init:L90>         fPxarMemHi = 0x7fc257fff510
[12:35:40.580]    DEBUG: <PixSetup.cc/init:L106> PixSetup init done;  getCurrentRSS() = 31793152 fPxarMemory = 0x7fc251d94010
[12:35:40.581]    DEBUG: <pXar.cc/main:L223> Initial Analog Current: 389.9mA
[12:35:40.582]    DEBUG: <pXar.cc/main:L224> Initial Digital Current: 477.5mA
[12:35:40.582]    DEBUG: <pXar.cc/main:L225> Initial Module Temperature: 23.0 C
[12:35:41.079]    DEBUG: <PixGui.cc/hvOn:L460> HV set On: 0x2a4d6b0
[12:35:41.145]    DEBUG: <PixTestFactory.cc/PixTestFactory:L53> PixTestFactory::PixTestFactory()
[12:35:41.145]    DEBUG: <PixTestBBMap.cc/init:L79> PixTestBBMap::init()
[12:35:41.145]    DEBUG: <PixTestBBMap.cc/PixTestBBMap:L27> PixTestBBMap ctor(PixSetup &a, string, TGTab *)
[12:35:41.151]    DEBUG: <PixTestBB2Map.cc/setParameter:L58> setting fTargetIa    = 24 mA/ROC
[12:35:41.151]    DEBUG: <PixTestBB2Map.cc/init:L97> PixTestBB2Map::init()
[12:35:41.151]    DEBUG: <PixTestBB2Map.cc/PixTestBB2Map:L29> PixTestBB2Map ctor(PixSetup &a, string, TGTab *)
[12:35:41.177]    DEBUG: <PixTestBB3Map.cc/init:L81> PixTestBB3Map::init()
[12:35:41.177]    DEBUG: <PixTestBB3Map.cc/PixTestBB3Map:L29> PixTestBB3Map ctor(PixSetup &a, string, TGTab *)
[12:35:41.192]    DEBUG: <PixTestBB4Map.cc/init:L93> PixTestBB4Map::init()
[12:35:41.192]    DEBUG: <PixTestBB4Map.cc/PixTestBB4Map:L26> PixTestMapeff ctor(PixSetup &a, string, TGTab *)
[12:35:41.202]     INFO: PixTestCmd::init()
[12:35:41.216]    DEBUG: <PixTestDaq.cc/init:L44> PixTestDaq::init()
[12:35:41.216]    DEBUG: <PixTestDaq.cc/PixTestDaq:L22> PixTestDaq ctor(PixSetup &a, string, TGTab *)
[12:35:41.216]     INFO: readGainPedestalParameters data/mh139/M-H-1-39_ElComandanteTest_2016-01-05_11h04m_1452013478/000_FPIXTest_p17//phCalibrationFitErr35_C0.dat .. data/mh139/M-H-1-39_ElComandanteTest_2016-01-05_11h04m_1452013478/000_FPIXTest_p17//phCalibrationFitErr35_C15.dat
[12:35:41.459]    DEBUG: <PixTestDacDacScan.cc/init:L103> PixTestDacDacScan::init()
[12:35:41.459]    DEBUG: <PixTestDacDacScan.cc/PixTestDacDacScan:L22> PixTestDacDacScan ctor(PixSetup &a, string, TGTab *)
[12:35:41.471]    DEBUG: <PixTestGainPedestal.cc/setParameter:L83> PixTestGainPedestal::PixTest() fVcalStep = 10
[12:35:41.479]    DEBUG: <PixTestHighRate.cc/setParameter:L68>   setting fParTriggerFrequency -> 20
[12:35:41.479]    DEBUG: <PixTestHighRate.cc/init:L198> PixTestHighRate::init()
[12:35:41.479]    DEBUG: <PixTestHighRate.cc/PixTestHighRate:L31> PixTestHighRate ctor(PixSetup &a, string, TGTab *)
[12:35:41.503]    DEBUG: <PixTest.cc/setTestParameter:L637>  setting  ntrig to new value 10
[12:35:41.503]    DEBUG: <PixTestPhOptimization.cc/setParameter:L37>   setting fParNtrig  ->10<- from sval = 10
[12:35:41.503]    DEBUG: <PixTestPhOptimization.cc/setParameter:L42>   setting fSafetyMarginLow  ->20<- from sval = 20
[12:35:41.503]    DEBUG: <PixTestPhOptimization.cc/setParameter:L48>   setting fVcalMax  ->100<- from sval = 100
[12:35:41.503]    DEBUG: <PixTestPhOptimization.cc/setParameter:L53>   setting fQuantMax  ->0.98<- from sval = 0.98
[12:35:41.509]    DEBUG: <PixTestAlive.cc/init:L77> PixTestAlive::init()
[12:35:41.509]    DEBUG: <PixTestAlive.cc/PixTestAlive:L21> PixTestAlive ctor(PixSetup &a, string, TGTab *)
[12:35:41.523]    DEBUG: <PixTestReadback.cc/setParameter:L172> fCalwVd set to 1
[12:35:41.523]    DEBUG: <PixTestReadback.cc/init:L95> PixTestReadback::init()
[12:35:41.523]    DEBUG: <PixTestReadback.cc/PixTestReadback:L22> PixTestReadback ctor(PixSetup &a, string, TGTab *)
[12:35:41.523]     INFO: readReadbackCal: data/mh139/M-H-1-39_ElComandanteTest_2016-01-05_11h04m_1452013478/000_FPIXTest_p17//readbackCal_C0.dat .. data/mh139/M-H-1-39_ElComandanteTest_2016-01-05_11h04m_1452013478/000_FPIXTest_p17//readbackCal_C15.dat
[12:35:41.538]    DEBUG: <PixTestScurves.cc/setParameter:L93> set fOutputFilename = 
[12:35:41.545]    DEBUG: <PixTestTiming.cc/setParameter:L60> PixTestTiming::PixTest() targetclk = 4
[12:35:41.545]    DEBUG: <PixTestTiming.cc/setParameter:L64> PixTestTiming::PixTest() ntrig = 10
[12:35:41.545]    DEBUG: <PixTestTiming.cc/setParameter:L48> fNoTokenPass: 0
[12:35:41.545]    DEBUG: <PixTestTiming.cc/init:L74> PixTestTiming::init()
[12:35:41.566]    DEBUG: <PixTestXray.cc/init:L134> PixTestXray::init()
[12:35:41.566]    DEBUG: <PixTestXray.cc/PixTestXray:L28> PixTestXray ctor(PixSetup &a, string, TGTab *)
[12:35:47.017]    DEBUG: <PixTab.cc/buttonClicked:L308> xxxPressed():  caldelscan
[12:35:47.017]    DEBUG: <PixTestHighRate.cc/runCommand:L157> running command: caldelscan
[12:35:47.017]     INFO:    ----------------------------------------------------------------------
[12:35:47.017]     INFO:    PixTestHighRate::calDelScan() ntrig = 10, vcal = 200
[12:35:47.017]     INFO:    ----------------------------------------------------------------------
[12:35:47.157]     INFO: Expecting 768 events.
[12:35:48.294]     INFO: 768 events read in total (419ms).
[12:35:48.483]     INFO: Test took 1460ms.
[12:35:48.489]    DEBUG: <PixTest.cc/efficiencyMaps:L396>       attempt #0
[12:35:49.159]     INFO: Expecting 41600 events.
[12:35:52.857]     INFO: 41600 events read in total (3171ms).
[12:35:52.862]     INFO: Test took 4373ms.
[12:35:52.984]     INFO: Fetched DAQ statistics. Counters are being reset now.
[12:35:52.984]    DEBUG: <PixTest.cc/efficiencyMaps:L407>  eff result size = 697061
[12:35:52.984]    DEBUG: <PixTest.cc/efficiencyMaps:L412> Create hists HR_xeff_CalDelScan_step0_C0 .. HR_xeff_CalDelScan_step0_C15
[12:35:52.984]    DEBUG: <PixTest.cc/efficiencyMaps:L426> booking xray maps for unmasked detector
[12:35:53.037]    DEBUG: <PixTest.cc/efficiencyMaps:L396>       attempt #0
[12:35:53.706]     INFO: Expecting 41600 events.
[12:35:57.489]     INFO: 41600 events read in total (3256ms).
[12:35:57.494]     INFO: Test took 4457ms.
[12:35:57.612]     INFO: Fetched DAQ statistics. Counters are being reset now.
[12:35:57.612]    DEBUG: <PixTest.cc/efficiencyMaps:L407>  eff result size = 703461
[12:35:57.612]    DEBUG: <PixTest.cc/efficiencyMaps:L412> Create hists HR_xeff_CalDelScan_step1_C0 .. HR_xeff_CalDelScan_step1_C15
[12:35:57.612]    DEBUG: <PixTest.cc/efficiencyMaps:L426> booking xray maps for unmasked detector
[12:35:57.666]    DEBUG: <PixTest.cc/efficiencyMaps:L396>       attempt #0
[12:35:58.331]     INFO: Expecting 41600 events.
[12:36:02.133]     INFO: 41600 events read in total (3276ms).
[12:36:02.138]     INFO: Test took 4472ms.
[12:36:02.258]     INFO: Fetched DAQ statistics. Counters are being reset now.
[12:36:02.258]    DEBUG: <PixTest.cc/efficiencyMaps:L407>  eff result size = 703884
[12:36:02.258]    DEBUG: <PixTest.cc/efficiencyMaps:L412> Create hists HR_xeff_CalDelScan_step2_C0 .. HR_xeff_CalDelScan_step2_C15
[12:36:02.258]    DEBUG: <PixTest.cc/efficiencyMaps:L426> booking xray maps for unmasked detector
[12:36:02.315]    DEBUG: <PixTest.cc/efficiencyMaps:L396>       attempt #0
[12:36:02.982]     INFO: Expecting 41600 events.
[12:36:06.788]     INFO: 41600 events read in total (3280ms).
[12:36:06.792]     INFO: Test took 4477ms.
[12:36:06.910]     INFO: Fetched DAQ statistics. Counters are being reset now.
[12:36:06.910]    DEBUG: <PixTest.cc/efficiencyMaps:L407>  eff result size = 703995
[12:36:06.910]    DEBUG: <PixTest.cc/efficiencyMaps:L412> Create hists HR_xeff_CalDelScan_step3_C0 .. HR_xeff_CalDelScan_step3_C15
[12:36:06.911]    DEBUG: <PixTest.cc/efficiencyMaps:L426> booking xray maps for unmasked detector
[12:36:06.965]    DEBUG: <PixTest.cc/efficiencyMaps:L396>       attempt #0
[12:36:07.629]     INFO: Expecting 41600 events.
[12:36:11.424]     INFO: 41600 events read in total (3268ms).
[12:36:11.429]     INFO: Test took 4464ms.
[12:36:11.547]     INFO: Fetched DAQ statistics. Counters are being reset now.
[12:36:11.547]    DEBUG: <PixTest.cc/efficiencyMaps:L407>  eff result size = 704659
[12:36:11.547]    DEBUG: <PixTest.cc/efficiencyMaps:L412> Create hists HR_xeff_CalDelScan_step4_C0 .. HR_xeff_CalDelScan_step4_C15
[12:36:11.547]    DEBUG: <PixTest.cc/efficiencyMaps:L426> booking xray maps for unmasked detector
[12:36:11.603]    DEBUG: <PixTest.cc/efficiencyMaps:L396>       attempt #0
[12:36:12.270]     INFO: Expecting 41600 events.
[12:36:16.076]     INFO: 41600 events read in total (3280ms).
[12:36:16.080]     INFO: Test took 4477ms.
[12:36:16.200]     INFO: Fetched DAQ statistics. Counters are being reset now.
[12:36:16.200]    DEBUG: <PixTest.cc/efficiencyMaps:L407>  eff result size = 703527
[12:36:16.200]    DEBUG: <PixTest.cc/efficiencyMaps:L412> Create hists HR_xeff_CalDelScan_step5_C0 .. HR_xeff_CalDelScan_step5_C15
[12:36:16.201]    DEBUG: <PixTest.cc/efficiencyMaps:L426> booking xray maps for unmasked detector
[12:36:16.256]    DEBUG: <PixTest.cc/efficiencyMaps:L396>       attempt #0
[12:36:16.923]     INFO: Expecting 41600 events.
[12:36:20.744]     INFO: 41600 events read in total (3294ms).
[12:36:20.749]     INFO: Test took 4493ms.
[12:36:20.867]     INFO: Fetched DAQ statistics. Counters are being reset now.
[12:36:20.868]    DEBUG: <PixTest.cc/efficiencyMaps:L407>  eff result size = 705375
[12:36:20.868]    DEBUG: <PixTest.cc/efficiencyMaps:L412> Create hists HR_xeff_CalDelScan_step6_C0 .. HR_xeff_CalDelScan_step6_C15
[12:36:20.868]    DEBUG: <PixTest.cc/efficiencyMaps:L426> booking xray maps for unmasked detector
[12:36:20.922]    DEBUG: <PixTest.cc/efficiencyMaps:L396>       attempt #0
[12:36:21.587]     INFO: Expecting 41600 events.
[12:36:25.410]     INFO: 41600 events read in total (3296ms).
[12:36:25.415]     INFO: Test took 4493ms.
[12:36:25.534]     INFO: Fetched DAQ statistics. Counters are being reset now.
[12:36:25.534]    DEBUG: <PixTest.cc/efficiencyMaps:L407>  eff result size = 704814
[12:36:25.534]    DEBUG: <PixTest.cc/efficiencyMaps:L412> Create hists HR_xeff_CalDelScan_step7_C0 .. HR_xeff_CalDelScan_step7_C15
[12:36:25.534]    DEBUG: <PixTest.cc/efficiencyMaps:L426> booking xray maps for unmasked detector
[12:36:25.588]    DEBUG: <PixTest.cc/efficiencyMaps:L396>       attempt #0
[12:36:26.253]     INFO: Expecting 41600 events.
[12:36:30.075]     INFO: 41600 events read in total (3295ms).
[12:36:30.080]     INFO: Test took 4492ms.
[12:36:30.199]     INFO: Fetched DAQ statistics. Counters are being reset now.
[12:36:30.199]    DEBUG: <PixTest.cc/efficiencyMaps:L407>  eff result size = 705368
[12:36:30.199]    DEBUG: <PixTest.cc/efficiencyMaps:L412> Create hists HR_xeff_CalDelScan_step8_C0 .. HR_xeff_CalDelScan_step8_C15
[12:36:30.199]    DEBUG: <PixTest.cc/efficiencyMaps:L426> booking xray maps for unmasked detector
[12:36:30.255]    DEBUG: <PixTest.cc/efficiencyMaps:L396>       attempt #0
[12:36:30.922]     INFO: Expecting 41600 events.
[12:36:34.742]     INFO: 41600 events read in total (3294ms).
[12:36:34.746]     INFO: Test took 4491ms.
[12:36:34.865]     INFO: Fetched DAQ statistics. Counters are being reset now.
[12:36:34.865]    DEBUG: <PixTest.cc/efficiencyMaps:L407>  eff result size = 704797
[12:36:34.865]    DEBUG: <PixTest.cc/efficiencyMaps:L412> Create hists HR_xeff_CalDelScan_step9_C0 .. HR_xeff_CalDelScan_step9_C15
[12:36:34.865]    DEBUG: <PixTest.cc/efficiencyMaps:L426> booking xray maps for unmasked detector
[12:36:34.920]    DEBUG: <PixTest.cc/efficiencyMaps:L396>       attempt #0
[12:36:35.585]     INFO: Expecting 41600 events.
[12:36:39.417]     INFO: 41600 events read in total (3305ms).
[12:36:39.421]     INFO: Test took 4501ms.
[12:36:39.539]     INFO: Fetched DAQ statistics. Counters are being reset now.
[12:36:39.539]    DEBUG: <PixTest.cc/efficiencyMaps:L407>  eff result size = 704232
[12:36:39.539]    DEBUG: <PixTest.cc/efficiencyMaps:L412> Create hists HR_xeff_CalDelScan_step10_C0 .. HR_xeff_CalDelScan_step10_C15
[12:36:39.540]    DEBUG: <PixTest.cc/efficiencyMaps:L426> booking xray maps for unmasked detector
[12:36:39.594]    DEBUG: <PixTest.cc/efficiencyMaps:L396>       attempt #0
[12:36:40.260]     INFO: Expecting 41600 events.
[12:36:44.077]     INFO: 41600 events read in total (3291ms).
[12:36:44.081]     INFO: Test took 4487ms.
[12:36:44.201]     INFO: Fetched DAQ statistics. Counters are being reset now.
[12:36:44.201]    DEBUG: <PixTest.cc/efficiencyMaps:L407>  eff result size = 705620
[12:36:44.201]    DEBUG: <PixTest.cc/efficiencyMaps:L412> Create hists HR_xeff_CalDelScan_step11_C0 .. HR_xeff_CalDelScan_step11_C15
[12:36:44.201]    DEBUG: <PixTest.cc/efficiencyMaps:L426> booking xray maps for unmasked detector
[12:36:44.256]    DEBUG: <PixTest.cc/efficiencyMaps:L396>       attempt #0
[12:36:44.921]     INFO: Expecting 41600 events.
[12:36:48.733]     INFO: 41600 events read in total (3285ms).
[12:36:48.737]     INFO: Test took 4481ms.
[12:36:48.857]     INFO: Fetched DAQ statistics. Counters are being reset now.
[12:36:48.857]    DEBUG: <PixTest.cc/efficiencyMaps:L407>  eff result size = 703448
[12:36:48.857]    DEBUG: <PixTest.cc/efficiencyMaps:L412> Create hists HR_xeff_CalDelScan_step12_C0 .. HR_xeff_CalDelScan_step12_C15
[12:36:48.857]    DEBUG: <PixTest.cc/efficiencyMaps:L426> booking xray maps for unmasked detector
[12:36:48.911]    DEBUG: <PixTest.cc/efficiencyMaps:L396>       attempt #0
[12:36:49.576]     INFO: Expecting 41600 events.
[12:36:53.372]     INFO: 41600 events read in total (3269ms).
[12:36:53.376]     INFO: Test took 4465ms.
[12:36:53.495]     INFO: Fetched DAQ statistics. Counters are being reset now.
[12:36:53.495]    DEBUG: <PixTest.cc/efficiencyMaps:L407>  eff result size = 703444
[12:36:53.495]    DEBUG: <PixTest.cc/efficiencyMaps:L412> Create hists HR_xeff_CalDelScan_step13_C0 .. HR_xeff_CalDelScan_step13_C15
[12:36:53.496]    DEBUG: <PixTest.cc/efficiencyMaps:L426> booking xray maps for unmasked detector
[12:36:53.550]    DEBUG: <PixTest.cc/efficiencyMaps:L396>       attempt #0
[12:36:54.215]     INFO: Expecting 41600 events.
[12:36:58.039]     INFO: 41600 events read in total (3297ms).
[12:36:58.043]     INFO: Test took 4493ms.
[12:36:58.160]     INFO: Fetched DAQ statistics. Counters are being reset now.
[12:36:58.160]    DEBUG: <PixTest.cc/efficiencyMaps:L407>  eff result size = 703612
[12:36:58.160]    DEBUG: <PixTest.cc/efficiencyMaps:L412> Create hists HR_xeff_CalDelScan_step14_C0 .. HR_xeff_CalDelScan_step14_C15
[12:36:58.161]    DEBUG: <PixTest.cc/efficiencyMaps:L426> booking xray maps for unmasked detector
[12:36:58.215]    DEBUG: <PixTest.cc/efficiencyMaps:L396>       attempt #0
[12:36:58.880]     INFO: Expecting 41600 events.
[12:37:02.702]     INFO: 41600 events read in total (3295ms).
[12:37:02.706]     INFO: Test took 4491ms.
[12:37:02.826]     INFO: Fetched DAQ statistics. Counters are being reset now.
[12:37:02.826]    DEBUG: <PixTest.cc/efficiencyMaps:L407>  eff result size = 703122
[12:37:02.826]    DEBUG: <PixTest.cc/efficiencyMaps:L412> Create hists HR_xeff_CalDelScan_step15_C0 .. HR_xeff_CalDelScan_step15_C15
[12:37:02.826]    DEBUG: <PixTest.cc/efficiencyMaps:L426> booking xray maps for unmasked detector
[12:37:02.880]    DEBUG: <PixTest.cc/efficiencyMaps:L396>       attempt #0
[12:37:03.545]     INFO: Expecting 41600 events.
[12:37:07.366]     INFO: 41600 events read in total (3294ms).
[12:37:07.371]     INFO: Test took 4491ms.
[12:37:07.490]     INFO: Fetched DAQ statistics. Counters are being reset now.
[12:37:07.490]    DEBUG: <PixTest.cc/efficiencyMaps:L407>  eff result size = 704981
[12:37:07.490]    DEBUG: <PixTest.cc/efficiencyMaps:L412> Create hists HR_xeff_CalDelScan_step16_C0 .. HR_xeff_CalDelScan_step16_C15
[12:37:07.490]    DEBUG: <PixTest.cc/efficiencyMaps:L426> booking xray maps for unmasked detector
[12:37:07.545]    DEBUG: <PixTest.cc/efficiencyMaps:L396>       attempt #0
[12:37:08.210]     INFO: Expecting 41600 events.
[12:37:12.028]     INFO: 41600 events read in total (3291ms).
[12:37:12.032]     INFO: Test took 4487ms.
[12:37:12.151]     INFO: Fetched DAQ statistics. Counters are being reset now.
[12:37:12.151]    DEBUG: <PixTest.cc/efficiencyMaps:L407>  eff result size = 703317
[12:37:12.151]    DEBUG: <PixTest.cc/efficiencyMaps:L412> Create hists HR_xeff_CalDelScan_step17_C0 .. HR_xeff_CalDelScan_step17_C15
[12:37:12.152]    DEBUG: <PixTest.cc/efficiencyMaps:L426> booking xray maps for unmasked detector
[12:37:12.206]    DEBUG: <PixTest.cc/efficiencyMaps:L396>       attempt #0
[12:37:12.871]     INFO: Expecting 41600 events.
[12:37:16.640]     INFO: 41600 events read in total (3242ms).
[12:37:16.644]     INFO: Test took 4438ms.
[12:37:16.762]     INFO: Fetched DAQ statistics. Counters are being reset now.
[12:37:16.762]    DEBUG: <PixTest.cc/efficiencyMaps:L407>  eff result size = 702086
[12:37:16.762]    DEBUG: <PixTest.cc/efficiencyMaps:L412> Create hists HR_xeff_CalDelScan_step18_C0 .. HR_xeff_CalDelScan_step18_C15
[12:37:16.763]    DEBUG: <PixTest.cc/efficiencyMaps:L426> booking xray maps for unmasked detector
[12:37:16.818]    DEBUG: <PixTest.cc/efficiencyMaps:L396>       attempt #0
[12:37:17.483]     INFO: Expecting 41600 events.
[12:37:21.117]     INFO: 41600 events read in total (3108ms).
[12:37:21.121]     INFO: Test took 4303ms.
[12:37:21.237]     INFO: Fetched DAQ statistics. Counters are being reset now.
[12:37:21.237]    DEBUG: <PixTest.cc/efficiencyMaps:L407>  eff result size = 695771
[12:37:21.237]    DEBUG: <PixTest.cc/efficiencyMaps:L412> Create hists HR_xeff_CalDelScan_step19_C0 .. HR_xeff_CalDelScan_step19_C15
[12:37:21.237]    DEBUG: <PixTest.cc/efficiencyMaps:L426> booking xray maps for unmasked detector
[12:37:21.513]    DEBUG: <PixTestHighRate.cc/doCalDelScan:L422> roc  0: caldel = 147 eff = 0.999423
[12:37:21.513]    DEBUG: <PixTestHighRate.cc/doCalDelScan:L422> roc  1: caldel = 166 eff = 0.999399
[12:37:21.513]    DEBUG: <PixTestHighRate.cc/doCalDelScan:L422> roc  2: caldel = 150 eff = 0.998606
[12:37:21.513]    DEBUG: <PixTestHighRate.cc/doCalDelScan:L422> roc  3: caldel = 169 eff = 0.997957
[12:37:21.513]    DEBUG: <PixTestHighRate.cc/doCalDelScan:L422> roc  4: caldel = 177 eff = 0.997236
[12:37:21.514]    DEBUG: <PixTestHighRate.cc/doCalDelScan:L422> roc  5: caldel = 178 eff = 0.99762
[12:37:21.514]    DEBUG: <PixTestHighRate.cc/doCalDelScan:L422> roc  6: caldel = 162 eff = 0.997668
[12:37:21.514]    DEBUG: <PixTestHighRate.cc/doCalDelScan:L422> roc  7: caldel = 151 eff = 0.998149
[12:37:21.514]    DEBUG: <PixTestHighRate.cc/doCalDelScan:L422> roc  8: caldel = 167 eff = 0.997524
[12:37:21.515]    DEBUG: <PixTestHighRate.cc/doCalDelScan:L422> roc  9: caldel = 165 eff = 0.996875
[12:37:21.515]    DEBUG: <PixTestHighRate.cc/doCalDelScan:L422> roc 10: caldel = 166 eff = 0.997476
[12:37:21.515]    DEBUG: <PixTestHighRate.cc/doCalDelScan:L422> roc 11: caldel = 158 eff = 0.997668
[12:37:21.515]    DEBUG: <PixTestHighRate.cc/doCalDelScan:L422> roc 12: caldel = 169 eff = 0.997788
[12:37:21.515]    DEBUG: <PixTestHighRate.cc/doCalDelScan:L422> roc 13: caldel = 154 eff = 0.998606
[12:37:21.515]    DEBUG: <PixTestHighRate.cc/doCalDelScan:L422> roc 14: caldel = 185 eff = 0.999495
[12:37:21.516]    DEBUG: <PixTestHighRate.cc/doCalDelScan:L422> roc 15: caldel = 169 eff = 0.999303
[12:37:26.977]    DEBUG: <PixTab.cc/buttonClicked:L308> xxxPressed():  xpixelalive
[12:37:26.977]    DEBUG: <PixTestHighRate.cc/runCommand:L157> running command: xpixelalive
[12:37:26.977]     INFO:    ----------------------------------------------------------------------
[12:37:26.977]     INFO:    PixTestHighRate::xPixelAlive() ntrig = 50, vcal = 200
[12:37:26.977]     INFO:    ----------------------------------------------------------------------
[12:37:26.977]    DEBUG: <PixTestHighRate.cc/doXPixelAlive:L451>  old set: clk: 4
[12:37:26.977]    DEBUG: <PixTestHighRate.cc/doXPixelAlive:L451>  old set: ctr: 4
[12:37:26.977]    DEBUG: <PixTestHighRate.cc/doXPixelAlive:L451>  old set: sda: 19
[12:37:26.977]    DEBUG: <PixTestHighRate.cc/doXPixelAlive:L451>  old set: tin: 9
[12:37:26.977]    DEBUG: <PixTestHighRate.cc/doXPixelAlive:L451>  old set: level: 15
[12:37:26.978]    DEBUG: <PixTestHighRate.cc/doXPixelAlive:L451>  old set: triggerdelay: 0
[12:37:26.978]    DEBUG: <PixTestHighRate.cc/doXPixelAlive:L467>  setting: clk: 4
[12:37:26.978]    DEBUG: <PixTestHighRate.cc/doXPixelAlive:L467>  setting: ctr: 4
[12:37:26.978]    DEBUG: <PixTestHighRate.cc/doXPixelAlive:L467>  setting: sda: 19
[12:37:26.978]    DEBUG: <PixTestHighRate.cc/doXPixelAlive:L467>  setting: tin: 9
[12:37:26.978]    DEBUG: <PixTestHighRate.cc/doXPixelAlive:L467>  setting: level: 15
[12:37:26.978]    DEBUG: <PixTestHighRate.cc/doXPixelAlive:L467>  setting: triggerdelay: 20
[12:37:27.022]    DEBUG: <PixTest.cc/efficiencyMaps:L396>       attempt #0
[12:37:27.691]     INFO: Expecting 208000 events.
[12:37:42.890]     INFO: 208000 events read in total (14672ms).
[12:37:42.907]     INFO: Test took 15885ms.
[12:37:43.456]     INFO: Fetched DAQ statistics. Counters are being reset now.
[12:37:43.456]    DEBUG: <PixTest.cc/efficiencyMaps:L407>  eff result size = 3219627
[12:37:43.456]    DEBUG: <PixTest.cc/efficiencyMaps:L412> Create hists highRate_C0 .. highRate_C15
[12:37:43.456]    DEBUG: <PixTest.cc/efficiencyMaps:L426> booking xray maps for unmasked detector
[12:37:43.904]     INFO: number of dead pixels (per ROC):     0    0    0    0    1    0    0    0    0    0    0    0    0    0    0    0
[12:37:43.904]     INFO: number of red-efficiency pixels:   148  114  255  428  511  509  478  447  519  654  529  461  473  304  142  143
[12:37:43.904]     INFO: number of X-ray hits detected:    104603 87083 149769 231955 250358 251592 243341 227990 260896 264403 253546 234714 233880 150964 94993 112981
[12:37:43.904]     INFO: number of triggers sent (total per ROC):  208000 208000 208000 208000 208000 208000 208000 208000 208000 208000 208000 208000 208000 208000 208000 208000
[12:37:43.904]     INFO: number of Vcal hits detected:  207846 207883 207727 207546 207390 207429 207485 207512 207443 207163 207396 207501 207485 207670 207840 207856
[12:37:43.904]     INFO: Vcal hit fiducial efficiency (%):  99.9 99.9 99.9 99.8 99.7 99.7 99.8 99.8 99.7 99.6 99.7 99.8 99.8 99.9 99.9 99.9
[12:37:43.904]     INFO: Vcal hit overall efficiency (%):  99.9 99.9 99.9 99.8 99.7 99.7 99.8 99.8 99.7 99.6 99.7 99.8 99.8 99.8 99.9 99.9
[12:37:43.904]     INFO: X-ray hit rate [MHz/cm2]:  30.7 25.5 43.9 68.0 73.4 73.7 71.3 66.8 76.5 77.5 74.3 68.8 68.6 44.2 27.8 33.1
[12:37:43.904]     INFO: PixTestHighRate::doXPixelAlive() done
[12:37:43.951]    DEBUG: <PixTestHighRate.cc/doXPixelAlive:L586>  resetting: clk: 4
[12:37:43.951]    DEBUG: <PixTestHighRate.cc/doXPixelAlive:L586>  resetting: ctr: 4
[12:37:43.951]    DEBUG: <PixTestHighRate.cc/doXPixelAlive:L586>  resetting: sda: 19
[12:37:43.951]    DEBUG: <PixTestHighRate.cc/doXPixelAlive:L586>  resetting: tin: 9
[12:37:43.951]    DEBUG: <PixTestHighRate.cc/doXPixelAlive:L586>  resetting: level: 15
[12:37:43.951]    DEBUG: <PixTestHighRate.cc/doXPixelAlive:L586>  resetting: triggerdelay: 0
[12:37:43.951]     INFO: PixTest::       pg_setup set to default.
[12:37:49.033]    DEBUG: <PixGui.cc/handleButtons:L396> PixGui::exit called
[12:37:49.034]    DEBUG: <PixGui.cc/CloseWindow:L335> Final Analog Current: 391.5mA
[12:37:49.034]    DEBUG: <PixGui.cc/CloseWindow:L336> Final Digital Current: 477.5mA
[12:37:49.034]    DEBUG: <PixGui.cc/CloseWindow:L337> Final Module Temperature: 24.9 C
[12:37:49.034]    DEBUG: <PixTestBBMap.cc/~PixTestBBMap:L97> PixTestBBMap dtor
[12:37:49.035]    DEBUG: <PixTestBB2Map.cc/~PixTestBB2Map:L115> PixTestBB2Map dtor
[12:37:49.035]    DEBUG: <PixTestBB3Map.cc/~PixTestBB3Map:L99> PixTestBB3Map dtor
[12:37:49.035]    DEBUG: <PixTestBB4Map.cc/~PixTestBB4Map:L118> PixTestBB4Map dtor
[12:37:49.035]    DEBUG: <PixTestCmd.cc/~PixTestCmd:L78> PixTestCmd dtor
[12:37:49.035]    DEBUG: <PixTestDaq.cc/~PixTestDaq:L37> PixTestDaq dtor
[12:37:49.035]    DEBUG: <PixTestDacDacScan.cc/~PixTestDacDacScan:L136> PixTestDacDacScan dtor
[12:37:49.035]    DEBUG: <PixTestDacScan.cc/~PixTestDacScan:L129> PixTestDacScan dtor
[12:37:49.035]    DEBUG: <PixTestGainPedestal.cc/~PixTestGainPedestal:L125> PixTestGainPedestal dtor
[12:37:49.035]    DEBUG: <PixTestHighRate.cc/~PixTestHighRate:L245> PixTestHighRate dtor
[12:37:49.120]    DEBUG: <PixTestIV.cc/~PixTestIV:L96> PixTestIV dtor
[12:37:49.120]    DEBUG: <PixTestAlive.cc/~PixTestAlive:L109> PixTestAlive dtor
[12:37:49.120]    DEBUG: <PixTestPretest.cc/~PixTestPretest:L136> PixTestPretest dtor
[12:37:49.120]    DEBUG: <PixTestReadback.cc/~PixTestReadback:L89> PixTestReadback dtor, saving tree ... 
[12:37:49.120]    DEBUG: <PixTestScurves.cc/~PixTestScurves:L142> PixTestScurves dtor
[12:37:49.120]    DEBUG: <PixTestTiming.cc/~PixTestTiming:L97> PixTestTiming dtor
[12:37:49.120]    DEBUG: <PixTestTrim.cc/~PixTestTrim:L103> PixTestTrim dtor
[12:37:49.120]    DEBUG: <PixTestXray.cc/~PixTestXray:L217> PixTestXray dtor
[12:37:49.123]    QUIET: Connection to board 58 closed.
[12:37:49.202]    DEBUG: <PixMonitor.cc/dumpSummaries:L39> PixMonitor::dumpSummaries
