[12:32:28.887]     INFO: *** Welcome to pxar ***
[12:32:28.887]     INFO: *** Today: 2016/01/08
[12:32:28.896]     INFO: *** Version: prod-12
[12:32:28.896]     INFO: readRocDacs: data/mh139/M-H-1-39_ElComandanteTest_2016-01-05_11h04m_1452013478/000_FPIXTest_p17//dacParameters35_C0.dat .. data/mh139/M-H-1-39_ElComandanteTest_2016-01-05_11h04m_1452013478/000_FPIXTest_p17//dacParameters35_C15.dat
[12:32:28.897]     INFO: readTbmDacs: data/mh139/M-H-1-39_ElComandanteTest_2016-01-05_11h04m_1452013478/000_FPIXTest_p17//tbmParameters_C0a.dat .. data/mh139/M-H-1-39_ElComandanteTest_2016-01-05_11h04m_1452013478/000_FPIXTest_p17//tbmParameters_C0b.dat
[12:32:28.897]     INFO: readMaskFile: data/mh139/M-H-1-39_ElComandanteTest_2016-01-05_11h04m_1452013478/000_FPIXTest_p17//defaultMaskFile.dat
[12:32:28.897]     INFO: readTrimFile: data/mh139/M-H-1-39_ElComandanteTest_2016-01-05_11h04m_1452013478/000_FPIXTest_p17//trimParameters35_C0.dat .. data/mh139/M-H-1-39_ElComandanteTest_2016-01-05_11h04m_1452013478/000_FPIXTest_p17//trimParameters35_C15.dat
[12:32:29.049]     INFO:         clk: 4
[12:32:29.049]     INFO:         ctr: 4
[12:32:29.049]     INFO:         sda: 19
[12:32:29.049]     INFO:         tin: 9
[12:32:29.049]     INFO:         level: 15
[12:32:29.049]     INFO:         triggerdelay: 0
[12:32:29.049]    QUIET: Instanciating API for pxar prod-12
[12:32:29.049]     INFO: Log level: DEBUG
[12:32:29.060]    QUIET: Connection to board DTB_WRPRHI opened.
[12:32:29.064]     INFO: DTB startup information
--- DTB info------------------------------------------
Board id:    58
HW version:  DTB1.2
FW version:  4.2
SW version:  4.5
USB id:      DTB_WRPRHI
MAC address: 40D85511803A
Hostname:    pixelDTB058
Comment:     
------------------------------------------------------
[12:32:29.066]     INFO: RPC call hashes of host and DTB match: 398089610
[12:32:30.670]     INFO: DUT info: 
[12:32:30.670]     INFO: The DUT currently contains the following objects:
[12:32:30.670]     INFO:  2 TBM Cores tbm08c (2 ON)
[12:32:30.670]     INFO: 	TBM Core alpha (0): 7 registers set
[12:32:30.670]     INFO: 	TBM Core beta  (1): 7 registers set
[12:32:30.670]     INFO: 16 ROCs psi46digv21respin (16 ON) with 4160 pixelConfigs
[12:32:30.670]     INFO: 	ROC 0: 19 DACs set, Pixels: 0 masked, 0 active.
[12:32:30.670]     INFO: 	ROC 1: 19 DACs set, Pixels: 0 masked, 0 active.
[12:32:30.670]     INFO: 	ROC 2: 19 DACs set, Pixels: 0 masked, 0 active.
[12:32:30.670]     INFO: 	ROC 3: 19 DACs set, Pixels: 0 masked, 0 active.
[12:32:30.670]     INFO: 	ROC 4: 19 DACs set, Pixels: 0 masked, 0 active.
[12:32:30.670]     INFO: 	ROC 5: 19 DACs set, Pixels: 0 masked, 0 active.
[12:32:30.670]     INFO: 	ROC 6: 19 DACs set, Pixels: 0 masked, 0 active.
[12:32:30.670]     INFO: 	ROC 7: 19 DACs set, Pixels: 0 masked, 0 active.
[12:32:30.670]     INFO: 	ROC 8: 19 DACs set, Pixels: 0 masked, 0 active.
[12:32:30.670]     INFO: 	ROC 9: 19 DACs set, Pixels: 0 masked, 0 active.
[12:32:30.671]     INFO: 	ROC 10: 19 DACs set, Pixels: 0 masked, 0 active.
[12:32:30.671]     INFO: 	ROC 11: 19 DACs set, Pixels: 0 masked, 0 active.
[12:32:30.671]     INFO: 	ROC 12: 19 DACs set, Pixels: 0 masked, 0 active.
[12:32:30.671]     INFO: 	ROC 13: 19 DACs set, Pixels: 0 masked, 0 active.
[12:32:30.671]     INFO: 	ROC 14: 19 DACs set, Pixels: 0 masked, 0 active.
[12:32:30.671]     INFO: 	ROC 15: 19 DACs set, Pixels: 0 masked, 0 active.
[12:32:30.671]    DEBUG: <PixTestParameters.cc/dump:L104> PixTestParameters: ->BB<-
[12:32:30.671]    DEBUG: <PixTestParameters.cc/dump:L107>   dumpall: checkbox(0)
[12:32:30.671]    DEBUG: <PixTestParameters.cc/dump:L107>   dumpproblematic: checkbox(0)
[12:32:30.671]    DEBUG: <PixTestParameters.cc/dump:L107>   ntrig: 5
[12:32:30.671]    DEBUG: <PixTestParameters.cc/dump:L107>   vcals: 250
[12:32:30.671]    DEBUG: <PixTestParameters.cc/dump:L104> PixTestParameters: ->BB2<-
[12:32:30.671]    DEBUG: <PixTestParameters.cc/dump:L107>   ntrig: 10
[12:32:30.671]    DEBUG: <PixTestParameters.cc/dump:L107>   vcals: 222
[12:32:30.671]    DEBUG: <PixTestParameters.cc/dump:L107>   plwidth: 35
[12:32:30.671]    DEBUG: <PixTestParameters.cc/dump:L107>   pix: 11,20
[12:32:30.671]    DEBUG: <PixTestParameters.cc/dump:L107>   targetia: 24
[12:32:30.671]    DEBUG: <PixTestParameters.cc/dump:L104> PixTestParameters: ->BB3<-
[12:32:30.671]    DEBUG: <PixTestParameters.cc/dump:L107>   dumpall: checkbox(0)
[12:32:30.671]    DEBUG: <PixTestParameters.cc/dump:L107>   dumpproblematic: checkbox(0)
[12:32:30.671]    DEBUG: <PixTestParameters.cc/dump:L107>   ntrig: 5
[12:32:30.671]    DEBUG: <PixTestParameters.cc/dump:L107>   vcals: 250
[12:32:30.671]    DEBUG: <PixTestParameters.cc/dump:L104> PixTestParameters: ->BB4<-
[12:32:30.671]    DEBUG: <PixTestParameters.cc/dump:L107>   savecaldelscan: checkbox(0)
[12:32:30.671]    DEBUG: <PixTestParameters.cc/dump:L107>   ntrig: 100
[12:32:30.671]    DEBUG: <PixTestParameters.cc/dump:L107>   cals: 1
[12:32:30.671]    DEBUG: <PixTestParameters.cc/dump:L107>   caldello: 80
[12:32:30.671]    DEBUG: <PixTestParameters.cc/dump:L107>   caldelhi: 200
[12:32:30.671]    DEBUG: <PixTestParameters.cc/dump:L107>   caldelstep: 10
[12:32:30.671]    DEBUG: <PixTestParameters.cc/dump:L107>   vthrcomplo: 70
[12:32:30.671]    DEBUG: <PixTestParameters.cc/dump:L107>   vthrcomphi: 130
[12:32:30.672]    DEBUG: <PixTestParameters.cc/dump:L107>   vthrcompstep: 5
[12:32:30.672]    DEBUG: <PixTestParameters.cc/dump:L107>   noisypixels: 10
[12:32:30.672]    DEBUG: <PixTestParameters.cc/dump:L107>   vcal: 255
[12:32:30.672]    DEBUG: <PixTestParameters.cc/dump:L107>   cut: 0.5
[12:32:30.672]    DEBUG: <PixTestParameters.cc/dump:L104> PixTestParameters: ->Cmd<-
[12:32:30.672]    DEBUG: <PixTestParameters.cc/dump:L104> PixTestParameters: ->DAQ<-
[12:32:30.672]    DEBUG: <PixTestParameters.cc/dump:L107>   delaytbm: checkbox
[12:32:30.672]    DEBUG: <PixTestParameters.cc/dump:L107>   filltree: checkbox
[12:32:30.672]    DEBUG: <PixTestParameters.cc/dump:L107>   trgfrequency(khz): 100
[12:32:30.672]    DEBUG: <PixTestParameters.cc/dump:L107>   maskhotpixels: button
[12:32:30.672]    DEBUG: <PixTestParameters.cc/dump:L107>   trgnumber: 5
[12:32:30.672]    DEBUG: <PixTestParameters.cc/dump:L107>   iterations: 10
[12:32:30.672]    DEBUG: <PixTestParameters.cc/dump:L107>   rundaqtrg: button
[12:32:30.672]    DEBUG: <PixTestParameters.cc/dump:L107>   daqseconds: 10
[12:32:30.672]    DEBUG: <PixTestParameters.cc/dump:L107>   rundaqseconds: button
[12:32:30.672]    DEBUG: <PixTestParameters.cc/dump:L104> PixTestParameters: ->DacDacScan<-
[12:32:30.672]    DEBUG: <PixTestParameters.cc/dump:L107>   phmap: checkbox
[12:32:30.672]    DEBUG: <PixTestParameters.cc/dump:L107>   ntrig: 10
[12:32:30.672]    DEBUG: <PixTestParameters.cc/dump:L107>   dac1: caldel
[12:32:30.672]    DEBUG: <PixTestParameters.cc/dump:L107>   dac1lo: 0
[12:32:30.672]    DEBUG: <PixTestParameters.cc/dump:L107>   dac1hi: 255
[12:32:30.672]    DEBUG: <PixTestParameters.cc/dump:L107>   dac2: vthrcomp
[12:32:30.672]    DEBUG: <PixTestParameters.cc/dump:L107>   dac2lo: 0
[12:32:30.672]    DEBUG: <PixTestParameters.cc/dump:L107>   dac2hi: 255
[12:32:30.672]    DEBUG: <PixTestParameters.cc/dump:L107>   pix: 11,20
[12:32:30.672]    DEBUG: <PixTestParameters.cc/dump:L104> PixTestParameters: ->DacScan<-
[12:32:30.672]    DEBUG: <PixTestParameters.cc/dump:L107>   phmap: checkbox(1)
[12:32:30.672]    DEBUG: <PixTestParameters.cc/dump:L107>   allpixels: checkbox(0)
[12:32:30.672]    DEBUG: <PixTestParameters.cc/dump:L107>   unmasked: checkbox(0)
[12:32:30.672]    DEBUG: <PixTestParameters.cc/dump:L107>   ntrig: 10
[12:32:30.672]    DEBUG: <PixTestParameters.cc/dump:L107>   dac: vcal
[12:32:30.672]    DEBUG: <PixTestParameters.cc/dump:L107>   daclo: 0
[12:32:30.672]    DEBUG: <PixTestParameters.cc/dump:L107>   dachi: 255
[12:32:30.672]    DEBUG: <PixTestParameters.cc/dump:L107>   pix: 11,20
[12:32:30.672]    DEBUG: <PixTestParameters.cc/dump:L104> PixTestParameters: ->GainPedestal<-
[12:32:30.672]    DEBUG: <PixTestParameters.cc/dump:L107>   showfits: checkbox(0)
[12:32:30.672]    DEBUG: <PixTestParameters.cc/dump:L107>   extended: checkbox(0)
[12:32:30.672]    DEBUG: <PixTestParameters.cc/dump:L107>   dumphists: checkbox(0)
[12:32:30.672]    DEBUG: <PixTestParameters.cc/dump:L107>   ntrig: 10
[12:32:30.672]    DEBUG: <PixTestParameters.cc/dump:L107>   vcalstep: 10
[12:32:30.672]    DEBUG: <PixTestParameters.cc/dump:L107>   measure: button
[12:32:30.672]    DEBUG: <PixTestParameters.cc/dump:L107>   fit: button
[12:32:30.672]    DEBUG: <PixTestParameters.cc/dump:L107>   save: button
[12:32:30.672]    DEBUG: <PixTestParameters.cc/dump:L104> PixTestParameters: ->HighRate<-
[12:32:30.672]    DEBUG: <PixTestParameters.cc/dump:L107>   pix: 11,20
[12:32:30.672]    DEBUG: <PixTestParameters.cc/dump:L107>   trimhotpixels: button
[12:32:30.672]    DEBUG: <PixTestParameters.cc/dump:L107>   trimhotpixelthr: 200
[12:32:30.672]    DEBUG: <PixTestParameters.cc/dump:L107>   runsecondshotpixels: 10
[12:32:30.672]    DEBUG: <PixTestParameters.cc/dump:L107>   savetrimbits: checkbox(1)
[12:32:30.672]    DEBUG: <PixTestParameters.cc/dump:L107>   maskuntrimmable: checkbox(1)
[12:32:30.672]    DEBUG: <PixTestParameters.cc/dump:L107>   maskhotpixels: button
[12:32:30.672]    DEBUG: <PixTestParameters.cc/dump:L107>   savemaskfile: checkbox(0)
[12:32:30.672]    DEBUG: <PixTestParameters.cc/dump:L107>   maskfilename: default
[12:32:30.672]    DEBUG: <PixTestParameters.cc/dump:L107>   caldelscan: button
[12:32:30.672]    DEBUG: <PixTestParameters.cc/dump:L107>   xpixelalive: button
[12:32:30.672]    DEBUG: <PixTestParameters.cc/dump:L107>   ntrig: 50
[12:32:30.672]    DEBUG: <PixTestParameters.cc/dump:L107>   vcal: 200
[12:32:30.673]    DEBUG: <PixTestParameters.cc/dump:L107>   xnoisemaps: button
[12:32:30.673]    DEBUG: <PixTestParameters.cc/dump:L107>   daclo: 0
[12:32:30.673]    DEBUG: <PixTestParameters.cc/dump:L107>   dachi: 100
[12:32:30.673]    DEBUG: <PixTestParameters.cc/dump:L107>   dacs/step: 20
[12:32:30.673]    DEBUG: <PixTestParameters.cc/dump:L107>   rundaq: button
[12:32:30.673]    DEBUG: <PixTestParameters.cc/dump:L107>   trgfrequency(khz): 20
[12:32:30.673]    DEBUG: <PixTestParameters.cc/dump:L107>   runseconds: 2
[12:32:30.673]    DEBUG: <PixTestParameters.cc/dump:L107>   triggerdelay: 20
[12:32:30.673]    DEBUG: <PixTestParameters.cc/dump:L107>   delaytbm: checkbox
[12:32:30.673]    DEBUG: <PixTestParameters.cc/dump:L107>   filltree: checkbox
[12:32:30.673]    DEBUG: <PixTestParameters.cc/dump:L104> PixTestParameters: ->IV<-
[12:32:30.673]    DEBUG: <PixTestParameters.cc/dump:L107>   port: /dev/ttyS0
[12:32:30.673]    DEBUG: <PixTestParameters.cc/dump:L107>   voltagestart: 0
[12:32:30.673]    DEBUG: <PixTestParameters.cc/dump:L107>   voltagestop: 600
[12:32:30.673]    DEBUG: <PixTestParameters.cc/dump:L107>   voltagestep: 5
[12:32:30.673]    DEBUG: <PixTestParameters.cc/dump:L107>   delay: 1
[12:32:30.673]    DEBUG: <PixTestParameters.cc/dump:L107>   compliance(ua): 100
[12:32:30.673]    DEBUG: <PixTestParameters.cc/dump:L104> PixTestParameters: ->PhOptimization<-
[12:32:30.673]    DEBUG: <PixTestParameters.cc/dump:L107>   ntrig: 10
[12:32:30.673]    DEBUG: <PixTestParameters.cc/dump:L107>   safetymarginlow: 20
[12:32:30.673]    DEBUG: <PixTestParameters.cc/dump:L107>   saturationvcal: 100
[12:32:30.673]    DEBUG: <PixTestParameters.cc/dump:L107>   quantilesaturation: 0.98
[12:32:30.673]    DEBUG: <PixTestParameters.cc/dump:L104> PixTestParameters: ->PixelAlive<-
[12:32:30.673]    DEBUG: <PixTestParameters.cc/dump:L107>   ntrig: 10
[12:32:30.673]    DEBUG: <PixTestParameters.cc/dump:L107>   vcal: 200
[12:32:30.673]    DEBUG: <PixTestParameters.cc/dump:L107>   alivetest: button
[12:32:30.673]    DEBUG: <PixTestParameters.cc/dump:L107>   masktest: button
[12:32:30.673]    DEBUG: <PixTestParameters.cc/dump:L107>   addressdecodingtest: button
[12:32:30.673]    DEBUG: <PixTestParameters.cc/dump:L104> PixTestParameters: ->Pretest<-
[12:32:30.673]    DEBUG: <PixTestParameters.cc/dump:L107>   programroc: button
[12:32:30.673]    DEBUG: <PixTestParameters.cc/dump:L107>   targetia: 24
[12:32:30.673]    DEBUG: <PixTestParameters.cc/dump:L107>   setvana: button
[12:32:30.673]    DEBUG: <PixTestParameters.cc/dump:L107>   iterations: 100
[12:32:30.673]    DEBUG: <PixTestParameters.cc/dump:L107>   settimings: button
[12:32:30.673]    DEBUG: <PixTestParameters.cc/dump:L107>   findtiming: button
[12:32:30.673]    DEBUG: <PixTestParameters.cc/dump:L107>   findworkingpixel: button
[12:32:30.673]    DEBUG: <PixTestParameters.cc/dump:L107>   setvthrcompcaldel: button
[12:32:30.673]    DEBUG: <PixTestParameters.cc/dump:L107>   pix: 11,20
[12:32:30.673]    DEBUG: <PixTestParameters.cc/dump:L107>   vcal: 250
[12:32:30.673]    DEBUG: <PixTestParameters.cc/dump:L107>   deltavthrcomp: 50
[12:32:30.673]    DEBUG: <PixTestParameters.cc/dump:L107>   fraccaldel: 0.5
[12:32:30.673]    DEBUG: <PixTestParameters.cc/dump:L107>   ntrig: 5
[12:32:30.673]    DEBUG: <PixTestParameters.cc/dump:L107>   savedacs: button
[12:32:30.673]    DEBUG: <PixTestParameters.cc/dump:L104> PixTestParameters: ->Readback<-
[12:32:30.673]    DEBUG: <PixTestParameters.cc/dump:L107>   calibratevd: button
[12:32:30.673]    DEBUG: <PixTestParameters.cc/dump:L107>   calibrateva: button
[12:32:30.673]    DEBUG: <PixTestParameters.cc/dump:L107>   calibrateia: button
[12:32:30.673]    DEBUG: <PixTestParameters.cc/dump:L107>   readbackvbg: button
[12:32:30.673]    DEBUG: <PixTestParameters.cc/dump:L107>   getcalibratedvbg: button
[12:32:30.673]    DEBUG: <PixTestParameters.cc/dump:L107>   usecalvd: checkbox(1)
[12:32:30.673]    DEBUG: <PixTestParameters.cc/dump:L107>   usecalva: checkbox(0)
[12:32:30.673]    DEBUG: <PixTestParameters.cc/dump:L107>   setvana: button
[12:32:30.673]    DEBUG: <PixTestParameters.cc/dump:L104> PixTestParameters: ->Scurves<-
[12:32:30.673]    DEBUG: <PixTestParameters.cc/dump:L107>   adjustvcal: checkbox(0)
[12:32:30.673]    DEBUG: <PixTestParameters.cc/dump:L107>   dumpall: checkbox(0)
[12:32:30.673]    DEBUG: <PixTestParameters.cc/dump:L107>   dumpproblematic: checkbox(0)
[12:32:30.673]    DEBUG: <PixTestParameters.cc/dump:L107>   dumpoutputfile: checkbox(0)
[12:32:30.674]    DEBUG: <PixTestParameters.cc/dump:L107>   ntrig: 50
[12:32:30.674]    DEBUG: <PixTestParameters.cc/dump:L107>   dac: Vcal
[12:32:30.674]    DEBUG: <PixTestParameters.cc/dump:L107>   daclo: 5
[12:32:30.674]    DEBUG: <PixTestParameters.cc/dump:L107>   dachi: 75
[12:32:30.674]    DEBUG: <PixTestParameters.cc/dump:L107>   dacs/step: -1
[12:32:30.674]    DEBUG: <PixTestParameters.cc/dump:L107>   ntrig/step: -1
[12:32:30.674]    DEBUG: <PixTestParameters.cc/dump:L107>   scurves: button
[12:32:30.674]    DEBUG: <PixTestParameters.cc/dump:L104> PixTestParameters: ->Timing<-
[12:32:30.674]    DEBUG: <PixTestParameters.cc/dump:L107>   targetclk: 4
[12:32:30.674]    DEBUG: <PixTestParameters.cc/dump:L107>   ntrig: 10
[12:32:30.674]    DEBUG: <PixTestParameters.cc/dump:L107>   clocksdascan: button
[12:32:30.674]    DEBUG: <PixTestParameters.cc/dump:L107>   notokenpass: checkbox(0)
[12:32:30.674]    DEBUG: <PixTestParameters.cc/dump:L107>   phasescan: button
[12:32:30.674]    DEBUG: <PixTestParameters.cc/dump:L107>   levelscan: button
[12:32:30.674]    DEBUG: <PixTestParameters.cc/dump:L107>   tbmphasescan: button
[12:32:30.674]    DEBUG: <PixTestParameters.cc/dump:L107>   rocdelayscan: button
[12:32:30.674]    DEBUG: <PixTestParameters.cc/dump:L107>   timingtest: button
[12:32:30.674]    DEBUG: <PixTestParameters.cc/dump:L107>   saveparameters: button
[12:32:30.674]    DEBUG: <PixTestParameters.cc/dump:L104> PixTestParameters: ->Trim<-
[12:32:30.674]    DEBUG: <PixTestParameters.cc/dump:L107>   trim: button
[12:32:30.674]    DEBUG: <PixTestParameters.cc/dump:L107>   ntrig: 8
[12:32:30.674]    DEBUG: <PixTestParameters.cc/dump:L107>   vcal: 35
[12:32:30.674]    DEBUG: <PixTestParameters.cc/dump:L107>   trimbits: button
[12:32:30.674]    DEBUG: <PixTestParameters.cc/dump:L104> PixTestParameters: ->Xray<-
[12:32:30.674]    DEBUG: <PixTestParameters.cc/dump:L107>   maskhotpixels: button
[12:32:30.674]    DEBUG: <PixTestParameters.cc/dump:L107>   savemaskfile: checkbox(0)
[12:32:30.674]    DEBUG: <PixTestParameters.cc/dump:L107>   maskfilename: default
[12:32:30.674]    DEBUG: <PixTestParameters.cc/dump:L107>   source: Ag
[12:32:30.674]    DEBUG: <PixTestParameters.cc/dump:L107>   phrun: button
[12:32:30.674]    DEBUG: <PixTestParameters.cc/dump:L107>   runseconds: 160
[12:32:30.674]    DEBUG: <PixTestParameters.cc/dump:L107>   trgfrequency(khz): 100
[12:32:30.674]    DEBUG: <PixTestParameters.cc/dump:L107>   ratescan: button
[12:32:30.674]    DEBUG: <PixTestParameters.cc/dump:L107>   vthrcompmin: 10
[12:32:30.674]    DEBUG: <PixTestParameters.cc/dump:L107>   vthrcompmax: 80
[12:32:30.674]    DEBUG: <PixTestParameters.cc/dump:L107>   stepseconds: 5
[12:32:30.674]    DEBUG: <PixTestParameters.cc/dump:L107>   delaytbm: checkbox
[12:32:30.674]    DEBUG: <PixTestParameters.cc/dump:L107>   filltree: checkbox
[12:32:30.676]    DEBUG: <PixSetup.cc/init:L81> PixSetup init start; getCurrentRSS() = 35237888
[12:32:30.676]    DEBUG: <PixSetup.cc/init:L87> fPixTestParameters = 0x10e63d0
[12:32:30.676]    DEBUG: <PixSetup.cc/init:L88>  fConfigParameters = 0x105bc10
[12:32:30.676]    DEBUG: <PixSetup.cc/init:L89>        fPxarMemory = 0x7fa085d94010
[12:32:30.676]    DEBUG: <PixSetup.cc/init:L90>         fPxarMemHi = 0x7fa08bfff510
[12:32:30.676]    DEBUG: <PixSetup.cc/init:L106> PixSetup init done;  getCurrentRSS() = 35246080 fPxarMemory = 0x7fa085d94010
[12:32:30.678]    DEBUG: <pXar.cc/main:L223> Initial Analog Current: 389.1mA
[12:32:30.679]    DEBUG: <pXar.cc/main:L224> Initial Digital Current: 477.5mA
[12:32:30.679]    DEBUG: <pXar.cc/main:L225> Initial Module Temperature: 22.9 C
[12:32:31.177]    DEBUG: <PixGui.cc/hvOn:L460> HV set On: 0x16a4660
[12:32:31.247]    DEBUG: <PixTestFactory.cc/PixTestFactory:L53> PixTestFactory::PixTestFactory()
[12:32:31.247]    DEBUG: <PixTestBBMap.cc/init:L79> PixTestBBMap::init()
[12:32:31.247]    DEBUG: <PixTestBBMap.cc/PixTestBBMap:L27> PixTestBBMap ctor(PixSetup &a, string, TGTab *)
[12:32:31.253]    DEBUG: <PixTestBB2Map.cc/setParameter:L58> setting fTargetIa    = 24 mA/ROC
[12:32:31.253]    DEBUG: <PixTestBB2Map.cc/init:L97> PixTestBB2Map::init()
[12:32:31.253]    DEBUG: <PixTestBB2Map.cc/PixTestBB2Map:L29> PixTestBB2Map ctor(PixSetup &a, string, TGTab *)
[12:32:31.263]    DEBUG: <PixTestBB3Map.cc/init:L81> PixTestBB3Map::init()
[12:32:31.263]    DEBUG: <PixTestBB3Map.cc/PixTestBB3Map:L29> PixTestBB3Map ctor(PixSetup &a, string, TGTab *)
[12:32:31.279]    DEBUG: <PixTestBB4Map.cc/init:L93> PixTestBB4Map::init()
[12:32:31.279]    DEBUG: <PixTestBB4Map.cc/PixTestBB4Map:L26> PixTestMapeff ctor(PixSetup &a, string, TGTab *)
[12:32:31.296]     INFO: PixTestCmd::init()
[12:32:31.322]    DEBUG: <PixTestDaq.cc/init:L44> PixTestDaq::init()
[12:32:31.322]    DEBUG: <PixTestDaq.cc/PixTestDaq:L22> PixTestDaq ctor(PixSetup &a, string, TGTab *)
[12:32:31.322]     INFO: readGainPedestalParameters data/mh139/M-H-1-39_ElComandanteTest_2016-01-05_11h04m_1452013478/000_FPIXTest_p17//phCalibrationFitErr35_C0.dat .. data/mh139/M-H-1-39_ElComandanteTest_2016-01-05_11h04m_1452013478/000_FPIXTest_p17//phCalibrationFitErr35_C15.dat
[12:32:31.567]    DEBUG: <PixTestDacDacScan.cc/init:L103> PixTestDacDacScan::init()
[12:32:31.567]    DEBUG: <PixTestDacDacScan.cc/PixTestDacDacScan:L22> PixTestDacDacScan ctor(PixSetup &a, string, TGTab *)
[12:32:31.581]    DEBUG: <PixTestGainPedestal.cc/setParameter:L83> PixTestGainPedestal::PixTest() fVcalStep = 10
[12:32:31.587]    DEBUG: <PixTestHighRate.cc/setParameter:L68>   setting fParTriggerFrequency -> 20
[12:32:31.587]    DEBUG: <PixTestHighRate.cc/init:L198> PixTestHighRate::init()
[12:32:31.587]    DEBUG: <PixTestHighRate.cc/PixTestHighRate:L31> PixTestHighRate ctor(PixSetup &a, string, TGTab *)
[12:32:31.612]    DEBUG: <PixTest.cc/setTestParameter:L637>  setting  ntrig to new value 10
[12:32:31.612]    DEBUG: <PixTestPhOptimization.cc/setParameter:L37>   setting fParNtrig  ->10<- from sval = 10
[12:32:31.612]    DEBUG: <PixTestPhOptimization.cc/setParameter:L42>   setting fSafetyMarginLow  ->20<- from sval = 20
[12:32:31.612]    DEBUG: <PixTestPhOptimization.cc/setParameter:L48>   setting fVcalMax  ->100<- from sval = 100
[12:32:31.612]    DEBUG: <PixTestPhOptimization.cc/setParameter:L53>   setting fQuantMax  ->0.98<- from sval = 0.98
[12:32:31.618]    DEBUG: <PixTestAlive.cc/init:L77> PixTestAlive::init()
[12:32:31.618]    DEBUG: <PixTestAlive.cc/PixTestAlive:L21> PixTestAlive ctor(PixSetup &a, string, TGTab *)
[12:32:31.640]    DEBUG: <PixTestReadback.cc/setParameter:L172> fCalwVd set to 1
[12:32:31.640]    DEBUG: <PixTestReadback.cc/init:L95> PixTestReadback::init()
[12:32:31.640]    DEBUG: <PixTestReadback.cc/PixTestReadback:L22> PixTestReadback ctor(PixSetup &a, string, TGTab *)
[12:32:31.640]     INFO: readReadbackCal: data/mh139/M-H-1-39_ElComandanteTest_2016-01-05_11h04m_1452013478/000_FPIXTest_p17//readbackCal_C0.dat .. data/mh139/M-H-1-39_ElComandanteTest_2016-01-05_11h04m_1452013478/000_FPIXTest_p17//readbackCal_C15.dat
[12:32:31.650]    DEBUG: <PixTestScurves.cc/setParameter:L93> set fOutputFilename = 
[12:32:31.658]    DEBUG: <PixTestTiming.cc/setParameter:L60> PixTestTiming::PixTest() targetclk = 4
[12:32:31.658]    DEBUG: <PixTestTiming.cc/setParameter:L64> PixTestTiming::PixTest() ntrig = 10
[12:32:31.658]    DEBUG: <PixTestTiming.cc/setParameter:L48> fNoTokenPass: 0
[12:32:31.658]    DEBUG: <PixTestTiming.cc/init:L74> PixTestTiming::init()
[12:32:31.678]    DEBUG: <PixTestXray.cc/init:L134> PixTestXray::init()
[12:32:31.678]    DEBUG: <PixTestXray.cc/PixTestXray:L28> PixTestXray ctor(PixSetup &a, string, TGTab *)
[12:32:36.377]    DEBUG: <PixTab.cc/buttonClicked:L308> xxxPressed():  caldelscan
[12:32:36.377]    DEBUG: <PixTestHighRate.cc/runCommand:L157> running command: caldelscan
[12:32:36.377]     INFO:    ----------------------------------------------------------------------
[12:32:36.377]     INFO:    PixTestHighRate::calDelScan() ntrig = 10, vcal = 200
[12:32:36.377]     INFO:    ----------------------------------------------------------------------
[12:32:36.517]     INFO: Expecting 768 events.
[12:32:37.654]     INFO: 768 events read in total (419ms).
[12:32:37.843]     INFO: Test took 1460ms.
[12:32:37.850]    DEBUG: <PixTest.cc/efficiencyMaps:L396>       attempt #0
[12:32:38.518]     INFO: Expecting 41600 events.
[12:32:42.399]     INFO: 41600 events read in total (3355ms).
[12:32:42.404]     INFO: Test took 4554ms.
[12:32:42.557]     INFO: Fetched DAQ statistics. Counters are being reset now.
[12:32:42.557]    DEBUG: <PixTest.cc/efficiencyMaps:L407>  eff result size = 893469
[12:32:42.557]    DEBUG: <PixTest.cc/efficiencyMaps:L412> Create hists HR_xeff_CalDelScan_step0_C0 .. HR_xeff_CalDelScan_step0_C15
[12:32:42.558]    DEBUG: <PixTest.cc/efficiencyMaps:L426> booking xray maps for unmasked detector
[12:32:42.622]    DEBUG: <PixTest.cc/efficiencyMaps:L396>       attempt #0
[12:32:43.288]     INFO: Expecting 41600 events.
[12:32:47.281]     INFO: 41600 events read in total (3466ms).
[12:32:47.287]     INFO: Test took 4665ms.
[12:32:47.435]     INFO: Fetched DAQ statistics. Counters are being reset now.
[12:32:47.435]    DEBUG: <PixTest.cc/efficiencyMaps:L407>  eff result size = 901398
[12:32:47.436]    DEBUG: <PixTest.cc/efficiencyMaps:L412> Create hists HR_xeff_CalDelScan_step1_C0 .. HR_xeff_CalDelScan_step1_C15
[12:32:47.436]    DEBUG: <PixTest.cc/efficiencyMaps:L426> booking xray maps for unmasked detector
[12:32:47.503]    DEBUG: <PixTest.cc/efficiencyMaps:L396>       attempt #0
[12:32:48.169]     INFO: Expecting 41600 events.
[12:32:52.188]     INFO: 41600 events read in total (3493ms).
[12:32:52.193]     INFO: Test took 4689ms.
[12:32:52.341]     INFO: Fetched DAQ statistics. Counters are being reset now.
[12:32:52.341]    DEBUG: <PixTest.cc/efficiencyMaps:L407>  eff result size = 905787
[12:32:52.341]    DEBUG: <PixTest.cc/efficiencyMaps:L412> Create hists HR_xeff_CalDelScan_step2_C0 .. HR_xeff_CalDelScan_step2_C15
[12:32:52.341]    DEBUG: <PixTest.cc/efficiencyMaps:L426> booking xray maps for unmasked detector
[12:32:52.410]    DEBUG: <PixTest.cc/efficiencyMaps:L396>       attempt #0
[12:32:53.075]     INFO: Expecting 41600 events.
[12:32:57.092]     INFO: 41600 events read in total (3491ms).
[12:32:57.098]     INFO: Test took 4688ms.
[12:32:57.244]     INFO: Fetched DAQ statistics. Counters are being reset now.
[12:32:57.244]    DEBUG: <PixTest.cc/efficiencyMaps:L407>  eff result size = 904617
[12:32:57.244]    DEBUG: <PixTest.cc/efficiencyMaps:L412> Create hists HR_xeff_CalDelScan_step3_C0 .. HR_xeff_CalDelScan_step3_C15
[12:32:57.244]    DEBUG: <PixTest.cc/efficiencyMaps:L426> booking xray maps for unmasked detector
[12:32:57.311]    DEBUG: <PixTest.cc/efficiencyMaps:L396>       attempt #0
[12:32:57.976]     INFO: Expecting 41600 events.
[12:33:02.001]     INFO: 41600 events read in total (3498ms).
[12:33:02.006]     INFO: Test took 4694ms.
[12:33:02.153]     INFO: Fetched DAQ statistics. Counters are being reset now.
[12:33:02.153]    DEBUG: <PixTest.cc/efficiencyMaps:L407>  eff result size = 904109
[12:33:02.153]    DEBUG: <PixTest.cc/efficiencyMaps:L412> Create hists HR_xeff_CalDelScan_step4_C0 .. HR_xeff_CalDelScan_step4_C15
[12:33:02.153]    DEBUG: <PixTest.cc/efficiencyMaps:L426> booking xray maps for unmasked detector
[12:33:02.220]    DEBUG: <PixTest.cc/efficiencyMaps:L396>       attempt #0
[12:33:02.885]     INFO: Expecting 41600 events.
[12:33:06.926]     INFO: 41600 events read in total (3514ms).
[12:33:06.931]     INFO: Test took 4711ms.
[12:33:07.078]     INFO: Fetched DAQ statistics. Counters are being reset now.
[12:33:07.078]    DEBUG: <PixTest.cc/efficiencyMaps:L407>  eff result size = 904433
[12:33:07.078]    DEBUG: <PixTest.cc/efficiencyMaps:L412> Create hists HR_xeff_CalDelScan_step5_C0 .. HR_xeff_CalDelScan_step5_C15
[12:33:07.078]    DEBUG: <PixTest.cc/efficiencyMaps:L426> booking xray maps for unmasked detector
[12:33:07.146]    DEBUG: <PixTest.cc/efficiencyMaps:L396>       attempt #0
[12:33:07.811]     INFO: Expecting 41600 events.
[12:33:11.801]     INFO: 41600 events read in total (3463ms).
[12:33:11.807]     INFO: Test took 4661ms.
[12:33:11.956]     INFO: Fetched DAQ statistics. Counters are being reset now.
[12:33:11.956]    DEBUG: <PixTest.cc/efficiencyMaps:L407>  eff result size = 903679
[12:33:11.956]    DEBUG: <PixTest.cc/efficiencyMaps:L412> Create hists HR_xeff_CalDelScan_step6_C0 .. HR_xeff_CalDelScan_step6_C15
[12:33:11.957]    DEBUG: <PixTest.cc/efficiencyMaps:L426> booking xray maps for unmasked detector
[12:33:12.022]    DEBUG: <PixTest.cc/efficiencyMaps:L396>       attempt #0
[12:33:12.687]     INFO: Expecting 41600 events.
[12:33:16.713]     INFO: 41600 events read in total (3499ms).
[12:33:16.719]     INFO: Test took 4697ms.
[12:33:16.865]     INFO: Fetched DAQ statistics. Counters are being reset now.
[12:33:16.865]    DEBUG: <PixTest.cc/efficiencyMaps:L407>  eff result size = 904850
[12:33:16.865]    DEBUG: <PixTest.cc/efficiencyMaps:L412> Create hists HR_xeff_CalDelScan_step7_C0 .. HR_xeff_CalDelScan_step7_C15
[12:33:16.866]    DEBUG: <PixTest.cc/efficiencyMaps:L426> booking xray maps for unmasked detector
[12:33:16.933]    DEBUG: <PixTest.cc/efficiencyMaps:L396>       attempt #0
[12:33:17.598]     INFO: Expecting 41600 events.
[12:33:21.654]     INFO: 41600 events read in total (3530ms).
[12:33:21.659]     INFO: Test took 4726ms.
[12:33:21.804]     INFO: Fetched DAQ statistics. Counters are being reset now.
[12:33:21.804]    DEBUG: <PixTest.cc/efficiencyMaps:L407>  eff result size = 903901
[12:33:21.804]    DEBUG: <PixTest.cc/efficiencyMaps:L412> Create hists HR_xeff_CalDelScan_step8_C0 .. HR_xeff_CalDelScan_step8_C15
[12:33:21.804]    DEBUG: <PixTest.cc/efficiencyMaps:L426> booking xray maps for unmasked detector
[12:33:21.871]    DEBUG: <PixTest.cc/efficiencyMaps:L396>       attempt #0
[12:33:22.536]     INFO: Expecting 41600 events.
[12:33:26.566]     INFO: 41600 events read in total (3503ms).
[12:33:26.571]     INFO: Test took 4699ms.
[12:33:26.718]     INFO: Fetched DAQ statistics. Counters are being reset now.
[12:33:26.718]    DEBUG: <PixTest.cc/efficiencyMaps:L407>  eff result size = 904515
[12:33:26.718]    DEBUG: <PixTest.cc/efficiencyMaps:L412> Create hists HR_xeff_CalDelScan_step9_C0 .. HR_xeff_CalDelScan_step9_C15
[12:33:26.718]    DEBUG: <PixTest.cc/efficiencyMaps:L426> booking xray maps for unmasked detector
[12:33:26.786]    DEBUG: <PixTest.cc/efficiencyMaps:L396>       attempt #0
[12:33:27.451]     INFO: Expecting 41600 events.
[12:33:31.490]     INFO: 41600 events read in total (3512ms).
[12:33:31.495]     INFO: Test took 4709ms.
[12:33:31.646]     INFO: Fetched DAQ statistics. Counters are being reset now.
[12:33:31.646]    DEBUG: <PixTest.cc/efficiencyMaps:L407>  eff result size = 905573
[12:33:31.646]    DEBUG: <PixTest.cc/efficiencyMaps:L412> Create hists HR_xeff_CalDelScan_step10_C0 .. HR_xeff_CalDelScan_step10_C15
[12:33:31.646]    DEBUG: <PixTest.cc/efficiencyMaps:L426> booking xray maps for unmasked detector
[12:33:31.716]    DEBUG: <PixTest.cc/efficiencyMaps:L396>       attempt #0
[12:33:32.384]     INFO: Expecting 41600 events.
[12:33:36.429]     INFO: 41600 events read in total (3518ms).
[12:33:36.435]     INFO: Test took 4719ms.
[12:33:36.586]     INFO: Fetched DAQ statistics. Counters are being reset now.
[12:33:36.586]    DEBUG: <PixTest.cc/efficiencyMaps:L407>  eff result size = 902498
[12:33:36.586]    DEBUG: <PixTest.cc/efficiencyMaps:L412> Create hists HR_xeff_CalDelScan_step11_C0 .. HR_xeff_CalDelScan_step11_C15
[12:33:36.586]    DEBUG: <PixTest.cc/efficiencyMaps:L426> booking xray maps for unmasked detector
[12:33:36.655]    DEBUG: <PixTest.cc/efficiencyMaps:L396>       attempt #0
[12:33:37.322]     INFO: Expecting 41600 events.
[12:33:41.374]     INFO: 41600 events read in total (3526ms).
[12:33:41.379]     INFO: Test took 4724ms.
[12:33:41.524]     INFO: Fetched DAQ statistics. Counters are being reset now.
[12:33:41.524]    DEBUG: <PixTest.cc/efficiencyMaps:L407>  eff result size = 905175
[12:33:41.524]    DEBUG: <PixTest.cc/efficiencyMaps:L412> Create hists HR_xeff_CalDelScan_step12_C0 .. HR_xeff_CalDelScan_step12_C15
[12:33:41.524]    DEBUG: <PixTest.cc/efficiencyMaps:L426> booking xray maps for unmasked detector
[12:33:41.593]    DEBUG: <PixTest.cc/efficiencyMaps:L396>       attempt #0
[12:33:42.258]     INFO: Expecting 41600 events.
[12:33:46.307]     INFO: 41600 events read in total (3523ms).
[12:33:46.312]     INFO: Test took 4719ms.
[12:33:46.464]     INFO: Fetched DAQ statistics. Counters are being reset now.
[12:33:46.464]    DEBUG: <PixTest.cc/efficiencyMaps:L407>  eff result size = 903235
[12:33:46.464]    DEBUG: <PixTest.cc/efficiencyMaps:L412> Create hists HR_xeff_CalDelScan_step13_C0 .. HR_xeff_CalDelScan_step13_C15
[12:33:46.465]    DEBUG: <PixTest.cc/efficiencyMaps:L426> booking xray maps for unmasked detector
[12:33:46.534]    DEBUG: <PixTest.cc/efficiencyMaps:L396>       attempt #0
[12:33:47.201]     INFO: Expecting 41600 events.
[12:33:51.251]     INFO: 41600 events read in total (3524ms).
[12:33:51.257]     INFO: Test took 4723ms.
[12:33:51.403]     INFO: Fetched DAQ statistics. Counters are being reset now.
[12:33:51.403]    DEBUG: <PixTest.cc/efficiencyMaps:L407>  eff result size = 902776
[12:33:51.403]    DEBUG: <PixTest.cc/efficiencyMaps:L412> Create hists HR_xeff_CalDelScan_step14_C0 .. HR_xeff_CalDelScan_step14_C15
[12:33:51.403]    DEBUG: <PixTest.cc/efficiencyMaps:L426> booking xray maps for unmasked detector
[12:33:51.472]    DEBUG: <PixTest.cc/efficiencyMaps:L396>       attempt #0
[12:33:52.137]     INFO: Expecting 41600 events.
[12:33:56.202]     INFO: 41600 events read in total (3539ms).
[12:33:56.207]     INFO: Test took 4735ms.
[12:33:56.355]     INFO: Fetched DAQ statistics. Counters are being reset now.
[12:33:56.355]    DEBUG: <PixTest.cc/efficiencyMaps:L407>  eff result size = 905422
[12:33:56.355]    DEBUG: <PixTest.cc/efficiencyMaps:L412> Create hists HR_xeff_CalDelScan_step15_C0 .. HR_xeff_CalDelScan_step15_C15
[12:33:56.355]    DEBUG: <PixTest.cc/efficiencyMaps:L426> booking xray maps for unmasked detector
[12:33:56.424]    DEBUG: <PixTest.cc/efficiencyMaps:L396>       attempt #0
[12:33:57.089]     INFO: Expecting 41600 events.
[12:34:01.130]     INFO: 41600 events read in total (3515ms).
[12:34:01.135]     INFO: Test took 4711ms.
[12:34:01.284]     INFO: Fetched DAQ statistics. Counters are being reset now.
[12:34:01.284]    DEBUG: <PixTest.cc/efficiencyMaps:L407>  eff result size = 904144
[12:34:01.284]    DEBUG: <PixTest.cc/efficiencyMaps:L412> Create hists HR_xeff_CalDelScan_step16_C0 .. HR_xeff_CalDelScan_step16_C15
[12:34:01.285]    DEBUG: <PixTest.cc/efficiencyMaps:L426> booking xray maps for unmasked detector
[12:34:01.352]    DEBUG: <PixTest.cc/efficiencyMaps:L396>       attempt #0
[12:34:02.018]     INFO: Expecting 41600 events.
[12:34:06.054]     INFO: 41600 events read in total (3510ms).
[12:34:06.060]     INFO: Test took 4707ms.
[12:34:06.203]     INFO: Fetched DAQ statistics. Counters are being reset now.
[12:34:06.203]    DEBUG: <PixTest.cc/efficiencyMaps:L407>  eff result size = 902134
[12:34:06.203]    DEBUG: <PixTest.cc/efficiencyMaps:L412> Create hists HR_xeff_CalDelScan_step17_C0 .. HR_xeff_CalDelScan_step17_C15
[12:34:06.204]    DEBUG: <PixTest.cc/efficiencyMaps:L426> booking xray maps for unmasked detector
[12:34:06.272]    DEBUG: <PixTest.cc/efficiencyMaps:L396>       attempt #0
[12:34:06.937]     INFO: Expecting 41600 events.
[12:34:10.965]     INFO: 41600 events read in total (3502ms).
[12:34:10.971]     INFO: Test took 4699ms.
[12:34:11.118]     INFO: Fetched DAQ statistics. Counters are being reset now.
[12:34:11.119]    DEBUG: <PixTest.cc/efficiencyMaps:L407>  eff result size = 902131
[12:34:11.119]    DEBUG: <PixTest.cc/efficiencyMaps:L412> Create hists HR_xeff_CalDelScan_step18_C0 .. HR_xeff_CalDelScan_step18_C15
[12:34:11.119]    DEBUG: <PixTest.cc/efficiencyMaps:L426> booking xray maps for unmasked detector
[12:34:11.187]    DEBUG: <PixTest.cc/efficiencyMaps:L396>       attempt #0
[12:34:11.853]     INFO: Expecting 41600 events.
[12:34:15.699]     INFO: 41600 events read in total (3320ms).
[12:34:15.705]     INFO: Test took 4517ms.
[12:34:15.849]     INFO: Fetched DAQ statistics. Counters are being reset now.
[12:34:15.849]    DEBUG: <PixTest.cc/efficiencyMaps:L407>  eff result size = 895440
[12:34:15.849]    DEBUG: <PixTest.cc/efficiencyMaps:L412> Create hists HR_xeff_CalDelScan_step19_C0 .. HR_xeff_CalDelScan_step19_C15
[12:34:15.850]    DEBUG: <PixTest.cc/efficiencyMaps:L426> booking xray maps for unmasked detector
[12:34:16.138]    DEBUG: <PixTestHighRate.cc/doCalDelScan:L422> roc  0: caldel = 163 eff = 0.999135
[12:34:16.138]    DEBUG: <PixTestHighRate.cc/doCalDelScan:L422> roc  1: caldel = 172 eff = 0.999231
[12:34:16.138]    DEBUG: <PixTestHighRate.cc/doCalDelScan:L422> roc  2: caldel = 142 eff = 0.997764
[12:34:16.138]    DEBUG: <PixTestHighRate.cc/doCalDelScan:L422> roc  3: caldel = 168 eff = 0.995986
[12:34:16.138]    DEBUG: <PixTestHighRate.cc/doCalDelScan:L422> roc  4: caldel = 174 eff = 0.994904
[12:34:16.139]    DEBUG: <PixTestHighRate.cc/doCalDelScan:L422> roc  5: caldel = 179 eff = 0.995216
[12:34:16.139]    DEBUG: <PixTestHighRate.cc/doCalDelScan:L422> roc  6: caldel = 162 eff = 0.995649
[12:34:16.139]    DEBUG: <PixTestHighRate.cc/doCalDelScan:L422> roc  7: caldel = 151 eff = 0.99613
[12:34:16.139]    DEBUG: <PixTestHighRate.cc/doCalDelScan:L422> roc  8: caldel = 164 eff = 0.994447
[12:34:16.139]    DEBUG: <PixTestHighRate.cc/doCalDelScan:L422> roc  9: caldel = 162 eff = 0.994519
[12:34:16.139]    DEBUG: <PixTestHighRate.cc/doCalDelScan:L422> roc 10: caldel = 161 eff = 0.995361
[12:34:16.139]    DEBUG: <PixTestHighRate.cc/doCalDelScan:L422> roc 11: caldel = 156 eff = 0.99613
[12:34:16.140]    DEBUG: <PixTestHighRate.cc/doCalDelScan:L422> roc 12: caldel = 165 eff = 0.996154
[12:34:16.140]    DEBUG: <PixTestHighRate.cc/doCalDelScan:L422> roc 13: caldel = 161 eff = 0.998029
[12:34:16.140]    DEBUG: <PixTestHighRate.cc/doCalDelScan:L422> roc 14: caldel = 183 eff = 0.999063
[12:34:16.140]    DEBUG: <PixTestHighRate.cc/doCalDelScan:L422> roc 15: caldel = 166 eff = 0.999038
[12:34:22.681]    DEBUG: <PixTab.cc/buttonClicked:L308> xxxPressed():  xpixelalive
[12:34:22.681]    DEBUG: <PixTestHighRate.cc/runCommand:L157> running command: xpixelalive
[12:34:22.681]     INFO:    ----------------------------------------------------------------------
[12:34:22.681]     INFO:    PixTestHighRate::xPixelAlive() ntrig = 50, vcal = 200
[12:34:22.681]     INFO:    ----------------------------------------------------------------------
[12:34:22.681]    DEBUG: <PixTestHighRate.cc/doXPixelAlive:L451>  old set: clk: 4
[12:34:22.681]    DEBUG: <PixTestHighRate.cc/doXPixelAlive:L451>  old set: ctr: 4
[12:34:22.681]    DEBUG: <PixTestHighRate.cc/doXPixelAlive:L451>  old set: sda: 19
[12:34:22.681]    DEBUG: <PixTestHighRate.cc/doXPixelAlive:L451>  old set: tin: 9
[12:34:22.682]    DEBUG: <PixTestHighRate.cc/doXPixelAlive:L451>  old set: level: 15
[12:34:22.682]    DEBUG: <PixTestHighRate.cc/doXPixelAlive:L451>  old set: triggerdelay: 0
[12:34:22.682]    DEBUG: <PixTestHighRate.cc/doXPixelAlive:L467>  setting: clk: 4
[12:34:22.682]    DEBUG: <PixTestHighRate.cc/doXPixelAlive:L467>  setting: ctr: 4
[12:34:22.682]    DEBUG: <PixTestHighRate.cc/doXPixelAlive:L467>  setting: sda: 19
[12:34:22.682]    DEBUG: <PixTestHighRate.cc/doXPixelAlive:L467>  setting: tin: 9
[12:34:22.682]    DEBUG: <PixTestHighRate.cc/doXPixelAlive:L467>  setting: level: 15
[12:34:22.682]    DEBUG: <PixTestHighRate.cc/doXPixelAlive:L467>  setting: triggerdelay: 20
[12:34:22.726]    DEBUG: <PixTest.cc/efficiencyMaps:L396>       attempt #0
[12:34:23.394]     INFO: Expecting 208000 events.
[12:34:40.413]     INFO: 208000 events read in total (16492ms).
[12:34:40.433]     INFO: Test took 17707ms.
[12:34:41.225]     INFO: Fetched DAQ statistics. Counters are being reset now.
[12:34:41.225]    DEBUG: <PixTest.cc/efficiencyMaps:L407>  eff result size = 4203592
[12:34:41.225]    DEBUG: <PixTest.cc/efficiencyMaps:L412> Create hists highRate_C0 .. highRate_C15
[12:34:41.225]    DEBUG: <PixTest.cc/efficiencyMaps:L426> booking xray maps for unmasked detector
[12:34:41.738]     INFO: number of dead pixels (per ROC):     0    0    0    0    1    0    0    0    0    0    0    0    0    0    0    0
[12:34:41.739]     INFO: number of red-efficiency pixels:   198  179  512  745  955  890  832  713  900  970  948  834  797  403  216  191
[12:34:41.739]     INFO: number of X-ray hits detected:    137287 113848 196786 304309 328141 328964 319435 299867 342642 346381 331950 307270 306610 198876 125041 149626
[12:34:41.739]     INFO: number of triggers sent (total per ROC):  208000 208000 208000 208000 208000 208000 208000 208000 208000 208000 208000 208000 208000 208000 208000 208000
[12:34:41.739]     INFO: number of Vcal hits detected:  207790 207812 207391 207146 206808 206933 207043 207194 206937 206853 206887 207026 207117 207557 207768 207801
[12:34:41.739]     INFO: Vcal hit fiducial efficiency (%):  99.9 99.9 99.7 99.6 99.5 99.5 99.6 99.6 99.5 99.5 99.5 99.6 99.6 99.8 99.9 99.9
[12:34:41.739]     INFO: Vcal hit overall efficiency (%):  99.9 99.9 99.7 99.6 99.4 99.5 99.5 99.6 99.5 99.4 99.5 99.5 99.6 99.8 99.9 99.9
[12:34:41.739]     INFO: X-ray hit rate [MHz/cm2]:  40.2 33.4 57.7 89.2 96.2 96.4 93.6 87.9 100.4 101.5 97.3 90.1 89.9 58.3 36.7 43.9
[12:34:41.739]     INFO: PixTestHighRate::doXPixelAlive() done
[12:34:41.784]    DEBUG: <PixTestHighRate.cc/doXPixelAlive:L586>  resetting: clk: 4
[12:34:41.784]    DEBUG: <PixTestHighRate.cc/doXPixelAlive:L586>  resetting: ctr: 4
[12:34:41.784]    DEBUG: <PixTestHighRate.cc/doXPixelAlive:L586>  resetting: sda: 19
[12:34:41.784]    DEBUG: <PixTestHighRate.cc/doXPixelAlive:L586>  resetting: tin: 9
[12:34:41.784]    DEBUG: <PixTestHighRate.cc/doXPixelAlive:L586>  resetting: level: 15
[12:34:41.784]    DEBUG: <PixTestHighRate.cc/doXPixelAlive:L586>  resetting: triggerdelay: 0
[12:34:41.784]     INFO: PixTest::       pg_setup set to default.
[12:35:20.689]    DEBUG: <PixTest.cc/moduleMap:L1029> moduleMap histname: what
[12:35:20.689]    DEBUG: <PixTest.cc/moduleMap:L1039> h1->GetName() = highRate_xraymap_C13_V0 -> highRate_xraymap_mod
[12:35:29.377]    DEBUG: <PixGui.cc/handleButtons:L396> PixGui::exit called
[12:35:29.378]    DEBUG: <PixGui.cc/CloseWindow:L335> Final Analog Current: 391.5mA
[12:35:29.378]    DEBUG: <PixGui.cc/CloseWindow:L336> Final Digital Current: 477.5mA
[12:35:29.378]    DEBUG: <PixGui.cc/CloseWindow:L337> Final Module Temperature: 24.6 C
[12:35:29.378]    DEBUG: <PixTestBBMap.cc/~PixTestBBMap:L97> PixTestBBMap dtor
[12:35:29.379]    DEBUG: <PixTestBB2Map.cc/~PixTestBB2Map:L115> PixTestBB2Map dtor
[12:35:29.379]    DEBUG: <PixTestBB3Map.cc/~PixTestBB3Map:L99> PixTestBB3Map dtor
[12:35:29.379]    DEBUG: <PixTestBB4Map.cc/~PixTestBB4Map:L118> PixTestBB4Map dtor
[12:35:29.379]    DEBUG: <PixTestCmd.cc/~PixTestCmd:L78> PixTestCmd dtor
[12:35:29.379]    DEBUG: <PixTestDaq.cc/~PixTestDaq:L37> PixTestDaq dtor
[12:35:29.379]    DEBUG: <PixTestDacDacScan.cc/~PixTestDacDacScan:L136> PixTestDacDacScan dtor
[12:35:29.379]    DEBUG: <PixTestDacScan.cc/~PixTestDacScan:L129> PixTestDacScan dtor
[12:35:29.379]    DEBUG: <PixTestGainPedestal.cc/~PixTestGainPedestal:L125> PixTestGainPedestal dtor
[12:35:29.379]    DEBUG: <PixTestHighRate.cc/~PixTestHighRate:L245> PixTestHighRate dtor
[12:35:29.473]    DEBUG: <PixTestIV.cc/~PixTestIV:L96> PixTestIV dtor
[12:35:29.473]    DEBUG: <PixTestAlive.cc/~PixTestAlive:L109> PixTestAlive dtor
[12:35:29.473]    DEBUG: <PixTestPretest.cc/~PixTestPretest:L136> PixTestPretest dtor
[12:35:29.473]    DEBUG: <PixTestReadback.cc/~PixTestReadback:L89> PixTestReadback dtor, saving tree ... 
[12:35:29.473]    DEBUG: <PixTestScurves.cc/~PixTestScurves:L142> PixTestScurves dtor
[12:35:29.473]    DEBUG: <PixTestTiming.cc/~PixTestTiming:L97> PixTestTiming dtor
[12:35:29.473]    DEBUG: <PixTestTrim.cc/~PixTestTrim:L103> PixTestTrim dtor
[12:35:29.474]    DEBUG: <PixTestXray.cc/~PixTestXray:L217> PixTestXray dtor
[12:35:29.476]    QUIET: Connection to board 58 closed.
[12:35:29.556]    DEBUG: <PixMonitor.cc/dumpSummaries:L39> PixMonitor::dumpSummaries
