[12:29:18.026]     INFO: *** Welcome to pxar ***
[12:29:18.026]     INFO: *** Today: 2016/01/08
[12:29:18.037]     INFO: *** Version: prod-12
[12:29:18.037]     INFO: readRocDacs: data/mh139/M-H-1-39_ElComandanteTest_2016-01-05_11h04m_1452013478/000_FPIXTest_p17//dacParameters35_C0.dat .. data/mh139/M-H-1-39_ElComandanteTest_2016-01-05_11h04m_1452013478/000_FPIXTest_p17//dacParameters35_C15.dat
[12:29:18.038]     INFO: readTbmDacs: data/mh139/M-H-1-39_ElComandanteTest_2016-01-05_11h04m_1452013478/000_FPIXTest_p17//tbmParameters_C0a.dat .. data/mh139/M-H-1-39_ElComandanteTest_2016-01-05_11h04m_1452013478/000_FPIXTest_p17//tbmParameters_C0b.dat
[12:29:18.039]     INFO: readMaskFile: data/mh139/M-H-1-39_ElComandanteTest_2016-01-05_11h04m_1452013478/000_FPIXTest_p17//defaultMaskFile.dat
[12:29:18.039]     INFO: readTrimFile: data/mh139/M-H-1-39_ElComandanteTest_2016-01-05_11h04m_1452013478/000_FPIXTest_p17//trimParameters35_C0.dat .. data/mh139/M-H-1-39_ElComandanteTest_2016-01-05_11h04m_1452013478/000_FPIXTest_p17//trimParameters35_C15.dat
[12:29:18.195]     INFO:         clk: 4
[12:29:18.195]     INFO:         ctr: 4
[12:29:18.195]     INFO:         sda: 19
[12:29:18.195]     INFO:         tin: 9
[12:29:18.195]     INFO:         level: 15
[12:29:18.195]     INFO:         triggerdelay: 0
[12:29:18.195]    QUIET: Instanciating API for pxar prod-12
[12:29:18.196]     INFO: Log level: DEBUG
[12:29:18.206]    QUIET: Connection to board DTB_WRPRHI opened.
[12:29:18.209]     INFO: DTB startup information
--- DTB info------------------------------------------
Board id:    58
HW version:  DTB1.2
FW version:  4.2
SW version:  4.5
USB id:      DTB_WRPRHI
MAC address: 40D85511803A
Hostname:    pixelDTB058
Comment:     
------------------------------------------------------
[12:29:18.212]     INFO: RPC call hashes of host and DTB match: 398089610
[12:29:19.814]     INFO: DUT info: 
[12:29:19.814]     INFO: The DUT currently contains the following objects:
[12:29:19.814]     INFO:  2 TBM Cores tbm08c (2 ON)
[12:29:19.815]     INFO: 	TBM Core alpha (0): 7 registers set
[12:29:19.815]     INFO: 	TBM Core beta  (1): 7 registers set
[12:29:19.815]     INFO: 16 ROCs psi46digv21respin (16 ON) with 4160 pixelConfigs
[12:29:19.815]     INFO: 	ROC 0: 19 DACs set, Pixels: 0 masked, 0 active.
[12:29:19.815]     INFO: 	ROC 1: 19 DACs set, Pixels: 0 masked, 0 active.
[12:29:19.815]     INFO: 	ROC 2: 19 DACs set, Pixels: 0 masked, 0 active.
[12:29:19.815]     INFO: 	ROC 3: 19 DACs set, Pixels: 0 masked, 0 active.
[12:29:19.815]     INFO: 	ROC 4: 19 DACs set, Pixels: 0 masked, 0 active.
[12:29:19.815]     INFO: 	ROC 5: 19 DACs set, Pixels: 0 masked, 0 active.
[12:29:19.815]     INFO: 	ROC 6: 19 DACs set, Pixels: 0 masked, 0 active.
[12:29:19.815]     INFO: 	ROC 7: 19 DACs set, Pixels: 0 masked, 0 active.
[12:29:19.815]     INFO: 	ROC 8: 19 DACs set, Pixels: 0 masked, 0 active.
[12:29:19.815]     INFO: 	ROC 9: 19 DACs set, Pixels: 0 masked, 0 active.
[12:29:19.815]     INFO: 	ROC 10: 19 DACs set, Pixels: 0 masked, 0 active.
[12:29:19.815]     INFO: 	ROC 11: 19 DACs set, Pixels: 0 masked, 0 active.
[12:29:19.815]     INFO: 	ROC 12: 19 DACs set, Pixels: 0 masked, 0 active.
[12:29:19.815]     INFO: 	ROC 13: 19 DACs set, Pixels: 0 masked, 0 active.
[12:29:19.815]     INFO: 	ROC 14: 19 DACs set, Pixels: 0 masked, 0 active.
[12:29:19.815]     INFO: 	ROC 15: 19 DACs set, Pixels: 0 masked, 0 active.
[12:29:19.815]    DEBUG: <PixTestParameters.cc/dump:L104> PixTestParameters: ->BB<-
[12:29:19.815]    DEBUG: <PixTestParameters.cc/dump:L107>   dumpall: checkbox(0)
[12:29:19.816]    DEBUG: <PixTestParameters.cc/dump:L107>   dumpproblematic: checkbox(0)
[12:29:19.816]    DEBUG: <PixTestParameters.cc/dump:L107>   ntrig: 5
[12:29:19.816]    DEBUG: <PixTestParameters.cc/dump:L107>   vcals: 250
[12:29:19.816]    DEBUG: <PixTestParameters.cc/dump:L104> PixTestParameters: ->BB2<-
[12:29:19.816]    DEBUG: <PixTestParameters.cc/dump:L107>   ntrig: 10
[12:29:19.816]    DEBUG: <PixTestParameters.cc/dump:L107>   vcals: 222
[12:29:19.816]    DEBUG: <PixTestParameters.cc/dump:L107>   plwidth: 35
[12:29:19.816]    DEBUG: <PixTestParameters.cc/dump:L107>   pix: 11,20
[12:29:19.816]    DEBUG: <PixTestParameters.cc/dump:L107>   targetia: 24
[12:29:19.816]    DEBUG: <PixTestParameters.cc/dump:L104> PixTestParameters: ->BB3<-
[12:29:19.816]    DEBUG: <PixTestParameters.cc/dump:L107>   dumpall: checkbox(0)
[12:29:19.816]    DEBUG: <PixTestParameters.cc/dump:L107>   dumpproblematic: checkbox(0)
[12:29:19.816]    DEBUG: <PixTestParameters.cc/dump:L107>   ntrig: 5
[12:29:19.816]    DEBUG: <PixTestParameters.cc/dump:L107>   vcals: 250
[12:29:19.816]    DEBUG: <PixTestParameters.cc/dump:L104> PixTestParameters: ->BB4<-
[12:29:19.816]    DEBUG: <PixTestParameters.cc/dump:L107>   savecaldelscan: checkbox(0)
[12:29:19.816]    DEBUG: <PixTestParameters.cc/dump:L107>   ntrig: 100
[12:29:19.816]    DEBUG: <PixTestParameters.cc/dump:L107>   cals: 1
[12:29:19.816]    DEBUG: <PixTestParameters.cc/dump:L107>   caldello: 80
[12:29:19.816]    DEBUG: <PixTestParameters.cc/dump:L107>   caldelhi: 200
[12:29:19.816]    DEBUG: <PixTestParameters.cc/dump:L107>   caldelstep: 10
[12:29:19.816]    DEBUG: <PixTestParameters.cc/dump:L107>   vthrcomplo: 70
[12:29:19.816]    DEBUG: <PixTestParameters.cc/dump:L107>   vthrcomphi: 130
[12:29:19.816]    DEBUG: <PixTestParameters.cc/dump:L107>   vthrcompstep: 5
[12:29:19.816]    DEBUG: <PixTestParameters.cc/dump:L107>   noisypixels: 10
[12:29:19.816]    DEBUG: <PixTestParameters.cc/dump:L107>   vcal: 255
[12:29:19.816]    DEBUG: <PixTestParameters.cc/dump:L107>   cut: 0.5
[12:29:19.816]    DEBUG: <PixTestParameters.cc/dump:L104> PixTestParameters: ->Cmd<-
[12:29:19.816]    DEBUG: <PixTestParameters.cc/dump:L104> PixTestParameters: ->DAQ<-
[12:29:19.816]    DEBUG: <PixTestParameters.cc/dump:L107>   delaytbm: checkbox
[12:29:19.816]    DEBUG: <PixTestParameters.cc/dump:L107>   filltree: checkbox
[12:29:19.816]    DEBUG: <PixTestParameters.cc/dump:L107>   trgfrequency(khz): 100
[12:29:19.816]    DEBUG: <PixTestParameters.cc/dump:L107>   maskhotpixels: button
[12:29:19.816]    DEBUG: <PixTestParameters.cc/dump:L107>   trgnumber: 5
[12:29:19.816]    DEBUG: <PixTestParameters.cc/dump:L107>   iterations: 10
[12:29:19.816]    DEBUG: <PixTestParameters.cc/dump:L107>   rundaqtrg: button
[12:29:19.816]    DEBUG: <PixTestParameters.cc/dump:L107>   daqseconds: 10
[12:29:19.816]    DEBUG: <PixTestParameters.cc/dump:L107>   rundaqseconds: button
[12:29:19.816]    DEBUG: <PixTestParameters.cc/dump:L104> PixTestParameters: ->DacDacScan<-
[12:29:19.816]    DEBUG: <PixTestParameters.cc/dump:L107>   phmap: checkbox
[12:29:19.816]    DEBUG: <PixTestParameters.cc/dump:L107>   ntrig: 10
[12:29:19.816]    DEBUG: <PixTestParameters.cc/dump:L107>   dac1: caldel
[12:29:19.816]    DEBUG: <PixTestParameters.cc/dump:L107>   dac1lo: 0
[12:29:19.816]    DEBUG: <PixTestParameters.cc/dump:L107>   dac1hi: 255
[12:29:19.816]    DEBUG: <PixTestParameters.cc/dump:L107>   dac2: vthrcomp
[12:29:19.816]    DEBUG: <PixTestParameters.cc/dump:L107>   dac2lo: 0
[12:29:19.816]    DEBUG: <PixTestParameters.cc/dump:L107>   dac2hi: 255
[12:29:19.816]    DEBUG: <PixTestParameters.cc/dump:L107>   pix: 11,20
[12:29:19.816]    DEBUG: <PixTestParameters.cc/dump:L104> PixTestParameters: ->DacScan<-
[12:29:19.816]    DEBUG: <PixTestParameters.cc/dump:L107>   phmap: checkbox(1)
[12:29:19.816]    DEBUG: <PixTestParameters.cc/dump:L107>   allpixels: checkbox(0)
[12:29:19.816]    DEBUG: <PixTestParameters.cc/dump:L107>   unmasked: checkbox(0)
[12:29:19.816]    DEBUG: <PixTestParameters.cc/dump:L107>   ntrig: 10
[12:29:19.816]    DEBUG: <PixTestParameters.cc/dump:L107>   dac: vcal
[12:29:19.816]    DEBUG: <PixTestParameters.cc/dump:L107>   daclo: 0
[12:29:19.816]    DEBUG: <PixTestParameters.cc/dump:L107>   dachi: 255
[12:29:19.816]    DEBUG: <PixTestParameters.cc/dump:L107>   pix: 11,20
[12:29:19.816]    DEBUG: <PixTestParameters.cc/dump:L104> PixTestParameters: ->GainPedestal<-
[12:29:19.816]    DEBUG: <PixTestParameters.cc/dump:L107>   showfits: checkbox(0)
[12:29:19.817]    DEBUG: <PixTestParameters.cc/dump:L107>   extended: checkbox(0)
[12:29:19.817]    DEBUG: <PixTestParameters.cc/dump:L107>   dumphists: checkbox(0)
[12:29:19.817]    DEBUG: <PixTestParameters.cc/dump:L107>   ntrig: 10
[12:29:19.817]    DEBUG: <PixTestParameters.cc/dump:L107>   vcalstep: 10
[12:29:19.817]    DEBUG: <PixTestParameters.cc/dump:L107>   measure: button
[12:29:19.817]    DEBUG: <PixTestParameters.cc/dump:L107>   fit: button
[12:29:19.817]    DEBUG: <PixTestParameters.cc/dump:L107>   save: button
[12:29:19.817]    DEBUG: <PixTestParameters.cc/dump:L104> PixTestParameters: ->HighRate<-
[12:29:19.817]    DEBUG: <PixTestParameters.cc/dump:L107>   pix: 11,20
[12:29:19.817]    DEBUG: <PixTestParameters.cc/dump:L107>   trimhotpixels: button
[12:29:19.817]    DEBUG: <PixTestParameters.cc/dump:L107>   trimhotpixelthr: 200
[12:29:19.817]    DEBUG: <PixTestParameters.cc/dump:L107>   runsecondshotpixels: 10
[12:29:19.817]    DEBUG: <PixTestParameters.cc/dump:L107>   savetrimbits: checkbox(1)
[12:29:19.817]    DEBUG: <PixTestParameters.cc/dump:L107>   maskuntrimmable: checkbox(1)
[12:29:19.817]    DEBUG: <PixTestParameters.cc/dump:L107>   maskhotpixels: button
[12:29:19.817]    DEBUG: <PixTestParameters.cc/dump:L107>   savemaskfile: checkbox(0)
[12:29:19.817]    DEBUG: <PixTestParameters.cc/dump:L107>   maskfilename: default
[12:29:19.817]    DEBUG: <PixTestParameters.cc/dump:L107>   caldelscan: button
[12:29:19.817]    DEBUG: <PixTestParameters.cc/dump:L107>   xpixelalive: button
[12:29:19.817]    DEBUG: <PixTestParameters.cc/dump:L107>   ntrig: 50
[12:29:19.817]    DEBUG: <PixTestParameters.cc/dump:L107>   vcal: 200
[12:29:19.817]    DEBUG: <PixTestParameters.cc/dump:L107>   xnoisemaps: button
[12:29:19.817]    DEBUG: <PixTestParameters.cc/dump:L107>   daclo: 0
[12:29:19.817]    DEBUG: <PixTestParameters.cc/dump:L107>   dachi: 100
[12:29:19.817]    DEBUG: <PixTestParameters.cc/dump:L107>   dacs/step: 20
[12:29:19.817]    DEBUG: <PixTestParameters.cc/dump:L107>   rundaq: button
[12:29:19.817]    DEBUG: <PixTestParameters.cc/dump:L107>   trgfrequency(khz): 20
[12:29:19.817]    DEBUG: <PixTestParameters.cc/dump:L107>   runseconds: 2
[12:29:19.817]    DEBUG: <PixTestParameters.cc/dump:L107>   triggerdelay: 20
[12:29:19.817]    DEBUG: <PixTestParameters.cc/dump:L107>   delaytbm: checkbox
[12:29:19.817]    DEBUG: <PixTestParameters.cc/dump:L107>   filltree: checkbox
[12:29:19.817]    DEBUG: <PixTestParameters.cc/dump:L104> PixTestParameters: ->IV<-
[12:29:19.817]    DEBUG: <PixTestParameters.cc/dump:L107>   port: /dev/ttyS0
[12:29:19.817]    DEBUG: <PixTestParameters.cc/dump:L107>   voltagestart: 0
[12:29:19.817]    DEBUG: <PixTestParameters.cc/dump:L107>   voltagestop: 600
[12:29:19.817]    DEBUG: <PixTestParameters.cc/dump:L107>   voltagestep: 5
[12:29:19.817]    DEBUG: <PixTestParameters.cc/dump:L107>   delay: 1
[12:29:19.817]    DEBUG: <PixTestParameters.cc/dump:L107>   compliance(ua): 100
[12:29:19.817]    DEBUG: <PixTestParameters.cc/dump:L104> PixTestParameters: ->PhOptimization<-
[12:29:19.817]    DEBUG: <PixTestParameters.cc/dump:L107>   ntrig: 10
[12:29:19.817]    DEBUG: <PixTestParameters.cc/dump:L107>   safetymarginlow: 20
[12:29:19.817]    DEBUG: <PixTestParameters.cc/dump:L107>   saturationvcal: 100
[12:29:19.817]    DEBUG: <PixTestParameters.cc/dump:L107>   quantilesaturation: 0.98
[12:29:19.817]    DEBUG: <PixTestParameters.cc/dump:L104> PixTestParameters: ->PixelAlive<-
[12:29:19.817]    DEBUG: <PixTestParameters.cc/dump:L107>   ntrig: 10
[12:29:19.817]    DEBUG: <PixTestParameters.cc/dump:L107>   vcal: 200
[12:29:19.817]    DEBUG: <PixTestParameters.cc/dump:L107>   alivetest: button
[12:29:19.817]    DEBUG: <PixTestParameters.cc/dump:L107>   masktest: button
[12:29:19.817]    DEBUG: <PixTestParameters.cc/dump:L107>   addressdecodingtest: button
[12:29:19.817]    DEBUG: <PixTestParameters.cc/dump:L104> PixTestParameters: ->Pretest<-
[12:29:19.817]    DEBUG: <PixTestParameters.cc/dump:L107>   programroc: button
[12:29:19.817]    DEBUG: <PixTestParameters.cc/dump:L107>   targetia: 24
[12:29:19.817]    DEBUG: <PixTestParameters.cc/dump:L107>   setvana: button
[12:29:19.817]    DEBUG: <PixTestParameters.cc/dump:L107>   iterations: 100
[12:29:19.817]    DEBUG: <PixTestParameters.cc/dump:L107>   settimings: button
[12:29:19.817]    DEBUG: <PixTestParameters.cc/dump:L107>   findtiming: button
[12:29:19.817]    DEBUG: <PixTestParameters.cc/dump:L107>   findworkingpixel: button
[12:29:19.818]    DEBUG: <PixTestParameters.cc/dump:L107>   setvthrcompcaldel: button
[12:29:19.818]    DEBUG: <PixTestParameters.cc/dump:L107>   pix: 11,20
[12:29:19.818]    DEBUG: <PixTestParameters.cc/dump:L107>   vcal: 250
[12:29:19.818]    DEBUG: <PixTestParameters.cc/dump:L107>   deltavthrcomp: 50
[12:29:19.818]    DEBUG: <PixTestParameters.cc/dump:L107>   fraccaldel: 0.5
[12:29:19.818]    DEBUG: <PixTestParameters.cc/dump:L107>   ntrig: 5
[12:29:19.818]    DEBUG: <PixTestParameters.cc/dump:L107>   savedacs: button
[12:29:19.818]    DEBUG: <PixTestParameters.cc/dump:L104> PixTestParameters: ->Readback<-
[12:29:19.818]    DEBUG: <PixTestParameters.cc/dump:L107>   calibratevd: button
[12:29:19.818]    DEBUG: <PixTestParameters.cc/dump:L107>   calibrateva: button
[12:29:19.818]    DEBUG: <PixTestParameters.cc/dump:L107>   calibrateia: button
[12:29:19.818]    DEBUG: <PixTestParameters.cc/dump:L107>   readbackvbg: button
[12:29:19.818]    DEBUG: <PixTestParameters.cc/dump:L107>   getcalibratedvbg: button
[12:29:19.818]    DEBUG: <PixTestParameters.cc/dump:L107>   usecalvd: checkbox(1)
[12:29:19.818]    DEBUG: <PixTestParameters.cc/dump:L107>   usecalva: checkbox(0)
[12:29:19.818]    DEBUG: <PixTestParameters.cc/dump:L107>   setvana: button
[12:29:19.818]    DEBUG: <PixTestParameters.cc/dump:L104> PixTestParameters: ->Scurves<-
[12:29:19.818]    DEBUG: <PixTestParameters.cc/dump:L107>   adjustvcal: checkbox(0)
[12:29:19.818]    DEBUG: <PixTestParameters.cc/dump:L107>   dumpall: checkbox(0)
[12:29:19.818]    DEBUG: <PixTestParameters.cc/dump:L107>   dumpproblematic: checkbox(0)
[12:29:19.818]    DEBUG: <PixTestParameters.cc/dump:L107>   dumpoutputfile: checkbox(0)
[12:29:19.818]    DEBUG: <PixTestParameters.cc/dump:L107>   ntrig: 50
[12:29:19.818]    DEBUG: <PixTestParameters.cc/dump:L107>   dac: Vcal
[12:29:19.818]    DEBUG: <PixTestParameters.cc/dump:L107>   daclo: 5
[12:29:19.818]    DEBUG: <PixTestParameters.cc/dump:L107>   dachi: 75
[12:29:19.818]    DEBUG: <PixTestParameters.cc/dump:L107>   dacs/step: -1
[12:29:19.818]    DEBUG: <PixTestParameters.cc/dump:L107>   ntrig/step: -1
[12:29:19.818]    DEBUG: <PixTestParameters.cc/dump:L107>   scurves: button
[12:29:19.818]    DEBUG: <PixTestParameters.cc/dump:L104> PixTestParameters: ->Timing<-
[12:29:19.818]    DEBUG: <PixTestParameters.cc/dump:L107>   targetclk: 4
[12:29:19.818]    DEBUG: <PixTestParameters.cc/dump:L107>   ntrig: 10
[12:29:19.818]    DEBUG: <PixTestParameters.cc/dump:L107>   clocksdascan: button
[12:29:19.818]    DEBUG: <PixTestParameters.cc/dump:L107>   notokenpass: checkbox(0)
[12:29:19.818]    DEBUG: <PixTestParameters.cc/dump:L107>   phasescan: button
[12:29:19.818]    DEBUG: <PixTestParameters.cc/dump:L107>   levelscan: button
[12:29:19.818]    DEBUG: <PixTestParameters.cc/dump:L107>   tbmphasescan: button
[12:29:19.818]    DEBUG: <PixTestParameters.cc/dump:L107>   rocdelayscan: button
[12:29:19.818]    DEBUG: <PixTestParameters.cc/dump:L107>   timingtest: button
[12:29:19.818]    DEBUG: <PixTestParameters.cc/dump:L107>   saveparameters: button
[12:29:19.818]    DEBUG: <PixTestParameters.cc/dump:L104> PixTestParameters: ->Trim<-
[12:29:19.818]    DEBUG: <PixTestParameters.cc/dump:L107>   trim: button
[12:29:19.818]    DEBUG: <PixTestParameters.cc/dump:L107>   ntrig: 8
[12:29:19.818]    DEBUG: <PixTestParameters.cc/dump:L107>   vcal: 35
[12:29:19.818]    DEBUG: <PixTestParameters.cc/dump:L107>   trimbits: button
[12:29:19.818]    DEBUG: <PixTestParameters.cc/dump:L104> PixTestParameters: ->Xray<-
[12:29:19.818]    DEBUG: <PixTestParameters.cc/dump:L107>   maskhotpixels: button
[12:29:19.818]    DEBUG: <PixTestParameters.cc/dump:L107>   savemaskfile: checkbox(0)
[12:29:19.818]    DEBUG: <PixTestParameters.cc/dump:L107>   maskfilename: default
[12:29:19.818]    DEBUG: <PixTestParameters.cc/dump:L107>   source: Ag
[12:29:19.818]    DEBUG: <PixTestParameters.cc/dump:L107>   phrun: button
[12:29:19.818]    DEBUG: <PixTestParameters.cc/dump:L107>   runseconds: 160
[12:29:19.818]    DEBUG: <PixTestParameters.cc/dump:L107>   trgfrequency(khz): 100
[12:29:19.818]    DEBUG: <PixTestParameters.cc/dump:L107>   ratescan: button
[12:29:19.818]    DEBUG: <PixTestParameters.cc/dump:L107>   vthrcompmin: 10
[12:29:19.818]    DEBUG: <PixTestParameters.cc/dump:L107>   vthrcompmax: 80
[12:29:19.818]    DEBUG: <PixTestParameters.cc/dump:L107>   stepseconds: 5
[12:29:19.818]    DEBUG: <PixTestParameters.cc/dump:L107>   delaytbm: checkbox
[12:29:19.818]    DEBUG: <PixTestParameters.cc/dump:L107>   filltree: checkbox
[12:29:19.821]    DEBUG: <PixSetup.cc/init:L81> PixSetup init start; getCurrentRSS() = 33153024
[12:29:19.821]    DEBUG: <PixSetup.cc/init:L87> fPixTestParameters = 0xe693d0
[12:29:19.821]    DEBUG: <PixSetup.cc/init:L88>  fConfigParameters = 0xddec10
[12:29:19.821]    DEBUG: <PixSetup.cc/init:L89>        fPxarMemory = 0x7f68a9d94010
[12:29:19.821]    DEBUG: <PixSetup.cc/init:L90>         fPxarMemHi = 0x7f68affff510
[12:29:19.821]    DEBUG: <PixSetup.cc/init:L106> PixSetup init done;  getCurrentRSS() = 33161216 fPxarMemory = 0x7f68a9d94010
[12:29:19.822]    DEBUG: <pXar.cc/main:L223> Initial Analog Current: 389.1mA
[12:29:19.823]    DEBUG: <pXar.cc/main:L224> Initial Digital Current: 477.5mA
[12:29:19.823]    DEBUG: <pXar.cc/main:L225> Initial Module Temperature: 22.4 C
[12:29:20.345]    DEBUG: <PixGui.cc/hvOn:L460> HV set On: 0x14276c0
[12:29:20.410]    DEBUG: <PixTestFactory.cc/PixTestFactory:L53> PixTestFactory::PixTestFactory()
[12:29:20.410]    DEBUG: <PixTestBBMap.cc/init:L79> PixTestBBMap::init()
[12:29:20.410]    DEBUG: <PixTestBBMap.cc/PixTestBBMap:L27> PixTestBBMap ctor(PixSetup &a, string, TGTab *)
[12:29:20.416]    DEBUG: <PixTestBB2Map.cc/setParameter:L58> setting fTargetIa    = 24 mA/ROC
[12:29:20.416]    DEBUG: <PixTestBB2Map.cc/init:L97> PixTestBB2Map::init()
[12:29:20.416]    DEBUG: <PixTestBB2Map.cc/PixTestBB2Map:L29> PixTestBB2Map ctor(PixSetup &a, string, TGTab *)
[12:29:20.427]    DEBUG: <PixTestBB3Map.cc/init:L81> PixTestBB3Map::init()
[12:29:20.427]    DEBUG: <PixTestBB3Map.cc/PixTestBB3Map:L29> PixTestBB3Map ctor(PixSetup &a, string, TGTab *)
[12:29:20.452]    DEBUG: <PixTestBB4Map.cc/init:L93> PixTestBB4Map::init()
[12:29:20.452]    DEBUG: <PixTestBB4Map.cc/PixTestBB4Map:L26> PixTestMapeff ctor(PixSetup &a, string, TGTab *)
[12:29:20.462]     INFO: PixTestCmd::init()
[12:29:20.472]    DEBUG: <PixTestDaq.cc/init:L44> PixTestDaq::init()
[12:29:20.472]    DEBUG: <PixTestDaq.cc/PixTestDaq:L22> PixTestDaq ctor(PixSetup &a, string, TGTab *)
[12:29:20.473]     INFO: readGainPedestalParameters data/mh139/M-H-1-39_ElComandanteTest_2016-01-05_11h04m_1452013478/000_FPIXTest_p17//phCalibrationFitErr35_C0.dat .. data/mh139/M-H-1-39_ElComandanteTest_2016-01-05_11h04m_1452013478/000_FPIXTest_p17//phCalibrationFitErr35_C15.dat
[12:29:20.723]    DEBUG: <PixTestDacDacScan.cc/init:L103> PixTestDacDacScan::init()
[12:29:20.724]    DEBUG: <PixTestDacDacScan.cc/PixTestDacDacScan:L22> PixTestDacDacScan ctor(PixSetup &a, string, TGTab *)
[12:29:20.741]    DEBUG: <PixTestGainPedestal.cc/setParameter:L83> PixTestGainPedestal::PixTest() fVcalStep = 10
[12:29:20.747]    DEBUG: <PixTestHighRate.cc/setParameter:L68>   setting fParTriggerFrequency -> 20
[12:29:20.747]    DEBUG: <PixTestHighRate.cc/init:L198> PixTestHighRate::init()
[12:29:20.747]    DEBUG: <PixTestHighRate.cc/PixTestHighRate:L31> PixTestHighRate ctor(PixSetup &a, string, TGTab *)
[12:29:20.774]    DEBUG: <PixTest.cc/setTestParameter:L637>  setting  ntrig to new value 10
[12:29:20.774]    DEBUG: <PixTestPhOptimization.cc/setParameter:L37>   setting fParNtrig  ->10<- from sval = 10
[12:29:20.774]    DEBUG: <PixTestPhOptimization.cc/setParameter:L42>   setting fSafetyMarginLow  ->20<- from sval = 20
[12:29:20.774]    DEBUG: <PixTestPhOptimization.cc/setParameter:L48>   setting fVcalMax  ->100<- from sval = 100
[12:29:20.774]    DEBUG: <PixTestPhOptimization.cc/setParameter:L53>   setting fQuantMax  ->0.98<- from sval = 0.98
[12:29:20.780]    DEBUG: <PixTestAlive.cc/init:L77> PixTestAlive::init()
[12:29:20.780]    DEBUG: <PixTestAlive.cc/PixTestAlive:L21> PixTestAlive ctor(PixSetup &a, string, TGTab *)
[12:29:20.803]    DEBUG: <PixTestReadback.cc/setParameter:L172> fCalwVd set to 1
[12:29:20.803]    DEBUG: <PixTestReadback.cc/init:L95> PixTestReadback::init()
[12:29:20.803]    DEBUG: <PixTestReadback.cc/PixTestReadback:L22> PixTestReadback ctor(PixSetup &a, string, TGTab *)
[12:29:20.803]     INFO: readReadbackCal: data/mh139/M-H-1-39_ElComandanteTest_2016-01-05_11h04m_1452013478/000_FPIXTest_p17//readbackCal_C0.dat .. data/mh139/M-H-1-39_ElComandanteTest_2016-01-05_11h04m_1452013478/000_FPIXTest_p17//readbackCal_C15.dat
[12:29:20.812]    DEBUG: <PixTestScurves.cc/setParameter:L93> set fOutputFilename = 
[12:29:20.826]    DEBUG: <PixTestTiming.cc/setParameter:L60> PixTestTiming::PixTest() targetclk = 4
[12:29:20.827]    DEBUG: <PixTestTiming.cc/setParameter:L64> PixTestTiming::PixTest() ntrig = 10
[12:29:20.827]    DEBUG: <PixTestTiming.cc/setParameter:L48> fNoTokenPass: 0
[12:29:20.827]    DEBUG: <PixTestTiming.cc/init:L74> PixTestTiming::init()
[12:29:20.842]    DEBUG: <PixTestXray.cc/init:L134> PixTestXray::init()
[12:29:20.843]    DEBUG: <PixTestXray.cc/PixTestXray:L28> PixTestXray ctor(PixSetup &a, string, TGTab *)
[12:29:24.793]    DEBUG: <PixTab.cc/buttonClicked:L308> xxxPressed():  caldelscan
[12:29:24.793]    DEBUG: <PixTestHighRate.cc/runCommand:L157> running command: caldelscan
[12:29:24.793]     INFO:    ----------------------------------------------------------------------
[12:29:24.793]     INFO:    PixTestHighRate::calDelScan() ntrig = 10, vcal = 200
[12:29:24.793]     INFO:    ----------------------------------------------------------------------
[12:29:24.933]     INFO: Expecting 768 events.
[12:29:26.071]     INFO: 768 events read in total (420ms).
[12:29:26.260]     INFO: Test took 1461ms.
[12:29:26.266]    DEBUG: <PixTest.cc/efficiencyMaps:L396>       attempt #0
[12:29:26.935]     INFO: Expecting 41600 events.
[12:29:31.116]     INFO: 41600 events read in total (3655ms).
[12:29:31.122]     INFO: Test took 4856ms.
[12:29:31.310]     INFO: Fetched DAQ statistics. Counters are being reset now.
[12:29:31.310]    DEBUG: <PixTest.cc/efficiencyMaps:L407>  eff result size = 1077954
[12:29:31.310]    DEBUG: <PixTest.cc/efficiencyMaps:L412> Create hists HR_xeff_CalDelScan_step0_C0 .. HR_xeff_CalDelScan_step0_C15
[12:29:31.311]    DEBUG: <PixTest.cc/efficiencyMaps:L426> booking xray maps for unmasked detector
[12:29:31.387]    DEBUG: <PixTest.cc/efficiencyMaps:L396>       attempt #0
[12:29:32.052]     INFO: Expecting 41600 events.
[12:29:36.298]     INFO: 41600 events read in total (3719ms).
[12:29:36.304]     INFO: Test took 4917ms.
[12:29:36.483]     INFO: Fetched DAQ statistics. Counters are being reset now.
[12:29:36.483]    DEBUG: <PixTest.cc/efficiencyMaps:L407>  eff result size = 1082287
[12:29:36.483]    DEBUG: <PixTest.cc/efficiencyMaps:L412> Create hists HR_xeff_CalDelScan_step1_C0 .. HR_xeff_CalDelScan_step1_C15
[12:29:36.484]    DEBUG: <PixTest.cc/efficiencyMaps:L426> booking xray maps for unmasked detector
[12:29:36.562]    DEBUG: <PixTest.cc/efficiencyMaps:L396>       attempt #0
[12:29:37.227]     INFO: Expecting 41600 events.
[12:29:41.526]     INFO: 41600 events read in total (3772ms).
[12:29:41.532]     INFO: Test took 4970ms.
[12:29:41.713]     INFO: Fetched DAQ statistics. Counters are being reset now.
[12:29:41.713]    DEBUG: <PixTest.cc/efficiencyMaps:L407>  eff result size = 1086771
[12:29:41.713]    DEBUG: <PixTest.cc/efficiencyMaps:L412> Create hists HR_xeff_CalDelScan_step2_C0 .. HR_xeff_CalDelScan_step2_C15
[12:29:41.713]    DEBUG: <PixTest.cc/efficiencyMaps:L426> booking xray maps for unmasked detector
[12:29:41.796]    DEBUG: <PixTest.cc/efficiencyMaps:L396>       attempt #0
[12:29:42.463]     INFO: Expecting 41600 events.
[12:29:46.742]     INFO: 41600 events read in total (3753ms).
[12:29:46.748]     INFO: Test took 4952ms.
[12:29:46.928]     INFO: Fetched DAQ statistics. Counters are being reset now.
[12:29:46.928]    DEBUG: <PixTest.cc/efficiencyMaps:L407>  eff result size = 1084245
[12:29:46.928]    DEBUG: <PixTest.cc/efficiencyMaps:L412> Create hists HR_xeff_CalDelScan_step3_C0 .. HR_xeff_CalDelScan_step3_C15
[12:29:46.929]    DEBUG: <PixTest.cc/efficiencyMaps:L426> booking xray maps for unmasked detector
[12:29:47.008]    DEBUG: <PixTest.cc/efficiencyMaps:L396>       attempt #0
[12:29:47.673]     INFO: Expecting 41600 events.
[12:29:51.949]     INFO: 41600 events read in total (3749ms).
[12:29:51.956]     INFO: Test took 4948ms.
[12:29:52.134]     INFO: Fetched DAQ statistics. Counters are being reset now.
[12:29:52.134]    DEBUG: <PixTest.cc/efficiencyMaps:L407>  eff result size = 1083378
[12:29:52.134]    DEBUG: <PixTest.cc/efficiencyMaps:L412> Create hists HR_xeff_CalDelScan_step4_C0 .. HR_xeff_CalDelScan_step4_C15
[12:29:52.134]    DEBUG: <PixTest.cc/efficiencyMaps:L426> booking xray maps for unmasked detector
[12:29:52.214]    DEBUG: <PixTest.cc/efficiencyMaps:L396>       attempt #0
[12:29:52.879]     INFO: Expecting 41600 events.
[12:29:57.187]     INFO: 41600 events read in total (3781ms).
[12:29:57.193]     INFO: Test took 4979ms.
[12:29:57.375]     INFO: Fetched DAQ statistics. Counters are being reset now.
[12:29:57.375]    DEBUG: <PixTest.cc/efficiencyMaps:L407>  eff result size = 1085627
[12:29:57.375]    DEBUG: <PixTest.cc/efficiencyMaps:L412> Create hists HR_xeff_CalDelScan_step5_C0 .. HR_xeff_CalDelScan_step5_C15
[12:29:57.375]    DEBUG: <PixTest.cc/efficiencyMaps:L426> booking xray maps for unmasked detector
[12:29:57.457]    DEBUG: <PixTest.cc/efficiencyMaps:L396>       attempt #0
[12:29:58.124]     INFO: Expecting 41600 events.
[12:30:02.435]     INFO: 41600 events read in total (3784ms).
[12:30:02.442]     INFO: Test took 4985ms.
[12:30:02.625]     INFO: Fetched DAQ statistics. Counters are being reset now.
[12:30:02.625]    DEBUG: <PixTest.cc/efficiencyMaps:L407>  eff result size = 1085137
[12:30:02.625]    DEBUG: <PixTest.cc/efficiencyMaps:L412> Create hists HR_xeff_CalDelScan_step6_C0 .. HR_xeff_CalDelScan_step6_C15
[12:30:02.626]    DEBUG: <PixTest.cc/efficiencyMaps:L426> booking xray maps for unmasked detector
[12:30:02.705]    DEBUG: <PixTest.cc/efficiencyMaps:L396>       attempt #0
[12:30:03.370]     INFO: Expecting 41600 events.
[12:30:07.689]     INFO: 41600 events read in total (3792ms).
[12:30:07.695]     INFO: Test took 4990ms.
[12:30:07.876]     INFO: Fetched DAQ statistics. Counters are being reset now.
[12:30:07.876]    DEBUG: <PixTest.cc/efficiencyMaps:L407>  eff result size = 1088588
[12:30:07.876]    DEBUG: <PixTest.cc/efficiencyMaps:L412> Create hists HR_xeff_CalDelScan_step7_C0 .. HR_xeff_CalDelScan_step7_C15
[12:30:07.876]    DEBUG: <PixTest.cc/efficiencyMaps:L426> booking xray maps for unmasked detector
[12:30:07.959]    DEBUG: <PixTest.cc/efficiencyMaps:L396>       attempt #0
[12:30:08.626]     INFO: Expecting 41600 events.
[12:30:12.944]     INFO: 41600 events read in total (3792ms).
[12:30:12.950]     INFO: Test took 4991ms.
[12:30:13.130]     INFO: Fetched DAQ statistics. Counters are being reset now.
[12:30:13.130]    DEBUG: <PixTest.cc/efficiencyMaps:L407>  eff result size = 1086487
[12:30:13.130]    DEBUG: <PixTest.cc/efficiencyMaps:L412> Create hists HR_xeff_CalDelScan_step8_C0 .. HR_xeff_CalDelScan_step8_C15
[12:30:13.130]    DEBUG: <PixTest.cc/efficiencyMaps:L426> booking xray maps for unmasked detector
[12:30:13.211]    DEBUG: <PixTest.cc/efficiencyMaps:L396>       attempt #0
[12:30:13.876]     INFO: Expecting 41600 events.
[12:30:18.190]     INFO: 41600 events read in total (3788ms).
[12:30:18.196]     INFO: Test took 4985ms.
[12:30:18.377]     INFO: Fetched DAQ statistics. Counters are being reset now.
[12:30:18.378]    DEBUG: <PixTest.cc/efficiencyMaps:L407>  eff result size = 1085112
[12:30:18.378]    DEBUG: <PixTest.cc/efficiencyMaps:L412> Create hists HR_xeff_CalDelScan_step9_C0 .. HR_xeff_CalDelScan_step9_C15
[12:30:18.378]    DEBUG: <PixTest.cc/efficiencyMaps:L426> booking xray maps for unmasked detector
[12:30:18.457]    DEBUG: <PixTest.cc/efficiencyMaps:L396>       attempt #0
[12:30:19.122]     INFO: Expecting 41600 events.
[12:30:23.442]     INFO: 41600 events read in total (3793ms).
[12:30:23.448]     INFO: Test took 4991ms.
[12:30:23.628]     INFO: Fetched DAQ statistics. Counters are being reset now.
[12:30:23.628]    DEBUG: <PixTest.cc/efficiencyMaps:L407>  eff result size = 1087225
[12:30:23.628]    DEBUG: <PixTest.cc/efficiencyMaps:L412> Create hists HR_xeff_CalDelScan_step10_C0 .. HR_xeff_CalDelScan_step10_C15
[12:30:23.629]    DEBUG: <PixTest.cc/efficiencyMaps:L426> booking xray maps for unmasked detector
[12:30:23.710]    DEBUG: <PixTest.cc/efficiencyMaps:L396>       attempt #0
[12:30:24.375]     INFO: Expecting 41600 events.
[12:30:28.707]     INFO: 41600 events read in total (3805ms).
[12:30:28.713]     INFO: Test took 5003ms.
[12:30:28.893]     INFO: Fetched DAQ statistics. Counters are being reset now.
[12:30:28.893]    DEBUG: <PixTest.cc/efficiencyMaps:L407>  eff result size = 1085911
[12:30:28.893]    DEBUG: <PixTest.cc/efficiencyMaps:L412> Create hists HR_xeff_CalDelScan_step11_C0 .. HR_xeff_CalDelScan_step11_C15
[12:30:28.894]    DEBUG: <PixTest.cc/efficiencyMaps:L426> booking xray maps for unmasked detector
[12:30:28.975]    DEBUG: <PixTest.cc/efficiencyMaps:L396>       attempt #0
[12:30:29.642]     INFO: Expecting 41600 events.
[12:30:33.975]     INFO: 41600 events read in total (3807ms).
[12:30:33.982]     INFO: Test took 5007ms.
[12:30:34.162]     INFO: Fetched DAQ statistics. Counters are being reset now.
[12:30:34.162]    DEBUG: <PixTest.cc/efficiencyMaps:L407>  eff result size = 1088315
[12:30:34.162]    DEBUG: <PixTest.cc/efficiencyMaps:L412> Create hists HR_xeff_CalDelScan_step12_C0 .. HR_xeff_CalDelScan_step12_C15
[12:30:34.163]    DEBUG: <PixTest.cc/efficiencyMaps:L426> booking xray maps for unmasked detector
[12:30:34.244]    DEBUG: <PixTest.cc/efficiencyMaps:L396>       attempt #0
[12:30:34.911]     INFO: Expecting 41600 events.
[12:30:39.233]     INFO: 41600 events read in total (3795ms).
[12:30:39.240]     INFO: Test took 4996ms.
[12:30:39.419]     INFO: Fetched DAQ statistics. Counters are being reset now.
[12:30:39.420]    DEBUG: <PixTest.cc/efficiencyMaps:L407>  eff result size = 1087255
[12:30:39.420]    DEBUG: <PixTest.cc/efficiencyMaps:L412> Create hists HR_xeff_CalDelScan_step13_C0 .. HR_xeff_CalDelScan_step13_C15
[12:30:39.420]    DEBUG: <PixTest.cc/efficiencyMaps:L426> booking xray maps for unmasked detector
[12:30:39.501]    DEBUG: <PixTest.cc/efficiencyMaps:L396>       attempt #0
[12:30:40.168]     INFO: Expecting 41600 events.
[12:30:44.471]     INFO: 41600 events read in total (3776ms).
[12:30:44.477]     INFO: Test took 4976ms.
[12:30:44.654]     INFO: Fetched DAQ statistics. Counters are being reset now.
[12:30:44.654]    DEBUG: <PixTest.cc/efficiencyMaps:L407>  eff result size = 1086750
[12:30:44.654]    DEBUG: <PixTest.cc/efficiencyMaps:L412> Create hists HR_xeff_CalDelScan_step14_C0 .. HR_xeff_CalDelScan_step14_C15
[12:30:44.654]    DEBUG: <PixTest.cc/efficiencyMaps:L426> booking xray maps for unmasked detector
[12:30:44.737]    DEBUG: <PixTest.cc/efficiencyMaps:L396>       attempt #0
[12:30:45.403]     INFO: Expecting 41600 events.
[12:30:49.732]     INFO: 41600 events read in total (3802ms).
[12:30:49.738]     INFO: Test took 5001ms.
[12:30:49.918]     INFO: Fetched DAQ statistics. Counters are being reset now.
[12:30:49.918]    DEBUG: <PixTest.cc/efficiencyMaps:L407>  eff result size = 1086110
[12:30:49.918]    DEBUG: <PixTest.cc/efficiencyMaps:L412> Create hists HR_xeff_CalDelScan_step15_C0 .. HR_xeff_CalDelScan_step15_C15
[12:30:49.919]    DEBUG: <PixTest.cc/efficiencyMaps:L426> booking xray maps for unmasked detector
[12:30:50.000]    DEBUG: <PixTest.cc/efficiencyMaps:L396>       attempt #0
[12:30:50.665]     INFO: Expecting 41600 events.
[12:30:54.991]     INFO: 41600 events read in total (3799ms).
[12:30:54.998]     INFO: Test took 4998ms.
[12:30:55.178]     INFO: Fetched DAQ statistics. Counters are being reset now.
[12:30:55.178]    DEBUG: <PixTest.cc/efficiencyMaps:L407>  eff result size = 1086694
[12:30:55.178]    DEBUG: <PixTest.cc/efficiencyMaps:L412> Create hists HR_xeff_CalDelScan_step16_C0 .. HR_xeff_CalDelScan_step16_C15
[12:30:55.178]    DEBUG: <PixTest.cc/efficiencyMaps:L426> booking xray maps for unmasked detector
[12:30:55.259]    DEBUG: <PixTest.cc/efficiencyMaps:L396>       attempt #0
[12:30:55.924]     INFO: Expecting 41600 events.
[12:31:00.244]     INFO: 41600 events read in total (3793ms).
[12:31:00.250]     INFO: Test took 4991ms.
[12:31:00.430]     INFO: Fetched DAQ statistics. Counters are being reset now.
[12:31:00.430]    DEBUG: <PixTest.cc/efficiencyMaps:L407>  eff result size = 1086346
[12:31:00.430]    DEBUG: <PixTest.cc/efficiencyMaps:L412> Create hists HR_xeff_CalDelScan_step17_C0 .. HR_xeff_CalDelScan_step17_C15
[12:31:00.430]    DEBUG: <PixTest.cc/efficiencyMaps:L426> booking xray maps for unmasked detector
[12:31:00.511]    DEBUG: <PixTest.cc/efficiencyMaps:L396>       attempt #0
[12:31:01.176]     INFO: Expecting 41600 events.
[12:31:05.480]     INFO: 41600 events read in total (3777ms).
[12:31:05.486]     INFO: Test took 4975ms.
[12:31:05.667]     INFO: Fetched DAQ statistics. Counters are being reset now.
[12:31:05.667]    DEBUG: <PixTest.cc/efficiencyMaps:L407>  eff result size = 1083735
[12:31:05.667]    DEBUG: <PixTest.cc/efficiencyMaps:L412> Create hists HR_xeff_CalDelScan_step18_C0 .. HR_xeff_CalDelScan_step18_C15
[12:31:05.667]    DEBUG: <PixTest.cc/efficiencyMaps:L426> booking xray maps for unmasked detector
[12:31:05.747]    DEBUG: <PixTest.cc/efficiencyMaps:L396>       attempt #0
[12:31:06.413]     INFO: Expecting 41600 events.
[12:31:10.530]     INFO: 41600 events read in total (3590ms).
[12:31:10.536]     INFO: Test took 4789ms.
[12:31:10.716]     INFO: Fetched DAQ statistics. Counters are being reset now.
[12:31:10.716]    DEBUG: <PixTest.cc/efficiencyMaps:L407>  eff result size = 1079011
[12:31:10.716]    DEBUG: <PixTest.cc/efficiencyMaps:L412> Create hists HR_xeff_CalDelScan_step19_C0 .. HR_xeff_CalDelScan_step19_C15
[12:31:10.717]    DEBUG: <PixTest.cc/efficiencyMaps:L426> booking xray maps for unmasked detector
[12:31:11.018]    DEBUG: <PixTestHighRate.cc/doCalDelScan:L422> roc  0: caldel = 147 eff = 0.99774
[12:31:11.018]    DEBUG: <PixTestHighRate.cc/doCalDelScan:L422> roc  1: caldel = 165 eff = 0.998221
[12:31:11.018]    DEBUG: <PixTestHighRate.cc/doCalDelScan:L422> roc  2: caldel = 149 eff = 0.995745
[12:31:11.018]    DEBUG: <PixTestHighRate.cc/doCalDelScan:L422> roc  3: caldel = 169 eff = 0.993173
[12:31:11.018]    DEBUG: <PixTestHighRate.cc/doCalDelScan:L422> roc  4: caldel = 176 eff = 0.992067
[12:31:11.018]    DEBUG: <PixTestHighRate.cc/doCalDelScan:L422> roc  5: caldel = 178 eff = 0.992163
[12:31:11.019]    DEBUG: <PixTestHighRate.cc/doCalDelScan:L422> roc  6: caldel = 165 eff = 0.991851
[12:31:11.019]    DEBUG: <PixTestHighRate.cc/doCalDelScan:L422> roc  7: caldel = 155 eff = 0.992428
[12:31:11.019]    DEBUG: <PixTestHighRate.cc/doCalDelScan:L422> roc  8: caldel = 167 eff = 0.991298
[12:31:11.019]    DEBUG: <PixTestHighRate.cc/doCalDelScan:L422> roc  9: caldel = 162 eff = 0.990216
[12:31:11.019]    DEBUG: <PixTestHighRate.cc/doCalDelScan:L422> roc 10: caldel = 164 eff = 0.990962
[12:31:11.019]    DEBUG: <PixTestHighRate.cc/doCalDelScan:L422> roc 11: caldel = 159 eff = 0.992548
[12:31:11.019]    DEBUG: <PixTestHighRate.cc/doCalDelScan:L422> roc 12: caldel = 168 eff = 0.992788
[12:31:11.020]    DEBUG: <PixTestHighRate.cc/doCalDelScan:L422> roc 13: caldel = 159 eff = 0.995409
[12:31:11.020]    DEBUG: <PixTestHighRate.cc/doCalDelScan:L422> roc 14: caldel = 183 eff = 0.997957
[12:31:11.020]    DEBUG: <PixTestHighRate.cc/doCalDelScan:L422> roc 15: caldel = 168 eff = 0.997476
[12:31:28.057]    DEBUG: <PixTab.cc/buttonClicked:L308> xxxPressed():  xpixelalive
[12:31:28.057]    DEBUG: <PixTestHighRate.cc/runCommand:L157> running command: xpixelalive
[12:31:28.057]     INFO:    ----------------------------------------------------------------------
[12:31:28.057]     INFO:    PixTestHighRate::xPixelAlive() ntrig = 50, vcal = 200
[12:31:28.057]     INFO:    ----------------------------------------------------------------------
[12:31:28.057]    DEBUG: <PixTestHighRate.cc/doXPixelAlive:L451>  old set: clk: 4
[12:31:28.057]    DEBUG: <PixTestHighRate.cc/doXPixelAlive:L451>  old set: ctr: 4
[12:31:28.057]    DEBUG: <PixTestHighRate.cc/doXPixelAlive:L451>  old set: sda: 19
[12:31:28.057]    DEBUG: <PixTestHighRate.cc/doXPixelAlive:L451>  old set: tin: 9
[12:31:28.057]    DEBUG: <PixTestHighRate.cc/doXPixelAlive:L451>  old set: level: 15
[12:31:28.057]    DEBUG: <PixTestHighRate.cc/doXPixelAlive:L451>  old set: triggerdelay: 0
[12:31:28.057]    DEBUG: <PixTestHighRate.cc/doXPixelAlive:L467>  setting: clk: 4
[12:31:28.057]    DEBUG: <PixTestHighRate.cc/doXPixelAlive:L467>  setting: ctr: 4
[12:31:28.058]    DEBUG: <PixTestHighRate.cc/doXPixelAlive:L467>  setting: sda: 19
[12:31:28.058]    DEBUG: <PixTestHighRate.cc/doXPixelAlive:L467>  setting: tin: 9
[12:31:28.058]    DEBUG: <PixTestHighRate.cc/doXPixelAlive:L467>  setting: level: 15
[12:31:28.058]    DEBUG: <PixTestHighRate.cc/doXPixelAlive:L467>  setting: triggerdelay: 20
[12:31:28.103]    DEBUG: <PixTest.cc/efficiencyMaps:L396>       attempt #0
[12:31:28.771]     INFO: Expecting 208000 events.
[12:31:47.568]     INFO: 208000 events read in total (18271ms).
[12:31:47.592]     INFO: Test took 19489ms.
[12:31:48.772]     INFO: Fetched DAQ statistics. Counters are being reset now.
[12:31:48.772]    DEBUG: <PixTest.cc/efficiencyMaps:L407>  eff result size = 5098152
[12:31:48.772]    DEBUG: <PixTest.cc/efficiencyMaps:L412> Create hists highRate_C0 .. highRate_C15
[12:31:48.772]    DEBUG: <PixTest.cc/efficiencyMaps:L426> booking xray maps for unmasked detector
[12:31:49.335]     INFO: number of dead pixels (per ROC):     0    0    0    0    1    0    0    0    0    0    0    0    0    0    0    0
[12:31:49.335]     INFO: number of red-efficiency pixels:   358  268  604 1073 1214 1254 1195 1061 1335 1438 1301 1200 1104  603  236  307
[12:31:49.335]     INFO: number of X-ray hits detected:    166214 139799 239460 369206 398934 401063 388700 365300 416241 419736 403886 373103 374507 242200 151677 181567
[12:31:49.335]     INFO: number of triggers sent (total per ROC):  208000 208000 208000 208000 208000 208000 208000 208000 208000 208000 208000 208000 208000 208000 208000 208000
[12:31:49.335]     INFO: number of Vcal hits detected:  207622 207704 207249 206677 206418 206386 206466 206659 206301 206068 206303 206442 206631 207273 207728 207674
[12:31:49.335]     INFO: Vcal hit fiducial efficiency (%):  99.8 99.9 99.7 99.4 99.3 99.3 99.3 99.4 99.3 99.2 99.3 99.3 99.4 99.7 99.9 99.8
[12:31:49.335]     INFO: Vcal hit overall efficiency (%):  99.8 99.9 99.6 99.4 99.2 99.2 99.3 99.4 99.2 99.1 99.2 99.3 99.3 99.7 99.9 99.8
[12:31:49.335]     INFO: X-ray hit rate [MHz/cm2]:  48.7 41.0 70.2 108.2 116.9 117.6 113.9 107.1 122.0 123.0 118.4 109.4 109.8 71.0 44.5 53.2
[12:31:49.335]     INFO: PixTestHighRate::doXPixelAlive() done
[12:31:49.380]    DEBUG: <PixTestHighRate.cc/doXPixelAlive:L586>  resetting: clk: 4
[12:31:49.380]    DEBUG: <PixTestHighRate.cc/doXPixelAlive:L586>  resetting: ctr: 4
[12:31:49.380]    DEBUG: <PixTestHighRate.cc/doXPixelAlive:L586>  resetting: sda: 19
[12:31:49.380]    DEBUG: <PixTestHighRate.cc/doXPixelAlive:L586>  resetting: tin: 9
[12:31:49.380]    DEBUG: <PixTestHighRate.cc/doXPixelAlive:L586>  resetting: level: 15
[12:31:49.380]    DEBUG: <PixTestHighRate.cc/doXPixelAlive:L586>  resetting: triggerdelay: 0
[12:31:49.381]     INFO: PixTest::       pg_setup set to default.
[12:32:14.497]    DEBUG: <PixTest.cc/moduleMap:L1029> moduleMap histname: what
[12:32:14.497]    DEBUG: <PixTest.cc/moduleMap:L1039> h1->GetName() = highRate_xraymap_C13_V0 -> highRate_xraymap_mod
[12:32:17.577]    DEBUG: <PixGui.cc/handleButtons:L396> PixGui::exit called
[12:32:17.578]    DEBUG: <PixGui.cc/CloseWindow:L335> Final Analog Current: 391.5mA
[12:32:17.578]    DEBUG: <PixGui.cc/CloseWindow:L336> Final Digital Current: 478.3mA
[12:32:17.578]    DEBUG: <PixGui.cc/CloseWindow:L337> Final Module Temperature: 24.4 C
[12:32:17.578]    DEBUG: <PixTestBBMap.cc/~PixTestBBMap:L97> PixTestBBMap dtor
[12:32:17.579]    DEBUG: <PixTestBB2Map.cc/~PixTestBB2Map:L115> PixTestBB2Map dtor
[12:32:17.579]    DEBUG: <PixTestBB3Map.cc/~PixTestBB3Map:L99> PixTestBB3Map dtor
[12:32:17.579]    DEBUG: <PixTestBB4Map.cc/~PixTestBB4Map:L118> PixTestBB4Map dtor
[12:32:17.579]    DEBUG: <PixTestCmd.cc/~PixTestCmd:L78> PixTestCmd dtor
[12:32:17.593]    DEBUG: <PixTestDaq.cc/~PixTestDaq:L37> PixTestDaq dtor
[12:32:17.593]    DEBUG: <PixTestDacDacScan.cc/~PixTestDacDacScan:L136> PixTestDacDacScan dtor
[12:32:17.593]    DEBUG: <PixTestDacScan.cc/~PixTestDacScan:L129> PixTestDacScan dtor
[12:32:17.593]    DEBUG: <PixTestGainPedestal.cc/~PixTestGainPedestal:L125> PixTestGainPedestal dtor
[12:32:17.593]    DEBUG: <PixTestHighRate.cc/~PixTestHighRate:L245> PixTestHighRate dtor
[12:32:17.688]    DEBUG: <PixTestIV.cc/~PixTestIV:L96> PixTestIV dtor
[12:32:17.688]    DEBUG: <PixTestAlive.cc/~PixTestAlive:L109> PixTestAlive dtor
[12:32:17.688]    DEBUG: <PixTestPretest.cc/~PixTestPretest:L136> PixTestPretest dtor
[12:32:17.689]    DEBUG: <PixTestReadback.cc/~PixTestReadback:L89> PixTestReadback dtor, saving tree ... 
[12:32:17.689]    DEBUG: <PixTestScurves.cc/~PixTestScurves:L142> PixTestScurves dtor
[12:32:17.689]    DEBUG: <PixTestTiming.cc/~PixTestTiming:L97> PixTestTiming dtor
[12:32:17.689]    DEBUG: <PixTestTrim.cc/~PixTestTrim:L103> PixTestTrim dtor
[12:32:17.689]    DEBUG: <PixTestXray.cc/~PixTestXray:L217> PixTestXray dtor
[12:32:17.691]    QUIET: Connection to board 58 closed.
[12:32:17.771]    DEBUG: <PixMonitor.cc/dumpSummaries:L39> PixMonitor::dumpSummaries
