[14:10:30.597]     INFO: *** Welcome to pxar ***
[14:10:30.597]     INFO: *** Today: 2015/12/29
[14:10:30.606]     INFO: *** Version: prod-12
[14:10:30.607]     INFO: readRocDacs: data/pa243//dacParameters_C0.dat .. data/pa243//dacParameters_C15.dat
[14:10:30.608]     INFO: readTbmDacs: data/pa243//tbmParameters_C0a.dat .. data/pa243//tbmParameters_C0b.dat
[14:10:30.608]     INFO: readMaskFile: data/pa243//defaultMaskFile.dat
[14:10:30.608]     INFO: readTrimFile: data/pa243//trimParameters_C0.dat .. data/pa243//trimParameters_C15.dat
[14:10:30.758]     INFO:         clk: 4
[14:10:30.758]     INFO:         ctr: 4
[14:10:30.758]     INFO:         sda: 19
[14:10:30.758]     INFO:         tin: 9
[14:10:30.758]     INFO:         level: 15
[14:10:30.758]     INFO:         triggerdelay: 0
[14:10:30.758]    QUIET: Instanciating API for pxar prod-12
[14:10:30.758]     INFO: Log level: DEBUG
[14:10:30.769]    QUIET: Connection to board DTB_WRPRHI opened.
[14:10:30.773]     INFO: DTB startup information
--- DTB info------------------------------------------
Board id:    58
HW version:  DTB1.2
FW version:  4.2
SW version:  4.5
USB id:      DTB_WRPRHI
MAC address: 40D85511803A
Hostname:    pixelDTB058
Comment:     
------------------------------------------------------
[14:10:30.775]     INFO: RPC call hashes of host and DTB match: 398089610
[14:10:32.445]     INFO: DUT info: 
[14:10:32.445]     INFO: The DUT currently contains the following objects:
[14:10:32.445]     INFO:  2 TBM Cores tbm08b (2 ON)
[14:10:32.445]     INFO: 	TBM Core alpha (0): 7 registers set
[14:10:32.445]     INFO: 	TBM Core beta  (1): 7 registers set
[14:10:32.445]     INFO: 16 ROCs psi46digv2 (16 ON) with 4160 pixelConfigs
[14:10:32.445]     INFO: 	ROC 0: 21 DACs set, Pixels: 0 masked, 0 active.
[14:10:32.445]     INFO: 	ROC 1: 21 DACs set, Pixels: 0 masked, 0 active.
[14:10:32.445]     INFO: 	ROC 2: 21 DACs set, Pixels: 0 masked, 0 active.
[14:10:32.445]     INFO: 	ROC 3: 21 DACs set, Pixels: 0 masked, 0 active.
[14:10:32.445]     INFO: 	ROC 4: 21 DACs set, Pixels: 0 masked, 0 active.
[14:10:32.445]     INFO: 	ROC 5: 21 DACs set, Pixels: 0 masked, 0 active.
[14:10:32.445]     INFO: 	ROC 6: 21 DACs set, Pixels: 0 masked, 0 active.
[14:10:32.445]     INFO: 	ROC 7: 21 DACs set, Pixels: 0 masked, 0 active.
[14:10:32.445]     INFO: 	ROC 8: 21 DACs set, Pixels: 0 masked, 0 active.
[14:10:32.445]     INFO: 	ROC 9: 21 DACs set, Pixels: 0 masked, 0 active.
[14:10:32.445]     INFO: 	ROC 10: 21 DACs set, Pixels: 0 masked, 0 active.
[14:10:32.445]     INFO: 	ROC 11: 21 DACs set, Pixels: 0 masked, 0 active.
[14:10:32.445]     INFO: 	ROC 12: 21 DACs set, Pixels: 0 masked, 0 active.
[14:10:32.445]     INFO: 	ROC 13: 21 DACs set, Pixels: 0 masked, 0 active.
[14:10:32.445]     INFO: 	ROC 14: 21 DACs set, Pixels: 0 masked, 0 active.
[14:10:32.445]     INFO: 	ROC 15: 21 DACs set, Pixels: 0 masked, 0 active.
[14:10:32.446]    DEBUG: <PixTestParameters.cc/dump:L104> PixTestParameters: ->BB<-
[14:10:32.446]    DEBUG: <PixTestParameters.cc/dump:L107>   dumpall: checkbox(0)
[14:10:32.446]    DEBUG: <PixTestParameters.cc/dump:L107>   dumpproblematic: checkbox(0)
[14:10:32.446]    DEBUG: <PixTestParameters.cc/dump:L107>   ntrig: 5
[14:10:32.446]    DEBUG: <PixTestParameters.cc/dump:L107>   vcals: 250
[14:10:32.446]    DEBUG: <PixTestParameters.cc/dump:L104> PixTestParameters: ->BB2<-
[14:10:32.446]    DEBUG: <PixTestParameters.cc/dump:L107>   ntrig: 10
[14:10:32.446]    DEBUG: <PixTestParameters.cc/dump:L107>   vcals: 222
[14:10:32.446]    DEBUG: <PixTestParameters.cc/dump:L107>   plwidth: 35
[14:10:32.446]    DEBUG: <PixTestParameters.cc/dump:L107>   pix: 11,20
[14:10:32.446]    DEBUG: <PixTestParameters.cc/dump:L107>   targetia: 24
[14:10:32.446]    DEBUG: <PixTestParameters.cc/dump:L104> PixTestParameters: ->BB3<-
[14:10:32.446]    DEBUG: <PixTestParameters.cc/dump:L107>   dumpall: checkbox(0)
[14:10:32.446]    DEBUG: <PixTestParameters.cc/dump:L107>   dumpproblematic: checkbox(0)
[14:10:32.446]    DEBUG: <PixTestParameters.cc/dump:L107>   ntrig: 5
[14:10:32.446]    DEBUG: <PixTestParameters.cc/dump:L107>   vcals: 250
[14:10:32.446]    DEBUG: <PixTestParameters.cc/dump:L104> PixTestParameters: ->BB4<-
[14:10:32.446]    DEBUG: <PixTestParameters.cc/dump:L107>   savecaldelscan: checkbox(0)
[14:10:32.446]    DEBUG: <PixTestParameters.cc/dump:L107>   ntrig: 100
[14:10:32.446]    DEBUG: <PixTestParameters.cc/dump:L107>   cals: 1
[14:10:32.446]    DEBUG: <PixTestParameters.cc/dump:L107>   caldello: 80
[14:10:32.446]    DEBUG: <PixTestParameters.cc/dump:L107>   caldelhi: 200
[14:10:32.446]    DEBUG: <PixTestParameters.cc/dump:L107>   caldelstep: 10
[14:10:32.446]    DEBUG: <PixTestParameters.cc/dump:L107>   vthrcomplo: 70
[14:10:32.446]    DEBUG: <PixTestParameters.cc/dump:L107>   vthrcomphi: 130
[14:10:32.446]    DEBUG: <PixTestParameters.cc/dump:L107>   vthrcompstep: 5
[14:10:32.446]    DEBUG: <PixTestParameters.cc/dump:L107>   noisypixels: 10
[14:10:32.446]    DEBUG: <PixTestParameters.cc/dump:L107>   vcal: 255
[14:10:32.446]    DEBUG: <PixTestParameters.cc/dump:L107>   cut: 0.5
[14:10:32.446]    DEBUG: <PixTestParameters.cc/dump:L104> PixTestParameters: ->Cmd<-
[14:10:32.446]    DEBUG: <PixTestParameters.cc/dump:L104> PixTestParameters: ->DAQ<-
[14:10:32.446]    DEBUG: <PixTestParameters.cc/dump:L107>   delaytbm: checkbox
[14:10:32.446]    DEBUG: <PixTestParameters.cc/dump:L107>   filltree: checkbox
[14:10:32.446]    DEBUG: <PixTestParameters.cc/dump:L107>   trgfrequency(khz): 100
[14:10:32.446]    DEBUG: <PixTestParameters.cc/dump:L107>   maskhotpixels: button
[14:10:32.446]    DEBUG: <PixTestParameters.cc/dump:L107>   trgnumber: 5
[14:10:32.446]    DEBUG: <PixTestParameters.cc/dump:L107>   iterations: 10
[14:10:32.446]    DEBUG: <PixTestParameters.cc/dump:L107>   rundaqtrg: button
[14:10:32.446]    DEBUG: <PixTestParameters.cc/dump:L107>   daqseconds: 5
[14:10:32.446]    DEBUG: <PixTestParameters.cc/dump:L107>   rundaqseconds: button
[14:10:32.446]    DEBUG: <PixTestParameters.cc/dump:L104> PixTestParameters: ->DacDacScan<-
[14:10:32.446]    DEBUG: <PixTestParameters.cc/dump:L107>   phmap: checkbox
[14:10:32.446]    DEBUG: <PixTestParameters.cc/dump:L107>   ntrig: 10
[14:10:32.446]    DEBUG: <PixTestParameters.cc/dump:L107>   dac1: caldel
[14:10:32.446]    DEBUG: <PixTestParameters.cc/dump:L107>   dac1lo: 0
[14:10:32.446]    DEBUG: <PixTestParameters.cc/dump:L107>   dac1hi: 255
[14:10:32.446]    DEBUG: <PixTestParameters.cc/dump:L107>   dac2: vthrcomp
[14:10:32.446]    DEBUG: <PixTestParameters.cc/dump:L107>   dac2lo: 0
[14:10:32.446]    DEBUG: <PixTestParameters.cc/dump:L107>   dac2hi: 255
[14:10:32.446]    DEBUG: <PixTestParameters.cc/dump:L107>   pix: 11,20
[14:10:32.447]    DEBUG: <PixTestParameters.cc/dump:L104> PixTestParameters: ->DacScan<-
[14:10:32.447]    DEBUG: <PixTestParameters.cc/dump:L107>   phmap: checkbox(1)
[14:10:32.447]    DEBUG: <PixTestParameters.cc/dump:L107>   allpixels: checkbox(0)
[14:10:32.447]    DEBUG: <PixTestParameters.cc/dump:L107>   unmasked: checkbox(0)
[14:10:32.447]    DEBUG: <PixTestParameters.cc/dump:L107>   ntrig: 10
[14:10:32.447]    DEBUG: <PixTestParameters.cc/dump:L107>   dac: vcal
[14:10:32.447]    DEBUG: <PixTestParameters.cc/dump:L107>   daclo: 0
[14:10:32.447]    DEBUG: <PixTestParameters.cc/dump:L107>   dachi: 255
[14:10:32.447]    DEBUG: <PixTestParameters.cc/dump:L107>   pix: 11,20
[14:10:32.447]    DEBUG: <PixTestParameters.cc/dump:L104> PixTestParameters: ->GainPedestal<-
[14:10:32.447]    DEBUG: <PixTestParameters.cc/dump:L107>   showfits: checkbox(0)
[14:10:32.447]    DEBUG: <PixTestParameters.cc/dump:L107>   extended: checkbox(0)
[14:10:32.447]    DEBUG: <PixTestParameters.cc/dump:L107>   dumphists: checkbox(0)
[14:10:32.447]    DEBUG: <PixTestParameters.cc/dump:L107>   ntrig: 10
[14:10:32.447]    DEBUG: <PixTestParameters.cc/dump:L107>   vcalstep: 10
[14:10:32.447]    DEBUG: <PixTestParameters.cc/dump:L107>   measure: button
[14:10:32.447]    DEBUG: <PixTestParameters.cc/dump:L107>   fit: button
[14:10:32.447]    DEBUG: <PixTestParameters.cc/dump:L107>   save: button
[14:10:32.447]    DEBUG: <PixTestParameters.cc/dump:L104> PixTestParameters: ->HighRate<-
[14:10:32.447]    DEBUG: <PixTestParameters.cc/dump:L107>   pix: 11,20
[14:10:32.447]    DEBUG: <PixTestParameters.cc/dump:L107>   trimhotpixels: button
[14:10:32.447]    DEBUG: <PixTestParameters.cc/dump:L107>   trimhotpixelthr: 200
[14:10:32.447]    DEBUG: <PixTestParameters.cc/dump:L107>   runsecondshotpixels: 10
[14:10:32.447]    DEBUG: <PixTestParameters.cc/dump:L107>   savetrimbits: checkbox(1)
[14:10:32.447]    DEBUG: <PixTestParameters.cc/dump:L107>   maskuntrimmable: checkbox(1)
[14:10:32.447]    DEBUG: <PixTestParameters.cc/dump:L107>   maskhotpixels: button
[14:10:32.447]    DEBUG: <PixTestParameters.cc/dump:L107>   savemaskfile: checkbox(0)
[14:10:32.447]    DEBUG: <PixTestParameters.cc/dump:L107>   maskfilename: default
[14:10:32.447]    DEBUG: <PixTestParameters.cc/dump:L107>   caldelscan: button
[14:10:32.447]    DEBUG: <PixTestParameters.cc/dump:L107>   xpixelalive: button
[14:10:32.447]    DEBUG: <PixTestParameters.cc/dump:L107>   ntrig: 50
[14:10:32.447]    DEBUG: <PixTestParameters.cc/dump:L107>   vcal: 200
[14:10:32.447]    DEBUG: <PixTestParameters.cc/dump:L107>   xnoisemaps: button
[14:10:32.447]    DEBUG: <PixTestParameters.cc/dump:L107>   daclo: 0
[14:10:32.447]    DEBUG: <PixTestParameters.cc/dump:L107>   dachi: 100
[14:10:32.447]    DEBUG: <PixTestParameters.cc/dump:L107>   dacs/step: 20
[14:10:32.447]    DEBUG: <PixTestParameters.cc/dump:L107>   rundaq: button
[14:10:32.447]    DEBUG: <PixTestParameters.cc/dump:L107>   trgfrequency(khz): 20
[14:10:32.447]    DEBUG: <PixTestParameters.cc/dump:L107>   runseconds: 2
[14:10:32.447]    DEBUG: <PixTestParameters.cc/dump:L107>   triggerdelay: 20
[14:10:32.447]    DEBUG: <PixTestParameters.cc/dump:L107>   delaytbm: checkbox
[14:10:32.447]    DEBUG: <PixTestParameters.cc/dump:L107>   filltree: checkbox
[14:10:32.447]    DEBUG: <PixTestParameters.cc/dump:L104> PixTestParameters: ->IV<-
[14:10:32.447]    DEBUG: <PixTestParameters.cc/dump:L107>   port: /dev/FIXME
[14:10:32.447]    DEBUG: <PixTestParameters.cc/dump:L107>   voltagestart: 0
[14:10:32.447]    DEBUG: <PixTestParameters.cc/dump:L107>   voltagestop: 600
[14:10:32.447]    DEBUG: <PixTestParameters.cc/dump:L107>   voltagestep: 5
[14:10:32.447]    DEBUG: <PixTestParameters.cc/dump:L107>   delay: 1
[14:10:32.447]    DEBUG: <PixTestParameters.cc/dump:L107>   compliance(ua): 100
[14:10:32.447]    DEBUG: <PixTestParameters.cc/dump:L104> PixTestParameters: ->PhOptimization<-
[14:10:32.447]    DEBUG: <PixTestParameters.cc/dump:L107>   ntrig: 10
[14:10:32.447]    DEBUG: <PixTestParameters.cc/dump:L107>   safetymarginlow: 20
[14:10:32.447]    DEBUG: <PixTestParameters.cc/dump:L107>   saturationvcal: 100
[14:10:32.447]    DEBUG: <PixTestParameters.cc/dump:L107>   quantilesaturation: 0.98
[14:10:32.447]    DEBUG: <PixTestParameters.cc/dump:L104> PixTestParameters: ->PixelAlive<-
[14:10:32.447]    DEBUG: <PixTestParameters.cc/dump:L107>   ntrig: 10
[14:10:32.447]    DEBUG: <PixTestParameters.cc/dump:L107>   vcal: 200
[14:10:32.448]    DEBUG: <PixTestParameters.cc/dump:L107>   alivetest: button
[14:10:32.448]    DEBUG: <PixTestParameters.cc/dump:L107>   masktest: button
[14:10:32.448]    DEBUG: <PixTestParameters.cc/dump:L107>   addressdecodingtest: button
[14:10:32.448]    DEBUG: <PixTestParameters.cc/dump:L104> PixTestParameters: ->Pretest<-
[14:10:32.448]    DEBUG: <PixTestParameters.cc/dump:L107>   programroc: button
[14:10:32.448]    DEBUG: <PixTestParameters.cc/dump:L107>   targetia: 24
[14:10:32.448]    DEBUG: <PixTestParameters.cc/dump:L107>   setvana: button
[14:10:32.448]    DEBUG: <PixTestParameters.cc/dump:L107>   iterations: 100
[14:10:32.448]    DEBUG: <PixTestParameters.cc/dump:L107>   settimings: button
[14:10:32.448]    DEBUG: <PixTestParameters.cc/dump:L107>   findtiming: button
[14:10:32.448]    DEBUG: <PixTestParameters.cc/dump:L107>   findworkingpixel: button
[14:10:32.448]    DEBUG: <PixTestParameters.cc/dump:L107>   setvthrcompcaldel: button
[14:10:32.448]    DEBUG: <PixTestParameters.cc/dump:L107>   pix: 11,20
[14:10:32.448]    DEBUG: <PixTestParameters.cc/dump:L107>   vcal: 250
[14:10:32.448]    DEBUG: <PixTestParameters.cc/dump:L107>   deltavthrcomp: 50
[14:10:32.448]    DEBUG: <PixTestParameters.cc/dump:L107>   fraccaldel: 0.5
[14:10:32.448]    DEBUG: <PixTestParameters.cc/dump:L107>   ntrig: 5
[14:10:32.448]    DEBUG: <PixTestParameters.cc/dump:L107>   savedacs: button
[14:10:32.448]    DEBUG: <PixTestParameters.cc/dump:L104> PixTestParameters: ->Readback<-
[14:10:32.448]    DEBUG: <PixTestParameters.cc/dump:L107>   calibratevd: button
[14:10:32.448]    DEBUG: <PixTestParameters.cc/dump:L107>   calibrateva: button
[14:10:32.448]    DEBUG: <PixTestParameters.cc/dump:L107>   calibrateia: button
[14:10:32.448]    DEBUG: <PixTestParameters.cc/dump:L107>   readbackvbg: button
[14:10:32.448]    DEBUG: <PixTestParameters.cc/dump:L107>   getcalibratedvbg: button
[14:10:32.448]    DEBUG: <PixTestParameters.cc/dump:L107>   usecalvd: checkbox(1)
[14:10:32.448]    DEBUG: <PixTestParameters.cc/dump:L107>   usecalva: checkbox(0)
[14:10:32.448]    DEBUG: <PixTestParameters.cc/dump:L107>   setvana: button
[14:10:32.448]    DEBUG: <PixTestParameters.cc/dump:L104> PixTestParameters: ->Scurves<-
[14:10:32.448]    DEBUG: <PixTestParameters.cc/dump:L107>   adjustvcal: checkbox(0)
[14:10:32.448]    DEBUG: <PixTestParameters.cc/dump:L107>   dumpall: checkbox(0)
[14:10:32.448]    DEBUG: <PixTestParameters.cc/dump:L107>   dumpproblematic: checkbox(0)
[14:10:32.448]    DEBUG: <PixTestParameters.cc/dump:L107>   dumpoutputfile: checkbox(0)
[14:10:32.448]    DEBUG: <PixTestParameters.cc/dump:L107>   ntrig: 50
[14:10:32.448]    DEBUG: <PixTestParameters.cc/dump:L107>   dac: Vcal
[14:10:32.448]    DEBUG: <PixTestParameters.cc/dump:L107>   daclo: 0
[14:10:32.448]    DEBUG: <PixTestParameters.cc/dump:L107>   dachi: 200
[14:10:32.448]    DEBUG: <PixTestParameters.cc/dump:L107>   dacs/step: -1
[14:10:32.448]    DEBUG: <PixTestParameters.cc/dump:L107>   ntrig/step: -1
[14:10:32.448]    DEBUG: <PixTestParameters.cc/dump:L107>   scurves: button
[14:10:32.448]    DEBUG: <PixTestParameters.cc/dump:L104> PixTestParameters: ->Timing<-
[14:10:32.448]    DEBUG: <PixTestParameters.cc/dump:L107>   targetclk: 4
[14:10:32.448]    DEBUG: <PixTestParameters.cc/dump:L107>   ntrig: 10000
[14:10:32.448]    DEBUG: <PixTestParameters.cc/dump:L107>   notokenpass: checkbox(0)
[14:10:32.448]    DEBUG: <PixTestParameters.cc/dump:L107>   ignorereadback: checkbox(0)
[14:10:32.448]    DEBUG: <PixTestParameters.cc/dump:L107>   clocksdascan: button
[14:10:32.448]    DEBUG: <PixTestParameters.cc/dump:L107>   phasescan: button
[14:10:32.448]    DEBUG: <PixTestParameters.cc/dump:L107>   levelscan: button
[14:10:32.448]    DEBUG: <PixTestParameters.cc/dump:L107>   tbmphasescan: button
[14:10:32.448]    DEBUG: <PixTestParameters.cc/dump:L107>   rocdelayscan: button
[14:10:32.448]    DEBUG: <PixTestParameters.cc/dump:L107>   timingtest: button
[14:10:32.448]    DEBUG: <PixTestParameters.cc/dump:L107>   saveparameters: button
[14:10:32.448]    DEBUG: <PixTestParameters.cc/dump:L104> PixTestParameters: ->Trim<-
[14:10:32.448]    DEBUG: <PixTestParameters.cc/dump:L107>   trim: button
[14:10:32.448]    DEBUG: <PixTestParameters.cc/dump:L107>   ntrig: 8
[14:10:32.448]    DEBUG: <PixTestParameters.cc/dump:L107>   vcal: 35
[14:10:32.448]    DEBUG: <PixTestParameters.cc/dump:L107>   trimbits: button
[14:10:32.448]    DEBUG: <PixTestParameters.cc/dump:L104> PixTestParameters: ->Xray<-
[14:10:32.448]    DEBUG: <PixTestParameters.cc/dump:L107>   maskhotpixels: button
[14:10:32.449]    DEBUG: <PixTestParameters.cc/dump:L107>   savemaskfile: checkbox(0)
[14:10:32.449]    DEBUG: <PixTestParameters.cc/dump:L107>   maskfilename: default
[14:10:32.449]    DEBUG: <PixTestParameters.cc/dump:L107>   source: Ag
[14:10:32.449]    DEBUG: <PixTestParameters.cc/dump:L107>   phrun: button
[14:10:32.449]    DEBUG: <PixTestParameters.cc/dump:L107>   runseconds: 100
[14:10:32.449]    DEBUG: <PixTestParameters.cc/dump:L107>   trgfrequency(khz): 100
[14:10:32.449]    DEBUG: <PixTestParameters.cc/dump:L107>   ratescan: button
[14:10:32.449]    DEBUG: <PixTestParameters.cc/dump:L107>   vthrcompmin: 10
[14:10:32.449]    DEBUG: <PixTestParameters.cc/dump:L107>   vthrcompmax: 80
[14:10:32.449]    DEBUG: <PixTestParameters.cc/dump:L107>   stepseconds: 5
[14:10:32.449]    DEBUG: <PixTestParameters.cc/dump:L107>   delaytbm: checkbox
[14:10:32.449]    DEBUG: <PixTestParameters.cc/dump:L107>   filltree: checkbox
[14:10:32.451]    DEBUG: <PixSetup.cc/init:L81> PixSetup init start; getCurrentRSS() = 33468416
[14:10:32.451]    DEBUG: <PixSetup.cc/init:L87> fPixTestParameters = 0x1c77b00
[14:10:32.451]    DEBUG: <PixSetup.cc/init:L88>  fConfigParameters = 0x1c050d0
[14:10:32.451]    DEBUG: <PixSetup.cc/init:L89>        fPxarMemory = 0x7faa35d94010
[14:10:32.451]    DEBUG: <PixSetup.cc/init:L90>         fPxarMemHi = 0x7faa3bfff510
[14:10:32.451]    DEBUG: <PixSetup.cc/init:L106> PixSetup init done;  getCurrentRSS() = 33476608 fPxarMemory = 0x7faa35d94010
[14:10:32.452]    DEBUG: <pXar.cc/main:L223> Initial Analog Current: 74.7mA
[14:10:32.453]    DEBUG: <pXar.cc/main:L224> Initial Digital Current: 529.8mA
[14:10:32.454]    DEBUG: <pXar.cc/main:L225> Initial Module Temperature: 21.7 C
[14:10:32.955]    DEBUG: <PixGui.cc/hvOn:L460> HV set On: 0x224e750
[14:10:33.020]    DEBUG: <PixTestFactory.cc/PixTestFactory:L53> PixTestFactory::PixTestFactory()
[14:10:33.020]    DEBUG: <PixTestBBMap.cc/init:L79> PixTestBBMap::init()
[14:10:33.020]    DEBUG: <PixTestBBMap.cc/PixTestBBMap:L27> PixTestBBMap ctor(PixSetup &a, string, TGTab *)
[14:10:33.025]    DEBUG: <PixTestBB2Map.cc/setParameter:L58> setting fTargetIa    = 24 mA/ROC
[14:10:33.026]    DEBUG: <PixTestBB2Map.cc/init:L97> PixTestBB2Map::init()
[14:10:33.026]    DEBUG: <PixTestBB2Map.cc/PixTestBB2Map:L29> PixTestBB2Map ctor(PixSetup &a, string, TGTab *)
[14:10:33.035]    DEBUG: <PixTestBB3Map.cc/init:L81> PixTestBB3Map::init()
[14:10:33.035]    DEBUG: <PixTestBB3Map.cc/PixTestBB3Map:L29> PixTestBB3Map ctor(PixSetup &a, string, TGTab *)
[14:10:33.043]    DEBUG: <PixTestBB4Map.cc/init:L93> PixTestBB4Map::init()
[14:10:33.044]    DEBUG: <PixTestBB4Map.cc/PixTestBB4Map:L26> PixTestMapeff ctor(PixSetup &a, string, TGTab *)
[14:10:33.064]     INFO: PixTestCmd::init()
[14:10:33.075]    DEBUG: <PixTestDaq.cc/init:L44> PixTestDaq::init()
[14:10:33.075]    DEBUG: <PixTestDaq.cc/PixTestDaq:L22> PixTestDaq ctor(PixSetup &a, string, TGTab *)
[14:10:33.075]     INFO: readGainPedestalParameters data/pa243//phCalibrationFitErr_C0.dat .. data/pa243//phCalibrationFitErr_C15.dat
[14:10:33.075]    ERROR: <ConfigParameters.cc/readGainPedestalParameters:L983> cannot open data/pa243//phCalibrationFitErr_C0.dat for reading PH calibration constants
[14:10:33.085]    DEBUG: <PixTestDacDacScan.cc/init:L103> PixTestDacDacScan::init()
[14:10:33.085]    DEBUG: <PixTestDacDacScan.cc/PixTestDacDacScan:L22> PixTestDacDacScan ctor(PixSetup &a, string, TGTab *)
[14:10:33.108]    DEBUG: <PixTestGainPedestal.cc/setParameter:L83> PixTestGainPedestal::PixTest() fVcalStep = 10
[14:10:33.128]    DEBUG: <PixTestHighRate.cc/setParameter:L68>   setting fParTriggerFrequency -> 20
[14:10:33.128]    DEBUG: <PixTestHighRate.cc/init:L198> PixTestHighRate::init()
[14:10:33.128]    DEBUG: <PixTestHighRate.cc/PixTestHighRate:L31> PixTestHighRate ctor(PixSetup &a, string, TGTab *)
[14:10:33.128]     INFO: readGainPedestalParameters data/pa243//phCalibrationFitErr_C0.dat .. data/pa243//phCalibrationFitErr_C15.dat
[14:10:33.128]    ERROR: <ConfigParameters.cc/readGainPedestalParameters:L983> cannot open data/pa243//phCalibrationFitErr_C0.dat for reading PH calibration constants
[14:10:33.147]    DEBUG: <PixTest.cc/setTestParameter:L637>  setting  ntrig to new value 10
[14:10:33.148]    DEBUG: <PixTestPhOptimization.cc/setParameter:L37>   setting fParNtrig  ->10<- from sval = 10
[14:10:33.148]    DEBUG: <PixTestPhOptimization.cc/setParameter:L42>   setting fSafetyMarginLow  ->20<- from sval = 20
[14:10:33.148]    DEBUG: <PixTestPhOptimization.cc/setParameter:L48>   setting fVcalMax  ->100<- from sval = 100
[14:10:33.148]    DEBUG: <PixTestPhOptimization.cc/setParameter:L53>   setting fQuantMax  ->0.98<- from sval = 0.98
[14:10:33.161]    DEBUG: <PixTestAlive.cc/init:L77> PixTestAlive::init()
[14:10:33.161]    DEBUG: <PixTestAlive.cc/PixTestAlive:L21> PixTestAlive ctor(PixSetup &a, string, TGTab *)
[14:10:33.174]    DEBUG: <PixTestReadback.cc/setParameter:L172> fCalwVd set to 1
[14:10:33.174]    DEBUG: <PixTestReadback.cc/init:L95> PixTestReadback::init()
[14:10:33.174]    DEBUG: <PixTestReadback.cc/PixTestReadback:L22> PixTestReadback ctor(PixSetup &a, string, TGTab *)
[14:10:33.174]     INFO: readReadbackCal: data/pa243//readbackCal_C0.dat .. data/pa243//readbackCal_C15.dat
[14:10:33.175]     INFO: readGainPedestalParameters data/pa243//phCalibrationFitErr_C0.dat .. data/pa243//phCalibrationFitErr_C15.dat
[14:10:33.175]    ERROR: <ConfigParameters.cc/readGainPedestalParameters:L983> cannot open data/pa243//phCalibrationFitErr_C0.dat for reading PH calibration constants
[14:10:33.187]    DEBUG: <PixTestScurves.cc/setParameter:L93> set fOutputFilename = 
[14:10:33.198]    DEBUG: <PixTestTiming.cc/setParameter:L60> PixTestTiming::PixTest() targetclk = 4
[14:10:33.198]    DEBUG: <PixTestTiming.cc/setParameter:L64> PixTestTiming::PixTest() ntrig = 10000
[14:10:33.198]    DEBUG: <PixTestTiming.cc/setParameter:L48> fNoTokenPass: 0
[14:10:33.198]    DEBUG: <PixTestTiming.cc/setParameter:L55> fIgnoreReadBack: 0
[14:10:33.198]    DEBUG: <PixTestTiming.cc/init:L74> PixTestTiming::init()
[14:10:33.212]    DEBUG: <PixTestXray.cc/init:L134> PixTestXray::init()
[14:10:33.212]    DEBUG: <PixTestXray.cc/PixTestXray:L28> PixTestXray ctor(PixSetup &a, string, TGTab *)
[14:10:33.212]     INFO: readGainPedestalParameters data/pa243//phCalibrationFitErr_C0.dat .. data/pa243//phCalibrationFitErr_C15.dat
[14:10:33.212]    ERROR: <ConfigParameters.cc/readGainPedestalParameters:L983> cannot open data/pa243//phCalibrationFitErr_C0.dat for reading PH calibration constants
[14:11:04.201]    DEBUG: <PixTab.cc/buttonClicked:L308> xxxPressed():  caldelscan
[14:11:04.201]    DEBUG: <PixTestHighRate.cc/runCommand:L157> running command: caldelscan
[14:11:04.201]     INFO:    ----------------------------------------------------------------------
[14:11:04.201]     INFO:    PixTestHighRate::calDelScan() ntrig = 10, vcal = 200
[14:11:04.201]     INFO:    ----------------------------------------------------------------------
[14:11:04.341]     INFO: Expecting 768 events.
[14:11:05.779] CRITICAL: <hal.cc/MultiRocOnePixelDacScan:L1011> Incomplete DAQ data readout! Missing 256 Events.
[14:11:05.795] CRITICAL: <PixTestHighRate.cc/doCalDelScan:L294> problem with readout: Incomplete DAQ data readout in function MultiRocOnePixelDacScan missing 256 events
[14:11:05.798]    DEBUG: <PixTest.cc/efficiencyMaps:L396>       attempt #0
[14:11:06.499]     INFO: Expecting 41600 events.
[14:11:08.101] CRITICAL: <hal.cc/MultiRocAllPixelsCalibrate:L783> Incomplete DAQ data readout! Missing 4160 Events.
[14:11:08.101]    DEBUG: <PixTest.cc/efficiencyMaps:L396>       attempt #1
[14:11:08.802]     INFO: Expecting 41600 events.
[14:11:10.403] CRITICAL: <hal.cc/MultiRocAllPixelsCalibrate:L783> Incomplete DAQ data readout! Missing 4160 Events.
[14:11:10.404]    DEBUG: <PixTest.cc/efficiencyMaps:L396>       attempt #2
[14:11:11.102]     INFO: Expecting 41600 events.
[14:11:12.703] CRITICAL: <hal.cc/MultiRocAllPixelsCalibrate:L783> Incomplete DAQ data readout! Missing 4160 Events.
[14:11:12.703]    DEBUG: <PixTest.cc/efficiencyMaps:L396>       attempt #3
[14:11:13.402]     INFO: Expecting 41600 events.
[14:11:15.003] CRITICAL: <hal.cc/MultiRocAllPixelsCalibrate:L783> Incomplete DAQ data readout! Missing 4160 Events.
[14:11:15.004]    DEBUG: <PixTest.cc/efficiencyMaps:L396>       attempt #4
[14:11:15.702]     INFO: Expecting 41600 events.
[14:11:17.303] CRITICAL: <hal.cc/MultiRocAllPixelsCalibrate:L783> Incomplete DAQ data readout! Missing 4160 Events.
[14:11:17.303]    DEBUG: <PixTest.cc/efficiencyMaps:L396>       attempt #5
[14:11:18.004]     INFO: Expecting 41600 events.
[14:11:19.605] CRITICAL: <hal.cc/MultiRocAllPixelsCalibrate:L783> Incomplete DAQ data readout! Missing 4160 Events.
[14:11:19.605]    DEBUG: <PixTest.cc/efficiencyMaps:L407>  eff result size = 0
[14:11:19.605]    DEBUG: <PixTest.cc/efficiencyMaps:L412> Create hists HR_xeff_CalDelScan_step0_C0 .. HR_xeff_CalDelScan_step0_C15
[14:11:19.606]    DEBUG: <PixTest.cc/efficiencyMaps:L426> booking xray maps for unmasked detector
[14:11:19.612]    DEBUG: <PixTest.cc/efficiencyMaps:L396>       attempt #0
[14:11:20.309]     INFO: Expecting 41600 events.
[14:11:21.910] CRITICAL: <hal.cc/MultiRocAllPixelsCalibrate:L783> Incomplete DAQ data readout! Missing 4160 Events.
[14:11:21.910]    DEBUG: <PixTest.cc/efficiencyMaps:L396>       attempt #1
[14:11:22.609]     INFO: Expecting 41600 events.
[14:11:24.210] CRITICAL: <hal.cc/MultiRocAllPixelsCalibrate:L783> Incomplete DAQ data readout! Missing 4160 Events.
[14:11:24.210]    DEBUG: <PixTest.cc/efficiencyMaps:L396>       attempt #2
[14:11:24.912]     INFO: Expecting 41600 events.
[14:11:26.513] CRITICAL: <hal.cc/MultiRocAllPixelsCalibrate:L783> Incomplete DAQ data readout! Missing 4160 Events.
[14:11:26.513]    DEBUG: <PixTest.cc/efficiencyMaps:L396>       attempt #3
[14:11:27.211]     INFO: Expecting 41600 events.
[14:11:28.813] CRITICAL: <hal.cc/MultiRocAllPixelsCalibrate:L783> Incomplete DAQ data readout! Missing 4160 Events.
[14:11:28.813]    DEBUG: <PixTest.cc/efficiencyMaps:L396>       attempt #4
[14:11:29.511]     INFO: Expecting 41600 events.
[14:11:31.112] CRITICAL: <hal.cc/MultiRocAllPixelsCalibrate:L783> Incomplete DAQ data readout! Missing 4160 Events.
[14:11:31.113]    DEBUG: <PixTest.cc/efficiencyMaps:L396>       attempt #5
[14:11:31.811]     INFO: Expecting 41600 events.
[14:11:33.412] CRITICAL: <hal.cc/MultiRocAllPixelsCalibrate:L783> Incomplete DAQ data readout! Missing 4160 Events.
[14:11:33.412]    DEBUG: <PixTest.cc/efficiencyMaps:L407>  eff result size = 0
[14:11:33.412]    DEBUG: <PixTest.cc/efficiencyMaps:L412> Create hists HR_xeff_CalDelScan_step1_C0 .. HR_xeff_CalDelScan_step1_C15
[14:11:33.413]    DEBUG: <PixTest.cc/efficiencyMaps:L426> booking xray maps for unmasked detector
[14:11:33.419]    DEBUG: <PixTest.cc/efficiencyMaps:L396>       attempt #0
[14:11:34.118]     INFO: Expecting 41600 events.
[14:11:35.720] CRITICAL: <hal.cc/MultiRocAllPixelsCalibrate:L783> Incomplete DAQ data readout! Missing 4160 Events.
[14:11:35.720]    DEBUG: <PixTest.cc/efficiencyMaps:L396>       attempt #1
[14:11:36.420]     INFO: Expecting 41600 events.
[14:11:38.021] CRITICAL: <hal.cc/MultiRocAllPixelsCalibrate:L783> Incomplete DAQ data readout! Missing 4160 Events.
[14:11:38.021]    DEBUG: <PixTest.cc/efficiencyMaps:L396>       attempt #2
[14:11:38.720]     INFO: Expecting 41600 events.
[14:11:40.321] CRITICAL: <hal.cc/MultiRocAllPixelsCalibrate:L783> Incomplete DAQ data readout! Missing 4160 Events.
[14:11:40.321]    DEBUG: <PixTest.cc/efficiencyMaps:L396>       attempt #3
[14:11:41.020]     INFO: Expecting 41600 events.
[14:11:42.621] CRITICAL: <hal.cc/MultiRocAllPixelsCalibrate:L783> Incomplete DAQ data readout! Missing 4160 Events.
[14:11:42.621]    DEBUG: <PixTest.cc/efficiencyMaps:L396>       attempt #4
[14:11:43.321]     INFO: Expecting 41600 events.
