[14:18:50.389]     INFO: *** Welcome to pxar ***
[14:18:50.389]     INFO: *** Today: 2015/12/29
[14:18:50.399]     INFO: *** Version: prod-12
[14:18:50.399]     INFO: readRocDacs: data/pa243//dacParameters_C0.dat .. data/pa243//dacParameters_C15.dat
[14:18:50.401]     INFO: readTbmDacs: data/pa243//tbmParameters_C0a.dat .. data/pa243//tbmParameters_C0b.dat
[14:18:50.401]     INFO: readMaskFile: data/pa243//defaultMaskFile.dat
[14:18:50.401]     INFO: MASKED Roc 1 col/row: 51 3
[14:18:50.401]     INFO: MASKED Roc 1 col/row: 51 4
[14:18:50.401]     INFO: MASKED Roc 1 col/row: 51 5
[14:18:50.401]     INFO: MASKED Roc 7 col/row: 4 79
[14:18:50.401]     INFO: MASKED Roc 8 col/row: 40 79
[14:18:50.401]     INFO: readTrimFile: data/pa243//trimParameters_C0.dat .. data/pa243//trimParameters_C15.dat
[14:18:50.413]     INFO:   masking Roc 1 col/row: 51 3
[14:18:50.413]     INFO:   masking Roc 1 col/row: 51 4
[14:18:50.413]     INFO:   masking Roc 1 col/row: 51 5
[14:18:50.470]     INFO:   masking Roc 7 col/row: 4 79
[14:18:50.480]     INFO:   masking Roc 8 col/row: 40 79
[14:18:50.555]     INFO:         clk: 4
[14:18:50.555]     INFO:         ctr: 4
[14:18:50.555]     INFO:         sda: 19
[14:18:50.555]     INFO:         tin: 9
[14:18:50.555]     INFO:         level: 15
[14:18:50.555]     INFO:         triggerdelay: 0
[14:18:50.555]    QUIET: Instanciating API for pxar prod-12
[14:18:50.555]     INFO: Log level: DEBUG
[14:18:50.566]    QUIET: Connection to board DTB_WRPRHI opened.
[14:18:50.570]     INFO: DTB startup information
--- DTB info------------------------------------------
Board id:    58
HW version:  DTB1.2
FW version:  4.2
SW version:  4.5
USB id:      DTB_WRPRHI
MAC address: 40D85511803A
Hostname:    pixelDTB058
Comment:     
------------------------------------------------------
[14:18:50.572]     INFO: RPC call hashes of host and DTB match: 398089610
[14:18:52.238]     INFO: DUT info: 
[14:18:52.239]     INFO: The DUT currently contains the following objects:
[14:18:52.239]     INFO:  2 TBM Cores tbm08b (2 ON)
[14:18:52.239]     INFO: 	TBM Core alpha (0): 7 registers set
[14:18:52.239]     INFO: 	TBM Core beta  (1): 7 registers set
[14:18:52.239]     INFO: 16 ROCs psi46digv21respin (16 ON) with 4160 pixelConfigs
[14:18:52.239]     INFO: 	ROC 0: 19 DACs set, Pixels: 0 masked, 0 active.
[14:18:52.239]     INFO: 	ROC 1: 19 DACs set, Pixels: 3 masked, 0 active.
[14:18:52.239]     INFO: 	ROC 2: 19 DACs set, Pixels: 0 masked, 0 active.
[14:18:52.239]     INFO: 	ROC 3: 19 DACs set, Pixels: 0 masked, 0 active.
[14:18:52.239]     INFO: 	ROC 4: 19 DACs set, Pixels: 0 masked, 0 active.
[14:18:52.239]     INFO: 	ROC 5: 19 DACs set, Pixels: 0 masked, 0 active.
[14:18:52.239]     INFO: 	ROC 6: 19 DACs set, Pixels: 0 masked, 0 active.
[14:18:52.239]     INFO: 	ROC 7: 19 DACs set, Pixels: 1 masked, 0 active.
[14:18:52.239]     INFO: 	ROC 8: 19 DACs set, Pixels: 1 masked, 0 active.
[14:18:52.239]     INFO: 	ROC 9: 19 DACs set, Pixels: 0 masked, 0 active.
[14:18:52.239]     INFO: 	ROC 10: 19 DACs set, Pixels: 0 masked, 0 active.
[14:18:52.239]     INFO: 	ROC 11: 19 DACs set, Pixels: 0 masked, 0 active.
[14:18:52.239]     INFO: 	ROC 12: 19 DACs set, Pixels: 0 masked, 0 active.
[14:18:52.239]     INFO: 	ROC 13: 19 DACs set, Pixels: 0 masked, 0 active.
[14:18:52.239]     INFO: 	ROC 14: 19 DACs set, Pixels: 0 masked, 0 active.
[14:18:52.239]     INFO: 	ROC 15: 19 DACs set, Pixels: 0 masked, 0 active.
[14:18:52.240]    DEBUG: <PixTestParameters.cc/dump:L104> PixTestParameters: ->BB<-
[14:18:52.240]    DEBUG: <PixTestParameters.cc/dump:L107>   dumpall: checkbox(0)
[14:18:52.240]    DEBUG: <PixTestParameters.cc/dump:L107>   dumpproblematic: checkbox(0)
[14:18:52.240]    DEBUG: <PixTestParameters.cc/dump:L107>   ntrig: 5
[14:18:52.240]    DEBUG: <PixTestParameters.cc/dump:L107>   vcals: 250
[14:18:52.240]    DEBUG: <PixTestParameters.cc/dump:L104> PixTestParameters: ->BB2<-
[14:18:52.240]    DEBUG: <PixTestParameters.cc/dump:L107>   ntrig: 10
[14:18:52.240]    DEBUG: <PixTestParameters.cc/dump:L107>   vcals: 222
[14:18:52.240]    DEBUG: <PixTestParameters.cc/dump:L107>   plwidth: 35
[14:18:52.240]    DEBUG: <PixTestParameters.cc/dump:L107>   pix: 11,20
[14:18:52.240]    DEBUG: <PixTestParameters.cc/dump:L107>   targetia: 24
[14:18:52.240]    DEBUG: <PixTestParameters.cc/dump:L104> PixTestParameters: ->BB3<-
[14:18:52.240]    DEBUG: <PixTestParameters.cc/dump:L107>   dumpall: checkbox(0)
[14:18:52.240]    DEBUG: <PixTestParameters.cc/dump:L107>   dumpproblematic: checkbox(0)
[14:18:52.240]    DEBUG: <PixTestParameters.cc/dump:L107>   ntrig: 5
[14:18:52.240]    DEBUG: <PixTestParameters.cc/dump:L107>   vcals: 250
[14:18:52.240]    DEBUG: <PixTestParameters.cc/dump:L104> PixTestParameters: ->BB4<-
[14:18:52.240]    DEBUG: <PixTestParameters.cc/dump:L107>   savecaldelscan: checkbox(0)
[14:18:52.240]    DEBUG: <PixTestParameters.cc/dump:L107>   ntrig: 100
[14:18:52.240]    DEBUG: <PixTestParameters.cc/dump:L107>   cals: 1
[14:18:52.240]    DEBUG: <PixTestParameters.cc/dump:L107>   caldello: 80
[14:18:52.240]    DEBUG: <PixTestParameters.cc/dump:L107>   caldelhi: 200
[14:18:52.240]    DEBUG: <PixTestParameters.cc/dump:L107>   caldelstep: 10
[14:18:52.240]    DEBUG: <PixTestParameters.cc/dump:L107>   vthrcomplo: 70
[14:18:52.240]    DEBUG: <PixTestParameters.cc/dump:L107>   vthrcomphi: 130
[14:18:52.240]    DEBUG: <PixTestParameters.cc/dump:L107>   vthrcompstep: 5
[14:18:52.240]    DEBUG: <PixTestParameters.cc/dump:L107>   noisypixels: 10
[14:18:52.240]    DEBUG: <PixTestParameters.cc/dump:L107>   vcal: 255
[14:18:52.240]    DEBUG: <PixTestParameters.cc/dump:L107>   cut: 0.5
[14:18:52.240]    DEBUG: <PixTestParameters.cc/dump:L104> PixTestParameters: ->Cmd<-
[14:18:52.240]    DEBUG: <PixTestParameters.cc/dump:L104> PixTestParameters: ->DAQ<-
[14:18:52.240]    DEBUG: <PixTestParameters.cc/dump:L107>   delaytbm: checkbox
[14:18:52.240]    DEBUG: <PixTestParameters.cc/dump:L107>   filltree: checkbox
[14:18:52.240]    DEBUG: <PixTestParameters.cc/dump:L107>   trgfrequency(khz): 100
[14:18:52.240]    DEBUG: <PixTestParameters.cc/dump:L107>   maskhotpixels: button
[14:18:52.240]    DEBUG: <PixTestParameters.cc/dump:L107>   trgnumber: 5
[14:18:52.240]    DEBUG: <PixTestParameters.cc/dump:L107>   iterations: 10
[14:18:52.240]    DEBUG: <PixTestParameters.cc/dump:L107>   rundaqtrg: button
[14:18:52.240]    DEBUG: <PixTestParameters.cc/dump:L107>   daqseconds: 5
[14:18:52.240]    DEBUG: <PixTestParameters.cc/dump:L107>   rundaqseconds: button
[14:18:52.240]    DEBUG: <PixTestParameters.cc/dump:L104> PixTestParameters: ->DacDacScan<-
[14:18:52.240]    DEBUG: <PixTestParameters.cc/dump:L107>   phmap: checkbox
[14:18:52.240]    DEBUG: <PixTestParameters.cc/dump:L107>   ntrig: 10
[14:18:52.240]    DEBUG: <PixTestParameters.cc/dump:L107>   dac1: caldel
[14:18:52.240]    DEBUG: <PixTestParameters.cc/dump:L107>   dac1lo: 0
[14:18:52.240]    DEBUG: <PixTestParameters.cc/dump:L107>   dac1hi: 255
[14:18:52.240]    DEBUG: <PixTestParameters.cc/dump:L107>   dac2: vthrcomp
[14:18:52.240]    DEBUG: <PixTestParameters.cc/dump:L107>   dac2lo: 0
[14:18:52.240]    DEBUG: <PixTestParameters.cc/dump:L107>   dac2hi: 255
[14:18:52.240]    DEBUG: <PixTestParameters.cc/dump:L107>   pix: 11,20
[14:18:52.240]    DEBUG: <PixTestParameters.cc/dump:L104> PixTestParameters: ->DacScan<-
[14:18:52.240]    DEBUG: <PixTestParameters.cc/dump:L107>   phmap: checkbox(1)
[14:18:52.240]    DEBUG: <PixTestParameters.cc/dump:L107>   allpixels: checkbox(0)
[14:18:52.240]    DEBUG: <PixTestParameters.cc/dump:L107>   unmasked: checkbox(0)
[14:18:52.240]    DEBUG: <PixTestParameters.cc/dump:L107>   ntrig: 10
[14:18:52.240]    DEBUG: <PixTestParameters.cc/dump:L107>   dac: vcal
[14:18:52.241]    DEBUG: <PixTestParameters.cc/dump:L107>   daclo: 0
[14:18:52.241]    DEBUG: <PixTestParameters.cc/dump:L107>   dachi: 255
[14:18:52.241]    DEBUG: <PixTestParameters.cc/dump:L107>   pix: 11,20
[14:18:52.241]    DEBUG: <PixTestParameters.cc/dump:L104> PixTestParameters: ->GainPedestal<-
[14:18:52.241]    DEBUG: <PixTestParameters.cc/dump:L107>   showfits: checkbox(0)
[14:18:52.241]    DEBUG: <PixTestParameters.cc/dump:L107>   extended: checkbox(0)
[14:18:52.241]    DEBUG: <PixTestParameters.cc/dump:L107>   dumphists: checkbox(0)
[14:18:52.241]    DEBUG: <PixTestParameters.cc/dump:L107>   ntrig: 10
[14:18:52.241]    DEBUG: <PixTestParameters.cc/dump:L107>   vcalstep: 10
[14:18:52.241]    DEBUG: <PixTestParameters.cc/dump:L107>   measure: button
[14:18:52.241]    DEBUG: <PixTestParameters.cc/dump:L107>   fit: button
[14:18:52.241]    DEBUG: <PixTestParameters.cc/dump:L107>   save: button
[14:18:52.241]    DEBUG: <PixTestParameters.cc/dump:L104> PixTestParameters: ->HighRate<-
[14:18:52.241]    DEBUG: <PixTestParameters.cc/dump:L107>   pix: 11,20
[14:18:52.241]    DEBUG: <PixTestParameters.cc/dump:L107>   trimhotpixels: button
[14:18:52.241]    DEBUG: <PixTestParameters.cc/dump:L107>   trimhotpixelthr: 200
[14:18:52.241]    DEBUG: <PixTestParameters.cc/dump:L107>   runsecondshotpixels: 10
[14:18:52.241]    DEBUG: <PixTestParameters.cc/dump:L107>   savetrimbits: checkbox(1)
[14:18:52.241]    DEBUG: <PixTestParameters.cc/dump:L107>   maskuntrimmable: checkbox(1)
[14:18:52.241]    DEBUG: <PixTestParameters.cc/dump:L107>   maskhotpixels: button
[14:18:52.241]    DEBUG: <PixTestParameters.cc/dump:L107>   savemaskfile: checkbox(0)
[14:18:52.241]    DEBUG: <PixTestParameters.cc/dump:L107>   maskfilename: default
[14:18:52.241]    DEBUG: <PixTestParameters.cc/dump:L107>   caldelscan: button
[14:18:52.241]    DEBUG: <PixTestParameters.cc/dump:L107>   xpixelalive: button
[14:18:52.241]    DEBUG: <PixTestParameters.cc/dump:L107>   ntrig: 50
[14:18:52.241]    DEBUG: <PixTestParameters.cc/dump:L107>   vcal: 200
[14:18:52.241]    DEBUG: <PixTestParameters.cc/dump:L107>   xnoisemaps: button
[14:18:52.241]    DEBUG: <PixTestParameters.cc/dump:L107>   daclo: 0
[14:18:52.241]    DEBUG: <PixTestParameters.cc/dump:L107>   dachi: 100
[14:18:52.241]    DEBUG: <PixTestParameters.cc/dump:L107>   dacs/step: 20
[14:18:52.241]    DEBUG: <PixTestParameters.cc/dump:L107>   rundaq: button
[14:18:52.241]    DEBUG: <PixTestParameters.cc/dump:L107>   trgfrequency(khz): 20
[14:18:52.241]    DEBUG: <PixTestParameters.cc/dump:L107>   runseconds: 5
[14:18:52.241]    DEBUG: <PixTestParameters.cc/dump:L107>   triggerdelay: 20
[14:18:52.241]    DEBUG: <PixTestParameters.cc/dump:L107>   delaytbm: checkbox
[14:18:52.241]    DEBUG: <PixTestParameters.cc/dump:L107>   filltree: checkbox
[14:18:52.241]    DEBUG: <PixTestParameters.cc/dump:L104> PixTestParameters: ->IV<-
[14:18:52.241]    DEBUG: <PixTestParameters.cc/dump:L107>   port: /dev/ttyS0
[14:18:52.241]    DEBUG: <PixTestParameters.cc/dump:L107>   voltagestart: 0
[14:18:52.241]    DEBUG: <PixTestParameters.cc/dump:L107>   voltagestop: 600
[14:18:52.241]    DEBUG: <PixTestParameters.cc/dump:L107>   voltagestep: 5
[14:18:52.241]    DEBUG: <PixTestParameters.cc/dump:L107>   delay: 1
[14:18:52.241]    DEBUG: <PixTestParameters.cc/dump:L107>   compliance(ua): 100
[14:18:52.241]    DEBUG: <PixTestParameters.cc/dump:L104> PixTestParameters: ->PhOptimization<-
[14:18:52.241]    DEBUG: <PixTestParameters.cc/dump:L107>   ntrig: 10
[14:18:52.241]    DEBUG: <PixTestParameters.cc/dump:L107>   safetymarginlow: 20
[14:18:52.241]    DEBUG: <PixTestParameters.cc/dump:L107>   saturationvcal: 100
[14:18:52.241]    DEBUG: <PixTestParameters.cc/dump:L107>   quantilesaturation: 0.98
[14:18:52.241]    DEBUG: <PixTestParameters.cc/dump:L104> PixTestParameters: ->PixelAlive<-
[14:18:52.241]    DEBUG: <PixTestParameters.cc/dump:L107>   ntrig: 10
[14:18:52.241]    DEBUG: <PixTestParameters.cc/dump:L107>   vcal: 200
[14:18:52.241]    DEBUG: <PixTestParameters.cc/dump:L107>   alivetest: button
[14:18:52.241]    DEBUG: <PixTestParameters.cc/dump:L107>   masktest: button
[14:18:52.241]    DEBUG: <PixTestParameters.cc/dump:L107>   addressdecodingtest: button
[14:18:52.241]    DEBUG: <PixTestParameters.cc/dump:L104> PixTestParameters: ->Pretest<-
[14:18:52.241]    DEBUG: <PixTestParameters.cc/dump:L107>   programroc: button
[14:18:52.241]    DEBUG: <PixTestParameters.cc/dump:L107>   targetia: 24
[14:18:52.242]    DEBUG: <PixTestParameters.cc/dump:L107>   setvana: button
[14:18:52.242]    DEBUG: <PixTestParameters.cc/dump:L107>   iterations: 100
[14:18:52.242]    DEBUG: <PixTestParameters.cc/dump:L107>   settimings: button
[14:18:52.242]    DEBUG: <PixTestParameters.cc/dump:L107>   findtiming: button
[14:18:52.242]    DEBUG: <PixTestParameters.cc/dump:L107>   findworkingpixel: button
[14:18:52.242]    DEBUG: <PixTestParameters.cc/dump:L107>   setvthrcompcaldel: button
[14:18:52.242]    DEBUG: <PixTestParameters.cc/dump:L107>   pix: 11,20
[14:18:52.242]    DEBUG: <PixTestParameters.cc/dump:L107>   vcal: 250
[14:18:52.242]    DEBUG: <PixTestParameters.cc/dump:L107>   deltavthrcomp: 50
[14:18:52.242]    DEBUG: <PixTestParameters.cc/dump:L107>   fraccaldel: 0.5
[14:18:52.242]    DEBUG: <PixTestParameters.cc/dump:L107>   ntrig: 5
[14:18:52.242]    DEBUG: <PixTestParameters.cc/dump:L107>   savedacs: button
[14:18:52.242]    DEBUG: <PixTestParameters.cc/dump:L104> PixTestParameters: ->Readback<-
[14:18:52.242]    DEBUG: <PixTestParameters.cc/dump:L107>   calibratevd: button
[14:18:52.242]    DEBUG: <PixTestParameters.cc/dump:L107>   calibrateva: button
[14:18:52.242]    DEBUG: <PixTestParameters.cc/dump:L107>   calibrateia: button
[14:18:52.242]    DEBUG: <PixTestParameters.cc/dump:L107>   readbackvbg: button
[14:18:52.242]    DEBUG: <PixTestParameters.cc/dump:L107>   getcalibratedvbg: button
[14:18:52.242]    DEBUG: <PixTestParameters.cc/dump:L107>   usecalvd: checkbox(1)
[14:18:52.242]    DEBUG: <PixTestParameters.cc/dump:L107>   usecalva: checkbox(0)
[14:18:52.242]    DEBUG: <PixTestParameters.cc/dump:L107>   setvana: button
[14:18:52.242]    DEBUG: <PixTestParameters.cc/dump:L104> PixTestParameters: ->Scurves<-
[14:18:52.242]    DEBUG: <PixTestParameters.cc/dump:L107>   adjustvcal: checkbox(0)
[14:18:52.242]    DEBUG: <PixTestParameters.cc/dump:L107>   dumpall: checkbox(0)
[14:18:52.242]    DEBUG: <PixTestParameters.cc/dump:L107>   dumpproblematic: checkbox(0)
[14:18:52.242]    DEBUG: <PixTestParameters.cc/dump:L107>   dumpoutputfile: checkbox(0)
[14:18:52.242]    DEBUG: <PixTestParameters.cc/dump:L107>   ntrig: 50
[14:18:52.242]    DEBUG: <PixTestParameters.cc/dump:L107>   dac: Vcal
[14:18:52.242]    DEBUG: <PixTestParameters.cc/dump:L107>   daclo: 5
[14:18:52.242]    DEBUG: <PixTestParameters.cc/dump:L107>   dachi: 65
[14:18:52.242]    DEBUG: <PixTestParameters.cc/dump:L107>   dacs/step: -1
[14:18:52.242]    DEBUG: <PixTestParameters.cc/dump:L107>   ntrig/step: -1
[14:18:52.242]    DEBUG: <PixTestParameters.cc/dump:L107>   scurves: button
[14:18:52.242]    DEBUG: <PixTestParameters.cc/dump:L104> PixTestParameters: ->Timing<-
[14:18:52.242]    DEBUG: <PixTestParameters.cc/dump:L107>   targetclk: 4
[14:18:52.242]    DEBUG: <PixTestParameters.cc/dump:L107>   ntrig: 10
[14:18:52.242]    DEBUG: <PixTestParameters.cc/dump:L107>   clocksdascan: button
[14:18:52.242]    DEBUG: <PixTestParameters.cc/dump:L107>   notokenpass: checkbox(0)
[14:18:52.242]    DEBUG: <PixTestParameters.cc/dump:L107>   phasescan: button
[14:18:52.242]    DEBUG: <PixTestParameters.cc/dump:L107>   levelscan: button
[14:18:52.242]    DEBUG: <PixTestParameters.cc/dump:L107>   tbmphasescan: button
[14:18:52.242]    DEBUG: <PixTestParameters.cc/dump:L107>   rocdelayscan: button
[14:18:52.242]    DEBUG: <PixTestParameters.cc/dump:L107>   timingtest: button
[14:18:52.242]    DEBUG: <PixTestParameters.cc/dump:L107>   saveparameters: button
[14:18:52.242]    DEBUG: <PixTestParameters.cc/dump:L104> PixTestParameters: ->Trim<-
[14:18:52.242]    DEBUG: <PixTestParameters.cc/dump:L107>   trim: button
[14:18:52.242]    DEBUG: <PixTestParameters.cc/dump:L107>   ntrig: 20
[14:18:52.242]    DEBUG: <PixTestParameters.cc/dump:L107>   vcal: 35
[14:18:52.242]    DEBUG: <PixTestParameters.cc/dump:L107>   trimbits: button
[14:18:52.242]    DEBUG: <PixTestParameters.cc/dump:L104> PixTestParameters: ->Xray<-
[14:18:52.242]    DEBUG: <PixTestParameters.cc/dump:L107>   maskhotpixels: button
[14:18:52.242]    DEBUG: <PixTestParameters.cc/dump:L107>   savemaskfile: checkbox(0)
[14:18:52.242]    DEBUG: <PixTestParameters.cc/dump:L107>   maskfilename: default
[14:18:52.242]    DEBUG: <PixTestParameters.cc/dump:L107>   source: Ag
[14:18:52.242]    DEBUG: <PixTestParameters.cc/dump:L107>   phrun: button
[14:18:52.242]    DEBUG: <PixTestParameters.cc/dump:L107>   runseconds: 240
[14:18:52.242]    DEBUG: <PixTestParameters.cc/dump:L107>   trgfrequency(khz): 100
[14:18:52.242]    DEBUG: <PixTestParameters.cc/dump:L107>   ratescan: button
[14:18:52.243]    DEBUG: <PixTestParameters.cc/dump:L107>   vthrcompmin: 10
[14:18:52.243]    DEBUG: <PixTestParameters.cc/dump:L107>   vthrcompmax: 80
[14:18:52.243]    DEBUG: <PixTestParameters.cc/dump:L107>   stepseconds: 5
[14:18:52.243]    DEBUG: <PixTestParameters.cc/dump:L107>   delaytbm: checkbox
[14:18:52.243]    DEBUG: <PixTestParameters.cc/dump:L107>   filltree: checkbox
[14:18:52.245]    DEBUG: <PixSetup.cc/init:L81> PixSetup init start; getCurrentRSS() = 33476608
[14:18:52.245]    DEBUG: <PixSetup.cc/init:L87> fPixTestParameters = 0x1e618d0
[14:18:52.245]    DEBUG: <PixSetup.cc/init:L88>  fConfigParameters = 0x1df00d0
[14:18:52.245]    DEBUG: <PixSetup.cc/init:L89>        fPxarMemory = 0x7f9ef3f91010
[14:18:52.245]    DEBUG: <PixSetup.cc/init:L90>         fPxarMemHi = 0x7f9efa1fc510
[14:18:52.245]    DEBUG: <PixSetup.cc/init:L106> PixSetup init done;  getCurrentRSS() = 33484800 fPxarMemory = 0x7f9ef3f91010
[14:18:52.246]    DEBUG: <pXar.cc/main:L223> Initial Analog Current: 74.7mA
[14:18:52.247]    DEBUG: <pXar.cc/main:L224> Initial Digital Current: 499.2mA
[14:18:52.247]    DEBUG: <pXar.cc/main:L225> Initial Module Temperature: 20.7 C
[14:18:52.747]    DEBUG: <PixGui.cc/hvOn:L460> HV set On: 0x2438780
[14:18:52.809]    DEBUG: <PixTestFactory.cc/PixTestFactory:L53> PixTestFactory::PixTestFactory()
[14:18:52.810]    DEBUG: <PixTestBBMap.cc/init:L79> PixTestBBMap::init()
[14:18:52.810]    DEBUG: <PixTestBBMap.cc/PixTestBBMap:L27> PixTestBBMap ctor(PixSetup &a, string, TGTab *)
[14:18:52.815]    DEBUG: <PixTestBB2Map.cc/setParameter:L58> setting fTargetIa    = 24 mA/ROC
[14:18:52.815]    DEBUG: <PixTestBB2Map.cc/init:L97> PixTestBB2Map::init()
[14:18:52.815]    DEBUG: <PixTestBB2Map.cc/PixTestBB2Map:L29> PixTestBB2Map ctor(PixSetup &a, string, TGTab *)
[14:18:52.823]    DEBUG: <PixTestBB3Map.cc/init:L81> PixTestBB3Map::init()
[14:18:52.823]    DEBUG: <PixTestBB3Map.cc/PixTestBB3Map:L29> PixTestBB3Map ctor(PixSetup &a, string, TGTab *)
[14:18:52.834]    DEBUG: <PixTestBB4Map.cc/init:L93> PixTestBB4Map::init()
[14:18:52.834]    DEBUG: <PixTestBB4Map.cc/PixTestBB4Map:L26> PixTestMapeff ctor(PixSetup &a, string, TGTab *)
[14:18:52.848]     INFO: PixTestCmd::init()
[14:18:52.857]    DEBUG: <PixTestDaq.cc/init:L44> PixTestDaq::init()
[14:18:52.857]    DEBUG: <PixTestDaq.cc/PixTestDaq:L22> PixTestDaq ctor(PixSetup &a, string, TGTab *)
[14:18:52.857]     INFO: readGainPedestalParameters data/pa243//phCalibrationFitErr_C0.dat .. data/pa243//phCalibrationFitErr_C15.dat
[14:18:52.857]    ERROR: <ConfigParameters.cc/readGainPedestalParameters:L983> cannot open data/pa243//phCalibrationFitErr_C0.dat for reading PH calibration constants
[14:18:52.863]    DEBUG: <PixTestDacDacScan.cc/init:L103> PixTestDacDacScan::init()
[14:18:52.863]    DEBUG: <PixTestDacDacScan.cc/PixTestDacDacScan:L22> PixTestDacDacScan ctor(PixSetup &a, string, TGTab *)
[14:18:52.887]    DEBUG: <PixTestGainPedestal.cc/setParameter:L83> PixTestGainPedestal::PixTest() fVcalStep = 10
[14:18:52.897]    DEBUG: <PixTestHighRate.cc/setParameter:L68>   setting fParTriggerFrequency -> 20
[14:18:52.897]    DEBUG: <PixTestHighRate.cc/init:L198> PixTestHighRate::init()
[14:18:52.897]    DEBUG: <PixTestHighRate.cc/PixTestHighRate:L31> PixTestHighRate ctor(PixSetup &a, string, TGTab *)
[14:18:52.897]     INFO: readGainPedestalParameters data/pa243//phCalibrationFitErr_C0.dat .. data/pa243//phCalibrationFitErr_C15.dat
[14:18:52.897]    ERROR: <ConfigParameters.cc/readGainPedestalParameters:L983> cannot open data/pa243//phCalibrationFitErr_C0.dat for reading PH calibration constants
[14:18:52.928]    DEBUG: <PixTest.cc/setTestParameter:L637>  setting  ntrig to new value 10
[14:18:52.928]    DEBUG: <PixTestPhOptimization.cc/setParameter:L37>   setting fParNtrig  ->10<- from sval = 10
[14:18:52.928]    DEBUG: <PixTestPhOptimization.cc/setParameter:L42>   setting fSafetyMarginLow  ->20<- from sval = 20
[14:18:52.928]    DEBUG: <PixTestPhOptimization.cc/setParameter:L48>   setting fVcalMax  ->100<- from sval = 100
[14:18:52.928]    DEBUG: <PixTestPhOptimization.cc/setParameter:L53>   setting fQuantMax  ->0.98<- from sval = 0.98
[14:18:52.946]    DEBUG: <PixTestAlive.cc/init:L77> PixTestAlive::init()
[14:18:52.947]    DEBUG: <PixTestAlive.cc/PixTestAlive:L21> PixTestAlive ctor(PixSetup &a, string, TGTab *)
[14:18:52.960]    DEBUG: <PixTestReadback.cc/setParameter:L172> fCalwVd set to 1
[14:18:52.960]    DEBUG: <PixTestReadback.cc/init:L95> PixTestReadback::init()
[14:18:52.960]    DEBUG: <PixTestReadback.cc/PixTestReadback:L22> PixTestReadback ctor(PixSetup &a, string, TGTab *)
[14:18:52.960]     INFO: readReadbackCal: data/pa243//readbackCal_C0.dat .. data/pa243//readbackCal_C15.dat
[14:18:52.961]     INFO: readGainPedestalParameters data/pa243//phCalibrationFitErr_C0.dat .. data/pa243//phCalibrationFitErr_C15.dat
[14:18:52.961]    ERROR: <ConfigParameters.cc/readGainPedestalParameters:L983> cannot open data/pa243//phCalibrationFitErr_C0.dat for reading PH calibration constants
[14:18:52.975]    DEBUG: <PixTestScurves.cc/setParameter:L93> set fOutputFilename = 
[14:18:52.983]    DEBUG: <PixTestTiming.cc/setParameter:L60> PixTestTiming::PixTest() targetclk = 4
[14:18:52.983]    DEBUG: <PixTestTiming.cc/setParameter:L64> PixTestTiming::PixTest() ntrig = 10
[14:18:52.983]    DEBUG: <PixTestTiming.cc/setParameter:L48> fNoTokenPass: 0
[14:18:52.983]    DEBUG: <PixTestTiming.cc/init:L74> PixTestTiming::init()
[14:18:52.995]    DEBUG: <PixTestXray.cc/init:L134> PixTestXray::init()
[14:18:52.995]    DEBUG: <PixTestXray.cc/PixTestXray:L28> PixTestXray ctor(PixSetup &a, string, TGTab *)
[14:18:52.995]     INFO: readGainPedestalParameters data/pa243//phCalibrationFitErr_C0.dat .. data/pa243//phCalibrationFitErr_C15.dat
[14:18:52.995]    ERROR: <ConfigParameters.cc/readGainPedestalParameters:L983> cannot open data/pa243//phCalibrationFitErr_C0.dat for reading PH calibration constants
[14:19:41.233]    DEBUG: <PixGui.cc/handleButtons:L396> PixGui::exit called
[14:19:41.234]    DEBUG: <PixGui.cc/CloseWindow:L335> Final Analog Current: 75.5mA
[14:19:41.234]    DEBUG: <PixGui.cc/CloseWindow:L336> Final Digital Current: 479.9mA
[14:19:41.234]    DEBUG: <PixGui.cc/CloseWindow:L337> Final Module Temperature: 22.2 C
[14:19:41.234]    DEBUG: <PixTestBBMap.cc/~PixTestBBMap:L97> PixTestBBMap dtor
[14:19:41.235]    DEBUG: <PixTestBB2Map.cc/~PixTestBB2Map:L115> PixTestBB2Map dtor
[14:19:41.235]    DEBUG: <PixTestBB3Map.cc/~PixTestBB3Map:L99> PixTestBB3Map dtor
[14:19:41.235]    DEBUG: <PixTestBB4Map.cc/~PixTestBB4Map:L118> PixTestBB4Map dtor
[14:19:41.235]    DEBUG: <PixTestCmd.cc/~PixTestCmd:L78> PixTestCmd dtor
[14:19:41.235]    DEBUG: <PixTestDaq.cc/~PixTestDaq:L37> PixTestDaq dtor
[14:19:41.235]    DEBUG: <PixTestDacDacScan.cc/~PixTestDacDacScan:L136> PixTestDacDacScan dtor
[14:19:41.235]    DEBUG: <PixTestDacScan.cc/~PixTestDacScan:L129> PixTestDacScan dtor
[14:19:41.235]    DEBUG: <PixTestGainPedestal.cc/~PixTestGainPedestal:L125> PixTestGainPedestal dtor
[14:19:41.235]    DEBUG: <PixTestHighRate.cc/~PixTestHighRate:L245> PixTestHighRate dtor
[14:19:41.235]    DEBUG: <PixTestIV.cc/~PixTestIV:L96> PixTestIV dtor
[14:19:41.235]    DEBUG: <PixTestAlive.cc/~PixTestAlive:L109> PixTestAlive dtor
[14:19:41.235]    DEBUG: <PixTestPretest.cc/~PixTestPretest:L136> PixTestPretest dtor
[14:19:41.235]    DEBUG: <PixTestReadback.cc/~PixTestReadback:L89> PixTestReadback dtor, saving tree ... 
[14:19:41.235]    DEBUG: <PixTestScurves.cc/~PixTestScurves:L142> PixTestScurves dtor
[14:19:41.235]    DEBUG: <PixTestTiming.cc/~PixTestTiming:L97> PixTestTiming dtor
[14:19:41.235]    DEBUG: <PixTestTrim.cc/~PixTestTrim:L103> PixTestTrim dtor
[14:19:41.236]    DEBUG: <PixTestXray.cc/~PixTestXray:L217> PixTestXray dtor
[14:19:41.273]    QUIET: Connection to board 58 closed.
[14:19:41.353]    DEBUG: <PixMonitor.cc/dumpSummaries:L39> PixMonitor::dumpSummaries
