[12:02:06.331]     INFO: *** Welcome to pxar ***
[12:02:06.331]     INFO: *** Today: 2016/01/12
[12:02:06.340]     INFO: *** Version: prod-12
[12:02:06.340]     INFO: readRocDacs: data/mh127/M-H-1-27_ElComandanteTest_2016-01-07_15h43m_1452203009/000_FPIXTest_p17/dacParameters35_C0.dat .. data/mh127/M-H-1-27_ElComandanteTest_2016-01-07_15h43m_1452203009/000_FPIXTest_p17/dacParameters35_C15.dat
[12:02:06.341]     INFO: readTbmDacs: data/mh127/M-H-1-27_ElComandanteTest_2016-01-07_15h43m_1452203009/000_FPIXTest_p17/tbmParameters_C0a.dat .. data/mh127/M-H-1-27_ElComandanteTest_2016-01-07_15h43m_1452203009/000_FPIXTest_p17/tbmParameters_C0b.dat
[12:02:06.341]     INFO: readMaskFile: data/mh127/M-H-1-27_ElComandanteTest_2016-01-07_15h43m_1452203009/000_FPIXTest_p17/defaultMaskFile.dat
[12:02:06.341]     INFO: readTrimFile: data/mh127/M-H-1-27_ElComandanteTest_2016-01-07_15h43m_1452203009/000_FPIXTest_p17/trimParameters35_C0.dat .. data/mh127/M-H-1-27_ElComandanteTest_2016-01-07_15h43m_1452203009/000_FPIXTest_p17/trimParameters35_C15.dat
[12:02:06.493]     INFO:         clk: 4
[12:02:06.493]     INFO:         ctr: 4
[12:02:06.493]     INFO:         sda: 19
[12:02:06.493]     INFO:         tin: 9
[12:02:06.493]     INFO:         level: 15
[12:02:06.493]     INFO:         triggerdelay: 0
[12:02:06.493]    QUIET: Instanciating API for pxar prod-12
[12:02:06.493]     INFO: Log level: DEBUG
[12:02:06.504]    QUIET: Connection to board DTB_WRPRHI opened.
[12:02:06.507]     INFO: DTB startup information
--- DTB info------------------------------------------
Board id:    58
HW version:  DTB1.2
FW version:  4.2
SW version:  4.5
USB id:      DTB_WRPRHI
MAC address: 40D85511803A
Hostname:    pixelDTB058
Comment:     
------------------------------------------------------
[12:02:06.510]     INFO: RPC call hashes of host and DTB match: 398089610
[12:02:08.113]     INFO: DUT info: 
[12:02:08.113]     INFO: The DUT currently contains the following objects:
[12:02:08.113]     INFO:  2 TBM Cores tbm08c (2 ON)
[12:02:08.113]     INFO: 	TBM Core alpha (0): 7 registers set
[12:02:08.113]     INFO: 	TBM Core beta  (1): 7 registers set
[12:02:08.113]     INFO: 16 ROCs psi46digv21respin (16 ON) with 4160 pixelConfigs
[12:02:08.113]     INFO: 	ROC 0: 19 DACs set, Pixels: 0 masked, 0 active.
[12:02:08.113]     INFO: 	ROC 1: 19 DACs set, Pixels: 0 masked, 0 active.
[12:02:08.113]     INFO: 	ROC 2: 19 DACs set, Pixels: 0 masked, 0 active.
[12:02:08.113]     INFO: 	ROC 3: 19 DACs set, Pixels: 0 masked, 0 active.
[12:02:08.113]     INFO: 	ROC 4: 19 DACs set, Pixels: 0 masked, 0 active.
[12:02:08.113]     INFO: 	ROC 5: 19 DACs set, Pixels: 0 masked, 0 active.
[12:02:08.113]     INFO: 	ROC 6: 19 DACs set, Pixels: 0 masked, 0 active.
[12:02:08.113]     INFO: 	ROC 7: 19 DACs set, Pixels: 0 masked, 0 active.
[12:02:08.113]     INFO: 	ROC 8: 19 DACs set, Pixels: 0 masked, 0 active.
[12:02:08.113]     INFO: 	ROC 9: 19 DACs set, Pixels: 0 masked, 0 active.
[12:02:08.113]     INFO: 	ROC 10: 19 DACs set, Pixels: 0 masked, 0 active.
[12:02:08.113]     INFO: 	ROC 11: 19 DACs set, Pixels: 0 masked, 0 active.
[12:02:08.113]     INFO: 	ROC 12: 19 DACs set, Pixels: 0 masked, 0 active.
[12:02:08.113]     INFO: 	ROC 13: 19 DACs set, Pixels: 0 masked, 0 active.
[12:02:08.113]     INFO: 	ROC 14: 19 DACs set, Pixels: 0 masked, 0 active.
[12:02:08.114]     INFO: 	ROC 15: 19 DACs set, Pixels: 0 masked, 0 active.
[12:02:08.114]    DEBUG: <PixTestParameters.cc/dump:L104> PixTestParameters: ->BB<-
[12:02:08.114]    DEBUG: <PixTestParameters.cc/dump:L107>   dumpall: checkbox(0)
[12:02:08.114]    DEBUG: <PixTestParameters.cc/dump:L107>   dumpproblematic: checkbox(0)
[12:02:08.114]    DEBUG: <PixTestParameters.cc/dump:L107>   ntrig: 5
[12:02:08.114]    DEBUG: <PixTestParameters.cc/dump:L107>   vcals: 250
[12:02:08.114]    DEBUG: <PixTestParameters.cc/dump:L104> PixTestParameters: ->BB2<-
[12:02:08.114]    DEBUG: <PixTestParameters.cc/dump:L107>   ntrig: 10
[12:02:08.114]    DEBUG: <PixTestParameters.cc/dump:L107>   vcals: 222
[12:02:08.114]    DEBUG: <PixTestParameters.cc/dump:L107>   plwidth: 35
[12:02:08.114]    DEBUG: <PixTestParameters.cc/dump:L107>   pix: 11,20
[12:02:08.114]    DEBUG: <PixTestParameters.cc/dump:L107>   targetia: 24
[12:02:08.114]    DEBUG: <PixTestParameters.cc/dump:L104> PixTestParameters: ->BB3<-
[12:02:08.114]    DEBUG: <PixTestParameters.cc/dump:L107>   dumpall: checkbox(0)
[12:02:08.114]    DEBUG: <PixTestParameters.cc/dump:L107>   dumpproblematic: checkbox(0)
[12:02:08.114]    DEBUG: <PixTestParameters.cc/dump:L107>   ntrig: 5
[12:02:08.114]    DEBUG: <PixTestParameters.cc/dump:L107>   vcals: 250
[12:02:08.114]    DEBUG: <PixTestParameters.cc/dump:L104> PixTestParameters: ->BB4<-
[12:02:08.114]    DEBUG: <PixTestParameters.cc/dump:L107>   savecaldelscan: checkbox(0)
[12:02:08.114]    DEBUG: <PixTestParameters.cc/dump:L107>   ntrig: 100
[12:02:08.114]    DEBUG: <PixTestParameters.cc/dump:L107>   cals: 1
[12:02:08.114]    DEBUG: <PixTestParameters.cc/dump:L107>   caldello: 80
[12:02:08.114]    DEBUG: <PixTestParameters.cc/dump:L107>   caldelhi: 200
[12:02:08.114]    DEBUG: <PixTestParameters.cc/dump:L107>   caldelstep: 10
[12:02:08.114]    DEBUG: <PixTestParameters.cc/dump:L107>   vthrcomplo: 70
[12:02:08.114]    DEBUG: <PixTestParameters.cc/dump:L107>   vthrcomphi: 130
[12:02:08.114]    DEBUG: <PixTestParameters.cc/dump:L107>   vthrcompstep: 5
[12:02:08.114]    DEBUG: <PixTestParameters.cc/dump:L107>   noisypixels: 10
[12:02:08.114]    DEBUG: <PixTestParameters.cc/dump:L107>   vcal: 255
[12:02:08.114]    DEBUG: <PixTestParameters.cc/dump:L107>   cut: 0.5
[12:02:08.115]    DEBUG: <PixTestParameters.cc/dump:L104> PixTestParameters: ->Cmd<-
[12:02:08.115]    DEBUG: <PixTestParameters.cc/dump:L104> PixTestParameters: ->DAQ<-
[12:02:08.115]    DEBUG: <PixTestParameters.cc/dump:L107>   delaytbm: checkbox
[12:02:08.115]    DEBUG: <PixTestParameters.cc/dump:L107>   filltree: checkbox
[12:02:08.115]    DEBUG: <PixTestParameters.cc/dump:L107>   trgfrequency(khz): 100
[12:02:08.115]    DEBUG: <PixTestParameters.cc/dump:L107>   maskhotpixels: button
[12:02:08.115]    DEBUG: <PixTestParameters.cc/dump:L107>   trgnumber: 5
[12:02:08.115]    DEBUG: <PixTestParameters.cc/dump:L107>   iterations: 10
[12:02:08.115]    DEBUG: <PixTestParameters.cc/dump:L107>   rundaqtrg: button
[12:02:08.115]    DEBUG: <PixTestParameters.cc/dump:L107>   daqseconds: 5
[12:02:08.115]    DEBUG: <PixTestParameters.cc/dump:L107>   rundaqseconds: button
[12:02:08.115]    DEBUG: <PixTestParameters.cc/dump:L104> PixTestParameters: ->DacDacScan<-
[12:02:08.115]    DEBUG: <PixTestParameters.cc/dump:L107>   phmap: checkbox
[12:02:08.115]    DEBUG: <PixTestParameters.cc/dump:L107>   ntrig: 10
[12:02:08.115]    DEBUG: <PixTestParameters.cc/dump:L107>   dac1: caldel
[12:02:08.115]    DEBUG: <PixTestParameters.cc/dump:L107>   dac1lo: 0
[12:02:08.115]    DEBUG: <PixTestParameters.cc/dump:L107>   dac1hi: 255
[12:02:08.115]    DEBUG: <PixTestParameters.cc/dump:L107>   dac2: vthrcomp
[12:02:08.115]    DEBUG: <PixTestParameters.cc/dump:L107>   dac2lo: 0
[12:02:08.115]    DEBUG: <PixTestParameters.cc/dump:L107>   dac2hi: 255
[12:02:08.115]    DEBUG: <PixTestParameters.cc/dump:L107>   pix: 11,20
[12:02:08.115]    DEBUG: <PixTestParameters.cc/dump:L104> PixTestParameters: ->DacScan<-
[12:02:08.115]    DEBUG: <PixTestParameters.cc/dump:L107>   phmap: checkbox(1)
[12:02:08.115]    DEBUG: <PixTestParameters.cc/dump:L107>   allpixels: checkbox(0)
[12:02:08.115]    DEBUG: <PixTestParameters.cc/dump:L107>   unmasked: checkbox(0)
[12:02:08.115]    DEBUG: <PixTestParameters.cc/dump:L107>   ntrig: 10
[12:02:08.115]    DEBUG: <PixTestParameters.cc/dump:L107>   dac: vcal
[12:02:08.115]    DEBUG: <PixTestParameters.cc/dump:L107>   daclo: 0
[12:02:08.115]    DEBUG: <PixTestParameters.cc/dump:L107>   dachi: 255
[12:02:08.115]    DEBUG: <PixTestParameters.cc/dump:L107>   pix: 11,20
[12:02:08.115]    DEBUG: <PixTestParameters.cc/dump:L104> PixTestParameters: ->GainPedestal<-
[12:02:08.115]    DEBUG: <PixTestParameters.cc/dump:L107>   showfits: checkbox(0)
[12:02:08.115]    DEBUG: <PixTestParameters.cc/dump:L107>   extended: checkbox(0)
[12:02:08.115]    DEBUG: <PixTestParameters.cc/dump:L107>   dumphists: checkbox(0)
[12:02:08.115]    DEBUG: <PixTestParameters.cc/dump:L107>   ntrig: 10
[12:02:08.115]    DEBUG: <PixTestParameters.cc/dump:L107>   vcalstep: 10
[12:02:08.115]    DEBUG: <PixTestParameters.cc/dump:L107>   measure: button
[12:02:08.115]    DEBUG: <PixTestParameters.cc/dump:L107>   fit: button
[12:02:08.115]    DEBUG: <PixTestParameters.cc/dump:L107>   save: button
[12:02:08.115]    DEBUG: <PixTestParameters.cc/dump:L104> PixTestParameters: ->HighRate<-
[12:02:08.115]    DEBUG: <PixTestParameters.cc/dump:L107>   pix: 11,20
[12:02:08.115]    DEBUG: <PixTestParameters.cc/dump:L107>   trimhotpixels: button
[12:02:08.115]    DEBUG: <PixTestParameters.cc/dump:L107>   trimhotpixelthr: 200
[12:02:08.115]    DEBUG: <PixTestParameters.cc/dump:L107>   runsecondshotpixels: 10
[12:02:08.115]    DEBUG: <PixTestParameters.cc/dump:L107>   savetrimbits: checkbox(1)
[12:02:08.115]    DEBUG: <PixTestParameters.cc/dump:L107>   maskuntrimmable: checkbox(1)
[12:02:08.115]    DEBUG: <PixTestParameters.cc/dump:L107>   maskhotpixels: button
[12:02:08.115]    DEBUG: <PixTestParameters.cc/dump:L107>   savemaskfile: checkbox(0)
[12:02:08.115]    DEBUG: <PixTestParameters.cc/dump:L107>   maskfilename: default
[12:02:08.115]    DEBUG: <PixTestParameters.cc/dump:L107>   caldelscan: button
[12:02:08.116]    DEBUG: <PixTestParameters.cc/dump:L107>   xpixelalive: button
[12:02:08.116]    DEBUG: <PixTestParameters.cc/dump:L107>   ntrig: 50
[12:02:08.116]    DEBUG: <PixTestParameters.cc/dump:L107>   vcal: 200
[12:02:08.116]    DEBUG: <PixTestParameters.cc/dump:L107>   xnoisemaps: button
[12:02:08.116]    DEBUG: <PixTestParameters.cc/dump:L107>   daclo: 0
[12:02:08.116]    DEBUG: <PixTestParameters.cc/dump:L107>   dachi: 100
[12:02:08.116]    DEBUG: <PixTestParameters.cc/dump:L107>   dacs/step: 20
[12:02:08.116]    DEBUG: <PixTestParameters.cc/dump:L107>   rundaq: button
[12:02:08.116]    DEBUG: <PixTestParameters.cc/dump:L107>   trgfrequency(khz): 20
[12:02:08.116]    DEBUG: <PixTestParameters.cc/dump:L107>   runseconds: 2
[12:02:08.116]    DEBUG: <PixTestParameters.cc/dump:L107>   triggerdelay: 20
[12:02:08.116]    DEBUG: <PixTestParameters.cc/dump:L107>   delaytbm: checkbox
[12:02:08.116]    DEBUG: <PixTestParameters.cc/dump:L107>   filltree: checkbox
[12:02:08.116]    DEBUG: <PixTestParameters.cc/dump:L104> PixTestParameters: ->IV<-
[12:02:08.116]    DEBUG: <PixTestParameters.cc/dump:L107>   port: /dev/FIXME
[12:02:08.116]    DEBUG: <PixTestParameters.cc/dump:L107>   voltagestart: 0
[12:02:08.116]    DEBUG: <PixTestParameters.cc/dump:L107>   voltagestop: 600
[12:02:08.116]    DEBUG: <PixTestParameters.cc/dump:L107>   voltagestep: 5
[12:02:08.116]    DEBUG: <PixTestParameters.cc/dump:L107>   delay: 1
[12:02:08.116]    DEBUG: <PixTestParameters.cc/dump:L107>   compliance(ua): 100
[12:02:08.116]    DEBUG: <PixTestParameters.cc/dump:L104> PixTestParameters: ->PhOptimization<-
[12:02:08.116]    DEBUG: <PixTestParameters.cc/dump:L107>   ntrig: 10
[12:02:08.116]    DEBUG: <PixTestParameters.cc/dump:L107>   safetymarginlow: 20
[12:02:08.116]    DEBUG: <PixTestParameters.cc/dump:L107>   saturationvcal: 100
[12:02:08.116]    DEBUG: <PixTestParameters.cc/dump:L107>   quantilesaturation: 0.98
[12:02:08.116]    DEBUG: <PixTestParameters.cc/dump:L104> PixTestParameters: ->PixelAlive<-
[12:02:08.116]    DEBUG: <PixTestParameters.cc/dump:L107>   ntrig: 10
[12:02:08.116]    DEBUG: <PixTestParameters.cc/dump:L107>   vcal: 200
[12:02:08.116]    DEBUG: <PixTestParameters.cc/dump:L107>   alivetest: button
[12:02:08.116]    DEBUG: <PixTestParameters.cc/dump:L107>   masktest: button
[12:02:08.116]    DEBUG: <PixTestParameters.cc/dump:L107>   addressdecodingtest: button
[12:02:08.116]    DEBUG: <PixTestParameters.cc/dump:L104> PixTestParameters: ->Pretest<-
[12:02:08.116]    DEBUG: <PixTestParameters.cc/dump:L107>   programroc: button
[12:02:08.116]    DEBUG: <PixTestParameters.cc/dump:L107>   targetia: 24
[12:02:08.116]    DEBUG: <PixTestParameters.cc/dump:L107>   setvana: button
[12:02:08.116]    DEBUG: <PixTestParameters.cc/dump:L107>   iterations: 100
[12:02:08.116]    DEBUG: <PixTestParameters.cc/dump:L107>   settimings: button
[12:02:08.116]    DEBUG: <PixTestParameters.cc/dump:L107>   findtiming: button
[12:02:08.116]    DEBUG: <PixTestParameters.cc/dump:L107>   findworkingpixel: button
[12:02:08.116]    DEBUG: <PixTestParameters.cc/dump:L107>   setvthrcompcaldel: button
[12:02:08.116]    DEBUG: <PixTestParameters.cc/dump:L107>   pix: 11,20
[12:02:08.116]    DEBUG: <PixTestParameters.cc/dump:L107>   vcal: 250
[12:02:08.116]    DEBUG: <PixTestParameters.cc/dump:L107>   deltavthrcomp: 50
[12:02:08.116]    DEBUG: <PixTestParameters.cc/dump:L107>   fraccaldel: 0.5
[12:02:08.116]    DEBUG: <PixTestParameters.cc/dump:L107>   ntrig: 5
[12:02:08.116]    DEBUG: <PixTestParameters.cc/dump:L107>   savedacs: button
[12:02:08.116]    DEBUG: <PixTestParameters.cc/dump:L104> PixTestParameters: ->Readback<-
[12:02:08.116]    DEBUG: <PixTestParameters.cc/dump:L107>   calibratevd: button
[12:02:08.116]    DEBUG: <PixTestParameters.cc/dump:L107>   calibrateva: button
[12:02:08.116]    DEBUG: <PixTestParameters.cc/dump:L107>   calibrateia: button
[12:02:08.116]    DEBUG: <PixTestParameters.cc/dump:L107>   readbackvbg: button
[12:02:08.116]    DEBUG: <PixTestParameters.cc/dump:L107>   getcalibratedvbg: button
[12:02:08.117]    DEBUG: <PixTestParameters.cc/dump:L107>   usecalvd: checkbox(1)
[12:02:08.117]    DEBUG: <PixTestParameters.cc/dump:L107>   usecalva: checkbox(0)
[12:02:08.117]    DEBUG: <PixTestParameters.cc/dump:L107>   setvana: button
[12:02:08.117]    DEBUG: <PixTestParameters.cc/dump:L104> PixTestParameters: ->Scurves<-
[12:02:08.117]    DEBUG: <PixTestParameters.cc/dump:L107>   adjustvcal: checkbox(0)
[12:02:08.117]    DEBUG: <PixTestParameters.cc/dump:L107>   dumpall: checkbox(0)
[12:02:08.117]    DEBUG: <PixTestParameters.cc/dump:L107>   dumpproblematic: checkbox(0)
[12:02:08.117]    DEBUG: <PixTestParameters.cc/dump:L107>   dumpoutputfile: checkbox(0)
[12:02:08.117]    DEBUG: <PixTestParameters.cc/dump:L107>   ntrig: 50
[12:02:08.117]    DEBUG: <PixTestParameters.cc/dump:L107>   dac: Vcal
[12:02:08.117]    DEBUG: <PixTestParameters.cc/dump:L107>   daclo: 0
[12:02:08.117]    DEBUG: <PixTestParameters.cc/dump:L107>   dachi: 200
[12:02:08.117]    DEBUG: <PixTestParameters.cc/dump:L107>   dacs/step: -1
[12:02:08.117]    DEBUG: <PixTestParameters.cc/dump:L107>   ntrig/step: -1
[12:02:08.117]    DEBUG: <PixTestParameters.cc/dump:L107>   scurves: button
[12:02:08.117]    DEBUG: <PixTestParameters.cc/dump:L104> PixTestParameters: ->Timing<-
[12:02:08.117]    DEBUG: <PixTestParameters.cc/dump:L107>   targetclk: 4
[12:02:08.117]    DEBUG: <PixTestParameters.cc/dump:L107>   ntrig: 10
[12:02:08.117]    DEBUG: <PixTestParameters.cc/dump:L107>   clocksdascan: button
[12:02:08.117]    DEBUG: <PixTestParameters.cc/dump:L107>   notokenpass: checkbox(0)
[12:02:08.117]    DEBUG: <PixTestParameters.cc/dump:L107>   phasescan: button
[12:02:08.117]    DEBUG: <PixTestParameters.cc/dump:L107>   levelscan: button
[12:02:08.117]    DEBUG: <PixTestParameters.cc/dump:L107>   tbmphasescan: button
[12:02:08.117]    DEBUG: <PixTestParameters.cc/dump:L107>   rocdelayscan: button
[12:02:08.117]    DEBUG: <PixTestParameters.cc/dump:L107>   timingtest: button
[12:02:08.117]    DEBUG: <PixTestParameters.cc/dump:L107>   saveparameters: button
[12:02:08.117]    DEBUG: <PixTestParameters.cc/dump:L104> PixTestParameters: ->Trim<-
[12:02:08.117]    DEBUG: <PixTestParameters.cc/dump:L107>   trim: button
[12:02:08.117]    DEBUG: <PixTestParameters.cc/dump:L107>   ntrig: 8
[12:02:08.117]    DEBUG: <PixTestParameters.cc/dump:L107>   vcal: 35
[12:02:08.117]    DEBUG: <PixTestParameters.cc/dump:L107>   trimbits: button
[12:02:08.117]    DEBUG: <PixTestParameters.cc/dump:L104> PixTestParameters: ->Xray<-
[12:02:08.117]    DEBUG: <PixTestParameters.cc/dump:L107>   maskhotpixels: button
[12:02:08.117]    DEBUG: <PixTestParameters.cc/dump:L107>   savemaskfile: checkbox(0)
[12:02:08.117]    DEBUG: <PixTestParameters.cc/dump:L107>   maskfilename: default
[12:02:08.117]    DEBUG: <PixTestParameters.cc/dump:L107>   source: Ag
[12:02:08.117]    DEBUG: <PixTestParameters.cc/dump:L107>   phrun: button
[12:02:08.117]    DEBUG: <PixTestParameters.cc/dump:L107>   runseconds: 100
[12:02:08.117]    DEBUG: <PixTestParameters.cc/dump:L107>   trgfrequency(khz): 100
[12:02:08.117]    DEBUG: <PixTestParameters.cc/dump:L107>   ratescan: button
[12:02:08.117]    DEBUG: <PixTestParameters.cc/dump:L107>   vthrcompmin: 10
[12:02:08.117]    DEBUG: <PixTestParameters.cc/dump:L107>   vthrcompmax: 80
[12:02:08.117]    DEBUG: <PixTestParameters.cc/dump:L107>   stepseconds: 5
[12:02:08.117]    DEBUG: <PixTestParameters.cc/dump:L107>   delaytbm: checkbox
[12:02:08.117]    DEBUG: <PixTestParameters.cc/dump:L107>   filltree: checkbox
[12:02:08.120]    DEBUG: <PixSetup.cc/init:L81> PixSetup init start; getCurrentRSS() = 32747520
[12:02:08.120]    DEBUG: <PixSetup.cc/init:L87> fPixTestParameters = 0x178b380
[12:02:08.120]    DEBUG: <PixSetup.cc/init:L88>  fConfigParameters = 0x1700c10
[12:02:08.120]    DEBUG: <PixSetup.cc/init:L89>        fPxarMemory = 0x7f9355d94010
[12:02:08.120]    DEBUG: <PixSetup.cc/init:L90>         fPxarMemHi = 0x7f935bfff510
[12:02:08.120]    DEBUG: <PixSetup.cc/init:L106> PixSetup init done;  getCurrentRSS() = 32755712 fPxarMemory = 0x7f9355d94010
[12:02:08.121]    DEBUG: <pXar.cc/main:L223> Initial Analog Current: 381mA
[12:02:08.122]    DEBUG: <pXar.cc/main:L224> Initial Digital Current: 467.1mA
[12:02:08.122]    DEBUG: <pXar.cc/main:L225> Initial Module Temperature: 20.2 C
[12:02:08.619]    DEBUG: <PixGui.cc/hvOn:L460> HV set On: 0x1d49740
[12:02:08.686]    DEBUG: <PixTestFactory.cc/PixTestFactory:L53> PixTestFactory::PixTestFactory()
[12:02:08.686]    DEBUG: <PixTestBBMap.cc/init:L79> PixTestBBMap::init()
[12:02:08.687]    DEBUG: <PixTestBBMap.cc/PixTestBBMap:L27> PixTestBBMap ctor(PixSetup &a, string, TGTab *)
[12:02:08.692]    DEBUG: <PixTestBB2Map.cc/setParameter:L58> setting fTargetIa    = 24 mA/ROC
[12:02:08.692]    DEBUG: <PixTestBB2Map.cc/init:L97> PixTestBB2Map::init()
[12:02:08.692]    DEBUG: <PixTestBB2Map.cc/PixTestBB2Map:L29> PixTestBB2Map ctor(PixSetup &a, string, TGTab *)
[12:02:08.703]    DEBUG: <PixTestBB3Map.cc/init:L81> PixTestBB3Map::init()
[12:02:08.703]    DEBUG: <PixTestBB3Map.cc/PixTestBB3Map:L29> PixTestBB3Map ctor(PixSetup &a, string, TGTab *)
[12:02:08.721]    DEBUG: <PixTestBB4Map.cc/init:L93> PixTestBB4Map::init()
[12:02:08.721]    DEBUG: <PixTestBB4Map.cc/PixTestBB4Map:L26> PixTestMapeff ctor(PixSetup &a, string, TGTab *)
[12:02:08.735]     INFO: PixTestCmd::init()
[12:02:08.746]    DEBUG: <PixTestDaq.cc/init:L44> PixTestDaq::init()
[12:02:08.746]    DEBUG: <PixTestDaq.cc/PixTestDaq:L22> PixTestDaq ctor(PixSetup &a, string, TGTab *)
[12:02:08.746]     INFO: readGainPedestalParameters data/mh127/M-H-1-27_ElComandanteTest_2016-01-07_15h43m_1452203009/000_FPIXTest_p17/phCalibrationFitErr35_C0.dat .. data/mh127/M-H-1-27_ElComandanteTest_2016-01-07_15h43m_1452203009/000_FPIXTest_p17/phCalibrationFitErr35_C15.dat
[12:02:08.996]    DEBUG: <PixTestDacDacScan.cc/init:L103> PixTestDacDacScan::init()
[12:02:08.996]    DEBUG: <PixTestDacDacScan.cc/PixTestDacDacScan:L22> PixTestDacDacScan ctor(PixSetup &a, string, TGTab *)
[12:02:09.015]    DEBUG: <PixTestGainPedestal.cc/setParameter:L83> PixTestGainPedestal::PixTest() fVcalStep = 10
[12:02:09.023]    DEBUG: <PixTestHighRate.cc/setParameter:L68>   setting fParTriggerFrequency -> 20
[12:02:09.025]    DEBUG: <PixTestHighRate.cc/init:L198> PixTestHighRate::init()
[12:02:09.025]    DEBUG: <PixTestHighRate.cc/PixTestHighRate:L31> PixTestHighRate ctor(PixSetup &a, string, TGTab *)
[12:02:09.051]    DEBUG: <PixTest.cc/setTestParameter:L637>  setting  ntrig to new value 10
[12:02:09.051]    DEBUG: <PixTestPhOptimization.cc/setParameter:L37>   setting fParNtrig  ->10<- from sval = 10
[12:02:09.051]    DEBUG: <PixTestPhOptimization.cc/setParameter:L42>   setting fSafetyMarginLow  ->20<- from sval = 20
[12:02:09.051]    DEBUG: <PixTestPhOptimization.cc/setParameter:L48>   setting fVcalMax  ->100<- from sval = 100
[12:02:09.051]    DEBUG: <PixTestPhOptimization.cc/setParameter:L53>   setting fQuantMax  ->0.98<- from sval = 0.98
[12:02:09.057]    DEBUG: <PixTestAlive.cc/init:L77> PixTestAlive::init()
[12:02:09.057]    DEBUG: <PixTestAlive.cc/PixTestAlive:L21> PixTestAlive ctor(PixSetup &a, string, TGTab *)
[12:02:09.079]    DEBUG: <PixTestReadback.cc/setParameter:L172> fCalwVd set to 1
[12:02:09.079]    DEBUG: <PixTestReadback.cc/init:L95> PixTestReadback::init()
[12:02:09.079]    DEBUG: <PixTestReadback.cc/PixTestReadback:L22> PixTestReadback ctor(PixSetup &a, string, TGTab *)
[12:02:09.079]     INFO: readReadbackCal: data/mh127/M-H-1-27_ElComandanteTest_2016-01-07_15h43m_1452203009/000_FPIXTest_p17/readbackCal_C0.dat .. data/mh127/M-H-1-27_ElComandanteTest_2016-01-07_15h43m_1452203009/000_FPIXTest_p17/readbackCal_C15.dat
[12:02:09.091]    DEBUG: <PixTestScurves.cc/setParameter:L93> set fOutputFilename = 
[12:02:09.104]    DEBUG: <PixTestTiming.cc/setParameter:L60> PixTestTiming::PixTest() targetclk = 4
[12:02:09.104]    DEBUG: <PixTestTiming.cc/setParameter:L64> PixTestTiming::PixTest() ntrig = 10
[12:02:09.104]    DEBUG: <PixTestTiming.cc/setParameter:L48> fNoTokenPass: 0
[12:02:09.104]    DEBUG: <PixTestTiming.cc/init:L74> PixTestTiming::init()
[12:02:09.117]    DEBUG: <PixTestXray.cc/init:L134> PixTestXray::init()
[12:02:09.117]    DEBUG: <PixTestXray.cc/PixTestXray:L28> PixTestXray ctor(PixSetup &a, string, TGTab *)
[12:02:17.244]    DEBUG: <PixTab.cc/buttonClicked:L308> xxxPressed():  caldelscan
[12:02:17.244]    DEBUG: <PixTestHighRate.cc/runCommand:L157> running command: caldelscan
[12:02:17.244]     INFO:    ----------------------------------------------------------------------
[12:02:17.244]     INFO:    PixTestHighRate::calDelScan() ntrig = 10, vcal = 200
[12:02:17.244]     INFO:    ----------------------------------------------------------------------
[12:02:17.385]     INFO: Expecting 768 events.
[12:02:18.523]     INFO: 768 events read in total (420ms).
[12:02:18.712]     INFO: Test took 1462ms.
[12:02:18.718]    DEBUG: <PixTest.cc/efficiencyMaps:L396>       attempt #0
[12:02:19.387]     INFO: Expecting 41600 events.
[12:02:22.511]     INFO: 41600 events read in total (2597ms).
[12:02:22.515]     INFO: Test took 3797ms.
[12:02:22.568]     INFO: Fetched DAQ statistics. Counters are being reset now.
[12:02:22.568]    DEBUG: <PixTest.cc/efficiencyMaps:L407>  eff result size = 294666
[12:02:22.568]    DEBUG: <PixTest.cc/efficiencyMaps:L412> Create hists HR_xeff_CalDelScan_step0_C0 .. HR_xeff_CalDelScan_step0_C15
[12:02:22.568]    DEBUG: <PixTest.cc/efficiencyMaps:L426> booking xray maps for unmasked detector
[12:02:22.594]    DEBUG: <PixTest.cc/efficiencyMaps:L396>       attempt #0
[12:02:23.260]     INFO: Expecting 41600 events.
[12:02:26.515]     INFO: 41600 events read in total (2729ms).
[12:02:26.517]     INFO: Test took 3924ms.
[12:02:26.569]     INFO: Fetched DAQ statistics. Counters are being reset now.
[12:02:26.569]    DEBUG: <PixTest.cc/efficiencyMaps:L407>  eff result size = 303159
[12:02:26.569]    DEBUG: <PixTest.cc/efficiencyMaps:L412> Create hists HR_xeff_CalDelScan_step1_C0 .. HR_xeff_CalDelScan_step1_C15
[12:02:26.570]    DEBUG: <PixTest.cc/efficiencyMaps:L426> booking xray maps for unmasked detector
[12:02:26.597]    DEBUG: <PixTest.cc/efficiencyMaps:L396>       attempt #0
[12:02:27.262]     INFO: Expecting 41600 events.
[12:02:30.578]     INFO: 41600 events read in total (2789ms).
[12:02:30.581]     INFO: Test took 3984ms.
[12:02:30.634]     INFO: Fetched DAQ statistics. Counters are being reset now.
[12:02:30.634]    DEBUG: <PixTest.cc/efficiencyMaps:L407>  eff result size = 305523
[12:02:30.634]    DEBUG: <PixTest.cc/efficiencyMaps:L412> Create hists HR_xeff_CalDelScan_step2_C0 .. HR_xeff_CalDelScan_step2_C15
[12:02:30.634]    DEBUG: <PixTest.cc/efficiencyMaps:L426> booking xray maps for unmasked detector
[12:02:30.664]    DEBUG: <PixTest.cc/efficiencyMaps:L396>       attempt #0
[12:02:31.332]     INFO: Expecting 41600 events.
[12:02:34.656]     INFO: 41600 events read in total (2797ms).
[12:02:34.659]     INFO: Test took 3995ms.
[12:02:34.714]     INFO: Fetched DAQ statistics. Counters are being reset now.
[12:02:34.714]    DEBUG: <PixTest.cc/efficiencyMaps:L407>  eff result size = 305618
[12:02:34.714]    DEBUG: <PixTest.cc/efficiencyMaps:L412> Create hists HR_xeff_CalDelScan_step3_C0 .. HR_xeff_CalDelScan_step3_C15
[12:02:34.715]    DEBUG: <PixTest.cc/efficiencyMaps:L426> booking xray maps for unmasked detector
[12:02:34.743]    DEBUG: <PixTest.cc/efficiencyMaps:L396>       attempt #0
[12:02:35.411]     INFO: Expecting 41600 events.
[12:02:38.735]     INFO: 41600 events read in total (2797ms).
[12:02:38.738]     INFO: Test took 3995ms.
[12:02:38.790]     INFO: Fetched DAQ statistics. Counters are being reset now.
[12:02:38.790]    DEBUG: <PixTest.cc/efficiencyMaps:L407>  eff result size = 305056
[12:02:38.790]    DEBUG: <PixTest.cc/efficiencyMaps:L412> Create hists HR_xeff_CalDelScan_step4_C0 .. HR_xeff_CalDelScan_step4_C15
[12:02:38.791]    DEBUG: <PixTest.cc/efficiencyMaps:L426> booking xray maps for unmasked detector
[12:02:38.820]    DEBUG: <PixTest.cc/efficiencyMaps:L396>       attempt #0
[12:02:39.487]     INFO: Expecting 41600 events.
[12:02:42.816]     INFO: 41600 events read in total (2802ms).
[12:02:42.819]     INFO: Test took 3999ms.
[12:02:42.870]     INFO: Fetched DAQ statistics. Counters are being reset now.
[12:02:42.870]    DEBUG: <PixTest.cc/efficiencyMaps:L407>  eff result size = 305359
[12:02:42.870]    DEBUG: <PixTest.cc/efficiencyMaps:L412> Create hists HR_xeff_CalDelScan_step5_C0 .. HR_xeff_CalDelScan_step5_C15
[12:02:42.871]    DEBUG: <PixTest.cc/efficiencyMaps:L426> booking xray maps for unmasked detector
[12:02:42.898]    DEBUG: <PixTest.cc/efficiencyMaps:L396>       attempt #0
[12:02:43.564]     INFO: Expecting 41600 events.
[12:02:46.892]     INFO: 41600 events read in total (2802ms).
[12:02:46.894]     INFO: Test took 3995ms.
[12:02:46.946]     INFO: Fetched DAQ statistics. Counters are being reset now.
[12:02:46.946]    DEBUG: <PixTest.cc/efficiencyMaps:L407>  eff result size = 305932
[12:02:46.946]    DEBUG: <PixTest.cc/efficiencyMaps:L412> Create hists HR_xeff_CalDelScan_step6_C0 .. HR_xeff_CalDelScan_step6_C15
[12:02:46.946]    DEBUG: <PixTest.cc/efficiencyMaps:L426> booking xray maps for unmasked detector
[12:02:46.975]    DEBUG: <PixTest.cc/efficiencyMaps:L396>       attempt #0
[12:02:47.640]     INFO: Expecting 41600 events.
[12:02:50.967]     INFO: 41600 events read in total (2800ms).
[12:02:50.970]     INFO: Test took 3995ms.
[12:02:51.021]     INFO: Fetched DAQ statistics. Counters are being reset now.
[12:02:51.021]    DEBUG: <PixTest.cc/efficiencyMaps:L407>  eff result size = 305959
[12:02:51.022]    DEBUG: <PixTest.cc/efficiencyMaps:L412> Create hists HR_xeff_CalDelScan_step7_C0 .. HR_xeff_CalDelScan_step7_C15
[12:02:51.022]    DEBUG: <PixTest.cc/efficiencyMaps:L426> booking xray maps for unmasked detector
[12:02:51.049]    DEBUG: <PixTest.cc/efficiencyMaps:L396>       attempt #0
[12:02:51.715]     INFO: Expecting 41600 events.
[12:02:55.041]     INFO: 41600 events read in total (2799ms).
[12:02:55.044]     INFO: Test took 3994ms.
[12:02:55.096]     INFO: Fetched DAQ statistics. Counters are being reset now.
[12:02:55.096]    DEBUG: <PixTest.cc/efficiencyMaps:L407>  eff result size = 305504
[12:02:55.097]    DEBUG: <PixTest.cc/efficiencyMaps:L412> Create hists HR_xeff_CalDelScan_step8_C0 .. HR_xeff_CalDelScan_step8_C15
[12:02:55.097]    DEBUG: <PixTest.cc/efficiencyMaps:L426> booking xray maps for unmasked detector
[12:02:55.126]    DEBUG: <PixTest.cc/efficiencyMaps:L396>       attempt #0
[12:02:55.793]     INFO: Expecting 41600 events.
[12:02:59.124]     INFO: 41600 events read in total (2803ms).
[12:02:59.127]     INFO: Test took 4001ms.
[12:02:59.178]     INFO: Fetched DAQ statistics. Counters are being reset now.
[12:02:59.178]    DEBUG: <PixTest.cc/efficiencyMaps:L407>  eff result size = 305886
[12:02:59.178]    DEBUG: <PixTest.cc/efficiencyMaps:L412> Create hists HR_xeff_CalDelScan_step9_C0 .. HR_xeff_CalDelScan_step9_C15
[12:02:59.178]    DEBUG: <PixTest.cc/efficiencyMaps:L426> booking xray maps for unmasked detector
[12:02:59.206]    DEBUG: <PixTest.cc/efficiencyMaps:L396>       attempt #0
[12:02:59.871]     INFO: Expecting 41600 events.
[12:03:03.199]     INFO: 41600 events read in total (2801ms).
[12:03:03.202]     INFO: Test took 3996ms.
[12:03:03.253]     INFO: Fetched DAQ statistics. Counters are being reset now.
[12:03:03.253]    DEBUG: <PixTest.cc/efficiencyMaps:L407>  eff result size = 305204
[12:03:03.253]    DEBUG: <PixTest.cc/efficiencyMaps:L412> Create hists HR_xeff_CalDelScan_step10_C0 .. HR_xeff_CalDelScan_step10_C15
[12:03:03.253]    DEBUG: <PixTest.cc/efficiencyMaps:L426> booking xray maps for unmasked detector
[12:03:03.281]    DEBUG: <PixTest.cc/efficiencyMaps:L396>       attempt #0
[12:03:03.946]     INFO: Expecting 41600 events.
[12:03:07.276]     INFO: 41600 events read in total (2803ms).
[12:03:07.279]     INFO: Test took 3998ms.
[12:03:07.332]     INFO: Fetched DAQ statistics. Counters are being reset now.
[12:03:07.332]    DEBUG: <PixTest.cc/efficiencyMaps:L407>  eff result size = 305840
[12:03:07.332]    DEBUG: <PixTest.cc/efficiencyMaps:L412> Create hists HR_xeff_CalDelScan_step11_C0 .. HR_xeff_CalDelScan_step11_C15
[12:03:07.333]    DEBUG: <PixTest.cc/efficiencyMaps:L426> booking xray maps for unmasked detector
[12:03:07.363]    DEBUG: <PixTest.cc/efficiencyMaps:L396>       attempt #0
[12:03:08.029]     INFO: Expecting 41600 events.
[12:03:11.355]     INFO: 41600 events read in total (2799ms).
[12:03:11.357]     INFO: Test took 3994ms.
[12:03:11.408]     INFO: Fetched DAQ statistics. Counters are being reset now.
[12:03:11.408]    DEBUG: <PixTest.cc/efficiencyMaps:L407>  eff result size = 305882
[12:03:11.408]    DEBUG: <PixTest.cc/efficiencyMaps:L412> Create hists HR_xeff_CalDelScan_step12_C0 .. HR_xeff_CalDelScan_step12_C15
[12:03:11.409]    DEBUG: <PixTest.cc/efficiencyMaps:L426> booking xray maps for unmasked detector
[12:03:11.437]    DEBUG: <PixTest.cc/efficiencyMaps:L396>       attempt #0
[12:03:12.103]     INFO: Expecting 41600 events.
[12:03:15.429]     INFO: 41600 events read in total (2799ms).
[12:03:15.432]     INFO: Test took 3995ms.
[12:03:15.483]     INFO: Fetched DAQ statistics. Counters are being reset now.
[12:03:15.484]    DEBUG: <PixTest.cc/efficiencyMaps:L407>  eff result size = 306355
[12:03:15.484]    DEBUG: <PixTest.cc/efficiencyMaps:L412> Create hists HR_xeff_CalDelScan_step13_C0 .. HR_xeff_CalDelScan_step13_C15
[12:03:15.484]    DEBUG: <PixTest.cc/efficiencyMaps:L426> booking xray maps for unmasked detector
[12:03:15.512]    DEBUG: <PixTest.cc/efficiencyMaps:L396>       attempt #0
[12:03:16.177]     INFO: Expecting 41600 events.
[12:03:19.505]     INFO: 41600 events read in total (2801ms).
[12:03:19.508]     INFO: Test took 3995ms.
[12:03:19.558]     INFO: Fetched DAQ statistics. Counters are being reset now.
[12:03:19.558]    DEBUG: <PixTest.cc/efficiencyMaps:L407>  eff result size = 305794
[12:03:19.558]    DEBUG: <PixTest.cc/efficiencyMaps:L412> Create hists HR_xeff_CalDelScan_step14_C0 .. HR_xeff_CalDelScan_step14_C15
[12:03:19.559]    DEBUG: <PixTest.cc/efficiencyMaps:L426> booking xray maps for unmasked detector
[12:03:19.586]    DEBUG: <PixTest.cc/efficiencyMaps:L396>       attempt #0
[12:03:20.251]     INFO: Expecting 41600 events.
[12:03:23.574]     INFO: 41600 events read in total (2796ms).
[12:03:23.577]     INFO: Test took 3991ms.
[12:03:23.630]     INFO: Fetched DAQ statistics. Counters are being reset now.
[12:03:23.630]    DEBUG: <PixTest.cc/efficiencyMaps:L407>  eff result size = 305712
[12:03:23.630]    DEBUG: <PixTest.cc/efficiencyMaps:L412> Create hists HR_xeff_CalDelScan_step15_C0 .. HR_xeff_CalDelScan_step15_C15
[12:03:23.631]    DEBUG: <PixTest.cc/efficiencyMaps:L426> booking xray maps for unmasked detector
[12:03:23.661]    DEBUG: <PixTest.cc/efficiencyMaps:L396>       attempt #0
[12:03:24.327]     INFO: Expecting 41600 events.
[12:03:27.648]     INFO: 41600 events read in total (2794ms).
[12:03:27.651]     INFO: Test took 3990ms.
[12:03:27.701]     INFO: Fetched DAQ statistics. Counters are being reset now.
[12:03:27.701]    DEBUG: <PixTest.cc/efficiencyMaps:L407>  eff result size = 304053
[12:03:27.701]    DEBUG: <PixTest.cc/efficiencyMaps:L412> Create hists HR_xeff_CalDelScan_step16_C0 .. HR_xeff_CalDelScan_step16_C15
[12:03:27.701]    DEBUG: <PixTest.cc/efficiencyMaps:L426> booking xray maps for unmasked detector
[12:03:27.730]    DEBUG: <PixTest.cc/efficiencyMaps:L396>       attempt #0
[12:03:28.395]     INFO: Expecting 41600 events.
[12:03:31.723]     INFO: 41600 events read in total (2802ms).
[12:03:31.725]     INFO: Test took 3995ms.
[12:03:31.777]     INFO: Fetched DAQ statistics. Counters are being reset now.
[12:03:31.777]    DEBUG: <PixTest.cc/efficiencyMaps:L407>  eff result size = 305878
[12:03:31.778]    DEBUG: <PixTest.cc/efficiencyMaps:L412> Create hists HR_xeff_CalDelScan_step17_C0 .. HR_xeff_CalDelScan_step17_C15
[12:03:31.778]    DEBUG: <PixTest.cc/efficiencyMaps:L426> booking xray maps for unmasked detector
[12:03:31.808]    DEBUG: <PixTest.cc/efficiencyMaps:L396>       attempt #0
[12:03:32.475]     INFO: Expecting 41600 events.
[12:03:35.796]     INFO: 41600 events read in total (2794ms).
[12:03:35.799]     INFO: Test took 3991ms.
[12:03:35.851]     INFO: Fetched DAQ statistics. Counters are being reset now.
[12:03:35.851]    DEBUG: <PixTest.cc/efficiencyMaps:L407>  eff result size = 306175
[12:03:35.851]    DEBUG: <PixTest.cc/efficiencyMaps:L412> Create hists HR_xeff_CalDelScan_step18_C0 .. HR_xeff_CalDelScan_step18_C15
[12:03:35.851]    DEBUG: <PixTest.cc/efficiencyMaps:L426> booking xray maps for unmasked detector
[12:03:35.880]    DEBUG: <PixTest.cc/efficiencyMaps:L396>       attempt #0
[12:03:36.545]     INFO: Expecting 41600 events.
[12:03:39.745]     INFO: 41600 events read in total (2674ms).
[12:03:39.748]     INFO: Test took 3868ms.
[12:03:39.798]     INFO: Fetched DAQ statistics. Counters are being reset now.
[12:03:39.799]    DEBUG: <PixTest.cc/efficiencyMaps:L407>  eff result size = 301320
[12:03:39.799]    DEBUG: <PixTest.cc/efficiencyMaps:L412> Create hists HR_xeff_CalDelScan_step19_C0 .. HR_xeff_CalDelScan_step19_C15
[12:03:39.799]    DEBUG: <PixTest.cc/efficiencyMaps:L426> booking xray maps for unmasked detector
[12:03:40.083]    DEBUG: <PixTestHighRate.cc/doCalDelScan:L422> roc  0: caldel = 145 eff = 0.99988
[12:03:40.083]    DEBUG: <PixTestHighRate.cc/doCalDelScan:L422> roc  1: caldel = 155 eff = 0.999928
[12:03:40.083]    DEBUG: <PixTestHighRate.cc/doCalDelScan:L422> roc  2: caldel = 136 eff = 0.999495
[12:03:40.084]    DEBUG: <PixTestHighRate.cc/doCalDelScan:L422> roc  3: caldel = 138 eff = 0.999543
[12:03:40.084]    DEBUG: <PixTestHighRate.cc/doCalDelScan:L422> roc  4: caldel = 131 eff = 0.999567
[12:03:40.084]    DEBUG: <PixTestHighRate.cc/doCalDelScan:L422> roc  5: caldel = 131 eff = 0.999495
[12:03:40.084]    DEBUG: <PixTestHighRate.cc/doCalDelScan:L422> roc  6: caldel = 150 eff = 0.999591
[12:03:40.085]    DEBUG: <PixTestHighRate.cc/doCalDelScan:L422> roc  7: caldel = 164 eff = 0.999567
[12:03:40.085]    DEBUG: <PixTestHighRate.cc/doCalDelScan:L422> roc  8: caldel = 156 eff = 0.999567
[12:03:40.085]    DEBUG: <PixTestHighRate.cc/doCalDelScan:L422> roc  9: caldel = 156 eff = 0.999423
[12:03:40.085]    DEBUG: <PixTestHighRate.cc/doCalDelScan:L422> roc 10: caldel = 174 eff = 0.999639
[12:03:40.086]    DEBUG: <PixTestHighRate.cc/doCalDelScan:L422> roc 11: caldel = 147 eff = 0.999375
[12:03:40.086]    DEBUG: <PixTestHighRate.cc/doCalDelScan:L422> roc 12: caldel = 146 eff = 0.999087
[12:03:40.086]    DEBUG: <PixTestHighRate.cc/doCalDelScan:L422> roc 13: caldel = 141 eff = 0.999591
[12:03:40.086]    DEBUG: <PixTestHighRate.cc/doCalDelScan:L422> roc 14: caldel = 129 eff = 0.999351
[12:03:40.087]    DEBUG: <PixTestHighRate.cc/doCalDelScan:L422> roc 15: caldel = 147 eff = 0.99988
[12:04:30.500]    DEBUG: <PixTab.cc/buttonClicked:L308> xxxPressed():  xpixelalive
[12:04:30.500]    DEBUG: <PixTestHighRate.cc/runCommand:L157> running command: xpixelalive
[12:04:30.500]     INFO:    ----------------------------------------------------------------------
[12:04:30.500]     INFO:    PixTestHighRate::xPixelAlive() ntrig = 50, vcal = 200
[12:04:30.500]     INFO:    ----------------------------------------------------------------------
[12:04:30.501]    DEBUG: <PixTestHighRate.cc/doXPixelAlive:L451>  old set: clk: 4
[12:04:30.501]    DEBUG: <PixTestHighRate.cc/doXPixelAlive:L451>  old set: ctr: 4
[12:04:30.501]    DEBUG: <PixTestHighRate.cc/doXPixelAlive:L451>  old set: sda: 19
[12:04:30.501]    DEBUG: <PixTestHighRate.cc/doXPixelAlive:L451>  old set: tin: 9
[12:04:30.501]    DEBUG: <PixTestHighRate.cc/doXPixelAlive:L451>  old set: level: 15
[12:04:30.501]    DEBUG: <PixTestHighRate.cc/doXPixelAlive:L451>  old set: triggerdelay: 0
[12:04:30.501]    DEBUG: <PixTestHighRate.cc/doXPixelAlive:L467>  setting: clk: 4
[12:04:30.501]    DEBUG: <PixTestHighRate.cc/doXPixelAlive:L467>  setting: ctr: 4
[12:04:30.501]    DEBUG: <PixTestHighRate.cc/doXPixelAlive:L467>  setting: sda: 19
[12:04:30.501]    DEBUG: <PixTestHighRate.cc/doXPixelAlive:L467>  setting: tin: 9
[12:04:30.501]    DEBUG: <PixTestHighRate.cc/doXPixelAlive:L467>  setting: level: 15
[12:04:30.501]    DEBUG: <PixTestHighRate.cc/doXPixelAlive:L467>  setting: triggerdelay: 20
[12:04:30.546]    DEBUG: <PixTest.cc/efficiencyMaps:L396>       attempt #0
[12:04:31.216]     INFO: Expecting 208000 events.
[12:04:43.461]     INFO: 208000 events read in total (11718ms).
[12:04:43.470]     INFO: Test took 12924ms.
[12:04:43.686]     INFO: Fetched DAQ statistics. Counters are being reset now.
[12:04:43.686]    DEBUG: <PixTest.cc/efficiencyMaps:L407>  eff result size = 1252905
[12:04:43.686]    DEBUG: <PixTest.cc/efficiencyMaps:L412> Create hists highRate_C0 .. highRate_C15
[12:04:43.687]    DEBUG: <PixTest.cc/efficiencyMaps:L426> booking xray maps for unmasked detector
[12:04:44.005]     INFO: number of dead pixels (per ROC):     0    0    1    0    0    0    0    0    0    0    0    1    2    1    2    0
[12:04:44.005]     INFO: number of red-efficiency pixels:    65   54   89  129  130  162  122   99  134  139  151  111  122   78   68   63
[12:04:44.005]     INFO: number of X-ray hits detected:    43949 33725 55248 85906 91539 91080 92433 83206 95083 98334 96276 89187 90060 58074 36880 45372
[12:04:44.005]     INFO: number of triggers sent (total per ROC):  208000 208000 208000 208000 208000 208000 208000 208000 208000 208000 208000 208000 208000 208000 208000 208000
[12:04:44.005]     INFO: number of Vcal hits detected:  207935 207946 207861 207868 207866 207829 207878 207901 207860 207855 207843 207838 207777 207873 207833 207937
[12:04:44.005]     INFO: Vcal hit fiducial efficiency (%):  100.0 100.0 100.0 99.9 99.9 99.9 99.9 100.0 99.9 99.9 99.9 100.0 99.9 100.0 100.0 100.0
[12:04:44.005]     INFO: Vcal hit overall efficiency (%):  100.0 100.0 99.9 99.9 99.9 99.9 99.9 100.0 99.9 99.9 99.9 99.9 99.9 99.9 99.9 100.0
[12:04:44.005]     INFO: X-ray hit rate [MHz/cm2]:  12.9 9.9 16.2 25.2 26.8 26.7 27.1 24.4 27.9 28.8 28.2 26.1 26.4 17.0 10.8 13.3
[12:04:44.005]     INFO: PixTestHighRate::doXPixelAlive() done
[12:04:44.050]    DEBUG: <PixTestHighRate.cc/doXPixelAlive:L586>  resetting: clk: 4
[12:04:44.050]    DEBUG: <PixTestHighRate.cc/doXPixelAlive:L586>  resetting: ctr: 4
[12:04:44.050]    DEBUG: <PixTestHighRate.cc/doXPixelAlive:L586>  resetting: sda: 19
[12:04:44.050]    DEBUG: <PixTestHighRate.cc/doXPixelAlive:L586>  resetting: tin: 9
[12:04:44.050]    DEBUG: <PixTestHighRate.cc/doXPixelAlive:L586>  resetting: level: 15
[12:04:44.050]    DEBUG: <PixTestHighRate.cc/doXPixelAlive:L586>  resetting: triggerdelay: 0
[12:04:44.050]     INFO: PixTest::       pg_setup set to default.
[12:06:38.244]    DEBUG: <PixTest.cc/moduleMap:L1029> moduleMap histname: what
[12:06:38.244]    DEBUG: <PixTest.cc/moduleMap:L1039> h1->GetName() = highRate_xraymap_C9_V0 -> highRate_xraymap_mod
[12:06:39.972]    DEBUG: <PixGui.cc/handleButtons:L396> PixGui::exit called
[12:06:39.973]    DEBUG: <PixGui.cc/CloseWindow:L335> Final Analog Current: 384.3mA
[12:06:39.974]    DEBUG: <PixGui.cc/CloseWindow:L336> Final Digital Current: 466.3mA
[12:06:39.974]    DEBUG: <PixGui.cc/CloseWindow:L337> Final Module Temperature: 21.9 C
[12:06:39.974]    DEBUG: <PixTestBBMap.cc/~PixTestBBMap:L97> PixTestBBMap dtor
[12:06:39.974]    DEBUG: <PixTestBB2Map.cc/~PixTestBB2Map:L115> PixTestBB2Map dtor
[12:06:39.974]    DEBUG: <PixTestBB3Map.cc/~PixTestBB3Map:L99> PixTestBB3Map dtor
[12:06:39.974]    DEBUG: <PixTestBB4Map.cc/~PixTestBB4Map:L118> PixTestBB4Map dtor
[12:06:39.974]    DEBUG: <PixTestCmd.cc/~PixTestCmd:L78> PixTestCmd dtor
[12:06:39.974]    DEBUG: <PixTestDaq.cc/~PixTestDaq:L37> PixTestDaq dtor
[12:06:39.974]    DEBUG: <PixTestDacDacScan.cc/~PixTestDacDacScan:L136> PixTestDacDacScan dtor
[12:06:39.974]    DEBUG: <PixTestDacScan.cc/~PixTestDacScan:L129> PixTestDacScan dtor
[12:06:39.974]    DEBUG: <PixTestGainPedestal.cc/~PixTestGainPedestal:L125> PixTestGainPedestal dtor
[12:06:39.975]    DEBUG: <PixTestHighRate.cc/~PixTestHighRate:L245> PixTestHighRate dtor
[12:06:40.066]    DEBUG: <PixTestIV.cc/~PixTestIV:L96> PixTestIV dtor
[12:06:40.066]    DEBUG: <PixTestAlive.cc/~PixTestAlive:L109> PixTestAlive dtor
[12:06:40.066]    DEBUG: <PixTestPretest.cc/~PixTestPretest:L136> PixTestPretest dtor
[12:06:40.066]    DEBUG: <PixTestReadback.cc/~PixTestReadback:L89> PixTestReadback dtor, saving tree ... 
[12:06:40.066]    DEBUG: <PixTestScurves.cc/~PixTestScurves:L142> PixTestScurves dtor
[12:06:40.066]    DEBUG: <PixTestTiming.cc/~PixTestTiming:L97> PixTestTiming dtor
[12:06:40.067]    DEBUG: <PixTestTrim.cc/~PixTestTrim:L103> PixTestTrim dtor
[12:06:40.067]    DEBUG: <PixTestXray.cc/~PixTestXray:L217> PixTestXray dtor
[12:06:40.069]    QUIET: Connection to board 58 closed.
[12:06:40.149]    DEBUG: <PixMonitor.cc/dumpSummaries:L39> PixMonitor::dumpSummaries
