[11:53:36.186]     INFO: *** Welcome to pxar ***
[11:53:36.186]     INFO: *** Today: 2016/01/12
[11:53:36.196]     INFO: *** Version: prod-12
[11:53:36.197]     INFO: readRocDacs: data/mh127/M-H-1-27_ElComandanteTest_2016-01-07_15h43m_1452203009/000_FPIXTest_p17/dacParameters35_C0.dat .. data/mh127/M-H-1-27_ElComandanteTest_2016-01-07_15h43m_1452203009/000_FPIXTest_p17/dacParameters35_C15.dat
[11:53:36.198]     INFO: readTbmDacs: data/mh127/M-H-1-27_ElComandanteTest_2016-01-07_15h43m_1452203009/000_FPIXTest_p17/tbmParameters_C0a.dat .. data/mh127/M-H-1-27_ElComandanteTest_2016-01-07_15h43m_1452203009/000_FPIXTest_p17/tbmParameters_C0b.dat
[11:53:36.198]     INFO: readMaskFile: data/mh127/M-H-1-27_ElComandanteTest_2016-01-07_15h43m_1452203009/000_FPIXTest_p17/defaultMaskFile.dat
[11:53:36.198]     INFO: readTrimFile: data/mh127/M-H-1-27_ElComandanteTest_2016-01-07_15h43m_1452203009/000_FPIXTest_p17/trimParameters35_C0.dat .. data/mh127/M-H-1-27_ElComandanteTest_2016-01-07_15h43m_1452203009/000_FPIXTest_p17/trimParameters35_C15.dat
[11:53:36.355]     INFO:         clk: 4
[11:53:36.355]     INFO:         ctr: 4
[11:53:36.355]     INFO:         sda: 19
[11:53:36.355]     INFO:         tin: 9
[11:53:36.355]     INFO:         level: 15
[11:53:36.355]     INFO:         triggerdelay: 0
[11:53:36.355]    QUIET: Instanciating API for pxar prod-12
[11:53:36.355]     INFO: Log level: DEBUG
[11:53:36.366]    QUIET: Connection to board DTB_WRPRHI opened.
[11:53:36.369]     INFO: DTB startup information
--- DTB info------------------------------------------
Board id:    58
HW version:  DTB1.2
FW version:  4.2
SW version:  4.5
USB id:      DTB_WRPRHI
MAC address: 40D85511803A
Hostname:    pixelDTB058
Comment:     
------------------------------------------------------
[11:53:36.372]     INFO: RPC call hashes of host and DTB match: 398089610
[11:53:37.975]     INFO: DUT info: 
[11:53:37.975]     INFO: The DUT currently contains the following objects:
[11:53:37.975]     INFO:  2 TBM Cores tbm08c (2 ON)
[11:53:37.975]     INFO: 	TBM Core alpha (0): 7 registers set
[11:53:37.975]     INFO: 	TBM Core beta  (1): 7 registers set
[11:53:37.975]     INFO: 16 ROCs psi46digv21respin (16 ON) with 4160 pixelConfigs
[11:53:37.975]     INFO: 	ROC 0: 19 DACs set, Pixels: 0 masked, 0 active.
[11:53:37.975]     INFO: 	ROC 1: 19 DACs set, Pixels: 0 masked, 0 active.
[11:53:37.975]     INFO: 	ROC 2: 19 DACs set, Pixels: 0 masked, 0 active.
[11:53:37.975]     INFO: 	ROC 3: 19 DACs set, Pixels: 0 masked, 0 active.
[11:53:37.975]     INFO: 	ROC 4: 19 DACs set, Pixels: 0 masked, 0 active.
[11:53:37.975]     INFO: 	ROC 5: 19 DACs set, Pixels: 0 masked, 0 active.
[11:53:37.975]     INFO: 	ROC 6: 19 DACs set, Pixels: 0 masked, 0 active.
[11:53:37.975]     INFO: 	ROC 7: 19 DACs set, Pixels: 0 masked, 0 active.
[11:53:37.975]     INFO: 	ROC 8: 19 DACs set, Pixels: 0 masked, 0 active.
[11:53:37.975]     INFO: 	ROC 9: 19 DACs set, Pixels: 0 masked, 0 active.
[11:53:37.975]     INFO: 	ROC 10: 19 DACs set, Pixels: 0 masked, 0 active.
[11:53:37.975]     INFO: 	ROC 11: 19 DACs set, Pixels: 0 masked, 0 active.
[11:53:37.975]     INFO: 	ROC 12: 19 DACs set, Pixels: 0 masked, 0 active.
[11:53:37.975]     INFO: 	ROC 13: 19 DACs set, Pixels: 0 masked, 0 active.
[11:53:37.975]     INFO: 	ROC 14: 19 DACs set, Pixels: 0 masked, 0 active.
[11:53:37.975]     INFO: 	ROC 15: 19 DACs set, Pixels: 0 masked, 0 active.
[11:53:37.976]    DEBUG: <PixTestParameters.cc/dump:L104> PixTestParameters: ->BB<-
[11:53:37.976]    DEBUG: <PixTestParameters.cc/dump:L107>   dumpall: checkbox(0)
[11:53:37.976]    DEBUG: <PixTestParameters.cc/dump:L107>   dumpproblematic: checkbox(0)
[11:53:37.976]    DEBUG: <PixTestParameters.cc/dump:L107>   ntrig: 5
[11:53:37.976]    DEBUG: <PixTestParameters.cc/dump:L107>   vcals: 250
[11:53:37.976]    DEBUG: <PixTestParameters.cc/dump:L104> PixTestParameters: ->BB2<-
[11:53:37.976]    DEBUG: <PixTestParameters.cc/dump:L107>   ntrig: 10
[11:53:37.976]    DEBUG: <PixTestParameters.cc/dump:L107>   vcals: 222
[11:53:37.976]    DEBUG: <PixTestParameters.cc/dump:L107>   plwidth: 35
[11:53:37.976]    DEBUG: <PixTestParameters.cc/dump:L107>   pix: 11,20
[11:53:37.976]    DEBUG: <PixTestParameters.cc/dump:L107>   targetia: 24
[11:53:37.976]    DEBUG: <PixTestParameters.cc/dump:L104> PixTestParameters: ->BB3<-
[11:53:37.976]    DEBUG: <PixTestParameters.cc/dump:L107>   dumpall: checkbox(0)
[11:53:37.976]    DEBUG: <PixTestParameters.cc/dump:L107>   dumpproblematic: checkbox(0)
[11:53:37.976]    DEBUG: <PixTestParameters.cc/dump:L107>   ntrig: 5
[11:53:37.976]    DEBUG: <PixTestParameters.cc/dump:L107>   vcals: 250
[11:53:37.976]    DEBUG: <PixTestParameters.cc/dump:L104> PixTestParameters: ->BB4<-
[11:53:37.976]    DEBUG: <PixTestParameters.cc/dump:L107>   savecaldelscan: checkbox(0)
[11:53:37.976]    DEBUG: <PixTestParameters.cc/dump:L107>   ntrig: 100
[11:53:37.976]    DEBUG: <PixTestParameters.cc/dump:L107>   cals: 1
[11:53:37.976]    DEBUG: <PixTestParameters.cc/dump:L107>   caldello: 80
[11:53:37.976]    DEBUG: <PixTestParameters.cc/dump:L107>   caldelhi: 200
[11:53:37.976]    DEBUG: <PixTestParameters.cc/dump:L107>   caldelstep: 10
[11:53:37.976]    DEBUG: <PixTestParameters.cc/dump:L107>   vthrcomplo: 70
[11:53:37.976]    DEBUG: <PixTestParameters.cc/dump:L107>   vthrcomphi: 130
[11:53:37.976]    DEBUG: <PixTestParameters.cc/dump:L107>   vthrcompstep: 5
[11:53:37.976]    DEBUG: <PixTestParameters.cc/dump:L107>   noisypixels: 10
[11:53:37.976]    DEBUG: <PixTestParameters.cc/dump:L107>   vcal: 255
[11:53:37.976]    DEBUG: <PixTestParameters.cc/dump:L107>   cut: 0.5
[11:53:37.976]    DEBUG: <PixTestParameters.cc/dump:L104> PixTestParameters: ->Cmd<-
[11:53:37.976]    DEBUG: <PixTestParameters.cc/dump:L104> PixTestParameters: ->DAQ<-
[11:53:37.976]    DEBUG: <PixTestParameters.cc/dump:L107>   delaytbm: checkbox
[11:53:37.976]    DEBUG: <PixTestParameters.cc/dump:L107>   filltree: checkbox
[11:53:37.976]    DEBUG: <PixTestParameters.cc/dump:L107>   trgfrequency(khz): 100
[11:53:37.976]    DEBUG: <PixTestParameters.cc/dump:L107>   maskhotpixels: button
[11:53:37.976]    DEBUG: <PixTestParameters.cc/dump:L107>   trgnumber: 5
[11:53:37.976]    DEBUG: <PixTestParameters.cc/dump:L107>   iterations: 10
[11:53:37.976]    DEBUG: <PixTestParameters.cc/dump:L107>   rundaqtrg: button
[11:53:37.976]    DEBUG: <PixTestParameters.cc/dump:L107>   daqseconds: 5
[11:53:37.976]    DEBUG: <PixTestParameters.cc/dump:L107>   rundaqseconds: button
[11:53:37.976]    DEBUG: <PixTestParameters.cc/dump:L104> PixTestParameters: ->DacDacScan<-
[11:53:37.976]    DEBUG: <PixTestParameters.cc/dump:L107>   phmap: checkbox
[11:53:37.977]    DEBUG: <PixTestParameters.cc/dump:L107>   ntrig: 10
[11:53:37.977]    DEBUG: <PixTestParameters.cc/dump:L107>   dac1: caldel
[11:53:37.977]    DEBUG: <PixTestParameters.cc/dump:L107>   dac1lo: 0
[11:53:37.977]    DEBUG: <PixTestParameters.cc/dump:L107>   dac1hi: 255
[11:53:37.977]    DEBUG: <PixTestParameters.cc/dump:L107>   dac2: vthrcomp
[11:53:37.977]    DEBUG: <PixTestParameters.cc/dump:L107>   dac2lo: 0
[11:53:37.977]    DEBUG: <PixTestParameters.cc/dump:L107>   dac2hi: 255
[11:53:37.977]    DEBUG: <PixTestParameters.cc/dump:L107>   pix: 11,20
[11:53:37.977]    DEBUG: <PixTestParameters.cc/dump:L104> PixTestParameters: ->DacScan<-
[11:53:37.977]    DEBUG: <PixTestParameters.cc/dump:L107>   phmap: checkbox(1)
[11:53:37.977]    DEBUG: <PixTestParameters.cc/dump:L107>   allpixels: checkbox(0)
[11:53:37.977]    DEBUG: <PixTestParameters.cc/dump:L107>   unmasked: checkbox(0)
[11:53:37.977]    DEBUG: <PixTestParameters.cc/dump:L107>   ntrig: 10
[11:53:37.977]    DEBUG: <PixTestParameters.cc/dump:L107>   dac: vcal
[11:53:37.977]    DEBUG: <PixTestParameters.cc/dump:L107>   daclo: 0
[11:53:37.977]    DEBUG: <PixTestParameters.cc/dump:L107>   dachi: 255
[11:53:37.977]    DEBUG: <PixTestParameters.cc/dump:L107>   pix: 11,20
[11:53:37.977]    DEBUG: <PixTestParameters.cc/dump:L104> PixTestParameters: ->GainPedestal<-
[11:53:37.977]    DEBUG: <PixTestParameters.cc/dump:L107>   showfits: checkbox(0)
[11:53:37.977]    DEBUG: <PixTestParameters.cc/dump:L107>   extended: checkbox(0)
[11:53:37.977]    DEBUG: <PixTestParameters.cc/dump:L107>   dumphists: checkbox(0)
[11:53:37.977]    DEBUG: <PixTestParameters.cc/dump:L107>   ntrig: 10
[11:53:37.977]    DEBUG: <PixTestParameters.cc/dump:L107>   vcalstep: 10
[11:53:37.977]    DEBUG: <PixTestParameters.cc/dump:L107>   measure: button
[11:53:37.977]    DEBUG: <PixTestParameters.cc/dump:L107>   fit: button
[11:53:37.977]    DEBUG: <PixTestParameters.cc/dump:L107>   save: button
[11:53:37.977]    DEBUG: <PixTestParameters.cc/dump:L104> PixTestParameters: ->HighRate<-
[11:53:37.977]    DEBUG: <PixTestParameters.cc/dump:L107>   pix: 11,20
[11:53:37.977]    DEBUG: <PixTestParameters.cc/dump:L107>   trimhotpixels: button
[11:53:37.977]    DEBUG: <PixTestParameters.cc/dump:L107>   trimhotpixelthr: 200
[11:53:37.977]    DEBUG: <PixTestParameters.cc/dump:L107>   runsecondshotpixels: 10
[11:53:37.977]    DEBUG: <PixTestParameters.cc/dump:L107>   savetrimbits: checkbox(1)
[11:53:37.977]    DEBUG: <PixTestParameters.cc/dump:L107>   maskuntrimmable: checkbox(1)
[11:53:37.977]    DEBUG: <PixTestParameters.cc/dump:L107>   maskhotpixels: button
[11:53:37.977]    DEBUG: <PixTestParameters.cc/dump:L107>   savemaskfile: checkbox(0)
[11:53:37.977]    DEBUG: <PixTestParameters.cc/dump:L107>   maskfilename: default
[11:53:37.977]    DEBUG: <PixTestParameters.cc/dump:L107>   caldelscan: button
[11:53:37.977]    DEBUG: <PixTestParameters.cc/dump:L107>   xpixelalive: button
[11:53:37.977]    DEBUG: <PixTestParameters.cc/dump:L107>   ntrig: 50
[11:53:37.977]    DEBUG: <PixTestParameters.cc/dump:L107>   vcal: 200
[11:53:37.977]    DEBUG: <PixTestParameters.cc/dump:L107>   xnoisemaps: button
[11:53:37.977]    DEBUG: <PixTestParameters.cc/dump:L107>   daclo: 0
[11:53:37.977]    DEBUG: <PixTestParameters.cc/dump:L107>   dachi: 100
[11:53:37.977]    DEBUG: <PixTestParameters.cc/dump:L107>   dacs/step: 20
[11:53:37.977]    DEBUG: <PixTestParameters.cc/dump:L107>   rundaq: button
[11:53:37.977]    DEBUG: <PixTestParameters.cc/dump:L107>   trgfrequency(khz): 20
[11:53:37.977]    DEBUG: <PixTestParameters.cc/dump:L107>   runseconds: 2
[11:53:37.977]    DEBUG: <PixTestParameters.cc/dump:L107>   triggerdelay: 20
[11:53:37.977]    DEBUG: <PixTestParameters.cc/dump:L107>   delaytbm: checkbox
[11:53:37.977]    DEBUG: <PixTestParameters.cc/dump:L107>   filltree: checkbox
[11:53:37.977]    DEBUG: <PixTestParameters.cc/dump:L104> PixTestParameters: ->IV<-
[11:53:37.978]    DEBUG: <PixTestParameters.cc/dump:L107>   port: /dev/FIXME
[11:53:37.978]    DEBUG: <PixTestParameters.cc/dump:L107>   voltagestart: 0
[11:53:37.978]    DEBUG: <PixTestParameters.cc/dump:L107>   voltagestop: 600
[11:53:37.978]    DEBUG: <PixTestParameters.cc/dump:L107>   voltagestep: 5
[11:53:37.978]    DEBUG: <PixTestParameters.cc/dump:L107>   delay: 1
[11:53:37.978]    DEBUG: <PixTestParameters.cc/dump:L107>   compliance(ua): 100
[11:53:37.978]    DEBUG: <PixTestParameters.cc/dump:L104> PixTestParameters: ->PhOptimization<-
[11:53:37.978]    DEBUG: <PixTestParameters.cc/dump:L107>   ntrig: 10
[11:53:37.978]    DEBUG: <PixTestParameters.cc/dump:L107>   safetymarginlow: 20
[11:53:37.978]    DEBUG: <PixTestParameters.cc/dump:L107>   saturationvcal: 100
[11:53:37.978]    DEBUG: <PixTestParameters.cc/dump:L107>   quantilesaturation: 0.98
[11:53:37.978]    DEBUG: <PixTestParameters.cc/dump:L104> PixTestParameters: ->PixelAlive<-
[11:53:37.978]    DEBUG: <PixTestParameters.cc/dump:L107>   ntrig: 10
[11:53:37.978]    DEBUG: <PixTestParameters.cc/dump:L107>   vcal: 200
[11:53:37.978]    DEBUG: <PixTestParameters.cc/dump:L107>   alivetest: button
[11:53:37.978]    DEBUG: <PixTestParameters.cc/dump:L107>   masktest: button
[11:53:37.978]    DEBUG: <PixTestParameters.cc/dump:L107>   addressdecodingtest: button
[11:53:37.978]    DEBUG: <PixTestParameters.cc/dump:L104> PixTestParameters: ->Pretest<-
[11:53:37.978]    DEBUG: <PixTestParameters.cc/dump:L107>   programroc: button
[11:53:37.978]    DEBUG: <PixTestParameters.cc/dump:L107>   targetia: 24
[11:53:37.978]    DEBUG: <PixTestParameters.cc/dump:L107>   setvana: button
[11:53:37.978]    DEBUG: <PixTestParameters.cc/dump:L107>   iterations: 100
[11:53:37.978]    DEBUG: <PixTestParameters.cc/dump:L107>   settimings: button
[11:53:37.978]    DEBUG: <PixTestParameters.cc/dump:L107>   findtiming: button
[11:53:37.978]    DEBUG: <PixTestParameters.cc/dump:L107>   findworkingpixel: button
[11:53:37.978]    DEBUG: <PixTestParameters.cc/dump:L107>   setvthrcompcaldel: button
[11:53:37.978]    DEBUG: <PixTestParameters.cc/dump:L107>   pix: 11,20
[11:53:37.978]    DEBUG: <PixTestParameters.cc/dump:L107>   vcal: 250
[11:53:37.978]    DEBUG: <PixTestParameters.cc/dump:L107>   deltavthrcomp: 50
[11:53:37.978]    DEBUG: <PixTestParameters.cc/dump:L107>   fraccaldel: 0.5
[11:53:37.978]    DEBUG: <PixTestParameters.cc/dump:L107>   ntrig: 5
[11:53:37.978]    DEBUG: <PixTestParameters.cc/dump:L107>   savedacs: button
[11:53:37.978]    DEBUG: <PixTestParameters.cc/dump:L104> PixTestParameters: ->Readback<-
[11:53:37.978]    DEBUG: <PixTestParameters.cc/dump:L107>   calibratevd: button
[11:53:37.978]    DEBUG: <PixTestParameters.cc/dump:L107>   calibrateva: button
[11:53:37.978]    DEBUG: <PixTestParameters.cc/dump:L107>   calibrateia: button
[11:53:37.978]    DEBUG: <PixTestParameters.cc/dump:L107>   readbackvbg: button
[11:53:37.978]    DEBUG: <PixTestParameters.cc/dump:L107>   getcalibratedvbg: button
[11:53:37.978]    DEBUG: <PixTestParameters.cc/dump:L107>   usecalvd: checkbox(1)
[11:53:37.978]    DEBUG: <PixTestParameters.cc/dump:L107>   usecalva: checkbox(0)
[11:53:37.978]    DEBUG: <PixTestParameters.cc/dump:L107>   setvana: button
[11:53:37.978]    DEBUG: <PixTestParameters.cc/dump:L104> PixTestParameters: ->Scurves<-
[11:53:37.978]    DEBUG: <PixTestParameters.cc/dump:L107>   adjustvcal: checkbox(0)
[11:53:37.978]    DEBUG: <PixTestParameters.cc/dump:L107>   dumpall: checkbox(0)
[11:53:37.978]    DEBUG: <PixTestParameters.cc/dump:L107>   dumpproblematic: checkbox(0)
[11:53:37.978]    DEBUG: <PixTestParameters.cc/dump:L107>   dumpoutputfile: checkbox(0)
[11:53:37.978]    DEBUG: <PixTestParameters.cc/dump:L107>   ntrig: 50
[11:53:37.978]    DEBUG: <PixTestParameters.cc/dump:L107>   dac: Vcal
[11:53:37.978]    DEBUG: <PixTestParameters.cc/dump:L107>   daclo: 0
[11:53:37.978]    DEBUG: <PixTestParameters.cc/dump:L107>   dachi: 200
[11:53:37.978]    DEBUG: <PixTestParameters.cc/dump:L107>   dacs/step: -1
[11:53:37.978]    DEBUG: <PixTestParameters.cc/dump:L107>   ntrig/step: -1
[11:53:37.978]    DEBUG: <PixTestParameters.cc/dump:L107>   scurves: button
[11:53:37.978]    DEBUG: <PixTestParameters.cc/dump:L104> PixTestParameters: ->Timing<-
[11:53:37.978]    DEBUG: <PixTestParameters.cc/dump:L107>   targetclk: 4
[11:53:37.978]    DEBUG: <PixTestParameters.cc/dump:L107>   ntrig: 10
[11:53:37.978]    DEBUG: <PixTestParameters.cc/dump:L107>   clocksdascan: button
[11:53:37.978]    DEBUG: <PixTestParameters.cc/dump:L107>   notokenpass: checkbox(0)
[11:53:37.978]    DEBUG: <PixTestParameters.cc/dump:L107>   phasescan: button
[11:53:37.978]    DEBUG: <PixTestParameters.cc/dump:L107>   levelscan: button
[11:53:37.978]    DEBUG: <PixTestParameters.cc/dump:L107>   tbmphasescan: button
[11:53:37.978]    DEBUG: <PixTestParameters.cc/dump:L107>   rocdelayscan: button
[11:53:37.978]    DEBUG: <PixTestParameters.cc/dump:L107>   timingtest: button
[11:53:37.979]    DEBUG: <PixTestParameters.cc/dump:L107>   saveparameters: button
[11:53:37.979]    DEBUG: <PixTestParameters.cc/dump:L104> PixTestParameters: ->Trim<-
[11:53:37.979]    DEBUG: <PixTestParameters.cc/dump:L107>   trim: button
[11:53:37.979]    DEBUG: <PixTestParameters.cc/dump:L107>   ntrig: 8
[11:53:37.979]    DEBUG: <PixTestParameters.cc/dump:L107>   vcal: 35
[11:53:37.979]    DEBUG: <PixTestParameters.cc/dump:L107>   trimbits: button
[11:53:37.979]    DEBUG: <PixTestParameters.cc/dump:L104> PixTestParameters: ->Xray<-
[11:53:37.979]    DEBUG: <PixTestParameters.cc/dump:L107>   maskhotpixels: button
[11:53:37.979]    DEBUG: <PixTestParameters.cc/dump:L107>   savemaskfile: checkbox(0)
[11:53:37.979]    DEBUG: <PixTestParameters.cc/dump:L107>   maskfilename: default
[11:53:37.979]    DEBUG: <PixTestParameters.cc/dump:L107>   source: Ag
[11:53:37.979]    DEBUG: <PixTestParameters.cc/dump:L107>   phrun: button
[11:53:37.979]    DEBUG: <PixTestParameters.cc/dump:L107>   runseconds: 100
[11:53:37.979]    DEBUG: <PixTestParameters.cc/dump:L107>   trgfrequency(khz): 100
[11:53:37.979]    DEBUG: <PixTestParameters.cc/dump:L107>   ratescan: button
[11:53:37.979]    DEBUG: <PixTestParameters.cc/dump:L107>   vthrcompmin: 10
[11:53:37.979]    DEBUG: <PixTestParameters.cc/dump:L107>   vthrcompmax: 80
[11:53:37.979]    DEBUG: <PixTestParameters.cc/dump:L107>   stepseconds: 5
[11:53:37.979]    DEBUG: <PixTestParameters.cc/dump:L107>   delaytbm: checkbox
[11:53:37.979]    DEBUG: <PixTestParameters.cc/dump:L107>   filltree: checkbox
[11:53:37.981]    DEBUG: <PixSetup.cc/init:L81> PixSetup init start; getCurrentRSS() = 34832384
[11:53:37.981]    DEBUG: <PixSetup.cc/init:L87> fPixTestParameters = 0x1374380
[11:53:37.981]    DEBUG: <PixSetup.cc/init:L88>  fConfigParameters = 0x12e9c10
[11:53:37.981]    DEBUG: <PixSetup.cc/init:L89>        fPxarMemory = 0x7fb35ff91010
[11:53:37.981]    DEBUG: <PixSetup.cc/init:L90>         fPxarMemHi = 0x7fb3661fc510
[11:53:37.981]    DEBUG: <PixSetup.cc/init:L106> PixSetup init done;  getCurrentRSS() = 34840576 fPxarMemory = 0x7fb35ff91010
[11:53:37.982]    DEBUG: <pXar.cc/main:L223> Initial Analog Current: 381mA
[11:53:37.984]    DEBUG: <pXar.cc/main:L224> Initial Digital Current: 467.1mA
[11:53:37.984]    DEBUG: <pXar.cc/main:L225> Initial Module Temperature: 19.5 C
[11:53:38.482]    DEBUG: <PixGui.cc/hvOn:L460> HV set On: 0x19326e0
[11:53:38.548]    DEBUG: <PixTestFactory.cc/PixTestFactory:L53> PixTestFactory::PixTestFactory()
[11:53:38.548]    DEBUG: <PixTestBBMap.cc/init:L79> PixTestBBMap::init()
[11:53:38.548]    DEBUG: <PixTestBBMap.cc/PixTestBBMap:L27> PixTestBBMap ctor(PixSetup &a, string, TGTab *)
[11:53:38.554]    DEBUG: <PixTestBB2Map.cc/setParameter:L58> setting fTargetIa    = 24 mA/ROC
[11:53:38.554]    DEBUG: <PixTestBB2Map.cc/init:L97> PixTestBB2Map::init()
[11:53:38.554]    DEBUG: <PixTestBB2Map.cc/PixTestBB2Map:L29> PixTestBB2Map ctor(PixSetup &a, string, TGTab *)
[11:53:38.576]    DEBUG: <PixTestBB3Map.cc/init:L81> PixTestBB3Map::init()
[11:53:38.576]    DEBUG: <PixTestBB3Map.cc/PixTestBB3Map:L29> PixTestBB3Map ctor(PixSetup &a, string, TGTab *)
[11:53:38.592]    DEBUG: <PixTestBB4Map.cc/init:L93> PixTestBB4Map::init()
[11:53:38.592]    DEBUG: <PixTestBB4Map.cc/PixTestBB4Map:L26> PixTestMapeff ctor(PixSetup &a, string, TGTab *)
[11:53:38.601]     INFO: PixTestCmd::init()
[11:53:38.620]    DEBUG: <PixTestDaq.cc/init:L44> PixTestDaq::init()
[11:53:38.620]    DEBUG: <PixTestDaq.cc/PixTestDaq:L22> PixTestDaq ctor(PixSetup &a, string, TGTab *)
[11:53:38.620]     INFO: readGainPedestalParameters data/mh127/M-H-1-27_ElComandanteTest_2016-01-07_15h43m_1452203009/000_FPIXTest_p17/phCalibrationFitErr35_C0.dat .. data/mh127/M-H-1-27_ElComandanteTest_2016-01-07_15h43m_1452203009/000_FPIXTest_p17/phCalibrationFitErr35_C15.dat
[11:53:38.864]    DEBUG: <PixTestDacDacScan.cc/init:L103> PixTestDacDacScan::init()
[11:53:38.864]    DEBUG: <PixTestDacDacScan.cc/PixTestDacDacScan:L22> PixTestDacDacScan ctor(PixSetup &a, string, TGTab *)
[11:53:38.879]    DEBUG: <PixTestGainPedestal.cc/setParameter:L83> PixTestGainPedestal::PixTest() fVcalStep = 10
[11:53:38.884]    DEBUG: <PixTestHighRate.cc/setParameter:L68>   setting fParTriggerFrequency -> 20
[11:53:38.885]    DEBUG: <PixTestHighRate.cc/init:L198> PixTestHighRate::init()
[11:53:38.885]    DEBUG: <PixTestHighRate.cc/PixTestHighRate:L31> PixTestHighRate ctor(PixSetup &a, string, TGTab *)
[11:53:38.909]    DEBUG: <PixTest.cc/setTestParameter:L637>  setting  ntrig to new value 10
[11:53:38.909]    DEBUG: <PixTestPhOptimization.cc/setParameter:L37>   setting fParNtrig  ->10<- from sval = 10
[11:53:38.909]    DEBUG: <PixTestPhOptimization.cc/setParameter:L42>   setting fSafetyMarginLow  ->20<- from sval = 20
[11:53:38.909]    DEBUG: <PixTestPhOptimization.cc/setParameter:L48>   setting fVcalMax  ->100<- from sval = 100
[11:53:38.909]    DEBUG: <PixTestPhOptimization.cc/setParameter:L53>   setting fQuantMax  ->0.98<- from sval = 0.98
[11:53:38.915]    DEBUG: <PixTestAlive.cc/init:L77> PixTestAlive::init()
[11:53:38.915]    DEBUG: <PixTestAlive.cc/PixTestAlive:L21> PixTestAlive ctor(PixSetup &a, string, TGTab *)
[11:53:38.939]    DEBUG: <PixTestReadback.cc/setParameter:L172> fCalwVd set to 1
[11:53:38.940]    DEBUG: <PixTestReadback.cc/init:L95> PixTestReadback::init()
[11:53:38.940]    DEBUG: <PixTestReadback.cc/PixTestReadback:L22> PixTestReadback ctor(PixSetup &a, string, TGTab *)
[11:53:38.940]     INFO: readReadbackCal: data/mh127/M-H-1-27_ElComandanteTest_2016-01-07_15h43m_1452203009/000_FPIXTest_p17/readbackCal_C0.dat .. data/mh127/M-H-1-27_ElComandanteTest_2016-01-07_15h43m_1452203009/000_FPIXTest_p17/readbackCal_C15.dat
[11:53:38.951]    DEBUG: <PixTestScurves.cc/setParameter:L93> set fOutputFilename = 
[11:53:38.970]    DEBUG: <PixTestTiming.cc/setParameter:L60> PixTestTiming::PixTest() targetclk = 4
[11:53:38.970]    DEBUG: <PixTestTiming.cc/setParameter:L64> PixTestTiming::PixTest() ntrig = 10
[11:53:38.970]    DEBUG: <PixTestTiming.cc/setParameter:L48> fNoTokenPass: 0
[11:53:38.970]    DEBUG: <PixTestTiming.cc/init:L74> PixTestTiming::init()
[11:53:38.982]    DEBUG: <PixTestXray.cc/init:L134> PixTestXray::init()
[11:53:38.982]    DEBUG: <PixTestXray.cc/PixTestXray:L28> PixTestXray ctor(PixSetup &a, string, TGTab *)
[11:53:46.836]    DEBUG: <PixTab.cc/buttonClicked:L308> xxxPressed():  caldelscan
[11:53:46.836]    DEBUG: <PixTestHighRate.cc/runCommand:L157> running command: caldelscan
[11:53:46.836]     INFO:    ----------------------------------------------------------------------
[11:53:46.836]     INFO:    PixTestHighRate::calDelScan() ntrig = 10, vcal = 200
[11:53:46.836]     INFO:    ----------------------------------------------------------------------
[11:53:46.977]     INFO: Expecting 768 events.
[11:53:48.115]     INFO: 768 events read in total (419ms).
[11:53:48.304]     INFO: Test took 1462ms.
[11:53:48.310]    DEBUG: <PixTest.cc/efficiencyMaps:L396>       attempt #0
[11:53:48.981]     INFO: Expecting 41600 events.
[11:53:52.800]     INFO: 41600 events read in total (3292ms).
[11:53:52.806]     INFO: Test took 4496ms.
[11:53:52.955]     INFO: Fetched DAQ statistics. Counters are being reset now.
[11:53:52.955]    DEBUG: <PixTest.cc/efficiencyMaps:L407>  eff result size = 879442
[11:53:52.955]    DEBUG: <PixTest.cc/efficiencyMaps:L412> Create hists HR_xeff_CalDelScan_step0_C0 .. HR_xeff_CalDelScan_step0_C15
[11:53:52.955]    DEBUG: <PixTest.cc/efficiencyMaps:L426> booking xray maps for unmasked detector
[11:53:53.020]    DEBUG: <PixTest.cc/efficiencyMaps:L396>       attempt #0
[11:53:53.685]     INFO: Expecting 41600 events.
[11:53:57.633]     INFO: 41600 events read in total (3421ms).
[11:53:57.639]     INFO: Test took 4619ms.
[11:53:57.786]     INFO: Fetched DAQ statistics. Counters are being reset now.
[11:53:57.786]    DEBUG: <PixTest.cc/efficiencyMaps:L407>  eff result size = 888630
[11:53:57.786]    DEBUG: <PixTest.cc/efficiencyMaps:L412> Create hists HR_xeff_CalDelScan_step1_C0 .. HR_xeff_CalDelScan_step1_C15
[11:53:57.787]    DEBUG: <PixTest.cc/efficiencyMaps:L426> booking xray maps for unmasked detector
[11:53:57.855]    DEBUG: <PixTest.cc/efficiencyMaps:L396>       attempt #0
[11:53:58.520]     INFO: Expecting 41600 events.
[11:54:02.512]     INFO: 41600 events read in total (3465ms).
[11:54:02.518]     INFO: Test took 4663ms.
[11:54:02.662]     INFO: Fetched DAQ statistics. Counters are being reset now.
[11:54:02.662]    DEBUG: <PixTest.cc/efficiencyMaps:L407>  eff result size = 887694
[11:54:02.663]    DEBUG: <PixTest.cc/efficiencyMaps:L412> Create hists HR_xeff_CalDelScan_step2_C0 .. HR_xeff_CalDelScan_step2_C15
[11:54:02.663]    DEBUG: <PixTest.cc/efficiencyMaps:L426> booking xray maps for unmasked detector
[11:54:02.729]    DEBUG: <PixTest.cc/efficiencyMaps:L396>       attempt #0
[11:54:03.394]     INFO: Expecting 41600 events.
[11:54:07.363]     INFO: 41600 events read in total (3442ms).
[11:54:07.369]     INFO: Test took 4639ms.
[11:54:07.514]     INFO: Fetched DAQ statistics. Counters are being reset now.
[11:54:07.515]    DEBUG: <PixTest.cc/efficiencyMaps:L407>  eff result size = 890927
[11:54:07.515]    DEBUG: <PixTest.cc/efficiencyMaps:L412> Create hists HR_xeff_CalDelScan_step3_C0 .. HR_xeff_CalDelScan_step3_C15
[11:54:07.515]    DEBUG: <PixTest.cc/efficiencyMaps:L426> booking xray maps for unmasked detector
[11:54:07.582]    DEBUG: <PixTest.cc/efficiencyMaps:L396>       attempt #0
[11:54:08.247]     INFO: Expecting 41600 events.
[11:54:12.242]     INFO: 41600 events read in total (3468ms).
[11:54:12.247]     INFO: Test took 4665ms.
[11:54:12.391]     INFO: Fetched DAQ statistics. Counters are being reset now.
[11:54:12.391]    DEBUG: <PixTest.cc/efficiencyMaps:L407>  eff result size = 891411
[11:54:12.391]    DEBUG: <PixTest.cc/efficiencyMaps:L412> Create hists HR_xeff_CalDelScan_step4_C0 .. HR_xeff_CalDelScan_step4_C15
[11:54:12.391]    DEBUG: <PixTest.cc/efficiencyMaps:L426> booking xray maps for unmasked detector
[11:54:12.458]    DEBUG: <PixTest.cc/efficiencyMaps:L396>       attempt #0
[11:54:13.123]     INFO: Expecting 41600 events.
[11:54:17.134]     INFO: 41600 events read in total (3484ms).
[11:54:17.139]     INFO: Test took 4681ms.
[11:54:17.287]     INFO: Fetched DAQ statistics. Counters are being reset now.
[11:54:17.287]    DEBUG: <PixTest.cc/efficiencyMaps:L407>  eff result size = 890784
[11:54:17.287]    DEBUG: <PixTest.cc/efficiencyMaps:L412> Create hists HR_xeff_CalDelScan_step5_C0 .. HR_xeff_CalDelScan_step5_C15
[11:54:17.288]    DEBUG: <PixTest.cc/efficiencyMaps:L426> booking xray maps for unmasked detector
[11:54:17.353]    DEBUG: <PixTest.cc/efficiencyMaps:L396>       attempt #0
[11:54:18.018]     INFO: Expecting 41600 events.
[11:54:22.035]     INFO: 41600 events read in total (3491ms).
[11:54:22.040]     INFO: Test took 4687ms.
[11:54:22.188]     INFO: Fetched DAQ statistics. Counters are being reset now.
[11:54:22.188]    DEBUG: <PixTest.cc/efficiencyMaps:L407>  eff result size = 892387
[11:54:22.189]    DEBUG: <PixTest.cc/efficiencyMaps:L412> Create hists HR_xeff_CalDelScan_step6_C0 .. HR_xeff_CalDelScan_step6_C15
[11:54:22.189]    DEBUG: <PixTest.cc/efficiencyMaps:L426> booking xray maps for unmasked detector
[11:54:22.258]    DEBUG: <PixTest.cc/efficiencyMaps:L396>       attempt #0
[11:54:22.925]     INFO: Expecting 41600 events.
[11:54:26.925]     INFO: 41600 events read in total (3473ms).
[11:54:26.931]     INFO: Test took 4672ms.
[11:54:27.079]     INFO: Fetched DAQ statistics. Counters are being reset now.
[11:54:27.080]    DEBUG: <PixTest.cc/efficiencyMaps:L407>  eff result size = 891315
[11:54:27.080]    DEBUG: <PixTest.cc/efficiencyMaps:L412> Create hists HR_xeff_CalDelScan_step7_C0 .. HR_xeff_CalDelScan_step7_C15
[11:54:27.080]    DEBUG: <PixTest.cc/efficiencyMaps:L426> booking xray maps for unmasked detector
[11:54:27.146]    DEBUG: <PixTest.cc/efficiencyMaps:L396>       attempt #0
[11:54:27.811]     INFO: Expecting 41600 events.
[11:54:31.827]     INFO: 41600 events read in total (3489ms).
[11:54:31.832]     INFO: Test took 4686ms.
[11:54:31.975]     INFO: Fetched DAQ statistics. Counters are being reset now.
[11:54:31.975]    DEBUG: <PixTest.cc/efficiencyMaps:L407>  eff result size = 892137
[11:54:31.975]    DEBUG: <PixTest.cc/efficiencyMaps:L412> Create hists HR_xeff_CalDelScan_step8_C0 .. HR_xeff_CalDelScan_step8_C15
[11:54:31.975]    DEBUG: <PixTest.cc/efficiencyMaps:L426> booking xray maps for unmasked detector
[11:54:32.042]    DEBUG: <PixTest.cc/efficiencyMaps:L396>       attempt #0
[11:54:32.707]     INFO: Expecting 41600 events.
[11:54:36.733]     INFO: 41600 events read in total (3499ms).
[11:54:36.738]     INFO: Test took 4696ms.
[11:54:36.886]     INFO: Fetched DAQ statistics. Counters are being reset now.
[11:54:36.886]    DEBUG: <PixTest.cc/efficiencyMaps:L407>  eff result size = 892904
[11:54:36.886]    DEBUG: <PixTest.cc/efficiencyMaps:L412> Create hists HR_xeff_CalDelScan_step9_C0 .. HR_xeff_CalDelScan_step9_C15
[11:54:36.887]    DEBUG: <PixTest.cc/efficiencyMaps:L426> booking xray maps for unmasked detector
[11:54:36.957]    DEBUG: <PixTest.cc/efficiencyMaps:L396>       attempt #0
[11:54:37.624]     INFO: Expecting 41600 events.
[11:54:41.651]     INFO: 41600 events read in total (3500ms).
[11:54:41.656]     INFO: Test took 4699ms.
[11:54:41.803]     INFO: Fetched DAQ statistics. Counters are being reset now.
[11:54:41.803]    DEBUG: <PixTest.cc/efficiencyMaps:L407>  eff result size = 894464
[11:54:41.803]    DEBUG: <PixTest.cc/efficiencyMaps:L412> Create hists HR_xeff_CalDelScan_step10_C0 .. HR_xeff_CalDelScan_step10_C15
[11:54:41.804]    DEBUG: <PixTest.cc/efficiencyMaps:L426> booking xray maps for unmasked detector
[11:54:41.873]    DEBUG: <PixTest.cc/efficiencyMaps:L396>       attempt #0
[11:54:42.539]     INFO: Expecting 41600 events.
[11:54:46.565]     INFO: 41600 events read in total (3499ms).
[11:54:46.570]     INFO: Test took 4697ms.
[11:54:46.716]     INFO: Fetched DAQ statistics. Counters are being reset now.
[11:54:46.716]    DEBUG: <PixTest.cc/efficiencyMaps:L407>  eff result size = 891661
[11:54:46.717]    DEBUG: <PixTest.cc/efficiencyMaps:L412> Create hists HR_xeff_CalDelScan_step11_C0 .. HR_xeff_CalDelScan_step11_C15
[11:54:46.717]    DEBUG: <PixTest.cc/efficiencyMaps:L426> booking xray maps for unmasked detector
[11:54:46.786]    DEBUG: <PixTest.cc/efficiencyMaps:L396>       attempt #0
[11:54:47.453]     INFO: Expecting 41600 events.
[11:54:51.474]     INFO: 41600 events read in total (3494ms).
[11:54:51.479]     INFO: Test took 4692ms.
[11:54:51.627]     INFO: Fetched DAQ statistics. Counters are being reset now.
[11:54:51.627]    DEBUG: <PixTest.cc/efficiencyMaps:L407>  eff result size = 892894
[11:54:51.627]    DEBUG: <PixTest.cc/efficiencyMaps:L412> Create hists HR_xeff_CalDelScan_step12_C0 .. HR_xeff_CalDelScan_step12_C15
[11:54:51.627]    DEBUG: <PixTest.cc/efficiencyMaps:L426> booking xray maps for unmasked detector
[11:54:51.694]    DEBUG: <PixTest.cc/efficiencyMaps:L396>       attempt #0
[11:54:52.361]     INFO: Expecting 41600 events.
[11:54:56.378]     INFO: 41600 events read in total (3490ms).
[11:54:56.383]     INFO: Test took 4689ms.
[11:54:56.529]     INFO: Fetched DAQ statistics. Counters are being reset now.
[11:54:56.529]    DEBUG: <PixTest.cc/efficiencyMaps:L407>  eff result size = 893485
[11:54:56.529]    DEBUG: <PixTest.cc/efficiencyMaps:L412> Create hists HR_xeff_CalDelScan_step13_C0 .. HR_xeff_CalDelScan_step13_C15
[11:54:56.530]    DEBUG: <PixTest.cc/efficiencyMaps:L426> booking xray maps for unmasked detector
[11:54:56.594]    DEBUG: <PixTest.cc/efficiencyMaps:L396>       attempt #0
[11:54:57.259]     INFO: Expecting 41600 events.
[11:55:01.270]     INFO: 41600 events read in total (3484ms).
[11:55:01.275]     INFO: Test took 4681ms.
[11:55:01.422]     INFO: Fetched DAQ statistics. Counters are being reset now.
[11:55:01.422]    DEBUG: <PixTest.cc/efficiencyMaps:L407>  eff result size = 891695
[11:55:01.422]    DEBUG: <PixTest.cc/efficiencyMaps:L412> Create hists HR_xeff_CalDelScan_step14_C0 .. HR_xeff_CalDelScan_step14_C15
[11:55:01.422]    DEBUG: <PixTest.cc/efficiencyMaps:L426> booking xray maps for unmasked detector
[11:55:01.492]    DEBUG: <PixTest.cc/efficiencyMaps:L396>       attempt #0
[11:55:02.157]     INFO: Expecting 41600 events.
[11:55:06.180]     INFO: 41600 events read in total (3496ms).
[11:55:06.185]     INFO: Test took 4693ms.
[11:55:06.332]     INFO: Fetched DAQ statistics. Counters are being reset now.
[11:55:06.333]    DEBUG: <PixTest.cc/efficiencyMaps:L407>  eff result size = 891805
[11:55:06.333]    DEBUG: <PixTest.cc/efficiencyMaps:L412> Create hists HR_xeff_CalDelScan_step15_C0 .. HR_xeff_CalDelScan_step15_C15
[11:55:06.333]    DEBUG: <PixTest.cc/efficiencyMaps:L426> booking xray maps for unmasked detector
[11:55:06.400]    DEBUG: <PixTest.cc/efficiencyMaps:L396>       attempt #0
[11:55:07.065]     INFO: Expecting 41600 events.
[11:55:11.093]     INFO: 41600 events read in total (3501ms).
[11:55:11.099]     INFO: Test took 4699ms.
[11:55:11.250]     INFO: Fetched DAQ statistics. Counters are being reset now.
[11:55:11.250]    DEBUG: <PixTest.cc/efficiencyMaps:L407>  eff result size = 892184
[11:55:11.250]    DEBUG: <PixTest.cc/efficiencyMaps:L412> Create hists HR_xeff_CalDelScan_step16_C0 .. HR_xeff_CalDelScan_step16_C15
[11:55:11.250]    DEBUG: <PixTest.cc/efficiencyMaps:L426> booking xray maps for unmasked detector
[11:55:11.320]    DEBUG: <PixTest.cc/efficiencyMaps:L396>       attempt #0
[11:55:11.987]     INFO: Expecting 41600 events.
[11:55:15.998]     INFO: 41600 events read in total (3484ms).
[11:55:16.004]     INFO: Test took 4684ms.
[11:55:16.152]     INFO: Fetched DAQ statistics. Counters are being reset now.
[11:55:16.152]    DEBUG: <PixTest.cc/efficiencyMaps:L407>  eff result size = 891851
[11:55:16.152]    DEBUG: <PixTest.cc/efficiencyMaps:L412> Create hists HR_xeff_CalDelScan_step17_C0 .. HR_xeff_CalDelScan_step17_C15
[11:55:16.153]    DEBUG: <PixTest.cc/efficiencyMaps:L426> booking xray maps for unmasked detector
[11:55:16.223]    DEBUG: <PixTest.cc/efficiencyMaps:L396>       attempt #0
[11:55:16.890]     INFO: Expecting 41600 events.
[11:55:20.897]     INFO: 41600 events read in total (3481ms).
[11:55:20.903]     INFO: Test took 4680ms.
[11:55:21.046]     INFO: Fetched DAQ statistics. Counters are being reset now.
[11:55:21.046]    DEBUG: <PixTest.cc/efficiencyMaps:L407>  eff result size = 891429
[11:55:21.046]    DEBUG: <PixTest.cc/efficiencyMaps:L412> Create hists HR_xeff_CalDelScan_step18_C0 .. HR_xeff_CalDelScan_step18_C15
[11:55:21.047]    DEBUG: <PixTest.cc/efficiencyMaps:L426> booking xray maps for unmasked detector
[11:55:21.115]    DEBUG: <PixTest.cc/efficiencyMaps:L396>       attempt #0
[11:55:21.780]     INFO: Expecting 41600 events.
[11:55:25.664]     INFO: 41600 events read in total (3357ms).
[11:55:25.670]     INFO: Test took 4555ms.
[11:55:25.816]     INFO: Fetched DAQ statistics. Counters are being reset now.
[11:55:25.816]    DEBUG: <PixTest.cc/efficiencyMaps:L407>  eff result size = 885105
[11:55:25.816]    DEBUG: <PixTest.cc/efficiencyMaps:L412> Create hists HR_xeff_CalDelScan_step19_C0 .. HR_xeff_CalDelScan_step19_C15
[11:55:25.816]    DEBUG: <PixTest.cc/efficiencyMaps:L426> booking xray maps for unmasked detector
[11:55:26.106]    DEBUG: <PixTestHighRate.cc/doCalDelScan:L422> roc  0: caldel = 169 eff = 0.999231
[11:55:26.106]    DEBUG: <PixTestHighRate.cc/doCalDelScan:L422> roc  1: caldel = 149 eff = 0.999087
[11:55:26.107]    DEBUG: <PixTestHighRate.cc/doCalDelScan:L422> roc  2: caldel = 155 eff = 0.998053
[11:55:26.107]    DEBUG: <PixTestHighRate.cc/doCalDelScan:L422> roc  3: caldel = 149 eff = 0.996514
[11:55:26.107]    DEBUG: <PixTestHighRate.cc/doCalDelScan:L422> roc  4: caldel = 139 eff = 0.995553
[11:55:26.107]    DEBUG: <PixTestHighRate.cc/doCalDelScan:L422> roc  5: caldel = 158 eff = 0.995385
[11:55:26.108]    DEBUG: <PixTestHighRate.cc/doCalDelScan:L422> roc  6: caldel = 155 eff = 0.996442
[11:55:26.108]    DEBUG: <PixTestHighRate.cc/doCalDelScan:L422> roc  7: caldel = 167 eff = 0.996346
[11:55:26.108]    DEBUG: <PixTestHighRate.cc/doCalDelScan:L422> roc  8: caldel = 151 eff = 0.995913
[11:55:26.108]    DEBUG: <PixTestHighRate.cc/doCalDelScan:L422> roc  9: caldel = 159 eff = 0.995457
[11:55:26.109]    DEBUG: <PixTestHighRate.cc/doCalDelScan:L422> roc 10: caldel = 171 eff = 0.99476
[11:55:26.109]    DEBUG: <PixTestHighRate.cc/doCalDelScan:L422> roc 11: caldel = 153 eff = 0.995962
[11:55:26.109]    DEBUG: <PixTestHighRate.cc/doCalDelScan:L422> roc 12: caldel = 147 eff = 0.995649
[11:55:26.109]    DEBUG: <PixTestHighRate.cc/doCalDelScan:L422> roc 13: caldel = 163 eff = 0.997524
[11:55:26.110]    DEBUG: <PixTestHighRate.cc/doCalDelScan:L422> roc 14: caldel = 160 eff = 0.998654
[11:55:26.110]    DEBUG: <PixTestHighRate.cc/doCalDelScan:L422> roc 15: caldel = 146 eff = 0.998894
[11:55:32.108]    DEBUG: <PixTab.cc/buttonClicked:L308> xxxPressed():  xpixelalive
[11:55:32.108]    DEBUG: <PixTestHighRate.cc/runCommand:L157> running command: xpixelalive
[11:55:32.108]     INFO:    ----------------------------------------------------------------------
[11:55:32.108]     INFO:    PixTestHighRate::xPixelAlive() ntrig = 50, vcal = 200
[11:55:32.108]     INFO:    ----------------------------------------------------------------------
[11:55:32.109]    DEBUG: <PixTestHighRate.cc/doXPixelAlive:L451>  old set: clk: 4
[11:55:32.109]    DEBUG: <PixTestHighRate.cc/doXPixelAlive:L451>  old set: ctr: 4
[11:55:32.109]    DEBUG: <PixTestHighRate.cc/doXPixelAlive:L451>  old set: sda: 19
[11:55:32.109]    DEBUG: <PixTestHighRate.cc/doXPixelAlive:L451>  old set: tin: 9
[11:55:32.109]    DEBUG: <PixTestHighRate.cc/doXPixelAlive:L451>  old set: level: 15
[11:55:32.109]    DEBUG: <PixTestHighRate.cc/doXPixelAlive:L451>  old set: triggerdelay: 0
[11:55:32.109]    DEBUG: <PixTestHighRate.cc/doXPixelAlive:L467>  setting: clk: 4
[11:55:32.109]    DEBUG: <PixTestHighRate.cc/doXPixelAlive:L467>  setting: ctr: 4
[11:55:32.109]    DEBUG: <PixTestHighRate.cc/doXPixelAlive:L467>  setting: sda: 19
[11:55:32.109]    DEBUG: <PixTestHighRate.cc/doXPixelAlive:L467>  setting: tin: 9
[11:55:32.109]    DEBUG: <PixTestHighRate.cc/doXPixelAlive:L467>  setting: level: 15
[11:55:32.109]    DEBUG: <PixTestHighRate.cc/doXPixelAlive:L467>  setting: triggerdelay: 20
[11:55:32.154]    DEBUG: <PixTest.cc/efficiencyMaps:L396>       attempt #0
[11:55:32.826]     INFO: Expecting 208000 events.
[11:55:49.755]     INFO: 208000 events read in total (16402ms).
[11:55:49.776]     INFO: Test took 17622ms.
[11:55:50.549]     INFO: Fetched DAQ statistics. Counters are being reset now.
[11:55:50.549]    DEBUG: <PixTest.cc/efficiencyMaps:L407>  eff result size = 4144596
[11:55:50.549]    DEBUG: <PixTest.cc/efficiencyMaps:L412> Create hists highRate_C0 .. highRate_C15
[11:55:50.550]    DEBUG: <PixTest.cc/efficiencyMaps:L426> booking xray maps for unmasked detector
[11:55:51.049]     INFO: number of dead pixels (per ROC):     0    0    1    0    0    0    0    0    0    0    0    1    2    1    2    0
[11:55:51.049]     INFO: number of red-efficiency pixels:   219  187  386  664  889  791  743  690  855  909  926  748  786  426  193  266
[11:55:51.049]     INFO: number of X-ray hits detected:    151678 116842 191108 293767 316350 313316 317430 286179 326163 337256 330974 306903 307977 198848 126228 157024
[11:55:51.049]     INFO: number of triggers sent (total per ROC):  208000 208000 208000 208000 208000 208000 208000 208000 208000 208000 208000 208000 208000 208000 208000 208000
[11:55:51.049]     INFO: number of Vcal hits detected:  207772 207804 207509 207256 206969 207071 207148 207212 207021 206923 206900 207082 207006 207479 207704 207723
[11:55:51.049]     INFO: Vcal hit fiducial efficiency (%):  99.9 99.9 99.8 99.7 99.5 99.6 99.6 99.6 99.5 99.5 99.5 99.6 99.6 99.8 99.9 99.9
[11:55:51.049]     INFO: Vcal hit overall efficiency (%):  99.9 99.9 99.8 99.6 99.5 99.6 99.6 99.6 99.5 99.5 99.5 99.6 99.5 99.7 99.9 99.9
[11:55:51.049]     INFO: X-ray hit rate [MHz/cm2]:  44.5 34.2 56.0 86.1 92.7 91.8 93.0 83.9 95.6 98.9 97.0 90.0 90.3 58.3 37.0 46.0
[11:55:51.049]     INFO: PixTestHighRate::doXPixelAlive() done
[11:55:51.094]    DEBUG: <PixTestHighRate.cc/doXPixelAlive:L586>  resetting: clk: 4
[11:55:51.094]    DEBUG: <PixTestHighRate.cc/doXPixelAlive:L586>  resetting: ctr: 4
[11:55:51.094]    DEBUG: <PixTestHighRate.cc/doXPixelAlive:L586>  resetting: sda: 19
[11:55:51.094]    DEBUG: <PixTestHighRate.cc/doXPixelAlive:L586>  resetting: tin: 9
[11:55:51.094]    DEBUG: <PixTestHighRate.cc/doXPixelAlive:L586>  resetting: level: 15
[11:55:51.094]    DEBUG: <PixTestHighRate.cc/doXPixelAlive:L586>  resetting: triggerdelay: 0
[11:55:51.094]     INFO: PixTest::       pg_setup set to default.
[11:56:02.132]    DEBUG: <PixTest.cc/moduleMap:L1029> moduleMap histname: what
[11:56:02.132]    DEBUG: <PixTest.cc/moduleMap:L1039> h1->GetName() = highRate_xraymap_C11_V0 -> highRate_xraymap_mod
[11:56:04.228]    DEBUG: <PixGui.cc/handleButtons:L396> PixGui::exit called
[11:56:04.229]    DEBUG: <PixGui.cc/CloseWindow:L335> Final Analog Current: 383.5mA
[11:56:04.230]    DEBUG: <PixGui.cc/CloseWindow:L336> Final Digital Current: 467.9mA
[11:56:04.230]    DEBUG: <PixGui.cc/CloseWindow:L337> Final Module Temperature: 22.0 C
[11:56:04.230]    DEBUG: <PixTestBBMap.cc/~PixTestBBMap:L97> PixTestBBMap dtor
[11:56:04.230]    DEBUG: <PixTestBB2Map.cc/~PixTestBB2Map:L115> PixTestBB2Map dtor
[11:56:04.230]    DEBUG: <PixTestBB3Map.cc/~PixTestBB3Map:L99> PixTestBB3Map dtor
[11:56:04.230]    DEBUG: <PixTestBB4Map.cc/~PixTestBB4Map:L118> PixTestBB4Map dtor
[11:56:04.230]    DEBUG: <PixTestCmd.cc/~PixTestCmd:L78> PixTestCmd dtor
[11:56:04.230]    DEBUG: <PixTestDaq.cc/~PixTestDaq:L37> PixTestDaq dtor
[11:56:04.230]    DEBUG: <PixTestDacDacScan.cc/~PixTestDacDacScan:L136> PixTestDacDacScan dtor
[11:56:04.230]    DEBUG: <PixTestDacScan.cc/~PixTestDacScan:L129> PixTestDacScan dtor
[11:56:04.230]    DEBUG: <PixTestGainPedestal.cc/~PixTestGainPedestal:L125> PixTestGainPedestal dtor
[11:56:04.230]    DEBUG: <PixTestHighRate.cc/~PixTestHighRate:L245> PixTestHighRate dtor
[11:56:04.327]    DEBUG: <PixTestIV.cc/~PixTestIV:L96> PixTestIV dtor
[11:56:04.327]    DEBUG: <PixTestAlive.cc/~PixTestAlive:L109> PixTestAlive dtor
[11:56:04.327]    DEBUG: <PixTestPretest.cc/~PixTestPretest:L136> PixTestPretest dtor
[11:56:04.327]    DEBUG: <PixTestReadback.cc/~PixTestReadback:L89> PixTestReadback dtor, saving tree ... 
[11:56:04.327]    DEBUG: <PixTestScurves.cc/~PixTestScurves:L142> PixTestScurves dtor
[11:56:04.328]    DEBUG: <PixTestTiming.cc/~PixTestTiming:L97> PixTestTiming dtor
[11:56:04.328]    DEBUG: <PixTestTrim.cc/~PixTestTrim:L103> PixTestTrim dtor
[11:56:04.328]    DEBUG: <PixTestXray.cc/~PixTestXray:L217> PixTestXray dtor
[11:56:04.330]    QUIET: Connection to board 58 closed.
[11:56:04.410]    DEBUG: <PixMonitor.cc/dumpSummaries:L39> PixMonitor::dumpSummaries
