High Rate Efficency Log File Module: mh127

Double Column's with Efficency < 90 % 
Eff at 120MHz/cm^2 : ROC : 0 Eff: 0.99136 +/- 0
Eff at 120MHz/cm^2 : ROC : 1 Eff: 0.991471 +/- 0.00325953
Eff at 120MHz/cm^2 : ROC : 2 Eff: 0.994026 +/- 0.000677828
Eff at 120MHz/cm^2 : ROC : 3 Eff: 0.99351 +/- 0.000503999
Eff at 120MHz/cm^2 : ROC : 4 Eff: 0.993482 +/- 0.000446807
Eff at 120MHz/cm^2 : ROC : 5 Eff: 0.993178 +/- 0.000448893
Eff at 120MHz/cm^2 : ROC : 6 Eff: 0.994048 +/- 0.00038964
Eff at 120MHz/cm^2 : ROC : 7 Eff: 0.994088 +/- 0.000383257
Eff at 120MHz/cm^2 : ROC : 8 Eff: 0.99289 +/- 0.00042312
Eff at 120MHz/cm^2 : ROC : 9 Eff: 0.993171 +/- 0.00039658
Eff at 120MHz/cm^2 : ROC : 10 Eff: 0.993096 +/- 0.000385907
Eff at 120MHz/cm^2 : ROC : 11 Eff: 0.993834 +/- 0.000408855
Eff at 120MHz/cm^2 : ROC : 12 Eff: 0.993106 +/- 0.000457005
Eff at 120MHz/cm^2 : ROC : 13 Eff: 0.993166 +/- 0.000689081
Eff at 120MHz/cm^2 : ROC : 14 Eff: 0.996103 +/- 0.0135593
Eff at 120MHz/cm^2 : ROC : 15 Eff: 0.991025 +/- 0.00664716
High Rate Run: hr
Efficency at 120MHz/cm^2 : mh127 Eff: 0.993408 +/- 0.000127653
