[15:24:20.793]     INFO: *** Welcome to pxar ***
[15:24:20.793]     INFO: *** Today: 2016/01/12
[15:24:20.802]     INFO: *** Version: prod-12
[15:24:20.802]     INFO: readRocDacs: data/mh238/M-H-2-38_ElComandanteTest_2016-01-08_12h56m_1452279411/000_FPIXTest_p17/dacParameters35_C0.dat .. data/mh238/M-H-2-38_ElComandanteTest_2016-01-08_12h56m_1452279411/000_FPIXTest_p17/dacParameters35_C15.dat
[15:24:20.803]     INFO: readTbmDacs: data/mh238/M-H-2-38_ElComandanteTest_2016-01-08_12h56m_1452279411/000_FPIXTest_p17/tbmParameters_C0a.dat .. data/mh238/M-H-2-38_ElComandanteTest_2016-01-08_12h56m_1452279411/000_FPIXTest_p17/tbmParameters_C0b.dat
[15:24:20.804]     INFO: readMaskFile: data/mh238/M-H-2-38_ElComandanteTest_2016-01-08_12h56m_1452279411/000_FPIXTest_p17/defaultMaskFile.dat
[15:24:20.804]     INFO: MASKED Roc 6 col/row: 1 50
[15:24:20.804]     INFO: MASKED Roc 6 col/row: 1 74
[15:24:20.804]     INFO: MASKED Roc 6 col/row: 11 60
[15:24:20.804]     INFO: MASKED Roc 6 col/row: 15 72
[15:24:20.804]     INFO: MASKED Roc 6 col/row: 16 24
[15:24:20.804]     INFO: MASKED Roc 6 col/row: 24 28
[15:24:20.804]     INFO: MASKED Roc 6 col/row: 29 24
[15:24:20.804]     INFO: MASKED Roc 6 col/row: 30 62
[15:24:20.804]     INFO: MASKED Roc 6 col/row: 35 51
[15:24:20.804]     INFO: MASKED Roc 6 col/row: 40 44
[15:24:20.804]     INFO: MASKED Roc 6 col/row: 44 37
[15:24:20.804]     INFO: MASKED Roc 6 col/row: 44 38
[15:24:20.804]     INFO: MASKED Roc 6 col/row: 48 73
[15:24:20.804]     INFO: MASKED Roc 6 col/row: 49 54
[15:24:20.804]     INFO: MASKED Roc 6 col/row: 51 12
[15:24:20.804]     INFO: readTrimFile: data/mh238/M-H-2-38_ElComandanteTest_2016-01-08_12h56m_1452279411/000_FPIXTest_p17/trimParameters35_C0.dat .. data/mh238/M-H-2-38_ElComandanteTest_2016-01-08_12h56m_1452279411/000_FPIXTest_p17/trimParameters35_C15.dat
[15:24:20.862]     INFO:   masking Roc 6 col/row: 1 50
[15:24:20.862]     INFO:   masking Roc 6 col/row: 1 74
[15:24:20.862]     INFO:   masking Roc 6 col/row: 11 60
[15:24:20.862]     INFO:   masking Roc 6 col/row: 15 72
[15:24:20.862]     INFO:   masking Roc 6 col/row: 16 24
[15:24:20.863]     INFO:   masking Roc 6 col/row: 24 28
[15:24:20.863]     INFO:   masking Roc 6 col/row: 29 24
[15:24:20.863]     INFO:   masking Roc 6 col/row: 30 62
[15:24:20.863]     INFO:   masking Roc 6 col/row: 35 51
[15:24:20.863]     INFO:   masking Roc 6 col/row: 40 44
[15:24:20.863]     INFO:   masking Roc 6 col/row: 44 37
[15:24:20.863]     INFO:   masking Roc 6 col/row: 44 38
[15:24:20.863]     INFO:   masking Roc 6 col/row: 48 73
[15:24:20.863]     INFO:   masking Roc 6 col/row: 49 54
[15:24:20.863]     INFO:   masking Roc 6 col/row: 51 12
[15:24:20.959]     INFO:         clk: 4
[15:24:20.959]     INFO:         ctr: 4
[15:24:20.959]     INFO:         sda: 19
[15:24:20.959]     INFO:         tin: 9
[15:24:20.959]     INFO:         level: 15
[15:24:20.959]     INFO:         triggerdelay: 0
[15:24:20.959]    QUIET: Instanciating API for pxar prod-12
[15:24:20.959]     INFO: Log level: DEBUG
[15:24:20.972]    QUIET: Connection to board DTB_WRPRHI opened.
[15:24:20.975]     INFO: DTB startup information
--- DTB info------------------------------------------
Board id:    58
HW version:  DTB1.2
FW version:  4.2
SW version:  4.5
USB id:      DTB_WRPRHI
MAC address: 40D85511803A
Hostname:    pixelDTB058
Comment:     
------------------------------------------------------
[15:24:20.978]     INFO: RPC call hashes of host and DTB match: 398089610
[15:24:22.581]     INFO: DUT info: 
[15:24:22.581]     INFO: The DUT currently contains the following objects:
[15:24:22.581]     INFO:  2 TBM Cores tbm08c (2 ON)
[15:24:22.581]     INFO: 	TBM Core alpha (0): 7 registers set
[15:24:22.581]     INFO: 	TBM Core beta  (1): 7 registers set
[15:24:22.581]     INFO: 16 ROCs psi46digv21respin (16 ON) with 4160 pixelConfigs
[15:24:22.581]     INFO: 	ROC 0: 19 DACs set, Pixels: 0 masked, 0 active.
[15:24:22.581]     INFO: 	ROC 1: 19 DACs set, Pixels: 0 masked, 0 active.
[15:24:22.581]     INFO: 	ROC 2: 19 DACs set, Pixels: 0 masked, 0 active.
[15:24:22.581]     INFO: 	ROC 3: 19 DACs set, Pixels: 0 masked, 0 active.
[15:24:22.581]     INFO: 	ROC 4: 19 DACs set, Pixels: 0 masked, 0 active.
[15:24:22.581]     INFO: 	ROC 5: 19 DACs set, Pixels: 0 masked, 0 active.
[15:24:22.581]     INFO: 	ROC 6: 19 DACs set, Pixels: 15 masked, 0 active.
[15:24:22.581]     INFO: 	ROC 7: 19 DACs set, Pixels: 0 masked, 0 active.
[15:24:22.581]     INFO: 	ROC 8: 19 DACs set, Pixels: 0 masked, 0 active.
[15:24:22.581]     INFO: 	ROC 9: 19 DACs set, Pixels: 0 masked, 0 active.
[15:24:22.581]     INFO: 	ROC 10: 19 DACs set, Pixels: 0 masked, 0 active.
[15:24:22.582]     INFO: 	ROC 11: 19 DACs set, Pixels: 0 masked, 0 active.
[15:24:22.582]     INFO: 	ROC 12: 19 DACs set, Pixels: 0 masked, 0 active.
[15:24:22.582]     INFO: 	ROC 13: 19 DACs set, Pixels: 0 masked, 0 active.
[15:24:22.582]     INFO: 	ROC 14: 19 DACs set, Pixels: 0 masked, 0 active.
[15:24:22.582]     INFO: 	ROC 15: 19 DACs set, Pixels: 0 masked, 0 active.
[15:24:22.582]    DEBUG: <PixTestParameters.cc/dump:L104> PixTestParameters: ->BB<-
[15:24:22.582]    DEBUG: <PixTestParameters.cc/dump:L107>   dumpall: checkbox(0)
[15:24:22.582]    DEBUG: <PixTestParameters.cc/dump:L107>   dumpproblematic: checkbox(0)
[15:24:22.582]    DEBUG: <PixTestParameters.cc/dump:L107>   ntrig: 5
[15:24:22.582]    DEBUG: <PixTestParameters.cc/dump:L107>   vcals: 250
[15:24:22.582]    DEBUG: <PixTestParameters.cc/dump:L104> PixTestParameters: ->BB2<-
[15:24:22.582]    DEBUG: <PixTestParameters.cc/dump:L107>   ntrig: 10
[15:24:22.582]    DEBUG: <PixTestParameters.cc/dump:L107>   vcals: 222
[15:24:22.582]    DEBUG: <PixTestParameters.cc/dump:L107>   plwidth: 35
[15:24:22.582]    DEBUG: <PixTestParameters.cc/dump:L107>   pix: 11,20
[15:24:22.582]    DEBUG: <PixTestParameters.cc/dump:L107>   targetia: 24
[15:24:22.582]    DEBUG: <PixTestParameters.cc/dump:L104> PixTestParameters: ->BB3<-
[15:24:22.582]    DEBUG: <PixTestParameters.cc/dump:L107>   dumpall: checkbox(0)
[15:24:22.582]    DEBUG: <PixTestParameters.cc/dump:L107>   dumpproblematic: checkbox(0)
[15:24:22.582]    DEBUG: <PixTestParameters.cc/dump:L107>   ntrig: 5
[15:24:22.582]    DEBUG: <PixTestParameters.cc/dump:L107>   vcals: 250
[15:24:22.582]    DEBUG: <PixTestParameters.cc/dump:L104> PixTestParameters: ->BB4<-
[15:24:22.582]    DEBUG: <PixTestParameters.cc/dump:L107>   savecaldelscan: checkbox(0)
[15:24:22.582]    DEBUG: <PixTestParameters.cc/dump:L107>   ntrig: 100
[15:24:22.582]    DEBUG: <PixTestParameters.cc/dump:L107>   cals: 1
[15:24:22.582]    DEBUG: <PixTestParameters.cc/dump:L107>   caldello: 80
[15:24:22.582]    DEBUG: <PixTestParameters.cc/dump:L107>   caldelhi: 200
[15:24:22.582]    DEBUG: <PixTestParameters.cc/dump:L107>   caldelstep: 10
[15:24:22.582]    DEBUG: <PixTestParameters.cc/dump:L107>   vthrcomplo: 70
[15:24:22.582]    DEBUG: <PixTestParameters.cc/dump:L107>   vthrcomphi: 130
[15:24:22.582]    DEBUG: <PixTestParameters.cc/dump:L107>   vthrcompstep: 5
[15:24:22.582]    DEBUG: <PixTestParameters.cc/dump:L107>   noisypixels: 10
[15:24:22.583]    DEBUG: <PixTestParameters.cc/dump:L107>   vcal: 255
[15:24:22.583]    DEBUG: <PixTestParameters.cc/dump:L107>   cut: 0.5
[15:24:22.583]    DEBUG: <PixTestParameters.cc/dump:L104> PixTestParameters: ->Cmd<-
[15:24:22.583]    DEBUG: <PixTestParameters.cc/dump:L104> PixTestParameters: ->DAQ<-
[15:24:22.583]    DEBUG: <PixTestParameters.cc/dump:L107>   delaytbm: checkbox
[15:24:22.583]    DEBUG: <PixTestParameters.cc/dump:L107>   filltree: checkbox
[15:24:22.583]    DEBUG: <PixTestParameters.cc/dump:L107>   trgfrequency(khz): 100
[15:24:22.583]    DEBUG: <PixTestParameters.cc/dump:L107>   maskhotpixels: button
[15:24:22.583]    DEBUG: <PixTestParameters.cc/dump:L107>   trgnumber: 5
[15:24:22.583]    DEBUG: <PixTestParameters.cc/dump:L107>   iterations: 10
[15:24:22.583]    DEBUG: <PixTestParameters.cc/dump:L107>   rundaqtrg: button
[15:24:22.583]    DEBUG: <PixTestParameters.cc/dump:L107>   daqseconds: 5
[15:24:22.583]    DEBUG: <PixTestParameters.cc/dump:L107>   rundaqseconds: button
[15:24:22.583]    DEBUG: <PixTestParameters.cc/dump:L104> PixTestParameters: ->DacDacScan<-
[15:24:22.583]    DEBUG: <PixTestParameters.cc/dump:L107>   phmap: checkbox
[15:24:22.583]    DEBUG: <PixTestParameters.cc/dump:L107>   ntrig: 10
[15:24:22.583]    DEBUG: <PixTestParameters.cc/dump:L107>   dac1: caldel
[15:24:22.583]    DEBUG: <PixTestParameters.cc/dump:L107>   dac1lo: 0
[15:24:22.583]    DEBUG: <PixTestParameters.cc/dump:L107>   dac1hi: 255
[15:24:22.583]    DEBUG: <PixTestParameters.cc/dump:L107>   dac2: vthrcomp
[15:24:22.583]    DEBUG: <PixTestParameters.cc/dump:L107>   dac2lo: 0
[15:24:22.583]    DEBUG: <PixTestParameters.cc/dump:L107>   dac2hi: 255
[15:24:22.583]    DEBUG: <PixTestParameters.cc/dump:L107>   pix: 11,20
[15:24:22.583]    DEBUG: <PixTestParameters.cc/dump:L104> PixTestParameters: ->DacScan<-
[15:24:22.583]    DEBUG: <PixTestParameters.cc/dump:L107>   phmap: checkbox(1)
[15:24:22.583]    DEBUG: <PixTestParameters.cc/dump:L107>   allpixels: checkbox(0)
[15:24:22.583]    DEBUG: <PixTestParameters.cc/dump:L107>   unmasked: checkbox(0)
[15:24:22.583]    DEBUG: <PixTestParameters.cc/dump:L107>   ntrig: 10
[15:24:22.583]    DEBUG: <PixTestParameters.cc/dump:L107>   dac: vcal
[15:24:22.583]    DEBUG: <PixTestParameters.cc/dump:L107>   daclo: 0
[15:24:22.583]    DEBUG: <PixTestParameters.cc/dump:L107>   dachi: 255
[15:24:22.583]    DEBUG: <PixTestParameters.cc/dump:L107>   pix: 11,20
[15:24:22.583]    DEBUG: <PixTestParameters.cc/dump:L104> PixTestParameters: ->GainPedestal<-
[15:24:22.583]    DEBUG: <PixTestParameters.cc/dump:L107>   showfits: checkbox(0)
[15:24:22.583]    DEBUG: <PixTestParameters.cc/dump:L107>   extended: checkbox(0)
[15:24:22.583]    DEBUG: <PixTestParameters.cc/dump:L107>   dumphists: checkbox(0)
[15:24:22.583]    DEBUG: <PixTestParameters.cc/dump:L107>   ntrig: 10
[15:24:22.583]    DEBUG: <PixTestParameters.cc/dump:L107>   vcalstep: 10
[15:24:22.583]    DEBUG: <PixTestParameters.cc/dump:L107>   measure: button
[15:24:22.583]    DEBUG: <PixTestParameters.cc/dump:L107>   fit: button
[15:24:22.583]    DEBUG: <PixTestParameters.cc/dump:L107>   save: button
[15:24:22.583]    DEBUG: <PixTestParameters.cc/dump:L104> PixTestParameters: ->HighRate<-
[15:24:22.583]    DEBUG: <PixTestParameters.cc/dump:L107>   pix: 11,20
[15:24:22.583]    DEBUG: <PixTestParameters.cc/dump:L107>   trimhotpixels: button
[15:24:22.583]    DEBUG: <PixTestParameters.cc/dump:L107>   trimhotpixelthr: 200
[15:24:22.583]    DEBUG: <PixTestParameters.cc/dump:L107>   runsecondshotpixels: 10
[15:24:22.583]    DEBUG: <PixTestParameters.cc/dump:L107>   savetrimbits: checkbox(1)
[15:24:22.583]    DEBUG: <PixTestParameters.cc/dump:L107>   maskuntrimmable: checkbox(1)
[15:24:22.583]    DEBUG: <PixTestParameters.cc/dump:L107>   maskhotpixels: button
[15:24:22.583]    DEBUG: <PixTestParameters.cc/dump:L107>   savemaskfile: checkbox(0)
[15:24:22.583]    DEBUG: <PixTestParameters.cc/dump:L107>   maskfilename: default
[15:24:22.583]    DEBUG: <PixTestParameters.cc/dump:L107>   caldelscan: button
[15:24:22.583]    DEBUG: <PixTestParameters.cc/dump:L107>   xpixelalive: button
[15:24:22.583]    DEBUG: <PixTestParameters.cc/dump:L107>   ntrig: 50
[15:24:22.583]    DEBUG: <PixTestParameters.cc/dump:L107>   vcal: 200
[15:24:22.583]    DEBUG: <PixTestParameters.cc/dump:L107>   xnoisemaps: button
[15:24:22.583]    DEBUG: <PixTestParameters.cc/dump:L107>   daclo: 0
[15:24:22.583]    DEBUG: <PixTestParameters.cc/dump:L107>   dachi: 100
[15:24:22.584]    DEBUG: <PixTestParameters.cc/dump:L107>   dacs/step: 20
[15:24:22.584]    DEBUG: <PixTestParameters.cc/dump:L107>   rundaq: button
[15:24:22.584]    DEBUG: <PixTestParameters.cc/dump:L107>   trgfrequency(khz): 20
[15:24:22.584]    DEBUG: <PixTestParameters.cc/dump:L107>   runseconds: 2
[15:24:22.584]    DEBUG: <PixTestParameters.cc/dump:L107>   triggerdelay: 20
[15:24:22.584]    DEBUG: <PixTestParameters.cc/dump:L107>   delaytbm: checkbox
[15:24:22.584]    DEBUG: <PixTestParameters.cc/dump:L107>   filltree: checkbox
[15:24:22.584]    DEBUG: <PixTestParameters.cc/dump:L104> PixTestParameters: ->IV<-
[15:24:22.584]    DEBUG: <PixTestParameters.cc/dump:L107>   port: /dev/FIXME
[15:24:22.584]    DEBUG: <PixTestParameters.cc/dump:L107>   voltagestart: 0
[15:24:22.584]    DEBUG: <PixTestParameters.cc/dump:L107>   voltagestop: 600
[15:24:22.584]    DEBUG: <PixTestParameters.cc/dump:L107>   voltagestep: 5
[15:24:22.584]    DEBUG: <PixTestParameters.cc/dump:L107>   delay: 1
[15:24:22.584]    DEBUG: <PixTestParameters.cc/dump:L107>   compliance(ua): 100
[15:24:22.584]    DEBUG: <PixTestParameters.cc/dump:L104> PixTestParameters: ->PhOptimization<-
[15:24:22.584]    DEBUG: <PixTestParameters.cc/dump:L107>   ntrig: 10
[15:24:22.584]    DEBUG: <PixTestParameters.cc/dump:L107>   safetymarginlow: 20
[15:24:22.584]    DEBUG: <PixTestParameters.cc/dump:L107>   saturationvcal: 100
[15:24:22.584]    DEBUG: <PixTestParameters.cc/dump:L107>   quantilesaturation: 0.98
[15:24:22.584]    DEBUG: <PixTestParameters.cc/dump:L104> PixTestParameters: ->PixelAlive<-
[15:24:22.584]    DEBUG: <PixTestParameters.cc/dump:L107>   ntrig: 10
[15:24:22.584]    DEBUG: <PixTestParameters.cc/dump:L107>   vcal: 200
[15:24:22.584]    DEBUG: <PixTestParameters.cc/dump:L107>   alivetest: button
[15:24:22.584]    DEBUG: <PixTestParameters.cc/dump:L107>   masktest: button
[15:24:22.584]    DEBUG: <PixTestParameters.cc/dump:L107>   addressdecodingtest: button
[15:24:22.584]    DEBUG: <PixTestParameters.cc/dump:L104> PixTestParameters: ->Pretest<-
[15:24:22.584]    DEBUG: <PixTestParameters.cc/dump:L107>   programroc: button
[15:24:22.584]    DEBUG: <PixTestParameters.cc/dump:L107>   targetia: 24
[15:24:22.584]    DEBUG: <PixTestParameters.cc/dump:L107>   setvana: button
[15:24:22.584]    DEBUG: <PixTestParameters.cc/dump:L107>   iterations: 100
[15:24:22.584]    DEBUG: <PixTestParameters.cc/dump:L107>   settimings: button
[15:24:22.584]    DEBUG: <PixTestParameters.cc/dump:L107>   findtiming: button
[15:24:22.584]    DEBUG: <PixTestParameters.cc/dump:L107>   findworkingpixel: button
[15:24:22.584]    DEBUG: <PixTestParameters.cc/dump:L107>   setvthrcompcaldel: button
[15:24:22.584]    DEBUG: <PixTestParameters.cc/dump:L107>   pix: 11,20
[15:24:22.584]    DEBUG: <PixTestParameters.cc/dump:L107>   vcal: 250
[15:24:22.584]    DEBUG: <PixTestParameters.cc/dump:L107>   deltavthrcomp: 50
[15:24:22.584]    DEBUG: <PixTestParameters.cc/dump:L107>   fraccaldel: 0.5
[15:24:22.584]    DEBUG: <PixTestParameters.cc/dump:L107>   ntrig: 5
[15:24:22.584]    DEBUG: <PixTestParameters.cc/dump:L107>   savedacs: button
[15:24:22.584]    DEBUG: <PixTestParameters.cc/dump:L104> PixTestParameters: ->Readback<-
[15:24:22.584]    DEBUG: <PixTestParameters.cc/dump:L107>   calibratevd: button
[15:24:22.584]    DEBUG: <PixTestParameters.cc/dump:L107>   calibrateva: button
[15:24:22.584]    DEBUG: <PixTestParameters.cc/dump:L107>   calibrateia: button
[15:24:22.584]    DEBUG: <PixTestParameters.cc/dump:L107>   readbackvbg: button
[15:24:22.584]    DEBUG: <PixTestParameters.cc/dump:L107>   getcalibratedvbg: button
[15:24:22.584]    DEBUG: <PixTestParameters.cc/dump:L107>   usecalvd: checkbox(1)
[15:24:22.584]    DEBUG: <PixTestParameters.cc/dump:L107>   usecalva: checkbox(0)
[15:24:22.584]    DEBUG: <PixTestParameters.cc/dump:L107>   setvana: button
[15:24:22.584]    DEBUG: <PixTestParameters.cc/dump:L104> PixTestParameters: ->Scurves<-
[15:24:22.584]    DEBUG: <PixTestParameters.cc/dump:L107>   adjustvcal: checkbox(0)
[15:24:22.584]    DEBUG: <PixTestParameters.cc/dump:L107>   dumpall: checkbox(0)
[15:24:22.584]    DEBUG: <PixTestParameters.cc/dump:L107>   dumpproblematic: checkbox(0)
[15:24:22.584]    DEBUG: <PixTestParameters.cc/dump:L107>   dumpoutputfile: checkbox(0)
[15:24:22.584]    DEBUG: <PixTestParameters.cc/dump:L107>   ntrig: 50
[15:24:22.584]    DEBUG: <PixTestParameters.cc/dump:L107>   dac: Vcal
[15:24:22.584]    DEBUG: <PixTestParameters.cc/dump:L107>   daclo: 0
[15:24:22.584]    DEBUG: <PixTestParameters.cc/dump:L107>   dachi: 200
[15:24:22.584]    DEBUG: <PixTestParameters.cc/dump:L107>   dacs/step: -1
[15:24:22.585]    DEBUG: <PixTestParameters.cc/dump:L107>   ntrig/step: -1
[15:24:22.585]    DEBUG: <PixTestParameters.cc/dump:L107>   scurves: button
[15:24:22.585]    DEBUG: <PixTestParameters.cc/dump:L104> PixTestParameters: ->Timing<-
[15:24:22.585]    DEBUG: <PixTestParameters.cc/dump:L107>   targetclk: 4
[15:24:22.585]    DEBUG: <PixTestParameters.cc/dump:L107>   ntrig: 10
[15:24:22.585]    DEBUG: <PixTestParameters.cc/dump:L107>   clocksdascan: button
[15:24:22.585]    DEBUG: <PixTestParameters.cc/dump:L107>   notokenpass: checkbox(0)
[15:24:22.585]    DEBUG: <PixTestParameters.cc/dump:L107>   phasescan: button
[15:24:22.585]    DEBUG: <PixTestParameters.cc/dump:L107>   levelscan: button
[15:24:22.585]    DEBUG: <PixTestParameters.cc/dump:L107>   tbmphasescan: button
[15:24:22.585]    DEBUG: <PixTestParameters.cc/dump:L107>   rocdelayscan: button
[15:24:22.585]    DEBUG: <PixTestParameters.cc/dump:L107>   timingtest: button
[15:24:22.585]    DEBUG: <PixTestParameters.cc/dump:L107>   saveparameters: button
[15:24:22.585]    DEBUG: <PixTestParameters.cc/dump:L104> PixTestParameters: ->Trim<-
[15:24:22.585]    DEBUG: <PixTestParameters.cc/dump:L107>   trim: button
[15:24:22.585]    DEBUG: <PixTestParameters.cc/dump:L107>   ntrig: 8
[15:24:22.585]    DEBUG: <PixTestParameters.cc/dump:L107>   vcal: 35
[15:24:22.585]    DEBUG: <PixTestParameters.cc/dump:L107>   trimbits: button
[15:24:22.585]    DEBUG: <PixTestParameters.cc/dump:L104> PixTestParameters: ->Xray<-
[15:24:22.585]    DEBUG: <PixTestParameters.cc/dump:L107>   maskhotpixels: button
[15:24:22.585]    DEBUG: <PixTestParameters.cc/dump:L107>   savemaskfile: checkbox(0)
[15:24:22.585]    DEBUG: <PixTestParameters.cc/dump:L107>   maskfilename: default
[15:24:22.585]    DEBUG: <PixTestParameters.cc/dump:L107>   source: Ag
[15:24:22.585]    DEBUG: <PixTestParameters.cc/dump:L107>   phrun: button
[15:24:22.585]    DEBUG: <PixTestParameters.cc/dump:L107>   runseconds: 100
[15:24:22.585]    DEBUG: <PixTestParameters.cc/dump:L107>   trgfrequency(khz): 100
[15:24:22.585]    DEBUG: <PixTestParameters.cc/dump:L107>   ratescan: button
[15:24:22.585]    DEBUG: <PixTestParameters.cc/dump:L107>   vthrcompmin: 10
[15:24:22.585]    DEBUG: <PixTestParameters.cc/dump:L107>   vthrcompmax: 80
[15:24:22.585]    DEBUG: <PixTestParameters.cc/dump:L107>   stepseconds: 5
[15:24:22.585]    DEBUG: <PixTestParameters.cc/dump:L107>   delaytbm: checkbox
[15:24:22.585]    DEBUG: <PixTestParameters.cc/dump:L107>   filltree: checkbox
[15:24:22.587]    DEBUG: <PixSetup.cc/init:L81> PixSetup init start; getCurrentRSS() = 36933632
[15:24:22.587]    DEBUG: <PixSetup.cc/init:L87> fPixTestParameters = 0x2a3b450
[15:24:22.587]    DEBUG: <PixSetup.cc/init:L88>  fConfigParameters = 0x29b0c10
[15:24:22.587]    DEBUG: <PixSetup.cc/init:L89>        fPxarMemory = 0x7f4ca5393010
[15:24:22.587]    DEBUG: <PixSetup.cc/init:L90>         fPxarMemHi = 0x7f4cab5fe510
[15:24:22.587]    DEBUG: <PixSetup.cc/init:L106> PixSetup init done;  getCurrentRSS() = 36941824 fPxarMemory = 0x7f4ca5393010
[15:24:22.589]    DEBUG: <pXar.cc/main:L223> Initial Analog Current: 385.1mA
[15:24:22.590]    DEBUG: <pXar.cc/main:L224> Initial Digital Current: 509.7mA
[15:24:22.590]    DEBUG: <pXar.cc/main:L225> Initial Module Temperature: 20.3 C
[15:24:23.092]    DEBUG: <PixGui.cc/hvOn:L460> HV set On: 0x2ff96b0
[15:24:23.155]    DEBUG: <PixTestFactory.cc/PixTestFactory:L53> PixTestFactory::PixTestFactory()
[15:24:23.155]    DEBUG: <PixTestBBMap.cc/init:L79> PixTestBBMap::init()
[15:24:23.155]    DEBUG: <PixTestBBMap.cc/PixTestBBMap:L27> PixTestBBMap ctor(PixSetup &a, string, TGTab *)
[15:24:23.161]    DEBUG: <PixTestBB2Map.cc/setParameter:L58> setting fTargetIa    = 24 mA/ROC
[15:24:23.161]    DEBUG: <PixTestBB2Map.cc/init:L97> PixTestBB2Map::init()
[15:24:23.161]    DEBUG: <PixTestBB2Map.cc/PixTestBB2Map:L29> PixTestBB2Map ctor(PixSetup &a, string, TGTab *)
[15:24:23.172]    DEBUG: <PixTestBB3Map.cc/init:L81> PixTestBB3Map::init()
[15:24:23.172]    DEBUG: <PixTestBB3Map.cc/PixTestBB3Map:L29> PixTestBB3Map ctor(PixSetup &a, string, TGTab *)
[15:24:23.181]    DEBUG: <PixTestBB4Map.cc/init:L93> PixTestBB4Map::init()
[15:24:23.181]    DEBUG: <PixTestBB4Map.cc/PixTestBB4Map:L26> PixTestMapeff ctor(PixSetup &a, string, TGTab *)
[15:24:23.209]     INFO: PixTestCmd::init()
[15:24:23.218]    DEBUG: <PixTestDaq.cc/init:L44> PixTestDaq::init()
[15:24:23.218]    DEBUG: <PixTestDaq.cc/PixTestDaq:L22> PixTestDaq ctor(PixSetup &a, string, TGTab *)
[15:24:23.218]     INFO: readGainPedestalParameters data/mh238/M-H-2-38_ElComandanteTest_2016-01-08_12h56m_1452279411/000_FPIXTest_p17/phCalibrationFitErr35_C0.dat .. data/mh238/M-H-2-38_ElComandanteTest_2016-01-08_12h56m_1452279411/000_FPIXTest_p17/phCalibrationFitErr35_C15.dat
[15:24:23.467]    DEBUG: <PixTestDacDacScan.cc/init:L103> PixTestDacDacScan::init()
[15:24:23.467]    DEBUG: <PixTestDacDacScan.cc/PixTestDacDacScan:L22> PixTestDacDacScan ctor(PixSetup &a, string, TGTab *)
[15:24:23.486]    DEBUG: <PixTestGainPedestal.cc/setParameter:L83> PixTestGainPedestal::PixTest() fVcalStep = 10
[15:24:23.494]    DEBUG: <PixTestHighRate.cc/setParameter:L68>   setting fParTriggerFrequency -> 20
[15:24:23.494]    DEBUG: <PixTestHighRate.cc/init:L198> PixTestHighRate::init()
[15:24:23.494]    DEBUG: <PixTestHighRate.cc/PixTestHighRate:L31> PixTestHighRate ctor(PixSetup &a, string, TGTab *)
[15:24:23.521]    DEBUG: <PixTest.cc/setTestParameter:L637>  setting  ntrig to new value 10
[15:24:23.522]    DEBUG: <PixTestPhOptimization.cc/setParameter:L37>   setting fParNtrig  ->10<- from sval = 10
[15:24:23.522]    DEBUG: <PixTestPhOptimization.cc/setParameter:L42>   setting fSafetyMarginLow  ->20<- from sval = 20
[15:24:23.522]    DEBUG: <PixTestPhOptimization.cc/setParameter:L48>   setting fVcalMax  ->100<- from sval = 100
[15:24:23.522]    DEBUG: <PixTestPhOptimization.cc/setParameter:L53>   setting fQuantMax  ->0.98<- from sval = 0.98
[15:24:23.528]    DEBUG: <PixTestAlive.cc/init:L77> PixTestAlive::init()
[15:24:23.529]    DEBUG: <PixTestAlive.cc/PixTestAlive:L21> PixTestAlive ctor(PixSetup &a, string, TGTab *)
[15:24:23.551]    DEBUG: <PixTestReadback.cc/setParameter:L172> fCalwVd set to 1
[15:24:23.551]    DEBUG: <PixTestReadback.cc/init:L95> PixTestReadback::init()
[15:24:23.551]    DEBUG: <PixTestReadback.cc/PixTestReadback:L22> PixTestReadback ctor(PixSetup &a, string, TGTab *)
[15:24:23.551]     INFO: readReadbackCal: data/mh238/M-H-2-38_ElComandanteTest_2016-01-08_12h56m_1452279411/000_FPIXTest_p17/readbackCal_C0.dat .. data/mh238/M-H-2-38_ElComandanteTest_2016-01-08_12h56m_1452279411/000_FPIXTest_p17/readbackCal_C15.dat
[15:24:23.561]    DEBUG: <PixTestScurves.cc/setParameter:L93> set fOutputFilename = 
[15:24:23.579]    DEBUG: <PixTestTiming.cc/setParameter:L60> PixTestTiming::PixTest() targetclk = 4
[15:24:23.579]    DEBUG: <PixTestTiming.cc/setParameter:L64> PixTestTiming::PixTest() ntrig = 10
[15:24:23.579]    DEBUG: <PixTestTiming.cc/setParameter:L48> fNoTokenPass: 0
[15:24:23.579]    DEBUG: <PixTestTiming.cc/init:L74> PixTestTiming::init()
[15:24:23.601]    DEBUG: <PixTestXray.cc/init:L134> PixTestXray::init()
[15:24:23.601]    DEBUG: <PixTestXray.cc/PixTestXray:L28> PixTestXray ctor(PixSetup &a, string, TGTab *)
[15:24:28.423]    DEBUG: <PixTab.cc/buttonClicked:L308> xxxPressed():  caldelscan
[15:24:28.423]    DEBUG: <PixTestHighRate.cc/runCommand:L157> running command: caldelscan
[15:24:28.423]     INFO:    ----------------------------------------------------------------------
[15:24:28.423]     INFO:    PixTestHighRate::calDelScan() ntrig = 10, vcal = 200
[15:24:28.423]     INFO:    ----------------------------------------------------------------------
[15:24:28.564]     INFO: Expecting 768 events.
[15:24:29.703]     INFO: 768 events read in total (420ms).
[15:24:29.892]     INFO: Test took 1463ms.
[15:24:29.895]     INFO: ROC 6 masking pixel 1/50
[15:24:29.895]     INFO: ROC 6 masking pixel 1/74
[15:24:29.895]     INFO: ROC 6 masking pixel 11/60
[15:24:29.895]     INFO: ROC 6 masking pixel 15/72
[15:24:29.896]     INFO: ROC 6 masking pixel 16/24
[15:24:29.896]     INFO: ROC 6 masking pixel 24/28
[15:24:29.896]     INFO: ROC 6 masking pixel 29/24
[15:24:29.896]     INFO: ROC 6 masking pixel 30/62
[15:24:29.896]     INFO: ROC 6 masking pixel 35/51
[15:24:29.896]     INFO: ROC 6 masking pixel 40/44
[15:24:29.896]     INFO: ROC 6 masking pixel 44/37
[15:24:29.896]     INFO: ROC 6 masking pixel 44/38
[15:24:29.896]     INFO: ROC 6 masking pixel 48/73
[15:24:29.896]     INFO: ROC 6 masking pixel 49/54
[15:24:29.896]     INFO: ROC 6 masking pixel 51/12
[15:24:29.898]    DEBUG: <PixTest.cc/efficiencyMaps:L396>       attempt #0
[15:24:30.569]     INFO: Expecting 41600 events.
[15:24:34.061]     INFO: 41600 events read in total (2966ms).
[15:24:34.066]     INFO: Test took 4167ms.
[15:24:34.162]     INFO: Fetched DAQ statistics. Counters are being reset now.
[15:24:34.162]    DEBUG: <PixTest.cc/efficiencyMaps:L407>  eff result size = 547757
[15:24:34.162]    DEBUG: <PixTest.cc/efficiencyMaps:L412> Create hists HR_xeff_CalDelScan_step0_C0 .. HR_xeff_CalDelScan_step0_C15
[15:24:34.162]    DEBUG: <PixTest.cc/efficiencyMaps:L426> booking xray maps for unmasked detector
[15:24:34.205]    DEBUG: <PixTest.cc/efficiencyMaps:L396>       attempt #0
[15:24:34.871]     INFO: Expecting 41600 events.
[15:24:38.459]     INFO: 41600 events read in total (3062ms).
[15:24:38.465]     INFO: Test took 4260ms.
[15:24:38.562]     INFO: Fetched DAQ statistics. Counters are being reset now.
[15:24:38.562]    DEBUG: <PixTest.cc/efficiencyMaps:L407>  eff result size = 554189
[15:24:38.562]    DEBUG: <PixTest.cc/efficiencyMaps:L412> Create hists HR_xeff_CalDelScan_step1_C0 .. HR_xeff_CalDelScan_step1_C15
[15:24:38.562]    DEBUG: <PixTest.cc/efficiencyMaps:L426> booking xray maps for unmasked detector
[15:24:38.607]    DEBUG: <PixTest.cc/efficiencyMaps:L396>       attempt #0
[15:24:39.272]     INFO: Expecting 41600 events.
[15:24:42.909]     INFO: 41600 events read in total (3111ms).
[15:24:42.913]     INFO: Test took 4306ms.
[15:24:43.008]     INFO: Fetched DAQ statistics. Counters are being reset now.
[15:24:43.008]    DEBUG: <PixTest.cc/efficiencyMaps:L407>  eff result size = 555430
[15:24:43.008]    DEBUG: <PixTest.cc/efficiencyMaps:L412> Create hists HR_xeff_CalDelScan_step2_C0 .. HR_xeff_CalDelScan_step2_C15
[15:24:43.009]    DEBUG: <PixTest.cc/efficiencyMaps:L426> booking xray maps for unmasked detector
[15:24:43.054]    DEBUG: <PixTest.cc/efficiencyMaps:L396>       attempt #0
[15:24:43.719]     INFO: Expecting 41600 events.
[15:24:47.356]     INFO: 41600 events read in total (3110ms).
[15:24:47.360]     INFO: Test took 4306ms.
[15:24:47.457]     INFO: Fetched DAQ statistics. Counters are being reset now.
[15:24:47.457]    DEBUG: <PixTest.cc/efficiencyMaps:L407>  eff result size = 555863
[15:24:47.457]    DEBUG: <PixTest.cc/efficiencyMaps:L412> Create hists HR_xeff_CalDelScan_step3_C0 .. HR_xeff_CalDelScan_step3_C15
[15:24:47.457]    DEBUG: <PixTest.cc/efficiencyMaps:L426> booking xray maps for unmasked detector
[15:24:47.502]    DEBUG: <PixTest.cc/efficiencyMaps:L396>       attempt #0
[15:24:48.167]     INFO: Expecting 41600 events.
[15:24:51.780]     INFO: 41600 events read in total (3086ms).
[15:24:51.784]     INFO: Test took 4282ms.
[15:24:51.884]     INFO: Fetched DAQ statistics. Counters are being reset now.
[15:24:51.884]    DEBUG: <PixTest.cc/efficiencyMaps:L407>  eff result size = 557190
[15:24:51.884]    DEBUG: <PixTest.cc/efficiencyMaps:L412> Create hists HR_xeff_CalDelScan_step4_C0 .. HR_xeff_CalDelScan_step4_C15
[15:24:51.884]    DEBUG: <PixTest.cc/efficiencyMaps:L426> booking xray maps for unmasked detector
[15:24:51.929]    DEBUG: <PixTest.cc/efficiencyMaps:L396>       attempt #0
[15:24:52.600]     INFO: Expecting 41600 events.
[15:24:56.250]     INFO: 41600 events read in total (3123ms).
[15:24:56.254]     INFO: Test took 4325ms.
[15:24:56.351]     INFO: Fetched DAQ statistics. Counters are being reset now.
[15:24:56.351]    DEBUG: <PixTest.cc/efficiencyMaps:L407>  eff result size = 556361
[15:24:56.351]    DEBUG: <PixTest.cc/efficiencyMaps:L412> Create hists HR_xeff_CalDelScan_step5_C0 .. HR_xeff_CalDelScan_step5_C15
[15:24:56.352]    DEBUG: <PixTest.cc/efficiencyMaps:L426> booking xray maps for unmasked detector
[15:24:56.398]    DEBUG: <PixTest.cc/efficiencyMaps:L396>       attempt #0
[15:24:57.065]     INFO: Expecting 41600 events.
[15:25:00.721]     INFO: 41600 events read in total (3129ms).
[15:25:00.725]     INFO: Test took 4327ms.
[15:25:00.820]     INFO: Fetched DAQ statistics. Counters are being reset now.
[15:25:00.820]    DEBUG: <PixTest.cc/efficiencyMaps:L407>  eff result size = 556750
[15:25:00.820]    DEBUG: <PixTest.cc/efficiencyMaps:L412> Create hists HR_xeff_CalDelScan_step6_C0 .. HR_xeff_CalDelScan_step6_C15
[15:25:00.820]    DEBUG: <PixTest.cc/efficiencyMaps:L426> booking xray maps for unmasked detector
[15:25:00.865]    DEBUG: <PixTest.cc/efficiencyMaps:L396>       attempt #0
[15:25:01.531]     INFO: Expecting 41600 events.
[15:25:05.187]     INFO: 41600 events read in total (3130ms).
[15:25:05.191]     INFO: Test took 4326ms.
[15:25:05.288]     INFO: Fetched DAQ statistics. Counters are being reset now.
[15:25:05.288]    DEBUG: <PixTest.cc/efficiencyMaps:L407>  eff result size = 556251
[15:25:05.288]    DEBUG: <PixTest.cc/efficiencyMaps:L412> Create hists HR_xeff_CalDelScan_step7_C0 .. HR_xeff_CalDelScan_step7_C15
[15:25:05.288]    DEBUG: <PixTest.cc/efficiencyMaps:L426> booking xray maps for unmasked detector
[15:25:05.335]    DEBUG: <PixTest.cc/efficiencyMaps:L396>       attempt #0
[15:25:06.002]     INFO: Expecting 41600 events.
[15:25:09.658]     INFO: 41600 events read in total (3130ms).
[15:25:09.662]     INFO: Test took 4327ms.
[15:25:09.758]     INFO: Fetched DAQ statistics. Counters are being reset now.
[15:25:09.758]    DEBUG: <PixTest.cc/efficiencyMaps:L407>  eff result size = 556805
[15:25:09.759]    DEBUG: <PixTest.cc/efficiencyMaps:L412> Create hists HR_xeff_CalDelScan_step8_C0 .. HR_xeff_CalDelScan_step8_C15
[15:25:09.759]    DEBUG: <PixTest.cc/efficiencyMaps:L426> booking xray maps for unmasked detector
[15:25:09.806]    DEBUG: <PixTest.cc/efficiencyMaps:L396>       attempt #0
[15:25:10.473]     INFO: Expecting 41600 events.
[15:25:14.132]     INFO: 41600 events read in total (3132ms).
[15:25:14.136]     INFO: Test took 4330ms.
[15:25:14.231]     INFO: Fetched DAQ statistics. Counters are being reset now.
[15:25:14.232]    DEBUG: <PixTest.cc/efficiencyMaps:L407>  eff result size = 556940
[15:25:14.232]    DEBUG: <PixTest.cc/efficiencyMaps:L412> Create hists HR_xeff_CalDelScan_step9_C0 .. HR_xeff_CalDelScan_step9_C15
[15:25:14.232]    DEBUG: <PixTest.cc/efficiencyMaps:L426> booking xray maps for unmasked detector
[15:25:14.279]    DEBUG: <PixTest.cc/efficiencyMaps:L396>       attempt #0
[15:25:14.945]     INFO: Expecting 41600 events.
[15:25:18.605]     INFO: 41600 events read in total (3133ms).
[15:25:18.609]     INFO: Test took 4330ms.
[15:25:18.704]     INFO: Fetched DAQ statistics. Counters are being reset now.
[15:25:18.705]    DEBUG: <PixTest.cc/efficiencyMaps:L407>  eff result size = 557574
[15:25:18.705]    DEBUG: <PixTest.cc/efficiencyMaps:L412> Create hists HR_xeff_CalDelScan_step10_C0 .. HR_xeff_CalDelScan_step10_C15
[15:25:18.705]    DEBUG: <PixTest.cc/efficiencyMaps:L426> booking xray maps for unmasked detector
[15:25:18.750]    DEBUG: <PixTest.cc/efficiencyMaps:L396>       attempt #0
[15:25:19.416]     INFO: Expecting 41600 events.
[15:25:23.077]     INFO: 41600 events read in total (3135ms).
[15:25:23.081]     INFO: Test took 4331ms.
[15:25:23.178]     INFO: Fetched DAQ statistics. Counters are being reset now.
[15:25:23.178]    DEBUG: <PixTest.cc/efficiencyMaps:L407>  eff result size = 557027
[15:25:23.178]    DEBUG: <PixTest.cc/efficiencyMaps:L412> Create hists HR_xeff_CalDelScan_step11_C0 .. HR_xeff_CalDelScan_step11_C15
[15:25:23.178]    DEBUG: <PixTest.cc/efficiencyMaps:L426> booking xray maps for unmasked detector
[15:25:23.225]    DEBUG: <PixTest.cc/efficiencyMaps:L396>       attempt #0
[15:25:23.892]     INFO: Expecting 41600 events.
[15:25:27.551]     INFO: 41600 events read in total (3133ms).
[15:25:27.556]     INFO: Test took 4331ms.
[15:25:27.651]     INFO: Fetched DAQ statistics. Counters are being reset now.
[15:25:27.651]    DEBUG: <PixTest.cc/efficiencyMaps:L407>  eff result size = 557352
[15:25:27.651]    DEBUG: <PixTest.cc/efficiencyMaps:L412> Create hists HR_xeff_CalDelScan_step12_C0 .. HR_xeff_CalDelScan_step12_C15
[15:25:27.651]    DEBUG: <PixTest.cc/efficiencyMaps:L426> booking xray maps for unmasked detector
[15:25:27.697]    DEBUG: <PixTest.cc/efficiencyMaps:L396>       attempt #0
[15:25:28.362]     INFO: Expecting 41600 events.
[15:25:32.021]     INFO: 41600 events read in total (3132ms).
[15:25:32.025]     INFO: Test took 4328ms.
[15:25:32.121]     INFO: Fetched DAQ statistics. Counters are being reset now.
[15:25:32.121]    DEBUG: <PixTest.cc/efficiencyMaps:L407>  eff result size = 557476
[15:25:32.121]    DEBUG: <PixTest.cc/efficiencyMaps:L412> Create hists HR_xeff_CalDelScan_step13_C0 .. HR_xeff_CalDelScan_step13_C15
[15:25:32.121]    DEBUG: <PixTest.cc/efficiencyMaps:L426> booking xray maps for unmasked detector
[15:25:32.167]    DEBUG: <PixTest.cc/efficiencyMaps:L396>       attempt #0
[15:25:32.832]     INFO: Expecting 41600 events.
[15:25:36.487]     INFO: 41600 events read in total (3128ms).
[15:25:36.491]     INFO: Test took 4324ms.
[15:25:36.615]     INFO: Fetched DAQ statistics. Counters are being reset now.
[15:25:36.615]    DEBUG: <PixTest.cc/efficiencyMaps:L407>  eff result size = 556552
[15:25:36.615]    DEBUG: <PixTest.cc/efficiencyMaps:L412> Create hists HR_xeff_CalDelScan_step14_C0 .. HR_xeff_CalDelScan_step14_C15
[15:25:36.616]    DEBUG: <PixTest.cc/efficiencyMaps:L426> booking xray maps for unmasked detector
[15:25:36.661]    DEBUG: <PixTest.cc/efficiencyMaps:L396>       attempt #0
[15:25:37.326]     INFO: Expecting 41600 events.
[15:25:41.023]     INFO: 41600 events read in total (3170ms).
[15:25:41.027]     INFO: Test took 4366ms.
[15:25:41.123]     INFO: Fetched DAQ statistics. Counters are being reset now.
[15:25:41.123]    DEBUG: <PixTest.cc/efficiencyMaps:L407>  eff result size = 556196
[15:25:41.123]    DEBUG: <PixTest.cc/efficiencyMaps:L412> Create hists HR_xeff_CalDelScan_step15_C0 .. HR_xeff_CalDelScan_step15_C15
[15:25:41.123]    DEBUG: <PixTest.cc/efficiencyMaps:L426> booking xray maps for unmasked detector
[15:25:41.169]    DEBUG: <PixTest.cc/efficiencyMaps:L396>       attempt #0
[15:25:41.835]     INFO: Expecting 41600 events.
[15:25:45.492]     INFO: 41600 events read in total (3130ms).
[15:25:45.496]     INFO: Test took 4327ms.
[15:25:45.591]     INFO: Fetched DAQ statistics. Counters are being reset now.
[15:25:45.591]    DEBUG: <PixTest.cc/efficiencyMaps:L407>  eff result size = 556180
[15:25:45.591]    DEBUG: <PixTest.cc/efficiencyMaps:L412> Create hists HR_xeff_CalDelScan_step16_C0 .. HR_xeff_CalDelScan_step16_C15
[15:25:45.592]    DEBUG: <PixTest.cc/efficiencyMaps:L426> booking xray maps for unmasked detector
[15:25:45.637]    DEBUG: <PixTest.cc/efficiencyMaps:L396>       attempt #0
[15:25:46.302]     INFO: Expecting 41600 events.
[15:25:49.948]     INFO: 41600 events read in total (3119ms).
[15:25:49.952]     INFO: Test took 4315ms.
[15:25:50.048]     INFO: Fetched DAQ statistics. Counters are being reset now.
[15:25:50.048]    DEBUG: <PixTest.cc/efficiencyMaps:L407>  eff result size = 556739
[15:25:50.048]    DEBUG: <PixTest.cc/efficiencyMaps:L412> Create hists HR_xeff_CalDelScan_step17_C0 .. HR_xeff_CalDelScan_step17_C15
[15:25:50.049]    DEBUG: <PixTest.cc/efficiencyMaps:L426> booking xray maps for unmasked detector
[15:25:50.095]    DEBUG: <PixTest.cc/efficiencyMaps:L396>       attempt #0
[15:25:50.760]     INFO: Expecting 41600 events.
[15:25:54.385]     INFO: 41600 events read in total (3098ms).
[15:25:54.389]     INFO: Test took 4295ms.
[15:25:54.485]     INFO: Fetched DAQ statistics. Counters are being reset now.
[15:25:54.485]    DEBUG: <PixTest.cc/efficiencyMaps:L407>  eff result size = 556331
[15:25:54.485]    DEBUG: <PixTest.cc/efficiencyMaps:L412> Create hists HR_xeff_CalDelScan_step18_C0 .. HR_xeff_CalDelScan_step18_C15
[15:25:54.485]    DEBUG: <PixTest.cc/efficiencyMaps:L426> booking xray maps for unmasked detector
[15:25:54.532]    DEBUG: <PixTest.cc/efficiencyMaps:L396>       attempt #0
[15:25:55.197]     INFO: Expecting 41600 events.
[15:25:58.671]     INFO: 41600 events read in total (2947ms).
[15:25:58.675]     INFO: Test took 4143ms.
[15:25:58.768]     INFO: Fetched DAQ statistics. Counters are being reset now.
[15:25:58.768]    DEBUG: <PixTest.cc/efficiencyMaps:L407>  eff result size = 551801
[15:25:58.768]    DEBUG: <PixTest.cc/efficiencyMaps:L412> Create hists HR_xeff_CalDelScan_step19_C0 .. HR_xeff_CalDelScan_step19_C15
[15:25:58.769]    DEBUG: <PixTest.cc/efficiencyMaps:L426> booking xray maps for unmasked detector
[15:25:59.035]    DEBUG: <PixTestHighRate.cc/doCalDelScan:L422> roc  0: caldel = 190 eff = 0.999639
[15:25:59.035]    DEBUG: <PixTestHighRate.cc/doCalDelScan:L422> roc  1: caldel = 146 eff = 0.999639
[15:25:59.035]    DEBUG: <PixTestHighRate.cc/doCalDelScan:L422> roc  2: caldel = 153 eff = 0.999327
[15:25:59.035]    DEBUG: <PixTestHighRate.cc/doCalDelScan:L422> roc  3: caldel = 157 eff = 0.998822
[15:25:59.035]    DEBUG: <PixTestHighRate.cc/doCalDelScan:L422> roc  4: caldel = 185 eff = 0.998558
[15:25:59.036]    DEBUG: <PixTestHighRate.cc/doCalDelScan:L422> roc  5: caldel = 154 eff = 0.998582
[15:25:59.036]    DEBUG: <PixTestHighRate.cc/doCalDelScan:L422> roc  6: caldel = 163 eff = 0.975409
[15:25:59.036]    DEBUG: <PixTestHighRate.cc/doCalDelScan:L422> roc  7: caldel = 163 eff = 0.998798
[15:25:59.036]    DEBUG: <PixTestHighRate.cc/doCalDelScan:L422> roc  8: caldel = 179 eff = 0.998341
[15:25:59.036]    DEBUG: <PixTestHighRate.cc/doCalDelScan:L422> roc  9: caldel = 153 eff = 0.998365
[15:25:59.036]    DEBUG: <PixTestHighRate.cc/doCalDelScan:L422> roc 10: caldel = 162 eff = 0.998582
[15:25:59.036]    DEBUG: <PixTestHighRate.cc/doCalDelScan:L422> roc 11: caldel = 159 eff = 0.998702
[15:25:59.037]    DEBUG: <PixTestHighRate.cc/doCalDelScan:L422> roc 12: caldel = 171 eff = 0.99887
[15:25:59.037]    DEBUG: <PixTestHighRate.cc/doCalDelScan:L422> roc 13: caldel = 155 eff = 0.999159
[15:25:59.037]    DEBUG: <PixTestHighRate.cc/doCalDelScan:L422> roc 14: caldel = 174 eff = 0.999591
[15:25:59.037]    DEBUG: <PixTestHighRate.cc/doCalDelScan:L422> roc 15: caldel = 155 eff = 0.99875
[15:26:07.983]    DEBUG: <PixTab.cc/buttonClicked:L308> xxxPressed():  xpixelalive
[15:26:07.983]    DEBUG: <PixTestHighRate.cc/runCommand:L157> running command: xpixelalive
[15:26:07.983]     INFO:    ----------------------------------------------------------------------
[15:26:07.983]     INFO:    PixTestHighRate::xPixelAlive() ntrig = 50, vcal = 200
[15:26:07.983]     INFO:    ----------------------------------------------------------------------
[15:26:07.984]    DEBUG: <PixTestHighRate.cc/doXPixelAlive:L451>  old set: clk: 4
[15:26:07.984]    DEBUG: <PixTestHighRate.cc/doXPixelAlive:L451>  old set: ctr: 4
[15:26:07.984]    DEBUG: <PixTestHighRate.cc/doXPixelAlive:L451>  old set: sda: 19
[15:26:07.984]    DEBUG: <PixTestHighRate.cc/doXPixelAlive:L451>  old set: tin: 9
[15:26:07.984]    DEBUG: <PixTestHighRate.cc/doXPixelAlive:L451>  old set: level: 15
[15:26:07.984]    DEBUG: <PixTestHighRate.cc/doXPixelAlive:L451>  old set: triggerdelay: 0
[15:26:07.984]    DEBUG: <PixTestHighRate.cc/doXPixelAlive:L467>  setting: clk: 4
[15:26:07.984]    DEBUG: <PixTestHighRate.cc/doXPixelAlive:L467>  setting: ctr: 4
[15:26:07.984]    DEBUG: <PixTestHighRate.cc/doXPixelAlive:L467>  setting: sda: 19
[15:26:07.984]    DEBUG: <PixTestHighRate.cc/doXPixelAlive:L467>  setting: tin: 9
[15:26:07.984]    DEBUG: <PixTestHighRate.cc/doXPixelAlive:L467>  setting: level: 15
[15:26:07.984]    DEBUG: <PixTestHighRate.cc/doXPixelAlive:L467>  setting: triggerdelay: 20
[15:26:08.020]     INFO: ROC 6 masking pixel 1/50
[15:26:08.020]     INFO: ROC 6 masking pixel 1/74
[15:26:08.020]     INFO: ROC 6 masking pixel 11/60
[15:26:08.020]     INFO: ROC 6 masking pixel 15/72
[15:26:08.020]     INFO: ROC 6 masking pixel 16/24
[15:26:08.020]     INFO: ROC 6 masking pixel 24/28
[15:26:08.020]     INFO: ROC 6 masking pixel 29/24
[15:26:08.020]     INFO: ROC 6 masking pixel 30/62
[15:26:08.020]     INFO: ROC 6 masking pixel 35/51
[15:26:08.020]     INFO: ROC 6 masking pixel 40/44
[15:26:08.020]     INFO: ROC 6 masking pixel 44/37
[15:26:08.020]     INFO: ROC 6 masking pixel 44/38
[15:26:08.020]     INFO: ROC 6 masking pixel 48/73
[15:26:08.020]     INFO: ROC 6 masking pixel 49/54
[15:26:08.020]     INFO: ROC 6 masking pixel 51/12
[15:26:08.021]    DEBUG: <PixTest.cc/efficiencyMaps:L396>       attempt #0
[15:26:08.688]     INFO: Expecting 208000 events.
[15:26:22.708]     INFO: 208000 events read in total (13494ms).
[15:26:22.722]     INFO: Test took 14701ms.
[15:26:23.170]     INFO: Fetched DAQ statistics. Counters are being reset now.
[15:26:23.170]    DEBUG: <PixTest.cc/efficiencyMaps:L407>  eff result size = 2500602
[15:26:23.170]    DEBUG: <PixTest.cc/efficiencyMaps:L412> Create hists highRate_C0 .. highRate_C15
[15:26:23.170]    DEBUG: <PixTest.cc/efficiencyMaps:L426> booking xray maps for unmasked detector
[15:26:23.567]     INFO: number of dead pixels (per ROC):     0    0    0    0    0    0   96    0    0    0    0    0    0    1    1    3
[15:26:23.567]     INFO: number of red-efficiency pixels:   103  119  178  288  326  322  457  284  338  371  372  322  300  173   77  128
[15:26:23.567]     INFO: number of X-ray hits detected:    90770 71074 117085 176259 192046 189880 182870 170203 199884 197776 193903 180400 186109 120590 74250 91044
[15:26:23.567]     INFO: number of triggers sent (total per ROC):  208000 208000 208000 208000 208000 208000 208000 208000 208000 208000 208000 208000 208000 208000 208000 208000
[15:26:23.567]     INFO: number of Vcal hits detected:  207894 207880 207807 207702 207651 207668 202817 207702 207645 207611 207598 207652 207685 207771 207873 207723
[15:26:23.567]     INFO: Vcal hit fiducial efficiency (%):  99.9 99.9 99.9 99.9 99.8 99.9 99.8 99.9 99.8 99.8 99.8 99.8 99.9 99.9 100.0 99.9
[15:26:23.567]     INFO: Vcal hit overall efficiency (%):  99.9 99.9 99.9 99.9 99.8 99.8 97.5 99.9 99.8 99.8 99.8 99.8 99.8 99.9 99.9 99.9
[15:26:23.567]     INFO: X-ray hit rate [MHz/cm2]:  26.6 20.8 34.3 51.7 56.3 55.7 53.6 49.9 58.6 58.0 56.8 52.9 54.5 35.3 21.8 26.7
[15:26:23.567]     INFO: PixTestHighRate::doXPixelAlive() done
[15:26:23.614]    DEBUG: <PixTestHighRate.cc/doXPixelAlive:L586>  resetting: clk: 4
[15:26:23.614]    DEBUG: <PixTestHighRate.cc/doXPixelAlive:L586>  resetting: ctr: 4
[15:26:23.614]    DEBUG: <PixTestHighRate.cc/doXPixelAlive:L586>  resetting: sda: 19
[15:26:23.614]    DEBUG: <PixTestHighRate.cc/doXPixelAlive:L586>  resetting: tin: 9
[15:26:23.614]    DEBUG: <PixTestHighRate.cc/doXPixelAlive:L586>  resetting: level: 15
[15:26:23.614]    DEBUG: <PixTestHighRate.cc/doXPixelAlive:L586>  resetting: triggerdelay: 0
[15:26:23.614]     INFO: PixTest::       pg_setup set to default.
[15:26:33.007]    DEBUG: <PixTest.cc/moduleMap:L1029> moduleMap histname: what
[15:26:33.008]    DEBUG: <PixTest.cc/moduleMap:L1039> h1->GetName() = highRate_xraymap_C9_V0 -> highRate_xraymap_mod
[15:26:36.871]    DEBUG: <PixGui.cc/handleButtons:L396> PixGui::exit called
[15:26:36.872]    DEBUG: <PixGui.cc/CloseWindow:L335> Final Analog Current: 388.3mA
[15:26:36.873]    DEBUG: <PixGui.cc/CloseWindow:L336> Final Digital Current: 509.7mA
[15:26:36.873]    DEBUG: <PixGui.cc/CloseWindow:L337> Final Module Temperature: 22.0 C
[15:26:36.873]    DEBUG: <PixTestBBMap.cc/~PixTestBBMap:L97> PixTestBBMap dtor
[15:26:36.873]    DEBUG: <PixTestBB2Map.cc/~PixTestBB2Map:L115> PixTestBB2Map dtor
[15:26:36.873]    DEBUG: <PixTestBB3Map.cc/~PixTestBB3Map:L99> PixTestBB3Map dtor
[15:26:36.873]    DEBUG: <PixTestBB4Map.cc/~PixTestBB4Map:L118> PixTestBB4Map dtor
[15:26:36.873]    DEBUG: <PixTestCmd.cc/~PixTestCmd:L78> PixTestCmd dtor
[15:26:36.874]    DEBUG: <PixTestDaq.cc/~PixTestDaq:L37> PixTestDaq dtor
[15:26:36.874]    DEBUG: <PixTestDacDacScan.cc/~PixTestDacDacScan:L136> PixTestDacDacScan dtor
[15:26:36.874]    DEBUG: <PixTestDacScan.cc/~PixTestDacScan:L129> PixTestDacScan dtor
[15:26:36.874]    DEBUG: <PixTestGainPedestal.cc/~PixTestGainPedestal:L125> PixTestGainPedestal dtor
[15:26:36.874]    DEBUG: <PixTestHighRate.cc/~PixTestHighRate:L245> PixTestHighRate dtor
[15:26:36.966]    DEBUG: <PixTestIV.cc/~PixTestIV:L96> PixTestIV dtor
[15:26:36.966]    DEBUG: <PixTestAlive.cc/~PixTestAlive:L109> PixTestAlive dtor
[15:26:36.967]    DEBUG: <PixTestPretest.cc/~PixTestPretest:L136> PixTestPretest dtor
[15:26:36.967]    DEBUG: <PixTestReadback.cc/~PixTestReadback:L89> PixTestReadback dtor, saving tree ... 
[15:26:36.967]    DEBUG: <PixTestScurves.cc/~PixTestScurves:L142> PixTestScurves dtor
[15:26:36.967]    DEBUG: <PixTestTiming.cc/~PixTestTiming:L97> PixTestTiming dtor
[15:26:36.967]    DEBUG: <PixTestTrim.cc/~PixTestTrim:L103> PixTestTrim dtor
[15:26:36.967]    DEBUG: <PixTestXray.cc/~PixTestXray:L217> PixTestXray dtor
[15:26:36.969]    QUIET: Connection to board 58 closed.
[15:26:37.049]    DEBUG: <PixMonitor.cc/dumpSummaries:L39> PixMonitor::dumpSummaries
