[15:20:50.818]     INFO: *** Welcome to pxar ***
[15:20:50.818]     INFO: *** Today: 2016/01/12
[15:20:50.827]     INFO: *** Version: prod-12
[15:20:50.827]     INFO: readRocDacs: data/mh238/M-H-2-38_ElComandanteTest_2016-01-08_12h56m_1452279411/000_FPIXTest_p17/dacParameters35_C0.dat .. data/mh238/M-H-2-38_ElComandanteTest_2016-01-08_12h56m_1452279411/000_FPIXTest_p17/dacParameters35_C15.dat
[15:20:50.828]     INFO: readTbmDacs: data/mh238/M-H-2-38_ElComandanteTest_2016-01-08_12h56m_1452279411/000_FPIXTest_p17/tbmParameters_C0a.dat .. data/mh238/M-H-2-38_ElComandanteTest_2016-01-08_12h56m_1452279411/000_FPIXTest_p17/tbmParameters_C0b.dat
[15:20:50.828]     INFO: readMaskFile: data/mh238/M-H-2-38_ElComandanteTest_2016-01-08_12h56m_1452279411/000_FPIXTest_p17/defaultMaskFile.dat
[15:20:50.829]     INFO: MASKED Roc 6 col/row: 1 50
[15:20:50.829]     INFO: MASKED Roc 6 col/row: 1 74
[15:20:50.829]     INFO: MASKED Roc 6 col/row: 11 60
[15:20:50.829]     INFO: MASKED Roc 6 col/row: 15 72
[15:20:50.829]     INFO: MASKED Roc 6 col/row: 16 24
[15:20:50.829]     INFO: MASKED Roc 6 col/row: 24 28
[15:20:50.829]     INFO: MASKED Roc 6 col/row: 29 24
[15:20:50.829]     INFO: MASKED Roc 6 col/row: 30 62
[15:20:50.829]     INFO: MASKED Roc 6 col/row: 35 51
[15:20:50.829]     INFO: MASKED Roc 6 col/row: 40 44
[15:20:50.829]     INFO: MASKED Roc 6 col/row: 44 37
[15:20:50.829]     INFO: MASKED Roc 6 col/row: 44 38
[15:20:50.829]     INFO: MASKED Roc 6 col/row: 48 73
[15:20:50.829]     INFO: MASKED Roc 6 col/row: 49 54
[15:20:50.829]     INFO: MASKED Roc 6 col/row: 51 12
[15:20:50.829]     INFO: readTrimFile: data/mh238/M-H-2-38_ElComandanteTest_2016-01-08_12h56m_1452279411/000_FPIXTest_p17/trimParameters35_C0.dat .. data/mh238/M-H-2-38_ElComandanteTest_2016-01-08_12h56m_1452279411/000_FPIXTest_p17/trimParameters35_C15.dat
[15:20:50.886]     INFO:   masking Roc 6 col/row: 1 50
[15:20:50.886]     INFO:   masking Roc 6 col/row: 1 74
[15:20:50.886]     INFO:   masking Roc 6 col/row: 11 60
[15:20:50.886]     INFO:   masking Roc 6 col/row: 15 72
[15:20:50.886]     INFO:   masking Roc 6 col/row: 16 24
[15:20:50.886]     INFO:   masking Roc 6 col/row: 24 28
[15:20:50.886]     INFO:   masking Roc 6 col/row: 29 24
[15:20:50.887]     INFO:   masking Roc 6 col/row: 30 62
[15:20:50.887]     INFO:   masking Roc 6 col/row: 35 51
[15:20:50.887]     INFO:   masking Roc 6 col/row: 40 44
[15:20:50.887]     INFO:   masking Roc 6 col/row: 44 37
[15:20:50.887]     INFO:   masking Roc 6 col/row: 44 38
[15:20:50.887]     INFO:   masking Roc 6 col/row: 48 73
[15:20:50.887]     INFO:   masking Roc 6 col/row: 49 54
[15:20:50.887]     INFO:   masking Roc 6 col/row: 51 12
[15:20:50.981]     INFO:         clk: 4
[15:20:50.981]     INFO:         ctr: 4
[15:20:50.981]     INFO:         sda: 19
[15:20:50.982]     INFO:         tin: 9
[15:20:50.982]     INFO:         level: 15
[15:20:50.982]     INFO:         triggerdelay: 0
[15:20:50.982]    QUIET: Instanciating API for pxar prod-12
[15:20:50.982]     INFO: Log level: DEBUG
[15:20:50.993]    QUIET: Connection to board DTB_WRPRHI opened.
[15:20:50.996]     INFO: DTB startup information
--- DTB info------------------------------------------
Board id:    58
HW version:  DTB1.2
FW version:  4.2
SW version:  4.5
USB id:      DTB_WRPRHI
MAC address: 40D85511803A
Hostname:    pixelDTB058
Comment:     
------------------------------------------------------
[15:20:50.999]     INFO: RPC call hashes of host and DTB match: 398089610
[15:20:52.599]     INFO: DUT info: 
[15:20:52.599]     INFO: The DUT currently contains the following objects:
[15:20:52.599]     INFO:  2 TBM Cores tbm08c (2 ON)
[15:20:52.599]     INFO: 	TBM Core alpha (0): 7 registers set
[15:20:52.599]     INFO: 	TBM Core beta  (1): 7 registers set
[15:20:52.599]     INFO: 16 ROCs psi46digv21respin (16 ON) with 4160 pixelConfigs
[15:20:52.599]     INFO: 	ROC 0: 19 DACs set, Pixels: 0 masked, 0 active.
[15:20:52.599]     INFO: 	ROC 1: 19 DACs set, Pixels: 0 masked, 0 active.
[15:20:52.599]     INFO: 	ROC 2: 19 DACs set, Pixels: 0 masked, 0 active.
[15:20:52.599]     INFO: 	ROC 3: 19 DACs set, Pixels: 0 masked, 0 active.
[15:20:52.599]     INFO: 	ROC 4: 19 DACs set, Pixels: 0 masked, 0 active.
[15:20:52.599]     INFO: 	ROC 5: 19 DACs set, Pixels: 0 masked, 0 active.
[15:20:52.599]     INFO: 	ROC 6: 19 DACs set, Pixels: 15 masked, 0 active.
[15:20:52.599]     INFO: 	ROC 7: 19 DACs set, Pixels: 0 masked, 0 active.
[15:20:52.599]     INFO: 	ROC 8: 19 DACs set, Pixels: 0 masked, 0 active.
[15:20:52.599]     INFO: 	ROC 9: 19 DACs set, Pixels: 0 masked, 0 active.
[15:20:52.599]     INFO: 	ROC 10: 19 DACs set, Pixels: 0 masked, 0 active.
[15:20:52.599]     INFO: 	ROC 11: 19 DACs set, Pixels: 0 masked, 0 active.
[15:20:52.599]     INFO: 	ROC 12: 19 DACs set, Pixels: 0 masked, 0 active.
[15:20:52.600]     INFO: 	ROC 13: 19 DACs set, Pixels: 0 masked, 0 active.
[15:20:52.600]     INFO: 	ROC 14: 19 DACs set, Pixels: 0 masked, 0 active.
[15:20:52.600]     INFO: 	ROC 15: 19 DACs set, Pixels: 0 masked, 0 active.
[15:20:52.600]    DEBUG: <PixTestParameters.cc/dump:L104> PixTestParameters: ->BB<-
[15:20:52.600]    DEBUG: <PixTestParameters.cc/dump:L107>   dumpall: checkbox(0)
[15:20:52.600]    DEBUG: <PixTestParameters.cc/dump:L107>   dumpproblematic: checkbox(0)
[15:20:52.600]    DEBUG: <PixTestParameters.cc/dump:L107>   ntrig: 5
[15:20:52.600]    DEBUG: <PixTestParameters.cc/dump:L107>   vcals: 250
[15:20:52.600]    DEBUG: <PixTestParameters.cc/dump:L104> PixTestParameters: ->BB2<-
[15:20:52.600]    DEBUG: <PixTestParameters.cc/dump:L107>   ntrig: 10
[15:20:52.600]    DEBUG: <PixTestParameters.cc/dump:L107>   vcals: 222
[15:20:52.600]    DEBUG: <PixTestParameters.cc/dump:L107>   plwidth: 35
[15:20:52.600]    DEBUG: <PixTestParameters.cc/dump:L107>   pix: 11,20
[15:20:52.600]    DEBUG: <PixTestParameters.cc/dump:L107>   targetia: 24
[15:20:52.600]    DEBUG: <PixTestParameters.cc/dump:L104> PixTestParameters: ->BB3<-
[15:20:52.600]    DEBUG: <PixTestParameters.cc/dump:L107>   dumpall: checkbox(0)
[15:20:52.600]    DEBUG: <PixTestParameters.cc/dump:L107>   dumpproblematic: checkbox(0)
[15:20:52.600]    DEBUG: <PixTestParameters.cc/dump:L107>   ntrig: 5
[15:20:52.600]    DEBUG: <PixTestParameters.cc/dump:L107>   vcals: 250
[15:20:52.600]    DEBUG: <PixTestParameters.cc/dump:L104> PixTestParameters: ->BB4<-
[15:20:52.600]    DEBUG: <PixTestParameters.cc/dump:L107>   savecaldelscan: checkbox(0)
[15:20:52.600]    DEBUG: <PixTestParameters.cc/dump:L107>   ntrig: 100
[15:20:52.600]    DEBUG: <PixTestParameters.cc/dump:L107>   cals: 1
[15:20:52.600]    DEBUG: <PixTestParameters.cc/dump:L107>   caldello: 80
[15:20:52.600]    DEBUG: <PixTestParameters.cc/dump:L107>   caldelhi: 200
[15:20:52.600]    DEBUG: <PixTestParameters.cc/dump:L107>   caldelstep: 10
[15:20:52.600]    DEBUG: <PixTestParameters.cc/dump:L107>   vthrcomplo: 70
[15:20:52.600]    DEBUG: <PixTestParameters.cc/dump:L107>   vthrcomphi: 130
[15:20:52.600]    DEBUG: <PixTestParameters.cc/dump:L107>   vthrcompstep: 5
[15:20:52.600]    DEBUG: <PixTestParameters.cc/dump:L107>   noisypixels: 10
[15:20:52.600]    DEBUG: <PixTestParameters.cc/dump:L107>   vcal: 255
[15:20:52.600]    DEBUG: <PixTestParameters.cc/dump:L107>   cut: 0.5
[15:20:52.600]    DEBUG: <PixTestParameters.cc/dump:L104> PixTestParameters: ->Cmd<-
[15:20:52.600]    DEBUG: <PixTestParameters.cc/dump:L104> PixTestParameters: ->DAQ<-
[15:20:52.601]    DEBUG: <PixTestParameters.cc/dump:L107>   delaytbm: checkbox
[15:20:52.601]    DEBUG: <PixTestParameters.cc/dump:L107>   filltree: checkbox
[15:20:52.601]    DEBUG: <PixTestParameters.cc/dump:L107>   trgfrequency(khz): 100
[15:20:52.601]    DEBUG: <PixTestParameters.cc/dump:L107>   maskhotpixels: button
[15:20:52.601]    DEBUG: <PixTestParameters.cc/dump:L107>   trgnumber: 5
[15:20:52.601]    DEBUG: <PixTestParameters.cc/dump:L107>   iterations: 10
[15:20:52.601]    DEBUG: <PixTestParameters.cc/dump:L107>   rundaqtrg: button
[15:20:52.601]    DEBUG: <PixTestParameters.cc/dump:L107>   daqseconds: 5
[15:20:52.601]    DEBUG: <PixTestParameters.cc/dump:L107>   rundaqseconds: button
[15:20:52.601]    DEBUG: <PixTestParameters.cc/dump:L104> PixTestParameters: ->DacDacScan<-
[15:20:52.601]    DEBUG: <PixTestParameters.cc/dump:L107>   phmap: checkbox
[15:20:52.601]    DEBUG: <PixTestParameters.cc/dump:L107>   ntrig: 10
[15:20:52.601]    DEBUG: <PixTestParameters.cc/dump:L107>   dac1: caldel
[15:20:52.601]    DEBUG: <PixTestParameters.cc/dump:L107>   dac1lo: 0
[15:20:52.601]    DEBUG: <PixTestParameters.cc/dump:L107>   dac1hi: 255
[15:20:52.601]    DEBUG: <PixTestParameters.cc/dump:L107>   dac2: vthrcomp
[15:20:52.601]    DEBUG: <PixTestParameters.cc/dump:L107>   dac2lo: 0
[15:20:52.601]    DEBUG: <PixTestParameters.cc/dump:L107>   dac2hi: 255
[15:20:52.601]    DEBUG: <PixTestParameters.cc/dump:L107>   pix: 11,20
[15:20:52.601]    DEBUG: <PixTestParameters.cc/dump:L104> PixTestParameters: ->DacScan<-
[15:20:52.601]    DEBUG: <PixTestParameters.cc/dump:L107>   phmap: checkbox(1)
[15:20:52.601]    DEBUG: <PixTestParameters.cc/dump:L107>   allpixels: checkbox(0)
[15:20:52.601]    DEBUG: <PixTestParameters.cc/dump:L107>   unmasked: checkbox(0)
[15:20:52.601]    DEBUG: <PixTestParameters.cc/dump:L107>   ntrig: 10
[15:20:52.601]    DEBUG: <PixTestParameters.cc/dump:L107>   dac: vcal
[15:20:52.601]    DEBUG: <PixTestParameters.cc/dump:L107>   daclo: 0
[15:20:52.601]    DEBUG: <PixTestParameters.cc/dump:L107>   dachi: 255
[15:20:52.601]    DEBUG: <PixTestParameters.cc/dump:L107>   pix: 11,20
[15:20:52.601]    DEBUG: <PixTestParameters.cc/dump:L104> PixTestParameters: ->GainPedestal<-
[15:20:52.601]    DEBUG: <PixTestParameters.cc/dump:L107>   showfits: checkbox(0)
[15:20:52.601]    DEBUG: <PixTestParameters.cc/dump:L107>   extended: checkbox(0)
[15:20:52.601]    DEBUG: <PixTestParameters.cc/dump:L107>   dumphists: checkbox(0)
[15:20:52.601]    DEBUG: <PixTestParameters.cc/dump:L107>   ntrig: 10
[15:20:52.601]    DEBUG: <PixTestParameters.cc/dump:L107>   vcalstep: 10
[15:20:52.601]    DEBUG: <PixTestParameters.cc/dump:L107>   measure: button
[15:20:52.601]    DEBUG: <PixTestParameters.cc/dump:L107>   fit: button
[15:20:52.601]    DEBUG: <PixTestParameters.cc/dump:L107>   save: button
[15:20:52.601]    DEBUG: <PixTestParameters.cc/dump:L104> PixTestParameters: ->HighRate<-
[15:20:52.601]    DEBUG: <PixTestParameters.cc/dump:L107>   pix: 11,20
[15:20:52.601]    DEBUG: <PixTestParameters.cc/dump:L107>   trimhotpixels: button
[15:20:52.601]    DEBUG: <PixTestParameters.cc/dump:L107>   trimhotpixelthr: 200
[15:20:52.601]    DEBUG: <PixTestParameters.cc/dump:L107>   runsecondshotpixels: 10
[15:20:52.601]    DEBUG: <PixTestParameters.cc/dump:L107>   savetrimbits: checkbox(1)
[15:20:52.601]    DEBUG: <PixTestParameters.cc/dump:L107>   maskuntrimmable: checkbox(1)
[15:20:52.601]    DEBUG: <PixTestParameters.cc/dump:L107>   maskhotpixels: button
[15:20:52.601]    DEBUG: <PixTestParameters.cc/dump:L107>   savemaskfile: checkbox(0)
[15:20:52.601]    DEBUG: <PixTestParameters.cc/dump:L107>   maskfilename: default
[15:20:52.601]    DEBUG: <PixTestParameters.cc/dump:L107>   caldelscan: button
[15:20:52.601]    DEBUG: <PixTestParameters.cc/dump:L107>   xpixelalive: button
[15:20:52.601]    DEBUG: <PixTestParameters.cc/dump:L107>   ntrig: 50
[15:20:52.601]    DEBUG: <PixTestParameters.cc/dump:L107>   vcal: 200
[15:20:52.601]    DEBUG: <PixTestParameters.cc/dump:L107>   xnoisemaps: button
[15:20:52.601]    DEBUG: <PixTestParameters.cc/dump:L107>   daclo: 0
[15:20:52.601]    DEBUG: <PixTestParameters.cc/dump:L107>   dachi: 100
[15:20:52.601]    DEBUG: <PixTestParameters.cc/dump:L107>   dacs/step: 20
[15:20:52.602]    DEBUG: <PixTestParameters.cc/dump:L107>   rundaq: button
[15:20:52.602]    DEBUG: <PixTestParameters.cc/dump:L107>   trgfrequency(khz): 20
[15:20:52.602]    DEBUG: <PixTestParameters.cc/dump:L107>   runseconds: 2
[15:20:52.602]    DEBUG: <PixTestParameters.cc/dump:L107>   triggerdelay: 20
[15:20:52.602]    DEBUG: <PixTestParameters.cc/dump:L107>   delaytbm: checkbox
[15:20:52.602]    DEBUG: <PixTestParameters.cc/dump:L107>   filltree: checkbox
[15:20:52.602]    DEBUG: <PixTestParameters.cc/dump:L104> PixTestParameters: ->IV<-
[15:20:52.602]    DEBUG: <PixTestParameters.cc/dump:L107>   port: /dev/FIXME
[15:20:52.602]    DEBUG: <PixTestParameters.cc/dump:L107>   voltagestart: 0
[15:20:52.602]    DEBUG: <PixTestParameters.cc/dump:L107>   voltagestop: 600
[15:20:52.602]    DEBUG: <PixTestParameters.cc/dump:L107>   voltagestep: 5
[15:20:52.602]    DEBUG: <PixTestParameters.cc/dump:L107>   delay: 1
[15:20:52.602]    DEBUG: <PixTestParameters.cc/dump:L107>   compliance(ua): 100
[15:20:52.602]    DEBUG: <PixTestParameters.cc/dump:L104> PixTestParameters: ->PhOptimization<-
[15:20:52.602]    DEBUG: <PixTestParameters.cc/dump:L107>   ntrig: 10
[15:20:52.602]    DEBUG: <PixTestParameters.cc/dump:L107>   safetymarginlow: 20
[15:20:52.602]    DEBUG: <PixTestParameters.cc/dump:L107>   saturationvcal: 100
[15:20:52.602]    DEBUG: <PixTestParameters.cc/dump:L107>   quantilesaturation: 0.98
[15:20:52.602]    DEBUG: <PixTestParameters.cc/dump:L104> PixTestParameters: ->PixelAlive<-
[15:20:52.602]    DEBUG: <PixTestParameters.cc/dump:L107>   ntrig: 10
[15:20:52.602]    DEBUG: <PixTestParameters.cc/dump:L107>   vcal: 200
[15:20:52.602]    DEBUG: <PixTestParameters.cc/dump:L107>   alivetest: button
[15:20:52.602]    DEBUG: <PixTestParameters.cc/dump:L107>   masktest: button
[15:20:52.602]    DEBUG: <PixTestParameters.cc/dump:L107>   addressdecodingtest: button
[15:20:52.602]    DEBUG: <PixTestParameters.cc/dump:L104> PixTestParameters: ->Pretest<-
[15:20:52.602]    DEBUG: <PixTestParameters.cc/dump:L107>   programroc: button
[15:20:52.602]    DEBUG: <PixTestParameters.cc/dump:L107>   targetia: 24
[15:20:52.602]    DEBUG: <PixTestParameters.cc/dump:L107>   setvana: button
[15:20:52.602]    DEBUG: <PixTestParameters.cc/dump:L107>   iterations: 100
[15:20:52.602]    DEBUG: <PixTestParameters.cc/dump:L107>   settimings: button
[15:20:52.602]    DEBUG: <PixTestParameters.cc/dump:L107>   findtiming: button
[15:20:52.602]    DEBUG: <PixTestParameters.cc/dump:L107>   findworkingpixel: button
[15:20:52.602]    DEBUG: <PixTestParameters.cc/dump:L107>   setvthrcompcaldel: button
[15:20:52.602]    DEBUG: <PixTestParameters.cc/dump:L107>   pix: 11,20
[15:20:52.602]    DEBUG: <PixTestParameters.cc/dump:L107>   vcal: 250
[15:20:52.602]    DEBUG: <PixTestParameters.cc/dump:L107>   deltavthrcomp: 50
[15:20:52.602]    DEBUG: <PixTestParameters.cc/dump:L107>   fraccaldel: 0.5
[15:20:52.602]    DEBUG: <PixTestParameters.cc/dump:L107>   ntrig: 5
[15:20:52.602]    DEBUG: <PixTestParameters.cc/dump:L107>   savedacs: button
[15:20:52.602]    DEBUG: <PixTestParameters.cc/dump:L104> PixTestParameters: ->Readback<-
[15:20:52.602]    DEBUG: <PixTestParameters.cc/dump:L107>   calibratevd: button
[15:20:52.602]    DEBUG: <PixTestParameters.cc/dump:L107>   calibrateva: button
[15:20:52.602]    DEBUG: <PixTestParameters.cc/dump:L107>   calibrateia: button
[15:20:52.602]    DEBUG: <PixTestParameters.cc/dump:L107>   readbackvbg: button
[15:20:52.602]    DEBUG: <PixTestParameters.cc/dump:L107>   getcalibratedvbg: button
[15:20:52.602]    DEBUG: <PixTestParameters.cc/dump:L107>   usecalvd: checkbox(1)
[15:20:52.602]    DEBUG: <PixTestParameters.cc/dump:L107>   usecalva: checkbox(0)
[15:20:52.602]    DEBUG: <PixTestParameters.cc/dump:L107>   setvana: button
[15:20:52.602]    DEBUG: <PixTestParameters.cc/dump:L104> PixTestParameters: ->Scurves<-
[15:20:52.602]    DEBUG: <PixTestParameters.cc/dump:L107>   adjustvcal: checkbox(0)
[15:20:52.602]    DEBUG: <PixTestParameters.cc/dump:L107>   dumpall: checkbox(0)
[15:20:52.602]    DEBUG: <PixTestParameters.cc/dump:L107>   dumpproblematic: checkbox(0)
[15:20:52.602]    DEBUG: <PixTestParameters.cc/dump:L107>   dumpoutputfile: checkbox(0)
[15:20:52.602]    DEBUG: <PixTestParameters.cc/dump:L107>   ntrig: 50
[15:20:52.602]    DEBUG: <PixTestParameters.cc/dump:L107>   dac: Vcal
[15:20:52.602]    DEBUG: <PixTestParameters.cc/dump:L107>   daclo: 0
[15:20:52.602]    DEBUG: <PixTestParameters.cc/dump:L107>   dachi: 200
[15:20:52.603]    DEBUG: <PixTestParameters.cc/dump:L107>   dacs/step: -1
[15:20:52.603]    DEBUG: <PixTestParameters.cc/dump:L107>   ntrig/step: -1
[15:20:52.603]    DEBUG: <PixTestParameters.cc/dump:L107>   scurves: button
[15:20:52.603]    DEBUG: <PixTestParameters.cc/dump:L104> PixTestParameters: ->Timing<-
[15:20:52.603]    DEBUG: <PixTestParameters.cc/dump:L107>   targetclk: 4
[15:20:52.603]    DEBUG: <PixTestParameters.cc/dump:L107>   ntrig: 10
[15:20:52.603]    DEBUG: <PixTestParameters.cc/dump:L107>   clocksdascan: button
[15:20:52.603]    DEBUG: <PixTestParameters.cc/dump:L107>   notokenpass: checkbox(0)
[15:20:52.603]    DEBUG: <PixTestParameters.cc/dump:L107>   phasescan: button
[15:20:52.603]    DEBUG: <PixTestParameters.cc/dump:L107>   levelscan: button
[15:20:52.603]    DEBUG: <PixTestParameters.cc/dump:L107>   tbmphasescan: button
[15:20:52.603]    DEBUG: <PixTestParameters.cc/dump:L107>   rocdelayscan: button
[15:20:52.603]    DEBUG: <PixTestParameters.cc/dump:L107>   timingtest: button
[15:20:52.603]    DEBUG: <PixTestParameters.cc/dump:L107>   saveparameters: button
[15:20:52.603]    DEBUG: <PixTestParameters.cc/dump:L104> PixTestParameters: ->Trim<-
[15:20:52.603]    DEBUG: <PixTestParameters.cc/dump:L107>   trim: button
[15:20:52.603]    DEBUG: <PixTestParameters.cc/dump:L107>   ntrig: 8
[15:20:52.603]    DEBUG: <PixTestParameters.cc/dump:L107>   vcal: 35
[15:20:52.603]    DEBUG: <PixTestParameters.cc/dump:L107>   trimbits: button
[15:20:52.603]    DEBUG: <PixTestParameters.cc/dump:L104> PixTestParameters: ->Xray<-
[15:20:52.603]    DEBUG: <PixTestParameters.cc/dump:L107>   maskhotpixels: button
[15:20:52.603]    DEBUG: <PixTestParameters.cc/dump:L107>   savemaskfile: checkbox(0)
[15:20:52.603]    DEBUG: <PixTestParameters.cc/dump:L107>   maskfilename: default
[15:20:52.603]    DEBUG: <PixTestParameters.cc/dump:L107>   source: Ag
[15:20:52.603]    DEBUG: <PixTestParameters.cc/dump:L107>   phrun: button
[15:20:52.603]    DEBUG: <PixTestParameters.cc/dump:L107>   runseconds: 100
[15:20:52.603]    DEBUG: <PixTestParameters.cc/dump:L107>   trgfrequency(khz): 100
[15:20:52.603]    DEBUG: <PixTestParameters.cc/dump:L107>   ratescan: button
[15:20:52.603]    DEBUG: <PixTestParameters.cc/dump:L107>   vthrcompmin: 10
[15:20:52.603]    DEBUG: <PixTestParameters.cc/dump:L107>   vthrcompmax: 80
[15:20:52.603]    DEBUG: <PixTestParameters.cc/dump:L107>   stepseconds: 5
[15:20:52.603]    DEBUG: <PixTestParameters.cc/dump:L107>   delaytbm: checkbox
[15:20:52.603]    DEBUG: <PixTestParameters.cc/dump:L107>   filltree: checkbox
[15:20:52.605]    DEBUG: <PixSetup.cc/init:L81> PixSetup init start; getCurrentRSS() = 32755712
[15:20:52.605]    DEBUG: <PixSetup.cc/init:L87> fPixTestParameters = 0x106e450
[15:20:52.605]    DEBUG: <PixSetup.cc/init:L88>  fConfigParameters = 0xfe3c10
[15:20:52.605]    DEBUG: <PixSetup.cc/init:L89>        fPxarMemory = 0x7f65d9d94010
[15:20:52.605]    DEBUG: <PixSetup.cc/init:L90>         fPxarMemHi = 0x7f65dffff510
[15:20:52.605]    DEBUG: <PixSetup.cc/init:L106> PixSetup init done;  getCurrentRSS() = 32763904 fPxarMemory = 0x7f65d9d94010
[15:20:52.606]    DEBUG: <pXar.cc/main:L223> Initial Analog Current: 385.1mA
[15:20:52.608]    DEBUG: <pXar.cc/main:L224> Initial Digital Current: 508.9mA
[15:20:52.608]    DEBUG: <pXar.cc/main:L225> Initial Module Temperature: 21.2 C
[15:20:53.104]    DEBUG: <PixGui.cc/hvOn:L460> HV set On: 0x162c630
[15:20:53.169]    DEBUG: <PixTestFactory.cc/PixTestFactory:L53> PixTestFactory::PixTestFactory()
[15:20:53.169]    DEBUG: <PixTestBBMap.cc/init:L79> PixTestBBMap::init()
[15:20:53.170]    DEBUG: <PixTestBBMap.cc/PixTestBBMap:L27> PixTestBBMap ctor(PixSetup &a, string, TGTab *)
[15:20:53.175]    DEBUG: <PixTestBB2Map.cc/setParameter:L58> setting fTargetIa    = 24 mA/ROC
[15:20:53.175]    DEBUG: <PixTestBB2Map.cc/init:L97> PixTestBB2Map::init()
[15:20:53.176]    DEBUG: <PixTestBB2Map.cc/PixTestBB2Map:L29> PixTestBB2Map ctor(PixSetup &a, string, TGTab *)
[15:20:53.187]    DEBUG: <PixTestBB3Map.cc/init:L81> PixTestBB3Map::init()
[15:20:53.187]    DEBUG: <PixTestBB3Map.cc/PixTestBB3Map:L29> PixTestBB3Map ctor(PixSetup &a, string, TGTab *)
[15:20:53.209]    DEBUG: <PixTestBB4Map.cc/init:L93> PixTestBB4Map::init()
[15:20:53.209]    DEBUG: <PixTestBB4Map.cc/PixTestBB4Map:L26> PixTestMapeff ctor(PixSetup &a, string, TGTab *)
[15:20:53.219]     INFO: PixTestCmd::init()
[15:20:53.245]    DEBUG: <PixTestDaq.cc/init:L44> PixTestDaq::init()
[15:20:53.245]    DEBUG: <PixTestDaq.cc/PixTestDaq:L22> PixTestDaq ctor(PixSetup &a, string, TGTab *)
[15:20:53.245]     INFO: readGainPedestalParameters data/mh238/M-H-2-38_ElComandanteTest_2016-01-08_12h56m_1452279411/000_FPIXTest_p17/phCalibrationFitErr35_C0.dat .. data/mh238/M-H-2-38_ElComandanteTest_2016-01-08_12h56m_1452279411/000_FPIXTest_p17/phCalibrationFitErr35_C15.dat
[15:20:53.491]    DEBUG: <PixTestDacDacScan.cc/init:L103> PixTestDacDacScan::init()
[15:20:53.491]    DEBUG: <PixTestDacDacScan.cc/PixTestDacDacScan:L22> PixTestDacDacScan ctor(PixSetup &a, string, TGTab *)
[15:20:53.506]    DEBUG: <PixTestGainPedestal.cc/setParameter:L83> PixTestGainPedestal::PixTest() fVcalStep = 10
[15:20:53.512]    DEBUG: <PixTestHighRate.cc/setParameter:L68>   setting fParTriggerFrequency -> 20
[15:20:53.512]    DEBUG: <PixTestHighRate.cc/init:L198> PixTestHighRate::init()
[15:20:53.512]    DEBUG: <PixTestHighRate.cc/PixTestHighRate:L31> PixTestHighRate ctor(PixSetup &a, string, TGTab *)
[15:20:53.542]    DEBUG: <PixTest.cc/setTestParameter:L637>  setting  ntrig to new value 10
[15:20:53.542]    DEBUG: <PixTestPhOptimization.cc/setParameter:L37>   setting fParNtrig  ->10<- from sval = 10
[15:20:53.542]    DEBUG: <PixTestPhOptimization.cc/setParameter:L42>   setting fSafetyMarginLow  ->20<- from sval = 20
[15:20:53.542]    DEBUG: <PixTestPhOptimization.cc/setParameter:L48>   setting fVcalMax  ->100<- from sval = 100
[15:20:53.542]    DEBUG: <PixTestPhOptimization.cc/setParameter:L53>   setting fQuantMax  ->0.98<- from sval = 0.98
[15:20:53.550]    DEBUG: <PixTestAlive.cc/init:L77> PixTestAlive::init()
[15:20:53.551]    DEBUG: <PixTestAlive.cc/PixTestAlive:L21> PixTestAlive ctor(PixSetup &a, string, TGTab *)
[15:20:53.572]    DEBUG: <PixTestReadback.cc/setParameter:L172> fCalwVd set to 1
[15:20:53.572]    DEBUG: <PixTestReadback.cc/init:L95> PixTestReadback::init()
[15:20:53.572]    DEBUG: <PixTestReadback.cc/PixTestReadback:L22> PixTestReadback ctor(PixSetup &a, string, TGTab *)
[15:20:53.572]     INFO: readReadbackCal: data/mh238/M-H-2-38_ElComandanteTest_2016-01-08_12h56m_1452279411/000_FPIXTest_p17/readbackCal_C0.dat .. data/mh238/M-H-2-38_ElComandanteTest_2016-01-08_12h56m_1452279411/000_FPIXTest_p17/readbackCal_C15.dat
[15:20:53.583]    DEBUG: <PixTestScurves.cc/setParameter:L93> set fOutputFilename = 
[15:20:53.595]    DEBUG: <PixTestTiming.cc/setParameter:L60> PixTestTiming::PixTest() targetclk = 4
[15:20:53.595]    DEBUG: <PixTestTiming.cc/setParameter:L64> PixTestTiming::PixTest() ntrig = 10
[15:20:53.595]    DEBUG: <PixTestTiming.cc/setParameter:L48> fNoTokenPass: 0
[15:20:53.595]    DEBUG: <PixTestTiming.cc/init:L74> PixTestTiming::init()
[15:20:53.611]    DEBUG: <PixTestXray.cc/init:L134> PixTestXray::init()
[15:20:53.611]    DEBUG: <PixTestXray.cc/PixTestXray:L28> PixTestXray ctor(PixSetup &a, string, TGTab *)
[15:20:59.703]    DEBUG: <PixTab.cc/buttonClicked:L308> xxxPressed():  caldelscan
[15:20:59.703]    DEBUG: <PixTestHighRate.cc/runCommand:L157> running command: caldelscan
[15:20:59.703]     INFO:    ----------------------------------------------------------------------
[15:20:59.704]     INFO:    PixTestHighRate::calDelScan() ntrig = 10, vcal = 200
[15:20:59.704]     INFO:    ----------------------------------------------------------------------
[15:20:59.844]     INFO: Expecting 768 events.
[15:21:00.982]     INFO: 768 events read in total (420ms).
[15:21:01.171]     INFO: Test took 1462ms.
[15:21:01.175]     INFO: ROC 6 masking pixel 1/50
[15:21:01.175]     INFO: ROC 6 masking pixel 1/74
[15:21:01.175]     INFO: ROC 6 masking pixel 11/60
[15:21:01.175]     INFO: ROC 6 masking pixel 15/72
[15:21:01.175]     INFO: ROC 6 masking pixel 16/24
[15:21:01.175]     INFO: ROC 6 masking pixel 24/28
[15:21:01.175]     INFO: ROC 6 masking pixel 29/24
[15:21:01.175]     INFO: ROC 6 masking pixel 30/62
[15:21:01.175]     INFO: ROC 6 masking pixel 35/51
[15:21:01.175]     INFO: ROC 6 masking pixel 40/44
[15:21:01.175]     INFO: ROC 6 masking pixel 44/37
[15:21:01.175]     INFO: ROC 6 masking pixel 44/38
[15:21:01.175]     INFO: ROC 6 masking pixel 48/73
[15:21:01.175]     INFO: ROC 6 masking pixel 49/54
[15:21:01.175]     INFO: ROC 6 masking pixel 51/12
[15:21:01.178]    DEBUG: <PixTest.cc/efficiencyMaps:L396>       attempt #0
[15:21:01.849]     INFO: Expecting 41600 events.
[15:21:05.525]     INFO: 41600 events read in total (3150ms).
[15:21:05.530]     INFO: Test took 4352ms.
[15:21:05.658]     INFO: Fetched DAQ statistics. Counters are being reset now.
[15:21:05.658]    DEBUG: <PixTest.cc/efficiencyMaps:L407>  eff result size = 742177
[15:21:05.658]    DEBUG: <PixTest.cc/efficiencyMaps:L412> Create hists HR_xeff_CalDelScan_step0_C0 .. HR_xeff_CalDelScan_step0_C15
[15:21:05.658]    DEBUG: <PixTest.cc/efficiencyMaps:L426> booking xray maps for unmasked detector
[15:21:05.713]    DEBUG: <PixTest.cc/efficiencyMaps:L396>       attempt #0
[15:21:06.378]     INFO: Expecting 41600 events.
[15:21:10.171]     INFO: 41600 events read in total (3266ms).
[15:21:10.176]     INFO: Test took 4463ms.
[15:21:10.300]     INFO: Fetched DAQ statistics. Counters are being reset now.
[15:21:10.300]    DEBUG: <PixTest.cc/efficiencyMaps:L407>  eff result size = 750946
[15:21:10.300]    DEBUG: <PixTest.cc/efficiencyMaps:L412> Create hists HR_xeff_CalDelScan_step1_C0 .. HR_xeff_CalDelScan_step1_C15
[15:21:10.301]    DEBUG: <PixTest.cc/efficiencyMaps:L426> booking xray maps for unmasked detector
[15:21:10.358]    DEBUG: <PixTest.cc/efficiencyMaps:L396>       attempt #0
[15:21:11.023]     INFO: Expecting 41600 events.
[15:21:14.856]     INFO: 41600 events read in total (3307ms).
[15:21:14.861]     INFO: Test took 4503ms.
[15:21:14.988]     INFO: Fetched DAQ statistics. Counters are being reset now.
[15:21:14.988]    DEBUG: <PixTest.cc/efficiencyMaps:L407>  eff result size = 750760
[15:21:14.988]    DEBUG: <PixTest.cc/efficiencyMaps:L412> Create hists HR_xeff_CalDelScan_step2_C0 .. HR_xeff_CalDelScan_step2_C15
[15:21:14.988]    DEBUG: <PixTest.cc/efficiencyMaps:L426> booking xray maps for unmasked detector
[15:21:15.046]    DEBUG: <PixTest.cc/efficiencyMaps:L396>       attempt #0
[15:21:15.711]     INFO: Expecting 41600 events.
[15:21:19.536]     INFO: 41600 events read in total (3298ms).
[15:21:19.541]     INFO: Test took 4495ms.
[15:21:19.667]     INFO: Fetched DAQ statistics. Counters are being reset now.
[15:21:19.667]    DEBUG: <PixTest.cc/efficiencyMaps:L407>  eff result size = 752710
[15:21:19.667]    DEBUG: <PixTest.cc/efficiencyMaps:L412> Create hists HR_xeff_CalDelScan_step3_C0 .. HR_xeff_CalDelScan_step3_C15
[15:21:19.667]    DEBUG: <PixTest.cc/efficiencyMaps:L426> booking xray maps for unmasked detector
[15:21:19.725]    DEBUG: <PixTest.cc/efficiencyMaps:L396>       attempt #0
[15:21:20.389]     INFO: Expecting 41600 events.
[15:21:24.215]     INFO: 41600 events read in total (3299ms).
[15:21:24.220]     INFO: Test took 4495ms.
[15:21:24.348]     INFO: Fetched DAQ statistics. Counters are being reset now.
[15:21:24.348]    DEBUG: <PixTest.cc/efficiencyMaps:L407>  eff result size = 754338
[15:21:24.348]    DEBUG: <PixTest.cc/efficiencyMaps:L412> Create hists HR_xeff_CalDelScan_step4_C0 .. HR_xeff_CalDelScan_step4_C15
[15:21:24.348]    DEBUG: <PixTest.cc/efficiencyMaps:L426> booking xray maps for unmasked detector
[15:21:24.408]    DEBUG: <PixTest.cc/efficiencyMaps:L396>       attempt #0
[15:21:25.075]     INFO: Expecting 41600 events.
[15:21:28.917]     INFO: 41600 events read in total (3316ms).
[15:21:28.922]     INFO: Test took 4514ms.
[15:21:29.051]     INFO: Fetched DAQ statistics. Counters are being reset now.
[15:21:29.051]    DEBUG: <PixTest.cc/efficiencyMaps:L407>  eff result size = 753297
[15:21:29.051]    DEBUG: <PixTest.cc/efficiencyMaps:L412> Create hists HR_xeff_CalDelScan_step5_C0 .. HR_xeff_CalDelScan_step5_C15
[15:21:29.052]    DEBUG: <PixTest.cc/efficiencyMaps:L426> booking xray maps for unmasked detector
[15:21:29.110]    DEBUG: <PixTest.cc/efficiencyMaps:L396>       attempt #0
[15:21:29.777]     INFO: Expecting 41600 events.
[15:21:33.619]     INFO: 41600 events read in total (3315ms).
[15:21:33.623]     INFO: Test took 4512ms.
[15:21:33.752]     INFO: Fetched DAQ statistics. Counters are being reset now.
[15:21:33.752]    DEBUG: <PixTest.cc/efficiencyMaps:L407>  eff result size = 752847
[15:21:33.752]    DEBUG: <PixTest.cc/efficiencyMaps:L412> Create hists HR_xeff_CalDelScan_step6_C0 .. HR_xeff_CalDelScan_step6_C15
[15:21:33.753]    DEBUG: <PixTest.cc/efficiencyMaps:L426> booking xray maps for unmasked detector
[15:21:33.812]    DEBUG: <PixTest.cc/efficiencyMaps:L396>       attempt #0
[15:21:34.478]     INFO: Expecting 41600 events.
[15:21:38.327]     INFO: 41600 events read in total (3322ms).
[15:21:38.332]     INFO: Test took 4520ms.
[15:21:38.457]     INFO: Fetched DAQ statistics. Counters are being reset now.
[15:21:38.457]    DEBUG: <PixTest.cc/efficiencyMaps:L407>  eff result size = 754102
[15:21:38.457]    DEBUG: <PixTest.cc/efficiencyMaps:L412> Create hists HR_xeff_CalDelScan_step7_C0 .. HR_xeff_CalDelScan_step7_C15
[15:21:38.458]    DEBUG: <PixTest.cc/efficiencyMaps:L426> booking xray maps for unmasked detector
[15:21:38.516]    DEBUG: <PixTest.cc/efficiencyMaps:L396>       attempt #0
[15:21:39.181]     INFO: Expecting 41600 events.
[15:21:43.027]     INFO: 41600 events read in total (3319ms).
[15:21:43.032]     INFO: Test took 4516ms.
[15:21:43.158]     INFO: Fetched DAQ statistics. Counters are being reset now.
[15:21:43.158]    DEBUG: <PixTest.cc/efficiencyMaps:L407>  eff result size = 753027
[15:21:43.158]    DEBUG: <PixTest.cc/efficiencyMaps:L412> Create hists HR_xeff_CalDelScan_step8_C0 .. HR_xeff_CalDelScan_step8_C15
[15:21:43.158]    DEBUG: <PixTest.cc/efficiencyMaps:L426> booking xray maps for unmasked detector
[15:21:43.215]    DEBUG: <PixTest.cc/efficiencyMaps:L396>       attempt #0
[15:21:43.881]     INFO: Expecting 41600 events.
[15:21:47.724]     INFO: 41600 events read in total (3317ms).
[15:21:47.729]     INFO: Test took 4513ms.
[15:21:47.855]     INFO: Fetched DAQ statistics. Counters are being reset now.
[15:21:47.855]    DEBUG: <PixTest.cc/efficiencyMaps:L407>  eff result size = 752635
[15:21:47.855]    DEBUG: <PixTest.cc/efficiencyMaps:L412> Create hists HR_xeff_CalDelScan_step9_C0 .. HR_xeff_CalDelScan_step9_C15
[15:21:47.856]    DEBUG: <PixTest.cc/efficiencyMaps:L426> booking xray maps for unmasked detector
[15:21:47.913]    DEBUG: <PixTest.cc/efficiencyMaps:L396>       attempt #0
[15:21:48.579]     INFO: Expecting 41600 events.
[15:21:52.408]     INFO: 41600 events read in total (3302ms).
[15:21:52.416]     INFO: Test took 4502ms.
[15:21:52.545]     INFO: Fetched DAQ statistics. Counters are being reset now.
[15:21:52.545]    DEBUG: <PixTest.cc/efficiencyMaps:L407>  eff result size = 752291
[15:21:52.545]    DEBUG: <PixTest.cc/efficiencyMaps:L412> Create hists HR_xeff_CalDelScan_step10_C0 .. HR_xeff_CalDelScan_step10_C15
[15:21:52.545]    DEBUG: <PixTest.cc/efficiencyMaps:L426> booking xray maps for unmasked detector
[15:21:52.603]    DEBUG: <PixTest.cc/efficiencyMaps:L396>       attempt #0
[15:21:53.269]     INFO: Expecting 41600 events.
[15:21:57.115]     INFO: 41600 events read in total (3320ms).
[15:21:57.120]     INFO: Test took 4517ms.
[15:21:57.246]     INFO: Fetched DAQ statistics. Counters are being reset now.
[15:21:57.246]    DEBUG: <PixTest.cc/efficiencyMaps:L407>  eff result size = 753169
[15:21:57.246]    DEBUG: <PixTest.cc/efficiencyMaps:L412> Create hists HR_xeff_CalDelScan_step11_C0 .. HR_xeff_CalDelScan_step11_C15
[15:21:57.246]    DEBUG: <PixTest.cc/efficiencyMaps:L426> booking xray maps for unmasked detector
[15:21:57.304]    DEBUG: <PixTest.cc/efficiencyMaps:L396>       attempt #0
[15:21:57.970]     INFO: Expecting 41600 events.
[15:22:01.818]     INFO: 41600 events read in total (3321ms).
[15:22:01.822]     INFO: Test took 4517ms.
[15:22:01.947]     INFO: Fetched DAQ statistics. Counters are being reset now.
[15:22:01.947]    DEBUG: <PixTest.cc/efficiencyMaps:L407>  eff result size = 752426
[15:22:01.947]    DEBUG: <PixTest.cc/efficiencyMaps:L412> Create hists HR_xeff_CalDelScan_step12_C0 .. HR_xeff_CalDelScan_step12_C15
[15:22:01.947]    DEBUG: <PixTest.cc/efficiencyMaps:L426> booking xray maps for unmasked detector
[15:22:02.006]    DEBUG: <PixTest.cc/efficiencyMaps:L396>       attempt #0
[15:22:02.671]     INFO: Expecting 41600 events.
[15:22:06.495]     INFO: 41600 events read in total (3298ms).
[15:22:06.499]     INFO: Test took 4493ms.
[15:22:06.628]     INFO: Fetched DAQ statistics. Counters are being reset now.
[15:22:06.629]    DEBUG: <PixTest.cc/efficiencyMaps:L407>  eff result size = 752856
[15:22:06.629]    DEBUG: <PixTest.cc/efficiencyMaps:L412> Create hists HR_xeff_CalDelScan_step13_C0 .. HR_xeff_CalDelScan_step13_C15
[15:22:06.629]    DEBUG: <PixTest.cc/efficiencyMaps:L426> booking xray maps for unmasked detector
[15:22:06.689]    DEBUG: <PixTest.cc/efficiencyMaps:L396>       attempt #0
[15:22:07.356]     INFO: Expecting 41600 events.
[15:22:11.198]     INFO: 41600 events read in total (3316ms).
[15:22:11.203]     INFO: Test took 4514ms.
[15:22:11.330]     INFO: Fetched DAQ statistics. Counters are being reset now.
[15:22:11.330]    DEBUG: <PixTest.cc/efficiencyMaps:L407>  eff result size = 752189
[15:22:11.330]    DEBUG: <PixTest.cc/efficiencyMaps:L412> Create hists HR_xeff_CalDelScan_step14_C0 .. HR_xeff_CalDelScan_step14_C15
[15:22:11.330]    DEBUG: <PixTest.cc/efficiencyMaps:L426> booking xray maps for unmasked detector
[15:22:11.391]    DEBUG: <PixTest.cc/efficiencyMaps:L396>       attempt #0
[15:22:12.056]     INFO: Expecting 41600 events.
[15:22:15.888]     INFO: 41600 events read in total (3305ms).
[15:22:15.893]     INFO: Test took 4502ms.
[15:22:16.019]     INFO: Fetched DAQ statistics. Counters are being reset now.
[15:22:16.019]    DEBUG: <PixTest.cc/efficiencyMaps:L407>  eff result size = 751116
[15:22:16.019]    DEBUG: <PixTest.cc/efficiencyMaps:L412> Create hists HR_xeff_CalDelScan_step15_C0 .. HR_xeff_CalDelScan_step15_C15
[15:22:16.020]    DEBUG: <PixTest.cc/efficiencyMaps:L426> booking xray maps for unmasked detector
[15:22:16.078]    DEBUG: <PixTest.cc/efficiencyMaps:L396>       attempt #0
[15:22:16.744]     INFO: Expecting 41600 events.
[15:22:20.576]     INFO: 41600 events read in total (3305ms).
[15:22:20.581]     INFO: Test took 4503ms.
[15:22:20.707]     INFO: Fetched DAQ statistics. Counters are being reset now.
[15:22:20.707]    DEBUG: <PixTest.cc/efficiencyMaps:L407>  eff result size = 752243
[15:22:20.707]    DEBUG: <PixTest.cc/efficiencyMaps:L412> Create hists HR_xeff_CalDelScan_step16_C0 .. HR_xeff_CalDelScan_step16_C15
[15:22:20.707]    DEBUG: <PixTest.cc/efficiencyMaps:L426> booking xray maps for unmasked detector
[15:22:20.765]    DEBUG: <PixTest.cc/efficiencyMaps:L396>       attempt #0
[15:22:21.430]     INFO: Expecting 41600 events.
[15:22:25.271]     INFO: 41600 events read in total (3314ms).
[15:22:25.276]     INFO: Test took 4511ms.
[15:22:25.402]     INFO: Fetched DAQ statistics. Counters are being reset now.
[15:22:25.402]    DEBUG: <PixTest.cc/efficiencyMaps:L407>  eff result size = 751521
[15:22:25.402]    DEBUG: <PixTest.cc/efficiencyMaps:L412> Create hists HR_xeff_CalDelScan_step17_C0 .. HR_xeff_CalDelScan_step17_C15
[15:22:25.402]    DEBUG: <PixTest.cc/efficiencyMaps:L426> booking xray maps for unmasked detector
[15:22:25.461]    DEBUG: <PixTest.cc/efficiencyMaps:L396>       attempt #0
[15:22:26.126]     INFO: Expecting 41600 events.
[15:22:29.924]     INFO: 41600 events read in total (3271ms).
[15:22:29.929]     INFO: Test took 4468ms.
[15:22:30.055]     INFO: Fetched DAQ statistics. Counters are being reset now.
[15:22:30.055]    DEBUG: <PixTest.cc/efficiencyMaps:L407>  eff result size = 751571
[15:22:30.055]    DEBUG: <PixTest.cc/efficiencyMaps:L412> Create hists HR_xeff_CalDelScan_step18_C0 .. HR_xeff_CalDelScan_step18_C15
[15:22:30.056]    DEBUG: <PixTest.cc/efficiencyMaps:L426> booking xray maps for unmasked detector
[15:22:30.114]    DEBUG: <PixTest.cc/efficiencyMaps:L396>       attempt #0
[15:22:30.780]     INFO: Expecting 41600 events.
[15:22:34.430]     INFO: 41600 events read in total (3124ms).
[15:22:34.435]     INFO: Test took 4321ms.
[15:22:34.557]     INFO: Fetched DAQ statistics. Counters are being reset now.
[15:22:34.557]    DEBUG: <PixTest.cc/efficiencyMaps:L407>  eff result size = 744019
[15:22:34.557]    DEBUG: <PixTest.cc/efficiencyMaps:L412> Create hists HR_xeff_CalDelScan_step19_C0 .. HR_xeff_CalDelScan_step19_C15
[15:22:34.557]    DEBUG: <PixTest.cc/efficiencyMaps:L426> booking xray maps for unmasked detector
[15:22:34.836]    DEBUG: <PixTestHighRate.cc/doCalDelScan:L422> roc  0: caldel = 190 eff = 0.999327
[15:22:34.837]    DEBUG: <PixTestHighRate.cc/doCalDelScan:L422> roc  1: caldel = 161 eff = 0.999375
[15:22:34.837]    DEBUG: <PixTestHighRate.cc/doCalDelScan:L422> roc  2: caldel = 148 eff = 0.998582
[15:22:34.837]    DEBUG: <PixTestHighRate.cc/doCalDelScan:L422> roc  3: caldel = 151 eff = 0.997837
[15:22:34.837]    DEBUG: <PixTestHighRate.cc/doCalDelScan:L422> roc  4: caldel = 180 eff = 0.997476
[15:22:34.837]    DEBUG: <PixTestHighRate.cc/doCalDelScan:L422> roc  5: caldel = 153 eff = 0.997091
[15:22:34.837]    DEBUG: <PixTestHighRate.cc/doCalDelScan:L422> roc  6: caldel = 150 eff = 0.973462
[15:22:34.838]    DEBUG: <PixTestHighRate.cc/doCalDelScan:L422> roc  7: caldel = 165 eff = 0.997861
[15:22:34.838]    DEBUG: <PixTestHighRate.cc/doCalDelScan:L422> roc  8: caldel = 179 eff = 0.996563
[15:22:34.838]    DEBUG: <PixTestHighRate.cc/doCalDelScan:L422> roc  9: caldel = 132 eff = 0.996923
[15:22:34.838]    DEBUG: <PixTestHighRate.cc/doCalDelScan:L422> roc 10: caldel = 167 eff = 0.997188
[15:22:34.838]    DEBUG: <PixTestHighRate.cc/doCalDelScan:L422> roc 11: caldel = 157 eff = 0.997404
[15:22:34.838]    DEBUG: <PixTestHighRate.cc/doCalDelScan:L422> roc 12: caldel = 173 eff = 0.99726
[15:22:34.838]    DEBUG: <PixTestHighRate.cc/doCalDelScan:L422> roc 13: caldel = 145 eff = 0.998173
[15:22:34.839]    DEBUG: <PixTestHighRate.cc/doCalDelScan:L422> roc 14: caldel = 174 eff = 0.999207
[15:22:34.839]    DEBUG: <PixTestHighRate.cc/doCalDelScan:L422> roc 15: caldel = 161 eff = 0.998582
[15:22:51.175]    DEBUG: <PixTab.cc/buttonClicked:L308> xxxPressed():  xpixelalive
[15:22:51.175]    DEBUG: <PixTestHighRate.cc/runCommand:L157> running command: xpixelalive
[15:22:51.175]     INFO:    ----------------------------------------------------------------------
[15:22:51.175]     INFO:    PixTestHighRate::xPixelAlive() ntrig = 50, vcal = 200
[15:22:51.175]     INFO:    ----------------------------------------------------------------------
[15:22:51.176]    DEBUG: <PixTestHighRate.cc/doXPixelAlive:L451>  old set: clk: 4
[15:22:51.176]    DEBUG: <PixTestHighRate.cc/doXPixelAlive:L451>  old set: ctr: 4
[15:22:51.176]    DEBUG: <PixTestHighRate.cc/doXPixelAlive:L451>  old set: sda: 19
[15:22:51.176]    DEBUG: <PixTestHighRate.cc/doXPixelAlive:L451>  old set: tin: 9
[15:22:51.176]    DEBUG: <PixTestHighRate.cc/doXPixelAlive:L451>  old set: level: 15
[15:22:51.176]    DEBUG: <PixTestHighRate.cc/doXPixelAlive:L451>  old set: triggerdelay: 0
[15:22:51.176]    DEBUG: <PixTestHighRate.cc/doXPixelAlive:L467>  setting: clk: 4
[15:22:51.176]    DEBUG: <PixTestHighRate.cc/doXPixelAlive:L467>  setting: ctr: 4
[15:22:51.176]    DEBUG: <PixTestHighRate.cc/doXPixelAlive:L467>  setting: sda: 19
[15:22:51.176]    DEBUG: <PixTestHighRate.cc/doXPixelAlive:L467>  setting: tin: 9
[15:22:51.176]    DEBUG: <PixTestHighRate.cc/doXPixelAlive:L467>  setting: level: 15
[15:22:51.176]    DEBUG: <PixTestHighRate.cc/doXPixelAlive:L467>  setting: triggerdelay: 20
[15:22:51.219]     INFO: ROC 6 masking pixel 1/50
[15:22:51.219]     INFO: ROC 6 masking pixel 1/74
[15:22:51.219]     INFO: ROC 6 masking pixel 11/60
[15:22:51.219]     INFO: ROC 6 masking pixel 15/72
[15:22:51.219]     INFO: ROC 6 masking pixel 16/24
[15:22:51.219]     INFO: ROC 6 masking pixel 24/28
[15:22:51.219]     INFO: ROC 6 masking pixel 29/24
[15:22:51.219]     INFO: ROC 6 masking pixel 30/62
[15:22:51.219]     INFO: ROC 6 masking pixel 35/51
[15:22:51.219]     INFO: ROC 6 masking pixel 40/44
[15:22:51.219]     INFO: ROC 6 masking pixel 44/37
[15:22:51.219]     INFO: ROC 6 masking pixel 44/38
[15:22:51.219]     INFO: ROC 6 masking pixel 48/73
[15:22:51.219]     INFO: ROC 6 masking pixel 49/54
[15:22:51.219]     INFO: ROC 6 masking pixel 51/12
[15:22:51.220]    DEBUG: <PixTest.cc/efficiencyMaps:L396>       attempt #0
[15:22:51.888]     INFO: Expecting 208000 events.
[15:23:07.577]     INFO: 208000 events read in total (15162ms).
[15:23:07.596]     INFO: Test took 16376ms.
[15:23:08.251]     INFO: Fetched DAQ statistics. Counters are being reset now.
[15:23:08.251]    DEBUG: <PixTest.cc/efficiencyMaps:L407>  eff result size = 3459678
[15:23:08.251]    DEBUG: <PixTest.cc/efficiencyMaps:L412> Create hists highRate_C0 .. highRate_C15
[15:23:08.251]    DEBUG: <PixTest.cc/efficiencyMaps:L426> booking xray maps for unmasked detector
[15:23:08.716]     INFO: number of dead pixels (per ROC):     0    0    0    0    0    0   95    0    0    0    0    0    0    1    1    3
[15:23:08.716]     INFO: number of red-efficiency pixels:   160  148  333  504  581  559  759  454  574  757  568  478  540  376  130  227
[15:23:08.716]     INFO: number of X-ray hits detected:    126351 98969 162274 246494 266472 264113 254871 237685 279137 275768 269010 252601 260813 168243 103706 126711
[15:23:08.716]     INFO: number of triggers sent (total per ROC):  208000 208000 208000 208000 208000 208000 208000 208000 208000 208000 208000 208000 208000 208000 208000 208000
[15:23:08.716]     INFO: number of Vcal hits detected:  207834 207845 207633 207455 207357 207373 202483 207522 207364 207118 207357 207475 207412 207533 207817 207618
[15:23:08.716]     INFO: Vcal hit fiducial efficiency (%):  99.9 99.9 99.8 99.8 99.7 99.7 99.7 99.8 99.7 99.6 99.7 99.8 99.7 99.8 99.9 99.9
[15:23:08.716]     INFO: Vcal hit overall efficiency (%):  99.9 99.9 99.8 99.7 99.7 99.7 97.3 99.8 99.7 99.6 99.7 99.7 99.7 99.8 99.9 99.8
[15:23:08.716]     INFO: X-ray hit rate [MHz/cm2]:  37.0 29.0 47.6 72.2 78.1 77.4 74.7 69.7 81.8 80.8 78.8 74.0 76.4 49.3 30.4 37.1
[15:23:08.716]     INFO: PixTestHighRate::doXPixelAlive() done
[15:23:08.761]    DEBUG: <PixTestHighRate.cc/doXPixelAlive:L586>  resetting: clk: 4
[15:23:08.761]    DEBUG: <PixTestHighRate.cc/doXPixelAlive:L586>  resetting: ctr: 4
[15:23:08.761]    DEBUG: <PixTestHighRate.cc/doXPixelAlive:L586>  resetting: sda: 19
[15:23:08.761]    DEBUG: <PixTestHighRate.cc/doXPixelAlive:L586>  resetting: tin: 9
[15:23:08.761]    DEBUG: <PixTestHighRate.cc/doXPixelAlive:L586>  resetting: level: 15
[15:23:08.761]    DEBUG: <PixTestHighRate.cc/doXPixelAlive:L586>  resetting: triggerdelay: 0
[15:23:08.761]     INFO: PixTest::       pg_setup set to default.
[15:23:54.063]    DEBUG: <PixTest.cc/moduleMap:L1029> moduleMap histname: what
[15:23:54.063]    DEBUG: <PixTest.cc/moduleMap:L1039> h1->GetName() = highRate_xraymap_C11_V0 -> highRate_xraymap_mod
[15:24:00.111]    DEBUG: <PixGui.cc/handleButtons:L396> PixGui::exit called
[15:24:00.112]    DEBUG: <PixGui.cc/CloseWindow:L335> Final Analog Current: 388.3mA
[15:24:00.113]    DEBUG: <PixGui.cc/CloseWindow:L336> Final Digital Current: 509.7mA
[15:24:00.113]    DEBUG: <PixGui.cc/CloseWindow:L337> Final Module Temperature: 22.0 C
[15:24:00.113]    DEBUG: <PixTestBBMap.cc/~PixTestBBMap:L97> PixTestBBMap dtor
[15:24:00.113]    DEBUG: <PixTestBB2Map.cc/~PixTestBB2Map:L115> PixTestBB2Map dtor
[15:24:00.113]    DEBUG: <PixTestBB3Map.cc/~PixTestBB3Map:L99> PixTestBB3Map dtor
[15:24:00.113]    DEBUG: <PixTestBB4Map.cc/~PixTestBB4Map:L118> PixTestBB4Map dtor
[15:24:00.113]    DEBUG: <PixTestCmd.cc/~PixTestCmd:L78> PixTestCmd dtor
[15:24:00.113]    DEBUG: <PixTestDaq.cc/~PixTestDaq:L37> PixTestDaq dtor
[15:24:00.114]    DEBUG: <PixTestDacDacScan.cc/~PixTestDacDacScan:L136> PixTestDacDacScan dtor
[15:24:00.114]    DEBUG: <PixTestDacScan.cc/~PixTestDacScan:L129> PixTestDacScan dtor
[15:24:00.114]    DEBUG: <PixTestGainPedestal.cc/~PixTestGainPedestal:L125> PixTestGainPedestal dtor
[15:24:00.114]    DEBUG: <PixTestHighRate.cc/~PixTestHighRate:L245> PixTestHighRate dtor
[15:24:00.208]    DEBUG: <PixTestIV.cc/~PixTestIV:L96> PixTestIV dtor
[15:24:00.208]    DEBUG: <PixTestAlive.cc/~PixTestAlive:L109> PixTestAlive dtor
[15:24:00.208]    DEBUG: <PixTestPretest.cc/~PixTestPretest:L136> PixTestPretest dtor
[15:24:00.209]    DEBUG: <PixTestReadback.cc/~PixTestReadback:L89> PixTestReadback dtor, saving tree ... 
[15:24:00.209]    DEBUG: <PixTestScurves.cc/~PixTestScurves:L142> PixTestScurves dtor
[15:24:00.209]    DEBUG: <PixTestTiming.cc/~PixTestTiming:L97> PixTestTiming dtor
[15:24:00.209]    DEBUG: <PixTestTrim.cc/~PixTestTrim:L103> PixTestTrim dtor
[15:24:00.209]    DEBUG: <PixTestXray.cc/~PixTestXray:L217> PixTestXray dtor
[15:24:00.211]    QUIET: Connection to board 58 closed.
[15:24:00.291]    DEBUG: <PixMonitor.cc/dumpSummaries:L39> PixMonitor::dumpSummaries
