[15:17:48.146]     INFO: *** Welcome to pxar ***
[15:17:48.146]     INFO: *** Today: 2016/01/12
[15:17:48.158]     INFO: *** Version: prod-12
[15:17:48.158]     INFO: readRocDacs: data/mh238/M-H-2-38_ElComandanteTest_2016-01-08_12h56m_1452279411/000_FPIXTest_p17/dacParameters35_C0.dat .. data/mh238/M-H-2-38_ElComandanteTest_2016-01-08_12h56m_1452279411/000_FPIXTest_p17/dacParameters35_C15.dat
[15:17:48.160]     INFO: readTbmDacs: data/mh238/M-H-2-38_ElComandanteTest_2016-01-08_12h56m_1452279411/000_FPIXTest_p17/tbmParameters_C0a.dat .. data/mh238/M-H-2-38_ElComandanteTest_2016-01-08_12h56m_1452279411/000_FPIXTest_p17/tbmParameters_C0b.dat
[15:17:48.160]     INFO: readMaskFile: data/mh238/M-H-2-38_ElComandanteTest_2016-01-08_12h56m_1452279411/000_FPIXTest_p17/defaultMaskFile.dat
[15:17:48.160]     INFO: MASKED Roc 6 col/row: 1 50
[15:17:48.160]     INFO: MASKED Roc 6 col/row: 1 74
[15:17:48.160]     INFO: MASKED Roc 6 col/row: 11 60
[15:17:48.160]     INFO: MASKED Roc 6 col/row: 15 72
[15:17:48.160]     INFO: MASKED Roc 6 col/row: 16 24
[15:17:48.160]     INFO: MASKED Roc 6 col/row: 24 28
[15:17:48.160]     INFO: MASKED Roc 6 col/row: 29 24
[15:17:48.160]     INFO: MASKED Roc 6 col/row: 30 62
[15:17:48.160]     INFO: MASKED Roc 6 col/row: 35 51
[15:17:48.160]     INFO: MASKED Roc 6 col/row: 40 44
[15:17:48.160]     INFO: MASKED Roc 6 col/row: 44 37
[15:17:48.160]     INFO: MASKED Roc 6 col/row: 44 38
[15:17:48.160]     INFO: MASKED Roc 6 col/row: 48 73
[15:17:48.160]     INFO: MASKED Roc 6 col/row: 49 54
[15:17:48.160]     INFO: MASKED Roc 6 col/row: 51 12
[15:17:48.160]     INFO: readTrimFile: data/mh238/M-H-2-38_ElComandanteTest_2016-01-08_12h56m_1452279411/000_FPIXTest_p17/trimParameters35_C0.dat .. data/mh238/M-H-2-38_ElComandanteTest_2016-01-08_12h56m_1452279411/000_FPIXTest_p17/trimParameters35_C15.dat
[15:17:48.220]     INFO:   masking Roc 6 col/row: 1 50
[15:17:48.220]     INFO:   masking Roc 6 col/row: 1 74
[15:17:48.220]     INFO:   masking Roc 6 col/row: 11 60
[15:17:48.220]     INFO:   masking Roc 6 col/row: 15 72
[15:17:48.220]     INFO:   masking Roc 6 col/row: 16 24
[15:17:48.221]     INFO:   masking Roc 6 col/row: 24 28
[15:17:48.221]     INFO:   masking Roc 6 col/row: 29 24
[15:17:48.221]     INFO:   masking Roc 6 col/row: 30 62
[15:17:48.221]     INFO:   masking Roc 6 col/row: 35 51
[15:17:48.221]     INFO:   masking Roc 6 col/row: 40 44
[15:17:48.221]     INFO:   masking Roc 6 col/row: 44 37
[15:17:48.221]     INFO:   masking Roc 6 col/row: 44 38
[15:17:48.221]     INFO:   masking Roc 6 col/row: 48 73
[15:17:48.221]     INFO:   masking Roc 6 col/row: 49 54
[15:17:48.221]     INFO:   masking Roc 6 col/row: 51 12
[15:17:48.316]     INFO:         clk: 4
[15:17:48.316]     INFO:         ctr: 4
[15:17:48.316]     INFO:         sda: 19
[15:17:48.316]     INFO:         tin: 9
[15:17:48.316]     INFO:         level: 15
[15:17:48.316]     INFO:         triggerdelay: 0
[15:17:48.316]    QUIET: Instanciating API for pxar prod-12
[15:17:48.316]     INFO: Log level: DEBUG
[15:17:48.328]    QUIET: Connection to board DTB_WRPRHI opened.
[15:17:48.331]     INFO: DTB startup information
--- DTB info------------------------------------------
Board id:    58
HW version:  DTB1.2
FW version:  4.2
SW version:  4.5
USB id:      DTB_WRPRHI
MAC address: 40D85511803A
Hostname:    pixelDTB058
Comment:     
------------------------------------------------------
[15:17:48.334]     INFO: RPC call hashes of host and DTB match: 398089610
[15:17:49.936]     INFO: DUT info: 
[15:17:49.936]     INFO: The DUT currently contains the following objects:
[15:17:49.936]     INFO:  2 TBM Cores tbm08c (2 ON)
[15:17:49.936]     INFO: 	TBM Core alpha (0): 7 registers set
[15:17:49.936]     INFO: 	TBM Core beta  (1): 7 registers set
[15:17:49.936]     INFO: 16 ROCs psi46digv21respin (16 ON) with 4160 pixelConfigs
[15:17:49.936]     INFO: 	ROC 0: 19 DACs set, Pixels: 0 masked, 0 active.
[15:17:49.936]     INFO: 	ROC 1: 19 DACs set, Pixels: 0 masked, 0 active.
[15:17:49.936]     INFO: 	ROC 2: 19 DACs set, Pixels: 0 masked, 0 active.
[15:17:49.936]     INFO: 	ROC 3: 19 DACs set, Pixels: 0 masked, 0 active.
[15:17:49.936]     INFO: 	ROC 4: 19 DACs set, Pixels: 0 masked, 0 active.
[15:17:49.936]     INFO: 	ROC 5: 19 DACs set, Pixels: 0 masked, 0 active.
[15:17:49.936]     INFO: 	ROC 6: 19 DACs set, Pixels: 15 masked, 0 active.
[15:17:49.936]     INFO: 	ROC 7: 19 DACs set, Pixels: 0 masked, 0 active.
[15:17:49.936]     INFO: 	ROC 8: 19 DACs set, Pixels: 0 masked, 0 active.
[15:17:49.936]     INFO: 	ROC 9: 19 DACs set, Pixels: 0 masked, 0 active.
[15:17:49.936]     INFO: 	ROC 10: 19 DACs set, Pixels: 0 masked, 0 active.
[15:17:49.936]     INFO: 	ROC 11: 19 DACs set, Pixels: 0 masked, 0 active.
[15:17:49.936]     INFO: 	ROC 12: 19 DACs set, Pixels: 0 masked, 0 active.
[15:17:49.936]     INFO: 	ROC 13: 19 DACs set, Pixels: 0 masked, 0 active.
[15:17:49.936]     INFO: 	ROC 14: 19 DACs set, Pixels: 0 masked, 0 active.
[15:17:49.936]     INFO: 	ROC 15: 19 DACs set, Pixels: 0 masked, 0 active.
[15:17:49.937]    DEBUG: <PixTestParameters.cc/dump:L104> PixTestParameters: ->BB<-
[15:17:49.937]    DEBUG: <PixTestParameters.cc/dump:L107>   dumpall: checkbox(0)
[15:17:49.937]    DEBUG: <PixTestParameters.cc/dump:L107>   dumpproblematic: checkbox(0)
[15:17:49.937]    DEBUG: <PixTestParameters.cc/dump:L107>   ntrig: 5
[15:17:49.937]    DEBUG: <PixTestParameters.cc/dump:L107>   vcals: 250
[15:17:49.937]    DEBUG: <PixTestParameters.cc/dump:L104> PixTestParameters: ->BB2<-
[15:17:49.937]    DEBUG: <PixTestParameters.cc/dump:L107>   ntrig: 10
[15:17:49.937]    DEBUG: <PixTestParameters.cc/dump:L107>   vcals: 222
[15:17:49.937]    DEBUG: <PixTestParameters.cc/dump:L107>   plwidth: 35
[15:17:49.937]    DEBUG: <PixTestParameters.cc/dump:L107>   pix: 11,20
[15:17:49.937]    DEBUG: <PixTestParameters.cc/dump:L107>   targetia: 24
[15:17:49.937]    DEBUG: <PixTestParameters.cc/dump:L104> PixTestParameters: ->BB3<-
[15:17:49.937]    DEBUG: <PixTestParameters.cc/dump:L107>   dumpall: checkbox(0)
[15:17:49.937]    DEBUG: <PixTestParameters.cc/dump:L107>   dumpproblematic: checkbox(0)
[15:17:49.937]    DEBUG: <PixTestParameters.cc/dump:L107>   ntrig: 5
[15:17:49.937]    DEBUG: <PixTestParameters.cc/dump:L107>   vcals: 250
[15:17:49.937]    DEBUG: <PixTestParameters.cc/dump:L104> PixTestParameters: ->BB4<-
[15:17:49.937]    DEBUG: <PixTestParameters.cc/dump:L107>   savecaldelscan: checkbox(0)
[15:17:49.937]    DEBUG: <PixTestParameters.cc/dump:L107>   ntrig: 100
[15:17:49.937]    DEBUG: <PixTestParameters.cc/dump:L107>   cals: 1
[15:17:49.937]    DEBUG: <PixTestParameters.cc/dump:L107>   caldello: 80
[15:17:49.937]    DEBUG: <PixTestParameters.cc/dump:L107>   caldelhi: 200
[15:17:49.937]    DEBUG: <PixTestParameters.cc/dump:L107>   caldelstep: 10
[15:17:49.937]    DEBUG: <PixTestParameters.cc/dump:L107>   vthrcomplo: 70
[15:17:49.937]    DEBUG: <PixTestParameters.cc/dump:L107>   vthrcomphi: 130
[15:17:49.937]    DEBUG: <PixTestParameters.cc/dump:L107>   vthrcompstep: 5
[15:17:49.937]    DEBUG: <PixTestParameters.cc/dump:L107>   noisypixels: 10
[15:17:49.937]    DEBUG: <PixTestParameters.cc/dump:L107>   vcal: 255
[15:17:49.937]    DEBUG: <PixTestParameters.cc/dump:L107>   cut: 0.5
[15:17:49.937]    DEBUG: <PixTestParameters.cc/dump:L104> PixTestParameters: ->Cmd<-
[15:17:49.937]    DEBUG: <PixTestParameters.cc/dump:L104> PixTestParameters: ->DAQ<-
[15:17:49.937]    DEBUG: <PixTestParameters.cc/dump:L107>   delaytbm: checkbox
[15:17:49.937]    DEBUG: <PixTestParameters.cc/dump:L107>   filltree: checkbox
[15:17:49.937]    DEBUG: <PixTestParameters.cc/dump:L107>   trgfrequency(khz): 100
[15:17:49.937]    DEBUG: <PixTestParameters.cc/dump:L107>   maskhotpixels: button
[15:17:49.937]    DEBUG: <PixTestParameters.cc/dump:L107>   trgnumber: 5
[15:17:49.937]    DEBUG: <PixTestParameters.cc/dump:L107>   iterations: 10
[15:17:49.937]    DEBUG: <PixTestParameters.cc/dump:L107>   rundaqtrg: button
[15:17:49.937]    DEBUG: <PixTestParameters.cc/dump:L107>   daqseconds: 5
[15:17:49.937]    DEBUG: <PixTestParameters.cc/dump:L107>   rundaqseconds: button
[15:17:49.937]    DEBUG: <PixTestParameters.cc/dump:L104> PixTestParameters: ->DacDacScan<-
[15:17:49.938]    DEBUG: <PixTestParameters.cc/dump:L107>   phmap: checkbox
[15:17:49.938]    DEBUG: <PixTestParameters.cc/dump:L107>   ntrig: 10
[15:17:49.938]    DEBUG: <PixTestParameters.cc/dump:L107>   dac1: caldel
[15:17:49.938]    DEBUG: <PixTestParameters.cc/dump:L107>   dac1lo: 0
[15:17:49.938]    DEBUG: <PixTestParameters.cc/dump:L107>   dac1hi: 255
[15:17:49.938]    DEBUG: <PixTestParameters.cc/dump:L107>   dac2: vthrcomp
[15:17:49.938]    DEBUG: <PixTestParameters.cc/dump:L107>   dac2lo: 0
[15:17:49.938]    DEBUG: <PixTestParameters.cc/dump:L107>   dac2hi: 255
[15:17:49.938]    DEBUG: <PixTestParameters.cc/dump:L107>   pix: 11,20
[15:17:49.938]    DEBUG: <PixTestParameters.cc/dump:L104> PixTestParameters: ->DacScan<-
[15:17:49.938]    DEBUG: <PixTestParameters.cc/dump:L107>   phmap: checkbox(1)
[15:17:49.938]    DEBUG: <PixTestParameters.cc/dump:L107>   allpixels: checkbox(0)
[15:17:49.938]    DEBUG: <PixTestParameters.cc/dump:L107>   unmasked: checkbox(0)
[15:17:49.938]    DEBUG: <PixTestParameters.cc/dump:L107>   ntrig: 10
[15:17:49.938]    DEBUG: <PixTestParameters.cc/dump:L107>   dac: vcal
[15:17:49.938]    DEBUG: <PixTestParameters.cc/dump:L107>   daclo: 0
[15:17:49.938]    DEBUG: <PixTestParameters.cc/dump:L107>   dachi: 255
[15:17:49.938]    DEBUG: <PixTestParameters.cc/dump:L107>   pix: 11,20
[15:17:49.938]    DEBUG: <PixTestParameters.cc/dump:L104> PixTestParameters: ->GainPedestal<-
[15:17:49.938]    DEBUG: <PixTestParameters.cc/dump:L107>   showfits: checkbox(0)
[15:17:49.938]    DEBUG: <PixTestParameters.cc/dump:L107>   extended: checkbox(0)
[15:17:49.938]    DEBUG: <PixTestParameters.cc/dump:L107>   dumphists: checkbox(0)
[15:17:49.938]    DEBUG: <PixTestParameters.cc/dump:L107>   ntrig: 10
[15:17:49.938]    DEBUG: <PixTestParameters.cc/dump:L107>   vcalstep: 10
[15:17:49.938]    DEBUG: <PixTestParameters.cc/dump:L107>   measure: button
[15:17:49.938]    DEBUG: <PixTestParameters.cc/dump:L107>   fit: button
[15:17:49.938]    DEBUG: <PixTestParameters.cc/dump:L107>   save: button
[15:17:49.938]    DEBUG: <PixTestParameters.cc/dump:L104> PixTestParameters: ->HighRate<-
[15:17:49.938]    DEBUG: <PixTestParameters.cc/dump:L107>   pix: 11,20
[15:17:49.938]    DEBUG: <PixTestParameters.cc/dump:L107>   trimhotpixels: button
[15:17:49.938]    DEBUG: <PixTestParameters.cc/dump:L107>   trimhotpixelthr: 200
[15:17:49.938]    DEBUG: <PixTestParameters.cc/dump:L107>   runsecondshotpixels: 10
[15:17:49.938]    DEBUG: <PixTestParameters.cc/dump:L107>   savetrimbits: checkbox(1)
[15:17:49.938]    DEBUG: <PixTestParameters.cc/dump:L107>   maskuntrimmable: checkbox(1)
[15:17:49.938]    DEBUG: <PixTestParameters.cc/dump:L107>   maskhotpixels: button
[15:17:49.938]    DEBUG: <PixTestParameters.cc/dump:L107>   savemaskfile: checkbox(0)
[15:17:49.938]    DEBUG: <PixTestParameters.cc/dump:L107>   maskfilename: default
[15:17:49.938]    DEBUG: <PixTestParameters.cc/dump:L107>   caldelscan: button
[15:17:49.938]    DEBUG: <PixTestParameters.cc/dump:L107>   xpixelalive: button
[15:17:49.938]    DEBUG: <PixTestParameters.cc/dump:L107>   ntrig: 50
[15:17:49.938]    DEBUG: <PixTestParameters.cc/dump:L107>   vcal: 200
[15:17:49.938]    DEBUG: <PixTestParameters.cc/dump:L107>   xnoisemaps: button
[15:17:49.938]    DEBUG: <PixTestParameters.cc/dump:L107>   daclo: 0
[15:17:49.938]    DEBUG: <PixTestParameters.cc/dump:L107>   dachi: 100
[15:17:49.938]    DEBUG: <PixTestParameters.cc/dump:L107>   dacs/step: 20
[15:17:49.938]    DEBUG: <PixTestParameters.cc/dump:L107>   rundaq: button
[15:17:49.938]    DEBUG: <PixTestParameters.cc/dump:L107>   trgfrequency(khz): 20
[15:17:49.938]    DEBUG: <PixTestParameters.cc/dump:L107>   runseconds: 2
[15:17:49.938]    DEBUG: <PixTestParameters.cc/dump:L107>   triggerdelay: 20
[15:17:49.938]    DEBUG: <PixTestParameters.cc/dump:L107>   delaytbm: checkbox
[15:17:49.938]    DEBUG: <PixTestParameters.cc/dump:L107>   filltree: checkbox
[15:17:49.938]    DEBUG: <PixTestParameters.cc/dump:L104> PixTestParameters: ->IV<-
[15:17:49.938]    DEBUG: <PixTestParameters.cc/dump:L107>   port: /dev/FIXME
[15:17:49.938]    DEBUG: <PixTestParameters.cc/dump:L107>   voltagestart: 0
[15:17:49.938]    DEBUG: <PixTestParameters.cc/dump:L107>   voltagestop: 600
[15:17:49.938]    DEBUG: <PixTestParameters.cc/dump:L107>   voltagestep: 5
[15:17:49.938]    DEBUG: <PixTestParameters.cc/dump:L107>   delay: 1
[15:17:49.938]    DEBUG: <PixTestParameters.cc/dump:L107>   compliance(ua): 100
[15:17:49.938]    DEBUG: <PixTestParameters.cc/dump:L104> PixTestParameters: ->PhOptimization<-
[15:17:49.938]    DEBUG: <PixTestParameters.cc/dump:L107>   ntrig: 10
[15:17:49.938]    DEBUG: <PixTestParameters.cc/dump:L107>   safetymarginlow: 20
[15:17:49.938]    DEBUG: <PixTestParameters.cc/dump:L107>   saturationvcal: 100
[15:17:49.938]    DEBUG: <PixTestParameters.cc/dump:L107>   quantilesaturation: 0.98
[15:17:49.938]    DEBUG: <PixTestParameters.cc/dump:L104> PixTestParameters: ->PixelAlive<-
[15:17:49.938]    DEBUG: <PixTestParameters.cc/dump:L107>   ntrig: 10
[15:17:49.938]    DEBUG: <PixTestParameters.cc/dump:L107>   vcal: 200
[15:17:49.938]    DEBUG: <PixTestParameters.cc/dump:L107>   alivetest: button
[15:17:49.939]    DEBUG: <PixTestParameters.cc/dump:L107>   masktest: button
[15:17:49.939]    DEBUG: <PixTestParameters.cc/dump:L107>   addressdecodingtest: button
[15:17:49.939]    DEBUG: <PixTestParameters.cc/dump:L104> PixTestParameters: ->Pretest<-
[15:17:49.939]    DEBUG: <PixTestParameters.cc/dump:L107>   programroc: button
[15:17:49.939]    DEBUG: <PixTestParameters.cc/dump:L107>   targetia: 24
[15:17:49.939]    DEBUG: <PixTestParameters.cc/dump:L107>   setvana: button
[15:17:49.939]    DEBUG: <PixTestParameters.cc/dump:L107>   iterations: 100
[15:17:49.939]    DEBUG: <PixTestParameters.cc/dump:L107>   settimings: button
[15:17:49.939]    DEBUG: <PixTestParameters.cc/dump:L107>   findtiming: button
[15:17:49.939]    DEBUG: <PixTestParameters.cc/dump:L107>   findworkingpixel: button
[15:17:49.939]    DEBUG: <PixTestParameters.cc/dump:L107>   setvthrcompcaldel: button
[15:17:49.939]    DEBUG: <PixTestParameters.cc/dump:L107>   pix: 11,20
[15:17:49.939]    DEBUG: <PixTestParameters.cc/dump:L107>   vcal: 250
[15:17:49.939]    DEBUG: <PixTestParameters.cc/dump:L107>   deltavthrcomp: 50
[15:17:49.939]    DEBUG: <PixTestParameters.cc/dump:L107>   fraccaldel: 0.5
[15:17:49.939]    DEBUG: <PixTestParameters.cc/dump:L107>   ntrig: 5
[15:17:49.939]    DEBUG: <PixTestParameters.cc/dump:L107>   savedacs: button
[15:17:49.939]    DEBUG: <PixTestParameters.cc/dump:L104> PixTestParameters: ->Readback<-
[15:17:49.939]    DEBUG: <PixTestParameters.cc/dump:L107>   calibratevd: button
[15:17:49.939]    DEBUG: <PixTestParameters.cc/dump:L107>   calibrateva: button
[15:17:49.939]    DEBUG: <PixTestParameters.cc/dump:L107>   calibrateia: button
[15:17:49.939]    DEBUG: <PixTestParameters.cc/dump:L107>   readbackvbg: button
[15:17:49.939]    DEBUG: <PixTestParameters.cc/dump:L107>   getcalibratedvbg: button
[15:17:49.939]    DEBUG: <PixTestParameters.cc/dump:L107>   usecalvd: checkbox(1)
[15:17:49.939]    DEBUG: <PixTestParameters.cc/dump:L107>   usecalva: checkbox(0)
[15:17:49.939]    DEBUG: <PixTestParameters.cc/dump:L107>   setvana: button
[15:17:49.939]    DEBUG: <PixTestParameters.cc/dump:L104> PixTestParameters: ->Scurves<-
[15:17:49.939]    DEBUG: <PixTestParameters.cc/dump:L107>   adjustvcal: checkbox(0)
[15:17:49.939]    DEBUG: <PixTestParameters.cc/dump:L107>   dumpall: checkbox(0)
[15:17:49.939]    DEBUG: <PixTestParameters.cc/dump:L107>   dumpproblematic: checkbox(0)
[15:17:49.939]    DEBUG: <PixTestParameters.cc/dump:L107>   dumpoutputfile: checkbox(0)
[15:17:49.939]    DEBUG: <PixTestParameters.cc/dump:L107>   ntrig: 50
[15:17:49.939]    DEBUG: <PixTestParameters.cc/dump:L107>   dac: Vcal
[15:17:49.939]    DEBUG: <PixTestParameters.cc/dump:L107>   daclo: 0
[15:17:49.939]    DEBUG: <PixTestParameters.cc/dump:L107>   dachi: 200
[15:17:49.939]    DEBUG: <PixTestParameters.cc/dump:L107>   dacs/step: -1
[15:17:49.939]    DEBUG: <PixTestParameters.cc/dump:L107>   ntrig/step: -1
[15:17:49.939]    DEBUG: <PixTestParameters.cc/dump:L107>   scurves: button
[15:17:49.939]    DEBUG: <PixTestParameters.cc/dump:L104> PixTestParameters: ->Timing<-
[15:17:49.939]    DEBUG: <PixTestParameters.cc/dump:L107>   targetclk: 4
[15:17:49.939]    DEBUG: <PixTestParameters.cc/dump:L107>   ntrig: 10
[15:17:49.939]    DEBUG: <PixTestParameters.cc/dump:L107>   clocksdascan: button
[15:17:49.939]    DEBUG: <PixTestParameters.cc/dump:L107>   notokenpass: checkbox(0)
[15:17:49.939]    DEBUG: <PixTestParameters.cc/dump:L107>   phasescan: button
[15:17:49.939]    DEBUG: <PixTestParameters.cc/dump:L107>   levelscan: button
[15:17:49.939]    DEBUG: <PixTestParameters.cc/dump:L107>   tbmphasescan: button
[15:17:49.939]    DEBUG: <PixTestParameters.cc/dump:L107>   rocdelayscan: button
[15:17:49.939]    DEBUG: <PixTestParameters.cc/dump:L107>   timingtest: button
[15:17:49.939]    DEBUG: <PixTestParameters.cc/dump:L107>   saveparameters: button
[15:17:49.939]    DEBUG: <PixTestParameters.cc/dump:L104> PixTestParameters: ->Trim<-
[15:17:49.939]    DEBUG: <PixTestParameters.cc/dump:L107>   trim: button
[15:17:49.939]    DEBUG: <PixTestParameters.cc/dump:L107>   ntrig: 8
[15:17:49.939]    DEBUG: <PixTestParameters.cc/dump:L107>   vcal: 35
[15:17:49.939]    DEBUG: <PixTestParameters.cc/dump:L107>   trimbits: button
[15:17:49.939]    DEBUG: <PixTestParameters.cc/dump:L104> PixTestParameters: ->Xray<-
[15:17:49.939]    DEBUG: <PixTestParameters.cc/dump:L107>   maskhotpixels: button
[15:17:49.939]    DEBUG: <PixTestParameters.cc/dump:L107>   savemaskfile: checkbox(0)
[15:17:49.939]    DEBUG: <PixTestParameters.cc/dump:L107>   maskfilename: default
[15:17:49.939]    DEBUG: <PixTestParameters.cc/dump:L107>   source: Ag
[15:17:49.939]    DEBUG: <PixTestParameters.cc/dump:L107>   phrun: button
[15:17:49.939]    DEBUG: <PixTestParameters.cc/dump:L107>   runseconds: 100
[15:17:49.939]    DEBUG: <PixTestParameters.cc/dump:L107>   trgfrequency(khz): 100
[15:17:49.939]    DEBUG: <PixTestParameters.cc/dump:L107>   ratescan: button
[15:17:49.939]    DEBUG: <PixTestParameters.cc/dump:L107>   vthrcompmin: 10
[15:17:49.939]    DEBUG: <PixTestParameters.cc/dump:L107>   vthrcompmax: 80
[15:17:49.939]    DEBUG: <PixTestParameters.cc/dump:L107>   stepseconds: 5
[15:17:49.939]    DEBUG: <PixTestParameters.cc/dump:L107>   delaytbm: checkbox
[15:17:49.939]    DEBUG: <PixTestParameters.cc/dump:L107>   filltree: checkbox
[15:17:49.942]    DEBUG: <PixSetup.cc/init:L81> PixSetup init start; getCurrentRSS() = 34840576
[15:17:49.942]    DEBUG: <PixSetup.cc/init:L87> fPixTestParameters = 0x1ef5450
[15:17:49.942]    DEBUG: <PixSetup.cc/init:L88>  fConfigParameters = 0x1e6ac10
[15:17:49.942]    DEBUG: <PixSetup.cc/init:L89>        fPxarMemory = 0x7f57fdd94010
[15:17:49.942]    DEBUG: <PixSetup.cc/init:L90>         fPxarMemHi = 0x7f5803fff510
[15:17:49.942]    DEBUG: <PixSetup.cc/init:L106> PixSetup init done;  getCurrentRSS() = 34848768 fPxarMemory = 0x7f57fdd94010
[15:17:49.943]    DEBUG: <pXar.cc/main:L223> Initial Analog Current: 385.9mA
[15:17:49.944]    DEBUG: <pXar.cc/main:L224> Initial Digital Current: 509.7mA
[15:17:49.944]    DEBUG: <pXar.cc/main:L225> Initial Module Temperature: 20.7 C
[15:17:50.443]    DEBUG: <PixGui.cc/hvOn:L460> HV set On: 0x24b3630
[15:17:50.504]    DEBUG: <PixTestFactory.cc/PixTestFactory:L53> PixTestFactory::PixTestFactory()
[15:17:50.505]    DEBUG: <PixTestBBMap.cc/init:L79> PixTestBBMap::init()
[15:17:50.505]    DEBUG: <PixTestBBMap.cc/PixTestBBMap:L27> PixTestBBMap ctor(PixSetup &a, string, TGTab *)
[15:17:50.511]    DEBUG: <PixTestBB2Map.cc/setParameter:L58> setting fTargetIa    = 24 mA/ROC
[15:17:50.511]    DEBUG: <PixTestBB2Map.cc/init:L97> PixTestBB2Map::init()
[15:17:50.511]    DEBUG: <PixTestBB2Map.cc/PixTestBB2Map:L29> PixTestBB2Map ctor(PixSetup &a, string, TGTab *)
[15:17:50.520]    DEBUG: <PixTestBB3Map.cc/init:L81> PixTestBB3Map::init()
[15:17:50.520]    DEBUG: <PixTestBB3Map.cc/PixTestBB3Map:L29> PixTestBB3Map ctor(PixSetup &a, string, TGTab *)
[15:17:50.538]    DEBUG: <PixTestBB4Map.cc/init:L93> PixTestBB4Map::init()
[15:17:50.538]    DEBUG: <PixTestBB4Map.cc/PixTestBB4Map:L26> PixTestMapeff ctor(PixSetup &a, string, TGTab *)
[15:17:50.557]     INFO: PixTestCmd::init()
[15:17:50.564]    DEBUG: <PixTestDaq.cc/init:L44> PixTestDaq::init()
[15:17:50.564]    DEBUG: <PixTestDaq.cc/PixTestDaq:L22> PixTestDaq ctor(PixSetup &a, string, TGTab *)
[15:17:50.564]     INFO: readGainPedestalParameters data/mh238/M-H-2-38_ElComandanteTest_2016-01-08_12h56m_1452279411/000_FPIXTest_p17/phCalibrationFitErr35_C0.dat .. data/mh238/M-H-2-38_ElComandanteTest_2016-01-08_12h56m_1452279411/000_FPIXTest_p17/phCalibrationFitErr35_C15.dat
[15:17:50.817]    DEBUG: <PixTestDacDacScan.cc/init:L103> PixTestDacDacScan::init()
[15:17:50.817]    DEBUG: <PixTestDacDacScan.cc/PixTestDacDacScan:L22> PixTestDacDacScan ctor(PixSetup &a, string, TGTab *)
[15:17:50.832]    DEBUG: <PixTestGainPedestal.cc/setParameter:L83> PixTestGainPedestal::PixTest() fVcalStep = 10
[15:17:50.840]    DEBUG: <PixTestHighRate.cc/setParameter:L68>   setting fParTriggerFrequency -> 20
[15:17:50.840]    DEBUG: <PixTestHighRate.cc/init:L198> PixTestHighRate::init()
[15:17:50.840]    DEBUG: <PixTestHighRate.cc/PixTestHighRate:L31> PixTestHighRate ctor(PixSetup &a, string, TGTab *)
[15:17:50.866]    DEBUG: <PixTest.cc/setTestParameter:L637>  setting  ntrig to new value 10
[15:17:50.866]    DEBUG: <PixTestPhOptimization.cc/setParameter:L37>   setting fParNtrig  ->10<- from sval = 10
[15:17:50.866]    DEBUG: <PixTestPhOptimization.cc/setParameter:L42>   setting fSafetyMarginLow  ->20<- from sval = 20
[15:17:50.866]    DEBUG: <PixTestPhOptimization.cc/setParameter:L48>   setting fVcalMax  ->100<- from sval = 100
[15:17:50.866]    DEBUG: <PixTestPhOptimization.cc/setParameter:L53>   setting fQuantMax  ->0.98<- from sval = 0.98
[15:17:50.872]    DEBUG: <PixTestAlive.cc/init:L77> PixTestAlive::init()
[15:17:50.872]    DEBUG: <PixTestAlive.cc/PixTestAlive:L21> PixTestAlive ctor(PixSetup &a, string, TGTab *)
[15:17:50.895]    DEBUG: <PixTestReadback.cc/setParameter:L172> fCalwVd set to 1
[15:17:50.895]    DEBUG: <PixTestReadback.cc/init:L95> PixTestReadback::init()
[15:17:50.895]    DEBUG: <PixTestReadback.cc/PixTestReadback:L22> PixTestReadback ctor(PixSetup &a, string, TGTab *)
[15:17:50.895]     INFO: readReadbackCal: data/mh238/M-H-2-38_ElComandanteTest_2016-01-08_12h56m_1452279411/000_FPIXTest_p17/readbackCal_C0.dat .. data/mh238/M-H-2-38_ElComandanteTest_2016-01-08_12h56m_1452279411/000_FPIXTest_p17/readbackCal_C15.dat
[15:17:50.904]    DEBUG: <PixTestScurves.cc/setParameter:L93> set fOutputFilename = 
[15:17:50.919]    DEBUG: <PixTestTiming.cc/setParameter:L60> PixTestTiming::PixTest() targetclk = 4
[15:17:50.919]    DEBUG: <PixTestTiming.cc/setParameter:L64> PixTestTiming::PixTest() ntrig = 10
[15:17:50.919]    DEBUG: <PixTestTiming.cc/setParameter:L48> fNoTokenPass: 0
[15:17:50.919]    DEBUG: <PixTestTiming.cc/init:L74> PixTestTiming::init()
[15:17:50.932]    DEBUG: <PixTestXray.cc/init:L134> PixTestXray::init()
[15:17:50.932]    DEBUG: <PixTestXray.cc/PixTestXray:L28> PixTestXray ctor(PixSetup &a, string, TGTab *)
[15:17:54.607]    DEBUG: <PixTab.cc/buttonClicked:L308> xxxPressed():  caldelscan
[15:17:54.607]    DEBUG: <PixTestHighRate.cc/runCommand:L157> running command: caldelscan
[15:17:54.607]     INFO:    ----------------------------------------------------------------------
[15:17:54.607]     INFO:    PixTestHighRate::calDelScan() ntrig = 10, vcal = 200
[15:17:54.607]     INFO:    ----------------------------------------------------------------------
[15:17:54.748]     INFO: Expecting 768 events.
[15:17:55.886]     INFO: 768 events read in total (420ms).
[15:17:56.074]     INFO: Test took 1460ms.
[15:17:56.078]     INFO: ROC 6 masking pixel 1/50
[15:17:56.078]     INFO: ROC 6 masking pixel 1/74
[15:17:56.078]     INFO: ROC 6 masking pixel 11/60
[15:17:56.078]     INFO: ROC 6 masking pixel 15/72
[15:17:56.078]     INFO: ROC 6 masking pixel 16/24
[15:17:56.078]     INFO: ROC 6 masking pixel 24/28
[15:17:56.078]     INFO: ROC 6 masking pixel 29/24
[15:17:56.078]     INFO: ROC 6 masking pixel 30/62
[15:17:56.078]     INFO: ROC 6 masking pixel 35/51
[15:17:56.078]     INFO: ROC 6 masking pixel 40/44
[15:17:56.078]     INFO: ROC 6 masking pixel 44/37
[15:17:56.078]     INFO: ROC 6 masking pixel 44/38
[15:17:56.078]     INFO: ROC 6 masking pixel 48/73
[15:17:56.078]     INFO: ROC 6 masking pixel 49/54
[15:17:56.078]     INFO: ROC 6 masking pixel 51/12
[15:17:56.081]    DEBUG: <PixTest.cc/efficiencyMaps:L396>       attempt #0
[15:17:56.752]     INFO: Expecting 41600 events.
[15:18:00.783]     INFO: 41600 events read in total (3504ms).
[15:18:00.790]     INFO: Test took 4709ms.
[15:18:00.960]     INFO: Fetched DAQ statistics. Counters are being reset now.
[15:18:00.960]    DEBUG: <PixTest.cc/efficiencyMaps:L407>  eff result size = 1023340
[15:18:00.960]    DEBUG: <PixTest.cc/efficiencyMaps:L412> Create hists HR_xeff_CalDelScan_step0_C0 .. HR_xeff_CalDelScan_step0_C15
[15:18:00.960]    DEBUG: <PixTest.cc/efficiencyMaps:L426> booking xray maps for unmasked detector
[15:18:01.035]    DEBUG: <PixTest.cc/efficiencyMaps:L396>       attempt #0
[15:18:01.700]     INFO: Expecting 41600 events.
[15:18:05.825]     INFO: 41600 events read in total (3598ms).
[15:18:05.834]     INFO: Test took 4799ms.
[15:18:06.009]     INFO: Fetched DAQ statistics. Counters are being reset now.
[15:18:06.009]    DEBUG: <PixTest.cc/efficiencyMaps:L407>  eff result size = 1032247
[15:18:06.009]    DEBUG: <PixTest.cc/efficiencyMaps:L412> Create hists HR_xeff_CalDelScan_step1_C0 .. HR_xeff_CalDelScan_step1_C15
[15:18:06.009]    DEBUG: <PixTest.cc/efficiencyMaps:L426> booking xray maps for unmasked detector
[15:18:06.085]    DEBUG: <PixTest.cc/efficiencyMaps:L396>       attempt #0
[15:18:06.750]     INFO: Expecting 41600 events.
[15:18:10.897]     INFO: 41600 events read in total (3620ms).
[15:18:10.905]     INFO: Test took 4820ms.
[15:18:11.076]     INFO: Fetched DAQ statistics. Counters are being reset now.
[15:18:11.076]    DEBUG: <PixTest.cc/efficiencyMaps:L407>  eff result size = 1031786
[15:18:11.076]    DEBUG: <PixTest.cc/efficiencyMaps:L412> Create hists HR_xeff_CalDelScan_step2_C0 .. HR_xeff_CalDelScan_step2_C15
[15:18:11.076]    DEBUG: <PixTest.cc/efficiencyMaps:L426> booking xray maps for unmasked detector
[15:18:11.151]    DEBUG: <PixTest.cc/efficiencyMaps:L396>       attempt #0
[15:18:11.816]     INFO: Expecting 41600 events.
[15:18:15.985]     INFO: 41600 events read in total (3642ms).
[15:18:16.019]     INFO: Test took 4868ms.
[15:18:16.194]     INFO: Fetched DAQ statistics. Counters are being reset now.
[15:18:16.194]    DEBUG: <PixTest.cc/efficiencyMaps:L407>  eff result size = 1033396
[15:18:16.194]    DEBUG: <PixTest.cc/efficiencyMaps:L412> Create hists HR_xeff_CalDelScan_step3_C0 .. HR_xeff_CalDelScan_step3_C15
[15:18:16.194]    DEBUG: <PixTest.cc/efficiencyMaps:L426> booking xray maps for unmasked detector
[15:18:16.272]    DEBUG: <PixTest.cc/efficiencyMaps:L396>       attempt #0
[15:18:16.939]     INFO: Expecting 41600 events.
[15:18:21.106]     INFO: 41600 events read in total (3641ms).
[15:18:21.114]     INFO: Test took 4842ms.
[15:18:21.281]     INFO: Fetched DAQ statistics. Counters are being reset now.
[15:18:21.281]    DEBUG: <PixTest.cc/efficiencyMaps:L407>  eff result size = 1034227
[15:18:21.281]    DEBUG: <PixTest.cc/efficiencyMaps:L412> Create hists HR_xeff_CalDelScan_step4_C0 .. HR_xeff_CalDelScan_step4_C15
[15:18:21.282]    DEBUG: <PixTest.cc/efficiencyMaps:L426> booking xray maps for unmasked detector
[15:18:21.357]    DEBUG: <PixTest.cc/efficiencyMaps:L396>       attempt #0
[15:18:22.022]     INFO: Expecting 41600 events.
[15:18:26.199]     INFO: 41600 events read in total (3650ms).
[15:18:26.207]     INFO: Test took 4850ms.
[15:18:26.377]     INFO: Fetched DAQ statistics. Counters are being reset now.
[15:18:26.377]    DEBUG: <PixTest.cc/efficiencyMaps:L407>  eff result size = 1032803
[15:18:26.378]    DEBUG: <PixTest.cc/efficiencyMaps:L412> Create hists HR_xeff_CalDelScan_step5_C0 .. HR_xeff_CalDelScan_step5_C15
[15:18:26.378]    DEBUG: <PixTest.cc/efficiencyMaps:L426> booking xray maps for unmasked detector
[15:18:26.453]    DEBUG: <PixTest.cc/efficiencyMaps:L396>       attempt #0
[15:18:27.118]     INFO: Expecting 41600 events.
[15:18:31.306]     INFO: 41600 events read in total (3661ms).
[15:18:31.314]     INFO: Test took 4861ms.
[15:18:31.486]     INFO: Fetched DAQ statistics. Counters are being reset now.
[15:18:31.486]    DEBUG: <PixTest.cc/efficiencyMaps:L407>  eff result size = 1034182
[15:18:31.486]    DEBUG: <PixTest.cc/efficiencyMaps:L412> Create hists HR_xeff_CalDelScan_step6_C0 .. HR_xeff_CalDelScan_step6_C15
[15:18:31.486]    DEBUG: <PixTest.cc/efficiencyMaps:L426> booking xray maps for unmasked detector
[15:18:31.562]    DEBUG: <PixTest.cc/efficiencyMaps:L396>       attempt #0
[15:18:32.226]     INFO: Expecting 41600 events.
[15:18:36.417]     INFO: 41600 events read in total (3664ms).
[15:18:36.425]     INFO: Test took 4863ms.
[15:18:36.598]     INFO: Fetched DAQ statistics. Counters are being reset now.
[15:18:36.598]    DEBUG: <PixTest.cc/efficiencyMaps:L407>  eff result size = 1035208
[15:18:36.598]    DEBUG: <PixTest.cc/efficiencyMaps:L412> Create hists HR_xeff_CalDelScan_step7_C0 .. HR_xeff_CalDelScan_step7_C15
[15:18:36.598]    DEBUG: <PixTest.cc/efficiencyMaps:L426> booking xray maps for unmasked detector
[15:18:36.673]    DEBUG: <PixTest.cc/efficiencyMaps:L396>       attempt #0
[15:18:37.338]     INFO: Expecting 41600 events.
[15:18:41.529]     INFO: 41600 events read in total (3664ms).
[15:18:41.537]     INFO: Test took 4864ms.
[15:18:41.708]     INFO: Fetched DAQ statistics. Counters are being reset now.
[15:18:41.708]    DEBUG: <PixTest.cc/efficiencyMaps:L407>  eff result size = 1031980
[15:18:41.708]    DEBUG: <PixTest.cc/efficiencyMaps:L412> Create hists HR_xeff_CalDelScan_step8_C0 .. HR_xeff_CalDelScan_step8_C15
[15:18:41.708]    DEBUG: <PixTest.cc/efficiencyMaps:L426> booking xray maps for unmasked detector
[15:18:41.785]    DEBUG: <PixTest.cc/efficiencyMaps:L396>       attempt #0
[15:18:42.452]     INFO: Expecting 41600 events.
[15:18:46.642]     INFO: 41600 events read in total (3663ms).
[15:18:46.651]     INFO: Test took 4866ms.
[15:18:46.823]     INFO: Fetched DAQ statistics. Counters are being reset now.
[15:18:46.823]    DEBUG: <PixTest.cc/efficiencyMaps:L407>  eff result size = 1032602
[15:18:46.823]    DEBUG: <PixTest.cc/efficiencyMaps:L412> Create hists HR_xeff_CalDelScan_step9_C0 .. HR_xeff_CalDelScan_step9_C15
[15:18:46.824]    DEBUG: <PixTest.cc/efficiencyMaps:L426> booking xray maps for unmasked detector
[15:18:46.901]    DEBUG: <PixTest.cc/efficiencyMaps:L396>       attempt #0
[15:18:47.567]     INFO: Expecting 41600 events.
[15:18:51.773]     INFO: 41600 events read in total (3679ms).
[15:18:51.781]     INFO: Test took 4880ms.
[15:18:51.951]     INFO: Fetched DAQ statistics. Counters are being reset now.
[15:18:51.952]    DEBUG: <PixTest.cc/efficiencyMaps:L407>  eff result size = 1033347
[15:18:51.952]    DEBUG: <PixTest.cc/efficiencyMaps:L412> Create hists HR_xeff_CalDelScan_step10_C0 .. HR_xeff_CalDelScan_step10_C15
[15:18:51.952]    DEBUG: <PixTest.cc/efficiencyMaps:L426> booking xray maps for unmasked detector
[15:18:52.029]    DEBUG: <PixTest.cc/efficiencyMaps:L396>       attempt #0
[15:18:52.696]     INFO: Expecting 41600 events.
[15:18:56.890]     INFO: 41600 events read in total (3668ms).
[15:18:56.898]     INFO: Test took 4869ms.
[15:18:57.065]     INFO: Fetched DAQ statistics. Counters are being reset now.
[15:18:57.065]    DEBUG: <PixTest.cc/efficiencyMaps:L407>  eff result size = 1032803
[15:18:57.065]    DEBUG: <PixTest.cc/efficiencyMaps:L412> Create hists HR_xeff_CalDelScan_step11_C0 .. HR_xeff_CalDelScan_step11_C15
[15:18:57.065]    DEBUG: <PixTest.cc/efficiencyMaps:L426> booking xray maps for unmasked detector
[15:18:57.141]    DEBUG: <PixTest.cc/efficiencyMaps:L396>       attempt #0
[15:18:57.806]     INFO: Expecting 41600 events.
[15:19:02.005]     INFO: 41600 events read in total (3672ms).
[15:19:02.013]     INFO: Test took 4872ms.
[15:19:02.186]     INFO: Fetched DAQ statistics. Counters are being reset now.
[15:19:02.186]    DEBUG: <PixTest.cc/efficiencyMaps:L407>  eff result size = 1033310
[15:19:02.186]    DEBUG: <PixTest.cc/efficiencyMaps:L412> Create hists HR_xeff_CalDelScan_step12_C0 .. HR_xeff_CalDelScan_step12_C15
[15:19:02.186]    DEBUG: <PixTest.cc/efficiencyMaps:L426> booking xray maps for unmasked detector
[15:19:02.263]    DEBUG: <PixTest.cc/efficiencyMaps:L396>       attempt #0
[15:19:02.930]     INFO: Expecting 41600 events.
[15:19:07.115]     INFO: 41600 events read in total (3658ms).
[15:19:07.123]     INFO: Test took 4860ms.
[15:19:07.293]     INFO: Fetched DAQ statistics. Counters are being reset now.
[15:19:07.293]    DEBUG: <PixTest.cc/efficiencyMaps:L407>  eff result size = 1030730
[15:19:07.293]    DEBUG: <PixTest.cc/efficiencyMaps:L412> Create hists HR_xeff_CalDelScan_step13_C0 .. HR_xeff_CalDelScan_step13_C15
[15:19:07.294]    DEBUG: <PixTest.cc/efficiencyMaps:L426> booking xray maps for unmasked detector
[15:19:07.372]    DEBUG: <PixTest.cc/efficiencyMaps:L396>       attempt #0
[15:19:08.041]     INFO: Expecting 41600 events.
[15:19:12.282]     INFO: 41600 events read in total (3714ms).
[15:19:12.290]     INFO: Test took 4918ms.
[15:19:12.464]     INFO: Fetched DAQ statistics. Counters are being reset now.
[15:19:12.464]    DEBUG: <PixTest.cc/efficiencyMaps:L407>  eff result size = 1033308
[15:19:12.464]    DEBUG: <PixTest.cc/efficiencyMaps:L412> Create hists HR_xeff_CalDelScan_step14_C0 .. HR_xeff_CalDelScan_step14_C15
[15:19:12.464]    DEBUG: <PixTest.cc/efficiencyMaps:L426> booking xray maps for unmasked detector
[15:19:12.542]    DEBUG: <PixTest.cc/efficiencyMaps:L396>       attempt #0
[15:19:13.209]     INFO: Expecting 41600 events.
[15:19:17.404]     INFO: 41600 events read in total (3668ms).
[15:19:17.412]     INFO: Test took 4870ms.
[15:19:17.630]     INFO: Fetched DAQ statistics. Counters are being reset now.
[15:19:17.630]    DEBUG: <PixTest.cc/efficiencyMaps:L407>  eff result size = 1033717
[15:19:17.630]    DEBUG: <PixTest.cc/efficiencyMaps:L412> Create hists HR_xeff_CalDelScan_step15_C0 .. HR_xeff_CalDelScan_step15_C15
[15:19:17.630]    DEBUG: <PixTest.cc/efficiencyMaps:L426> booking xray maps for unmasked detector
[15:19:17.709]    DEBUG: <PixTest.cc/efficiencyMaps:L396>       attempt #0
[15:19:18.375]     INFO: Expecting 41600 events.
[15:19:22.572]     INFO: 41600 events read in total (3670ms).
[15:19:22.580]     INFO: Test took 4871ms.
[15:19:22.791]     INFO: Fetched DAQ statistics. Counters are being reset now.
[15:19:22.791]    DEBUG: <PixTest.cc/efficiencyMaps:L407>  eff result size = 1032649
[15:19:22.791]    DEBUG: <PixTest.cc/efficiencyMaps:L412> Create hists HR_xeff_CalDelScan_step16_C0 .. HR_xeff_CalDelScan_step16_C15
[15:19:22.792]    DEBUG: <PixTest.cc/efficiencyMaps:L426> booking xray maps for unmasked detector
[15:19:22.867]    DEBUG: <PixTest.cc/efficiencyMaps:L396>       attempt #0
[15:19:23.532]     INFO: Expecting 41600 events.
[15:19:27.722]     INFO: 41600 events read in total (3663ms).
[15:19:27.729]     INFO: Test took 4862ms.
[15:19:27.930]     INFO: Fetched DAQ statistics. Counters are being reset now.
[15:19:27.930]    DEBUG: <PixTest.cc/efficiencyMaps:L407>  eff result size = 1032931
[15:19:27.930]    DEBUG: <PixTest.cc/efficiencyMaps:L412> Create hists HR_xeff_CalDelScan_step17_C0 .. HR_xeff_CalDelScan_step17_C15
[15:19:27.931]    DEBUG: <PixTest.cc/efficiencyMaps:L426> booking xray maps for unmasked detector
[15:19:28.008]    DEBUG: <PixTest.cc/efficiencyMaps:L396>       attempt #0
[15:19:28.675]     INFO: Expecting 41600 events.
[15:19:32.827]     INFO: 41600 events read in total (3625ms).
[15:19:32.834]     INFO: Test took 4826ms.
[15:19:33.004]     INFO: Fetched DAQ statistics. Counters are being reset now.
[15:19:33.004]    DEBUG: <PixTest.cc/efficiencyMaps:L407>  eff result size = 1031434
[15:19:33.004]    DEBUG: <PixTest.cc/efficiencyMaps:L412> Create hists HR_xeff_CalDelScan_step18_C0 .. HR_xeff_CalDelScan_step18_C15
[15:19:33.005]    DEBUG: <PixTest.cc/efficiencyMaps:L426> booking xray maps for unmasked detector
[15:19:33.081]    DEBUG: <PixTest.cc/efficiencyMaps:L396>       attempt #0
[15:19:33.746]     INFO: Expecting 41600 events.
[15:19:37.739]     INFO: 41600 events read in total (3466ms).
[15:19:37.745]     INFO: Test took 4664ms.
[15:19:37.915]     INFO: Fetched DAQ statistics. Counters are being reset now.
[15:19:37.915]    DEBUG: <PixTest.cc/efficiencyMaps:L407>  eff result size = 1023383
[15:19:37.915]    DEBUG: <PixTest.cc/efficiencyMaps:L412> Create hists HR_xeff_CalDelScan_step19_C0 .. HR_xeff_CalDelScan_step19_C15
[15:19:37.915]    DEBUG: <PixTest.cc/efficiencyMaps:L426> booking xray maps for unmasked detector
[15:19:38.212]    DEBUG: <PixTestHighRate.cc/doCalDelScan:L422> roc  0: caldel = 187 eff = 0.998269
[15:19:38.212]    DEBUG: <PixTestHighRate.cc/doCalDelScan:L422> roc  1: caldel = 157 eff = 0.998654
[15:19:38.212]    DEBUG: <PixTestHighRate.cc/doCalDelScan:L422> roc  2: caldel = 154 eff = 0.996322
[15:19:38.212]    DEBUG: <PixTestHighRate.cc/doCalDelScan:L422> roc  3: caldel = 157 eff = 0.995024
[15:19:38.212]    DEBUG: <PixTestHighRate.cc/doCalDelScan:L422> roc  4: caldel = 180 eff = 0.99274
[15:19:38.213]    DEBUG: <PixTestHighRate.cc/doCalDelScan:L422> roc  5: caldel = 155 eff = 0.993365
[15:19:38.213]    DEBUG: <PixTestHighRate.cc/doCalDelScan:L422> roc  6: caldel = 172 eff = 0.968966
[15:19:38.213]    DEBUG: <PixTestHighRate.cc/doCalDelScan:L422> roc  7: caldel = 169 eff = 0.994495
[15:19:38.213]    DEBUG: <PixTestHighRate.cc/doCalDelScan:L422> roc  8: caldel = 179 eff = 0.992644
[15:19:38.213]    DEBUG: <PixTestHighRate.cc/doCalDelScan:L422> roc  9: caldel = 159 eff = 0.992837
[15:19:38.214]    DEBUG: <PixTestHighRate.cc/doCalDelScan:L422> roc 10: caldel = 167 eff = 0.992067
[15:19:38.214]    DEBUG: <PixTestHighRate.cc/doCalDelScan:L422> roc 11: caldel = 156 eff = 0.993582
[15:19:38.214]    DEBUG: <PixTestHighRate.cc/doCalDelScan:L422> roc 12: caldel = 174 eff = 0.993293
[15:19:38.214]    DEBUG: <PixTestHighRate.cc/doCalDelScan:L422> roc 13: caldel = 157 eff = 0.996538
[15:19:38.215]    DEBUG: <PixTestHighRate.cc/doCalDelScan:L422> roc 14: caldel = 175 eff = 0.998341
[15:19:38.215]    DEBUG: <PixTestHighRate.cc/doCalDelScan:L422> roc 15: caldel = 158 eff = 0.99762
[15:19:42.503]    DEBUG: <PixTab.cc/buttonClicked:L308> xxxPressed():  xpixelalive
[15:19:42.503]    DEBUG: <PixTestHighRate.cc/runCommand:L157> running command: xpixelalive
[15:19:42.503]     INFO:    ----------------------------------------------------------------------
[15:19:42.503]     INFO:    PixTestHighRate::xPixelAlive() ntrig = 50, vcal = 200
[15:19:42.503]     INFO:    ----------------------------------------------------------------------
[15:19:42.504]    DEBUG: <PixTestHighRate.cc/doXPixelAlive:L451>  old set: clk: 4
[15:19:42.504]    DEBUG: <PixTestHighRate.cc/doXPixelAlive:L451>  old set: ctr: 4
[15:19:42.504]    DEBUG: <PixTestHighRate.cc/doXPixelAlive:L451>  old set: sda: 19
[15:19:42.504]    DEBUG: <PixTestHighRate.cc/doXPixelAlive:L451>  old set: tin: 9
[15:19:42.504]    DEBUG: <PixTestHighRate.cc/doXPixelAlive:L451>  old set: level: 15
[15:19:42.504]    DEBUG: <PixTestHighRate.cc/doXPixelAlive:L451>  old set: triggerdelay: 0
[15:19:42.504]    DEBUG: <PixTestHighRate.cc/doXPixelAlive:L467>  setting: clk: 4
[15:19:42.504]    DEBUG: <PixTestHighRate.cc/doXPixelAlive:L467>  setting: ctr: 4
[15:19:42.504]    DEBUG: <PixTestHighRate.cc/doXPixelAlive:L467>  setting: sda: 19
[15:19:42.504]    DEBUG: <PixTestHighRate.cc/doXPixelAlive:L467>  setting: tin: 9
[15:19:42.504]    DEBUG: <PixTestHighRate.cc/doXPixelAlive:L467>  setting: level: 15
[15:19:42.504]    DEBUG: <PixTestHighRate.cc/doXPixelAlive:L467>  setting: triggerdelay: 20
[15:19:42.546]     INFO: ROC 6 masking pixel 1/50
[15:19:42.546]     INFO: ROC 6 masking pixel 1/74
[15:19:42.546]     INFO: ROC 6 masking pixel 11/60
[15:19:42.546]     INFO: ROC 6 masking pixel 15/72
[15:19:42.547]     INFO: ROC 6 masking pixel 16/24
[15:19:42.547]     INFO: ROC 6 masking pixel 24/28
[15:19:42.547]     INFO: ROC 6 masking pixel 29/24
[15:19:42.547]     INFO: ROC 6 masking pixel 30/62
[15:19:42.547]     INFO: ROC 6 masking pixel 35/51
[15:19:42.547]     INFO: ROC 6 masking pixel 40/44
[15:19:42.547]     INFO: ROC 6 masking pixel 44/37
[15:19:42.547]     INFO: ROC 6 masking pixel 44/38
[15:19:42.547]     INFO: ROC 6 masking pixel 48/73
[15:19:42.547]     INFO: ROC 6 masking pixel 49/54
[15:19:42.547]     INFO: ROC 6 masking pixel 51/12
[15:19:42.547]    DEBUG: <PixTest.cc/efficiencyMaps:L396>       attempt #0
[15:19:43.215]     INFO: Expecting 208000 events.
[15:20:01.585]     INFO: 208000 events read in total (17843ms).
[15:20:01.609]     INFO: Test took 19062ms.
[15:20:02.574]     INFO: Fetched DAQ statistics. Counters are being reset now.
[15:20:02.574]    DEBUG: <PixTest.cc/efficiencyMaps:L407>  eff result size = 4832877
[15:20:02.574]    DEBUG: <PixTest.cc/efficiencyMaps:L412> Create hists highRate_C0 .. highRate_C15
[15:20:02.575]    DEBUG: <PixTest.cc/efficiencyMaps:L426> booking xray maps for unmasked detector
[15:20:03.124]     INFO: number of dead pixels (per ROC):     0    0    0    0    0    0   94    0    0    0    0    0    0    1    1    3
[15:20:03.124]     INFO: number of red-efficiency pixels:   298  275  556  924 1114 1069 1210  913 1170 1139 1081  969 1037  589  214  356
[15:20:03.124]     INFO: number of X-ray hits detected:    177689 139737 229401 347085 374697 369876 357060 333357 390285 387052 378927 353427 365651 236733 145796 179643
[15:20:03.124]     INFO: number of triggers sent (total per ROC):  208000 208000 208000 208000 208000 208000 208000 208000 208000 208000 208000 208000 208000 208000 208000 208000
[15:20:03.124]     INFO: number of Vcal hits detected:  207682 207706 207328 206862 206600 206667 201625 206886 206583 206562 206626 206823 206742 207255 207724 207476
[15:20:03.124]     INFO: Vcal hit fiducial efficiency (%):  99.8 99.9 99.7 99.5 99.4 99.4 99.2 99.5 99.4 99.4 99.4 99.5 99.5 99.7 99.9 99.8
[15:20:03.124]     INFO: Vcal hit overall efficiency (%):  99.8 99.9 99.7 99.5 99.3 99.4 96.9 99.5 99.3 99.3 99.3 99.4 99.4 99.6 99.9 99.7
[15:20:03.124]     INFO: X-ray hit rate [MHz/cm2]:  52.1 41.0 67.2 101.7 109.8 108.4 104.7 97.7 114.4 113.4 111.1 103.6 107.2 69.4 42.7 52.7
[15:20:03.124]     INFO: PixTestHighRate::doXPixelAlive() done
[15:20:03.173]    DEBUG: <PixTestHighRate.cc/doXPixelAlive:L586>  resetting: clk: 4
[15:20:03.173]    DEBUG: <PixTestHighRate.cc/doXPixelAlive:L586>  resetting: ctr: 4
[15:20:03.173]    DEBUG: <PixTestHighRate.cc/doXPixelAlive:L586>  resetting: sda: 19
[15:20:03.173]    DEBUG: <PixTestHighRate.cc/doXPixelAlive:L586>  resetting: tin: 9
[15:20:03.173]    DEBUG: <PixTestHighRate.cc/doXPixelAlive:L586>  resetting: level: 15
[15:20:03.173]    DEBUG: <PixTestHighRate.cc/doXPixelAlive:L586>  resetting: triggerdelay: 0
[15:20:03.173]     INFO: PixTest::       pg_setup set to default.
[15:20:33.279]    DEBUG: <PixTest.cc/moduleMap:L1029> moduleMap histname: what
[15:20:33.279]    DEBUG: <PixTest.cc/moduleMap:L1039> h1->GetName() = highRate_xraymap_C13_V0 -> highRate_xraymap_mod
[15:20:35.007]    DEBUG: <PixGui.cc/handleButtons:L396> PixGui::exit called
[15:20:35.008]    DEBUG: <PixGui.cc/CloseWindow:L335> Final Analog Current: 388.3mA
[15:20:35.009]    DEBUG: <PixGui.cc/CloseWindow:L336> Final Digital Current: 510.5mA
[15:20:35.009]    DEBUG: <PixGui.cc/CloseWindow:L337> Final Module Temperature: 22.4 C
[15:20:35.009]    DEBUG: <PixTestBBMap.cc/~PixTestBBMap:L97> PixTestBBMap dtor
[15:20:35.009]    DEBUG: <PixTestBB2Map.cc/~PixTestBB2Map:L115> PixTestBB2Map dtor
[15:20:35.009]    DEBUG: <PixTestBB3Map.cc/~PixTestBB3Map:L99> PixTestBB3Map dtor
[15:20:35.009]    DEBUG: <PixTestBB4Map.cc/~PixTestBB4Map:L118> PixTestBB4Map dtor
[15:20:35.009]    DEBUG: <PixTestCmd.cc/~PixTestCmd:L78> PixTestCmd dtor
[15:20:35.009]    DEBUG: <PixTestDaq.cc/~PixTestDaq:L37> PixTestDaq dtor
[15:20:35.009]    DEBUG: <PixTestDacDacScan.cc/~PixTestDacDacScan:L136> PixTestDacDacScan dtor
[15:20:35.009]    DEBUG: <PixTestDacScan.cc/~PixTestDacScan:L129> PixTestDacScan dtor
[15:20:35.009]    DEBUG: <PixTestGainPedestal.cc/~PixTestGainPedestal:L125> PixTestGainPedestal dtor
[15:20:35.010]    DEBUG: <PixTestHighRate.cc/~PixTestHighRate:L245> PixTestHighRate dtor
[15:20:35.106]    DEBUG: <PixTestIV.cc/~PixTestIV:L96> PixTestIV dtor
[15:20:35.106]    DEBUG: <PixTestAlive.cc/~PixTestAlive:L109> PixTestAlive dtor
[15:20:35.106]    DEBUG: <PixTestPretest.cc/~PixTestPretest:L136> PixTestPretest dtor
[15:20:35.106]    DEBUG: <PixTestReadback.cc/~PixTestReadback:L89> PixTestReadback dtor, saving tree ... 
[15:20:35.106]    DEBUG: <PixTestScurves.cc/~PixTestScurves:L142> PixTestScurves dtor
[15:20:35.106]    DEBUG: <PixTestTiming.cc/~PixTestTiming:L97> PixTestTiming dtor
[15:20:35.106]    DEBUG: <PixTestTrim.cc/~PixTestTrim:L103> PixTestTrim dtor
[15:20:35.106]    DEBUG: <PixTestXray.cc/~PixTestXray:L217> PixTestXray dtor
[15:20:35.109]    QUIET: Connection to board 58 closed.
[15:20:35.188]    DEBUG: <PixMonitor.cc/dumpSummaries:L39> PixMonitor::dumpSummaries
