[15:11:26.173]     INFO: *** Welcome to pxar ***
[15:11:26.174]     INFO: *** Today: 2016/01/12
[15:11:26.195]     INFO: *** Version: prod-12
[15:11:26.195]     INFO: readRocDacs: data/mh238/M-H-2-38_ElComandanteTest_2016-01-08_12h56m_1452279411/000_FPIXTest_p17/dacParameters35_C0.dat .. data/mh238/M-H-2-38_ElComandanteTest_2016-01-08_12h56m_1452279411/000_FPIXTest_p17/dacParameters35_C15.dat
[15:11:26.196]     INFO: readTbmDacs: data/mh238/M-H-2-38_ElComandanteTest_2016-01-08_12h56m_1452279411/000_FPIXTest_p17/tbmParameters_C0a.dat .. data/mh238/M-H-2-38_ElComandanteTest_2016-01-08_12h56m_1452279411/000_FPIXTest_p17/tbmParameters_C0b.dat
[15:11:26.196]     INFO: readMaskFile: data/mh238/M-H-2-38_ElComandanteTest_2016-01-08_12h56m_1452279411/000_FPIXTest_p17/defaultMaskFile.dat
[15:11:26.196]     INFO: MASKED Roc 6 col/row: 1 50
[15:11:26.196]     INFO: MASKED Roc 6 col/row: 1 74
[15:11:26.196]     INFO: MASKED Roc 6 col/row: 11 60
[15:11:26.196]     INFO: MASKED Roc 6 col/row: 15 72
[15:11:26.196]     INFO: MASKED Roc 6 col/row: 16 24
[15:11:26.196]     INFO: MASKED Roc 6 col/row: 24 28
[15:11:26.196]     INFO: MASKED Roc 6 col/row: 29 24
[15:11:26.196]     INFO: MASKED Roc 6 col/row: 30 62
[15:11:26.196]     INFO: MASKED Roc 6 col/row: 35 51
[15:11:26.196]     INFO: MASKED Roc 6 col/row: 40 44
[15:11:26.196]     INFO: MASKED Roc 6 col/row: 44 37
[15:11:26.196]     INFO: MASKED Roc 6 col/row: 44 38
[15:11:26.196]     INFO: MASKED Roc 6 col/row: 48 73
[15:11:26.196]     INFO: MASKED Roc 6 col/row: 49 54
[15:11:26.196]     INFO: MASKED Roc 6 col/row: 51 12
[15:11:26.196]     INFO: readTrimFile: data/mh238/M-H-2-38_ElComandanteTest_2016-01-08_12h56m_1452279411/000_FPIXTest_p17/trimParameters35_C0.dat .. data/mh238/M-H-2-38_ElComandanteTest_2016-01-08_12h56m_1452279411/000_FPIXTest_p17/trimParameters35_C15.dat
[15:11:26.256]     INFO:   masking Roc 6 col/row: 1 50
[15:11:26.256]     INFO:   masking Roc 6 col/row: 1 74
[15:11:26.256]     INFO:   masking Roc 6 col/row: 11 60
[15:11:26.256]     INFO:   masking Roc 6 col/row: 15 72
[15:11:26.256]     INFO:   masking Roc 6 col/row: 16 24
[15:11:26.256]     INFO:   masking Roc 6 col/row: 24 28
[15:11:26.256]     INFO:   masking Roc 6 col/row: 29 24
[15:11:26.256]     INFO:   masking Roc 6 col/row: 30 62
[15:11:26.256]     INFO:   masking Roc 6 col/row: 35 51
[15:11:26.256]     INFO:   masking Roc 6 col/row: 40 44
[15:11:26.256]     INFO:   masking Roc 6 col/row: 44 37
[15:11:26.256]     INFO:   masking Roc 6 col/row: 44 38
[15:11:26.256]     INFO:   masking Roc 6 col/row: 48 73
[15:11:26.256]     INFO:   masking Roc 6 col/row: 49 54
[15:11:26.256]     INFO:   masking Roc 6 col/row: 51 12
[15:11:26.350]     INFO:         clk: 4
[15:11:26.350]     INFO:         ctr: 4
[15:11:26.350]     INFO:         sda: 19
[15:11:26.350]     INFO:         tin: 9
[15:11:26.350]     INFO:         level: 15
[15:11:26.350]     INFO:         triggerdelay: 0
[15:11:26.350]    QUIET: Instanciating API for pxar prod-12
[15:11:26.351]     INFO: Log level: DEBUG
[15:11:26.362]    QUIET: Connection to board DTB_WRPRHI opened.
[15:11:26.365]     INFO: DTB startup information
--- DTB info------------------------------------------
Board id:    58
HW version:  DTB1.2
FW version:  4.2
SW version:  4.5
USB id:      DTB_WRPRHI
MAC address: 40D85511803A
Hostname:    pixelDTB058
Comment:     
------------------------------------------------------
[15:11:26.368]     INFO: RPC call hashes of host and DTB match: 398089610
[15:11:27.972]     INFO: DUT info: 
[15:11:27.972]     INFO: The DUT currently contains the following objects:
[15:11:27.972]     INFO:  2 TBM Cores tbm08c (2 ON)
[15:11:27.972]     INFO: 	TBM Core alpha (0): 7 registers set
[15:11:27.972]     INFO: 	TBM Core beta  (1): 7 registers set
[15:11:27.972]     INFO: 16 ROCs psi46digv21respin (16 ON) with 4160 pixelConfigs
[15:11:27.972]     INFO: 	ROC 0: 19 DACs set, Pixels: 0 masked, 0 active.
[15:11:27.972]     INFO: 	ROC 1: 19 DACs set, Pixels: 0 masked, 0 active.
[15:11:27.972]     INFO: 	ROC 2: 19 DACs set, Pixels: 0 masked, 0 active.
[15:11:27.972]     INFO: 	ROC 3: 19 DACs set, Pixels: 0 masked, 0 active.
[15:11:27.972]     INFO: 	ROC 4: 19 DACs set, Pixels: 0 masked, 0 active.
[15:11:27.972]     INFO: 	ROC 5: 19 DACs set, Pixels: 0 masked, 0 active.
[15:11:27.972]     INFO: 	ROC 6: 19 DACs set, Pixels: 15 masked, 0 active.
[15:11:27.972]     INFO: 	ROC 7: 19 DACs set, Pixels: 0 masked, 0 active.
[15:11:27.972]     INFO: 	ROC 8: 19 DACs set, Pixels: 0 masked, 0 active.
[15:11:27.972]     INFO: 	ROC 9: 19 DACs set, Pixels: 0 masked, 0 active.
[15:11:27.972]     INFO: 	ROC 10: 19 DACs set, Pixels: 0 masked, 0 active.
[15:11:27.972]     INFO: 	ROC 11: 19 DACs set, Pixels: 0 masked, 0 active.
[15:11:27.972]     INFO: 	ROC 12: 19 DACs set, Pixels: 0 masked, 0 active.
[15:11:27.972]     INFO: 	ROC 13: 19 DACs set, Pixels: 0 masked, 0 active.
[15:11:27.973]     INFO: 	ROC 14: 19 DACs set, Pixels: 0 masked, 0 active.
[15:11:27.973]     INFO: 	ROC 15: 19 DACs set, Pixels: 0 masked, 0 active.
[15:11:27.973]    DEBUG: <PixTestParameters.cc/dump:L104> PixTestParameters: ->BB<-
[15:11:27.973]    DEBUG: <PixTestParameters.cc/dump:L107>   dumpall: checkbox(0)
[15:11:27.973]    DEBUG: <PixTestParameters.cc/dump:L107>   dumpproblematic: checkbox(0)
[15:11:27.973]    DEBUG: <PixTestParameters.cc/dump:L107>   ntrig: 5
[15:11:27.973]    DEBUG: <PixTestParameters.cc/dump:L107>   vcals: 250
[15:11:27.973]    DEBUG: <PixTestParameters.cc/dump:L104> PixTestParameters: ->BB2<-
[15:11:27.973]    DEBUG: <PixTestParameters.cc/dump:L107>   ntrig: 10
[15:11:27.973]    DEBUG: <PixTestParameters.cc/dump:L107>   vcals: 222
[15:11:27.973]    DEBUG: <PixTestParameters.cc/dump:L107>   plwidth: 35
[15:11:27.973]    DEBUG: <PixTestParameters.cc/dump:L107>   pix: 11,20
[15:11:27.973]    DEBUG: <PixTestParameters.cc/dump:L107>   targetia: 24
[15:11:27.973]    DEBUG: <PixTestParameters.cc/dump:L104> PixTestParameters: ->BB3<-
[15:11:27.973]    DEBUG: <PixTestParameters.cc/dump:L107>   dumpall: checkbox(0)
[15:11:27.973]    DEBUG: <PixTestParameters.cc/dump:L107>   dumpproblematic: checkbox(0)
[15:11:27.973]    DEBUG: <PixTestParameters.cc/dump:L107>   ntrig: 5
[15:11:27.973]    DEBUG: <PixTestParameters.cc/dump:L107>   vcals: 250
[15:11:27.973]    DEBUG: <PixTestParameters.cc/dump:L104> PixTestParameters: ->BB4<-
[15:11:27.973]    DEBUG: <PixTestParameters.cc/dump:L107>   savecaldelscan: checkbox(0)
[15:11:27.973]    DEBUG: <PixTestParameters.cc/dump:L107>   ntrig: 100
[15:11:27.973]    DEBUG: <PixTestParameters.cc/dump:L107>   cals: 1
[15:11:27.973]    DEBUG: <PixTestParameters.cc/dump:L107>   caldello: 80
[15:11:27.973]    DEBUG: <PixTestParameters.cc/dump:L107>   caldelhi: 200
[15:11:27.973]    DEBUG: <PixTestParameters.cc/dump:L107>   caldelstep: 10
[15:11:27.973]    DEBUG: <PixTestParameters.cc/dump:L107>   vthrcomplo: 70
[15:11:27.973]    DEBUG: <PixTestParameters.cc/dump:L107>   vthrcomphi: 130
[15:11:27.973]    DEBUG: <PixTestParameters.cc/dump:L107>   vthrcompstep: 5
[15:11:27.973]    DEBUG: <PixTestParameters.cc/dump:L107>   noisypixels: 10
[15:11:27.973]    DEBUG: <PixTestParameters.cc/dump:L107>   vcal: 255
[15:11:27.973]    DEBUG: <PixTestParameters.cc/dump:L107>   cut: 0.5
[15:11:27.973]    DEBUG: <PixTestParameters.cc/dump:L104> PixTestParameters: ->Cmd<-
[15:11:27.973]    DEBUG: <PixTestParameters.cc/dump:L104> PixTestParameters: ->DAQ<-
[15:11:27.973]    DEBUG: <PixTestParameters.cc/dump:L107>   delaytbm: checkbox
[15:11:27.973]    DEBUG: <PixTestParameters.cc/dump:L107>   filltree: checkbox
[15:11:27.974]    DEBUG: <PixTestParameters.cc/dump:L107>   trgfrequency(khz): 100
[15:11:27.974]    DEBUG: <PixTestParameters.cc/dump:L107>   maskhotpixels: button
[15:11:27.974]    DEBUG: <PixTestParameters.cc/dump:L107>   trgnumber: 5
[15:11:27.974]    DEBUG: <PixTestParameters.cc/dump:L107>   iterations: 10
[15:11:27.974]    DEBUG: <PixTestParameters.cc/dump:L107>   rundaqtrg: button
[15:11:27.974]    DEBUG: <PixTestParameters.cc/dump:L107>   daqseconds: 5
[15:11:27.974]    DEBUG: <PixTestParameters.cc/dump:L107>   rundaqseconds: button
[15:11:27.974]    DEBUG: <PixTestParameters.cc/dump:L104> PixTestParameters: ->DacDacScan<-
[15:11:27.974]    DEBUG: <PixTestParameters.cc/dump:L107>   phmap: checkbox
[15:11:27.974]    DEBUG: <PixTestParameters.cc/dump:L107>   ntrig: 10
[15:11:27.974]    DEBUG: <PixTestParameters.cc/dump:L107>   dac1: caldel
[15:11:27.974]    DEBUG: <PixTestParameters.cc/dump:L107>   dac1lo: 0
[15:11:27.974]    DEBUG: <PixTestParameters.cc/dump:L107>   dac1hi: 255
[15:11:27.974]    DEBUG: <PixTestParameters.cc/dump:L107>   dac2: vthrcomp
[15:11:27.974]    DEBUG: <PixTestParameters.cc/dump:L107>   dac2lo: 0
[15:11:27.974]    DEBUG: <PixTestParameters.cc/dump:L107>   dac2hi: 255
[15:11:27.974]    DEBUG: <PixTestParameters.cc/dump:L107>   pix: 11,20
[15:11:27.974]    DEBUG: <PixTestParameters.cc/dump:L104> PixTestParameters: ->DacScan<-
[15:11:27.974]    DEBUG: <PixTestParameters.cc/dump:L107>   phmap: checkbox(1)
[15:11:27.974]    DEBUG: <PixTestParameters.cc/dump:L107>   allpixels: checkbox(0)
[15:11:27.974]    DEBUG: <PixTestParameters.cc/dump:L107>   unmasked: checkbox(0)
[15:11:27.974]    DEBUG: <PixTestParameters.cc/dump:L107>   ntrig: 10
[15:11:27.974]    DEBUG: <PixTestParameters.cc/dump:L107>   dac: vcal
[15:11:27.974]    DEBUG: <PixTestParameters.cc/dump:L107>   daclo: 0
[15:11:27.974]    DEBUG: <PixTestParameters.cc/dump:L107>   dachi: 255
[15:11:27.974]    DEBUG: <PixTestParameters.cc/dump:L107>   pix: 11,20
[15:11:27.974]    DEBUG: <PixTestParameters.cc/dump:L104> PixTestParameters: ->GainPedestal<-
[15:11:27.974]    DEBUG: <PixTestParameters.cc/dump:L107>   showfits: checkbox(0)
[15:11:27.974]    DEBUG: <PixTestParameters.cc/dump:L107>   extended: checkbox(0)
[15:11:27.974]    DEBUG: <PixTestParameters.cc/dump:L107>   dumphists: checkbox(0)
[15:11:27.974]    DEBUG: <PixTestParameters.cc/dump:L107>   ntrig: 10
[15:11:27.974]    DEBUG: <PixTestParameters.cc/dump:L107>   vcalstep: 10
[15:11:27.974]    DEBUG: <PixTestParameters.cc/dump:L107>   measure: button
[15:11:27.974]    DEBUG: <PixTestParameters.cc/dump:L107>   fit: button
[15:11:27.974]    DEBUG: <PixTestParameters.cc/dump:L107>   save: button
[15:11:27.974]    DEBUG: <PixTestParameters.cc/dump:L104> PixTestParameters: ->HighRate<-
[15:11:27.974]    DEBUG: <PixTestParameters.cc/dump:L107>   pix: 11,20
[15:11:27.974]    DEBUG: <PixTestParameters.cc/dump:L107>   trimhotpixels: button
[15:11:27.974]    DEBUG: <PixTestParameters.cc/dump:L107>   trimhotpixelthr: 200
[15:11:27.974]    DEBUG: <PixTestParameters.cc/dump:L107>   runsecondshotpixels: 10
[15:11:27.974]    DEBUG: <PixTestParameters.cc/dump:L107>   savetrimbits: checkbox(1)
[15:11:27.974]    DEBUG: <PixTestParameters.cc/dump:L107>   maskuntrimmable: checkbox(1)
[15:11:27.974]    DEBUG: <PixTestParameters.cc/dump:L107>   maskhotpixels: button
[15:11:27.974]    DEBUG: <PixTestParameters.cc/dump:L107>   savemaskfile: checkbox(0)
[15:11:27.974]    DEBUG: <PixTestParameters.cc/dump:L107>   maskfilename: default
[15:11:27.974]    DEBUG: <PixTestParameters.cc/dump:L107>   caldelscan: button
[15:11:27.974]    DEBUG: <PixTestParameters.cc/dump:L107>   xpixelalive: button
[15:11:27.974]    DEBUG: <PixTestParameters.cc/dump:L107>   ntrig: 50
[15:11:27.974]    DEBUG: <PixTestParameters.cc/dump:L107>   vcal: 200
[15:11:27.974]    DEBUG: <PixTestParameters.cc/dump:L107>   xnoisemaps: button
[15:11:27.974]    DEBUG: <PixTestParameters.cc/dump:L107>   daclo: 0
[15:11:27.974]    DEBUG: <PixTestParameters.cc/dump:L107>   dachi: 100
[15:11:27.974]    DEBUG: <PixTestParameters.cc/dump:L107>   dacs/step: 20
[15:11:27.974]    DEBUG: <PixTestParameters.cc/dump:L107>   rundaq: button
[15:11:27.974]    DEBUG: <PixTestParameters.cc/dump:L107>   trgfrequency(khz): 20
[15:11:27.974]    DEBUG: <PixTestParameters.cc/dump:L107>   runseconds: 2
[15:11:27.974]    DEBUG: <PixTestParameters.cc/dump:L107>   triggerdelay: 20
[15:11:27.974]    DEBUG: <PixTestParameters.cc/dump:L107>   delaytbm: checkbox
[15:11:27.975]    DEBUG: <PixTestParameters.cc/dump:L107>   filltree: checkbox
[15:11:27.975]    DEBUG: <PixTestParameters.cc/dump:L104> PixTestParameters: ->IV<-
[15:11:27.975]    DEBUG: <PixTestParameters.cc/dump:L107>   port: /dev/FIXME
[15:11:27.975]    DEBUG: <PixTestParameters.cc/dump:L107>   voltagestart: 0
[15:11:27.975]    DEBUG: <PixTestParameters.cc/dump:L107>   voltagestop: 600
[15:11:27.975]    DEBUG: <PixTestParameters.cc/dump:L107>   voltagestep: 5
[15:11:27.975]    DEBUG: <PixTestParameters.cc/dump:L107>   delay: 1
[15:11:27.975]    DEBUG: <PixTestParameters.cc/dump:L107>   compliance(ua): 100
[15:11:27.975]    DEBUG: <PixTestParameters.cc/dump:L104> PixTestParameters: ->PhOptimization<-
[15:11:27.975]    DEBUG: <PixTestParameters.cc/dump:L107>   ntrig: 10
[15:11:27.975]    DEBUG: <PixTestParameters.cc/dump:L107>   safetymarginlow: 20
[15:11:27.975]    DEBUG: <PixTestParameters.cc/dump:L107>   saturationvcal: 100
[15:11:27.975]    DEBUG: <PixTestParameters.cc/dump:L107>   quantilesaturation: 0.98
[15:11:27.975]    DEBUG: <PixTestParameters.cc/dump:L104> PixTestParameters: ->PixelAlive<-
[15:11:27.975]    DEBUG: <PixTestParameters.cc/dump:L107>   ntrig: 10
[15:11:27.975]    DEBUG: <PixTestParameters.cc/dump:L107>   vcal: 200
[15:11:27.975]    DEBUG: <PixTestParameters.cc/dump:L107>   alivetest: button
[15:11:27.975]    DEBUG: <PixTestParameters.cc/dump:L107>   masktest: button
[15:11:27.975]    DEBUG: <PixTestParameters.cc/dump:L107>   addressdecodingtest: button
[15:11:27.975]    DEBUG: <PixTestParameters.cc/dump:L104> PixTestParameters: ->Pretest<-
[15:11:27.975]    DEBUG: <PixTestParameters.cc/dump:L107>   programroc: button
[15:11:27.975]    DEBUG: <PixTestParameters.cc/dump:L107>   targetia: 24
[15:11:27.975]    DEBUG: <PixTestParameters.cc/dump:L107>   setvana: button
[15:11:27.975]    DEBUG: <PixTestParameters.cc/dump:L107>   iterations: 100
[15:11:27.975]    DEBUG: <PixTestParameters.cc/dump:L107>   settimings: button
[15:11:27.975]    DEBUG: <PixTestParameters.cc/dump:L107>   findtiming: button
[15:11:27.975]    DEBUG: <PixTestParameters.cc/dump:L107>   findworkingpixel: button
[15:11:27.975]    DEBUG: <PixTestParameters.cc/dump:L107>   setvthrcompcaldel: button
[15:11:27.975]    DEBUG: <PixTestParameters.cc/dump:L107>   pix: 11,20
[15:11:27.975]    DEBUG: <PixTestParameters.cc/dump:L107>   vcal: 250
[15:11:27.975]    DEBUG: <PixTestParameters.cc/dump:L107>   deltavthrcomp: 50
[15:11:27.975]    DEBUG: <PixTestParameters.cc/dump:L107>   fraccaldel: 0.5
[15:11:27.975]    DEBUG: <PixTestParameters.cc/dump:L107>   ntrig: 5
[15:11:27.975]    DEBUG: <PixTestParameters.cc/dump:L107>   savedacs: button
[15:11:27.975]    DEBUG: <PixTestParameters.cc/dump:L104> PixTestParameters: ->Readback<-
[15:11:27.975]    DEBUG: <PixTestParameters.cc/dump:L107>   calibratevd: button
[15:11:27.975]    DEBUG: <PixTestParameters.cc/dump:L107>   calibrateva: button
[15:11:27.975]    DEBUG: <PixTestParameters.cc/dump:L107>   calibrateia: button
[15:11:27.975]    DEBUG: <PixTestParameters.cc/dump:L107>   readbackvbg: button
[15:11:27.975]    DEBUG: <PixTestParameters.cc/dump:L107>   getcalibratedvbg: button
[15:11:27.975]    DEBUG: <PixTestParameters.cc/dump:L107>   usecalvd: checkbox(1)
[15:11:27.975]    DEBUG: <PixTestParameters.cc/dump:L107>   usecalva: checkbox(0)
[15:11:27.975]    DEBUG: <PixTestParameters.cc/dump:L107>   setvana: button
[15:11:27.975]    DEBUG: <PixTestParameters.cc/dump:L104> PixTestParameters: ->Scurves<-
[15:11:27.975]    DEBUG: <PixTestParameters.cc/dump:L107>   adjustvcal: checkbox(0)
[15:11:27.975]    DEBUG: <PixTestParameters.cc/dump:L107>   dumpall: checkbox(0)
[15:11:27.975]    DEBUG: <PixTestParameters.cc/dump:L107>   dumpproblematic: checkbox(0)
[15:11:27.975]    DEBUG: <PixTestParameters.cc/dump:L107>   dumpoutputfile: checkbox(0)
[15:11:27.975]    DEBUG: <PixTestParameters.cc/dump:L107>   ntrig: 50
[15:11:27.975]    DEBUG: <PixTestParameters.cc/dump:L107>   dac: Vcal
[15:11:27.975]    DEBUG: <PixTestParameters.cc/dump:L107>   daclo: 0
[15:11:27.975]    DEBUG: <PixTestParameters.cc/dump:L107>   dachi: 200
[15:11:27.975]    DEBUG: <PixTestParameters.cc/dump:L107>   dacs/step: -1
[15:11:27.975]    DEBUG: <PixTestParameters.cc/dump:L107>   ntrig/step: -1
[15:11:27.975]    DEBUG: <PixTestParameters.cc/dump:L107>   scurves: button
[15:11:27.975]    DEBUG: <PixTestParameters.cc/dump:L104> PixTestParameters: ->Timing<-
[15:11:27.975]    DEBUG: <PixTestParameters.cc/dump:L107>   targetclk: 4
[15:11:27.975]    DEBUG: <PixTestParameters.cc/dump:L107>   ntrig: 10
[15:11:27.976]    DEBUG: <PixTestParameters.cc/dump:L107>   clocksdascan: button
[15:11:27.976]    DEBUG: <PixTestParameters.cc/dump:L107>   notokenpass: checkbox(0)
[15:11:27.976]    DEBUG: <PixTestParameters.cc/dump:L107>   phasescan: button
[15:11:27.976]    DEBUG: <PixTestParameters.cc/dump:L107>   levelscan: button
[15:11:27.976]    DEBUG: <PixTestParameters.cc/dump:L107>   tbmphasescan: button
[15:11:27.976]    DEBUG: <PixTestParameters.cc/dump:L107>   rocdelayscan: button
[15:11:27.976]    DEBUG: <PixTestParameters.cc/dump:L107>   timingtest: button
[15:11:27.976]    DEBUG: <PixTestParameters.cc/dump:L107>   saveparameters: button
[15:11:27.976]    DEBUG: <PixTestParameters.cc/dump:L104> PixTestParameters: ->Trim<-
[15:11:27.976]    DEBUG: <PixTestParameters.cc/dump:L107>   trim: button
[15:11:27.976]    DEBUG: <PixTestParameters.cc/dump:L107>   ntrig: 8
[15:11:27.976]    DEBUG: <PixTestParameters.cc/dump:L107>   vcal: 35
[15:11:27.976]    DEBUG: <PixTestParameters.cc/dump:L107>   trimbits: button
[15:11:27.976]    DEBUG: <PixTestParameters.cc/dump:L104> PixTestParameters: ->Xray<-
[15:11:27.976]    DEBUG: <PixTestParameters.cc/dump:L107>   maskhotpixels: button
[15:11:27.976]    DEBUG: <PixTestParameters.cc/dump:L107>   savemaskfile: checkbox(0)
[15:11:27.976]    DEBUG: <PixTestParameters.cc/dump:L107>   maskfilename: default
[15:11:27.976]    DEBUG: <PixTestParameters.cc/dump:L107>   source: Ag
[15:11:27.976]    DEBUG: <PixTestParameters.cc/dump:L107>   phrun: button
[15:11:27.976]    DEBUG: <PixTestParameters.cc/dump:L107>   runseconds: 100
[15:11:27.976]    DEBUG: <PixTestParameters.cc/dump:L107>   trgfrequency(khz): 100
[15:11:27.976]    DEBUG: <PixTestParameters.cc/dump:L107>   ratescan: button
[15:11:27.976]    DEBUG: <PixTestParameters.cc/dump:L107>   vthrcompmin: 10
[15:11:27.976]    DEBUG: <PixTestParameters.cc/dump:L107>   vthrcompmax: 80
[15:11:27.976]    DEBUG: <PixTestParameters.cc/dump:L107>   stepseconds: 5
[15:11:27.976]    DEBUG: <PixTestParameters.cc/dump:L107>   delaytbm: checkbox
[15:11:27.976]    DEBUG: <PixTestParameters.cc/dump:L107>   filltree: checkbox
[15:11:27.978]    DEBUG: <PixSetup.cc/init:L81> PixSetup init start; getCurrentRSS() = 34848768
[15:11:27.978]    DEBUG: <PixSetup.cc/init:L87> fPixTestParameters = 0x25cb450
[15:11:27.978]    DEBUG: <PixSetup.cc/init:L88>  fConfigParameters = 0x2540c10
[15:11:27.978]    DEBUG: <PixSetup.cc/init:L89>        fPxarMemory = 0x7f62c1393010
[15:11:27.978]    DEBUG: <PixSetup.cc/init:L90>         fPxarMemHi = 0x7f62c75fe510
[15:11:27.978]    DEBUG: <PixSetup.cc/init:L106> PixSetup init done;  getCurrentRSS() = 34856960 fPxarMemory = 0x7f62c1393010
[15:11:27.979]    DEBUG: <pXar.cc/main:L223> Initial Analog Current: 385.1mA
[15:11:27.981]    DEBUG: <pXar.cc/main:L224> Initial Digital Current: 509.7mA
[15:11:27.981]    DEBUG: <pXar.cc/main:L225> Initial Module Temperature: 20.5 C
[15:11:28.480]    DEBUG: <PixGui.cc/hvOn:L460> HV set On: 0x2b89660
[15:11:28.548]    DEBUG: <PixTestFactory.cc/PixTestFactory:L53> PixTestFactory::PixTestFactory()
[15:11:28.548]    DEBUG: <PixTestBBMap.cc/init:L79> PixTestBBMap::init()
[15:11:28.548]    DEBUG: <PixTestBBMap.cc/PixTestBBMap:L27> PixTestBBMap ctor(PixSetup &a, string, TGTab *)
[15:11:28.554]    DEBUG: <PixTestBB2Map.cc/setParameter:L58> setting fTargetIa    = 24 mA/ROC
[15:11:28.554]    DEBUG: <PixTestBB2Map.cc/init:L97> PixTestBB2Map::init()
[15:11:28.554]    DEBUG: <PixTestBB2Map.cc/PixTestBB2Map:L29> PixTestBB2Map ctor(PixSetup &a, string, TGTab *)
[15:11:28.566]    DEBUG: <PixTestBB3Map.cc/init:L81> PixTestBB3Map::init()
[15:11:28.566]    DEBUG: <PixTestBB3Map.cc/PixTestBB3Map:L29> PixTestBB3Map ctor(PixSetup &a, string, TGTab *)
[15:11:28.575]    DEBUG: <PixTestBB4Map.cc/init:L93> PixTestBB4Map::init()
[15:11:28.575]    DEBUG: <PixTestBB4Map.cc/PixTestBB4Map:L26> PixTestMapeff ctor(PixSetup &a, string, TGTab *)
[15:11:28.604]     INFO: PixTestCmd::init()
[15:11:28.618]    DEBUG: <PixTestDaq.cc/init:L44> PixTestDaq::init()
[15:11:28.618]    DEBUG: <PixTestDaq.cc/PixTestDaq:L22> PixTestDaq ctor(PixSetup &a, string, TGTab *)
[15:11:28.618]     INFO: readGainPedestalParameters data/mh238/M-H-2-38_ElComandanteTest_2016-01-08_12h56m_1452279411/000_FPIXTest_p17/phCalibrationFitErr35_C0.dat .. data/mh238/M-H-2-38_ElComandanteTest_2016-01-08_12h56m_1452279411/000_FPIXTest_p17/phCalibrationFitErr35_C15.dat
[15:11:28.864]    DEBUG: <PixTestDacDacScan.cc/init:L103> PixTestDacDacScan::init()
[15:11:28.864]    DEBUG: <PixTestDacDacScan.cc/PixTestDacDacScan:L22> PixTestDacDacScan ctor(PixSetup &a, string, TGTab *)
[15:11:28.879]    DEBUG: <PixTestGainPedestal.cc/setParameter:L83> PixTestGainPedestal::PixTest() fVcalStep = 10
[15:11:28.885]    DEBUG: <PixTestHighRate.cc/setParameter:L68>   setting fParTriggerFrequency -> 20
[15:11:28.885]    DEBUG: <PixTestHighRate.cc/init:L198> PixTestHighRate::init()
[15:11:28.885]    DEBUG: <PixTestHighRate.cc/PixTestHighRate:L31> PixTestHighRate ctor(PixSetup &a, string, TGTab *)
[15:11:28.909]    DEBUG: <PixTest.cc/setTestParameter:L637>  setting  ntrig to new value 10
[15:11:28.909]    DEBUG: <PixTestPhOptimization.cc/setParameter:L37>   setting fParNtrig  ->10<- from sval = 10
[15:11:28.909]    DEBUG: <PixTestPhOptimization.cc/setParameter:L42>   setting fSafetyMarginLow  ->20<- from sval = 20
[15:11:28.909]    DEBUG: <PixTestPhOptimization.cc/setParameter:L48>   setting fVcalMax  ->100<- from sval = 100
[15:11:28.909]    DEBUG: <PixTestPhOptimization.cc/setParameter:L53>   setting fQuantMax  ->0.98<- from sval = 0.98
[15:11:28.918]    DEBUG: <PixTestAlive.cc/init:L77> PixTestAlive::init()
[15:11:28.918]    DEBUG: <PixTestAlive.cc/PixTestAlive:L21> PixTestAlive ctor(PixSetup &a, string, TGTab *)
[15:11:28.940]    DEBUG: <PixTestReadback.cc/setParameter:L172> fCalwVd set to 1
[15:11:28.940]    DEBUG: <PixTestReadback.cc/init:L95> PixTestReadback::init()
[15:11:28.940]    DEBUG: <PixTestReadback.cc/PixTestReadback:L22> PixTestReadback ctor(PixSetup &a, string, TGTab *)
[15:11:28.940]     INFO: readReadbackCal: data/mh238/M-H-2-38_ElComandanteTest_2016-01-08_12h56m_1452279411/000_FPIXTest_p17/readbackCal_C0.dat .. data/mh238/M-H-2-38_ElComandanteTest_2016-01-08_12h56m_1452279411/000_FPIXTest_p17/readbackCal_C15.dat
[15:11:28.950]    DEBUG: <PixTestScurves.cc/setParameter:L93> set fOutputFilename = 
[15:11:28.966]    DEBUG: <PixTestTiming.cc/setParameter:L60> PixTestTiming::PixTest() targetclk = 4
[15:11:28.966]    DEBUG: <PixTestTiming.cc/setParameter:L64> PixTestTiming::PixTest() ntrig = 10
[15:11:28.966]    DEBUG: <PixTestTiming.cc/setParameter:L48> fNoTokenPass: 0
[15:11:28.966]    DEBUG: <PixTestTiming.cc/init:L74> PixTestTiming::init()
[15:11:28.981]    DEBUG: <PixTestXray.cc/init:L134> PixTestXray::init()
[15:11:28.981]    DEBUG: <PixTestXray.cc/PixTestXray:L28> PixTestXray ctor(PixSetup &a, string, TGTab *)
[15:11:31.815]    DEBUG: <PixTab.cc/buttonClicked:L308> xxxPressed():  caldelscan
[15:11:31.815]    DEBUG: <PixTestHighRate.cc/runCommand:L157> running command: caldelscan
[15:11:31.815]     INFO:    ----------------------------------------------------------------------
[15:11:31.815]     INFO:    PixTestHighRate::calDelScan() ntrig = 10, vcal = 200
[15:11:31.815]     INFO:    ----------------------------------------------------------------------
[15:11:31.957]     INFO: Expecting 768 events.
[15:11:33.094]     INFO: 768 events read in total (419ms).
[15:11:33.283]     INFO: Test took 1462ms.
[15:11:33.287]     INFO: ROC 6 masking pixel 1/50
[15:11:33.287]     INFO: ROC 6 masking pixel 1/74
[15:11:33.287]     INFO: ROC 6 masking pixel 11/60
[15:11:33.287]     INFO: ROC 6 masking pixel 15/72
[15:11:33.287]     INFO: ROC 6 masking pixel 16/24
[15:11:33.287]     INFO: ROC 6 masking pixel 24/28
[15:11:33.287]     INFO: ROC 6 masking pixel 29/24
[15:11:33.287]     INFO: ROC 6 masking pixel 30/62
[15:11:33.287]     INFO: ROC 6 masking pixel 35/51
[15:11:33.287]     INFO: ROC 6 masking pixel 40/44
[15:11:33.287]     INFO: ROC 6 masking pixel 44/37
[15:11:33.287]     INFO: ROC 6 masking pixel 44/38
[15:11:33.287]     INFO: ROC 6 masking pixel 48/73
[15:11:33.287]     INFO: ROC 6 masking pixel 49/54
[15:11:33.287]     INFO: ROC 6 masking pixel 51/12
[15:11:33.290]    DEBUG: <PixTest.cc/efficiencyMaps:L396>       attempt #0
[15:11:33.960]     INFO: Expecting 41600 events.
[15:11:38.248]     INFO: 41600 events read in total (3761ms).
[15:11:38.256]     INFO: Test took 4966ms.
[15:11:38.471]     INFO: Fetched DAQ statistics. Counters are being reset now.
[15:11:38.471]    DEBUG: <PixTest.cc/efficiencyMaps:L407>  eff result size = 1235196
[15:11:38.471]    DEBUG: <PixTest.cc/efficiencyMaps:L412> Create hists HR_xeff_CalDelScan_step0_C0 .. HR_xeff_CalDelScan_step0_C15
[15:11:38.471]    DEBUG: <PixTest.cc/efficiencyMaps:L426> booking xray maps for unmasked detector
[15:11:38.557]    DEBUG: <PixTest.cc/efficiencyMaps:L396>       attempt #0
[15:11:39.222]     INFO: Expecting 41600 events.
[15:11:43.609]     INFO: 41600 events read in total (3860ms).
[15:11:43.616]     INFO: Test took 5059ms.
[15:11:43.820]     INFO: Fetched DAQ statistics. Counters are being reset now.
[15:11:43.820]    DEBUG: <PixTest.cc/efficiencyMaps:L407>  eff result size = 1245209
[15:11:43.820]    DEBUG: <PixTest.cc/efficiencyMaps:L412> Create hists HR_xeff_CalDelScan_step1_C0 .. HR_xeff_CalDelScan_step1_C15
[15:11:43.820]    DEBUG: <PixTest.cc/efficiencyMaps:L426> booking xray maps for unmasked detector
[15:11:43.910]    DEBUG: <PixTest.cc/efficiencyMaps:L396>       attempt #0
[15:11:44.575]     INFO: Expecting 41600 events.
[15:11:49.010]     INFO: 41600 events read in total (3908ms).
[15:11:49.016]     INFO: Test took 5106ms.
[15:11:49.221]     INFO: Fetched DAQ statistics. Counters are being reset now.
[15:11:49.221]    DEBUG: <PixTest.cc/efficiencyMaps:L407>  eff result size = 1246900
[15:11:49.221]    DEBUG: <PixTest.cc/efficiencyMaps:L412> Create hists HR_xeff_CalDelScan_step2_C0 .. HR_xeff_CalDelScan_step2_C15
[15:11:49.221]    DEBUG: <PixTest.cc/efficiencyMaps:L426> booking xray maps for unmasked detector
[15:11:49.312]    DEBUG: <PixTest.cc/efficiencyMaps:L396>       attempt #0
[15:11:49.977]     INFO: Expecting 41600 events.
[15:11:54.415]     INFO: 41600 events read in total (3911ms).
[15:11:54.422]     INFO: Test took 5110ms.
[15:11:54.628]     INFO: Fetched DAQ statistics. Counters are being reset now.
[15:11:54.628]    DEBUG: <PixTest.cc/efficiencyMaps:L407>  eff result size = 1247174
[15:11:54.628]    DEBUG: <PixTest.cc/efficiencyMaps:L412> Create hists HR_xeff_CalDelScan_step3_C0 .. HR_xeff_CalDelScan_step3_C15
[15:11:54.628]    DEBUG: <PixTest.cc/efficiencyMaps:L426> booking xray maps for unmasked detector
[15:11:54.718]    DEBUG: <PixTest.cc/efficiencyMaps:L396>       attempt #0
[15:11:55.383]     INFO: Expecting 41600 events.
[15:11:59.843]     INFO: 41600 events read in total (3933ms).
[15:11:59.850]     INFO: Test took 5132ms.
[15:12:00.060]     INFO: Fetched DAQ statistics. Counters are being reset now.
[15:12:00.060]    DEBUG: <PixTest.cc/efficiencyMaps:L407>  eff result size = 1247390
[15:12:00.060]    DEBUG: <PixTest.cc/efficiencyMaps:L412> Create hists HR_xeff_CalDelScan_step4_C0 .. HR_xeff_CalDelScan_step4_C15
[15:12:00.060]    DEBUG: <PixTest.cc/efficiencyMaps:L426> booking xray maps for unmasked detector
[15:12:00.152]    DEBUG: <PixTest.cc/efficiencyMaps:L396>       attempt #0
[15:12:00.819]     INFO: Expecting 41600 events.
[15:12:05.276]     INFO: 41600 events read in total (3930ms).
[15:12:05.283]     INFO: Test took 5131ms.
[15:12:05.487]     INFO: Fetched DAQ statistics. Counters are being reset now.
[15:12:05.487]    DEBUG: <PixTest.cc/efficiencyMaps:L407>  eff result size = 1248696
[15:12:05.487]    DEBUG: <PixTest.cc/efficiencyMaps:L412> Create hists HR_xeff_CalDelScan_step5_C0 .. HR_xeff_CalDelScan_step5_C15
[15:12:05.488]    DEBUG: <PixTest.cc/efficiencyMaps:L426> booking xray maps for unmasked detector
[15:12:05.584]    DEBUG: <PixTest.cc/efficiencyMaps:L396>       attempt #0
[15:12:06.250]     INFO: Expecting 41600 events.
[15:12:10.728]     INFO: 41600 events read in total (3951ms).
[15:12:10.735]     INFO: Test took 5151ms.
[15:12:10.941]     INFO: Fetched DAQ statistics. Counters are being reset now.
[15:12:10.941]    DEBUG: <PixTest.cc/efficiencyMaps:L407>  eff result size = 1247008
[15:12:10.941]    DEBUG: <PixTest.cc/efficiencyMaps:L412> Create hists HR_xeff_CalDelScan_step6_C0 .. HR_xeff_CalDelScan_step6_C15
[15:12:10.941]    DEBUG: <PixTest.cc/efficiencyMaps:L426> booking xray maps for unmasked detector
[15:12:11.033]    DEBUG: <PixTest.cc/efficiencyMaps:L396>       attempt #0
[15:12:11.700]     INFO: Expecting 41600 events.
[15:12:16.169]     INFO: 41600 events read in total (3942ms).
[15:12:16.176]     INFO: Test took 5143ms.
[15:12:16.379]     INFO: Fetched DAQ statistics. Counters are being reset now.
[15:12:16.379]    DEBUG: <PixTest.cc/efficiencyMaps:L407>  eff result size = 1246905
[15:12:16.379]    DEBUG: <PixTest.cc/efficiencyMaps:L412> Create hists HR_xeff_CalDelScan_step7_C0 .. HR_xeff_CalDelScan_step7_C15
[15:12:16.380]    DEBUG: <PixTest.cc/efficiencyMaps:L426> booking xray maps for unmasked detector
[15:12:16.473]    DEBUG: <PixTest.cc/efficiencyMaps:L396>       attempt #0
[15:12:17.138]     INFO: Expecting 41600 events.
[15:12:21.606]     INFO: 41600 events read in total (3942ms).
[15:12:21.612]     INFO: Test took 5140ms.
[15:12:21.816]     INFO: Fetched DAQ statistics. Counters are being reset now.
[15:12:21.816]    DEBUG: <PixTest.cc/efficiencyMaps:L407>  eff result size = 1245624
[15:12:21.816]    DEBUG: <PixTest.cc/efficiencyMaps:L412> Create hists HR_xeff_CalDelScan_step8_C0 .. HR_xeff_CalDelScan_step8_C15
[15:12:21.816]    DEBUG: <PixTest.cc/efficiencyMaps:L426> booking xray maps for unmasked detector
[15:12:21.906]    DEBUG: <PixTest.cc/efficiencyMaps:L396>       attempt #0
[15:12:22.572]     INFO: Expecting 41600 events.
[15:12:27.048]     INFO: 41600 events read in total (3949ms).
[15:12:27.055]     INFO: Test took 5149ms.
[15:12:27.260]     INFO: Fetched DAQ statistics. Counters are being reset now.
[15:12:27.260]    DEBUG: <PixTest.cc/efficiencyMaps:L407>  eff result size = 1248004
[15:12:27.260]    DEBUG: <PixTest.cc/efficiencyMaps:L412> Create hists HR_xeff_CalDelScan_step9_C0 .. HR_xeff_CalDelScan_step9_C15
[15:12:27.260]    DEBUG: <PixTest.cc/efficiencyMaps:L426> booking xray maps for unmasked detector
[15:12:27.351]    DEBUG: <PixTest.cc/efficiencyMaps:L396>       attempt #0
[15:12:28.017]     INFO: Expecting 41600 events.
[15:12:32.499]     INFO: 41600 events read in total (3956ms).
[15:12:32.505]     INFO: Test took 5154ms.
[15:12:32.714]     INFO: Fetched DAQ statistics. Counters are being reset now.
[15:12:32.714]    DEBUG: <PixTest.cc/efficiencyMaps:L407>  eff result size = 1249725
[15:12:32.714]    DEBUG: <PixTest.cc/efficiencyMaps:L412> Create hists HR_xeff_CalDelScan_step10_C0 .. HR_xeff_CalDelScan_step10_C15
[15:12:32.714]    DEBUG: <PixTest.cc/efficiencyMaps:L426> booking xray maps for unmasked detector
[15:12:32.805]    DEBUG: <PixTest.cc/efficiencyMaps:L396>       attempt #0
[15:12:33.470]     INFO: Expecting 41600 events.
[15:12:37.941]     INFO: 41600 events read in total (3944ms).
[15:12:37.948]     INFO: Test took 5143ms.
[15:12:38.155]     INFO: Fetched DAQ statistics. Counters are being reset now.
[15:12:38.155]    DEBUG: <PixTest.cc/efficiencyMaps:L407>  eff result size = 1247520
[15:12:38.155]    DEBUG: <PixTest.cc/efficiencyMaps:L412> Create hists HR_xeff_CalDelScan_step11_C0 .. HR_xeff_CalDelScan_step11_C15
[15:12:38.155]    DEBUG: <PixTest.cc/efficiencyMaps:L426> booking xray maps for unmasked detector
[15:12:38.248]    DEBUG: <PixTest.cc/efficiencyMaps:L396>       attempt #0
[15:12:38.913]     INFO: Expecting 41600 events.
[15:12:43.381]     INFO: 41600 events read in total (3941ms).
[15:12:43.388]     INFO: Test took 5140ms.
[15:12:43.592]     INFO: Fetched DAQ statistics. Counters are being reset now.
[15:12:43.592]    DEBUG: <PixTest.cc/efficiencyMaps:L407>  eff result size = 1247801
[15:12:43.592]    DEBUG: <PixTest.cc/efficiencyMaps:L412> Create hists HR_xeff_CalDelScan_step12_C0 .. HR_xeff_CalDelScan_step12_C15
[15:12:43.593]    DEBUG: <PixTest.cc/efficiencyMaps:L426> booking xray maps for unmasked detector
[15:12:43.684]    DEBUG: <PixTest.cc/efficiencyMaps:L396>       attempt #0
[15:12:44.351]     INFO: Expecting 41600 events.
[15:12:48.827]     INFO: 41600 events read in total (3949ms).
[15:12:48.833]     INFO: Test took 5149ms.
[15:12:49.039]     INFO: Fetched DAQ statistics. Counters are being reset now.
[15:12:49.039]    DEBUG: <PixTest.cc/efficiencyMaps:L407>  eff result size = 1246956
[15:12:49.039]    DEBUG: <PixTest.cc/efficiencyMaps:L412> Create hists HR_xeff_CalDelScan_step13_C0 .. HR_xeff_CalDelScan_step13_C15
[15:12:49.040]    DEBUG: <PixTest.cc/efficiencyMaps:L426> booking xray maps for unmasked detector
[15:12:49.131]    DEBUG: <PixTest.cc/efficiencyMaps:L396>       attempt #0
[15:12:49.797]     INFO: Expecting 41600 events.
[15:12:54.265]     INFO: 41600 events read in total (3941ms).
[15:12:54.272]     INFO: Test took 5141ms.
[15:12:54.476]     INFO: Fetched DAQ statistics. Counters are being reset now.
[15:12:54.476]    DEBUG: <PixTest.cc/efficiencyMaps:L407>  eff result size = 1249168
[15:12:54.476]    DEBUG: <PixTest.cc/efficiencyMaps:L412> Create hists HR_xeff_CalDelScan_step14_C0 .. HR_xeff_CalDelScan_step14_C15
[15:12:54.476]    DEBUG: <PixTest.cc/efficiencyMaps:L426> booking xray maps for unmasked detector
[15:12:54.568]    DEBUG: <PixTest.cc/efficiencyMaps:L396>       attempt #0
[15:12:55.233]     INFO: Expecting 41600 events.
[15:12:59.714]     INFO: 41600 events read in total (3954ms).
[15:12:59.721]     INFO: Test took 5153ms.
[15:12:59.927]     INFO: Fetched DAQ statistics. Counters are being reset now.
[15:12:59.927]    DEBUG: <PixTest.cc/efficiencyMaps:L407>  eff result size = 1247874
[15:12:59.928]    DEBUG: <PixTest.cc/efficiencyMaps:L412> Create hists HR_xeff_CalDelScan_step15_C0 .. HR_xeff_CalDelScan_step15_C15
[15:12:59.928]    DEBUG: <PixTest.cc/efficiencyMaps:L426> booking xray maps for unmasked detector
[15:13:00.021]    DEBUG: <PixTest.cc/efficiencyMaps:L396>       attempt #0
[15:13:00.687]     INFO: Expecting 41600 events.
[15:13:05.172]     INFO: 41600 events read in total (3958ms).
[15:13:05.179]     INFO: Test took 5158ms.
[15:13:05.385]     INFO: Fetched DAQ statistics. Counters are being reset now.
[15:13:05.385]    DEBUG: <PixTest.cc/efficiencyMaps:L407>  eff result size = 1250101
[15:13:05.385]    DEBUG: <PixTest.cc/efficiencyMaps:L412> Create hists HR_xeff_CalDelScan_step16_C0 .. HR_xeff_CalDelScan_step16_C15
[15:13:05.386]    DEBUG: <PixTest.cc/efficiencyMaps:L426> booking xray maps for unmasked detector
[15:13:05.477]    DEBUG: <PixTest.cc/efficiencyMaps:L396>       attempt #0
[15:13:06.143]     INFO: Expecting 41600 events.
[15:13:10.620]     INFO: 41600 events read in total (3950ms).
[15:13:10.627]     INFO: Test took 5150ms.
[15:13:10.833]     INFO: Fetched DAQ statistics. Counters are being reset now.
[15:13:10.833]    DEBUG: <PixTest.cc/efficiencyMaps:L407>  eff result size = 1246306
[15:13:10.833]    DEBUG: <PixTest.cc/efficiencyMaps:L412> Create hists HR_xeff_CalDelScan_step17_C0 .. HR_xeff_CalDelScan_step17_C15
[15:13:10.834]    DEBUG: <PixTest.cc/efficiencyMaps:L426> booking xray maps for unmasked detector
[15:13:10.926]    DEBUG: <PixTest.cc/efficiencyMaps:L396>       attempt #0
[15:13:11.592]     INFO: Expecting 41600 events.
[15:13:16.020]     INFO: 41600 events read in total (3901ms).
[15:13:16.027]     INFO: Test took 5101ms.
[15:13:16.251]     INFO: Fetched DAQ statistics. Counters are being reset now.
[15:13:16.251]    DEBUG: <PixTest.cc/efficiencyMaps:L407>  eff result size = 1247302
[15:13:16.251]    DEBUG: <PixTest.cc/efficiencyMaps:L412> Create hists HR_xeff_CalDelScan_step18_C0 .. HR_xeff_CalDelScan_step18_C15
[15:13:16.252]    DEBUG: <PixTest.cc/efficiencyMaps:L426> booking xray maps for unmasked detector
[15:13:16.345]    DEBUG: <PixTest.cc/efficiencyMaps:L396>       attempt #0
[15:13:17.012]     INFO: Expecting 41600 events.
[15:13:21.257]     INFO: 41600 events read in total (3718ms).
[15:13:21.264]     INFO: Test took 4919ms.
[15:13:21.469]     INFO: Fetched DAQ statistics. Counters are being reset now.
[15:13:21.469]    DEBUG: <PixTest.cc/efficiencyMaps:L407>  eff result size = 1242507
[15:13:21.469]    DEBUG: <PixTest.cc/efficiencyMaps:L412> Create hists HR_xeff_CalDelScan_step19_C0 .. HR_xeff_CalDelScan_step19_C15
[15:13:21.469]    DEBUG: <PixTest.cc/efficiencyMaps:L426> booking xray maps for unmasked detector
[15:13:21.784]    DEBUG: <PixTestHighRate.cc/doCalDelScan:L422> roc  0: caldel = 181 eff = 0.993606
[15:13:21.784]    DEBUG: <PixTestHighRate.cc/doCalDelScan:L422> roc  1: caldel = 152 eff = 0.994231
[15:13:21.784]    DEBUG: <PixTestHighRate.cc/doCalDelScan:L422> roc  2: caldel = 154 eff = 0.990505
[15:13:21.785]    DEBUG: <PixTestHighRate.cc/doCalDelScan:L422> roc  3: caldel = 154 eff = 0.986514
[15:13:21.785]    DEBUG: <PixTestHighRate.cc/doCalDelScan:L422> roc  4: caldel = 183 eff = 0.984159
[15:13:21.785]    DEBUG: <PixTestHighRate.cc/doCalDelScan:L422> roc  5: caldel = 150 eff = 0.984615
[15:13:21.785]    DEBUG: <PixTestHighRate.cc/doCalDelScan:L422> roc  6: caldel = 172 eff = 0.959712
[15:13:21.786]    DEBUG: <PixTestHighRate.cc/doCalDelScan:L422> roc  7: caldel = 168 eff = 0.987212
[15:13:21.786]    DEBUG: <PixTestHighRate.cc/doCalDelScan:L422> roc  8: caldel = 179 eff = 0.979784
[15:13:21.786]    DEBUG: <PixTestHighRate.cc/doCalDelScan:L422> roc  9: caldel = 159 eff = 0.980096
[15:13:21.786]    DEBUG: <PixTestHighRate.cc/doCalDelScan:L422> roc 10: caldel = 170 eff = 0.981442
[15:13:21.787]    DEBUG: <PixTestHighRate.cc/doCalDelScan:L422> roc 11: caldel = 156 eff = 0.982764
[15:13:21.787]    DEBUG: <PixTestHighRate.cc/doCalDelScan:L422> roc 12: caldel = 173 eff = 0.982212
[15:13:21.787]    DEBUG: <PixTestHighRate.cc/doCalDelScan:L422> roc 13: caldel = 152 eff = 0.986827
[15:13:21.787]    DEBUG: <PixTestHighRate.cc/doCalDelScan:L422> roc 14: caldel = 175 eff = 0.992188
[15:13:21.787]    DEBUG: <PixTestHighRate.cc/doCalDelScan:L422> roc 15: caldel = 161 eff = 0.990096
[15:13:49.879]    DEBUG: <PixTab.cc/buttonClicked:L308> xxxPressed():  xpixelalive
[15:13:49.879]    DEBUG: <PixTestHighRate.cc/runCommand:L157> running command: xpixelalive
[15:13:49.879]     INFO:    ----------------------------------------------------------------------
[15:13:49.879]     INFO:    PixTestHighRate::xPixelAlive() ntrig = 50, vcal = 200
[15:13:49.879]     INFO:    ----------------------------------------------------------------------
[15:13:49.880]    DEBUG: <PixTestHighRate.cc/doXPixelAlive:L451>  old set: clk: 4
[15:13:49.880]    DEBUG: <PixTestHighRate.cc/doXPixelAlive:L451>  old set: ctr: 4
[15:13:49.880]    DEBUG: <PixTestHighRate.cc/doXPixelAlive:L451>  old set: sda: 19
[15:13:49.880]    DEBUG: <PixTestHighRate.cc/doXPixelAlive:L451>  old set: tin: 9
[15:13:49.880]    DEBUG: <PixTestHighRate.cc/doXPixelAlive:L451>  old set: level: 15
[15:13:49.880]    DEBUG: <PixTestHighRate.cc/doXPixelAlive:L451>  old set: triggerdelay: 0
[15:13:49.880]    DEBUG: <PixTestHighRate.cc/doXPixelAlive:L467>  setting: clk: 4
[15:13:49.880]    DEBUG: <PixTestHighRate.cc/doXPixelAlive:L467>  setting: ctr: 4
[15:13:49.880]    DEBUG: <PixTestHighRate.cc/doXPixelAlive:L467>  setting: sda: 19
[15:13:49.880]    DEBUG: <PixTestHighRate.cc/doXPixelAlive:L467>  setting: tin: 9
[15:13:49.880]    DEBUG: <PixTestHighRate.cc/doXPixelAlive:L467>  setting: level: 15
[15:13:49.880]    DEBUG: <PixTestHighRate.cc/doXPixelAlive:L467>  setting: triggerdelay: 20
[15:13:49.924]     INFO: ROC 6 masking pixel 1/50
[15:13:49.924]     INFO: ROC 6 masking pixel 1/74
[15:13:49.924]     INFO: ROC 6 masking pixel 11/60
[15:13:49.924]     INFO: ROC 6 masking pixel 15/72
[15:13:49.924]     INFO: ROC 6 masking pixel 16/24
[15:13:49.924]     INFO: ROC 6 masking pixel 24/28
[15:13:49.924]     INFO: ROC 6 masking pixel 29/24
[15:13:49.924]     INFO: ROC 6 masking pixel 30/62
[15:13:49.924]     INFO: ROC 6 masking pixel 35/51
[15:13:49.924]     INFO: ROC 6 masking pixel 40/44
[15:13:49.924]     INFO: ROC 6 masking pixel 44/37
[15:13:49.924]     INFO: ROC 6 masking pixel 44/38
[15:13:49.924]     INFO: ROC 6 masking pixel 48/73
[15:13:49.924]     INFO: ROC 6 masking pixel 49/54
[15:13:49.924]     INFO: ROC 6 masking pixel 51/12
[15:13:49.925]    DEBUG: <PixTest.cc/efficiencyMaps:L396>       attempt #0
[15:13:50.593]     INFO: Expecting 208000 events.
[15:14:11.298]     INFO: 208000 events read in total (20178ms).
[15:14:11.329]     INFO: Test took 21404ms.
[15:14:12.600]     INFO: Fetched DAQ statistics. Counters are being reset now.
[15:14:12.600]    DEBUG: <PixTest.cc/efficiencyMaps:L407>  eff result size = 5918124
[15:14:12.600]    DEBUG: <PixTest.cc/efficiencyMaps:L412> Create hists highRate_C0 .. highRate_C15
[15:14:12.600]    DEBUG: <PixTest.cc/efficiencyMaps:L426> booking xray maps for unmasked detector
[15:14:13.225]     INFO: number of dead pixels (per ROC):     0    0    0    0    0    0   94    0    0    0    0    0    0    1    1    3
[15:14:13.225]     INFO: number of red-efficiency pixels:   457  395  841 1513 1641 1618 1695 1348 1765 1705 1762 1542 1537  845  316  505
[15:14:13.225]     INFO: number of X-ray hits detected:    218070 171870 280941 426450 459738 454310 438995 409024 480896 474176 465600 434617 448139 291153 178567 219117
[15:14:13.225]     INFO: number of triggers sent (total per ROC):  208000 208000 208000 208000 208000 208000 208000 208000 208000 208000 208000 208000 208000 208000 208000 208000
[15:14:13.225]     INFO: number of Vcal hits detected:  207506 207541 206855 205972 205620 205700 200673 206135 205526 205530 205333 205735 205820 206791 207612 207285
[15:14:13.226]     INFO: Vcal hit fiducial efficiency (%):  99.8 99.8 99.5 99.1 99.0 99.0 98.8 99.2 98.9 98.9 98.8 99.0 99.1 99.5 99.9 99.7
[15:14:13.226]     INFO: Vcal hit overall efficiency (%):  99.8 99.8 99.4 99.0 98.9 98.9 96.5 99.1 98.8 98.8 98.7 98.9 99.0 99.4 99.8 99.7
[15:14:13.226]     INFO: X-ray hit rate [MHz/cm2]:  63.9 50.4 82.3 125.0 134.8 133.2 128.7 119.9 141.0 139.0 136.5 127.4 131.4 85.3 52.3 64.2
[15:14:13.226]     INFO: PixTestHighRate::doXPixelAlive() done
[15:14:13.271]    DEBUG: <PixTestHighRate.cc/doXPixelAlive:L586>  resetting: clk: 4
[15:14:13.271]    DEBUG: <PixTestHighRate.cc/doXPixelAlive:L586>  resetting: ctr: 4
[15:14:13.271]    DEBUG: <PixTestHighRate.cc/doXPixelAlive:L586>  resetting: sda: 19
[15:14:13.271]    DEBUG: <PixTestHighRate.cc/doXPixelAlive:L586>  resetting: tin: 9
[15:14:13.271]    DEBUG: <PixTestHighRate.cc/doXPixelAlive:L586>  resetting: level: 15
[15:14:13.271]    DEBUG: <PixTestHighRate.cc/doXPixelAlive:L586>  resetting: triggerdelay: 0
[15:14:13.272]     INFO: PixTest::       pg_setup set to default.
[15:17:31.607]    DEBUG: <PixTest.cc/moduleMap:L1029> moduleMap histname: what
[15:17:31.607]    DEBUG: <PixTest.cc/moduleMap:L1039> h1->GetName() = highRate_xraymap_C13_V0 -> highRate_xraymap_mod
[15:17:34.527]    DEBUG: <PixGui.cc/handleButtons:L396> PixGui::exit called
[15:17:34.528]    DEBUG: <PixGui.cc/CloseWindow:L335> Final Analog Current: 388.3mA
[15:17:34.529]    DEBUG: <PixGui.cc/CloseWindow:L336> Final Digital Current: 509.7mA
[15:17:34.529]    DEBUG: <PixGui.cc/CloseWindow:L337> Final Module Temperature: 22.2 C
[15:17:34.529]    DEBUG: <PixTestBBMap.cc/~PixTestBBMap:L97> PixTestBBMap dtor
[15:17:34.529]    DEBUG: <PixTestBB2Map.cc/~PixTestBB2Map:L115> PixTestBB2Map dtor
[15:17:34.529]    DEBUG: <PixTestBB3Map.cc/~PixTestBB3Map:L99> PixTestBB3Map dtor
[15:17:34.529]    DEBUG: <PixTestBB4Map.cc/~PixTestBB4Map:L118> PixTestBB4Map dtor
[15:17:34.529]    DEBUG: <PixTestCmd.cc/~PixTestCmd:L78> PixTestCmd dtor
[15:17:34.529]    DEBUG: <PixTestDaq.cc/~PixTestDaq:L37> PixTestDaq dtor
[15:17:34.529]    DEBUG: <PixTestDacDacScan.cc/~PixTestDacDacScan:L136> PixTestDacDacScan dtor
[15:17:34.529]    DEBUG: <PixTestDacScan.cc/~PixTestDacScan:L129> PixTestDacScan dtor
[15:17:34.529]    DEBUG: <PixTestGainPedestal.cc/~PixTestGainPedestal:L125> PixTestGainPedestal dtor
[15:17:34.529]    DEBUG: <PixTestHighRate.cc/~PixTestHighRate:L245> PixTestHighRate dtor
[15:17:34.628]    DEBUG: <PixTestIV.cc/~PixTestIV:L96> PixTestIV dtor
[15:17:34.628]    DEBUG: <PixTestAlive.cc/~PixTestAlive:L109> PixTestAlive dtor
[15:17:34.628]    DEBUG: <PixTestPretest.cc/~PixTestPretest:L136> PixTestPretest dtor
[15:17:34.628]    DEBUG: <PixTestReadback.cc/~PixTestReadback:L89> PixTestReadback dtor, saving tree ... 
[15:17:34.628]    DEBUG: <PixTestScurves.cc/~PixTestScurves:L142> PixTestScurves dtor
[15:17:34.628]    DEBUG: <PixTestTiming.cc/~PixTestTiming:L97> PixTestTiming dtor
[15:17:34.628]    DEBUG: <PixTestTrim.cc/~PixTestTrim:L103> PixTestTrim dtor
[15:17:34.628]    DEBUG: <PixTestXray.cc/~PixTestXray:L217> PixTestXray dtor
[15:17:34.631]    QUIET: Connection to board 58 closed.
[15:17:34.710]    DEBUG: <PixMonitor.cc/dumpSummaries:L39> PixMonitor::dumpSummaries
