High Rate Efficency Log File Module: mh238

Double Column's with Efficency < 90 % 
Roc: 6 dc: 16 nPixelsDC: 156 rate: 48.2331 eff: 0.495641
Roc: 6 dc: 16 nPixelsDC: 156 rate: 39.2012 eff: 0.495897
Roc: 6 dc: 16 nPixelsDC: 156 rate: 28.3941 eff: 0.518718
Roc: 6 dc: 16 nPixelsDC: 156 rate: 19.9211 eff: 0.511923
Roc: 6 dc: 16 nPixelsDC: 156 rate: 10.6016 eff: 0.520128
Eff at 120MHz/cm^2 : ROC : 0 Eff: 0.934629 +/- 0.0889727
Eff at 120MHz/cm^2 : ROC : 1 Eff: 0.987938 +/- 0.00310285
Eff at 120MHz/cm^2 : ROC : 2 Eff: 0.993709 +/- 0.00050479
Eff at 120MHz/cm^2 : ROC : 3 Eff: 0.993284 +/- 0.000365252
Eff at 120MHz/cm^2 : ROC : 4 Eff: 0.993424 +/- 0.000317801
Eff at 120MHz/cm^2 : ROC : 5 Eff: 0.993499 +/- 0.00032652
Eff at 120MHz/cm^2 : ROC : 6 Eff: 0.992866 +/- 0.000362255
Eff at 120MHz/cm^2 : ROC : 7 Eff: 0.993868 +/- 0.000296531
Eff at 120MHz/cm^2 : ROC : 8 Eff: 0.993746 +/- 0.000288484
Eff at 120MHz/cm^2 : ROC : 9 Eff: 0.993594 +/- 0.000291423
Eff at 120MHz/cm^2 : ROC : 10 Eff: 0.993439 +/- 0.000313825
Eff at 120MHz/cm^2 : ROC : 11 Eff: 0.9935 +/- 0.000341592
Eff at 120MHz/cm^2 : ROC : 12 Eff: 0.99378 +/- 0.00034015
Eff at 120MHz/cm^2 : ROC : 13 Eff: 0.993536 +/- 0.000461172
Eff at 120MHz/cm^2 : ROC : 14 Eff: 0.994915 +/- 0.00360022
Eff at 120MHz/cm^2 : ROC : 15 Eff: 0.988347 +/- 0.00389737
High Rate Run: hr
Efficency at 120MHz/cm^2 : mh238 Eff: 0.993514 +/- 9.39458e-05
