[12:55:40.043]     INFO: *** Welcome to pxar ***
[12:55:40.043]     INFO: *** Today: 2016/01/06
[12:55:40.053]     INFO: *** Version: prod-12
[12:55:40.053]     INFO: readRocDacs: data/mh228/M-H-2-28_ElComandanteTest_2015-12-23_15h48m_1450907287/000_FPIXTest_p17/dacParameters35_C0.dat .. data/mh228/M-H-2-28_ElComandanteTest_2015-12-23_15h48m_1450907287/000_FPIXTest_p17/dacParameters35_C15.dat
[12:55:40.054]     INFO: readTbmDacs: data/mh228/M-H-2-28_ElComandanteTest_2015-12-23_15h48m_1450907287/000_FPIXTest_p17/tbmParameters_C0a.dat .. data/mh228/M-H-2-28_ElComandanteTest_2015-12-23_15h48m_1450907287/000_FPIXTest_p17/tbmParameters_C0b.dat
[12:55:40.054]     INFO: readMaskFile: data/mh228/M-H-2-28_ElComandanteTest_2015-12-23_15h48m_1450907287/000_FPIXTest_p17/defaultMaskFile.dat
[12:55:40.054]     INFO: readTrimFile: data/mh228/M-H-2-28_ElComandanteTest_2015-12-23_15h48m_1450907287/000_FPIXTest_p17/trimParameters35_C0.dat .. data/mh228/M-H-2-28_ElComandanteTest_2015-12-23_15h48m_1450907287/000_FPIXTest_p17/trimParameters35_C15.dat
[12:55:40.211]     INFO:         clk: 4
[12:55:40.211]     INFO:         ctr: 4
[12:55:40.211]     INFO:         sda: 19
[12:55:40.211]     INFO:         tin: 9
[12:55:40.211]     INFO:         level: 15
[12:55:40.211]     INFO:         triggerdelay: 0
[12:55:40.211]    QUIET: Instanciating API for pxar prod-12
[12:55:40.211]     INFO: Log level: DEBUG
[12:55:40.222]    QUIET: Connection to board DTB_WRPRHI opened.
[12:55:40.226]     INFO: DTB startup information
--- DTB info------------------------------------------
Board id:    58
HW version:  DTB1.2
FW version:  4.2
SW version:  4.5
USB id:      DTB_WRPRHI
MAC address: 40D85511803A
Hostname:    pixelDTB058
Comment:     
------------------------------------------------------
[12:55:40.228]     INFO: RPC call hashes of host and DTB match: 398089610
[12:55:41.832]     INFO: DUT info: 
[12:55:41.832]     INFO: The DUT currently contains the following objects:
[12:55:41.832]     INFO:  2 TBM Cores tbm08c (2 ON)
[12:55:41.832]     INFO: 	TBM Core alpha (0): 7 registers set
[12:55:41.832]     INFO: 	TBM Core beta  (1): 7 registers set
[12:55:41.832]     INFO: 16 ROCs psi46digv21respin (16 ON) with 4160 pixelConfigs
[12:55:41.832]     INFO: 	ROC 0: 19 DACs set, Pixels: 0 masked, 0 active.
[12:55:41.832]     INFO: 	ROC 1: 19 DACs set, Pixels: 0 masked, 0 active.
[12:55:41.832]     INFO: 	ROC 2: 19 DACs set, Pixels: 0 masked, 0 active.
[12:55:41.832]     INFO: 	ROC 3: 19 DACs set, Pixels: 0 masked, 0 active.
[12:55:41.832]     INFO: 	ROC 4: 19 DACs set, Pixels: 0 masked, 0 active.
[12:55:41.832]     INFO: 	ROC 5: 19 DACs set, Pixels: 0 masked, 0 active.
[12:55:41.832]     INFO: 	ROC 6: 19 DACs set, Pixels: 0 masked, 0 active.
[12:55:41.832]     INFO: 	ROC 7: 19 DACs set, Pixels: 0 masked, 0 active.
[12:55:41.832]     INFO: 	ROC 8: 19 DACs set, Pixels: 0 masked, 0 active.
[12:55:41.832]     INFO: 	ROC 9: 19 DACs set, Pixels: 0 masked, 0 active.
[12:55:41.832]     INFO: 	ROC 10: 19 DACs set, Pixels: 0 masked, 0 active.
[12:55:41.832]     INFO: 	ROC 11: 19 DACs set, Pixels: 0 masked, 0 active.
[12:55:41.832]     INFO: 	ROC 12: 19 DACs set, Pixels: 0 masked, 0 active.
[12:55:41.832]     INFO: 	ROC 13: 19 DACs set, Pixels: 0 masked, 0 active.
[12:55:41.832]     INFO: 	ROC 14: 19 DACs set, Pixels: 0 masked, 0 active.
[12:55:41.832]     INFO: 	ROC 15: 19 DACs set, Pixels: 0 masked, 0 active.
[12:55:41.833]    DEBUG: <PixTestParameters.cc/dump:L104> PixTestParameters: ->BB<-
[12:55:41.833]    DEBUG: <PixTestParameters.cc/dump:L107>   dumpall: checkbox(0)
[12:55:41.833]    DEBUG: <PixTestParameters.cc/dump:L107>   dumpproblematic: checkbox(0)
[12:55:41.833]    DEBUG: <PixTestParameters.cc/dump:L107>   ntrig: 5
[12:55:41.833]    DEBUG: <PixTestParameters.cc/dump:L107>   vcals: 250
[12:55:41.833]    DEBUG: <PixTestParameters.cc/dump:L104> PixTestParameters: ->BB2<-
[12:55:41.833]    DEBUG: <PixTestParameters.cc/dump:L107>   ntrig: 10
[12:55:41.833]    DEBUG: <PixTestParameters.cc/dump:L107>   vcals: 222
[12:55:41.833]    DEBUG: <PixTestParameters.cc/dump:L107>   plwidth: 35
[12:55:41.833]    DEBUG: <PixTestParameters.cc/dump:L107>   pix: 11,20
[12:55:41.833]    DEBUG: <PixTestParameters.cc/dump:L107>   targetia: 24
[12:55:41.833]    DEBUG: <PixTestParameters.cc/dump:L104> PixTestParameters: ->BB3<-
[12:55:41.833]    DEBUG: <PixTestParameters.cc/dump:L107>   dumpall: checkbox(0)
[12:55:41.833]    DEBUG: <PixTestParameters.cc/dump:L107>   dumpproblematic: checkbox(0)
[12:55:41.833]    DEBUG: <PixTestParameters.cc/dump:L107>   ntrig: 5
[12:55:41.833]    DEBUG: <PixTestParameters.cc/dump:L107>   vcals: 250
[12:55:41.833]    DEBUG: <PixTestParameters.cc/dump:L104> PixTestParameters: ->BB4<-
[12:55:41.833]    DEBUG: <PixTestParameters.cc/dump:L107>   savecaldelscan: checkbox(0)
[12:55:41.833]    DEBUG: <PixTestParameters.cc/dump:L107>   ntrig: 100
[12:55:41.833]    DEBUG: <PixTestParameters.cc/dump:L107>   cals: 1
[12:55:41.833]    DEBUG: <PixTestParameters.cc/dump:L107>   caldello: 80
[12:55:41.833]    DEBUG: <PixTestParameters.cc/dump:L107>   caldelhi: 200
[12:55:41.833]    DEBUG: <PixTestParameters.cc/dump:L107>   caldelstep: 10
[12:55:41.833]    DEBUG: <PixTestParameters.cc/dump:L107>   vthrcomplo: 70
[12:55:41.833]    DEBUG: <PixTestParameters.cc/dump:L107>   vthrcomphi: 130
[12:55:41.833]    DEBUG: <PixTestParameters.cc/dump:L107>   vthrcompstep: 5
[12:55:41.833]    DEBUG: <PixTestParameters.cc/dump:L107>   noisypixels: 10
[12:55:41.833]    DEBUG: <PixTestParameters.cc/dump:L107>   vcal: 255
[12:55:41.833]    DEBUG: <PixTestParameters.cc/dump:L107>   cut: 0.5
[12:55:41.833]    DEBUG: <PixTestParameters.cc/dump:L104> PixTestParameters: ->Cmd<-
[12:55:41.833]    DEBUG: <PixTestParameters.cc/dump:L104> PixTestParameters: ->DAQ<-
[12:55:41.833]    DEBUG: <PixTestParameters.cc/dump:L107>   delaytbm: checkbox
[12:55:41.833]    DEBUG: <PixTestParameters.cc/dump:L107>   filltree: checkbox
[12:55:41.833]    DEBUG: <PixTestParameters.cc/dump:L107>   trgfrequency(khz): 100
[12:55:41.833]    DEBUG: <PixTestParameters.cc/dump:L107>   maskhotpixels: button
[12:55:41.833]    DEBUG: <PixTestParameters.cc/dump:L107>   trgnumber: 5
[12:55:41.833]    DEBUG: <PixTestParameters.cc/dump:L107>   iterations: 10
[12:55:41.833]    DEBUG: <PixTestParameters.cc/dump:L107>   rundaqtrg: button
[12:55:41.833]    DEBUG: <PixTestParameters.cc/dump:L107>   daqseconds: 5
[12:55:41.833]    DEBUG: <PixTestParameters.cc/dump:L107>   rundaqseconds: button
[12:55:41.833]    DEBUG: <PixTestParameters.cc/dump:L104> PixTestParameters: ->DacDacScan<-
[12:55:41.833]    DEBUG: <PixTestParameters.cc/dump:L107>   phmap: checkbox
[12:55:41.833]    DEBUG: <PixTestParameters.cc/dump:L107>   ntrig: 10
[12:55:41.833]    DEBUG: <PixTestParameters.cc/dump:L107>   dac1: caldel
[12:55:41.833]    DEBUG: <PixTestParameters.cc/dump:L107>   dac1lo: 0
[12:55:41.833]    DEBUG: <PixTestParameters.cc/dump:L107>   dac1hi: 255
[12:55:41.833]    DEBUG: <PixTestParameters.cc/dump:L107>   dac2: vthrcomp
[12:55:41.833]    DEBUG: <PixTestParameters.cc/dump:L107>   dac2lo: 0
[12:55:41.834]    DEBUG: <PixTestParameters.cc/dump:L107>   dac2hi: 255
[12:55:41.834]    DEBUG: <PixTestParameters.cc/dump:L107>   pix: 11,20
[12:55:41.834]    DEBUG: <PixTestParameters.cc/dump:L104> PixTestParameters: ->DacScan<-
[12:55:41.834]    DEBUG: <PixTestParameters.cc/dump:L107>   phmap: checkbox(1)
[12:55:41.834]    DEBUG: <PixTestParameters.cc/dump:L107>   allpixels: checkbox(0)
[12:55:41.834]    DEBUG: <PixTestParameters.cc/dump:L107>   unmasked: checkbox(0)
[12:55:41.834]    DEBUG: <PixTestParameters.cc/dump:L107>   ntrig: 10
[12:55:41.834]    DEBUG: <PixTestParameters.cc/dump:L107>   dac: vcal
[12:55:41.834]    DEBUG: <PixTestParameters.cc/dump:L107>   daclo: 0
[12:55:41.834]    DEBUG: <PixTestParameters.cc/dump:L107>   dachi: 255
[12:55:41.834]    DEBUG: <PixTestParameters.cc/dump:L107>   pix: 11,20
[12:55:41.834]    DEBUG: <PixTestParameters.cc/dump:L104> PixTestParameters: ->GainPedestal<-
[12:55:41.834]    DEBUG: <PixTestParameters.cc/dump:L107>   showfits: checkbox(0)
[12:55:41.834]    DEBUG: <PixTestParameters.cc/dump:L107>   extended: checkbox(0)
[12:55:41.834]    DEBUG: <PixTestParameters.cc/dump:L107>   dumphists: checkbox(0)
[12:55:41.834]    DEBUG: <PixTestParameters.cc/dump:L107>   ntrig: 10
[12:55:41.834]    DEBUG: <PixTestParameters.cc/dump:L107>   vcalstep: 10
[12:55:41.834]    DEBUG: <PixTestParameters.cc/dump:L107>   measure: button
[12:55:41.834]    DEBUG: <PixTestParameters.cc/dump:L107>   fit: button
[12:55:41.834]    DEBUG: <PixTestParameters.cc/dump:L107>   save: button
[12:55:41.834]    DEBUG: <PixTestParameters.cc/dump:L104> PixTestParameters: ->HighRate<-
[12:55:41.834]    DEBUG: <PixTestParameters.cc/dump:L107>   pix: 11,20
[12:55:41.834]    DEBUG: <PixTestParameters.cc/dump:L107>   trimhotpixels: button
[12:55:41.834]    DEBUG: <PixTestParameters.cc/dump:L107>   trimhotpixelthr: 200
[12:55:41.834]    DEBUG: <PixTestParameters.cc/dump:L107>   runsecondshotpixels: 10
[12:55:41.834]    DEBUG: <PixTestParameters.cc/dump:L107>   savetrimbits: checkbox(1)
[12:55:41.834]    DEBUG: <PixTestParameters.cc/dump:L107>   maskuntrimmable: checkbox(1)
[12:55:41.834]    DEBUG: <PixTestParameters.cc/dump:L107>   maskhotpixels: button
[12:55:41.834]    DEBUG: <PixTestParameters.cc/dump:L107>   savemaskfile: checkbox(0)
[12:55:41.834]    DEBUG: <PixTestParameters.cc/dump:L107>   maskfilename: default
[12:55:41.834]    DEBUG: <PixTestParameters.cc/dump:L107>   caldelscan: button
[12:55:41.834]    DEBUG: <PixTestParameters.cc/dump:L107>   xpixelalive: button
[12:55:41.834]    DEBUG: <PixTestParameters.cc/dump:L107>   ntrig: 50
[12:55:41.834]    DEBUG: <PixTestParameters.cc/dump:L107>   vcal: 200
[12:55:41.834]    DEBUG: <PixTestParameters.cc/dump:L107>   xnoisemaps: button
[12:55:41.834]    DEBUG: <PixTestParameters.cc/dump:L107>   daclo: 0
[12:55:41.834]    DEBUG: <PixTestParameters.cc/dump:L107>   dachi: 100
[12:55:41.834]    DEBUG: <PixTestParameters.cc/dump:L107>   dacs/step: 20
[12:55:41.834]    DEBUG: <PixTestParameters.cc/dump:L107>   rundaq: button
[12:55:41.834]    DEBUG: <PixTestParameters.cc/dump:L107>   trgfrequency(khz): 20
[12:55:41.834]    DEBUG: <PixTestParameters.cc/dump:L107>   runseconds: 2
[12:55:41.834]    DEBUG: <PixTestParameters.cc/dump:L107>   triggerdelay: 20
[12:55:41.834]    DEBUG: <PixTestParameters.cc/dump:L107>   delaytbm: checkbox
[12:55:41.834]    DEBUG: <PixTestParameters.cc/dump:L107>   filltree: checkbox
[12:55:41.834]    DEBUG: <PixTestParameters.cc/dump:L104> PixTestParameters: ->IV<-
[12:55:41.834]    DEBUG: <PixTestParameters.cc/dump:L107>   port: /dev/FIXME
[12:55:41.834]    DEBUG: <PixTestParameters.cc/dump:L107>   voltagestart: 0
[12:55:41.834]    DEBUG: <PixTestParameters.cc/dump:L107>   voltagestop: 600
[12:55:41.834]    DEBUG: <PixTestParameters.cc/dump:L107>   voltagestep: 5
[12:55:41.834]    DEBUG: <PixTestParameters.cc/dump:L107>   delay: 1
[12:55:41.834]    DEBUG: <PixTestParameters.cc/dump:L107>   compliance(ua): 100
[12:55:41.834]    DEBUG: <PixTestParameters.cc/dump:L104> PixTestParameters: ->PhOptimization<-
[12:55:41.834]    DEBUG: <PixTestParameters.cc/dump:L107>   ntrig: 10
[12:55:41.834]    DEBUG: <PixTestParameters.cc/dump:L107>   safetymarginlow: 20
[12:55:41.834]    DEBUG: <PixTestParameters.cc/dump:L107>   saturationvcal: 100
[12:55:41.834]    DEBUG: <PixTestParameters.cc/dump:L107>   quantilesaturation: 0.98
[12:55:41.834]    DEBUG: <PixTestParameters.cc/dump:L104> PixTestParameters: ->PixelAlive<-
[12:55:41.835]    DEBUG: <PixTestParameters.cc/dump:L107>   ntrig: 10
[12:55:41.835]    DEBUG: <PixTestParameters.cc/dump:L107>   vcal: 200
[12:55:41.835]    DEBUG: <PixTestParameters.cc/dump:L107>   alivetest: button
[12:55:41.835]    DEBUG: <PixTestParameters.cc/dump:L107>   masktest: button
[12:55:41.835]    DEBUG: <PixTestParameters.cc/dump:L107>   addressdecodingtest: button
[12:55:41.835]    DEBUG: <PixTestParameters.cc/dump:L104> PixTestParameters: ->Pretest<-
[12:55:41.835]    DEBUG: <PixTestParameters.cc/dump:L107>   programroc: button
[12:55:41.835]    DEBUG: <PixTestParameters.cc/dump:L107>   targetia: 24
[12:55:41.835]    DEBUG: <PixTestParameters.cc/dump:L107>   setvana: button
[12:55:41.835]    DEBUG: <PixTestParameters.cc/dump:L107>   iterations: 100
[12:55:41.835]    DEBUG: <PixTestParameters.cc/dump:L107>   settimings: button
[12:55:41.835]    DEBUG: <PixTestParameters.cc/dump:L107>   findtiming: button
[12:55:41.835]    DEBUG: <PixTestParameters.cc/dump:L107>   findworkingpixel: button
[12:55:41.835]    DEBUG: <PixTestParameters.cc/dump:L107>   setvthrcompcaldel: button
[12:55:41.835]    DEBUG: <PixTestParameters.cc/dump:L107>   pix: 11,20
[12:55:41.835]    DEBUG: <PixTestParameters.cc/dump:L107>   vcal: 250
[12:55:41.835]    DEBUG: <PixTestParameters.cc/dump:L107>   deltavthrcomp: 50
[12:55:41.835]    DEBUG: <PixTestParameters.cc/dump:L107>   fraccaldel: 0.5
[12:55:41.835]    DEBUG: <PixTestParameters.cc/dump:L107>   ntrig: 5
[12:55:41.835]    DEBUG: <PixTestParameters.cc/dump:L107>   savedacs: button
[12:55:41.835]    DEBUG: <PixTestParameters.cc/dump:L104> PixTestParameters: ->Readback<-
[12:55:41.835]    DEBUG: <PixTestParameters.cc/dump:L107>   calibratevd: button
[12:55:41.835]    DEBUG: <PixTestParameters.cc/dump:L107>   calibrateva: button
[12:55:41.835]    DEBUG: <PixTestParameters.cc/dump:L107>   calibrateia: button
[12:55:41.835]    DEBUG: <PixTestParameters.cc/dump:L107>   readbackvbg: button
[12:55:41.835]    DEBUG: <PixTestParameters.cc/dump:L107>   getcalibratedvbg: button
[12:55:41.835]    DEBUG: <PixTestParameters.cc/dump:L107>   usecalvd: checkbox(1)
[12:55:41.835]    DEBUG: <PixTestParameters.cc/dump:L107>   usecalva: checkbox(0)
[12:55:41.835]    DEBUG: <PixTestParameters.cc/dump:L107>   setvana: button
[12:55:41.835]    DEBUG: <PixTestParameters.cc/dump:L104> PixTestParameters: ->Scurves<-
[12:55:41.835]    DEBUG: <PixTestParameters.cc/dump:L107>   adjustvcal: checkbox(0)
[12:55:41.835]    DEBUG: <PixTestParameters.cc/dump:L107>   dumpall: checkbox(0)
[12:55:41.835]    DEBUG: <PixTestParameters.cc/dump:L107>   dumpproblematic: checkbox(0)
[12:55:41.835]    DEBUG: <PixTestParameters.cc/dump:L107>   dumpoutputfile: checkbox(0)
[12:55:41.835]    DEBUG: <PixTestParameters.cc/dump:L107>   ntrig: 50
[12:55:41.835]    DEBUG: <PixTestParameters.cc/dump:L107>   dac: Vcal
[12:55:41.835]    DEBUG: <PixTestParameters.cc/dump:L107>   daclo: 0
[12:55:41.835]    DEBUG: <PixTestParameters.cc/dump:L107>   dachi: 200
[12:55:41.835]    DEBUG: <PixTestParameters.cc/dump:L107>   dacs/step: -1
[12:55:41.835]    DEBUG: <PixTestParameters.cc/dump:L107>   ntrig/step: -1
[12:55:41.835]    DEBUG: <PixTestParameters.cc/dump:L107>   scurves: button
[12:55:41.835]    DEBUG: <PixTestParameters.cc/dump:L104> PixTestParameters: ->Timing<-
[12:55:41.835]    DEBUG: <PixTestParameters.cc/dump:L107>   targetclk: 4
[12:55:41.835]    DEBUG: <PixTestParameters.cc/dump:L107>   ntrig: 10
[12:55:41.835]    DEBUG: <PixTestParameters.cc/dump:L107>   clocksdascan: button
[12:55:41.835]    DEBUG: <PixTestParameters.cc/dump:L107>   notokenpass: checkbox(0)
[12:55:41.835]    DEBUG: <PixTestParameters.cc/dump:L107>   phasescan: button
[12:55:41.835]    DEBUG: <PixTestParameters.cc/dump:L107>   levelscan: button
[12:55:41.835]    DEBUG: <PixTestParameters.cc/dump:L107>   tbmphasescan: button
[12:55:41.835]    DEBUG: <PixTestParameters.cc/dump:L107>   rocdelayscan: button
[12:55:41.835]    DEBUG: <PixTestParameters.cc/dump:L107>   timingtest: button
[12:55:41.835]    DEBUG: <PixTestParameters.cc/dump:L107>   saveparameters: button
[12:55:41.835]    DEBUG: <PixTestParameters.cc/dump:L104> PixTestParameters: ->Trim<-
[12:55:41.835]    DEBUG: <PixTestParameters.cc/dump:L107>   trim: button
[12:55:41.835]    DEBUG: <PixTestParameters.cc/dump:L107>   ntrig: 8
[12:55:41.835]    DEBUG: <PixTestParameters.cc/dump:L107>   vcal: 35
[12:55:41.835]    DEBUG: <PixTestParameters.cc/dump:L107>   trimbits: button
[12:55:41.836]    DEBUG: <PixTestParameters.cc/dump:L104> PixTestParameters: ->Xray<-
[12:55:41.836]    DEBUG: <PixTestParameters.cc/dump:L107>   maskhotpixels: button
[12:55:41.836]    DEBUG: <PixTestParameters.cc/dump:L107>   savemaskfile: checkbox(0)
[12:55:41.836]    DEBUG: <PixTestParameters.cc/dump:L107>   maskfilename: default
[12:55:41.836]    DEBUG: <PixTestParameters.cc/dump:L107>   source: Ag
[12:55:41.836]    DEBUG: <PixTestParameters.cc/dump:L107>   phrun: button
[12:55:41.836]    DEBUG: <PixTestParameters.cc/dump:L107>   runseconds: 100
[12:55:41.836]    DEBUG: <PixTestParameters.cc/dump:L107>   trgfrequency(khz): 100
[12:55:41.836]    DEBUG: <PixTestParameters.cc/dump:L107>   ratescan: button
[12:55:41.836]    DEBUG: <PixTestParameters.cc/dump:L107>   vthrcompmin: 10
[12:55:41.836]    DEBUG: <PixTestParameters.cc/dump:L107>   vthrcompmax: 80
[12:55:41.836]    DEBUG: <PixTestParameters.cc/dump:L107>   stepseconds: 5
[12:55:41.836]    DEBUG: <PixTestParameters.cc/dump:L107>   delaytbm: checkbox
[12:55:41.836]    DEBUG: <PixTestParameters.cc/dump:L107>   filltree: checkbox
[12:55:41.838]    DEBUG: <PixSetup.cc/init:L81> PixSetup init start; getCurrentRSS() = 34959360
[12:55:41.838]    DEBUG: <PixSetup.cc/init:L87> fPixTestParameters = 0x27a9420
[12:55:41.838]    DEBUG: <PixSetup.cc/init:L88>  fConfigParameters = 0x271ec10
[12:55:41.838]    DEBUG: <PixSetup.cc/init:L89>        fPxarMemory = 0x7fdccdd94010
[12:55:41.838]    DEBUG: <PixSetup.cc/init:L90>         fPxarMemHi = 0x7fdcd3fff510
[12:55:41.838]    DEBUG: <PixSetup.cc/init:L106> PixSetup init done;  getCurrentRSS() = 34967552 fPxarMemory = 0x7fdccdd94010
[12:55:41.839]    DEBUG: <pXar.cc/main:L223> Initial Analog Current: 385.9mA
[12:55:41.841]    DEBUG: <pXar.cc/main:L224> Initial Digital Current: 468.7mA
[12:55:41.841]    DEBUG: <pXar.cc/main:L225> Initial Module Temperature: 24.2 C
[12:55:42.340]    DEBUG: <PixGui.cc/hvOn:L460> HV set On: 0x2d67570
[12:55:42.407]    DEBUG: <PixTestFactory.cc/PixTestFactory:L53> PixTestFactory::PixTestFactory()
[12:55:42.407]    DEBUG: <PixTestBBMap.cc/init:L79> PixTestBBMap::init()
[12:55:42.408]    DEBUG: <PixTestBBMap.cc/PixTestBBMap:L27> PixTestBBMap ctor(PixSetup &a, string, TGTab *)
[12:55:42.413]    DEBUG: <PixTestBB2Map.cc/setParameter:L58> setting fTargetIa    = 24 mA/ROC
[12:55:42.413]    DEBUG: <PixTestBB2Map.cc/init:L97> PixTestBB2Map::init()
[12:55:42.413]    DEBUG: <PixTestBB2Map.cc/PixTestBB2Map:L29> PixTestBB2Map ctor(PixSetup &a, string, TGTab *)
[12:55:42.422]    DEBUG: <PixTestBB3Map.cc/init:L81> PixTestBB3Map::init()
[12:55:42.422]    DEBUG: <PixTestBB3Map.cc/PixTestBB3Map:L29> PixTestBB3Map ctor(PixSetup &a, string, TGTab *)
[12:55:42.430]    DEBUG: <PixTestBB4Map.cc/init:L93> PixTestBB4Map::init()
[12:55:42.430]    DEBUG: <PixTestBB4Map.cc/PixTestBB4Map:L26> PixTestMapeff ctor(PixSetup &a, string, TGTab *)
[12:55:42.454]     INFO: PixTestCmd::init()
[12:55:42.466]    DEBUG: <PixTestDaq.cc/init:L44> PixTestDaq::init()
[12:55:42.466]    DEBUG: <PixTestDaq.cc/PixTestDaq:L22> PixTestDaq ctor(PixSetup &a, string, TGTab *)
[12:55:42.466]     INFO: readGainPedestalParameters data/mh228/M-H-2-28_ElComandanteTest_2015-12-23_15h48m_1450907287/000_FPIXTest_p17/phCalibrationFitErr35_C0.dat .. data/mh228/M-H-2-28_ElComandanteTest_2015-12-23_15h48m_1450907287/000_FPIXTest_p17/phCalibrationFitErr35_C15.dat
[12:55:42.714]    DEBUG: <PixTestDacDacScan.cc/init:L103> PixTestDacDacScan::init()
[12:55:42.714]    DEBUG: <PixTestDacDacScan.cc/PixTestDacDacScan:L22> PixTestDacDacScan ctor(PixSetup &a, string, TGTab *)
[12:55:42.729]    DEBUG: <PixTestGainPedestal.cc/setParameter:L83> PixTestGainPedestal::PixTest() fVcalStep = 10
[12:55:42.737]    DEBUG: <PixTestHighRate.cc/setParameter:L68>   setting fParTriggerFrequency -> 20
[12:55:42.737]    DEBUG: <PixTestHighRate.cc/init:L198> PixTestHighRate::init()
[12:55:42.737]    DEBUG: <PixTestHighRate.cc/PixTestHighRate:L31> PixTestHighRate ctor(PixSetup &a, string, TGTab *)
[12:55:42.762]    DEBUG: <PixTest.cc/setTestParameter:L637>  setting  ntrig to new value 10
[12:55:42.762]    DEBUG: <PixTestPhOptimization.cc/setParameter:L37>   setting fParNtrig  ->10<- from sval = 10
[12:55:42.762]    DEBUG: <PixTestPhOptimization.cc/setParameter:L42>   setting fSafetyMarginLow  ->20<- from sval = 20
[12:55:42.762]    DEBUG: <PixTestPhOptimization.cc/setParameter:L48>   setting fVcalMax  ->100<- from sval = 100
[12:55:42.762]    DEBUG: <PixTestPhOptimization.cc/setParameter:L53>   setting fQuantMax  ->0.98<- from sval = 0.98
[12:55:42.769]    DEBUG: <PixTestAlive.cc/init:L77> PixTestAlive::init()
[12:55:42.769]    DEBUG: <PixTestAlive.cc/PixTestAlive:L21> PixTestAlive ctor(PixSetup &a, string, TGTab *)
[12:55:42.791]    DEBUG: <PixTestReadback.cc/setParameter:L172> fCalwVd set to 1
[12:55:42.791]    DEBUG: <PixTestReadback.cc/init:L95> PixTestReadback::init()
[12:55:42.792]    DEBUG: <PixTestReadback.cc/PixTestReadback:L22> PixTestReadback ctor(PixSetup &a, string, TGTab *)
[12:55:42.792]     INFO: readReadbackCal: data/mh228/M-H-2-28_ElComandanteTest_2015-12-23_15h48m_1450907287/000_FPIXTest_p17/readbackCal_C0.dat .. data/mh228/M-H-2-28_ElComandanteTest_2015-12-23_15h48m_1450907287/000_FPIXTest_p17/readbackCal_C15.dat
[12:55:42.801]    DEBUG: <PixTestScurves.cc/setParameter:L93> set fOutputFilename = 
[12:55:42.810]    DEBUG: <PixTestTiming.cc/setParameter:L60> PixTestTiming::PixTest() targetclk = 4
[12:55:42.810]    DEBUG: <PixTestTiming.cc/setParameter:L64> PixTestTiming::PixTest() ntrig = 10
[12:55:42.810]    DEBUG: <PixTestTiming.cc/setParameter:L48> fNoTokenPass: 0
[12:55:42.810]    DEBUG: <PixTestTiming.cc/init:L74> PixTestTiming::init()
[12:55:42.827]    DEBUG: <PixTestXray.cc/init:L134> PixTestXray::init()
[12:55:42.827]    DEBUG: <PixTestXray.cc/PixTestXray:L28> PixTestXray ctor(PixSetup &a, string, TGTab *)
[12:56:27.600]    DEBUG: <PixTab.cc/setParameter:L391> xxxPressed():  ID = 1 -> source to value Ag
[12:56:32.340]    DEBUG: <PixTab.cc/setParameter:L391> xxxPressed():  ID = 1 -> source to value Cu
[12:56:43.388]     INFO: ######################################################################
[12:56:43.388]     INFO: PixTestXray::doTest()
[12:56:43.388]     INFO: ######################################################################
[12:56:43.388]     INFO:    ----------------------------------------------------------------------
[12:56:43.388]     INFO:    PixTestXray::doPhRun() fParRunSeconds = 100
[12:56:43.388]     INFO:    ----------------------------------------------------------------------
[12:56:44.362]     INFO: PixTestXray::doPhRun start TriggerLoop with trigger frequency 100 kHz, period 405 and duration 100 seconds,  fEventsMax = 10000000
[12:57:01.475]     INFO: run duration 17 seconds, buffer almost full (81%), pausing triggers.
[12:57:01.479]    DEBUG: <PixTestXray.cc/processData:L739> Getting Event Buffer
[12:57:28.719]    DEBUG: <PixTestXray.cc/processData:L757> Processing Data: 1686087 events.
[12:57:28.753]    DEBUG: <PixTestXray.cc/processData:L808>  # events read: 1686087, pixels seen in all events: 18178
[12:57:28.869]     INFO: Resuming triggers.
[12:57:45.984]     INFO: run duration 34 seconds, buffer almost full (81%), pausing triggers.
[12:57:46.007]    DEBUG: <PixTestXray.cc/processData:L739> Getting Event Buffer
[12:58:13.262]    DEBUG: <PixTestXray.cc/processData:L757> Processing Data: 1686098 events.
[12:58:13.295]    DEBUG: <PixTestXray.cc/processData:L808>  # events read: 1686098, pixels seen in all events: 17907
[12:58:13.412]     INFO: Resuming triggers.
[12:58:30.526]     INFO: run duration 51 seconds, buffer almost full (81%), pausing triggers.
[12:58:30.550]    DEBUG: <PixTestXray.cc/processData:L739> Getting Event Buffer
[12:58:57.937]    DEBUG: <PixTestXray.cc/processData:L757> Processing Data: 1686061 events.
[12:58:57.973]    DEBUG: <PixTestXray.cc/processData:L808>  # events read: 1686061, pixels seen in all events: 18104
[12:58:58.086]     INFO: Resuming triggers.
[12:59:15.200]     INFO: run duration 68 seconds, buffer almost full (81%), pausing triggers.
[12:59:15.226]    DEBUG: <PixTestXray.cc/processData:L739> Getting Event Buffer
[12:59:42.491]    DEBUG: <PixTestXray.cc/processData:L757> Processing Data: 1686084 events.
[12:59:42.526]    DEBUG: <PixTestXray.cc/processData:L808>  # events read: 1686084, pixels seen in all events: 17956
[12:59:42.641]     INFO: Resuming triggers.
[12:59:59.756]     INFO: run duration 85 seconds, buffer almost full (81%), pausing triggers.
[12:59:59.781]    DEBUG: <PixTestXray.cc/processData:L739> Getting Event Buffer
[13:00:27.081]    DEBUG: <PixTestXray.cc/processData:L757> Processing Data: 1686086 events.
[13:00:27.114]    DEBUG: <PixTestXray.cc/processData:L808>  # events read: 1686086, pixels seen in all events: 17923
[13:00:27.231]     INFO: Resuming triggers.
[13:00:41.786]     INFO: data taking finished, elapsed time: 100 seconds.
[13:00:41.983]    DEBUG: <PixTestXray.cc/processData:L739> Getting Event Buffer
[13:01:05.206]    DEBUG: <PixTestXray.cc/processData:L757> Processing Data: 1433937 events.
[13:01:05.234]    DEBUG: <PixTestXray.cc/processData:L808>  # events read: 1433937, pixels seen in all events: 15345
[13:01:05.362]     INFO: PixTest::       pg_setup set to default.
[13:01:05.402]     INFO: PixTestXray::doPhRun() done
[13:01:05.402]     INFO: PixTestXray::doTest() done 
[13:02:12.796]    DEBUG: <PixTest.cc/moduleMap:L1029> moduleMap histname: what
[13:02:12.796]    DEBUG: <PixTest.cc/moduleMap:L1039> h1->GetName() = phMap_Cu_C1_V0 -> phMap_Cu_mod
[13:02:18.444]    DEBUG: <PixTest.cc/moduleMap:L1029> moduleMap histname: what
[13:02:18.444]    DEBUG: <PixTest.cc/moduleMap:L1039> h1->GetName() = hMap_Cu_C0_V0 -> hMap_Cu_mod
[13:02:27.380]    DEBUG: <PixTest.cc/moduleMap:L1029> moduleMap histname: what
[13:02:27.380]    DEBUG: <PixTest.cc/moduleMap:L1039> h1->GetName() = qMap_Cu_C2_V0 -> qMap_Cu_mod
[13:03:14.924]    DEBUG: <PixTab.cc/setParameter:L391> xxxPressed():  ID = 1 -> source to value Ag
[13:03:18.980]     INFO: ######################################################################
[13:03:18.980]     INFO: PixTestXray::doTest()
[13:03:18.980]     INFO: ######################################################################
[13:03:18.980]     INFO:    ----------------------------------------------------------------------
[13:03:18.980]     INFO:    PixTestXray::doPhRun() fParRunSeconds = 100
[13:03:18.980]     INFO:    ----------------------------------------------------------------------
[13:03:19.056]    DEBUG: <PixTestXray.cc/doPhRun:L270> booking new histograms as source name has changed
[13:03:20.017]     INFO: PixTestXray::doPhRun start TriggerLoop with trigger frequency 100 kHz, period 405 and duration 100 seconds,  fEventsMax = 10000000
[13:03:37.131]     INFO: run duration 17 seconds, buffer almost full (81%), pausing triggers.
[13:03:37.213]    DEBUG: <PixTestXray.cc/processData:L739> Getting Event Buffer
[13:04:04.482]    DEBUG: <PixTestXray.cc/processData:L757> Processing Data: 1686075 events.
[13:04:04.514]    DEBUG: <PixTestXray.cc/processData:L808>  # events read: 1686075, pixels seen in all events: 17805
[13:04:04.633]     INFO: Resuming triggers.
[13:04:21.748]     INFO: run duration 34 seconds, buffer almost full (81%), pausing triggers.
[13:04:21.771]    DEBUG: <PixTestXray.cc/processData:L739> Getting Event Buffer
[13:04:48.959]    DEBUG: <PixTestXray.cc/processData:L757> Processing Data: 1686136 events.
[13:04:48.989]    DEBUG: <PixTestXray.cc/processData:L808>  # events read: 1686136, pixels seen in all events: 17390
[13:04:49.110]     INFO: Resuming triggers.
[13:05:06.224]     INFO: run duration 51 seconds, buffer almost full (81%), pausing triggers.
[13:05:06.249]    DEBUG: <PixTestXray.cc/processData:L739> Getting Event Buffer
[13:05:33.532]    DEBUG: <PixTestXray.cc/processData:L757> Processing Data: 1686086 events.
[13:05:33.562]    DEBUG: <PixTestXray.cc/processData:L808>  # events read: 1686086, pixels seen in all events: 17591
[13:05:33.599]     INFO: Resuming triggers.
[13:05:50.713]     INFO: run duration 68 seconds, buffer almost full (81%), pausing triggers.
[13:05:50.737]    DEBUG: <PixTestXray.cc/processData:L739> Getting Event Buffer
[13:06:18.211]    DEBUG: <PixTestXray.cc/processData:L757> Processing Data: 1686082 events.
[13:06:18.242]    DEBUG: <PixTestXray.cc/processData:L808>  # events read: 1686082, pixels seen in all events: 17738
[13:06:18.293]     INFO: Resuming triggers.
[13:06:35.408]     INFO: run duration 85 seconds, buffer almost full (81%), pausing triggers.
[13:06:35.431]    DEBUG: <PixTestXray.cc/processData:L739> Getting Event Buffer
[13:07:02.990]    DEBUG: <PixTestXray.cc/processData:L757> Processing Data: 1686099 events.
[13:07:03.021]    DEBUG: <PixTestXray.cc/processData:L808>  # events read: 1686099, pixels seen in all events: 17691
[13:07:03.063]     INFO: Resuming triggers.
[13:07:17.618]     INFO: data taking finished, elapsed time: 100 seconds.
[13:07:17.814]    DEBUG: <PixTestXray.cc/processData:L739> Getting Event Buffer
[13:07:41.036]    DEBUG: <PixTestXray.cc/processData:L757> Processing Data: 1433911 events.
[13:07:41.061]    DEBUG: <PixTestXray.cc/processData:L808>  # events read: 1433911, pixels seen in all events: 15093
[13:07:41.156]     INFO: PixTest::       pg_setup set to default.
[13:07:41.173]     INFO: PixTestXray::doPhRun() done
[13:07:41.173]     INFO: PixTestXray::doTest() done 
[13:09:00.524]    DEBUG: <PixTest.cc/moduleMap:L1029> moduleMap histname: what
[13:09:00.524]    DEBUG: <PixTest.cc/moduleMap:L1039> h1->GetName() = phMap_Ag_C0_V0 -> phMap_Ag_mod
[13:09:18.020]    DEBUG: <PixTest.cc/moduleMap:L1029> moduleMap histname: what
[13:09:18.020]    DEBUG: <PixTest.cc/moduleMap:L1039> h1->GetName() = qMap_Cu_C3_V0 -> qMap_Cu_mod
[13:09:22.236]    DEBUG: <PixTest.cc/moduleMap:L1029> moduleMap histname: what
[13:09:22.236]    DEBUG: <PixTest.cc/moduleMap:L1039> h1->GetName() = hMap_Cu_C0_V0 -> hMap_Cu_mod
[13:10:06.476]    DEBUG: <PixTab.cc/setParameter:L391> xxxPressed():  ID = 1 -> source to value Sn
[13:10:18.644]     INFO: ######################################################################
[13:10:18.644]     INFO: PixTestXray::doTest()
[13:10:18.644]     INFO: ######################################################################
[13:10:18.644]     INFO:    ----------------------------------------------------------------------
[13:10:18.644]     INFO:    PixTestXray::doPhRun() fParRunSeconds = 100
[13:10:18.644]     INFO:    ----------------------------------------------------------------------
[13:10:18.725]    DEBUG: <PixTestXray.cc/doPhRun:L270> booking new histograms as source name has changed
[13:10:19.686]     INFO: PixTestXray::doPhRun start TriggerLoop with trigger frequency 100 kHz, period 405 and duration 100 seconds,  fEventsMax = 10000000
[13:10:36.802]     INFO: run duration 17 seconds, buffer almost full (81%), pausing triggers.
[13:10:36.880]    DEBUG: <PixTestXray.cc/processData:L739> Getting Event Buffer
[13:11:04.102]    DEBUG: <PixTestXray.cc/processData:L757> Processing Data: 1686307 events.
[13:11:04.129]    DEBUG: <PixTestXray.cc/processData:L808>  # events read: 1686307, pixels seen in all events: 15428
[13:11:04.248]     INFO: Resuming triggers.
[13:11:21.364]     INFO: run duration 34 seconds, buffer almost full (81%), pausing triggers.
[13:11:21.387]    DEBUG: <PixTestXray.cc/processData:L739> Getting Event Buffer
[13:11:48.596]    DEBUG: <PixTestXray.cc/processData:L757> Processing Data: 1686287 events.
[13:11:48.623]    DEBUG: <PixTestXray.cc/processData:L808>  # events read: 1686287, pixels seen in all events: 15652
[13:11:48.747]     INFO: Resuming triggers.
[13:12:05.864]     INFO: run duration 51 seconds, buffer almost full (81%), pausing triggers.
[13:12:05.887]    DEBUG: <PixTestXray.cc/processData:L739> Getting Event Buffer
[13:12:33.197]    DEBUG: <PixTestXray.cc/processData:L757> Processing Data: 1686293 events.
[13:12:33.225]    DEBUG: <PixTestXray.cc/processData:L808>  # events read: 1686293, pixels seen in all events: 15530
[13:12:33.345]     INFO: Resuming triggers.
[13:12:50.461]     INFO: run duration 68 seconds, buffer almost full (81%), pausing triggers.
[13:12:50.486]    DEBUG: <PixTestXray.cc/processData:L739> Getting Event Buffer
[13:13:17.656]    DEBUG: <PixTestXray.cc/processData:L757> Processing Data: 1686294 events.
[13:13:17.686]    DEBUG: <PixTestXray.cc/processData:L808>  # events read: 1686294, pixels seen in all events: 15335
[13:13:17.804]     INFO: Resuming triggers.
[13:13:34.920]     INFO: run duration 85 seconds, buffer almost full (81%), pausing triggers.
[13:13:34.947]    DEBUG: <PixTestXray.cc/processData:L739> Getting Event Buffer
[13:14:02.193]    DEBUG: <PixTestXray.cc/processData:L757> Processing Data: 1686295 events.
[13:14:02.221]    DEBUG: <PixTestXray.cc/processData:L808>  # events read: 1686295, pixels seen in all events: 15381
[13:14:02.342]     INFO: Resuming triggers.
[13:14:16.885]     INFO: data taking finished, elapsed time: 100 seconds.
[13:14:17.080]    DEBUG: <PixTestXray.cc/processData:L739> Getting Event Buffer
[13:14:40.149]    DEBUG: <PixTestXray.cc/processData:L757> Processing Data: 1432692 events.
[13:14:40.172]    DEBUG: <PixTestXray.cc/processData:L808>  # events read: 1432692, pixels seen in all events: 13223
[13:14:40.303]     INFO: PixTest::       pg_setup set to default.
[13:14:40.321]     INFO: PixTestXray::doPhRun() done
[13:14:40.321]     INFO: PixTestXray::doTest() done 
[13:15:43.348]    DEBUG: <PixTest.cc/moduleMap:L1029> moduleMap histname: what
[13:15:43.348]    DEBUG: <PixTest.cc/moduleMap:L1039> h1->GetName() = phMap_Sn_C0_V0 -> phMap_Sn_mod
[13:15:46.036]    DEBUG: <PixTest.cc/moduleMap:L1029> moduleMap histname: what
[13:15:46.036]    DEBUG: <PixTest.cc/moduleMap:L1039> h1->GetName() = hMap_Cu_C0_V0 -> hMap_Cu_mod
[13:15:55.508]    DEBUG: <PixTest.cc/moduleMap:L1029> moduleMap histname: what
[13:15:55.508]    DEBUG: <PixTest.cc/moduleMap:L1039> h1->GetName() = qMap_Cu_C3_V0 -> qMap_Cu_mod
[13:16:44.956]    DEBUG: <PixTab.cc/setParameter:L391> xxxPressed():  ID = 1 -> source to value In
[13:16:46.532]     INFO: ######################################################################
[13:16:46.532]     INFO: PixTestXray::doTest()
[13:16:46.532]     INFO: ######################################################################
[13:16:46.532]     INFO:    ----------------------------------------------------------------------
[13:16:46.532]     INFO:    PixTestXray::doPhRun() fParRunSeconds = 100
[13:16:46.532]     INFO:    ----------------------------------------------------------------------
[13:16:46.613]    DEBUG: <PixTestXray.cc/doPhRun:L270> booking new histograms as source name has changed
[13:16:47.574]     INFO: PixTestXray::doPhRun start TriggerLoop with trigger frequency 100 kHz, period 405 and duration 100 seconds,  fEventsMax = 10000000
[13:17:04.689]     INFO: run duration 17 seconds, buffer almost full (81%), pausing triggers.
[13:17:04.769]    DEBUG: <PixTestXray.cc/processData:L739> Getting Event Buffer
[13:17:32.209]    DEBUG: <PixTestXray.cc/processData:L757> Processing Data: 1686209 events.
[13:17:32.237]    DEBUG: <PixTestXray.cc/processData:L808>  # events read: 1686209, pixels seen in all events: 16099
[13:17:32.282]     INFO: Resuming triggers.
[13:17:49.399]     INFO: run duration 34 seconds, buffer almost full (81%), pausing triggers.
[13:17:49.422]    DEBUG: <PixTestXray.cc/processData:L739> Getting Event Buffer
[13:18:16.794]    DEBUG: <PixTestXray.cc/processData:L757> Processing Data: 1686238 events.
[13:18:16.821]    DEBUG: <PixTestXray.cc/processData:L808>  # events read: 1686238, pixels seen in all events: 16015
[13:18:16.907]     INFO: Resuming triggers.
[13:18:34.023]     INFO: run duration 51 seconds, buffer almost full (81%), pausing triggers.
[13:18:34.046]    DEBUG: <PixTestXray.cc/processData:L739> Getting Event Buffer
[13:19:01.287]    DEBUG: <PixTestXray.cc/processData:L757> Processing Data: 1686186 events.
[13:19:01.315]    DEBUG: <PixTestXray.cc/processData:L808>  # events read: 1686186, pixels seen in all events: 16645
[13:19:01.435]     INFO: Resuming triggers.
[13:19:18.551]     INFO: run duration 68 seconds, buffer almost full (81%), pausing triggers.
[13:19:18.576]    DEBUG: <PixTestXray.cc/processData:L739> Getting Event Buffer
[13:19:45.807]    DEBUG: <PixTestXray.cc/processData:L757> Processing Data: 1686225 events.
[13:19:45.835]    DEBUG: <PixTestXray.cc/processData:L808>  # events read: 1686225, pixels seen in all events: 16233
[13:19:45.954]     INFO: Resuming triggers.
[13:20:03.071]     INFO: run duration 85 seconds, buffer almost full (81%), pausing triggers.
[13:20:03.094]    DEBUG: <PixTestXray.cc/processData:L739> Getting Event Buffer
[13:20:30.251]    DEBUG: <PixTestXray.cc/processData:L757> Processing Data: 1686258 events.
[13:20:30.279]    DEBUG: <PixTestXray.cc/processData:L808>  # events read: 1686258, pixels seen in all events: 15946
[13:20:30.399]     INFO: Resuming triggers.
[13:20:44.943]     INFO: data taking finished, elapsed time: 100 seconds.
[13:20:45.139]    DEBUG: <PixTestXray.cc/processData:L739> Getting Event Buffer
[13:21:08.208]    DEBUG: <PixTestXray.cc/processData:L757> Processing Data: 1432828 events.
[13:21:08.231]    DEBUG: <PixTestXray.cc/processData:L808>  # events read: 1432828, pixels seen in all events: 13689
[13:21:08.362]     INFO: PixTest::       pg_setup set to default.
[13:21:08.380]     INFO: PixTestXray::doPhRun() done
[13:21:08.380]     INFO: PixTestXray::doTest() done 
[13:26:33.317]    DEBUG: <PixTest.cc/moduleMap:L1029> moduleMap histname: what
[13:26:33.317]    DEBUG: <PixTest.cc/moduleMap:L1039> h1->GetName() = phMap_In_C0_V0 -> phMap_In_mod
[13:26:37.901]    DEBUG: <PixTest.cc/moduleMap:L1029> moduleMap histname: what
[13:26:37.901]    DEBUG: <PixTest.cc/moduleMap:L1039> h1->GetName() = hMap_Cu_C0_V0 -> hMap_Cu_mod
[13:26:45.709]    DEBUG: <PixTest.cc/moduleMap:L1029> moduleMap histname: what
[13:26:45.709]    DEBUG: <PixTest.cc/moduleMap:L1039> h1->GetName() = qMap_Cu_C1_V0 -> qMap_Cu_mod
[13:26:53.172]    DEBUG: <PixGui.cc/handleButtons:L396> PixGui::exit called
[13:26:53.173]    DEBUG: <PixGui.cc/CloseWindow:L335> Final Analog Current: 389.9mA
[13:26:53.174]    DEBUG: <PixGui.cc/CloseWindow:L336> Final Digital Current: 468.7mA
[13:26:53.174]    DEBUG: <PixGui.cc/CloseWindow:L337> Final Module Temperature: 27.7 C
[13:26:53.174]    DEBUG: <PixTestBBMap.cc/~PixTestBBMap:L97> PixTestBBMap dtor
[13:26:53.174]    DEBUG: <PixTestBB2Map.cc/~PixTestBB2Map:L115> PixTestBB2Map dtor
[13:26:53.174]    DEBUG: <PixTestBB3Map.cc/~PixTestBB3Map:L99> PixTestBB3Map dtor
[13:26:53.174]    DEBUG: <PixTestBB4Map.cc/~PixTestBB4Map:L118> PixTestBB4Map dtor
[13:26:53.174]    DEBUG: <PixTestCmd.cc/~PixTestCmd:L78> PixTestCmd dtor
[13:26:53.175]    DEBUG: <PixTestDaq.cc/~PixTestDaq:L37> PixTestDaq dtor
[13:26:53.175]    DEBUG: <PixTestDacDacScan.cc/~PixTestDacDacScan:L136> PixTestDacDacScan dtor
[13:26:53.175]    DEBUG: <PixTestDacScan.cc/~PixTestDacScan:L129> PixTestDacScan dtor
[13:26:53.175]    DEBUG: <PixTestGainPedestal.cc/~PixTestGainPedestal:L125> PixTestGainPedestal dtor
[13:26:53.175]    DEBUG: <PixTestHighRate.cc/~PixTestHighRate:L245> PixTestHighRate dtor
[13:26:53.175]    DEBUG: <PixTestIV.cc/~PixTestIV:L96> PixTestIV dtor
[13:26:53.175]    DEBUG: <PixTestAlive.cc/~PixTestAlive:L109> PixTestAlive dtor
[13:26:53.175]    DEBUG: <PixTestPretest.cc/~PixTestPretest:L136> PixTestPretest dtor
[13:26:53.175]    DEBUG: <PixTestReadback.cc/~PixTestReadback:L89> PixTestReadback dtor, saving tree ... 
[13:26:53.176]    DEBUG: <PixTestScurves.cc/~PixTestScurves:L142> PixTestScurves dtor
[13:26:53.176]    DEBUG: <PixTestTiming.cc/~PixTestTiming:L97> PixTestTiming dtor
[13:26:53.176]    DEBUG: <PixTestTrim.cc/~PixTestTrim:L103> PixTestTrim dtor
[13:26:53.176]    DEBUG: <PixTestXray.cc/~PixTestXray:L217> PixTestXray dtor
[13:26:53.839]    QUIET: Connection to board 58 closed.
[13:26:53.922]    DEBUG: <PixMonitor.cc/dumpSummaries:L39> PixMonitor::dumpSummaries
