[15:04:26.790]     INFO: *** Welcome to pxar ***
[15:04:26.790]     INFO: *** Today: 2016/01/06
[15:04:26.801]     INFO: *** Version: prod-12
[15:04:26.801]     INFO: readRocDacs: data/mh228/M-H-2-28_ElComandanteTest_2015-12-23_15h48m_1450907287/000_FPIXTest_p17/dacParameters35_C0.dat .. data/mh228/M-H-2-28_ElComandanteTest_2015-12-23_15h48m_1450907287/000_FPIXTest_p17/dacParameters35_C15.dat
[15:04:26.802]     INFO: readTbmDacs: data/mh228/M-H-2-28_ElComandanteTest_2015-12-23_15h48m_1450907287/000_FPIXTest_p17/tbmParameters_C0a.dat .. data/mh228/M-H-2-28_ElComandanteTest_2015-12-23_15h48m_1450907287/000_FPIXTest_p17/tbmParameters_C0b.dat
[15:04:26.802]     INFO: readMaskFile: data/mh228/M-H-2-28_ElComandanteTest_2015-12-23_15h48m_1450907287/000_FPIXTest_p17/defaultMaskFile.dat
[15:04:26.802]     INFO: readTrimFile: data/mh228/M-H-2-28_ElComandanteTest_2015-12-23_15h48m_1450907287/000_FPIXTest_p17/trimParameters35_C0.dat .. data/mh228/M-H-2-28_ElComandanteTest_2015-12-23_15h48m_1450907287/000_FPIXTest_p17/trimParameters35_C15.dat
[15:04:26.956]     INFO:         clk: 4
[15:04:26.956]     INFO:         ctr: 4
[15:04:26.956]     INFO:         sda: 19
[15:04:26.956]     INFO:         tin: 9
[15:04:26.956]     INFO:         level: 15
[15:04:26.956]     INFO:         triggerdelay: 0
[15:04:26.956]    QUIET: Instanciating API for pxar prod-12
[15:04:26.956]     INFO: Log level: DEBUG
[15:04:26.968]    QUIET: Connection to board DTB_WRPRHI opened.
[15:04:26.971]     INFO: DTB startup information
--- DTB info------------------------------------------
Board id:    58
HW version:  DTB1.2
FW version:  4.2
SW version:  4.5
USB id:      DTB_WRPRHI
MAC address: 40D85511803A
Hostname:    pixelDTB058
Comment:     
------------------------------------------------------
[15:04:26.974]     INFO: RPC call hashes of host and DTB match: 398089610
[15:04:28.576]     INFO: DUT info: 
[15:04:28.576]     INFO: The DUT currently contains the following objects:
[15:04:28.576]     INFO:  2 TBM Cores tbm08c (2 ON)
[15:04:28.576]     INFO: 	TBM Core alpha (0): 7 registers set
[15:04:28.576]     INFO: 	TBM Core beta  (1): 7 registers set
[15:04:28.576]     INFO: 16 ROCs psi46digv21respin (16 ON) with 4160 pixelConfigs
[15:04:28.576]     INFO: 	ROC 0: 19 DACs set, Pixels: 0 masked, 0 active.
[15:04:28.576]     INFO: 	ROC 1: 19 DACs set, Pixels: 0 masked, 0 active.
[15:04:28.576]     INFO: 	ROC 2: 19 DACs set, Pixels: 0 masked, 0 active.
[15:04:28.576]     INFO: 	ROC 3: 19 DACs set, Pixels: 0 masked, 0 active.
[15:04:28.576]     INFO: 	ROC 4: 19 DACs set, Pixels: 0 masked, 0 active.
[15:04:28.576]     INFO: 	ROC 5: 19 DACs set, Pixels: 0 masked, 0 active.
[15:04:28.576]     INFO: 	ROC 6: 19 DACs set, Pixels: 0 masked, 0 active.
[15:04:28.576]     INFO: 	ROC 7: 19 DACs set, Pixels: 0 masked, 0 active.
[15:04:28.576]     INFO: 	ROC 8: 19 DACs set, Pixels: 0 masked, 0 active.
[15:04:28.576]     INFO: 	ROC 9: 19 DACs set, Pixels: 0 masked, 0 active.
[15:04:28.576]     INFO: 	ROC 10: 19 DACs set, Pixels: 0 masked, 0 active.
[15:04:28.576]     INFO: 	ROC 11: 19 DACs set, Pixels: 0 masked, 0 active.
[15:04:28.576]     INFO: 	ROC 12: 19 DACs set, Pixels: 0 masked, 0 active.
[15:04:28.576]     INFO: 	ROC 13: 19 DACs set, Pixels: 0 masked, 0 active.
[15:04:28.576]     INFO: 	ROC 14: 19 DACs set, Pixels: 0 masked, 0 active.
[15:04:28.577]     INFO: 	ROC 15: 19 DACs set, Pixels: 0 masked, 0 active.
[15:04:28.577]    DEBUG: <PixTestParameters.cc/dump:L104> PixTestParameters: ->BB<-
[15:04:28.577]    DEBUG: <PixTestParameters.cc/dump:L107>   dumpall: checkbox(0)
[15:04:28.577]    DEBUG: <PixTestParameters.cc/dump:L107>   dumpproblematic: checkbox(0)
[15:04:28.577]    DEBUG: <PixTestParameters.cc/dump:L107>   ntrig: 5
[15:04:28.577]    DEBUG: <PixTestParameters.cc/dump:L107>   vcals: 250
[15:04:28.577]    DEBUG: <PixTestParameters.cc/dump:L104> PixTestParameters: ->BB2<-
[15:04:28.577]    DEBUG: <PixTestParameters.cc/dump:L107>   ntrig: 10
[15:04:28.577]    DEBUG: <PixTestParameters.cc/dump:L107>   vcals: 222
[15:04:28.577]    DEBUG: <PixTestParameters.cc/dump:L107>   plwidth: 35
[15:04:28.577]    DEBUG: <PixTestParameters.cc/dump:L107>   pix: 11,20
[15:04:28.577]    DEBUG: <PixTestParameters.cc/dump:L107>   targetia: 24
[15:04:28.577]    DEBUG: <PixTestParameters.cc/dump:L104> PixTestParameters: ->BB3<-
[15:04:28.577]    DEBUG: <PixTestParameters.cc/dump:L107>   dumpall: checkbox(0)
[15:04:28.577]    DEBUG: <PixTestParameters.cc/dump:L107>   dumpproblematic: checkbox(0)
[15:04:28.577]    DEBUG: <PixTestParameters.cc/dump:L107>   ntrig: 5
[15:04:28.577]    DEBUG: <PixTestParameters.cc/dump:L107>   vcals: 250
[15:04:28.577]    DEBUG: <PixTestParameters.cc/dump:L104> PixTestParameters: ->BB4<-
[15:04:28.577]    DEBUG: <PixTestParameters.cc/dump:L107>   savecaldelscan: checkbox(0)
[15:04:28.577]    DEBUG: <PixTestParameters.cc/dump:L107>   ntrig: 100
[15:04:28.577]    DEBUG: <PixTestParameters.cc/dump:L107>   cals: 1
[15:04:28.577]    DEBUG: <PixTestParameters.cc/dump:L107>   caldello: 80
[15:04:28.577]    DEBUG: <PixTestParameters.cc/dump:L107>   caldelhi: 200
[15:04:28.577]    DEBUG: <PixTestParameters.cc/dump:L107>   caldelstep: 10
[15:04:28.577]    DEBUG: <PixTestParameters.cc/dump:L107>   vthrcomplo: 70
[15:04:28.577]    DEBUG: <PixTestParameters.cc/dump:L107>   vthrcomphi: 130
[15:04:28.577]    DEBUG: <PixTestParameters.cc/dump:L107>   vthrcompstep: 5
[15:04:28.577]    DEBUG: <PixTestParameters.cc/dump:L107>   noisypixels: 10
[15:04:28.577]    DEBUG: <PixTestParameters.cc/dump:L107>   vcal: 255
[15:04:28.577]    DEBUG: <PixTestParameters.cc/dump:L107>   cut: 0.5
[15:04:28.577]    DEBUG: <PixTestParameters.cc/dump:L104> PixTestParameters: ->Cmd<-
[15:04:28.577]    DEBUG: <PixTestParameters.cc/dump:L104> PixTestParameters: ->DAQ<-
[15:04:28.577]    DEBUG: <PixTestParameters.cc/dump:L107>   delaytbm: checkbox
[15:04:28.577]    DEBUG: <PixTestParameters.cc/dump:L107>   filltree: checkbox
[15:04:28.577]    DEBUG: <PixTestParameters.cc/dump:L107>   trgfrequency(khz): 100
[15:04:28.578]    DEBUG: <PixTestParameters.cc/dump:L107>   maskhotpixels: button
[15:04:28.578]    DEBUG: <PixTestParameters.cc/dump:L107>   trgnumber: 5
[15:04:28.578]    DEBUG: <PixTestParameters.cc/dump:L107>   iterations: 10
[15:04:28.578]    DEBUG: <PixTestParameters.cc/dump:L107>   rundaqtrg: button
[15:04:28.578]    DEBUG: <PixTestParameters.cc/dump:L107>   daqseconds: 5
[15:04:28.578]    DEBUG: <PixTestParameters.cc/dump:L107>   rundaqseconds: button
[15:04:28.578]    DEBUG: <PixTestParameters.cc/dump:L104> PixTestParameters: ->DacDacScan<-
[15:04:28.578]    DEBUG: <PixTestParameters.cc/dump:L107>   phmap: checkbox
[15:04:28.578]    DEBUG: <PixTestParameters.cc/dump:L107>   ntrig: 10
[15:04:28.578]    DEBUG: <PixTestParameters.cc/dump:L107>   dac1: caldel
[15:04:28.578]    DEBUG: <PixTestParameters.cc/dump:L107>   dac1lo: 0
[15:04:28.578]    DEBUG: <PixTestParameters.cc/dump:L107>   dac1hi: 255
[15:04:28.578]    DEBUG: <PixTestParameters.cc/dump:L107>   dac2: vthrcomp
[15:04:28.578]    DEBUG: <PixTestParameters.cc/dump:L107>   dac2lo: 0
[15:04:28.578]    DEBUG: <PixTestParameters.cc/dump:L107>   dac2hi: 255
[15:04:28.578]    DEBUG: <PixTestParameters.cc/dump:L107>   pix: 11,20
[15:04:28.578]    DEBUG: <PixTestParameters.cc/dump:L104> PixTestParameters: ->DacScan<-
[15:04:28.578]    DEBUG: <PixTestParameters.cc/dump:L107>   phmap: checkbox(1)
[15:04:28.578]    DEBUG: <PixTestParameters.cc/dump:L107>   allpixels: checkbox(0)
[15:04:28.578]    DEBUG: <PixTestParameters.cc/dump:L107>   unmasked: checkbox(0)
[15:04:28.578]    DEBUG: <PixTestParameters.cc/dump:L107>   ntrig: 10
[15:04:28.578]    DEBUG: <PixTestParameters.cc/dump:L107>   dac: vcal
[15:04:28.578]    DEBUG: <PixTestParameters.cc/dump:L107>   daclo: 0
[15:04:28.578]    DEBUG: <PixTestParameters.cc/dump:L107>   dachi: 255
[15:04:28.578]    DEBUG: <PixTestParameters.cc/dump:L107>   pix: 11,20
[15:04:28.578]    DEBUG: <PixTestParameters.cc/dump:L104> PixTestParameters: ->GainPedestal<-
[15:04:28.578]    DEBUG: <PixTestParameters.cc/dump:L107>   showfits: checkbox(0)
[15:04:28.578]    DEBUG: <PixTestParameters.cc/dump:L107>   extended: checkbox(0)
[15:04:28.578]    DEBUG: <PixTestParameters.cc/dump:L107>   dumphists: checkbox(0)
[15:04:28.578]    DEBUG: <PixTestParameters.cc/dump:L107>   ntrig: 10
[15:04:28.578]    DEBUG: <PixTestParameters.cc/dump:L107>   vcalstep: 10
[15:04:28.578]    DEBUG: <PixTestParameters.cc/dump:L107>   measure: button
[15:04:28.578]    DEBUG: <PixTestParameters.cc/dump:L107>   fit: button
[15:04:28.578]    DEBUG: <PixTestParameters.cc/dump:L107>   save: button
[15:04:28.578]    DEBUG: <PixTestParameters.cc/dump:L104> PixTestParameters: ->HighRate<-
[15:04:28.578]    DEBUG: <PixTestParameters.cc/dump:L107>   pix: 11,20
[15:04:28.578]    DEBUG: <PixTestParameters.cc/dump:L107>   trimhotpixels: button
[15:04:28.578]    DEBUG: <PixTestParameters.cc/dump:L107>   trimhotpixelthr: 200
[15:04:28.578]    DEBUG: <PixTestParameters.cc/dump:L107>   runsecondshotpixels: 10
[15:04:28.578]    DEBUG: <PixTestParameters.cc/dump:L107>   savetrimbits: checkbox(1)
[15:04:28.578]    DEBUG: <PixTestParameters.cc/dump:L107>   maskuntrimmable: checkbox(1)
[15:04:28.578]    DEBUG: <PixTestParameters.cc/dump:L107>   maskhotpixels: button
[15:04:28.578]    DEBUG: <PixTestParameters.cc/dump:L107>   savemaskfile: checkbox(0)
[15:04:28.578]    DEBUG: <PixTestParameters.cc/dump:L107>   maskfilename: default
[15:04:28.578]    DEBUG: <PixTestParameters.cc/dump:L107>   caldelscan: button
[15:04:28.578]    DEBUG: <PixTestParameters.cc/dump:L107>   xpixelalive: button
[15:04:28.578]    DEBUG: <PixTestParameters.cc/dump:L107>   ntrig: 50
[15:04:28.578]    DEBUG: <PixTestParameters.cc/dump:L107>   vcal: 200
[15:04:28.578]    DEBUG: <PixTestParameters.cc/dump:L107>   xnoisemaps: button
[15:04:28.578]    DEBUG: <PixTestParameters.cc/dump:L107>   daclo: 0
[15:04:28.578]    DEBUG: <PixTestParameters.cc/dump:L107>   dachi: 100
[15:04:28.578]    DEBUG: <PixTestParameters.cc/dump:L107>   dacs/step: 20
[15:04:28.578]    DEBUG: <PixTestParameters.cc/dump:L107>   rundaq: button
[15:04:28.578]    DEBUG: <PixTestParameters.cc/dump:L107>   trgfrequency(khz): 20
[15:04:28.578]    DEBUG: <PixTestParameters.cc/dump:L107>   runseconds: 2
[15:04:28.578]    DEBUG: <PixTestParameters.cc/dump:L107>   triggerdelay: 20
[15:04:28.578]    DEBUG: <PixTestParameters.cc/dump:L107>   delaytbm: checkbox
[15:04:28.578]    DEBUG: <PixTestParameters.cc/dump:L107>   filltree: checkbox
[15:04:28.578]    DEBUG: <PixTestParameters.cc/dump:L104> PixTestParameters: ->IV<-
[15:04:28.578]    DEBUG: <PixTestParameters.cc/dump:L107>   port: /dev/FIXME
[15:04:28.579]    DEBUG: <PixTestParameters.cc/dump:L107>   voltagestart: 0
[15:04:28.579]    DEBUG: <PixTestParameters.cc/dump:L107>   voltagestop: 600
[15:04:28.579]    DEBUG: <PixTestParameters.cc/dump:L107>   voltagestep: 5
[15:04:28.579]    DEBUG: <PixTestParameters.cc/dump:L107>   delay: 1
[15:04:28.579]    DEBUG: <PixTestParameters.cc/dump:L107>   compliance(ua): 100
[15:04:28.579]    DEBUG: <PixTestParameters.cc/dump:L104> PixTestParameters: ->PhOptimization<-
[15:04:28.579]    DEBUG: <PixTestParameters.cc/dump:L107>   ntrig: 10
[15:04:28.579]    DEBUG: <PixTestParameters.cc/dump:L107>   safetymarginlow: 20
[15:04:28.579]    DEBUG: <PixTestParameters.cc/dump:L107>   saturationvcal: 100
[15:04:28.579]    DEBUG: <PixTestParameters.cc/dump:L107>   quantilesaturation: 0.98
[15:04:28.579]    DEBUG: <PixTestParameters.cc/dump:L104> PixTestParameters: ->PixelAlive<-
[15:04:28.579]    DEBUG: <PixTestParameters.cc/dump:L107>   ntrig: 10
[15:04:28.579]    DEBUG: <PixTestParameters.cc/dump:L107>   vcal: 200
[15:04:28.579]    DEBUG: <PixTestParameters.cc/dump:L107>   alivetest: button
[15:04:28.579]    DEBUG: <PixTestParameters.cc/dump:L107>   masktest: button
[15:04:28.579]    DEBUG: <PixTestParameters.cc/dump:L107>   addressdecodingtest: button
[15:04:28.579]    DEBUG: <PixTestParameters.cc/dump:L104> PixTestParameters: ->Pretest<-
[15:04:28.579]    DEBUG: <PixTestParameters.cc/dump:L107>   programroc: button
[15:04:28.579]    DEBUG: <PixTestParameters.cc/dump:L107>   targetia: 24
[15:04:28.579]    DEBUG: <PixTestParameters.cc/dump:L107>   setvana: button
[15:04:28.579]    DEBUG: <PixTestParameters.cc/dump:L107>   iterations: 100
[15:04:28.579]    DEBUG: <PixTestParameters.cc/dump:L107>   settimings: button
[15:04:28.579]    DEBUG: <PixTestParameters.cc/dump:L107>   findtiming: button
[15:04:28.579]    DEBUG: <PixTestParameters.cc/dump:L107>   findworkingpixel: button
[15:04:28.579]    DEBUG: <PixTestParameters.cc/dump:L107>   setvthrcompcaldel: button
[15:04:28.579]    DEBUG: <PixTestParameters.cc/dump:L107>   pix: 11,20
[15:04:28.579]    DEBUG: <PixTestParameters.cc/dump:L107>   vcal: 250
[15:04:28.579]    DEBUG: <PixTestParameters.cc/dump:L107>   deltavthrcomp: 50
[15:04:28.579]    DEBUG: <PixTestParameters.cc/dump:L107>   fraccaldel: 0.5
[15:04:28.579]    DEBUG: <PixTestParameters.cc/dump:L107>   ntrig: 5
[15:04:28.579]    DEBUG: <PixTestParameters.cc/dump:L107>   savedacs: button
[15:04:28.579]    DEBUG: <PixTestParameters.cc/dump:L104> PixTestParameters: ->Readback<-
[15:04:28.579]    DEBUG: <PixTestParameters.cc/dump:L107>   calibratevd: button
[15:04:28.579]    DEBUG: <PixTestParameters.cc/dump:L107>   calibrateva: button
[15:04:28.579]    DEBUG: <PixTestParameters.cc/dump:L107>   calibrateia: button
[15:04:28.579]    DEBUG: <PixTestParameters.cc/dump:L107>   readbackvbg: button
[15:04:28.579]    DEBUG: <PixTestParameters.cc/dump:L107>   getcalibratedvbg: button
[15:04:28.579]    DEBUG: <PixTestParameters.cc/dump:L107>   usecalvd: checkbox(1)
[15:04:28.579]    DEBUG: <PixTestParameters.cc/dump:L107>   usecalva: checkbox(0)
[15:04:28.579]    DEBUG: <PixTestParameters.cc/dump:L107>   setvana: button
[15:04:28.579]    DEBUG: <PixTestParameters.cc/dump:L104> PixTestParameters: ->Scurves<-
[15:04:28.579]    DEBUG: <PixTestParameters.cc/dump:L107>   adjustvcal: checkbox(0)
[15:04:28.579]    DEBUG: <PixTestParameters.cc/dump:L107>   dumpall: checkbox(0)
[15:04:28.579]    DEBUG: <PixTestParameters.cc/dump:L107>   dumpproblematic: checkbox(0)
[15:04:28.579]    DEBUG: <PixTestParameters.cc/dump:L107>   dumpoutputfile: checkbox(0)
[15:04:28.579]    DEBUG: <PixTestParameters.cc/dump:L107>   ntrig: 50
[15:04:28.579]    DEBUG: <PixTestParameters.cc/dump:L107>   dac: Vcal
[15:04:28.579]    DEBUG: <PixTestParameters.cc/dump:L107>   daclo: 0
[15:04:28.579]    DEBUG: <PixTestParameters.cc/dump:L107>   dachi: 200
[15:04:28.579]    DEBUG: <PixTestParameters.cc/dump:L107>   dacs/step: -1
[15:04:28.579]    DEBUG: <PixTestParameters.cc/dump:L107>   ntrig/step: -1
[15:04:28.579]    DEBUG: <PixTestParameters.cc/dump:L107>   scurves: button
[15:04:28.579]    DEBUG: <PixTestParameters.cc/dump:L104> PixTestParameters: ->Timing<-
[15:04:28.579]    DEBUG: <PixTestParameters.cc/dump:L107>   targetclk: 4
[15:04:28.579]    DEBUG: <PixTestParameters.cc/dump:L107>   ntrig: 10
[15:04:28.579]    DEBUG: <PixTestParameters.cc/dump:L107>   clocksdascan: button
[15:04:28.579]    DEBUG: <PixTestParameters.cc/dump:L107>   notokenpass: checkbox(0)
[15:04:28.579]    DEBUG: <PixTestParameters.cc/dump:L107>   phasescan: button
[15:04:28.579]    DEBUG: <PixTestParameters.cc/dump:L107>   levelscan: button
[15:04:28.579]    DEBUG: <PixTestParameters.cc/dump:L107>   tbmphasescan: button
[15:04:28.579]    DEBUG: <PixTestParameters.cc/dump:L107>   rocdelayscan: button
[15:04:28.579]    DEBUG: <PixTestParameters.cc/dump:L107>   timingtest: button
[15:04:28.579]    DEBUG: <PixTestParameters.cc/dump:L107>   saveparameters: button
[15:04:28.579]    DEBUG: <PixTestParameters.cc/dump:L104> PixTestParameters: ->Trim<-
[15:04:28.579]    DEBUG: <PixTestParameters.cc/dump:L107>   trim: button
[15:04:28.579]    DEBUG: <PixTestParameters.cc/dump:L107>   ntrig: 8
[15:04:28.579]    DEBUG: <PixTestParameters.cc/dump:L107>   vcal: 35
[15:04:28.579]    DEBUG: <PixTestParameters.cc/dump:L107>   trimbits: button
[15:04:28.579]    DEBUG: <PixTestParameters.cc/dump:L104> PixTestParameters: ->Xray<-
[15:04:28.579]    DEBUG: <PixTestParameters.cc/dump:L107>   maskhotpixels: button
[15:04:28.579]    DEBUG: <PixTestParameters.cc/dump:L107>   savemaskfile: checkbox(0)
[15:04:28.579]    DEBUG: <PixTestParameters.cc/dump:L107>   maskfilename: default
[15:04:28.579]    DEBUG: <PixTestParameters.cc/dump:L107>   source: Ag
[15:04:28.579]    DEBUG: <PixTestParameters.cc/dump:L107>   phrun: button
[15:04:28.579]    DEBUG: <PixTestParameters.cc/dump:L107>   runseconds: 100
[15:04:28.579]    DEBUG: <PixTestParameters.cc/dump:L107>   trgfrequency(khz): 100
[15:04:28.579]    DEBUG: <PixTestParameters.cc/dump:L107>   ratescan: button
[15:04:28.580]    DEBUG: <PixTestParameters.cc/dump:L107>   vthrcompmin: 10
[15:04:28.580]    DEBUG: <PixTestParameters.cc/dump:L107>   vthrcompmax: 80
[15:04:28.580]    DEBUG: <PixTestParameters.cc/dump:L107>   stepseconds: 5
[15:04:28.580]    DEBUG: <PixTestParameters.cc/dump:L107>   delaytbm: checkbox
[15:04:28.580]    DEBUG: <PixTestParameters.cc/dump:L107>   filltree: checkbox
[15:04:28.582]    DEBUG: <PixSetup.cc/init:L81> PixSetup init start; getCurrentRSS() = 35332096
[15:04:28.582]    DEBUG: <PixSetup.cc/init:L87> fPixTestParameters = 0x1f6e380
[15:04:28.582]    DEBUG: <PixSetup.cc/init:L88>  fConfigParameters = 0x1ee3c10
[15:04:28.582]    DEBUG: <PixSetup.cc/init:L89>        fPxarMemory = 0x7f5e59d94010
[15:04:28.582]    DEBUG: <PixSetup.cc/init:L90>         fPxarMemHi = 0x7f5e5ffff510
[15:04:28.582]    DEBUG: <PixSetup.cc/init:L106> PixSetup init done;  getCurrentRSS() = 35340288 fPxarMemory = 0x7f5e59d94010
[15:04:28.583]    DEBUG: <pXar.cc/main:L223> Initial Analog Current: 385.9mA
[15:04:28.584]    DEBUG: <pXar.cc/main:L224> Initial Digital Current: 468.7mA
[15:04:28.584]    DEBUG: <pXar.cc/main:L225> Initial Module Temperature: 26.5 C
[15:04:29.082]    DEBUG: <PixGui.cc/hvOn:L460> HV set On: 0x252c600
[15:04:29.146]    DEBUG: <PixTestFactory.cc/PixTestFactory:L53> PixTestFactory::PixTestFactory()
[15:04:29.146]    DEBUG: <PixTestBBMap.cc/init:L79> PixTestBBMap::init()
[15:04:29.146]    DEBUG: <PixTestBBMap.cc/PixTestBBMap:L27> PixTestBBMap ctor(PixSetup &a, string, TGTab *)
[15:04:29.152]    DEBUG: <PixTestBB2Map.cc/setParameter:L58> setting fTargetIa    = 24 mA/ROC
[15:04:29.152]    DEBUG: <PixTestBB2Map.cc/init:L97> PixTestBB2Map::init()
[15:04:29.152]    DEBUG: <PixTestBB2Map.cc/PixTestBB2Map:L29> PixTestBB2Map ctor(PixSetup &a, string, TGTab *)
[15:04:29.163]    DEBUG: <PixTestBB3Map.cc/init:L81> PixTestBB3Map::init()
[15:04:29.163]    DEBUG: <PixTestBB3Map.cc/PixTestBB3Map:L29> PixTestBB3Map ctor(PixSetup &a, string, TGTab *)
[15:04:29.182]    DEBUG: <PixTestBB4Map.cc/init:L93> PixTestBB4Map::init()
[15:04:29.182]    DEBUG: <PixTestBB4Map.cc/PixTestBB4Map:L26> PixTestMapeff ctor(PixSetup &a, string, TGTab *)
[15:04:29.206]     INFO: PixTestCmd::init()
[15:04:29.218]    DEBUG: <PixTestDaq.cc/init:L44> PixTestDaq::init()
[15:04:29.218]    DEBUG: <PixTestDaq.cc/PixTestDaq:L22> PixTestDaq ctor(PixSetup &a, string, TGTab *)
[15:04:29.218]     INFO: readGainPedestalParameters data/mh228/M-H-2-28_ElComandanteTest_2015-12-23_15h48m_1450907287/000_FPIXTest_p17/phCalibrationFitErr35_C0.dat .. data/mh228/M-H-2-28_ElComandanteTest_2015-12-23_15h48m_1450907287/000_FPIXTest_p17/phCalibrationFitErr35_C15.dat
[15:04:29.463]    DEBUG: <PixTestDacDacScan.cc/init:L103> PixTestDacDacScan::init()
[15:04:29.463]    DEBUG: <PixTestDacDacScan.cc/PixTestDacDacScan:L22> PixTestDacDacScan ctor(PixSetup &a, string, TGTab *)
[15:04:29.477]    DEBUG: <PixTestGainPedestal.cc/setParameter:L83> PixTestGainPedestal::PixTest() fVcalStep = 10
[15:04:29.483]    DEBUG: <PixTestHighRate.cc/setParameter:L68>   setting fParTriggerFrequency -> 20
[15:04:29.483]    DEBUG: <PixTestHighRate.cc/init:L198> PixTestHighRate::init()
[15:04:29.483]    DEBUG: <PixTestHighRate.cc/PixTestHighRate:L31> PixTestHighRate ctor(PixSetup &a, string, TGTab *)
[15:04:29.509]    DEBUG: <PixTest.cc/setTestParameter:L637>  setting  ntrig to new value 10
[15:04:29.509]    DEBUG: <PixTestPhOptimization.cc/setParameter:L37>   setting fParNtrig  ->10<- from sval = 10
[15:04:29.509]    DEBUG: <PixTestPhOptimization.cc/setParameter:L42>   setting fSafetyMarginLow  ->20<- from sval = 20
[15:04:29.509]    DEBUG: <PixTestPhOptimization.cc/setParameter:L48>   setting fVcalMax  ->100<- from sval = 100
[15:04:29.509]    DEBUG: <PixTestPhOptimization.cc/setParameter:L53>   setting fQuantMax  ->0.98<- from sval = 0.98
[15:04:29.517]    DEBUG: <PixTestAlive.cc/init:L77> PixTestAlive::init()
[15:04:29.517]    DEBUG: <PixTestAlive.cc/PixTestAlive:L21> PixTestAlive ctor(PixSetup &a, string, TGTab *)
[15:04:29.538]    DEBUG: <PixTestReadback.cc/setParameter:L172> fCalwVd set to 1
[15:04:29.538]    DEBUG: <PixTestReadback.cc/init:L95> PixTestReadback::init()
[15:04:29.538]    DEBUG: <PixTestReadback.cc/PixTestReadback:L22> PixTestReadback ctor(PixSetup &a, string, TGTab *)
[15:04:29.538]     INFO: readReadbackCal: data/mh228/M-H-2-28_ElComandanteTest_2015-12-23_15h48m_1450907287/000_FPIXTest_p17/readbackCal_C0.dat .. data/mh228/M-H-2-28_ElComandanteTest_2015-12-23_15h48m_1450907287/000_FPIXTest_p17/readbackCal_C15.dat
[15:04:29.547]    DEBUG: <PixTestScurves.cc/setParameter:L93> set fOutputFilename = 
[15:04:29.556]    DEBUG: <PixTestTiming.cc/setParameter:L60> PixTestTiming::PixTest() targetclk = 4
[15:04:29.556]    DEBUG: <PixTestTiming.cc/setParameter:L64> PixTestTiming::PixTest() ntrig = 10
[15:04:29.556]    DEBUG: <PixTestTiming.cc/setParameter:L48> fNoTokenPass: 0
[15:04:29.556]    DEBUG: <PixTestTiming.cc/init:L74> PixTestTiming::init()
[15:04:29.575]    DEBUG: <PixTestXray.cc/init:L134> PixTestXray::init()
[15:04:29.575]    DEBUG: <PixTestXray.cc/PixTestXray:L28> PixTestXray ctor(PixSetup &a, string, TGTab *)
[15:04:33.286]    DEBUG: <PixTab.cc/buttonClicked:L308> xxxPressed():  caldelscan
[15:04:33.286]    DEBUG: <PixTestHighRate.cc/runCommand:L157> running command: caldelscan
[15:04:33.286]     INFO:    ----------------------------------------------------------------------
[15:04:33.286]     INFO:    PixTestHighRate::calDelScan() ntrig = 10, vcal = 200
[15:04:33.286]     INFO:    ----------------------------------------------------------------------
[15:04:33.428]     INFO: Expecting 768 events.
[15:04:34.565]     INFO: 768 events read in total (419ms).
[15:04:34.754]     INFO: Test took 1462ms.
[15:04:34.760]    DEBUG: <PixTest.cc/efficiencyMaps:L396>       attempt #0
[15:04:35.430]     INFO: Expecting 41600 events.
[15:04:38.495]     INFO: 41600 events read in total (2538ms).
[15:04:38.499]     INFO: Test took 3739ms.
[15:04:38.551]     INFO: Fetched DAQ statistics. Counters are being reset now.
[15:04:38.551]    DEBUG: <PixTest.cc/efficiencyMaps:L407>  eff result size = 284753
[15:04:38.551]    DEBUG: <PixTest.cc/efficiencyMaps:L412> Create hists HR_xeff_CalDelScan_step0_C0 .. HR_xeff_CalDelScan_step0_C15
[15:04:38.552]    DEBUG: <PixTest.cc/efficiencyMaps:L426> booking xray maps for unmasked detector
[15:04:38.580]    DEBUG: <PixTest.cc/efficiencyMaps:L396>       attempt #0
[15:04:39.247]     INFO: Expecting 41600 events.
[15:04:42.484]     INFO: 41600 events read in total (2710ms).
[15:04:42.487]     INFO: Test took 3907ms.
[15:04:42.539]     INFO: Fetched DAQ statistics. Counters are being reset now.
[15:04:42.539]    DEBUG: <PixTest.cc/efficiencyMaps:L407>  eff result size = 296358
[15:04:42.539]    DEBUG: <PixTest.cc/efficiencyMaps:L412> Create hists HR_xeff_CalDelScan_step1_C0 .. HR_xeff_CalDelScan_step1_C15
[15:04:42.539]    DEBUG: <PixTest.cc/efficiencyMaps:L426> booking xray maps for unmasked detector
[15:04:42.565]    DEBUG: <PixTest.cc/efficiencyMaps:L396>       attempt #0
[15:04:43.230]     INFO: Expecting 41600 events.
[15:04:46.525]     INFO: 41600 events read in total (2768ms).
[15:04:46.528]     INFO: Test took 3963ms.
[15:04:46.579]     INFO: Fetched DAQ statistics. Counters are being reset now.
[15:04:46.579]    DEBUG: <PixTest.cc/efficiencyMaps:L407>  eff result size = 298864
[15:04:46.580]    DEBUG: <PixTest.cc/efficiencyMaps:L412> Create hists HR_xeff_CalDelScan_step2_C0 .. HR_xeff_CalDelScan_step2_C15
[15:04:46.580]    DEBUG: <PixTest.cc/efficiencyMaps:L426> booking xray maps for unmasked detector
[15:04:46.609]    DEBUG: <PixTest.cc/efficiencyMaps:L396>       attempt #0
[15:04:47.276]     INFO: Expecting 41600 events.
[15:04:50.571]     INFO: 41600 events read in total (2769ms).
[15:04:50.573]     INFO: Test took 3964ms.
[15:04:50.625]     INFO: Fetched DAQ statistics. Counters are being reset now.
[15:04:50.625]    DEBUG: <PixTest.cc/efficiencyMaps:L407>  eff result size = 299970
[15:04:50.625]    DEBUG: <PixTest.cc/efficiencyMaps:L412> Create hists HR_xeff_CalDelScan_step3_C0 .. HR_xeff_CalDelScan_step3_C15
[15:04:50.625]    DEBUG: <PixTest.cc/efficiencyMaps:L426> booking xray maps for unmasked detector
[15:04:50.654]    DEBUG: <PixTest.cc/efficiencyMaps:L396>       attempt #0
[15:04:51.321]     INFO: Expecting 41600 events.
[15:04:54.635]     INFO: 41600 events read in total (2787ms).
[15:04:54.637]     INFO: Test took 3983ms.
[15:04:54.687]     INFO: Fetched DAQ statistics. Counters are being reset now.
[15:04:54.687]    DEBUG: <PixTest.cc/efficiencyMaps:L407>  eff result size = 300041
[15:04:54.687]    DEBUG: <PixTest.cc/efficiencyMaps:L412> Create hists HR_xeff_CalDelScan_step4_C0 .. HR_xeff_CalDelScan_step4_C15
[15:04:54.688]    DEBUG: <PixTest.cc/efficiencyMaps:L426> booking xray maps for unmasked detector
[15:04:54.716]    DEBUG: <PixTest.cc/efficiencyMaps:L396>       attempt #0
[15:04:55.381]     INFO: Expecting 41600 events.
[15:04:58.685]     INFO: 41600 events read in total (2778ms).
[15:04:58.688]     INFO: Test took 3972ms.
[15:04:58.738]     INFO: Fetched DAQ statistics. Counters are being reset now.
[15:04:58.739]    DEBUG: <PixTest.cc/efficiencyMaps:L407>  eff result size = 299822
[15:04:58.739]    DEBUG: <PixTest.cc/efficiencyMaps:L412> Create hists HR_xeff_CalDelScan_step5_C0 .. HR_xeff_CalDelScan_step5_C15
[15:04:58.739]    DEBUG: <PixTest.cc/efficiencyMaps:L426> booking xray maps for unmasked detector
[15:04:58.767]    DEBUG: <PixTest.cc/efficiencyMaps:L396>       attempt #0
[15:04:59.432]     INFO: Expecting 41600 events.
[15:05:02.742]     INFO: 41600 events read in total (2784ms).
[15:05:02.745]     INFO: Test took 3978ms.
[15:05:02.796]     INFO: Fetched DAQ statistics. Counters are being reset now.
[15:05:02.796]    DEBUG: <PixTest.cc/efficiencyMaps:L407>  eff result size = 299992
[15:05:02.796]    DEBUG: <PixTest.cc/efficiencyMaps:L412> Create hists HR_xeff_CalDelScan_step6_C0 .. HR_xeff_CalDelScan_step6_C15
[15:05:02.796]    DEBUG: <PixTest.cc/efficiencyMaps:L426> booking xray maps for unmasked detector
[15:05:02.825]    DEBUG: <PixTest.cc/efficiencyMaps:L396>       attempt #0
[15:05:03.492]     INFO: Expecting 41600 events.
[15:05:06.806]     INFO: 41600 events read in total (2787ms).
[15:05:06.809]     INFO: Test took 3984ms.
[15:05:06.858]     INFO: Fetched DAQ statistics. Counters are being reset now.
[15:05:06.858]    DEBUG: <PixTest.cc/efficiencyMaps:L407>  eff result size = 300271
[15:05:06.858]    DEBUG: <PixTest.cc/efficiencyMaps:L412> Create hists HR_xeff_CalDelScan_step7_C0 .. HR_xeff_CalDelScan_step7_C15
[15:05:06.858]    DEBUG: <PixTest.cc/efficiencyMaps:L426> booking xray maps for unmasked detector
[15:05:06.886]    DEBUG: <PixTest.cc/efficiencyMaps:L396>       attempt #0
[15:05:07.551]     INFO: Expecting 41600 events.
[15:05:10.858]     INFO: 41600 events read in total (2780ms).
[15:05:10.860]     INFO: Test took 3974ms.
[15:05:10.910]     INFO: Fetched DAQ statistics. Counters are being reset now.
[15:05:10.910]    DEBUG: <PixTest.cc/efficiencyMaps:L407>  eff result size = 299256
[15:05:10.910]    DEBUG: <PixTest.cc/efficiencyMaps:L412> Create hists HR_xeff_CalDelScan_step8_C0 .. HR_xeff_CalDelScan_step8_C15
[15:05:10.910]    DEBUG: <PixTest.cc/efficiencyMaps:L426> booking xray maps for unmasked detector
[15:05:10.938]    DEBUG: <PixTest.cc/efficiencyMaps:L396>       attempt #0
[15:05:11.603]     INFO: Expecting 41600 events.
[15:05:14.911]     INFO: 41600 events read in total (2781ms).
[15:05:14.914]     INFO: Test took 3976ms.
[15:05:14.963]     INFO: Fetched DAQ statistics. Counters are being reset now.
[15:05:14.963]    DEBUG: <PixTest.cc/efficiencyMaps:L407>  eff result size = 300045
[15:05:14.963]    DEBUG: <PixTest.cc/efficiencyMaps:L412> Create hists HR_xeff_CalDelScan_step9_C0 .. HR_xeff_CalDelScan_step9_C15
[15:05:14.963]    DEBUG: <PixTest.cc/efficiencyMaps:L426> booking xray maps for unmasked detector
[15:05:14.990]    DEBUG: <PixTest.cc/efficiencyMaps:L396>       attempt #0
[15:05:15.656]     INFO: Expecting 41600 events.
[15:05:18.971]     INFO: 41600 events read in total (2789ms).
[15:05:18.974]     INFO: Test took 3983ms.
[15:05:19.025]     INFO: Fetched DAQ statistics. Counters are being reset now.
[15:05:19.025]    DEBUG: <PixTest.cc/efficiencyMaps:L407>  eff result size = 300618
[15:05:19.025]    DEBUG: <PixTest.cc/efficiencyMaps:L412> Create hists HR_xeff_CalDelScan_step10_C0 .. HR_xeff_CalDelScan_step10_C15
[15:05:19.026]    DEBUG: <PixTest.cc/efficiencyMaps:L426> booking xray maps for unmasked detector
[15:05:19.055]    DEBUG: <PixTest.cc/efficiencyMaps:L396>       attempt #0
[15:05:19.722]     INFO: Expecting 41600 events.
[15:05:23.022]     INFO: 41600 events read in total (2773ms).
[15:05:23.025]     INFO: Test took 3970ms.
[15:05:23.075]     INFO: Fetched DAQ statistics. Counters are being reset now.
[15:05:23.075]    DEBUG: <PixTest.cc/efficiencyMaps:L407>  eff result size = 300667
[15:05:23.075]    DEBUG: <PixTest.cc/efficiencyMaps:L412> Create hists HR_xeff_CalDelScan_step11_C0 .. HR_xeff_CalDelScan_step11_C15
[15:05:23.075]    DEBUG: <PixTest.cc/efficiencyMaps:L426> booking xray maps for unmasked detector
[15:05:23.103]    DEBUG: <PixTest.cc/efficiencyMaps:L396>       attempt #0
[15:05:23.768]     INFO: Expecting 41600 events.
[15:05:27.085]     INFO: 41600 events read in total (2791ms).
[15:05:27.088]     INFO: Test took 3985ms.
[15:05:27.139]     INFO: Fetched DAQ statistics. Counters are being reset now.
[15:05:27.139]    DEBUG: <PixTest.cc/efficiencyMaps:L407>  eff result size = 300286
[15:05:27.139]    DEBUG: <PixTest.cc/efficiencyMaps:L412> Create hists HR_xeff_CalDelScan_step12_C0 .. HR_xeff_CalDelScan_step12_C15
[15:05:27.139]    DEBUG: <PixTest.cc/efficiencyMaps:L426> booking xray maps for unmasked detector
[15:05:27.167]    DEBUG: <PixTest.cc/efficiencyMaps:L396>       attempt #0
[15:05:27.832]     INFO: Expecting 41600 events.
[15:05:31.131]     INFO: 41600 events read in total (2772ms).
[15:05:31.134]     INFO: Test took 3967ms.
[15:05:31.184]     INFO: Fetched DAQ statistics. Counters are being reset now.
[15:05:31.184]    DEBUG: <PixTest.cc/efficiencyMaps:L407>  eff result size = 299776
[15:05:31.184]    DEBUG: <PixTest.cc/efficiencyMaps:L412> Create hists HR_xeff_CalDelScan_step13_C0 .. HR_xeff_CalDelScan_step13_C15
[15:05:31.184]    DEBUG: <PixTest.cc/efficiencyMaps:L426> booking xray maps for unmasked detector
[15:05:31.212]    DEBUG: <PixTest.cc/efficiencyMaps:L396>       attempt #0
[15:05:31.878]     INFO: Expecting 41600 events.
[15:05:35.189]     INFO: 41600 events read in total (2785ms).
[15:05:35.192]     INFO: Test took 3980ms.
[15:05:35.242]     INFO: Fetched DAQ statistics. Counters are being reset now.
[15:05:35.242]    DEBUG: <PixTest.cc/efficiencyMaps:L407>  eff result size = 299959
[15:05:35.242]    DEBUG: <PixTest.cc/efficiencyMaps:L412> Create hists HR_xeff_CalDelScan_step14_C0 .. HR_xeff_CalDelScan_step14_C15
[15:05:35.242]    DEBUG: <PixTest.cc/efficiencyMaps:L426> booking xray maps for unmasked detector
[15:05:35.270]    DEBUG: <PixTest.cc/efficiencyMaps:L396>       attempt #0
[15:05:35.935]     INFO: Expecting 41600 events.
[15:05:39.242]     INFO: 41600 events read in total (2780ms).
[15:05:39.245]     INFO: Test took 3975ms.
[15:05:39.295]     INFO: Fetched DAQ statistics. Counters are being reset now.
[15:05:39.295]    DEBUG: <PixTest.cc/efficiencyMaps:L407>  eff result size = 300473
[15:05:39.295]    DEBUG: <PixTest.cc/efficiencyMaps:L412> Create hists HR_xeff_CalDelScan_step15_C0 .. HR_xeff_CalDelScan_step15_C15
[15:05:39.296]    DEBUG: <PixTest.cc/efficiencyMaps:L426> booking xray maps for unmasked detector
[15:05:39.324]    DEBUG: <PixTest.cc/efficiencyMaps:L396>       attempt #0
[15:05:39.989]     INFO: Expecting 41600 events.
[15:05:43.304]     INFO: 41600 events read in total (2788ms).
[15:05:43.307]     INFO: Test took 3983ms.
[15:05:43.357]     INFO: Fetched DAQ statistics. Counters are being reset now.
[15:05:43.357]    DEBUG: <PixTest.cc/efficiencyMaps:L407>  eff result size = 299508
[15:05:43.357]    DEBUG: <PixTest.cc/efficiencyMaps:L412> Create hists HR_xeff_CalDelScan_step16_C0 .. HR_xeff_CalDelScan_step16_C15
[15:05:43.358]    DEBUG: <PixTest.cc/efficiencyMaps:L426> booking xray maps for unmasked detector
[15:05:43.386]    DEBUG: <PixTest.cc/efficiencyMaps:L396>       attempt #0
[15:05:44.051]     INFO: Expecting 41600 events.
[15:05:47.373]     INFO: 41600 events read in total (2796ms).
[15:05:47.376]     INFO: Test took 3990ms.
[15:05:47.426]     INFO: Fetched DAQ statistics. Counters are being reset now.
[15:05:47.426]    DEBUG: <PixTest.cc/efficiencyMaps:L407>  eff result size = 300534
[15:05:47.426]    DEBUG: <PixTest.cc/efficiencyMaps:L412> Create hists HR_xeff_CalDelScan_step17_C0 .. HR_xeff_CalDelScan_step17_C15
[15:05:47.427]    DEBUG: <PixTest.cc/efficiencyMaps:L426> booking xray maps for unmasked detector
[15:05:47.454]    DEBUG: <PixTest.cc/efficiencyMaps:L396>       attempt #0
[15:05:48.119]     INFO: Expecting 41600 events.
[15:05:51.425]     INFO: 41600 events read in total (2779ms).
[15:05:51.428]     INFO: Test took 3974ms.
[15:05:51.478]     INFO: Fetched DAQ statistics. Counters are being reset now.
[15:05:51.478]    DEBUG: <PixTest.cc/efficiencyMaps:L407>  eff result size = 300009
[15:05:51.478]    DEBUG: <PixTest.cc/efficiencyMaps:L412> Create hists HR_xeff_CalDelScan_step18_C0 .. HR_xeff_CalDelScan_step18_C15
[15:05:51.479]    DEBUG: <PixTest.cc/efficiencyMaps:L426> booking xray maps for unmasked detector
[15:05:51.506]    DEBUG: <PixTest.cc/efficiencyMaps:L396>       attempt #0
[15:05:52.172]     INFO: Expecting 41600 events.
[15:05:55.408]     INFO: 41600 events read in total (2710ms).
[15:05:55.410]     INFO: Test took 3904ms.
[15:05:55.460]     INFO: Fetched DAQ statistics. Counters are being reset now.
[15:05:55.461]    DEBUG: <PixTest.cc/efficiencyMaps:L407>  eff result size = 297999
[15:05:55.461]    DEBUG: <PixTest.cc/efficiencyMaps:L412> Create hists HR_xeff_CalDelScan_step19_C0 .. HR_xeff_CalDelScan_step19_C15
[15:05:55.461]    DEBUG: <PixTest.cc/efficiencyMaps:L426> booking xray maps for unmasked detector
[15:05:55.744]    DEBUG: <PixTestHighRate.cc/doCalDelScan:L422> roc  0: caldel = 162 eff = 0.999567
[15:05:55.744]    DEBUG: <PixTestHighRate.cc/doCalDelScan:L422> roc  1: caldel = 130 eff = 0.999904
[15:05:55.744]    DEBUG: <PixTestHighRate.cc/doCalDelScan:L422> roc  2: caldel = 149 eff = 0.999712
[15:05:55.745]    DEBUG: <PixTestHighRate.cc/doCalDelScan:L422> roc  3: caldel = 160 eff = 0.999688
[15:05:55.745]    DEBUG: <PixTestHighRate.cc/doCalDelScan:L422> roc  4: caldel = 146 eff = 0.999567
[15:05:55.745]    DEBUG: <PixTestHighRate.cc/doCalDelScan:L422> roc  5: caldel = 167 eff = 0.999423
[15:05:55.745]    DEBUG: <PixTestHighRate.cc/doCalDelScan:L422> roc  6: caldel = 162 eff = 0.999567
[15:05:55.745]    DEBUG: <PixTestHighRate.cc/doCalDelScan:L422> roc  7: caldel = 156 eff = 0.999615
[15:05:55.745]    DEBUG: <PixTestHighRate.cc/doCalDelScan:L422> roc  8: caldel = 149 eff = 0.999591
[15:05:55.745]    DEBUG: <PixTestHighRate.cc/doCalDelScan:L422> roc  9: caldel = 136 eff = 0.999543
[15:05:55.746]    DEBUG: <PixTestHighRate.cc/doCalDelScan:L422> roc 10: caldel = 158 eff = 0.999591
[15:05:55.746]    DEBUG: <PixTestHighRate.cc/doCalDelScan:L422> roc 11: caldel = 171 eff = 0.999663
[15:05:55.746]    DEBUG: <PixTestHighRate.cc/doCalDelScan:L422> roc 12: caldel = 189 eff = 0.999399
[15:05:55.746]    DEBUG: <PixTestHighRate.cc/doCalDelScan:L422> roc 13: caldel = 146 eff = 0.999736
[15:05:55.746]    DEBUG: <PixTestHighRate.cc/doCalDelScan:L422> roc 14: caldel = 137 eff = 0.999159
[15:05:55.746]    DEBUG: <PixTestHighRate.cc/doCalDelScan:L422> roc 15: caldel = 171 eff = 0.99988
[15:06:26.838]    DEBUG: <PixTab.cc/buttonClicked:L308> xxxPressed():  xpixelalive
[15:06:26.838]    DEBUG: <PixTestHighRate.cc/runCommand:L157> running command: xpixelalive
[15:06:26.838]     INFO:    ----------------------------------------------------------------------
[15:06:26.838]     INFO:    PixTestHighRate::xPixelAlive() ntrig = 50, vcal = 200
[15:06:26.838]     INFO:    ----------------------------------------------------------------------
[15:06:26.839]    DEBUG: <PixTestHighRate.cc/doXPixelAlive:L451>  old set: clk: 4
[15:06:26.839]    DEBUG: <PixTestHighRate.cc/doXPixelAlive:L451>  old set: ctr: 4
[15:06:26.839]    DEBUG: <PixTestHighRate.cc/doXPixelAlive:L451>  old set: sda: 19
[15:06:26.839]    DEBUG: <PixTestHighRate.cc/doXPixelAlive:L451>  old set: tin: 9
[15:06:26.839]    DEBUG: <PixTestHighRate.cc/doXPixelAlive:L451>  old set: level: 15
[15:06:26.839]    DEBUG: <PixTestHighRate.cc/doXPixelAlive:L451>  old set: triggerdelay: 0
[15:06:26.839]    DEBUG: <PixTestHighRate.cc/doXPixelAlive:L467>  setting: clk: 4
[15:06:26.839]    DEBUG: <PixTestHighRate.cc/doXPixelAlive:L467>  setting: ctr: 4
[15:06:26.839]    DEBUG: <PixTestHighRate.cc/doXPixelAlive:L467>  setting: sda: 19
[15:06:26.839]    DEBUG: <PixTestHighRate.cc/doXPixelAlive:L467>  setting: tin: 9
[15:06:26.839]    DEBUG: <PixTestHighRate.cc/doXPixelAlive:L467>  setting: level: 15
[15:06:26.839]    DEBUG: <PixTestHighRate.cc/doXPixelAlive:L467>  setting: triggerdelay: 20
[15:06:26.881]    DEBUG: <PixTest.cc/efficiencyMaps:L396>       attempt #0
[15:06:27.553]     INFO: Expecting 208000 events.
[15:06:39.754]     INFO: 208000 events read in total (11675ms).
[15:06:39.761]     INFO: Test took 12880ms.
[15:06:39.973]     INFO: Fetched DAQ statistics. Counters are being reset now.
[15:06:39.973]    DEBUG: <PixTest.cc/efficiencyMaps:L407>  eff result size = 1228485
[15:06:39.973]    DEBUG: <PixTest.cc/efficiencyMaps:L412> Create hists highRate_C0 .. highRate_C15
[15:06:39.973]    DEBUG: <PixTest.cc/efficiencyMaps:L426> booking xray maps for unmasked detector
[15:06:40.288]     INFO: number of dead pixels (per ROC):     1    0    0    0    0    0    0    0    0    0    0    0    1    0    3    0
[15:06:40.288]     INFO: number of red-efficiency pixels:    59   51   69   95  125  111  122  122  104  124  127   89  119   81   47   45
[15:06:40.288]     INFO: number of X-ray hits detected:    47983 34517 58436 85452 90213 89064 91366 83451 90991 93141 90830 85673 86257 58688 34088 41780
[15:06:40.288]     INFO: number of triggers sent (total per ROC):  208000 208000 208000 208000 208000 208000 208000 208000 208000 208000 208000 208000 208000 208000 208000 208000
[15:06:40.288]     INFO: number of Vcal hits detected:  207892 207948 207930 207904 207872 207887 207875 207878 207894 207873 207873 207909 207830 207919 207806 207954
[15:06:40.288]     INFO: Vcal hit fiducial efficiency (%):  100.0 100.0 100.0 100.0 99.9 99.9 99.9 99.9 100.0 99.9 99.9 100.0 99.9 100.0 100.0 100.0
[15:06:40.288]     INFO: Vcal hit overall efficiency (%):  99.9 100.0 100.0 100.0 99.9 99.9 99.9 99.9 99.9 99.9 99.9 100.0 99.9 100.0 99.9 100.0
[15:06:40.288]     INFO: X-ray hit rate [MHz/cm2]:  14.1 10.1 17.1 25.0 26.4 26.1 26.8 24.5 26.7 27.3 26.6 25.1 25.3 17.2 10.0 12.2
[15:06:40.288]     INFO: PixTestHighRate::doXPixelAlive() done
[15:06:40.333]    DEBUG: <PixTestHighRate.cc/doXPixelAlive:L586>  resetting: clk: 4
[15:06:40.333]    DEBUG: <PixTestHighRate.cc/doXPixelAlive:L586>  resetting: ctr: 4
[15:06:40.333]    DEBUG: <PixTestHighRate.cc/doXPixelAlive:L586>  resetting: sda: 19
[15:06:40.333]    DEBUG: <PixTestHighRate.cc/doXPixelAlive:L586>  resetting: tin: 9
[15:06:40.333]    DEBUG: <PixTestHighRate.cc/doXPixelAlive:L586>  resetting: level: 15
[15:06:40.333]    DEBUG: <PixTestHighRate.cc/doXPixelAlive:L586>  resetting: triggerdelay: 0
[15:06:40.333]     INFO: PixTest::       pg_setup set to default.
[15:06:45.494]    DEBUG: <PixTest.cc/moduleMap:L1029> moduleMap histname: what
[15:06:45.494]    DEBUG: <PixTest.cc/moduleMap:L1039> h1->GetName() = highRate_xraymap_C14_V0 -> highRate_xraymap_mod
[15:06:58.918]    DEBUG: <PixGui.cc/handleButtons:L396> PixGui::exit called
[15:06:58.919]    DEBUG: <PixGui.cc/CloseWindow:L335> Final Analog Current: 389.1mA
[15:06:58.920]    DEBUG: <PixGui.cc/CloseWindow:L336> Final Digital Current: 467.9mA
[15:06:58.920]    DEBUG: <PixGui.cc/CloseWindow:L337> Final Module Temperature: 29.2 C
[15:06:58.920]    DEBUG: <PixTestBBMap.cc/~PixTestBBMap:L97> PixTestBBMap dtor
[15:06:58.920]    DEBUG: <PixTestBB2Map.cc/~PixTestBB2Map:L115> PixTestBB2Map dtor
[15:06:58.920]    DEBUG: <PixTestBB3Map.cc/~PixTestBB3Map:L99> PixTestBB3Map dtor
[15:06:58.920]    DEBUG: <PixTestBB4Map.cc/~PixTestBB4Map:L118> PixTestBB4Map dtor
[15:06:58.920]    DEBUG: <PixTestCmd.cc/~PixTestCmd:L78> PixTestCmd dtor
[15:06:58.920]    DEBUG: <PixTestDaq.cc/~PixTestDaq:L37> PixTestDaq dtor
[15:06:58.920]    DEBUG: <PixTestDacDacScan.cc/~PixTestDacDacScan:L136> PixTestDacDacScan dtor
[15:06:58.920]    DEBUG: <PixTestDacScan.cc/~PixTestDacScan:L129> PixTestDacScan dtor
[15:06:58.920]    DEBUG: <PixTestGainPedestal.cc/~PixTestGainPedestal:L125> PixTestGainPedestal dtor
[15:06:58.920]    DEBUG: <PixTestHighRate.cc/~PixTestHighRate:L245> PixTestHighRate dtor
[15:06:59.011]    DEBUG: <PixTestIV.cc/~PixTestIV:L96> PixTestIV dtor
[15:06:59.011]    DEBUG: <PixTestAlive.cc/~PixTestAlive:L109> PixTestAlive dtor
[15:06:59.011]    DEBUG: <PixTestPretest.cc/~PixTestPretest:L136> PixTestPretest dtor
[15:06:59.011]    DEBUG: <PixTestReadback.cc/~PixTestReadback:L89> PixTestReadback dtor, saving tree ... 
[15:06:59.011]    DEBUG: <PixTestScurves.cc/~PixTestScurves:L142> PixTestScurves dtor
[15:06:59.011]    DEBUG: <PixTestTiming.cc/~PixTestTiming:L97> PixTestTiming dtor
[15:06:59.011]    DEBUG: <PixTestTrim.cc/~PixTestTrim:L103> PixTestTrim dtor
[15:06:59.011]    DEBUG: <PixTestXray.cc/~PixTestXray:L217> PixTestXray dtor
[15:06:59.014]    QUIET: Connection to board 58 closed.
[15:06:59.093]    DEBUG: <PixMonitor.cc/dumpSummaries:L39> PixMonitor::dumpSummaries
