[15:01:09.878]     INFO: *** Welcome to pxar ***
[15:01:09.878]     INFO: *** Today: 2016/01/06
[15:01:09.887]     INFO: *** Version: prod-12
[15:01:09.887]     INFO: readRocDacs: data/mh228/M-H-2-28_ElComandanteTest_2015-12-23_15h48m_1450907287/000_FPIXTest_p17/dacParameters35_C0.dat .. data/mh228/M-H-2-28_ElComandanteTest_2015-12-23_15h48m_1450907287/000_FPIXTest_p17/dacParameters35_C15.dat
[15:01:09.888]     INFO: readTbmDacs: data/mh228/M-H-2-28_ElComandanteTest_2015-12-23_15h48m_1450907287/000_FPIXTest_p17/tbmParameters_C0a.dat .. data/mh228/M-H-2-28_ElComandanteTest_2015-12-23_15h48m_1450907287/000_FPIXTest_p17/tbmParameters_C0b.dat
[15:01:09.888]     INFO: readMaskFile: data/mh228/M-H-2-28_ElComandanteTest_2015-12-23_15h48m_1450907287/000_FPIXTest_p17/defaultMaskFile.dat
[15:01:09.888]     INFO: readTrimFile: data/mh228/M-H-2-28_ElComandanteTest_2015-12-23_15h48m_1450907287/000_FPIXTest_p17/trimParameters35_C0.dat .. data/mh228/M-H-2-28_ElComandanteTest_2015-12-23_15h48m_1450907287/000_FPIXTest_p17/trimParameters35_C15.dat
[15:01:10.039]     INFO:         clk: 4
[15:01:10.039]     INFO:         ctr: 4
[15:01:10.039]     INFO:         sda: 19
[15:01:10.039]     INFO:         tin: 9
[15:01:10.039]     INFO:         level: 15
[15:01:10.039]     INFO:         triggerdelay: 0
[15:01:10.039]    QUIET: Instanciating API for pxar prod-12
[15:01:10.039]     INFO: Log level: DEBUG
[15:01:10.050]    QUIET: Connection to board DTB_WRPRHI opened.
[15:01:10.054]     INFO: DTB startup information
--- DTB info------------------------------------------
Board id:    58
HW version:  DTB1.2
FW version:  4.2
SW version:  4.5
USB id:      DTB_WRPRHI
MAC address: 40D85511803A
Hostname:    pixelDTB058
Comment:     
------------------------------------------------------
[15:01:10.056]     INFO: RPC call hashes of host and DTB match: 398089610
[15:01:11.660]     INFO: DUT info: 
[15:01:11.660]     INFO: The DUT currently contains the following objects:
[15:01:11.660]     INFO:  2 TBM Cores tbm08c (2 ON)
[15:01:11.660]     INFO: 	TBM Core alpha (0): 7 registers set
[15:01:11.660]     INFO: 	TBM Core beta  (1): 7 registers set
[15:01:11.660]     INFO: 16 ROCs psi46digv21respin (16 ON) with 4160 pixelConfigs
[15:01:11.660]     INFO: 	ROC 0: 19 DACs set, Pixels: 0 masked, 0 active.
[15:01:11.661]     INFO: 	ROC 1: 19 DACs set, Pixels: 0 masked, 0 active.
[15:01:11.661]     INFO: 	ROC 2: 19 DACs set, Pixels: 0 masked, 0 active.
[15:01:11.661]     INFO: 	ROC 3: 19 DACs set, Pixels: 0 masked, 0 active.
[15:01:11.661]     INFO: 	ROC 4: 19 DACs set, Pixels: 0 masked, 0 active.
[15:01:11.661]     INFO: 	ROC 5: 19 DACs set, Pixels: 0 masked, 0 active.
[15:01:11.661]     INFO: 	ROC 6: 19 DACs set, Pixels: 0 masked, 0 active.
[15:01:11.661]     INFO: 	ROC 7: 19 DACs set, Pixels: 0 masked, 0 active.
[15:01:11.661]     INFO: 	ROC 8: 19 DACs set, Pixels: 0 masked, 0 active.
[15:01:11.661]     INFO: 	ROC 9: 19 DACs set, Pixels: 0 masked, 0 active.
[15:01:11.661]     INFO: 	ROC 10: 19 DACs set, Pixels: 0 masked, 0 active.
[15:01:11.661]     INFO: 	ROC 11: 19 DACs set, Pixels: 0 masked, 0 active.
[15:01:11.661]     INFO: 	ROC 12: 19 DACs set, Pixels: 0 masked, 0 active.
[15:01:11.661]     INFO: 	ROC 13: 19 DACs set, Pixels: 0 masked, 0 active.
[15:01:11.661]     INFO: 	ROC 14: 19 DACs set, Pixels: 0 masked, 0 active.
[15:01:11.661]     INFO: 	ROC 15: 19 DACs set, Pixels: 0 masked, 0 active.
[15:01:11.661]    DEBUG: <PixTestParameters.cc/dump:L104> PixTestParameters: ->BB<-
[15:01:11.661]    DEBUG: <PixTestParameters.cc/dump:L107>   dumpall: checkbox(0)
[15:01:11.661]    DEBUG: <PixTestParameters.cc/dump:L107>   dumpproblematic: checkbox(0)
[15:01:11.661]    DEBUG: <PixTestParameters.cc/dump:L107>   ntrig: 5
[15:01:11.661]    DEBUG: <PixTestParameters.cc/dump:L107>   vcals: 250
[15:01:11.661]    DEBUG: <PixTestParameters.cc/dump:L104> PixTestParameters: ->BB2<-
[15:01:11.661]    DEBUG: <PixTestParameters.cc/dump:L107>   ntrig: 10
[15:01:11.661]    DEBUG: <PixTestParameters.cc/dump:L107>   vcals: 222
[15:01:11.661]    DEBUG: <PixTestParameters.cc/dump:L107>   plwidth: 35
[15:01:11.661]    DEBUG: <PixTestParameters.cc/dump:L107>   pix: 11,20
[15:01:11.662]    DEBUG: <PixTestParameters.cc/dump:L107>   targetia: 24
[15:01:11.662]    DEBUG: <PixTestParameters.cc/dump:L104> PixTestParameters: ->BB3<-
[15:01:11.662]    DEBUG: <PixTestParameters.cc/dump:L107>   dumpall: checkbox(0)
[15:01:11.662]    DEBUG: <PixTestParameters.cc/dump:L107>   dumpproblematic: checkbox(0)
[15:01:11.662]    DEBUG: <PixTestParameters.cc/dump:L107>   ntrig: 5
[15:01:11.662]    DEBUG: <PixTestParameters.cc/dump:L107>   vcals: 250
[15:01:11.662]    DEBUG: <PixTestParameters.cc/dump:L104> PixTestParameters: ->BB4<-
[15:01:11.662]    DEBUG: <PixTestParameters.cc/dump:L107>   savecaldelscan: checkbox(0)
[15:01:11.662]    DEBUG: <PixTestParameters.cc/dump:L107>   ntrig: 100
[15:01:11.662]    DEBUG: <PixTestParameters.cc/dump:L107>   cals: 1
[15:01:11.662]    DEBUG: <PixTestParameters.cc/dump:L107>   caldello: 80
[15:01:11.662]    DEBUG: <PixTestParameters.cc/dump:L107>   caldelhi: 200
[15:01:11.662]    DEBUG: <PixTestParameters.cc/dump:L107>   caldelstep: 10
[15:01:11.662]    DEBUG: <PixTestParameters.cc/dump:L107>   vthrcomplo: 70
[15:01:11.662]    DEBUG: <PixTestParameters.cc/dump:L107>   vthrcomphi: 130
[15:01:11.662]    DEBUG: <PixTestParameters.cc/dump:L107>   vthrcompstep: 5
[15:01:11.662]    DEBUG: <PixTestParameters.cc/dump:L107>   noisypixels: 10
[15:01:11.662]    DEBUG: <PixTestParameters.cc/dump:L107>   vcal: 255
[15:01:11.662]    DEBUG: <PixTestParameters.cc/dump:L107>   cut: 0.5
[15:01:11.662]    DEBUG: <PixTestParameters.cc/dump:L104> PixTestParameters: ->Cmd<-
[15:01:11.662]    DEBUG: <PixTestParameters.cc/dump:L104> PixTestParameters: ->DAQ<-
[15:01:11.662]    DEBUG: <PixTestParameters.cc/dump:L107>   delaytbm: checkbox
[15:01:11.662]    DEBUG: <PixTestParameters.cc/dump:L107>   filltree: checkbox
[15:01:11.662]    DEBUG: <PixTestParameters.cc/dump:L107>   trgfrequency(khz): 100
[15:01:11.662]    DEBUG: <PixTestParameters.cc/dump:L107>   maskhotpixels: button
[15:01:11.662]    DEBUG: <PixTestParameters.cc/dump:L107>   trgnumber: 5
[15:01:11.662]    DEBUG: <PixTestParameters.cc/dump:L107>   iterations: 10
[15:01:11.662]    DEBUG: <PixTestParameters.cc/dump:L107>   rundaqtrg: button
[15:01:11.662]    DEBUG: <PixTestParameters.cc/dump:L107>   daqseconds: 5
[15:01:11.662]    DEBUG: <PixTestParameters.cc/dump:L107>   rundaqseconds: button
[15:01:11.662]    DEBUG: <PixTestParameters.cc/dump:L104> PixTestParameters: ->DacDacScan<-
[15:01:11.662]    DEBUG: <PixTestParameters.cc/dump:L107>   phmap: checkbox
[15:01:11.662]    DEBUG: <PixTestParameters.cc/dump:L107>   ntrig: 10
[15:01:11.662]    DEBUG: <PixTestParameters.cc/dump:L107>   dac1: caldel
[15:01:11.662]    DEBUG: <PixTestParameters.cc/dump:L107>   dac1lo: 0
[15:01:11.662]    DEBUG: <PixTestParameters.cc/dump:L107>   dac1hi: 255
[15:01:11.662]    DEBUG: <PixTestParameters.cc/dump:L107>   dac2: vthrcomp
[15:01:11.662]    DEBUG: <PixTestParameters.cc/dump:L107>   dac2lo: 0
[15:01:11.662]    DEBUG: <PixTestParameters.cc/dump:L107>   dac2hi: 255
[15:01:11.662]    DEBUG: <PixTestParameters.cc/dump:L107>   pix: 11,20
[15:01:11.662]    DEBUG: <PixTestParameters.cc/dump:L104> PixTestParameters: ->DacScan<-
[15:01:11.662]    DEBUG: <PixTestParameters.cc/dump:L107>   phmap: checkbox(1)
[15:01:11.662]    DEBUG: <PixTestParameters.cc/dump:L107>   allpixels: checkbox(0)
[15:01:11.662]    DEBUG: <PixTestParameters.cc/dump:L107>   unmasked: checkbox(0)
[15:01:11.662]    DEBUG: <PixTestParameters.cc/dump:L107>   ntrig: 10
[15:01:11.662]    DEBUG: <PixTestParameters.cc/dump:L107>   dac: vcal
[15:01:11.662]    DEBUG: <PixTestParameters.cc/dump:L107>   daclo: 0
[15:01:11.662]    DEBUG: <PixTestParameters.cc/dump:L107>   dachi: 255
[15:01:11.662]    DEBUG: <PixTestParameters.cc/dump:L107>   pix: 11,20
[15:01:11.662]    DEBUG: <PixTestParameters.cc/dump:L104> PixTestParameters: ->GainPedestal<-
[15:01:11.662]    DEBUG: <PixTestParameters.cc/dump:L107>   showfits: checkbox(0)
[15:01:11.662]    DEBUG: <PixTestParameters.cc/dump:L107>   extended: checkbox(0)
[15:01:11.662]    DEBUG: <PixTestParameters.cc/dump:L107>   dumphists: checkbox(0)
[15:01:11.662]    DEBUG: <PixTestParameters.cc/dump:L107>   ntrig: 10
[15:01:11.662]    DEBUG: <PixTestParameters.cc/dump:L107>   vcalstep: 10
[15:01:11.662]    DEBUG: <PixTestParameters.cc/dump:L107>   measure: button
[15:01:11.662]    DEBUG: <PixTestParameters.cc/dump:L107>   fit: button
[15:01:11.663]    DEBUG: <PixTestParameters.cc/dump:L107>   save: button
[15:01:11.663]    DEBUG: <PixTestParameters.cc/dump:L104> PixTestParameters: ->HighRate<-
[15:01:11.663]    DEBUG: <PixTestParameters.cc/dump:L107>   pix: 11,20
[15:01:11.663]    DEBUG: <PixTestParameters.cc/dump:L107>   trimhotpixels: button
[15:01:11.663]    DEBUG: <PixTestParameters.cc/dump:L107>   trimhotpixelthr: 200
[15:01:11.663]    DEBUG: <PixTestParameters.cc/dump:L107>   runsecondshotpixels: 10
[15:01:11.663]    DEBUG: <PixTestParameters.cc/dump:L107>   savetrimbits: checkbox(1)
[15:01:11.663]    DEBUG: <PixTestParameters.cc/dump:L107>   maskuntrimmable: checkbox(1)
[15:01:11.663]    DEBUG: <PixTestParameters.cc/dump:L107>   maskhotpixels: button
[15:01:11.663]    DEBUG: <PixTestParameters.cc/dump:L107>   savemaskfile: checkbox(0)
[15:01:11.663]    DEBUG: <PixTestParameters.cc/dump:L107>   maskfilename: default
[15:01:11.663]    DEBUG: <PixTestParameters.cc/dump:L107>   caldelscan: button
[15:01:11.663]    DEBUG: <PixTestParameters.cc/dump:L107>   xpixelalive: button
[15:01:11.663]    DEBUG: <PixTestParameters.cc/dump:L107>   ntrig: 50
[15:01:11.663]    DEBUG: <PixTestParameters.cc/dump:L107>   vcal: 200
[15:01:11.663]    DEBUG: <PixTestParameters.cc/dump:L107>   xnoisemaps: button
[15:01:11.663]    DEBUG: <PixTestParameters.cc/dump:L107>   daclo: 0
[15:01:11.663]    DEBUG: <PixTestParameters.cc/dump:L107>   dachi: 100
[15:01:11.663]    DEBUG: <PixTestParameters.cc/dump:L107>   dacs/step: 20
[15:01:11.663]    DEBUG: <PixTestParameters.cc/dump:L107>   rundaq: button
[15:01:11.663]    DEBUG: <PixTestParameters.cc/dump:L107>   trgfrequency(khz): 20
[15:01:11.663]    DEBUG: <PixTestParameters.cc/dump:L107>   runseconds: 2
[15:01:11.663]    DEBUG: <PixTestParameters.cc/dump:L107>   triggerdelay: 20
[15:01:11.663]    DEBUG: <PixTestParameters.cc/dump:L107>   delaytbm: checkbox
[15:01:11.663]    DEBUG: <PixTestParameters.cc/dump:L107>   filltree: checkbox
[15:01:11.663]    DEBUG: <PixTestParameters.cc/dump:L104> PixTestParameters: ->IV<-
[15:01:11.663]    DEBUG: <PixTestParameters.cc/dump:L107>   port: /dev/FIXME
[15:01:11.663]    DEBUG: <PixTestParameters.cc/dump:L107>   voltagestart: 0
[15:01:11.663]    DEBUG: <PixTestParameters.cc/dump:L107>   voltagestop: 600
[15:01:11.663]    DEBUG: <PixTestParameters.cc/dump:L107>   voltagestep: 5
[15:01:11.663]    DEBUG: <PixTestParameters.cc/dump:L107>   delay: 1
[15:01:11.663]    DEBUG: <PixTestParameters.cc/dump:L107>   compliance(ua): 100
[15:01:11.663]    DEBUG: <PixTestParameters.cc/dump:L104> PixTestParameters: ->PhOptimization<-
[15:01:11.663]    DEBUG: <PixTestParameters.cc/dump:L107>   ntrig: 10
[15:01:11.663]    DEBUG: <PixTestParameters.cc/dump:L107>   safetymarginlow: 20
[15:01:11.663]    DEBUG: <PixTestParameters.cc/dump:L107>   saturationvcal: 100
[15:01:11.663]    DEBUG: <PixTestParameters.cc/dump:L107>   quantilesaturation: 0.98
[15:01:11.663]    DEBUG: <PixTestParameters.cc/dump:L104> PixTestParameters: ->PixelAlive<-
[15:01:11.663]    DEBUG: <PixTestParameters.cc/dump:L107>   ntrig: 10
[15:01:11.663]    DEBUG: <PixTestParameters.cc/dump:L107>   vcal: 200
[15:01:11.663]    DEBUG: <PixTestParameters.cc/dump:L107>   alivetest: button
[15:01:11.663]    DEBUG: <PixTestParameters.cc/dump:L107>   masktest: button
[15:01:11.663]    DEBUG: <PixTestParameters.cc/dump:L107>   addressdecodingtest: button
[15:01:11.663]    DEBUG: <PixTestParameters.cc/dump:L104> PixTestParameters: ->Pretest<-
[15:01:11.663]    DEBUG: <PixTestParameters.cc/dump:L107>   programroc: button
[15:01:11.663]    DEBUG: <PixTestParameters.cc/dump:L107>   targetia: 24
[15:01:11.663]    DEBUG: <PixTestParameters.cc/dump:L107>   setvana: button
[15:01:11.663]    DEBUG: <PixTestParameters.cc/dump:L107>   iterations: 100
[15:01:11.663]    DEBUG: <PixTestParameters.cc/dump:L107>   settimings: button
[15:01:11.663]    DEBUG: <PixTestParameters.cc/dump:L107>   findtiming: button
[15:01:11.663]    DEBUG: <PixTestParameters.cc/dump:L107>   findworkingpixel: button
[15:01:11.663]    DEBUG: <PixTestParameters.cc/dump:L107>   setvthrcompcaldel: button
[15:01:11.663]    DEBUG: <PixTestParameters.cc/dump:L107>   pix: 11,20
[15:01:11.663]    DEBUG: <PixTestParameters.cc/dump:L107>   vcal: 250
[15:01:11.663]    DEBUG: <PixTestParameters.cc/dump:L107>   deltavthrcomp: 50
[15:01:11.663]    DEBUG: <PixTestParameters.cc/dump:L107>   fraccaldel: 0.5
[15:01:11.663]    DEBUG: <PixTestParameters.cc/dump:L107>   ntrig: 5
[15:01:11.663]    DEBUG: <PixTestParameters.cc/dump:L107>   savedacs: button
[15:01:11.664]    DEBUG: <PixTestParameters.cc/dump:L104> PixTestParameters: ->Readback<-
[15:01:11.664]    DEBUG: <PixTestParameters.cc/dump:L107>   calibratevd: button
[15:01:11.664]    DEBUG: <PixTestParameters.cc/dump:L107>   calibrateva: button
[15:01:11.664]    DEBUG: <PixTestParameters.cc/dump:L107>   calibrateia: button
[15:01:11.664]    DEBUG: <PixTestParameters.cc/dump:L107>   readbackvbg: button
[15:01:11.664]    DEBUG: <PixTestParameters.cc/dump:L107>   getcalibratedvbg: button
[15:01:11.664]    DEBUG: <PixTestParameters.cc/dump:L107>   usecalvd: checkbox(1)
[15:01:11.664]    DEBUG: <PixTestParameters.cc/dump:L107>   usecalva: checkbox(0)
[15:01:11.664]    DEBUG: <PixTestParameters.cc/dump:L107>   setvana: button
[15:01:11.664]    DEBUG: <PixTestParameters.cc/dump:L104> PixTestParameters: ->Scurves<-
[15:01:11.664]    DEBUG: <PixTestParameters.cc/dump:L107>   adjustvcal: checkbox(0)
[15:01:11.664]    DEBUG: <PixTestParameters.cc/dump:L107>   dumpall: checkbox(0)
[15:01:11.664]    DEBUG: <PixTestParameters.cc/dump:L107>   dumpproblematic: checkbox(0)
[15:01:11.664]    DEBUG: <PixTestParameters.cc/dump:L107>   dumpoutputfile: checkbox(0)
[15:01:11.664]    DEBUG: <PixTestParameters.cc/dump:L107>   ntrig: 50
[15:01:11.664]    DEBUG: <PixTestParameters.cc/dump:L107>   dac: Vcal
[15:01:11.664]    DEBUG: <PixTestParameters.cc/dump:L107>   daclo: 0
[15:01:11.664]    DEBUG: <PixTestParameters.cc/dump:L107>   dachi: 200
[15:01:11.664]    DEBUG: <PixTestParameters.cc/dump:L107>   dacs/step: -1
[15:01:11.664]    DEBUG: <PixTestParameters.cc/dump:L107>   ntrig/step: -1
[15:01:11.664]    DEBUG: <PixTestParameters.cc/dump:L107>   scurves: button
[15:01:11.664]    DEBUG: <PixTestParameters.cc/dump:L104> PixTestParameters: ->Timing<-
[15:01:11.664]    DEBUG: <PixTestParameters.cc/dump:L107>   targetclk: 4
[15:01:11.664]    DEBUG: <PixTestParameters.cc/dump:L107>   ntrig: 10
[15:01:11.664]    DEBUG: <PixTestParameters.cc/dump:L107>   clocksdascan: button
[15:01:11.664]    DEBUG: <PixTestParameters.cc/dump:L107>   notokenpass: checkbox(0)
[15:01:11.664]    DEBUG: <PixTestParameters.cc/dump:L107>   phasescan: button
[15:01:11.664]    DEBUG: <PixTestParameters.cc/dump:L107>   levelscan: button
[15:01:11.664]    DEBUG: <PixTestParameters.cc/dump:L107>   tbmphasescan: button
[15:01:11.664]    DEBUG: <PixTestParameters.cc/dump:L107>   rocdelayscan: button
[15:01:11.664]    DEBUG: <PixTestParameters.cc/dump:L107>   timingtest: button
[15:01:11.664]    DEBUG: <PixTestParameters.cc/dump:L107>   saveparameters: button
[15:01:11.664]    DEBUG: <PixTestParameters.cc/dump:L104> PixTestParameters: ->Trim<-
[15:01:11.664]    DEBUG: <PixTestParameters.cc/dump:L107>   trim: button
[15:01:11.664]    DEBUG: <PixTestParameters.cc/dump:L107>   ntrig: 8
[15:01:11.664]    DEBUG: <PixTestParameters.cc/dump:L107>   vcal: 35
[15:01:11.664]    DEBUG: <PixTestParameters.cc/dump:L107>   trimbits: button
[15:01:11.664]    DEBUG: <PixTestParameters.cc/dump:L104> PixTestParameters: ->Xray<-
[15:01:11.664]    DEBUG: <PixTestParameters.cc/dump:L107>   maskhotpixels: button
[15:01:11.664]    DEBUG: <PixTestParameters.cc/dump:L107>   savemaskfile: checkbox(0)
[15:01:11.664]    DEBUG: <PixTestParameters.cc/dump:L107>   maskfilename: default
[15:01:11.664]    DEBUG: <PixTestParameters.cc/dump:L107>   source: Ag
[15:01:11.664]    DEBUG: <PixTestParameters.cc/dump:L107>   phrun: button
[15:01:11.664]    DEBUG: <PixTestParameters.cc/dump:L107>   runseconds: 100
[15:01:11.664]    DEBUG: <PixTestParameters.cc/dump:L107>   trgfrequency(khz): 100
[15:01:11.664]    DEBUG: <PixTestParameters.cc/dump:L107>   ratescan: button
[15:01:11.664]    DEBUG: <PixTestParameters.cc/dump:L107>   vthrcompmin: 10
[15:01:11.664]    DEBUG: <PixTestParameters.cc/dump:L107>   vthrcompmax: 80
[15:01:11.664]    DEBUG: <PixTestParameters.cc/dump:L107>   stepseconds: 5
[15:01:11.664]    DEBUG: <PixTestParameters.cc/dump:L107>   delaytbm: checkbox
[15:01:11.664]    DEBUG: <PixTestParameters.cc/dump:L107>   filltree: checkbox
[15:01:11.667]    DEBUG: <PixSetup.cc/init:L81> PixSetup init start; getCurrentRSS() = 35028992
[15:01:11.667]    DEBUG: <PixSetup.cc/init:L87> fPixTestParameters = 0x22aa380
[15:01:11.667]    DEBUG: <PixSetup.cc/init:L88>  fConfigParameters = 0x221fc10
[15:01:11.667]    DEBUG: <PixSetup.cc/init:L89>        fPxarMemory = 0x7fe155d94010
[15:01:11.667]    DEBUG: <PixSetup.cc/init:L90>         fPxarMemHi = 0x7fe15bfff510
[15:01:11.667]    DEBUG: <PixSetup.cc/init:L106> PixSetup init done;  getCurrentRSS() = 35037184 fPxarMemory = 0x7fe155d94010
[15:01:11.668]    DEBUG: <pXar.cc/main:L223> Initial Analog Current: 385.1mA
[15:01:11.669]    DEBUG: <pXar.cc/main:L224> Initial Digital Current: 467.9mA
[15:01:11.669]    DEBUG: <pXar.cc/main:L225> Initial Module Temperature: 26.5 C
[15:01:12.167]    DEBUG: <PixGui.cc/hvOn:L460> HV set On: 0x2868640
[15:01:12.228]    DEBUG: <PixTestFactory.cc/PixTestFactory:L53> PixTestFactory::PixTestFactory()
[15:01:12.228]    DEBUG: <PixTestBBMap.cc/init:L79> PixTestBBMap::init()
[15:01:12.229]    DEBUG: <PixTestBBMap.cc/PixTestBBMap:L27> PixTestBBMap ctor(PixSetup &a, string, TGTab *)
[15:01:12.234]    DEBUG: <PixTestBB2Map.cc/setParameter:L58> setting fTargetIa    = 24 mA/ROC
[15:01:12.234]    DEBUG: <PixTestBB2Map.cc/init:L97> PixTestBB2Map::init()
[15:01:12.234]    DEBUG: <PixTestBB2Map.cc/PixTestBB2Map:L29> PixTestBB2Map ctor(PixSetup &a, string, TGTab *)
[15:01:12.255]    DEBUG: <PixTestBB3Map.cc/init:L81> PixTestBB3Map::init()
[15:01:12.255]    DEBUG: <PixTestBB3Map.cc/PixTestBB3Map:L29> PixTestBB3Map ctor(PixSetup &a, string, TGTab *)
[15:01:12.273]    DEBUG: <PixTestBB4Map.cc/init:L93> PixTestBB4Map::init()
[15:01:12.273]    DEBUG: <PixTestBB4Map.cc/PixTestBB4Map:L26> PixTestMapeff ctor(PixSetup &a, string, TGTab *)
[15:01:12.287]     INFO: PixTestCmd::init()
[15:01:12.300]    DEBUG: <PixTestDaq.cc/init:L44> PixTestDaq::init()
[15:01:12.300]    DEBUG: <PixTestDaq.cc/PixTestDaq:L22> PixTestDaq ctor(PixSetup &a, string, TGTab *)
[15:01:12.300]     INFO: readGainPedestalParameters data/mh228/M-H-2-28_ElComandanteTest_2015-12-23_15h48m_1450907287/000_FPIXTest_p17/phCalibrationFitErr35_C0.dat .. data/mh228/M-H-2-28_ElComandanteTest_2015-12-23_15h48m_1450907287/000_FPIXTest_p17/phCalibrationFitErr35_C15.dat
[15:01:12.542]    DEBUG: <PixTestDacDacScan.cc/init:L103> PixTestDacDacScan::init()
[15:01:12.542]    DEBUG: <PixTestDacDacScan.cc/PixTestDacDacScan:L22> PixTestDacDacScan ctor(PixSetup &a, string, TGTab *)
[15:01:12.557]    DEBUG: <PixTestGainPedestal.cc/setParameter:L83> PixTestGainPedestal::PixTest() fVcalStep = 10
[15:01:12.564]    DEBUG: <PixTestHighRate.cc/setParameter:L68>   setting fParTriggerFrequency -> 20
[15:01:12.564]    DEBUG: <PixTestHighRate.cc/init:L198> PixTestHighRate::init()
[15:01:12.564]    DEBUG: <PixTestHighRate.cc/PixTestHighRate:L31> PixTestHighRate ctor(PixSetup &a, string, TGTab *)
[15:01:12.588]    DEBUG: <PixTest.cc/setTestParameter:L637>  setting  ntrig to new value 10
[15:01:12.588]    DEBUG: <PixTestPhOptimization.cc/setParameter:L37>   setting fParNtrig  ->10<- from sval = 10
[15:01:12.588]    DEBUG: <PixTestPhOptimization.cc/setParameter:L42>   setting fSafetyMarginLow  ->20<- from sval = 20
[15:01:12.588]    DEBUG: <PixTestPhOptimization.cc/setParameter:L48>   setting fVcalMax  ->100<- from sval = 100
[15:01:12.588]    DEBUG: <PixTestPhOptimization.cc/setParameter:L53>   setting fQuantMax  ->0.98<- from sval = 0.98
[15:01:12.596]    DEBUG: <PixTestAlive.cc/init:L77> PixTestAlive::init()
[15:01:12.596]    DEBUG: <PixTestAlive.cc/PixTestAlive:L21> PixTestAlive ctor(PixSetup &a, string, TGTab *)
[15:01:12.619]    DEBUG: <PixTestReadback.cc/setParameter:L172> fCalwVd set to 1
[15:01:12.619]    DEBUG: <PixTestReadback.cc/init:L95> PixTestReadback::init()
[15:01:12.619]    DEBUG: <PixTestReadback.cc/PixTestReadback:L22> PixTestReadback ctor(PixSetup &a, string, TGTab *)
[15:01:12.619]     INFO: readReadbackCal: data/mh228/M-H-2-28_ElComandanteTest_2015-12-23_15h48m_1450907287/000_FPIXTest_p17/readbackCal_C0.dat .. data/mh228/M-H-2-28_ElComandanteTest_2015-12-23_15h48m_1450907287/000_FPIXTest_p17/readbackCal_C15.dat
[15:01:12.628]    DEBUG: <PixTestScurves.cc/setParameter:L93> set fOutputFilename = 
[15:01:12.638]    DEBUG: <PixTestTiming.cc/setParameter:L60> PixTestTiming::PixTest() targetclk = 4
[15:01:12.638]    DEBUG: <PixTestTiming.cc/setParameter:L64> PixTestTiming::PixTest() ntrig = 10
[15:01:12.638]    DEBUG: <PixTestTiming.cc/setParameter:L48> fNoTokenPass: 0
[15:01:12.638]    DEBUG: <PixTestTiming.cc/init:L74> PixTestTiming::init()
[15:01:12.656]    DEBUG: <PixTestXray.cc/init:L134> PixTestXray::init()
[15:01:12.656]    DEBUG: <PixTestXray.cc/PixTestXray:L28> PixTestXray ctor(PixSetup &a, string, TGTab *)
[15:01:16.558]    DEBUG: <PixTab.cc/buttonClicked:L308> xxxPressed():  caldelscan
[15:01:16.558]    DEBUG: <PixTestHighRate.cc/runCommand:L157> running command: caldelscan
[15:01:16.558]     INFO:    ----------------------------------------------------------------------
[15:01:16.558]     INFO:    PixTestHighRate::calDelScan() ntrig = 10, vcal = 200
[15:01:16.558]     INFO:    ----------------------------------------------------------------------
[15:01:16.700]     INFO: Expecting 768 events.
[15:01:17.838]     INFO: 768 events read in total (420ms).
[15:01:18.027]     INFO: Test took 1463ms.
[15:01:18.033]    DEBUG: <PixTest.cc/efficiencyMaps:L396>       attempt #0
[15:01:18.703]     INFO: Expecting 41600 events.
[15:01:22.065]     INFO: 41600 events read in total (2835ms).
[15:01:22.071]     INFO: Test took 4038ms.
[15:01:22.158]     INFO: Fetched DAQ statistics. Counters are being reset now.
[15:01:22.158]    DEBUG: <PixTest.cc/efficiencyMaps:L407>  eff result size = 513512
[15:01:22.158]    DEBUG: <PixTest.cc/efficiencyMaps:L412> Create hists HR_xeff_CalDelScan_step0_C0 .. HR_xeff_CalDelScan_step0_C15
[15:01:22.158]    DEBUG: <PixTest.cc/efficiencyMaps:L426> booking xray maps for unmasked detector
[15:01:22.199]    DEBUG: <PixTest.cc/efficiencyMaps:L396>       attempt #0
[15:01:22.864]     INFO: Expecting 41600 events.
[15:01:26.384]     INFO: 41600 events read in total (2993ms).
[15:01:26.388]     INFO: Test took 4189ms.
[15:01:26.476]     INFO: Fetched DAQ statistics. Counters are being reset now.
[15:01:26.476]    DEBUG: <PixTest.cc/efficiencyMaps:L407>  eff result size = 522476
[15:01:26.476]    DEBUG: <PixTest.cc/efficiencyMaps:L412> Create hists HR_xeff_CalDelScan_step1_C0 .. HR_xeff_CalDelScan_step1_C15
[15:01:26.476]    DEBUG: <PixTest.cc/efficiencyMaps:L426> booking xray maps for unmasked detector
[15:01:26.520]    DEBUG: <PixTest.cc/efficiencyMaps:L396>       attempt #0
[15:01:27.187]     INFO: Expecting 41600 events.
[15:01:30.749]     INFO: 41600 events read in total (3035ms).
[15:01:30.753]     INFO: Test took 4233ms.
[15:01:30.848]     INFO: Fetched DAQ statistics. Counters are being reset now.
[15:01:30.848]    DEBUG: <PixTest.cc/efficiencyMaps:L407>  eff result size = 526232
[15:01:30.848]    DEBUG: <PixTest.cc/efficiencyMaps:L412> Create hists HR_xeff_CalDelScan_step2_C0 .. HR_xeff_CalDelScan_step2_C15
[15:01:30.849]    DEBUG: <PixTest.cc/efficiencyMaps:L426> booking xray maps for unmasked detector
[15:01:30.892]    DEBUG: <PixTest.cc/efficiencyMaps:L396>       attempt #0
[15:01:31.558]     INFO: Expecting 41600 events.
[15:01:35.116]     INFO: 41600 events read in total (3031ms).
[15:01:35.121]     INFO: Test took 4229ms.
[15:01:35.209]     INFO: Fetched DAQ statistics. Counters are being reset now.
[15:01:35.209]    DEBUG: <PixTest.cc/efficiencyMaps:L407>  eff result size = 524084
[15:01:35.209]    DEBUG: <PixTest.cc/efficiencyMaps:L412> Create hists HR_xeff_CalDelScan_step3_C0 .. HR_xeff_CalDelScan_step3_C15
[15:01:35.209]    DEBUG: <PixTest.cc/efficiencyMaps:L426> booking xray maps for unmasked detector
[15:01:35.251]    DEBUG: <PixTest.cc/efficiencyMaps:L396>       attempt #0
[15:01:35.916]     INFO: Expecting 41600 events.
[15:01:39.479]     INFO: 41600 events read in total (3036ms).
[15:01:39.484]     INFO: Test took 4233ms.
[15:01:39.578]     INFO: Fetched DAQ statistics. Counters are being reset now.
[15:01:39.578]    DEBUG: <PixTest.cc/efficiencyMaps:L407>  eff result size = 526324
[15:01:39.578]    DEBUG: <PixTest.cc/efficiencyMaps:L412> Create hists HR_xeff_CalDelScan_step4_C0 .. HR_xeff_CalDelScan_step4_C15
[15:01:39.579]    DEBUG: <PixTest.cc/efficiencyMaps:L426> booking xray maps for unmasked detector
[15:01:39.623]    DEBUG: <PixTest.cc/efficiencyMaps:L396>       attempt #0
[15:01:40.289]     INFO: Expecting 41600 events.
[15:01:43.859]     INFO: 41600 events read in total (3043ms).
[15:01:43.865]     INFO: Test took 4242ms.
[15:01:43.954]     INFO: Fetched DAQ statistics. Counters are being reset now.
[15:01:43.954]    DEBUG: <PixTest.cc/efficiencyMaps:L407>  eff result size = 523344
[15:01:43.954]    DEBUG: <PixTest.cc/efficiencyMaps:L412> Create hists HR_xeff_CalDelScan_step5_C0 .. HR_xeff_CalDelScan_step5_C15
[15:01:43.955]    DEBUG: <PixTest.cc/efficiencyMaps:L426> booking xray maps for unmasked detector
[15:01:43.998]    DEBUG: <PixTest.cc/efficiencyMaps:L396>       attempt #0
[15:01:44.665]     INFO: Expecting 41600 events.
[15:01:48.250]     INFO: 41600 events read in total (3059ms).
[15:01:48.256]     INFO: Test took 4258ms.
[15:01:48.349]     INFO: Fetched DAQ statistics. Counters are being reset now.
[15:01:48.349]    DEBUG: <PixTest.cc/efficiencyMaps:L407>  eff result size = 525377
[15:01:48.349]    DEBUG: <PixTest.cc/efficiencyMaps:L412> Create hists HR_xeff_CalDelScan_step6_C0 .. HR_xeff_CalDelScan_step6_C15
[15:01:48.349]    DEBUG: <PixTest.cc/efficiencyMaps:L426> booking xray maps for unmasked detector
[15:01:48.393]    DEBUG: <PixTest.cc/efficiencyMaps:L396>       attempt #0
[15:01:49.060]     INFO: Expecting 41600 events.
[15:01:52.642]     INFO: 41600 events read in total (3055ms).
[15:01:52.647]     INFO: Test took 4254ms.
[15:01:52.740]     INFO: Fetched DAQ statistics. Counters are being reset now.
[15:01:52.740]    DEBUG: <PixTest.cc/efficiencyMaps:L407>  eff result size = 524748
[15:01:52.740]    DEBUG: <PixTest.cc/efficiencyMaps:L412> Create hists HR_xeff_CalDelScan_step7_C0 .. HR_xeff_CalDelScan_step7_C15
[15:01:52.740]    DEBUG: <PixTest.cc/efficiencyMaps:L426> booking xray maps for unmasked detector
[15:01:52.784]    DEBUG: <PixTest.cc/efficiencyMaps:L396>       attempt #0
[15:01:53.451]     INFO: Expecting 41600 events.
[15:01:57.021]     INFO: 41600 events read in total (3043ms).
[15:01:57.025]     INFO: Test took 4241ms.
[15:01:57.115]     INFO: Fetched DAQ statistics. Counters are being reset now.
[15:01:57.116]    DEBUG: <PixTest.cc/efficiencyMaps:L407>  eff result size = 525386
[15:01:57.116]    DEBUG: <PixTest.cc/efficiencyMaps:L412> Create hists HR_xeff_CalDelScan_step8_C0 .. HR_xeff_CalDelScan_step8_C15
[15:01:57.116]    DEBUG: <PixTest.cc/efficiencyMaps:L426> booking xray maps for unmasked detector
[15:01:57.159]    DEBUG: <PixTest.cc/efficiencyMaps:L396>       attempt #0
[15:01:57.825]     INFO: Expecting 41600 events.
[15:02:01.406]     INFO: 41600 events read in total (3055ms).
[15:02:01.410]     INFO: Test took 4251ms.
[15:02:01.501]     INFO: Fetched DAQ statistics. Counters are being reset now.
[15:02:01.501]    DEBUG: <PixTest.cc/efficiencyMaps:L407>  eff result size = 524444
[15:02:01.501]    DEBUG: <PixTest.cc/efficiencyMaps:L412> Create hists HR_xeff_CalDelScan_step9_C0 .. HR_xeff_CalDelScan_step9_C15
[15:02:01.501]    DEBUG: <PixTest.cc/efficiencyMaps:L426> booking xray maps for unmasked detector
[15:02:01.544]    DEBUG: <PixTest.cc/efficiencyMaps:L396>       attempt #0
[15:02:02.210]     INFO: Expecting 41600 events.
[15:02:05.793]     INFO: 41600 events read in total (3057ms).
[15:02:05.797]     INFO: Test took 4253ms.
[15:02:05.887]     INFO: Fetched DAQ statistics. Counters are being reset now.
[15:02:05.887]    DEBUG: <PixTest.cc/efficiencyMaps:L407>  eff result size = 526078
[15:02:05.887]    DEBUG: <PixTest.cc/efficiencyMaps:L412> Create hists HR_xeff_CalDelScan_step10_C0 .. HR_xeff_CalDelScan_step10_C15
[15:02:05.888]    DEBUG: <PixTest.cc/efficiencyMaps:L426> booking xray maps for unmasked detector
[15:02:05.930]    DEBUG: <PixTest.cc/efficiencyMaps:L396>       attempt #0
[15:02:06.596]     INFO: Expecting 41600 events.
[15:02:10.176]     INFO: 41600 events read in total (3053ms).
[15:02:10.180]     INFO: Test took 4250ms.
[15:02:10.271]     INFO: Fetched DAQ statistics. Counters are being reset now.
[15:02:10.271]    DEBUG: <PixTest.cc/efficiencyMaps:L407>  eff result size = 525102
[15:02:10.271]    DEBUG: <PixTest.cc/efficiencyMaps:L412> Create hists HR_xeff_CalDelScan_step11_C0 .. HR_xeff_CalDelScan_step11_C15
[15:02:10.271]    DEBUG: <PixTest.cc/efficiencyMaps:L426> booking xray maps for unmasked detector
[15:02:10.314]    DEBUG: <PixTest.cc/efficiencyMaps:L396>       attempt #0
[15:02:10.979]     INFO: Expecting 41600 events.
[15:02:14.556]     INFO: 41600 events read in total (3050ms).
[15:02:14.560]     INFO: Test took 4246ms.
[15:02:14.652]     INFO: Fetched DAQ statistics. Counters are being reset now.
[15:02:14.652]    DEBUG: <PixTest.cc/efficiencyMaps:L407>  eff result size = 525235
[15:02:14.652]    DEBUG: <PixTest.cc/efficiencyMaps:L412> Create hists HR_xeff_CalDelScan_step12_C0 .. HR_xeff_CalDelScan_step12_C15
[15:02:14.652]    DEBUG: <PixTest.cc/efficiencyMaps:L426> booking xray maps for unmasked detector
[15:02:14.697]    DEBUG: <PixTest.cc/efficiencyMaps:L396>       attempt #0
[15:02:15.363]     INFO: Expecting 41600 events.
[15:02:18.964]     INFO: 41600 events read in total (3074ms).
[15:02:18.968]     INFO: Test took 4271ms.
[15:02:19.060]     INFO: Fetched DAQ statistics. Counters are being reset now.
[15:02:19.060]    DEBUG: <PixTest.cc/efficiencyMaps:L407>  eff result size = 524632
[15:02:19.060]    DEBUG: <PixTest.cc/efficiencyMaps:L412> Create hists HR_xeff_CalDelScan_step13_C0 .. HR_xeff_CalDelScan_step13_C15
[15:02:19.061]    DEBUG: <PixTest.cc/efficiencyMaps:L426> booking xray maps for unmasked detector
[15:02:19.103]    DEBUG: <PixTest.cc/efficiencyMaps:L396>       attempt #0
[15:02:19.768]     INFO: Expecting 41600 events.
[15:02:23.356]     INFO: 41600 events read in total (3061ms).
[15:02:23.360]     INFO: Test took 4257ms.
[15:02:23.451]     INFO: Fetched DAQ statistics. Counters are being reset now.
[15:02:23.451]    DEBUG: <PixTest.cc/efficiencyMaps:L407>  eff result size = 525088
[15:02:23.451]    DEBUG: <PixTest.cc/efficiencyMaps:L412> Create hists HR_xeff_CalDelScan_step14_C0 .. HR_xeff_CalDelScan_step14_C15
[15:02:23.451]    DEBUG: <PixTest.cc/efficiencyMaps:L426> booking xray maps for unmasked detector
[15:02:23.494]    DEBUG: <PixTest.cc/efficiencyMaps:L396>       attempt #0
[15:02:24.159]     INFO: Expecting 41600 events.
[15:02:27.705]     INFO: 41600 events read in total (3019ms).
[15:02:27.709]     INFO: Test took 4215ms.
[15:02:27.801]     INFO: Fetched DAQ statistics. Counters are being reset now.
[15:02:27.801]    DEBUG: <PixTest.cc/efficiencyMaps:L407>  eff result size = 524946
[15:02:27.801]    DEBUG: <PixTest.cc/efficiencyMaps:L412> Create hists HR_xeff_CalDelScan_step15_C0 .. HR_xeff_CalDelScan_step15_C15
[15:02:27.801]    DEBUG: <PixTest.cc/efficiencyMaps:L426> booking xray maps for unmasked detector
[15:02:27.846]    DEBUG: <PixTest.cc/efficiencyMaps:L396>       attempt #0
[15:02:28.513]     INFO: Expecting 41600 events.
[15:02:32.093]     INFO: 41600 events read in total (3054ms).
[15:02:32.097]     INFO: Test took 4251ms.
[15:02:32.188]     INFO: Fetched DAQ statistics. Counters are being reset now.
[15:02:32.188]    DEBUG: <PixTest.cc/efficiencyMaps:L407>  eff result size = 524640
[15:02:32.188]    DEBUG: <PixTest.cc/efficiencyMaps:L412> Create hists HR_xeff_CalDelScan_step16_C0 .. HR_xeff_CalDelScan_step16_C15
[15:02:32.188]    DEBUG: <PixTest.cc/efficiencyMaps:L426> booking xray maps for unmasked detector
[15:02:32.231]    DEBUG: <PixTest.cc/efficiencyMaps:L396>       attempt #0
[15:02:32.895]     INFO: Expecting 41600 events.
[15:02:36.466]     INFO: 41600 events read in total (3044ms).
[15:02:36.470]     INFO: Test took 4239ms.
[15:02:36.556]     INFO: Fetched DAQ statistics. Counters are being reset now.
[15:02:36.556]    DEBUG: <PixTest.cc/efficiencyMaps:L407>  eff result size = 523924
[15:02:36.556]    DEBUG: <PixTest.cc/efficiencyMaps:L412> Create hists HR_xeff_CalDelScan_step17_C0 .. HR_xeff_CalDelScan_step17_C15
[15:02:36.557]    DEBUG: <PixTest.cc/efficiencyMaps:L426> booking xray maps for unmasked detector
[15:02:36.599]    DEBUG: <PixTest.cc/efficiencyMaps:L396>       attempt #0
[15:02:37.264]     INFO: Expecting 41600 events.
[15:02:40.839]     INFO: 41600 events read in total (3049ms).
[15:02:40.844]     INFO: Test took 4245ms.
[15:02:40.939]     INFO: Fetched DAQ statistics. Counters are being reset now.
[15:02:40.939]    DEBUG: <PixTest.cc/efficiencyMaps:L407>  eff result size = 524295
[15:02:40.939]    DEBUG: <PixTest.cc/efficiencyMaps:L412> Create hists HR_xeff_CalDelScan_step18_C0 .. HR_xeff_CalDelScan_step18_C15
[15:02:40.939]    DEBUG: <PixTest.cc/efficiencyMaps:L426> booking xray maps for unmasked detector
[15:02:40.983]    DEBUG: <PixTest.cc/efficiencyMaps:L396>       attempt #0
[15:02:41.650]     INFO: Expecting 41600 events.
[15:02:45.152]     INFO: 41600 events read in total (2975ms).
[15:02:45.156]     INFO: Test took 4173ms.
[15:02:45.241]     INFO: Fetched DAQ statistics. Counters are being reset now.
[15:02:45.241]    DEBUG: <PixTest.cc/efficiencyMaps:L407>  eff result size = 522634
[15:02:45.241]    DEBUG: <PixTest.cc/efficiencyMaps:L412> Create hists HR_xeff_CalDelScan_step19_C0 .. HR_xeff_CalDelScan_step19_C15
[15:02:45.242]    DEBUG: <PixTest.cc/efficiencyMaps:L426> booking xray maps for unmasked detector
[15:02:45.506]    DEBUG: <PixTestHighRate.cc/doCalDelScan:L422> roc  0: caldel = 146 eff = 0.999231
[15:02:45.507]    DEBUG: <PixTestHighRate.cc/doCalDelScan:L422> roc  1: caldel = 135 eff = 0.999639
[15:02:45.507]    DEBUG: <PixTestHighRate.cc/doCalDelScan:L422> roc  2: caldel = 161 eff = 0.999255
[15:02:45.507]    DEBUG: <PixTestHighRate.cc/doCalDelScan:L422> roc  3: caldel = 164 eff = 0.99887
[15:02:45.507]    DEBUG: <PixTestHighRate.cc/doCalDelScan:L422> roc  4: caldel = 150 eff = 0.998654
[15:02:45.508]    DEBUG: <PixTestHighRate.cc/doCalDelScan:L422> roc  5: caldel = 169 eff = 0.998654
[15:02:45.508]    DEBUG: <PixTestHighRate.cc/doCalDelScan:L422> roc  6: caldel = 157 eff = 0.998798
[15:02:45.508]    DEBUG: <PixTestHighRate.cc/doCalDelScan:L422> roc  7: caldel = 170 eff = 0.999014
[15:02:45.508]    DEBUG: <PixTestHighRate.cc/doCalDelScan:L422> roc  8: caldel = 170 eff = 0.998894
[15:02:45.509]    DEBUG: <PixTestHighRate.cc/doCalDelScan:L422> roc  9: caldel = 132 eff = 0.998365
[15:02:45.509]    DEBUG: <PixTestHighRate.cc/doCalDelScan:L422> roc 10: caldel = 158 eff = 0.99851
[15:02:45.509]    DEBUG: <PixTestHighRate.cc/doCalDelScan:L422> roc 11: caldel = 163 eff = 0.998702
[15:02:45.509]    DEBUG: <PixTestHighRate.cc/doCalDelScan:L422> roc 12: caldel = 193 eff = 0.998582
[15:02:45.510]    DEBUG: <PixTestHighRate.cc/doCalDelScan:L422> roc 13: caldel = 146 eff = 0.999303
[15:02:45.510]    DEBUG: <PixTestHighRate.cc/doCalDelScan:L422> roc 14: caldel = 140 eff = 0.998966
[15:02:45.510]    DEBUG: <PixTestHighRate.cc/doCalDelScan:L422> roc 15: caldel = 164 eff = 0.999639
[15:03:12.814]    DEBUG: <PixTab.cc/buttonClicked:L308> xxxPressed():  xpixelalive
[15:03:12.814]    DEBUG: <PixTestHighRate.cc/runCommand:L157> running command: xpixelalive
[15:03:12.814]     INFO:    ----------------------------------------------------------------------
[15:03:12.814]     INFO:    PixTestHighRate::xPixelAlive() ntrig = 50, vcal = 200
[15:03:12.814]     INFO:    ----------------------------------------------------------------------
[15:03:12.815]    DEBUG: <PixTestHighRate.cc/doXPixelAlive:L451>  old set: clk: 4
[15:03:12.815]    DEBUG: <PixTestHighRate.cc/doXPixelAlive:L451>  old set: ctr: 4
[15:03:12.815]    DEBUG: <PixTestHighRate.cc/doXPixelAlive:L451>  old set: sda: 19
[15:03:12.815]    DEBUG: <PixTestHighRate.cc/doXPixelAlive:L451>  old set: tin: 9
[15:03:12.815]    DEBUG: <PixTestHighRate.cc/doXPixelAlive:L451>  old set: level: 15
[15:03:12.815]    DEBUG: <PixTestHighRate.cc/doXPixelAlive:L451>  old set: triggerdelay: 0
[15:03:12.815]    DEBUG: <PixTestHighRate.cc/doXPixelAlive:L467>  setting: clk: 4
[15:03:12.815]    DEBUG: <PixTestHighRate.cc/doXPixelAlive:L467>  setting: ctr: 4
[15:03:12.815]    DEBUG: <PixTestHighRate.cc/doXPixelAlive:L467>  setting: sda: 19
[15:03:12.815]    DEBUG: <PixTestHighRate.cc/doXPixelAlive:L467>  setting: tin: 9
[15:03:12.815]    DEBUG: <PixTestHighRate.cc/doXPixelAlive:L467>  setting: level: 15
[15:03:12.815]    DEBUG: <PixTestHighRate.cc/doXPixelAlive:L467>  setting: triggerdelay: 20
[15:03:12.860]    DEBUG: <PixTest.cc/efficiencyMaps:L396>       attempt #0
[15:03:13.527]     INFO: Expecting 208000 events.
[15:03:27.404]     INFO: 208000 events read in total (13350ms).
[15:03:27.416]     INFO: Test took 14556ms.
[15:03:27.833]     INFO: Fetched DAQ statistics. Counters are being reset now.
[15:03:27.833]    DEBUG: <PixTest.cc/efficiencyMaps:L407>  eff result size = 2345019
[15:03:27.833]    DEBUG: <PixTest.cc/efficiencyMaps:L412> Create hists highRate_C0 .. highRate_C15
[15:03:27.834]    DEBUG: <PixTest.cc/efficiencyMaps:L426> booking xray maps for unmasked detector
[15:03:28.221]     INFO: number of dead pixels (per ROC):     1    0    0    0    0    0    0    0    0    0    0    0    1    0    3    0
[15:03:28.221]     INFO: number of red-efficiency pixels:   135  105  177  237  287  284  316  243  277  390  303  275  286  214  105   94
[15:03:28.221]     INFO: number of X-ray hits detected:    94632 68529 113990 166956 177772 174304 178532 163683 177188 182760 179407 167632 169856 114470 66427 82326
[15:03:28.221]     INFO: number of triggers sent (total per ROC):  208000 208000 208000 208000 208000 208000 208000 208000 208000 208000 208000 208000 208000 208000 208000 208000
[15:03:28.221]     INFO: number of Vcal hits detected:  207811 207892 207812 207744 207698 207703 207670 207746 207707 207588 207674 207716 207651 207771 207744 207904
[15:03:28.221]     INFO: Vcal hit fiducial efficiency (%):  99.9 99.9 99.9 99.9 99.9 99.9 99.9 99.9 99.9 99.8 99.9 99.9 99.9 99.9 100.0 100.0
[15:03:28.221]     INFO: Vcal hit overall efficiency (%):  99.9 99.9 99.9 99.9 99.9 99.9 99.8 99.9 99.9 99.8 99.8 99.9 99.8 99.9 99.9 100.0
[15:03:28.221]     INFO: X-ray hit rate [MHz/cm2]:  27.7 20.1 33.4 48.9 52.1 51.1 52.3 48.0 51.9 53.6 52.6 49.1 49.8 33.6 19.5 24.1
[15:03:28.221]     INFO: PixTestHighRate::doXPixelAlive() done
[15:03:28.267]    DEBUG: <PixTestHighRate.cc/doXPixelAlive:L586>  resetting: clk: 4
[15:03:28.267]    DEBUG: <PixTestHighRate.cc/doXPixelAlive:L586>  resetting: ctr: 4
[15:03:28.267]    DEBUG: <PixTestHighRate.cc/doXPixelAlive:L586>  resetting: sda: 19
[15:03:28.267]    DEBUG: <PixTestHighRate.cc/doXPixelAlive:L586>  resetting: tin: 9
[15:03:28.267]    DEBUG: <PixTestHighRate.cc/doXPixelAlive:L586>  resetting: level: 15
[15:03:28.267]    DEBUG: <PixTestHighRate.cc/doXPixelAlive:L586>  resetting: triggerdelay: 0
[15:03:28.267]     INFO: PixTest::       pg_setup set to default.
[15:04:12.198]    DEBUG: <PixTest.cc/moduleMap:L1029> moduleMap histname: what
[15:04:12.198]    DEBUG: <PixTest.cc/moduleMap:L1039> h1->GetName() = highRate_xraymap_C14_V0 -> highRate_xraymap_mod
[15:04:16.638]    DEBUG: <PixGui.cc/handleButtons:L396> PixGui::exit called
[15:04:16.639]    DEBUG: <PixGui.cc/CloseWindow:L335> Final Analog Current: 389.1mA
[15:04:16.640]    DEBUG: <PixGui.cc/CloseWindow:L336> Final Digital Current: 468.7mA
[15:04:16.640]    DEBUG: <PixGui.cc/CloseWindow:L337> Final Module Temperature: 28.7 C
[15:04:16.640]    DEBUG: <PixTestBBMap.cc/~PixTestBBMap:L97> PixTestBBMap dtor
[15:04:16.640]    DEBUG: <PixTestBB2Map.cc/~PixTestBB2Map:L115> PixTestBB2Map dtor
[15:04:16.640]    DEBUG: <PixTestBB3Map.cc/~PixTestBB3Map:L99> PixTestBB3Map dtor
[15:04:16.640]    DEBUG: <PixTestBB4Map.cc/~PixTestBB4Map:L118> PixTestBB4Map dtor
[15:04:16.640]    DEBUG: <PixTestCmd.cc/~PixTestCmd:L78> PixTestCmd dtor
[15:04:16.640]    DEBUG: <PixTestDaq.cc/~PixTestDaq:L37> PixTestDaq dtor
[15:04:16.640]    DEBUG: <PixTestDacDacScan.cc/~PixTestDacDacScan:L136> PixTestDacDacScan dtor
[15:04:16.640]    DEBUG: <PixTestDacScan.cc/~PixTestDacScan:L129> PixTestDacScan dtor
[15:04:16.640]    DEBUG: <PixTestGainPedestal.cc/~PixTestGainPedestal:L125> PixTestGainPedestal dtor
[15:04:16.640]    DEBUG: <PixTestHighRate.cc/~PixTestHighRate:L245> PixTestHighRate dtor
[15:04:16.733]    DEBUG: <PixTestIV.cc/~PixTestIV:L96> PixTestIV dtor
[15:04:16.734]    DEBUG: <PixTestAlive.cc/~PixTestAlive:L109> PixTestAlive dtor
[15:04:16.734]    DEBUG: <PixTestPretest.cc/~PixTestPretest:L136> PixTestPretest dtor
[15:04:16.734]    DEBUG: <PixTestReadback.cc/~PixTestReadback:L89> PixTestReadback dtor, saving tree ... 
[15:04:16.734]    DEBUG: <PixTestScurves.cc/~PixTestScurves:L142> PixTestScurves dtor
[15:04:16.734]    DEBUG: <PixTestTiming.cc/~PixTestTiming:L97> PixTestTiming dtor
[15:04:16.734]    DEBUG: <PixTestTrim.cc/~PixTestTrim:L103> PixTestTrim dtor
[15:04:16.734]    DEBUG: <PixTestXray.cc/~PixTestXray:L217> PixTestXray dtor
[15:04:16.736]    QUIET: Connection to board 58 closed.
[15:04:16.816]    DEBUG: <PixMonitor.cc/dumpSummaries:L39> PixMonitor::dumpSummaries
