[14:58:33.492]     INFO: *** Welcome to pxar ***
[14:58:33.492]     INFO: *** Today: 2016/01/06
[14:58:33.502]     INFO: *** Version: prod-12
[14:58:33.502]     INFO: readRocDacs: data/mh228/M-H-2-28_ElComandanteTest_2015-12-23_15h48m_1450907287/000_FPIXTest_p17/dacParameters35_C0.dat .. data/mh228/M-H-2-28_ElComandanteTest_2015-12-23_15h48m_1450907287/000_FPIXTest_p17/dacParameters35_C15.dat
[14:58:33.503]     INFO: readTbmDacs: data/mh228/M-H-2-28_ElComandanteTest_2015-12-23_15h48m_1450907287/000_FPIXTest_p17/tbmParameters_C0a.dat .. data/mh228/M-H-2-28_ElComandanteTest_2015-12-23_15h48m_1450907287/000_FPIXTest_p17/tbmParameters_C0b.dat
[14:58:33.504]     INFO: readMaskFile: data/mh228/M-H-2-28_ElComandanteTest_2015-12-23_15h48m_1450907287/000_FPIXTest_p17/defaultMaskFile.dat
[14:58:33.504]     INFO: readTrimFile: data/mh228/M-H-2-28_ElComandanteTest_2015-12-23_15h48m_1450907287/000_FPIXTest_p17/trimParameters35_C0.dat .. data/mh228/M-H-2-28_ElComandanteTest_2015-12-23_15h48m_1450907287/000_FPIXTest_p17/trimParameters35_C15.dat
[14:58:33.658]     INFO:         clk: 4
[14:58:33.658]     INFO:         ctr: 4
[14:58:33.658]     INFO:         sda: 19
[14:58:33.658]     INFO:         tin: 9
[14:58:33.658]     INFO:         level: 15
[14:58:33.658]     INFO:         triggerdelay: 0
[14:58:33.658]    QUIET: Instanciating API for pxar prod-12
[14:58:33.658]     INFO: Log level: DEBUG
[14:58:33.669]    QUIET: Connection to board DTB_WRPRHI opened.
[14:58:33.673]     INFO: DTB startup information
--- DTB info------------------------------------------
Board id:    58
HW version:  DTB1.2
FW version:  4.2
SW version:  4.5
USB id:      DTB_WRPRHI
MAC address: 40D85511803A
Hostname:    pixelDTB058
Comment:     
------------------------------------------------------
[14:58:33.676]     INFO: RPC call hashes of host and DTB match: 398089610
[14:58:35.280]     INFO: DUT info: 
[14:58:35.280]     INFO: The DUT currently contains the following objects:
[14:58:35.280]     INFO:  2 TBM Cores tbm08c (2 ON)
[14:58:35.280]     INFO: 	TBM Core alpha (0): 7 registers set
[14:58:35.280]     INFO: 	TBM Core beta  (1): 7 registers set
[14:58:35.280]     INFO: 16 ROCs psi46digv21respin (16 ON) with 4160 pixelConfigs
[14:58:35.280]     INFO: 	ROC 0: 19 DACs set, Pixels: 0 masked, 0 active.
[14:58:35.280]     INFO: 	ROC 1: 19 DACs set, Pixels: 0 masked, 0 active.
[14:58:35.280]     INFO: 	ROC 2: 19 DACs set, Pixels: 0 masked, 0 active.
[14:58:35.280]     INFO: 	ROC 3: 19 DACs set, Pixels: 0 masked, 0 active.
[14:58:35.280]     INFO: 	ROC 4: 19 DACs set, Pixels: 0 masked, 0 active.
[14:58:35.280]     INFO: 	ROC 5: 19 DACs set, Pixels: 0 masked, 0 active.
[14:58:35.280]     INFO: 	ROC 6: 19 DACs set, Pixels: 0 masked, 0 active.
[14:58:35.280]     INFO: 	ROC 7: 19 DACs set, Pixels: 0 masked, 0 active.
[14:58:35.280]     INFO: 	ROC 8: 19 DACs set, Pixels: 0 masked, 0 active.
[14:58:35.280]     INFO: 	ROC 9: 19 DACs set, Pixels: 0 masked, 0 active.
[14:58:35.280]     INFO: 	ROC 10: 19 DACs set, Pixels: 0 masked, 0 active.
[14:58:35.280]     INFO: 	ROC 11: 19 DACs set, Pixels: 0 masked, 0 active.
[14:58:35.280]     INFO: 	ROC 12: 19 DACs set, Pixels: 0 masked, 0 active.
[14:58:35.280]     INFO: 	ROC 13: 19 DACs set, Pixels: 0 masked, 0 active.
[14:58:35.280]     INFO: 	ROC 14: 19 DACs set, Pixels: 0 masked, 0 active.
[14:58:35.280]     INFO: 	ROC 15: 19 DACs set, Pixels: 0 masked, 0 active.
[14:58:35.281]    DEBUG: <PixTestParameters.cc/dump:L104> PixTestParameters: ->BB<-
[14:58:35.281]    DEBUG: <PixTestParameters.cc/dump:L107>   dumpall: checkbox(0)
[14:58:35.281]    DEBUG: <PixTestParameters.cc/dump:L107>   dumpproblematic: checkbox(0)
[14:58:35.281]    DEBUG: <PixTestParameters.cc/dump:L107>   ntrig: 5
[14:58:35.281]    DEBUG: <PixTestParameters.cc/dump:L107>   vcals: 250
[14:58:35.281]    DEBUG: <PixTestParameters.cc/dump:L104> PixTestParameters: ->BB2<-
[14:58:35.281]    DEBUG: <PixTestParameters.cc/dump:L107>   ntrig: 10
[14:58:35.281]    DEBUG: <PixTestParameters.cc/dump:L107>   vcals: 222
[14:58:35.281]    DEBUG: <PixTestParameters.cc/dump:L107>   plwidth: 35
[14:58:35.281]    DEBUG: <PixTestParameters.cc/dump:L107>   pix: 11,20
[14:58:35.281]    DEBUG: <PixTestParameters.cc/dump:L107>   targetia: 24
[14:58:35.281]    DEBUG: <PixTestParameters.cc/dump:L104> PixTestParameters: ->BB3<-
[14:58:35.281]    DEBUG: <PixTestParameters.cc/dump:L107>   dumpall: checkbox(0)
[14:58:35.281]    DEBUG: <PixTestParameters.cc/dump:L107>   dumpproblematic: checkbox(0)
[14:58:35.281]    DEBUG: <PixTestParameters.cc/dump:L107>   ntrig: 5
[14:58:35.281]    DEBUG: <PixTestParameters.cc/dump:L107>   vcals: 250
[14:58:35.281]    DEBUG: <PixTestParameters.cc/dump:L104> PixTestParameters: ->BB4<-
[14:58:35.281]    DEBUG: <PixTestParameters.cc/dump:L107>   savecaldelscan: checkbox(0)
[14:58:35.281]    DEBUG: <PixTestParameters.cc/dump:L107>   ntrig: 100
[14:58:35.281]    DEBUG: <PixTestParameters.cc/dump:L107>   cals: 1
[14:58:35.281]    DEBUG: <PixTestParameters.cc/dump:L107>   caldello: 80
[14:58:35.281]    DEBUG: <PixTestParameters.cc/dump:L107>   caldelhi: 200
[14:58:35.281]    DEBUG: <PixTestParameters.cc/dump:L107>   caldelstep: 10
[14:58:35.281]    DEBUG: <PixTestParameters.cc/dump:L107>   vthrcomplo: 70
[14:58:35.281]    DEBUG: <PixTestParameters.cc/dump:L107>   vthrcomphi: 130
[14:58:35.281]    DEBUG: <PixTestParameters.cc/dump:L107>   vthrcompstep: 5
[14:58:35.281]    DEBUG: <PixTestParameters.cc/dump:L107>   noisypixels: 10
[14:58:35.281]    DEBUG: <PixTestParameters.cc/dump:L107>   vcal: 255
[14:58:35.281]    DEBUG: <PixTestParameters.cc/dump:L107>   cut: 0.5
[14:58:35.281]    DEBUG: <PixTestParameters.cc/dump:L104> PixTestParameters: ->Cmd<-
[14:58:35.281]    DEBUG: <PixTestParameters.cc/dump:L104> PixTestParameters: ->DAQ<-
[14:58:35.281]    DEBUG: <PixTestParameters.cc/dump:L107>   delaytbm: checkbox
[14:58:35.281]    DEBUG: <PixTestParameters.cc/dump:L107>   filltree: checkbox
[14:58:35.281]    DEBUG: <PixTestParameters.cc/dump:L107>   trgfrequency(khz): 100
[14:58:35.281]    DEBUG: <PixTestParameters.cc/dump:L107>   maskhotpixels: button
[14:58:35.281]    DEBUG: <PixTestParameters.cc/dump:L107>   trgnumber: 5
[14:58:35.281]    DEBUG: <PixTestParameters.cc/dump:L107>   iterations: 10
[14:58:35.281]    DEBUG: <PixTestParameters.cc/dump:L107>   rundaqtrg: button
[14:58:35.281]    DEBUG: <PixTestParameters.cc/dump:L107>   daqseconds: 5
[14:58:35.281]    DEBUG: <PixTestParameters.cc/dump:L107>   rundaqseconds: button
[14:58:35.281]    DEBUG: <PixTestParameters.cc/dump:L104> PixTestParameters: ->DacDacScan<-
[14:58:35.281]    DEBUG: <PixTestParameters.cc/dump:L107>   phmap: checkbox
[14:58:35.281]    DEBUG: <PixTestParameters.cc/dump:L107>   ntrig: 10
[14:58:35.281]    DEBUG: <PixTestParameters.cc/dump:L107>   dac1: caldel
[14:58:35.281]    DEBUG: <PixTestParameters.cc/dump:L107>   dac1lo: 0
[14:58:35.281]    DEBUG: <PixTestParameters.cc/dump:L107>   dac1hi: 255
[14:58:35.281]    DEBUG: <PixTestParameters.cc/dump:L107>   dac2: vthrcomp
[14:58:35.281]    DEBUG: <PixTestParameters.cc/dump:L107>   dac2lo: 0
[14:58:35.282]    DEBUG: <PixTestParameters.cc/dump:L107>   dac2hi: 255
[14:58:35.282]    DEBUG: <PixTestParameters.cc/dump:L107>   pix: 11,20
[14:58:35.282]    DEBUG: <PixTestParameters.cc/dump:L104> PixTestParameters: ->DacScan<-
[14:58:35.282]    DEBUG: <PixTestParameters.cc/dump:L107>   phmap: checkbox(1)
[14:58:35.282]    DEBUG: <PixTestParameters.cc/dump:L107>   allpixels: checkbox(0)
[14:58:35.282]    DEBUG: <PixTestParameters.cc/dump:L107>   unmasked: checkbox(0)
[14:58:35.282]    DEBUG: <PixTestParameters.cc/dump:L107>   ntrig: 10
[14:58:35.282]    DEBUG: <PixTestParameters.cc/dump:L107>   dac: vcal
[14:58:35.282]    DEBUG: <PixTestParameters.cc/dump:L107>   daclo: 0
[14:58:35.282]    DEBUG: <PixTestParameters.cc/dump:L107>   dachi: 255
[14:58:35.282]    DEBUG: <PixTestParameters.cc/dump:L107>   pix: 11,20
[14:58:35.282]    DEBUG: <PixTestParameters.cc/dump:L104> PixTestParameters: ->GainPedestal<-
[14:58:35.282]    DEBUG: <PixTestParameters.cc/dump:L107>   showfits: checkbox(0)
[14:58:35.282]    DEBUG: <PixTestParameters.cc/dump:L107>   extended: checkbox(0)
[14:58:35.282]    DEBUG: <PixTestParameters.cc/dump:L107>   dumphists: checkbox(0)
[14:58:35.282]    DEBUG: <PixTestParameters.cc/dump:L107>   ntrig: 10
[14:58:35.282]    DEBUG: <PixTestParameters.cc/dump:L107>   vcalstep: 10
[14:58:35.282]    DEBUG: <PixTestParameters.cc/dump:L107>   measure: button
[14:58:35.282]    DEBUG: <PixTestParameters.cc/dump:L107>   fit: button
[14:58:35.282]    DEBUG: <PixTestParameters.cc/dump:L107>   save: button
[14:58:35.282]    DEBUG: <PixTestParameters.cc/dump:L104> PixTestParameters: ->HighRate<-
[14:58:35.282]    DEBUG: <PixTestParameters.cc/dump:L107>   pix: 11,20
[14:58:35.282]    DEBUG: <PixTestParameters.cc/dump:L107>   trimhotpixels: button
[14:58:35.282]    DEBUG: <PixTestParameters.cc/dump:L107>   trimhotpixelthr: 200
[14:58:35.282]    DEBUG: <PixTestParameters.cc/dump:L107>   runsecondshotpixels: 10
[14:58:35.282]    DEBUG: <PixTestParameters.cc/dump:L107>   savetrimbits: checkbox(1)
[14:58:35.282]    DEBUG: <PixTestParameters.cc/dump:L107>   maskuntrimmable: checkbox(1)
[14:58:35.282]    DEBUG: <PixTestParameters.cc/dump:L107>   maskhotpixels: button
[14:58:35.282]    DEBUG: <PixTestParameters.cc/dump:L107>   savemaskfile: checkbox(0)
[14:58:35.282]    DEBUG: <PixTestParameters.cc/dump:L107>   maskfilename: default
[14:58:35.282]    DEBUG: <PixTestParameters.cc/dump:L107>   caldelscan: button
[14:58:35.282]    DEBUG: <PixTestParameters.cc/dump:L107>   xpixelalive: button
[14:58:35.282]    DEBUG: <PixTestParameters.cc/dump:L107>   ntrig: 50
[14:58:35.282]    DEBUG: <PixTestParameters.cc/dump:L107>   vcal: 200
[14:58:35.282]    DEBUG: <PixTestParameters.cc/dump:L107>   xnoisemaps: button
[14:58:35.282]    DEBUG: <PixTestParameters.cc/dump:L107>   daclo: 0
[14:58:35.282]    DEBUG: <PixTestParameters.cc/dump:L107>   dachi: 100
[14:58:35.282]    DEBUG: <PixTestParameters.cc/dump:L107>   dacs/step: 20
[14:58:35.282]    DEBUG: <PixTestParameters.cc/dump:L107>   rundaq: button
[14:58:35.282]    DEBUG: <PixTestParameters.cc/dump:L107>   trgfrequency(khz): 20
[14:58:35.282]    DEBUG: <PixTestParameters.cc/dump:L107>   runseconds: 2
[14:58:35.282]    DEBUG: <PixTestParameters.cc/dump:L107>   triggerdelay: 20
[14:58:35.282]    DEBUG: <PixTestParameters.cc/dump:L107>   delaytbm: checkbox
[14:58:35.282]    DEBUG: <PixTestParameters.cc/dump:L107>   filltree: checkbox
[14:58:35.282]    DEBUG: <PixTestParameters.cc/dump:L104> PixTestParameters: ->IV<-
[14:58:35.282]    DEBUG: <PixTestParameters.cc/dump:L107>   port: /dev/FIXME
[14:58:35.282]    DEBUG: <PixTestParameters.cc/dump:L107>   voltagestart: 0
[14:58:35.282]    DEBUG: <PixTestParameters.cc/dump:L107>   voltagestop: 600
[14:58:35.282]    DEBUG: <PixTestParameters.cc/dump:L107>   voltagestep: 5
[14:58:35.282]    DEBUG: <PixTestParameters.cc/dump:L107>   delay: 1
[14:58:35.282]    DEBUG: <PixTestParameters.cc/dump:L107>   compliance(ua): 100
[14:58:35.282]    DEBUG: <PixTestParameters.cc/dump:L104> PixTestParameters: ->PhOptimization<-
[14:58:35.282]    DEBUG: <PixTestParameters.cc/dump:L107>   ntrig: 10
[14:58:35.282]    DEBUG: <PixTestParameters.cc/dump:L107>   safetymarginlow: 20
[14:58:35.282]    DEBUG: <PixTestParameters.cc/dump:L107>   saturationvcal: 100
[14:58:35.282]    DEBUG: <PixTestParameters.cc/dump:L107>   quantilesaturation: 0.98
[14:58:35.282]    DEBUG: <PixTestParameters.cc/dump:L104> PixTestParameters: ->PixelAlive<-
[14:58:35.282]    DEBUG: <PixTestParameters.cc/dump:L107>   ntrig: 10
[14:58:35.283]    DEBUG: <PixTestParameters.cc/dump:L107>   vcal: 200
[14:58:35.283]    DEBUG: <PixTestParameters.cc/dump:L107>   alivetest: button
[14:58:35.283]    DEBUG: <PixTestParameters.cc/dump:L107>   masktest: button
[14:58:35.283]    DEBUG: <PixTestParameters.cc/dump:L107>   addressdecodingtest: button
[14:58:35.283]    DEBUG: <PixTestParameters.cc/dump:L104> PixTestParameters: ->Pretest<-
[14:58:35.283]    DEBUG: <PixTestParameters.cc/dump:L107>   programroc: button
[14:58:35.283]    DEBUG: <PixTestParameters.cc/dump:L107>   targetia: 24
[14:58:35.283]    DEBUG: <PixTestParameters.cc/dump:L107>   setvana: button
[14:58:35.283]    DEBUG: <PixTestParameters.cc/dump:L107>   iterations: 100
[14:58:35.283]    DEBUG: <PixTestParameters.cc/dump:L107>   settimings: button
[14:58:35.283]    DEBUG: <PixTestParameters.cc/dump:L107>   findtiming: button
[14:58:35.283]    DEBUG: <PixTestParameters.cc/dump:L107>   findworkingpixel: button
[14:58:35.283]    DEBUG: <PixTestParameters.cc/dump:L107>   setvthrcompcaldel: button
[14:58:35.283]    DEBUG: <PixTestParameters.cc/dump:L107>   pix: 11,20
[14:58:35.283]    DEBUG: <PixTestParameters.cc/dump:L107>   vcal: 250
[14:58:35.283]    DEBUG: <PixTestParameters.cc/dump:L107>   deltavthrcomp: 50
[14:58:35.283]    DEBUG: <PixTestParameters.cc/dump:L107>   fraccaldel: 0.5
[14:58:35.283]    DEBUG: <PixTestParameters.cc/dump:L107>   ntrig: 5
[14:58:35.283]    DEBUG: <PixTestParameters.cc/dump:L107>   savedacs: button
[14:58:35.283]    DEBUG: <PixTestParameters.cc/dump:L104> PixTestParameters: ->Readback<-
[14:58:35.283]    DEBUG: <PixTestParameters.cc/dump:L107>   calibratevd: button
[14:58:35.283]    DEBUG: <PixTestParameters.cc/dump:L107>   calibrateva: button
[14:58:35.283]    DEBUG: <PixTestParameters.cc/dump:L107>   calibrateia: button
[14:58:35.283]    DEBUG: <PixTestParameters.cc/dump:L107>   readbackvbg: button
[14:58:35.283]    DEBUG: <PixTestParameters.cc/dump:L107>   getcalibratedvbg: button
[14:58:35.283]    DEBUG: <PixTestParameters.cc/dump:L107>   usecalvd: checkbox(1)
[14:58:35.283]    DEBUG: <PixTestParameters.cc/dump:L107>   usecalva: checkbox(0)
[14:58:35.283]    DEBUG: <PixTestParameters.cc/dump:L107>   setvana: button
[14:58:35.283]    DEBUG: <PixTestParameters.cc/dump:L104> PixTestParameters: ->Scurves<-
[14:58:35.283]    DEBUG: <PixTestParameters.cc/dump:L107>   adjustvcal: checkbox(0)
[14:58:35.283]    DEBUG: <PixTestParameters.cc/dump:L107>   dumpall: checkbox(0)
[14:58:35.283]    DEBUG: <PixTestParameters.cc/dump:L107>   dumpproblematic: checkbox(0)
[14:58:35.283]    DEBUG: <PixTestParameters.cc/dump:L107>   dumpoutputfile: checkbox(0)
[14:58:35.283]    DEBUG: <PixTestParameters.cc/dump:L107>   ntrig: 50
[14:58:35.283]    DEBUG: <PixTestParameters.cc/dump:L107>   dac: Vcal
[14:58:35.283]    DEBUG: <PixTestParameters.cc/dump:L107>   daclo: 0
[14:58:35.283]    DEBUG: <PixTestParameters.cc/dump:L107>   dachi: 200
[14:58:35.283]    DEBUG: <PixTestParameters.cc/dump:L107>   dacs/step: -1
[14:58:35.283]    DEBUG: <PixTestParameters.cc/dump:L107>   ntrig/step: -1
[14:58:35.283]    DEBUG: <PixTestParameters.cc/dump:L107>   scurves: button
[14:58:35.283]    DEBUG: <PixTestParameters.cc/dump:L104> PixTestParameters: ->Timing<-
[14:58:35.283]    DEBUG: <PixTestParameters.cc/dump:L107>   targetclk: 4
[14:58:35.283]    DEBUG: <PixTestParameters.cc/dump:L107>   ntrig: 10
[14:58:35.283]    DEBUG: <PixTestParameters.cc/dump:L107>   clocksdascan: button
[14:58:35.283]    DEBUG: <PixTestParameters.cc/dump:L107>   notokenpass: checkbox(0)
[14:58:35.283]    DEBUG: <PixTestParameters.cc/dump:L107>   phasescan: button
[14:58:35.283]    DEBUG: <PixTestParameters.cc/dump:L107>   levelscan: button
[14:58:35.283]    DEBUG: <PixTestParameters.cc/dump:L107>   tbmphasescan: button
[14:58:35.283]    DEBUG: <PixTestParameters.cc/dump:L107>   rocdelayscan: button
[14:58:35.283]    DEBUG: <PixTestParameters.cc/dump:L107>   timingtest: button
[14:58:35.283]    DEBUG: <PixTestParameters.cc/dump:L107>   saveparameters: button
[14:58:35.283]    DEBUG: <PixTestParameters.cc/dump:L104> PixTestParameters: ->Trim<-
[14:58:35.283]    DEBUG: <PixTestParameters.cc/dump:L107>   trim: button
[14:58:35.283]    DEBUG: <PixTestParameters.cc/dump:L107>   ntrig: 8
[14:58:35.283]    DEBUG: <PixTestParameters.cc/dump:L107>   vcal: 35
[14:58:35.283]    DEBUG: <PixTestParameters.cc/dump:L107>   trimbits: button
[14:58:35.283]    DEBUG: <PixTestParameters.cc/dump:L104> PixTestParameters: ->Xray<-
[14:58:35.283]    DEBUG: <PixTestParameters.cc/dump:L107>   maskhotpixels: button
[14:58:35.283]    DEBUG: <PixTestParameters.cc/dump:L107>   savemaskfile: checkbox(0)
[14:58:35.284]    DEBUG: <PixTestParameters.cc/dump:L107>   maskfilename: default
[14:58:35.284]    DEBUG: <PixTestParameters.cc/dump:L107>   source: Ag
[14:58:35.284]    DEBUG: <PixTestParameters.cc/dump:L107>   phrun: button
[14:58:35.284]    DEBUG: <PixTestParameters.cc/dump:L107>   runseconds: 100
[14:58:35.284]    DEBUG: <PixTestParameters.cc/dump:L107>   trgfrequency(khz): 100
[14:58:35.284]    DEBUG: <PixTestParameters.cc/dump:L107>   ratescan: button
[14:58:35.284]    DEBUG: <PixTestParameters.cc/dump:L107>   vthrcompmin: 10
[14:58:35.284]    DEBUG: <PixTestParameters.cc/dump:L107>   vthrcompmax: 80
[14:58:35.284]    DEBUG: <PixTestParameters.cc/dump:L107>   stepseconds: 5
[14:58:35.284]    DEBUG: <PixTestParameters.cc/dump:L107>   delaytbm: checkbox
[14:58:35.284]    DEBUG: <PixTestParameters.cc/dump:L107>   filltree: checkbox
[14:58:35.286]    DEBUG: <PixSetup.cc/init:L81> PixSetup init start; getCurrentRSS() = 33472512
[14:58:35.286]    DEBUG: <PixSetup.cc/init:L87> fPixTestParameters = 0x2050380
[14:58:35.286]    DEBUG: <PixSetup.cc/init:L88>  fConfigParameters = 0x1fc5c10
[14:58:35.286]    DEBUG: <PixSetup.cc/init:L89>        fPxarMemory = 0x7f7a09d94010
[14:58:35.286]    DEBUG: <PixSetup.cc/init:L90>         fPxarMemHi = 0x7f7a0ffff510
[14:58:35.286]    DEBUG: <PixSetup.cc/init:L106> PixSetup init done;  getCurrentRSS() = 33480704 fPxarMemory = 0x7f7a09d94010
[14:58:35.287]    DEBUG: <pXar.cc/main:L223> Initial Analog Current: 385.1mA
[14:58:35.289]    DEBUG: <pXar.cc/main:L224> Initial Digital Current: 467.9mA
[14:58:35.289]    DEBUG: <pXar.cc/main:L225> Initial Module Temperature: 26.3 C
[14:58:35.784]    DEBUG: <PixGui.cc/hvOn:L460> HV set On: 0x260e650
[14:58:35.850]    DEBUG: <PixTestFactory.cc/PixTestFactory:L53> PixTestFactory::PixTestFactory()
[14:58:35.850]    DEBUG: <PixTestBBMap.cc/init:L79> PixTestBBMap::init()
[14:58:35.850]    DEBUG: <PixTestBBMap.cc/PixTestBBMap:L27> PixTestBBMap ctor(PixSetup &a, string, TGTab *)
[14:58:35.856]    DEBUG: <PixTestBB2Map.cc/setParameter:L58> setting fTargetIa    = 24 mA/ROC
[14:58:35.856]    DEBUG: <PixTestBB2Map.cc/init:L97> PixTestBB2Map::init()
[14:58:35.856]    DEBUG: <PixTestBB2Map.cc/PixTestBB2Map:L29> PixTestBB2Map ctor(PixSetup &a, string, TGTab *)
[14:58:35.876]    DEBUG: <PixTestBB3Map.cc/init:L81> PixTestBB3Map::init()
[14:58:35.876]    DEBUG: <PixTestBB3Map.cc/PixTestBB3Map:L29> PixTestBB3Map ctor(PixSetup &a, string, TGTab *)
[14:58:35.890]    DEBUG: <PixTestBB4Map.cc/init:L93> PixTestBB4Map::init()
[14:58:35.890]    DEBUG: <PixTestBB4Map.cc/PixTestBB4Map:L26> PixTestMapeff ctor(PixSetup &a, string, TGTab *)
[14:58:35.907]     INFO: PixTestCmd::init()
[14:58:35.924]    DEBUG: <PixTestDaq.cc/init:L44> PixTestDaq::init()
[14:58:35.924]    DEBUG: <PixTestDaq.cc/PixTestDaq:L22> PixTestDaq ctor(PixSetup &a, string, TGTab *)
[14:58:35.925]     INFO: readGainPedestalParameters data/mh228/M-H-2-28_ElComandanteTest_2015-12-23_15h48m_1450907287/000_FPIXTest_p17/phCalibrationFitErr35_C0.dat .. data/mh228/M-H-2-28_ElComandanteTest_2015-12-23_15h48m_1450907287/000_FPIXTest_p17/phCalibrationFitErr35_C15.dat
[14:58:36.172]    DEBUG: <PixTestDacDacScan.cc/init:L103> PixTestDacDacScan::init()
[14:58:36.172]    DEBUG: <PixTestDacDacScan.cc/PixTestDacDacScan:L22> PixTestDacDacScan ctor(PixSetup &a, string, TGTab *)
[14:58:36.188]    DEBUG: <PixTestGainPedestal.cc/setParameter:L83> PixTestGainPedestal::PixTest() fVcalStep = 10
[14:58:36.194]    DEBUG: <PixTestHighRate.cc/setParameter:L68>   setting fParTriggerFrequency -> 20
[14:58:36.194]    DEBUG: <PixTestHighRate.cc/init:L198> PixTestHighRate::init()
[14:58:36.194]    DEBUG: <PixTestHighRate.cc/PixTestHighRate:L31> PixTestHighRate ctor(PixSetup &a, string, TGTab *)
[14:58:36.220]    DEBUG: <PixTest.cc/setTestParameter:L637>  setting  ntrig to new value 10
[14:58:36.220]    DEBUG: <PixTestPhOptimization.cc/setParameter:L37>   setting fParNtrig  ->10<- from sval = 10
[14:58:36.220]    DEBUG: <PixTestPhOptimization.cc/setParameter:L42>   setting fSafetyMarginLow  ->20<- from sval = 20
[14:58:36.220]    DEBUG: <PixTestPhOptimization.cc/setParameter:L48>   setting fVcalMax  ->100<- from sval = 100
[14:58:36.220]    DEBUG: <PixTestPhOptimization.cc/setParameter:L53>   setting fQuantMax  ->0.98<- from sval = 0.98
[14:58:36.229]    DEBUG: <PixTestAlive.cc/init:L77> PixTestAlive::init()
[14:58:36.229]    DEBUG: <PixTestAlive.cc/PixTestAlive:L21> PixTestAlive ctor(PixSetup &a, string, TGTab *)
[14:58:36.251]    DEBUG: <PixTestReadback.cc/setParameter:L172> fCalwVd set to 1
[14:58:36.251]    DEBUG: <PixTestReadback.cc/init:L95> PixTestReadback::init()
[14:58:36.251]    DEBUG: <PixTestReadback.cc/PixTestReadback:L22> PixTestReadback ctor(PixSetup &a, string, TGTab *)
[14:58:36.252]     INFO: readReadbackCal: data/mh228/M-H-2-28_ElComandanteTest_2015-12-23_15h48m_1450907287/000_FPIXTest_p17/readbackCal_C0.dat .. data/mh228/M-H-2-28_ElComandanteTest_2015-12-23_15h48m_1450907287/000_FPIXTest_p17/readbackCal_C15.dat
[14:58:36.261]    DEBUG: <PixTestScurves.cc/setParameter:L93> set fOutputFilename = 
[14:58:36.276]    DEBUG: <PixTestTiming.cc/setParameter:L60> PixTestTiming::PixTest() targetclk = 4
[14:58:36.276]    DEBUG: <PixTestTiming.cc/setParameter:L64> PixTestTiming::PixTest() ntrig = 10
[14:58:36.276]    DEBUG: <PixTestTiming.cc/setParameter:L48> fNoTokenPass: 0
[14:58:36.276]    DEBUG: <PixTestTiming.cc/init:L74> PixTestTiming::init()
[14:58:36.289]    DEBUG: <PixTestXray.cc/init:L134> PixTestXray::init()
[14:58:36.290]    DEBUG: <PixTestXray.cc/PixTestXray:L28> PixTestXray ctor(PixSetup &a, string, TGTab *)
[14:58:41.822]    DEBUG: <PixTab.cc/buttonClicked:L308> xxxPressed():  caldelscan
[14:58:41.822]    DEBUG: <PixTestHighRate.cc/runCommand:L157> running command: caldelscan
[14:58:41.822]     INFO:    ----------------------------------------------------------------------
[14:58:41.822]     INFO:    PixTestHighRate::calDelScan() ntrig = 10, vcal = 200
[14:58:41.822]     INFO:    ----------------------------------------------------------------------
[14:58:41.963]     INFO: Expecting 768 events.
[14:58:43.101]     INFO: 768 events read in total (420ms).
[14:58:43.290]     INFO: Test took 1462ms.
[14:58:43.296]    DEBUG: <PixTest.cc/efficiencyMaps:L396>       attempt #0
[14:58:43.965]     INFO: Expecting 41600 events.
[14:58:47.567]     INFO: 41600 events read in total (3075ms).
[14:58:47.572]     INFO: Test took 4276ms.
[14:58:47.698]     INFO: Fetched DAQ statistics. Counters are being reset now.
[14:58:47.698]    DEBUG: <PixTest.cc/efficiencyMaps:L407>  eff result size = 727342
[14:58:47.698]    DEBUG: <PixTest.cc/efficiencyMaps:L412> Create hists HR_xeff_CalDelScan_step0_C0 .. HR_xeff_CalDelScan_step0_C15
[14:58:47.698]    DEBUG: <PixTest.cc/efficiencyMaps:L426> booking xray maps for unmasked detector
[14:58:47.752]    DEBUG: <PixTest.cc/efficiencyMaps:L396>       attempt #0
[14:58:48.419]     INFO: Expecting 41600 events.
[14:58:52.159]     INFO: 41600 events read in total (3213ms).
[14:58:52.164]     INFO: Test took 4412ms.
[14:58:52.288]     INFO: Fetched DAQ statistics. Counters are being reset now.
[14:58:52.288]    DEBUG: <PixTest.cc/efficiencyMaps:L407>  eff result size = 739609
[14:58:52.288]    DEBUG: <PixTest.cc/efficiencyMaps:L412> Create hists HR_xeff_CalDelScan_step1_C0 .. HR_xeff_CalDelScan_step1_C15
[14:58:52.288]    DEBUG: <PixTest.cc/efficiencyMaps:L426> booking xray maps for unmasked detector
[14:58:52.347]    DEBUG: <PixTest.cc/efficiencyMaps:L396>       attempt #0
[14:58:53.014]     INFO: Expecting 41600 events.
[14:58:56.807]     INFO: 41600 events read in total (3266ms).
[14:58:56.812]     INFO: Test took 4465ms.
[14:58:56.935]     INFO: Fetched DAQ statistics. Counters are being reset now.
[14:58:56.935]    DEBUG: <PixTest.cc/efficiencyMaps:L407>  eff result size = 743909
[14:58:56.935]    DEBUG: <PixTest.cc/efficiencyMaps:L412> Create hists HR_xeff_CalDelScan_step2_C0 .. HR_xeff_CalDelScan_step2_C15
[14:58:56.936]    DEBUG: <PixTest.cc/efficiencyMaps:L426> booking xray maps for unmasked detector
[14:58:56.992]    DEBUG: <PixTest.cc/efficiencyMaps:L396>       attempt #0
[14:58:57.657]     INFO: Expecting 41600 events.
[14:59:01.454]     INFO: 41600 events read in total (3271ms).
[14:59:01.458]     INFO: Test took 4466ms.
[14:59:01.580]     INFO: Fetched DAQ statistics. Counters are being reset now.
[14:59:01.580]    DEBUG: <PixTest.cc/efficiencyMaps:L407>  eff result size = 743405
[14:59:01.580]    DEBUG: <PixTest.cc/efficiencyMaps:L412> Create hists HR_xeff_CalDelScan_step3_C0 .. HR_xeff_CalDelScan_step3_C15
[14:59:01.580]    DEBUG: <PixTest.cc/efficiencyMaps:L426> booking xray maps for unmasked detector
[14:59:01.637]    DEBUG: <PixTest.cc/efficiencyMaps:L396>       attempt #0
[14:59:02.302]     INFO: Expecting 41600 events.
[14:59:06.109]     INFO: 41600 events read in total (3280ms).
[14:59:06.114]     INFO: Test took 4477ms.
[14:59:06.237]     INFO: Fetched DAQ statistics. Counters are being reset now.
[14:59:06.237]    DEBUG: <PixTest.cc/efficiencyMaps:L407>  eff result size = 743569
[14:59:06.237]    DEBUG: <PixTest.cc/efficiencyMaps:L412> Create hists HR_xeff_CalDelScan_step4_C0 .. HR_xeff_CalDelScan_step4_C15
[14:59:06.237]    DEBUG: <PixTest.cc/efficiencyMaps:L426> booking xray maps for unmasked detector
[14:59:06.294]    DEBUG: <PixTest.cc/efficiencyMaps:L396>       attempt #0
[14:59:06.959]     INFO: Expecting 41600 events.
[14:59:10.786]     INFO: 41600 events read in total (3301ms).
[14:59:10.791]     INFO: Test took 4497ms.
[14:59:10.917]     INFO: Fetched DAQ statistics. Counters are being reset now.
[14:59:10.917]    DEBUG: <PixTest.cc/efficiencyMaps:L407>  eff result size = 744050
[14:59:10.917]    DEBUG: <PixTest.cc/efficiencyMaps:L412> Create hists HR_xeff_CalDelScan_step5_C0 .. HR_xeff_CalDelScan_step5_C15
[14:59:10.917]    DEBUG: <PixTest.cc/efficiencyMaps:L426> booking xray maps for unmasked detector
[14:59:10.976]    DEBUG: <PixTest.cc/efficiencyMaps:L396>       attempt #0
[14:59:11.642]     INFO: Expecting 41600 events.
[14:59:15.452]     INFO: 41600 events read in total (3283ms).
[14:59:15.457]     INFO: Test took 4481ms.
[14:59:15.581]     INFO: Fetched DAQ statistics. Counters are being reset now.
[14:59:15.581]    DEBUG: <PixTest.cc/efficiencyMaps:L407>  eff result size = 744033
[14:59:15.581]    DEBUG: <PixTest.cc/efficiencyMaps:L412> Create hists HR_xeff_CalDelScan_step6_C0 .. HR_xeff_CalDelScan_step6_C15
[14:59:15.582]    DEBUG: <PixTest.cc/efficiencyMaps:L426> booking xray maps for unmasked detector
[14:59:15.641]    DEBUG: <PixTest.cc/efficiencyMaps:L396>       attempt #0
[14:59:16.307]     INFO: Expecting 41600 events.
[14:59:20.139]     INFO: 41600 events read in total (3305ms).
[14:59:20.143]     INFO: Test took 4502ms.
[14:59:20.269]     INFO: Fetched DAQ statistics. Counters are being reset now.
[14:59:20.269]    DEBUG: <PixTest.cc/efficiencyMaps:L407>  eff result size = 743326
[14:59:20.270]    DEBUG: <PixTest.cc/efficiencyMaps:L412> Create hists HR_xeff_CalDelScan_step7_C0 .. HR_xeff_CalDelScan_step7_C15
[14:59:20.270]    DEBUG: <PixTest.cc/efficiencyMaps:L426> booking xray maps for unmasked detector
[14:59:20.328]    DEBUG: <PixTest.cc/efficiencyMaps:L396>       attempt #0
[14:59:20.994]     INFO: Expecting 41600 events.
[14:59:24.820]     INFO: 41600 events read in total (3299ms).
[14:59:24.824]     INFO: Test took 4496ms.
[14:59:24.950]     INFO: Fetched DAQ statistics. Counters are being reset now.
[14:59:24.950]    DEBUG: <PixTest.cc/efficiencyMaps:L407>  eff result size = 744069
[14:59:24.950]    DEBUG: <PixTest.cc/efficiencyMaps:L412> Create hists HR_xeff_CalDelScan_step8_C0 .. HR_xeff_CalDelScan_step8_C15
[14:59:24.951]    DEBUG: <PixTest.cc/efficiencyMaps:L426> booking xray maps for unmasked detector
[14:59:25.007]    DEBUG: <PixTest.cc/efficiencyMaps:L396>       attempt #0
[14:59:25.673]     INFO: Expecting 41600 events.
[14:59:29.507]     INFO: 41600 events read in total (3308ms).
[14:59:29.512]     INFO: Test took 4505ms.
[14:59:29.636]     INFO: Fetched DAQ statistics. Counters are being reset now.
[14:59:29.636]    DEBUG: <PixTest.cc/efficiencyMaps:L407>  eff result size = 742279
[14:59:29.636]    DEBUG: <PixTest.cc/efficiencyMaps:L412> Create hists HR_xeff_CalDelScan_step9_C0 .. HR_xeff_CalDelScan_step9_C15
[14:59:29.636]    DEBUG: <PixTest.cc/efficiencyMaps:L426> booking xray maps for unmasked detector
[14:59:29.693]    DEBUG: <PixTest.cc/efficiencyMaps:L396>       attempt #0
[14:59:30.358]     INFO: Expecting 41600 events.
[14:59:34.197]     INFO: 41600 events read in total (3313ms).
[14:59:34.202]     INFO: Test took 4509ms.
[14:59:34.329]     INFO: Fetched DAQ statistics. Counters are being reset now.
[14:59:34.329]    DEBUG: <PixTest.cc/efficiencyMaps:L407>  eff result size = 745114
[14:59:34.329]    DEBUG: <PixTest.cc/efficiencyMaps:L412> Create hists HR_xeff_CalDelScan_step10_C0 .. HR_xeff_CalDelScan_step10_C15
[14:59:34.329]    DEBUG: <PixTest.cc/efficiencyMaps:L426> booking xray maps for unmasked detector
[14:59:34.388]    DEBUG: <PixTest.cc/efficiencyMaps:L396>       attempt #0
[14:59:35.054]     INFO: Expecting 41600 events.
[14:59:38.887]     INFO: 41600 events read in total (3306ms).
[14:59:38.891]     INFO: Test took 4503ms.
[14:59:39.017]     INFO: Fetched DAQ statistics. Counters are being reset now.
[14:59:39.017]    DEBUG: <PixTest.cc/efficiencyMaps:L407>  eff result size = 743495
[14:59:39.018]    DEBUG: <PixTest.cc/efficiencyMaps:L412> Create hists HR_xeff_CalDelScan_step11_C0 .. HR_xeff_CalDelScan_step11_C15
[14:59:39.018]    DEBUG: <PixTest.cc/efficiencyMaps:L426> booking xray maps for unmasked detector
[14:59:39.076]    DEBUG: <PixTest.cc/efficiencyMaps:L396>       attempt #0
[14:59:39.743]     INFO: Expecting 41600 events.
[14:59:43.577]     INFO: 41600 events read in total (3308ms).
[14:59:43.581]     INFO: Test took 4505ms.
[14:59:43.706]     INFO: Fetched DAQ statistics. Counters are being reset now.
[14:59:43.706]    DEBUG: <PixTest.cc/efficiencyMaps:L407>  eff result size = 744359
[14:59:43.706]    DEBUG: <PixTest.cc/efficiencyMaps:L412> Create hists HR_xeff_CalDelScan_step12_C0 .. HR_xeff_CalDelScan_step12_C15
[14:59:43.706]    DEBUG: <PixTest.cc/efficiencyMaps:L426> booking xray maps for unmasked detector
[14:59:43.763]    DEBUG: <PixTest.cc/efficiencyMaps:L396>       attempt #0
[14:59:44.428]     INFO: Expecting 41600 events.
[14:59:48.261]     INFO: 41600 events read in total (3306ms).
[14:59:48.266]     INFO: Test took 4503ms.
[14:59:48.392]     INFO: Fetched DAQ statistics. Counters are being reset now.
[14:59:48.392]    DEBUG: <PixTest.cc/efficiencyMaps:L407>  eff result size = 743151
[14:59:48.392]    DEBUG: <PixTest.cc/efficiencyMaps:L412> Create hists HR_xeff_CalDelScan_step13_C0 .. HR_xeff_CalDelScan_step13_C15
[14:59:48.393]    DEBUG: <PixTest.cc/efficiencyMaps:L426> booking xray maps for unmasked detector
[14:59:48.451]    DEBUG: <PixTest.cc/efficiencyMaps:L396>       attempt #0
[14:59:49.118]     INFO: Expecting 41600 events.
[14:59:52.948]     INFO: 41600 events read in total (3303ms).
[14:59:52.953]     INFO: Test took 4502ms.
[14:59:53.076]     INFO: Fetched DAQ statistics. Counters are being reset now.
[14:59:53.076]    DEBUG: <PixTest.cc/efficiencyMaps:L407>  eff result size = 744857
[14:59:53.076]    DEBUG: <PixTest.cc/efficiencyMaps:L412> Create hists HR_xeff_CalDelScan_step14_C0 .. HR_xeff_CalDelScan_step14_C15
[14:59:53.076]    DEBUG: <PixTest.cc/efficiencyMaps:L426> booking xray maps for unmasked detector
[14:59:53.133]    DEBUG: <PixTest.cc/efficiencyMaps:L396>       attempt #0
[14:59:53.798]     INFO: Expecting 41600 events.
[14:59:57.623]     INFO: 41600 events read in total (3298ms).
[14:59:57.627]     INFO: Test took 4494ms.
[14:59:57.752]     INFO: Fetched DAQ statistics. Counters are being reset now.
[14:59:57.753]    DEBUG: <PixTest.cc/efficiencyMaps:L407>  eff result size = 742540
[14:59:57.753]    DEBUG: <PixTest.cc/efficiencyMaps:L412> Create hists HR_xeff_CalDelScan_step15_C0 .. HR_xeff_CalDelScan_step15_C15
[14:59:57.753]    DEBUG: <PixTest.cc/efficiencyMaps:L426> booking xray maps for unmasked detector
[14:59:57.811]    DEBUG: <PixTest.cc/efficiencyMaps:L396>       attempt #0
[14:59:58.478]     INFO: Expecting 41600 events.
[15:00:02.298]     INFO: 41600 events read in total (3293ms).
[15:00:02.303]     INFO: Test took 4492ms.
[15:00:02.426]     INFO: Fetched DAQ statistics. Counters are being reset now.
[15:00:02.427]    DEBUG: <PixTest.cc/efficiencyMaps:L407>  eff result size = 744081
[15:00:02.427]    DEBUG: <PixTest.cc/efficiencyMaps:L412> Create hists HR_xeff_CalDelScan_step16_C0 .. HR_xeff_CalDelScan_step16_C15
[15:00:02.427]    DEBUG: <PixTest.cc/efficiencyMaps:L426> booking xray maps for unmasked detector
[15:00:02.484]    DEBUG: <PixTest.cc/efficiencyMaps:L396>       attempt #0
[15:00:03.149]     INFO: Expecting 41600 events.
[15:00:06.965]     INFO: 41600 events read in total (3289ms).
[15:00:06.970]     INFO: Test took 4486ms.
[15:00:07.093]     INFO: Fetched DAQ statistics. Counters are being reset now.
[15:00:07.093]    DEBUG: <PixTest.cc/efficiencyMaps:L407>  eff result size = 743213
[15:00:07.093]    DEBUG: <PixTest.cc/efficiencyMaps:L412> Create hists HR_xeff_CalDelScan_step17_C0 .. HR_xeff_CalDelScan_step17_C15
[15:00:07.094]    DEBUG: <PixTest.cc/efficiencyMaps:L426> booking xray maps for unmasked detector
[15:00:07.150]    DEBUG: <PixTest.cc/efficiencyMaps:L396>       attempt #0
[15:00:07.815]     INFO: Expecting 41600 events.
[15:00:11.626]     INFO: 41600 events read in total (3284ms).
[15:00:11.631]     INFO: Test took 4481ms.
[15:00:11.753]     INFO: Fetched DAQ statistics. Counters are being reset now.
[15:00:11.753]    DEBUG: <PixTest.cc/efficiencyMaps:L407>  eff result size = 744615
[15:00:11.753]    DEBUG: <PixTest.cc/efficiencyMaps:L412> Create hists HR_xeff_CalDelScan_step18_C0 .. HR_xeff_CalDelScan_step18_C15
[15:00:11.754]    DEBUG: <PixTest.cc/efficiencyMaps:L426> booking xray maps for unmasked detector
[15:00:11.811]    DEBUG: <PixTest.cc/efficiencyMaps:L396>       attempt #0
[15:00:12.476]     INFO: Expecting 41600 events.
[15:00:16.181]     INFO: 41600 events read in total (3178ms).
[15:00:16.185]     INFO: Test took 4374ms.
[15:00:16.307]     INFO: Fetched DAQ statistics. Counters are being reset now.
[15:00:16.307]    DEBUG: <PixTest.cc/efficiencyMaps:L407>  eff result size = 741224
[15:00:16.307]    DEBUG: <PixTest.cc/efficiencyMaps:L412> Create hists HR_xeff_CalDelScan_step19_C0 .. HR_xeff_CalDelScan_step19_C15
[15:00:16.308]    DEBUG: <PixTest.cc/efficiencyMaps:L426> booking xray maps for unmasked detector
[15:00:16.585]    DEBUG: <PixTestHighRate.cc/doCalDelScan:L422> roc  0: caldel = 173 eff = 0.998966
[15:00:16.586]    DEBUG: <PixTestHighRate.cc/doCalDelScan:L422> roc  1: caldel = 141 eff = 0.999351
[15:00:16.586]    DEBUG: <PixTestHighRate.cc/doCalDelScan:L422> roc  2: caldel = 167 eff = 0.998389
[15:00:16.586]    DEBUG: <PixTestHighRate.cc/doCalDelScan:L422> roc  3: caldel = 161 eff = 0.997476
[15:00:16.586]    DEBUG: <PixTestHighRate.cc/doCalDelScan:L422> roc  4: caldel = 147 eff = 0.997163
[15:00:16.587]    DEBUG: <PixTestHighRate.cc/doCalDelScan:L422> roc  5: caldel = 167 eff = 0.997019
[15:00:16.587]    DEBUG: <PixTestHighRate.cc/doCalDelScan:L422> roc  6: caldel = 160 eff = 0.997284
[15:00:16.587]    DEBUG: <PixTestHighRate.cc/doCalDelScan:L422> roc  7: caldel = 171 eff = 0.997596
[15:00:16.587]    DEBUG: <PixTestHighRate.cc/doCalDelScan:L422> roc  8: caldel = 170 eff = 0.997332
[15:00:16.587]    DEBUG: <PixTestHighRate.cc/doCalDelScan:L422> roc  9: caldel = 157 eff = 0.99726
[15:00:16.588]    DEBUG: <PixTestHighRate.cc/doCalDelScan:L422> roc 10: caldel = 161 eff = 0.996923
[15:00:16.588]    DEBUG: <PixTestHighRate.cc/doCalDelScan:L422> roc 11: caldel = 169 eff = 0.997644
[15:00:16.588]    DEBUG: <PixTestHighRate.cc/doCalDelScan:L422> roc 12: caldel = 194 eff = 0.997043
[15:00:16.588]    DEBUG: <PixTestHighRate.cc/doCalDelScan:L422> roc 13: caldel = 159 eff = 0.998365
[15:00:16.588]    DEBUG: <PixTestHighRate.cc/doCalDelScan:L422> roc 14: caldel = 153 eff = 0.998798
[15:00:16.589]    DEBUG: <PixTestHighRate.cc/doCalDelScan:L422> roc 15: caldel = 156 eff = 0.999327
[15:00:20.446]    DEBUG: <PixTab.cc/buttonClicked:L308> xxxPressed():  xpixelalive
[15:00:20.446]    DEBUG: <PixTestHighRate.cc/runCommand:L157> running command: xpixelalive
[15:00:20.446]     INFO:    ----------------------------------------------------------------------
[15:00:20.446]     INFO:    PixTestHighRate::xPixelAlive() ntrig = 50, vcal = 200
[15:00:20.446]     INFO:    ----------------------------------------------------------------------
[15:00:20.447]    DEBUG: <PixTestHighRate.cc/doXPixelAlive:L451>  old set: clk: 4
[15:00:20.447]    DEBUG: <PixTestHighRate.cc/doXPixelAlive:L451>  old set: ctr: 4
[15:00:20.447]    DEBUG: <PixTestHighRate.cc/doXPixelAlive:L451>  old set: sda: 19
[15:00:20.447]    DEBUG: <PixTestHighRate.cc/doXPixelAlive:L451>  old set: tin: 9
[15:00:20.447]    DEBUG: <PixTestHighRate.cc/doXPixelAlive:L451>  old set: level: 15
[15:00:20.447]    DEBUG: <PixTestHighRate.cc/doXPixelAlive:L451>  old set: triggerdelay: 0
[15:00:20.447]    DEBUG: <PixTestHighRate.cc/doXPixelAlive:L467>  setting: clk: 4
[15:00:20.447]    DEBUG: <PixTestHighRate.cc/doXPixelAlive:L467>  setting: ctr: 4
[15:00:20.447]    DEBUG: <PixTestHighRate.cc/doXPixelAlive:L467>  setting: sda: 19
[15:00:20.447]    DEBUG: <PixTestHighRate.cc/doXPixelAlive:L467>  setting: tin: 9
[15:00:20.447]    DEBUG: <PixTestHighRate.cc/doXPixelAlive:L467>  setting: level: 15
[15:00:20.447]    DEBUG: <PixTestHighRate.cc/doXPixelAlive:L467>  setting: triggerdelay: 20
[15:00:20.489]    DEBUG: <PixTest.cc/efficiencyMaps:L396>       attempt #0
[15:00:21.157]     INFO: Expecting 208000 events.
[15:00:36.622]     INFO: 208000 events read in total (14938ms).
[15:00:36.639]     INFO: Test took 16150ms.
[15:00:37.233]     INFO: Fetched DAQ statistics. Counters are being reset now.
[15:00:37.233]    DEBUG: <PixTest.cc/efficiencyMaps:L407>  eff result size = 3416674
[15:00:37.233]    DEBUG: <PixTest.cc/efficiencyMaps:L412> Create hists highRate_C0 .. highRate_C15
[15:00:37.234]    DEBUG: <PixTest.cc/efficiencyMaps:L426> booking xray maps for unmasked detector
[15:00:37.695]     INFO: number of dead pixels (per ROC):     1    0    0    0    0    0    0    0    0    0    0    0    1    0    3    0
[15:00:37.695]     INFO: number of red-efficiency pixels:   202  162  323  477  550  518  540  500  517  574  534  537  484  368  156  178
[15:00:37.695]     INFO: number of X-ray hits detected:    138760 100122 166863 245294 262579 257192 262588 241850 260785 268255 262900 245610 250416 167885 98784 120236
[15:00:37.695]     INFO: number of triggers sent (total per ROC):  208000 208000 208000 208000 208000 208000 208000 208000 208000 208000 208000 208000 208000 208000 208000 208000
[15:00:37.695]     INFO: number of Vcal hits detected:  207741 207827 207645 207487 207401 207428 207401 207461 207439 207356 207409 207403 207434 207590 207694 207814
[15:00:37.695]     INFO: Vcal hit fiducial efficiency (%):  99.9 99.9 99.8 99.8 99.7 99.7 99.7 99.8 99.7 99.7 99.7 99.7 99.8 99.8 99.9 99.9
[15:00:37.695]     INFO: Vcal hit overall efficiency (%):  99.9 99.9 99.8 99.8 99.7 99.7 99.7 99.7 99.7 99.7 99.7 99.7 99.7 99.8 99.9 99.9
[15:00:37.695]     INFO: X-ray hit rate [MHz/cm2]:  40.7 29.3 48.9 71.9 77.0 75.4 77.0 70.9 76.4 78.6 77.1 72.0 73.4 49.2 29.0 35.2
[15:00:37.695]     INFO: PixTestHighRate::doXPixelAlive() done
[15:00:37.740]    DEBUG: <PixTestHighRate.cc/doXPixelAlive:L586>  resetting: clk: 4
[15:00:37.740]    DEBUG: <PixTestHighRate.cc/doXPixelAlive:L586>  resetting: ctr: 4
[15:00:37.740]    DEBUG: <PixTestHighRate.cc/doXPixelAlive:L586>  resetting: sda: 19
[15:00:37.740]    DEBUG: <PixTestHighRate.cc/doXPixelAlive:L586>  resetting: tin: 9
[15:00:37.740]    DEBUG: <PixTestHighRate.cc/doXPixelAlive:L586>  resetting: level: 15
[15:00:37.740]    DEBUG: <PixTestHighRate.cc/doXPixelAlive:L586>  resetting: triggerdelay: 0
[15:00:37.741]     INFO: PixTest::       pg_setup set to default.
[15:00:57.494]    DEBUG: <PixTest.cc/moduleMap:L1029> moduleMap histname: what
[15:00:57.494]    DEBUG: <PixTest.cc/moduleMap:L1039> h1->GetName() = highRate_xraymap_C14_V0 -> highRate_xraymap_mod
[15:01:00.486]    DEBUG: <PixGui.cc/handleButtons:L396> PixGui::exit called
[15:01:00.487]    DEBUG: <PixGui.cc/CloseWindow:L335> Final Analog Current: 389.1mA
[15:01:00.488]    DEBUG: <PixGui.cc/CloseWindow:L336> Final Digital Current: 469.5mA
[15:01:00.488]    DEBUG: <PixGui.cc/CloseWindow:L337> Final Module Temperature: 28.9 C
[15:01:00.488]    DEBUG: <PixTestBBMap.cc/~PixTestBBMap:L97> PixTestBBMap dtor
[15:01:00.488]    DEBUG: <PixTestBB2Map.cc/~PixTestBB2Map:L115> PixTestBB2Map dtor
[15:01:00.488]    DEBUG: <PixTestBB3Map.cc/~PixTestBB3Map:L99> PixTestBB3Map dtor
[15:01:00.488]    DEBUG: <PixTestBB4Map.cc/~PixTestBB4Map:L118> PixTestBB4Map dtor
[15:01:00.488]    DEBUG: <PixTestCmd.cc/~PixTestCmd:L78> PixTestCmd dtor
[15:01:00.488]    DEBUG: <PixTestDaq.cc/~PixTestDaq:L37> PixTestDaq dtor
[15:01:00.488]    DEBUG: <PixTestDacDacScan.cc/~PixTestDacDacScan:L136> PixTestDacDacScan dtor
[15:01:00.488]    DEBUG: <PixTestDacScan.cc/~PixTestDacScan:L129> PixTestDacScan dtor
[15:01:00.488]    DEBUG: <PixTestGainPedestal.cc/~PixTestGainPedestal:L125> PixTestGainPedestal dtor
[15:01:00.488]    DEBUG: <PixTestHighRate.cc/~PixTestHighRate:L245> PixTestHighRate dtor
[15:01:00.582]    DEBUG: <PixTestIV.cc/~PixTestIV:L96> PixTestIV dtor
[15:01:00.582]    DEBUG: <PixTestAlive.cc/~PixTestAlive:L109> PixTestAlive dtor
[15:01:00.582]    DEBUG: <PixTestPretest.cc/~PixTestPretest:L136> PixTestPretest dtor
[15:01:00.582]    DEBUG: <PixTestReadback.cc/~PixTestReadback:L89> PixTestReadback dtor, saving tree ... 
[15:01:00.582]    DEBUG: <PixTestScurves.cc/~PixTestScurves:L142> PixTestScurves dtor
[15:01:00.582]    DEBUG: <PixTestTiming.cc/~PixTestTiming:L97> PixTestTiming dtor
[15:01:00.582]    DEBUG: <PixTestTrim.cc/~PixTestTrim:L103> PixTestTrim dtor
[15:01:00.582]    DEBUG: <PixTestXray.cc/~PixTestXray:L217> PixTestXray dtor
[15:01:00.585]    QUIET: Connection to board 58 closed.
[15:01:00.664]    DEBUG: <PixMonitor.cc/dumpSummaries:L39> PixMonitor::dumpSummaries
