[14:52:30.256]     INFO: *** Welcome to pxar ***
[14:52:30.256]     INFO: *** Today: 2016/01/06
[14:52:30.266]     INFO: *** Version: prod-12
[14:52:30.266]     INFO: readRocDacs: data/mh228/M-H-2-28_ElComandanteTest_2015-12-23_15h48m_1450907287/000_FPIXTest_p17/dacParameters35_C0.dat .. data/mh228/M-H-2-28_ElComandanteTest_2015-12-23_15h48m_1450907287/000_FPIXTest_p17/dacParameters35_C15.dat
[14:52:30.268]     INFO: readTbmDacs: data/mh228/M-H-2-28_ElComandanteTest_2015-12-23_15h48m_1450907287/000_FPIXTest_p17/tbmParameters_C0a.dat .. data/mh228/M-H-2-28_ElComandanteTest_2015-12-23_15h48m_1450907287/000_FPIXTest_p17/tbmParameters_C0b.dat
[14:52:30.269]     INFO: readMaskFile: data/mh228/M-H-2-28_ElComandanteTest_2015-12-23_15h48m_1450907287/000_FPIXTest_p17/defaultMaskFile.dat
[14:52:30.269]     INFO: readTrimFile: data/mh228/M-H-2-28_ElComandanteTest_2015-12-23_15h48m_1450907287/000_FPIXTest_p17/trimParameters35_C0.dat .. data/mh228/M-H-2-28_ElComandanteTest_2015-12-23_15h48m_1450907287/000_FPIXTest_p17/trimParameters35_C15.dat
[14:52:30.423]     INFO:         clk: 4
[14:52:30.423]     INFO:         ctr: 4
[14:52:30.423]     INFO:         sda: 19
[14:52:30.423]     INFO:         tin: 9
[14:52:30.423]     INFO:         level: 15
[14:52:30.423]     INFO:         triggerdelay: 0
[14:52:30.423]    QUIET: Instanciating API for pxar prod-12
[14:52:30.423]     INFO: Log level: DEBUG
[14:52:30.434]    QUIET: Connection to board DTB_WRPRHI opened.
[14:52:30.437]     INFO: DTB startup information
--- DTB info------------------------------------------
Board id:    58
HW version:  DTB1.2
FW version:  4.2
SW version:  4.5
USB id:      DTB_WRPRHI
MAC address: 40D85511803A
Hostname:    pixelDTB058
Comment:     
------------------------------------------------------
[14:52:30.440]     INFO: RPC call hashes of host and DTB match: 398089610
[14:52:32.043]     INFO: DUT info: 
[14:52:32.043]     INFO: The DUT currently contains the following objects:
[14:52:32.043]     INFO:  2 TBM Cores tbm08c (2 ON)
[14:52:32.043]     INFO: 	TBM Core alpha (0): 7 registers set
[14:52:32.043]     INFO: 	TBM Core beta  (1): 7 registers set
[14:52:32.043]     INFO: 16 ROCs psi46digv21respin (16 ON) with 4160 pixelConfigs
[14:52:32.043]     INFO: 	ROC 0: 19 DACs set, Pixels: 0 masked, 0 active.
[14:52:32.043]     INFO: 	ROC 1: 19 DACs set, Pixels: 0 masked, 0 active.
[14:52:32.043]     INFO: 	ROC 2: 19 DACs set, Pixels: 0 masked, 0 active.
[14:52:32.043]     INFO: 	ROC 3: 19 DACs set, Pixels: 0 masked, 0 active.
[14:52:32.043]     INFO: 	ROC 4: 19 DACs set, Pixels: 0 masked, 0 active.
[14:52:32.043]     INFO: 	ROC 5: 19 DACs set, Pixels: 0 masked, 0 active.
[14:52:32.043]     INFO: 	ROC 6: 19 DACs set, Pixels: 0 masked, 0 active.
[14:52:32.043]     INFO: 	ROC 7: 19 DACs set, Pixels: 0 masked, 0 active.
[14:52:32.043]     INFO: 	ROC 8: 19 DACs set, Pixels: 0 masked, 0 active.
[14:52:32.043]     INFO: 	ROC 9: 19 DACs set, Pixels: 0 masked, 0 active.
[14:52:32.043]     INFO: 	ROC 10: 19 DACs set, Pixels: 0 masked, 0 active.
[14:52:32.043]     INFO: 	ROC 11: 19 DACs set, Pixels: 0 masked, 0 active.
[14:52:32.043]     INFO: 	ROC 12: 19 DACs set, Pixels: 0 masked, 0 active.
[14:52:32.043]     INFO: 	ROC 13: 19 DACs set, Pixels: 0 masked, 0 active.
[14:52:32.043]     INFO: 	ROC 14: 19 DACs set, Pixels: 0 masked, 0 active.
[14:52:32.043]     INFO: 	ROC 15: 19 DACs set, Pixels: 0 masked, 0 active.
[14:52:32.044]    DEBUG: <PixTestParameters.cc/dump:L104> PixTestParameters: ->BB<-
[14:52:32.044]    DEBUG: <PixTestParameters.cc/dump:L107>   dumpall: checkbox(0)
[14:52:32.044]    DEBUG: <PixTestParameters.cc/dump:L107>   dumpproblematic: checkbox(0)
[14:52:32.044]    DEBUG: <PixTestParameters.cc/dump:L107>   ntrig: 5
[14:52:32.044]    DEBUG: <PixTestParameters.cc/dump:L107>   vcals: 250
[14:52:32.044]    DEBUG: <PixTestParameters.cc/dump:L104> PixTestParameters: ->BB2<-
[14:52:32.044]    DEBUG: <PixTestParameters.cc/dump:L107>   ntrig: 10
[14:52:32.044]    DEBUG: <PixTestParameters.cc/dump:L107>   vcals: 222
[14:52:32.044]    DEBUG: <PixTestParameters.cc/dump:L107>   plwidth: 35
[14:52:32.044]    DEBUG: <PixTestParameters.cc/dump:L107>   pix: 11,20
[14:52:32.044]    DEBUG: <PixTestParameters.cc/dump:L107>   targetia: 24
[14:52:32.044]    DEBUG: <PixTestParameters.cc/dump:L104> PixTestParameters: ->BB3<-
[14:52:32.044]    DEBUG: <PixTestParameters.cc/dump:L107>   dumpall: checkbox(0)
[14:52:32.044]    DEBUG: <PixTestParameters.cc/dump:L107>   dumpproblematic: checkbox(0)
[14:52:32.044]    DEBUG: <PixTestParameters.cc/dump:L107>   ntrig: 5
[14:52:32.044]    DEBUG: <PixTestParameters.cc/dump:L107>   vcals: 250
[14:52:32.044]    DEBUG: <PixTestParameters.cc/dump:L104> PixTestParameters: ->BB4<-
[14:52:32.044]    DEBUG: <PixTestParameters.cc/dump:L107>   savecaldelscan: checkbox(0)
[14:52:32.044]    DEBUG: <PixTestParameters.cc/dump:L107>   ntrig: 100
[14:52:32.044]    DEBUG: <PixTestParameters.cc/dump:L107>   cals: 1
[14:52:32.044]    DEBUG: <PixTestParameters.cc/dump:L107>   caldello: 80
[14:52:32.044]    DEBUG: <PixTestParameters.cc/dump:L107>   caldelhi: 200
[14:52:32.044]    DEBUG: <PixTestParameters.cc/dump:L107>   caldelstep: 10
[14:52:32.044]    DEBUG: <PixTestParameters.cc/dump:L107>   vthrcomplo: 70
[14:52:32.044]    DEBUG: <PixTestParameters.cc/dump:L107>   vthrcomphi: 130
[14:52:32.044]    DEBUG: <PixTestParameters.cc/dump:L107>   vthrcompstep: 5
[14:52:32.044]    DEBUG: <PixTestParameters.cc/dump:L107>   noisypixels: 10
[14:52:32.044]    DEBUG: <PixTestParameters.cc/dump:L107>   vcal: 255
[14:52:32.044]    DEBUG: <PixTestParameters.cc/dump:L107>   cut: 0.5
[14:52:32.044]    DEBUG: <PixTestParameters.cc/dump:L104> PixTestParameters: ->Cmd<-
[14:52:32.044]    DEBUG: <PixTestParameters.cc/dump:L104> PixTestParameters: ->DAQ<-
[14:52:32.044]    DEBUG: <PixTestParameters.cc/dump:L107>   delaytbm: checkbox
[14:52:32.044]    DEBUG: <PixTestParameters.cc/dump:L107>   filltree: checkbox
[14:52:32.044]    DEBUG: <PixTestParameters.cc/dump:L107>   trgfrequency(khz): 100
[14:52:32.044]    DEBUG: <PixTestParameters.cc/dump:L107>   maskhotpixels: button
[14:52:32.044]    DEBUG: <PixTestParameters.cc/dump:L107>   trgnumber: 5
[14:52:32.044]    DEBUG: <PixTestParameters.cc/dump:L107>   iterations: 10
[14:52:32.044]    DEBUG: <PixTestParameters.cc/dump:L107>   rundaqtrg: button
[14:52:32.044]    DEBUG: <PixTestParameters.cc/dump:L107>   daqseconds: 5
[14:52:32.044]    DEBUG: <PixTestParameters.cc/dump:L107>   rundaqseconds: button
[14:52:32.044]    DEBUG: <PixTestParameters.cc/dump:L104> PixTestParameters: ->DacDacScan<-
[14:52:32.044]    DEBUG: <PixTestParameters.cc/dump:L107>   phmap: checkbox
[14:52:32.044]    DEBUG: <PixTestParameters.cc/dump:L107>   ntrig: 10
[14:52:32.044]    DEBUG: <PixTestParameters.cc/dump:L107>   dac1: caldel
[14:52:32.044]    DEBUG: <PixTestParameters.cc/dump:L107>   dac1lo: 0
[14:52:32.044]    DEBUG: <PixTestParameters.cc/dump:L107>   dac1hi: 255
[14:52:32.045]    DEBUG: <PixTestParameters.cc/dump:L107>   dac2: vthrcomp
[14:52:32.045]    DEBUG: <PixTestParameters.cc/dump:L107>   dac2lo: 0
[14:52:32.045]    DEBUG: <PixTestParameters.cc/dump:L107>   dac2hi: 255
[14:52:32.045]    DEBUG: <PixTestParameters.cc/dump:L107>   pix: 11,20
[14:52:32.045]    DEBUG: <PixTestParameters.cc/dump:L104> PixTestParameters: ->DacScan<-
[14:52:32.045]    DEBUG: <PixTestParameters.cc/dump:L107>   phmap: checkbox(1)
[14:52:32.045]    DEBUG: <PixTestParameters.cc/dump:L107>   allpixels: checkbox(0)
[14:52:32.045]    DEBUG: <PixTestParameters.cc/dump:L107>   unmasked: checkbox(0)
[14:52:32.045]    DEBUG: <PixTestParameters.cc/dump:L107>   ntrig: 10
[14:52:32.045]    DEBUG: <PixTestParameters.cc/dump:L107>   dac: vcal
[14:52:32.045]    DEBUG: <PixTestParameters.cc/dump:L107>   daclo: 0
[14:52:32.045]    DEBUG: <PixTestParameters.cc/dump:L107>   dachi: 255
[14:52:32.045]    DEBUG: <PixTestParameters.cc/dump:L107>   pix: 11,20
[14:52:32.045]    DEBUG: <PixTestParameters.cc/dump:L104> PixTestParameters: ->GainPedestal<-
[14:52:32.045]    DEBUG: <PixTestParameters.cc/dump:L107>   showfits: checkbox(0)
[14:52:32.045]    DEBUG: <PixTestParameters.cc/dump:L107>   extended: checkbox(0)
[14:52:32.045]    DEBUG: <PixTestParameters.cc/dump:L107>   dumphists: checkbox(0)
[14:52:32.045]    DEBUG: <PixTestParameters.cc/dump:L107>   ntrig: 10
[14:52:32.045]    DEBUG: <PixTestParameters.cc/dump:L107>   vcalstep: 10
[14:52:32.045]    DEBUG: <PixTestParameters.cc/dump:L107>   measure: button
[14:52:32.045]    DEBUG: <PixTestParameters.cc/dump:L107>   fit: button
[14:52:32.045]    DEBUG: <PixTestParameters.cc/dump:L107>   save: button
[14:52:32.045]    DEBUG: <PixTestParameters.cc/dump:L104> PixTestParameters: ->HighRate<-
[14:52:32.045]    DEBUG: <PixTestParameters.cc/dump:L107>   pix: 11,20
[14:52:32.045]    DEBUG: <PixTestParameters.cc/dump:L107>   trimhotpixels: button
[14:52:32.045]    DEBUG: <PixTestParameters.cc/dump:L107>   trimhotpixelthr: 200
[14:52:32.045]    DEBUG: <PixTestParameters.cc/dump:L107>   runsecondshotpixels: 10
[14:52:32.045]    DEBUG: <PixTestParameters.cc/dump:L107>   savetrimbits: checkbox(1)
[14:52:32.045]    DEBUG: <PixTestParameters.cc/dump:L107>   maskuntrimmable: checkbox(1)
[14:52:32.045]    DEBUG: <PixTestParameters.cc/dump:L107>   maskhotpixels: button
[14:52:32.045]    DEBUG: <PixTestParameters.cc/dump:L107>   savemaskfile: checkbox(0)
[14:52:32.045]    DEBUG: <PixTestParameters.cc/dump:L107>   maskfilename: default
[14:52:32.045]    DEBUG: <PixTestParameters.cc/dump:L107>   caldelscan: button
[14:52:32.045]    DEBUG: <PixTestParameters.cc/dump:L107>   xpixelalive: button
[14:52:32.045]    DEBUG: <PixTestParameters.cc/dump:L107>   ntrig: 50
[14:52:32.045]    DEBUG: <PixTestParameters.cc/dump:L107>   vcal: 200
[14:52:32.045]    DEBUG: <PixTestParameters.cc/dump:L107>   xnoisemaps: button
[14:52:32.045]    DEBUG: <PixTestParameters.cc/dump:L107>   daclo: 0
[14:52:32.045]    DEBUG: <PixTestParameters.cc/dump:L107>   dachi: 100
[14:52:32.045]    DEBUG: <PixTestParameters.cc/dump:L107>   dacs/step: 20
[14:52:32.045]    DEBUG: <PixTestParameters.cc/dump:L107>   rundaq: button
[14:52:32.045]    DEBUG: <PixTestParameters.cc/dump:L107>   trgfrequency(khz): 20
[14:52:32.045]    DEBUG: <PixTestParameters.cc/dump:L107>   runseconds: 2
[14:52:32.045]    DEBUG: <PixTestParameters.cc/dump:L107>   triggerdelay: 20
[14:52:32.045]    DEBUG: <PixTestParameters.cc/dump:L107>   delaytbm: checkbox
[14:52:32.045]    DEBUG: <PixTestParameters.cc/dump:L107>   filltree: checkbox
[14:52:32.045]    DEBUG: <PixTestParameters.cc/dump:L104> PixTestParameters: ->IV<-
[14:52:32.045]    DEBUG: <PixTestParameters.cc/dump:L107>   port: /dev/FIXME
[14:52:32.045]    DEBUG: <PixTestParameters.cc/dump:L107>   voltagestart: 0
[14:52:32.045]    DEBUG: <PixTestParameters.cc/dump:L107>   voltagestop: 600
[14:52:32.045]    DEBUG: <PixTestParameters.cc/dump:L107>   voltagestep: 5
[14:52:32.045]    DEBUG: <PixTestParameters.cc/dump:L107>   delay: 1
[14:52:32.045]    DEBUG: <PixTestParameters.cc/dump:L107>   compliance(ua): 100
[14:52:32.045]    DEBUG: <PixTestParameters.cc/dump:L104> PixTestParameters: ->PhOptimization<-
[14:52:32.045]    DEBUG: <PixTestParameters.cc/dump:L107>   ntrig: 10
[14:52:32.045]    DEBUG: <PixTestParameters.cc/dump:L107>   safetymarginlow: 20
[14:52:32.045]    DEBUG: <PixTestParameters.cc/dump:L107>   saturationvcal: 100
[14:52:32.046]    DEBUG: <PixTestParameters.cc/dump:L107>   quantilesaturation: 0.98
[14:52:32.046]    DEBUG: <PixTestParameters.cc/dump:L104> PixTestParameters: ->PixelAlive<-
[14:52:32.046]    DEBUG: <PixTestParameters.cc/dump:L107>   ntrig: 10
[14:52:32.046]    DEBUG: <PixTestParameters.cc/dump:L107>   vcal: 200
[14:52:32.046]    DEBUG: <PixTestParameters.cc/dump:L107>   alivetest: button
[14:52:32.046]    DEBUG: <PixTestParameters.cc/dump:L107>   masktest: button
[14:52:32.046]    DEBUG: <PixTestParameters.cc/dump:L107>   addressdecodingtest: button
[14:52:32.046]    DEBUG: <PixTestParameters.cc/dump:L104> PixTestParameters: ->Pretest<-
[14:52:32.046]    DEBUG: <PixTestParameters.cc/dump:L107>   programroc: button
[14:52:32.046]    DEBUG: <PixTestParameters.cc/dump:L107>   targetia: 24
[14:52:32.046]    DEBUG: <PixTestParameters.cc/dump:L107>   setvana: button
[14:52:32.046]    DEBUG: <PixTestParameters.cc/dump:L107>   iterations: 100
[14:52:32.046]    DEBUG: <PixTestParameters.cc/dump:L107>   settimings: button
[14:52:32.046]    DEBUG: <PixTestParameters.cc/dump:L107>   findtiming: button
[14:52:32.046]    DEBUG: <PixTestParameters.cc/dump:L107>   findworkingpixel: button
[14:52:32.046]    DEBUG: <PixTestParameters.cc/dump:L107>   setvthrcompcaldel: button
[14:52:32.046]    DEBUG: <PixTestParameters.cc/dump:L107>   pix: 11,20
[14:52:32.046]    DEBUG: <PixTestParameters.cc/dump:L107>   vcal: 250
[14:52:32.046]    DEBUG: <PixTestParameters.cc/dump:L107>   deltavthrcomp: 50
[14:52:32.046]    DEBUG: <PixTestParameters.cc/dump:L107>   fraccaldel: 0.5
[14:52:32.046]    DEBUG: <PixTestParameters.cc/dump:L107>   ntrig: 5
[14:52:32.046]    DEBUG: <PixTestParameters.cc/dump:L107>   savedacs: button
[14:52:32.046]    DEBUG: <PixTestParameters.cc/dump:L104> PixTestParameters: ->Readback<-
[14:52:32.046]    DEBUG: <PixTestParameters.cc/dump:L107>   calibratevd: button
[14:52:32.046]    DEBUG: <PixTestParameters.cc/dump:L107>   calibrateva: button
[14:52:32.046]    DEBUG: <PixTestParameters.cc/dump:L107>   calibrateia: button
[14:52:32.046]    DEBUG: <PixTestParameters.cc/dump:L107>   readbackvbg: button
[14:52:32.046]    DEBUG: <PixTestParameters.cc/dump:L107>   getcalibratedvbg: button
[14:52:32.046]    DEBUG: <PixTestParameters.cc/dump:L107>   usecalvd: checkbox(1)
[14:52:32.046]    DEBUG: <PixTestParameters.cc/dump:L107>   usecalva: checkbox(0)
[14:52:32.046]    DEBUG: <PixTestParameters.cc/dump:L107>   setvana: button
[14:52:32.046]    DEBUG: <PixTestParameters.cc/dump:L104> PixTestParameters: ->Scurves<-
[14:52:32.046]    DEBUG: <PixTestParameters.cc/dump:L107>   adjustvcal: checkbox(0)
[14:52:32.046]    DEBUG: <PixTestParameters.cc/dump:L107>   dumpall: checkbox(0)
[14:52:32.046]    DEBUG: <PixTestParameters.cc/dump:L107>   dumpproblematic: checkbox(0)
[14:52:32.046]    DEBUG: <PixTestParameters.cc/dump:L107>   dumpoutputfile: checkbox(0)
[14:52:32.046]    DEBUG: <PixTestParameters.cc/dump:L107>   ntrig: 50
[14:52:32.046]    DEBUG: <PixTestParameters.cc/dump:L107>   dac: Vcal
[14:52:32.046]    DEBUG: <PixTestParameters.cc/dump:L107>   daclo: 0
[14:52:32.046]    DEBUG: <PixTestParameters.cc/dump:L107>   dachi: 200
[14:52:32.046]    DEBUG: <PixTestParameters.cc/dump:L107>   dacs/step: -1
[14:52:32.046]    DEBUG: <PixTestParameters.cc/dump:L107>   ntrig/step: -1
[14:52:32.046]    DEBUG: <PixTestParameters.cc/dump:L107>   scurves: button
[14:52:32.046]    DEBUG: <PixTestParameters.cc/dump:L104> PixTestParameters: ->Timing<-
[14:52:32.046]    DEBUG: <PixTestParameters.cc/dump:L107>   targetclk: 4
[14:52:32.046]    DEBUG: <PixTestParameters.cc/dump:L107>   ntrig: 10
[14:52:32.046]    DEBUG: <PixTestParameters.cc/dump:L107>   clocksdascan: button
[14:52:32.046]    DEBUG: <PixTestParameters.cc/dump:L107>   notokenpass: checkbox(0)
[14:52:32.046]    DEBUG: <PixTestParameters.cc/dump:L107>   phasescan: button
[14:52:32.046]    DEBUG: <PixTestParameters.cc/dump:L107>   levelscan: button
[14:52:32.046]    DEBUG: <PixTestParameters.cc/dump:L107>   tbmphasescan: button
[14:52:32.046]    DEBUG: <PixTestParameters.cc/dump:L107>   rocdelayscan: button
[14:52:32.046]    DEBUG: <PixTestParameters.cc/dump:L107>   timingtest: button
[14:52:32.046]    DEBUG: <PixTestParameters.cc/dump:L107>   saveparameters: button
[14:52:32.046]    DEBUG: <PixTestParameters.cc/dump:L104> PixTestParameters: ->Trim<-
[14:52:32.046]    DEBUG: <PixTestParameters.cc/dump:L107>   trim: button
[14:52:32.046]    DEBUG: <PixTestParameters.cc/dump:L107>   ntrig: 8
[14:52:32.046]    DEBUG: <PixTestParameters.cc/dump:L107>   vcal: 35
[14:52:32.047]    DEBUG: <PixTestParameters.cc/dump:L107>   trimbits: button
[14:52:32.047]    DEBUG: <PixTestParameters.cc/dump:L104> PixTestParameters: ->Xray<-
[14:52:32.047]    DEBUG: <PixTestParameters.cc/dump:L107>   maskhotpixels: button
[14:52:32.047]    DEBUG: <PixTestParameters.cc/dump:L107>   savemaskfile: checkbox(0)
[14:52:32.047]    DEBUG: <PixTestParameters.cc/dump:L107>   maskfilename: default
[14:52:32.047]    DEBUG: <PixTestParameters.cc/dump:L107>   source: Ag
[14:52:32.047]    DEBUG: <PixTestParameters.cc/dump:L107>   phrun: button
[14:52:32.047]    DEBUG: <PixTestParameters.cc/dump:L107>   runseconds: 100
[14:52:32.047]    DEBUG: <PixTestParameters.cc/dump:L107>   trgfrequency(khz): 100
[14:52:32.047]    DEBUG: <PixTestParameters.cc/dump:L107>   ratescan: button
[14:52:32.047]    DEBUG: <PixTestParameters.cc/dump:L107>   vthrcompmin: 10
[14:52:32.047]    DEBUG: <PixTestParameters.cc/dump:L107>   vthrcompmax: 80
[14:52:32.047]    DEBUG: <PixTestParameters.cc/dump:L107>   stepseconds: 5
[14:52:32.047]    DEBUG: <PixTestParameters.cc/dump:L107>   delaytbm: checkbox
[14:52:32.047]    DEBUG: <PixTestParameters.cc/dump:L107>   filltree: checkbox
[14:52:32.049]    DEBUG: <PixSetup.cc/init:L81> PixSetup init start; getCurrentRSS() = 31555584
[14:52:32.049]    DEBUG: <PixSetup.cc/init:L87> fPixTestParameters = 0xda4380
[14:52:32.049]    DEBUG: <PixSetup.cc/init:L88>  fConfigParameters = 0xd19c10
[14:52:32.049]    DEBUG: <PixSetup.cc/init:L89>        fPxarMemory = 0x7fe2f9d94010
[14:52:32.049]    DEBUG: <PixSetup.cc/init:L90>         fPxarMemHi = 0x7fe2fffff510
[14:52:32.049]    DEBUG: <PixSetup.cc/init:L106> PixSetup init done;  getCurrentRSS() = 31563776 fPxarMemory = 0x7fe2f9d94010
[14:52:32.050]    DEBUG: <pXar.cc/main:L223> Initial Analog Current: 385.1mA
[14:52:32.051]    DEBUG: <pXar.cc/main:L224> Initial Digital Current: 467.9mA
[14:52:32.051]    DEBUG: <pXar.cc/main:L225> Initial Module Temperature: 25.6 C
[14:52:32.546]    DEBUG: <PixGui.cc/hvOn:L460> HV set On: 0x1362650
[14:52:32.609]    DEBUG: <PixTestFactory.cc/PixTestFactory:L53> PixTestFactory::PixTestFactory()
[14:52:32.609]    DEBUG: <PixTestBBMap.cc/init:L79> PixTestBBMap::init()
[14:52:32.610]    DEBUG: <PixTestBBMap.cc/PixTestBBMap:L27> PixTestBBMap ctor(PixSetup &a, string, TGTab *)
[14:52:32.615]    DEBUG: <PixTestBB2Map.cc/setParameter:L58> setting fTargetIa    = 24 mA/ROC
[14:52:32.615]    DEBUG: <PixTestBB2Map.cc/init:L97> PixTestBB2Map::init()
[14:52:32.615]    DEBUG: <PixTestBB2Map.cc/PixTestBB2Map:L29> PixTestBB2Map ctor(PixSetup &a, string, TGTab *)
[14:52:32.627]    DEBUG: <PixTestBB3Map.cc/init:L81> PixTestBB3Map::init()
[14:52:32.627]    DEBUG: <PixTestBB3Map.cc/PixTestBB3Map:L29> PixTestBB3Map ctor(PixSetup &a, string, TGTab *)
[14:52:32.657]    DEBUG: <PixTestBB4Map.cc/init:L93> PixTestBB4Map::init()
[14:52:32.657]    DEBUG: <PixTestBB4Map.cc/PixTestBB4Map:L26> PixTestMapeff ctor(PixSetup &a, string, TGTab *)
[14:52:32.672]     INFO: PixTestCmd::init()
[14:52:32.687]    DEBUG: <PixTestDaq.cc/init:L44> PixTestDaq::init()
[14:52:32.687]    DEBUG: <PixTestDaq.cc/PixTestDaq:L22> PixTestDaq ctor(PixSetup &a, string, TGTab *)
[14:52:32.687]     INFO: readGainPedestalParameters data/mh228/M-H-2-28_ElComandanteTest_2015-12-23_15h48m_1450907287/000_FPIXTest_p17/phCalibrationFitErr35_C0.dat .. data/mh228/M-H-2-28_ElComandanteTest_2015-12-23_15h48m_1450907287/000_FPIXTest_p17/phCalibrationFitErr35_C15.dat
[14:52:32.932]    DEBUG: <PixTestDacDacScan.cc/init:L103> PixTestDacDacScan::init()
[14:52:32.932]    DEBUG: <PixTestDacDacScan.cc/PixTestDacDacScan:L22> PixTestDacDacScan ctor(PixSetup &a, string, TGTab *)
[14:52:32.947]    DEBUG: <PixTestGainPedestal.cc/setParameter:L83> PixTestGainPedestal::PixTest() fVcalStep = 10
[14:52:32.953]    DEBUG: <PixTestHighRate.cc/setParameter:L68>   setting fParTriggerFrequency -> 20
[14:52:32.953]    DEBUG: <PixTestHighRate.cc/init:L198> PixTestHighRate::init()
[14:52:32.953]    DEBUG: <PixTestHighRate.cc/PixTestHighRate:L31> PixTestHighRate ctor(PixSetup &a, string, TGTab *)
[14:52:32.976]    DEBUG: <PixTest.cc/setTestParameter:L637>  setting  ntrig to new value 10
[14:52:32.976]    DEBUG: <PixTestPhOptimization.cc/setParameter:L37>   setting fParNtrig  ->10<- from sval = 10
[14:52:32.976]    DEBUG: <PixTestPhOptimization.cc/setParameter:L42>   setting fSafetyMarginLow  ->20<- from sval = 20
[14:52:32.976]    DEBUG: <PixTestPhOptimization.cc/setParameter:L48>   setting fVcalMax  ->100<- from sval = 100
[14:52:32.976]    DEBUG: <PixTestPhOptimization.cc/setParameter:L53>   setting fQuantMax  ->0.98<- from sval = 0.98
[14:52:32.983]    DEBUG: <PixTestAlive.cc/init:L77> PixTestAlive::init()
[14:52:32.983]    DEBUG: <PixTestAlive.cc/PixTestAlive:L21> PixTestAlive ctor(PixSetup &a, string, TGTab *)
[14:52:32.998]    DEBUG: <PixTestReadback.cc/setParameter:L172> fCalwVd set to 1
[14:52:32.998]    DEBUG: <PixTestReadback.cc/init:L95> PixTestReadback::init()
[14:52:32.998]    DEBUG: <PixTestReadback.cc/PixTestReadback:L22> PixTestReadback ctor(PixSetup &a, string, TGTab *)
[14:52:32.998]     INFO: readReadbackCal: data/mh228/M-H-2-28_ElComandanteTest_2015-12-23_15h48m_1450907287/000_FPIXTest_p17/readbackCal_C0.dat .. data/mh228/M-H-2-28_ElComandanteTest_2015-12-23_15h48m_1450907287/000_FPIXTest_p17/readbackCal_C15.dat
[14:52:33.013]    DEBUG: <PixTestScurves.cc/setParameter:L93> set fOutputFilename = 
[14:52:33.022]    DEBUG: <PixTestTiming.cc/setParameter:L60> PixTestTiming::PixTest() targetclk = 4
[14:52:33.022]    DEBUG: <PixTestTiming.cc/setParameter:L64> PixTestTiming::PixTest() ntrig = 10
[14:52:33.022]    DEBUG: <PixTestTiming.cc/setParameter:L48> fNoTokenPass: 0
[14:52:33.022]    DEBUG: <PixTestTiming.cc/init:L74> PixTestTiming::init()
[14:52:33.045]    DEBUG: <PixTestXray.cc/init:L134> PixTestXray::init()
[14:52:33.045]    DEBUG: <PixTestXray.cc/PixTestXray:L28> PixTestXray ctor(PixSetup &a, string, TGTab *)
[14:52:38.198]    DEBUG: <PixTab.cc/buttonClicked:L308> xxxPressed():  caldelscan
[14:52:38.198]    DEBUG: <PixTestHighRate.cc/runCommand:L157> running command: caldelscan
[14:52:38.198]     INFO:    ----------------------------------------------------------------------
[14:52:38.198]     INFO:    PixTestHighRate::calDelScan() ntrig = 10, vcal = 200
[14:52:38.198]     INFO:    ----------------------------------------------------------------------
[14:52:38.339]     INFO: Expecting 768 events.
[14:52:39.476]     INFO: 768 events read in total (419ms).
[14:52:39.665]     INFO: Test took 1461ms.
[14:52:39.671]    DEBUG: <PixTest.cc/efficiencyMaps:L396>       attempt #0
[14:52:40.341]     INFO: Expecting 41600 events.
[14:52:44.554]     INFO: 41600 events read in total (3687ms).
[14:52:44.561]     INFO: Test took 4890ms.
[14:52:44.770]     INFO: Fetched DAQ statistics. Counters are being reset now.
[14:52:44.770]    DEBUG: <PixTest.cc/efficiencyMaps:L407>  eff result size = 1184051
[14:52:44.770]    DEBUG: <PixTest.cc/efficiencyMaps:L412> Create hists HR_xeff_CalDelScan_step0_C0 .. HR_xeff_CalDelScan_step0_C15
[14:52:44.770]    DEBUG: <PixTest.cc/efficiencyMaps:L426> booking xray maps for unmasked detector
[14:52:44.856]    DEBUG: <PixTest.cc/efficiencyMaps:L396>       attempt #0
[14:52:45.524]     INFO: Expecting 41600 events.
[14:52:49.878]     INFO: 41600 events read in total (3828ms).
[14:52:49.885]     INFO: Test took 5029ms.
[14:52:50.082]     INFO: Fetched DAQ statistics. Counters are being reset now.
[14:52:50.082]    DEBUG: <PixTest.cc/efficiencyMaps:L407>  eff result size = 1193549
[14:52:50.082]    DEBUG: <PixTest.cc/efficiencyMaps:L412> Create hists HR_xeff_CalDelScan_step1_C0 .. HR_xeff_CalDelScan_step1_C15
[14:52:50.082]    DEBUG: <PixTest.cc/efficiencyMaps:L426> booking xray maps for unmasked detector
[14:52:50.171]    DEBUG: <PixTest.cc/efficiencyMaps:L396>       attempt #0
[14:52:50.838]     INFO: Expecting 41600 events.
[14:52:55.239]     INFO: 41600 events read in total (3874ms).
[14:52:55.245]     INFO: Test took 5074ms.
[14:52:55.442]     INFO: Fetched DAQ statistics. Counters are being reset now.
[14:52:55.442]    DEBUG: <PixTest.cc/efficiencyMaps:L407>  eff result size = 1197652
[14:52:55.442]    DEBUG: <PixTest.cc/efficiencyMaps:L412> Create hists HR_xeff_CalDelScan_step2_C0 .. HR_xeff_CalDelScan_step2_C15
[14:52:55.442]    DEBUG: <PixTest.cc/efficiencyMaps:L426> booking xray maps for unmasked detector
[14:52:55.530]    DEBUG: <PixTest.cc/efficiencyMaps:L396>       attempt #0
[14:52:56.195]     INFO: Expecting 41600 events.
[14:53:00.581]     INFO: 41600 events read in total (3860ms).
[14:53:00.588]     INFO: Test took 5058ms.
[14:53:00.786]     INFO: Fetched DAQ statistics. Counters are being reset now.
[14:53:00.786]    DEBUG: <PixTest.cc/efficiencyMaps:L407>  eff result size = 1196640
[14:53:00.786]    DEBUG: <PixTest.cc/efficiencyMaps:L412> Create hists HR_xeff_CalDelScan_step3_C0 .. HR_xeff_CalDelScan_step3_C15
[14:53:00.786]    DEBUG: <PixTest.cc/efficiencyMaps:L426> booking xray maps for unmasked detector
[14:53:00.873]    DEBUG: <PixTest.cc/efficiencyMaps:L396>       attempt #0
[14:53:01.538]     INFO: Expecting 41600 events.
[14:53:05.922]     INFO: 41600 events read in total (3857ms).
[14:53:05.928]     INFO: Test took 5055ms.
[14:53:06.123]     INFO: Fetched DAQ statistics. Counters are being reset now.
[14:53:06.123]    DEBUG: <PixTest.cc/efficiencyMaps:L407>  eff result size = 1199351
[14:53:06.123]    DEBUG: <PixTest.cc/efficiencyMaps:L412> Create hists HR_xeff_CalDelScan_step4_C0 .. HR_xeff_CalDelScan_step4_C15
[14:53:06.123]    DEBUG: <PixTest.cc/efficiencyMaps:L426> booking xray maps for unmasked detector
[14:53:06.210]    DEBUG: <PixTest.cc/efficiencyMaps:L396>       attempt #0
[14:53:06.875]     INFO: Expecting 41600 events.
[14:53:11.282]     INFO: 41600 events read in total (3880ms).
[14:53:11.289]     INFO: Test took 5079ms.
[14:53:11.486]     INFO: Fetched DAQ statistics. Counters are being reset now.
[14:53:11.486]    DEBUG: <PixTest.cc/efficiencyMaps:L407>  eff result size = 1198860
[14:53:11.486]    DEBUG: <PixTest.cc/efficiencyMaps:L412> Create hists HR_xeff_CalDelScan_step5_C0 .. HR_xeff_CalDelScan_step5_C15
[14:53:11.487]    DEBUG: <PixTest.cc/efficiencyMaps:L426> booking xray maps for unmasked detector
[14:53:11.575]    DEBUG: <PixTest.cc/efficiencyMaps:L396>       attempt #0
[14:53:12.243]     INFO: Expecting 41600 events.
[14:53:16.656]     INFO: 41600 events read in total (3886ms).
[14:53:16.663]     INFO: Test took 5088ms.
[14:53:16.861]     INFO: Fetched DAQ statistics. Counters are being reset now.
[14:53:16.861]    DEBUG: <PixTest.cc/efficiencyMaps:L407>  eff result size = 1197601
[14:53:16.861]    DEBUG: <PixTest.cc/efficiencyMaps:L412> Create hists HR_xeff_CalDelScan_step6_C0 .. HR_xeff_CalDelScan_step6_C15
[14:53:16.862]    DEBUG: <PixTest.cc/efficiencyMaps:L426> booking xray maps for unmasked detector
[14:53:16.950]    DEBUG: <PixTest.cc/efficiencyMaps:L396>       attempt #0
[14:53:17.617]     INFO: Expecting 41600 events.
[14:53:22.047]     INFO: 41600 events read in total (3904ms).
[14:53:22.053]     INFO: Test took 5103ms.
[14:53:22.254]     INFO: Fetched DAQ statistics. Counters are being reset now.
[14:53:22.254]    DEBUG: <PixTest.cc/efficiencyMaps:L407>  eff result size = 1200216
[14:53:22.254]    DEBUG: <PixTest.cc/efficiencyMaps:L412> Create hists HR_xeff_CalDelScan_step7_C0 .. HR_xeff_CalDelScan_step7_C15
[14:53:22.254]    DEBUG: <PixTest.cc/efficiencyMaps:L426> booking xray maps for unmasked detector
[14:53:22.341]    DEBUG: <PixTest.cc/efficiencyMaps:L396>       attempt #0
[14:53:23.006]     INFO: Expecting 41600 events.
[14:53:27.441]     INFO: 41600 events read in total (3908ms).
[14:53:27.448]     INFO: Test took 5107ms.
[14:53:27.649]     INFO: Fetched DAQ statistics. Counters are being reset now.
[14:53:27.649]    DEBUG: <PixTest.cc/efficiencyMaps:L407>  eff result size = 1197706
[14:53:27.649]    DEBUG: <PixTest.cc/efficiencyMaps:L412> Create hists HR_xeff_CalDelScan_step8_C0 .. HR_xeff_CalDelScan_step8_C15
[14:53:27.649]    DEBUG: <PixTest.cc/efficiencyMaps:L426> booking xray maps for unmasked detector
[14:53:27.736]    DEBUG: <PixTest.cc/efficiencyMaps:L396>       attempt #0
[14:53:28.401]     INFO: Expecting 41600 events.
[14:53:32.819]     INFO: 41600 events read in total (3891ms).
[14:53:32.825]     INFO: Test took 5089ms.
[14:53:33.021]     INFO: Fetched DAQ statistics. Counters are being reset now.
[14:53:33.021]    DEBUG: <PixTest.cc/efficiencyMaps:L407>  eff result size = 1197904
[14:53:33.021]    DEBUG: <PixTest.cc/efficiencyMaps:L412> Create hists HR_xeff_CalDelScan_step9_C0 .. HR_xeff_CalDelScan_step9_C15
[14:53:33.021]    DEBUG: <PixTest.cc/efficiencyMaps:L426> booking xray maps for unmasked detector
[14:53:33.108]    DEBUG: <PixTest.cc/efficiencyMaps:L396>       attempt #0
[14:53:33.773]     INFO: Expecting 41600 events.
[14:53:38.203]     INFO: 41600 events read in total (3903ms).
[14:53:38.210]     INFO: Test took 5102ms.
[14:53:38.408]     INFO: Fetched DAQ statistics. Counters are being reset now.
[14:53:38.408]    DEBUG: <PixTest.cc/efficiencyMaps:L407>  eff result size = 1199417
[14:53:38.408]    DEBUG: <PixTest.cc/efficiencyMaps:L412> Create hists HR_xeff_CalDelScan_step10_C0 .. HR_xeff_CalDelScan_step10_C15
[14:53:38.408]    DEBUG: <PixTest.cc/efficiencyMaps:L426> booking xray maps for unmasked detector
[14:53:38.495]    DEBUG: <PixTest.cc/efficiencyMaps:L396>       attempt #0
[14:53:39.160]     INFO: Expecting 41600 events.
[14:53:43.612]     INFO: 41600 events read in total (3925ms).
[14:53:43.619]     INFO: Test took 5124ms.
[14:53:43.816]     INFO: Fetched DAQ statistics. Counters are being reset now.
[14:53:43.816]    DEBUG: <PixTest.cc/efficiencyMaps:L407>  eff result size = 1199078
[14:53:43.816]    DEBUG: <PixTest.cc/efficiencyMaps:L412> Create hists HR_xeff_CalDelScan_step11_C0 .. HR_xeff_CalDelScan_step11_C15
[14:53:43.817]    DEBUG: <PixTest.cc/efficiencyMaps:L426> booking xray maps for unmasked detector
[14:53:43.904]    DEBUG: <PixTest.cc/efficiencyMaps:L396>       attempt #0
[14:53:44.569]     INFO: Expecting 41600 events.
[14:53:48.996]     INFO: 41600 events read in total (3901ms).
[14:53:49.003]     INFO: Test took 5099ms.
[14:53:49.203]     INFO: Fetched DAQ statistics. Counters are being reset now.
[14:53:49.203]    DEBUG: <PixTest.cc/efficiencyMaps:L407>  eff result size = 1200344
[14:53:49.204]    DEBUG: <PixTest.cc/efficiencyMaps:L412> Create hists HR_xeff_CalDelScan_step12_C0 .. HR_xeff_CalDelScan_step12_C15
[14:53:49.204]    DEBUG: <PixTest.cc/efficiencyMaps:L426> booking xray maps for unmasked detector
[14:53:49.292]    DEBUG: <PixTest.cc/efficiencyMaps:L396>       attempt #0
[14:53:49.957]     INFO: Expecting 41600 events.
[14:53:54.392]     INFO: 41600 events read in total (3908ms).
[14:53:54.399]     INFO: Test took 5107ms.
[14:53:54.596]     INFO: Fetched DAQ statistics. Counters are being reset now.
[14:53:54.596]    DEBUG: <PixTest.cc/efficiencyMaps:L407>  eff result size = 1198274
[14:53:54.596]    DEBUG: <PixTest.cc/efficiencyMaps:L412> Create hists HR_xeff_CalDelScan_step13_C0 .. HR_xeff_CalDelScan_step13_C15
[14:53:54.596]    DEBUG: <PixTest.cc/efficiencyMaps:L426> booking xray maps for unmasked detector
[14:53:54.683]    DEBUG: <PixTest.cc/efficiencyMaps:L396>       attempt #0
[14:53:55.348]     INFO: Expecting 41600 events.
[14:53:59.776]     INFO: 41600 events read in total (3902ms).
[14:53:59.783]     INFO: Test took 5100ms.
[14:53:59.980]     INFO: Fetched DAQ statistics. Counters are being reset now.
[14:53:59.981]    DEBUG: <PixTest.cc/efficiencyMaps:L407>  eff result size = 1199316
[14:53:59.981]    DEBUG: <PixTest.cc/efficiencyMaps:L412> Create hists HR_xeff_CalDelScan_step14_C0 .. HR_xeff_CalDelScan_step14_C15
[14:53:59.981]    DEBUG: <PixTest.cc/efficiencyMaps:L426> booking xray maps for unmasked detector
[14:54:00.068]    DEBUG: <PixTest.cc/efficiencyMaps:L396>       attempt #0
[14:54:00.733]     INFO: Expecting 41600 events.
[14:54:05.157]     INFO: 41600 events read in total (3898ms).
[14:54:05.163]     INFO: Test took 5095ms.
[14:54:05.361]     INFO: Fetched DAQ statistics. Counters are being reset now.
[14:54:05.361]    DEBUG: <PixTest.cc/efficiencyMaps:L407>  eff result size = 1196772
[14:54:05.361]    DEBUG: <PixTest.cc/efficiencyMaps:L412> Create hists HR_xeff_CalDelScan_step15_C0 .. HR_xeff_CalDelScan_step15_C15
[14:54:05.362]    DEBUG: <PixTest.cc/efficiencyMaps:L426> booking xray maps for unmasked detector
[14:54:05.449]    DEBUG: <PixTest.cc/efficiencyMaps:L396>       attempt #0
[14:54:06.114]     INFO: Expecting 41600 events.
[14:54:10.554]     INFO: 41600 events read in total (3914ms).
[14:54:10.561]     INFO: Test took 5112ms.
[14:54:10.757]     INFO: Fetched DAQ statistics. Counters are being reset now.
[14:54:10.757]    DEBUG: <PixTest.cc/efficiencyMaps:L407>  eff result size = 1199113
[14:54:10.757]    DEBUG: <PixTest.cc/efficiencyMaps:L412> Create hists HR_xeff_CalDelScan_step16_C0 .. HR_xeff_CalDelScan_step16_C15
[14:54:10.757]    DEBUG: <PixTest.cc/efficiencyMaps:L426> booking xray maps for unmasked detector
[14:54:10.844]    DEBUG: <PixTest.cc/efficiencyMaps:L396>       attempt #0
[14:54:11.509]     INFO: Expecting 41600 events.
[14:54:15.923]     INFO: 41600 events read in total (3887ms).
[14:54:15.930]     INFO: Test took 5086ms.
[14:54:16.125]     INFO: Fetched DAQ statistics. Counters are being reset now.
[14:54:16.125]    DEBUG: <PixTest.cc/efficiencyMaps:L407>  eff result size = 1198954
[14:54:16.125]    DEBUG: <PixTest.cc/efficiencyMaps:L412> Create hists HR_xeff_CalDelScan_step17_C0 .. HR_xeff_CalDelScan_step17_C15
[14:54:16.126]    DEBUG: <PixTest.cc/efficiencyMaps:L426> booking xray maps for unmasked detector
[14:54:16.213]    DEBUG: <PixTest.cc/efficiencyMaps:L396>       attempt #0
[14:54:16.880]     INFO: Expecting 41600 events.
[14:54:21.303]     INFO: 41600 events read in total (3896ms).
[14:54:21.310]     INFO: Test took 5097ms.
[14:54:21.506]     INFO: Fetched DAQ statistics. Counters are being reset now.
[14:54:21.506]    DEBUG: <PixTest.cc/efficiencyMaps:L407>  eff result size = 1197063
[14:54:21.506]    DEBUG: <PixTest.cc/efficiencyMaps:L412> Create hists HR_xeff_CalDelScan_step18_C0 .. HR_xeff_CalDelScan_step18_C15
[14:54:21.507]    DEBUG: <PixTest.cc/efficiencyMaps:L426> booking xray maps for unmasked detector
[14:54:21.594]    DEBUG: <PixTest.cc/efficiencyMaps:L396>       attempt #0
[14:54:22.259]     INFO: Expecting 41600 events.
[14:54:26.563]     INFO: 41600 events read in total (3777ms).
[14:54:26.569]     INFO: Test took 4975ms.
[14:54:26.763]     INFO: Fetched DAQ statistics. Counters are being reset now.
[14:54:26.763]    DEBUG: <PixTest.cc/efficiencyMaps:L407>  eff result size = 1193452
[14:54:26.763]    DEBUG: <PixTest.cc/efficiencyMaps:L412> Create hists HR_xeff_CalDelScan_step19_C0 .. HR_xeff_CalDelScan_step19_C15
[14:54:26.764]    DEBUG: <PixTest.cc/efficiencyMaps:L426> booking xray maps for unmasked detector
[14:54:27.069]    DEBUG: <PixTestHighRate.cc/doCalDelScan:L422> roc  0: caldel = 173 eff = 0.994736
[14:54:27.069]    DEBUG: <PixTestHighRate.cc/doCalDelScan:L422> roc  1: caldel = 152 eff = 0.995577
[14:54:27.069]    DEBUG: <PixTestHighRate.cc/doCalDelScan:L422> roc  2: caldel = 164 eff = 0.992043
[14:54:27.069]    DEBUG: <PixTestHighRate.cc/doCalDelScan:L422> roc  3: caldel = 164 eff = 0.988486
[14:54:27.070]    DEBUG: <PixTestHighRate.cc/doCalDelScan:L422> roc  4: caldel = 152 eff = 0.986466
[14:54:27.070]    DEBUG: <PixTestHighRate.cc/doCalDelScan:L422> roc  5: caldel = 167 eff = 0.986923
[14:54:27.070]    DEBUG: <PixTestHighRate.cc/doCalDelScan:L422> roc  6: caldel = 162 eff = 0.987139
[14:54:27.070]    DEBUG: <PixTestHighRate.cc/doCalDelScan:L422> roc  7: caldel = 171 eff = 0.988894
[14:54:27.070]    DEBUG: <PixTestHighRate.cc/doCalDelScan:L422> roc  8: caldel = 170 eff = 0.987019
[14:54:27.070]    DEBUG: <PixTestHighRate.cc/doCalDelScan:L422> roc  9: caldel = 159 eff = 0.98637
[14:54:27.070]    DEBUG: <PixTestHighRate.cc/doCalDelScan:L422> roc 10: caldel = 161 eff = 0.987212
[14:54:27.071]    DEBUG: <PixTestHighRate.cc/doCalDelScan:L422> roc 11: caldel = 168 eff = 0.987764
[14:54:27.071]    DEBUG: <PixTestHighRate.cc/doCalDelScan:L422> roc 12: caldel = 192 eff = 0.988462
[14:54:27.071]    DEBUG: <PixTestHighRate.cc/doCalDelScan:L422> roc 13: caldel = 163 eff = 0.992404
[14:54:27.071]    DEBUG: <PixTestHighRate.cc/doCalDelScan:L422> roc 14: caldel = 159 eff = 0.994904
[14:54:27.071]    DEBUG: <PixTestHighRate.cc/doCalDelScan:L422> roc 15: caldel = 166 eff = 0.995553
[14:54:33.494]    DEBUG: <PixTab.cc/buttonClicked:L308> xxxPressed():  xpixelalive
[14:54:33.494]    DEBUG: <PixTestHighRate.cc/runCommand:L157> running command: xpixelalive
[14:54:33.494]     INFO:    ----------------------------------------------------------------------
[14:54:33.494]     INFO:    PixTestHighRate::xPixelAlive() ntrig = 50, vcal = 200
[14:54:33.494]     INFO:    ----------------------------------------------------------------------
[14:54:33.495]    DEBUG: <PixTestHighRate.cc/doXPixelAlive:L451>  old set: clk: 4
[14:54:33.495]    DEBUG: <PixTestHighRate.cc/doXPixelAlive:L451>  old set: ctr: 4
[14:54:33.495]    DEBUG: <PixTestHighRate.cc/doXPixelAlive:L451>  old set: sda: 19
[14:54:33.495]    DEBUG: <PixTestHighRate.cc/doXPixelAlive:L451>  old set: tin: 9
[14:54:33.495]    DEBUG: <PixTestHighRate.cc/doXPixelAlive:L451>  old set: level: 15
[14:54:33.495]    DEBUG: <PixTestHighRate.cc/doXPixelAlive:L451>  old set: triggerdelay: 0
[14:54:33.495]    DEBUG: <PixTestHighRate.cc/doXPixelAlive:L467>  setting: clk: 4
[14:54:33.495]    DEBUG: <PixTestHighRate.cc/doXPixelAlive:L467>  setting: ctr: 4
[14:54:33.495]    DEBUG: <PixTestHighRate.cc/doXPixelAlive:L467>  setting: sda: 19
[14:54:33.495]    DEBUG: <PixTestHighRate.cc/doXPixelAlive:L467>  setting: tin: 9
[14:54:33.495]    DEBUG: <PixTestHighRate.cc/doXPixelAlive:L467>  setting: level: 15
[14:54:33.495]    DEBUG: <PixTestHighRate.cc/doXPixelAlive:L467>  setting: triggerdelay: 20
[14:54:33.539]    DEBUG: <PixTest.cc/efficiencyMaps:L396>       attempt #0
[14:54:34.211]     INFO: Expecting 208000 events.
[14:54:54.175]     INFO: 208000 events read in total (19434ms).
[14:54:54.202]     INFO: Test took 20663ms.
[14:54:55.213]     INFO: Fetched DAQ statistics. Counters are being reset now.
[14:54:55.213]    DEBUG: <PixTest.cc/efficiencyMaps:L407>  eff result size = 5663713
[14:54:55.213]    DEBUG: <PixTest.cc/efficiencyMaps:L412> Create hists highRate_C0 .. highRate_C15
[14:54:55.213]    DEBUG: <PixTest.cc/efficiencyMaps:L426> booking xray maps for unmasked detector
[14:54:55.812]     INFO: number of dead pixels (per ROC):     1    0    0    0    0    0    0    0    0    0    0    0    1    0    3    0
[14:54:55.812]     INFO: number of red-efficiency pixels:   479  339  789 1373 1603 1453 1473 1291 1496 1585 1579 1380 1443  803  354  355
[14:54:55.812]     INFO: number of X-ray hits detected:    232619 167998 280380 412503 437076 428337 438084 403209 435653 447577 439319 410469 417366 280543 164464 201561
[14:54:55.812]     INFO: number of triggers sent (total per ROC):  208000 208000 208000 208000 208000 208000 208000 208000 208000 208000 208000 208000 208000 208000 208000 208000
[14:54:55.812]     INFO: number of Vcal hits detected:  207426 207627 206949 206191 205744 206034 206001 206293 206074 205729 205849 206092 206018 206934 207465 207618
[14:54:55.812]     INFO: Vcal hit fiducial efficiency (%):  99.8 99.8 99.6 99.2 99.0 99.1 99.1 99.2 99.1 99.0 99.1 99.2 99.2 99.5 99.8 99.8
[14:54:55.812]     INFO: Vcal hit overall efficiency (%):  99.7 99.8 99.5 99.1 98.9 99.1 99.0 99.2 99.1 98.9 99.0 99.1 99.0 99.5 99.7 99.8
[14:54:55.812]     INFO: X-ray hit rate [MHz/cm2]:  68.2 49.2 82.2 120.9 128.1 125.5 128.4 118.2 127.7 131.2 128.8 120.3 122.3 82.2 48.2 59.1
[14:54:55.812]     INFO: PixTestHighRate::doXPixelAlive() done
[14:54:55.858]    DEBUG: <PixTestHighRate.cc/doXPixelAlive:L586>  resetting: clk: 4
[14:54:55.858]    DEBUG: <PixTestHighRate.cc/doXPixelAlive:L586>  resetting: ctr: 4
[14:54:55.858]    DEBUG: <PixTestHighRate.cc/doXPixelAlive:L586>  resetting: sda: 19
[14:54:55.858]    DEBUG: <PixTestHighRate.cc/doXPixelAlive:L586>  resetting: tin: 9
[14:54:55.858]    DEBUG: <PixTestHighRate.cc/doXPixelAlive:L586>  resetting: level: 15
[14:54:55.858]    DEBUG: <PixTestHighRate.cc/doXPixelAlive:L586>  resetting: triggerdelay: 0
[14:54:55.858]     INFO: PixTest::       pg_setup set to default.
[14:55:01.255]    DEBUG: <PixTab.cc/handleButtons:L291> Tab HighRate closed
[14:55:01.255]    DEBUG: <PixParTab.cc/updateParameters:L646> PixParTab::updateParameters: 
[14:55:20.190]    DEBUG: <PixGui.cc/handleButtons:L396> PixGui::exit called
[14:55:20.191]    DEBUG: <PixGui.cc/CloseWindow:L335> Final Analog Current: 389.1mA
[14:55:20.191]    DEBUG: <PixGui.cc/CloseWindow:L336> Final Digital Current: 469.5mA
[14:55:20.192]    DEBUG: <PixGui.cc/CloseWindow:L337> Final Module Temperature: 28.5 C
[14:55:20.192]    DEBUG: <PixTestBBMap.cc/~PixTestBBMap:L97> PixTestBBMap dtor
[14:55:20.192]    DEBUG: <PixTestBB2Map.cc/~PixTestBB2Map:L115> PixTestBB2Map dtor
[14:55:20.192]    DEBUG: <PixTestBB3Map.cc/~PixTestBB3Map:L99> PixTestBB3Map dtor
[14:55:20.192]    DEBUG: <PixTestBB4Map.cc/~PixTestBB4Map:L118> PixTestBB4Map dtor
[14:55:20.192]    DEBUG: <PixTestCmd.cc/~PixTestCmd:L78> PixTestCmd dtor
[14:55:20.192]    DEBUG: <PixTestDaq.cc/~PixTestDaq:L37> PixTestDaq dtor
[14:55:20.192]    DEBUG: <PixTestDacDacScan.cc/~PixTestDacDacScan:L136> PixTestDacDacScan dtor
[14:55:20.192]    DEBUG: <PixTestDacScan.cc/~PixTestDacScan:L129> PixTestDacScan dtor
[14:55:20.192]    DEBUG: <PixTestGainPedestal.cc/~PixTestGainPedestal:L125> PixTestGainPedestal dtor
[14:55:20.192]    DEBUG: <PixTestHighRate.cc/~PixTestHighRate:L245> PixTestHighRate dtor
[14:55:20.277]    DEBUG: <PixTestIV.cc/~PixTestIV:L96> PixTestIV dtor
[14:55:20.277]    DEBUG: <PixTestAlive.cc/~PixTestAlive:L109> PixTestAlive dtor
[14:55:20.277]    DEBUG: <PixTestPretest.cc/~PixTestPretest:L136> PixTestPretest dtor
[14:55:20.277]    DEBUG: <PixTestReadback.cc/~PixTestReadback:L89> PixTestReadback dtor, saving tree ... 
[14:55:20.277]    DEBUG: <PixTestScurves.cc/~PixTestScurves:L142> PixTestScurves dtor
[14:55:20.277]    DEBUG: <PixTestTiming.cc/~PixTestTiming:L97> PixTestTiming dtor
[14:55:20.277]    DEBUG: <PixTestTrim.cc/~PixTestTrim:L103> PixTestTrim dtor
[14:55:20.278]    DEBUG: <PixTestXray.cc/~PixTestXray:L217> PixTestXray dtor
[14:55:20.280]    QUIET: Connection to board 58 closed.
[14:55:20.360]    DEBUG: <PixMonitor.cc/dumpSummaries:L39> PixMonitor::dumpSummaries
