High Rate Efficency Log File Module: mh228

Double Column's with Efficency < 90 % 
Eff at 120MHz/cm^2 : ROC : 0 Eff: 0.988676 +/- 0.00718093
Eff at 120MHz/cm^2 : ROC : 1 Eff: 0.992566 +/- 0.00207322
Eff at 120MHz/cm^2 : ROC : 2 Eff: 0.993773 +/- 0.000502972
Eff at 120MHz/cm^2 : ROC : 3 Eff: 0.993342 +/- 0.000387896
Eff at 120MHz/cm^2 : ROC : 4 Eff: 0.992903 +/- 0.000367234
Eff at 120MHz/cm^2 : ROC : 5 Eff: 0.993503 +/- 0.000352294
Eff at 120MHz/cm^2 : ROC : 6 Eff: 0.993586 +/- 0.00032992
Eff at 120MHz/cm^2 : ROC : 7 Eff: 0.993806 +/- 0.000315952
Eff at 120MHz/cm^2 : ROC : 8 Eff: 0.993548 +/- 0.00031863
Eff at 120MHz/cm^2 : ROC : 9 Eff: 0.993469 +/- 0.000325253
Eff at 120MHz/cm^2 : ROC : 10 Eff: 0.993551 +/- 0.000332147
Eff at 120MHz/cm^2 : ROC : 11 Eff: 0.993183 +/- 0.000393938
Eff at 120MHz/cm^2 : ROC : 12 Eff: 0.993105 +/- 0.000391582
Eff at 120MHz/cm^2 : ROC : 13 Eff: 0.992995 +/- 0.000524433
Eff at 120MHz/cm^2 : ROC : 14 Eff: 0.982276 +/- 0.0153785
Eff at 120MHz/cm^2 : ROC : 15 Eff: 0.989492 +/- 0.00437855
High Rate Run: hr
Efficency at 120MHz/cm^2 : mh228 Eff: 0.993406 +/- 0.000102533
