[16:20:38.960]     INFO: *** Welcome to pxar ***
[16:20:38.960]     INFO: *** Today: 2016/02/09
[16:20:38.977]     INFO: *** Version: prod-12-105-g46f2
[16:20:38.977]     INFO: readRocDacs: ./data/mg326/dacParameters35_C0.dat .. ./data/mg326/dacParameters35_C15.dat
[16:20:38.978]     INFO: readTbmDacs: ./data/mg326/tbmParameters_C0a.dat .. ./data/mg326/tbmParameters_C0b.dat
[16:20:38.978]     INFO: readMaskFile: ./data/mg326/defaultMaskFile.dat
[16:20:38.978]     INFO: MASKED Roc 7 col/row: 38 75
[16:20:38.978]     INFO: readTrimFile: ./data/mg326/trimParameters35_C0.dat .. ./data/mg326/trimParameters35_C15.dat
[16:20:39.047]     INFO:   masking Roc 7 col/row: 38 75
[16:20:39.132]     INFO:         clk: 4
[16:20:39.132]     INFO:         ctr: 4
[16:20:39.132]     INFO:         sda: 19
[16:20:39.132]     INFO:         tin: 9
[16:20:39.132]     INFO:         level: 15
[16:20:39.132]     INFO:         triggerdelay: 0
[16:20:39.132]    QUIET: Instanciating API for pxar prod-12
[16:20:39.132]     INFO: Log level: DEBUG
[16:20:39.143]    QUIET: Connection to board DTB_WRPRHI opened.
[16:20:39.147]     INFO: DTB startup information
--- DTB info------------------------------------------
Board id:    58
HW version:  DTB1.2
FW version:  4.2
SW version:  4.5
USB id:      DTB_WRPRHI
MAC address: 40D85511803A
Hostname:    pixelDTB058
Comment:     
------------------------------------------------------
[16:20:39.149]     INFO: RPC call hashes of host and DTB match: 398089610
[16:20:40.752]     INFO: DUT info: 
[16:20:40.752]     INFO: The DUT currently contains the following objects:
[16:20:40.752]     INFO:  2 TBM Cores tbm08c (2 ON)
[16:20:40.752]     INFO: 	TBM Core alpha (0): 7 registers set
[16:20:40.752]     INFO: 	TBM Core beta  (1): 7 registers set
[16:20:40.752]     INFO: 16 ROCs psi46digv21respin (16 ON) with 4160 pixelConfigs
[16:20:40.752]     INFO: 	ROC 0: 19 DACs set, Pixels: 0 masked, 0 active.
[16:20:40.753]     INFO: 	ROC 1: 19 DACs set, Pixels: 0 masked, 0 active.
[16:20:40.753]     INFO: 	ROC 2: 19 DACs set, Pixels: 0 masked, 0 active.
[16:20:40.753]     INFO: 	ROC 3: 19 DACs set, Pixels: 0 masked, 0 active.
[16:20:40.753]     INFO: 	ROC 4: 19 DACs set, Pixels: 0 masked, 0 active.
[16:20:40.753]     INFO: 	ROC 5: 19 DACs set, Pixels: 0 masked, 0 active.
[16:20:40.753]     INFO: 	ROC 6: 19 DACs set, Pixels: 0 masked, 0 active.
[16:20:40.753]     INFO: 	ROC 7: 19 DACs set, Pixels: 1 masked, 0 active.
[16:20:40.753]     INFO: 	ROC 8: 19 DACs set, Pixels: 0 masked, 0 active.
[16:20:40.753]     INFO: 	ROC 9: 19 DACs set, Pixels: 0 masked, 0 active.
[16:20:40.753]     INFO: 	ROC 10: 19 DACs set, Pixels: 0 masked, 0 active.
[16:20:40.753]     INFO: 	ROC 11: 19 DACs set, Pixels: 0 masked, 0 active.
[16:20:40.753]     INFO: 	ROC 12: 19 DACs set, Pixels: 0 masked, 0 active.
[16:20:40.753]     INFO: 	ROC 13: 19 DACs set, Pixels: 0 masked, 0 active.
[16:20:40.753]     INFO: 	ROC 14: 19 DACs set, Pixels: 0 masked, 0 active.
[16:20:40.753]     INFO: 	ROC 15: 19 DACs set, Pixels: 0 masked, 0 active.
[16:20:40.753]    DEBUG: <PixTestParameters.cc/dump:L104> PixTestParameters: ->BB<-
[16:20:40.753]    DEBUG: <PixTestParameters.cc/dump:L107>   dumpall: checkbox(0)
[16:20:40.753]    DEBUG: <PixTestParameters.cc/dump:L107>   dumpproblematic: checkbox(0)
[16:20:40.753]    DEBUG: <PixTestParameters.cc/dump:L107>   ntrig: 5
[16:20:40.753]    DEBUG: <PixTestParameters.cc/dump:L107>   vcals: 250
[16:20:40.753]    DEBUG: <PixTestParameters.cc/dump:L104> PixTestParameters: ->BB2<-
[16:20:40.753]    DEBUG: <PixTestParameters.cc/dump:L107>   ntrig: 10
[16:20:40.753]    DEBUG: <PixTestParameters.cc/dump:L107>   vcals: 222
[16:20:40.753]    DEBUG: <PixTestParameters.cc/dump:L107>   plwidth: 35
[16:20:40.753]    DEBUG: <PixTestParameters.cc/dump:L107>   pix: 11,20
[16:20:40.754]    DEBUG: <PixTestParameters.cc/dump:L107>   targetia: 24
[16:20:40.754]    DEBUG: <PixTestParameters.cc/dump:L104> PixTestParameters: ->BB3<-
[16:20:40.754]    DEBUG: <PixTestParameters.cc/dump:L107>   dumpall: checkbox(0)
[16:20:40.754]    DEBUG: <PixTestParameters.cc/dump:L107>   dumpproblematic: checkbox(0)
[16:20:40.754]    DEBUG: <PixTestParameters.cc/dump:L107>   ntrig: 5
[16:20:40.754]    DEBUG: <PixTestParameters.cc/dump:L107>   vcals: 250
[16:20:40.754]    DEBUG: <PixTestParameters.cc/dump:L104> PixTestParameters: ->BB4<-
[16:20:40.754]    DEBUG: <PixTestParameters.cc/dump:L107>   savecaldelscan: checkbox(0)
[16:20:40.754]    DEBUG: <PixTestParameters.cc/dump:L107>   ntrig: 100
[16:20:40.754]    DEBUG: <PixTestParameters.cc/dump:L107>   cals: 1
[16:20:40.754]    DEBUG: <PixTestParameters.cc/dump:L107>   caldello: 80
[16:20:40.754]    DEBUG: <PixTestParameters.cc/dump:L107>   caldelhi: 200
[16:20:40.754]    DEBUG: <PixTestParameters.cc/dump:L107>   caldelstep: 10
[16:20:40.754]    DEBUG: <PixTestParameters.cc/dump:L107>   vthrcomplo: 70
[16:20:40.754]    DEBUG: <PixTestParameters.cc/dump:L107>   vthrcomphi: 130
[16:20:40.754]    DEBUG: <PixTestParameters.cc/dump:L107>   vthrcompstep: 5
[16:20:40.754]    DEBUG: <PixTestParameters.cc/dump:L107>   noisypixels: 10
[16:20:40.754]    DEBUG: <PixTestParameters.cc/dump:L107>   vcal: 255
[16:20:40.754]    DEBUG: <PixTestParameters.cc/dump:L107>   cut: 0.5
[16:20:40.754]    DEBUG: <PixTestParameters.cc/dump:L104> PixTestParameters: ->Cmd<-
[16:20:40.754]    DEBUG: <PixTestParameters.cc/dump:L104> PixTestParameters: ->DAQ<-
[16:20:40.754]    DEBUG: <PixTestParameters.cc/dump:L107>   delaytbm: checkbox
[16:20:40.754]    DEBUG: <PixTestParameters.cc/dump:L107>   filltree: checkbox
[16:20:40.754]    DEBUG: <PixTestParameters.cc/dump:L107>   trgfrequency(khz): 100
[16:20:40.754]    DEBUG: <PixTestParameters.cc/dump:L107>   maskhotpixels: button
[16:20:40.754]    DEBUG: <PixTestParameters.cc/dump:L107>   trgnumber: 5
[16:20:40.754]    DEBUG: <PixTestParameters.cc/dump:L107>   iterations: 10
[16:20:40.754]    DEBUG: <PixTestParameters.cc/dump:L107>   rundaqtrg: button
[16:20:40.754]    DEBUG: <PixTestParameters.cc/dump:L107>   daqseconds: 5
[16:20:40.754]    DEBUG: <PixTestParameters.cc/dump:L107>   rundaqseconds: button
[16:20:40.754]    DEBUG: <PixTestParameters.cc/dump:L104> PixTestParameters: ->DacDacScan<-
[16:20:40.754]    DEBUG: <PixTestParameters.cc/dump:L107>   phmap: checkbox
[16:20:40.754]    DEBUG: <PixTestParameters.cc/dump:L107>   ntrig: 10
[16:20:40.754]    DEBUG: <PixTestParameters.cc/dump:L107>   dac1: caldel
[16:20:40.754]    DEBUG: <PixTestParameters.cc/dump:L107>   dac1lo: 0
[16:20:40.754]    DEBUG: <PixTestParameters.cc/dump:L107>   dac1hi: 255
[16:20:40.754]    DEBUG: <PixTestParameters.cc/dump:L107>   dac2: vthrcomp
[16:20:40.754]    DEBUG: <PixTestParameters.cc/dump:L107>   dac2lo: 0
[16:20:40.754]    DEBUG: <PixTestParameters.cc/dump:L107>   dac2hi: 255
[16:20:40.754]    DEBUG: <PixTestParameters.cc/dump:L107>   pix: 11,20
[16:20:40.754]    DEBUG: <PixTestParameters.cc/dump:L104> PixTestParameters: ->DacScan<-
[16:20:40.754]    DEBUG: <PixTestParameters.cc/dump:L107>   phmap: checkbox(1)
[16:20:40.754]    DEBUG: <PixTestParameters.cc/dump:L107>   allpixels: checkbox(0)
[16:20:40.754]    DEBUG: <PixTestParameters.cc/dump:L107>   unmasked: checkbox(0)
[16:20:40.754]    DEBUG: <PixTestParameters.cc/dump:L107>   ntrig: 10
[16:20:40.754]    DEBUG: <PixTestParameters.cc/dump:L107>   dac: vcal
[16:20:40.754]    DEBUG: <PixTestParameters.cc/dump:L107>   daclo: 0
[16:20:40.754]    DEBUG: <PixTestParameters.cc/dump:L107>   dachi: 255
[16:20:40.754]    DEBUG: <PixTestParameters.cc/dump:L107>   pix: 11,20
[16:20:40.754]    DEBUG: <PixTestParameters.cc/dump:L104> PixTestParameters: ->GainPedestal<-
[16:20:40.754]    DEBUG: <PixTestParameters.cc/dump:L107>   showfits: checkbox(0)
[16:20:40.754]    DEBUG: <PixTestParameters.cc/dump:L107>   extended: checkbox(0)
[16:20:40.754]    DEBUG: <PixTestParameters.cc/dump:L107>   dumphists: checkbox(0)
[16:20:40.754]    DEBUG: <PixTestParameters.cc/dump:L107>   ntrig: 10
[16:20:40.754]    DEBUG: <PixTestParameters.cc/dump:L107>   vcalstep: 10
[16:20:40.754]    DEBUG: <PixTestParameters.cc/dump:L107>   measure: button
[16:20:40.754]    DEBUG: <PixTestParameters.cc/dump:L107>   fit: button
[16:20:40.755]    DEBUG: <PixTestParameters.cc/dump:L107>   save: button
[16:20:40.755]    DEBUG: <PixTestParameters.cc/dump:L104> PixTestParameters: ->HighRate<-
[16:20:40.755]    DEBUG: <PixTestParameters.cc/dump:L107>   pix: 11,20
[16:20:40.755]    DEBUG: <PixTestParameters.cc/dump:L107>   trimhotpixels: button
[16:20:40.755]    DEBUG: <PixTestParameters.cc/dump:L107>   trimhotpixelthr: 200
[16:20:40.755]    DEBUG: <PixTestParameters.cc/dump:L107>   runsecondshotpixels: 10
[16:20:40.755]    DEBUG: <PixTestParameters.cc/dump:L107>   savetrimbits: checkbox(1)
[16:20:40.755]    DEBUG: <PixTestParameters.cc/dump:L107>   maskuntrimmable: checkbox(1)
[16:20:40.755]    DEBUG: <PixTestParameters.cc/dump:L107>   maskhotpixels: button
[16:20:40.755]    DEBUG: <PixTestParameters.cc/dump:L107>   savemaskfile: checkbox(0)
[16:20:40.755]    DEBUG: <PixTestParameters.cc/dump:L107>   maskfilename: default
[16:20:40.755]    DEBUG: <PixTestParameters.cc/dump:L107>   caldelscan: button
[16:20:40.755]    DEBUG: <PixTestParameters.cc/dump:L107>   xpixelalive: button
[16:20:40.755]    DEBUG: <PixTestParameters.cc/dump:L107>   ntrig: 50
[16:20:40.755]    DEBUG: <PixTestParameters.cc/dump:L107>   vcal: 200
[16:20:40.755]    DEBUG: <PixTestParameters.cc/dump:L107>   xnoisemaps: button
[16:20:40.755]    DEBUG: <PixTestParameters.cc/dump:L107>   daclo: 0
[16:20:40.755]    DEBUG: <PixTestParameters.cc/dump:L107>   dachi: 100
[16:20:40.755]    DEBUG: <PixTestParameters.cc/dump:L107>   dacs/step: 20
[16:20:40.755]    DEBUG: <PixTestParameters.cc/dump:L107>   rundaq: button
[16:20:40.755]    DEBUG: <PixTestParameters.cc/dump:L107>   trgfrequency(khz): 20
[16:20:40.755]    DEBUG: <PixTestParameters.cc/dump:L107>   runseconds: 2
[16:20:40.755]    DEBUG: <PixTestParameters.cc/dump:L107>   triggerdelay: 20
[16:20:40.755]    DEBUG: <PixTestParameters.cc/dump:L107>   delaytbm: checkbox
[16:20:40.755]    DEBUG: <PixTestParameters.cc/dump:L107>   filltree: checkbox
[16:20:40.755]    DEBUG: <PixTestParameters.cc/dump:L104> PixTestParameters: ->IV<-
[16:20:40.755]    DEBUG: <PixTestParameters.cc/dump:L107>   port: /dev/FIXME
[16:20:40.755]    DEBUG: <PixTestParameters.cc/dump:L107>   voltagestart: 0
[16:20:40.755]    DEBUG: <PixTestParameters.cc/dump:L107>   voltagestop: 600
[16:20:40.755]    DEBUG: <PixTestParameters.cc/dump:L107>   voltagestep: 5
[16:20:40.755]    DEBUG: <PixTestParameters.cc/dump:L107>   delay: 1
[16:20:40.755]    DEBUG: <PixTestParameters.cc/dump:L107>   compliance(ua): 100
[16:20:40.755]    DEBUG: <PixTestParameters.cc/dump:L104> PixTestParameters: ->PhOptimization<-
[16:20:40.755]    DEBUG: <PixTestParameters.cc/dump:L107>   ntrig: 10
[16:20:40.755]    DEBUG: <PixTestParameters.cc/dump:L107>   safetymarginlow: 20
[16:20:40.755]    DEBUG: <PixTestParameters.cc/dump:L107>   saturationvcal: 100
[16:20:40.755]    DEBUG: <PixTestParameters.cc/dump:L107>   quantilesaturation: 0.98
[16:20:40.755]    DEBUG: <PixTestParameters.cc/dump:L104> PixTestParameters: ->PixelAlive<-
[16:20:40.755]    DEBUG: <PixTestParameters.cc/dump:L107>   ntrig: 10
[16:20:40.755]    DEBUG: <PixTestParameters.cc/dump:L107>   vcal: 200
[16:20:40.755]    DEBUG: <PixTestParameters.cc/dump:L107>   alivetest: button
[16:20:40.755]    DEBUG: <PixTestParameters.cc/dump:L107>   masktest: button
[16:20:40.755]    DEBUG: <PixTestParameters.cc/dump:L107>   addressdecodingtest: button
[16:20:40.755]    DEBUG: <PixTestParameters.cc/dump:L104> PixTestParameters: ->Pretest<-
[16:20:40.755]    DEBUG: <PixTestParameters.cc/dump:L107>   programroc: button
[16:20:40.755]    DEBUG: <PixTestParameters.cc/dump:L107>   targetia: 24
[16:20:40.755]    DEBUG: <PixTestParameters.cc/dump:L107>   setvana: button
[16:20:40.755]    DEBUG: <PixTestParameters.cc/dump:L107>   iterations: 100
[16:20:40.755]    DEBUG: <PixTestParameters.cc/dump:L107>   settimings: button
[16:20:40.755]    DEBUG: <PixTestParameters.cc/dump:L107>   findtiming: button
[16:20:40.755]    DEBUG: <PixTestParameters.cc/dump:L107>   findworkingpixel: button
[16:20:40.755]    DEBUG: <PixTestParameters.cc/dump:L107>   setvthrcompcaldel: button
[16:20:40.755]    DEBUG: <PixTestParameters.cc/dump:L107>   pix: 11,20
[16:20:40.755]    DEBUG: <PixTestParameters.cc/dump:L107>   vcal: 250
[16:20:40.755]    DEBUG: <PixTestParameters.cc/dump:L107>   deltavthrcomp: 50
[16:20:40.756]    DEBUG: <PixTestParameters.cc/dump:L107>   fraccaldel: 0.5
[16:20:40.756]    DEBUG: <PixTestParameters.cc/dump:L107>   ntrig: 5
[16:20:40.756]    DEBUG: <PixTestParameters.cc/dump:L107>   savedacs: button
[16:20:40.756]    DEBUG: <PixTestParameters.cc/dump:L104> PixTestParameters: ->Readback<-
[16:20:40.756]    DEBUG: <PixTestParameters.cc/dump:L107>   calibratevd: button
[16:20:40.756]    DEBUG: <PixTestParameters.cc/dump:L107>   calibrateva: button
[16:20:40.756]    DEBUG: <PixTestParameters.cc/dump:L107>   calibrateia: button
[16:20:40.756]    DEBUG: <PixTestParameters.cc/dump:L107>   readbackvbg: button
[16:20:40.756]    DEBUG: <PixTestParameters.cc/dump:L107>   getcalibratedvbg: button
[16:20:40.756]    DEBUG: <PixTestParameters.cc/dump:L107>   usecalvd: checkbox(1)
[16:20:40.756]    DEBUG: <PixTestParameters.cc/dump:L107>   usecalva: checkbox(0)
[16:20:40.756]    DEBUG: <PixTestParameters.cc/dump:L107>   setvana: button
[16:20:40.756]    DEBUG: <PixTestParameters.cc/dump:L104> PixTestParameters: ->Scurves<-
[16:20:40.756]    DEBUG: <PixTestParameters.cc/dump:L107>   adjustvcal: checkbox(0)
[16:20:40.756]    DEBUG: <PixTestParameters.cc/dump:L107>   dumpall: checkbox(0)
[16:20:40.756]    DEBUG: <PixTestParameters.cc/dump:L107>   dumpproblematic: checkbox(0)
[16:20:40.756]    DEBUG: <PixTestParameters.cc/dump:L107>   dumpoutputfile: checkbox(0)
[16:20:40.756]    DEBUG: <PixTestParameters.cc/dump:L107>   ntrig: 50
[16:20:40.756]    DEBUG: <PixTestParameters.cc/dump:L107>   dac: Vcal
[16:20:40.756]    DEBUG: <PixTestParameters.cc/dump:L107>   daclo: 0
[16:20:40.756]    DEBUG: <PixTestParameters.cc/dump:L107>   dachi: 200
[16:20:40.756]    DEBUG: <PixTestParameters.cc/dump:L107>   dacs/step: -1
[16:20:40.756]    DEBUG: <PixTestParameters.cc/dump:L107>   ntrig/step: -1
[16:20:40.756]    DEBUG: <PixTestParameters.cc/dump:L107>   scurves: button
[16:20:40.756]    DEBUG: <PixTestParameters.cc/dump:L104> PixTestParameters: ->Timing<-
[16:20:40.756]    DEBUG: <PixTestParameters.cc/dump:L107>   targetclk: 4
[16:20:40.756]    DEBUG: <PixTestParameters.cc/dump:L107>   ntrig: 10
[16:20:40.756]    DEBUG: <PixTestParameters.cc/dump:L107>   clocksdascan: button
[16:20:40.756]    DEBUG: <PixTestParameters.cc/dump:L107>   notokenpass: checkbox(0)
[16:20:40.756]    DEBUG: <PixTestParameters.cc/dump:L107>   phasescan: button
[16:20:40.756]    DEBUG: <PixTestParameters.cc/dump:L107>   levelscan: button
[16:20:40.756]    DEBUG: <PixTestParameters.cc/dump:L107>   tbmphasescan: button
[16:20:40.756]    DEBUG: <PixTestParameters.cc/dump:L107>   rocdelayscan: button
[16:20:40.756]    DEBUG: <PixTestParameters.cc/dump:L107>   timingtest: button
[16:20:40.756]    DEBUG: <PixTestParameters.cc/dump:L107>   saveparameters: button
[16:20:40.756]    DEBUG: <PixTestParameters.cc/dump:L104> PixTestParameters: ->Trim<-
[16:20:40.756]    DEBUG: <PixTestParameters.cc/dump:L107>   trim: button
[16:20:40.756]    DEBUG: <PixTestParameters.cc/dump:L107>   ntrig: 8
[16:20:40.756]    DEBUG: <PixTestParameters.cc/dump:L107>   vcal: 35
[16:20:40.756]    DEBUG: <PixTestParameters.cc/dump:L107>   trimbits: button
[16:20:40.756]    DEBUG: <PixTestParameters.cc/dump:L104> PixTestParameters: ->Xray<-
[16:20:40.756]    DEBUG: <PixTestParameters.cc/dump:L107>   maskhotpixels: button
[16:20:40.756]    DEBUG: <PixTestParameters.cc/dump:L107>   savemaskfile: checkbox(0)
[16:20:40.756]    DEBUG: <PixTestParameters.cc/dump:L107>   maskfilename: default
[16:20:40.756]    DEBUG: <PixTestParameters.cc/dump:L107>   source: Ag
[16:20:40.756]    DEBUG: <PixTestParameters.cc/dump:L107>   phrun: button
[16:20:40.756]    DEBUG: <PixTestParameters.cc/dump:L107>   runseconds: 100
[16:20:40.756]    DEBUG: <PixTestParameters.cc/dump:L107>   trgfrequency(khz): 100
[16:20:40.756]    DEBUG: <PixTestParameters.cc/dump:L107>   ratescan: button
[16:20:40.756]    DEBUG: <PixTestParameters.cc/dump:L107>   vthrcompmin: 10
[16:20:40.756]    DEBUG: <PixTestParameters.cc/dump:L107>   vthrcompmax: 80
[16:20:40.756]    DEBUG: <PixTestParameters.cc/dump:L107>   stepseconds: 5
[16:20:40.756]    DEBUG: <PixTestParameters.cc/dump:L107>   delaytbm: checkbox
[16:20:40.756]    DEBUG: <PixTestParameters.cc/dump:L107>   filltree: checkbox
[16:20:40.759]    DEBUG: <PixSetup.cc/init:L81> PixSetup init start; getCurrentRSS() = 33722368
[16:20:40.759]    DEBUG: <PixSetup.cc/init:L87> fPixTestParameters = 0x28137c0
[16:20:40.759]    DEBUG: <PixSetup.cc/init:L88>  fConfigParameters = 0x27a1c40
[16:20:40.759]    DEBUG: <PixSetup.cc/init:L89>        fPxarMemory = 0x7f356dd94010
[16:20:40.759]    DEBUG: <PixSetup.cc/init:L90>         fPxarMemHi = 0x7f3573fff510
[16:20:40.759]    DEBUG: <PixSetup.cc/init:L106> PixSetup init done;  getCurrentRSS() = 33730560 fPxarMemory = 0x7f356dd94010
[16:20:40.760]    DEBUG: <pXar.cc/main:L223> Initial Analog Current: 392.3mA
[16:20:40.761]    DEBUG: <pXar.cc/main:L224> Initial Digital Current: 469.5mA
[16:20:40.761]    DEBUG: <pXar.cc/main:L225> Initial Module Temperature: 20.7 C
[16:20:41.261]    DEBUG: <PixGui.cc/hvOn:L460> HV set On: 0x2dea360
[16:20:41.330]    DEBUG: <PixTestFactory.cc/PixTestFactory:L53> PixTestFactory::PixTestFactory()
[16:20:41.330]    DEBUG: <PixTestBBMap.cc/init:L79> PixTestBBMap::init()
[16:20:41.331]    DEBUG: <PixTestBBMap.cc/PixTestBBMap:L27> PixTestBBMap ctor(PixSetup &a, string, TGTab *)
[16:20:41.336]    DEBUG: <PixTestBB2Map.cc/setParameter:L58> setting fTargetIa    = 24 mA/ROC
[16:20:41.336]    DEBUG: <PixTestBB2Map.cc/init:L97> PixTestBB2Map::init()
[16:20:41.336]    DEBUG: <PixTestBB2Map.cc/PixTestBB2Map:L29> PixTestBB2Map ctor(PixSetup &a, string, TGTab *)
[16:20:41.347]    DEBUG: <PixTestBB3Map.cc/init:L81> PixTestBB3Map::init()
[16:20:41.347]    DEBUG: <PixTestBB3Map.cc/PixTestBB3Map:L29> PixTestBB3Map ctor(PixSetup &a, string, TGTab *)
[16:20:41.359]    DEBUG: <PixTestBB4Map.cc/init:L93> PixTestBB4Map::init()
[16:20:41.359]    DEBUG: <PixTestBB4Map.cc/PixTestBB4Map:L26> PixTestMapeff ctor(PixSetup &a, string, TGTab *)
[16:20:41.384]     INFO: PixTestCmd::init()
[16:20:41.398]    DEBUG: <PixTestDaq.cc/init:L44> PixTestDaq::init()
[16:20:41.398]    DEBUG: <PixTestDaq.cc/PixTestDaq:L22> PixTestDaq ctor(PixSetup &a, string, TGTab *)
[16:20:41.398]     INFO: readGainPedestalParameters ./data/mg326/phCalibrationFitErr35_C0.dat .. ./data/mg326/phCalibrationFitErr35_C15.dat
[16:20:41.647]    DEBUG: <PixTestDacDacScan.cc/init:L103> PixTestDacDacScan::init()
[16:20:41.648]    DEBUG: <PixTestDacDacScan.cc/PixTestDacDacScan:L22> PixTestDacDacScan ctor(PixSetup &a, string, TGTab *)
[16:20:41.662]    DEBUG: <PixTestGainPedestal.cc/setParameter:L83> PixTestGainPedestal::PixTest() fVcalStep = 10
[16:20:41.669]    DEBUG: <PixTestHighRate.cc/setParameter:L68>   setting fParTriggerFrequency -> 20
[16:20:41.669]    DEBUG: <PixTestHighRate.cc/init:L198> PixTestHighRate::init()
[16:20:41.669]    DEBUG: <PixTestHighRate.cc/PixTestHighRate:L31> PixTestHighRate ctor(PixSetup &a, string, TGTab *)
[16:20:41.695]    DEBUG: <PixTest.cc/setTestParameter:L637>  setting  ntrig to new value 10
[16:20:41.695]    DEBUG: <PixTestPhOptimization.cc/setParameter:L37>   setting fParNtrig  ->10<- from sval = 10
[16:20:41.695]    DEBUG: <PixTestPhOptimization.cc/setParameter:L42>   setting fSafetyMarginLow  ->20<- from sval = 20
[16:20:41.695]    DEBUG: <PixTestPhOptimization.cc/setParameter:L48>   setting fVcalMax  ->100<- from sval = 100
[16:20:41.695]    DEBUG: <PixTestPhOptimization.cc/setParameter:L53>   setting fQuantMax  ->0.98<- from sval = 0.98
[16:20:41.701]    DEBUG: <PixTestAlive.cc/init:L77> PixTestAlive::init()
[16:20:41.701]    DEBUG: <PixTestAlive.cc/PixTestAlive:L21> PixTestAlive ctor(PixSetup &a, string, TGTab *)
[16:20:41.726]    DEBUG: <PixTestReadback.cc/setParameter:L172> fCalwVd set to 1
[16:20:41.726]    DEBUG: <PixTestReadback.cc/init:L95> PixTestReadback::init()
[16:20:41.726]    DEBUG: <PixTestReadback.cc/PixTestReadback:L22> PixTestReadback ctor(PixSetup &a, string, TGTab *)
[16:20:41.726]     INFO: readReadbackCal: ./data/mg326/readbackCal_C0.dat .. ./data/mg326/readbackCal_C15.dat
[16:20:41.736]    DEBUG: <PixTestScurves.cc/setParameter:L93> set fOutputFilename = 
[16:20:41.744]    DEBUG: <PixTestTiming.cc/setParameter:L60> PixTestTiming::PixTest() targetclk = 4
[16:20:41.744]    DEBUG: <PixTestTiming.cc/setParameter:L64> PixTestTiming::PixTest() ntrig = 10
[16:20:41.744]    DEBUG: <PixTestTiming.cc/setParameter:L48> fNoTokenPass: 0
[16:20:41.744]    DEBUG: <PixTestTiming.cc/init:L74> PixTestTiming::init()
[16:20:41.765]    DEBUG: <PixTestXray.cc/init:L134> PixTestXray::init()
[16:20:41.765]    DEBUG: <PixTestXray.cc/PixTestXray:L28> PixTestXray ctor(PixSetup &a, string, TGTab *)
[16:20:45.648]    DEBUG: <PixTab.cc/buttonClicked:L308> xxxPressed():  caldelscan
[16:20:45.648]    DEBUG: <PixTestHighRate.cc/runCommand:L157> running command: caldelscan
[16:20:45.648]     INFO:    ----------------------------------------------------------------------
[16:20:45.648]     INFO:    PixTestHighRate::calDelScan() ntrig = 10, vcal = 200
[16:20:45.648]     INFO:    ----------------------------------------------------------------------
[16:20:45.788]     INFO: Expecting 768 events.
[16:20:46.925]     INFO: 768 events read in total (418ms).
[16:20:47.114]     INFO: Test took 1460ms.
[16:20:47.118]     INFO: ROC 7 masking pixel 38/75
[16:20:47.120]    DEBUG: <PixTest.cc/efficiencyMaps:L396>       attempt #0
[16:20:47.790]     INFO: Expecting 41600 events.
[16:20:50.957]     INFO: 41600 events read in total (2640ms).
[16:20:50.961]     INFO: Test took 3841ms.
[16:20:51.016]     INFO: Fetched DAQ statistics. Counters are being reset now.
[16:20:51.016]    DEBUG: <PixTest.cc/efficiencyMaps:L407>  eff result size = 321821
[16:20:51.016]    DEBUG: <PixTest.cc/efficiencyMaps:L412> Create hists HR_xeff_CalDelScan_step0_C0 .. HR_xeff_CalDelScan_step0_C15
[16:20:51.016]    DEBUG: <PixTest.cc/efficiencyMaps:L426> booking xray maps for unmasked detector
[16:20:51.045]    DEBUG: <PixTest.cc/efficiencyMaps:L396>       attempt #0
[16:20:51.710]     INFO: Expecting 41600 events.
[16:20:54.982]     INFO: 41600 events read in total (2745ms).
[16:20:54.985]     INFO: Test took 3940ms.
[16:20:55.041]     INFO: Fetched DAQ statistics. Counters are being reset now.
[16:20:55.041]    DEBUG: <PixTest.cc/efficiencyMaps:L407>  eff result size = 328225
[16:20:55.041]    DEBUG: <PixTest.cc/efficiencyMaps:L412> Create hists HR_xeff_CalDelScan_step1_C0 .. HR_xeff_CalDelScan_step1_C15
[16:20:55.042]    DEBUG: <PixTest.cc/efficiencyMaps:L426> booking xray maps for unmasked detector
[16:20:55.070]    DEBUG: <PixTest.cc/efficiencyMaps:L396>       attempt #0
[16:20:55.736]     INFO: Expecting 41600 events.
[16:20:59.061]     INFO: 41600 events read in total (2798ms).
[16:20:59.064]     INFO: Test took 3994ms.
[16:20:59.121]     INFO: Fetched DAQ statistics. Counters are being reset now.
[16:20:59.121]    DEBUG: <PixTest.cc/efficiencyMaps:L407>  eff result size = 331344
[16:20:59.121]    DEBUG: <PixTest.cc/efficiencyMaps:L412> Create hists HR_xeff_CalDelScan_step2_C0 .. HR_xeff_CalDelScan_step2_C15
[16:20:59.122]    DEBUG: <PixTest.cc/efficiencyMaps:L426> booking xray maps for unmasked detector
[16:20:59.152]    DEBUG: <PixTest.cc/efficiencyMaps:L396>       attempt #0
[16:20:59.817]     INFO: Expecting 41600 events.
[16:21:03.150]     INFO: 41600 events read in total (2807ms).
[16:21:03.153]     INFO: Test took 4001ms.
[16:21:03.208]     INFO: Fetched DAQ statistics. Counters are being reset now.
[16:21:03.208]    DEBUG: <PixTest.cc/efficiencyMaps:L407>  eff result size = 330758
[16:21:03.208]    DEBUG: <PixTest.cc/efficiencyMaps:L412> Create hists HR_xeff_CalDelScan_step3_C0 .. HR_xeff_CalDelScan_step3_C15
[16:21:03.209]    DEBUG: <PixTest.cc/efficiencyMaps:L426> booking xray maps for unmasked detector
[16:21:03.238]    DEBUG: <PixTest.cc/efficiencyMaps:L396>       attempt #0
[16:21:03.903]     INFO: Expecting 41600 events.
[16:21:07.240]     INFO: 41600 events read in total (2810ms).
[16:21:07.243]     INFO: Test took 4005ms.
[16:21:07.299]     INFO: Fetched DAQ statistics. Counters are being reset now.
[16:21:07.299]    DEBUG: <PixTest.cc/efficiencyMaps:L407>  eff result size = 332251
[16:21:07.299]    DEBUG: <PixTest.cc/efficiencyMaps:L412> Create hists HR_xeff_CalDelScan_step4_C0 .. HR_xeff_CalDelScan_step4_C15
[16:21:07.299]    DEBUG: <PixTest.cc/efficiencyMaps:L426> booking xray maps for unmasked detector
[16:21:07.329]    DEBUG: <PixTest.cc/efficiencyMaps:L396>       attempt #0
[16:21:07.994]     INFO: Expecting 41600 events.
[16:21:11.331]     INFO: 41600 events read in total (2810ms).
[16:21:11.334]     INFO: Test took 4005ms.
[16:21:11.390]     INFO: Fetched DAQ statistics. Counters are being reset now.
[16:21:11.390]    DEBUG: <PixTest.cc/efficiencyMaps:L407>  eff result size = 330317
[16:21:11.390]    DEBUG: <PixTest.cc/efficiencyMaps:L412> Create hists HR_xeff_CalDelScan_step5_C0 .. HR_xeff_CalDelScan_step5_C15
[16:21:11.390]    DEBUG: <PixTest.cc/efficiencyMaps:L426> booking xray maps for unmasked detector
[16:21:11.420]    DEBUG: <PixTest.cc/efficiencyMaps:L396>       attempt #0
[16:21:12.085]     INFO: Expecting 41600 events.
[16:21:15.424]     INFO: 41600 events read in total (2813ms).
[16:21:15.427]     INFO: Test took 4007ms.
[16:21:15.484]     INFO: Fetched DAQ statistics. Counters are being reset now.
[16:21:15.484]    DEBUG: <PixTest.cc/efficiencyMaps:L407>  eff result size = 331501
[16:21:15.484]    DEBUG: <PixTest.cc/efficiencyMaps:L412> Create hists HR_xeff_CalDelScan_step6_C0 .. HR_xeff_CalDelScan_step6_C15
[16:21:15.484]    DEBUG: <PixTest.cc/efficiencyMaps:L426> booking xray maps for unmasked detector
[16:21:15.514]    DEBUG: <PixTest.cc/efficiencyMaps:L396>       attempt #0
[16:21:16.179]     INFO: Expecting 41600 events.
[16:21:19.523]     INFO: 41600 events read in total (2817ms).
[16:21:19.525]     INFO: Test took 4011ms.
[16:21:19.582]     INFO: Fetched DAQ statistics. Counters are being reset now.
[16:21:19.582]    DEBUG: <PixTest.cc/efficiencyMaps:L407>  eff result size = 331093
[16:21:19.582]    DEBUG: <PixTest.cc/efficiencyMaps:L412> Create hists HR_xeff_CalDelScan_step7_C0 .. HR_xeff_CalDelScan_step7_C15
[16:21:19.583]    DEBUG: <PixTest.cc/efficiencyMaps:L426> booking xray maps for unmasked detector
[16:21:19.614]    DEBUG: <PixTest.cc/efficiencyMaps:L396>       attempt #0
[16:21:20.278]     INFO: Expecting 41600 events.
[16:21:23.624]     INFO: 41600 events read in total (2818ms).
[16:21:23.627]     INFO: Test took 4013ms.
[16:21:23.684]     INFO: Fetched DAQ statistics. Counters are being reset now.
[16:21:23.684]    DEBUG: <PixTest.cc/efficiencyMaps:L407>  eff result size = 331611
[16:21:23.684]    DEBUG: <PixTest.cc/efficiencyMaps:L412> Create hists HR_xeff_CalDelScan_step8_C0 .. HR_xeff_CalDelScan_step8_C15
[16:21:23.684]    DEBUG: <PixTest.cc/efficiencyMaps:L426> booking xray maps for unmasked detector
[16:21:23.714]    DEBUG: <PixTest.cc/efficiencyMaps:L396>       attempt #0
[16:21:24.379]     INFO: Expecting 41600 events.
[16:21:27.724]     INFO: 41600 events read in total (2818ms).
[16:21:27.727]     INFO: Test took 4013ms.
[16:21:27.782]     INFO: Fetched DAQ statistics. Counters are being reset now.
[16:21:27.782]    DEBUG: <PixTest.cc/efficiencyMaps:L407>  eff result size = 332591
[16:21:27.782]    DEBUG: <PixTest.cc/efficiencyMaps:L412> Create hists HR_xeff_CalDelScan_step9_C0 .. HR_xeff_CalDelScan_step9_C15
[16:21:27.782]    DEBUG: <PixTest.cc/efficiencyMaps:L426> booking xray maps for unmasked detector
[16:21:27.813]    DEBUG: <PixTest.cc/efficiencyMaps:L396>       attempt #0
[16:21:28.477]     INFO: Expecting 41600 events.
[16:21:31.821]     INFO: 41600 events read in total (2817ms).
[16:21:31.824]     INFO: Test took 4011ms.
[16:21:31.879]     INFO: Fetched DAQ statistics. Counters are being reset now.
[16:21:31.879]    DEBUG: <PixTest.cc/efficiencyMaps:L407>  eff result size = 331600
[16:21:31.879]    DEBUG: <PixTest.cc/efficiencyMaps:L412> Create hists HR_xeff_CalDelScan_step10_C0 .. HR_xeff_CalDelScan_step10_C15
[16:21:31.880]    DEBUG: <PixTest.cc/efficiencyMaps:L426> booking xray maps for unmasked detector
[16:21:31.909]    DEBUG: <PixTest.cc/efficiencyMaps:L396>       attempt #0
[16:21:32.574]     INFO: Expecting 41600 events.
[16:21:35.911]     INFO: 41600 events read in total (2810ms).
[16:21:35.913]     INFO: Test took 4004ms.
[16:21:35.971]     INFO: Fetched DAQ statistics. Counters are being reset now.
[16:21:35.971]    DEBUG: <PixTest.cc/efficiencyMaps:L407>  eff result size = 330489
[16:21:35.971]    DEBUG: <PixTest.cc/efficiencyMaps:L412> Create hists HR_xeff_CalDelScan_step11_C0 .. HR_xeff_CalDelScan_step11_C15
[16:21:35.971]    DEBUG: <PixTest.cc/efficiencyMaps:L426> booking xray maps for unmasked detector
[16:21:36.001]    DEBUG: <PixTest.cc/efficiencyMaps:L396>       attempt #0
[16:21:36.666]     INFO: Expecting 41600 events.
[16:21:40.005]     INFO: 41600 events read in total (2812ms).
[16:21:40.008]     INFO: Test took 4007ms.
[16:21:40.065]     INFO: Fetched DAQ statistics. Counters are being reset now.
[16:21:40.065]    DEBUG: <PixTest.cc/efficiencyMaps:L407>  eff result size = 330849
[16:21:40.065]    DEBUG: <PixTest.cc/efficiencyMaps:L412> Create hists HR_xeff_CalDelScan_step12_C0 .. HR_xeff_CalDelScan_step12_C15
[16:21:40.065]    DEBUG: <PixTest.cc/efficiencyMaps:L426> booking xray maps for unmasked detector
[16:21:40.095]    DEBUG: <PixTest.cc/efficiencyMaps:L396>       attempt #0
[16:21:40.760]     INFO: Expecting 41600 events.
[16:21:44.084]     INFO: 41600 events read in total (2797ms).
[16:21:44.087]     INFO: Test took 3992ms.
[16:21:44.142]     INFO: Fetched DAQ statistics. Counters are being reset now.
[16:21:44.142]    DEBUG: <PixTest.cc/efficiencyMaps:L407>  eff result size = 330501
[16:21:44.142]    DEBUG: <PixTest.cc/efficiencyMaps:L412> Create hists HR_xeff_CalDelScan_step13_C0 .. HR_xeff_CalDelScan_step13_C15
[16:21:44.143]    DEBUG: <PixTest.cc/efficiencyMaps:L426> booking xray maps for unmasked detector
[16:21:44.172]    DEBUG: <PixTest.cc/efficiencyMaps:L396>       attempt #0
[16:21:44.837]     INFO: Expecting 41600 events.
[16:21:48.159]     INFO: 41600 events read in total (2795ms).
[16:21:48.162]     INFO: Test took 3990ms.
[16:21:48.217]     INFO: Fetched DAQ statistics. Counters are being reset now.
[16:21:48.217]    DEBUG: <PixTest.cc/efficiencyMaps:L407>  eff result size = 330724
[16:21:48.217]    DEBUG: <PixTest.cc/efficiencyMaps:L412> Create hists HR_xeff_CalDelScan_step14_C0 .. HR_xeff_CalDelScan_step14_C15
[16:21:48.217]    DEBUG: <PixTest.cc/efficiencyMaps:L426> booking xray maps for unmasked detector
[16:21:48.247]    DEBUG: <PixTest.cc/efficiencyMaps:L396>       attempt #0
[16:21:48.912]     INFO: Expecting 41600 events.
[16:21:52.242]     INFO: 41600 events read in total (2803ms).
[16:21:52.245]     INFO: Test took 3998ms.
[16:21:52.300]     INFO: Fetched DAQ statistics. Counters are being reset now.
[16:21:52.300]    DEBUG: <PixTest.cc/efficiencyMaps:L407>  eff result size = 329671
[16:21:52.300]    DEBUG: <PixTest.cc/efficiencyMaps:L412> Create hists HR_xeff_CalDelScan_step15_C0 .. HR_xeff_CalDelScan_step15_C15
[16:21:52.300]    DEBUG: <PixTest.cc/efficiencyMaps:L426> booking xray maps for unmasked detector
[16:21:52.331]    DEBUG: <PixTest.cc/efficiencyMaps:L396>       attempt #0
[16:21:52.996]     INFO: Expecting 41600 events.
[16:21:56.340]     INFO: 41600 events read in total (2818ms).
[16:21:56.343]     INFO: Test took 4012ms.
[16:21:56.399]     INFO: Fetched DAQ statistics. Counters are being reset now.
[16:21:56.399]    DEBUG: <PixTest.cc/efficiencyMaps:L407>  eff result size = 330867
[16:21:56.399]    DEBUG: <PixTest.cc/efficiencyMaps:L412> Create hists HR_xeff_CalDelScan_step16_C0 .. HR_xeff_CalDelScan_step16_C15
[16:21:56.399]    DEBUG: <PixTest.cc/efficiencyMaps:L426> booking xray maps for unmasked detector
[16:21:56.429]    DEBUG: <PixTest.cc/efficiencyMaps:L396>       attempt #0
[16:21:57.095]     INFO: Expecting 41600 events.
[16:22:00.410]     INFO: 41600 events read in total (2789ms).
[16:22:00.413]     INFO: Test took 3984ms.
[16:22:00.468]     INFO: Fetched DAQ statistics. Counters are being reset now.
[16:22:00.468]    DEBUG: <PixTest.cc/efficiencyMaps:L407>  eff result size = 329707
[16:22:00.468]    DEBUG: <PixTest.cc/efficiencyMaps:L412> Create hists HR_xeff_CalDelScan_step17_C0 .. HR_xeff_CalDelScan_step17_C15
[16:22:00.469]    DEBUG: <PixTest.cc/efficiencyMaps:L426> booking xray maps for unmasked detector
[16:22:00.498]    DEBUG: <PixTest.cc/efficiencyMaps:L396>       attempt #0
[16:22:01.163]     INFO: Expecting 41600 events.
[16:22:04.470]     INFO: 41600 events read in total (2779ms).
[16:22:04.473]     INFO: Test took 3975ms.
[16:22:04.529]     INFO: Fetched DAQ statistics. Counters are being reset now.
[16:22:04.529]    DEBUG: <PixTest.cc/efficiencyMaps:L407>  eff result size = 328289
[16:22:04.529]    DEBUG: <PixTest.cc/efficiencyMaps:L412> Create hists HR_xeff_CalDelScan_step18_C0 .. HR_xeff_CalDelScan_step18_C15
[16:22:04.529]    DEBUG: <PixTest.cc/efficiencyMaps:L426> booking xray maps for unmasked detector
[16:22:04.559]    DEBUG: <PixTest.cc/efficiencyMaps:L396>       attempt #0
[16:22:05.224]     INFO: Expecting 41600 events.
[16:22:08.395]     INFO: 41600 events read in total (2644ms).
[16:22:08.398]     INFO: Test took 3839ms.
[16:22:08.455]     INFO: Fetched DAQ statistics. Counters are being reset now.
[16:22:08.455]    DEBUG: <PixTest.cc/efficiencyMaps:L407>  eff result size = 324040
[16:22:08.455]    DEBUG: <PixTest.cc/efficiencyMaps:L412> Create hists HR_xeff_CalDelScan_step19_C0 .. HR_xeff_CalDelScan_step19_C15
[16:22:08.455]    DEBUG: <PixTest.cc/efficiencyMaps:L426> booking xray maps for unmasked detector
[16:22:08.731]    DEBUG: <PixTestHighRate.cc/doCalDelScan:L422> roc  0: caldel = 148 eff = 0.999832
[16:22:08.731]    DEBUG: <PixTestHighRate.cc/doCalDelScan:L422> roc  1: caldel = 145 eff = 0.999832
[16:22:08.731]    DEBUG: <PixTestHighRate.cc/doCalDelScan:L422> roc  2: caldel = 167 eff = 0.999639
[16:22:08.731]    DEBUG: <PixTestHighRate.cc/doCalDelScan:L422> roc  3: caldel = 152 eff = 0.999279
[16:22:08.731]    DEBUG: <PixTestHighRate.cc/doCalDelScan:L422> roc  4: caldel = 133 eff = 0.999159
[16:22:08.732]    DEBUG: <PixTestHighRate.cc/doCalDelScan:L422> roc  5: caldel = 157 eff = 0.999447
[16:22:08.732]    DEBUG: <PixTestHighRate.cc/doCalDelScan:L422> roc  6: caldel = 131 eff = 0.999495
[16:22:08.732]    DEBUG: <PixTestHighRate.cc/doCalDelScan:L422> roc  7: caldel = 164 eff = 0.999207
[16:22:08.732]    DEBUG: <PixTestHighRate.cc/doCalDelScan:L422> roc  8: caldel = 140 eff = 0.999423
[16:22:08.732]    DEBUG: <PixTestHighRate.cc/doCalDelScan:L422> roc  9: caldel = 160 eff = 0.999351
[16:22:08.732]    DEBUG: <PixTestHighRate.cc/doCalDelScan:L422> roc 10: caldel = 148 eff = 0.999375
[16:22:08.732]    DEBUG: <PixTestHighRate.cc/doCalDelScan:L422> roc 11: caldel = 140 eff = 0.999351
[16:22:08.733]    DEBUG: <PixTestHighRate.cc/doCalDelScan:L422> roc 12: caldel = 149 eff = 0.999495
[16:22:08.733]    DEBUG: <PixTestHighRate.cc/doCalDelScan:L422> roc 13: caldel = 149 eff = 0.999567
[16:22:08.733]    DEBUG: <PixTestHighRate.cc/doCalDelScan:L422> roc 14: caldel = 172 eff = 0.999928
[16:22:08.733]    DEBUG: <PixTestHighRate.cc/doCalDelScan:L422> roc 15: caldel = 141 eff = 0.999736
[16:22:20.568]    DEBUG: <PixTab.cc/buttonClicked:L308> xxxPressed():  xpixelalive
[16:22:20.568]    DEBUG: <PixTestHighRate.cc/runCommand:L157> running command: xpixelalive
[16:22:20.568]     INFO:    ----------------------------------------------------------------------
[16:22:20.568]     INFO:    PixTestHighRate::xPixelAlive() ntrig = 50, vcal = 200
[16:22:20.568]     INFO:    ----------------------------------------------------------------------
[16:22:20.569]    DEBUG: <PixTestHighRate.cc/doXPixelAlive:L451>  old set: clk: 4
[16:22:20.569]    DEBUG: <PixTestHighRate.cc/doXPixelAlive:L451>  old set: ctr: 4
[16:22:20.569]    DEBUG: <PixTestHighRate.cc/doXPixelAlive:L451>  old set: sda: 19
[16:22:20.569]    DEBUG: <PixTestHighRate.cc/doXPixelAlive:L451>  old set: tin: 9
[16:22:20.569]    DEBUG: <PixTestHighRate.cc/doXPixelAlive:L451>  old set: level: 15
[16:22:20.569]    DEBUG: <PixTestHighRate.cc/doXPixelAlive:L451>  old set: triggerdelay: 0
[16:22:20.569]    DEBUG: <PixTestHighRate.cc/doXPixelAlive:L467>  setting: clk: 4
[16:22:20.569]    DEBUG: <PixTestHighRate.cc/doXPixelAlive:L467>  setting: ctr: 4
[16:22:20.569]    DEBUG: <PixTestHighRate.cc/doXPixelAlive:L467>  setting: sda: 19
[16:22:20.569]    DEBUG: <PixTestHighRate.cc/doXPixelAlive:L467>  setting: tin: 9
[16:22:20.569]    DEBUG: <PixTestHighRate.cc/doXPixelAlive:L467>  setting: level: 15
[16:22:20.569]    DEBUG: <PixTestHighRate.cc/doXPixelAlive:L467>  setting: triggerdelay: 20
[16:22:20.613]     INFO: ROC 7 masking pixel 38/75
[16:22:20.613]    DEBUG: <PixTest.cc/efficiencyMaps:L396>       attempt #0
[16:22:21.282]     INFO: Expecting 208000 events.
[16:22:33.606]     INFO: 208000 events read in total (11797ms).
[16:22:33.616]     INFO: Test took 13003ms.
[16:22:33.851]     INFO: Fetched DAQ statistics. Counters are being reset now.
[16:22:33.851]    DEBUG: <PixTest.cc/efficiencyMaps:L407>  eff result size = 1380378
[16:22:33.851]    DEBUG: <PixTest.cc/efficiencyMaps:L412> Create hists highRate_C0 .. highRate_C15
[16:22:33.851]    DEBUG: <PixTest.cc/efficiencyMaps:L426> booking xray maps for unmasked detector
[16:22:34.179]     INFO: number of dead pixels (per ROC):     0    0    0    0    1    0    0    1    0    0    0    0    0    0    0    0
[16:22:34.179]     INFO: number of red-efficiency pixels:    59   53   97  160  160  128  160  126  158  151  143  168  144  133   47   80
[16:22:34.179]     INFO: number of X-ray hits detected:    46426 37589 64791 99182 99810 99343 99977 90937 100881 111553 107356 96440 102973 71386 38022 47154
[16:22:34.179]     INFO: number of triggers sent (total per ROC):  208000 208000 208000 208000 208000 208000 208000 208000 208000 208000 208000 208000 208000 208000 208000 208000
[16:22:34.179]     INFO: number of Vcal hits detected:  207940 207944 207900 207836 207781 207866 207836 207820 207836 207839 207854 207830 207853 207864 207949 207920
[16:22:34.179]     INFO: Vcal hit fiducial efficiency (%):  100.0 100.0 100.0 99.9 99.9 99.9 99.9 99.9 99.9 99.9 99.9 99.9 99.9 99.9 100.0 100.0
[16:22:34.179]     INFO: Vcal hit overall efficiency (%):  100.0 100.0 100.0 99.9 99.9 99.9 99.9 99.9 99.9 99.9 99.9 99.9 99.9 99.9 100.0 100.0
[16:22:34.179]     INFO: X-ray hit rate [MHz/cm2]:  13.6 11.0 19.0 29.1 29.3 29.1 29.3 26.7 29.6 32.7 31.5 28.3 30.2 20.9 11.1 13.8
[16:22:34.179]     INFO: PixTestHighRate::doXPixelAlive() done
[16:22:34.225]    DEBUG: <PixTestHighRate.cc/doXPixelAlive:L586>  resetting: clk: 4
[16:22:34.225]    DEBUG: <PixTestHighRate.cc/doXPixelAlive:L586>  resetting: ctr: 4
[16:22:34.225]    DEBUG: <PixTestHighRate.cc/doXPixelAlive:L586>  resetting: sda: 19
[16:22:34.225]    DEBUG: <PixTestHighRate.cc/doXPixelAlive:L586>  resetting: tin: 9
[16:22:34.225]    DEBUG: <PixTestHighRate.cc/doXPixelAlive:L586>  resetting: level: 15
[16:22:34.225]    DEBUG: <PixTestHighRate.cc/doXPixelAlive:L586>  resetting: triggerdelay: 0
[16:22:34.225]     INFO: PixTest::       pg_setup set to default.
[16:23:48.376]    DEBUG: <PixTest.cc/moduleMap:L1029> moduleMap histname: what
[16:23:48.376]    DEBUG: <PixTest.cc/moduleMap:L1039> h1->GetName() = highRate_xraymap_C10_V0 -> highRate_xraymap_mod
[16:23:50.000]    DEBUG: <PixGui.cc/handleButtons:L396> PixGui::exit called
[16:23:50.001]    DEBUG: <PixGui.cc/CloseWindow:L335> Final Analog Current: 392.3mA
[16:23:50.002]    DEBUG: <PixGui.cc/CloseWindow:L336> Final Digital Current: 468.7mA
[16:23:50.002]    DEBUG: <PixGui.cc/CloseWindow:L337> Final Module Temperature: 22.2 C
[16:23:50.002]    DEBUG: <PixTestBBMap.cc/~PixTestBBMap:L97> PixTestBBMap dtor
[16:23:50.002]    DEBUG: <PixTestBB2Map.cc/~PixTestBB2Map:L115> PixTestBB2Map dtor
[16:23:50.002]    DEBUG: <PixTestBB3Map.cc/~PixTestBB3Map:L99> PixTestBB3Map dtor
[16:23:50.002]    DEBUG: <PixTestBB4Map.cc/~PixTestBB4Map:L118> PixTestBB4Map dtor
[16:23:50.002]    DEBUG: <PixTestCmd.cc/~PixTestCmd:L78> PixTestCmd dtor
[16:23:50.002]    DEBUG: <PixTestDaq.cc/~PixTestDaq:L37> PixTestDaq dtor
[16:23:50.002]    DEBUG: <PixTestDacDacScan.cc/~PixTestDacDacScan:L136> PixTestDacDacScan dtor
[16:23:50.002]    DEBUG: <PixTestDacScan.cc/~PixTestDacScan:L129> PixTestDacScan dtor
[16:23:50.002]    DEBUG: <PixTestGainPedestal.cc/~PixTestGainPedestal:L125> PixTestGainPedestal dtor
[16:23:50.002]    DEBUG: <PixTestHighRate.cc/~PixTestHighRate:L245> PixTestHighRate dtor
[16:23:50.091]    DEBUG: <PixTestIV.cc/~PixTestIV:L96> PixTestIV dtor
[16:23:50.091]    DEBUG: <PixTestAlive.cc/~PixTestAlive:L109> PixTestAlive dtor
[16:23:50.091]    DEBUG: <PixTestPretest.cc/~PixTestPretest:L136> PixTestPretest dtor
[16:23:50.091]    DEBUG: <PixTestReadback.cc/~PixTestReadback:L89> PixTestReadback dtor, saving tree ... 
[16:23:50.091]    DEBUG: <PixTestScurves.cc/~PixTestScurves:L142> PixTestScurves dtor
[16:23:50.092]    DEBUG: <PixTestTiming.cc/~PixTestTiming:L97> PixTestTiming dtor
[16:23:50.092]    DEBUG: <PixTestTrim.cc/~PixTestTrim:L103> PixTestTrim dtor
[16:23:50.092]    DEBUG: <PixTestXray.cc/~PixTestXray:L217> PixTestXray dtor
[16:23:50.094]    QUIET: Connection to board 58 closed.
[16:23:50.173]    DEBUG: <PixMonitor.cc/dumpSummaries:L39> PixMonitor::dumpSummaries
