[16:17:58.000]     INFO: *** Welcome to pxar ***
[16:17:58.000]     INFO: *** Today: 2016/02/09
[16:17:58.015]     INFO: *** Version: prod-12-105-g46f2
[16:17:58.015]     INFO: readRocDacs: ./data/mg326/dacParameters35_C0.dat .. ./data/mg326/dacParameters35_C15.dat
[16:17:58.016]     INFO: readTbmDacs: ./data/mg326/tbmParameters_C0a.dat .. ./data/mg326/tbmParameters_C0b.dat
[16:17:58.016]     INFO: readMaskFile: ./data/mg326/defaultMaskFile.dat
[16:17:58.016]     INFO: MASKED Roc 7 col/row: 38 75
[16:17:58.016]     INFO: readTrimFile: ./data/mg326/trimParameters35_C0.dat .. ./data/mg326/trimParameters35_C15.dat
[16:17:58.085]     INFO:   masking Roc 7 col/row: 38 75
[16:17:58.170]     INFO:         clk: 4
[16:17:58.170]     INFO:         ctr: 4
[16:17:58.170]     INFO:         sda: 19
[16:17:58.170]     INFO:         tin: 9
[16:17:58.170]     INFO:         level: 15
[16:17:58.170]     INFO:         triggerdelay: 0
[16:17:58.170]    QUIET: Instanciating API for pxar prod-12
[16:17:58.170]     INFO: Log level: DEBUG
[16:17:58.180]    QUIET: Connection to board DTB_WRPRHI opened.
[16:17:58.184]     INFO: DTB startup information
--- DTB info------------------------------------------
Board id:    58
HW version:  DTB1.2
FW version:  4.2
SW version:  4.5
USB id:      DTB_WRPRHI
MAC address: 40D85511803A
Hostname:    pixelDTB058
Comment:     
------------------------------------------------------
[16:17:58.186]     INFO: RPC call hashes of host and DTB match: 398089610
[16:17:59.788]     INFO: DUT info: 
[16:17:59.788]     INFO: The DUT currently contains the following objects:
[16:17:59.788]     INFO:  2 TBM Cores tbm08c (2 ON)
[16:17:59.788]     INFO: 	TBM Core alpha (0): 7 registers set
[16:17:59.788]     INFO: 	TBM Core beta  (1): 7 registers set
[16:17:59.788]     INFO: 16 ROCs psi46digv21respin (16 ON) with 4160 pixelConfigs
[16:17:59.788]     INFO: 	ROC 0: 19 DACs set, Pixels: 0 masked, 0 active.
[16:17:59.788]     INFO: 	ROC 1: 19 DACs set, Pixels: 0 masked, 0 active.
[16:17:59.788]     INFO: 	ROC 2: 19 DACs set, Pixels: 0 masked, 0 active.
[16:17:59.788]     INFO: 	ROC 3: 19 DACs set, Pixels: 0 masked, 0 active.
[16:17:59.788]     INFO: 	ROC 4: 19 DACs set, Pixels: 0 masked, 0 active.
[16:17:59.788]     INFO: 	ROC 5: 19 DACs set, Pixels: 0 masked, 0 active.
[16:17:59.788]     INFO: 	ROC 6: 19 DACs set, Pixels: 0 masked, 0 active.
[16:17:59.788]     INFO: 	ROC 7: 19 DACs set, Pixels: 1 masked, 0 active.
[16:17:59.788]     INFO: 	ROC 8: 19 DACs set, Pixels: 0 masked, 0 active.
[16:17:59.788]     INFO: 	ROC 9: 19 DACs set, Pixels: 0 masked, 0 active.
[16:17:59.788]     INFO: 	ROC 10: 19 DACs set, Pixels: 0 masked, 0 active.
[16:17:59.788]     INFO: 	ROC 11: 19 DACs set, Pixels: 0 masked, 0 active.
[16:17:59.788]     INFO: 	ROC 12: 19 DACs set, Pixels: 0 masked, 0 active.
[16:17:59.788]     INFO: 	ROC 13: 19 DACs set, Pixels: 0 masked, 0 active.
[16:17:59.788]     INFO: 	ROC 14: 19 DACs set, Pixels: 0 masked, 0 active.
[16:17:59.788]     INFO: 	ROC 15: 19 DACs set, Pixels: 0 masked, 0 active.
[16:17:59.789]    DEBUG: <PixTestParameters.cc/dump:L104> PixTestParameters: ->BB<-
[16:17:59.789]    DEBUG: <PixTestParameters.cc/dump:L107>   dumpall: checkbox(0)
[16:17:59.789]    DEBUG: <PixTestParameters.cc/dump:L107>   dumpproblematic: checkbox(0)
[16:17:59.789]    DEBUG: <PixTestParameters.cc/dump:L107>   ntrig: 5
[16:17:59.789]    DEBUG: <PixTestParameters.cc/dump:L107>   vcals: 250
[16:17:59.789]    DEBUG: <PixTestParameters.cc/dump:L104> PixTestParameters: ->BB2<-
[16:17:59.789]    DEBUG: <PixTestParameters.cc/dump:L107>   ntrig: 10
[16:17:59.789]    DEBUG: <PixTestParameters.cc/dump:L107>   vcals: 222
[16:17:59.789]    DEBUG: <PixTestParameters.cc/dump:L107>   plwidth: 35
[16:17:59.789]    DEBUG: <PixTestParameters.cc/dump:L107>   pix: 11,20
[16:17:59.789]    DEBUG: <PixTestParameters.cc/dump:L107>   targetia: 24
[16:17:59.789]    DEBUG: <PixTestParameters.cc/dump:L104> PixTestParameters: ->BB3<-
[16:17:59.789]    DEBUG: <PixTestParameters.cc/dump:L107>   dumpall: checkbox(0)
[16:17:59.789]    DEBUG: <PixTestParameters.cc/dump:L107>   dumpproblematic: checkbox(0)
[16:17:59.789]    DEBUG: <PixTestParameters.cc/dump:L107>   ntrig: 5
[16:17:59.789]    DEBUG: <PixTestParameters.cc/dump:L107>   vcals: 250
[16:17:59.789]    DEBUG: <PixTestParameters.cc/dump:L104> PixTestParameters: ->BB4<-
[16:17:59.789]    DEBUG: <PixTestParameters.cc/dump:L107>   savecaldelscan: checkbox(0)
[16:17:59.789]    DEBUG: <PixTestParameters.cc/dump:L107>   ntrig: 100
[16:17:59.789]    DEBUG: <PixTestParameters.cc/dump:L107>   cals: 1
[16:17:59.789]    DEBUG: <PixTestParameters.cc/dump:L107>   caldello: 80
[16:17:59.789]    DEBUG: <PixTestParameters.cc/dump:L107>   caldelhi: 200
[16:17:59.789]    DEBUG: <PixTestParameters.cc/dump:L107>   caldelstep: 10
[16:17:59.789]    DEBUG: <PixTestParameters.cc/dump:L107>   vthrcomplo: 70
[16:17:59.789]    DEBUG: <PixTestParameters.cc/dump:L107>   vthrcomphi: 130
[16:17:59.789]    DEBUG: <PixTestParameters.cc/dump:L107>   vthrcompstep: 5
[16:17:59.789]    DEBUG: <PixTestParameters.cc/dump:L107>   noisypixels: 10
[16:17:59.789]    DEBUG: <PixTestParameters.cc/dump:L107>   vcal: 255
[16:17:59.789]    DEBUG: <PixTestParameters.cc/dump:L107>   cut: 0.5
[16:17:59.789]    DEBUG: <PixTestParameters.cc/dump:L104> PixTestParameters: ->Cmd<-
[16:17:59.789]    DEBUG: <PixTestParameters.cc/dump:L104> PixTestParameters: ->DAQ<-
[16:17:59.789]    DEBUG: <PixTestParameters.cc/dump:L107>   delaytbm: checkbox
[16:17:59.789]    DEBUG: <PixTestParameters.cc/dump:L107>   filltree: checkbox
[16:17:59.789]    DEBUG: <PixTestParameters.cc/dump:L107>   trgfrequency(khz): 100
[16:17:59.789]    DEBUG: <PixTestParameters.cc/dump:L107>   maskhotpixels: button
[16:17:59.789]    DEBUG: <PixTestParameters.cc/dump:L107>   trgnumber: 5
[16:17:59.789]    DEBUG: <PixTestParameters.cc/dump:L107>   iterations: 10
[16:17:59.789]    DEBUG: <PixTestParameters.cc/dump:L107>   rundaqtrg: button
[16:17:59.789]    DEBUG: <PixTestParameters.cc/dump:L107>   daqseconds: 5
[16:17:59.789]    DEBUG: <PixTestParameters.cc/dump:L107>   rundaqseconds: button
[16:17:59.789]    DEBUG: <PixTestParameters.cc/dump:L104> PixTestParameters: ->DacDacScan<-
[16:17:59.790]    DEBUG: <PixTestParameters.cc/dump:L107>   phmap: checkbox
[16:17:59.790]    DEBUG: <PixTestParameters.cc/dump:L107>   ntrig: 10
[16:17:59.790]    DEBUG: <PixTestParameters.cc/dump:L107>   dac1: caldel
[16:17:59.790]    DEBUG: <PixTestParameters.cc/dump:L107>   dac1lo: 0
[16:17:59.790]    DEBUG: <PixTestParameters.cc/dump:L107>   dac1hi: 255
[16:17:59.790]    DEBUG: <PixTestParameters.cc/dump:L107>   dac2: vthrcomp
[16:17:59.790]    DEBUG: <PixTestParameters.cc/dump:L107>   dac2lo: 0
[16:17:59.790]    DEBUG: <PixTestParameters.cc/dump:L107>   dac2hi: 255
[16:17:59.790]    DEBUG: <PixTestParameters.cc/dump:L107>   pix: 11,20
[16:17:59.790]    DEBUG: <PixTestParameters.cc/dump:L104> PixTestParameters: ->DacScan<-
[16:17:59.790]    DEBUG: <PixTestParameters.cc/dump:L107>   phmap: checkbox(1)
[16:17:59.790]    DEBUG: <PixTestParameters.cc/dump:L107>   allpixels: checkbox(0)
[16:17:59.790]    DEBUG: <PixTestParameters.cc/dump:L107>   unmasked: checkbox(0)
[16:17:59.790]    DEBUG: <PixTestParameters.cc/dump:L107>   ntrig: 10
[16:17:59.790]    DEBUG: <PixTestParameters.cc/dump:L107>   dac: vcal
[16:17:59.790]    DEBUG: <PixTestParameters.cc/dump:L107>   daclo: 0
[16:17:59.790]    DEBUG: <PixTestParameters.cc/dump:L107>   dachi: 255
[16:17:59.790]    DEBUG: <PixTestParameters.cc/dump:L107>   pix: 11,20
[16:17:59.790]    DEBUG: <PixTestParameters.cc/dump:L104> PixTestParameters: ->GainPedestal<-
[16:17:59.790]    DEBUG: <PixTestParameters.cc/dump:L107>   showfits: checkbox(0)
[16:17:59.790]    DEBUG: <PixTestParameters.cc/dump:L107>   extended: checkbox(0)
[16:17:59.790]    DEBUG: <PixTestParameters.cc/dump:L107>   dumphists: checkbox(0)
[16:17:59.790]    DEBUG: <PixTestParameters.cc/dump:L107>   ntrig: 10
[16:17:59.790]    DEBUG: <PixTestParameters.cc/dump:L107>   vcalstep: 10
[16:17:59.790]    DEBUG: <PixTestParameters.cc/dump:L107>   measure: button
[16:17:59.790]    DEBUG: <PixTestParameters.cc/dump:L107>   fit: button
[16:17:59.790]    DEBUG: <PixTestParameters.cc/dump:L107>   save: button
[16:17:59.790]    DEBUG: <PixTestParameters.cc/dump:L104> PixTestParameters: ->HighRate<-
[16:17:59.790]    DEBUG: <PixTestParameters.cc/dump:L107>   pix: 11,20
[16:17:59.790]    DEBUG: <PixTestParameters.cc/dump:L107>   trimhotpixels: button
[16:17:59.790]    DEBUG: <PixTestParameters.cc/dump:L107>   trimhotpixelthr: 200
[16:17:59.790]    DEBUG: <PixTestParameters.cc/dump:L107>   runsecondshotpixels: 10
[16:17:59.790]    DEBUG: <PixTestParameters.cc/dump:L107>   savetrimbits: checkbox(1)
[16:17:59.790]    DEBUG: <PixTestParameters.cc/dump:L107>   maskuntrimmable: checkbox(1)
[16:17:59.790]    DEBUG: <PixTestParameters.cc/dump:L107>   maskhotpixels: button
[16:17:59.790]    DEBUG: <PixTestParameters.cc/dump:L107>   savemaskfile: checkbox(0)
[16:17:59.790]    DEBUG: <PixTestParameters.cc/dump:L107>   maskfilename: default
[16:17:59.790]    DEBUG: <PixTestParameters.cc/dump:L107>   caldelscan: button
[16:17:59.790]    DEBUG: <PixTestParameters.cc/dump:L107>   xpixelalive: button
[16:17:59.790]    DEBUG: <PixTestParameters.cc/dump:L107>   ntrig: 50
[16:17:59.790]    DEBUG: <PixTestParameters.cc/dump:L107>   vcal: 200
[16:17:59.790]    DEBUG: <PixTestParameters.cc/dump:L107>   xnoisemaps: button
[16:17:59.790]    DEBUG: <PixTestParameters.cc/dump:L107>   daclo: 0
[16:17:59.790]    DEBUG: <PixTestParameters.cc/dump:L107>   dachi: 100
[16:17:59.790]    DEBUG: <PixTestParameters.cc/dump:L107>   dacs/step: 20
[16:17:59.790]    DEBUG: <PixTestParameters.cc/dump:L107>   rundaq: button
[16:17:59.790]    DEBUG: <PixTestParameters.cc/dump:L107>   trgfrequency(khz): 20
[16:17:59.790]    DEBUG: <PixTestParameters.cc/dump:L107>   runseconds: 2
[16:17:59.790]    DEBUG: <PixTestParameters.cc/dump:L107>   triggerdelay: 20
[16:17:59.790]    DEBUG: <PixTestParameters.cc/dump:L107>   delaytbm: checkbox
[16:17:59.790]    DEBUG: <PixTestParameters.cc/dump:L107>   filltree: checkbox
[16:17:59.790]    DEBUG: <PixTestParameters.cc/dump:L104> PixTestParameters: ->IV<-
[16:17:59.790]    DEBUG: <PixTestParameters.cc/dump:L107>   port: /dev/FIXME
[16:17:59.790]    DEBUG: <PixTestParameters.cc/dump:L107>   voltagestart: 0
[16:17:59.790]    DEBUG: <PixTestParameters.cc/dump:L107>   voltagestop: 600
[16:17:59.790]    DEBUG: <PixTestParameters.cc/dump:L107>   voltagestep: 5
[16:17:59.790]    DEBUG: <PixTestParameters.cc/dump:L107>   delay: 1
[16:17:59.790]    DEBUG: <PixTestParameters.cc/dump:L107>   compliance(ua): 100
[16:17:59.791]    DEBUG: <PixTestParameters.cc/dump:L104> PixTestParameters: ->PhOptimization<-
[16:17:59.791]    DEBUG: <PixTestParameters.cc/dump:L107>   ntrig: 10
[16:17:59.791]    DEBUG: <PixTestParameters.cc/dump:L107>   safetymarginlow: 20
[16:17:59.791]    DEBUG: <PixTestParameters.cc/dump:L107>   saturationvcal: 100
[16:17:59.791]    DEBUG: <PixTestParameters.cc/dump:L107>   quantilesaturation: 0.98
[16:17:59.791]    DEBUG: <PixTestParameters.cc/dump:L104> PixTestParameters: ->PixelAlive<-
[16:17:59.791]    DEBUG: <PixTestParameters.cc/dump:L107>   ntrig: 10
[16:17:59.791]    DEBUG: <PixTestParameters.cc/dump:L107>   vcal: 200
[16:17:59.791]    DEBUG: <PixTestParameters.cc/dump:L107>   alivetest: button
[16:17:59.791]    DEBUG: <PixTestParameters.cc/dump:L107>   masktest: button
[16:17:59.791]    DEBUG: <PixTestParameters.cc/dump:L107>   addressdecodingtest: button
[16:17:59.791]    DEBUG: <PixTestParameters.cc/dump:L104> PixTestParameters: ->Pretest<-
[16:17:59.791]    DEBUG: <PixTestParameters.cc/dump:L107>   programroc: button
[16:17:59.791]    DEBUG: <PixTestParameters.cc/dump:L107>   targetia: 24
[16:17:59.791]    DEBUG: <PixTestParameters.cc/dump:L107>   setvana: button
[16:17:59.791]    DEBUG: <PixTestParameters.cc/dump:L107>   iterations: 100
[16:17:59.791]    DEBUG: <PixTestParameters.cc/dump:L107>   settimings: button
[16:17:59.791]    DEBUG: <PixTestParameters.cc/dump:L107>   findtiming: button
[16:17:59.791]    DEBUG: <PixTestParameters.cc/dump:L107>   findworkingpixel: button
[16:17:59.791]    DEBUG: <PixTestParameters.cc/dump:L107>   setvthrcompcaldel: button
[16:17:59.791]    DEBUG: <PixTestParameters.cc/dump:L107>   pix: 11,20
[16:17:59.791]    DEBUG: <PixTestParameters.cc/dump:L107>   vcal: 250
[16:17:59.791]    DEBUG: <PixTestParameters.cc/dump:L107>   deltavthrcomp: 50
[16:17:59.791]    DEBUG: <PixTestParameters.cc/dump:L107>   fraccaldel: 0.5
[16:17:59.791]    DEBUG: <PixTestParameters.cc/dump:L107>   ntrig: 5
[16:17:59.791]    DEBUG: <PixTestParameters.cc/dump:L107>   savedacs: button
[16:17:59.791]    DEBUG: <PixTestParameters.cc/dump:L104> PixTestParameters: ->Readback<-
[16:17:59.791]    DEBUG: <PixTestParameters.cc/dump:L107>   calibratevd: button
[16:17:59.791]    DEBUG: <PixTestParameters.cc/dump:L107>   calibrateva: button
[16:17:59.791]    DEBUG: <PixTestParameters.cc/dump:L107>   calibrateia: button
[16:17:59.791]    DEBUG: <PixTestParameters.cc/dump:L107>   readbackvbg: button
[16:17:59.791]    DEBUG: <PixTestParameters.cc/dump:L107>   getcalibratedvbg: button
[16:17:59.791]    DEBUG: <PixTestParameters.cc/dump:L107>   usecalvd: checkbox(1)
[16:17:59.791]    DEBUG: <PixTestParameters.cc/dump:L107>   usecalva: checkbox(0)
[16:17:59.791]    DEBUG: <PixTestParameters.cc/dump:L107>   setvana: button
[16:17:59.791]    DEBUG: <PixTestParameters.cc/dump:L104> PixTestParameters: ->Scurves<-
[16:17:59.791]    DEBUG: <PixTestParameters.cc/dump:L107>   adjustvcal: checkbox(0)
[16:17:59.791]    DEBUG: <PixTestParameters.cc/dump:L107>   dumpall: checkbox(0)
[16:17:59.791]    DEBUG: <PixTestParameters.cc/dump:L107>   dumpproblematic: checkbox(0)
[16:17:59.791]    DEBUG: <PixTestParameters.cc/dump:L107>   dumpoutputfile: checkbox(0)
[16:17:59.791]    DEBUG: <PixTestParameters.cc/dump:L107>   ntrig: 50
[16:17:59.791]    DEBUG: <PixTestParameters.cc/dump:L107>   dac: Vcal
[16:17:59.791]    DEBUG: <PixTestParameters.cc/dump:L107>   daclo: 0
[16:17:59.791]    DEBUG: <PixTestParameters.cc/dump:L107>   dachi: 200
[16:17:59.791]    DEBUG: <PixTestParameters.cc/dump:L107>   dacs/step: -1
[16:17:59.791]    DEBUG: <PixTestParameters.cc/dump:L107>   ntrig/step: -1
[16:17:59.791]    DEBUG: <PixTestParameters.cc/dump:L107>   scurves: button
[16:17:59.791]    DEBUG: <PixTestParameters.cc/dump:L104> PixTestParameters: ->Timing<-
[16:17:59.791]    DEBUG: <PixTestParameters.cc/dump:L107>   targetclk: 4
[16:17:59.791]    DEBUG: <PixTestParameters.cc/dump:L107>   ntrig: 10
[16:17:59.791]    DEBUG: <PixTestParameters.cc/dump:L107>   clocksdascan: button
[16:17:59.791]    DEBUG: <PixTestParameters.cc/dump:L107>   notokenpass: checkbox(0)
[16:17:59.791]    DEBUG: <PixTestParameters.cc/dump:L107>   phasescan: button
[16:17:59.791]    DEBUG: <PixTestParameters.cc/dump:L107>   levelscan: button
[16:17:59.791]    DEBUG: <PixTestParameters.cc/dump:L107>   tbmphasescan: button
[16:17:59.791]    DEBUG: <PixTestParameters.cc/dump:L107>   rocdelayscan: button
[16:17:59.791]    DEBUG: <PixTestParameters.cc/dump:L107>   timingtest: button
[16:17:59.791]    DEBUG: <PixTestParameters.cc/dump:L107>   saveparameters: button
[16:17:59.791]    DEBUG: <PixTestParameters.cc/dump:L104> PixTestParameters: ->Trim<-
[16:17:59.792]    DEBUG: <PixTestParameters.cc/dump:L107>   trim: button
[16:17:59.792]    DEBUG: <PixTestParameters.cc/dump:L107>   ntrig: 8
[16:17:59.792]    DEBUG: <PixTestParameters.cc/dump:L107>   vcal: 35
[16:17:59.792]    DEBUG: <PixTestParameters.cc/dump:L107>   trimbits: button
[16:17:59.792]    DEBUG: <PixTestParameters.cc/dump:L104> PixTestParameters: ->Xray<-
[16:17:59.792]    DEBUG: <PixTestParameters.cc/dump:L107>   maskhotpixels: button
[16:17:59.792]    DEBUG: <PixTestParameters.cc/dump:L107>   savemaskfile: checkbox(0)
[16:17:59.792]    DEBUG: <PixTestParameters.cc/dump:L107>   maskfilename: default
[16:17:59.792]    DEBUG: <PixTestParameters.cc/dump:L107>   source: Ag
[16:17:59.792]    DEBUG: <PixTestParameters.cc/dump:L107>   phrun: button
[16:17:59.792]    DEBUG: <PixTestParameters.cc/dump:L107>   runseconds: 100
[16:17:59.792]    DEBUG: <PixTestParameters.cc/dump:L107>   trgfrequency(khz): 100
[16:17:59.792]    DEBUG: <PixTestParameters.cc/dump:L107>   ratescan: button
[16:17:59.792]    DEBUG: <PixTestParameters.cc/dump:L107>   vthrcompmin: 10
[16:17:59.792]    DEBUG: <PixTestParameters.cc/dump:L107>   vthrcompmax: 80
[16:17:59.792]    DEBUG: <PixTestParameters.cc/dump:L107>   stepseconds: 5
[16:17:59.792]    DEBUG: <PixTestParameters.cc/dump:L107>   delaytbm: checkbox
[16:17:59.792]    DEBUG: <PixTestParameters.cc/dump:L107>   filltree: checkbox
[16:17:59.794]    DEBUG: <PixSetup.cc/init:L81> PixSetup init start; getCurrentRSS() = 32821248
[16:17:59.794]    DEBUG: <PixSetup.cc/init:L87> fPixTestParameters = 0x28617c0
[16:17:59.794]    DEBUG: <PixSetup.cc/init:L88>  fConfigParameters = 0x27efc40
[16:17:59.794]    DEBUG: <PixSetup.cc/init:L89>        fPxarMemory = 0x7fb2b5d94010
[16:17:59.794]    DEBUG: <PixSetup.cc/init:L90>         fPxarMemHi = 0x7fb2bbfff510
[16:17:59.794]    DEBUG: <PixSetup.cc/init:L106> PixSetup init done;  getCurrentRSS() = 32829440 fPxarMemory = 0x7fb2b5d94010
[16:17:59.795]    DEBUG: <pXar.cc/main:L223> Initial Analog Current: 392.3mA
[16:17:59.797]    DEBUG: <pXar.cc/main:L224> Initial Digital Current: 469.5mA
[16:17:59.797]    DEBUG: <pXar.cc/main:L225> Initial Module Temperature: 20.5 C
[16:18:00.293]    DEBUG: <PixGui.cc/hvOn:L460> HV set On: 0x2e38430
[16:18:00.358]    DEBUG: <PixTestFactory.cc/PixTestFactory:L53> PixTestFactory::PixTestFactory()
[16:18:00.358]    DEBUG: <PixTestBBMap.cc/init:L79> PixTestBBMap::init()
[16:18:00.358]    DEBUG: <PixTestBBMap.cc/PixTestBBMap:L27> PixTestBBMap ctor(PixSetup &a, string, TGTab *)
[16:18:00.365]    DEBUG: <PixTestBB2Map.cc/setParameter:L58> setting fTargetIa    = 24 mA/ROC
[16:18:00.365]    DEBUG: <PixTestBB2Map.cc/init:L97> PixTestBB2Map::init()
[16:18:00.365]    DEBUG: <PixTestBB2Map.cc/PixTestBB2Map:L29> PixTestBB2Map ctor(PixSetup &a, string, TGTab *)
[16:18:00.377]    DEBUG: <PixTestBB3Map.cc/init:L81> PixTestBB3Map::init()
[16:18:00.377]    DEBUG: <PixTestBB3Map.cc/PixTestBB3Map:L29> PixTestBB3Map ctor(PixSetup &a, string, TGTab *)
[16:18:00.397]    DEBUG: <PixTestBB4Map.cc/init:L93> PixTestBB4Map::init()
[16:18:00.397]    DEBUG: <PixTestBB4Map.cc/PixTestBB4Map:L26> PixTestMapeff ctor(PixSetup &a, string, TGTab *)
[16:18:00.418]     INFO: PixTestCmd::init()
[16:18:00.423]    DEBUG: <PixTestDaq.cc/init:L44> PixTestDaq::init()
[16:18:00.423]    DEBUG: <PixTestDaq.cc/PixTestDaq:L22> PixTestDaq ctor(PixSetup &a, string, TGTab *)
[16:18:00.423]     INFO: readGainPedestalParameters ./data/mg326/phCalibrationFitErr35_C0.dat .. ./data/mg326/phCalibrationFitErr35_C15.dat
[16:18:00.670]    DEBUG: <PixTestDacDacScan.cc/init:L103> PixTestDacDacScan::init()
[16:18:00.670]    DEBUG: <PixTestDacDacScan.cc/PixTestDacDacScan:L22> PixTestDacDacScan ctor(PixSetup &a, string, TGTab *)
[16:18:00.685]    DEBUG: <PixTestGainPedestal.cc/setParameter:L83> PixTestGainPedestal::PixTest() fVcalStep = 10
[16:18:00.691]    DEBUG: <PixTestHighRate.cc/setParameter:L68>   setting fParTriggerFrequency -> 20
[16:18:00.691]    DEBUG: <PixTestHighRate.cc/init:L198> PixTestHighRate::init()
[16:18:00.691]    DEBUG: <PixTestHighRate.cc/PixTestHighRate:L31> PixTestHighRate ctor(PixSetup &a, string, TGTab *)
[16:18:00.715]    DEBUG: <PixTest.cc/setTestParameter:L637>  setting  ntrig to new value 10
[16:18:00.715]    DEBUG: <PixTestPhOptimization.cc/setParameter:L37>   setting fParNtrig  ->10<- from sval = 10
[16:18:00.715]    DEBUG: <PixTestPhOptimization.cc/setParameter:L42>   setting fSafetyMarginLow  ->20<- from sval = 20
[16:18:00.715]    DEBUG: <PixTestPhOptimization.cc/setParameter:L48>   setting fVcalMax  ->100<- from sval = 100
[16:18:00.715]    DEBUG: <PixTestPhOptimization.cc/setParameter:L53>   setting fQuantMax  ->0.98<- from sval = 0.98
[16:18:00.722]    DEBUG: <PixTestAlive.cc/init:L77> PixTestAlive::init()
[16:18:00.722]    DEBUG: <PixTestAlive.cc/PixTestAlive:L21> PixTestAlive ctor(PixSetup &a, string, TGTab *)
[16:18:00.744]    DEBUG: <PixTestReadback.cc/setParameter:L172> fCalwVd set to 1
[16:18:00.744]    DEBUG: <PixTestReadback.cc/init:L95> PixTestReadback::init()
[16:18:00.744]    DEBUG: <PixTestReadback.cc/PixTestReadback:L22> PixTestReadback ctor(PixSetup &a, string, TGTab *)
[16:18:00.744]     INFO: readReadbackCal: ./data/mg326/readbackCal_C0.dat .. ./data/mg326/readbackCal_C15.dat
[16:18:00.754]    DEBUG: <PixTestScurves.cc/setParameter:L93> set fOutputFilename = 
[16:18:00.762]    DEBUG: <PixTestTiming.cc/setParameter:L60> PixTestTiming::PixTest() targetclk = 4
[16:18:00.762]    DEBUG: <PixTestTiming.cc/setParameter:L64> PixTestTiming::PixTest() ntrig = 10
[16:18:00.762]    DEBUG: <PixTestTiming.cc/setParameter:L48> fNoTokenPass: 0
[16:18:00.762]    DEBUG: <PixTestTiming.cc/init:L74> PixTestTiming::init()
[16:18:00.785]    DEBUG: <PixTestXray.cc/init:L134> PixTestXray::init()
[16:18:00.785]    DEBUG: <PixTestXray.cc/PixTestXray:L28> PixTestXray ctor(PixSetup &a, string, TGTab *)
[16:18:03.680]    DEBUG: <PixTab.cc/buttonClicked:L308> xxxPressed():  caldelscan
[16:18:03.680]    DEBUG: <PixTestHighRate.cc/runCommand:L157> running command: caldelscan
[16:18:03.680]     INFO:    ----------------------------------------------------------------------
[16:18:03.680]     INFO:    PixTestHighRate::calDelScan() ntrig = 10, vcal = 200
[16:18:03.680]     INFO:    ----------------------------------------------------------------------
[16:18:03.821]     INFO: Expecting 768 events.
[16:18:04.959]     INFO: 768 events read in total (420ms).
[16:18:05.148]     INFO: Test took 1462ms.
[16:18:05.151]     INFO: ROC 7 masking pixel 38/75
[16:18:05.154]    DEBUG: <PixTest.cc/efficiencyMaps:L396>       attempt #0
[16:18:05.822]     INFO: Expecting 41600 events.
[16:18:09.271]     INFO: 41600 events read in total (2922ms).
[16:18:09.275]     INFO: Test took 4121ms.
[16:18:09.371]     INFO: Fetched DAQ statistics. Counters are being reset now.
[16:18:09.371]    DEBUG: <PixTest.cc/efficiencyMaps:L407>  eff result size = 547560
[16:18:09.371]    DEBUG: <PixTest.cc/efficiencyMaps:L412> Create hists HR_xeff_CalDelScan_step0_C0 .. HR_xeff_CalDelScan_step0_C15
[16:18:09.371]    DEBUG: <PixTest.cc/efficiencyMaps:L426> booking xray maps for unmasked detector
[16:18:09.414]    DEBUG: <PixTest.cc/efficiencyMaps:L396>       attempt #0
[16:18:10.079]     INFO: Expecting 41600 events.
[16:18:13.613]     INFO: 41600 events read in total (3007ms).
[16:18:13.619]     INFO: Test took 4205ms.
[16:18:13.716]     INFO: Fetched DAQ statistics. Counters are being reset now.
[16:18:13.716]    DEBUG: <PixTest.cc/efficiencyMaps:L407>  eff result size = 553709
[16:18:13.716]    DEBUG: <PixTest.cc/efficiencyMaps:L412> Create hists HR_xeff_CalDelScan_step1_C0 .. HR_xeff_CalDelScan_step1_C15
[16:18:13.716]    DEBUG: <PixTest.cc/efficiencyMaps:L426> booking xray maps for unmasked detector
[16:18:13.760]    DEBUG: <PixTest.cc/efficiencyMaps:L396>       attempt #0
[16:18:14.424]     INFO: Expecting 41600 events.
[16:18:18.005]     INFO: 41600 events read in total (3054ms).
[16:18:18.009]     INFO: Test took 4249ms.
[16:18:18.104]     INFO: Fetched DAQ statistics. Counters are being reset now.
[16:18:18.104]    DEBUG: <PixTest.cc/efficiencyMaps:L407>  eff result size = 556103
[16:18:18.104]    DEBUG: <PixTest.cc/efficiencyMaps:L412> Create hists HR_xeff_CalDelScan_step2_C0 .. HR_xeff_CalDelScan_step2_C15
[16:18:18.104]    DEBUG: <PixTest.cc/efficiencyMaps:L426> booking xray maps for unmasked detector
[16:18:18.149]    DEBUG: <PixTest.cc/efficiencyMaps:L396>       attempt #0
[16:18:18.814]     INFO: Expecting 41600 events.
[16:18:22.403]     INFO: 41600 events read in total (3063ms).
[16:18:22.407]     INFO: Test took 4258ms.
[16:18:22.503]     INFO: Fetched DAQ statistics. Counters are being reset now.
[16:18:22.503]    DEBUG: <PixTest.cc/efficiencyMaps:L407>  eff result size = 555682
[16:18:22.503]    DEBUG: <PixTest.cc/efficiencyMaps:L412> Create hists HR_xeff_CalDelScan_step3_C0 .. HR_xeff_CalDelScan_step3_C15
[16:18:22.503]    DEBUG: <PixTest.cc/efficiencyMaps:L426> booking xray maps for unmasked detector
[16:18:22.550]    DEBUG: <PixTest.cc/efficiencyMaps:L396>       attempt #0
[16:18:23.217]     INFO: Expecting 41600 events.
[16:18:26.814]     INFO: 41600 events read in total (3071ms).
[16:18:26.818]     INFO: Test took 4268ms.
[16:18:26.915]     INFO: Fetched DAQ statistics. Counters are being reset now.
[16:18:26.915]    DEBUG: <PixTest.cc/efficiencyMaps:L407>  eff result size = 556551
[16:18:26.915]    DEBUG: <PixTest.cc/efficiencyMaps:L412> Create hists HR_xeff_CalDelScan_step4_C0 .. HR_xeff_CalDelScan_step4_C15
[16:18:26.915]    DEBUG: <PixTest.cc/efficiencyMaps:L426> booking xray maps for unmasked detector
[16:18:26.962]    DEBUG: <PixTest.cc/efficiencyMaps:L396>       attempt #0
[16:18:27.629]     INFO: Expecting 41600 events.
[16:18:31.221]     INFO: 41600 events read in total (3066ms).
[16:18:31.225]     INFO: Test took 4263ms.
[16:18:31.321]     INFO: Fetched DAQ statistics. Counters are being reset now.
[16:18:31.321]    DEBUG: <PixTest.cc/efficiencyMaps:L407>  eff result size = 555089
[16:18:31.321]    DEBUG: <PixTest.cc/efficiencyMaps:L412> Create hists HR_xeff_CalDelScan_step5_C0 .. HR_xeff_CalDelScan_step5_C15
[16:18:31.322]    DEBUG: <PixTest.cc/efficiencyMaps:L426> booking xray maps for unmasked detector
[16:18:31.368]    DEBUG: <PixTest.cc/efficiencyMaps:L396>       attempt #0
[16:18:32.035]     INFO: Expecting 41600 events.
[16:18:35.660]     INFO: 41600 events read in total (3073ms).
[16:18:35.664]     INFO: Test took 4296ms.
[16:18:35.762]     INFO: Fetched DAQ statistics. Counters are being reset now.
[16:18:35.762]    DEBUG: <PixTest.cc/efficiencyMaps:L407>  eff result size = 555474
[16:18:35.762]    DEBUG: <PixTest.cc/efficiencyMaps:L412> Create hists HR_xeff_CalDelScan_step6_C0 .. HR_xeff_CalDelScan_step6_C15
[16:18:35.762]    DEBUG: <PixTest.cc/efficiencyMaps:L426> booking xray maps for unmasked detector
[16:18:35.808]    DEBUG: <PixTest.cc/efficiencyMaps:L396>       attempt #0
[16:18:36.475]     INFO: Expecting 41600 events.
[16:18:40.080]     INFO: 41600 events read in total (3078ms).
[16:18:40.084]     INFO: Test took 4276ms.
[16:18:40.180]     INFO: Fetched DAQ statistics. Counters are being reset now.
[16:18:40.180]    DEBUG: <PixTest.cc/efficiencyMaps:L407>  eff result size = 554149
[16:18:40.180]    DEBUG: <PixTest.cc/efficiencyMaps:L412> Create hists HR_xeff_CalDelScan_step7_C0 .. HR_xeff_CalDelScan_step7_C15
[16:18:40.181]    DEBUG: <PixTest.cc/efficiencyMaps:L426> booking xray maps for unmasked detector
[16:18:40.225]    DEBUG: <PixTest.cc/efficiencyMaps:L396>       attempt #0
[16:18:40.890]     INFO: Expecting 41600 events.
[16:18:44.493]     INFO: 41600 events read in total (3076ms).
[16:18:44.497]     INFO: Test took 4272ms.
[16:18:44.592]     INFO: Fetched DAQ statistics. Counters are being reset now.
[16:18:44.592]    DEBUG: <PixTest.cc/efficiencyMaps:L407>  eff result size = 555248
[16:18:44.592]    DEBUG: <PixTest.cc/efficiencyMaps:L412> Create hists HR_xeff_CalDelScan_step8_C0 .. HR_xeff_CalDelScan_step8_C15
[16:18:44.592]    DEBUG: <PixTest.cc/efficiencyMaps:L426> booking xray maps for unmasked detector
[16:18:44.636]    DEBUG: <PixTest.cc/efficiencyMaps:L396>       attempt #0
[16:18:45.301]     INFO: Expecting 41600 events.
[16:18:48.903]     INFO: 41600 events read in total (3075ms).
[16:18:48.907]     INFO: Test took 4271ms.
[16:18:49.003]     INFO: Fetched DAQ statistics. Counters are being reset now.
[16:18:49.004]    DEBUG: <PixTest.cc/efficiencyMaps:L407>  eff result size = 555632
[16:18:49.004]    DEBUG: <PixTest.cc/efficiencyMaps:L412> Create hists HR_xeff_CalDelScan_step9_C0 .. HR_xeff_CalDelScan_step9_C15
[16:18:49.004]    DEBUG: <PixTest.cc/efficiencyMaps:L426> booking xray maps for unmasked detector
[16:18:49.050]    DEBUG: <PixTest.cc/efficiencyMaps:L396>       attempt #0
[16:18:49.717]     INFO: Expecting 41600 events.
[16:18:53.332]     INFO: 41600 events read in total (3088ms).
[16:18:53.336]     INFO: Test took 4286ms.
[16:18:53.433]     INFO: Fetched DAQ statistics. Counters are being reset now.
[16:18:53.433]    DEBUG: <PixTest.cc/efficiencyMaps:L407>  eff result size = 555622
[16:18:53.433]    DEBUG: <PixTest.cc/efficiencyMaps:L412> Create hists HR_xeff_CalDelScan_step10_C0 .. HR_xeff_CalDelScan_step10_C15
[16:18:53.434]    DEBUG: <PixTest.cc/efficiencyMaps:L426> booking xray maps for unmasked detector
[16:18:53.480]    DEBUG: <PixTest.cc/efficiencyMaps:L396>       attempt #0
[16:18:54.147]     INFO: Expecting 41600 events.
[16:18:57.754]     INFO: 41600 events read in total (3080ms).
[16:18:57.758]     INFO: Test took 4278ms.
[16:18:57.854]     INFO: Fetched DAQ statistics. Counters are being reset now.
[16:18:57.854]    DEBUG: <PixTest.cc/efficiencyMaps:L407>  eff result size = 554874
[16:18:57.854]    DEBUG: <PixTest.cc/efficiencyMaps:L412> Create hists HR_xeff_CalDelScan_step11_C0 .. HR_xeff_CalDelScan_step11_C15
[16:18:57.854]    DEBUG: <PixTest.cc/efficiencyMaps:L426> booking xray maps for unmasked detector
[16:18:57.899]    DEBUG: <PixTest.cc/efficiencyMaps:L396>       attempt #0
[16:18:58.564]     INFO: Expecting 41600 events.
[16:19:02.170]     INFO: 41600 events read in total (3079ms).
[16:19:02.174]     INFO: Test took 4275ms.
[16:19:02.269]     INFO: Fetched DAQ statistics. Counters are being reset now.
[16:19:02.269]    DEBUG: <PixTest.cc/efficiencyMaps:L407>  eff result size = 554357
[16:19:02.269]    DEBUG: <PixTest.cc/efficiencyMaps:L412> Create hists HR_xeff_CalDelScan_step12_C0 .. HR_xeff_CalDelScan_step12_C15
[16:19:02.270]    DEBUG: <PixTest.cc/efficiencyMaps:L426> booking xray maps for unmasked detector
[16:19:02.314]    DEBUG: <PixTest.cc/efficiencyMaps:L396>       attempt #0
[16:19:02.979]     INFO: Expecting 41600 events.
[16:19:06.588]     INFO: 41600 events read in total (3082ms).
[16:19:06.592]     INFO: Test took 4278ms.
[16:19:06.689]     INFO: Fetched DAQ statistics. Counters are being reset now.
[16:19:06.689]    DEBUG: <PixTest.cc/efficiencyMaps:L407>  eff result size = 554328
[16:19:06.689]    DEBUG: <PixTest.cc/efficiencyMaps:L412> Create hists HR_xeff_CalDelScan_step13_C0 .. HR_xeff_CalDelScan_step13_C15
[16:19:06.689]    DEBUG: <PixTest.cc/efficiencyMaps:L426> booking xray maps for unmasked detector
[16:19:06.734]    DEBUG: <PixTest.cc/efficiencyMaps:L396>       attempt #0
[16:19:07.398]     INFO: Expecting 41600 events.
[16:19:11.003]     INFO: 41600 events read in total (3078ms).
[16:19:11.007]     INFO: Test took 4273ms.
[16:19:11.102]     INFO: Fetched DAQ statistics. Counters are being reset now.
[16:19:11.102]    DEBUG: <PixTest.cc/efficiencyMaps:L407>  eff result size = 554173
[16:19:11.102]    DEBUG: <PixTest.cc/efficiencyMaps:L412> Create hists HR_xeff_CalDelScan_step14_C0 .. HR_xeff_CalDelScan_step14_C15
[16:19:11.103]    DEBUG: <PixTest.cc/efficiencyMaps:L426> booking xray maps for unmasked detector
[16:19:11.147]    DEBUG: <PixTest.cc/efficiencyMaps:L396>       attempt #0
[16:19:11.812]     INFO: Expecting 41600 events.
[16:19:15.414]     INFO: 41600 events read in total (3076ms).
[16:19:15.418]     INFO: Test took 4271ms.
[16:19:15.513]     INFO: Fetched DAQ statistics. Counters are being reset now.
[16:19:15.513]    DEBUG: <PixTest.cc/efficiencyMaps:L407>  eff result size = 554400
[16:19:15.513]    DEBUG: <PixTest.cc/efficiencyMaps:L412> Create hists HR_xeff_CalDelScan_step15_C0 .. HR_xeff_CalDelScan_step15_C15
[16:19:15.514]    DEBUG: <PixTest.cc/efficiencyMaps:L426> booking xray maps for unmasked detector
[16:19:15.558]    DEBUG: <PixTest.cc/efficiencyMaps:L396>       attempt #0
[16:19:16.223]     INFO: Expecting 41600 events.
[16:19:19.834]     INFO: 41600 events read in total (3084ms).
[16:19:19.838]     INFO: Test took 4280ms.
[16:19:19.932]     INFO: Fetched DAQ statistics. Counters are being reset now.
[16:19:19.933]    DEBUG: <PixTest.cc/efficiencyMaps:L407>  eff result size = 553403
[16:19:19.933]    DEBUG: <PixTest.cc/efficiencyMaps:L412> Create hists HR_xeff_CalDelScan_step16_C0 .. HR_xeff_CalDelScan_step16_C15
[16:19:19.933]    DEBUG: <PixTest.cc/efficiencyMaps:L426> booking xray maps for unmasked detector
[16:19:19.978]    DEBUG: <PixTest.cc/efficiencyMaps:L396>       attempt #0
[16:19:20.643]     INFO: Expecting 41600 events.
[16:19:24.241]     INFO: 41600 events read in total (3072ms).
[16:19:24.245]     INFO: Test took 4267ms.
[16:19:24.339]     INFO: Fetched DAQ statistics. Counters are being reset now.
[16:19:24.339]    DEBUG: <PixTest.cc/efficiencyMaps:L407>  eff result size = 554051
[16:19:24.339]    DEBUG: <PixTest.cc/efficiencyMaps:L412> Create hists HR_xeff_CalDelScan_step17_C0 .. HR_xeff_CalDelScan_step17_C15
[16:19:24.340]    DEBUG: <PixTest.cc/efficiencyMaps:L426> booking xray maps for unmasked detector
[16:19:24.384]    DEBUG: <PixTest.cc/efficiencyMaps:L396>       attempt #0
[16:19:25.056]     INFO: Expecting 41600 events.
[16:19:28.616]     INFO: 41600 events read in total (3033ms).
[16:19:28.622]     INFO: Test took 4238ms.
[16:19:28.718]     INFO: Fetched DAQ statistics. Counters are being reset now.
[16:19:28.718]    DEBUG: <PixTest.cc/efficiencyMaps:L407>  eff result size = 550135
[16:19:28.718]    DEBUG: <PixTest.cc/efficiencyMaps:L412> Create hists HR_xeff_CalDelScan_step18_C0 .. HR_xeff_CalDelScan_step18_C15
[16:19:28.718]    DEBUG: <PixTest.cc/efficiencyMaps:L426> booking xray maps for unmasked detector
[16:19:28.762]    DEBUG: <PixTest.cc/efficiencyMaps:L396>       attempt #0
[16:19:29.427]     INFO: Expecting 41600 events.
[16:19:32.834]     INFO: 41600 events read in total (2880ms).
[16:19:32.838]     INFO: Test took 4076ms.
[16:19:32.930]     INFO: Fetched DAQ statistics. Counters are being reset now.
[16:19:32.930]    DEBUG: <PixTest.cc/efficiencyMaps:L407>  eff result size = 546278
[16:19:32.930]    DEBUG: <PixTest.cc/efficiencyMaps:L412> Create hists HR_xeff_CalDelScan_step19_C0 .. HR_xeff_CalDelScan_step19_C15
[16:19:32.930]    DEBUG: <PixTest.cc/efficiencyMaps:L426> booking xray maps for unmasked detector
[16:19:33.196]    DEBUG: <PixTestHighRate.cc/doCalDelScan:L422> roc  0: caldel = 150 eff = 0.999639
[16:19:33.196]    DEBUG: <PixTestHighRate.cc/doCalDelScan:L422> roc  1: caldel = 171 eff = 0.999736
[16:19:33.196]    DEBUG: <PixTestHighRate.cc/doCalDelScan:L422> roc  2: caldel = 183 eff = 0.999207
[16:19:33.197]    DEBUG: <PixTestHighRate.cc/doCalDelScan:L422> roc  3: caldel = 160 eff = 0.998534
[16:19:33.197]    DEBUG: <PixTestHighRate.cc/doCalDelScan:L422> roc  4: caldel = 151 eff = 0.998221
[16:19:33.197]    DEBUG: <PixTestHighRate.cc/doCalDelScan:L422> roc  5: caldel = 151 eff = 0.998582
[16:19:33.197]    DEBUG: <PixTestHighRate.cc/doCalDelScan:L422> roc  6: caldel = 154 eff = 0.99851
[16:19:33.198]    DEBUG: <PixTestHighRate.cc/doCalDelScan:L422> roc  7: caldel = 168 eff = 0.998582
[16:19:33.198]    DEBUG: <PixTestHighRate.cc/doCalDelScan:L422> roc  8: caldel = 152 eff = 0.99863
[16:19:33.198]    DEBUG: <PixTestHighRate.cc/doCalDelScan:L422> roc  9: caldel = 158 eff = 0.998221
[16:19:33.198]    DEBUG: <PixTestHighRate.cc/doCalDelScan:L422> roc 10: caldel = 148 eff = 0.998413
[16:19:33.199]    DEBUG: <PixTestHighRate.cc/doCalDelScan:L422> roc 11: caldel = 157 eff = 0.998774
[16:19:33.199]    DEBUG: <PixTestHighRate.cc/doCalDelScan:L422> roc 12: caldel = 151 eff = 0.998317
[16:19:33.199]    DEBUG: <PixTestHighRate.cc/doCalDelScan:L422> roc 13: caldel = 168 eff = 0.99899
[16:19:33.199]    DEBUG: <PixTestHighRate.cc/doCalDelScan:L422> roc 14: caldel = 169 eff = 0.99976
[16:19:33.200]    DEBUG: <PixTestHighRate.cc/doCalDelScan:L422> roc 15: caldel = 150 eff = 0.999495
[16:19:55.896]    DEBUG: <PixTab.cc/buttonClicked:L308> xxxPressed():  xpixelalive
[16:19:55.896]    DEBUG: <PixTestHighRate.cc/runCommand:L157> running command: xpixelalive
[16:19:55.896]     INFO:    ----------------------------------------------------------------------
[16:19:55.896]     INFO:    PixTestHighRate::xPixelAlive() ntrig = 50, vcal = 200
[16:19:55.896]     INFO:    ----------------------------------------------------------------------
[16:19:55.897]    DEBUG: <PixTestHighRate.cc/doXPixelAlive:L451>  old set: clk: 4
[16:19:55.897]    DEBUG: <PixTestHighRate.cc/doXPixelAlive:L451>  old set: ctr: 4
[16:19:55.897]    DEBUG: <PixTestHighRate.cc/doXPixelAlive:L451>  old set: sda: 19
[16:19:55.897]    DEBUG: <PixTestHighRate.cc/doXPixelAlive:L451>  old set: tin: 9
[16:19:55.897]    DEBUG: <PixTestHighRate.cc/doXPixelAlive:L451>  old set: level: 15
[16:19:55.897]    DEBUG: <PixTestHighRate.cc/doXPixelAlive:L451>  old set: triggerdelay: 0
[16:19:55.897]    DEBUG: <PixTestHighRate.cc/doXPixelAlive:L467>  setting: clk: 4
[16:19:55.897]    DEBUG: <PixTestHighRate.cc/doXPixelAlive:L467>  setting: ctr: 4
[16:19:55.897]    DEBUG: <PixTestHighRate.cc/doXPixelAlive:L467>  setting: sda: 19
[16:19:55.897]    DEBUG: <PixTestHighRate.cc/doXPixelAlive:L467>  setting: tin: 9
[16:19:55.897]    DEBUG: <PixTestHighRate.cc/doXPixelAlive:L467>  setting: level: 15
[16:19:55.897]    DEBUG: <PixTestHighRate.cc/doXPixelAlive:L467>  setting: triggerdelay: 20
[16:19:55.940]     INFO: ROC 7 masking pixel 38/75
[16:19:55.940]    DEBUG: <PixTest.cc/efficiencyMaps:L396>       attempt #0
[16:19:56.613]     INFO: Expecting 208000 events.
[16:20:10.640]     INFO: 208000 events read in total (13500ms).
[16:20:10.655]     INFO: Test took 14715ms.
[16:20:11.098]     INFO: Fetched DAQ statistics. Counters are being reset now.
[16:20:11.098]    DEBUG: <PixTest.cc/efficiencyMaps:L407>  eff result size = 2482070
[16:20:11.098]    DEBUG: <PixTest.cc/efficiencyMaps:L412> Create hists highRate_C0 .. highRate_C15
[16:20:11.099]    DEBUG: <PixTest.cc/efficiencyMaps:L426> booking xray maps for unmasked detector
[16:20:11.497]     INFO: number of dead pixels (per ROC):     0    0    0    0    1    0    0    1    0    0    0    0    0    0    0    0
[16:20:11.497]     INFO: number of red-efficiency pixels:   115   86  200  318  337  335  323  306  368  372  372  292  335  215   83  116
[16:20:11.497]     INFO: number of X-ray hits detected:    84569 68568 119255 181912 184189 181633 183086 167438 184129 207285 198095 177410 190153 131298 70589 85903
[16:20:11.497]     INFO: number of triggers sent (total per ROC):  208000 208000 208000 208000 208000 208000 208000 208000 208000 208000 208000 208000 208000 208000 208000 208000
[16:20:11.497]     INFO: number of Vcal hits detected:  207883 207914 207784 207668 207598 207644 207655 207624 207608 207606 207609 207692 207647 207754 207915 207882
[16:20:11.497]     INFO: Vcal hit fiducial efficiency (%):  99.9 100.0 99.9 99.9 99.8 99.8 99.9 99.9 99.8 99.8 99.8 99.9 99.8 99.9 100.0 99.9
[16:20:11.497]     INFO: Vcal hit overall efficiency (%):  99.9 100.0 99.9 99.8 99.8 99.8 99.8 99.8 99.8 99.8 99.8 99.9 99.8 99.9 100.0 99.9
[16:20:11.497]     INFO: X-ray hit rate [MHz/cm2]:  24.8 20.1 35.0 53.3 54.0 53.2 53.7 49.1 54.0 60.8 58.1 52.0 55.7 38.5 20.7 25.2
[16:20:11.497]     INFO: PixTestHighRate::doXPixelAlive() done
[16:20:11.542]    DEBUG: <PixTestHighRate.cc/doXPixelAlive:L586>  resetting: clk: 4
[16:20:11.542]    DEBUG: <PixTestHighRate.cc/doXPixelAlive:L586>  resetting: ctr: 4
[16:20:11.542]    DEBUG: <PixTestHighRate.cc/doXPixelAlive:L586>  resetting: sda: 19
[16:20:11.542]    DEBUG: <PixTestHighRate.cc/doXPixelAlive:L586>  resetting: tin: 9
[16:20:11.542]    DEBUG: <PixTestHighRate.cc/doXPixelAlive:L586>  resetting: level: 15
[16:20:11.542]    DEBUG: <PixTestHighRate.cc/doXPixelAlive:L586>  resetting: triggerdelay: 0
[16:20:11.542]     INFO: PixTest::       pg_setup set to default.
[16:20:26.576]    DEBUG: <PixTest.cc/moduleMap:L1029> moduleMap histname: what
[16:20:26.576]    DEBUG: <PixTest.cc/moduleMap:L1039> h1->GetName() = highRate_xraymap_C13_V0 -> highRate_xraymap_mod
[16:20:29.136]    DEBUG: <PixGui.cc/handleButtons:L396> PixGui::exit called
[16:20:29.137]    DEBUG: <PixGui.cc/CloseWindow:L335> Final Analog Current: 392.3mA
[16:20:29.138]    DEBUG: <PixGui.cc/CloseWindow:L336> Final Digital Current: 469.5mA
[16:20:29.138]    DEBUG: <PixGui.cc/CloseWindow:L337> Final Module Temperature: 22.0 C
[16:20:29.138]    DEBUG: <PixTestBBMap.cc/~PixTestBBMap:L97> PixTestBBMap dtor
[16:20:29.138]    DEBUG: <PixTestBB2Map.cc/~PixTestBB2Map:L115> PixTestBB2Map dtor
[16:20:29.138]    DEBUG: <PixTestBB3Map.cc/~PixTestBB3Map:L99> PixTestBB3Map dtor
[16:20:29.138]    DEBUG: <PixTestBB4Map.cc/~PixTestBB4Map:L118> PixTestBB4Map dtor
[16:20:29.138]    DEBUG: <PixTestCmd.cc/~PixTestCmd:L78> PixTestCmd dtor
[16:20:29.138]    DEBUG: <PixTestDaq.cc/~PixTestDaq:L37> PixTestDaq dtor
[16:20:29.138]    DEBUG: <PixTestDacDacScan.cc/~PixTestDacDacScan:L136> PixTestDacDacScan dtor
[16:20:29.138]    DEBUG: <PixTestDacScan.cc/~PixTestDacScan:L129> PixTestDacScan dtor
[16:20:29.138]    DEBUG: <PixTestGainPedestal.cc/~PixTestGainPedestal:L125> PixTestGainPedestal dtor
[16:20:29.138]    DEBUG: <PixTestHighRate.cc/~PixTestHighRate:L245> PixTestHighRate dtor
[16:20:29.235]    DEBUG: <PixTestIV.cc/~PixTestIV:L96> PixTestIV dtor
[16:20:29.235]    DEBUG: <PixTestAlive.cc/~PixTestAlive:L109> PixTestAlive dtor
[16:20:29.235]    DEBUG: <PixTestPretest.cc/~PixTestPretest:L136> PixTestPretest dtor
[16:20:29.235]    DEBUG: <PixTestReadback.cc/~PixTestReadback:L89> PixTestReadback dtor, saving tree ... 
[16:20:29.235]    DEBUG: <PixTestScurves.cc/~PixTestScurves:L142> PixTestScurves dtor
[16:20:29.235]    DEBUG: <PixTestTiming.cc/~PixTestTiming:L97> PixTestTiming dtor
[16:20:29.235]    DEBUG: <PixTestTrim.cc/~PixTestTrim:L103> PixTestTrim dtor
[16:20:29.235]    DEBUG: <PixTestXray.cc/~PixTestXray:L217> PixTestXray dtor
[16:20:29.238]    QUIET: Connection to board 58 closed.
[16:20:29.318]    DEBUG: <PixMonitor.cc/dumpSummaries:L39> PixMonitor::dumpSummaries
