[16:12:40.970]     INFO: *** Welcome to pxar ***
[16:12:40.970]     INFO: *** Today: 2016/02/09
[16:12:40.986]     INFO: *** Version: prod-12-105-g46f2
[16:12:40.986]     INFO: readRocDacs: ./data/mg326/dacParameters35_C0.dat .. ./data/mg326/dacParameters35_C15.dat
[16:12:40.987]     INFO: readTbmDacs: ./data/mg326/tbmParameters_C0a.dat .. ./data/mg326/tbmParameters_C0b.dat
[16:12:40.988]     INFO: readMaskFile: ./data/mg326/defaultMaskFile.dat
[16:12:40.988]     INFO: MASKED Roc 7 col/row: 38 75
[16:12:40.988]     INFO: readTrimFile: ./data/mg326/trimParameters35_C0.dat .. ./data/mg326/trimParameters35_C15.dat
[16:12:41.057]     INFO:   masking Roc 7 col/row: 38 75
[16:12:41.144]     INFO:         clk: 4
[16:12:41.144]     INFO:         ctr: 4
[16:12:41.144]     INFO:         sda: 19
[16:12:41.144]     INFO:         tin: 9
[16:12:41.144]     INFO:         level: 15
[16:12:41.144]     INFO:         triggerdelay: 0
[16:12:41.144]    QUIET: Instanciating API for pxar prod-12
[16:12:41.144]     INFO: Log level: DEBUG
[16:12:41.155]    QUIET: Connection to board DTB_WRPRHI opened.
[16:12:41.159]     INFO: DTB startup information
--- DTB info------------------------------------------
Board id:    58
HW version:  DTB1.2
FW version:  4.2
SW version:  4.5
USB id:      DTB_WRPRHI
MAC address: 40D85511803A
Hostname:    pixelDTB058
Comment:     
------------------------------------------------------
[16:12:41.161]     INFO: RPC call hashes of host and DTB match: 398089610
[16:12:42.764]     INFO: DUT info: 
[16:12:42.764]     INFO: The DUT currently contains the following objects:
[16:12:42.764]     INFO:  2 TBM Cores tbm08c (2 ON)
[16:12:42.764]     INFO: 	TBM Core alpha (0): 7 registers set
[16:12:42.764]     INFO: 	TBM Core beta  (1): 7 registers set
[16:12:42.764]     INFO: 16 ROCs psi46digv21respin (16 ON) with 4160 pixelConfigs
[16:12:42.764]     INFO: 	ROC 0: 19 DACs set, Pixels: 0 masked, 0 active.
[16:12:42.764]     INFO: 	ROC 1: 19 DACs set, Pixels: 0 masked, 0 active.
[16:12:42.764]     INFO: 	ROC 2: 19 DACs set, Pixels: 0 masked, 0 active.
[16:12:42.764]     INFO: 	ROC 3: 19 DACs set, Pixels: 0 masked, 0 active.
[16:12:42.764]     INFO: 	ROC 4: 19 DACs set, Pixels: 0 masked, 0 active.
[16:12:42.764]     INFO: 	ROC 5: 19 DACs set, Pixels: 0 masked, 0 active.
[16:12:42.764]     INFO: 	ROC 6: 19 DACs set, Pixels: 0 masked, 0 active.
[16:12:42.764]     INFO: 	ROC 7: 19 DACs set, Pixels: 1 masked, 0 active.
[16:12:42.764]     INFO: 	ROC 8: 19 DACs set, Pixels: 0 masked, 0 active.
[16:12:42.764]     INFO: 	ROC 9: 19 DACs set, Pixels: 0 masked, 0 active.
[16:12:42.764]     INFO: 	ROC 10: 19 DACs set, Pixels: 0 masked, 0 active.
[16:12:42.764]     INFO: 	ROC 11: 19 DACs set, Pixels: 0 masked, 0 active.
[16:12:42.764]     INFO: 	ROC 12: 19 DACs set, Pixels: 0 masked, 0 active.
[16:12:42.764]     INFO: 	ROC 13: 19 DACs set, Pixels: 0 masked, 0 active.
[16:12:42.764]     INFO: 	ROC 14: 19 DACs set, Pixels: 0 masked, 0 active.
[16:12:42.764]     INFO: 	ROC 15: 19 DACs set, Pixels: 0 masked, 0 active.
[16:12:42.765]    DEBUG: <PixTestParameters.cc/dump:L104> PixTestParameters: ->BB<-
[16:12:42.765]    DEBUG: <PixTestParameters.cc/dump:L107>   dumpall: checkbox(0)
[16:12:42.765]    DEBUG: <PixTestParameters.cc/dump:L107>   dumpproblematic: checkbox(0)
[16:12:42.765]    DEBUG: <PixTestParameters.cc/dump:L107>   ntrig: 5
[16:12:42.765]    DEBUG: <PixTestParameters.cc/dump:L107>   vcals: 250
[16:12:42.765]    DEBUG: <PixTestParameters.cc/dump:L104> PixTestParameters: ->BB2<-
[16:12:42.765]    DEBUG: <PixTestParameters.cc/dump:L107>   ntrig: 10
[16:12:42.765]    DEBUG: <PixTestParameters.cc/dump:L107>   vcals: 222
[16:12:42.765]    DEBUG: <PixTestParameters.cc/dump:L107>   plwidth: 35
[16:12:42.765]    DEBUG: <PixTestParameters.cc/dump:L107>   pix: 11,20
[16:12:42.765]    DEBUG: <PixTestParameters.cc/dump:L107>   targetia: 24
[16:12:42.765]    DEBUG: <PixTestParameters.cc/dump:L104> PixTestParameters: ->BB3<-
[16:12:42.765]    DEBUG: <PixTestParameters.cc/dump:L107>   dumpall: checkbox(0)
[16:12:42.765]    DEBUG: <PixTestParameters.cc/dump:L107>   dumpproblematic: checkbox(0)
[16:12:42.765]    DEBUG: <PixTestParameters.cc/dump:L107>   ntrig: 5
[16:12:42.765]    DEBUG: <PixTestParameters.cc/dump:L107>   vcals: 250
[16:12:42.765]    DEBUG: <PixTestParameters.cc/dump:L104> PixTestParameters: ->BB4<-
[16:12:42.765]    DEBUG: <PixTestParameters.cc/dump:L107>   savecaldelscan: checkbox(0)
[16:12:42.765]    DEBUG: <PixTestParameters.cc/dump:L107>   ntrig: 100
[16:12:42.765]    DEBUG: <PixTestParameters.cc/dump:L107>   cals: 1
[16:12:42.765]    DEBUG: <PixTestParameters.cc/dump:L107>   caldello: 80
[16:12:42.765]    DEBUG: <PixTestParameters.cc/dump:L107>   caldelhi: 200
[16:12:42.765]    DEBUG: <PixTestParameters.cc/dump:L107>   caldelstep: 10
[16:12:42.765]    DEBUG: <PixTestParameters.cc/dump:L107>   vthrcomplo: 70
[16:12:42.765]    DEBUG: <PixTestParameters.cc/dump:L107>   vthrcomphi: 130
[16:12:42.765]    DEBUG: <PixTestParameters.cc/dump:L107>   vthrcompstep: 5
[16:12:42.765]    DEBUG: <PixTestParameters.cc/dump:L107>   noisypixels: 10
[16:12:42.765]    DEBUG: <PixTestParameters.cc/dump:L107>   vcal: 255
[16:12:42.765]    DEBUG: <PixTestParameters.cc/dump:L107>   cut: 0.5
[16:12:42.765]    DEBUG: <PixTestParameters.cc/dump:L104> PixTestParameters: ->Cmd<-
[16:12:42.765]    DEBUG: <PixTestParameters.cc/dump:L104> PixTestParameters: ->DAQ<-
[16:12:42.765]    DEBUG: <PixTestParameters.cc/dump:L107>   delaytbm: checkbox
[16:12:42.765]    DEBUG: <PixTestParameters.cc/dump:L107>   filltree: checkbox
[16:12:42.765]    DEBUG: <PixTestParameters.cc/dump:L107>   trgfrequency(khz): 100
[16:12:42.765]    DEBUG: <PixTestParameters.cc/dump:L107>   maskhotpixels: button
[16:12:42.765]    DEBUG: <PixTestParameters.cc/dump:L107>   trgnumber: 5
[16:12:42.765]    DEBUG: <PixTestParameters.cc/dump:L107>   iterations: 10
[16:12:42.765]    DEBUG: <PixTestParameters.cc/dump:L107>   rundaqtrg: button
[16:12:42.765]    DEBUG: <PixTestParameters.cc/dump:L107>   daqseconds: 5
[16:12:42.765]    DEBUG: <PixTestParameters.cc/dump:L107>   rundaqseconds: button
[16:12:42.765]    DEBUG: <PixTestParameters.cc/dump:L104> PixTestParameters: ->DacDacScan<-
[16:12:42.765]    DEBUG: <PixTestParameters.cc/dump:L107>   phmap: checkbox
[16:12:42.765]    DEBUG: <PixTestParameters.cc/dump:L107>   ntrig: 10
[16:12:42.765]    DEBUG: <PixTestParameters.cc/dump:L107>   dac1: caldel
[16:12:42.765]    DEBUG: <PixTestParameters.cc/dump:L107>   dac1lo: 0
[16:12:42.765]    DEBUG: <PixTestParameters.cc/dump:L107>   dac1hi: 255
[16:12:42.766]    DEBUG: <PixTestParameters.cc/dump:L107>   dac2: vthrcomp
[16:12:42.766]    DEBUG: <PixTestParameters.cc/dump:L107>   dac2lo: 0
[16:12:42.766]    DEBUG: <PixTestParameters.cc/dump:L107>   dac2hi: 255
[16:12:42.766]    DEBUG: <PixTestParameters.cc/dump:L107>   pix: 11,20
[16:12:42.766]    DEBUG: <PixTestParameters.cc/dump:L104> PixTestParameters: ->DacScan<-
[16:12:42.766]    DEBUG: <PixTestParameters.cc/dump:L107>   phmap: checkbox(1)
[16:12:42.766]    DEBUG: <PixTestParameters.cc/dump:L107>   allpixels: checkbox(0)
[16:12:42.766]    DEBUG: <PixTestParameters.cc/dump:L107>   unmasked: checkbox(0)
[16:12:42.766]    DEBUG: <PixTestParameters.cc/dump:L107>   ntrig: 10
[16:12:42.766]    DEBUG: <PixTestParameters.cc/dump:L107>   dac: vcal
[16:12:42.766]    DEBUG: <PixTestParameters.cc/dump:L107>   daclo: 0
[16:12:42.766]    DEBUG: <PixTestParameters.cc/dump:L107>   dachi: 255
[16:12:42.766]    DEBUG: <PixTestParameters.cc/dump:L107>   pix: 11,20
[16:12:42.766]    DEBUG: <PixTestParameters.cc/dump:L104> PixTestParameters: ->GainPedestal<-
[16:12:42.766]    DEBUG: <PixTestParameters.cc/dump:L107>   showfits: checkbox(0)
[16:12:42.766]    DEBUG: <PixTestParameters.cc/dump:L107>   extended: checkbox(0)
[16:12:42.766]    DEBUG: <PixTestParameters.cc/dump:L107>   dumphists: checkbox(0)
[16:12:42.766]    DEBUG: <PixTestParameters.cc/dump:L107>   ntrig: 10
[16:12:42.766]    DEBUG: <PixTestParameters.cc/dump:L107>   vcalstep: 10
[16:12:42.766]    DEBUG: <PixTestParameters.cc/dump:L107>   measure: button
[16:12:42.766]    DEBUG: <PixTestParameters.cc/dump:L107>   fit: button
[16:12:42.766]    DEBUG: <PixTestParameters.cc/dump:L107>   save: button
[16:12:42.766]    DEBUG: <PixTestParameters.cc/dump:L104> PixTestParameters: ->HighRate<-
[16:12:42.766]    DEBUG: <PixTestParameters.cc/dump:L107>   pix: 11,20
[16:12:42.766]    DEBUG: <PixTestParameters.cc/dump:L107>   trimhotpixels: button
[16:12:42.766]    DEBUG: <PixTestParameters.cc/dump:L107>   trimhotpixelthr: 200
[16:12:42.766]    DEBUG: <PixTestParameters.cc/dump:L107>   runsecondshotpixels: 10
[16:12:42.766]    DEBUG: <PixTestParameters.cc/dump:L107>   savetrimbits: checkbox(1)
[16:12:42.766]    DEBUG: <PixTestParameters.cc/dump:L107>   maskuntrimmable: checkbox(1)
[16:12:42.766]    DEBUG: <PixTestParameters.cc/dump:L107>   maskhotpixels: button
[16:12:42.766]    DEBUG: <PixTestParameters.cc/dump:L107>   savemaskfile: checkbox(0)
[16:12:42.766]    DEBUG: <PixTestParameters.cc/dump:L107>   maskfilename: default
[16:12:42.766]    DEBUG: <PixTestParameters.cc/dump:L107>   caldelscan: button
[16:12:42.766]    DEBUG: <PixTestParameters.cc/dump:L107>   xpixelalive: button
[16:12:42.766]    DEBUG: <PixTestParameters.cc/dump:L107>   ntrig: 50
[16:12:42.766]    DEBUG: <PixTestParameters.cc/dump:L107>   vcal: 200
[16:12:42.766]    DEBUG: <PixTestParameters.cc/dump:L107>   xnoisemaps: button
[16:12:42.766]    DEBUG: <PixTestParameters.cc/dump:L107>   daclo: 0
[16:12:42.766]    DEBUG: <PixTestParameters.cc/dump:L107>   dachi: 100
[16:12:42.766]    DEBUG: <PixTestParameters.cc/dump:L107>   dacs/step: 20
[16:12:42.766]    DEBUG: <PixTestParameters.cc/dump:L107>   rundaq: button
[16:12:42.766]    DEBUG: <PixTestParameters.cc/dump:L107>   trgfrequency(khz): 20
[16:12:42.766]    DEBUG: <PixTestParameters.cc/dump:L107>   runseconds: 2
[16:12:42.766]    DEBUG: <PixTestParameters.cc/dump:L107>   triggerdelay: 20
[16:12:42.766]    DEBUG: <PixTestParameters.cc/dump:L107>   delaytbm: checkbox
[16:12:42.766]    DEBUG: <PixTestParameters.cc/dump:L107>   filltree: checkbox
[16:12:42.766]    DEBUG: <PixTestParameters.cc/dump:L104> PixTestParameters: ->IV<-
[16:12:42.766]    DEBUG: <PixTestParameters.cc/dump:L107>   port: /dev/FIXME
[16:12:42.766]    DEBUG: <PixTestParameters.cc/dump:L107>   voltagestart: 0
[16:12:42.766]    DEBUG: <PixTestParameters.cc/dump:L107>   voltagestop: 600
[16:12:42.766]    DEBUG: <PixTestParameters.cc/dump:L107>   voltagestep: 5
[16:12:42.766]    DEBUG: <PixTestParameters.cc/dump:L107>   delay: 1
[16:12:42.766]    DEBUG: <PixTestParameters.cc/dump:L107>   compliance(ua): 100
[16:12:42.766]    DEBUG: <PixTestParameters.cc/dump:L104> PixTestParameters: ->PhOptimization<-
[16:12:42.766]    DEBUG: <PixTestParameters.cc/dump:L107>   ntrig: 10
[16:12:42.766]    DEBUG: <PixTestParameters.cc/dump:L107>   safetymarginlow: 20
[16:12:42.766]    DEBUG: <PixTestParameters.cc/dump:L107>   saturationvcal: 100
[16:12:42.766]    DEBUG: <PixTestParameters.cc/dump:L107>   quantilesaturation: 0.98
[16:12:42.767]    DEBUG: <PixTestParameters.cc/dump:L104> PixTestParameters: ->PixelAlive<-
[16:12:42.767]    DEBUG: <PixTestParameters.cc/dump:L107>   ntrig: 10
[16:12:42.767]    DEBUG: <PixTestParameters.cc/dump:L107>   vcal: 200
[16:12:42.767]    DEBUG: <PixTestParameters.cc/dump:L107>   alivetest: button
[16:12:42.767]    DEBUG: <PixTestParameters.cc/dump:L107>   masktest: button
[16:12:42.767]    DEBUG: <PixTestParameters.cc/dump:L107>   addressdecodingtest: button
[16:12:42.767]    DEBUG: <PixTestParameters.cc/dump:L104> PixTestParameters: ->Pretest<-
[16:12:42.767]    DEBUG: <PixTestParameters.cc/dump:L107>   programroc: button
[16:12:42.767]    DEBUG: <PixTestParameters.cc/dump:L107>   targetia: 24
[16:12:42.767]    DEBUG: <PixTestParameters.cc/dump:L107>   setvana: button
[16:12:42.767]    DEBUG: <PixTestParameters.cc/dump:L107>   iterations: 100
[16:12:42.767]    DEBUG: <PixTestParameters.cc/dump:L107>   settimings: button
[16:12:42.767]    DEBUG: <PixTestParameters.cc/dump:L107>   findtiming: button
[16:12:42.767]    DEBUG: <PixTestParameters.cc/dump:L107>   findworkingpixel: button
[16:12:42.767]    DEBUG: <PixTestParameters.cc/dump:L107>   setvthrcompcaldel: button
[16:12:42.767]    DEBUG: <PixTestParameters.cc/dump:L107>   pix: 11,20
[16:12:42.767]    DEBUG: <PixTestParameters.cc/dump:L107>   vcal: 250
[16:12:42.767]    DEBUG: <PixTestParameters.cc/dump:L107>   deltavthrcomp: 50
[16:12:42.767]    DEBUG: <PixTestParameters.cc/dump:L107>   fraccaldel: 0.5
[16:12:42.767]    DEBUG: <PixTestParameters.cc/dump:L107>   ntrig: 5
[16:12:42.767]    DEBUG: <PixTestParameters.cc/dump:L107>   savedacs: button
[16:12:42.767]    DEBUG: <PixTestParameters.cc/dump:L104> PixTestParameters: ->Readback<-
[16:12:42.767]    DEBUG: <PixTestParameters.cc/dump:L107>   calibratevd: button
[16:12:42.767]    DEBUG: <PixTestParameters.cc/dump:L107>   calibrateva: button
[16:12:42.767]    DEBUG: <PixTestParameters.cc/dump:L107>   calibrateia: button
[16:12:42.767]    DEBUG: <PixTestParameters.cc/dump:L107>   readbackvbg: button
[16:12:42.767]    DEBUG: <PixTestParameters.cc/dump:L107>   getcalibratedvbg: button
[16:12:42.767]    DEBUG: <PixTestParameters.cc/dump:L107>   usecalvd: checkbox(1)
[16:12:42.767]    DEBUG: <PixTestParameters.cc/dump:L107>   usecalva: checkbox(0)
[16:12:42.767]    DEBUG: <PixTestParameters.cc/dump:L107>   setvana: button
[16:12:42.767]    DEBUG: <PixTestParameters.cc/dump:L104> PixTestParameters: ->Scurves<-
[16:12:42.767]    DEBUG: <PixTestParameters.cc/dump:L107>   adjustvcal: checkbox(0)
[16:12:42.767]    DEBUG: <PixTestParameters.cc/dump:L107>   dumpall: checkbox(0)
[16:12:42.767]    DEBUG: <PixTestParameters.cc/dump:L107>   dumpproblematic: checkbox(0)
[16:12:42.767]    DEBUG: <PixTestParameters.cc/dump:L107>   dumpoutputfile: checkbox(0)
[16:12:42.767]    DEBUG: <PixTestParameters.cc/dump:L107>   ntrig: 50
[16:12:42.767]    DEBUG: <PixTestParameters.cc/dump:L107>   dac: Vcal
[16:12:42.767]    DEBUG: <PixTestParameters.cc/dump:L107>   daclo: 0
[16:12:42.767]    DEBUG: <PixTestParameters.cc/dump:L107>   dachi: 200
[16:12:42.767]    DEBUG: <PixTestParameters.cc/dump:L107>   dacs/step: -1
[16:12:42.767]    DEBUG: <PixTestParameters.cc/dump:L107>   ntrig/step: -1
[16:12:42.767]    DEBUG: <PixTestParameters.cc/dump:L107>   scurves: button
[16:12:42.767]    DEBUG: <PixTestParameters.cc/dump:L104> PixTestParameters: ->Timing<-
[16:12:42.767]    DEBUG: <PixTestParameters.cc/dump:L107>   targetclk: 4
[16:12:42.767]    DEBUG: <PixTestParameters.cc/dump:L107>   ntrig: 10
[16:12:42.767]    DEBUG: <PixTestParameters.cc/dump:L107>   clocksdascan: button
[16:12:42.767]    DEBUG: <PixTestParameters.cc/dump:L107>   notokenpass: checkbox(0)
[16:12:42.767]    DEBUG: <PixTestParameters.cc/dump:L107>   phasescan: button
[16:12:42.767]    DEBUG: <PixTestParameters.cc/dump:L107>   levelscan: button
[16:12:42.767]    DEBUG: <PixTestParameters.cc/dump:L107>   tbmphasescan: button
[16:12:42.767]    DEBUG: <PixTestParameters.cc/dump:L107>   rocdelayscan: button
[16:12:42.767]    DEBUG: <PixTestParameters.cc/dump:L107>   timingtest: button
[16:12:42.767]    DEBUG: <PixTestParameters.cc/dump:L107>   saveparameters: button
[16:12:42.767]    DEBUG: <PixTestParameters.cc/dump:L104> PixTestParameters: ->Trim<-
[16:12:42.767]    DEBUG: <PixTestParameters.cc/dump:L107>   trim: button
[16:12:42.767]    DEBUG: <PixTestParameters.cc/dump:L107>   ntrig: 8
[16:12:42.767]    DEBUG: <PixTestParameters.cc/dump:L107>   vcal: 35
[16:12:42.768]    DEBUG: <PixTestParameters.cc/dump:L107>   trimbits: button
[16:12:42.768]    DEBUG: <PixTestParameters.cc/dump:L104> PixTestParameters: ->Xray<-
[16:12:42.768]    DEBUG: <PixTestParameters.cc/dump:L107>   maskhotpixels: button
[16:12:42.768]    DEBUG: <PixTestParameters.cc/dump:L107>   savemaskfile: checkbox(0)
[16:12:42.768]    DEBUG: <PixTestParameters.cc/dump:L107>   maskfilename: default
[16:12:42.768]    DEBUG: <PixTestParameters.cc/dump:L107>   source: Ag
[16:12:42.768]    DEBUG: <PixTestParameters.cc/dump:L107>   phrun: button
[16:12:42.768]    DEBUG: <PixTestParameters.cc/dump:L107>   runseconds: 100
[16:12:42.768]    DEBUG: <PixTestParameters.cc/dump:L107>   trgfrequency(khz): 100
[16:12:42.768]    DEBUG: <PixTestParameters.cc/dump:L107>   ratescan: button
[16:12:42.768]    DEBUG: <PixTestParameters.cc/dump:L107>   vthrcompmin: 10
[16:12:42.768]    DEBUG: <PixTestParameters.cc/dump:L107>   vthrcompmax: 80
[16:12:42.768]    DEBUG: <PixTestParameters.cc/dump:L107>   stepseconds: 5
[16:12:42.768]    DEBUG: <PixTestParameters.cc/dump:L107>   delaytbm: checkbox
[16:12:42.768]    DEBUG: <PixTestParameters.cc/dump:L107>   filltree: checkbox
[16:12:42.770]    DEBUG: <PixSetup.cc/init:L81> PixSetup init start; getCurrentRSS() = 31698944
[16:12:42.770]    DEBUG: <PixSetup.cc/init:L87> fPixTestParameters = 0xf2f7c0
[16:12:42.770]    DEBUG: <PixSetup.cc/init:L88>  fConfigParameters = 0xebdc40
[16:12:42.770]    DEBUG: <PixSetup.cc/init:L89>        fPxarMemory = 0x7f9445d94010
[16:12:42.770]    DEBUG: <PixSetup.cc/init:L90>         fPxarMemHi = 0x7f944bfff510
[16:12:42.770]    DEBUG: <PixSetup.cc/init:L106> PixSetup init done;  getCurrentRSS() = 31707136 fPxarMemory = 0x7f9445d94010
[16:12:42.771]    DEBUG: <pXar.cc/main:L223> Initial Analog Current: 391.5mA
[16:12:42.772]    DEBUG: <pXar.cc/main:L224> Initial Digital Current: 469.5mA
[16:12:42.772]    DEBUG: <pXar.cc/main:L225> Initial Module Temperature: 20.3 C
[16:12:43.266]    DEBUG: <PixGui.cc/hvOn:L460> HV set On: 0x1506420
[16:12:43.326]    DEBUG: <PixTestFactory.cc/PixTestFactory:L53> PixTestFactory::PixTestFactory()
[16:12:43.326]    DEBUG: <PixTestBBMap.cc/init:L79> PixTestBBMap::init()
[16:12:43.327]    DEBUG: <PixTestBBMap.cc/PixTestBBMap:L27> PixTestBBMap ctor(PixSetup &a, string, TGTab *)
[16:12:43.332]    DEBUG: <PixTestBB2Map.cc/setParameter:L58> setting fTargetIa    = 24 mA/ROC
[16:12:43.332]    DEBUG: <PixTestBB2Map.cc/init:L97> PixTestBB2Map::init()
[16:12:43.332]    DEBUG: <PixTestBB2Map.cc/PixTestBB2Map:L29> PixTestBB2Map ctor(PixSetup &a, string, TGTab *)
[16:12:43.343]    DEBUG: <PixTestBB3Map.cc/init:L81> PixTestBB3Map::init()
[16:12:43.343]    DEBUG: <PixTestBB3Map.cc/PixTestBB3Map:L29> PixTestBB3Map ctor(PixSetup &a, string, TGTab *)
[16:12:43.363]    DEBUG: <PixTestBB4Map.cc/init:L93> PixTestBB4Map::init()
[16:12:43.363]    DEBUG: <PixTestBB4Map.cc/PixTestBB4Map:L26> PixTestMapeff ctor(PixSetup &a, string, TGTab *)
[16:12:43.389]     INFO: PixTestCmd::init()
[16:12:43.402]    DEBUG: <PixTestDaq.cc/init:L44> PixTestDaq::init()
[16:12:43.402]    DEBUG: <PixTestDaq.cc/PixTestDaq:L22> PixTestDaq ctor(PixSetup &a, string, TGTab *)
[16:12:43.402]     INFO: readGainPedestalParameters ./data/mg326/phCalibrationFitErr35_C0.dat .. ./data/mg326/phCalibrationFitErr35_C15.dat
[16:12:43.648]    DEBUG: <PixTestDacDacScan.cc/init:L103> PixTestDacDacScan::init()
[16:12:43.648]    DEBUG: <PixTestDacDacScan.cc/PixTestDacDacScan:L22> PixTestDacDacScan ctor(PixSetup &a, string, TGTab *)
[16:12:43.662]    DEBUG: <PixTestGainPedestal.cc/setParameter:L83> PixTestGainPedestal::PixTest() fVcalStep = 10
[16:12:43.669]    DEBUG: <PixTestHighRate.cc/setParameter:L68>   setting fParTriggerFrequency -> 20
[16:12:43.669]    DEBUG: <PixTestHighRate.cc/init:L198> PixTestHighRate::init()
[16:12:43.669]    DEBUG: <PixTestHighRate.cc/PixTestHighRate:L31> PixTestHighRate ctor(PixSetup &a, string, TGTab *)
[16:12:43.694]    DEBUG: <PixTest.cc/setTestParameter:L637>  setting  ntrig to new value 10
[16:12:43.694]    DEBUG: <PixTestPhOptimization.cc/setParameter:L37>   setting fParNtrig  ->10<- from sval = 10
[16:12:43.694]    DEBUG: <PixTestPhOptimization.cc/setParameter:L42>   setting fSafetyMarginLow  ->20<- from sval = 20
[16:12:43.694]    DEBUG: <PixTestPhOptimization.cc/setParameter:L48>   setting fVcalMax  ->100<- from sval = 100
[16:12:43.694]    DEBUG: <PixTestPhOptimization.cc/setParameter:L53>   setting fQuantMax  ->0.98<- from sval = 0.98
[16:12:43.702]    DEBUG: <PixTestAlive.cc/init:L77> PixTestAlive::init()
[16:12:43.702]    DEBUG: <PixTestAlive.cc/PixTestAlive:L21> PixTestAlive ctor(PixSetup &a, string, TGTab *)
[16:12:43.724]    DEBUG: <PixTestReadback.cc/setParameter:L172> fCalwVd set to 1
[16:12:43.724]    DEBUG: <PixTestReadback.cc/init:L95> PixTestReadback::init()
[16:12:43.724]    DEBUG: <PixTestReadback.cc/PixTestReadback:L22> PixTestReadback ctor(PixSetup &a, string, TGTab *)
[16:12:43.724]     INFO: readReadbackCal: ./data/mg326/readbackCal_C0.dat .. ./data/mg326/readbackCal_C15.dat
[16:12:43.734]    DEBUG: <PixTestScurves.cc/setParameter:L93> set fOutputFilename = 
[16:12:43.750]    DEBUG: <PixTestTiming.cc/setParameter:L60> PixTestTiming::PixTest() targetclk = 4
[16:12:43.750]    DEBUG: <PixTestTiming.cc/setParameter:L64> PixTestTiming::PixTest() ntrig = 10
[16:12:43.750]    DEBUG: <PixTestTiming.cc/setParameter:L48> fNoTokenPass: 0
[16:12:43.751]    DEBUG: <PixTestTiming.cc/init:L74> PixTestTiming::init()
[16:12:43.763]    DEBUG: <PixTestXray.cc/init:L134> PixTestXray::init()
[16:12:43.763]    DEBUG: <PixTestXray.cc/PixTestXray:L28> PixTestXray ctor(PixSetup &a, string, TGTab *)
[16:12:47.512]    DEBUG: <PixTab.cc/buttonClicked:L308> xxxPressed():  caldelscan
[16:12:47.512]    DEBUG: <PixTestHighRate.cc/runCommand:L157> running command: caldelscan
[16:12:47.512]     INFO:    ----------------------------------------------------------------------
[16:12:47.512]     INFO:    PixTestHighRate::calDelScan() ntrig = 10, vcal = 200
[16:12:47.512]     INFO:    ----------------------------------------------------------------------
[16:12:47.653]     INFO: Expecting 768 events.
[16:12:48.791]     INFO: 768 events read in total (420ms).
[16:12:48.980]     INFO: Test took 1462ms.
[16:12:48.983]     INFO: ROC 7 masking pixel 38/75
[16:12:48.986]    DEBUG: <PixTest.cc/efficiencyMaps:L396>       attempt #0
[16:12:49.656]     INFO: Expecting 41600 events.
[16:12:53.516]     INFO: 41600 events read in total (3333ms).
[16:12:53.522]     INFO: Test took 4536ms.
[16:12:53.676]     INFO: Fetched DAQ statistics. Counters are being reset now.
[16:12:53.676]    DEBUG: <PixTest.cc/efficiencyMaps:L407>  eff result size = 903026
[16:12:53.676]    DEBUG: <PixTest.cc/efficiencyMaps:L412> Create hists HR_xeff_CalDelScan_step0_C0 .. HR_xeff_CalDelScan_step0_C15
[16:12:53.676]    DEBUG: <PixTest.cc/efficiencyMaps:L426> booking xray maps for unmasked detector
[16:12:53.744]    DEBUG: <PixTest.cc/efficiencyMaps:L396>       attempt #0
[16:12:54.411]     INFO: Expecting 41600 events.
[16:12:58.375]     INFO: 41600 events read in total (3437ms).
[16:12:58.380]     INFO: Test took 4636ms.
[16:12:58.529]     INFO: Fetched DAQ statistics. Counters are being reset now.
[16:12:58.529]    DEBUG: <PixTest.cc/efficiencyMaps:L407>  eff result size = 913536
[16:12:58.529]    DEBUG: <PixTest.cc/efficiencyMaps:L412> Create hists HR_xeff_CalDelScan_step1_C0 .. HR_xeff_CalDelScan_step1_C15
[16:12:58.530]    DEBUG: <PixTest.cc/efficiencyMaps:L426> booking xray maps for unmasked detector
[16:12:58.599]    DEBUG: <PixTest.cc/efficiencyMaps:L396>       attempt #0
[16:12:59.264]     INFO: Expecting 41600 events.
[16:13:03.272]     INFO: 41600 events read in total (3481ms).
[16:13:03.277]     INFO: Test took 4678ms.
[16:13:03.423]     INFO: Fetched DAQ statistics. Counters are being reset now.
[16:13:03.423]    DEBUG: <PixTest.cc/efficiencyMaps:L407>  eff result size = 915613
[16:13:03.423]    DEBUG: <PixTest.cc/efficiencyMaps:L412> Create hists HR_xeff_CalDelScan_step2_C0 .. HR_xeff_CalDelScan_step2_C15
[16:13:03.423]    DEBUG: <PixTest.cc/efficiencyMaps:L426> booking xray maps for unmasked detector
[16:13:03.492]    DEBUG: <PixTest.cc/efficiencyMaps:L396>       attempt #0
[16:13:04.157]     INFO: Expecting 41600 events.
[16:13:08.169]     INFO: 41600 events read in total (3485ms).
[16:13:08.174]     INFO: Test took 4682ms.
[16:13:08.325]     INFO: Fetched DAQ statistics. Counters are being reset now.
[16:13:08.325]    DEBUG: <PixTest.cc/efficiencyMaps:L407>  eff result size = 914627
[16:13:08.325]    DEBUG: <PixTest.cc/efficiencyMaps:L412> Create hists HR_xeff_CalDelScan_step3_C0 .. HR_xeff_CalDelScan_step3_C15
[16:13:08.325]    DEBUG: <PixTest.cc/efficiencyMaps:L426> booking xray maps for unmasked detector
[16:13:08.396]    DEBUG: <PixTest.cc/efficiencyMaps:L396>       attempt #0
[16:13:09.061]     INFO: Expecting 41600 events.
[16:13:13.076]     INFO: 41600 events read in total (3488ms).
[16:13:13.082]     INFO: Test took 4686ms.
[16:13:13.230]     INFO: Fetched DAQ statistics. Counters are being reset now.
[16:13:13.230]    DEBUG: <PixTest.cc/efficiencyMaps:L407>  eff result size = 912381
[16:13:13.230]    DEBUG: <PixTest.cc/efficiencyMaps:L412> Create hists HR_xeff_CalDelScan_step4_C0 .. HR_xeff_CalDelScan_step4_C15
[16:13:13.231]    DEBUG: <PixTest.cc/efficiencyMaps:L426> booking xray maps for unmasked detector
[16:13:13.299]    DEBUG: <PixTest.cc/efficiencyMaps:L396>       attempt #0
[16:13:13.964]     INFO: Expecting 41600 events.
[16:13:17.996]     INFO: 41600 events read in total (3505ms).
[16:13:18.001]     INFO: Test took 4702ms.
[16:13:18.156]     INFO: Fetched DAQ statistics. Counters are being reset now.
[16:13:18.156]    DEBUG: <PixTest.cc/efficiencyMaps:L407>  eff result size = 916643
[16:13:18.157]    DEBUG: <PixTest.cc/efficiencyMaps:L412> Create hists HR_xeff_CalDelScan_step5_C0 .. HR_xeff_CalDelScan_step5_C15
[16:13:18.157]    DEBUG: <PixTest.cc/efficiencyMaps:L426> booking xray maps for unmasked detector
[16:13:18.229]    DEBUG: <PixTest.cc/efficiencyMaps:L396>       attempt #0
[16:13:18.896]     INFO: Expecting 41600 events.
[16:13:22.949]     INFO: 41600 events read in total (3526ms).
[16:13:22.954]     INFO: Test took 4725ms.
[16:13:23.104]     INFO: Fetched DAQ statistics. Counters are being reset now.
[16:13:23.104]    DEBUG: <PixTest.cc/efficiencyMaps:L407>  eff result size = 915720
[16:13:23.104]    DEBUG: <PixTest.cc/efficiencyMaps:L412> Create hists HR_xeff_CalDelScan_step6_C0 .. HR_xeff_CalDelScan_step6_C15
[16:13:23.105]    DEBUG: <PixTest.cc/efficiencyMaps:L426> booking xray maps for unmasked detector
[16:13:23.174]    DEBUG: <PixTest.cc/efficiencyMaps:L396>       attempt #0
[16:13:23.839]     INFO: Expecting 41600 events.
[16:13:27.878]     INFO: 41600 events read in total (3512ms).
[16:13:27.883]     INFO: Test took 4709ms.
[16:13:28.031]     INFO: Fetched DAQ statistics. Counters are being reset now.
[16:13:28.031]    DEBUG: <PixTest.cc/efficiencyMaps:L407>  eff result size = 914825
[16:13:28.031]    DEBUG: <PixTest.cc/efficiencyMaps:L412> Create hists HR_xeff_CalDelScan_step7_C0 .. HR_xeff_CalDelScan_step7_C15
[16:13:28.032]    DEBUG: <PixTest.cc/efficiencyMaps:L426> booking xray maps for unmasked detector
[16:13:28.101]    DEBUG: <PixTest.cc/efficiencyMaps:L396>       attempt #0
[16:13:28.766]     INFO: Expecting 41600 events.
[16:13:32.810]     INFO: 41600 events read in total (3517ms).
[16:13:32.815]     INFO: Test took 4714ms.
[16:13:32.963]     INFO: Fetched DAQ statistics. Counters are being reset now.
[16:13:32.964]    DEBUG: <PixTest.cc/efficiencyMaps:L407>  eff result size = 913960
[16:13:32.964]    DEBUG: <PixTest.cc/efficiencyMaps:L412> Create hists HR_xeff_CalDelScan_step8_C0 .. HR_xeff_CalDelScan_step8_C15
[16:13:32.964]    DEBUG: <PixTest.cc/efficiencyMaps:L426> booking xray maps for unmasked detector
[16:13:33.033]    DEBUG: <PixTest.cc/efficiencyMaps:L396>       attempt #0
[16:13:33.698]     INFO: Expecting 41600 events.
[16:13:37.712]     INFO: 41600 events read in total (3487ms).
[16:13:37.717]     INFO: Test took 4684ms.
[16:13:37.871]     INFO: Fetched DAQ statistics. Counters are being reset now.
[16:13:37.871]    DEBUG: <PixTest.cc/efficiencyMaps:L407>  eff result size = 914096
[16:13:37.871]    DEBUG: <PixTest.cc/efficiencyMaps:L412> Create hists HR_xeff_CalDelScan_step9_C0 .. HR_xeff_CalDelScan_step9_C15
[16:13:37.871]    DEBUG: <PixTest.cc/efficiencyMaps:L426> booking xray maps for unmasked detector
[16:13:37.938]    DEBUG: <PixTest.cc/efficiencyMaps:L396>       attempt #0
[16:13:38.603]     INFO: Expecting 41600 events.
[16:13:42.644]     INFO: 41600 events read in total (3514ms).
[16:13:42.650]     INFO: Test took 4712ms.
[16:13:42.803]     INFO: Fetched DAQ statistics. Counters are being reset now.
[16:13:42.803]    DEBUG: <PixTest.cc/efficiencyMaps:L407>  eff result size = 915252
[16:13:42.803]    DEBUG: <PixTest.cc/efficiencyMaps:L412> Create hists HR_xeff_CalDelScan_step10_C0 .. HR_xeff_CalDelScan_step10_C15
[16:13:42.804]    DEBUG: <PixTest.cc/efficiencyMaps:L426> booking xray maps for unmasked detector
[16:13:42.870]    DEBUG: <PixTest.cc/efficiencyMaps:L396>       attempt #0
[16:13:43.536]     INFO: Expecting 41600 events.
[16:13:47.564]     INFO: 41600 events read in total (3501ms).
[16:13:47.569]     INFO: Test took 4700ms.
[16:13:47.718]     INFO: Fetched DAQ statistics. Counters are being reset now.
[16:13:47.718]    DEBUG: <PixTest.cc/efficiencyMaps:L407>  eff result size = 915427
[16:13:47.718]    DEBUG: <PixTest.cc/efficiencyMaps:L412> Create hists HR_xeff_CalDelScan_step11_C0 .. HR_xeff_CalDelScan_step11_C15
[16:13:47.719]    DEBUG: <PixTest.cc/efficiencyMaps:L426> booking xray maps for unmasked detector
[16:13:47.788]    DEBUG: <PixTest.cc/efficiencyMaps:L396>       attempt #0
[16:13:48.453]     INFO: Expecting 41600 events.
[16:13:52.507]     INFO: 41600 events read in total (3527ms).
[16:13:52.513]     INFO: Test took 4725ms.
[16:13:52.664]     INFO: Fetched DAQ statistics. Counters are being reset now.
[16:13:52.664]    DEBUG: <PixTest.cc/efficiencyMaps:L407>  eff result size = 914961
[16:13:52.664]    DEBUG: <PixTest.cc/efficiencyMaps:L412> Create hists HR_xeff_CalDelScan_step12_C0 .. HR_xeff_CalDelScan_step12_C15
[16:13:52.665]    DEBUG: <PixTest.cc/efficiencyMaps:L426> booking xray maps for unmasked detector
[16:13:52.730]    DEBUG: <PixTest.cc/efficiencyMaps:L396>       attempt #0
[16:13:53.396]     INFO: Expecting 41600 events.
[16:13:57.441]     INFO: 41600 events read in total (3519ms).
[16:13:57.446]     INFO: Test took 4716ms.
[16:13:57.595]     INFO: Fetched DAQ statistics. Counters are being reset now.
[16:13:57.595]    DEBUG: <PixTest.cc/efficiencyMaps:L407>  eff result size = 913997
[16:13:57.595]    DEBUG: <PixTest.cc/efficiencyMaps:L412> Create hists HR_xeff_CalDelScan_step13_C0 .. HR_xeff_CalDelScan_step13_C15
[16:13:57.595]    DEBUG: <PixTest.cc/efficiencyMaps:L426> booking xray maps for unmasked detector
[16:13:57.664]    DEBUG: <PixTest.cc/efficiencyMaps:L396>       attempt #0
[16:13:58.329]     INFO: Expecting 41600 events.
[16:14:02.376]     INFO: 41600 events read in total (3520ms).
[16:14:02.382]     INFO: Test took 4718ms.
[16:14:02.530]     INFO: Fetched DAQ statistics. Counters are being reset now.
[16:14:02.530]    DEBUG: <PixTest.cc/efficiencyMaps:L407>  eff result size = 914856
[16:14:02.530]    DEBUG: <PixTest.cc/efficiencyMaps:L412> Create hists HR_xeff_CalDelScan_step14_C0 .. HR_xeff_CalDelScan_step14_C15
[16:14:02.531]    DEBUG: <PixTest.cc/efficiencyMaps:L426> booking xray maps for unmasked detector
[16:14:02.600]    DEBUG: <PixTest.cc/efficiencyMaps:L396>       attempt #0
[16:14:03.265]     INFO: Expecting 41600 events.
[16:14:07.302]     INFO: 41600 events read in total (3510ms).
[16:14:07.307]     INFO: Test took 4707ms.
[16:14:07.456]     INFO: Fetched DAQ statistics. Counters are being reset now.
[16:14:07.456]    DEBUG: <PixTest.cc/efficiencyMaps:L407>  eff result size = 913926
[16:14:07.456]    DEBUG: <PixTest.cc/efficiencyMaps:L412> Create hists HR_xeff_CalDelScan_step15_C0 .. HR_xeff_CalDelScan_step15_C15
[16:14:07.457]    DEBUG: <PixTest.cc/efficiencyMaps:L426> booking xray maps for unmasked detector
[16:14:07.526]    DEBUG: <PixTest.cc/efficiencyMaps:L396>       attempt #0
[16:14:08.191]     INFO: Expecting 41600 events.
[16:14:12.222]     INFO: 41600 events read in total (3504ms).
[16:14:12.228]     INFO: Test took 4702ms.
[16:14:12.374]     INFO: Fetched DAQ statistics. Counters are being reset now.
[16:14:12.374]    DEBUG: <PixTest.cc/efficiencyMaps:L407>  eff result size = 913702
[16:14:12.374]    DEBUG: <PixTest.cc/efficiencyMaps:L412> Create hists HR_xeff_CalDelScan_step16_C0 .. HR_xeff_CalDelScan_step16_C15
[16:14:12.375]    DEBUG: <PixTest.cc/efficiencyMaps:L426> booking xray maps for unmasked detector
[16:14:12.444]    DEBUG: <PixTest.cc/efficiencyMaps:L396>       attempt #0
[16:14:13.109]     INFO: Expecting 41600 events.
[16:14:17.150]     INFO: 41600 events read in total (3514ms).
[16:14:17.156]     INFO: Test took 4712ms.
[16:14:17.305]     INFO: Fetched DAQ statistics. Counters are being reset now.
[16:14:17.305]    DEBUG: <PixTest.cc/efficiencyMaps:L407>  eff result size = 913816
[16:14:17.305]    DEBUG: <PixTest.cc/efficiencyMaps:L412> Create hists HR_xeff_CalDelScan_step17_C0 .. HR_xeff_CalDelScan_step17_C15
[16:14:17.305]    DEBUG: <PixTest.cc/efficiencyMaps:L426> booking xray maps for unmasked detector
[16:14:17.374]    DEBUG: <PixTest.cc/efficiencyMaps:L396>       attempt #0
[16:14:18.039]     INFO: Expecting 41600 events.
[16:14:22.021]     INFO: 41600 events read in total (3455ms).
[16:14:22.027]     INFO: Test took 4653ms.
[16:14:22.174]     INFO: Fetched DAQ statistics. Counters are being reset now.
[16:14:22.174]    DEBUG: <PixTest.cc/efficiencyMaps:L407>  eff result size = 909878
[16:14:22.175]    DEBUG: <PixTest.cc/efficiencyMaps:L412> Create hists HR_xeff_CalDelScan_step18_C0 .. HR_xeff_CalDelScan_step18_C15
[16:14:22.175]    DEBUG: <PixTest.cc/efficiencyMaps:L426> booking xray maps for unmasked detector
[16:14:22.245]    DEBUG: <PixTest.cc/efficiencyMaps:L396>       attempt #0
[16:14:22.910]     INFO: Expecting 41600 events.
[16:14:26.698]     INFO: 41600 events read in total (3261ms).
[16:14:26.703]     INFO: Test took 4458ms.
[16:14:26.849]     INFO: Fetched DAQ statistics. Counters are being reset now.
[16:14:26.849]    DEBUG: <PixTest.cc/efficiencyMaps:L407>  eff result size = 901474
[16:14:26.849]    DEBUG: <PixTest.cc/efficiencyMaps:L412> Create hists HR_xeff_CalDelScan_step19_C0 .. HR_xeff_CalDelScan_step19_C15
[16:14:26.850]    DEBUG: <PixTest.cc/efficiencyMaps:L426> booking xray maps for unmasked detector
[16:14:27.140]    DEBUG: <PixTestHighRate.cc/doCalDelScan:L422> roc  0: caldel = 153 eff = 0.99899
[16:14:27.140]    DEBUG: <PixTestHighRate.cc/doCalDelScan:L422> roc  1: caldel = 162 eff = 0.999135
[16:14:27.140]    DEBUG: <PixTestHighRate.cc/doCalDelScan:L422> roc  2: caldel = 189 eff = 0.99762
[16:14:27.141]    DEBUG: <PixTestHighRate.cc/doCalDelScan:L422> roc  3: caldel = 161 eff = 0.994928
[16:14:27.141]    DEBUG: <PixTestHighRate.cc/doCalDelScan:L422> roc  4: caldel = 150 eff = 0.995409
[16:14:27.141]    DEBUG: <PixTestHighRate.cc/doCalDelScan:L422> roc  5: caldel = 160 eff = 0.996106
[16:14:27.141]    DEBUG: <PixTestHighRate.cc/doCalDelScan:L422> roc  6: caldel = 150 eff = 0.995697
[16:14:27.141]    DEBUG: <PixTestHighRate.cc/doCalDelScan:L422> roc  7: caldel = 168 eff = 0.995817
[16:14:27.141]    DEBUG: <PixTestHighRate.cc/doCalDelScan:L422> roc  8: caldel = 157 eff = 0.995577
[16:14:27.141]    DEBUG: <PixTestHighRate.cc/doCalDelScan:L422> roc  9: caldel = 155 eff = 0.993413
[16:14:27.142]    DEBUG: <PixTestHighRate.cc/doCalDelScan:L422> roc 10: caldel = 153 eff = 0.994591
[16:14:27.142]    DEBUG: <PixTestHighRate.cc/doCalDelScan:L422> roc 11: caldel = 157 eff = 0.995673
[16:14:27.142]    DEBUG: <PixTestHighRate.cc/doCalDelScan:L422> roc 12: caldel = 152 eff = 0.994688
[16:14:27.142]    DEBUG: <PixTestHighRate.cc/doCalDelScan:L422> roc 13: caldel = 161 eff = 0.996442
[16:14:27.142]    DEBUG: <PixTestHighRate.cc/doCalDelScan:L422> roc 14: caldel = 154 eff = 0.998822
[16:14:27.142]    DEBUG: <PixTestHighRate.cc/doCalDelScan:L422> roc 15: caldel = 150 eff = 0.998702
[16:14:33.600]    DEBUG: <PixTab.cc/buttonClicked:L308> xxxPressed():  xpixelalive
[16:14:33.600]    DEBUG: <PixTestHighRate.cc/runCommand:L157> running command: xpixelalive
[16:14:33.600]     INFO:    ----------------------------------------------------------------------
[16:14:33.600]     INFO:    PixTestHighRate::xPixelAlive() ntrig = 50, vcal = 200
[16:14:33.600]     INFO:    ----------------------------------------------------------------------
[16:14:33.600]    DEBUG: <PixTestHighRate.cc/doXPixelAlive:L451>  old set: clk: 4
[16:14:33.600]    DEBUG: <PixTestHighRate.cc/doXPixelAlive:L451>  old set: ctr: 4
[16:14:33.600]    DEBUG: <PixTestHighRate.cc/doXPixelAlive:L451>  old set: sda: 19
[16:14:33.600]    DEBUG: <PixTestHighRate.cc/doXPixelAlive:L451>  old set: tin: 9
[16:14:33.600]    DEBUG: <PixTestHighRate.cc/doXPixelAlive:L451>  old set: level: 15
[16:14:33.601]    DEBUG: <PixTestHighRate.cc/doXPixelAlive:L451>  old set: triggerdelay: 0
[16:14:33.601]    DEBUG: <PixTestHighRate.cc/doXPixelAlive:L467>  setting: clk: 4
[16:14:33.601]    DEBUG: <PixTestHighRate.cc/doXPixelAlive:L467>  setting: ctr: 4
[16:14:33.601]    DEBUG: <PixTestHighRate.cc/doXPixelAlive:L467>  setting: sda: 19
[16:14:33.601]    DEBUG: <PixTestHighRate.cc/doXPixelAlive:L467>  setting: tin: 9
[16:14:33.601]    DEBUG: <PixTestHighRate.cc/doXPixelAlive:L467>  setting: level: 15
[16:14:33.601]    DEBUG: <PixTestHighRate.cc/doXPixelAlive:L467>  setting: triggerdelay: 20
[16:14:33.646]     INFO: ROC 7 masking pixel 38/75
[16:14:33.647]    DEBUG: <PixTest.cc/efficiencyMaps:L396>       attempt #0
[16:14:34.318]     INFO: Expecting 208000 events.
[16:14:51.463]     INFO: 208000 events read in total (16618ms).
[16:14:51.484]     INFO: Test took 17837ms.
[16:14:52.403]     INFO: Fetched DAQ statistics. Counters are being reset now.
[16:14:52.403]    DEBUG: <PixTest.cc/efficiencyMaps:L407>  eff result size = 4246057
[16:14:52.403]    DEBUG: <PixTest.cc/efficiencyMaps:L412> Create hists highRate_C0 .. highRate_C15
[16:14:52.404]    DEBUG: <PixTest.cc/efficiencyMaps:L426> booking xray maps for unmasked detector
[16:14:52.926]     INFO: number of dead pixels (per ROC):     0    0    0    0    1    0    0    1    0    0    0    0    0    0    0    0
[16:14:52.926]     INFO: number of red-efficiency pixels:   227  221  454  831  804  800  832  837  785 1133 1006  764  969  620  250  255
[16:14:52.926]     INFO: number of X-ray hits detected:    144173 116853 201400 312928 307537 303891 311808 293917 312854 370870 350044 304957 336427 238542 127052 146246
[16:14:52.926]     INFO: number of triggers sent (total per ROC):  208000 208000 208000 208000 208000 208000 208000 208000 208000 208000 208000 208000 208000 208000 208000 208000
[16:14:52.926]     INFO: number of Vcal hits detected:  207765 207762 207479 207016 207005 207023 207044 206958 207111 206619 206807 207100 206840 207244 207734 207737
[16:14:52.926]     INFO: Vcal hit fiducial efficiency (%):  99.9 99.9 99.8 99.6 99.6 99.6 99.6 99.6 99.6 99.4 99.5 99.6 99.5 99.7 99.9 99.9
[16:14:52.926]     INFO: Vcal hit overall efficiency (%):  99.9 99.9 99.7 99.5 99.5 99.5 99.5 99.5 99.6 99.3 99.4 99.6 99.4 99.6 99.9 99.9
[16:14:52.926]     INFO: X-ray hit rate [MHz/cm2]:  42.3 34.3 59.0 91.7 90.1 89.1 91.4 86.1 91.7 108.7 102.6 89.4 98.6 69.9 37.2 42.9
[16:14:52.926]     INFO: PixTestHighRate::doXPixelAlive() done
[16:14:52.972]    DEBUG: <PixTestHighRate.cc/doXPixelAlive:L586>  resetting: clk: 4
[16:14:52.972]    DEBUG: <PixTestHighRate.cc/doXPixelAlive:L586>  resetting: ctr: 4
[16:14:52.972]    DEBUG: <PixTestHighRate.cc/doXPixelAlive:L586>  resetting: sda: 19
[16:14:52.972]    DEBUG: <PixTestHighRate.cc/doXPixelAlive:L586>  resetting: tin: 9
[16:14:52.972]    DEBUG: <PixTestHighRate.cc/doXPixelAlive:L586>  resetting: level: 15
[16:14:52.972]    DEBUG: <PixTestHighRate.cc/doXPixelAlive:L586>  resetting: triggerdelay: 0
[16:14:52.972]     INFO: PixTest::       pg_setup set to default.
[16:15:13.800]    DEBUG: <PixTest.cc/moduleMap:L1029> moduleMap histname: what
[16:15:13.800]    DEBUG: <PixTest.cc/moduleMap:L1039> h1->GetName() = highRate_xraymap_C13_V0 -> highRate_xraymap_mod
[16:15:17.520]    DEBUG: <PixGui.cc/handleButtons:L396> PixGui::exit called
[16:15:17.521]    DEBUG: <PixGui.cc/CloseWindow:L335> Final Analog Current: 392.3mA
[16:15:17.522]    DEBUG: <PixGui.cc/CloseWindow:L336> Final Digital Current: 469.5mA
[16:15:17.522]    DEBUG: <PixGui.cc/CloseWindow:L337> Final Module Temperature: 21.9 C
[16:15:17.522]    DEBUG: <PixTestBBMap.cc/~PixTestBBMap:L97> PixTestBBMap dtor
[16:15:17.522]    DEBUG: <PixTestBB2Map.cc/~PixTestBB2Map:L115> PixTestBB2Map dtor
[16:15:17.522]    DEBUG: <PixTestBB3Map.cc/~PixTestBB3Map:L99> PixTestBB3Map dtor
[16:15:17.522]    DEBUG: <PixTestBB4Map.cc/~PixTestBB4Map:L118> PixTestBB4Map dtor
[16:15:17.522]    DEBUG: <PixTestCmd.cc/~PixTestCmd:L78> PixTestCmd dtor
[16:15:17.522]    DEBUG: <PixTestDaq.cc/~PixTestDaq:L37> PixTestDaq dtor
[16:15:17.522]    DEBUG: <PixTestDacDacScan.cc/~PixTestDacDacScan:L136> PixTestDacDacScan dtor
[16:15:17.522]    DEBUG: <PixTestDacScan.cc/~PixTestDacScan:L129> PixTestDacScan dtor
[16:15:17.522]    DEBUG: <PixTestGainPedestal.cc/~PixTestGainPedestal:L125> PixTestGainPedestal dtor
[16:15:17.522]    DEBUG: <PixTestHighRate.cc/~PixTestHighRate:L245> PixTestHighRate dtor
[16:15:17.621]    DEBUG: <PixTestIV.cc/~PixTestIV:L96> PixTestIV dtor
[16:15:17.622]    DEBUG: <PixTestAlive.cc/~PixTestAlive:L109> PixTestAlive dtor
[16:15:17.622]    DEBUG: <PixTestPretest.cc/~PixTestPretest:L136> PixTestPretest dtor
[16:15:17.622]    DEBUG: <PixTestReadback.cc/~PixTestReadback:L89> PixTestReadback dtor, saving tree ... 
[16:15:17.622]    DEBUG: <PixTestScurves.cc/~PixTestScurves:L142> PixTestScurves dtor
[16:15:17.622]    DEBUG: <PixTestTiming.cc/~PixTestTiming:L97> PixTestTiming dtor
[16:15:17.622]    DEBUG: <PixTestTrim.cc/~PixTestTrim:L103> PixTestTrim dtor
[16:15:17.622]    DEBUG: <PixTestXray.cc/~PixTestXray:L217> PixTestXray dtor
[16:15:17.624]    QUIET: Connection to board 58 closed.
[16:15:17.703]    DEBUG: <PixMonitor.cc/dumpSummaries:L39> PixMonitor::dumpSummaries
