[16:09:07.747]     INFO: *** Welcome to pxar ***
[16:09:07.747]     INFO: *** Today: 2016/02/09
[16:09:07.765]     INFO: *** Version: prod-12-105-g46f2
[16:09:07.765]     INFO: readRocDacs: ./data/mg326/dacParameters35_C0.dat .. ./data/mg326/dacParameters35_C15.dat
[16:09:07.766]     INFO: readTbmDacs: ./data/mg326/tbmParameters_C0a.dat .. ./data/mg326/tbmParameters_C0b.dat
[16:09:07.766]     INFO: readMaskFile: ./data/mg326/defaultMaskFile.dat
[16:09:07.766]     INFO: MASKED Roc 7 col/row: 38 75
[16:09:07.766]     INFO: readTrimFile: ./data/mg326/trimParameters35_C0.dat .. ./data/mg326/trimParameters35_C15.dat
[16:09:07.835]     INFO:   masking Roc 7 col/row: 38 75
[16:09:07.922]     INFO:         clk: 4
[16:09:07.922]     INFO:         ctr: 4
[16:09:07.922]     INFO:         sda: 19
[16:09:07.922]     INFO:         tin: 9
[16:09:07.922]     INFO:         level: 15
[16:09:07.922]     INFO:         triggerdelay: 0
[16:09:07.922]    QUIET: Instanciating API for pxar prod-12
[16:09:07.922]     INFO: Log level: DEBUG
[16:09:07.933]    QUIET: Connection to board DTB_WRPRHI opened.
[16:09:07.936]     INFO: DTB startup information
--- DTB info------------------------------------------
Board id:    58
HW version:  DTB1.2
FW version:  4.2
SW version:  4.5
USB id:      DTB_WRPRHI
MAC address: 40D85511803A
Hostname:    pixelDTB058
Comment:     
------------------------------------------------------
[16:09:07.938]     INFO: RPC call hashes of host and DTB match: 398089610
[16:09:09.542]     INFO: DUT info: 
[16:09:09.542]     INFO: The DUT currently contains the following objects:
[16:09:09.542]     INFO:  2 TBM Cores tbm08c (2 ON)
[16:09:09.542]     INFO: 	TBM Core alpha (0): 7 registers set
[16:09:09.542]     INFO: 	TBM Core beta  (1): 7 registers set
[16:09:09.542]     INFO: 16 ROCs psi46digv21respin (16 ON) with 4160 pixelConfigs
[16:09:09.542]     INFO: 	ROC 0: 19 DACs set, Pixels: 0 masked, 0 active.
[16:09:09.542]     INFO: 	ROC 1: 19 DACs set, Pixels: 0 masked, 0 active.
[16:09:09.542]     INFO: 	ROC 2: 19 DACs set, Pixels: 0 masked, 0 active.
[16:09:09.542]     INFO: 	ROC 3: 19 DACs set, Pixels: 0 masked, 0 active.
[16:09:09.542]     INFO: 	ROC 4: 19 DACs set, Pixels: 0 masked, 0 active.
[16:09:09.542]     INFO: 	ROC 5: 19 DACs set, Pixels: 0 masked, 0 active.
[16:09:09.542]     INFO: 	ROC 6: 19 DACs set, Pixels: 0 masked, 0 active.
[16:09:09.542]     INFO: 	ROC 7: 19 DACs set, Pixels: 1 masked, 0 active.
[16:09:09.542]     INFO: 	ROC 8: 19 DACs set, Pixels: 0 masked, 0 active.
[16:09:09.542]     INFO: 	ROC 9: 19 DACs set, Pixels: 0 masked, 0 active.
[16:09:09.542]     INFO: 	ROC 10: 19 DACs set, Pixels: 0 masked, 0 active.
[16:09:09.542]     INFO: 	ROC 11: 19 DACs set, Pixels: 0 masked, 0 active.
[16:09:09.542]     INFO: 	ROC 12: 19 DACs set, Pixels: 0 masked, 0 active.
[16:09:09.542]     INFO: 	ROC 13: 19 DACs set, Pixels: 0 masked, 0 active.
[16:09:09.542]     INFO: 	ROC 14: 19 DACs set, Pixels: 0 masked, 0 active.
[16:09:09.542]     INFO: 	ROC 15: 19 DACs set, Pixels: 0 masked, 0 active.
[16:09:09.543]    DEBUG: <PixTestParameters.cc/dump:L104> PixTestParameters: ->BB<-
[16:09:09.543]    DEBUG: <PixTestParameters.cc/dump:L107>   dumpall: checkbox(0)
[16:09:09.543]    DEBUG: <PixTestParameters.cc/dump:L107>   dumpproblematic: checkbox(0)
[16:09:09.543]    DEBUG: <PixTestParameters.cc/dump:L107>   ntrig: 5
[16:09:09.543]    DEBUG: <PixTestParameters.cc/dump:L107>   vcals: 250
[16:09:09.543]    DEBUG: <PixTestParameters.cc/dump:L104> PixTestParameters: ->BB2<-
[16:09:09.543]    DEBUG: <PixTestParameters.cc/dump:L107>   ntrig: 10
[16:09:09.543]    DEBUG: <PixTestParameters.cc/dump:L107>   vcals: 222
[16:09:09.543]    DEBUG: <PixTestParameters.cc/dump:L107>   plwidth: 35
[16:09:09.543]    DEBUG: <PixTestParameters.cc/dump:L107>   pix: 11,20
[16:09:09.543]    DEBUG: <PixTestParameters.cc/dump:L107>   targetia: 24
[16:09:09.543]    DEBUG: <PixTestParameters.cc/dump:L104> PixTestParameters: ->BB3<-
[16:09:09.543]    DEBUG: <PixTestParameters.cc/dump:L107>   dumpall: checkbox(0)
[16:09:09.543]    DEBUG: <PixTestParameters.cc/dump:L107>   dumpproblematic: checkbox(0)
[16:09:09.543]    DEBUG: <PixTestParameters.cc/dump:L107>   ntrig: 5
[16:09:09.543]    DEBUG: <PixTestParameters.cc/dump:L107>   vcals: 250
[16:09:09.543]    DEBUG: <PixTestParameters.cc/dump:L104> PixTestParameters: ->BB4<-
[16:09:09.543]    DEBUG: <PixTestParameters.cc/dump:L107>   savecaldelscan: checkbox(0)
[16:09:09.543]    DEBUG: <PixTestParameters.cc/dump:L107>   ntrig: 100
[16:09:09.543]    DEBUG: <PixTestParameters.cc/dump:L107>   cals: 1
[16:09:09.543]    DEBUG: <PixTestParameters.cc/dump:L107>   caldello: 80
[16:09:09.543]    DEBUG: <PixTestParameters.cc/dump:L107>   caldelhi: 200
[16:09:09.543]    DEBUG: <PixTestParameters.cc/dump:L107>   caldelstep: 10
[16:09:09.543]    DEBUG: <PixTestParameters.cc/dump:L107>   vthrcomplo: 70
[16:09:09.543]    DEBUG: <PixTestParameters.cc/dump:L107>   vthrcomphi: 130
[16:09:09.543]    DEBUG: <PixTestParameters.cc/dump:L107>   vthrcompstep: 5
[16:09:09.543]    DEBUG: <PixTestParameters.cc/dump:L107>   noisypixels: 10
[16:09:09.543]    DEBUG: <PixTestParameters.cc/dump:L107>   vcal: 255
[16:09:09.543]    DEBUG: <PixTestParameters.cc/dump:L107>   cut: 0.5
[16:09:09.543]    DEBUG: <PixTestParameters.cc/dump:L104> PixTestParameters: ->Cmd<-
[16:09:09.543]    DEBUG: <PixTestParameters.cc/dump:L104> PixTestParameters: ->DAQ<-
[16:09:09.543]    DEBUG: <PixTestParameters.cc/dump:L107>   delaytbm: checkbox
[16:09:09.543]    DEBUG: <PixTestParameters.cc/dump:L107>   filltree: checkbox
[16:09:09.543]    DEBUG: <PixTestParameters.cc/dump:L107>   trgfrequency(khz): 100
[16:09:09.544]    DEBUG: <PixTestParameters.cc/dump:L107>   maskhotpixels: button
[16:09:09.544]    DEBUG: <PixTestParameters.cc/dump:L107>   trgnumber: 5
[16:09:09.544]    DEBUG: <PixTestParameters.cc/dump:L107>   iterations: 10
[16:09:09.544]    DEBUG: <PixTestParameters.cc/dump:L107>   rundaqtrg: button
[16:09:09.544]    DEBUG: <PixTestParameters.cc/dump:L107>   daqseconds: 5
[16:09:09.544]    DEBUG: <PixTestParameters.cc/dump:L107>   rundaqseconds: button
[16:09:09.544]    DEBUG: <PixTestParameters.cc/dump:L104> PixTestParameters: ->DacDacScan<-
[16:09:09.544]    DEBUG: <PixTestParameters.cc/dump:L107>   phmap: checkbox
[16:09:09.544]    DEBUG: <PixTestParameters.cc/dump:L107>   ntrig: 10
[16:09:09.544]    DEBUG: <PixTestParameters.cc/dump:L107>   dac1: caldel
[16:09:09.544]    DEBUG: <PixTestParameters.cc/dump:L107>   dac1lo: 0
[16:09:09.544]    DEBUG: <PixTestParameters.cc/dump:L107>   dac1hi: 255
[16:09:09.544]    DEBUG: <PixTestParameters.cc/dump:L107>   dac2: vthrcomp
[16:09:09.544]    DEBUG: <PixTestParameters.cc/dump:L107>   dac2lo: 0
[16:09:09.544]    DEBUG: <PixTestParameters.cc/dump:L107>   dac2hi: 255
[16:09:09.544]    DEBUG: <PixTestParameters.cc/dump:L107>   pix: 11,20
[16:09:09.544]    DEBUG: <PixTestParameters.cc/dump:L104> PixTestParameters: ->DacScan<-
[16:09:09.544]    DEBUG: <PixTestParameters.cc/dump:L107>   phmap: checkbox(1)
[16:09:09.544]    DEBUG: <PixTestParameters.cc/dump:L107>   allpixels: checkbox(0)
[16:09:09.544]    DEBUG: <PixTestParameters.cc/dump:L107>   unmasked: checkbox(0)
[16:09:09.544]    DEBUG: <PixTestParameters.cc/dump:L107>   ntrig: 10
[16:09:09.544]    DEBUG: <PixTestParameters.cc/dump:L107>   dac: vcal
[16:09:09.544]    DEBUG: <PixTestParameters.cc/dump:L107>   daclo: 0
[16:09:09.544]    DEBUG: <PixTestParameters.cc/dump:L107>   dachi: 255
[16:09:09.544]    DEBUG: <PixTestParameters.cc/dump:L107>   pix: 11,20
[16:09:09.544]    DEBUG: <PixTestParameters.cc/dump:L104> PixTestParameters: ->GainPedestal<-
[16:09:09.544]    DEBUG: <PixTestParameters.cc/dump:L107>   showfits: checkbox(0)
[16:09:09.544]    DEBUG: <PixTestParameters.cc/dump:L107>   extended: checkbox(0)
[16:09:09.544]    DEBUG: <PixTestParameters.cc/dump:L107>   dumphists: checkbox(0)
[16:09:09.544]    DEBUG: <PixTestParameters.cc/dump:L107>   ntrig: 10
[16:09:09.544]    DEBUG: <PixTestParameters.cc/dump:L107>   vcalstep: 10
[16:09:09.544]    DEBUG: <PixTestParameters.cc/dump:L107>   measure: button
[16:09:09.544]    DEBUG: <PixTestParameters.cc/dump:L107>   fit: button
[16:09:09.544]    DEBUG: <PixTestParameters.cc/dump:L107>   save: button
[16:09:09.544]    DEBUG: <PixTestParameters.cc/dump:L104> PixTestParameters: ->HighRate<-
[16:09:09.544]    DEBUG: <PixTestParameters.cc/dump:L107>   pix: 11,20
[16:09:09.544]    DEBUG: <PixTestParameters.cc/dump:L107>   trimhotpixels: button
[16:09:09.544]    DEBUG: <PixTestParameters.cc/dump:L107>   trimhotpixelthr: 200
[16:09:09.544]    DEBUG: <PixTestParameters.cc/dump:L107>   runsecondshotpixels: 10
[16:09:09.544]    DEBUG: <PixTestParameters.cc/dump:L107>   savetrimbits: checkbox(1)
[16:09:09.544]    DEBUG: <PixTestParameters.cc/dump:L107>   maskuntrimmable: checkbox(1)
[16:09:09.544]    DEBUG: <PixTestParameters.cc/dump:L107>   maskhotpixels: button
[16:09:09.544]    DEBUG: <PixTestParameters.cc/dump:L107>   savemaskfile: checkbox(0)
[16:09:09.544]    DEBUG: <PixTestParameters.cc/dump:L107>   maskfilename: default
[16:09:09.544]    DEBUG: <PixTestParameters.cc/dump:L107>   caldelscan: button
[16:09:09.544]    DEBUG: <PixTestParameters.cc/dump:L107>   xpixelalive: button
[16:09:09.544]    DEBUG: <PixTestParameters.cc/dump:L107>   ntrig: 50
[16:09:09.544]    DEBUG: <PixTestParameters.cc/dump:L107>   vcal: 200
[16:09:09.544]    DEBUG: <PixTestParameters.cc/dump:L107>   xnoisemaps: button
[16:09:09.544]    DEBUG: <PixTestParameters.cc/dump:L107>   daclo: 0
[16:09:09.544]    DEBUG: <PixTestParameters.cc/dump:L107>   dachi: 100
[16:09:09.544]    DEBUG: <PixTestParameters.cc/dump:L107>   dacs/step: 20
[16:09:09.544]    DEBUG: <PixTestParameters.cc/dump:L107>   rundaq: button
[16:09:09.544]    DEBUG: <PixTestParameters.cc/dump:L107>   trgfrequency(khz): 20
[16:09:09.544]    DEBUG: <PixTestParameters.cc/dump:L107>   runseconds: 2
[16:09:09.544]    DEBUG: <PixTestParameters.cc/dump:L107>   triggerdelay: 20
[16:09:09.544]    DEBUG: <PixTestParameters.cc/dump:L107>   delaytbm: checkbox
[16:09:09.545]    DEBUG: <PixTestParameters.cc/dump:L107>   filltree: checkbox
[16:09:09.545]    DEBUG: <PixTestParameters.cc/dump:L104> PixTestParameters: ->IV<-
[16:09:09.545]    DEBUG: <PixTestParameters.cc/dump:L107>   port: /dev/FIXME
[16:09:09.545]    DEBUG: <PixTestParameters.cc/dump:L107>   voltagestart: 0
[16:09:09.545]    DEBUG: <PixTestParameters.cc/dump:L107>   voltagestop: 600
[16:09:09.545]    DEBUG: <PixTestParameters.cc/dump:L107>   voltagestep: 5
[16:09:09.545]    DEBUG: <PixTestParameters.cc/dump:L107>   delay: 1
[16:09:09.545]    DEBUG: <PixTestParameters.cc/dump:L107>   compliance(ua): 100
[16:09:09.545]    DEBUG: <PixTestParameters.cc/dump:L104> PixTestParameters: ->PhOptimization<-
[16:09:09.545]    DEBUG: <PixTestParameters.cc/dump:L107>   ntrig: 10
[16:09:09.545]    DEBUG: <PixTestParameters.cc/dump:L107>   safetymarginlow: 20
[16:09:09.545]    DEBUG: <PixTestParameters.cc/dump:L107>   saturationvcal: 100
[16:09:09.545]    DEBUG: <PixTestParameters.cc/dump:L107>   quantilesaturation: 0.98
[16:09:09.545]    DEBUG: <PixTestParameters.cc/dump:L104> PixTestParameters: ->PixelAlive<-
[16:09:09.545]    DEBUG: <PixTestParameters.cc/dump:L107>   ntrig: 10
[16:09:09.545]    DEBUG: <PixTestParameters.cc/dump:L107>   vcal: 200
[16:09:09.545]    DEBUG: <PixTestParameters.cc/dump:L107>   alivetest: button
[16:09:09.545]    DEBUG: <PixTestParameters.cc/dump:L107>   masktest: button
[16:09:09.545]    DEBUG: <PixTestParameters.cc/dump:L107>   addressdecodingtest: button
[16:09:09.545]    DEBUG: <PixTestParameters.cc/dump:L104> PixTestParameters: ->Pretest<-
[16:09:09.545]    DEBUG: <PixTestParameters.cc/dump:L107>   programroc: button
[16:09:09.545]    DEBUG: <PixTestParameters.cc/dump:L107>   targetia: 24
[16:09:09.545]    DEBUG: <PixTestParameters.cc/dump:L107>   setvana: button
[16:09:09.545]    DEBUG: <PixTestParameters.cc/dump:L107>   iterations: 100
[16:09:09.545]    DEBUG: <PixTestParameters.cc/dump:L107>   settimings: button
[16:09:09.545]    DEBUG: <PixTestParameters.cc/dump:L107>   findtiming: button
[16:09:09.545]    DEBUG: <PixTestParameters.cc/dump:L107>   findworkingpixel: button
[16:09:09.545]    DEBUG: <PixTestParameters.cc/dump:L107>   setvthrcompcaldel: button
[16:09:09.545]    DEBUG: <PixTestParameters.cc/dump:L107>   pix: 11,20
[16:09:09.545]    DEBUG: <PixTestParameters.cc/dump:L107>   vcal: 250
[16:09:09.545]    DEBUG: <PixTestParameters.cc/dump:L107>   deltavthrcomp: 50
[16:09:09.545]    DEBUG: <PixTestParameters.cc/dump:L107>   fraccaldel: 0.5
[16:09:09.545]    DEBUG: <PixTestParameters.cc/dump:L107>   ntrig: 5
[16:09:09.545]    DEBUG: <PixTestParameters.cc/dump:L107>   savedacs: button
[16:09:09.545]    DEBUG: <PixTestParameters.cc/dump:L104> PixTestParameters: ->Readback<-
[16:09:09.545]    DEBUG: <PixTestParameters.cc/dump:L107>   calibratevd: button
[16:09:09.545]    DEBUG: <PixTestParameters.cc/dump:L107>   calibrateva: button
[16:09:09.545]    DEBUG: <PixTestParameters.cc/dump:L107>   calibrateia: button
[16:09:09.545]    DEBUG: <PixTestParameters.cc/dump:L107>   readbackvbg: button
[16:09:09.545]    DEBUG: <PixTestParameters.cc/dump:L107>   getcalibratedvbg: button
[16:09:09.545]    DEBUG: <PixTestParameters.cc/dump:L107>   usecalvd: checkbox(1)
[16:09:09.545]    DEBUG: <PixTestParameters.cc/dump:L107>   usecalva: checkbox(0)
[16:09:09.545]    DEBUG: <PixTestParameters.cc/dump:L107>   setvana: button
[16:09:09.545]    DEBUG: <PixTestParameters.cc/dump:L104> PixTestParameters: ->Scurves<-
[16:09:09.545]    DEBUG: <PixTestParameters.cc/dump:L107>   adjustvcal: checkbox(0)
[16:09:09.545]    DEBUG: <PixTestParameters.cc/dump:L107>   dumpall: checkbox(0)
[16:09:09.545]    DEBUG: <PixTestParameters.cc/dump:L107>   dumpproblematic: checkbox(0)
[16:09:09.545]    DEBUG: <PixTestParameters.cc/dump:L107>   dumpoutputfile: checkbox(0)
[16:09:09.545]    DEBUG: <PixTestParameters.cc/dump:L107>   ntrig: 50
[16:09:09.545]    DEBUG: <PixTestParameters.cc/dump:L107>   dac: Vcal
[16:09:09.545]    DEBUG: <PixTestParameters.cc/dump:L107>   daclo: 0
[16:09:09.545]    DEBUG: <PixTestParameters.cc/dump:L107>   dachi: 200
[16:09:09.545]    DEBUG: <PixTestParameters.cc/dump:L107>   dacs/step: -1
[16:09:09.545]    DEBUG: <PixTestParameters.cc/dump:L107>   ntrig/step: -1
[16:09:09.545]    DEBUG: <PixTestParameters.cc/dump:L107>   scurves: button
[16:09:09.545]    DEBUG: <PixTestParameters.cc/dump:L104> PixTestParameters: ->Timing<-
[16:09:09.545]    DEBUG: <PixTestParameters.cc/dump:L107>   targetclk: 4
[16:09:09.545]    DEBUG: <PixTestParameters.cc/dump:L107>   ntrig: 10
[16:09:09.546]    DEBUG: <PixTestParameters.cc/dump:L107>   clocksdascan: button
[16:09:09.546]    DEBUG: <PixTestParameters.cc/dump:L107>   notokenpass: checkbox(0)
[16:09:09.546]    DEBUG: <PixTestParameters.cc/dump:L107>   phasescan: button
[16:09:09.546]    DEBUG: <PixTestParameters.cc/dump:L107>   levelscan: button
[16:09:09.546]    DEBUG: <PixTestParameters.cc/dump:L107>   tbmphasescan: button
[16:09:09.546]    DEBUG: <PixTestParameters.cc/dump:L107>   rocdelayscan: button
[16:09:09.546]    DEBUG: <PixTestParameters.cc/dump:L107>   timingtest: button
[16:09:09.546]    DEBUG: <PixTestParameters.cc/dump:L107>   saveparameters: button
[16:09:09.546]    DEBUG: <PixTestParameters.cc/dump:L104> PixTestParameters: ->Trim<-
[16:09:09.546]    DEBUG: <PixTestParameters.cc/dump:L107>   trim: button
[16:09:09.546]    DEBUG: <PixTestParameters.cc/dump:L107>   ntrig: 8
[16:09:09.546]    DEBUG: <PixTestParameters.cc/dump:L107>   vcal: 35
[16:09:09.546]    DEBUG: <PixTestParameters.cc/dump:L107>   trimbits: button
[16:09:09.546]    DEBUG: <PixTestParameters.cc/dump:L104> PixTestParameters: ->Xray<-
[16:09:09.546]    DEBUG: <PixTestParameters.cc/dump:L107>   maskhotpixels: button
[16:09:09.546]    DEBUG: <PixTestParameters.cc/dump:L107>   savemaskfile: checkbox(0)
[16:09:09.546]    DEBUG: <PixTestParameters.cc/dump:L107>   maskfilename: default
[16:09:09.546]    DEBUG: <PixTestParameters.cc/dump:L107>   source: Ag
[16:09:09.546]    DEBUG: <PixTestParameters.cc/dump:L107>   phrun: button
[16:09:09.546]    DEBUG: <PixTestParameters.cc/dump:L107>   runseconds: 100
[16:09:09.546]    DEBUG: <PixTestParameters.cc/dump:L107>   trgfrequency(khz): 100
[16:09:09.546]    DEBUG: <PixTestParameters.cc/dump:L107>   ratescan: button
[16:09:09.546]    DEBUG: <PixTestParameters.cc/dump:L107>   vthrcompmin: 10
[16:09:09.546]    DEBUG: <PixTestParameters.cc/dump:L107>   vthrcompmax: 80
[16:09:09.546]    DEBUG: <PixTestParameters.cc/dump:L107>   stepseconds: 5
[16:09:09.546]    DEBUG: <PixTestParameters.cc/dump:L107>   delaytbm: checkbox
[16:09:09.546]    DEBUG: <PixTestParameters.cc/dump:L107>   filltree: checkbox
[16:09:09.548]    DEBUG: <PixSetup.cc/init:L81> PixSetup init start; getCurrentRSS() = 30355456
[16:09:09.548]    DEBUG: <PixSetup.cc/init:L87> fPixTestParameters = 0x10657c0
[16:09:09.548]    DEBUG: <PixSetup.cc/init:L88>  fConfigParameters = 0xff3c40
[16:09:09.548]    DEBUG: <PixSetup.cc/init:L89>        fPxarMemory = 0x7f1919d94010
[16:09:09.548]    DEBUG: <PixSetup.cc/init:L90>         fPxarMemHi = 0x7f191ffff510
[16:09:09.548]    DEBUG: <PixSetup.cc/init:L106> PixSetup init done;  getCurrentRSS() = 30363648 fPxarMemory = 0x7f1919d94010
[16:09:09.549]    DEBUG: <pXar.cc/main:L223> Initial Analog Current: 391.5mA
[16:09:09.551]    DEBUG: <pXar.cc/main:L224> Initial Digital Current: 468.7mA
[16:09:09.551]    DEBUG: <pXar.cc/main:L225> Initial Module Temperature: 19.7 C
[16:09:10.049]    DEBUG: <PixGui.cc/hvOn:L460> HV set On: 0x163c420
[16:09:10.115]    DEBUG: <PixTestFactory.cc/PixTestFactory:L53> PixTestFactory::PixTestFactory()
[16:09:10.116]    DEBUG: <PixTestBBMap.cc/init:L79> PixTestBBMap::init()
[16:09:10.116]    DEBUG: <PixTestBBMap.cc/PixTestBBMap:L27> PixTestBBMap ctor(PixSetup &a, string, TGTab *)
[16:09:10.121]    DEBUG: <PixTestBB2Map.cc/setParameter:L58> setting fTargetIa    = 24 mA/ROC
[16:09:10.122]    DEBUG: <PixTestBB2Map.cc/init:L97> PixTestBB2Map::init()
[16:09:10.122]    DEBUG: <PixTestBB2Map.cc/PixTestBB2Map:L29> PixTestBB2Map ctor(PixSetup &a, string, TGTab *)
[16:09:10.133]    DEBUG: <PixTestBB3Map.cc/init:L81> PixTestBB3Map::init()
[16:09:10.133]    DEBUG: <PixTestBB3Map.cc/PixTestBB3Map:L29> PixTestBB3Map ctor(PixSetup &a, string, TGTab *)
[16:09:10.159]    DEBUG: <PixTestBB4Map.cc/init:L93> PixTestBB4Map::init()
[16:09:10.161]    DEBUG: <PixTestBB4Map.cc/PixTestBB4Map:L26> PixTestMapeff ctor(PixSetup &a, string, TGTab *)
[16:09:10.177]     INFO: PixTestCmd::init()
[16:09:10.188]    DEBUG: <PixTestDaq.cc/init:L44> PixTestDaq::init()
[16:09:10.188]    DEBUG: <PixTestDaq.cc/PixTestDaq:L22> PixTestDaq ctor(PixSetup &a, string, TGTab *)
[16:09:10.188]     INFO: readGainPedestalParameters ./data/mg326/phCalibrationFitErr35_C0.dat .. ./data/mg326/phCalibrationFitErr35_C15.dat
[16:09:10.435]    DEBUG: <PixTestDacDacScan.cc/init:L103> PixTestDacDacScan::init()
[16:09:10.435]    DEBUG: <PixTestDacDacScan.cc/PixTestDacDacScan:L22> PixTestDacDacScan ctor(PixSetup &a, string, TGTab *)
[16:09:10.451]    DEBUG: <PixTestGainPedestal.cc/setParameter:L83> PixTestGainPedestal::PixTest() fVcalStep = 10
[16:09:10.457]    DEBUG: <PixTestHighRate.cc/setParameter:L68>   setting fParTriggerFrequency -> 20
[16:09:10.457]    DEBUG: <PixTestHighRate.cc/init:L198> PixTestHighRate::init()
[16:09:10.457]    DEBUG: <PixTestHighRate.cc/PixTestHighRate:L31> PixTestHighRate ctor(PixSetup &a, string, TGTab *)
[16:09:10.480]    DEBUG: <PixTest.cc/setTestParameter:L637>  setting  ntrig to new value 10
[16:09:10.480]    DEBUG: <PixTestPhOptimization.cc/setParameter:L37>   setting fParNtrig  ->10<- from sval = 10
[16:09:10.480]    DEBUG: <PixTestPhOptimization.cc/setParameter:L42>   setting fSafetyMarginLow  ->20<- from sval = 20
[16:09:10.480]    DEBUG: <PixTestPhOptimization.cc/setParameter:L48>   setting fVcalMax  ->100<- from sval = 100
[16:09:10.480]    DEBUG: <PixTestPhOptimization.cc/setParameter:L53>   setting fQuantMax  ->0.98<- from sval = 0.98
[16:09:10.488]    DEBUG: <PixTestAlive.cc/init:L77> PixTestAlive::init()
[16:09:10.488]    DEBUG: <PixTestAlive.cc/PixTestAlive:L21> PixTestAlive ctor(PixSetup &a, string, TGTab *)
[16:09:10.510]    DEBUG: <PixTestReadback.cc/setParameter:L172> fCalwVd set to 1
[16:09:10.510]    DEBUG: <PixTestReadback.cc/init:L95> PixTestReadback::init()
[16:09:10.510]    DEBUG: <PixTestReadback.cc/PixTestReadback:L22> PixTestReadback ctor(PixSetup &a, string, TGTab *)
[16:09:10.510]     INFO: readReadbackCal: ./data/mg326/readbackCal_C0.dat .. ./data/mg326/readbackCal_C15.dat
[16:09:10.520]    DEBUG: <PixTestScurves.cc/setParameter:L93> set fOutputFilename = 
[16:09:10.528]    DEBUG: <PixTestTiming.cc/setParameter:L60> PixTestTiming::PixTest() targetclk = 4
[16:09:10.528]    DEBUG: <PixTestTiming.cc/setParameter:L64> PixTestTiming::PixTest() ntrig = 10
[16:09:10.528]    DEBUG: <PixTestTiming.cc/setParameter:L48> fNoTokenPass: 0
[16:09:10.528]    DEBUG: <PixTestTiming.cc/init:L74> PixTestTiming::init()
[16:09:10.548]    DEBUG: <PixTestXray.cc/init:L134> PixTestXray::init()
[16:09:10.548]    DEBUG: <PixTestXray.cc/PixTestXray:L28> PixTestXray ctor(PixSetup &a, string, TGTab *)
[16:09:24.208]    DEBUG: <PixTab.cc/buttonClicked:L308> xxxPressed():  caldelscan
[16:09:24.208]    DEBUG: <PixTestHighRate.cc/runCommand:L157> running command: caldelscan
[16:09:24.208]     INFO:    ----------------------------------------------------------------------
[16:09:24.208]     INFO:    PixTestHighRate::calDelScan() ntrig = 10, vcal = 200
[16:09:24.208]     INFO:    ----------------------------------------------------------------------
[16:09:24.348]     INFO: Expecting 768 events.
[16:09:25.486]     INFO: 768 events read in total (420ms).
[16:09:25.675]     INFO: Test took 1461ms.
[16:09:25.679]     INFO: ROC 7 masking pixel 38/75
[16:09:25.681]    DEBUG: <PixTest.cc/efficiencyMaps:L396>       attempt #0
[16:09:26.351]     INFO: Expecting 41600 events.
[16:09:30.303]     INFO: 41600 events read in total (3425ms).
[16:09:30.310]     INFO: Test took 4629ms.
[16:09:30.474]     INFO: Fetched DAQ statistics. Counters are being reset now.
[16:09:30.474]    DEBUG: <PixTest.cc/efficiencyMaps:L407>  eff result size = 972183
[16:09:30.474]    DEBUG: <PixTest.cc/efficiencyMaps:L412> Create hists HR_xeff_CalDelScan_step0_C0 .. HR_xeff_CalDelScan_step0_C15
[16:09:30.475]    DEBUG: <PixTest.cc/efficiencyMaps:L426> booking xray maps for unmasked detector
[16:09:30.544]    DEBUG: <PixTest.cc/efficiencyMaps:L396>       attempt #0
[16:09:31.211]     INFO: Expecting 41600 events.
[16:09:35.260]     INFO: 41600 events read in total (3522ms).
[16:09:35.266]     INFO: Test took 4722ms.
[16:09:35.425]     INFO: Fetched DAQ statistics. Counters are being reset now.
[16:09:35.425]    DEBUG: <PixTest.cc/efficiencyMaps:L407>  eff result size = 977119
[16:09:35.425]    DEBUG: <PixTest.cc/efficiencyMaps:L412> Create hists HR_xeff_CalDelScan_step1_C0 .. HR_xeff_CalDelScan_step1_C15
[16:09:35.425]    DEBUG: <PixTest.cc/efficiencyMaps:L426> booking xray maps for unmasked detector
[16:09:35.498]    DEBUG: <PixTest.cc/efficiencyMaps:L396>       attempt #0
[16:09:36.163]     INFO: Expecting 41600 events.
[16:09:40.266]     INFO: 41600 events read in total (3576ms).
[16:09:40.271]     INFO: Test took 4773ms.
[16:09:40.436]     INFO: Fetched DAQ statistics. Counters are being reset now.
[16:09:40.436]    DEBUG: <PixTest.cc/efficiencyMaps:L407>  eff result size = 982617
[16:09:40.436]    DEBUG: <PixTest.cc/efficiencyMaps:L412> Create hists HR_xeff_CalDelScan_step2_C0 .. HR_xeff_CalDelScan_step2_C15
[16:09:40.437]    DEBUG: <PixTest.cc/efficiencyMaps:L426> booking xray maps for unmasked detector
[16:09:40.508]    DEBUG: <PixTest.cc/efficiencyMaps:L396>       attempt #0
[16:09:41.174]     INFO: Expecting 41600 events.
[16:09:45.270]     INFO: 41600 events read in total (3569ms).
[16:09:45.276]     INFO: Test took 4767ms.
[16:09:45.440]     INFO: Fetched DAQ statistics. Counters are being reset now.
[16:09:45.440]    DEBUG: <PixTest.cc/efficiencyMaps:L407>  eff result size = 983701
[16:09:45.441]    DEBUG: <PixTest.cc/efficiencyMaps:L412> Create hists HR_xeff_CalDelScan_step3_C0 .. HR_xeff_CalDelScan_step3_C15
[16:09:45.441]    DEBUG: <PixTest.cc/efficiencyMaps:L426> booking xray maps for unmasked detector
[16:09:45.514]    DEBUG: <PixTest.cc/efficiencyMaps:L396>       attempt #0
[16:09:46.181]     INFO: Expecting 41600 events.
[16:09:50.281]     INFO: 41600 events read in total (3574ms).
[16:09:50.287]     INFO: Test took 4773ms.
[16:09:50.451]     INFO: Fetched DAQ statistics. Counters are being reset now.
[16:09:50.451]    DEBUG: <PixTest.cc/efficiencyMaps:L407>  eff result size = 980811
[16:09:50.451]    DEBUG: <PixTest.cc/efficiencyMaps:L412> Create hists HR_xeff_CalDelScan_step4_C0 .. HR_xeff_CalDelScan_step4_C15
[16:09:50.452]    DEBUG: <PixTest.cc/efficiencyMaps:L426> booking xray maps for unmasked detector
[16:09:50.524]    DEBUG: <PixTest.cc/efficiencyMaps:L396>       attempt #0
[16:09:51.191]     INFO: Expecting 41600 events.
[16:09:55.306]     INFO: 41600 events read in total (3589ms).
[16:09:55.312]     INFO: Test took 4788ms.
[16:09:55.477]     INFO: Fetched DAQ statistics. Counters are being reset now.
[16:09:55.477]    DEBUG: <PixTest.cc/efficiencyMaps:L407>  eff result size = 982384
[16:09:55.477]    DEBUG: <PixTest.cc/efficiencyMaps:L412> Create hists HR_xeff_CalDelScan_step5_C0 .. HR_xeff_CalDelScan_step5_C15
[16:09:55.477]    DEBUG: <PixTest.cc/efficiencyMaps:L426> booking xray maps for unmasked detector
[16:09:55.548]    DEBUG: <PixTest.cc/efficiencyMaps:L396>       attempt #0
[16:09:56.214]     INFO: Expecting 41600 events.
[16:10:00.334]     INFO: 41600 events read in total (3593ms).
[16:10:00.340]     INFO: Test took 4792ms.
[16:10:00.504]     INFO: Fetched DAQ statistics. Counters are being reset now.
[16:10:00.504]    DEBUG: <PixTest.cc/efficiencyMaps:L407>  eff result size = 981211
[16:10:00.505]    DEBUG: <PixTest.cc/efficiencyMaps:L412> Create hists HR_xeff_CalDelScan_step6_C0 .. HR_xeff_CalDelScan_step6_C15
[16:10:00.505]    DEBUG: <PixTest.cc/efficiencyMaps:L426> booking xray maps for unmasked detector
[16:10:00.576]    DEBUG: <PixTest.cc/efficiencyMaps:L396>       attempt #0
[16:10:01.241]     INFO: Expecting 41600 events.
[16:10:05.376]     INFO: 41600 events read in total (3608ms).
[16:10:05.384]     INFO: Test took 4808ms.
[16:10:05.548]     INFO: Fetched DAQ statistics. Counters are being reset now.
[16:10:05.548]    DEBUG: <PixTest.cc/efficiencyMaps:L407>  eff result size = 982034
[16:10:05.548]    DEBUG: <PixTest.cc/efficiencyMaps:L412> Create hists HR_xeff_CalDelScan_step7_C0 .. HR_xeff_CalDelScan_step7_C15
[16:10:05.549]    DEBUG: <PixTest.cc/efficiencyMaps:L426> booking xray maps for unmasked detector
[16:10:05.621]    DEBUG: <PixTest.cc/efficiencyMaps:L396>       attempt #0
[16:10:06.286]     INFO: Expecting 41600 events.
[16:10:10.424]     INFO: 41600 events read in total (3611ms).
[16:10:10.429]     INFO: Test took 4808ms.
[16:10:10.595]     INFO: Fetched DAQ statistics. Counters are being reset now.
[16:10:10.595]    DEBUG: <PixTest.cc/efficiencyMaps:L407>  eff result size = 982324
[16:10:10.595]    DEBUG: <PixTest.cc/efficiencyMaps:L412> Create hists HR_xeff_CalDelScan_step8_C0 .. HR_xeff_CalDelScan_step8_C15
[16:10:10.595]    DEBUG: <PixTest.cc/efficiencyMaps:L426> booking xray maps for unmasked detector
[16:10:10.666]    DEBUG: <PixTest.cc/efficiencyMaps:L396>       attempt #0
[16:10:11.331]     INFO: Expecting 41600 events.
[16:10:15.463]     INFO: 41600 events read in total (3605ms).
[16:10:15.469]     INFO: Test took 4803ms.
[16:10:15.632]     INFO: Fetched DAQ statistics. Counters are being reset now.
[16:10:15.632]    DEBUG: <PixTest.cc/efficiencyMaps:L407>  eff result size = 981598
[16:10:15.632]    DEBUG: <PixTest.cc/efficiencyMaps:L412> Create hists HR_xeff_CalDelScan_step9_C0 .. HR_xeff_CalDelScan_step9_C15
[16:10:15.633]    DEBUG: <PixTest.cc/efficiencyMaps:L426> booking xray maps for unmasked detector
[16:10:15.703]    DEBUG: <PixTest.cc/efficiencyMaps:L396>       attempt #0
[16:10:16.369]     INFO: Expecting 41600 events.
[16:10:20.514]     INFO: 41600 events read in total (3619ms).
[16:10:20.520]     INFO: Test took 4817ms.
[16:10:20.680]     INFO: Fetched DAQ statistics. Counters are being reset now.
[16:10:20.680]    DEBUG: <PixTest.cc/efficiencyMaps:L407>  eff result size = 982284
[16:10:20.680]    DEBUG: <PixTest.cc/efficiencyMaps:L412> Create hists HR_xeff_CalDelScan_step10_C0 .. HR_xeff_CalDelScan_step10_C15
[16:10:20.680]    DEBUG: <PixTest.cc/efficiencyMaps:L426> booking xray maps for unmasked detector
[16:10:20.751]    DEBUG: <PixTest.cc/efficiencyMaps:L396>       attempt #0
[16:10:21.417]     INFO: Expecting 41600 events.
[16:10:25.545]     INFO: 41600 events read in total (3602ms).
[16:10:25.553]     INFO: Test took 4802ms.
[16:10:25.719]     INFO: Fetched DAQ statistics. Counters are being reset now.
[16:10:25.719]    DEBUG: <PixTest.cc/efficiencyMaps:L407>  eff result size = 982258
[16:10:25.719]    DEBUG: <PixTest.cc/efficiencyMaps:L412> Create hists HR_xeff_CalDelScan_step11_C0 .. HR_xeff_CalDelScan_step11_C15
[16:10:25.719]    DEBUG: <PixTest.cc/efficiencyMaps:L426> booking xray maps for unmasked detector
[16:10:25.793]    DEBUG: <PixTest.cc/efficiencyMaps:L396>       attempt #0
[16:10:26.473]     INFO: Expecting 41600 events.
[16:10:30.607]     INFO: 41600 events read in total (3608ms).
[16:10:30.613]     INFO: Test took 4820ms.
[16:10:30.778]     INFO: Fetched DAQ statistics. Counters are being reset now.
[16:10:30.778]    DEBUG: <PixTest.cc/efficiencyMaps:L407>  eff result size = 978198
[16:10:30.778]    DEBUG: <PixTest.cc/efficiencyMaps:L412> Create hists HR_xeff_CalDelScan_step12_C0 .. HR_xeff_CalDelScan_step12_C15
[16:10:30.779]    DEBUG: <PixTest.cc/efficiencyMaps:L426> booking xray maps for unmasked detector
[16:10:30.849]    DEBUG: <PixTest.cc/efficiencyMaps:L396>       attempt #0
[16:10:31.514]     INFO: Expecting 41600 events.
[16:10:35.642]     INFO: 41600 events read in total (3601ms).
[16:10:35.649]     INFO: Test took 4800ms.
[16:10:35.814]     INFO: Fetched DAQ statistics. Counters are being reset now.
[16:10:35.814]    DEBUG: <PixTest.cc/efficiencyMaps:L407>  eff result size = 980724
[16:10:35.814]    DEBUG: <PixTest.cc/efficiencyMaps:L412> Create hists HR_xeff_CalDelScan_step13_C0 .. HR_xeff_CalDelScan_step13_C15
[16:10:35.814]    DEBUG: <PixTest.cc/efficiencyMaps:L426> booking xray maps for unmasked detector
[16:10:35.889]    DEBUG: <PixTest.cc/efficiencyMaps:L396>       attempt #0
[16:10:36.556]     INFO: Expecting 41600 events.
[16:10:40.684]     INFO: 41600 events read in total (3602ms).
[16:10:40.689]     INFO: Test took 4800ms.
[16:10:40.852]     INFO: Fetched DAQ statistics. Counters are being reset now.
[16:10:40.852]    DEBUG: <PixTest.cc/efficiencyMaps:L407>  eff result size = 978194
[16:10:40.852]    DEBUG: <PixTest.cc/efficiencyMaps:L412> Create hists HR_xeff_CalDelScan_step14_C0 .. HR_xeff_CalDelScan_step14_C15
[16:10:40.852]    DEBUG: <PixTest.cc/efficiencyMaps:L426> booking xray maps for unmasked detector
[16:10:40.924]    DEBUG: <PixTest.cc/efficiencyMaps:L396>       attempt #0
[16:10:41.589]     INFO: Expecting 41600 events.
[16:10:45.714]     INFO: 41600 events read in total (3599ms).
[16:10:45.720]     INFO: Test took 4796ms.
[16:10:45.882]     INFO: Fetched DAQ statistics. Counters are being reset now.
[16:10:45.882]    DEBUG: <PixTest.cc/efficiencyMaps:L407>  eff result size = 979686
[16:10:45.882]    DEBUG: <PixTest.cc/efficiencyMaps:L412> Create hists HR_xeff_CalDelScan_step15_C0 .. HR_xeff_CalDelScan_step15_C15
[16:10:45.883]    DEBUG: <PixTest.cc/efficiencyMaps:L426> booking xray maps for unmasked detector
[16:10:45.954]    DEBUG: <PixTest.cc/efficiencyMaps:L396>       attempt #0
[16:10:46.619]     INFO: Expecting 41600 events.
[16:10:50.745]     INFO: 41600 events read in total (3599ms).
[16:10:50.752]     INFO: Test took 4798ms.
[16:10:50.913]     INFO: Fetched DAQ statistics. Counters are being reset now.
[16:10:50.913]    DEBUG: <PixTest.cc/efficiencyMaps:L407>  eff result size = 979583
[16:10:50.913]    DEBUG: <PixTest.cc/efficiencyMaps:L412> Create hists HR_xeff_CalDelScan_step16_C0 .. HR_xeff_CalDelScan_step16_C15
[16:10:50.913]    DEBUG: <PixTest.cc/efficiencyMaps:L426> booking xray maps for unmasked detector
[16:10:50.987]    DEBUG: <PixTest.cc/efficiencyMaps:L396>       attempt #0
[16:10:51.652]     INFO: Expecting 41600 events.
[16:10:55.777]     INFO: 41600 events read in total (3599ms).
[16:10:55.782]     INFO: Test took 4795ms.
[16:10:55.965]     INFO: Fetched DAQ statistics. Counters are being reset now.
[16:10:55.965]    DEBUG: <PixTest.cc/efficiencyMaps:L407>  eff result size = 978017
[16:10:55.965]    DEBUG: <PixTest.cc/efficiencyMaps:L412> Create hists HR_xeff_CalDelScan_step17_C0 .. HR_xeff_CalDelScan_step17_C15
[16:10:55.965]    DEBUG: <PixTest.cc/efficiencyMaps:L426> booking xray maps for unmasked detector
[16:10:56.035]    DEBUG: <PixTest.cc/efficiencyMaps:L396>       attempt #0
[16:10:56.700]     INFO: Expecting 41600 events.
[16:11:00.775]     INFO: 41600 events read in total (3546ms).
[16:11:00.781]     INFO: Test took 4746ms.
[16:11:00.957]     INFO: Fetched DAQ statistics. Counters are being reset now.
[16:11:00.957]    DEBUG: <PixTest.cc/efficiencyMaps:L407>  eff result size = 976308
[16:11:00.957]    DEBUG: <PixTest.cc/efficiencyMaps:L412> Create hists HR_xeff_CalDelScan_step18_C0 .. HR_xeff_CalDelScan_step18_C15
[16:11:00.957]    DEBUG: <PixTest.cc/efficiencyMaps:L426> booking xray maps for unmasked detector
[16:11:01.028]    DEBUG: <PixTest.cc/efficiencyMaps:L396>       attempt #0
[16:11:01.821]     INFO: Expecting 41600 events.
[16:11:05.741]     INFO: 41600 events read in total (3393ms).
[16:11:05.747]     INFO: Test took 4591ms.
[16:11:05.905]     INFO: Fetched DAQ statistics. Counters are being reset now.
[16:11:05.905]    DEBUG: <PixTest.cc/efficiencyMaps:L407>  eff result size = 970584
[16:11:05.905]    DEBUG: <PixTest.cc/efficiencyMaps:L412> Create hists HR_xeff_CalDelScan_step19_C0 .. HR_xeff_CalDelScan_step19_C15
[16:11:05.906]    DEBUG: <PixTest.cc/efficiencyMaps:L426> booking xray maps for unmasked detector
[16:11:06.200]    DEBUG: <PixTestHighRate.cc/doCalDelScan:L422> roc  0: caldel = 157 eff = 0.99863
[16:11:06.200]    DEBUG: <PixTestHighRate.cc/doCalDelScan:L422> roc  1: caldel = 168 eff = 0.999014
[16:11:06.200]    DEBUG: <PixTestHighRate.cc/doCalDelScan:L422> roc  2: caldel = 189 eff = 0.997284
[16:11:06.200]    DEBUG: <PixTestHighRate.cc/doCalDelScan:L422> roc  3: caldel = 158 eff = 0.994856
[16:11:06.201]    DEBUG: <PixTestHighRate.cc/doCalDelScan:L422> roc  4: caldel = 153 eff = 0.995385
[16:11:06.201]    DEBUG: <PixTestHighRate.cc/doCalDelScan:L422> roc  5: caldel = 159 eff = 0.995986
[16:11:06.201]    DEBUG: <PixTestHighRate.cc/doCalDelScan:L422> roc  6: caldel = 151 eff = 0.994928
[16:11:06.201]    DEBUG: <PixTestHighRate.cc/doCalDelScan:L422> roc  7: caldel = 170 eff = 0.994399
[16:11:06.202]    DEBUG: <PixTestHighRate.cc/doCalDelScan:L422> roc  8: caldel = 160 eff = 0.994639
[16:11:06.202]    DEBUG: <PixTestHighRate.cc/doCalDelScan:L422> roc  9: caldel = 158 eff = 0.990601
[16:11:06.202]    DEBUG: <PixTestHighRate.cc/doCalDelScan:L422> roc 10: caldel = 148 eff = 0.991827
[16:11:06.202]    DEBUG: <PixTestHighRate.cc/doCalDelScan:L422> roc 11: caldel = 157 eff = 0.994519
[16:11:06.203]    DEBUG: <PixTestHighRate.cc/doCalDelScan:L422> roc 12: caldel = 151 eff = 0.99274
[16:11:06.203]    DEBUG: <PixTestHighRate.cc/doCalDelScan:L422> roc 13: caldel = 161 eff = 0.994087
[16:11:06.203]    DEBUG: <PixTestHighRate.cc/doCalDelScan:L422> roc 14: caldel = 175 eff = 0.998077
[16:11:06.203]    DEBUG: <PixTestHighRate.cc/doCalDelScan:L422> roc 15: caldel = 144 eff = 0.998101
[16:11:59.512]    DEBUG: <PixTab.cc/buttonClicked:L308> xxxPressed():  xpixelalive
[16:11:59.512]    DEBUG: <PixTestHighRate.cc/runCommand:L157> running command: xpixelalive
[16:11:59.512]     INFO:    ----------------------------------------------------------------------
[16:11:59.512]     INFO:    PixTestHighRate::xPixelAlive() ntrig = 50, vcal = 200
[16:11:59.512]     INFO:    ----------------------------------------------------------------------
[16:11:59.512]    DEBUG: <PixTestHighRate.cc/doXPixelAlive:L451>  old set: clk: 4
[16:11:59.512]    DEBUG: <PixTestHighRate.cc/doXPixelAlive:L451>  old set: ctr: 4
[16:11:59.512]    DEBUG: <PixTestHighRate.cc/doXPixelAlive:L451>  old set: sda: 19
[16:11:59.512]    DEBUG: <PixTestHighRate.cc/doXPixelAlive:L451>  old set: tin: 9
[16:11:59.513]    DEBUG: <PixTestHighRate.cc/doXPixelAlive:L451>  old set: level: 15
[16:11:59.513]    DEBUG: <PixTestHighRate.cc/doXPixelAlive:L451>  old set: triggerdelay: 0
[16:11:59.513]    DEBUG: <PixTestHighRate.cc/doXPixelAlive:L467>  setting: clk: 4
[16:11:59.513]    DEBUG: <PixTestHighRate.cc/doXPixelAlive:L467>  setting: ctr: 4
[16:11:59.513]    DEBUG: <PixTestHighRate.cc/doXPixelAlive:L467>  setting: sda: 19
[16:11:59.513]    DEBUG: <PixTestHighRate.cc/doXPixelAlive:L467>  setting: tin: 9
[16:11:59.513]    DEBUG: <PixTestHighRate.cc/doXPixelAlive:L467>  setting: level: 15
[16:11:59.513]    DEBUG: <PixTestHighRate.cc/doXPixelAlive:L467>  setting: triggerdelay: 20
[16:11:59.557]     INFO: ROC 7 masking pixel 38/75
[16:11:59.558]    DEBUG: <PixTest.cc/efficiencyMaps:L396>       attempt #0
[16:12:00.225]     INFO: Expecting 208000 events.
[16:12:18.167]     INFO: 208000 events read in total (17415ms).
[16:12:18.190]     INFO: Test took 18632ms.
[16:12:19.175]     INFO: Fetched DAQ statistics. Counters are being reset now.
[16:12:19.175]    DEBUG: <PixTest.cc/efficiencyMaps:L407>  eff result size = 4583231
[16:12:19.175]    DEBUG: <PixTest.cc/efficiencyMaps:L412> Create hists highRate_C0 .. highRate_C15
[16:12:19.175]    DEBUG: <PixTest.cc/efficiencyMaps:L426> booking xray maps for unmasked detector
[16:12:19.703]     INFO: number of dead pixels (per ROC):     0    0    0    0    1    0    0    1    0    0    0    0    0    0    0    0
[16:12:19.703]     INFO: number of red-efficiency pixels:   302  226  499  909  855  791  868  948  884 1479 1337  880 1151  808  270  300
[16:12:19.703]     INFO: number of X-ray hits detected:    158958 126995 212240 331367 314894 304179 323114 324279 322371 424982 396936 324299 372623 275914 145592 157930
[16:12:19.703]     INFO: number of triggers sent (total per ROC):  208000 208000 208000 208000 208000 208000 208000 208000 208000 208000 208000 208000 208000 208000 208000 208000
[16:12:19.703]     INFO: number of Vcal hits detected:  207682 207757 207403 206885 206937 207064 206963 206788 206842 206002 206284 206911 206563 206917 207683 207677
[16:12:19.703]     INFO: Vcal hit fiducial efficiency (%):  99.8 99.9 99.8 99.5 99.6 99.6 99.6 99.5 99.5 99.1 99.3 99.6 99.4 99.5 99.9 99.9
[16:12:19.704]     INFO: Vcal hit overall efficiency (%):  99.8 99.9 99.7 99.5 99.5 99.6 99.5 99.4 99.4 99.0 99.2 99.5 99.3 99.5 99.8 99.8
[16:12:19.704]     INFO: X-ray hit rate [MHz/cm2]:  46.6 37.2 62.2 97.1 92.3 89.2 94.7 95.0 94.5 124.6 116.3 95.1 109.2 80.9 42.7 46.3
[16:12:19.704]     INFO: PixTestHighRate::doXPixelAlive() done
[16:12:19.751]    DEBUG: <PixTestHighRate.cc/doXPixelAlive:L586>  resetting: clk: 4
[16:12:19.751]    DEBUG: <PixTestHighRate.cc/doXPixelAlive:L586>  resetting: ctr: 4
[16:12:19.751]    DEBUG: <PixTestHighRate.cc/doXPixelAlive:L586>  resetting: sda: 19
[16:12:19.751]    DEBUG: <PixTestHighRate.cc/doXPixelAlive:L586>  resetting: tin: 9
[16:12:19.751]    DEBUG: <PixTestHighRate.cc/doXPixelAlive:L586>  resetting: level: 15
[16:12:19.751]    DEBUG: <PixTestHighRate.cc/doXPixelAlive:L586>  resetting: triggerdelay: 0
[16:12:19.751]     INFO: PixTest::       pg_setup set to default.
[16:12:25.232]    DEBUG: <PixTest.cc/moduleMap:L1029> moduleMap histname: what
[16:12:25.232]    DEBUG: <PixTest.cc/moduleMap:L1039> h1->GetName() = highRate_xraymap_C13_V0 -> highRate_xraymap_mod
[16:12:28.048]    DEBUG: <PixGui.cc/handleButtons:L396> PixGui::exit called
[16:12:28.049]    DEBUG: <PixGui.cc/CloseWindow:L335> Final Analog Current: 392.3mA
[16:12:28.049]    DEBUG: <PixGui.cc/CloseWindow:L336> Final Digital Current: 470.3mA
[16:12:28.049]    DEBUG: <PixGui.cc/CloseWindow:L337> Final Module Temperature: 21.9 C
[16:12:28.050]    DEBUG: <PixTestBBMap.cc/~PixTestBBMap:L97> PixTestBBMap dtor
[16:12:28.050]    DEBUG: <PixTestBB2Map.cc/~PixTestBB2Map:L115> PixTestBB2Map dtor
[16:12:28.050]    DEBUG: <PixTestBB3Map.cc/~PixTestBB3Map:L99> PixTestBB3Map dtor
[16:12:28.050]    DEBUG: <PixTestBB4Map.cc/~PixTestBB4Map:L118> PixTestBB4Map dtor
[16:12:28.050]    DEBUG: <PixTestCmd.cc/~PixTestCmd:L78> PixTestCmd dtor
[16:12:28.050]    DEBUG: <PixTestDaq.cc/~PixTestDaq:L37> PixTestDaq dtor
[16:12:28.050]    DEBUG: <PixTestDacDacScan.cc/~PixTestDacDacScan:L136> PixTestDacDacScan dtor
[16:12:28.050]    DEBUG: <PixTestDacScan.cc/~PixTestDacScan:L129> PixTestDacScan dtor
[16:12:28.050]    DEBUG: <PixTestGainPedestal.cc/~PixTestGainPedestal:L125> PixTestGainPedestal dtor
[16:12:28.050]    DEBUG: <PixTestHighRate.cc/~PixTestHighRate:L245> PixTestHighRate dtor
[16:12:28.149]    DEBUG: <PixTestIV.cc/~PixTestIV:L96> PixTestIV dtor
[16:12:28.149]    DEBUG: <PixTestAlive.cc/~PixTestAlive:L109> PixTestAlive dtor
[16:12:28.149]    DEBUG: <PixTestPretest.cc/~PixTestPretest:L136> PixTestPretest dtor
[16:12:28.149]    DEBUG: <PixTestReadback.cc/~PixTestReadback:L89> PixTestReadback dtor, saving tree ... 
[16:12:28.149]    DEBUG: <PixTestScurves.cc/~PixTestScurves:L142> PixTestScurves dtor
[16:12:28.149]    DEBUG: <PixTestTiming.cc/~PixTestTiming:L97> PixTestTiming dtor
[16:12:28.150]    DEBUG: <PixTestTrim.cc/~PixTestTrim:L103> PixTestTrim dtor
[16:12:28.150]    DEBUG: <PixTestXray.cc/~PixTestXray:L217> PixTestXray dtor
[16:12:28.152]    QUIET: Connection to board 58 closed.
[16:12:28.232]    DEBUG: <PixMonitor.cc/dumpSummaries:L39> PixMonitor::dumpSummaries
