High Rate Efficency Log File Module: mg326

Double Column's with Efficency < 90 % 
Roc: 3 dc: 0 nPixelsDC: 156 rate: 176.052 eff: 0.979487
Roc: 7 dc: 0 nPixelsDC: 156 rate: 195.899 eff: 0.972179
Roc: 9 dc: 0 nPixelsDC: 156 rate: 212.574 eff: 0.96859
Roc: 10 dc: 0 nPixelsDC: 156 rate: 184.476 eff: 0.979359
Roc: 11 dc: 0 nPixelsDC: 156 rate: 186.719 eff: 0.977692
Roc: 12 dc: 0 nPixelsDC: 156 rate: 198.307 eff: 0.975128
Roc: 13 dc: 0 nPixelsDC: 156 rate: 220.694 eff: 0.963718
Roc: 13 dc: 0 nPixelsDC: 156 rate: 186.382 eff: 0.97641
Eff at 120MHz/cm^2 : ROC : 0 Eff: 0.99136 +/- 0
Eff at 120MHz/cm^2 : ROC : 1 Eff: 0.992161 +/- 0.0043961
Eff at 120MHz/cm^2 : ROC : 2 Eff: 0.992841 +/- 0.000973001
Eff at 120MHz/cm^2 : ROC : 3 Eff: 0.992787 +/- 0.00064153
Eff at 120MHz/cm^2 : ROC : 4 Eff: 0.99257 +/- 0.000665529
Eff at 120MHz/cm^2 : ROC : 5 Eff: 0.992084 +/- 0.000803176
Eff at 120MHz/cm^2 : ROC : 6 Eff: 0.992783 +/- 0.00059276
Eff at 120MHz/cm^2 : ROC : 7 Eff: 0.993005 +/- 0.000537771
Eff at 120MHz/cm^2 : ROC : 8 Eff: 0.99283 +/- 0.000745756
Eff at 120MHz/cm^2 : ROC : 9 Eff: 0.993277 +/- 0.000337379
Eff at 120MHz/cm^2 : ROC : 10 Eff: 0.99314 +/- 0.000417502
Eff at 120MHz/cm^2 : ROC : 11 Eff: 0.993311 +/- 0.000566862
Eff at 120MHz/cm^2 : ROC : 12 Eff: 0.993038 +/- 0.000444038
Eff at 120MHz/cm^2 : ROC : 13 Eff: 0.993057 +/- 0.000529417
Eff at 120MHz/cm^2 : ROC : 14 Eff: 0.931534 +/- 0.0434601
Eff at 120MHz/cm^2 : ROC : 15 Eff: 0.991682 +/- 0.00723938
High Rate Run: hr
Efficency at 120MHz/cm^2 : mg326 Eff: 0.992721 +/- 9.99667e-05
