[11:13:03.514]     INFO: *** Welcome to pxar ***
[11:13:03.514]     INFO: *** Today: 2016/02/08
[11:13:03.530]     INFO: *** Version: prod-12-105-g46f2
[11:13:03.530]     INFO: readRocDacs: ./data/mg246/dacParameters35_C0.dat .. ./data/mg246/dacParameters35_C15.dat
[11:13:03.531]     INFO: readTbmDacs: ./data/mg246/tbmParameters_C0a.dat .. ./data/mg246/tbmParameters_C0b.dat
[11:13:03.531]     INFO: readMaskFile: ./data/mg246/defaultMaskFile.dat
[11:13:03.531]     INFO: readTrimFile: ./data/mg246/trimParameters35_C0.dat .. ./data/mg246/trimParameters35_C15.dat
[11:13:03.686]     INFO:         clk: 4
[11:13:03.686]     INFO:         ctr: 4
[11:13:03.686]     INFO:         sda: 19
[11:13:03.686]     INFO:         tin: 9
[11:13:03.686]     INFO:         level: 15
[11:13:03.686]     INFO:         triggerdelay: 0
[11:13:03.686]    QUIET: Instanciating API for pxar prod-12
[11:13:03.686]     INFO: Log level: INFO
[11:13:03.697]    QUIET: Connection to board DTB_WRPRHI opened.
[11:13:03.701]     INFO: DTB startup information
--- DTB info------------------------------------------
Board id:    58
HW version:  DTB1.2
FW version:  4.2
SW version:  4.5
USB id:      DTB_WRPRHI
MAC address: 40D85511803A
Hostname:    pixelDTB058
Comment:     
------------------------------------------------------
[11:13:03.703]     INFO: RPC call hashes of host and DTB match: 398089610
[11:13:05.306]     INFO: DUT info: 
[11:13:05.306]     INFO: The DUT currently contains the following objects:
[11:13:05.306]     INFO:  2 TBM Cores tbm08c (2 ON)
[11:13:05.306]     INFO: 	TBM Core alpha (0): 7 registers set
[11:13:05.306]     INFO: 	TBM Core beta  (1): 7 registers set
[11:13:05.306]     INFO: 16 ROCs psi46digv21respin (16 ON) with 4160 pixelConfigs
[11:13:05.306]     INFO: 	ROC 0: 19 DACs set, Pixels: 0 masked, 0 active.
[11:13:05.306]     INFO: 	ROC 1: 19 DACs set, Pixels: 0 masked, 0 active.
[11:13:05.306]     INFO: 	ROC 2: 19 DACs set, Pixels: 0 masked, 0 active.
[11:13:05.306]     INFO: 	ROC 3: 19 DACs set, Pixels: 0 masked, 0 active.
[11:13:05.306]     INFO: 	ROC 4: 19 DACs set, Pixels: 0 masked, 0 active.
[11:13:05.306]     INFO: 	ROC 5: 19 DACs set, Pixels: 0 masked, 0 active.
[11:13:05.306]     INFO: 	ROC 6: 19 DACs set, Pixels: 0 masked, 0 active.
[11:13:05.306]     INFO: 	ROC 7: 19 DACs set, Pixels: 0 masked, 0 active.
[11:13:05.306]     INFO: 	ROC 8: 19 DACs set, Pixels: 0 masked, 0 active.
[11:13:05.306]     INFO: 	ROC 9: 19 DACs set, Pixels: 0 masked, 0 active.
[11:13:05.306]     INFO: 	ROC 10: 19 DACs set, Pixels: 0 masked, 0 active.
[11:13:05.306]     INFO: 	ROC 11: 19 DACs set, Pixels: 0 masked, 0 active.
[11:13:05.306]     INFO: 	ROC 12: 19 DACs set, Pixels: 0 masked, 0 active.
[11:13:05.306]     INFO: 	ROC 13: 19 DACs set, Pixels: 0 masked, 0 active.
[11:13:05.306]     INFO: 	ROC 14: 19 DACs set, Pixels: 0 masked, 0 active.
[11:13:05.306]     INFO: 	ROC 15: 19 DACs set, Pixels: 0 masked, 0 active.
[11:13:05.955]     INFO: PixTestCmd::init()
[11:13:05.959]     INFO: readGainPedestalParameters ./data/mg246/phCalibrationFitErr35_C0.dat .. ./data/mg246/phCalibrationFitErr35_C15.dat
[11:13:06.269]     INFO: readReadbackCal: ./data/mg246/readbackCal_C0.dat .. ./data/mg246/readbackCal_C15.dat
[11:13:09.273]     INFO:    ----------------------------------------------------------------------
[11:13:09.273]     INFO:    PixTest::maskHotPixels() running for 10 seconds with 100 kHz trigger rate
[11:13:09.273]     INFO:    ----------------------------------------------------------------------
[11:13:10.234]     INFO: PixTestHighRate::maskHotPixels start TriggerLoop with period 404 and duration 10 seconds and trigger rate 100 kHz
[11:13:19.274]     INFO: Done with hot pixel readout
[11:13:34.034]     INFO: PixTest::       pg_setup set to default.
[11:13:34.035]     INFO: no hot pixel found!
[11:13:34.035]     INFO: PixTest::maskHotPixels() done
[11:13:34.043]     INFO: write masked pixels into ./data/mg246/defaultMaskFile.dat
[11:13:57.517]     INFO: ######################################################################
[11:13:57.517]     INFO: PixTestXray::doTest()
[11:13:57.517]     INFO: ######################################################################
[11:13:57.517]     INFO:    ----------------------------------------------------------------------
[11:13:57.517]     INFO:    PixTestXray::doPhRun() fParRunSeconds = 150
[11:13:57.517]     INFO:    ----------------------------------------------------------------------
[11:13:58.499]     INFO: PixTestXray::doPhRun start TriggerLoop with trigger frequency 100 kHz, period 405 and duration 150 seconds,  fEventsMax = 15000000
[11:14:15.614]     INFO: run duration 17 seconds, buffer almost full (81%), pausing triggers.
[11:14:43.415]     INFO: Resuming triggers.
[11:15:00.530]     INFO: run duration 34 seconds, buffer almost full (81%), pausing triggers.
[11:15:28.216]     INFO: Resuming triggers.
[11:15:45.332]     INFO: run duration 51 seconds, buffer almost full (81%), pausing triggers.
[11:16:12.902]     INFO: Resuming triggers.
[11:16:30.018]     INFO: run duration 68 seconds, buffer almost full (81%), pausing triggers.
[11:16:57.607]     INFO: Resuming triggers.
[11:17:14.722]     INFO: run duration 85 seconds, buffer almost full (81%), pausing triggers.
[11:17:42.604]     INFO: Resuming triggers.
[11:17:59.719]     INFO: run duration 102 seconds, buffer almost full (81%), pausing triggers.
[11:18:27.413]     INFO: Resuming triggers.
[11:18:44.528]     INFO: run duration 119 seconds, buffer almost full (81%), pausing triggers.
[11:19:12.382]     INFO: Resuming triggers.
[11:19:29.497]     INFO: run duration 136 seconds, buffer almost full (81%), pausing triggers.
[11:19:57.258]     INFO: Resuming triggers.
[11:20:10.538]     INFO: data taking finished, elapsed time: 150 seconds.
[11:20:32.250]     INFO: PixTest::       pg_setup set to default.
[11:20:32.270]     INFO: PixTestXray::doPhRun() done
[11:20:32.270]     INFO: PixTestXray::doTest() done 
[11:23:25.109]     INFO: ######################################################################
[11:23:25.109]     INFO: PixTestXray::doTest()
[11:23:25.109]     INFO: ######################################################################
[11:23:25.109]     INFO:    ----------------------------------------------------------------------
[11:23:25.109]     INFO:    PixTestXray::doPhRun() fParRunSeconds = 120
[11:23:25.109]     INFO:    ----------------------------------------------------------------------
[11:23:26.090]     INFO: PixTestXray::doPhRun start TriggerLoop with trigger frequency 100 kHz, period 405 and duration 120 seconds,  fEventsMax = 12000000
[11:23:26.221]     INFO: ######################################################################
[11:23:26.221]     INFO: PixTestXray::doTest()
[11:23:26.221]     INFO: ######################################################################
[11:23:26.221]     INFO:    ----------------------------------------------------------------------
[11:23:26.221]     INFO:    PixTestXray::doPhRun() fParRunSeconds = 120
[11:23:26.221]     INFO:    ----------------------------------------------------------------------
[11:23:26.242]     INFO: PixTestXray::doPhRun start TriggerLoop with trigger frequency 100 kHz, period 405 and duration 120 seconds,  fEventsMax = 12000000
[11:23:43.204]     INFO: run duration 16 seconds, buffer almost full (81%), pausing triggers.
[11:24:11.152]     INFO: Resuming triggers.
[11:24:28.267]     INFO: run duration 34 seconds, buffer almost full (81%), pausing triggers.
[11:24:55.808]     INFO: Resuming triggers.
[11:25:12.923]     INFO: run duration 51 seconds, buffer almost full (81%), pausing triggers.
[11:25:40.481]     INFO: Resuming triggers.
[11:25:57.595]     INFO: run duration 68 seconds, buffer almost full (81%), pausing triggers.
[11:26:25.451]     INFO: Resuming triggers.
[11:26:42.565]     INFO: run duration 85 seconds, buffer almost full (81%), pausing triggers.
[11:27:10.554]     INFO: Resuming triggers.
[11:27:27.668]     INFO: run duration 102 seconds, buffer almost full (81%), pausing triggers.
[11:27:55.719]     INFO: Resuming triggers.
[11:28:12.834]     INFO: run duration 119 seconds, buffer almost full (81%), pausing triggers.
[11:28:40.400]     INFO: Resuming triggers.
[11:28:40.911]     INFO: data taking finished, elapsed time: 120 seconds.
[11:28:42.302]     INFO: PixTest::       pg_setup set to default.
[11:28:42.351]     INFO: PixTestXray::doPhRun() done
[11:28:42.351]     INFO: PixTestXray::doTest() done 
[11:28:42.354]     INFO: data taking finished, elapsed time: 316 seconds.
[11:28:42.354]     INFO: No DAQ running, not executing daqStop command.
[11:28:42.790]     INFO: PixTest::       pg_setup set to default.
[11:28:42.837]     INFO: PixTestXray::doPhRun() done
[11:28:42.837]     INFO: PixTestXray::doTest() done 
[11:32:32.093]     INFO: ######################################################################
[11:32:32.093]     INFO: PixTestXray::doTest()
[11:32:32.093]     INFO: ######################################################################
[11:32:32.093]     INFO:    ----------------------------------------------------------------------
[11:32:32.093]     INFO:    PixTestXray::doPhRun() fParRunSeconds = 120
[11:32:32.093]     INFO:    ----------------------------------------------------------------------
[11:32:33.239]     INFO: PixTestXray::doPhRun start TriggerLoop with trigger frequency 100 kHz, period 405 and duration 120 seconds,  fEventsMax = 12000000
[11:32:50.356]     INFO: run duration 17 seconds, buffer almost full (81%), pausing triggers.
[11:33:18.165]     INFO: Resuming triggers.
[11:33:35.282]     INFO: run duration 34 seconds, buffer almost full (81%), pausing triggers.
[11:34:03.134]     INFO: Resuming triggers.
[11:34:20.251]     INFO: run duration 51 seconds, buffer almost full (81%), pausing triggers.
[11:34:47.843]     INFO: Resuming triggers.
[11:35:04.960]     INFO: run duration 68 seconds, buffer almost full (81%), pausing triggers.
[11:35:32.522]     INFO: Resuming triggers.
[11:35:49.639]     INFO: run duration 85 seconds, buffer almost full (81%), pausing triggers.
[11:36:17.213]     INFO: Resuming triggers.
[11:36:34.330]     INFO: run duration 102 seconds, buffer almost full (81%), pausing triggers.
[11:37:02.004]     INFO: Resuming triggers.
[11:37:19.120]     INFO: run duration 119 seconds, buffer almost full (81%), pausing triggers.
[11:37:46.753]     INFO: Resuming triggers.
[11:37:47.095]     INFO: data taking finished, elapsed time: 120 seconds.
[11:37:48.215]     INFO: PixTest::       pg_setup set to default.
[11:37:48.234]     INFO: PixTestXray::doPhRun() done
[11:37:48.234]     INFO: PixTestXray::doTest() done 
[11:41:50.525]     INFO: ######################################################################
[11:41:50.525]     INFO: PixTestXray::doTest()
[11:41:50.525]     INFO: ######################################################################
[11:41:50.525]     INFO:    ----------------------------------------------------------------------
[11:41:50.525]     INFO:    PixTestXray::doPhRun() fParRunSeconds = 120
[11:41:50.525]     INFO:    ----------------------------------------------------------------------
[11:41:51.570]     INFO: PixTestXray::doPhRun start TriggerLoop with trigger frequency 100 kHz, period 405 and duration 120 seconds,  fEventsMax = 12000000
[11:42:08.686]     INFO: run duration 17 seconds, buffer almost full (81%), pausing triggers.
[11:42:36.300]     INFO: Resuming triggers.
[11:42:53.418]     INFO: run duration 34 seconds, buffer almost full (81%), pausing triggers.
[11:43:21.064]     INFO: Resuming triggers.
[11:43:38.181]     INFO: run duration 51 seconds, buffer almost full (81%), pausing triggers.
[11:44:05.896]     INFO: Resuming triggers.
[11:44:23.013]     INFO: run duration 68 seconds, buffer almost full (81%), pausing triggers.
[11:44:50.653]     INFO: Resuming triggers.
[11:45:07.771]     INFO: run duration 85 seconds, buffer almost full (81%), pausing triggers.
[11:45:35.547]     INFO: Resuming triggers.
[11:45:52.664]     INFO: run duration 102 seconds, buffer almost full (81%), pausing triggers.
[11:46:20.423]     INFO: Resuming triggers.
[11:46:37.540]     INFO: run duration 119 seconds, buffer almost full (81%), pausing triggers.
[11:47:05.163]     INFO: Resuming triggers.
[11:47:05.499]     INFO: data taking finished, elapsed time: 120 seconds.
[11:47:06.609]     INFO: PixTest::       pg_setup set to default.
[11:47:06.628]     INFO: PixTestXray::doPhRun() done
[11:47:06.628]     INFO: PixTestXray::doTest() done 
[11:48:44.382]    QUIET: Connection to board 58 closed.
