[10:42:41.312]     INFO: *** Welcome to pxar ***
[10:42:41.312]     INFO: *** Today: 2016/02/09
[10:42:41.328]     INFO: *** Version: prod-12-105-g46f2
[10:42:41.328]     INFO: readRocDacs: /home/CMS_pixel/Testing/pxar_prod12/data/mg246/dacParameters_C0.dat .. /home/CMS_pixel/Testing/pxar_prod12/data/mg246/dacParameters_C15.dat
[10:42:41.329]     INFO: readTbmDacs: /home/CMS_pixel/Testing/pxar_prod12/data/mg246/tbmParameters_C0a.dat .. /home/CMS_pixel/Testing/pxar_prod12/data/mg246/tbmParameters_C0b.dat
[10:42:41.329]     INFO: readMaskFile: /home/CMS_pixel/Testing/pxar_prod12/data/mg246/defaultMaskFile.dat
[10:42:41.329]     INFO: readTrimFile: /home/CMS_pixel/Testing/pxar_prod12/data/mg246/trimParameters_C0.dat .. /home/CMS_pixel/Testing/pxar_prod12/data/mg246/trimParameters_C15.dat
[10:42:41.477]     INFO:         clk: 4
[10:42:41.477]     INFO:         ctr: 4
[10:42:41.477]     INFO:         sda: 19
[10:42:41.477]     INFO:         tin: 9
[10:42:41.477]     INFO:         level: 15
[10:42:41.477]     INFO:         triggerdelay: 0
[10:42:41.477]    QUIET: Instanciating API for pxar prod-12
[10:42:41.477]     INFO: Log level: INFO
[10:42:41.488]    QUIET: Connection to board DTB_WRPRHI opened.
[10:42:41.491]     INFO: DTB startup information
--- DTB info------------------------------------------
Board id:    58
HW version:  DTB1.2
FW version:  4.2
SW version:  4.5
USB id:      DTB_WRPRHI
MAC address: 40D85511803A
Hostname:    pixelDTB058
Comment:     
------------------------------------------------------
[10:42:41.494]     INFO: RPC call hashes of host and DTB match: 398089610
[10:42:43.096]     INFO: DUT info: 
[10:42:43.096]     INFO: The DUT currently contains the following objects:
[10:42:43.096]     INFO:  2 TBM Cores tbm08c (2 ON)
[10:42:43.096]     INFO: 	TBM Core alpha (0): 7 registers set
[10:42:43.096]     INFO: 	TBM Core beta  (1): 7 registers set
[10:42:43.096]     INFO: 16 ROCs psi46digv21respin (16 ON) with 4160 pixelConfigs
[10:42:43.096]     INFO: 	ROC 0: 19 DACs set, Pixels: 0 masked, 0 active.
[10:42:43.096]     INFO: 	ROC 1: 19 DACs set, Pixels: 0 masked, 0 active.
[10:42:43.096]     INFO: 	ROC 2: 19 DACs set, Pixels: 0 masked, 0 active.
[10:42:43.096]     INFO: 	ROC 3: 19 DACs set, Pixels: 0 masked, 0 active.
[10:42:43.096]     INFO: 	ROC 4: 19 DACs set, Pixels: 0 masked, 0 active.
[10:42:43.096]     INFO: 	ROC 5: 19 DACs set, Pixels: 0 masked, 0 active.
[10:42:43.096]     INFO: 	ROC 6: 19 DACs set, Pixels: 0 masked, 0 active.
[10:42:43.096]     INFO: 	ROC 7: 19 DACs set, Pixels: 0 masked, 0 active.
[10:42:43.096]     INFO: 	ROC 8: 19 DACs set, Pixels: 0 masked, 0 active.
[10:42:43.096]     INFO: 	ROC 9: 19 DACs set, Pixels: 0 masked, 0 active.
[10:42:43.096]     INFO: 	ROC 10: 19 DACs set, Pixels: 0 masked, 0 active.
[10:42:43.096]     INFO: 	ROC 11: 19 DACs set, Pixels: 0 masked, 0 active.
[10:42:43.096]     INFO: 	ROC 12: 19 DACs set, Pixels: 0 masked, 0 active.
[10:42:43.096]     INFO: 	ROC 13: 19 DACs set, Pixels: 0 masked, 0 active.
[10:42:43.096]     INFO: 	ROC 14: 19 DACs set, Pixels: 0 masked, 0 active.
[10:42:43.096]     INFO: 	ROC 15: 19 DACs set, Pixels: 0 masked, 0 active.
[10:42:43.696]     INFO: PixTestCmd::init()
[10:42:43.703]     INFO: readGainPedestalParameters /home/CMS_pixel/Testing/pxar_prod12/data/mg246/phCalibrationFitErr_C0.dat .. /home/CMS_pixel/Testing/pxar_prod12/data/mg246/phCalibrationFitErr_C15.dat
[10:42:43.703]    ERROR: <ConfigParameters.cc/readGainPedestalParameters:L983> cannot open /home/CMS_pixel/Testing/pxar_prod12/data/mg246/phCalibrationFitErr_C0.dat for reading PH calibration constants
[10:42:43.748]     INFO: readGainPedestalParameters /home/CMS_pixel/Testing/pxar_prod12/data/mg246/phCalibrationFitErr_C0.dat .. /home/CMS_pixel/Testing/pxar_prod12/data/mg246/phCalibrationFitErr_C15.dat
[10:42:43.748]    ERROR: <ConfigParameters.cc/readGainPedestalParameters:L983> cannot open /home/CMS_pixel/Testing/pxar_prod12/data/mg246/phCalibrationFitErr_C0.dat for reading PH calibration constants
[10:42:43.794]     INFO: readReadbackCal: /home/CMS_pixel/Testing/pxar_prod12/data/mg246/readbackCal_C0.dat .. /home/CMS_pixel/Testing/pxar_prod12/data/mg246/readbackCal_C15.dat
[10:42:43.794]     INFO: readGainPedestalParameters /home/CMS_pixel/Testing/pxar_prod12/data/mg246/phCalibrationFitErr_C0.dat .. /home/CMS_pixel/Testing/pxar_prod12/data/mg246/phCalibrationFitErr_C15.dat
[10:42:43.794]    ERROR: <ConfigParameters.cc/readGainPedestalParameters:L983> cannot open /home/CMS_pixel/Testing/pxar_prod12/data/mg246/phCalibrationFitErr_C0.dat for reading PH calibration constants
[10:42:43.821]     INFO: readGainPedestalParameters /home/CMS_pixel/Testing/pxar_prod12/data/mg246/phCalibrationFitErr_C0.dat .. /home/CMS_pixel/Testing/pxar_prod12/data/mg246/phCalibrationFitErr_C15.dat
[10:42:43.821]    ERROR: <ConfigParameters.cc/readGainPedestalParameters:L983> cannot open /home/CMS_pixel/Testing/pxar_prod12/data/mg246/phCalibrationFitErr_C0.dat for reading PH calibration constants
[10:43:40.883]     INFO:    ----------------------------------------------------------------------
[10:43:40.883]     INFO:    PixTestHighRate::calDelScan() ntrig = 10, vcal = 200
[10:43:40.883]     INFO:    ----------------------------------------------------------------------
[10:43:41.023]     INFO: Expecting 768 events.
[10:43:42.162]     INFO: 768 events read in total (421ms).
[10:43:42.351]     INFO: Test took 1462ms.
[10:43:43.026]     INFO: Expecting 41600 events.
[10:43:45.995]     INFO: 41600 events read in total (2443ms).
[10:43:45.998]     INFO: Test took 3641ms.
[10:43:46.026]     INFO: Fetched DAQ statistics. Counters are being reset now.
[10:43:46.745]     INFO: Expecting 41600 events.
[10:43:49.846]     INFO: 41600 events read in total (2574ms).
[10:43:49.849]     INFO: Test took 3805ms.
[10:43:49.877]     INFO: Fetched DAQ statistics. Counters are being reset now.
[10:43:50.592]     INFO: Expecting 41600 events.
[10:43:53.740]     INFO: 41600 events read in total (2621ms).
[10:43:53.742]     INFO: Test took 3845ms.
[10:43:53.772]     INFO: Fetched DAQ statistics. Counters are being reset now.
[10:43:54.484]     INFO: Expecting 41600 events.
[10:43:57.631]     INFO: 41600 events read in total (2620ms).
[10:43:57.633]     INFO: Test took 3841ms.
[10:43:57.662]     INFO: Fetched DAQ statistics. Counters are being reset now.
[10:43:58.377]     INFO: Expecting 41600 events.
[10:44:01.511]     INFO: 41600 events read in total (2607ms).
[10:44:01.513]     INFO: Test took 3832ms.
[10:44:01.543]     INFO: Fetched DAQ statistics. Counters are being reset now.
[10:44:02.255]     INFO: Expecting 41600 events.
[10:44:05.392]     INFO: 41600 events read in total (2610ms).
[10:44:05.394]     INFO: Test took 3832ms.
[10:44:05.424]     INFO: Fetched DAQ statistics. Counters are being reset now.
[10:44:06.137]     INFO: Expecting 41600 events.
[10:44:09.280]     INFO: 41600 events read in total (2617ms).
[10:44:09.282]     INFO: Test took 3838ms.
[10:44:09.312]     INFO: Fetched DAQ statistics. Counters are being reset now.
[10:44:10.025]     INFO: Expecting 41600 events.
[10:44:13.124]     INFO: 41600 events read in total (2573ms).
[10:44:13.126]     INFO: Test took 3794ms.
[10:44:13.155]     INFO: Fetched DAQ statistics. Counters are being reset now.
[10:44:13.868]     INFO: Expecting 41600 events.
[10:44:17.007]     INFO: 41600 events read in total (2612ms).
[10:44:17.009]     INFO: Test took 3834ms.
[10:44:17.038]     INFO: Fetched DAQ statistics. Counters are being reset now.
[10:44:17.750]     INFO: Expecting 41600 events.
[10:44:20.888]     INFO: 41600 events read in total (2611ms).
[10:44:20.891]     INFO: Test took 3833ms.
[10:44:20.919]     INFO: Fetched DAQ statistics. Counters are being reset now.
[10:44:21.632]     INFO: Expecting 41600 events.
[10:44:24.763]     INFO: 41600 events read in total (2604ms).
[10:44:24.765]     INFO: Test took 3825ms.
[10:44:24.794]     INFO: Fetched DAQ statistics. Counters are being reset now.
[10:44:25.508]     INFO: Expecting 41600 events.
[10:44:28.660]     INFO: 41600 events read in total (2625ms).
[10:44:28.662]     INFO: Test took 3848ms.
[10:44:28.691]     INFO: Fetched DAQ statistics. Counters are being reset now.
[10:44:29.404]     INFO: Expecting 41600 events.
[10:44:32.554]     INFO: 41600 events read in total (2623ms).
[10:44:32.556]     INFO: Test took 3845ms.
[10:44:32.585]     INFO: Fetched DAQ statistics. Counters are being reset now.
[10:44:33.299]     INFO: Expecting 41600 events.
[10:44:36.450]     INFO: 41600 events read in total (2625ms).
[10:44:36.452]     INFO: Test took 3847ms.
[10:44:36.481]     INFO: Fetched DAQ statistics. Counters are being reset now.
[10:44:37.194]     INFO: Expecting 41600 events.
[10:44:40.343]     INFO: 41600 events read in total (2622ms).
[10:44:40.345]     INFO: Test took 3844ms.
[10:44:40.374]     INFO: Fetched DAQ statistics. Counters are being reset now.
[10:44:41.087]     INFO: Expecting 41600 events.
[10:44:44.238]     INFO: 41600 events read in total (2625ms).
[10:44:44.240]     INFO: Test took 3846ms.
[10:44:44.269]     INFO: Fetched DAQ statistics. Counters are being reset now.
[10:44:44.982]     INFO: Expecting 41600 events.
[10:44:48.113]     INFO: 41600 events read in total (2604ms).
[10:44:48.116]     INFO: Test took 3827ms.
[10:44:48.144]     INFO: Fetched DAQ statistics. Counters are being reset now.
[10:44:48.858]     INFO: Expecting 41600 events.
[10:44:51.978]     INFO: 41600 events read in total (2593ms).
[10:44:51.981]     INFO: Test took 3816ms.
[10:44:52.011]     INFO: Fetched DAQ statistics. Counters are being reset now.
[10:44:52.723]     INFO: Expecting 41600 events.
[10:44:55.844]     INFO: 41600 events read in total (2594ms).
[10:44:55.847]     INFO: Test took 3815ms.
[10:44:55.876]     INFO: Fetched DAQ statistics. Counters are being reset now.
[10:44:56.588]     INFO: Expecting 41600 events.
[10:44:59.539]     INFO: 41600 events read in total (2424ms).
[10:44:59.542]     INFO: Test took 3646ms.
[10:44:59.571]     INFO: Fetched DAQ statistics. Counters are being reset now.
[10:45:18.475]     INFO:    ----------------------------------------------------------------------
[10:45:18.475]     INFO:    PixTestHighRate::xPixelAlive() ntrig = 50, vcal = 200
[10:45:18.475]     INFO:    ----------------------------------------------------------------------
[10:45:19.179]     INFO: Expecting 208000 events.
[10:45:30.717]     INFO: 208000 events read in total (11011ms).
[10:45:30.722]     INFO: Test took 12209ms.
[10:45:30.825]     INFO: Fetched DAQ statistics. Counters are being reset now.
[10:45:31.104]     INFO: number of dead pixels (per ROC):     0    0    0    0    0    0    0    0    0    0    0    0    0    0    0    0
[10:45:31.104]     INFO: number of red-efficiency pixels:    15   20   30   40   55   39   35   26   37   45   35   40   33   26   20   20
[10:45:31.104]     INFO: number of X-ray hits detected:    18613 16650 29982 45147 51066 42269 36337 33439 46763 44382 40877 35461 37646 28284 14924 22609
[10:45:31.104]     INFO: number of triggers sent (total per ROC):  208000 208000 208000 208000 208000 208000 208000 208000 208000 208000 208000 208000 208000 208000 208000 208000
[10:45:31.104]     INFO: number of Vcal hits detected:  207985 207980 207970 207960 207944 207961 207965 207973 207963 207955 207965 207960 207967 207974 207980 207980
[10:45:31.104]     INFO: Vcal hit fiducial efficiency (%):  100.0 100.0 100.0 100.0 100.0 100.0 100.0 100.0 100.0 100.0 100.0 100.0 100.0 100.0 100.0 100.0
[10:45:31.104]     INFO: Vcal hit overall efficiency (%):  100.0 100.0 100.0 100.0 100.0 100.0 100.0 100.0 100.0 100.0 100.0 100.0 100.0 100.0 100.0 100.0
[10:45:31.104]     INFO: X-ray hit rate [MHz/cm2]:  5.5 4.9 8.8 13.2 15.0 12.4 10.7 9.8 13.7 13.0 12.0 10.4 11.0 8.3 4.4 6.6
[10:45:31.104]     INFO: PixTestHighRate::doXPixelAlive() done
[10:45:31.149]     INFO: PixTest::       pg_setup set to default.
[10:45:42.483]     INFO:    ----------------------------------------------------------------------
[10:45:42.483]     INFO:    PixTestHighRate::runDaq() running for 2 seconds
[10:45:42.483]     INFO:    ----------------------------------------------------------------------
[10:45:43.638]     INFO: PixTestHighRate::doHitMap start TriggerLoop with trigger frequency 20 kHz, period 2011 and duration 2 seconds
[10:45:45.641]     INFO: data taking finished, elapsed time: 2 seconds.
[10:45:46.818]     INFO: PixTest::       pg_setup set to default.
[10:45:46.990]     INFO: Pixels without X-ray hits (per ROC):  2205  2441  1727   891   741   927  1121  1168   742   879  1013  1166  1053  1661  2544  2034 
[10:45:46.990]     INFO: PixTestHighRate::doRunDaq() done
[10:47:00.107]    QUIET: Connection to board 58 closed.
