[10:33:37.323]     INFO: *** Welcome to pxar ***
[10:33:37.323]     INFO: *** Today: 2016/02/09
[10:33:37.338]     INFO: *** Version: prod-12-105-g46f2
[10:33:37.338]     INFO: readRocDacs: /home/CMS_pixel/Testing/pxar_prod12/data/mg246/dacParameters_C0.dat .. /home/CMS_pixel/Testing/pxar_prod12/data/mg246/dacParameters_C15.dat
[10:33:37.339]     INFO: readTbmDacs: /home/CMS_pixel/Testing/pxar_prod12/data/mg246/tbmParameters_C0a.dat .. /home/CMS_pixel/Testing/pxar_prod12/data/mg246/tbmParameters_C0b.dat
[10:33:37.339]     INFO: readMaskFile: /home/CMS_pixel/Testing/pxar_prod12/data/mg246/defaultMaskFile.dat
[10:33:37.339]     INFO: readTrimFile: /home/CMS_pixel/Testing/pxar_prod12/data/mg246/trimParameters_C0.dat .. /home/CMS_pixel/Testing/pxar_prod12/data/mg246/trimParameters_C15.dat
[10:33:37.491]     INFO:         clk: 4
[10:33:37.491]     INFO:         ctr: 4
[10:33:37.491]     INFO:         sda: 19
[10:33:37.491]     INFO:         tin: 9
[10:33:37.491]     INFO:         level: 15
[10:33:37.491]     INFO:         triggerdelay: 0
[10:33:37.491]    QUIET: Instanciating API for pxar prod-12
[10:33:37.491]     INFO: Log level: INFO
[10:33:37.501]    QUIET: Connection to board DTB_WRPRHI opened.
[10:33:37.505]     INFO: DTB startup information
--- DTB info------------------------------------------
Board id:    58
HW version:  DTB1.2
FW version:  4.2
SW version:  4.5
USB id:      DTB_WRPRHI
MAC address: 40D85511803A
Hostname:    pixelDTB058
Comment:     
------------------------------------------------------
[10:33:37.508]     INFO: RPC call hashes of host and DTB match: 398089610
[10:33:39.109]     INFO: DUT info: 
[10:33:39.109]     INFO: The DUT currently contains the following objects:
[10:33:39.109]     INFO:  2 TBM Cores tbm08c (2 ON)
[10:33:39.109]     INFO: 	TBM Core alpha (0): 7 registers set
[10:33:39.109]     INFO: 	TBM Core beta  (1): 7 registers set
[10:33:39.109]     INFO: 16 ROCs psi46digv21respin (16 ON) with 4160 pixelConfigs
[10:33:39.109]     INFO: 	ROC 0: 19 DACs set, Pixels: 0 masked, 0 active.
[10:33:39.109]     INFO: 	ROC 1: 19 DACs set, Pixels: 0 masked, 0 active.
[10:33:39.109]     INFO: 	ROC 2: 19 DACs set, Pixels: 0 masked, 0 active.
[10:33:39.109]     INFO: 	ROC 3: 19 DACs set, Pixels: 0 masked, 0 active.
[10:33:39.109]     INFO: 	ROC 4: 19 DACs set, Pixels: 0 masked, 0 active.
[10:33:39.109]     INFO: 	ROC 5: 19 DACs set, Pixels: 0 masked, 0 active.
[10:33:39.109]     INFO: 	ROC 6: 19 DACs set, Pixels: 0 masked, 0 active.
[10:33:39.109]     INFO: 	ROC 7: 19 DACs set, Pixels: 0 masked, 0 active.
[10:33:39.109]     INFO: 	ROC 8: 19 DACs set, Pixels: 0 masked, 0 active.
[10:33:39.109]     INFO: 	ROC 9: 19 DACs set, Pixels: 0 masked, 0 active.
[10:33:39.109]     INFO: 	ROC 10: 19 DACs set, Pixels: 0 masked, 0 active.
[10:33:39.109]     INFO: 	ROC 11: 19 DACs set, Pixels: 0 masked, 0 active.
[10:33:39.109]     INFO: 	ROC 12: 19 DACs set, Pixels: 0 masked, 0 active.
[10:33:39.109]     INFO: 	ROC 13: 19 DACs set, Pixels: 0 masked, 0 active.
[10:33:39.109]     INFO: 	ROC 14: 19 DACs set, Pixels: 0 masked, 0 active.
[10:33:39.109]     INFO: 	ROC 15: 19 DACs set, Pixels: 0 masked, 0 active.
[10:33:39.709]     INFO: PixTestCmd::init()
[10:33:39.715]     INFO: readGainPedestalParameters /home/CMS_pixel/Testing/pxar_prod12/data/mg246/phCalibrationFitErr_C0.dat .. /home/CMS_pixel/Testing/pxar_prod12/data/mg246/phCalibrationFitErr_C15.dat
[10:33:39.715]    ERROR: <ConfigParameters.cc/readGainPedestalParameters:L983> cannot open /home/CMS_pixel/Testing/pxar_prod12/data/mg246/phCalibrationFitErr_C0.dat for reading PH calibration constants
[10:33:39.759]     INFO: readGainPedestalParameters /home/CMS_pixel/Testing/pxar_prod12/data/mg246/phCalibrationFitErr_C0.dat .. /home/CMS_pixel/Testing/pxar_prod12/data/mg246/phCalibrationFitErr_C15.dat
[10:33:39.759]    ERROR: <ConfigParameters.cc/readGainPedestalParameters:L983> cannot open /home/CMS_pixel/Testing/pxar_prod12/data/mg246/phCalibrationFitErr_C0.dat for reading PH calibration constants
[10:33:39.804]     INFO: readReadbackCal: /home/CMS_pixel/Testing/pxar_prod12/data/mg246/readbackCal_C0.dat .. /home/CMS_pixel/Testing/pxar_prod12/data/mg246/readbackCal_C15.dat
[10:33:39.805]     INFO: readGainPedestalParameters /home/CMS_pixel/Testing/pxar_prod12/data/mg246/phCalibrationFitErr_C0.dat .. /home/CMS_pixel/Testing/pxar_prod12/data/mg246/phCalibrationFitErr_C15.dat
[10:33:39.805]    ERROR: <ConfigParameters.cc/readGainPedestalParameters:L983> cannot open /home/CMS_pixel/Testing/pxar_prod12/data/mg246/phCalibrationFitErr_C0.dat for reading PH calibration constants
[10:33:39.831]     INFO: readGainPedestalParameters /home/CMS_pixel/Testing/pxar_prod12/data/mg246/phCalibrationFitErr_C0.dat .. /home/CMS_pixel/Testing/pxar_prod12/data/mg246/phCalibrationFitErr_C15.dat
[10:33:39.831]    ERROR: <ConfigParameters.cc/readGainPedestalParameters:L983> cannot open /home/CMS_pixel/Testing/pxar_prod12/data/mg246/phCalibrationFitErr_C0.dat for reading PH calibration constants
[10:33:48.067]     INFO:    ----------------------------------------------------------------------
[10:33:48.067]     INFO:    PixTestHighRate::calDelScan() ntrig = 10, vcal = 200
[10:33:48.067]     INFO:    ----------------------------------------------------------------------
[10:33:48.207]     INFO: Expecting 768 events.
[10:33:49.345]     INFO: 768 events read in total (420ms).
[10:33:49.534]     INFO: Test took 1461ms.
[10:33:50.211]     INFO: Expecting 41600 events.
[10:33:53.651]     INFO: 41600 events read in total (2914ms).
[10:33:53.656]     INFO: Test took 4116ms.
[10:33:53.750]     INFO: Fetched DAQ statistics. Counters are being reset now.
[10:33:54.459]     INFO: Expecting 41600 events.
[10:33:57.998]     INFO: 41600 events read in total (3012ms).
[10:33:58.004]     INFO: Test took 4210ms.
[10:33:58.099]     INFO: Fetched DAQ statistics. Counters are being reset now.
[10:33:58.809]     INFO: Expecting 41600 events.
[10:34:02.357]     INFO: 41600 events read in total (3021ms).
[10:34:02.362]     INFO: Test took 4219ms.
[10:34:02.456]     INFO: Fetched DAQ statistics. Counters are being reset now.
[10:34:03.165]     INFO: Expecting 41600 events.
[10:34:06.725]     INFO: 41600 events read in total (3033ms).
[10:34:06.729]     INFO: Test took 4229ms.
[10:34:06.858]     INFO: Fetched DAQ statistics. Counters are being reset now.
[10:34:07.567]     INFO: Expecting 41600 events.
[10:34:11.147]     INFO: 41600 events read in total (3053ms).
[10:34:11.151]     INFO: Test took 4249ms.
[10:34:11.246]     INFO: Fetched DAQ statistics. Counters are being reset now.
[10:34:11.955]     INFO: Expecting 41600 events.
[10:34:15.532]     INFO: 41600 events read in total (3050ms).
[10:34:15.536]     INFO: Test took 4246ms.
[10:34:15.630]     INFO: Fetched DAQ statistics. Counters are being reset now.
[10:34:16.340]     INFO: Expecting 41600 events.
[10:34:19.920]     INFO: 41600 events read in total (3054ms).
[10:34:19.924]     INFO: Test took 4249ms.
[10:34:20.018]     INFO: Fetched DAQ statistics. Counters are being reset now.
[10:34:20.728]     INFO: Expecting 41600 events.
[10:34:24.333]     INFO: 41600 events read in total (3078ms).
[10:34:24.337]     INFO: Test took 4274ms.
[10:34:24.431]     INFO: Fetched DAQ statistics. Counters are being reset now.
[10:34:25.141]     INFO: Expecting 41600 events.
[10:34:28.742]     INFO: 41600 events read in total (3074ms).
[10:34:28.746]     INFO: Test took 4270ms.
[10:34:28.841]     INFO: Fetched DAQ statistics. Counters are being reset now.
[10:34:29.552]     INFO: Expecting 41600 events.
[10:34:33.153]     INFO: 41600 events read in total (3075ms).
[10:34:33.157]     INFO: Test took 4271ms.
[10:34:33.251]     INFO: Fetched DAQ statistics. Counters are being reset now.
[10:34:33.961]     INFO: Expecting 41600 events.
[10:34:37.552]     INFO: 41600 events read in total (3065ms).
[10:34:37.556]     INFO: Test took 4260ms.
[10:34:37.650]     INFO: Fetched DAQ statistics. Counters are being reset now.
[10:34:38.362]     INFO: Expecting 41600 events.
[10:34:41.960]     INFO: 41600 events read in total (3071ms).
[10:34:41.964]     INFO: Test took 4269ms.
[10:34:42.058]     INFO: Fetched DAQ statistics. Counters are being reset now.
[10:34:42.768]     INFO: Expecting 41600 events.
[10:34:46.367]     INFO: 41600 events read in total (3072ms).
[10:34:46.371]     INFO: Test took 4268ms.
[10:34:46.464]     INFO: Fetched DAQ statistics. Counters are being reset now.
[10:34:47.175]     INFO: Expecting 41600 events.
[10:34:50.768]     INFO: 41600 events read in total (3066ms).
[10:34:50.772]     INFO: Test took 4262ms.
[10:34:50.866]     INFO: Fetched DAQ statistics. Counters are being reset now.
[10:34:51.576]     INFO: Expecting 41600 events.
[10:34:55.156]     INFO: 41600 events read in total (3053ms).
[10:34:55.160]     INFO: Test took 4249ms.
[10:34:55.254]     INFO: Fetched DAQ statistics. Counters are being reset now.
[10:34:55.964]     INFO: Expecting 41600 events.
[10:34:59.560]     INFO: 41600 events read in total (3069ms).
[10:34:59.564]     INFO: Test took 4265ms.
[10:34:59.661]     INFO: Fetched DAQ statistics. Counters are being reset now.
[10:35:00.371]     INFO: Expecting 41600 events.
[10:35:03.948]     INFO: 41600 events read in total (3050ms).
[10:35:03.952]     INFO: Test took 4246ms.
[10:35:04.045]     INFO: Fetched DAQ statistics. Counters are being reset now.
[10:35:04.756]     INFO: Expecting 41600 events.
[10:35:08.337]     INFO: 41600 events read in total (3054ms).
[10:35:08.341]     INFO: Test took 4250ms.
[10:35:08.435]     INFO: Fetched DAQ statistics. Counters are being reset now.
[10:35:09.146]     INFO: Expecting 41600 events.
[10:35:12.715]     INFO: 41600 events read in total (3042ms).
[10:35:12.720]     INFO: Test took 4239ms.
[10:35:12.817]     INFO: Fetched DAQ statistics. Counters are being reset now.
[10:35:13.528]     INFO: Expecting 41600 events.
[10:35:16.899]     INFO: 41600 events read in total (2845ms).
[10:35:16.903]     INFO: Test took 4041ms.
[10:35:16.995]     INFO: Fetched DAQ statistics. Counters are being reset now.
[10:35:55.547]     INFO:    ----------------------------------------------------------------------
[10:35:55.547]     INFO:    PixTestHighRate::xPixelAlive() ntrig = 50, vcal = 200
[10:35:55.547]     INFO:    ----------------------------------------------------------------------
[10:35:56.253]     INFO: Expecting 208000 events.
[10:36:10.488]     INFO: 208000 events read in total (13708ms).
[10:36:10.501]     INFO: Test took 14916ms.
[10:36:10.991]     INFO: Fetched DAQ statistics. Counters are being reset now.
[10:36:11.392]     INFO: number of dead pixels (per ROC):     0    0    0    0    0    0    0    0    0    0    0    0    0    0    0    0
[10:36:11.392]     INFO: number of red-efficiency pixels:    83   92  182  326  349  251  250  229  358  305  257  215  219  200   87  114
[10:36:11.392]     INFO: number of X-ray hits detected:    83102 72025 132562 199546 224046 185195 158180 148887 206983 194129 180016 155361 164950 124810 66226 99337
[10:36:11.392]     INFO: number of triggers sent (total per ROC):  208000 208000 208000 208000 208000 208000 208000 208000 208000 208000 208000 208000 208000 208000 208000 208000
[10:36:11.392]     INFO: number of Vcal hits detected:  207915 207906 207812 207653 207629 207739 207736 207763 207623 207674 207732 207780 207772 207789 207911 207885
[10:36:11.392]     INFO: Vcal hit fiducial efficiency (%):  100.0 100.0 99.9 99.8 99.8 99.9 99.9 99.9 99.8 99.9 99.9 99.9 99.9 99.9 100.0 99.9
[10:36:11.392]     INFO: Vcal hit overall efficiency (%):  100.0 100.0 99.9 99.8 99.8 99.9 99.9 99.9 99.8 99.8 99.9 99.9 99.9 99.9 100.0 99.9
[10:36:11.392]     INFO: X-ray hit rate [MHz/cm2]:  24.4 21.1 38.9 58.5 65.7 54.3 46.4 43.6 60.7 56.9 52.8 45.5 48.3 36.6 19.4 29.1
[10:36:11.392]     INFO: PixTestHighRate::doXPixelAlive() done
[10:36:11.437]     INFO: PixTest::       pg_setup set to default.
[10:36:19.515]     INFO:    ----------------------------------------------------------------------
[10:36:19.515]     INFO:    PixTestHighRate::runDaq() running for 2 seconds
[10:36:19.515]     INFO:    ----------------------------------------------------------------------
[10:36:20.666]     INFO: PixTestHighRate::doHitMap start TriggerLoop with trigger frequency 20 kHz, period 2011 and duration 2 seconds
[10:36:22.669]     INFO: data taking finished, elapsed time: 2 seconds.
[10:36:24.274]     INFO: PixTest::       pg_setup set to default.
[10:36:24.406]     INFO: Pixels without X-ray hits (per ROC):   835  1116   721   159   153   138   186   186   112   146   153   288   176   675  1153   618 
[10:36:24.406]     INFO: PixTestHighRate::doRunDaq() done
[10:36:48.287]    QUIET: Connection to board 58 closed.
