[14:18:12.211]     INFO: *** Welcome to pxar ***
[14:18:12.211]     INFO: *** Today: 2016/02/03
[14:18:12.227]     INFO: *** Version: prod-12-105-g46f2
[14:18:12.227]     INFO: readRocDacs: ./data/mg204/dacParameters35_C0.dat .. ./data/mg204/dacParameters35_C15.dat
[14:18:12.228]     INFO: readTbmDacs: ./data/mg204/tbmParameters_C0a.dat .. ./data/mg204/tbmParameters_C0b.dat
[14:18:12.228]     INFO: readMaskFile: ./data/mg204/defaultMaskFile.dat
[14:18:12.228]     INFO: readTrimFile: ./data/mg204/trimParameters35_C0.dat .. ./data/mg204/trimParameters35_C15.dat
[14:18:12.381]     INFO:         clk: 4
[14:18:12.381]     INFO:         ctr: 4
[14:18:12.381]     INFO:         sda: 19
[14:18:12.381]     INFO:         tin: 9
[14:18:12.381]     INFO:         level: 15
[14:18:12.381]     INFO:         triggerdelay: 0
[14:18:12.381]    QUIET: Instanciating API for pxar prod-12
[14:18:12.381]     INFO: Log level: INFO
[14:18:12.391]    QUIET: Connection to board DTB_WRPRHI opened.
[14:18:12.394]     INFO: DTB startup information
--- DTB info------------------------------------------
Board id:    58
HW version:  DTB1.2
FW version:  4.2
SW version:  4.5
USB id:      DTB_WRPRHI
MAC address: 40D85511803A
Hostname:    pixelDTB058
Comment:     
------------------------------------------------------
[14:18:12.397]     INFO: RPC call hashes of host and DTB match: 398089610
[14:18:14.001]     INFO: DUT info: 
[14:18:14.001]     INFO: The DUT currently contains the following objects:
[14:18:14.001]     INFO:  2 TBM Cores tbm08c (2 ON)
[14:18:14.001]     INFO: 	TBM Core alpha (0): 7 registers set
[14:18:14.001]     INFO: 	TBM Core beta  (1): 7 registers set
[14:18:14.001]     INFO: 16 ROCs psi46digv21respin (16 ON) with 4160 pixelConfigs
[14:18:14.001]     INFO: 	ROC 0: 19 DACs set, Pixels: 0 masked, 0 active.
[14:18:14.001]     INFO: 	ROC 1: 19 DACs set, Pixels: 0 masked, 0 active.
[14:18:14.001]     INFO: 	ROC 2: 19 DACs set, Pixels: 0 masked, 0 active.
[14:18:14.001]     INFO: 	ROC 3: 19 DACs set, Pixels: 0 masked, 0 active.
[14:18:14.001]     INFO: 	ROC 4: 19 DACs set, Pixels: 0 masked, 0 active.
[14:18:14.001]     INFO: 	ROC 5: 19 DACs set, Pixels: 0 masked, 0 active.
[14:18:14.001]     INFO: 	ROC 6: 19 DACs set, Pixels: 0 masked, 0 active.
[14:18:14.001]     INFO: 	ROC 7: 19 DACs set, Pixels: 0 masked, 0 active.
[14:18:14.001]     INFO: 	ROC 8: 19 DACs set, Pixels: 0 masked, 0 active.
[14:18:14.001]     INFO: 	ROC 9: 19 DACs set, Pixels: 0 masked, 0 active.
[14:18:14.001]     INFO: 	ROC 10: 19 DACs set, Pixels: 0 masked, 0 active.
[14:18:14.001]     INFO: 	ROC 11: 19 DACs set, Pixels: 0 masked, 0 active.
[14:18:14.001]     INFO: 	ROC 12: 19 DACs set, Pixels: 0 masked, 0 active.
[14:18:14.001]     INFO: 	ROC 13: 19 DACs set, Pixels: 0 masked, 0 active.
[14:18:14.001]     INFO: 	ROC 14: 19 DACs set, Pixels: 0 masked, 0 active.
[14:18:14.001]     INFO: 	ROC 15: 19 DACs set, Pixels: 0 masked, 0 active.
[14:18:14.602]     INFO: PixTestCmd::init()
[14:18:14.613]     INFO: readGainPedestalParameters ./data/mg204/phCalibrationFitErr35_C0.dat .. ./data/mg204/phCalibrationFitErr35_C15.dat
[14:18:14.914]     INFO: readReadbackCal: ./data/mg204/readbackCal_C0.dat .. ./data/mg204/readbackCal_C15.dat
[14:21:54.795]     INFO:    ----------------------------------------------------------------------
[14:21:54.795]     INFO:    PixTest::maskHotPixels() running for 10 seconds with 100 kHz trigger rate
[14:21:54.795]     INFO:    ----------------------------------------------------------------------
[14:21:55.756]     INFO: PixTestHighRate::maskHotPixels start TriggerLoop with period 404 and duration 10 seconds and trigger rate 100 kHz
[14:22:04.795]     INFO: Done with hot pixel readout
[14:22:19.344]     INFO: PixTest::       pg_setup set to default.
[14:22:19.345]     INFO: no hot pixel found!
[14:22:19.345]     INFO: PixTest::maskHotPixels() done
[14:22:19.351]     INFO: write masked pixels into ./data/mg204/defaultMaskFile.dat
[14:24:02.235]    QUIET: Connection to board 58 closed.
