[15:03:00.967]     INFO: *** Welcome to pxar ***
[15:03:00.967]     INFO: *** Today: 2016/02/03
[15:03:00.982]     INFO: *** Version: prod-12-105-g46f2
[15:03:00.982]     INFO: readRocDacs: ./data/mg204/dacParameters35_C0.dat .. ./data/mg204/dacParameters35_C15.dat
[15:03:00.983]     INFO: readTbmDacs: ./data/mg204/tbmParameters_C0a.dat .. ./data/mg204/tbmParameters_C0b.dat
[15:03:00.983]     INFO: readMaskFile: ./data/mg204/defaultMaskFile.dat
[15:03:00.983]     INFO: readTrimFile: ./data/mg204/trimParameters35_C0.dat .. ./data/mg204/trimParameters35_C15.dat
[15:03:01.136]     INFO:         clk: 4
[15:03:01.136]     INFO:         ctr: 4
[15:03:01.136]     INFO:         sda: 19
[15:03:01.136]     INFO:         tin: 9
[15:03:01.136]     INFO:         level: 15
[15:03:01.136]     INFO:         triggerdelay: 0
[15:03:01.136]    QUIET: Instanciating API for pxar prod-12
[15:03:01.136]     INFO: Log level: INFO
[15:03:01.147]    QUIET: Connection to board DTB_WRPRHI opened.
[15:03:01.150]     INFO: DTB startup information
--- DTB info------------------------------------------
Board id:    58
HW version:  DTB1.2
FW version:  4.2
SW version:  4.5
USB id:      DTB_WRPRHI
MAC address: 40D85511803A
Hostname:    pixelDTB058
Comment:     
------------------------------------------------------
[15:03:01.153]     INFO: RPC call hashes of host and DTB match: 398089610
[15:03:02.755]     INFO: DUT info: 
[15:03:02.755]     INFO: The DUT currently contains the following objects:
[15:03:02.755]     INFO:  2 TBM Cores tbm08c (2 ON)
[15:03:02.755]     INFO: 	TBM Core alpha (0): 7 registers set
[15:03:02.755]     INFO: 	TBM Core beta  (1): 7 registers set
[15:03:02.755]     INFO: 16 ROCs psi46digv21respin (16 ON) with 4160 pixelConfigs
[15:03:02.755]     INFO: 	ROC 0: 19 DACs set, Pixels: 0 masked, 0 active.
[15:03:02.755]     INFO: 	ROC 1: 19 DACs set, Pixels: 0 masked, 0 active.
[15:03:02.755]     INFO: 	ROC 2: 19 DACs set, Pixels: 0 masked, 0 active.
[15:03:02.755]     INFO: 	ROC 3: 19 DACs set, Pixels: 0 masked, 0 active.
[15:03:02.755]     INFO: 	ROC 4: 19 DACs set, Pixels: 0 masked, 0 active.
[15:03:02.755]     INFO: 	ROC 5: 19 DACs set, Pixels: 0 masked, 0 active.
[15:03:02.755]     INFO: 	ROC 6: 19 DACs set, Pixels: 0 masked, 0 active.
[15:03:02.755]     INFO: 	ROC 7: 19 DACs set, Pixels: 0 masked, 0 active.
[15:03:02.755]     INFO: 	ROC 8: 19 DACs set, Pixels: 0 masked, 0 active.
[15:03:02.756]     INFO: 	ROC 9: 19 DACs set, Pixels: 0 masked, 0 active.
[15:03:02.756]     INFO: 	ROC 10: 19 DACs set, Pixels: 0 masked, 0 active.
[15:03:02.756]     INFO: 	ROC 11: 19 DACs set, Pixels: 0 masked, 0 active.
[15:03:02.756]     INFO: 	ROC 12: 19 DACs set, Pixels: 0 masked, 0 active.
[15:03:02.756]     INFO: 	ROC 13: 19 DACs set, Pixels: 0 masked, 0 active.
[15:03:02.756]     INFO: 	ROC 14: 19 DACs set, Pixels: 0 masked, 0 active.
[15:03:02.756]     INFO: 	ROC 15: 19 DACs set, Pixels: 0 masked, 0 active.
[15:03:03.357]     INFO: PixTestCmd::init()
[15:03:03.363]     INFO: readGainPedestalParameters ./data/mg204/phCalibrationFitErr35_C0.dat .. ./data/mg204/phCalibrationFitErr35_C15.dat
[15:03:03.667]     INFO: readReadbackCal: ./data/mg204/readbackCal_C0.dat .. ./data/mg204/readbackCal_C15.dat
[15:03:15.472]     INFO:    ----------------------------------------------------------------------
[15:03:15.472]     INFO:    PixTestHighRate::calDelScan() ntrig = 10, vcal = 200
[15:03:15.472]     INFO:    ----------------------------------------------------------------------
[15:03:15.613]     INFO: Expecting 768 events.
[15:03:16.751]     INFO: 768 events read in total (420ms).
[15:03:16.940]     INFO: Test took 1463ms.
[15:03:17.615]     INFO: Expecting 41600 events.
[15:03:21.384]     INFO: 41600 events read in total (3242ms).
[15:03:21.389]     INFO: Test took 4443ms.
[15:03:21.539]     INFO: Fetched DAQ statistics. Counters are being reset now.
[15:03:22.274]     INFO: Expecting 41600 events.
[15:03:26.131]     INFO: 41600 events read in total (3330ms).
[15:03:26.136]     INFO: Test took 4531ms.
[15:03:26.276]     INFO: Fetched DAQ statistics. Counters are being reset now.
[15:03:27.006]     INFO: Expecting 41600 events.
[15:03:29.388]    ERROR: <datapipe.cc/CheckEventID:L463> Channel 0 Event ID mismatch:  local ID (19) !=  TBM ID (20)
[15:03:29.388]    ERROR: <datapipe.cc/CheckEventID:L463> Channel 1 Event ID mismatch:  local ID (19) !=  TBM ID (20)
[15:03:29.388]    ERROR: <datapipe.cc/Read:L164> Dumping the flawed event +- 3 events:
[15:03:29.389]    ERROR: <datapipe.cc/Read:L166> ====== 0 ====== a017 8040 4388 34a 228d 4388 354 2868 34a 22a4 4388 34a 2269 4388 20b 2a6d 31b 2685 34a 2285 559 224f 4388 344 200f 34a 2282 699 2869 4388 34a 2285 81c 2a44 4388 89 2446 34a 22a5 84a 2245 859 264d 4388 34a 228d e002 c000 
[15:03:29.389]    ERROR: <datapipe.cc/Read:L166> ====== 0 ====== a010 80b1 43c8 34a 268d 43c8 315 2a45 34a 26a5 43c8 34a 2681 43c8 34a 2684 558 2447 43c8 13 2862 34a 2685 351 2664 51b 286c 43c8 34a 2687 845 2065 43c8 34a 268d 43c8 34a 268c 653 2845 e002 c000 
[15:03:29.389]    ERROR: <datapipe.cc/Read:L166> ====== 0 ====== a011 80c0 43c8 34a 2289 43c8 100 2849 34a 22ad 43c8 34a 2269 749 2669 43c8 2d9 2429 43c9 208 2a68 34a 2289 43c9 4d5 2849 843 2665 43c9 34a 22a5 451 204d 44a 2047 861 2a68 43c9 29c 224c 34a 2289 e002 c000 
[15:03:29.389]    ERROR: <datapipe.cc/Read:L166> ====== 0 ====== a012 8000 43c8 34a 228d 43c8 34a 228d 43c9 304 262f 34a 226d 43c9 34a 2285 43c8 34a 2283 445 20a3 43c8 34a 2289 85a 2a6d 43c9 34a 22a5 840 2625 43c9 34a 228d 351 2a2d e002 c000 
[15:03:29.389]    ERROR: <datapipe.cc/Read:L166> ====== 0 ====== a014 80b1 4388 285 204c 34a 228d 618 2a65 69b 2881 4388 34a 22a4 4388 219 2467 34a 226c 440 244d 551 2a65 4388 34a 228d 514 2665 694 2449 690 2a2d 691 2245 6d5 264c 4388 111 2042 110 284f 34a 228d 64d 246d 85c 2660 4388 34a 2289 4388 34a 228d 85d 204d 4388 34a 2285 509 2a45 e002 c000 
[15:03:29.389]    ERROR: <datapipe.cc/Read:L166> ====== 0 ====== a015 80c0 4388 34a 2289 4388 34a 22a5 4388 34a 2269 4388 34a 2285 499 204f 4388 18 2a4f 319 2485 34a 2289 4388 151 202d 34a 228d 4388 34a 228d 4388 cc 2a2d 34a 2289 e002 c000 
[15:03:29.389]    ERROR: <datapipe.cc/Read:L166> ====== 0 ====== a016 8000 4388 34a 2286 84b 204f 4388 34a 2289 4388 10a 2a63 34a 2285 402 2069 4388 34a 2265 4388 151 2469 34a 228f 511 2449 4388 53 264d cd 2462 34a 2281 748 224f 4388 43 204d 34a 228f 50d 284d 71c 2461 4388 34a 2285 515 2061 511 2269 e002 c000 
[15:03:29.389]    ERROR: <datapipe.cc/Read:L164> Dumping the flawed event +- 3 events:
[15:03:29.389]    ERROR: <datapipe.cc/Read:L166> ====== 0 ====== a117 8040 4388 34a 228f 660 2a6d 4388 34a 22ad 4388 db 22a5 34a 22a0 504 2a45 4388 34a 2285 760 2a62 761 224d 4388 34a 22ad 4388 314 2845 34a 22a1 4388 8d 2800 8d 2400 4388 34a 22a5 e002 c000 
[15:03:29.389]    ERROR: <datapipe.cc/Read:L166> ====== 0 ====== a110 80b1 43c9 34a 2689 34b 2285 43c9 1 2849 34a 26ad 43c9 55 2847 34a 26a5 43c9 2d8 244d 31b 2a6f 34a 268f 43c9 2d9 2a82 34a 268f 643 2683 43c9 248 222d 34a 2685 43c9 43c9 34a 26a5 494 2061 e002 c000 
[15:03:29.389]    ERROR: <datapipe.cc/Read:L166> ====== 0 ====== a111 80c0 43c8 34a 22a4 4cd 2469 610 286f 43c8 19 2849 151 2889 14d 204f 14c 2863 34a 22ad 43c8 34a 228c 43c8 20d 204d 353 206d 34a 228d 71d 2869 75b 2862 43c9 34a 22a9 55b 2647 6d1 2049 719 228f 43c9 11 2868 d1 2261 34a 228c 43c9 18 2400 43c9 121 226d 34a 22a1 e002 c000 
[15:03:29.389]    ERROR: <datapipe.cc/Read:L166> ====== 0 ====== a112 8000 43c8 34a 22a2 80c 2861 43c8 4 286e 34a 22a2 4d9 2045 43c9 34d 2861 34a 22a5 43c9 34a 228d 43c8 43c8 34a 2284 43c9 619 2a00 43c9 6dc 240f e002 c000 
[15:03:29.389]    ERROR: <datapipe.cc/Read:L166> ====== 0 ====== a114 80b1 4388 201 2240 34a 22a5 65c 2642 4388 34a 22a9 4388 2ca 2462 360 206f 64a 2048 845 2461 4388 59 2447 34a 22a1 4388 22 2643 90 2844 34a 228d 689 2a65 4388 34a 2287 4388 855 2200 4388 34a 228d 698 284d e002 c000 
[15:03:29.389]    ERROR: <datapipe.cc/Read:L166> ====== 0 ====== a115 80c0 4388 222 224f 34a 22a0 4388 34a 22ac 4388 34a 22a1 4388 34a 2285 4388 34a 22a4 85a 2269 4388 149 2669 6d9 2a4c 4388 4388 34a 228d 64d 2665 e002 c000 
[15:03:29.389]    ERROR: <datapipe.cc/Read:L166> ====== 0 ====== a116 8000 4388 24d 2484 243 2665 34a 22ad 4388 19 2a67 34a 22c1 60b 2861 6c5 262b 6c5 2a85 4388 d1 2261 151 244d 28c 2262 34a 22a9 4d3 2a81 648 224f 4388 34a 2285 4388 210 2847 34a 22ad 401 264c 64a 284d 4388 34a 2285 4388 71b 2600 4388 34a 228c 618 264c e002 c000 
[15:03:29.389]  WARNING: Channel 0 ROC 0: Readback start marker after 15 readouts!
[15:03:29.389]  WARNING: Channel 0 ROC 1: Readback start marker after 15 readouts!
[15:03:29.389]  WARNING: Channel 0 ROC 2: Readback start marker after 15 readouts!
[15:03:29.389]  WARNING: Channel 0 ROC 3: Readback start marker after 15 readouts!
[15:03:29.389]  WARNING: Channel 0 ROC 4: Readback start marker after 15 readouts!
[15:03:29.389]  WARNING: Channel 0 ROC 5: Readback start marker after 15 readouts!
[15:03:29.389]  WARNING: Channel 0 ROC 6: Readback start marker after 15 readouts!
[15:03:29.389]  WARNING: Channel 0 ROC 7: Readback start marker after 15 readouts!
[15:03:29.389]  WARNING: Channel 1 ROC 0: Readback start marker after 15 readouts!
[15:03:29.389]  WARNING: Channel 1 ROC 1: Readback start marker after 15 readouts!
[15:03:29.389]  WARNING: Channel 1 ROC 2: Readback start marker after 15 readouts!
[15:03:29.389]  WARNING: Channel 1 ROC 3: Readback start marker after 15 readouts!
[15:03:29.389]  WARNING: Channel 1 ROC 4: Readback start marker after 15 readouts!
[15:03:29.389]  WARNING: Channel 1 ROC 5: Readback start marker after 15 readouts!
[15:03:29.389]  WARNING: Channel 1 ROC 6: Readback start marker after 15 readouts!
[15:03:29.389]  WARNING: Channel 1 ROC 7: Readback start marker after 15 readouts!
[15:03:29.389]    ERROR: <datapipe.cc/Read:L164> Dumping the flawed event +- 3 events:
[15:03:29.389]    ERROR: <datapipe.cc/Read:L166> ====== 0 ====== a022 8000 4388 349 2aad 4388 241 2a4d 349 2aa5 4e2 2267 521 268c 4389 349 2a80 541 264f 4389 349 2a85 84c 224d 4388 349 2aa2 4388 349 2a8f 6d0 262d 814 264f 4389 349 2aa5 70a 2861 4389 102 2025 349 2aa1 412 2449 e002 c000 
[15:03:29.389]    ERROR: <datapipe.cc/Read:L166> ====== 0 ====== a01c 80b1 4389 2d3 226d 349 2aa7 4388 349 2aa3 4388 51 2645 349 2a85 49b 284f 48d 2a47 4388 349 2a6d 4388 cb 2065 349 2a85 35b 264f 815 2a69 4388 c 2445 c 2047 34c 2067 349 2aa2 70a 244f 4389 354 2063 349 2aa4 4389 24c 2247 349 2a8d e002 c000 
[15:03:29.389]    ERROR: <datapipe.cc/Read:L166> ====== 0 ====== a01d 80c0 4388 349 2a8f 4388 349 2aa5 4389 349 2a81 4388 349 2a8d 853 2a65 4389 349 2a8d 611 2489 4389 349 2aa4 549 2a49 855 2a6b 4389 20d 2a2d 349 2aa5 34c 2261 4388 108 244c 11c 2a64 349 2a8f e002 c000 
[15:03:29.389]    ERROR: <datapipe.cc/Read:L166> ====== 0 ====== a01e 8000 4388 155 2a4d 349 2aa3 4388 4389 349 2a80 4389 341 2065 349 2aa5 519 2a4d 4389 301 2269 349 2aa5 80d 244f 4389 108 2247 108 2647 349 2a8d 4388 349 2a8d 4389 349 2aa3 4dc 282f 60b 2485 e002 c000 
[15:03:29.389]    ERROR: <datapipe.cc/Read:L166> ====== 0 ====== a01f 8040 438a a0 2a4d 349 2aa0 438b 349 2a8d 6a1 244f 438a 349 2a65 438b 104 2244 349 2a85 438b 30a 2261 349 2a8d 719 2a43 755 2881 438b 19 204b 203 286d 349 2aa1 438b 349 2a8f 651 2a69 843 2265 438a 349 2a85 44d 2a2d e002 c000 
[15:03:29.389]    ERROR: <datapipe.cc/Read:L166> ====== 0 ====== a020 80b1 4388 349 2a8f 4388 358 2461 349 2aad 4388 349 2a6d 4388 310 282d 349 2a85 4388 349 2aa9 4388 349 2a8f 360 2a43 4388 211 2a65 349 2a8d 505 2861 612 266f 4388 349 2a8d 683 2465 e002 c000 
[15:03:29.389]    ERROR: <datapipe.cc/Read:L166> ====== 0 ====== a021 80c0 4388 349 2a8d 512 2262 4388 155 2483 349 2aa9 4388 349 2a81 450 2245 74d 204d 4388 349 2a69 4389 349 2a82 653 224d 4389 349 2a8d 4389 21c 2041 4389 349 2a89 e002 c000 
[15:03:29.390]    ERROR: <datapipe.cc/Read:L164> Dumping the flawed event +- 3 events:
[15:03:29.390]    ERROR: <datapipe.cc/Read:L166> ====== 0 ====== a122 8000 4388 349 2aa2 418 2248 4db 24a0 4388 349 2aaf 858 266d 4389 349 2a8f 621 2889 814 2063 4389 349 2a8d 4388 94 242f 349 2aa7 65c 2649 4388 89 2a65 349 2a89 4389 4389 2d4 2869 349 2aa3 e002 c000 
[15:03:29.390]    ERROR: <datapipe.cc/Read:L166> ====== 0 ====== a11c 80b1 4388 349 2aa2 69a 286f 68d 264d 809 2245 809 2642 81a 2269 4389 349 2ac5 4389 349 2aa7 54a 2061 550 264d 4389 349 2a85 4389 4389 349 2a8c 452 2481 4389 260 2800 4388 349 2a8f e002 c000 
[15:03:29.390]    ERROR: <datapipe.cc/Read:L166> ====== 0 ====== a11d 80c0 4388 349 2a8d 350 2260 4388 251 2063 349 2ac7 34a 2683 4388 258 2029 349 2aa9 852 2a61 4388 11d 284c 4388 349 2aa5 4389 43 2841 349 2a8d 4389 859 2400 859 2600 4388 349 2a8d e002 c000 
[15:03:29.390]    ERROR: <datapipe.cc/Read:L166> ====== 0 ====== a11e 8000 4389 349 2aa2 421 2282 753 286f 4388 14b 268c 349 2aa9 4388 24c 2a4d 349 2aa5 484 2a6c 520 262d 4389 219 2863 349 2a87 451 2269 809 2642 4388 349 2a8c 4d4 2669 811 248f 4388 22 204f a 246d 349 2a89 4389 741 2000 4389 2d5 2465 349 2aa5 4a0 266c 61c 2669 851 2285 e002 c000 
[15:03:29.390]    ERROR: <datapipe.cc/Read:L166> ====== 0 ====== a11f 8040 438a 2c1 2a42 2c2 26a0 349 2aa1 438b 244 2045 349 2aaf 840 2a4d 438b d 2864 349 2aad 44d 2069 438b 349 2a81 438a 349 2aa2 438a 10 2449 349 2a8d 438b 71d 2000 438b 1b 2a8d 2db 2047 349 2aa1 e002 c000 
[15:03:29.390]    ERROR: <datapipe.cc/Read:L166> ====== 0 ====== a120 80b1 4389 349 2aad 521 2a81 4389 4389 b 2280 349 2a8f 848 2a4f 4389 349 2aab 6d8 2049 4389 349 2a8d 4389 349 2a89 4389 4c0 2400 4c0 2600 4389 a0 264d 349 2aa1 e002 c000 
[15:03:29.390]    ERROR: <datapipe.cc/Read:L166> ====== 0 ====== a121 80c0 4388 349 2a8f 6d3 228d 4388 24a 2880 349 2ac2 51d 2669 4388 2cd 2069 349 2aa5 519 268d 4388 349 2a8f 402 224f 4389 349 2aa7 4c8 2a69 4389 349 2a85 4389 4389 349 2aa5 618 20a0 e002 c000 
[15:03:30.172]  WARNING: Channel 0 ROC 1: Readback start marker after 5 readouts!
[15:03:30.172]    ERROR: <datapipe.cc/CheckEventValidity:L491> Channel 1 Number of ROCs (6) != Token Chain Length (8)
[15:03:30.172]    ERROR: <datapipe.cc/Read:L164> Dumping the flawed event +- 3 events:
[15:03:30.172]    ERROR: <datapipe.cc/Read:L166> ====== 0 ====== a0f7 8040 4388 6d0 2465 4388 6d0 2483 4388 4c8 2a2f 6a0 244f 6d0 248c 4388 90 206d 80 242d 6d0 248f 4388 511 282f 6d0 248d 4388 6d0 246f 4388 6d0 24a3 4388 6d0 248c e002 c000 
[15:03:30.172]    ERROR: <datapipe.cc/Read:L166> ====== 0 ====== a0f1 80c0 43c8 6d0 246d 43c8 9b 2665 6d0 2484 43c8 45d 2045 6d0 248d 843 224d 43c8 355 2265 45d 2845 614 2663 6d0 24a5 43c9 544 2463 6d0 2481 43c9 612 2645 652 2469 6d0 248d 43c9 2d3 2849 48c 224d 6d0 2482 855 2041 43c9 14 2a42 2cb 266c 6d0 24a5 e002 c000 
[15:03:30.172]    ERROR: <datapipe.cc/Read:L166> ====== 0 ====== a0f2 8000 43c8 6d0 246f 43c8 6d0 2481 43c9 6d0 248d 711 2225 43c9 65b 2645 6d0 248f 43c8 6d0 2482 43c8 304 264f 6d0 248a 80b 204f 43c9 642 224f 6d0 2488 43c9 552 2042 6d0 24a4 e002 c000 
[15:03:30.172]    ERROR: <datapipe.cc/Read:L166> ====== 0 ====== a0f3 8040 43c8 6d0 246f 820 2429 43c9 299 246d 6d0 24a1 43c8 6d0 2489 71d 2040 854 2047 43c9 6d0 248d 43c8 6d0 2485 75b 2a81 43c9 6d0 2482 859 2465 43c8 6d0 2489 43c9 6d0 24ac e002 c000 
[15:03:30.172]    ERROR: <datapipe.cc/Read:L166> ====== 0 ====== a0f4 80b1 5388 16d0 2464 538a 15aa 39f6 9ff 438a 1800 2d13 1c01 2540 11f9 2fc0 32 23bf 4389 23b4 460 285c 62d 4388 da 2245 312 2a82 6d0 2481 4388 6d0 2485 4388 311 2a4f 312 2281 558 282d 6d0 24a1 4388 6d0 248f 4388 d0 2440 48d 2864 55b 204f 6d0 24a5 e002 c000 
[15:03:30.172]    ERROR: <datapipe.cc/Read:L166> ====== 0 ====== a0f5 80c0 4388 4388 6d0 2487 4388 349 2023 508 2a47 6d0 248d 4388 111 224f 6d0 24a5 4388 4e0 264b 6d0 2489 4388 489 204d 74a 2069 4388 155 286c 20a 2660 6d0 2480 4388 6d0 248d e002 c000 
[15:03:30.172]    ERROR: <datapipe.cc/Read:L166> ====== 0 ====== a0f6 8000 4388 418 2a2d 613 266f 6d0 246f 4388 6d0 2485 4388 6d0 248f 84c 262c 4388 6d0 2485 4388 453 226d 6d0 248d 842 244d 844 2a47 4388 4ca 242d 6d0 2484 4388 6d0 248d 4388 6d0 2487 e002 c000 
[15:03:30.172]    ERROR: <datapipe.cc/Read:L164> Dumping the flawed event +- 3 events:
[15:03:30.172]    ERROR: <datapipe.cc/Read:L166> ====== 0 ====== a1f7 8040 4388 409 2a6c 50a 244d 6d0 24a1 4388 615 226d 61d 266d 6d0 24a4 6d9 2667 74d 2460 4388 114 2a6d 6d0 2481 4388 148 2629 649 206f 4388 6d0 2483 4388 6d0 248d 4388 44b 2000 6d8 2600 81d 2a00 4388 21c 262d 6d0 248c e002 c000 
[15:03:30.172]    ERROR: <datapipe.cc/Read:L166> ====== 0 ====== a1f1 80c0 43c8 115 2644 490 202d 551 2841 6d0 24a0 43c8 4b 2861 a0 2065 6d0 24a3 43c8 355 204d 613 228c 6d0 248f 43c8 43c9 548 2443 693 204d 6d0 2481 43c9 6d0 2484 752 2a4d 43c9 43c9 6d0 2482 e002 c000 
[15:03:30.172]    ERROR: <datapipe.cc/Read:L166> ====== 0 ====== a1f2 8000 43c8 24b 2480 503 2247 6d0 24a5 43c8 6d0 248f 43c9 359 2047 504 2a4f 6d0 248f 709 2643 85a 268d 43c9 44b 2885 614 2245 6d0 2489 43c8 544 2a2d 6d0 2484 843 2041 43c8 109 228d 6d0 248c 43c9 49d 2800 49d 2400 819 2600 43c9 6d0 2489 e002 c000 
[15:03:30.172]    ERROR: <datapipe.cc/Read:L166> ====== 0 ====== a1f3 8040 43c8 6d0 24aa 43c9 345 2a6f 6d0 24a2 43c8 95 2843 404 2849 6d0 248d 43c9 122 20a2 419 206d 459 2868 6d0 246c 43c8 254 2043 6d0 2482 43c9 30d 2a4d 6d0 2487 43c8 283 2000 43c9 6d0 2485 e002 c000 
[15:03:30.172]    ERROR: <datapipe.cc/Read:L166> ====== 0 ====== a1f4 80b1 5388 1455 202c 16d0 3a55 1689 27aa ca0 32d5 882 3bfe b95 3687 a95 2541 42a 2aa6 6b 4388 d3 244d 6d0 2489 4388 14a 2a69 6d0 2467 751 2a6c 752 224b 4388 24b 2041 24a 288c 6d0 2489 4388 418 224d 6d0 2487 4388 719 2600 722 2a00 4388 158 2a61 604 2045 6d0 2482 e002 c000 
[15:03:30.172]    ERROR: <datapipe.cc/Read:L166> ====== 0 ====== a1f5 80c0 4388 6d0 24ac 851 2865 4388 6d0 24a1 4388 61b 2080 65d 2a69 6d0 2487 80c 2a69 4388 488 202d 6d0 2487 6d2 264d 4388 288 284f 449 2449 6d0 248d 4388 6d0 2481 4388 4388 6d0 2489 e002 c000 
[15:03:30.172]    ERROR: <datapipe.cc/Read:L166> ====== 0 ====== a1f6 8000 4388 489 2a82 549 244f 6d0 24ad 4388 111 2469 6d0 24c1 4388 6d0 2480 4388 699 224d 6d0 2465 4388 68a 2a2d 4388 6d0 2481 4388 4388 6d0 2481 6d2 2a44 6d3 2249 e002 c000 
[15:03:30.173]  WARNING: Channel 0 ROC 1: Readback start marker after 11 readouts!
[15:03:30.175]    ERROR: <datapipe.cc/Read:L164> Dumping the flawed event +- 3 events:
[15:03:30.175]    ERROR: <datapipe.cc/Read:L166> ====== 0 ====== a002 8000 4388 a2 2a65 6d0 206d 4388 6d0 208f 4389 6d0 208b 4389 6d0 20a5 84d 266c 4388 34d 224f 650 2440 6d0 208d 4388 6d0 206c 740 2629 751 2a4d 4389 9c 284d 94 284c 45d 244d 6d0 2081 4389 c9 244d 6d0 208f e002 c000 
[15:03:30.175]    ERROR: <datapipe.cc/Read:L166> ====== 0 ====== a0fc 80b1 4389 1a 242c 48b 2047 61a 2484 6d0 206f 4388 4d4 2a4d 6d0 2089 4388 4a0 204c 6d0 20ad 4388 6d0 208d 4388 dc 2067 640 264f 6d0 206c 81a 284f 818 2849 4388 28a 206c 6d0 2087 4389 6d0 208d 4389 6d0 20a5 e002 c000 
[15:03:30.175]    ERROR: <datapipe.cc/Read:L166> ====== 0 ====== a0fd 80c0 4388 2dd 2061 514 2040 6d0 2063 4388 6d0 2089 4389 6d0 208d 710 2a44 4388 10a 2842 6d0 20a9 4389 4c 2a4c 50 264f 6d0 208a 4389 10c 242d 402 2649 652 226d 6d0 208c 4389 92 2264 6d0 20a2 4388 14b 266d 6d0 208d e002 c000 
[15:03:30.175]    ERROR: <datapipe.cc/Read:L166> ====== 0 ====== a0fe 8000 4388 6d0 2065 4388 6d0 208d 4389 6d0 2087 4389 121 2aa5 6d0 208f 4389 6d0 208c 4389 6d0 20a1 81a 2065 4388 6d0 2084 85d 2264 4389 1c 246c 6d0 208f e002 c000 
[15:03:30.175]    ERROR: <datapipe.cc/Read:L166> ====== 0 ====== a0ff 8040 438a 4d2 2469 6d0 2067 438b 6d0 208d 438a 6d0 20a5 438b 5 2265 201 2865 6d0 20ac 438b 543 2a67 603 2861 6d0 2085 438b 354 222d 6d0 208f 845 268d 438b 6d0 208d 438a 6d0 20a1 e002 c000 
[15:03:30.175]    ERROR: <datapipe.cc/Read:L166> ====== 0 ====== a000 80b1 4388 6d0 2081 4388 42 2a6c d8 204d 6d0 2089 4388 6d0 2087 4388 249 2847 255 2a85 31c 284f 658 2a47 6d0 2087 74c 2249 4388 48 244f 6d0 206e 6c8 2442 4388 20c 2245 6d0 2085 4388 119 224d 61a 2049 6d0 2083 4388 6d0 2089 e002 c000 
[15:03:30.175]    ERROR: <datapipe.cc/Read:L166> ====== 0 ====== a001 80c0 4388 5d 2644 5d 2a2c 15c 282c 6d0 206b 4388 6d0 208f 75a 2a2d 81a 2849 4388 6d0 2089 4388 6d0 20a3 4389 6d0 2088 815 204c 4389 28c 204f 6d0 2082 4389 6d0 208d 4389 6d0 20a4 e002 c000 
[15:03:30.430]    ERROR: <datapipe.cc/CheckEventValidity:L491> Channel 0 Number of ROCs (5) != Token Chain Length (8)
[15:03:30.430]    ERROR: <datapipe.cc/CheckEventValidity:L491> Channel 1 Number of ROCs (7) != Token Chain Length (8)
[15:03:30.430]    ERROR: <datapipe.cc/CheckEventID:L463> Channel 0 Event ID mismatch:  local ID (145) !=  TBM ID (16)
[15:03:30.430]    ERROR: <datapipe.cc/CheckEventValidity:L491> Channel 0 Number of ROCs (2) != Token Chain Length (8)
[15:03:30.430]    ERROR: <datapipe.cc/CheckEventID:L463> Channel 0 Event ID mismatch:  local ID (17) !=  TBM ID (145)
[15:03:30.430]    ERROR: <datapipe.cc/Read:L164> Dumping the flawed event +- 3 events:
[15:03:30.430]    ERROR: <datapipe.cc/Read:L166> ====== 0 ====== a193 8040 43c8 6d3 2668 805 20a7 43c9 11c 2a43 805 2089 43c8 120 2882 2d2 2485 411 2a69 805 2089 43c9 c 204f 50d 2489 805 208f 43c8 4d1 286c 820 2484 805 20a5 43c9 55 2a43 418 2061 4d8 284d 805 20ac 43c8 43c9 340 2463 805 20a5 e002 c000 
[15:03:30.430]    ERROR: <datapipe.cc/Read:L166> ====== 0 ====== a18d 80c0 4388 805 208d 4388 805 2087 4388 44b 2a65 64d 2669 805 208a 4388 11c 2063 253 2a6a 805 20a1 800 266d 4388 2c3 2081 2c2 2a65 70a 2643 805 208d 4389 c 246b 2db 2a6c 354 246c 805 20ac 4389 4388 5a 282d 5a 2a2d 805 206f e002 c000 
[15:03:30.430]    ERROR: <datapipe.cc/Read:L166> ====== 0 ====== a18e 8000 4389 805 2082 4388 54 2449 805 208d 4388 10 2845 10 2467 805 2089 4389 805 208d 4388 500 242d 805 20c4 4388 103 2a4d 805 20c1 4389 d1 2a00 2a0 2a00 4c4 2400 4389 51a 204f 805 2089 e002 c000 
[15:03:30.430]    ERROR: <datapipe.cc/Read:L166> ====== 0 ====== a18f 8040 438a 212 2827 48d 2645 805 2085 438b 58 2444 805 20a5 438b a 246d 99 2a49 61c 224d 805 208d 438b 494 2864 480 2a2d 48c 2a2f 805 20a5 438a 10d 226d 410 2662 485 266d 612 2880 805 20ac 438a 805 20a5 438b 438b 805 206d e002 c000 
[15:03:30.430]    ERROR: <datapipe.cc/Read:L166> ====== 0 ====== a190 80b1 4389 519 226c 70b 2a49 805 20a0 852 204c 4389 549 2645 805 20a4 4389 805 2085 4389 805 208d 4389 15 244f da 2440 805 20a3 4389 64d 288d 805 20c0 43c9 645 282f 9 2805 6d e002 c000 
[15:03:30.430]    ERROR: <datapipe.cc/Read:L166> ====== 0 ====== a191 80c0 43c8 508 2a28 805 2088 43c8 752 2469 805 20a2 43c8 805 2085 843 2a82 43c8 68d 2464 81b 2489 805 208d 43c9 98 2445 805 20a5 43c9 353 2a45 805 208f 43c9 43c9 805 2080 e002 c000 
[15:03:30.430]    ERROR: <datapipe.cc/Read:L166> ====== 0 ====== a192 8000 43c8 305 2645 345 244c 4d5 2265 761 2069 805 208f 43c8 552 246a 805 208a 43c9 d0 264c 4d1 264d 4d1 2a62 43c9 12 2047 489 282d 489 2a45 540 2845 75d 268f 805 208c 43c8 4ca 2a80 805 208f 43c8 805 20a5 43c9 43c9 15d 246b 805 20a9 e002 c000 
[15:03:30.430]    ERROR: <datapipe.cc/Read:L164> Dumping the flawed event +- 3 events:
[15:03:30.430]    ERROR: <datapipe.cc/Read:L166> ====== 0 ====== a094 80b1 43c8 805 2081 43c8 558 2681 805 208f 43c8 8d 2867 805 208f 43c8 70a 2447 805 20a9 43c8 805 208d 43c8 805 20a2 43c8 2d5 262d 805 208c 43c8 351 2847 805 20a8 e002 c000 
[15:03:30.430]    ERROR: <datapipe.cc/Read:L166> ====== 0 ====== a08f 8040 438a 805 2081 438b d5 2665 805 20a1 438a 805 20a1 438b 513 208f 551 2a4d 805 208d 438b 805 20a1 438b 805 20a8 438b 319 2866 301 204d 75a 2241 805 20a5 438a 805 2089 e002 c000 
[15:03:30.430]    ERROR: <datapipe.cc/Read:L166> ====== 2 ====== a090 80b1 4388 98 202d 6ca 2a2d 805 206f 4388 9b 2a69 2dd 2642 498 2a6d 642 224f 805 2081 4388 805 208d 4388 21b 2882 6d2 2665 805 208d 4388 441 264f 541 246d 805 
[15:03:30.430]    ERROR: <datapipe.cc/Read:L166> ====== 0 ====== a010 8092 32c 2028 43c8 2024 d0 252c 28 43c8 805 2081 e002 c000 
[15:03:30.430]    ERROR: <datapipe.cc/Read:L166> ====== 0 ====== a091 80c0 43c8 51d 264c 55d 246c 805 2081 43c8 805 20a1 43c8 805 208f 43c8 805 208d 43c9 5d 2287 d3 2488 498 2688 805 2081 43c9 805 208f 43c9 6d4 202d 805 20a6 43c9 805 208f e002 c000 
[15:03:30.430]    ERROR: <datapipe.cc/Read:L166> ====== 0 ====== a092 8000 43c8 341 2a4d 805 2087 43c8 805 206d 43c9 6c4 2a45 43c9 805 20a4 43c8 58 2880 805 208c 43c8 70c 2442 805 20ad 855 2645 43c9 654 2863 654 224f 805 208d 43c9 200 2445 45b 224f 805 208d e002 c000 
[15:03:30.430]    ERROR: <datapipe.cc/Read:L166> ====== 0 ====== a093 8040 43c8 120 2a22 654 2464 805 2083 43c9 310 2845 805 2087 43c8 805 208d 43c9 219 222d 68d 2647 68d 2a41 805 208b 43c8 2c5 224f 805 2088 43c9 81 2a4f 20c 2865 2d8 2a2d 515 2242 805 20a9 43c8 43c9 48b 2681 805 2084 e002 c000 
[15:03:31.109]     INFO: 41600 events read in total (3576ms).
[15:03:31.114]     INFO: Test took 4773ms.
[15:03:31.261]     INFO: Fetched DAQ statistics. Counters are being reset now.
[15:03:31.997]     INFO: Expecting 41600 events.
[15:03:34.755]    ERROR: <datapipe.cc/CheckEventValidity:L480> Channel 0 has NoTokenPass but 8 ROCs were found
[15:03:34.762]    ERROR: <datapipe.cc/CheckEventValidity:L480> Channel 1 has NoTokenPass but 8 ROCs were found
[15:03:34.762]    ERROR: <datapipe.cc/Read:L164> Dumping the flawed event +- 3 events:
[15:03:34.762]    ERROR: <datapipe.cc/Read:L166> ====== 0 ====== a03b 8040 43c8 510 206d 69a 2245 43c9 510 2085 61c 204f 43c8 44b 2045 510 208d 608 2a44 43c8 510 2089 80d 286d 43c9 510 208d 622 20c9 648 2445 43c9 454 2449 510 20a9 43c8 3 248d 98 286d 8c 2a4d 510 208f 43c9 510 2089 e002 c000 
[15:03:34.762]    ERROR: <datapipe.cc/Read:L166> ====== 0 ====== a035 80c0 4388 498 2a25 510 2487 71c 2061 4388 9b 2085 219 2661 510 248c 4388 511 242d 510 2487 4388 413 228f 510 24a9 712 224f 712 262f 4388 510 24a2 4388 510 246c 51c 264f 689 204d 4388 262 246d 48a 2264 510 24a2 548 2449 4388 1d 206c 481 28cd 510 2481 e002 c000 
[15:03:34.762]    ERROR: <datapipe.cc/Read:L166> ====== 0 ====== a036 8000 4388 510 2480 4388 510 248d 4388 29b 2669 485 2241 510 2487 4388 510 248d 4388 510 2489 4388 4c4 2045 510 2489 4388 510 24a7 4388 510 248f e002 c000 
[15:03:34.762]    ERROR: <datapipe.cc/Read:L166> ====== 0 ====== a037 8040 4388 510 2485 4388 2d3 264d 510 24a1 4388 510 2489 4388 510 248d 4388 118 2085 510 248c 848 2a4f 4388 31a 2829 510 24a3 4388 510 2487 4388 2c0 2825 510 248d e002 c000 
[15:03:34.762]    ERROR: <datapipe.cc/Read:L166> ====== 2 ====== a038 80b1 4388 510 2485 4388 510 2489 4388 510 2481 4389 a 2065 119 2465 510 248d 85b 26a7 4388 20d 2049 419 2485 510 2489 4388 510 2489 60b 2065 74c 284d 4389 15a 2687 510 248d 690 2a49 4388 209 204d 510 248f fab 27a7 7ff 2fff fff 2fff fff 2fff fff 2fff fff 2fff fff 2fff fff 2fff fff 2fff fff 2fff fff 2fff fff 2fff fff 2fff fff 2fff fff 2fff fff 2fff fff 2fff fff 2fff fff 2fff fff 2fff fff 2fff fff 2fff fff 2fff fff 2fff fff 2fff fff 2fff fff 2fff fff 2fff fff 2fff fff 2fff fff 2fff fff 2fff fff 2fff fff 2fff fff 2fff fff 2fff fff 2fff fff 2fff fff 2fff fff 2fff fff 2fff fff 2fff fff 2fff fff 2fff fff 2fff fff 2fff fff 2fff fff 2fff fff 2fff fff 2fff fff 2fff fff 2fff fff 2fff fff 2fff fff 2fff fff 2fff fff 2fff fff 2fff fff 2fff fff 2fff fff 2fff fff 2fff fff 2fff fff 2fff fff 2fff fff 2fff fff 2fff fff 2fff fff 2fff fff 2fff fff 2fff fff 2fff fff 2fff fff 2fff fff 2fff fff 2fff fff 2fff fff 2fff fff 2fff fff 2fff fff 2fff fff 2fff fff 2fff fff 2fff fff 2fff fff 2fff fff 2fff fff 2fff fff 2fff fff 2fff fff 2fff fff 2fff fff 2fff fff 2fff fff 2fff fff 2fff fff 2fff fff 2fff fff 2fff fff 2fff fff 2fff fff 2fff fff 2fff fff 2fff fff 2fff fff 2fff fff 2fff fff 2fff fff 2fff fff 2fff fff 2fff fff 2fff fff 2fff fff 2fff fff 2fff fff 2fff fff 2fff fff 2fff fff 2fff fff 2fff fff 2fff fff 2fff fff 2fff fff 2fff fff 2fff fff 2fff fff 2fff fff 2fff fff 2fff fff 2fff fff 2fff fff 2fff fff 2fff fff 2fff fff 2fff fff 2fff fff 2fff fff 2fff fff 2fff fff 2fff fff 2fff fff 2fff fff 2fff fff 2fff fff 2fff fff 2fff fff 2fff fff 2fff fff 2fff fff 2fff fff 2fff fff 2fff fff 2fff fff 2fff fff 2fff fff 2fff fff 2fff fff 2fff fff 2fff fff 2fff fff 2fff fff 2fff fff 2fff fff 2fff fff 2fff fff 2fff fff 2fff fff 2fff fff 2fff fff 2fff fff 2fff fff 2fff fff 2fff fff 2fff fff 2fff fff 2fff fff 2fff fff 2fff fff 2fff fff 2fff fff 2fff fff 2fff fff 2fff fff 2fff fff 2fff fff 2fff fff 2fff fff 2fff fff 2fff fff 2fff fff 2fff fff 2fff fff 2fff fff 2fff fff 2fff fff 2fff fff 2fff fff 2fff fff 2fff fff 2fff fff 2fff fff 2fff fff 2fff fff 2fff fff 2fff fff 2fff fff 2fff fff 2fff fff 2fff fff 2fff fff 2fff fff 2fff fff 2fff fff 2fff fff 2fff fff 2fff fff 2fff fff 2fff fff 2fff fff 2fff fff 2fff fff 2fff fff 2fff fff 2fff fff 2fff fff 2fff fff 2fff fff 2fff fff 2fff fff 2fff fff 2fff fff 2fff fff 2fff fff 2fff fff 2fff fff 2fff fff 2fff fff 2fff fff 2fff fff 2fff fff 2fff fff 2fff fff 2fff fff 2fff fff 2fff fff 2fff fff 2fff fff 2fff fff 2fff fff 2fff fff 2fff fff 2fff fff 2fff fff 2fff fff 2fff fff 2fff fff 2fff fff 2fff fff 2fff fff 2fff fff 2fff fff 2fff fff 2fff fff 2fff fff 2fff fff 2fff fff 2fff fff 2fff fff 2fff fff 2fff fff 2fff fff 2fff fff 2fff fff 2fff fff 2fff fff 2fff fff 2fff fff 2fff fff 2fff fff 2fff fff 2fff fff 2fff fff 2fff fff 2fff fff 2fff fff 2fff fff 2fff fff 2fff fff 2fff fff 2fff fff 2fff fff 2fff fff 2fff fff 2fff fff 2fff fff 2fff fff 2fff fff 2fff fff 2fff fff 2fff fff 2fff fff 2fff fff 2fff fff 2fff fff 2fff fff 2fff fff 2fff fff 2fff fff 2fff fff 2fff fff 2fff fff 2fff fff 2fff fff 2fff fff 2fff fff 2fff fff 2fff fff 2fff fff 2fff fff 2fff fff 2fff fff 2fff fff 2fff fff 2fff fff 2fff fff 2fff fff 2fff fff 2fff fff 2fff fff 2fff fff 2fff fff 2fff fff 2fff fff 2fff fff 2fff fff 2fff fff 2fff fff 2fff fff 2fff fff 2fff fff 2fff fff 2fff fff 2fff fff 2fff fff 2fff fff 2fff fff 2fff fff 2fff fff 2fff fff 2fff fff 2fff fff 2fff fff 2fff fff 2fff fff 2fff fff 2fff fff 2fff fff 2fff fff 2fff fff 2fff fff 2fff fff 2fff fff 2fff fff 2fff fff 2fff fff 2fff fff 2fff fff 2fff fff 2fff fff 2fff fff 2fff fff 2fff fff 2fff fff 2fff fff 2fff fff 2fff fff 2fff fff 2fff fff 2fff fff 2fff fff 2fff fff 2fff fff 2fff fff 2fff fff 2fff fff 2fff fff 2fff fff 2fff fff 2fff fff 2fff fff 2fff fff 2fff fff 2fff fff 2fff fff 2fff fff 2fff fff 2fff fff 2fff fff 2fff fff 2fff fff 2fff fff 2fff fff 2fff fff 2fff fff 2fff fff 2fff fff 2fff fff 2fff fff 2fff fff 2fff fff 2fff fff 2fff fff 2fff fff 2fff fff 2fff fff 2fff fff 2fff fff 2fff fff 2fff fff 2fff fff 2fff fff 2fff fff 2fff fff 2fff fff 2fff fff 2fff fff 2fff fff 2fff fff 2fff fff 2fff fff 2fff fff 2fff fff 2fff fff 2fff fff 2fff fff 2fff fff 2fff fff 2fff fff 2fff fff 2fff fff 2fff fff 2fff fff 2fff fff 2fff fff 2fff fff 2fff fff 2fff fff 2fff fff 2fff fff 2fff fff 2fff fff 2fff fff 2fff fff 2fff fff 2fff fff 2fff fff 2fff fff 2fff fff 2fff fff 2fff fff 2fff fff 2fff fff 2fff fff 2fff fff 2fff fff 2fff fff 2fff fff 2fff fff 2fff fff 2fff fff 2fff fff 2fff fff 2fff fff 2fff fff 2fff fff 2fff fff 2fff fff 2fff fff 2fff fff 2fff fff 2fff fff 2fff fff 2fff fff 2fff fff 2fff fff 2fff fff 2fff fff 2fff fff 2fff fff 2fff fff 2fff fff 2fff fff 2fff fff 2fff fff 2fff fff 2fff fff 2fff fff 2fff fff 2fff fff 2fff fff 2fff fff 2fff fff 2fff fff 2fff fff 2fff fff 2fff fff 2fff fff 2fff fff 2fff fff 2fff fff 2fff fff 2fff fff 2fff fff 2fff fff 2fff fff 2fff fff 2fff fff 2fff fff 2fff fff 2fff fff 2fff fff 2fff fff 2fff fff 2fff fff 2fff fff 2fff fff 2fff fff 2fff fff 2fff fff 2fff fff 2fff fff 2fff fff 2fff fff 2fff fff 2fff fff 2fff fff 2fff fff 2fff fff 2fff fff 2fff fff 2fff fff 2fff fff 2fff fff 2fff fff 2fff fff 2fff fff 2fff fff 2fff fff 2fff fff 2fff fff 2fff fff 2fff fff 2fff fff 2fff fff 2fff fff 2fff fff 2fff fff 2fff fff 2fff fff 2fff fff 2fff fff 2fff fff 2fff fff 2fff fff 2fff fff 2fff fff 2fff fff 2fff fff 2fff fff 2fff fff 2fff fff 2fff fff 2fff fff 2fff fff 2fff fff 2fff fff 2fff fff 2fff fff 2fff fff 2fff fff 2fff fff 2fff fff 2fff fff 2fff fff 2fff fff 2fff fff 2fff fff 2fff fff 2fff fff 2fff fff 2fff fff 2fff fff 2fff fff 2fff fff 2fff fff 2fff fff 2fff fff 2fff fff 2fff fff 2fff fff 2fff fff 2fff fff 2fff fff 2fff fff 2fff fff 2fff fff 2fff fff 2fff fff 2fff fff 2fff fff 2fff fff 2fff fff 2fff fff 2fff fff 2fff fff 2fff fff 2fff fff 2fff fff 2fff fff 2fff fff 2fff fff 2fff fff 2fff fff 2fff fff 2fff fff 2fff fff 2fff fff 2fff fff 2fff fff 2fff fff 2fff fff 2fff fff 2fff fff 2fff fff 2fff fff 2fff fff 2fff fff 2fff fff 2fff fff 2fff fff 2fff fff 2fff fff 2fff fff 2fff fff 2fff fff 2fff fff 2fff fff 2fff fff 2fff fff 2fff fff 2fff fff 2fff fff 2fff fff 2fff fff 2fff fff 2fff fff 2fff fff 2fff fff 2fff fff 2fff fff 2fff fff 2fff fff 2fff fff 2fff fff 2fff fff 2fff fff 2fff fff 2fff fff 2fff fff 2fff fff 2fff fff 2fff fff 2fff fff 2fff fff 2fff fff 2fff fff 2fff fff 2fff fff 2fff fff 2fff fff 2fff fff 2fff fff 2fff fff 2fff fff 2fff fff 2fff fff 2fff fff 2fff fff 2fff fff 2fff fff 2fff fff 2fff fff 2fff fff 2fff fff 2fff fff 2fff fff 2fff fff 2fff fff 2fff fff 2fff fff 2fff fff 2fff fff 2fff fff 2fff fff 2fff fff 2fff fff 2fff fff 2fff fff 2fff fff 2fff fff 2fff fff 2fff fff 2fff fff 2fff fff 2fff fff 2fff fff 2fff fff 2fff fff 2fff fff 2fff fff 2fff fff 2fff fff 2fff fff 2fff fff 2fff fff 2fff fff 2fff fff 2fff fff 2fff fff 2fff fff 2fff fff 2fff fff 2fff fff 2fff fff 2fff fff 2fff fff 2fff fff 2fff fff 2fff fff 2fff fff 2fff fff 2fff fff 2fff fff 2fff fff 2fff fff 2fff fff 2fff fff 2fff fff 2fff fff 2fff fff 2fff fff 2fff fff 2fff fff 2fff fff 2fff fff 2fff fff 2fff fff 2fff fff 2fff fff 2fff fff 2fff fff 2fff fff 2fff fff 2fff fff 2fff fff 2fff fff 2fff fff 2fff fff 2fff fff 2fff fff 2fff fff 2fff fff 2fff fff 2fff fff 2fff fff 2fff fff 2fff fff 2fff fff 2fff fff 2fff fff 2fff fff 2fff fff 2fff fff 2fff fff 2fff fff 2fff fff 2fff fff 2fff fff 2fff fff 2fff fff 2fff fff 2fff fff 2fff fff 2fff fff 2fff fff 2fff fff 2fff fff 2fff fff 2fff fff 2fff fff 2fff fff 2fff fff 2fff fff 2fff fff 2fff fff 2fff fff 2fff fff 2fff fff 2fff fff 2fff fff 2fff fff 2fff fff 2fff fff 2fff fff 2fff fff 2fff fff 2fff fff 2fff fff 2fff fff 2fff fff 2fff fff 2fff fff 2fff fff 2fff fff 2fff fff 2fff fff 2fff fff 2fff fff 2fff fff 2fff fff 2fff fff 2fff fff 2fff fff 2fff fff 2fff fff 2fff fff 2fff fff 2fff fff 2fff fff 2fff fff 2fff fff 2fff fff 2fff fff 2fff fff 2fff fff 2fff fff 2fff fff 2fff fff 2fff fff 2fff fff 2fff fff 2fff fff 2fff fff 2fff fff 2fff fff 2fff fff 2fff fff 2fff fff 2fff fff 2fff fff 2fff fff 2fff fff 2fff fff 2fff fff 2fff fff 2fff fff 2fff fff 2fff fff 2fff fff 2fff fff 2fff fff 2fff fff 2fff fff 2fff fff 2fff fff 2fff fff 2fff fff 2fff fff 2fff fff 2fff fff 2fff fff 2fff fff 2fff fff 2fff fff 2fff fff 2fff fff 2fff fff 2fff fff 2fff fff 2fff fff 2fff fff 2fff fff 2fff fff 2fff fff 2fff fff 2fff fff 2fff fff 2fff fff 2fff fff 2fff fff 2fff fff 2fff fff 2fff fff 2fff fff 2fff fff 2fff fff 2fff fff 2fff fff 2fff fff 2fff fff 2fff fff 2fff fff 2fff fff 2fff fff 2fff fff 2fff fff 2fff fff 2fff fff 2fff fff 2fff fff 2fff fff 2fff fff 2fff fff 2fff fff 2fff fff 2fff fff 2fff fff 2fff fff 2fff fff 2fff fff 2fff fff 2fff fff 2fff fff 2fff fff 2fff fff 2fff fff 2fff fff 2fff fff 2fff fff 2fff fff 2fff fff 2fff fff 2fff fff 2fff fff 2fff fff 2fff fff 2fff fff 2fff fff 2fff fff 2fff fff 2fff fff 2fff fff 2fff fff 2fff fff 2fff fff 2fff fff 2fff fff 2fff fff 2fff fff 2fff fff 2fff fff 2fff fff 2fff fff 2fff fff 2fff fff 2fff fff 2fff fff 2fff fff 2fff fff 2fff fff 2fff fff 2fff fff 2fff fff 2fff fff 2fff fff 2fff fff 2fff fff 2fff fff 2fff fff 2fff fff 2fff fff 2fff fff 2fff fff 2fff fff 2fff fff 2fff fff 2fff fff 2fff fff 2fff fff 2fff fff 2fff fff 2fff fff 2fff fff 2fff fff 2fff fff 2fff fff 2fff fff 2fff fff 2fff fff 2fff fff 2fff fff 2fff fff 2fff fff 2fff fff 2fff fff 2fff fff 2fff fff 2fff fff 2fff fff 2fff fff 2fff fff 2fff fff 2fff fff 2fff fff 2fff fff 2fff fff 2fff fff 2fff fff 2fff fff 2fff fff 2fff fff 2fff fff 2fff fff 2fff fff 2fff fff 2fff fff 2fff fff 2fff fff 2fff fff 2fff fff 2fff fff 2fff fff 2fff fff 2fff fff 2fff fff 2fff fff 2fff fff 2fff fff 2fff fff 2fff fff 2fff fff 2fff fff 2fff fff 2fff fff 2fff 
[15:03:34.763]    ERROR: <datapipe.cc/Read:L166> ====== 0 ====== a039 80c0 43c9 510 2081 43c9 510 2083 43c9 510 2085 43c8 2d1 244f 510 20a3 43c9 510 2089 549 2869 43c9 510 2089 43c8 510 2089 43c9 1b 206c 13 2a6d 53 284d 510 2087 e002 c000 
[15:03:34.763]    ERROR: <datapipe.cc/Read:L166> ====== 0 ====== a03a 8000 43c9 510 208f 43c9 510 2089 562 288d 43c9 510 2085 84d 2645 43c8 510 20a3 43c9 148 264c 510 2089 43c9 358 268c 510 206c 64d 2a4f 43c8 14b 206f 510 20a1 43c9 482 2880 510 208d e002 c000 
[15:03:34.763]    ERROR: <datapipe.cc/Read:L164> Dumping the flawed event +- 3 events:
[15:03:34.763]    ERROR: <datapipe.cc/Read:L166> ====== 0 ====== a13b 8040 43c8 ca 2864 510 2081 43c8 510 2088 43c9 211 2249 510 206d 559 2880 43c8 518 2845 43c9 510 208f 43c8 510 208d 69b 2469 43c9 518 2600 43c8 294 244b 510 206f 820 2667 e002 c000 
[15:03:34.763]    ERROR: <datapipe.cc/Read:L166> ====== 0 ====== a135 80c0 4388 4cc 2880 510 2486 6e0 2860 80b 2449 4388 510 24a1 4388 510 246d 68d 264f 808 2267 80b 2a65 850 224f 4388 458 2469 4cb 284d 510 2485 4388 510 2485 4388 45d 2469 510 248d 4388 4388 510 248f e002 c000 
[15:03:34.763]    ERROR: <datapipe.cc/Read:L166> ====== 0 ====== a136 8000 4388 208 200f 24b 226f 510 2489 4388 4388 158 262d 218 2449 510 248d 860 2264 4388 43 2a62 149 2a29 510 248c 4388 510 246d 4388 210 204d 21c 2a4c 510 2489 4388 752 2800 4388 510 2487 e002 c000 
[15:03:34.763]    ERROR: <datapipe.cc/Read:L166> ====== 0 ====== a137 8040 4388 401 282d 510 2486 554 2247 70c 2a21 800 2641 848 2047 4388 30b 284d 510 2489 4388 355 284a 510 2469 4388 45 2840 355 2062 518 206f 510 24a0 4388 e0 2845 30b 264d 510 248d 755 2065 750 2a44 4388 34b 2661 510 248d 4388 94 2a00 753 2a00 4388 dd 2a6d 510 2487 e002 c000 
[15:03:34.763]    ERROR: <datapipe.cc/Read:L166> ====== 2 ====== a138 80b1 4389 5a 2068 209 246c 510 24a2 4388 510 248d 71c 204c 4388 510 2484 502 2a47 4388 53 2660 c5 2869 510 24a9 6cd 2244 4388 510 2489 4388 283 242f 48a 2480 4c8 244f 4c8 264c 510 24a1 53c9 43c9 222 246f 3 2faf 802 2020 ff 2fff fff 2fff fff 2fff fff 2fff fff 2fff fff 2fff fff 2fff fff 2fff fff 2fff fff 2fff fff 2fff fff 2fff fff 2fff fff 2fff fff 2fff fff 2fff fff 2fff fff 2fff fff 2fff fff 2fff fff 2fff fff 2fff fff 2fff fff 2fff fff 2fff fff 2fff fff 2fff fff 2fff fff 2fff fff 2fff fff 2fff fff 2fff fff 2fff fff 2fff fff 2fff fff 2fff fff 2fff fff 2fff fff 2fff fff 2fff fff 2fff fff 2fff fff 2fff fff 2fff fff 2fff fff 2fff fff 2fff fff 2fff fff 2fff fff 2fff fff 2fff fff 2fff fff 2fff fff 2fff fff 2fff fff 2fff fff 2fff fff 2fff fff 2fff fff 2fff fff 2fff fff 2fff fff 2fff fff 2fff fff 2fff fff 2fff fff 2fff fff 2fff fff 2fff fff 2fff fff 2fff fff 2fff fff 2fff fff 2fff fff 2fff fff 2fff fff 2fff fff 2fff fff 2fff fff 2fff fff 2fff fff 2fff fff 2fff fff 2fff fff 2fff fff 2fff fff 2fff fff 2fff fff 2fff fff 2fff fff 2fff fff 2fff fff 2fff fff 2fff fff 2fff fff 2fff fff 2fff fff 2fff fff 2fff fff 2fff fff 2fff fff 2fff fff 2fff fff 2fff fff 2fff fff 2fff fff 2fff fff 2fff fff 2fff fff 2fff fff 2fff fff 2fff fff 2fff fff 2fff fff 2fff fff 2fff fff 2fff fff 2fff fff 2fff fff 2fff fff 2fff fff 2fff fff 2fff fff 2fff fff 2fff fff 2fff fff 2fff fff 2fff fff 2fff fff 2fff fff 2fff fff 2fff fff 2fff fff 2fff fff 2fff fff 2fff fff 2fff fff 2fff fff 2fff fff 2fff fff 2fff fff 2fff fff 2fff fff 2fff fff 2fff fff 2fff fff 2fff fff 2fff fff 2fff fff 2fff fff 2fff fff 2fff fff 2fff fff 2fff fff 2fff fff 2fff fff 2fff fff 2fff fff 2fff fff 2fff fff 2fff fff 2fff fff 2fff fff 2fff fff 2fff fff 2fff fff 2fff fff 2fff fff 2fff fff 2fff fff 2fff fff 2fff fff 2fff fff 2fff fff 2fff fff 2fff fff 2fff fff 2fff fff 2fff fff 2fff fff 2fff fff 2fff fff 2fff fff 2fff fff 2fff fff 2fff fff 2fff fff 2fff fff 2fff fff 2fff fff 2fff fff 2fff fff 2fff fff 2fff fff 2fff fff 2fff fff 2fff fff 2fff fff 2fff fff 2fff fff 2fff fff 2fff fff 2fff fff 2fff fff 2fff fff 2fff fff 2fff fff 2fff fff 2fff fff 2fff fff 2fff fff 2fff fff 2fff fff 2fff fff 2fff fff 2fff fff 2fff fff 2fff fff 2fff fff 2fff fff 2fff fff 2fff fff 2fff fff 2fff fff 2fff fff 2fff fff 2fff fff 2fff fff 2fff fff 2fff fff 2fff fff 2fff fff 2fff fff 2fff fff 2fff fff 2fff fff 2fff fff 2fff fff 2fff fff 2fff fff 2fff fff 2fff fff 2fff fff 2fff fff 2fff fff 2fff fff 2fff fff 2fff fff 2fff fff 2fff fff 2fff fff 2fff fff 2fff fff 2fff fff 2fff fff 2fff fff 2fff fff 2fff fff 2fff fff 2fff fff 2fff fff 2fff fff 2fff fff 2fff fff 2fff fff 2fff fff 2fff fff 2fff fff 2fff fff 2fff fff 2fff fff 2fff fff 2fff fff 2fff fff 2fff fff 2fff fff 2fff fff 2fff fff 2fff fff 2fff fff 2fff fff 2fff fff 2fff fff 2fff fff 2fff fff 2fff fff 2fff fff 2fff fff 2fff fff 2fff fff 2fff fff 2fff fff 2fff fff 2fff fff 2fff fff 2fff fff 2fff fff 2fff fff 2fff fff 2fff fff 2fff fff 2fff fff 2fff fff 2fff fff 2fff fff 2fff fff 2fff fff 2fff fff 2fff fff 2fff fff 2fff fff 2fff fff 2fff fff 2fff fff 2fff fff 2fff fff 2fff fff 2fff fff 2fff fff 2fff fff 2fff fff 2fff fff 2fff fff 2fff fff 2fff fff 2fff fff 2fff fff 2fff fff 2fff fff 2fff fff 2fff fff 2fff fff 2fff fff 2fff fff 2fff fff 2fff fff 2fff fff 2fff fff 2fff fff 2fff fff 2fff fff 2fff fff 2fff fff 2fff fff 2fff fff 2fff fff 2fff fff 2fff fff 2fff fff 2fff fff 2fff fff 2fff fff 2fff fff 2fff fff 2fff fff 2fff fff 2fff fff 2fff fff 2fff fff 2fff fff 2fff fff 2fff fff 2fff fff 2fff fff 2fff fff 2fff fff 2fff fff 2fff fff 2fff fff 2fff fff 2fff fff 2fff fff 2fff fff 2fff fff 2fff fff 2fff fff 2fff fff 2fff fff 2fff fff 2fff fff 2fff fff 2fff fff 2fff fff 2fff fff 2fff fff 2fff fff 2fff fff 2fff fff 2fff fff 2fff fff 2fff fff 2fff fff 2fff fff 2fff fff 2fff fff 2fff fff 2fff fff 2fff fff 2fff fff 2fff fff 2fff fff 2fff fff 2fff fff 2fff fff 2fff fff 2fff fff 2fff fff 2fff fff 2fff fff 2fff fff 2fff fff 2fff fff 2fff fff 2fff fff 2fff fff 2fff fff 2fff fff 2fff fff 2fff fff 2fff fff 2fff fff 2fff fff 2fff fff 2fff fff 2fff fff 2fff fff 2fff fff 2fff fff 2fff fff 2fff fff 2fff fff 2fff fff 2fff fff 2fff fff 2fff fff 2fff fff 2fff fff 2fff fff 2fff fff 2fff fff 2fff fff 2fff fff 2fff fff 2fff fff 2fff fff 2fff fff 2fff fff 2fff fff 2fff fff 2fff fff 2fff fff 2fff fff 2fff fff 2fff fff 2fff fff 2fff fff 2fff fff 2fff fff 2fff fff 2fff fff 2fff fff 2fff fff 2fff fff 2fff fff 2fff fff 2fff fff 2fff fff 2fff fff 2fff fff 2fff fff 2fff fff 2fff fff 2fff fff 2fff fff 2fff fff 2fff fff 2fff fff 2fff fff 2fff fff 2fff fff 2fff fff 2fff fff 2fff fff 2fff fff 2fff fff 2fff fff 2fff fff 2fff fff 2fff fff 2fff fff 2fff fff 2fff fff 2fff fff 2fff fff 2fff fff 2fff fff 2fff fff 2fff fff 2fff fff 2fff fff 2fff fff 2fff fff 2fff fff 2fff fff 2fff fff 2fff fff 2fff fff 2fff fff 2fff fff 2fff fff 2fff fff 2fff fff 2fff fff 2fff fff 2fff fff 2fff fff 2fff fff 2fff fff 2fff fff 2fff fff 2fff fff 2fff fff 2fff fff 2fff fff 2fff fff 2fff fff 2fff fff 2fff fff 2fff fff 2fff fff 2fff fff 2fff fff 2fff fff 2fff fff 2fff fff 2fff fff 2fff fff 2fff fff 2fff fff 2fff fff 2fff fff 2fff fff 2fff fff 2fff fff 2fff fff 2fff fff 2fff fff 2fff fff 2fff fff 2fff fff 2fff fff 2fff fff 2fff fff 2fff fff 2fff fff 2fff fff 2fff fff 2fff fff 2fff fff 2fff fff 2fff fff 2fff fff 2fff fff 2fff fff 2fff fff 2fff fff 2fff fff 2fff fff 2fff fff 2fff fff 2fff fff 2fff fff 2fff fff 2fff fff 2fff fff 2fff fff 2fff fff 2fff fff 2fff fff 2fff fff 2fff fff 2fff fff 2fff fff 2fff fff 2fff fff 2fff fff 2fff fff 2fff fff 2fff fff 2fff fff 2fff fff 2fff fff 2fff fff 2fff fff 2fff fff 2fff fff 2fff fff 2fff fff 2fff fff 2fff fff 2fff fff 2fff fff 2fff fff 2fff fff 2fff fff 2fff fff 2fff fff 2fff fff 2fff fff 2fff fff 2fff fff 2fff fff 2fff fff 2fff fff 2fff fff 2fff fff 2fff fff 2fff fff 2fff fff 2fff fff 2fff fff 2fff fff 2fff fff 2fff fff 2fff fff 2fff fff 2fff fff 2fff fff 2fff fff 2fff fff 2fff fff 2fff fff 2fff fff 2fff fff 2fff fff 2fff fff 2fff fff 2fff fff 2fff fff 2fff fff 2fff fff 2fff fff 2fff fff 2fff fff 2fff fff 2fff fff 2fff fff 2fff fff 2fff fff 2fff fff 2fff fff 2fff fff 2fff fff 2fff fff 2fff fff 2fff fff 2fff fff 2fff fff 2fff fff 2fff fff 2fff fff 2fff fff 2fff fff 2fff fff 2fff fff 2fff fff 2fff fff 2fff fff 2fff fff 2fff fff 2fff fff 2fff fff 2fff fff 2fff fff 2fff fff 2fff fff 2fff fff 2fff fff 2fff fff 2fff fff 2fff fff 2fff fff 2fff fff 2fff fff 2fff fff 2fff fff 2fff fff 2fff fff 2fff fff 2fff fff 2fff fff 2fff fff 2fff fff 2fff fff 2fff fff 2fff fff 2fff fff 2fff fff 2fff fff 2fff fff 2fff fff 2fff fff 2fff fff 2fff fff 2fff fff 2fff fff 2fff fff 2fff fff 2fff fff 2fff fff 2fff fff 2fff fff 2fff fff 2fff fff 2fff fff 2fff fff 2fff fff 2fff fff 2fff fff 2fff fff 2fff fff 2fff fff 2fff fff 2fff fff 2fff fff 2fff fff 2fff fff 2fff fff 2fff fff 2fff fff 2fff fff 2fff fff 2fff fff 2fff fff 2fff fff 2fff fff 2fff fff 2fff fff 2fff fff 2fff fff 2fff fff 2fff fff 2fff fff 2fff fff 2fff fff 2fff fff 2fff fff 2fff fff 2fff fff 2fff fff 2fff fff 2fff fff 2fff fff 2fff fff 2fff fff 2fff fff 2fff fff 2fff fff 2fff fff 2fff fff 2fff fff 2fff fff 2fff fff 2fff fff 2fff fff 2fff fff 2fff fff 2fff fff 2fff fff 2fff fff 2fff fff 2fff fff 2fff fff 2fff fff 2fff fff 2fff fff 2fff fff 2fff fff 2fff fff 2fff fff 2fff fff 2fff fff 2fff fff 2fff fff 2fff fff 2fff fff 2fff fff 2fff fff 2fff fff 2fff fff 2fff fff 2fff fff 2fff fff 2fff fff 2fff fff 2fff fff 2fff fff 2fff fff 2fff fff 2fff fff 2fff fff 2fff fff 2fff fff 2fff fff 2fff fff 2fff fff 2fff fff 2fff fff 2fff fff 2fff fff 2fff fff 2fff fff 2fff fff 2fff fff 2fff fff 2fff fff 2fff fff 2fff fff 2fff fff 2fff fff 2fff fff 2fff fff 2fff fff 2fff fff 2fff fff 2fff fff 2fff fff 2fff fff 2fff fff 2fff fff 2fff fff 2fff fff 2fff fff 2fff fff 2fff fff 2fff fff 2fff fff 2fff fff 2fff fff 2fff fff 2fff fff 2fff fff 2fff fff 2fff fff 2fff fff 2fff fff 2fff fff 2fff fff 2fff fff 2fff fff 2fff fff 2fff fff 2fff fff 2fff fff 2fff fff 2fff fff 2fff fff 2fff fff 2fff fff 2fff fff 2fff fff 2fff fff 2fff fff 2fff fff 2fff fff 2fff fff 2fff fff 2fff fff 2fff fff 2fff fff 2fff fff 2fff fff 2fff fff 2fff fff 2fff fff 2fff fff 2fff fff 2fff fff 2fff fff 2fff fff 2fff fff 2fff fff 2fff fff 2fff fff 2fff fff 2fff fff 2fff fff 2fff fff 2fff fff 2fff fff 2fff fff 2fff fff 2fff fff 2fff fff 2fff fff 2fff fff 2fff fff 2fff fff 2fff fff 2fff fff 2fff fff 2fff fff 2fff fff 2fff fff 2fff fff 2fff fff 2fff fff 2fff fff 2fff fff 2fff fff 2fff fff 2fff fff 2fff fff 2fff fff 2fff fff 2fff fff 2fff fff 2fff fff 2fff fff 2fff fff 2fff fff 2fff fff 2fff fff 2fff fff 2fff fff 2fff fff 2fff fff 2fff fff 2fff fff 2fff fff 2fff fff 2fff fff 2fff fff 2fff fff 2fff fff 2fff fff 2fff fff 2fff fff 2fff fff 2fff fff 2fff fff 2fff fff 2fff fff 2fff fff 2fff fff 2fff fff 2fff fff 2fff fff 2fff fff 2fff fff 2fff fff 2fff fff 2fff fff 2fff fff 2fff fff 2fff fff 2fff fff 2fff fff 2fff fff 2fff fff 2fff fff 2fff fff 2fff fff 2fff fff 2fff fff 2fff fff 2fff fff 2fff fff 2fff fff 2fff fff 2fff fff 2fff fff 2fff fff 2fff fff 2fff fff 2fff fff 2fff fff 2fff fff 2fff fff 2fff fff 2fff fff 2fff fff 2fff fff 2fff fff 2fff fff 2fff fff 2fff fff 2fff fff 2fff fff 2fff fff 2fff fff 2fff fff 2fff fff 2fff fff 2fff fff 2fff fff 2fff fff 2fff fff 2fff fff 2fff fff 2fff fff 2fff fff 2fff fff 2fff fff 2fff fff 2fff fff 2fff fff 2fff fff 2fff fff 2fff fff 2fff fff 2fff fff 2fff fff 2fff fff 2fff fff 2fff fff 2fff fff 2fff fff 2fff fff 2fff fff 2fff fff 2fff fff 2fff fff 2fff fff 2fff fff 2fff fff 2fff fff 2fff fff 2fff fff 2fff fff 2fff fff 2fff fff 2fff fff 2fff fff 2fff fff 2fff fff 2fff fff 2fff fff 2fff fff 2fff fff 2fff fff 2fff fff 2fff 
[15:03:34.764]    ERROR: <datapipe.cc/Read:L166> ====== 0 ====== a139 80c0 43c8 348 2062 345 284c 510 2087 6a0 2464 6a0 2645 855 262f 43c9 510 2085 43c9 dd 2284 510 2084 43c9 510 2084 6ca 2469 843 2a65 43c9 494 2289 510 208d 43c9 140 284f 448 2869 510 208d 43c9 43c8 510 208c 689 286d e002 c000 
[15:03:34.764]    ERROR: <datapipe.cc/Read:L166> ====== 0 ====== a13a 8000 43c8 300 2442 510 206d 43c9 159 2a8d 510 2085 555 2449 852 2467 43c9 303 2465 510 206f 43c9 510 208f 43c9 4d4 226d 510 2085 43c9 31c 264f 510 208d 43c9 43c8 510 2082 e002 c000 
[15:03:35.930]     INFO: 41600 events read in total (3406ms).
[15:03:35.935]     INFO: Test took 4603ms.
[15:03:36.078]     INFO: Fetched DAQ statistics. Counters are being reset now.
[15:03:36.809]     INFO: Expecting 41600 events.
[15:03:39.594]    ERROR: <datapipe.cc/CheckEventValidity:L480> Channel 0 has NoTokenPass but 8 ROCs were found
[15:03:39.594]    ERROR: <datapipe.cc/CheckEventValidity:L491> Channel 1 Number of ROCs (6) != Token Chain Length (8)
[15:03:39.594]    ERROR: <datapipe.cc/Read:L164> Dumping the flawed event +- 3 events:
[15:03:39.594]    ERROR: <datapipe.cc/Read:L166> ====== 0 ====== a0f0 80b1 4388 51a 228c 4388 51a 228f 4388 418 2643 51a 228c 852 2645 4388 61 2465 80 2427 51a 22a1 4388 51a 22a9 4388 448 2a4c 51a 22a1 4388 5a 2629 514 2629 51a 2289 640 244d 4388 51a 228d 60b 2a6d e002 c000 
[15:03:39.594]    ERROR: <datapipe.cc/Read:L166> ====== 0 ====== a0ea 8000 43c9 43c9 51a 228d 43c9 162 2889 422 2465 49a 2642 51a 2286 851 2845 43c8 51a 22a5 550 2a49 43c9 51a 22ac 43c9 51a 228d 43c8 2cd 282d 44d 2a42 51a 22a5 43c8 214 2a25 51a 228c e002 c000 
[15:03:39.594]    ERROR: <datapipe.cc/Read:L166> ====== 0 ====== a0eb 8040 43c8 51a 228a 43c9 415 2a4f 51a 22ad 43c8 51a 2289 521 224d 43c8 51a 22ac 43c9 50 266d 2d3 2449 51a 22a5 43c9 113 20a2 10c 246d 51a 22a7 854 2465 854 2681 43c8 95 224f 51a 22a1 43c8 51a 228f e002 c000 
[15:03:39.594]    ERROR: <datapipe.cc/Read:L166> ====== 0 ====== a0ec 80b1 43c9 51a 228d 43c8 51a 228d 43c9 51a 22a1 43c9 14d 244c 514 284d 51a 22a9 602 2249 43c9 51a 228d 43c9 51a 22a0 43c8 d4 2245 495 246f 51a 228f 695 224d 43c8 2cb 2866 51a 22a5 e002 c000 
[15:03:39.594]    ERROR: <datapipe.cc/Read:L166> ====== 2 ====== a0ed 80c0 43c9 51a 228d 43c9 51a 22a5 43c9 51a 228d 43c8 43c9 91 2a6d 50d 2662 51a 22af 43c9 9c 2462 43c8 409 2845 51a 22a1 4388 7f7 2545 542 22a0 57f 2fff fff 2fff fff 2fff fff 2fff fff 2fff fff 2fff fff 2fff fff 2fff fff 2fff fff 2fff fff 2fff fff 2fff fff 2fff fff 2fff fff 2fff fff 2fff fff 2fff fff 2fff fff 2fff fff 2fff fff 2fff fff 2fff fff 2fff fff 
[15:03:39.595]    ERROR: <datapipe.cc/Read:L166> ====== 0 ====== a0ee 8000 4389 51a 2285 70b 2266 4389 22 2044 215 246c 51a 22a3 4388 513 2845 51a 2288 858 2425 4388 241 224d 31d 2a8d 51a 22ad 4388 51a 228f 845 224f 4388 9c 242d 209 2a6d 51a 228f 74b 2264 4389 301 2045 51a 22a5 4388 51a 228d e002 c000 
[15:03:39.595]    ERROR: <datapipe.cc/Read:L166> ====== 0 ====== a0ef 8040 438a 250 2645 51a 2287 438b 51a 22a5 438a 51a 226d 438b 51a 228f 438b a0 204d 51a 228d 641 2881 438b 51a 22a1 6cd 244c 6d5 2a4c 438b 24c 242f 51a 2288 438a 21b 2681 340 262f 51a 22a1 e002 c000 
[15:03:39.595]    ERROR: <datapipe.cc/Read:L164> Dumping the flawed event +- 3 events:
[15:03:39.595]    ERROR: <datapipe.cc/Read:L166> ====== 0 ====== a1f0 80b1 4389 51a 226d 4389 24c 2065 51a 22a9 81c 2465 4389 d4 244a 121 2069 11c 246c 104 2261 211 2449 44a 2868 51a 2287 800 2665 4389 314 2865 51a 22a9 4389 51a 22a2 71a 2a63 4389 34c 2a41 51a 228d 4389 4389 51a 228b e002 c000 
[15:03:39.595]    ERROR: <datapipe.cc/Read:L166> ====== 0 ====== a1ea 8000 43c8 159 282d 159 2a2c 500 2427 51a 228c 43c9 51a 228f 65a 2449 644 2845 43c9 311 2864 51a 22a4 859 284f 43c9 35a 2861 43c9 152 206d 28d 266d 51a 228d 85c 2669 43c9 51a 228d 43c9 43c8 122 224d 51a 22a2 758 220f 758 262c e002 c000 
[15:03:39.595]    ERROR: <datapipe.cc/Read:L166> ====== 0 ====== a1eb 8040 43c8 9 204d 14a 2661 345 2487 51a 22a5 6a0 246d 68b 2662 43c8 99 2444 44c 204f 51a 22ad 609 2464 43c9 408 244f 51a 228d 43c9 489 2465 51a 22a0 55a 2a4d 43c9 51a 22a1 43c9 51a 228f 43c9 43c8 45c 222d 51a 2285 84c 2645 e002 c000 
[15:03:39.595]    ERROR: <datapipe.cc/Read:L166> ====== 0 ====== a1ec 80b1 43c9 51a 2268 85c 2a6d 43c9 92 222d 2ca 204d 51a 228f 43c9 252 244f 51a 22a5 75a 222f 801 2449 810 224d 43c8 51a 22a7 43c9 51a 228d 43c8 489 2865 51a 22a5 43c9 43c9 51a 2285 e002 c000 
[15:03:39.595]    ERROR: <datapipe.cc/Read:L166> ====== 0 ====== a1ed 80c0 43c8 4da 2880 51a 2285 853 2049 43c9 48b 248c 51a 22a3 43c9 205 244f 498 2461 51a 22a3 6a0 204d 43c8 213 204c 342 2669 474 2aaa a70 2c0f 579 2102 a49 2418 42d 2409 4f 251a 2ad 2699 4d 2818 64d 281a a69 2821 a61 4388 58 2245 51a 228d 4389 601 2600 4388 9a 204d 51a 228d e002 c000 
[15:03:39.595]    ERROR: <datapipe.cc/Read:L166> ====== 0 ====== a1ee 8000 4388 485 2a66 51a 2282 4389 12 208d 498 286c 51a 22a1 4389 4a 2244 2d0 2664 51a 2289 699 2a68 854 2445 4388 50c 2a4d 51a 22a9 4389 51a 228d 4389 101 202f 200 264d 35a 2445 51a 228d 4389 4388 51a 228f e002 c000 
[15:03:39.595]    ERROR: <datapipe.cc/Read:L166> ====== 0 ====== a1ef 8040 438a 51a 2280 554 2242 713 2645 438b 4a 202d 218 224d 51a 22a1 438b 50d 2864 51a 228d 438b 51a 22a7 438a d3 2a6d 51a 2285 858 2a27 438a 51a 22a5 438b 522 2000 438b 51a 228d e002 c000 
[15:03:40.726]     INFO: 41600 events read in total (3391ms).
[15:03:40.731]     INFO: Test took 4587ms.
[15:03:40.870]     INFO: Fetched DAQ statistics. Counters are being reset now.
[15:03:41.602]     INFO: Expecting 41600 events.
[15:03:45.547]     INFO: 41600 events read in total (3418ms).
[15:03:45.552]     INFO: Test took 4617ms.
[15:03:45.693]     INFO: Fetched DAQ statistics. Counters are being reset now.
[15:03:46.425]     INFO: Expecting 41600 events.
[15:03:50.373]     INFO: 41600 events read in total (3421ms).
[15:03:50.378]     INFO: Test took 4619ms.
[15:03:50.522]     INFO: Fetched DAQ statistics. Counters are being reset now.
[15:03:51.258]     INFO: Expecting 41600 events.
[15:03:55.193]     INFO: 41600 events read in total (3408ms).
[15:03:55.198]     INFO: Test took 4607ms.
[15:03:55.338]     INFO: Fetched DAQ statistics. Counters are being reset now.
[15:03:56.069]     INFO: Expecting 41600 events.
[15:04:00.011]     INFO: 41600 events read in total (3415ms).
[15:04:00.016]     INFO: Test took 4612ms.
[15:04:00.159]     INFO: Fetched DAQ statistics. Counters are being reset now.
[15:04:00.893]     INFO: Expecting 41600 events.
[15:04:03.256]    ERROR: <datapipe.cc/CheckEventValidity:L480> Channel 0 has NoTokenPass but 6 ROCs were found
[15:04:03.256]  WARNING: Channel 1 ROC 6: Readback start marker after 4 readouts!
[15:04:03.256]    ERROR: <datapipe.cc/CheckEventValidity:L491> Channel 1 Number of ROCs (7) != Token Chain Length (8)
[15:04:03.256]    ERROR: <datapipe.cc/CheckEventID:L463> Channel 0 Event ID mismatch:  local ID (116) !=  TBM ID (134)
[15:04:03.256]    ERROR: <datapipe.cc/CheckEventValidity:L491> Channel 0 Number of ROCs (0) != Token Chain Length (8)
[15:04:03.256]    ERROR: <datapipe.cc/CheckEventID:L463> Channel 0 Event ID mismatch:  local ID (135) !=  TBM ID (116)
[15:04:03.256]    ERROR: <datapipe.cc/Read:L164> Dumping the flawed event +- 3 events:
[15:04:03.256]    ERROR: <datapipe.cc/Read:L166> ====== 0 ====== a176 8000 4388 2a2 2064 34a 20a5 549 244d 4388 21d 2847 21d 2461 34a 20c1 341 2a85 481 2489 80a 2a4c 4388 d 226d 2dd 208d 34a 208f 40d 2465 488 204d 51a 202d 4388 30c 264f 34a 2089 4388 34a 20a7 648 2485 4388 34a 208d 4388 4388 219 2449 321 206f 34a 208f e002 c000 
[15:04:03.256]    ERROR: <datapipe.cc/Read:L166> ====== 0 ====== a170 80b1 43c9 34a 248f 461 2242 84d 204d 43c9 40 2662 34a 24ac 43c9 245 244f 34a 24a5 43c9 34a 2483 51a 2643 85b 2065 43c9 15b 2a4d 209 2066 34a 24a5 84a 2a49 43c9 24b 206d 34a 24ad 513 244c 43c9 2d8 2600 358 2800 43c9 34a 24a2 559 2261 e002 c000 
[15:04:03.256]    ERROR: <datapipe.cc/Read:L166> ====== 0 ====== a171 80c0 43c8 11b 2864 34a 20ac 61d 2249 43c8 282 2a64 34a 20a4 6a2 226d 43c8 34a 20a5 43c8 34a 2085 43c9 34a 20a1 748 204c 43c9 4 2842 4 246f b 2a8f 149 2481 2d1 2861 34a 208d 400 2a4d 43c9 4ca 2200 50a 2000 43c9 34a 20a1 515 2461 e002 c000 
[15:04:03.256]    ERROR: <datapipe.cc/Read:L166> ====== 0 ====== a172 8000 43c8 34a 20a7 43c8 94 2441 249 2065 34a 20af 442 2268 518 2040 43c9 4c 264f 34a 2089 68d 244f 43c9 34a 2081 43c8 12 2a45 34a 20ac 454 224d 490 2a40 43c8 34a 2087 6db 264d 43c9 70d 2000 70d 2200 43c9 351 2861 34a 208f 4db 2680 e002 c000 
[15:04:03.256]    ERROR: <datapipe.cc/Read:L166> ====== 0 ====== a173 8040 43c8 34a 208c 64b 24c0 6d2 286d 840 2843 43c9 34b 286d 34a 20c4 43c8 34a 20a7 688 244d 43c9 34a 2089 853 2660 43c8 20d 2040 34a 20a5 4389 438b 2068 9 24d5 443 2aa9 10d 2a65 34a 20a1 e002 c000 
[15:04:03.256]    ERROR: <datapipe.cc/Read:L166> ====== 0 ====== a174 80b1 4388 34a 208f 4388 34a 20ad 4388 34a 20a5 849 264c 4388 34a 2085 60d 2a69 4388 34a 208d 420 2249 759 284d 4388 d 2a49 34a 20a5 702 2865 4388 4388 34a 20a5 e002 c000 
[15:04:03.256]    ERROR: <datapipe.cc/Read:L166> ====== 0 ====== a175 80c0 4388 11a 2669 34a 20a2 48b 264f 713 2443 4388 11a 204d 2c9 2665 34a 20a2 41b 266d 851 2649 851 2a43 855 2262 4388 2d5 2087 2c9 264d 34a 208d 4388 34a 2085 4388 4 2a46 34a 20a5 4388 34a 208d 4388 4388 34a 20a1 85b 2661 e002 c000 
[15:04:03.256]    ERROR: <datapipe.cc/Read:L164> Dumping the flawed event +- 3 events:
[15:04:03.256]    ERROR: <datapipe.cc/Read:L166> ====== 0 ====== a077 8040 4388 11a 2227 34a 20a4 4388 2d4 2067 34a 20a1 6a2 224f 4388 19 2669 34a 206f 55a 284d 4388 295 28cd 34a 208c 4388 219 2a6d 34a 208c 411 2669 554 244f 4388 21b 268f 2dd 244d 34a 2087 4cc 2245 4388 13 2a62 14 2265 34a 20a4 50b 2868 70c 2a4d 4388 2dd 2045 2dc 2842 34a 20a5 e002 c000 
[15:04:03.256]    ERROR: <datapipe.cc/Read:L166> ====== 0 ====== a072 8000 43c8 280 2644 34a 2085 43c8 2db 2a6d 34a 208d 43c9 34a 2085 650 2a47 43c9 241 226d 34a 20a5 684 2a80 43c8 148 2865 34a 208c 848 2845 43c8 34a 2087 43c9 34a 208f 45c 2243 43c9 93 284f 34a 208c 64d 2665 e002 c000 
[15:04:03.256]    ERROR: <datapipe.cc/Read:L166> ====== 2 ====== a073 8040 43c8 34a 2089 43c9 34a 20a1 43c8 34a 206d 502 2a41 43c9 21 2445 34a 2085 64d 2a65 43c8 1c 2646 34a 2085 43c9 358 244d 34a 2081 74b 2245 17fd 2497 ffe 2b00 
[15:04:03.256]    ERROR: <datapipe.cc/Read:L166> ====== 0 ====== a086 80da 331 2a50 e002 c000 
[15:04:03.256]    ERROR: <datapipe.cc/Read:L166> ====== 0 ====== a074 80b1 4388 34a 20a7 4388 34a 208f 4388 34a 2084 4388 34a 2085 4388 34a 206d 4388 10d 226f 34a 2089 80a 2069 4388 5c 222c ca 284d 31b 244f 34a 20a4 48d 2465 4388 34a 2087 e002 c000 
[15:04:03.256]    ERROR: <datapipe.cc/Read:L166> ====== 0 ====== a075 80c0 4388 252 2664 34a 20a1 4388 112 2a45 34a 20a4 4388 34a 2085 4388 2c2 2a4c 2c3 2249 34a 20a1 4388 4 2662 34a 208f 4388 34a 206d 48d 206c 648 2665 4388 21c 2045 34a 20a9 519 204c 6c0 2640 85b 2243 4388 34a 20a7 50d 206f e002 c000 
[15:04:03.256]    ERROR: <datapipe.cc/Read:L166> ====== 0 ====== a076 8000 4388 2d4 2a42 34a 208d 6ca 222d 4388 49 206d 34a 208a 4388 25c 2a6c 34a 2085 49b 2049 4388 34a 208d 4388 211 2287 34a 208f 4388 34a 206d 482 2261 610 2845 4388 9b 246f 34a 20a5 4388 112 264f 34a 208d e002 c000 
[15:04:04.866] CRITICAL: <hal.cc/condenseTriggers:L1899> Data size does not correspond to 10 triggers! Aborting data processing!
[15:04:04.874]     INFO: 0 events read in total (3455ms).
[15:04:04.874] CRITICAL: <hal.cc/MultiRocAllPixelsCalibrate:L783> Incomplete DAQ data readout! Missing 4160 Events.
[15:04:05.540]     INFO: Expecting 41600 events.
[15:04:07.284]    ERROR: <datapipe.cc/CheckEventValidity:L491> Channel 0 Number of ROCs (7) != Token Chain Length (8)
[15:04:07.295]    ERROR: <datapipe.cc/CheckEventValidity:L480> Channel 1 has NoTokenPass but 8 ROCs were found
[15:04:07.295]    ERROR: <datapipe.cc/Read:L164> Dumping the flawed event +- 3 events:
[15:04:07.295]    ERROR: <datapipe.cc/Read:L166> ====== 0 ====== a071 80c0 43c8 11d 2069 43c8 11d 20a5 43c8 11d 20a3 43c8 d9 2244 11d 2081 352 2241 43c9 11d 20ad 448 204c 50d 224c 43c9 48 2446 11d 20a4 218 2a65 43c9 11d 208f 409 2440 43c9 11d 208c 305 2845 e002 c000 
[15:04:07.295]    ERROR: <datapipe.cc/Read:L166> ====== 0 ====== a06b 8040 4389 11d 246d 4388 11d 248d 4389 11d 248d 4389 11d 24a0 81d 204f 4388 11d 24ac 500 2a65 6d4 2a4c 4388 11d 248f 411 2065 814 264d 4389 11d 248d 4388 b 2a8d 11d 248f 449 2661 48a 2665 4d2 2a41 e002 c000 
[15:04:07.295]    ERROR: <datapipe.cc/Read:L166> ====== 0 ====== a06c 80b1 4389 11d 246f 700 2425 4388 44 2669 11d 24a4 359 284d 4389 11d 248f 815 2665 4389 11d 2489 514 2a6f 4389 11d 24c4 618 2868 4389 11d 246d 40b 2281 754 2847 4388 1b 204f 11d 248d 41a 242f 4389 11d 24a2 e002 c000 
[15:04:07.295]    ERROR: <datapipe.cc/Read:L166> ====== 0 ====== a06d 80c0 4389 11d 2465 2cb 266d 4389 11d 24a5 4388 11d 248d 4388 cc 2449 d5 268c 11d 248d 652 2661 4389 11d 24c1 4389 11d 2489 213 24a5 65c 204d 70d 2689 809 2062 4388 11d 2485 145 2649 145 2a65 2d5 2640 302 2a45 30a 2a6f 4389 11d 24a4 503 2662 e002 c000 
[15:04:07.295]    ERROR: <datapipe.cc/Read:L166> ====== 0 ====== a06e 8000 4388 22 244b 11d 248d 4389 11d 24a5 4389 11d 248f 482 2a4e 6e2 2a4f 4388 db 284d 11d 248d 489 2242 64b 2a61 694 2025 4388 11d 24ad 483 246f 4388 11d 248d 160 2264 252 2445 459 2a85 43c9 1058 2a26 cc8 23ff ff9 211d 48c 261a 86c e002 c000 
[15:04:07.295]    ERROR: <datapipe.cc/Read:L166> ====== 0 ====== a06f 8040 43cb 11d 2081 43ca 11d 20a1 43cb 11d 208d 614 244f 43ca 11d 208d 43ca 11d 20ac 213 2485 214 2a83 415 2885 4d4 2045 698 2641 43ca 9a 266c 11d 20a1 2d3 2665 50c 2261 660 2283 43ca 11d 20a1 43cb 11d 208f 4cc 264d e002 c000 
[15:04:07.295]    ERROR: <datapipe.cc/Read:L166> ====== 0 ====== a070 80b1 43c8 11d 206f 43c8 11d 208f 43c8 11d 2085 4d3 264f 43c8 d9 2a89 11d 208d 113 2a65 154 2449 43c8 11d 20a5 110 2480 43c8 11d 20a1 43c8 11d 208f 11c 2261 512 242d 43c8 11d 208f 11d 2649 e002 c000 
[15:04:07.295]    ERROR: <datapipe.cc/Read:L164> Dumping the flawed event +- 3 events:
[15:04:07.295]    ERROR: <datapipe.cc/Read:L166> ====== 0 ====== a171 80c0 43c8 11d 20aa 452 2a6c 658 2a60 80c 2629 43c8 11d 208f 43c8 11d 208d 148 2264 43c8 8 2845 11d 20a5 213 2661 512 2a6d 842 2261 43c9 11d 208f 548 264d 681 2264 43c9 11d 2087 2c9 2a4d 315 264c 35c 2649 43c9 43c9 11d 20a1 e002 c000 
[15:04:07.295]    ERROR: <datapipe.cc/Read:L166> ====== 0 ====== a16b 8040 4389 11d 24a6 500 244c 4389 11d 24a1 302 206d 4db 2261 760 2463 819 2265 4388 11d 24a9 4388 11d 24a5 4d5 2a6d 4388 11d 24a3 544 2849 4388 11d 248d 44b 248d 721 204f 4389 702 2000 701 2800 4389 11d 248c e002 c000 
[15:04:07.295]    ERROR: <datapipe.cc/Read:L166> ====== 0 ====== a16c 80b1 4389 11d 24a2 255 204f 4389 11d 24a1 30c 2065 31d 264f 84c 2249 4389 11d 24ad 4388 d9 2047 11d 24ac 808 2661 4389 11d 24a3 10d 2285 4388 11d 24a4 4389 4389 120 284f 120 244d 11d 2489 213 2260 361 206d 45b 2a49 e002 c000 
[15:04:07.295]    ERROR: <datapipe.cc/Read:L166> ====== 0 ====== a16d 80c0 4388 11d 24a2 64c 2462 811 2069 4389 11d 24a5 219 2882 443 224f 4389 11d 248f 705 206c 4388 11d 2489 21c 2040 851 2a60 852 2261 4389 11d 2485 4388 11d 24a5 4389 4388 11d 24a1 e002 c000 
[15:04:07.295]    ERROR: <datapipe.cc/Read:L166> ====== 2 ====== a16e 8000 4388 11d 248e 6db 286f 4389 2 2045 11d 24a5 74b 2481 4389 11d 24ad 4388 21 2664 11d 24a5 20b 2867 858 2249 4388 11d 248d 2cd 2a6f 4388 11d 24a1 4389 d9 2800 6c1 2a00 4388 11d 2487 40a 306f 7fd 2f87 e80 23ff fff 2fff fff 2fff fff 2fff fff 2fff fff 2fff fff 2fff fff 2fff fff 2fff fff 2fff fff 2fff fff 2fff fff 2fff fff 2fff fff 2fff fff 2fff fff 2fff fff 2fff fff 2fff fff 2fff fff 2fff fff 2fff fff 2fff fff 2fff fff 2fff fff 2fff fff 2fff fff 2fff fff 2fff fff 2fff fff 2fff fff 2fff fff 2fff fff 2fff fff 2fff fff 2fff fff 2fff fff 2fff fff 2fff fff 2fff fff 2fff fff 2fff fff 2fff fff 2fff fff 2fff fff 2fff fff 2fff fff 2fff fff 2fff fff 2fff fff 2fff fff 2fff fff 2fff fff 2fff fff 2fff fff 2fff fff 2fff fff 2fff fff 2fff fff 2fff fff 2fff fff 2fff fff 2fff fff 2fff fff 2fff fff 2fff fff 2fff fff 2fff fff 2fff fff 2fff fff 2fff fff 2fff fff 2fff fff 2fff fff 2fff fff 2fff fff 2fff fff 2fff fff 2fff fff 2fff fff 2fff fff 2fff fff 2fff fff 2fff fff 2fff fff 2fff fff 2fff fff 2fff fff 2fff fff 2fff fff 2fff fff 2fff fff 2fff fff 2fff fff 2fff fff 2fff fff 2fff fff 2fff fff 2fff fff 2fff fff 2fff fff 2fff fff 2fff fff 2fff fff 2fff fff 2fff fff 2fff fff 2fff fff 2fff fff 2fff fff 2fff fff 2fff fff 2fff fff 2fff fff 2fff fff 2fff fff 2fff fff 2fff fff 2fff fff 2fff fff 2fff fff 2fff fff 2fff fff 2fff fff 2fff fff 2fff fff 2fff fff 2fff fff 2fff fff 2fff fff 2fff fff 2fff fff 2fff fff 2fff fff 2fff fff 2fff fff 2fff fff 2fff fff 2fff fff 2fff fff 2fff fff 2fff fff 2fff fff 2fff fff 2fff fff 2fff fff 2fff fff 2fff fff 2fff fff 2fff fff 2fff fff 2fff fff 2fff fff 2fff fff 2fff fff 2fff fff 2fff fff 2fff fff 2fff fff 2fff fff 2fff fff 2fff fff 2fff fff 2fff fff 2fff fff 2fff fff 2fff fff 2fff fff 2fff fff 2fff fff 2fff fff 2fff fff 2fff fff 2fff fff 2fff fff 2fff fff 2fff fff 2fff fff 2fff fff 2fff fff 2fff fff 2fff fff 2fff fff 2fff fff 2fff fff 2fff fff 2fff fff 2fff fff 2fff fff 2fff fff 2fff fff 2fff fff 2fff fff 2fff fff 2fff fff 2fff fff 2fff fff 2fff fff 2fff fff 2fff fff 2fff fff 2fff fff 2fff fff 2fff fff 2fff fff 2fff fff 2fff fff 2fff fff 2fff fff 2fff fff 2fff fff 2fff fff 2fff fff 2fff fff 2fff fff 2fff fff 2fff fff 2fff fff 2fff fff 2fff fff 2fff fff 2fff fff 2fff fff 2fff fff 2fff fff 2fff fff 2fff fff 2fff fff 2fff fff 2fff fff 2fff fff 2fff fff 2fff fff 2fff fff 2fff fff 2fff fff 2fff fff 2fff fff 2fff fff 2fff fff 2fff fff 2fff fff 2fff fff 2fff fff 2fff fff 2fff fff 2fff fff 2fff fff 2fff fff 2fff fff 2fff fff 2fff fff 2fff fff 2fff fff 2fff fff 2fff fff 2fff fff 2fff fff 2fff fff 2fff fff 2fff fff 2fff fff 2fff fff 2fff fff 2fff fff 2fff fff 2fff fff 2fff fff 2fff fff 2fff fff 2fff fff 2fff fff 2fff fff 2fff fff 2fff fff 2fff fff 2fff fff 2fff fff 2fff fff 2fff fff 2fff fff 2fff fff 2fff fff 2fff fff 2fff fff 2fff fff 2fff fff 2fff fff 2fff fff 2fff fff 2fff fff 2fff fff 2fff fff 2fff fff 2fff fff 2fff fff 2fff fff 2fff fff 2fff fff 2fff fff 2fff fff 2fff fff 2fff fff 2fff fff 2fff fff 2fff fff 2fff fff 2fff fff 2fff fff 2fff fff 2fff fff 2fff fff 2fff fff 2fff fff 2fff fff 2fff fff 2fff fff 2fff fff 2fff fff 2fff fff 2fff fff 2fff fff 2fff fff 2fff fff 2fff fff 2fff fff 2fff fff 2fff fff 2fff fff 2fff fff 2fff fff 2fff fff 2fff fff 2fff fff 2fff fff 2fff fff 2fff fff 2fff fff 2fff fff 2fff fff 2fff fff 2fff fff 2fff fff 2fff fff 2fff fff 2fff fff 2fff fff 2fff fff 2fff fff 2fff fff 2fff fff 2fff fff 2fff fff 2fff fff 2fff fff 2fff fff 2fff fff 2fff fff 2fff fff 2fff fff 2fff fff 2fff fff 2fff fff 2fff fff 2fff fff 2fff fff 2fff fff 2fff fff 2fff fff 2fff fff 2fff fff 2fff fff 2fff fff 2fff fff 2fff fff 2fff fff 2fff fff 2fff fff 2fff fff 2fff fff 2fff fff 2fff fff 2fff fff 2fff fff 2fff fff 2fff fff 2fff fff 2fff fff 2fff fff 2fff fff 2fff fff 2fff fff 2fff fff 2fff fff 2fff fff 2fff fff 2fff fff 2fff fff 2fff fff 2fff fff 2fff fff 2fff fff 2fff fff 2fff fff 2fff fff 2fff fff 2fff fff 2fff fff 2fff fff 2fff fff 2fff fff 2fff fff 2fff fff 2fff fff 2fff fff 2fff fff 2fff fff 2fff fff 2fff fff 2fff fff 2fff fff 2fff fff 2fff fff 2fff fff 2fff fff 2fff fff 2fff fff 2fff fff 2fff fff 2fff fff 2fff fff 2fff fff 2fff fff 2fff fff 2fff fff 2fff fff 2fff fff 2fff fff 2fff fff 2fff fff 2fff fff 2fff fff 2fff fff 2fff fff 2fff fff 2fff fff 2fff fff 2fff fff 2fff fff 2fff fff 2fff fff 2fff fff 2fff fff 2fff fff 2fff fff 2fff fff 2fff fff 2fff fff 2fff fff 2fff fff 2fff fff 2fff fff 2fff fff 2fff fff 2fff fff 2fff fff 2fff fff 2fff fff 2fff fff 2fff fff 2fff fff 2fff fff 2fff fff 2fff fff 2fff fff 2fff fff 2fff fff 2fff fff 2fff fff 2fff fff 2fff fff 2fff fff 2fff fff 2fff fff 2fff fff 2fff fff 2fff fff 2fff fff 2fff fff 2fff fff 2fff fff 2fff fff 2fff fff 2fff fff 2fff fff 2fff fff 2fff fff 2fff fff 2fff fff 2fff fff 2fff fff 2fff fff 2fff fff 2fff fff 2fff fff 2fff fff 2fff fff 2fff fff 2fff fff 2fff fff 2fff fff 2fff fff 2fff fff 2fff fff 2fff fff 2fff fff 2fff fff 2fff fff 2fff fff 2fff fff 2fff fff 2fff fff 2fff fff 2fff fff 2fff fff 2fff fff 2fff fff 2fff fff 2fff fff 2fff fff 2fff fff 2fff fff 2fff fff 2fff fff 2fff fff 2fff fff 2fff fff 2fff fff 2fff fff 2fff fff 2fff fff 2fff fff 2fff fff 2fff fff 2fff fff 2fff fff 2fff fff 2fff fff 2fff fff 2fff fff 2fff fff 2fff fff 2fff fff 2fff fff 2fff fff 2fff fff 2fff fff 2fff fff 2fff fff 2fff fff 2fff fff 2fff fff 2fff fff 2fff fff 2fff fff 2fff fff 2fff fff 2fff fff 2fff fff 2fff fff 2fff fff 2fff fff 2fff fff 2fff fff 2fff fff 2fff fff 2fff fff 2fff fff 2fff fff 2fff fff 2fff fff 2fff fff 2fff fff 2fff fff 2fff fff 2fff fff 2fff fff 2fff fff 2fff fff 2fff fff 2fff fff 2fff fff 2fff fff 2fff fff 2fff fff 2fff fff 2fff fff 2fff fff 2fff fff 2fff fff 2fff fff 2fff fff 2fff fff 2fff fff 2fff fff 2fff fff 2fff fff 2fff fff 2fff fff 2fff fff 2fff fff 2fff fff 2fff fff 2fff fff 2fff fff 2fff fff 2fff fff 2fff fff 2fff fff 2fff fff 2fff fff 2fff fff 2fff fff 2fff fff 2fff fff 2fff fff 2fff fff 2fff fff 2fff fff 2fff fff 2fff fff 2fff fff 2fff fff 2fff fff 2fff fff 2fff fff 2fff fff 2fff fff 2fff fff 2fff fff 2fff fff 2fff fff 2fff fff 2fff fff 2fff fff 2fff fff 2fff fff 2fff fff 2fff fff 2fff fff 2fff fff 2fff fff 2fff fff 2fff fff 2fff fff 2fff fff 2fff fff 2fff fff 2fff fff 2fff fff 2fff fff 2fff fff 2fff fff 2fff fff 2fff fff 2fff fff 2fff fff 2fff fff 2fff fff 2fff fff 2fff fff 2fff fff 2fff fff 2fff fff 2fff fff 2fff fff 2fff fff 2fff fff 2fff fff 2fff fff 2fff fff 2fff fff 2fff fff 2fff fff 2fff fff 2fff fff 2fff fff 2fff fff 2fff fff 2fff fff 2fff fff 2fff fff 2fff fff 2fff fff 2fff fff 2fff fff 2fff fff 2fff fff 2fff fff 2fff fff 2fff fff 2fff fff 2fff fff 2fff fff 2fff fff 2fff fff 2fff fff 2fff fff 2fff fff 2fff fff 2fff fff 2fff fff 2fff fff 2fff fff 2fff fff 2fff fff 2fff fff 2fff fff 2fff fff 2fff fff 2fff fff 2fff fff 2fff fff 2fff fff 2fff fff 2fff fff 2fff fff 2fff fff 2fff fff 2fff fff 2fff fff 2fff fff 2fff fff 2fff fff 2fff fff 2fff fff 2fff fff 2fff fff 2fff fff 2fff fff 2fff fff 2fff fff 2fff fff 2fff fff 2fff fff 2fff fff 2fff fff 2fff fff 2fff fff 2fff fff 2fff fff 2fff fff 2fff fff 2fff fff 2fff fff 2fff fff 2fff fff 2fff fff 2fff fff 2fff fff 2fff fff 2fff fff 2fff fff 2fff fff 2fff fff 2fff fff 2fff fff 2fff fff 2fff fff 2fff fff 2fff fff 2fff fff 2fff fff 2fff fff 2fff fff 2fff fff 2fff fff 2fff fff 2fff fff 2fff fff 2fff fff 2fff fff 2fff fff 2fff fff 2fff fff 2fff fff 2fff fff 2fff fff 2fff fff 2fff fff 2fff fff 2fff fff 2fff fff 2fff fff 2fff fff 2fff fff 2fff fff 2fff fff 2fff fff 2fff fff 2fff fff 2fff fff 2fff fff 2fff fff 2fff fff 2fff fff 2fff fff 2fff fff 2fff fff 2fff fff 2fff fff 2fff fff 2fff fff 2fff fff 2fff fff 2fff fff 2fff fff 2fff fff 2fff fff 2fff fff 2fff fff 2fff fff 2fff fff 2fff fff 2fff fff 2fff fff 2fff fff 2fff fff 2fff fff 2fff fff 2fff fff 2fff fff 2fff fff 2fff fff 2fff fff 2fff fff 2fff fff 2fff fff 2fff fff 2fff fff 2fff fff 2fff fff 2fff fff 2fff fff 2fff fff 2fff fff 2fff fff 2fff fff 2fff fff 2fff fff 2fff fff 2fff fff 2fff fff 2fff fff 2fff fff 2fff fff 2fff fff 2fff fff 2fff fff 2fff fff 2fff fff 2fff fff 2fff fff 2fff fff 2fff fff 2fff fff 2fff fff 2fff fff 2fff fff 2fff fff 2fff fff 2fff fff 2fff fff 2fff fff 2fff fff 2fff fff 2fff fff 2fff fff 2fff fff 2fff fff 2fff fff 2fff fff 2fff fff 2fff fff 2fff fff 2fff fff 2fff fff 2fff fff 2fff fff 2fff fff 2fff fff 2fff fff 2fff fff 2fff fff 2fff fff 2fff fff 2fff fff 2fff fff 2fff fff 2fff fff 2fff fff 2fff fff 2fff fff 2fff fff 2fff fff 2fff fff 2fff fff 2fff fff 2fff fff 2fff fff 2fff fff 2fff fff 2fff fff 2fff fff 2fff fff 2fff fff 2fff fff 2fff fff 2fff fff 2fff fff 2fff fff 2fff fff 2fff fff 2fff fff 2fff fff 2fff fff 2fff fff 2fff fff 2fff fff 2fff fff 2fff fff 2fff fff 2fff fff 2fff fff 2fff fff 2fff fff 2fff fff 2fff fff 2fff fff 2fff fff 2fff fff 2fff fff 2fff fff 2fff fff 2fff fff 2fff fff 2fff fff 2fff fff 2fff fff 2fff fff 2fff fff 2fff fff 2fff fff 2fff fff 2fff fff 2fff fff 2fff fff 2fff fff 2fff fff 2fff fff 2fff fff 2fff fff 2fff fff 2fff fff 2fff fff 2fff fff 2fff fff 2fff fff 2fff fff 2fff fff 2fff fff 2fff fff 2fff fff 2fff fff 2fff fff 2fff fff 2fff fff 2fff fff 2fff fff 2fff fff 2fff fff 2fff fff 2fff fff 2fff fff 2fff fff 2fff fff 2fff fff 2fff fff 2fff fff 2fff fff 2fff fff 2fff fff 2fff fff 2fff fff 2fff fff 2fff fff 2fff fff 2fff fff 2fff fff 2fff fff 2fff fff 2fff fff 2fff fff 2fff fff 2fff fff 2fff fff 2fff fff 2fff fff 2fff fff 2fff fff 2fff fff 2fff fff 2fff fff 2fff fff 2fff fff 2fff fff 2fff fff 2fff fff 2fff fff 2fff fff 2fff fff 2fff fff 2fff fff 2fff fff 2fff fff 2fff 
[15:04:07.296]    ERROR: <datapipe.cc/Read:L166> ====== 0 ====== a16f 8040 43ca 11d 208d 50c 2a4d 43ca 43ca dd 2683 11d 20a9 159 246c 75d 2665 859 2269 43ca 11d 20ac 151 2844 43cb 11d 20a1 654 2241 43cb 11d 20a1 43cb 43ca 11d 20a1 35b 264f 35b 2a4c e002 c000 
[15:04:07.296]    ERROR: <datapipe.cc/Read:L166> ====== 0 ====== a170 80b1 43c9 11d 206f 75b 2a85 43c9 11d 20a0 4c8 2641 43c9 11d 20a7 43c9 11d 20a4 613 246d 43c9 11d 20a1 320 246d 84a 2a66 43c9 1c 2466 c0 264f 11d 20a5 43c9 43c9 11d 20a5 e002 c000 
[15:04:08.885]    ERROR: <datapipe.cc/CheckEventID:L463> Channel 0 Event ID mismatch:  local ID (14) !=  TBM ID (15)
[15:04:08.885]  WARNING: Channel 0 ROC 7: Readback start marker after 15 readouts!
[15:04:08.885]    ERROR: <datapipe.cc/CheckEventID:L463> Channel 1 Event ID mismatch:  local ID (14) !=  TBM ID (15)
[15:04:08.885]    ERROR: <datapipe.cc/Read:L164> Dumping the flawed event +- 3 events:
[15:04:08.885]    ERROR: <datapipe.cc/Read:L166> ====== 0 ====== a012 8000 4388 155 244d 612 2667 708 228d 4388 708 224b 4389 708 2267 4389 699 286c 708 2285 4388 708 2264 4388 409 264f 498 244d 654 202d 708 228d 4389 2d8 2643 708 226d 4389 50 2646 708 2264 e002 c000 
[15:04:08.885]    ERROR: <datapipe.cc/Read:L166> ====== 0 ====== a00b 8040 43c9 91 2242 708 2682 859 2861 43c8 4c8 2069 708 2665 43c9 55b 2445 708 2681 43c9 708 268d 43c8 708 266f 43c8 243 2466 454 2065 708 26a5 43c9 708 2688 84b 2640 84b 2a4f 43c8 11c 2260 708 26a1 e002 c000 
[15:04:08.885]    ERROR: <datapipe.cc/Read:L166> ====== 0 ====== a00c 80b1 43c9 6d5 2429 6d5 262d 708 266f 43c8 708 2665 43c9 655 2849 708 2681 43c9 252 22c1 708 268c 43c9 35b 244d 848 2a44 43c9 708 268d 43c8 2cc 2861 708 2685 43c9 452 2865 708 2686 e002 c000 
[15:04:08.885]    ERROR: <datapipe.cc/Read:L166> ====== 0 ====== a00d 80c0 43c9 708 226b 43c9 708 2265 43c8 708 2269 862 2865 43c8 45 2845 29c 2669 708 2285 43c9 1d 204b 60d 2481 708 2267 43c9 285 2669 708 2287 860 2263 43c8 708 228f 43c9 358 2645 555 2881 708 224f e002 c000 
[15:04:08.885]    ERROR: <datapipe.cc/Read:L166> ====== 0 ====== a00f 8040 438b 45c 222c 708 2281 438a 708 224d 438b 708 2269 438a b 284d c9 2465 619 2885 708 228f 438a 401 2a4d 708 226d 438a 283 284f 708 22a5 438a 708 22a2 820 204c 438b 708 2265 e002 c000 
[15:04:08.885]    ERROR: <datapipe.cc/Read:L166> ====== 0 ====== a010 80b1 4388 708 2285 4388 708 2244 85a 266d 4388 708 2282 4388 2 2265 708 228d 4388 c9 2243 345 224d 69c 2041 708 224f 71d 224f 4388 708 2285 860 2249 4388 112 2669 708 22a5 75d 2462 4388 498 2869 6d9 224d 708 226c e002 c000 
[15:04:08.885]    ERROR: <datapipe.cc/Read:L166> ====== 0 ====== a011 80c0 4388 708 226d 4388 708 2269 4388 651 2423 708 2285 4388 151 2442 708 228d 805 246b 4389 708 226f 4389 45b 2a64 708 228d 4389 708 2287 4389 653 224f 708 226f e002 c000 
[15:04:08.886]    ERROR: <datapipe.cc/Read:L164> Dumping the flawed event +- 3 events:
[15:04:08.886]    ERROR: <datapipe.cc/Read:L166> ====== 0 ====== a112 8000 4388 253 246c 708 2269 4388 708 22a3 4389 708 226f 4389 251 246c 353 284d 68a 2241 708 226d 758 2a85 4388 5d 2a2d 655 2648 708 2281 4388 708 2289 4389 460 2a00 4389 708 2285 e002 c000 
[15:04:08.886]    ERROR: <datapipe.cc/Read:L166> ====== 0 ====== a10b 8040 43c9 25b 2062 562 2242 708 2669 43c9 41d 2649 708 26a9 753 2480 43c8 64a 2866 708 268d 43c8 2c3 2865 708 266a 43c8 9d 2a45 708 2686 43c8 30c 2049 708 268f 43c9 11d 2600 43c9 708 2687 e002 c000 
[15:04:08.886]    ERROR: <datapipe.cc/Read:L166> ====== 0 ====== a10c 80b1 43c9 708 2669 43c9 4c9 2643 708 26a0 848 2843 848 2442 43c9 31d 2667 708 2685 821 2649 43c8 608 204d 689 2265 708 266f 43c9 708 2681 81c 244e 43c8 40 2a2c 708 2689 43c9 43c9 708 2689 e002 c000 
[15:04:08.886]    ERROR: <datapipe.cc/Read:L166> ====== 0 ====== a10d 80c0 43c8 708 226f 43c9 708 228f 70d 2267 43c9 255 2a25 708 2289 43c8 6d5 244f 708 2285 43c9 4d3 2447 708 228c 43c8 708 22a1 43c9 43c8 210 2040 708 2285 e002 c000 
[15:04:08.886]    ERROR: <datapipe.cc/Read:L166> ====== 0 ====== a10f 8040 438a 40a 2042 708 2281 438a 560 2a4d 708 228f 438a 651 204f 708 228d 438a 9a 2849 298 2a62 460 2480 708 2285 438b 440 24a4 4ca 2267 64a 2a2f 708 2281 438b 708 2287 438b 755 2400 438a 21b 2240 708 2285 852 2a4b e002 c000 
[15:04:08.886]    ERROR: <datapipe.cc/Read:L166> ====== 0 ====== a110 80b1 4389 708 226d 4389 95 2045 642 2061 708 228d 4389 314 2463 358 2469 4d4 244f 68b 2a6a 68c 2247 708 2280 714 226b 4389 708 226d 4389 708 2282 4389 1d 2085 708 22a1 4389 4389 708 22a0 e002 c000 
[15:04:08.886]    ERROR: <datapipe.cc/Read:L166> ====== 0 ====== a111 80c0 4388 708 226f 4388 509 2645 708 2285 4388 160 226d 708 2284 742 2025 4388 451 2449 45b 2261 45b 266d 708 2281 4389 db 2041 48c 202d 708 2285 758 224d 4389 20a 2a47 708 228d 4389 99 2800 358 2200 4389 50d 284d 708 228c e002 c000 
[15:04:09.351] CRITICAL: <hal.cc/condenseTriggers:L1899> Data size does not correspond to 10 triggers! Aborting data processing!
[15:04:09.359]     INFO: 0 events read in total (3292ms).
[15:04:09.360] CRITICAL: <hal.cc/MultiRocAllPixelsCalibrate:L783> Incomplete DAQ data readout! Missing 4160 Events.
[15:04:10.029]     INFO: Expecting 41600 events.
[15:04:13.978]     INFO: 41600 events read in total (3422ms).
[15:04:13.983]     INFO: Test took 4623ms.
[15:04:14.123]     INFO: Fetched DAQ statistics. Counters are being reset now.
[15:04:14.854]     INFO: Expecting 41600 events.
[15:04:18.797]     INFO: 41600 events read in total (3416ms).
[15:04:18.802]     INFO: Test took 4613ms.
[15:04:18.943]     INFO: Fetched DAQ statistics. Counters are being reset now.
[15:04:19.674]     INFO: Expecting 41600 events.
[15:04:23.631]     INFO: 41600 events read in total (3430ms).
[15:04:23.637]     INFO: Test took 4629ms.
[15:04:23.782]     INFO: Fetched DAQ statistics. Counters are being reset now.
[15:04:24.516]     INFO: Expecting 41600 events.
[15:04:28.458]     INFO: 41600 events read in total (3415ms).
[15:04:28.463]     INFO: Test took 4613ms.
[15:04:28.604]     INFO: Fetched DAQ statistics. Counters are being reset now.
[15:04:29.339]     INFO: Expecting 41600 events.
[15:04:30.830]    ERROR: <datapipe.cc/CheckEventValidity:L491> Channel 0 Number of ROCs (6) != Token Chain Length (8)
[15:04:30.830]    ERROR: <datapipe.cc/CheckEventValidity:L491> Channel 1 Number of ROCs (6) != Token Chain Length (8)
[15:04:30.830]    ERROR: <datapipe.cc/CheckEventID:L463> Channel 0 Event ID mismatch:  local ID (48) !=  TBM ID (2)
[15:04:30.830]    ERROR: <datapipe.cc/CheckEventValidity:L491> Channel 0 Number of ROCs (0) != Token Chain Length (8)
[15:04:30.830]    ERROR: <datapipe.cc/CheckEventID:L463> Channel 0 Event ID mismatch:  local ID (3) !=  TBM ID (48)
[15:04:30.830]    ERROR: <datapipe.cc/Read:L164> Dumping the flawed event +- 3 events:
[15:04:30.830]    ERROR: <datapipe.cc/Read:L166> ====== 0 ====== a132 8000 4388 5d 20a5 4388 5d 20af 343 248c 64c 2863 4389 5d 208f 2d1 2065 2d0 2845 844 242f 4389 62 246c 5d 20a5 4388 5d 2085 48 2a4d c2 2a4c 69c 244f 4388 5d 2089 4389 692 2a00 4389 5d 2067 e002 c000 
[15:04:30.830]    ERROR: <datapipe.cc/Read:L166> ====== 0 ====== a12c 80b1 4188 5d 24ac 20b 2842 4189 5d 248d 4189 5d 24a5 4189 5d 248f 6c8 2a45 809 222d 4189 5d 248f 99 2267 2d0 264d 4189 5d 2485 4189 4188 5d 24a5 69b 284d 69b 246d e002 c000 
[15:04:30.830]    ERROR: <datapipe.cc/Read:L166> ====== 0 ====== a12d 80c0 4189 5d 24a0 4188 5d 248d 4188 5d 24a3 4188 d 2447 5d 24a5 41 224d 4d4 2a4f 84b 224d 4188 5d 24a5 151 2662 6cd 284d 4189 5d 2481 4189 4189 5d 248d e002 c000 
[15:04:30.830]    ERROR: <datapipe.cc/Read:L166> ====== 0 ====== a12e 8000 4188 5d 24a9 84c 2647 4189 5d 24a9 4189 5d 24a5 4c5 2863 4189 5d 246c 121 2665 4189 5d 248d 320 2a6c 64d 206d 4188 5d 2489 41b 2a4d 4189 4188 5d 2489 e002 c000 
[15:04:30.830]    ERROR: <datapipe.cc/Read:L166> ====== 0 ====== a12f 8040 418b 5d 20a4 90 204d 220 284b 25a 286c 515 204d 418a 5d 20a3 51c 2045 418b 5d 2085 54b 286c 6c9 244f 85b 224d 418b d 2445 5d 2089 1703 204f 1ae9 2aaa 903 20a0 33c 2266 aa8 2022 5a9 255b 5d 2082 75c 2845 438a d9 2800 438a 5d 208d e002 c000 
[15:04:30.830]    ERROR: <datapipe.cc/Read:L166> ====== 0 ====== a130 80b1 4389 5d 20a4 605 244d 4389 5d 208a dc 2246 20a 224f 34b 2a81 418 2249 561 2048 849 2a6c 4389 5d 2089 14a 2240 4389 5d 20aa 41b 286f 4389 1b 2a6c 5d 20a3 4389 9 2061 5d 208d 209 2665 4389 613 2400 4389 5d 2087 e002 c000 
[15:04:30.830]    ERROR: <datapipe.cc/Read:L166> ====== 0 ====== a131 80c0 4388 5d 208d 259 2460 250 2060 4388 5d 208d 54d 2469 4388 5d 208d 4388 5d 2083 4389 5d 208f 208 2642 4389 5d 2089 554 266c 4389 4389 5d 2089 144 2469 4d8 286f e002 c000 
[15:04:30.830]    ERROR: <datapipe.cc/Read:L164> Dumping the flawed event +- 3 events:
[15:04:30.830]    ERROR: <datapipe.cc/Read:L166> ====== 0 ====== a033 8040 4388 5d 2087 160 262f 160 2a26 4389 5d 20a7 4388 5d 2085 64c 2225 4389 5d 208f 4388 3 286d 5d 20ad 200 248d 515 2880 51c 2668 802 2a62 4389 5d 208f 34b 2689 4388 5d 206c 4389 5d 2087 453 228c e002 c000 
[15:04:30.830]    ERROR: <datapipe.cc/Read:L166> ====== 0 ====== a02e 8000 4188 5d 248d 4189 5d 24a7 4189 5d 24a4 6d4 2461 4188 5d 248b 115 264b 84d 2247 4188 5d 24ad 43 2a89 4188 5d 2487 522 284f 4189 5d 2484 81 2a6f 6d0 2a61 70a 2445 85b 224b 4188 5d 2485 4b 286d e002 c000 
[15:04:30.830]    ERROR: <datapipe.cc/Read:L166> ====== 2 ====== a02f 8040 418b 5d 208d 418a 5d 20a3 154 2a62 318 2425 318 2026 418a 5d 2089 68a 2645 418a 5d 20a2 315 2882 418b 11 2a64 5d 20a7 344 2664 438b 105d 2085 103e 25ff 
[15:04:30.830]    ERROR: <datapipe.cc/Read:L166> ====== 0 ====== b002 800f 16df 2ff0 a66 2bf0 28 2174 234 2440 930 2a55 e002 c000 
[15:04:30.830]    ERROR: <datapipe.cc/Read:L166> ====== 0 ====== a030 80b1 4388 5d 2089 5b 2a6a 4388 5d 20a5 154 2465 4388 5d 2089 6c0 2445 850 202d 4388 5d 2085 4388 5d 20c0 59 246c 4c1 2449 4388 5d 208d 84c 2647 4388 5d 2085 4388 5d 2081 2da 2a4f e002 c000 
[15:04:30.830]    ERROR: <datapipe.cc/Read:L166> ====== 0 ====== a031 80c0 4388 5d 20a0 28b 224d 4388 5d 20ad 298 244d 298 2049 4388 5d 208d 449 284f 60b 2265 4388 5d 20a5 114 204c 110 2462 290 2645 505 2689 4389 5d 20c6 84 2267 4389 5d 2085 81 2245 4389 5d 208c 454 282c 454 2429 4c1 2864 6cc 282d 4389 5d 208c 4d 2629 e002 c000 
[15:04:30.830]    ERROR: <datapipe.cc/Read:L166> ====== 0 ====== a032 8000 4388 5d 20a5 158 2a0f 4388 5d 20a2 4389 5d 2085 410 2849 4389 5d 20a7 202 2265 4388 5d 20c0 4388 5d 2085 300 264c 684 222d 4389 5d 208c 2cd 242f 454 2847 4389 5d 208d e002 c000 
[15:04:33.310] CRITICAL: <hal.cc/condenseTriggers:L1899> Data size does not correspond to 10 triggers! Aborting data processing!
[15:04:33.318]     INFO: 0 events read in total (3453ms).
[15:04:33.318] CRITICAL: <hal.cc/MultiRocAllPixelsCalibrate:L783> Incomplete DAQ data readout! Missing 4160 Events.
[15:04:33.987]     INFO: Expecting 41600 events.
[15:04:37.932]     INFO: 41600 events read in total (3419ms).
[15:04:37.937]     INFO: Test took 4618ms.
[15:04:38.076]     INFO: Fetched DAQ statistics. Counters are being reset now.
[15:04:38.807]     INFO: Expecting 41600 events.
[15:04:42.762]     INFO: 41600 events read in total (3428ms).
[15:04:42.767]     INFO: Test took 4626ms.
[15:04:42.908]     INFO: Fetched DAQ statistics. Counters are being reset now.
[15:04:43.640]     INFO: Expecting 41600 events.
[15:04:47.593]     INFO: 41600 events read in total (3426ms).
[15:04:47.598]     INFO: Test took 4624ms.
[15:04:47.744]     INFO: Fetched DAQ statistics. Counters are being reset now.
[15:04:48.480]     INFO: Expecting 41600 events.
[15:04:52.421]     INFO: 41600 events read in total (3414ms).
[15:04:52.426]     INFO: Test took 4613ms.
[15:04:52.569]     INFO: Fetched DAQ statistics. Counters are being reset now.
[15:04:53.303]     INFO: Expecting 41600 events.
[15:04:54.915]    ERROR: <datapipe.cc/CheckEventValidity:L480> Channel 0 has NoTokenPass but 1 ROCs were found
[15:04:54.915]    ERROR: <datapipe.cc/CheckEventValidity:L491> Channel 1 Number of ROCs (4) != Token Chain Length (8)
[15:04:54.915]    ERROR: <datapipe.cc/Read:L164> Dumping the flawed event +- 3 events:
[15:04:54.915]    ERROR: <datapipe.cc/Read:L166> ====== 0 ====== a0d0 80b1 4388 a1 26a1 4388 a1 26a5 4388 a1 26a5 4388 a1 268d 160 244f 4388 9d 264d 9d 2a68 a1 26af 354 2827 4388 2 2642 a1 26a1 4388 a1 26a9 4388 a1 26c1 e002 c000 
[15:04:54.915]    ERROR: <datapipe.cc/Read:L166> ====== 0 ====== a0ca 8000 4188 a1 26a5 459 2a41 4188 a1 26a9 4188 a1 26a1 4189 a0 222c a1 26a5 153 224c 352 2265 64c 2a46 702 284c 702 242f 4189 60 26af a1 26af 6d0 264f 4189 a1 26a1 c0 264d 4189 8d 2869 a1 26a7 55c 2465 4189 a1 26a2 45a 2846 e002 c000 
[15:04:54.915]    ERROR: <datapipe.cc/Read:L166> ====== 0 ====== a0cb 8040 4189 a1 26a0 4189 a1 268f 4189 a1 26ad 4c2 2845 4189 a1 26a5 6a0 202c 760 2268 4188 80 2a81 a1 26a9 2cc 2443 4188 a1 268d 31c 2480 40b 2048 708 2441 812 2485 4188 a1 268f 21a 2261 51b 246d 553 2668 4188 a1 26a3 51c 2a29 e002 c000 
[15:04:54.915]    ERROR: <datapipe.cc/Read:L166> ====== 0 ====== a0cc 80b1 4188 a0 262d a1 26ad 514 2445 4189 a1 26a5 4188 a1 26a9 4188 a1 26a1 4ca 2863 4188 a1 26a5 551 204c 4188 a1 268d 4189 a1 26a4 75b 2a43 4189 a1 26a1 495 2269 61b 2281 e002 c000 
[15:04:54.915]    ERROR: <datapipe.cc/Read:L166> ====== 0 ====== a0cd 80c0 4189 a1 26a5 41d 2262 694 438a e00 307f 1fe0 20a5 7ff 2fff cc0 20a8 1ff 2f48 35c 39e4 e0b1 c050 
[15:04:54.915]    ERROR: <datapipe.cc/Read:L166> ====== 0 ====== a0ce 8000 4388 a1 26a5 4389 a1 26a2 4389 a1 26a9 54d 262d 4388 a1 268c 4388 a1 268c 4388 a1 26a9 410 2645 4389 a1 268d 808 228d 4388 a1 26ac e002 c000 
[15:04:54.915]    ERROR: <datapipe.cc/Read:L166> ====== 0 ====== a0cf 8040 438b a1 26a5 438a a1 26c1 2d1 2261 438a a1 26a3 dc 2444 283 2a4d 438a a1 26a5 438b a1 26a7 438b a1 26a9 45c 284d 438a a1 26a7 2db 266d 438a a1 26a3 e002 c000 
[15:04:54.918]    ERROR: <datapipe.cc/Read:L164> Dumping the flawed event +- 3 events:
[15:04:54.918]    ERROR: <datapipe.cc/Read:L166> ====== 0 ====== a1d0 80b1 4389 a1 2680 709 2225 4389 a1 2687 4389 a1 26a2 289 2081 80c 2027 80c 2225 4389 a1 26a7 4389 19 2267 a1 26ac 81a 264d 4389 a1 268d 141 20a1 45d 2867 4389 4389 a1 26a3 e002 c000 
[15:04:54.918]    ERROR: <datapipe.cc/Read:L166> ====== 0 ====== a1ca 8000 4189 a1 2680 4188 a0 2247 a1 26a9 2c8 2a2c 6dd 2280 4189 a1 2689 4188 a1 26a5 4189 a1 268f 4188 11 2a81 a1 26a5 4189 75b 2800 753 2400 4189 a1 268f e002 c000 
[15:04:54.918]    ERROR: <datapipe.cc/Read:L166> ====== 0 ====== a1cb 8040 4189 a1 2684 4189 21 2085 62 2a6d 95 2882 a1 26a0 262 286d 4188 a1 26a5 4189 a1 26a1 4188 a1 26a5 70d 204c 4189 a1 268d 4189 718 2800 4189 a1 2684 320 2a64 69a 206d e002 c000 
[15:04:54.918]    ERROR: <datapipe.cc/Read:L166> ====== 0 ====== a1cc 80b1 4188 94 2042 a1 2680 4188 a1 26a5 68b 264d 74b 2662 4188 a1 268d 6c3 2045 718 2047 4188 a1 26ad 719 2045 720 2665 4188 a1 268f 4189 a1 26a1 4189 4188 40 2442 a1 268d 553 2865 553 244c e002 c000 
[15:04:54.918]    ERROR: <datapipe.cc/Read:L166> ====== 0 ====== a1cd 80c0 4188 a1 268e 29d 2262 4389 10aa 2af1 557 30aa a6a 2b02 a80 2003 7c2 28aa 801 5389 47e 283c 0 2529 6b9 20a1 6a1 2559 44d 4388 12 2463 a1 268d 4389 613 2400 4388 a1 268d e002 c000 
[15:04:54.918]    ERROR: <datapipe.cc/Read:L166> ====== 0 ====== a1ce 8000 4388 a1 268c 2c1 2262 302 206d 4389 a1 268d 802 2468 4389 a1 26a1 4389 20 204d 94 2449 84 2049 a1 26af 4389 94 2248 a1 26a9 151 266f 4388 a1 268f 21c 242d 28a 2065 4389 14 2a00 15 2200 4388 a1 2685 e002 c000 
[15:04:54.918]    ERROR: <datapipe.cc/Read:L166> ====== 0 ====== a1cf 8040 438b a1 2686 153 2060 438a a1 26ac 110 2a45 55a 2a6c 438b a1 26a5 438b a1 268d 6a2 226d 438a a1 26a5 2c8 2847 438b a1 26a5 2d3 2661 2d3 2a82 348 2a2f 438a 438a 9a 2242 a1 26a0 e002 c000 
[15:04:57.234]     INFO: 41600 events read in total (3405ms).
[15:04:57.239]     INFO: Test took 4601ms.
[15:04:57.382]     INFO: Fetched DAQ statistics. Counters are being reset now.
[15:04:58.116]     INFO: Expecting 41600 events.
[15:05:01.995]     INFO: 41600 events read in total (3352ms).
[15:05:02.001]     INFO: Test took 4550ms.
[15:05:02.141]     INFO: Fetched DAQ statistics. Counters are being reset now.
[15:05:02.874]     INFO: Expecting 41600 events.
[15:05:06.553]     INFO: 41600 events read in total (3152ms).
[15:05:06.558]     INFO: Test took 4349ms.
[15:05:06.685]     INFO: Fetched DAQ statistics. Counters are being reset now.
[15:06:15.592]     INFO:    ----------------------------------------------------------------------
[15:06:15.592]     INFO:    PixTestHighRate::xPixelAlive() ntrig = 50, vcal = 200
[15:06:15.592]     INFO:    ----------------------------------------------------------------------
[15:06:16.311]     INFO: Expecting 208000 events.
[15:06:32.198]     INFO: 208000 events read in total (15361ms).
[15:06:32.219]     INFO: Test took 16578ms.
[15:06:32.986]     INFO: Fetched DAQ statistics. Counters are being reset now.
[15:06:33.465]     INFO: number of dead pixels (per ROC):     0    0    0    0    0    0    0    0    1    0    0    0    0    0 4132    0
[15:06:33.466]     INFO: number of red-efficiency pixels:   287  161  414  760  667  723  630  480  573  697  694  685  613  320 4160  268
[15:06:33.466]     INFO: number of X-ray hits detected:    152859 106790 172450 276633 290275 283533 272716 223237 243707 287814 292992 269623 278851 180384 103097 145613
[15:06:33.466]     INFO: number of triggers sent (total per ROC):  208000 208000 208000 208000 208000 208000 208000 208000 208000 208000 208000 208000 208000 208000 208000 208000
[15:06:33.466]     INFO: number of Vcal hits detected:  207700 207830 207529 207123 207268 207126 207299 207478 207318 207207 207203 207198 207302 207654   28 207715
[15:06:33.466]     INFO: Vcal hit fiducial efficiency (%):  99.9 99.9 99.8 99.6 99.7 99.6 99.7 99.8 99.7 99.7 99.7 99.7 99.7 99.8 2.0 99.9
[15:06:33.466]     INFO: Vcal hit overall efficiency (%):  99.9 99.9 99.8 99.6 99.6 99.6 99.7 99.7 99.7 99.6 99.6 99.6 99.7 99.8 0.0 99.9
[15:06:33.466]     INFO: X-ray hit rate [MHz/cm2]:  44.8 31.3 50.5 81.1 85.1 83.1 79.9 65.4 71.4 84.4 85.9 79.0 81.7 52.9 30.2 42.7
[15:06:33.466]     INFO: PixTestHighRate::doXPixelAlive() done
[15:06:33.512]     INFO: PixTest::       pg_setup set to default.
[15:06:37.720]     INFO:    ----------------------------------------------------------------------
[15:06:37.720]     INFO:    PixTestHighRate::runDaq() running for 2 seconds
[15:06:37.720]     INFO:    ----------------------------------------------------------------------
[15:06:38.709]     INFO: PixTestHighRate::doHitMap start TriggerLoop with trigger frequency 20 kHz, period 2011 and duration 2 seconds
[15:06:40.712]     INFO: data taking finished, elapsed time: 2 seconds.
[15:06:42.565]     INFO: PixTest::       pg_setup set to default.
[15:06:42.678]     INFO: Pixels without X-ray hits (per ROC):   385   861   572    98    98    86    95   313   181    94    79   179   100   500  1043   417 
[15:06:42.678]     INFO: PixTestHighRate::doRunDaq() done
[15:06:59.240]    QUIET: Connection to board 58 closed.
