[14:45:23.883]     INFO: *** Welcome to pxar ***
[14:45:23.883]     INFO: *** Today: 2016/02/03
[14:45:23.899]     INFO: *** Version: prod-12-105-g46f2
[14:45:23.899]     INFO: readRocDacs: ./data/mg204/dacParameters35_C0.dat .. ./data/mg204/dacParameters35_C15.dat
[14:45:23.900]     INFO: readTbmDacs: ./data/mg204/tbmParameters_C0a.dat .. ./data/mg204/tbmParameters_C0b.dat
[14:45:23.900]     INFO: readMaskFile: ./data/mg204/defaultMaskFile.dat
[14:45:23.900]     INFO: readTrimFile: ./data/mg204/trimParameters35_C0.dat .. ./data/mg204/trimParameters35_C15.dat
[14:45:24.052]     INFO:         clk: 4
[14:45:24.052]     INFO:         ctr: 4
[14:45:24.052]     INFO:         sda: 19
[14:45:24.052]     INFO:         tin: 9
[14:45:24.052]     INFO:         level: 15
[14:45:24.052]     INFO:         triggerdelay: 0
[14:45:24.052]    QUIET: Instanciating API for pxar prod-12
[14:45:24.052]     INFO: Log level: INFO
[14:45:24.062]    QUIET: Connection to board DTB_WRPRHI opened.
[14:45:24.066]     INFO: DTB startup information
--- DTB info------------------------------------------
Board id:    58
HW version:  DTB1.2
FW version:  4.2
SW version:  4.5
USB id:      DTB_WRPRHI
MAC address: 40D85511803A
Hostname:    pixelDTB058
Comment:     
------------------------------------------------------
[14:45:24.069]     INFO: RPC call hashes of host and DTB match: 398089610
[14:45:25.672]     INFO: DUT info: 
[14:45:25.672]     INFO: The DUT currently contains the following objects:
[14:45:25.672]     INFO:  2 TBM Cores tbm08c (2 ON)
[14:45:25.672]     INFO: 	TBM Core alpha (0): 7 registers set
[14:45:25.672]     INFO: 	TBM Core beta  (1): 7 registers set
[14:45:25.672]     INFO: 16 ROCs psi46digv21respin (16 ON) with 4160 pixelConfigs
[14:45:25.672]     INFO: 	ROC 0: 19 DACs set, Pixels: 0 masked, 0 active.
[14:45:25.672]     INFO: 	ROC 1: 19 DACs set, Pixels: 0 masked, 0 active.
[14:45:25.672]     INFO: 	ROC 2: 19 DACs set, Pixels: 0 masked, 0 active.
[14:45:25.672]     INFO: 	ROC 3: 19 DACs set, Pixels: 0 masked, 0 active.
[14:45:25.672]     INFO: 	ROC 4: 19 DACs set, Pixels: 0 masked, 0 active.
[14:45:25.673]     INFO: 	ROC 5: 19 DACs set, Pixels: 0 masked, 0 active.
[14:45:25.673]     INFO: 	ROC 6: 19 DACs set, Pixels: 0 masked, 0 active.
[14:45:25.673]     INFO: 	ROC 7: 19 DACs set, Pixels: 0 masked, 0 active.
[14:45:25.673]     INFO: 	ROC 8: 19 DACs set, Pixels: 0 masked, 0 active.
[14:45:25.673]     INFO: 	ROC 9: 19 DACs set, Pixels: 0 masked, 0 active.
[14:45:25.673]     INFO: 	ROC 10: 19 DACs set, Pixels: 0 masked, 0 active.
[14:45:25.673]     INFO: 	ROC 11: 19 DACs set, Pixels: 0 masked, 0 active.
[14:45:25.673]     INFO: 	ROC 12: 19 DACs set, Pixels: 0 masked, 0 active.
[14:45:25.673]     INFO: 	ROC 13: 19 DACs set, Pixels: 0 masked, 0 active.
[14:45:25.673]     INFO: 	ROC 14: 19 DACs set, Pixels: 0 masked, 0 active.
[14:45:25.673]     INFO: 	ROC 15: 19 DACs set, Pixels: 0 masked, 0 active.
[14:45:26.287]     INFO: PixTestCmd::init()
[14:45:26.292]     INFO: readGainPedestalParameters ./data/mg204/phCalibrationFitErr35_C0.dat .. ./data/mg204/phCalibrationFitErr35_C15.dat
[14:45:26.598]     INFO: readReadbackCal: ./data/mg204/readbackCal_C0.dat .. ./data/mg204/readbackCal_C15.dat
[14:45:37.687]     INFO:    ----------------------------------------------------------------------
[14:45:37.687]     INFO:    PixTestHighRate::calDelScan() ntrig = 10, vcal = 200
[14:45:37.687]     INFO:    ----------------------------------------------------------------------
[14:45:37.829]     INFO: Expecting 768 events.
[14:45:38.967]     INFO: 768 events read in total (419ms).
[14:45:39.156]     INFO: Test took 1463ms.
[14:45:39.832]     INFO: Expecting 41600 events.
[14:45:43.811]     INFO: 41600 events read in total (3452ms).
[14:45:43.818]     INFO: Test took 4656ms.
[14:45:43.995]     INFO: Fetched DAQ statistics. Counters are being reset now.
[14:45:44.736]     INFO: Expecting 41600 events.
[14:45:48.822]     INFO: 41600 events read in total (3559ms).
[14:45:48.830]     INFO: Test took 4759ms.
[14:45:48.999]     INFO: Fetched DAQ statistics. Counters are being reset now.
[14:45:49.741]     INFO: Expecting 41600 events.
[14:45:53.856]     INFO: 41600 events read in total (3588ms).
[14:45:53.865]     INFO: Test took 4789ms.
[14:45:54.035]     INFO: Fetched DAQ statistics. Counters are being reset now.
[14:45:54.777]     INFO: Expecting 41600 events.
[14:45:58.895]     INFO: 41600 events read in total (3591ms).
[14:45:58.903]     INFO: Test took 4791ms.
[14:45:59.074]     INFO: Fetched DAQ statistics. Counters are being reset now.
[14:45:59.816]     INFO: Expecting 41600 events.
[14:46:03.954]     INFO: 41600 events read in total (3612ms).
[14:46:03.963]     INFO: Test took 4811ms.
[14:46:04.135]     INFO: Fetched DAQ statistics. Counters are being reset now.
[14:46:04.877]     INFO: Expecting 41600 events.
[14:46:09.017]     INFO: 41600 events read in total (3613ms).
[14:46:09.027]     INFO: Test took 4816ms.
[14:46:09.198]     INFO: Fetched DAQ statistics. Counters are being reset now.
[14:46:09.940]     INFO: Expecting 41600 events.
[14:46:14.087]     INFO: 41600 events read in total (3621ms).
[14:46:14.095]     INFO: Test took 4820ms.
[14:46:14.265]     INFO: Fetched DAQ statistics. Counters are being reset now.
[14:46:15.009]     INFO: Expecting 41600 events.
[14:46:19.160]     INFO: 41600 events read in total (3624ms).
[14:46:19.168]     INFO: Test took 4825ms.
[14:46:19.342]     INFO: Fetched DAQ statistics. Counters are being reset now.
[14:46:20.086]     INFO: Expecting 41600 events.
[14:46:24.240]     INFO: 41600 events read in total (3627ms).
[14:46:24.248]     INFO: Test took 4827ms.
[14:46:24.420]     INFO: Fetched DAQ statistics. Counters are being reset now.
[14:46:25.165]     INFO: Expecting 41600 events.
[14:46:29.304]     INFO: 41600 events read in total (3613ms).
[14:46:29.312]     INFO: Test took 4813ms.
[14:46:29.482]     INFO: Fetched DAQ statistics. Counters are being reset now.
[14:46:30.225]     INFO: Expecting 41600 events.
[14:46:31.745]    ERROR: <datapipe.cc/Read:L164> Dumping the flawed event +- 3 events:
[14:46:31.745]    ERROR: <datapipe.cc/Read:L166> ====== 0 ====== a009 80c0 4388 4d 288c 4388 4d 28a2 4389 4d 288c 4388 4d 28a0 14b 2465 4388 4d 28af 4388 4d 288d 211 2061 211 2249 440 2a6d 4388 4d 288f 64a 244f 4388 4d 2880 4d 2441 313 2a4c 542 242f e002 c000 
[14:46:31.745]    ERROR: <datapipe.cc/Read:L166> ====== 0 ====== a003 8040 4188 4d 28a5 352 246d 4189 4d 28a5 251 2069 4188 4d 28a0 444 2a2f 4189 4d 2885 70d 2a85 4188 59 2085 4d 28af 219 2a6d 4189 4d 2885 4b 2a47 68a 2a46 68b 224c 4188 4d 2889 4188 4d 288c 314 2a49 493 2a68 e002 c000 
[14:46:31.745]    ERROR: <datapipe.cc/Read:L166> ====== 0 ====== a004 80b1 4188 4d 28a0 4d8 2a27 505 284d 4188 4d 28a5 e1 2465 259 2a47 4188 4d 288f 289 204f 29c 2a6d 544 2243 618 2647 4188 4d 288d 4188 53 208f 4d 28c1 4188 4d 2885 4d2 2247 4188 4d 2887 74a 2a43 4188 4d 286f 51a 2267 68a 202d e002 c000 
[14:46:31.745]    ERROR: <datapipe.cc/Read:L166> ====== 0 ====== a005 80c0 4188 1 2867 4d 28a5 4188 4d 28a6 c5 264c 4188 4d 288f 4188 4d 288c 141 246b 288 2469 682 2089 4188 50 2462 4d 28ad 290 20ad 4188 4d 288c 201 2045 348 2245 4188 4d 2889 14c 2041 849 2644 4188 4d 2885 e002 c000 
[14:46:31.745]    ERROR: <datapipe.cc/Read:L166> ====== 0 ====== a006 8000 4188 4d 288f 495 2665 4188 4d 28a4 4188 4d 288d 708 2a42 852 2645 4188 4d 2885 cb 2887 d3 2685 500 2a4c 4188 4d 28a9 692 2865 4188 4d 2885 31d 2061 4188 4d 2884 20b 2a81 4188 b 2864 4d 2881 f002 c000 
[14:46:31.745]    ERROR: <datapipe.cc/Read:L166> ====== 0 ====== a007 8040 4388 4d 28a1 4388 4d 28ac 618 2267 4388 4d 28a0 553 2a62 4388 4d 288d 95 2864 48a 284c 4388 4d 28af 30c 2645 662 224f 4388 4d 2885 c3 2a6d 203 2861 310 2449 4389 4d 2885 4389 4d 2885 59 2a4f 41b 2265 e002 c000 
[14:46:31.745]    ERROR: <datapipe.cc/Read:L166> ====== 0 ====== a008 80b1 4389 4d 28a5 305 244c 4389 4d 28a6 4388 4d 28a4 4389 4d 2885 4389 4d 28a6 85b 2645 4389 4d 2884 355 2669 70d 2881 74b 2445 74b 264d 848 2063 4388 4d 288f 411 264f 68c 2449 680 2649 752 222d 4388 4d 2885 da 2661 2cd 2a40 341 204d e002 c000 
[14:46:34.376]     INFO: 41600 events read in total (3625ms).
[14:46:34.384]     INFO: Test took 4824ms.
[14:46:34.607]     INFO: Fetched DAQ statistics. Counters are being reset now.
[14:46:35.349]     INFO: Expecting 41600 events.
[14:46:39.495]     INFO: 41600 events read in total (3619ms).
[14:46:39.503]     INFO: Test took 4819ms.
[14:46:39.674]     INFO: Fetched DAQ statistics. Counters are being reset now.
[14:46:40.427]     INFO: Expecting 41600 events.
[14:46:44.584]     INFO: 41600 events read in total (3631ms).
[14:46:44.592]     INFO: Test took 4840ms.
[14:46:44.761]     INFO: Fetched DAQ statistics. Counters are being reset now.
[14:46:45.507]     INFO: Expecting 41600 events.
[14:46:49.654]     INFO: 41600 events read in total (3620ms).
[14:46:49.662]     INFO: Test took 4820ms.
[14:46:49.833]     INFO: Fetched DAQ statistics. Counters are being reset now.
[14:46:50.577]     INFO: Expecting 41600 events.
[14:46:52.071]    ERROR: <datapipe.cc/CheckEventValidity:L480> Channel 0 has NoTokenPass but 8 ROCs were found
[14:46:52.071]    ERROR: <datapipe.cc/Read:L164> Dumping the flawed event +- 3 events:
[14:46:52.071]    ERROR: <datapipe.cc/Read:L166> ====== 0 ====== a03e 8000 4389 0 2669 4388 18 282d 0 2684 4389 0 2687 549 242d 4389 0 2682 5c 2280 308 2a4c 309 224d 442 2041 70b 2861 848 2665 4389 0 266d 4388 0 2681 438b 0 268d 41b 2268 70b 2841 438a 0 268f 21b 2a8d e002 c000 
[14:46:52.071]    ERROR: <datapipe.cc/Read:L166> ====== 0 ====== a038 80b1 4189 0 266a 4189 0 2667 4 2a2f 4189 0 2681 41d 2462 41d 2049 4189 0 266f 292 2064 2dd 24c1 4189 0 2662 4189 0 2688 2c3 2a4d 4188 0 26ad 200 2444 751 2a42 4188 0 268f 4b 244c 255 2647 2d9 246d 34d 2a4d e002 c000 
[14:46:52.071]    ERROR: <datapipe.cc/Read:L166> ====== 0 ====== a039 80c0 4188 0 2665 655 224f 84a 2a45 4188 0 2687 4188 0 2682 518 2025 54d 202f 4188 0 2680 81c 2469 4188 0 266f 240 2a6d 24b 266c 453 2283 4188 0 2687 218 284c 4189 0 26a5 da 2649 da 2a43 758 2845 4188 0 268c e002 c000 
[14:46:52.071]    ERROR: <datapipe.cc/Read:L166> ====== 0 ====== a03a 8000 4188 0 266d 4188 0 2682 315 2aa4 4188 0 2689 55b 284c 743 266d 4189 0 2681 9d 2081 254 2461 254 2065 759 2881 758 224d 80a 2241 4188 0 266d 813 2861 801 2a8f 4188 0 268d 54a 2049 4188 0 268d 34c 2066 813 248d 4189 e002 c000 
[14:46:52.071]    ERROR: <datapipe.cc/Read:L166> ====== 2 ====== a03b 8040 4188 0 2681 562 20ad 4189 0 266d 4188 0 266d 4d5 2247 4188 0 2682 4189 0 266d 242 2465 759 2a85 4189 0 2682 41b 2487 685 2245 4188 0 2682 a2 224c 2e0 2a49 309 2a4d 600 2640 6d3 204d 4189 9 246d 0 26a4 491 284f 4a4 2100 e 2020 ff 2fff fff 2fff fff 2fff fff 2fff fff 2fff fff 2fff fff 2fff fff 2fff fff 2fff fff 2fff fff 2fff fff 
[14:46:52.071]    ERROR: <datapipe.cc/Read:L166> ====== 0 ====== a03c 80b1 4389 0 266f 441 2467 801 2227 4388 0 266c 50 2281 d5 2a41 4388 0 2686 801 2444 4388 0 2665 c8 246c 6d4 284d 715 224d 4389 0 2686 262 2685 4389 0 2684 15 226f 15 2683 21c 264c 4388 0 2685 44a 2645 4389 0 268f 220 224d 284 2640 4c9 224d e002 c000 
[14:46:52.071]    ERROR: <datapipe.cc/Read:L166> ====== 0 ====== a03d 80c0 4389 0 2667 85a 2864 4389 0 2669 818 282c 4389 0 268a 4389 0 266a 4d1 224f 605 208c 4388 0 2684 59 2284 351 2a62 609 284f 4389 0 2682 699 2a85 744 2429 4388 1b 2462 0 268d b 2a6f 4d0 2049 4389 0 26a4 118 2a49 e002 c000 
[14:46:54.725]     INFO: 41600 events read in total (3621ms).
[14:46:54.733]     INFO: Test took 4821ms.
[14:46:54.907]     INFO: Fetched DAQ statistics. Counters are being reset now.
[14:46:55.652]     INFO: Expecting 41600 events.
[14:46:57.311]    ERROR: <datapipe.cc/CheckEventValidity:L480> Channel 0 has NoTokenPass but 4 ROCs were found
[14:46:57.311]    ERROR: <datapipe.cc/CheckEventValidity:L480> Channel 1 has NoTokenPass but 3 ROCs were found
[14:46:57.311]    ERROR: <datapipe.cc/Read:L164> Dumping the flawed event +- 3 events:
[14:46:57.311]    ERROR: <datapipe.cc/Read:L166> ====== 0 ====== a06b 8040 4389 89 2685 219 2a4d 4389 89 268f 4388 89 268c 4388 89 2685 4389 89 268f cc 2480 65a 204c 6cd 2049 84b 2a40 859 2a4c 4389 89 268f 4388 89 26a4 203 262d 4388 89 2687 353 2640 e002 c000 
[14:46:57.311]    ERROR: <datapipe.cc/Read:L166> ====== 0 ====== a065 80c0 4188 89 26a0 713 2465 4188 19 204b 89 26a9 4188 89 268d 702 284d 4188 89 268d 4188 4a 286c 89 26a1 4188 82 2a86 89 26a4 41d 2269 684 2045 4188 89 2689 692 2a80 4188 89 2688 29d 244f 28b 284d e002 c000 
[14:46:57.311]    ERROR: <datapipe.cc/Read:L166> ====== 0 ====== a066 8000 4188 5c 222a 89 268c cb 266d 4188 89 268f 4188 89 268d 84c 2265 4188 89 268d 551 2445 849 2a4d 4188 80 242d 89 26a5 30b 2a62 600 246d 611 2667 4188 89 268f 44d 2069 689 284d 4188 89 268c 852 2249 4188 89 268c 245 262d 245 2a2e 691 2849 6d0 2864 e002 c000 
[14:46:57.311]    ERROR: <datapipe.cc/Read:L166> ====== 0 ====== a067 8040 4188 89 268d 35d 244f 4188 89 268d 4188 89 268d 553 2064 741 2665 810 2a64 4188 89 2687 4188 89 26a1 4188 89 26a7 2d9 206d 2d8 2047 4189 89 268c 75d 286d 4189 89 26ac 54c 286d 61c 2a60 e002 c000 
[14:46:57.311]    ERROR: <datapipe.cc/Read:L166> ====== 0 ====== a068 80b1 4189 85 2840 89 268d 70d 266d 4189 89 268d 4189 89 2685 70d 2649 4389 89 26a5 d7 2c0e 70e 538b 157 240f 341f 1f5d 2955 f 2df5 1673 357e 17c3 31ff 1f15 2440 1660 2270 1687 3050 2 27f5 f0a4 c0e3 
[14:46:57.311]    ERROR: <datapipe.cc/Read:L166> ====== 0 ====== a069 80c0 4388 89 2689 95 2669 11c 2085 69a 266c 4388 89 268b 4d9 2a6d 4388 89 268f 2d5 2844 752 2242 4388 89 2688 24d 2a65 40b 28a1 4388 89 26ac 690 2461 4388 89 268f 2d1 2641 60a 244f 70d 2063 4389 89 2684 84b 2865 4389 1 2081 89 26a1 e002 c000 
[14:46:57.311]    ERROR: <datapipe.cc/Read:L166> ====== 0 ====== a06a 8000 4388 89 268d 49d 2667 4388 89 268d 245 2865 4cb 2484 4388 89 268c 4d4 2645 4389 89 2689 4388 89 268f 89 2aa1 443 2689 801 284d 85d 266f 4388 89 26a1 152 284d 40b 2a65 510 2042 64a 2663 702 204f 4388 89 2689 4388 89 26a1 650 2245 653 2642 659 224f 65a 264d e002 c000 
[14:46:57.311]    ERROR: <datapipe.cc/Read:L164> Dumping the flawed event +- 3 events:
[14:46:57.311]    ERROR: <datapipe.cc/Read:L166> ====== 0 ====== a16b 8040 4388 89 268a 10a 2665 14b 286f 4389 9c 282d 89 2685 4388 c 204a 89 2686 4389 89 26a9 844 202d 85c 2a4d 4389 89 268c 34d 2a69 4d4 2665 4389 89 2685 14d 264f 41a 2664 4d5 2881 4389 4389 89 2669 e002 c000 
[14:46:57.311]    ERROR: <datapipe.cc/Read:L166> ====== 0 ====== a165 80c0 4188 89 2688 40a 224f 4188 52 2a64 85 2aa7 89 26a3 6e2 286d 714 2469 4188 89 266f 159 2667 159 2a85 418 284f 4188 89 2689 4188 89 26a0 153 244f 359 2680 4188 89 2685 2c3 266f 4188 4188 89 2685 e002 c000 
[14:46:57.311]    ERROR: <datapipe.cc/Read:L166> ====== 0 ====== a166 8000 4188 89 266e c5 2245 4188 89 2680 51a 248d 4188 1b 2067 89 2681 4188 89 2689 250 2485 4188 89 2687 160 2669 208 2460 4188 8b 206b 89 2689 4188 4188 20 2045 89 2687 61c 2869 61c 244b e002 c000 
[14:46:57.311]    ERROR: <datapipe.cc/Read:L166> ====== 0 ====== a167 8040 4188 89 2688 6cc 2a4a 4188 51 264c 89 2687 cb 222f 40d 2863 4c9 264b 4188 89 2683 4188 89 2681 809 286c 4188 89 26a3 549 2045 549 222d 4188 89 2682 4188 4189 89 2681 e002 c000 
[14:46:57.311]    ERROR: <datapipe.cc/Read:L166> ====== 2 ====== a168 80b1 4189 89 268c 515 2a45 4189 89 268d 121 266b 4189 5a 226c 89 266c 559 2684 742 2442 aa9 28f1 6a9 38af 66 2b3e ab0 2aaa 9a8 2262 18ea 3a7b 1ab0 27af 8aa 28aa a4b 2e67 1c60 2256 8d5 3555 6a9 348a aa5 25ae aaa 28ae a8d 3a2a 62 2b3e a00 22a9 bc2 2a89 683 2fff fff 2fff fff 2fff fff 2fff fff 2fff fff 2fff fff 2fff fff 2fff fff 2fff fff 2fff fff 2fff 
[14:46:57.311]    ERROR: <datapipe.cc/Read:L166> ====== 0 ====== a169 80c0 4388 89 2682 655 2a6f 4388 89 268d d8 2225 14b 2889 422 206f 44d 2260 4388 89 266f 4388 89 268d c0 244f 4388 55 2a6c 89 268c 2d9 2885 4388 89 268f 284 202f 410 2867 451 2865 4389 34b 2200 4389 11 2244 89 268d e002 c000 
[14:46:57.311]    ERROR: <datapipe.cc/Read:L166> ====== 0 ====== a16a 8000 4389 89 2688 44c 244a 74a 2644 843 2a49 4388 55 2261 89 268d 108 2445 85c 2a4f 4389 89 2684 844 2242 4388 89 2685 159 206f 308 2641 4388 89 26a3 455 2480 4388 45 262f 89 268f 4389 4388 89 2683 e002 c000 
[14:46:59.792]     INFO: 41600 events read in total (3613ms).
[14:46:59.799]     INFO: Test took 4812ms.
[14:46:59.970]     INFO: Fetched DAQ statistics. Counters are being reset now.
[14:47:00.713]     INFO: Expecting 41600 events.
[14:47:02.299]    ERROR: <datapipe.cc/CheckEventValidity:L491> Channel 0 Number of ROCs (0) != Token Chain Length (8)
[14:47:02.299]    ERROR: <datapipe.cc/CheckEventID:L463> Channel 1 Event ID mismatch:  local ID (183) !=  TBM ID (182)
[14:47:02.299]    ERROR: <datapipe.cc/CheckEventValidity:L491> Channel 1 Number of ROCs (6) != Token Chain Length (8)
[14:47:02.299]    ERROR: <datapipe.cc/CheckEventID:L463> Channel 0 Event ID mismatch:  local ID (183) !=  TBM ID (184)
[14:47:02.299]    ERROR: <datapipe.cc/CheckEventID:L463> Channel 1 Event ID mismatch:  local ID (183) !=  TBM ID (184)
[14:47:02.300]    ERROR: <datapipe.cc/Read:L164> Dumping the flawed event +- 3 events:
[14:47:02.300]    ERROR: <datapipe.cc/Read:L166> ====== 0 ====== a0bb 8040 4389 a1 20a7 4389 a1 20a1 4388 a1 20ad 4388 a1 20a9 862 264d 4388 a1 20ad 20a 2484 35d 2245 482 246d 4388 a1 20ad 120 2080 152 2441 149 242d 448 2841 4388 a1 20a6 40a 2a40 4388 4d 2044 a1 20a9 289 2a45 e002 c000 
[14:47:02.300]    ERROR: <datapipe.cc/Read:L166> ====== 0 ====== a0b5 80c0 4188 a1 20a5 51b 2265 4188 a1 20ac 29c 2269 4188 a1 20a9 6d1 2261 4188 a1 20a2 603 2068 4188 a1 20a9 85a 224a 4188 a1 20a7 54d 282d 854 2887 4188 a1 20ac 8a 264d 4188 a1 20ad e002 c000 
[14:47:02.300]    ERROR: <datapipe.cc/Read:L166> ====== 0 ====== a0b6 8000 4188 a1 2085 858 2647 4188 a1 20ac 4188 a1 20a2 4188 a1 2089 4188 a1 20ac 485 2a65 684 2249 4188 a1 208d 443 2467 619 2269 4188 9 2649 a1 20ab 60b 224f 4188 a1 20c0 201 2847 2d5 2a2f e002 c000 
[14:47:02.300]    ERROR: <datapipe.cc/Read:L166> ====== 0 ====== a0b6 c005 
[14:47:02.300]    ERROR: <datapipe.cc/Read:L166> ====== 0 ====== a0b8 80b1 4389 a2 284f a1 208d 68a 266f 4389 a1 20a0 359 2849 359 244d 4389 a1 20a9 35d 2845 701 284d 850 2a42 4389 a1 20c1 11a 2861 4389 a1 20a4 4389 a1 20ac d3 2081 d2 2862 158 264b 4388 a1 20a4 142 2069 4c0 2a42 609 2a4a 704 244f 4388 a1 20ac 110 2465 e002 c000 
[14:47:02.300]    ERROR: <datapipe.cc/Read:L166> ====== 0 ====== a0b9 80c0 4388 a1 208d 4388 a1 208f da 2441 4388 a1 20a8 4388 a1 208f 708 204c 704 2a44 4388 a1 20cd 448 2461 448 266d 51b 2a6d 55b 2866 6ca 2645 4388 a1 20a5 458 2061 751 2865 74a 2641 4389 a1 20a7 98 2645 609 264f 4389 a1 20a7 113 2465 113 2084 e002 c000 
[14:47:02.300]    ERROR: <datapipe.cc/Read:L166> ====== 0 ====== a0ba 8000 4388 a1 20a4 45b 264b 49b 242f 4388 a1 20a7 160 224f 4388 a1 20a5 48a 2641 71c 286f 4389 a1 20a5 613 2269 4389 a1 20a1 4389 b 2280 a1 20ad 94 2281 259 2262 4388 a1 20ad 712 2685 74d 2841 4388 a1 20ad 615 206b e002 c000 
[14:47:02.300]    ERROR: <datapipe.cc/Read:L164> Dumping the flawed event +- 3 events:
[14:47:02.300]    ERROR: <datapipe.cc/Read:L166> ====== 0 ====== a1bb 8040 4388 a1 206f 485 246d 4389 a1 20ac 4388 a1 2089 4c8 2447 4389 a1 20a5 299 2a4d 855 2449 4388 a1 20af 4389 a1 20a5 4389 4389 a1 208f e002 c000 
[14:47:02.300]    ERROR: <datapipe.cc/Read:L166> ====== 0 ====== a1b5 80c0 4188 a1 208f 720 2a81 4188 a1 20a9 91 244f 75c 2865 80c 2a49 4188 a1 208f 4188 a1 20a1 4188 a1 20a1 89 2067 4188 a1 20a5 6d5 246f 714 2480 4188 4188 1d 204d 13 2063 a1 20ad e002 c000 
[14:47:02.300]    ERROR: <datapipe.cc/Read:L166> ====== 0 ====== a1b6 8000 4188 a1 208d 660 2468 854 264c 4188 a1 20a5 289 224d 362 2088 4188 a1 208d a2 2a68 618 22c4 61d 2265 61d 26a1 65b 2042 4188 a1 20a5 4188 a1 20a5 305 204d 4188 a1 20a4 242 2265 411 2641 4188 48d 2a00 4188 a1 2089 61c 206c e002 c000 
[14:47:02.300]    ERROR: <datapipe.cc/Read:L166> ====== 0 ====== a1b6 80aa ab8 20a1 a0 2105 81 2552 4c 4388 a1 2087 292 2a65 403 224d 609 246c 4388 a1 2089 519 2249 659 2a65 4388 a1 208c 4388 a1 20ad 11c 2269 412 244d 519 286f 64a 224d 4388 a1 20a9 822 2080 4388 61d 2800 4389 a1 208d 154 262d 154 2a49 e002 c000 
[14:47:02.300]    ERROR: <datapipe.cc/Read:L166> ====== 0 ====== a1b8 80b1 4389 a1 2087 4389 a1 208f 95 2483 213 2a6f 4389 a1 20a0 350 262d 350 2a65 4389 a1 208d 4389 a1 20ac 345 244f 4389 a1 20a4 4389 4388 a1 20a5 e002 c000 
[14:47:02.300]    ERROR: <datapipe.cc/Read:L166> ====== 0 ====== a1b9 80c0 4388 a1 208d 549 2225 752 2a40 849 2647 4388 a1 20a5 4388 a1 2089 35d 2a49 70b 2a6d 4388 1b 248d 19 204d a1 20a4 4388 51 2a2d a1 20af 83 2a4f 251 2849 4388 a1 20a1 214 2849 4389 4389 a1 208c 10c 266d 49b 2264 e002 c000 
[14:47:02.300]    ERROR: <datapipe.cc/Read:L166> ====== 0 ====== a1ba 8000 4389 a1 208d 2cc 2661 4388 a1 20a1 491 2aa1 4389 a1 208d 149 2682 4388 a1 20a2 304 264f 35d 2869 4389 a1 20ac 609 2047 689 266d 843 2243 84d 2649 4388 a1 208d c3 2482 4389 4388 a1 208f e002 c000 
[14:47:04.863]     INFO: 41600 events read in total (3623ms).
[14:47:04.870]     INFO: Test took 4823ms.
[14:47:05.043]     INFO: Fetched DAQ statistics. Counters are being reset now.
[14:47:05.786]     INFO: Expecting 41600 events.
[14:47:09.921]     INFO: 41600 events read in total (3608ms).
[14:47:09.929]     INFO: Test took 4809ms.
[14:47:10.098]     INFO: Fetched DAQ statistics. Counters are being reset now.
[14:47:10.841]     INFO: Expecting 41600 events.
[14:47:14.972]     INFO: 41600 events read in total (3604ms).
[14:47:14.980]     INFO: Test took 4805ms.
[14:47:15.153]     INFO: Fetched DAQ statistics. Counters are being reset now.
[14:47:15.899]     INFO: Expecting 41600 events.
[14:47:19.884]     INFO: 41600 events read in total (3458ms).
[14:47:19.891]     INFO: Test took 4658ms.
[14:47:20.063]     INFO: Fetched DAQ statistics. Counters are being reset now.
[14:47:32.431]     INFO:    ----------------------------------------------------------------------
[14:47:32.431]     INFO:    PixTestHighRate::xPixelAlive() ntrig = 50, vcal = 200
[14:47:32.431]     INFO:    ----------------------------------------------------------------------
[14:47:33.149]     INFO: Expecting 208000 events.
[14:47:51.184]     INFO: 208000 events read in total (17509ms).
[14:47:51.208]     INFO: Test took 18726ms.
[14:47:52.120]     INFO: Fetched DAQ statistics. Counters are being reset now.
[14:47:52.669]     INFO: number of dead pixels (per ROC):     0    0    0    0    0    0    0    0    1    0    0    0    0    0 4126    0
[14:47:52.669]     INFO: number of red-efficiency pixels:   421  249  572 1198 1220 1188 1140  816 1247 1208 1235 1095 1129  615 4160  354
[14:47:52.669]     INFO: number of X-ray hits detected:    203826 141584 229819 371985 386067 377026 364529 298117 325765 384367 391349 361786 372673 242116 137330 192980
[14:47:52.669]     INFO: number of triggers sent (total per ROC):  208000 208000 208000 208000 208000 208000 208000 208000 208000 208000 208000 208000 208000 208000 208000 208000
[14:47:52.669]     INFO: number of Vcal hits detected:  207546 207745 207283 206497 206446 206526 206603 206973 206331 206445 206389 206605 206585 207246   34 207623
[14:47:52.669]     INFO: Vcal hit fiducial efficiency (%):  99.8 99.9 99.7 99.3 99.3 99.3 99.4 99.5 99.3 99.3 99.3 99.4 99.4 99.7 2.0 99.8
[14:47:52.669]     INFO: Vcal hit overall efficiency (%):  99.8 99.9 99.7 99.3 99.3 99.3 99.3 99.5 99.2 99.3 99.2 99.3 99.3 99.6 0.0 99.8
[14:47:52.670]     INFO: X-ray hit rate [MHz/cm2]:  59.7 41.5 67.4 109.0 113.2 110.5 106.8 87.4 95.5 112.7 114.7 106.0 109.2 71.0 40.3 56.6
[14:47:52.670]     INFO: PixTestHighRate::doXPixelAlive() done
[14:47:52.717]     INFO: PixTest::       pg_setup set to default.
[14:48:30.384]     INFO:    ----------------------------------------------------------------------
[14:48:30.384]     INFO:    PixTestHighRate::runDaq() running for 2 seconds
[14:48:30.384]     INFO:    ----------------------------------------------------------------------
[14:48:31.386]     INFO: PixTestHighRate::doHitMap start TriggerLoop with trigger frequency 20 kHz, period 2011 and duration 2 seconds
[14:48:33.389]     INFO: data taking finished, elapsed time: 2 seconds.
[14:48:34.768]    ERROR: <datapipe.cc/CheckEventValidity:L491> Channel 0 Number of ROCs (6) != Token Chain Length (8)
[14:48:34.768]    ERROR: <datapipe.cc/CheckEventValidity:L491> Channel 1 Number of ROCs (6) != Token Chain Length (8)
[14:48:34.768]    ERROR: <datapipe.cc/Read:L164> Dumping the flawed event +- 3 events:
[14:48:34.768]    ERROR: <datapipe.cc/Read:L166> ====== 0 ====== a06a 8000 47c8 47c8 47c8 2d9 2a67 343 2a45 515 264c 47c8 408 28a3 47c8 115 226f 291 2880 30c 2861 47c8 2cb 244c 47c8 a 2a69 47c8 2d9 2881 459 246c 49c 2669 e000 c000 
[14:48:34.768]    ERROR: <datapipe.cc/Read:L166> ====== 0 ====== a064 80b1 43c8 220 2669 85c 2a45 43c8 43c8 43c8 9 284d 5c 2062 5b 2861 4c9 262f 4e0 2682 43c8 15 2467 68d 224f 43c8 43c8 352 2462 43c8 515 244c e000 c000 
[14:48:34.768]    ERROR: <datapipe.cc/Read:L166> ====== 0 ====== a065 80c0 43c8 43c8 803 262f 803 2a43 43c8 660 266c 859 244d 841 2847 43c8 44 204f c4 2841 451 2061 43c8 43c8 20c 222c 55d 262f 43c8 608 260d 75b 2a41 43c8 4c0 2a4c 555 2849 e000 c000 
[14:48:34.768]    ERROR: <datapipe.cc/Read:L166> ====== 0 ====== a066 8000 43c8 161 2225 43c8 43c8 2ca 242d 2ca 204c 6a2 2a6d 43c8 a 2869 61 206d 449 286c 55c 2244 69b 2465 43c8 450 2445 450 2065 648 264f 651 2685 43c8 94 2049 11b 2481 351 2a45 352 2261 43c8 694 2223 84c 2a4f 43c8 10a 2a2f 608 204d e000 c000 
[14:48:34.768]    ERROR: <datapipe.cc/Read:L166> ====== 0 ====== a067 8040 43c8 514 244d 43c8 45d 224f 653 225b ff8 47c8 74c 266d 47c8 619 2680 47c8 31d 226d 47c8 51 204c 21c 202f 455 2645 84b 2245 47c8 48c 284d e000 c000 
[14:48:34.768]    ERROR: <datapipe.cc/Read:L166> ====== 0 ====== a068 80b1 47c8 35d 2a4a 51d 264c 47c8 31c 202d 47c8 45a 2a40 751 2269 47c8 652 204b 47c8 2d0 264f 405 2665 55d 286d 6d2 2a69 47c8 48c 244d 47c8 71b 2468 80b 204d 47c8 8c 2a46 511 204f e000 c000 
[14:48:34.768]    ERROR: <datapipe.cc/Read:L166> ====== 0 ====== a069 80c0 47c8 47c8 47c8 441 222d 47c8 14d 224c 47c8 153 2848 153 2461 47c8 204 284f 24b 2a4c 47c8 11c 242d 11a 2645 47c8 c5 2867 e000 c000 
[14:48:34.768]    ERROR: <datapipe.cc/Read:L164> Dumping the flawed event +- 3 events:
[14:48:34.768]    ERROR: <datapipe.cc/Read:L166> ====== 0 ====== a16a 8000 47c8 340 2640 400 244c 818 204f 47c8 4db 2844 4db 2a2d 47c8 ca 204f 619 2665 705 2245 75d 2081 47c8 342 2065 61c 244c 754 2862 47c8 650 2427 47c8 10 2063 19 2683 19 2a4d 755 206d 47c8 47c8 95 224d 621 2689 e000 c000 
[14:48:34.768]    ERROR: <datapipe.cc/Read:L166> ====== 0 ====== a164 80b1 43c8 43c8 e0 2847 14d 228a 61b 2262 43c8 43c8 43c8 43c8 6e2 286c 43c8 43c8 49b 204d 81a 242c e000 c000 
[14:48:34.768]    ERROR: <datapipe.cc/Read:L166> ====== 0 ====== a165 80c0 43c8 4db 2a6d 510 2a45 601 2265 6c5 2a60 43c8 75b 2a69 43c8 28b 2249 43c8 dd 284d 43c8 43c8 43c8 318 2800 43c8 e000 c000 
[14:48:34.768]    ERROR: <datapipe.cc/Read:L166> ====== 0 ====== a166 8000 43c8 114 2060 485 2445 43c8 10c 2443 14b 2267 14b 2681 455 2a48 55a 2a49 43c8 6cc 2449 854 264f 43c8 548 2a44 43c8 409 2a60 51b 2461 43c8 418 2440 6e0 2445 43c8 454 2600 862 2200 43c8 61c 2669 e000 c000 
[14:48:34.768]    ERROR: <datapipe.cc/Read:L166> ====== 0 ====== a167 8040 43c8 28d 284a 28d 2461 47c8 313 2252 ab8 47c8 d1 284d d1 2464 68a 2a61 759 2081 47c8 619 244f 84d 2465 47c8 411 284f 47c8 744 2a00 47c8 6cd 244d e000 c000 
[14:48:34.768]    ERROR: <datapipe.cc/Read:L166> ====== 0 ====== a168 80b1 47c8 748 2a45 47c8 84d 2089 47c8 8b 224f 350 286d 420 224d 50c 2062 74c 2a26 47c8 c2 244d 47c8 d 2285 91 2a4d 405 2461 68c 2a2d 6cc 2847 711 2447 47c8 47c8 44d 2600 47c8 6cd 2627 e000 c000 
[14:48:34.768]    ERROR: <datapipe.cc/Read:L166> ====== 0 ====== a169 80c0 47c8 500 244c 553 2044 841 2264 851 2263 47c8 752 246d 47c8 47c8 660 2062 47c8 51b 2067 47c8 5c 242f 47c8 818 2200 47c8 29b 264f 85a 202d 859 2829 e000 c000 
[14:48:35.493]     INFO: PixTest::       pg_setup set to default.
[14:48:35.587]     INFO: Pixels without X-ray hits (per ROC):   246   680   449    85    56    68    60   247   121    71    60   139    65   415   850   296 
[14:48:35.588]     INFO: PixTestHighRate::doRunDaq() done
[14:51:54.068]     INFO: PixTestDacScan: vcal[0, 255] average PH, ntrig = 10npixels = 1
[14:51:54.203]     INFO: Expecting 2560 events.
[14:51:55.383]     INFO: 2560 events read in total (465ms).
[14:51:55.383]     INFO: Test took 1315ms.
[14:51:55.386]     INFO: Fetched DAQ statistics. Counters are being reset now.
[14:51:55.388]     INFO: dac scan done no problems seen
[14:52:09.807]     INFO: PixTestDaq::doTest() start.
[14:52:09.810]     INFO:    ----------------------------------------------------------------------
[14:52:09.811]     INFO:    PixTestDaq::doDaqRun() start.
[14:52:09.811]     INFO:    ----------------------------------------------------------------------
[14:52:09.814]     INFO: PixTestDaq:: Number of masked pixels:
[14:52:09.814]     INFO: PixTestDaq::    0 - ROC 0
[14:52:09.814]     INFO: PixTestDaq::    0 - ROC 1
[14:52:09.814]     INFO: PixTestDaq::    0 - ROC 2
[14:52:09.814]     INFO: PixTestDaq::    0 - ROC 3
[14:52:09.814]     INFO: PixTestDaq::    0 - ROC 4
[14:52:09.814]     INFO: PixTestDaq::    0 - ROC 5
[14:52:09.814]     INFO: PixTestDaq::    0 - ROC 6
[14:52:09.814]     INFO: PixTestDaq::    0 - ROC 7
[14:52:09.814]     INFO: PixTestDaq::    0 - ROC 8
[14:52:09.814]     INFO: PixTestDaq::    0 - ROC 9
[14:52:09.814]     INFO: PixTestDaq::    0 - ROC 10
[14:52:09.814]     INFO: PixTestDaq::    0 - ROC 11
[14:52:09.814]     INFO: PixTestDaq::    0 - ROC 12
[14:52:09.814]     INFO: PixTestDaq::    0 - ROC 13
[14:52:09.814]     INFO: PixTestDaq::    0 - ROC 14
[14:52:09.814]     INFO: PixTestDaq::    0 - ROC 15
[14:52:09.815]     INFO: PG set to have trigger frequency = 100 kHz
[14:52:10.770]     INFO: PixTestDaq:: start TriggerLoop with period 405 and duration 5 seconds
[14:52:15.770]     INFO: PixTestDaq:: total time reached - DAQ stopped.
[14:52:16.307]    ERROR: <datapipe.cc/CheckEventValidity:L491> Channel 0 Number of ROCs (6) != Token Chain Length (8)
[14:52:16.307]    ERROR: <datapipe.cc/CheckEventValidity:L491> Channel 1 Number of ROCs (6) != Token Chain Length (8)
[14:52:16.307]    ERROR: <datapipe.cc/Read:L164> Dumping the flawed event +- 3 events:
[14:52:16.307]    ERROR: <datapipe.cc/Read:L166> ====== 0 ====== a0de 8000 47c8 47c8 47c8 292 2a49 47c8 88 2664 2dd 2469 655 2865 47c8 44a 226d 489 2662 489 2a68 47c8 15 2245 155 2465 695 284d 47ca 300 2a46 340 284d 47ca d0 204d 14a 2267 154 2269 e000 c000 
[14:52:16.307]    ERROR: <datapipe.cc/Read:L166> ====== 0 ====== a0d8 80b1 4189 4d4 2621 61a 2064 4189 4189 759 20ad 4189 211 2a45 44b 266d 694 2629 694 2a42 4189 4189 12 2069 6c8 2849 4189 91 2261 503 244d 4189 90 224f e000 c000 
[14:52:16.307]    ERROR: <datapipe.cc/Read:L166> ====== 0 ====== a0d9 80c0 4189 4189 5a 2849 4189 608 2647 858 2224 4189 24a 2265 4189 418 224d 4189 68d 2a67 4188 14 2285 4188 e000 c000 
[14:52:16.307]    ERROR: <datapipe.cc/Read:L166> ====== 0 ====== a0da 8000 4188 31c 2a2d 35c 2847 4188 11b 204f 4188 494 2a2c 4188 4188 48 224f 513 2a69 854 2aa1 4188 34b 2043 34a 284f 4188 4188 e000 c000 
[14:52:16.308]    ERROR: <datapipe.cc/Read:L166> ====== 0 ====== a0db 8040 4188 15a 286f 490 2641 4188 4188 120 2a2f 41b 246d 490 2441 4188 249 2a85 57c8 47c8 82 2650 fff 25fc 9 47c9 34c 204d e000 c000 
[14:52:16.308]    ERROR: <datapipe.cc/Read:L166> ====== 0 ====== a0dc 80b1 47c9 47c9 47c9 511 264d 543 2444 562 226d 47c9 262 2287 453 2264 493 2040 47c9 51a 2661 47c9 55 2a2c 692 2a4d 47c8 47c8 e000 c000 
[14:52:16.308]    ERROR: <datapipe.cc/Read:L166> ====== 0 ====== a0dd 80c0 47c8 47c8 47c8 47c8 58 2480 659 2445 47c8 1 224d 47c8 489 2485 47c8 104 2a69 540 264d 47c8 54c 2a25 e000 c000 
[14:52:16.308]    ERROR: <datapipe.cc/Read:L164> Dumping the flawed event +- 3 events:
[14:52:16.308]    ERROR: <datapipe.cc/Read:L166> ====== 0 ====== a1de 8000 47c8 111 2864 47c8 c3 2645 458 2264 47c8 14d 224d 47c8 55 2447 47c8 b 202f cb 2865 449 2861 47c8 47c8 460 2200 460 2600 85b 2200 47ca 25a 2669 e000 c000 
[14:52:16.308]    ERROR: <datapipe.cc/Read:L166> ====== 0 ====== a1d8 80b1 4189 4cc 206d 4189 4d 2864 4189 dd 226d 514 2245 4189 160 2061 45c 2049 65b 2085 648 284d 84d 2265 4189 15b 2663 20b 2661 24b 2443 480 264c 64d 2865 6cc 2869 4189 2c5 2247 4189 854 2a00 4189 5d 2647 e000 c000 
[14:52:16.308]    ERROR: <datapipe.cc/Read:L166> ====== 0 ====== a1d9 80c0 4189 14d 2840 2c5 2a40 4d4 284d 761 2864 4189 10b 2480 109 2087 50b 2882 649 2443 649 266d 4189 40a 2445 820 224c 4189 4189 4189 4189 759 2600 858 2600 4188 2dd 2a64 849 248d e000 c000 
[14:52:16.308]    ERROR: <datapipe.cc/Read:L166> ====== 0 ====== a1da 8000 4188 4188 4188 491 264d 4188 545 2667 4188 745 2047 4188 4188 4188 2dc 208d e000 c000 
[14:52:16.308]    ERROR: <datapipe.cc/Read:L166> ====== 0 ====== a1db 8040 4188 152 2a40 4188 4188 204 2a25 244 282f 45c 224d 4188 4188 811 2645 47c8 1252 2a89 548 285f aaa 2fab ff8 231a 200 47c9 854 2a49 e000 c000 
[14:52:16.308]    ERROR: <datapipe.cc/Read:L166> ====== 0 ====== a1dc 80b1 47c9 355 2240 47c9 e2 2a40 4c0 2629 6d0 2a2f 47c9 89 2841 47c9 688 2a45 47c9 c 2a45 31d 2a6d 51a 2a65 47c9 6dc 2049 47c9 2e2 2000 48d 2000 47c8 9b 224c 80a 2247 e000 c000 
[14:52:16.308]    ERROR: <datapipe.cc/Read:L166> ====== 0 ====== a1dd 80c0 47c8 295 2a6c 314 284f 6ca 2483 844 206c 47c8 522 266d 555 2a46 615 2849 47c8 35a 2269 549 2469 6c3 204c 47c8 695 2849 85a 2249 47c8 47c8 dc 2a4f 47c8 47c8 e000 c000 
[14:52:46.677]     INFO: events read:492575, pixels seen:11307049, hist entries: 481627
[14:52:46.805]     INFO: PixTest::       pg_setup set to default.
[14:52:46.805]     INFO: PixTestDaq::doDaqRun() done
[14:52:46.805]     INFO: PixTestDaq::doTest() done
[15:01:27.273]    QUIET: Connection to board 58 closed.
