[15:08:51.364]     INFO: *** Welcome to pxar ***
[15:08:51.364]     INFO: *** Today: 2016/01/20
[15:08:51.373]     INFO: *** Version: prod-12
[15:08:51.373]     INFO: readRocDacs: data/mg316/dacParameters35_C0.dat .. data/mg316/dacParameters35_C15.dat
[15:08:51.374]     INFO: readTbmDacs: data/mg316/tbmParameters_C0a.dat .. data/mg316/tbmParameters_C0b.dat
[15:08:51.374]     INFO: readMaskFile: data/mg316/defaultMaskFile.dat
[15:08:51.374]     INFO: readTrimFile: data/mg316/trimParameters35_C0.dat .. data/mg316/trimParameters35_C15.dat
[15:08:51.527]     INFO:         clk: 4
[15:08:51.527]     INFO:         ctr: 4
[15:08:51.527]     INFO:         sda: 19
[15:08:51.527]     INFO:         tin: 9
[15:08:51.527]     INFO:         level: 15
[15:08:51.527]     INFO:         triggerdelay: 0
[15:08:51.527]    QUIET: Instanciating API for pxar prod-12
[15:08:51.527]     INFO: Log level: INFO
[15:08:51.538]    QUIET: Connection to board DTB_WRPRHI opened.
[15:08:51.541]     INFO: DTB startup information
--- DTB info------------------------------------------
Board id:    58
HW version:  DTB1.2
FW version:  4.2
SW version:  4.5
USB id:      DTB_WRPRHI
MAC address: 40D85511803A
Hostname:    pixelDTB058
Comment:     
------------------------------------------------------
[15:08:51.544]     INFO: RPC call hashes of host and DTB match: 398089610
[15:08:53.145]     INFO: DUT info: 
[15:08:53.145]     INFO: The DUT currently contains the following objects:
[15:08:53.145]     INFO:  2 TBM Cores tbm08c (2 ON)
[15:08:53.146]     INFO: 	TBM Core alpha (0): 7 registers set
[15:08:53.146]     INFO: 	TBM Core beta  (1): 7 registers set
[15:08:53.146]     INFO: 16 ROCs psi46digv21respin (16 ON) with 4160 pixelConfigs
[15:08:53.146]     INFO: 	ROC 0: 19 DACs set, Pixels: 0 masked, 0 active.
[15:08:53.146]     INFO: 	ROC 1: 19 DACs set, Pixels: 0 masked, 0 active.
[15:08:53.146]     INFO: 	ROC 2: 19 DACs set, Pixels: 0 masked, 0 active.
[15:08:53.146]     INFO: 	ROC 3: 19 DACs set, Pixels: 0 masked, 0 active.
[15:08:53.146]     INFO: 	ROC 4: 19 DACs set, Pixels: 0 masked, 0 active.
[15:08:53.146]     INFO: 	ROC 5: 19 DACs set, Pixels: 0 masked, 0 active.
[15:08:53.146]     INFO: 	ROC 6: 19 DACs set, Pixels: 0 masked, 0 active.
[15:08:53.146]     INFO: 	ROC 7: 19 DACs set, Pixels: 0 masked, 0 active.
[15:08:53.146]     INFO: 	ROC 8: 19 DACs set, Pixels: 0 masked, 0 active.
[15:08:53.146]     INFO: 	ROC 9: 19 DACs set, Pixels: 0 masked, 0 active.
[15:08:53.146]     INFO: 	ROC 10: 19 DACs set, Pixels: 0 masked, 0 active.
[15:08:53.146]     INFO: 	ROC 11: 19 DACs set, Pixels: 0 masked, 0 active.
[15:08:53.146]     INFO: 	ROC 12: 19 DACs set, Pixels: 0 masked, 0 active.
[15:08:53.146]     INFO: 	ROC 13: 19 DACs set, Pixels: 0 masked, 0 active.
[15:08:53.146]     INFO: 	ROC 14: 19 DACs set, Pixels: 0 masked, 0 active.
[15:08:53.146]     INFO: 	ROC 15: 19 DACs set, Pixels: 0 masked, 0 active.
[15:08:53.772]     INFO: PixTestCmd::init()
[15:08:53.777]     INFO: readGainPedestalParameters data/mg316/phCalibrationFitErr35_C0.dat .. data/mg316/phCalibrationFitErr35_C15.dat
[15:08:54.080]     INFO: readReadbackCal: data/mg316/readbackCal_C0.dat .. data/mg316/readbackCal_C15.dat
[15:09:33.087]     INFO:    ----------------------------------------------------------------------
[15:09:33.087]     INFO:    PixTestDaq::doDaqRun() start.
[15:09:33.087]     INFO:    ----------------------------------------------------------------------
[15:09:33.091]     INFO: PixTestDaq:: Number of masked pixels:
[15:09:33.092]     INFO: PixTestDaq::    0 - ROC 0
[15:09:33.092]     INFO: PixTestDaq::    0 - ROC 1
[15:09:33.092]     INFO: PixTestDaq::    0 - ROC 2
[15:09:33.092]     INFO: PixTestDaq::    0 - ROC 3
[15:09:33.092]     INFO: PixTestDaq::    0 - ROC 4
[15:09:33.092]     INFO: PixTestDaq::    0 - ROC 5
[15:09:33.092]     INFO: PixTestDaq::    0 - ROC 6
[15:09:33.092]     INFO: PixTestDaq::    0 - ROC 7
[15:09:33.092]     INFO: PixTestDaq::    0 - ROC 8
[15:09:33.092]     INFO: PixTestDaq::    0 - ROC 9
[15:09:33.092]     INFO: PixTestDaq::    0 - ROC 10
[15:09:33.092]     INFO: PixTestDaq::    0 - ROC 11
[15:09:33.092]     INFO: PixTestDaq::    0 - ROC 12
[15:09:33.092]     INFO: PixTestDaq::    0 - ROC 13
[15:09:33.092]     INFO: PixTestDaq::    0 - ROC 14
[15:09:33.092]     INFO: PixTestDaq::    0 - ROC 15
[15:09:33.092]     INFO: PG set to have trigger frequency = 100 kHz
[15:09:34.053]     INFO: PixTestDaq:: start TriggerLoop with period 405 and duration 5 seconds
[15:09:39.053]     INFO: PixTestDaq:: total time reached - DAQ stopped.
[15:10:12.113]     INFO: events read:492713, pixels seen:12400824, hist entries: 565988
[15:10:12.220]     INFO: PixTest::       pg_setup set to default.
[15:10:12.220]     INFO: PixTestDaq::doDaqRun() done
[15:10:49.787]    QUIET: Connection to board 58 closed.
