[15:17:43.435]     INFO: *** Welcome to pxar ***
[15:17:43.435]     INFO: *** Today: 2016/01/20
[15:17:43.445]     INFO: *** Version: prod-12
[15:17:43.445]     INFO: readRocDacs: data/mg316/dacParameters35_C0.dat .. data/mg316/dacParameters35_C15.dat
[15:17:43.446]     INFO: readTbmDacs: data/mg316/tbmParameters_C0a.dat .. data/mg316/tbmParameters_C0b.dat
[15:17:43.447]     INFO: readMaskFile: data/mg316/defaultMaskFile.dat
[15:17:43.447]     INFO: readTrimFile: data/mg316/trimParameters35_C0.dat .. data/mg316/trimParameters35_C15.dat
[15:17:43.600]     INFO:         clk: 4
[15:17:43.600]     INFO:         ctr: 4
[15:17:43.600]     INFO:         sda: 19
[15:17:43.600]     INFO:         tin: 9
[15:17:43.600]     INFO:         level: 15
[15:17:43.600]     INFO:         triggerdelay: 0
[15:17:43.600]    QUIET: Instanciating API for pxar prod-12
[15:17:43.600]     INFO: Log level: INFO
[15:17:43.611]    QUIET: Connection to board DTB_WRPRHI opened.
[15:17:43.615]     INFO: DTB startup information
--- DTB info------------------------------------------
Board id:    58
HW version:  DTB1.2
FW version:  4.2
SW version:  4.5
USB id:      DTB_WRPRHI
MAC address: 40D85511803A
Hostname:    pixelDTB058
Comment:     
------------------------------------------------------
[15:17:43.618]     INFO: RPC call hashes of host and DTB match: 398089610
[15:17:45.223]     INFO: DUT info: 
[15:17:45.223]     INFO: The DUT currently contains the following objects:
[15:17:45.223]     INFO:  2 TBM Cores tbm08c (2 ON)
[15:17:45.223]     INFO: 	TBM Core alpha (0): 7 registers set
[15:17:45.223]     INFO: 	TBM Core beta  (1): 7 registers set
[15:17:45.223]     INFO: 16 ROCs psi46digv21respin (16 ON) with 4160 pixelConfigs
[15:17:45.223]     INFO: 	ROC 0: 19 DACs set, Pixels: 0 masked, 0 active.
[15:17:45.223]     INFO: 	ROC 1: 19 DACs set, Pixels: 0 masked, 0 active.
[15:17:45.223]     INFO: 	ROC 2: 19 DACs set, Pixels: 0 masked, 0 active.
[15:17:45.223]     INFO: 	ROC 3: 19 DACs set, Pixels: 0 masked, 0 active.
[15:17:45.223]     INFO: 	ROC 4: 19 DACs set, Pixels: 0 masked, 0 active.
[15:17:45.223]     INFO: 	ROC 5: 19 DACs set, Pixels: 0 masked, 0 active.
[15:17:45.223]     INFO: 	ROC 6: 19 DACs set, Pixels: 0 masked, 0 active.
[15:17:45.223]     INFO: 	ROC 7: 19 DACs set, Pixels: 0 masked, 0 active.
[15:17:45.223]     INFO: 	ROC 8: 19 DACs set, Pixels: 0 masked, 0 active.
[15:17:45.223]     INFO: 	ROC 9: 19 DACs set, Pixels: 0 masked, 0 active.
[15:17:45.223]     INFO: 	ROC 10: 19 DACs set, Pixels: 0 masked, 0 active.
[15:17:45.223]     INFO: 	ROC 11: 19 DACs set, Pixels: 0 masked, 0 active.
[15:17:45.223]     INFO: 	ROC 12: 19 DACs set, Pixels: 0 masked, 0 active.
[15:17:45.223]     INFO: 	ROC 13: 19 DACs set, Pixels: 0 masked, 0 active.
[15:17:45.223]     INFO: 	ROC 14: 19 DACs set, Pixels: 0 masked, 0 active.
[15:17:45.223]     INFO: 	ROC 15: 19 DACs set, Pixels: 0 masked, 0 active.
[15:17:45.842]     INFO: PixTestCmd::init()
[15:17:45.858]     INFO: readGainPedestalParameters data/mg316/phCalibrationFitErr35_C0.dat .. data/mg316/phCalibrationFitErr35_C15.dat
[15:17:46.164]     INFO: readReadbackCal: data/mg316/readbackCal_C0.dat .. data/mg316/readbackCal_C15.dat
[15:18:47.887]     INFO:    ----------------------------------------------------------------------
[15:18:47.887]     INFO:    PixTestDaq::doDaqRun() start.
[15:18:47.887]     INFO:    ----------------------------------------------------------------------
[15:18:47.892]     INFO: PixTestDaq:: Number of masked pixels:
[15:18:47.893]     INFO: PixTestDaq::    0 - ROC 0
[15:18:47.893]     INFO: PixTestDaq::    0 - ROC 1
[15:18:47.893]     INFO: PixTestDaq::    0 - ROC 2
[15:18:47.893]     INFO: PixTestDaq::    0 - ROC 3
[15:18:47.893]     INFO: PixTestDaq::    0 - ROC 4
[15:18:47.893]     INFO: PixTestDaq::    0 - ROC 5
[15:18:47.893]     INFO: PixTestDaq::    0 - ROC 6
[15:18:47.893]     INFO: PixTestDaq::    0 - ROC 7
[15:18:47.893]     INFO: PixTestDaq::    0 - ROC 8
[15:18:47.893]     INFO: PixTestDaq::    0 - ROC 9
[15:18:47.893]     INFO: PixTestDaq::    0 - ROC 10
[15:18:47.893]     INFO: PixTestDaq::    0 - ROC 11
[15:18:47.893]     INFO: PixTestDaq::    0 - ROC 12
[15:18:47.893]     INFO: PixTestDaq::    0 - ROC 13
[15:18:47.893]     INFO: PixTestDaq::    0 - ROC 14
[15:18:47.893]     INFO: PixTestDaq::    0 - ROC 15
[15:18:47.894]     INFO: PG set to have trigger frequency = 100 kHz
[15:18:48.854]     INFO: PixTestDaq:: start TriggerLoop with period 405 and duration 5 seconds
[15:18:53.854]     INFO: PixTestDaq:: total time reached - DAQ stopped.
[15:19:29.679]     INFO: events read:492689, pixels seen:13919738, hist entries: 513097
[15:19:29.806]     INFO: PixTest::       pg_setup set to default.
[15:19:29.806]     INFO: PixTestDaq::doDaqRun() done
[15:20:05.404]    QUIET: Connection to board 58 closed.
