[12:11:42.934]     INFO: *** Welcome to pxar ***
[12:11:42.934]     INFO: *** Today: 2016/01/20
[12:11:42.943]     INFO: *** Version: prod-12
[12:11:42.943]     INFO: readRocDacs: data/mg316/dacParameters35_C0.dat .. data/mg316/dacParameters35_C15.dat
[12:11:42.944]     INFO: readTbmDacs: data/mg316/tbmParameters_C0a.dat .. data/mg316/tbmParameters_C0b.dat
[12:11:42.944]     INFO: readMaskFile: data/mg316/defaultMaskFile.dat
[12:11:42.944]     INFO: readTrimFile: data/mg316/trimParameters35_C0.dat .. data/mg316/trimParameters35_C15.dat
[12:11:43.095]     INFO:         clk: 4
[12:11:43.095]     INFO:         ctr: 4
[12:11:43.095]     INFO:         sda: 19
[12:11:43.095]     INFO:         tin: 9
[12:11:43.095]     INFO:         level: 15
[12:11:43.095]     INFO:         triggerdelay: 0
[12:11:43.095]    QUIET: Instanciating API for pxar prod-12
[12:11:43.095]     INFO: Log level: INFO
[12:11:43.106]    QUIET: Connection to board DTB_WRPRHI opened.
[12:11:43.109]     INFO: DTB startup information
--- DTB info------------------------------------------
Board id:    58
HW version:  DTB1.2
FW version:  4.2
SW version:  4.5
USB id:      DTB_WRPRHI
MAC address: 40D85511803A
Hostname:    pixelDTB058
Comment:     
------------------------------------------------------
[12:11:43.112]     INFO: RPC call hashes of host and DTB match: 398089610
[12:11:44.715]     INFO: DUT info: 
[12:11:44.715]     INFO: The DUT currently contains the following objects:
[12:11:44.715]     INFO:  2 TBM Cores tbm08c (2 ON)
[12:11:44.715]     INFO: 	TBM Core alpha (0): 7 registers set
[12:11:44.715]     INFO: 	TBM Core beta  (1): 7 registers set
[12:11:44.715]     INFO: 16 ROCs psi46digv21respin (16 ON) with 4160 pixelConfigs
[12:11:44.715]     INFO: 	ROC 0: 19 DACs set, Pixels: 0 masked, 0 active.
[12:11:44.715]     INFO: 	ROC 1: 19 DACs set, Pixels: 0 masked, 0 active.
[12:11:44.715]     INFO: 	ROC 2: 19 DACs set, Pixels: 0 masked, 0 active.
[12:11:44.715]     INFO: 	ROC 3: 19 DACs set, Pixels: 0 masked, 0 active.
[12:11:44.715]     INFO: 	ROC 4: 19 DACs set, Pixels: 0 masked, 0 active.
[12:11:44.715]     INFO: 	ROC 5: 19 DACs set, Pixels: 0 masked, 0 active.
[12:11:44.715]     INFO: 	ROC 6: 19 DACs set, Pixels: 0 masked, 0 active.
[12:11:44.715]     INFO: 	ROC 7: 19 DACs set, Pixels: 0 masked, 0 active.
[12:11:44.715]     INFO: 	ROC 8: 19 DACs set, Pixels: 0 masked, 0 active.
[12:11:44.715]     INFO: 	ROC 9: 19 DACs set, Pixels: 0 masked, 0 active.
[12:11:44.715]     INFO: 	ROC 10: 19 DACs set, Pixels: 0 masked, 0 active.
[12:11:44.715]     INFO: 	ROC 11: 19 DACs set, Pixels: 0 masked, 0 active.
[12:11:44.715]     INFO: 	ROC 12: 19 DACs set, Pixels: 0 masked, 0 active.
[12:11:44.715]     INFO: 	ROC 13: 19 DACs set, Pixels: 0 masked, 0 active.
[12:11:44.715]     INFO: 	ROC 14: 19 DACs set, Pixels: 0 masked, 0 active.
[12:11:44.715]     INFO: 	ROC 15: 19 DACs set, Pixels: 0 masked, 0 active.
[12:11:45.325]     INFO: PixTestCmd::init()
[12:11:45.330]     INFO: readGainPedestalParameters data/mg316/phCalibrationFitErr35_C0.dat .. data/mg316/phCalibrationFitErr35_C15.dat
[12:11:45.636]     INFO: readReadbackCal: data/mg316/readbackCal_C0.dat .. data/mg316/readbackCal_C15.dat
[12:11:52.740]     INFO:    ----------------------------------------------------------------------
[12:11:52.740]     INFO:    PixTestDaq::doDaqRun() start.
[12:11:52.740]     INFO:    ----------------------------------------------------------------------
[12:11:52.745]     INFO: PixTestDaq:: Number of masked pixels:
[12:11:52.745]     INFO: PixTestDaq::    0 - ROC 0
[12:11:52.745]     INFO: PixTestDaq::    0 - ROC 1
[12:11:52.745]     INFO: PixTestDaq::    0 - ROC 2
[12:11:52.745]     INFO: PixTestDaq::    0 - ROC 3
[12:11:52.745]     INFO: PixTestDaq::    0 - ROC 4
[12:11:52.745]     INFO: PixTestDaq::    0 - ROC 5
[12:11:52.745]     INFO: PixTestDaq::    0 - ROC 6
[12:11:52.745]     INFO: PixTestDaq::    0 - ROC 7
[12:11:52.745]     INFO: PixTestDaq::    0 - ROC 8
[12:11:52.745]     INFO: PixTestDaq::    0 - ROC 9
[12:11:52.745]     INFO: PixTestDaq::    0 - ROC 10
[12:11:52.745]     INFO: PixTestDaq::    0 - ROC 11
[12:11:52.745]     INFO: PixTestDaq::    0 - ROC 12
[12:11:52.745]     INFO: PixTestDaq::    0 - ROC 13
[12:11:52.745]     INFO: PixTestDaq::    0 - ROC 14
[12:11:52.745]     INFO: PixTestDaq::    0 - ROC 15
[12:11:52.746]     INFO: PG set to have trigger frequency = 100 kHz
[12:11:53.706]     INFO: PixTestDaq:: start TriggerLoop with period 405 and duration 5 seconds
[12:11:58.706]     INFO: PixTestDaq:: total time reached - DAQ stopped.
[12:12:25.004]     INFO: events read:492616, pixels seen:9160654, hist entries: 618219
[12:12:25.141]     INFO: PixTest::       pg_setup set to default.
[12:12:25.141]     INFO: PixTestDaq::doDaqRun() done
