[16:00:32.867]     INFO: *** Welcome to pxar ***
[16:00:32.867]     INFO: *** Today: 2016/01/21
[16:00:32.878]     INFO: *** Version: prod-12
[16:00:32.878]     INFO: readRocDacs: data/mg316/dacParameters35_C0.dat .. data/mg316/dacParameters35_C15.dat
[16:00:32.879]     INFO: readTbmDacs: data/mg316/tbmParameters_C0a.dat .. data/mg316/tbmParameters_C0b.dat
[16:00:32.879]     INFO: readMaskFile: data/mg316/defaultMaskFile.dat
[16:00:32.879]     INFO: readTrimFile: data/mg316/trimParameters35_C0.dat .. data/mg316/trimParameters35_C15.dat
[16:00:33.032]     INFO:         clk: 4
[16:00:33.032]     INFO:         ctr: 4
[16:00:33.032]     INFO:         sda: 19
[16:00:33.032]     INFO:         tin: 9
[16:00:33.032]     INFO:         level: 15
[16:00:33.032]     INFO:         triggerdelay: 0
[16:00:33.032]    QUIET: Instanciating API for pxar prod-12
[16:00:33.032]     INFO: Log level: INFO
[16:00:33.043]    QUIET: Connection to board DTB_WRPRHI opened.
[16:00:33.047]     INFO: DTB startup information
--- DTB info------------------------------------------
Board id:    58
HW version:  DTB1.2
FW version:  4.2
SW version:  4.5
USB id:      DTB_WRPRHI
MAC address: 40D85511803A
Hostname:    pixelDTB058
Comment:     
------------------------------------------------------
[16:00:33.049]     INFO: RPC call hashes of host and DTB match: 398089610
[16:00:34.653]     INFO: DUT info: 
[16:00:34.653]     INFO: The DUT currently contains the following objects:
[16:00:34.653]     INFO:  2 TBM Cores tbm08c (2 ON)
[16:00:34.653]     INFO: 	TBM Core alpha (0): 7 registers set
[16:00:34.653]     INFO: 	TBM Core beta  (1): 7 registers set
[16:00:34.653]     INFO: 16 ROCs psi46digv21respin (16 ON) with 4160 pixelConfigs
[16:00:34.653]     INFO: 	ROC 0: 19 DACs set, Pixels: 0 masked, 0 active.
[16:00:34.653]     INFO: 	ROC 1: 19 DACs set, Pixels: 0 masked, 0 active.
[16:00:34.653]     INFO: 	ROC 2: 19 DACs set, Pixels: 0 masked, 0 active.
[16:00:34.653]     INFO: 	ROC 3: 19 DACs set, Pixels: 0 masked, 0 active.
[16:00:34.653]     INFO: 	ROC 4: 19 DACs set, Pixels: 0 masked, 0 active.
[16:00:34.653]     INFO: 	ROC 5: 19 DACs set, Pixels: 0 masked, 0 active.
[16:00:34.653]     INFO: 	ROC 6: 19 DACs set, Pixels: 0 masked, 0 active.
[16:00:34.653]     INFO: 	ROC 7: 19 DACs set, Pixels: 0 masked, 0 active.
[16:00:34.653]     INFO: 	ROC 8: 19 DACs set, Pixels: 0 masked, 0 active.
[16:00:34.653]     INFO: 	ROC 9: 19 DACs set, Pixels: 0 masked, 0 active.
[16:00:34.653]     INFO: 	ROC 10: 19 DACs set, Pixels: 0 masked, 0 active.
[16:00:34.653]     INFO: 	ROC 11: 19 DACs set, Pixels: 0 masked, 0 active.
[16:00:34.653]     INFO: 	ROC 12: 19 DACs set, Pixels: 0 masked, 0 active.
[16:00:34.653]     INFO: 	ROC 13: 19 DACs set, Pixels: 0 masked, 0 active.
[16:00:34.653]     INFO: 	ROC 14: 19 DACs set, Pixels: 0 masked, 0 active.
[16:00:34.653]     INFO: 	ROC 15: 19 DACs set, Pixels: 0 masked, 0 active.
[16:00:35.257]     INFO: PixTestCmd::init()
[16:00:35.265]     INFO: readGainPedestalParameters data/mg316/phCalibrationFitErr35_C0.dat .. data/mg316/phCalibrationFitErr35_C15.dat
[16:00:35.572]     INFO: readReadbackCal: data/mg316/readbackCal_C0.dat .. data/mg316/readbackCal_C15.dat
[16:00:44.787]     INFO: ######################################################################
[16:00:44.787]     INFO: PixTestXray::doTest()
[16:00:44.787]     INFO: ######################################################################
[16:00:44.787]     INFO:    ----------------------------------------------------------------------
[16:00:44.787]     INFO:    PixTestXray::doPhRun() fParRunSeconds = 100
[16:00:44.787]     INFO:    ----------------------------------------------------------------------
[16:00:45.762]     INFO: PixTestXray::doPhRun start TriggerLoop with trigger frequency 100 kHz, period 405 and duration 100 seconds,  fEventsMax = 10000000
[16:01:02.725]     INFO: run duration 16 seconds, buffer almost full (81%), pausing triggers.
[16:01:30.631]     INFO: Resuming triggers.
[16:01:47.600]     INFO: run duration 33 seconds, buffer almost full (81%), pausing triggers.
[16:02:15.651]     INFO: Resuming triggers.
[16:02:32.612]     INFO: run duration 50 seconds, buffer almost full (81%), pausing triggers.
[16:03:00.677]     INFO: Resuming triggers.
[16:03:17.643]     INFO: run duration 67 seconds, buffer almost full (81%), pausing triggers.
[16:03:45.629]     INFO: Resuming triggers.
[16:04:02.587]     INFO: run duration 84 seconds, buffer almost full (81%), pausing triggers.
[16:04:30.619]     INFO: Resuming triggers.
[16:04:45.937]     INFO: data taking finished, elapsed time: 100 seconds.
[16:05:11.497]     INFO: PixTest::       pg_setup set to default.
[16:05:11.538]     INFO: PixTestXray::doPhRun() done
[16:05:11.538]     INFO: PixTestXray::doTest() done 
[16:06:08.862]    QUIET: Connection to board 58 closed.
