[10:28:43.571]     INFO: *** Welcome to pxar ***
[10:28:43.571]     INFO: *** Today: 2016/01/20
[10:28:43.580]     INFO: *** Version: prod-12
[10:28:43.580]     INFO: readRocDacs: /home/CMS_pixel/Testing/pxar_prod12/data/mg316/dacParameters35_C0.dat .. /home/CMS_pixel/Testing/pxar_prod12/data/mg316/dacParameters35_C15.dat
[10:28:43.581]     INFO: readTbmDacs: /home/CMS_pixel/Testing/pxar_prod12/data/mg316/tbmParameters_C0a.dat .. /home/CMS_pixel/Testing/pxar_prod12/data/mg316/tbmParameters_C0b.dat
[10:28:43.581]     INFO: readMaskFile: /home/CMS_pixel/Testing/pxar_prod12/data/mg316/defaultMaskFile.dat
[10:28:43.582]     INFO: MASKED Roc 15 col/row: 19 32
[10:28:43.582]     INFO: MASKED Roc 15 col/row: 34 28
[10:28:43.582]     INFO: MASKED Roc 15 col/row: 36 58
[10:28:43.582]     INFO: MASKED Roc 15 col/row: 39 79
[10:28:43.582]     INFO: MASKED Roc 15 col/row: 47 44
[10:28:43.582]     INFO: MASKED Roc 15 col/row: 48 32
[10:28:43.582]     INFO: MASKED Roc 15 col/row: 49 53
[10:28:43.582]     INFO: MASKED Roc 15 col/row: 50 65
[10:28:43.582]     INFO: readTrimFile: /home/CMS_pixel/Testing/pxar_prod12/data/mg316/trimParameters35_C0.dat .. /home/CMS_pixel/Testing/pxar_prod12/data/mg316/trimParameters35_C15.dat
[10:28:43.723]     INFO:   masking Roc 15 col/row: 19 32
[10:28:43.723]     INFO:   masking Roc 15 col/row: 34 28
[10:28:43.723]     INFO:   masking Roc 15 col/row: 36 58
[10:28:43.723]     INFO:   masking Roc 15 col/row: 39 79
[10:28:43.723]     INFO:   masking Roc 15 col/row: 47 44
[10:28:43.723]     INFO:   masking Roc 15 col/row: 48 32
[10:28:43.723]     INFO:   masking Roc 15 col/row: 49 53
[10:28:43.723]     INFO:   masking Roc 15 col/row: 50 65
[10:28:43.733]     INFO:         clk: 4
[10:28:43.733]     INFO:         ctr: 4
[10:28:43.733]     INFO:         sda: 19
[10:28:43.733]     INFO:         tin: 9
[10:28:43.733]     INFO:         level: 15
[10:28:43.733]     INFO:         triggerdelay: 0
[10:28:43.733]    QUIET: Instanciating API for pxar prod-12
[10:28:43.733]     INFO: Log level: INFO
[10:28:43.744]    QUIET: Connection to board DTB_WRPRHI opened.
[10:28:43.747]     INFO: DTB startup information
--- DTB info------------------------------------------
Board id:    58
HW version:  DTB1.2
FW version:  4.2
SW version:  4.5
USB id:      DTB_WRPRHI
MAC address: 40D85511803A
Hostname:    pixelDTB058
Comment:     
------------------------------------------------------
[10:28:43.750]     INFO: RPC call hashes of host and DTB match: 398089610
[10:28:45.416]     INFO: DUT info: 
[10:28:45.417]     INFO: The DUT currently contains the following objects:
[10:28:45.417]     INFO:  2 TBM Cores tbm08c (2 ON)
[10:28:45.417]     INFO: 	TBM Core alpha (0): 7 registers set
[10:28:45.417]     INFO: 	TBM Core beta  (1): 7 registers set
[10:28:45.417]     INFO: 16 ROCs psi46digv21respin (16 ON) with 4160 pixelConfigs
[10:28:45.417]     INFO: 	ROC 0: 19 DACs set, Pixels: 0 masked, 0 active.
[10:28:45.417]     INFO: 	ROC 1: 19 DACs set, Pixels: 0 masked, 0 active.
[10:28:45.417]     INFO: 	ROC 2: 19 DACs set, Pixels: 0 masked, 0 active.
[10:28:45.417]     INFO: 	ROC 3: 19 DACs set, Pixels: 0 masked, 0 active.
[10:28:45.417]     INFO: 	ROC 4: 19 DACs set, Pixels: 0 masked, 0 active.
[10:28:45.417]     INFO: 	ROC 5: 19 DACs set, Pixels: 0 masked, 0 active.
[10:28:45.417]     INFO: 	ROC 6: 19 DACs set, Pixels: 0 masked, 0 active.
[10:28:45.417]     INFO: 	ROC 7: 19 DACs set, Pixels: 0 masked, 0 active.
[10:28:45.417]     INFO: 	ROC 8: 19 DACs set, Pixels: 0 masked, 0 active.
[10:28:45.417]     INFO: 	ROC 9: 19 DACs set, Pixels: 0 masked, 0 active.
[10:28:45.417]     INFO: 	ROC 10: 19 DACs set, Pixels: 0 masked, 0 active.
[10:28:45.417]     INFO: 	ROC 11: 19 DACs set, Pixels: 0 masked, 0 active.
[10:28:45.417]     INFO: 	ROC 12: 19 DACs set, Pixels: 0 masked, 0 active.
[10:28:45.417]     INFO: 	ROC 13: 19 DACs set, Pixels: 0 masked, 0 active.
[10:28:45.417]     INFO: 	ROC 14: 19 DACs set, Pixels: 0 masked, 0 active.
[10:28:45.417]     INFO: 	ROC 15: 19 DACs set, Pixels: 8 masked, 0 active.
[10:28:46.016]     INFO: PixTestCmd::init()
[10:28:46.021]     INFO: readGainPedestalParameters /home/CMS_pixel/Testing/pxar_prod12/data/mg316/phCalibrationFitErr35_C0.dat .. /home/CMS_pixel/Testing/pxar_prod12/data/mg316/phCalibrationFitErr35_C15.dat
[10:28:46.332]     INFO: readReadbackCal: /home/CMS_pixel/Testing/pxar_prod12/data/mg316/readbackCal_C0.dat .. /home/CMS_pixel/Testing/pxar_prod12/data/mg316/readbackCal_C15.dat
[10:29:27.463]     INFO: PixTestDaq::doTest() start.
[10:29:27.466]     INFO:    ----------------------------------------------------------------------
[10:29:27.466]     INFO:    PixTestDaq::doDaqRun() start.
[10:29:27.467]     INFO:    ----------------------------------------------------------------------
[10:29:27.471]     INFO: ROC 15 masking pixel 19/32
[10:29:27.471]     INFO: ROC 15 masking pixel 34/28
[10:29:27.471]     INFO: ROC 15 masking pixel 36/58
[10:29:27.471]     INFO: ROC 15 masking pixel 39/79
[10:29:27.472]     INFO: ROC 15 masking pixel 47/44
[10:29:27.472]     INFO: ROC 15 masking pixel 48/32
[10:29:27.472]     INFO: ROC 15 masking pixel 49/53
[10:29:27.472]     INFO: ROC 15 masking pixel 50/65
[10:29:27.472]     INFO: PixTestDaq:: Number of masked pixels:
[10:29:27.472]     INFO: PixTestDaq::    0 - ROC 0
[10:29:27.472]     INFO: PixTestDaq::    0 - ROC 1
[10:29:27.472]     INFO: PixTestDaq::    0 - ROC 2
[10:29:27.472]     INFO: PixTestDaq::    0 - ROC 3
[10:29:27.472]     INFO: PixTestDaq::    0 - ROC 4
[10:29:27.472]     INFO: PixTestDaq::    0 - ROC 5
[10:29:27.472]     INFO: PixTestDaq::    0 - ROC 6
[10:29:27.472]     INFO: PixTestDaq::    0 - ROC 7
[10:29:27.472]     INFO: PixTestDaq::    0 - ROC 8
[10:29:27.472]     INFO: PixTestDaq::    0 - ROC 9
[10:29:27.472]     INFO: PixTestDaq::    0 - ROC 10
[10:29:27.472]     INFO: PixTestDaq::    0 - ROC 11
[10:29:27.472]     INFO: PixTestDaq::    0 - ROC 12
[10:29:27.472]     INFO: PixTestDaq::    0 - ROC 13
[10:29:27.472]     INFO: PixTestDaq::    0 - ROC 14
[10:29:27.472]     INFO: PixTestDaq::    8 - ROC 15
[10:29:27.473]     INFO: PG set to have trigger frequency = 100 kHz
[10:29:28.465]     INFO: PixTestDaq:: start TriggerLoop with period 405 and duration 10 seconds
[10:29:38.465]     INFO: PixTestDaq:: total time reached - DAQ stopped.
[10:29:39.103]     INFO: events read:    0, pixels seen:  0, hist entries:    0
[10:29:39.138]     INFO: PixTest::       pg_setup set to default.
[10:29:39.138]     INFO: PixTestDaq::doDaqRun() done
[10:29:39.138]     INFO: PixTestDaq::doTest() done
[10:30:13.235]     INFO:    ----------------------------------------------------------------------
[10:30:13.235]     INFO:    PixTest::maskHotPixels() running for 10 seconds with 100 kHz trigger rate
[10:30:13.235]     INFO:    ----------------------------------------------------------------------
[10:30:14.224]     INFO: PixTestHighRate::maskHotPixels start TriggerLoop with period 404 and duration 10 seconds and trigger rate 100 kHz
[10:30:23.236]     INFO: Done with hot pixel readout
[10:30:23.681]     INFO: PixTest::       pg_setup set to default.
[10:30:23.683]     INFO: no hot pixel found!
[10:30:23.683]     INFO: PixTest::maskHotPixels() done
[10:30:23.683]     INFO: write masked pixels into /home/CMS_pixel/Testing/pxar_prod12/data/mg316/defaultMaskFile.dat
[10:31:43.278]    QUIET: Connection to board 58 closed.
