[11:30:25.834]     INFO: *** Welcome to pxar ***
[11:30:25.834]     INFO: *** Today: 2016/01/20
[11:30:25.844]     INFO: *** Version: prod-12
[11:30:25.844]     INFO: readRocDacs: /home/CMS_pixel/Testing/pxar_prod12/data/mg316/dacParameters35_C0.dat .. /home/CMS_pixel/Testing/pxar_prod12/data/mg316/dacParameters35_C15.dat
[11:30:25.846]     INFO: readTbmDacs: /home/CMS_pixel/Testing/pxar_prod12/data/mg316/tbmParameters_C0a.dat .. /home/CMS_pixel/Testing/pxar_prod12/data/mg316/tbmParameters_C0b.dat
[11:30:25.846]     INFO: readMaskFile: /home/CMS_pixel/Testing/pxar_prod12/data/mg316/defaultMaskFile.dat
[11:30:25.846]     INFO: readTrimFile: /home/CMS_pixel/Testing/pxar_prod12/data/mg316/trimParameters35_C0.dat .. /home/CMS_pixel/Testing/pxar_prod12/data/mg316/trimParameters35_C15.dat
[11:30:26.003]     INFO:         clk: 4
[11:30:26.003]     INFO:         ctr: 4
[11:30:26.003]     INFO:         sda: 19
[11:30:26.003]     INFO:         tin: 9
[11:30:26.003]     INFO:         level: 15
[11:30:26.003]     INFO:         triggerdelay: 0
[11:30:26.004]    QUIET: Instanciating API for pxar prod-12
[11:30:26.004]     INFO: Log level: INFO
[11:30:26.015]    QUIET: Connection to board DTB_WRPRHI opened.
[11:30:26.019]     INFO: DTB startup information
--- DTB info------------------------------------------
Board id:    58
HW version:  DTB1.2
FW version:  4.2
SW version:  4.5
USB id:      DTB_WRPRHI
MAC address: 40D85511803A
Hostname:    pixelDTB058
Comment:     
------------------------------------------------------
[11:30:26.021]     INFO: RPC call hashes of host and DTB match: 398089610
[11:30:27.621]     INFO: DUT info: 
[11:30:27.621]     INFO: The DUT currently contains the following objects:
[11:30:27.621]     INFO:  2 TBM Cores tbm08c (2 ON)
[11:30:27.621]     INFO: 	TBM Core alpha (0): 7 registers set
[11:30:27.622]     INFO: 	TBM Core beta  (1): 7 registers set
[11:30:27.622]     INFO: 16 ROCs psi46digv21respin (16 ON) with 4160 pixelConfigs
[11:30:27.622]     INFO: 	ROC 0: 19 DACs set, Pixels: 0 masked, 0 active.
[11:30:27.622]     INFO: 	ROC 1: 19 DACs set, Pixels: 0 masked, 0 active.
[11:30:27.622]     INFO: 	ROC 2: 19 DACs set, Pixels: 0 masked, 0 active.
[11:30:27.622]     INFO: 	ROC 3: 19 DACs set, Pixels: 0 masked, 0 active.
[11:30:27.622]     INFO: 	ROC 4: 19 DACs set, Pixels: 0 masked, 0 active.
[11:30:27.622]     INFO: 	ROC 5: 19 DACs set, Pixels: 0 masked, 0 active.
[11:30:27.622]     INFO: 	ROC 6: 19 DACs set, Pixels: 0 masked, 0 active.
[11:30:27.622]     INFO: 	ROC 7: 19 DACs set, Pixels: 0 masked, 0 active.
[11:30:27.622]     INFO: 	ROC 8: 19 DACs set, Pixels: 0 masked, 0 active.
[11:30:27.622]     INFO: 	ROC 9: 19 DACs set, Pixels: 0 masked, 0 active.
[11:30:27.622]     INFO: 	ROC 10: 19 DACs set, Pixels: 0 masked, 0 active.
[11:30:27.622]     INFO: 	ROC 11: 19 DACs set, Pixels: 0 masked, 0 active.
[11:30:27.622]     INFO: 	ROC 12: 19 DACs set, Pixels: 0 masked, 0 active.
[11:30:27.622]     INFO: 	ROC 13: 19 DACs set, Pixels: 0 masked, 0 active.
[11:30:27.622]     INFO: 	ROC 14: 19 DACs set, Pixels: 0 masked, 0 active.
[11:30:27.622]     INFO: 	ROC 15: 19 DACs set, Pixels: 0 masked, 0 active.
[11:30:28.231]     INFO: PixTestCmd::init()
[11:30:28.238]     INFO: readGainPedestalParameters /home/CMS_pixel/Testing/pxar_prod12/data/mg316/phCalibrationFitErr35_C0.dat .. /home/CMS_pixel/Testing/pxar_prod12/data/mg316/phCalibrationFitErr35_C15.dat
[11:30:28.550]     INFO: readReadbackCal: /home/CMS_pixel/Testing/pxar_prod12/data/mg316/readbackCal_C0.dat .. /home/CMS_pixel/Testing/pxar_prod12/data/mg316/readbackCal_C15.dat
[11:30:38.536]     INFO:    ----------------------------------------------------------------------
[11:30:38.536]     INFO:    PixTestHighRate::calDelScan() ntrig = 10, vcal = 200
[11:30:38.536]     INFO:    ----------------------------------------------------------------------
[11:30:38.677]     INFO: Expecting 768 events.
[11:30:39.814]     INFO: 768 events read in total (419ms).
[11:30:40.003]     INFO: Test took 1461ms.
[11:30:40.684]     INFO: Expecting 41600 events.
[11:30:44.248]     INFO: 41600 events read in total (3038ms).
[11:30:44.253]     INFO: Test took 4243ms.
[11:30:44.364]     INFO: Fetched DAQ statistics. Counters are being reset now.
[11:30:45.080]     INFO: Expecting 41600 events.
[11:30:48.745]     INFO: 41600 events read in total (3138ms).
[11:30:48.749]     INFO: Test took 4334ms.
[11:30:48.859]     INFO: Fetched DAQ statistics. Counters are being reset now.
[11:30:49.576]     INFO: Expecting 41600 events.
[11:30:53.277]     INFO: 41600 events read in total (3174ms).
[11:30:53.281]     INFO: Test took 4370ms.
[11:30:53.391]     INFO: Fetched DAQ statistics. Counters are being reset now.
[11:30:54.108]     INFO: Expecting 41600 events.
[11:30:57.786]     INFO: 41600 events read in total (3152ms).
[11:30:57.791]     INFO: Test took 4349ms.
[11:30:57.900]     INFO: Fetched DAQ statistics. Counters are being reset now.
[11:30:58.617]     INFO: Expecting 41600 events.
[11:31:02.308]     INFO: 41600 events read in total (3165ms).
[11:31:02.313]     INFO: Test took 4362ms.
[11:31:02.423]     INFO: Fetched DAQ statistics. Counters are being reset now.
[11:31:03.140]     INFO: Expecting 41600 events.
[11:31:06.841]     INFO: 41600 events read in total (3174ms).
[11:31:06.846]     INFO: Test took 4371ms.
[11:31:06.958]     INFO: Fetched DAQ statistics. Counters are being reset now.
[11:31:07.675]     INFO: Expecting 41600 events.
[11:31:11.389]     INFO: 41600 events read in total (3187ms).
[11:31:11.393]     INFO: Test took 4383ms.
[11:31:11.504]     INFO: Fetched DAQ statistics. Counters are being reset now.
[11:31:12.221]     INFO: Expecting 41600 events.
[11:31:15.948]     INFO: 41600 events read in total (3201ms).
[11:31:15.952]     INFO: Test took 4396ms.
[11:31:16.063]     INFO: Fetched DAQ statistics. Counters are being reset now.
[11:31:16.781]     INFO: Expecting 41600 events.
[11:31:20.495]     INFO: 41600 events read in total (3188ms).
[11:31:20.500]     INFO: Test took 4386ms.
[11:31:20.610]     INFO: Fetched DAQ statistics. Counters are being reset now.
[11:31:21.328]     INFO: Expecting 41600 events.
[11:31:25.061]     INFO: 41600 events read in total (3206ms).
[11:31:25.066]     INFO: Test took 4403ms.
[11:31:25.178]     INFO: Fetched DAQ statistics. Counters are being reset now.
[11:31:25.896]     INFO: Expecting 41600 events.
[11:31:29.599]     INFO: 41600 events read in total (3176ms).
[11:31:29.604]     INFO: Test took 4373ms.
[11:31:29.715]     INFO: Fetched DAQ statistics. Counters are being reset now.
[11:31:30.434]     INFO: Expecting 41600 events.
[11:31:34.169]     INFO: 41600 events read in total (3208ms).
[11:31:34.173]     INFO: Test took 4405ms.
[11:31:34.285]     INFO: Fetched DAQ statistics. Counters are being reset now.
[11:31:35.004]     INFO: Expecting 41600 events.
[11:31:38.728]     INFO: 41600 events read in total (3198ms).
[11:31:38.732]     INFO: Test took 4395ms.
[11:31:38.842]     INFO: Fetched DAQ statistics. Counters are being reset now.
[11:31:39.560]     INFO: Expecting 41600 events.
[11:31:43.295]     INFO: 41600 events read in total (3208ms).
[11:31:43.299]     INFO: Test took 4404ms.
[11:31:43.407]     INFO: Fetched DAQ statistics. Counters are being reset now.
[11:31:44.125]     INFO: Expecting 41600 events.
[11:31:47.829]     INFO: 41600 events read in total (3177ms).
[11:31:47.834]     INFO: Test took 4374ms.
[11:31:47.945]     INFO: Fetched DAQ statistics. Counters are being reset now.
[11:31:48.662]     INFO: Expecting 41600 events.
[11:31:52.383]     INFO: 41600 events read in total (3194ms).
[11:31:52.387]     INFO: Test took 4390ms.
[11:31:52.498]     INFO: Fetched DAQ statistics. Counters are being reset now.
[11:31:53.215]     INFO: Expecting 41600 events.
[11:31:56.945]     INFO: 41600 events read in total (3204ms).
[11:31:56.949]     INFO: Test took 4399ms.
[11:31:57.060]     INFO: Fetched DAQ statistics. Counters are being reset now.
[11:31:57.777]     INFO: Expecting 41600 events.
[11:32:01.491]     INFO: 41600 events read in total (3187ms).
[11:32:01.495]     INFO: Test took 4383ms.
[11:32:01.643]     INFO: Fetched DAQ statistics. Counters are being reset now.
[11:32:02.362]     INFO: Expecting 41600 events.
[11:32:06.064]     INFO: 41600 events read in total (3176ms).
[11:32:06.069]     INFO: Test took 4372ms.
[11:32:06.179]     INFO: Fetched DAQ statistics. Counters are being reset now.
[11:32:06.896]     INFO: Expecting 41600 events.
[11:32:10.449]     INFO: 41600 events read in total (3026ms).
[11:32:10.454]     INFO: Test took 4223ms.
[11:32:10.560]     INFO: Fetched DAQ statistics. Counters are being reset now.
[11:32:24.840]     INFO:    ----------------------------------------------------------------------
[11:32:24.840]     INFO:    PixTestHighRate::xPixelAlive() ntrig = 50, vcal = 200
[11:32:24.840]     INFO:    ----------------------------------------------------------------------
[11:32:25.546]     INFO: Expecting 208000 events.
[11:32:40.406]     INFO: 208000 events read in total (14334ms).
[11:32:40.422]     INFO: Test took 15545ms.
[11:32:40.936]     INFO: Fetched DAQ statistics. Counters are being reset now.
[11:32:41.360]     INFO: number of dead pixels (per ROC):     0    0    0    1    0    0    0    0    0    0    0    0    0    0    0    8
[11:32:41.360]     INFO: number of red-efficiency pixels:   319  214  485  850  897  541    5    3    8    4  596  849  877  500  237  457
[11:32:41.360]     INFO: number of X-ray hits detected:    196204 137637 216059 331707 335743 204520 7119 3577 4416 8205 238288 319536 331286 218578 147401 212506
[11:32:41.360]     INFO: number of triggers sent (total per ROC):  208000 208000 208000 208000 208000 208000 208000 208000 208000 208000 208000 208000 208000 208000 208000 208000
[11:32:41.360]     INFO: number of Vcal hits detected:  207657 207774 207449 206954 206946 207362 207995 207997 207992 207996 207295 207002 206904 207423 207749 206912
[11:32:41.360]     INFO: Vcal hit fiducial efficiency (%):  99.8 99.9 99.8 99.6 99.5 99.7 100.0 100.0 100.0 100.0 99.7 99.6 99.5 99.7 99.9 99.7
[11:32:41.360]     INFO: Vcal hit overall efficiency (%):  99.8 99.9 99.7 99.5 99.5 99.7 100.0 100.0 100.0 100.0 99.7 99.5 99.5 99.7 99.9 99.5
[11:32:41.360]     INFO: X-ray hit rate [MHz/cm2]:  57.5 40.3 63.3 97.2 98.4 59.9 2.1 1.0 1.3 2.4 69.8 93.7 97.1 64.1 43.2 62.3
[11:32:41.360]     INFO: PixTestHighRate::doXPixelAlive() done
[11:32:41.406]     INFO: PixTest::       pg_setup set to default.
[11:32:52.777]     INFO:    ----------------------------------------------------------------------
[11:32:52.777]     INFO:    PixTestHighRate::runDaq() running for 2 seconds
[11:32:52.777]     INFO:    ----------------------------------------------------------------------
[11:32:53.761]     INFO: PixTestHighRate::doHitMap start TriggerLoop with trigger frequency 20 kHz, period 2011 and duration 2 seconds
[11:32:55.765]     INFO: data taking finished, elapsed time: 2 seconds.
[11:32:57.496]     INFO: PixTest::       pg_setup set to default.
[11:32:57.624]     INFO: Pixels without X-ray hits (per ROC):   221   692   512    72   100   898  3070  3577  3426  3005   473   168    69   493   688   278 
[11:32:57.624]     INFO: PixTestHighRate::doRunDaq() done
[11:33:45.557]    QUIET: Connection to board 58 closed.
