[11:26:48.098]     INFO: *** Welcome to pxar ***
[11:26:48.098]     INFO: *** Today: 2016/01/20
[11:26:48.108]     INFO: *** Version: prod-12
[11:26:48.108]     INFO: readRocDacs: /home/CMS_pixel/Testing/pxar_prod12/data/mg316/dacParameters35_C0.dat .. /home/CMS_pixel/Testing/pxar_prod12/data/mg316/dacParameters35_C15.dat
[11:26:48.109]     INFO: readTbmDacs: /home/CMS_pixel/Testing/pxar_prod12/data/mg316/tbmParameters_C0a.dat .. /home/CMS_pixel/Testing/pxar_prod12/data/mg316/tbmParameters_C0b.dat
[11:26:48.109]     INFO: readMaskFile: /home/CMS_pixel/Testing/pxar_prod12/data/mg316/defaultMaskFile.dat
[11:26:48.109]     INFO: readTrimFile: /home/CMS_pixel/Testing/pxar_prod12/data/mg316/trimParameters35_C0.dat .. /home/CMS_pixel/Testing/pxar_prod12/data/mg316/trimParameters35_C15.dat
[11:26:48.259]     INFO:         clk: 4
[11:26:48.259]     INFO:         ctr: 4
[11:26:48.259]     INFO:         sda: 19
[11:26:48.259]     INFO:         tin: 9
[11:26:48.259]     INFO:         level: 15
[11:26:48.259]     INFO:         triggerdelay: 0
[11:26:48.259]    QUIET: Instanciating API for pxar prod-12
[11:26:48.259]     INFO: Log level: INFO
[11:26:48.270]    QUIET: Connection to board DTB_WRPRHI opened.
[11:26:48.273]     INFO: DTB startup information
--- DTB info------------------------------------------
Board id:    58
HW version:  DTB1.2
FW version:  4.2
SW version:  4.5
USB id:      DTB_WRPRHI
MAC address: 40D85511803A
Hostname:    pixelDTB058
Comment:     
------------------------------------------------------
[11:26:48.276]     INFO: RPC call hashes of host and DTB match: 398089610
[11:26:49.880]     INFO: DUT info: 
[11:26:49.880]     INFO: The DUT currently contains the following objects:
[11:26:49.880]     INFO:  2 TBM Cores tbm08c (2 ON)
[11:26:49.880]     INFO: 	TBM Core alpha (0): 7 registers set
[11:26:49.880]     INFO: 	TBM Core beta  (1): 7 registers set
[11:26:49.880]     INFO: 16 ROCs psi46digv21respin (16 ON) with 4160 pixelConfigs
[11:26:49.880]     INFO: 	ROC 0: 19 DACs set, Pixels: 0 masked, 0 active.
[11:26:49.880]     INFO: 	ROC 1: 19 DACs set, Pixels: 0 masked, 0 active.
[11:26:49.880]     INFO: 	ROC 2: 19 DACs set, Pixels: 0 masked, 0 active.
[11:26:49.880]     INFO: 	ROC 3: 19 DACs set, Pixels: 0 masked, 0 active.
[11:26:49.880]     INFO: 	ROC 4: 19 DACs set, Pixels: 0 masked, 0 active.
[11:26:49.880]     INFO: 	ROC 5: 19 DACs set, Pixels: 0 masked, 0 active.
[11:26:49.880]     INFO: 	ROC 6: 19 DACs set, Pixels: 0 masked, 0 active.
[11:26:49.880]     INFO: 	ROC 7: 19 DACs set, Pixels: 0 masked, 0 active.
[11:26:49.880]     INFO: 	ROC 8: 19 DACs set, Pixels: 0 masked, 0 active.
[11:26:49.881]     INFO: 	ROC 9: 19 DACs set, Pixels: 0 masked, 0 active.
[11:26:49.881]     INFO: 	ROC 10: 19 DACs set, Pixels: 0 masked, 0 active.
[11:26:49.881]     INFO: 	ROC 11: 19 DACs set, Pixels: 0 masked, 0 active.
[11:26:49.881]     INFO: 	ROC 12: 19 DACs set, Pixels: 0 masked, 0 active.
[11:26:49.881]     INFO: 	ROC 13: 19 DACs set, Pixels: 0 masked, 0 active.
[11:26:49.881]     INFO: 	ROC 14: 19 DACs set, Pixels: 0 masked, 0 active.
[11:26:49.881]     INFO: 	ROC 15: 19 DACs set, Pixels: 0 masked, 0 active.
[11:26:50.492]     INFO: PixTestCmd::init()
[11:26:50.502]     INFO: readGainPedestalParameters /home/CMS_pixel/Testing/pxar_prod12/data/mg316/phCalibrationFitErr35_C0.dat .. /home/CMS_pixel/Testing/pxar_prod12/data/mg316/phCalibrationFitErr35_C15.dat
[11:26:50.807]     INFO: readReadbackCal: /home/CMS_pixel/Testing/pxar_prod12/data/mg316/readbackCal_C0.dat .. /home/CMS_pixel/Testing/pxar_prod12/data/mg316/readbackCal_C15.dat
[11:27:05.360]     INFO:    ----------------------------------------------------------------------
[11:27:05.360]     INFO:    PixTestHighRate::calDelScan() ntrig = 10, vcal = 200
[11:27:05.360]     INFO:    ----------------------------------------------------------------------
[11:27:05.501]     INFO: Expecting 768 events.
[11:27:06.639]     INFO: 768 events read in total (420ms).
[11:27:06.828]     INFO: Test took 1462ms.
[11:27:07.505]     INFO: Expecting 41600 events.
[11:27:11.305]     INFO: 41600 events read in total (3273ms).
[11:27:11.311]     INFO: Test took 4476ms.
[11:27:11.446]     INFO: Fetched DAQ statistics. Counters are being reset now.
[11:27:12.170]     INFO: Expecting 41600 events.
[11:27:16.077]     INFO: 41600 events read in total (3380ms).
[11:27:16.083]     INFO: Test took 4578ms.
[11:27:16.211]     INFO: Fetched DAQ statistics. Counters are being reset now.
[11:27:16.936]     INFO: Expecting 41600 events.
[11:27:20.863]     INFO: 41600 events read in total (3400ms).
[11:27:20.868]     INFO: Test took 4597ms.
[11:27:20.999]     INFO: Fetched DAQ statistics. Counters are being reset now.
[11:27:21.724]     INFO: Expecting 41600 events.
[11:27:25.641]     INFO: 41600 events read in total (3391ms).
[11:27:25.646]     INFO: Test took 4587ms.
[11:27:25.778]     INFO: Fetched DAQ statistics. Counters are being reset now.
[11:27:26.504]     INFO: Expecting 41600 events.
[11:27:30.445]     INFO: 41600 events read in total (3414ms).
[11:27:30.450]     INFO: Test took 4611ms.
[11:27:30.580]     INFO: Fetched DAQ statistics. Counters are being reset now.
[11:27:31.305]     INFO: Expecting 41600 events.
[11:27:35.235]     INFO: 41600 events read in total (3404ms).
[11:27:35.240]     INFO: Test took 4601ms.
[11:27:35.370]     INFO: Fetched DAQ statistics. Counters are being reset now.
[11:27:36.097]     INFO: Expecting 41600 events.
[11:27:40.033]     INFO: 41600 events read in total (3409ms).
[11:27:40.038]     INFO: Test took 4605ms.
[11:27:40.170]     INFO: Fetched DAQ statistics. Counters are being reset now.
[11:27:40.896]     INFO: Expecting 41600 events.
[11:27:44.837]     INFO: 41600 events read in total (3415ms).
[11:27:44.842]     INFO: Test took 4611ms.
[11:27:44.976]     INFO: Fetched DAQ statistics. Counters are being reset now.
[11:27:45.702]     INFO: Expecting 41600 events.
[11:27:49.644]     INFO: 41600 events read in total (3415ms).
[11:27:49.649]     INFO: Test took 4612ms.
[11:27:49.778]     INFO: Fetched DAQ statistics. Counters are being reset now.
[11:27:50.505]     INFO: Expecting 41600 events.
[11:27:54.457]     INFO: 41600 events read in total (3426ms).
[11:27:54.462]     INFO: Test took 4622ms.
[11:27:54.592]     INFO: Fetched DAQ statistics. Counters are being reset now.
[11:27:55.319]     INFO: Expecting 41600 events.
[11:27:59.280]     INFO: 41600 events read in total (3435ms).
[11:27:59.285]     INFO: Test took 4631ms.
[11:27:59.416]     INFO: Fetched DAQ statistics. Counters are being reset now.
[11:28:00.142]     INFO: Expecting 41600 events.
[11:28:04.095]     INFO: 41600 events read in total (3426ms).
[11:28:04.100]     INFO: Test took 4623ms.
[11:28:04.288]     INFO: Fetched DAQ statistics. Counters are being reset now.
[11:28:05.013]     INFO: Expecting 41600 events.
[11:28:08.964]     INFO: 41600 events read in total (3424ms).
[11:28:08.969]     INFO: Test took 4620ms.
[11:28:09.097]     INFO: Fetched DAQ statistics. Counters are being reset now.
[11:28:09.823]     INFO: Expecting 41600 events.
[11:28:13.772]     INFO: 41600 events read in total (3423ms).
[11:28:13.777]     INFO: Test took 4619ms.
[11:28:13.908]     INFO: Fetched DAQ statistics. Counters are being reset now.
[11:28:14.634]     INFO: Expecting 41600 events.
[11:28:18.568]     INFO: 41600 events read in total (3407ms).
[11:28:18.573]     INFO: Test took 4604ms.
[11:28:18.702]     INFO: Fetched DAQ statistics. Counters are being reset now.
[11:28:19.429]     INFO: Expecting 41600 events.
[11:28:23.381]     INFO: 41600 events read in total (3425ms).
[11:28:23.386]     INFO: Test took 4622ms.
[11:28:23.518]     INFO: Fetched DAQ statistics. Counters are being reset now.
[11:28:24.244]     INFO: Expecting 41600 events.
[11:28:28.188]     INFO: 41600 events read in total (3417ms).
[11:28:28.193]     INFO: Test took 4614ms.
[11:28:28.325]     INFO: Fetched DAQ statistics. Counters are being reset now.
[11:28:29.052]     INFO: Expecting 41600 events.
[11:28:32.994]     INFO: 41600 events read in total (3415ms).
[11:28:33.000]     INFO: Test took 4613ms.
[11:28:33.128]     INFO: Fetched DAQ statistics. Counters are being reset now.
[11:28:33.858]     INFO: Expecting 41600 events.
[11:28:37.800]     INFO: 41600 events read in total (3415ms).
[11:28:37.805]     INFO: Test took 4614ms.
[11:28:37.935]     INFO: Fetched DAQ statistics. Counters are being reset now.
[11:28:38.662]     INFO: Expecting 41600 events.
[11:28:42.414]     INFO: 41600 events read in total (3225ms).
[11:28:42.419]     INFO: Test took 4423ms.
[11:28:42.545]     INFO: Fetched DAQ statistics. Counters are being reset now.
[11:28:50.552]     INFO:    ----------------------------------------------------------------------
[11:28:50.552]     INFO:    PixTestHighRate::xPixelAlive() ntrig = 50, vcal = 200
[11:28:50.552]     INFO:    ----------------------------------------------------------------------
[11:28:51.259]     INFO: Expecting 208000 events.
[11:29:07.308]     INFO: 208000 events read in total (15522ms).
[11:29:07.329]     INFO: Test took 16740ms.
[11:29:08.000]     INFO: Fetched DAQ statistics. Counters are being reset now.
[11:29:08.464]     INFO: number of dead pixels (per ROC):     0    0    0    1    0    0    0    0    0    0    0    0    0    0    0    4
[11:29:08.464]     INFO: number of red-efficiency pixels:   456  257  729 1351 1317  761    7    3    6   13  925 1196 1270  710  424  612
[11:29:08.464]     INFO: number of X-ray hits detected:    241771 169047 266267 407238 414299 251514 8625 4325 5464 9906 292751 393233 406262 268526 180116 258573
[11:29:08.464]     INFO: number of triggers sent (total per ROC):  208000 208000 208000 208000 208000 208000 208000 208000 208000 208000 208000 208000 208000 208000 208000 208000
[11:29:08.464]     INFO: number of Vcal hits detected:  207437 207729 207041 206196 206325 207008 207993 207997 207994 207987 206736 206356 206349 207097 207516 206721
[11:29:08.464]     INFO: Vcal hit fiducial efficiency (%):  99.7 99.9 99.6 99.2 99.3 99.6 100.0 100.0 100.0 100.0 99.4 99.3 99.3 99.6 99.8 99.5
[11:29:08.464]     INFO: Vcal hit overall efficiency (%):  99.7 99.9 99.5 99.1 99.2 99.5 100.0 100.0 100.0 100.0 99.4 99.2 99.2 99.6 99.8 99.4
[11:29:08.464]     INFO: X-ray hit rate [MHz/cm2]:  70.9 49.5 78.0 119.4 121.4 73.7 2.5 1.3 1.6 2.9 85.8 115.3 119.1 78.7 52.8 75.8
[11:29:08.464]     INFO: PixTestHighRate::doXPixelAlive() done
[11:29:08.509]     INFO: PixTest::       pg_setup set to default.
[11:29:18.369]     INFO:    ----------------------------------------------------------------------
[11:29:18.369]     INFO:    PixTestHighRate::runDaq() running for 2 seconds
[11:29:18.369]     INFO:    ----------------------------------------------------------------------
[11:29:19.365]     INFO: PixTestHighRate::doHitMap start TriggerLoop with trigger frequency 20 kHz, period 2011 and duration 2 seconds
[11:29:21.368]     INFO: data taking finished, elapsed time: 2 seconds.
[11:29:23.223]     INFO: PixTest::       pg_setup set to default.
[11:29:23.340]     INFO: Pixels without X-ray hits (per ROC):   171   585   461    47    85   771  2887  3475  3268  2732   389   135    58   441   551   168 
[11:29:23.340]     INFO: PixTestHighRate::doRunDaq() done
[11:29:47.613]    QUIET: Connection to board 58 closed.
