[15:21:21.715]     INFO: *** Welcome to pxar ***
[15:21:21.715]     INFO: *** Today: 2016/01/20
[15:21:21.726]     INFO: *** Version: prod-12
[15:21:21.726]     INFO: readRocDacs: /home/CMS_pixel/Testing/pxar_prod12/data/mg316/dacParameters35_C0.dat .. /home/CMS_pixel/Testing/pxar_prod12/data/mg316/dacParameters35_C15.dat
[15:21:21.727]     INFO: readTbmDacs: /home/CMS_pixel/Testing/pxar_prod12/data/mg316/tbmParameters_C0a.dat .. /home/CMS_pixel/Testing/pxar_prod12/data/mg316/tbmParameters_C0b.dat
[15:21:21.728]     INFO: readMaskFile: /home/CMS_pixel/Testing/pxar_prod12/data/mg316/defaultMaskFile.dat
[15:21:21.728]     INFO: readTrimFile: /home/CMS_pixel/Testing/pxar_prod12/data/mg316/trimParameters35_C0.dat .. /home/CMS_pixel/Testing/pxar_prod12/data/mg316/trimParameters35_C15.dat
[15:21:21.880]     INFO:         clk: 4
[15:21:21.880]     INFO:         ctr: 4
[15:21:21.880]     INFO:         sda: 19
[15:21:21.880]     INFO:         tin: 9
[15:21:21.880]     INFO:         level: 15
[15:21:21.880]     INFO:         triggerdelay: 0
[15:21:21.880]    QUIET: Instanciating API for pxar prod-12
[15:21:21.880]     INFO: Log level: INFO
[15:21:21.892]    QUIET: Connection to board DTB_WRPRHI opened.
[15:21:21.895]     INFO: DTB startup information
--- DTB info------------------------------------------
Board id:    58
HW version:  DTB1.2
FW version:  4.2
SW version:  4.5
USB id:      DTB_WRPRHI
MAC address: 40D85511803A
Hostname:    pixelDTB058
Comment:     
------------------------------------------------------
[15:21:21.898]     INFO: RPC call hashes of host and DTB match: 398089610
[15:21:23.501]     INFO: DUT info: 
[15:21:23.501]     INFO: The DUT currently contains the following objects:
[15:21:23.501]     INFO:  2 TBM Cores tbm08c (2 ON)
[15:21:23.501]     INFO: 	TBM Core alpha (0): 7 registers set
[15:21:23.501]     INFO: 	TBM Core beta  (1): 7 registers set
[15:21:23.501]     INFO: 16 ROCs psi46digv21respin (16 ON) with 4160 pixelConfigs
[15:21:23.501]     INFO: 	ROC 0: 19 DACs set, Pixels: 0 masked, 0 active.
[15:21:23.501]     INFO: 	ROC 1: 19 DACs set, Pixels: 0 masked, 0 active.
[15:21:23.501]     INFO: 	ROC 2: 19 DACs set, Pixels: 0 masked, 0 active.
[15:21:23.501]     INFO: 	ROC 3: 19 DACs set, Pixels: 0 masked, 0 active.
[15:21:23.502]     INFO: 	ROC 4: 19 DACs set, Pixels: 0 masked, 0 active.
[15:21:23.502]     INFO: 	ROC 5: 19 DACs set, Pixels: 0 masked, 0 active.
[15:21:23.502]     INFO: 	ROC 6: 19 DACs set, Pixels: 0 masked, 0 active.
[15:21:23.502]     INFO: 	ROC 7: 19 DACs set, Pixels: 0 masked, 0 active.
[15:21:23.502]     INFO: 	ROC 8: 19 DACs set, Pixels: 0 masked, 0 active.
[15:21:23.502]     INFO: 	ROC 9: 19 DACs set, Pixels: 0 masked, 0 active.
[15:21:23.502]     INFO: 	ROC 10: 19 DACs set, Pixels: 0 masked, 0 active.
[15:21:23.502]     INFO: 	ROC 11: 19 DACs set, Pixels: 0 masked, 0 active.
[15:21:23.502]     INFO: 	ROC 12: 19 DACs set, Pixels: 0 masked, 0 active.
[15:21:23.502]     INFO: 	ROC 13: 19 DACs set, Pixels: 0 masked, 0 active.
[15:21:23.502]     INFO: 	ROC 14: 19 DACs set, Pixels: 0 masked, 0 active.
[15:21:23.502]     INFO: 	ROC 15: 19 DACs set, Pixels: 0 masked, 0 active.
[15:21:24.103]     INFO: PixTestCmd::init()
[15:21:24.111]     INFO: readGainPedestalParameters /home/CMS_pixel/Testing/pxar_prod12/data/mg316/phCalibrationFitErr35_C0.dat .. /home/CMS_pixel/Testing/pxar_prod12/data/mg316/phCalibrationFitErr35_C15.dat
[15:21:24.417]     INFO: readReadbackCal: /home/CMS_pixel/Testing/pxar_prod12/data/mg316/readbackCal_C0.dat .. /home/CMS_pixel/Testing/pxar_prod12/data/mg316/readbackCal_C15.dat
[15:22:11.908]     INFO:    ----------------------------------------------------------------------
[15:22:11.908]     INFO:    PixTestHighRate::calDelScan() ntrig = 10, vcal = 200
[15:22:11.908]     INFO:    ----------------------------------------------------------------------
[15:22:12.048]     INFO: Expecting 768 events.
[15:22:13.186]     INFO: 768 events read in total (419ms).
[15:22:13.375]     INFO: Test took 1461ms.
[15:22:14.050]     INFO: Expecting 41600 events.
[15:22:18.390]     INFO: 41600 events read in total (3813ms).
[15:22:18.397]     INFO: Test took 5016ms.
[15:22:18.660]     INFO: Fetched DAQ statistics. Counters are being reset now.
[15:22:19.412]     INFO: Expecting 41600 events.
[15:22:23.774]     INFO: 41600 events read in total (3836ms).
[15:22:23.781]     INFO: Test took 5034ms.
[15:22:23.987]     INFO: Fetched DAQ statistics. Counters are being reset now.
[15:22:24.742]     INFO: Expecting 41600 events.
[15:22:29.169]     INFO: 41600 events read in total (3900ms).
[15:22:29.177]     INFO: Test took 5100ms.
[15:22:29.383]     INFO: Fetched DAQ statistics. Counters are being reset now.
[15:22:30.139]     INFO: Expecting 41600 events.
[15:22:34.574]     INFO: 41600 events read in total (3908ms).
[15:22:34.581]     INFO: Test took 5107ms.
[15:22:34.788]     INFO: Fetched DAQ statistics. Counters are being reset now.
[15:22:35.545]     INFO: Expecting 41600 events.
[15:22:39.978]     INFO: 41600 events read in total (3907ms).
[15:22:39.985]     INFO: Test took 5106ms.
[15:22:40.190]     INFO: Fetched DAQ statistics. Counters are being reset now.
[15:22:40.948]     INFO: Expecting 41600 events.
[15:22:45.406]     INFO: 41600 events read in total (3931ms).
[15:22:45.413]     INFO: Test took 5129ms.
[15:22:45.621]     INFO: Fetched DAQ statistics. Counters are being reset now.
[15:22:46.379]     INFO: Expecting 41600 events.
[15:22:50.871]     INFO: 41600 events read in total (3965ms).
[15:22:50.879]     INFO: Test took 5166ms.
[15:22:51.090]     INFO: Fetched DAQ statistics. Counters are being reset now.
[15:22:51.849]     INFO: Expecting 41600 events.
[15:22:56.330]     INFO: 41600 events read in total (3954ms).
[15:22:56.338]     INFO: Test took 5156ms.
[15:22:56.552]     INFO: Fetched DAQ statistics. Counters are being reset now.
[15:22:57.310]     INFO: Expecting 41600 events.
[15:23:01.800]     INFO: 41600 events read in total (3964ms).
[15:23:01.807]     INFO: Test took 5163ms.
[15:23:02.014]     INFO: Fetched DAQ statistics. Counters are being reset now.
[15:23:02.773]     INFO: Expecting 41600 events.
[15:23:07.257]     INFO: 41600 events read in total (3958ms).
[15:23:07.264]     INFO: Test took 5157ms.
[15:23:07.472]     INFO: Fetched DAQ statistics. Counters are being reset now.
[15:23:08.228]     INFO: Expecting 41600 events.
[15:23:12.713]     INFO: 41600 events read in total (3958ms).
[15:23:12.720]     INFO: Test took 5157ms.
[15:23:12.928]     INFO: Fetched DAQ statistics. Counters are being reset now.
[15:23:13.685]     INFO: Expecting 41600 events.
[15:23:18.166]     INFO: 41600 events read in total (3954ms).
[15:23:18.173]     INFO: Test took 5153ms.
[15:23:18.383]     INFO: Fetched DAQ statistics. Counters are being reset now.
[15:23:19.141]     INFO: Expecting 41600 events.
[15:23:23.629]     INFO: 41600 events read in total (3962ms).
[15:23:23.636]     INFO: Test took 5162ms.
[15:23:23.840]     INFO: Fetched DAQ statistics. Counters are being reset now.
[15:23:24.598]     INFO: Expecting 41600 events.
[15:23:29.092]     INFO: 41600 events read in total (3968ms).
[15:23:29.099]     INFO: Test took 5166ms.
[15:23:29.306]     INFO: Fetched DAQ statistics. Counters are being reset now.
[15:23:30.063]     INFO: Expecting 41600 events.
[15:23:34.550]     INFO: 41600 events read in total (3960ms).
[15:23:34.557]     INFO: Test took 5160ms.
[15:23:34.762]     INFO: Fetched DAQ statistics. Counters are being reset now.
[15:23:35.518]     INFO: Expecting 41600 events.
[15:23:39.993]     INFO: 41600 events read in total (3948ms).
[15:23:40.000]     INFO: Test took 5147ms.
[15:23:40.207]     INFO: Fetched DAQ statistics. Counters are being reset now.
[15:23:40.963]     INFO: Expecting 41600 events.
[15:23:45.463]     INFO: 41600 events read in total (3974ms).
[15:23:45.470]     INFO: Test took 5172ms.
[15:23:45.676]     INFO: Fetched DAQ statistics. Counters are being reset now.
[15:23:46.432]     INFO: Expecting 41600 events.
[15:23:50.920]     INFO: 41600 events read in total (3961ms).
[15:23:50.927]     INFO: Test took 5159ms.
[15:23:51.130]     INFO: Fetched DAQ statistics. Counters are being reset now.
[15:23:51.887]     INFO: Expecting 41600 events.
[15:23:56.350]     INFO: 41600 events read in total (3937ms).
[15:23:56.357]     INFO: Test took 5135ms.
[15:23:56.561]     INFO: Fetched DAQ statistics. Counters are being reset now.
[15:23:57.317]     INFO: Expecting 41600 events.
[15:24:01.604]     INFO: 41600 events read in total (3760ms).
[15:24:01.611]     INFO: Test took 4959ms.
[15:24:01.815]     INFO: Fetched DAQ statistics. Counters are being reset now.
[15:24:12.612]     INFO:    ----------------------------------------------------------------------
[15:24:12.612]     INFO:    PixTestHighRate::xPixelAlive() ntrig = 50, vcal = 200
[15:24:12.612]     INFO:    ----------------------------------------------------------------------
[15:24:13.322]     INFO: Expecting 208000 events.
[15:24:33.976]     INFO: 208000 events read in total (20128ms).
[15:24:34.005]     INFO: Test took 21353ms.
[15:24:35.269]     INFO: Fetched DAQ statistics. Counters are being reset now.
[15:24:35.879]     INFO: number of dead pixels (per ROC):     0    0    0    1    0    0    0    0    0    0    0    0    0    0    0    7
[15:24:35.879]     INFO: number of red-efficiency pixels:   457  356  769 1536 1502 1625 1655 1424 1575 1864 1755 1502 1445  826  330  539
[15:24:35.879]     INFO: number of X-ray hits detected:    217561 168069 283151 436961 454553 468041 468958 418530 458855 477453 459857 429009 431322 281022 175994 240134
[15:24:35.879]     INFO: number of triggers sent (total per ROC):  208000 208000 208000 208000 208000 208000 208000 208000 208000 208000 208000 208000 208000 208000 208000 208000
[15:24:35.879]     INFO: number of Vcal hits detected:  207501 207563 206940 205896 205969 205747 205664 205914 205824 205234 205488 205876 206028 206927 207625 206814
[15:24:35.879]     INFO: Vcal hit fiducial efficiency (%):  99.8 99.8 99.5 99.1 99.1 99.0 99.0 99.0 99.0 98.8 98.9 99.1 99.1 99.5 99.8 99.6
[15:24:35.879]     INFO: Vcal hit overall efficiency (%):  99.8 99.8 99.5 99.0 99.0 98.9 98.9 99.0 99.0 98.7 98.8 99.0 99.1 99.5 99.8 99.4
[15:24:35.879]     INFO: X-ray hit rate [MHz/cm2]:  63.8 49.3 83.0 128.1 133.2 137.2 137.5 122.7 134.5 139.9 134.8 125.7 126.4 82.4 51.6 70.4
[15:24:35.879]     INFO: PixTestHighRate::doXPixelAlive() done
[15:24:35.923]     INFO: PixTest::       pg_setup set to default.
[15:24:52.194]    QUIET: Connection to board 58 closed.
