[15:32:16.917]     INFO: *** Welcome to pxar ***
[15:32:16.917]     INFO: *** Today: 2016/01/20
[15:32:16.926]     INFO: *** Version: prod-12
[15:32:16.926]     INFO: readRocDacs: /home/CMS_pixel/Testing/pxar_prod12/data/mg316/dacParameters35_C0.dat .. /home/CMS_pixel/Testing/pxar_prod12/data/mg316/dacParameters35_C15.dat
[15:32:16.928]     INFO: readTbmDacs: /home/CMS_pixel/Testing/pxar_prod12/data/mg316/tbmParameters_C0a.dat .. /home/CMS_pixel/Testing/pxar_prod12/data/mg316/tbmParameters_C0b.dat
[15:32:16.928]     INFO: readMaskFile: /home/CMS_pixel/Testing/pxar_prod12/data/mg316/defaultMaskFile.dat
[15:32:16.928]     INFO: readTrimFile: /home/CMS_pixel/Testing/pxar_prod12/data/mg316/trimParameters35_C0.dat .. /home/CMS_pixel/Testing/pxar_prod12/data/mg316/trimParameters35_C15.dat
[15:32:17.079]     INFO:         clk: 4
[15:32:17.079]     INFO:         ctr: 4
[15:32:17.079]     INFO:         sda: 19
[15:32:17.079]     INFO:         tin: 9
[15:32:17.079]     INFO:         level: 15
[15:32:17.079]     INFO:         triggerdelay: 0
[15:32:17.079]    QUIET: Instanciating API for pxar prod-12
[15:32:17.079]     INFO: Log level: INFO
[15:32:17.091]    QUIET: Connection to board DTB_WRPRHI opened.
[15:32:17.094]     INFO: DTB startup information
--- DTB info------------------------------------------
Board id:    58
HW version:  DTB1.2
FW version:  4.2
SW version:  4.5
USB id:      DTB_WRPRHI
MAC address: 40D85511803A
Hostname:    pixelDTB058
Comment:     
------------------------------------------------------
[15:32:17.097]     INFO: RPC call hashes of host and DTB match: 398089610
[15:32:18.701]     INFO: DUT info: 
[15:32:18.701]     INFO: The DUT currently contains the following objects:
[15:32:18.701]     INFO:  2 TBM Cores tbm08c (2 ON)
[15:32:18.701]     INFO: 	TBM Core alpha (0): 7 registers set
[15:32:18.701]     INFO: 	TBM Core beta  (1): 7 registers set
[15:32:18.701]     INFO: 16 ROCs psi46digv21respin (16 ON) with 4160 pixelConfigs
[15:32:18.701]     INFO: 	ROC 0: 19 DACs set, Pixels: 0 masked, 0 active.
[15:32:18.701]     INFO: 	ROC 1: 19 DACs set, Pixels: 0 masked, 0 active.
[15:32:18.701]     INFO: 	ROC 2: 19 DACs set, Pixels: 0 masked, 0 active.
[15:32:18.701]     INFO: 	ROC 3: 19 DACs set, Pixels: 0 masked, 0 active.
[15:32:18.701]     INFO: 	ROC 4: 19 DACs set, Pixels: 0 masked, 0 active.
[15:32:18.701]     INFO: 	ROC 5: 19 DACs set, Pixels: 0 masked, 0 active.
[15:32:18.701]     INFO: 	ROC 6: 19 DACs set, Pixels: 0 masked, 0 active.
[15:32:18.701]     INFO: 	ROC 7: 19 DACs set, Pixels: 0 masked, 0 active.
[15:32:18.701]     INFO: 	ROC 8: 19 DACs set, Pixels: 0 masked, 0 active.
[15:32:18.701]     INFO: 	ROC 9: 19 DACs set, Pixels: 0 masked, 0 active.
[15:32:18.701]     INFO: 	ROC 10: 19 DACs set, Pixels: 0 masked, 0 active.
[15:32:18.701]     INFO: 	ROC 11: 19 DACs set, Pixels: 0 masked, 0 active.
[15:32:18.701]     INFO: 	ROC 12: 19 DACs set, Pixels: 0 masked, 0 active.
[15:32:18.701]     INFO: 	ROC 13: 19 DACs set, Pixels: 0 masked, 0 active.
[15:32:18.701]     INFO: 	ROC 14: 19 DACs set, Pixels: 0 masked, 0 active.
[15:32:18.701]     INFO: 	ROC 15: 19 DACs set, Pixels: 0 masked, 0 active.
[15:32:19.303]     INFO: PixTestCmd::init()
[15:32:19.309]     INFO: readGainPedestalParameters /home/CMS_pixel/Testing/pxar_prod12/data/mg316/phCalibrationFitErr35_C0.dat .. /home/CMS_pixel/Testing/pxar_prod12/data/mg316/phCalibrationFitErr35_C15.dat
[15:32:19.611]     INFO: readReadbackCal: /home/CMS_pixel/Testing/pxar_prod12/data/mg316/readbackCal_C0.dat .. /home/CMS_pixel/Testing/pxar_prod12/data/mg316/readbackCal_C15.dat
[15:32:35.844]     INFO:    ----------------------------------------------------------------------
[15:32:35.844]     INFO:    PixTestHighRate::calDelScan() ntrig = 10, vcal = 200
[15:32:35.844]     INFO:    ----------------------------------------------------------------------
[15:32:35.984]     INFO: Expecting 768 events.
[15:32:37.122]     INFO: 768 events read in total (419ms).
[15:32:37.311]     INFO: Test took 1461ms.
[15:32:37.985]     INFO: Expecting 41600 events.
[15:32:41.435]     INFO: 41600 events read in total (2923ms).
[15:32:41.440]     INFO: Test took 4123ms.
[15:32:41.530]     INFO: Fetched DAQ statistics. Counters are being reset now.
[15:32:42.238]     INFO: Expecting 41600 events.
[15:32:45.776]     INFO: 41600 events read in total (3011ms).
[15:32:45.782]     INFO: Test took 4210ms.
[15:32:45.875]     INFO: Fetched DAQ statistics. Counters are being reset now.
[15:32:46.583]     INFO: Expecting 41600 events.
[15:32:50.153]     INFO: 41600 events read in total (3043ms).
[15:32:50.159]     INFO: Test took 4241ms.
[15:32:50.251]     INFO: Fetched DAQ statistics. Counters are being reset now.
[15:32:50.960]     INFO: Expecting 41600 events.
[15:32:54.523]     INFO: 41600 events read in total (3037ms).
[15:32:54.529]     INFO: Test took 4235ms.
[15:32:54.622]     INFO: Fetched DAQ statistics. Counters are being reset now.
[15:32:55.330]     INFO: Expecting 41600 events.
[15:32:58.910]     INFO: 41600 events read in total (3053ms).
[15:32:58.916]     INFO: Test took 4251ms.
[15:32:59.010]     INFO: Fetched DAQ statistics. Counters are being reset now.
[15:32:59.721]     INFO: Expecting 41600 events.
[15:33:03.296]     INFO: 41600 events read in total (3048ms).
[15:33:03.300]     INFO: Test took 4246ms.
[15:33:03.391]     INFO: Fetched DAQ statistics. Counters are being reset now.
[15:33:04.100]     INFO: Expecting 41600 events.
[15:33:07.680]     INFO: 41600 events read in total (3053ms).
[15:33:07.684]     INFO: Test took 4249ms.
[15:33:07.776]     INFO: Fetched DAQ statistics. Counters are being reset now.
[15:33:08.485]     INFO: Expecting 41600 events.
[15:33:12.075]     INFO: 41600 events read in total (3064ms).
[15:33:12.081]     INFO: Test took 4261ms.
[15:33:12.175]     INFO: Fetched DAQ statistics. Counters are being reset now.
[15:33:12.884]     INFO: Expecting 41600 events.
[15:33:16.477]     INFO: 41600 events read in total (3066ms).
[15:33:16.482]     INFO: Test took 4263ms.
[15:33:16.574]     INFO: Fetched DAQ statistics. Counters are being reset now.
[15:33:17.283]     INFO: Expecting 41600 events.
[15:33:20.884]     INFO: 41600 events read in total (3074ms).
[15:33:20.888]     INFO: Test took 4270ms.
[15:33:20.979]     INFO: Fetched DAQ statistics. Counters are being reset now.
[15:33:21.688]     INFO: Expecting 41600 events.
[15:33:25.269]     INFO: 41600 events read in total (3055ms).
[15:33:25.273]     INFO: Test took 4250ms.
[15:33:25.365]     INFO: Fetched DAQ statistics. Counters are being reset now.
[15:33:26.075]     INFO: Expecting 41600 events.
[15:33:29.671]     INFO: 41600 events read in total (3070ms).
[15:33:29.675]     INFO: Test took 4266ms.
[15:33:29.766]     INFO: Fetched DAQ statistics. Counters are being reset now.
[15:33:30.475]     INFO: Expecting 41600 events.
[15:33:34.069]     INFO: 41600 events read in total (3067ms).
[15:33:34.073]     INFO: Test took 4263ms.
[15:33:34.165]     INFO: Fetched DAQ statistics. Counters are being reset now.
[15:33:34.873]     INFO: Expecting 41600 events.
[15:33:38.460]     INFO: 41600 events read in total (3060ms).
[15:33:38.464]     INFO: Test took 4256ms.
[15:33:38.556]     INFO: Fetched DAQ statistics. Counters are being reset now.
[15:33:39.265]     INFO: Expecting 41600 events.
[15:33:42.851]     INFO: 41600 events read in total (3059ms).
[15:33:42.855]     INFO: Test took 4255ms.
[15:33:42.947]     INFO: Fetched DAQ statistics. Counters are being reset now.
[15:33:43.657]     INFO: Expecting 41600 events.
[15:33:47.247]     INFO: 41600 events read in total (3063ms).
[15:33:47.251]     INFO: Test took 4260ms.
[15:33:47.342]     INFO: Fetched DAQ statistics. Counters are being reset now.
[15:33:48.051]     INFO: Expecting 41600 events.
[15:33:51.637]     INFO: 41600 events read in total (3059ms).
[15:33:51.641]     INFO: Test took 4255ms.
[15:33:51.732]     INFO: Fetched DAQ statistics. Counters are being reset now.
[15:33:52.441]     INFO: Expecting 41600 events.
[15:33:56.010]     INFO: 41600 events read in total (3042ms).
[15:33:56.014]     INFO: Test took 4238ms.
[15:33:56.107]     INFO: Fetched DAQ statistics. Counters are being reset now.
[15:33:56.816]     INFO: Expecting 41600 events.
[15:34:00.387]     INFO: 41600 events read in total (3044ms).
[15:34:00.393]     INFO: Test took 4242ms.
[15:34:00.486]     INFO: Fetched DAQ statistics. Counters are being reset now.
[15:34:01.197]     INFO: Expecting 41600 events.
[15:34:04.598]     INFO: 41600 events read in total (2874ms).
[15:34:04.602]     INFO: Test took 4070ms.
[15:34:04.691]     INFO: Fetched DAQ statistics. Counters are being reset now.
[15:34:09.100]     INFO:    ----------------------------------------------------------------------
[15:34:09.100]     INFO:    PixTestHighRate::xPixelAlive() ntrig = 50, vcal = 200
[15:34:09.100]     INFO:    ----------------------------------------------------------------------
[15:34:09.811]     INFO: Expecting 208000 events.
[15:34:23.663]     INFO: 208000 events read in total (13326ms).
[15:34:23.677]     INFO: Test took 14536ms.
[15:34:24.158]     INFO: Fetched DAQ statistics. Counters are being reset now.
[15:34:24.542]     INFO: number of dead pixels (per ROC):     0    0    0    1    0    0    0    0    0    0    0    0    0    0    0    8
[15:34:24.542]     INFO: number of red-efficiency pixels:   130   81  194  285  301  329  253  320  319  349  277  289  271  198   95  125
[15:34:24.542]     INFO: number of X-ray hits detected:    84919 65231 110669 171949 178591 183460 184320 163759 180939 186344 180118 167262 168541 110359 68404 98913
[15:34:24.542]     INFO: number of triggers sent (total per ROC):  208000 208000 208000 208000 208000 208000 208000 208000 208000 208000 208000 208000 208000 208000 208000 208000
[15:34:24.542]     INFO: number of Vcal hits detected:  207870 207919 207801 207659 207678 207627 207735 207669 207656 207615 207709 207697 207709 207794 207903 207254
[15:34:24.542]     INFO: Vcal hit fiducial efficiency (%):  99.9 100.0 99.9 99.9 99.9 99.8 99.9 99.8 99.8 99.8 99.9 99.9 99.9 99.9 100.0 99.9
[15:34:24.542]     INFO: Vcal hit overall efficiency (%):  99.9 100.0 99.9 99.8 99.8 99.8 99.9 99.8 99.8 99.8 99.9 99.9 99.9 99.9 100.0 99.6
[15:34:24.542]     INFO: X-ray hit rate [MHz/cm2]:  24.9 19.1 32.4 50.4 52.3 53.8 54.0 48.0 53.0 54.6 52.8 49.0 49.4 32.3 20.0 29.0
[15:34:24.542]     INFO: PixTestHighRate::doXPixelAlive() done
[15:34:24.588]     INFO: PixTest::       pg_setup set to default.
[15:35:00.659]    QUIET: Connection to board 58 closed.
