High Rate Efficency Log File Module: mg316

Double Column's with Efficency < 90 % 
Eff at 120MHz/cm^2 : ROC : 0 Eff: 0.990221 +/- 0.00291023
Eff at 120MHz/cm^2 : ROC : 1 Eff: 0.993874 +/- 0.00176811
Eff at 120MHz/cm^2 : ROC : 2 Eff: 0.993877 +/- 0.000537221
Eff at 120MHz/cm^2 : ROC : 3 Eff: 0.993369 +/- 0.000386802
Eff at 120MHz/cm^2 : ROC : 4 Eff: 0.993608 +/- 0.000361368
Eff at 120MHz/cm^2 : ROC : 5 Eff: 0.993586 +/- 0.000472263
Eff at 120MHz/cm^2 : ROC : 6 Eff: 0.99136 +/- 0
Eff at 120MHz/cm^2 : ROC : 7 Eff: 0.99136 +/- 0
Eff at 120MHz/cm^2 : ROC : 8 Eff: 0.99136 +/- 0
Eff at 120MHz/cm^2 : ROC : 9 Eff: 0.99136 +/- 0
Eff at 120MHz/cm^2 : ROC : 10 Eff: 0.99358 +/- 0.000417877
Eff at 120MHz/cm^2 : ROC : 11 Eff: 0.993391 +/- 0.000406635
Eff at 120MHz/cm^2 : ROC : 12 Eff: 0.993542 +/- 0.000376796
Eff at 120MHz/cm^2 : ROC : 13 Eff: 0.993527 +/- 0.000496408
Eff at 120MHz/cm^2 : ROC : 14 Eff: 0.980756 +/- 0.00748587
Eff at 120MHz/cm^2 : ROC : 15 Eff: 0.970797 +/- 0.0155591
High Rate Run: hr
Efficency at 120MHz/cm^2 : mg316 Eff: 0.993493 +/- 0.000142148
